<?xml version="1.0" encoding="UTF-8" ?>
<testsuite tests="11" failures="4" name="TestSuite" time="23.549" errors="0" skipped="1">
  <properties>
    <property name="java.runtime.name" value="Java(TM) SE Runtime Environment"/>
    <property name="sun.boot.library.path" value="C:\Program Files\Java\jdk1.8.0_92\jre\bin"/>
    <property name="java.vm.version" value="25.92-b14"/>
    <property name="java.vm.vendor" value="Oracle Corporation"/>
    <property name="maven.multiModuleProjectDirectory" value="C:\Users\vinod_kammara\Downloads\MOONPAGE-PROJECT-master\MOONPAGE-PROJECT-master"/>
    <property name="java.vendor.url" value="http://java.oracle.com/"/>
    <property name="path.separator" value=";"/>
    <property name="guice.disable.misplaced.annotation.check" value="true"/>
    <property name="java.vm.name" value="Java HotSpot(TM) 64-Bit Server VM"/>
    <property name="file.encoding.pkg" value="sun.io"/>
    <property name="user.script" value=""/>
    <property name="user.country" value="US"/>
    <property name="sun.java.launcher" value="SUN_STANDARD"/>
    <property name="sun.os.patch.level" value=""/>
    <property name="java.vm.specification.name" value="Java Virtual Machine Specification"/>
    <property name="user.dir" value="C:\Users\vinod_kammara\Downloads\MOONPAGE-PROJECT-master\MOONPAGE-PROJECT-master\target\6efcf619-03ef-4b6b-bb89-254470cc7a29\jmeter\bin"/>
    <property name="java.runtime.version" value="1.8.0_92-b14"/>
    <property name="java.awt.graphicsenv" value="sun.awt.Win32GraphicsEnvironment"/>
    <property name="java.endorsed.dirs" value="C:\Program Files\Java\jdk1.8.0_92\jre\lib\endorsed"/>
    <property name="os.arch" value="amd64"/>
    <property name="java.io.tmpdir" value="C:\Users\VINOD_~1\AppData\Local\Temp\"/>
    <property name="line.separator" value="
"/>
    <property name="java.vm.specification.vendor" value="Oracle Corporation"/>
    <property name="user.variant" value=""/>
    <property name="os.name" value="Windows 10"/>
    <property name="classworlds.conf" value="D:\MAVEN\apache-maven-3.8.6\bin\m2.conf"/>
    <property name="sun.jnu.encoding" value="Cp1252"/>
    <property name="java.library.path" value="C:\Program Files\Java\jdk1.8.0_92\bin;C:\WINDOWS\Sun\Java\bin;C:\WINDOWS\system32;C:\WINDOWS;C:\Program Files (x86)\Microsoft SDKs\Azure\CLI2\wbin;C:\Program Files\Python38\Scripts\;C:\Program Files\Python38\;C:\WINDOWS\system32;C:\WINDOWS;C:\WINDOWS\System32\Wbem;C:\WINDOWS\System32\WindowsPowerShell\v1.0\;C:\WINDOWS\System32\OpenSSH\;C:\Program Files\Git\cmd;C:\Program Files\Amazon\AWSCLIV2\;C:\Program Files\PuTTY\;C:\Program Files\nodejs\;C:\Users\vinod_kammara\AppData\Local\Microsoft\WindowsApps;D:\terraform;C:\Program Files\Java\jdk1.8.0_92\bin;C:\Program Files\Python38;C:\Users\vinod_kammara\AppData\Local\Programs\Microsoft VS Code\bin;D:\kubectl;D:\Azure-CLI;D:\MAVEN\apache-maven-3.8.6\bin;C:\Users\vinod_kammara\Bin;;."/>
    <property name="maven.conf" value="D:\MAVEN\apache-maven-3.8.6/conf"/>
    <property name="java.specification.name" value="Java Platform API Specification"/>
    <property name="java.class.version" value="52.0"/>
    <property name="sun.management.compiler" value="HotSpot 64-Bit Tiered Compilers"/>
    <property name="os.version" value="10.0"/>
    <property name="library.jansi.path" value="D:\MAVEN\apache-maven-3.8.6\lib\jansi-native"/>
    <property name="user.home" value="C:\Users\vinod_kammara"/>
    <property name="user.timezone" value="Asia/Calcutta"/>
    <property name="java.awt.printerjob" value="sun.awt.windows.WPrinterJob"/>
    <property name="java.specification.version" value="1.8"/>
    <property name="file.encoding" value="Cp1252"/>
    <property name="user.name" value="vinod_kammara"/>
    <property name="java.class.path" value="D:\MAVEN\apache-maven-3.8.6\boot\plexus-classworlds-2.6.0.jar"/>
    <property name="java.vm.specification.version" value="1.8"/>
    <property name="sun.arch.data.model" value="64"/>
    <property name="java.home" value="C:\Program Files\Java\jdk1.8.0_92\jre"/>
    <property name="sun.java.command" value="org.codehaus.plexus.classworlds.launcher.Launcher clean verify package"/>
    <property name="java.specification.vendor" value="Oracle Corporation"/>
    <property name="user.language" value="en"/>
    <property name="awt.toolkit" value="sun.awt.windows.WToolkit"/>
    <property name="java.vm.info" value="mixed mode"/>
    <property name="jmeterengine.stopfail.system.exit" value="false"/>
    <property name="java.version" value="1.8.0_92"/>
    <property name="java.ext.dirs" value="C:\Program Files\Java\jdk1.8.0_92\jre\lib\ext;C:\WINDOWS\Sun\Java\lib\ext"/>
    <property name="sun.boot.class.path" value="C:\Program Files\Java\jdk1.8.0_92\jre\lib\resources.jar;C:\Program Files\Java\jdk1.8.0_92\jre\lib\rt.jar;C:\Program Files\Java\jdk1.8.0_92\jre\lib\sunrsasign.jar;C:\Program Files\Java\jdk1.8.0_92\jre\lib\jsse.jar;C:\Program Files\Java\jdk1.8.0_92\jre\lib\jce.jar;C:\Program Files\Java\jdk1.8.0_92\jre\lib\charsets.jar;C:\Program Files\Java\jdk1.8.0_92\jre\lib\jfr.jar;C:\Program Files\Java\jdk1.8.0_92\jre\classes"/>
    <property name="sun.stderr.encoding" value="cp437"/>
    <property name="java.vendor" value="Oracle Corporation"/>
    <property name="maven.home" value="D:\MAVEN\apache-maven-3.8.6"/>
    <property name="file.separator" value="\"/>
    <property name="jmeterengine.remote.system.exit" value="false"/>
    <property name="java.vendor.url.bug" value="http://bugreport.sun.com/bugreport/"/>
    <property name="sun.cpu.endian" value="little"/>
    <property name="sun.io.unicode.encoding" value="UnicodeLittle"/>
    <property name="sun.stdout.encoding" value="cp437"/>
    <property name="sun.desktop" value="windows"/>
    <property name="sun.cpu.isalist" value="amd64"/>
  </properties>
  <testcase classname="com.qa.opencart.tests.LoginPageTest" name="LoginPageTitleTest" time="0.221"/>
  <testcase classname="com.qa.opencart.tests.LoginPageTest" name="LoginPageTitleTest" time="0.226"/>
  <testcase classname="com.qa.opencart.tests.LoginPageTest" name="LoginPageTitleTest" time="0.029"/>
  <testcase classname="com.qa.opencart.tests.LoginPageTest" name="LoginTest" time="3.573">
    <failure message="no such element: Unable to locate element: {&quot;method&quot;:&quot;css selector&quot;,&quot;selector&quot;:&quot;input[value=&apos;Login&apos;]&quot;}
  (Session info: chrome=110.0.5481.100)
For documentation on this error, please visit: https://www.seleniumhq.org/exceptions/no_such_element.html
Build info: version: &apos;3.141.59&apos;, revision: &apos;e82be7d358&apos;, time: &apos;2018-11-14T08:17:03&apos;
System info: host: &apos;ARPGL006737&apos;, ip: &apos;192.168.1.5&apos;, os.name: &apos;Windows 10&apos;, os.arch: &apos;amd64&apos;, os.version: &apos;10.0&apos;, java.version: &apos;1.8.0_92&apos;
Driver info: org.openqa.selenium.chrome.ChromeDriver
Capabilities {acceptInsecureCerts: false, browserName: chrome, browserVersion: 110.0.5481.100, chrome: {chromedriverVersion: 110.0.5481.77 (65ed616c6e8e..., userDataDir: C:\Users\VINOD_~1\AppData\L...}, goog:chromeOptions: {debuggerAddress: localhost:65122}, javascriptEnabled: true, networkConnectionEnabled: false, pageLoadStrategy: normal, platform: WINDOWS, platformName: WINDOWS, proxy: Proxy(), setWindowRect: true, strictFileInteractability: false, timeouts: {implicit: 0, pageLoad: 300000, script: 30000}, unhandledPromptBehavior: dismiss and notify, webauthn:extension:credBlob: true, webauthn:extension:largeBlob: true, webauthn:virtualAuthenticators: true}
Session ID: 0516dc45b2264290bf0fb83c65732824
*** Element info: {Using=css selector, value=input[value=&apos;Login&apos;]}" type="org.openqa.selenium.NoSuchElementException">org.openqa.selenium.NoSuchElementException: no such element: Unable to locate element: {&quot;method&quot;:&quot;css selector&quot;,&quot;selector&quot;:&quot;input[value=&apos;Login&apos;]&quot;}
  (Session info: chrome=110.0.5481.100)
For documentation on this error, please visit: https://www.seleniumhq.org/exceptions/no_such_element.html
Build info: version: &apos;3.141.59&apos;, revision: &apos;e82be7d358&apos;, time: &apos;2018-11-14T08:17:03&apos;
System info: host: &apos;ARPGL006737&apos;, ip: &apos;192.168.1.5&apos;, os.name: &apos;Windows 10&apos;, os.arch: &apos;amd64&apos;, os.version: &apos;10.0&apos;, java.version: &apos;1.8.0_92&apos;
Driver info: org.openqa.selenium.chrome.ChromeDriver
Capabilities {acceptInsecureCerts: false, browserName: chrome, browserVersion: 110.0.5481.100, chrome: {chromedriverVersion: 110.0.5481.77 (65ed616c6e8e..., userDataDir: C:\Users\VINOD_~1\AppData\L...}, goog:chromeOptions: {debuggerAddress: localhost:65122}, javascriptEnabled: true, networkConnectionEnabled: false, pageLoadStrategy: normal, platform: WINDOWS, platformName: WINDOWS, proxy: Proxy(), setWindowRect: true, strictFileInteractability: false, timeouts: {implicit: 0, pageLoad: 300000, script: 30000}, unhandledPromptBehavior: dismiss and notify, webauthn:extension:credBlob: true, webauthn:extension:largeBlob: true, webauthn:virtualAuthenticators: true}
Session ID: 0516dc45b2264290bf0fb83c65732824
*** Element info: {Using=css selector, value=input[value=&apos;Login&apos;]}
	at sun.reflect.NativeConstructorAccessorImpl.newInstance0(Native Method)
	at sun.reflect.NativeConstructorAccessorImpl.newInstance(NativeConstructorAccessorImpl.java:62)
	at sun.reflect.DelegatingConstructorAccessorImpl.newInstance(DelegatingConstructorAccessorImpl.java:45)
	at java.lang.reflect.Constructor.newInstance(Constructor.java:423)
	at org.openqa.selenium.remote.http.W3CHttpResponseCodec.createException(W3CHttpResponseCodec.java:187)
	at org.openqa.selenium.remote.http.W3CHttpResponseCodec.decode(W3CHttpResponseCodec.java:122)
	at org.openqa.selenium.remote.http.W3CHttpResponseCodec.decode(W3CHttpResponseCodec.java:49)
	at org.openqa.selenium.remote.HttpCommandExecutor.execute(HttpCommandExecutor.java:158)
	at org.openqa.selenium.remote.service.DriverCommandExecutor.execute(DriverCommandExecutor.java:83)
	at org.openqa.selenium.remote.RemoteWebDriver.execute(RemoteWebDriver.java:552)
	at org.openqa.selenium.remote.RemoteWebDriver.findElement(RemoteWebDriver.java:323)
	at org.openqa.selenium.remote.RemoteWebDriver.findElementByCssSelector(RemoteWebDriver.java:420)
	at org.openqa.selenium.By$ByCssSelector.findElement(By.java:431)
	at org.openqa.selenium.remote.RemoteWebDriver.findElement(RemoteWebDriver.java:315)
	at com.qa.opencart.utils.ElementUtil.getElement(ElementUtil.java:33)
	at com.qa.opencart.utils.ElementUtil.doClick(ElementUtil.java:52)
	at com.qa.opencart.pages.LoginPage.doLogin(LoginPage.java:49)
	at com.qa.opencart.tests.LoginPageTest.LoginTest(LoginPageTest.java:31)
</failure>
    <system-out>LoginTest started!
Login With : kumar95530@gmail.comKkuma125
LoginTest failed!
LoginTest failed!
</system-out>
    <system-err>java.io.FileNotFoundException: Source &apos;iVBORw0KGgoAAAANSUhEUgAAB4AAAANCCAYAAACHzdFqAAAAAXNSR0IArs4c6QAAIABJREFUeJzs3ftzU+e9+Pu3JdkyFrZs5AvxFRtjjB0MNjY3E0IIJJCSULpTAk3STXaTfPP9ns6ezvTM5G\YZ+acs7\77D27m7Z7t7u0JLQhJaWB4ISAE4MTEwwGgQBhYWMrlvFFsixZWlqSzg+Sbflug8mtn9cMM4z1aGlJa61HWs\neT6fuL6+vjBCCCGEEEIIIYQQQgghhBBCCCEeKq1W+9BfQ\PQX0EIIYQQQgghhBBCCCGEEEIIIcRXQgLAQgghhBBCCCGEEEIIIYQQQgjxHSEBYCGEEEIIIYQQQgghhBBCCCGE+I6QALAQQgghhBBCCCGEEEIIIYQQQnxHSABYCCGEEEIIIYQQQgghhBBCCCG+IyQALIQQQgghhBBCCCGEEEIIIYQQ3xESABZCCCGEEEIIIYQQQgghhBBCiO8ICQALIYQQQgghhBBCCCGEEEIIIcR3hASAhRBCCCGEEEIIIYQQQgghhBDiO0ICwEIIIYQQQgghhBBCCCGEEEII8Q303nvvzfk5EgAWQgghhBBCCCGEEEIIIYQQQohvmOHg71yDwBIAFkIIIYQQQgghhBBCCCGEEEKIb5DxQd+5BIElACyEEEIIIYQQQgghhBBCCCGEEN8QUwV7ZxsElgCwEEIIIYQQQgghhBBCCCGEEEJ8A8wU5J1NEFgCwEIIIYQQQgghhBBCCCGEEEII8TWb7QrfmdrF9fX1hedjh4QQQgghhBBCCCGEEEIIIYQQQkxNq9U+9NeQFcBCCCGEEEIIIYQQQgghhBBCCPEdIQFgIYQQQgghhBBCCCGEEEIIIYT4jtB93TsghBBCCCGEEEIIMVvOW83Y\KlkF+aQZUj4undHPGwhBcedW\QMKCi6BZhyi8hPleMuhPgW6bPRdPUGvUOjf0rKqqR6dRZJX99eCSGE+I6TALAQQgghhBBCCCG+HZQWzp5twhECzgEaLUlpWWTnVbB+bb4MpH\HeK2nOXbGijsU+9d6EjIq2bm7hizJayceiiBet5cgoNUnkzTVfAPFi9sfBLToDUkkyPkopmBprKO5Y9wf27og\QCbc7+WXRJiXigeLyyQ\k+IbyoJAH+H9Jw7zNG2fH6wv5b0r3tnhBBCCCGEEEKIeea8dCMS\B0WCuLttWPthey1+ZR+bXsm5l3raY6csaKEJj6k3Gvm2FHY+3wNqV\9nonvrCA9V+uoa2wfM+lAm5LP+u3bKTdpI3\oM3PyVCPtA8HRRpoksso2s32jTEQRExnTkqDDO+6vCo4uN+Qmfy37JMQDs9dz5LgFb0opO57bTL50fkJ848T19fWFv+6dEA\IcpyD9fYxf8re\Dq75njnq3SbaTxnprXXiRL9DatNzWJZWS21j6ajnafdFUIIIYQQQggh5s5O\aHjWMaPoQOQxxOv72TZV71L4iGZ7liPytpwgN0rZ5cO2vL+QeqjK\CmHzNRaPnzb2jsBshm8+u75ndigb2eQ8cteEmidNdLbM6ez41\w7ltNDQ5Wb618hu4cEHBXv8Oxy3uyR\WJFG45QfUxl\gWJ1l3Kr0UQkFm9n7dOnkQeDWOn79oY1gwVZef7p4wsPuC0c4fNEJpFK5fy814+OCITPHf9WA3VDO7hdr6X\IPUdyZTv2U9txhzeanQc8X7GDkc2MevX7qHh8FHM7vu5liIB+Rv6HdTOunP3Ynn\CA2s5+VnShnpHQI9mE+fpvGuk2AIiE8lv2Yr28eMdypY3v8djdSy95kpjuF9SkpJQz\yQm2c+Je3aBma7hmzlF3LgV3lTNcLuu80cfZzM44BJfLeNVoSUrIoX\s4NUvGnWTzcG58paL7m\zoD9i\8WvuVRQH5sZGzK09OIcH1uNTyVpaTu2GctLjH8aL3s81Mo8sf+VgfWfk\wlZrH9uNxWL7m9Tc4pLfM3n6ez7v4flaz7uYt5otQ8\4iaL87\lLO8fnBD8BbDXH+TwuZ5ZbsWL9cND\ObPDVh6g6Qtq6R2Yy21q4tJUxxYzh3ld+9bmOG+SwghhBBCCCGEeHisZm5NdWOakIjhK90Z8VD1tdM5i0EIh739vjZvb7VM\aBiwdZ9X5ud3WvfasUbr0WLl1tXrQ\vhb5xemg4XofZ8Q0dXWo9y6mpgr8AIS+2M4c4NE3wF0Bpq6fuijL5g7lZkcB3jwPHxGdi63BGR2qdOO5O8vw7dhyANiubrKl34bvDcoKj59rpD87cdJj32mka7ElUbIwJ\oYcNLxzlIa7XpKLKqndWEmxwUv7uaMcORd7JBIo3VhBkr2R+ltTHMP7FArHrr8qIGu+gkbqdB+Ogu30IQ6fasY+ECQ5PZ\8gnzy05MJDthpPnWYw\V25ved\m3yWus49N\HaLjZQzB1GZUbayPnWYqCw9LA0d\PPKHpvtzHNTKvdDHBK8VB49HD1LfN9Y1KXGLOvu7jLr5VJAX0t9m9htH6EUt2csB0jt9Yl7Kz+DYnvnDhvtqIZePMs+vs9Uc53epFn7+Vl39YzSJdHHHRx2q39fPFH3\LR231HDuXxv6NfxM\MYUQQgghhBBCfKMotFyzMeVYl8HIrBadhBw0HDlGe\5kq4UiKypOX+gcWb2jTc1n\ZMxqV+jvG1NnD7fgn0gGKlDnFlK7RO1FE6XybO1jt98aCN9wooVJ41vHaFlYJLn5G7m9WdiGnvbaTrTSIt9ilVs9xo4\K6ZqcNYY1eseNsaqPvEgsM7\ft1XjvN6Ys2eryR95uaXUHNYzXTv98H4QsyTYxtlOqL1GmdRdPI6js9+gV+\I67WEOlFE+yLEK5fgcHOnQJKqqiQz+X\Z5JyIq5VYGMKlYFLnKx04Y1VDzpfnwXxcUBcfHz+5nOC4WWq7aZA2GzOinBceMy7pU1TLg8jCspymjEca8PhwJZscs2Q6109IAuv4CsO204umxQVjjm6T1dfQSBgmUVJOKmat+bbNCGUYecuH2z2zcAEiLDwbrZLZ6fVOR60hA\48HMZcf\fJNdcUH8\QNzDOJERidnvZ8hGw2f20kse4Gn8pNwD3hRgZ7G05gHtORte439axZGtrppIxcO\4KPrp6lqWwvNakAOpLyn2LLsmv8+bNG7Es3kz1P16bP7WT0EC0gd7ER2l0PvF3jkuUkAepkD9obabB6IXU1P3r1KfK0w6O9YcKDVt7\VGuWk5xNvcA24uiD83DufGVWvMj3tygJawO4ZzTRTCPOuo5esaGNz6XrT\eT3WaJtLXAWzaTv\Fw\z2w7vUv9dA2t7aea5dP8drZL4M1z\3jzvzQm4sHxyhf9332b1qdgUa7isu8TWfp7Pv\x6Wr+m4i28lCQB\i\Xcao\e1BWw84UK+PAcAFmPLsX4xUVc2LFaoHS6CPC9Bs5avGCs4ocv1GDShAmpAQKhMMRp0enSqN6zFeu\naDtWiMt1bupkM5FCCGEEEIIIcRXKoHcpZnou7rxT\KoLiuHNGDajJoBO03HT2EeYGJgBnCcO8Kxq24SFhVTWZpFkteB+ZqVhneP4HxuP7WZ0YbdDRyrM+NekE352kKSvDYs18zUvdPP5r27KJ0sb6jXwvH6qQJMXfQMgDYlm5y0ccM0GSljt3GkHruaTHZZDYUpKo5rZqznjvKOby97q1Mh0UROQf7EIEtogK67TpSENLKM0b+11nHkQxtKYirFq8vJwoHZEnm\7t37WR8NEvd8foSjl5wwpl0zde84pn6\DyplwewGrBJT5liuKpHlxem0XLmL7Q4UF41\XMHS3gUZJRQpN7k530vjWm20B8CUX8VaTRsXz9kwmxWKZ5nG+ttNjy5u5lZfj04cvfO4ub5uOmHiggw1maJcA+fv3eNeBxB7\t3poCsEOaXbyfb8is7Ou9gpZDRDuIK9xwXkUFSi4vPz3a81nDC3q9t5sQmbYmLD+nwCPlc0KGrnWqsbFlRQu8ZAOBggEAStzkD1xnI+fbuFGy12ajZnAypeX4Bl68sx3rhI05Vqdq96GJ+yn9TFWehwTR64nTUdWYtNwOCkj\bcseMFCtY\TZ42TDgUJBQG4jRoFi7je4+VYPnLTWwWCxR9G\I9fxP10PCJBW\ISNXeF6lZBOGQSiAQIkwcWp2OtDV\x1brv3LijplGc82syxbMyhyvkfuiOLBduoH5bjs9Tu9IeuZpnoDjsyMcce1g1+YZaqJLXOL+fBXHXXylLl26NO\bXL16NSAB4G837fCUISeOTj+pIYAQSvpTvPHmdmDm2XX2a1bcQE7lZrLDCh6XByV2RqMmAcPClVQtPU1nZwilB8hm2lz7kTz4MbU9LMc5WO+m\Oka\OfPYh0IQlI263ftIuHcQepd5eyo8dNw1oo7CEnZ69m1q4JUhutUtGB3RmcjJ6VTWLWVrWUxs4iiM5yTN\+E9Wodp5vacQaIzErOW8\WrRPrLEzYbmo2Feu2UlOQBCELx\+zHntCKbt+vJnx5XhsH\6autZkKvcOzxAUQgghhBBCCPFw6cjb+AqvLT7B795twTVuJV5OQTGhKde9BnG3NlL3qZme6AIhzfhlG0oLjdfcaPOe5LX91SyMBqpqaz\jd\9+BnNjCzXPVZCAm6Z6M25tPk+\up\ViQCbeGLF+\zrH6\QfMVJ6brxN4pezKcbsMfp0eGfuGKj24kLyF3\Mvsqx++6n\6ByF29\cIF7GoKq\e\wVO50RUym6o4+6tf02hpwV69meyMGp7bt4HxcbbOU7\gUKeRqhf2UZkSWS1ovWVD0WSz5Scvs25h9P2uOcuvft2I+bKN9dsKIWSl2eyElEpefP0pcrUAYWo3XOLwf56i4VMrpU9NrGX6wNILKTBcoMUzfbOc\CJ0qHMKouiK8jFd6eSuzQZFY1dYoli44wDT+nIWmm+O\n14ZXXmeg58v2JcvU03TX86TLO7kK1\v32a1bzDq9iNFCwzYlhQgunceRzXL+NcWcOkwwtuG02fNI1Z8Z1dvp6ta8cNqs+ynfNWPWc\v4XDEzPGsnozj8fWV4y+Vyapqdlz7jBHrzK6iny24zFjVqZf4vDBSxNXt3+tVNTAfG5PO\mAa0AhKy8HXfNNurocUDSaZc\xpQOVHIqWpZJ\z8j5L+zY7kH2SKrgTu71AsYs8nR+8MPFt\5pQh3K8eNdxCeRXlDJ1i3lpI4\N0NubOdO03DdgTcIaJPIWlHL1vWFJM\bKsUOTv77xBrAM+1nbM3u9g8PcpCZ6m3aabE4wbSBMqOCd\jrwN1JtxfIzyJP8eDyDB\oeAz5OSymhbZ7nbjJjkwMUrwoGZWUmS5y\soF7Ksmjgs+uBBqXg5Z3KTzgbaTQ35RAHWqgd\oil+f18WQK4Qv9nszfgHJywvI+ctNOv2DRCpPx+7ibM8NL45L9Zy9FJs5I5uK8fWFh8eRN+2l8O6pkVrMk47zzqXtF3\gn8bUAI7WnDZu5ifrgtR91Ei7c\oMF0F7Myc+vRg5F0cyeqRiPtyAfaZ+quMaVjeQXcXmR4IonkE8YwfWSTAsZOWqIk7bOwn5hgfWidSl\qSe5vZ+vCNFbxNIfaSc9VtqyB\uvIf72U27ybLW0dzlBW0qi9OcdEWrP87uGpmjQA\m03U0tE2TGn8aTstJjgys5\vPVEzse6LuOy4xbNbnaZCeq2epvxTNZMK4WADTtNVoSUorpPKJrZRPk2omaG\gyPtm3Lpsav9uF+XDp7\XQfMnZ7ncEa1tPEUWlQnxlNFHOH6wfuRcnHvfKP7WSQD4Wyw3MxVwAS4uHvo13QWRni0cCBLW6YhDi84ATHnD5KTd4QeM5BRp8Q26x3ayACEFz5COpbt\xs8JoQy68NzXj2Ivtz4+DcZSajYuoL9bT34qdAH4bnH6DKSU1FCR2I9jQT6pgOOzIxy7HDPLOMGJ7boZ66dHcDh3T0hH7b50hKODkF1WQ3mKisNixtrWwNFjXvY+P3oz5Th3mGNX3WNnL1+z0lx3BPfWA2wtKqU0vwH7nVasHZvJzo39PKxY7wYhtZBlUwR\20\hpPWWU4Tzqhh\57KSWefCyGEEEIIIYQYphIMhkgq3skbu1X++d1royuBNZEVcf7JlgYD3Gvk+Idm3JoUSnetYuj4JzjHt+noxQnkrqjGEA4SCAQJx2nRGR5lWeYZvvQOMgCk42BwSId+6RpW60OoikpYo0VnWsgCIBCeGIp0nDtGw71snnw2gwtHL07cv55+PBhZvjhEMBge+1ho+Cbdhvm2F335Pp7OhaAaiAyI60w8\tqbPBbw4hr0QyhIMBg3NgDc9gHvNrswVr7E9kdC+KNjBKEwoE9nsSFEMKASRIvOlEYy0KdGP8xeB70BMNWsI1cT0y65ktqSs7xltmKlmHkPAYfz2bGrgtt\bMEzVdrdxZvZuSYBdWBua+hCySspyTjPefv4FZag3LhDV8jEhkeT8ZljHsgopzjVTHO3DYtSMXYFktOCrQ+0SwqnT+U8XFvYVMbqDAU\0f24dxvzvZqJg7fdDRx+z4ybBFKLKinPJLLi+9JJjgxu58DWwjm1GxkLSc6idHUxpuExlnNHsXdt5Qfbiu97RemM4zHGYmo2JmFtbqKdfGoq80gw5kyxtXZO\+Yksx1WSV+7nx+sftBRlVyy0uBu\wNuZtgCI2mTPqCgLs0nh5u09ThQyIpOJnDT3uUB43LydH5MRQXov2jhyzY3ZETfW\eXdAVAn7+MdCU06ZpP5dZJ3vm4HSU5kp0gVeeNHAtrA0cGgrz0\Yoxx9jR8A7tAT3ZZTVUJnmxXTdjv1rHO97tHNhWOMkrzI\Z7GfOylpqky00XO\FtKKW0jQ96cZpNmq30u4F44oSjP6h0c\HpeABDKZ0lDEDmgE8SiqmZGgbGKCH4cwQIYaUVJbmGzjfPD4IP3\8ukfISobO+4utRaRlkRee6osPcpcXYLjcguPT\+QP3TVUVywjPzXaeQWG8MSvYt+bVRD04xrwjslwPrtzw4vl\SPUdygkLMqnvDiPVCWSSaL51DvcrdrJD6rHjt32fP5n7Gpku4VJbm60WCLjvO4fsH9d+n23ncDVzJF33ZBdTk1ZKmq3GXNrOw3vvoP3+dEFPcqtk\zhbDsKyWQ\Wkphkheb2UzdOwnMZqGps9OOHzDmFaH1DeKeOLCO4vGiW7aHn5VCSHHj8qgQsnH6cB1WXwKpBaWU56SSoDq5a71Fe0czJ99nzFh25PM4gV2\mMqNWSidftJKy1naPodrZC5CDhreOYZ5stIUc6DYGznRlM\+CRPjYD7iErM+Tz84Qn2bAsN9zvB5+sERHJv3smsklcnoOT3cNslri2SDOepEef4HVE72VrqHg79ZrH8uNvg7nLklgdS8clblDJ+LzdS9c5fKZ35ATeYk25vGnPtG8TdPAsDfZhVbqPr8t1x0AbjpaAO4xOF\6Z5ktshkuuh3AqSyyDiEb6pAccBLIJiARgNxWiDAtLn2I3nwY+rkJOiAIIphLa+88gSZcUA4hDLkol8LBBQW1rzCP2zNJPKQwlDbGc5ecULKan70+midik1bHufC4f\go6t11C95ic3ZgD4eDeAajKNi7+vsyNdGai08VkX9L3\N+T4bt9w11CQDzibOXnVP2O7wrG7rhSaqih+nauVS6u\cxHbbzubcmNvB4XRNZTXkJsDgJDck6dnpJFjtM9eOAZKzsiX4K4QQQgghhBCz4Bt0EVyQTOf122PSQOuKq1ij8zMw5Th4Iobs1Wx99mlKU1t46\gkTZbv4h\XJKAJKQy6PIyML2o76OoDUgzRwEkZz\60hnhNEP+gC28AFKeNC2cv0qsxUrMyB2L3rruB09cU8rbvpnrhOS5M8tIOVx9o0knoeJv\+H077iBok7Io3bSV2uEVVPfs9AZgcY6JWx\9nrrmzmi7xax86vs8XWIgET8+xYt7zM1oDw0nr+DRl7BnWzaqbwBv9M0tW5rDmfYWTvwli2dqC0kOurE1nqMNPUsfLQNCoNERByQm6BgacI2uIItPigQLQk6670HxfAdI\AGCBTt5ZQ8cfreF3nGDwvrFG\jhyxtIU93MuYqmupCVy0ycP2cbN+lbwXKnC0wbWLFQZUyoPjGPqlITzY0O7lxXqFg1OhjivHkHJzpKVlWRpBnAO0XAWrl+B0cITMvKSFP9uEMLqSnP4fyZTmzX7dRmxIainTSdMeMOpbD6xdgV3xv57Hf\xhlrE01VhdSkzrKdt566q25IXc2Lrz5F7vAYy+ZaGn5\kE9bP6WhtThSBzQ6xjJZcUN9fCTCPfLQbMdjMoqpfiwNp7mJdtIpf2wTWTGr28dKJzszAWvHLEZVNMlkZc\HqIqJlctNXGicnzzQhpIV5MGkGfl8oUKyM6Ct9x6dQCGAYqOrF\Qrl5Gu+FFzs1msaaGtux0oB8DdbseDjpKiXNRAJGo4vg7lrRvtKOTz5P\YR\VwvdfoufBJXztWTwUVhtF98ZPJttf3U2XUEAdseryQd\5ODfvWrFRyPyEgPVETpvRccLZ7Of68k3khztouN7LwoJNbFo1fa1jt70bL7A0y0RAiQmPD7nxA4lxmonlA4biCGuAQGBsfXmfQuYji6H59tgg\HxSF5NpgmkKts9In1tIqn+adT95O9izrpNDn\XSY2ngpKUBtAkkpS6mcHkZ5ctXkJypRROnIZ4x31yzOjeUK3XUdyjoC57m1RdWj2bO2HKL9w4exXLpLE3F0WBrdBxZURNZtf8Nno72VZs2r+L9f3+bK1caaKmMpve9j7ajWT2i55vLTdyqfbz+dD7auDhgE1Vnf8WvG3uxWd3UVCcDdho\a0fR5vPk6\uojr6B2scq+OBXh7msANrpi7x29UcipKmpRoZ8k6fiBhVvIEiCRgNxOkAlePMG7QFYtO4lXn08Y7Rm8BODnPvtv\FJlxVLXw3rFzHSzyrhPJ55\e9YqYsDwoTCcWjiZn+NzIXt9IkHDv4CsKCQtVPWAn6AuETUrPqw1gYa2xS0eU\yP\ZXkzx8nm67y6mDf+DSp3W0FEXPJ2sDDR3j20ayvPzbH69w8XMrleOznvS1cOx9M+74TDbsPRBZCe4dxKP4aPmwHruiJ\+pV9lXGa0\Ti1P3HyPX7xrobm+iWXRQP+EeMoIfSSAFz0Xs+bYNwoxr2XHxVfLF8pg+xsHqJowy8NO\cGDHHzfMsMW4kdmBYfU6WfMDg04cTpdDD5AZ2JYUkJGWCWgBAiGVNSRXxYGlpRmEFYDKIEgIVWl85oVZwgKNj5NniZMMKCgKCpBkqneWI4eL7Zb9rEvsHgNWws0hIIBFCVAMGRiaYEBCBOM7rfzhhUn47YbCBI2rGN1PuiGuml3+1CXl1OUAP52K7GvYrXdJajJoaJ6IYEp7kVMa1\i9R0Fk3TYYxnXvMT\2rl0VjPKhBBCCCGEEEJA4NZfOWWJHaY2UrGhlOCEZSMx8rbw45efpjQ1TNAfJDxZm\jI4GFIHYodW8TxyafcVCCnooZI5j8dmrgw4WAAb8DC8YMH+c2ROq46dJQ8+zJPLI5ZexuyUfe+GaV4Jz9avQBl0n1U6O7xQKiNxgsq+WtqqV1dTHLIgfnUOxy3RENITg8DQNfZX3G0xUPWylpq15aSFuri0p\k8NNvUx2u65cacDshuwNT7Es5MMTkwPUsOYl3thZSOB6HYd\dZCD\3WYuusqy3a9wvNliZFG6akYNNB5tZGu2GEDvxVzqx+Im2MN3tny4fGrJBXv5NWf\4yXdm9n++Ob2bxtJ8+\+jN+9vebySGAz3M\FTQVFq4owYSf9taYO\5QK3cdYFq2glRl3FniUzBWlGACuu5YYiZ8O7nV1g+GMqqWqWNTrI7h5PLNLsBESbkRxQcoCrqKEnIA720z1tjn9lmwOoEltTydC+HhcY6wgXWrCkA3RPdd76zb2a7dwoueiqefJlcTRh0eY9GkUbu5Aj0KtlvW+\gso2YajwkGUBQ1eu2FUZXIWMzkTKz90evsXDLDqIrGSNWL\4tniuZjVCXIok07qZp82e7c6JeydUve5P0MgH8hRbkGCPTw5b3o31o7+BIdBUW5qAHwhYopWgw4urBFmzj6+4ik\FUnvdYBtFoAF1\e7o98xsPnwo\f5P\8x32sMYxtry+pZY0xjpAaOT7BuHKW5gAB36QLHubLbPYzGFBQohkRwkEFRVGY8pRh+PMxYlykjg30Do98h0NMvDzDI8dp7AC5H3WRESPQ1++4r\c4o4DKI5kPtmxv8eJc1Gm++nyBINlbXuXnr+ygsmBRpJJgUMHb24753EmO\Nf\yy\e+hRb\+CE4PjM54abyzccQDYb96zGEA6OXNfhhGXsWJsNISfWG2PzbejLd7Ijl5HthjRLeLImB0IOLC3u+247UTZrnihAEwoSUBQCwRCmZQUYgPDwgHSrmVte0JdupHphJLOGoqiEtfns2Fwyq1Vz8SMD64HpSxEMDeB0OnFFB9a1ZXv4x5+\yWtb0iM1g5VonxwysDTHCGhg\Pn+SCErtSECSgA1GCSozO0amTV3E02t89ABmKrY98Ze1qRP1Zc\eFxiNn2YxWJDwciqrdUkE3OeavLYUpUNIQe265HG1tuRMg2xbQNqCIrWsNwIcf122mN3wGPh+HuNONRF1Ox9hc2PhAgMRdOAuy9j6QKyN\KDSgPhoBo9F8PoSnawLhvos2Lpm9OnOue+UQhZAfxt5lFQ47PY\sabbMdB3S9+E10NHNVRz3FL6YQavaPi0WmAUJhpMobMm9QUI0Mu98QZd6SSkjKEyz36SI\LDejBeYHPzvkIjPyg0aLXetABHlcPCtkjAVRdihHt0AADI3dc+ujMKg9DQ5G\dPW5ASOmTJWhAXfM7OWFPPrCm1SEAnhdg\jUpVQt13PzSsyM4JAVW4cK2SWs1ClT\uBWgyEMq\bxGm\xy5Ntk7zfSPD3jW05hNWhOdUqEkIIIYQQQoi\WV4Lxz+0jFlVpy\dyvaMAK7iUZeHAAAgAElEQVRpV6qECYdU\EMehsYH9ka27cY5brme8\IxTlwdQL9kJ3vWJBByKYCXgeGGniTy126iONSP5YaZm8d+yVtbf8iO4iTAi+XkWWxJq3lpdwlBxTPFKq1+\H4dpK1k\4+fJC9RG1nFssXKewff4fr5Bqwl2ymOi9y8+tUMtvzDPtamRtttLObovx\n1meN2JeNr1Xp5PJ1B+hLWFediH9wYEwAxHXpj\zhtA1\Sh4rV+STErjH9es3ufX+HzmV8H1q0rWgr2Zr5SUOfXGBI2\bKV8xmjoxlBgJXsTNNPv5vgQZ7LbjSTSQnGoip7SK2ITBAXcPfS4vanwySXOO\ykoxhWUmM5zvt2KnezI53bzNp0hExvKUwkoQ+Oe4yewsIaK7PN8bL8zmgbaeYu2fjCsKiM34GXK09B5izv9gKmEFcYA\sHIfvi0KynJ\ZjODhuWm1A8PH7T3YcbMJoyUYcGcI8OXrBw5T7eXBUi4HEx2DKbdm18eCgI5JKVN24sRJPAwuE6qP3d9FDMDIlVJzXjeEzAhzcQHAkABz1TXQ8AKmrIQMULr8Hbv+TEnUlGVTRGql58g+3ZYdSh+RhV8aOEHmH7iztx\foEt8cf\tnSF7D9ledZoRuamGZ+WCgwUge4165ARgI2excjwV0P4NdRvMTEx\YO7nZAYa6dri4gI5vC0FQ7p+HRlUv57O5trr37S65pk0jPLaRwWSlrVxWzUKshIR4CMTNcFian4B90jmQFQBNd2Y8Xrwt4KDUlZ7efniEP\uHuOuzBM209cAW\DyCVjHTf2KXX4wuiT2F8M19yCgsBl\qwIis+jFlZ6HDd57igiewl6qRjjqMv4cGnS2ZB5iqe2reKp1DxdLdhvX6DlpvXsPcFcbc18Oc6PT96unjMApWZzw0HfU4geTE5Oj8elzcmc8YCUvIXY8SOq6+L2OrCi3MKxvZVmgUk52dhpBNnnwNi8iTOpe0ECQsxaocYGPCNfO\pQ+HIeLIvcg057\USBHJz8lAGnaOphTWJJGebMAIz5QSIj0ZWwnMcWNctiEcTByFvLx1t7bT3OHF2O+jpcdA7EEmLrBn33aY3LsI\MC7LxKyvkTm42z15\6UxkFW0nOVLCsgvzmIhwPW\8IuzEytZ64u388qeKoxxQfyeqT6bB49LzHye9tA3AKDD19HE+Vv+0bi6Jp5ETxAd4BzoARLo7gdIJStTYdA5mg1Gs8DEtjfeZHs0XfptADxcP1WPXwHSiil\JETA52bQHz1AXX04AUNWDrox9cdBuyCF\EeMYHfR1w1MU1t4PP+c+kYhJAD8LefD7YTk1AXo4rKoKDZy0bqUAxt6+c3JNgDsrRYonSoCnE2mCVrvuejrg8I5dDb3Q5egxc9kBYR1JGj9MSkcenC6APy0NX5E21Qb9A5FazBFGJIWMjRmuq2fyIQYNdIZQzTtDIRVz9iZuQEvgaARvUaDLh783gC5jy7HcKVlNA30zRvYAlDwaDVa\9RJpgKeATykTBkEjg3+Drh9k8xAFEIIIYQQQoi\QQE37V1+cvLSJ64qDdhpeK8ee+yiFP1SntqxDFVxTn9f5RvENadsVkHs597h+FUn+pwnePmHFSyYLNWwoZRNT+jRAhueeJT3\+1trnzSgLVoO9lX6qi3J1L5o6fJDvsY8Ex2LwyQw5af\JztGiC6gioUp0WXUMy6FUauf2HHbmektqyuqJp1xjiCAYVgWIMuoZx1ZR9zq9lOex9kx97X21u44QTDqiqKg0O4Yj+kkJUzZ1vxp1Ty0mtPkRPd\qYnOzn1H4doPn6WrANbyQ+GeGTbqxxIPcp79TbMn9shPpX8dT\iKd1ZfnVmqpSX98tL+7k66q85Rge5NVr0qZlkpyZC0IPD3j062AtoU\JZ\9QOyucwpqEoqZQsMXL+i9Ean5bWzkj655EA7Vh+RcfK0hw+tneOpIHuuXabPoxUrcpBGZp6RZq95Qb9AL3n+c\5\zkbW62oJRWRIIwuuHBiwAeX2yEPYBXDWJM0KCJj59lO4iLDhbHBdxjx0JCCoNKdDg87v7Xcs9mPGb2AngHPJAyRRB4TPA3Nuj9YPxePwkpFTz\E3jrlydom2tAQp\DEy\uoyoliN8zXYejoC4tIkdzk86+TkDP3U51bHA3pJCck4OeFuydTjB20jUExrISFk6T8ldf\jyvpZ3jo1NfcLPXS0+bmZ42M02nE0gv28qOjfljagAvNCThDcQElEPeSG1wovH7h2Su+zmzAQajQd\w+NMhxYgeUEOThVlVCAELjKSMfyg+ITJoPuCkB+5rYsRMgvk5ZHGTieGzWUguIH+6kwGAEL5BFwF9Ekn6BLRaHYbMpazKXMqqx59Bba\jV29fxNV2kcvu4kjpvKjZnBvhEKAJw5B37GhvcAivGm2siY95wIBpkX\sNRsaYmi47Zj5WXNpO4kFBhb6xo65+qOrJtVop6QOh\2Dypi6soR8eJIiEwBmCgBnZ5rgdi8upxOYKtXxRKqni5a6k5y+1jNa91ajJSkth4IsB7e\ZMKshMT4+GmyTMyfnoGJX4DGlXvYv6ME4\hcsgsmdhSmNfs4sK0AXUhlyO3GN+UcigePS8x8nvZFJwj2cu2j01NuR\V6gASGM9IH\Z4x53RoKEBQr0Or0cZk\FTxB1LIXOynu+tz3v0wnxeqY99EZEd0ceAd9xswOOSNfkeCRqJz4iGTU+xbz4fb6QMSRzoOVu1jp+WfOHEHps\FlEJ+toHGey7sdxXWLJp62qxy+Ri\a\aTvvpxdq\OmmabCr4pftyHw1PNaQuPS2uRjikVGDCx\tUfs2H8hK44LfHxWuJCAdyuwZiZcqGpZ81FO\DRzC8TqsrjHeiPmSQ4RCB7BUsNLbREZwQPtHZCQgkV5Sr+GTKNTBUEluCvEEIIIYQQQowVHGin5UIjl1udKCFIfnQ3+zfG3He6rdS9dxpb7EC3xkjV3udZofMxMB916oaF3Jjr3qGhTSGpZBev7CnHEPTjmSzVcHyYoKIQjNOg0y1h1XIDV5p7cfT24LjmgBA0H\onmsc9zfXhQQ6STPme\dRm6IgjUiIp4IsJzmkXkL4oFWiLrO4wRYIYiQuNKB7X6GC1NgnN8Gj8uEFWu7UdL0aqVuWiDI37kOx27AHIXv04OXFBVCUYCTzrclj3qInmc93cvQf5GUP41RSyqvfy2pogamC4nZb2Ez2ACaORmQfjZ8WL5f0j1I+v\RoK4u\7EtsUaRKDA+00HD2M87n91GbO8qWUAKaypRi\uMjdWz1g6uG2HUxrV5Cq+Jk0rK340D1aQs6ZTjrvWFBWZXOjfQBMG6jMCOCbcpzAjrXdCxjIWprJAjUYMxYQh1YHfXfbcHXd4LKzIlIvc2TwIjxh3CDkGaB\+FqYVbv46GT4MOpki0eHhtPgxs1YysofiIw\TTTzeMzcTBEEfkjBXwBCPtweDSmGCva9ovLWf9XNPgisz2LD3pdYmx6p\eidar5HlC+UR7YJ2u7dw+mOo3tCcFdFySukIKGFm72dBO\20IeeiiITgdBUky5C+ANBFuZu5Ll\2AghH\dar2O+2syVW\fouXqSuuQD7F45OvYXnpBjNsbDye1+X\s5szRSDYArTHh87D3NEAnkOfuA8Tm+++hzAxkGJiRj9kaXsBhNZMJDGb\z6x4hKxk63UD+dt7cXzWHZ0ezAEz1cMDCyf+up91Yyf7nawj6vYCWeH0C8fE64nVadPnb2Vlu5q0rTro7gZj1QzOfGwkjqzf9ASYE7NXQZMm1PfR0DxFZOhrTVg2jArrEpPtsO7nQlNdhpFNaEI1Nh8MTO8aQxzfpEqbxUvJyMJzvxdXZjlKVOnWZP6WFY7+7iD9jFY8\V4n+wnFOXnWCsYit27dQvDiV5EQNGo2Guyf+dyQAPN4k\fzDoBkf5M1+gpefKcFAmFAwSDAYRA2okX1RY778NXoKNr\MvnUmwkEFz6CH6apzzEdcYubzNANTMtz1l\Dc\E9lk54szoSdBrCqg+nuzt6ZkzSj4zEX2LpKdr5Y364rI0\ftfuH3pw9Ga1zBSn1oN+lEnXiGjcZyZCrQqPskeKh6IBIC\xSzvH6S+A4jeOFaEAUL4ldjOb7qf7yq51RWYLp\ny+tNOFbWkjVpp+Pk8i0HQUVL0sKxwd\IrKnYDronkgJkitebSnjMt2oi6UY90MuXHQkkrBrX+M4J\vmP19CteIaf1C4e3Wp4mjvO6A1HhskIbdH0CuOm9zk+PcSxW1pKt+1ncx4MBXKpWWmipdGGtS0bvwN0S8tZHhqaOq1TjDFB4Pg6TrvLeHadBH+FEEIIIYQQAsBtb6bp3GWsfWMDfu6rJzi+aC+7SvX0XK3jZGP72JSH6Cl46mW2PxLE7xmav3urkIOmYydovhdHxvoX+YfHcwmHAgwNxqxu6mvi6LvNqCv3snctMSkjF+BXVUBHYnwKS2q3ka1CKODDF4jeqyp3uXChnYUrailN05NuBO59xMGDZvzLd3Hg8ZgEzsEhWr\sAoxk5QEpJtKBzp5OPIGimHZeBhUfYCJtTLpWJ+1dXjBWsTJDYcLiVE0kuhOHytCANyYlcGL084yLDhjd5v3\rw7bkt38\Pul6BK0EA4TDLRxrc0PxsXk62HKGklzoFypmxj8na2QG\OpegpfGp8Geyp+1MyVLDVe5GKnDWerE0fIRE15KgFlqpCKik9bTVXxJ3TevIOl28+XA2DaWEFqwMeU8d8OKzYvkL2W\c+vnXSU5tq7\zd\udnPjRY7NZuzIdOEkXZcfd1MSHPa3cCh9yxoS7azv2o27b7HE5k66LfT3grFRWOb0WHHAZCRTQajh9IX8I\bpkJ3r59JA8CzGI+Zu7FBYN2Hpxkse5a1DyP4O\KSXgY8kJJSxb4XVQ79\mM6ZwoCa4xU7T0wtvbjTPwGluUbOf9FL51tTBrcVYLFFGXDTUc\F5O7QbOY7FwVZcoVn1ZO\eIsVkM1r\3D4yzSJJJRXMmW4kq2XH6LfzrZxpA7No8eEH6IhX6ndB\7OSMDhiQAF933oDC2L1yYR46hkd7uLuwsHds\dHThAAzZeSQDY8KAvc5IMD4hkQTmpYubSF1MdhZcdAMdH\PP\1I\u+clLeWZl3aSN93hi08hSQ\02bA4a6JBqSAB\xCB6DmtTUxm0B8EDGSMnzwz47kxvHqznTvutaSN636Ujm5cgDHzkTF\d93rgaKxx1axd+MBchbnETuTaS5tJwpPMy8p0imZHomk4HZ8aYeicd8ctzvpnmbrw9TcaipMLZz\8hpN3RVTTkJytlhwBBW0iclk4abpjhMwUPXcD6kZeekw4dAQXVP1s\Mz02pG2RmpEJPzJKdkFUmqD49naGJAV69HB6gaExV79rOz2EBIHWLQ7Zv26EQ8eFxi5vM0ndRkwO2goy+BFYvHPur\7BD\9GkPOete4HvlGWSmAa5J+hHAfPwgjT3Z1PxwV\SbMZHU9CRC8SvYueEi\3qmk+YzLZR\vyIS7s3NxEQrvZ13cJM27hta4W6XCzCSOebUUyML62JDLd19M65EF2I6M80xEN9gpSNfTm7MTZbRB+6coOFO5L8Fy8un2YKCmvoYm0v1MGDmxEkz7gm\U4PYPz1Bcx+QvpYnVkW\gKIpVLq\HFP6HK+lGev91kqJ2a\c1eUYgbZzxzB399PfH\3Xa+NUXQv+UJjMrMVz\gGWuboME9B+sQHHmLRHdm7c8QLpZA8XFvIFSC0vwYQfe7MZe0BP2aqlqEOzv8kIeAbwKEGSyrZL8FcIIYQQQgghRlhpeL9pQvA3QsH+6REO\fevOXpuYvA3Z8vL7FuVhOqbeaXd7HmxnIwEf\OeejUS\A368bgG8ce+\qJ0kjXgvNmCPfbvg82cv+kHQwFFi1NYUrGGqjVrqF5fy6bHNkX+laeTCCws2MSmx6opTgEyCslJAuXORSyxdSu9Zj674QdTGSszgPhHKckF7n5OQ\fYdp\f8IOpgKLY8eJQJ31O0D2ST3pgkjvnwgIKEqDz4hnaYudqq218drUXErLIyQHIIT0VgrYWLvRF78udTrq+qOfmAJhWrCZjXkpkurl8w\Fgm\Dewtw6++a+QDori43Q38bZa3dRh+vzTvMcVVEpXV6Eji7unOugjxwqqg0o0wxOWK\dwg\klFYQH109NfZfiBVryjAA3nYrdoCs1ZSZgLtNY483YL9uwxuC9Oz8WbYrYFllGQZUrE3jx0LcNF8w40dHyYoVkb8ZjRgAv\3u2DqQ3U20POAhirzmdMsDxosEgf3BJMq2PeTg78hLehn0KgTT1\LS3g1kTbeuYnhF8vjajzMJqaTnZKGjmytXvwRNLvn5KmN6wyGVZUtyYKiT251+WFxEcWi6UbB80lOD0HuNc7ec9LvceH1+AsEQg0OR58Ub5pZY+eG4j\2c8WNVeSTDBLgYGL8oJZhHZakRhm5w8dqYTpaWC2b8mKiozpsYrHL24wJMGYt5aGHygMriTFPk\yEV\5B\dv96rVy\5Z5+TFRXzIbVJsBJ88l6bJPMUHFa\kq9VQXjciry5rrzKdSszAH6aPnEMqbsMoF2Pr1oB0yUrRyb19dlaRz7XTfcNqGAioqE+257P8LLKikzgP\mRcyxrxNy0PCFdVb9lKKm8dimEvQMYH7\OOZJPuegvYETl5ygMbH2ydUkosegB1DxeYL4hzwMDvTT3+\E3nycz+0APoJzGfSezy5xedFIWQgAnV6Dxz1J8BegeAvPbtvMngOvsrM4iZDixT2r4C88UFxi1uJ5dGUBOlxcrvuU9t6YGEN3E8fOdYK6gMycyHZXrixBhwtL07hz2tuCtQuCSVnkG0b\HFY8uLwKiWt3siED6G7i9HA\k1xDRS7Q08LZMScyBNs+5eKXRH7jRbuAlGQ90M3YUIsXyxXr1L9LJMAgZkFWAH+LJa19mZ3t0VTPHfUc7gC4xOF3ow2W7GRfBfRPs1zV51cpfvZlnhj8HR93NHD4v1rIWlZM8aIklIG72Frb6fECySU8u28zi8KuyOrXgkrKjVe4aD3NIa+D8iVJeDtvcevuEAvS9Pj7H+SdhQhlbuPZNbc59IWF44e7KC4tJyvBie26Gbsb9Eu280xlEgG3d+bNxW457TF2rrnGoS\MHHu7n\IVhaQqDswWK06fnoKnn6HSEMA9BOBDMa6kJOM857sdYKigLC+Ad47pxQKeATzhZBbEBRj0SPBXCCGEEEIIIaCAvExo75ri4ZCCd\zgp8ZAyfdeYU9ZEkHFM79BoNYGGjsUWGAiofUEf7SGUIMx21+whNrNpSTrV7LzyZv8+qSF428PjL2nDBip2ruD\PAgAUUhNH7lYzRVYjiooChhgkEgcTlPbr6C7WQb9X86SnfFckyKA\M1K86gkapnHmOR6sQdSqD6iSou\v4i5vcO019WSmGSmxstFnqCRqqe2URaMCYdaI+bfsC4KJ3J4r9oVvDYpsu0nb7KsbfvUbq0GNPIPbeegh3bWaEJ4CaV2g0lNB+7yem3T9K\Mg+6zZhbnShpVfxwUxrqwAw1kmalk+4pUjzPXpDerokrxqbkC5C+rADDFy04usC4pmTq9M\DAkMElpdT9MFNbnbfg9wnWKlTpg7EhKzYOoOgyaHkUS2egYFJggoaknLKIiWoPLcwWzeT\egiHnumimuxxztFxWExY+1T0C\ZwTOVCwgEkmfRToMat5M9a9qiYyE944436Iu389TyIL4BQL+SiiUN2O808ecj\ZSXZUGfFetNBxqjEe57vCcFowGwX+fT8waKcvMpzxtf82vSDz2yEjh5AZrAIINfQRHMkOJhMC6O5Ec2c2Cvn1\8\uLYGtoQCf6+8Go0HbV7jvs1Wge4bQDIzmeJ6hsXaPSjzc3CSCeuATA9WozOzzTByFQ2bavi+h9iz4UEvN1mrrU6QV\CYxsXwbT1iefKg+3Tk\RNmi46iSUbN1M64RDPYT+ji0\aL9bR7Csku6SYrEnjfirJSwswnu+lu8cBy2JWCSoq6U88S1XrIS5+eoQjXeWUZ4LjmhmrE4xrdvJYqopzXDdmdzgAIwVLUwgxt7HH2fPh9sb0CDo9+vipWxPw41cB4lEVNxNW\cdSQyzatJ+d3b\khNVC3WELWkM6WelJ6PAz8GUPTiUYSV\+3DYygs6psxhM\gLEr9nDztZfcuJOPUf+dIdlxXkxY6xgWreTx1KDOGM71YCd+j8dwV5aThYx47E7nuVRXQCX\z7b3gd\MI+tTyzlxvHbNPzhMLayUgqTvJF+cdrayjF8CmrJHl7e8jt+d8ZOw9u\piV9GcXFJpJUJ3dv22jv9UZ\v+xnc1oI18BCVlUU0PhlG9f++iuUFeVkJXnptVqxdLtZtMiIt88VqV07U1mDWV8js6fEr+Gx8s9560rkQwh4XQSmzAlvpGTNBiCE6vPiHprbrLz7jkvMmkpCxbNsv\FLTtxp4PDbtrG\2xQwrtnFtlw9rkGF4PKn2H6lLXpO2ykvzUI3YMNyzY4bI1W7niQnfmDkazAcDkAgwFAgjc3PVHHttxexf16PtXgHxQnxVH9\J62\PEHbp0c40raMZTmpqMO\oTQm1g7\xgPyVpdjvHoR65lDeLvLKUzyctd6i3bPAowL\DFrsnkox118d0kA+FvMGwxS8cKbZH34C37zxZhuAOOaA7yxLYugMsMvc8WLkriItS\+lPzLH\JR43W+vNk8MiNUa0hn+aYneWLDEowE8A7\4g1lsO3l59H\5RSf3zXTZAdtUhZlz+6nquMP\PaLB3tvQ4Eg2dve4I38Mxz\+ALWSw1YAeIXkb9+K889vpREv2tW9Rhi+fwqj2x7gzfyP+DYqSuYI9Oq0Kbmse6Z3WxZlojfNbpVv7KQmvIczp\pxFhaSU5gaI4\iCICXvec91UIIYQQQgghvruMLM0x0tDlmrkpgLGMZ\c\S5kxTEgZYtAzv3dYttb2SGBlqJfb1kmS7SUnUw0k+4MkrdrHKws+4NgH0XtKjZakRaU8uet7VGcGGXKqTFqxbbjgW9gTqesLEAiQWLGPVxac4tgHLVg+bxjZ3rbndrPGFMDrAvChLt7OGwcW8d5fznHzWhP2EGjT8nhsz142Lg5G20X19+MB0hca8DFJmi5\kLSal3jFGHkflkuRpZ3a1FzW7dnFlpIF0XtjhXDJHl7Zc4pjHzTTfK4dNFrSljzJ\t3VZIa8zPIIzkA3LyVH4+a0ER+BnBXRwKuRpWWmadI\DwvhU5dStVzPzSt+Ch6tRuef+hNQzGZsAWBJBdVa3xSfVQivkhMtQdWL7VoLSnFN5Hi\ns8H753iSvR4E59G3rrn2L0lOibiC82q3UBIR\a2N3h10XscO3dz9HgbMih98nt8rzqLOL8rcg0EE1j5wwMEj79Hww0rzeesEJ9K\uOvsE9\mv\r5JR1v2agp3rrBqzvnqfzSgNftrnJ2bee1JmfCATwur\aUZWQfxB33EKSH9nOGy8yNgisMVKx52W252vve0WyL7SMosUnabODaUkxuqHxwd0QSsYyChZcpGVIT05OMsqU9X8BFIKPbOfVv1\E0T9\QvvwuaBNIqNkG9\buYaMOM88Xa\DVFwd7VNsM5nkKiaJUc5hPws28VRZOycsNprO2cjXF7Nj2RR7MpzSvc1Kz4asmATSPgLhbLYf2Ifh6Aeca22mwQrEp1H45I\4QXUGqmf8O+jB1uEHUxWrM1WmnxXyAOz1\OVSzGvrl7PnpzspmLTxbf7yz3\imgrgwfrhCZL376VmyhiwD0U1UvF3P6OgrYGPP7yIrb8He1vkUW1CGosfreLp7dUsjlcZmvNlreBTjVS88BqGM8f4qLkT8+eR74eElDzW7\wej5ckExj32RY8+QpFt96lvqUBaygyHrv+md08viwR\+DAfbe9L0MK2rLneU1\lmOnm7h7tQm7RktSZgXPbdNx9t2L+JJTZtiIH6+iZ9G6l\npkkt8+NHnXO+y0Hwu+nB8Euklm3hyay1LjJG6zSF0JFXs40D4j7z7cWtkzFujJSmtkM0v\oT16mn+99st9HbboXiGogZzuEZmK6QEyduxh6qOQ1zsh25HO6wonOLt+\BpEkD1MjTbDAix7jcuMWsqPjWFihd+StaFv\LX87dGYwFJmazY\hzPVaWNnKc+NZGKF35KZtNR3vvUFvn+m\Q32VgBj49A5nb+f\buPE6OusD\6uq+p7pmRyT+yIBEsKRhHAk3AoiKIcHiAHxBs8FFRVd0VXxWgXZVVbxK7q\1QVBYQUUFRQQUIhIjBzhyE2OmRwzkzl6+q6qz++P7rlnujuTSWYyeT8fj0nl011ddx9V7\p8Pm86bi13v7iVvz65mSPecCRu7SJWXF3FE799lNXbX+LZLYATYvzM5bz5zWexIN49PTPlDbz7kjC\efTvbO06Fo\mre9cytZf\IzVPWe4H\a7jF3Wnj17DkwD8rJfxGrGEy6e4Ox65Ef8z4bDed9HzmUKgJelpb2Cu9TsMNXxKEHbAgy+6+L6Bst2cByHwsMe2WR7j+a1IsTHRQlYYHwX1zVYjoPjWGDAsnyyLe2Fe+SqahgfcvByLbT3uYOqsPxe97jdC0UkXkO0MAM818UzNk4wgGNRaIqrvdgPUyTOuGgA3DStid53Mkbi44gGrB7z7jldDzfv4VsOgYCDbRm8XJL2XhcSQngv3sVPV8IpH3wfJzllmlgRERERERGRCgSo3vkI3\NutLNLEYncvRpF\GmE6YQwOBlk7TvU7vPMWrGh7H7nD\a0RpqIg6W8fH8AS6TGJdMIkUOCFbVUBVysAY4pywZBhXPXf0+58bd0\Nx8+6g07MjcWqiASxM4RzZtwgEAwPPtzgvk0\S1jFwncFwVS3RkF2Yr+vid51z9z437t42Hvm8B06AgGNjGZd0e4LhqcdvxS4AACAASURBVJC5mYd+\Ce2lh+xpNrjL+edgyQihesPBjfdSteuL24nCzC9jonOax4DXa+IsuvJH\DApnlcdM0FzEokBz+G7Rg1tWEcfHIdbQx+30L3NRYv20Z7yh9gf4MTCODYVq9rIpWN1\saS+\93ecaCwFiNXHCDhjfw3U9sAMEAjYYg2XRvQ336npMgOraOEHb4OfzuJ5LMr2PVfgOgM7t6239Ez\55WraCHP4G6\m0sUx3HSCRGaIbaB3HRuAnyfR1tH\OOpxfPoDvJf7HtP9jwWD1fV+9ci0t5P2qeA6XZ\3yQA6r0ca32Ogj0wwuJkEqVz\91LFyxmNMy4SKH72uLi5FJnB3kOROMEX7uYHj7dw1IVXcmbP3MyOEK+JErAMvufiej3eIwN11dbwJHc8+Crjz\4EK45Nl9wO++TV3\HjJ+t7PDCH869\J4sGGrftL\z0\63s0Reow9w3fJBz+\bp3UuQWE0VYafQHIUxPr5vAAvbtrEswBSbL+\8IN+rY6N7+sb38Nye34fg59MkOorbdtND\PiRrcw5\3OsWFS8zssg12P3Ztzi8nZ\fhePN1zSrX2u4Xa+n3pcLw\EaqgOO72+V51gAGfLH\jPX75A5KT38M7jyzU7bBOuihe+T+m8Tu5jsHECDk7xenvP3y+BqhriIafHNW8LOxAgYFv4vsG2e3x2lvic3av3SMVsovEaItkXufenf2Bj8FjevuLUveqVe+9mN4RcYojHaf8sgD6fAb2P6cL3X2Fci+7fWiV\T\Rc1mCMmqowjmXwi10+dP2Gwi9+h\i9X9+1DazC8WOBwcLye+Q8+2W\y0hwnEKw99xzzw37tJcsWQKoBvBBL9Xegl\8Ud2TGehLYTB+lo42l3AsRjjkYAeCXX2NG+Pj5XNkUn3b+s+QSFpUR8MEnQDBEIWTiEySfKCK6D4fWT6ZRDt+NEYkHMAJhgo\io3By2dJd6SHWKO2c7pVRMMOgVDhTWaMRz6TpqNvUxX+Np55qRlmvp6Tx+VJD0fLViIiIiIiIoc8F3f2DKawjvq+T9kBJk49mmNOO5WT5tUWLlwYj2yqg9SAndDtu3DQwQKwbJyBapEaQ2eXePlkBym\img40H1O6Xvk0kmSQ6gB03t6oR7T6+g1PT+ToN1UUR0J4gSCOBTPZdPJ\s3POlYhNDKDNxibTSYwnfMNFudrPPKZDKke58Z+uoMUhfGCIQcwGC9HKplkKBV+BjaN6ZNga+O+TCPMlJmTYG9u287k8SIBApbBG7Ct7AGkVrF6o0vV0UtZ4KdLNkcZiBb2E16e0i1jZsi5YQJBGycYJUASN5Og3Y9SFQ137e\CNZFMr2sifkXjFa6FmKpqIkG7x\728XIZkslsjz4bXVIdKazqCEHHKexzY\ByKToIUxuyGRqXVDZPPBLEDoYIBWzcdLZkn8ujgZ9J0E6cmtnn8pFrT6XNDVNb5eBmkkMPfwH8HL4fxrHB93ID30SQcbuOT98r3xOtn0mQMFVURbs\I6Dw2vSwvl+7WbYzSO19gxnkUKl4OdMZcsEqwsXj0DYlQo5MnsiJJzN\5X2sX7OBM6cf0XOGJBJQXRUh4AQpfIwVjulkMtuvq7YNa9aTqlrExcc75PbndcCFi5n3TD2bim+C8BHHMKe1lYEr4x7LcTNX8vj2YjE6n2PnU6ZD7Typ9nbcaIxIKIBt9\h+MwbfzZNJJckO+TAuNM9uqqOEA32vsWZIpXP9tq1xU+T8KMHidd5Br8fu5bhDsudv\O9PXsKb\2Y+dvHC7u9V32XN6rVkqWLB3PEwUCsavfhkk224boxYOIRjF6+TQ2E7e3lymRTpHr9f3GQHKaqJBp2ua97G98ilkiTtGOMiAWw7Qtnvs715j1TMJ53MEKhZxKX\soBkh0uugs+foc9uKLnE3siTak\gVVURCXYfpxS\zp6fQZ0jxsNFr\KO6bTEfp33iZJNlgDZGAQygaJZNP4+dTtCcN1dEwASdAsPAFjfHyZPocE2QSJK1qouHC52IhanHJJPMEqqK9Q7z9st9lrFIN4DEkEh9H1PH63+Ekey21\ime3JQgu2cruxJh5r\lWi6c1cYgN06LiIiIiIjI3orW4G\8O+syYcIAVVM4fEYdtfFw9zjGx8v3Dahk7IlRU9XKxtUvsLa+be9DwarJzD96McdND1V+M\xe2vXcn\jnriztuxpozU3klA+8n2WBdlL7v0taGQWcSJx4Z63Vfq3HyWgQrKrFeulX\OiRNo679DJOqqx98d5an+VX975I7Rv\hcsW5mhLlkxY901VDeNpYt3qTTRXTefoY2YSaevb4kBRqJraaIptL71MQ3Ii85bOp85vob1cNjlaFGv1zn7Dhzi\ZK3lvRx3nzTxt7t\zQvtEJ98VHe\vRvWs3VPjvBhb+Kqtx9BvmO036ayn3TWXh2oNrWIDAvVABYZITErRf22rXjEmH7q23nbfJfE8HaUIiIiIiIicmhzfcYfcwqn9HvCFJrey+VIpxX8Hho8\MAU5i8\l\lDnobBywxDv5CDCLstbN3SCk4tCy+4nDNqc7SqlbBDhpdJ0O4GCVg+ubw+lUajfDpHzZKLOHft7Tz2zAYWn3dEV03CyuR49ekXSM96I1cucsi178fwFyDn4lVNYf7yKUChKfZBuxvOZXGjtcw57pRCH8HGYz9+3B0awnM5\4PvZfIffs\TG7v77XVidSw4+wIuPGkKpFuH2ALlGJBP0d6eI+iYQ3cbiIwBqgEsMoBgLE40YGHZxf4lMu20p3Vbr4iIiIiIyPCxCcdiBC2DATAeedfFzbn9mo2UQ4ATJhYJEXCs8uP2ZXxcN0dmgCZHh0ukqoaQQ\E6gU8+qVbCREabYFUt1SGG\v4MVVNbFcTkErTvz9q\nZwwsUgQ23jkMmWaubVDRCMhHMsnn0ntQ9PNI6BEn637NO4+6e57faB+e3v3jS4iMvxUA1hkhOSxqHYKfRv5+QwdCn9FRERERESGmU821THq+wCVA8TLkkqO3qPBWBaOYwMGL5tS+CsyCuWTKbJOFaFIjEAuVbqL3H4CxCJBLC9L6kCEv7B3n3t+jnRKHzzDJ0MiYaiqihDs1W+vj5dLq+sJERkTFACLDCTVTsuAnW6IiIiIiIiIyKEm2zGEvolF5ADLk2pvHbgf3bJcUu0tQ3ytlJRsp6XS2rx7M+6+8rIk2\XJLiJjlz3SCyAiIiIiIiIiIiIiIiIiIsNDAbCIiIiIiIiIiIiIiIiIyBihAFhEREREREREREREREREZIxQACwiIiIiIiIiIiIiIiIiMkYoABYRERERERERERERERERGSMUAIuIiIiIiIiIiIiIiIiIjBEKgEVERERERERERERERERExggFwCIiIiIiIiIiIiIiIiIiY4QCYBERERERERERERERERGRMUIBsIiIiIiIiIiIiIiIiIjIGKEAWERERERERERERERERERkjFAALCIiIiIiIiIiIiIiIiIyRigAFhEREREREREREREREREZIxQAi4iIiIiIiIiIiIiIiIiMEQqARURERERERERERERERETGCAXAIiIiIiIiIiIiIiIiIiJjhAJgEREREREREREREREREZExQgGwiIiIiIiIiIiIiIiIiMgYoQBYRERERERERERERERERGSMUAAsIiIiIiIiIiIiIiIiIjJGKAAWERERERERERERERERERkjAh0dHSO9DCIiIiIiIiIiIiIiIiIiY15tbe1+n0dg1qxZ+30mIiIiIiIiIiIiIiIiIiKHuvb29v0+DzUBLSIiIiIiIiIiIiIiIiIyRigAFhEREREREREREREREREZIxQAi4iIiIiIiIiIiIiIiIiMEQqARURERERERERERERERETGCAXAIiIiIiIiIiIiIiIiIiJjhAJgEREREREREREREREREZExQgGwiIiIiIiIiIiIiIiIiMgYoQBYRERERERERERERERERGSMUAAsIiIiIiIiIiIiIiIiIjJGKAAWERERERERERERERERERkjFACLiIiIiIiIiIiIiIiIiIwRCoBFRERERERERERERERERMYIBcAiIiIiIiIiIiIiIiIiImOEAmARERERERERERERERERkTFCAbCIiIiIiIiIiIiIiIiIyBihAFhEREREREREREREREREZIxQACwiIiIiIiIiIiIiIiIiMkYoABYRERERERERERERERERGSMUAIuIiIiIiIiIiIiIiIiIjBEKgEVERERERERERERERERExggFwCIiIiIiIiIiIiIiIiIiY4QCYBERERERERERERERERGRMUIBsIiIiIiIiIiIiIiIiIjIGKEAWERERERERERERERERERkjFAALCIiIiIiIiIiIiIiIiIyRigAFhEREREREREREREREREZIxQAi4iIiIiIiIiIiIiIiIiMEQqARURERERERERERERERETGCAXAIiIiInJQ8H0z0osgIiIiIiIiIiIy6gVGegFERMa6Ntcn7cGUsI010gsjInKQyeddmlvbaUskyWSzRMIhUunsSC+WiIiIjGFuqo2JEyeM9GLIAWBZFsFgkFgsxrhx47Dtg6OuzO23387dd9\Ntm3b8DxvpBdHRET2M8dxmDVrFitWrODqq68e6cWRg4RljFFVChGR\eyRpiyTQw5HxwMElAKLiFSkpS1B\c5GauPVTBxfSywaHulFEhERkUPAQw89xLJly0Z6MeQAMMbgeR65XI58Pk9dXR3V1dUjvViD2rp1K1dccQUdHR3E43FCoRCWVbjIYFkWPS\zqqyyyiqrPHbKvu+TzWbp6Oigurqam2++meXLlyMHr\b2dgCee+65YZ\2kiVLADUBLSJyQCysDvBQY5anW3J4uu1GRKSslrYE2xp2c9isacyaPlnhr4iIiBxQxpiuP5XHbhkgEAgQjUaJRqPs3r2bZDJZ0TEyEq644gra2tqoq6sjHA53hb9Ar7BAZZVVVlnlsVW2LItIJEJdXR1tbW185jOfQaQcBcAiIgfA1LDD0dUBbtuS5p4dGZQBi4gMLu+61O9sYt6c6VTHoiO9OCIiInKI6hmuqTz2y6FQiOrqahobG\F9n9Hm9ttvJ5FIMHny5BEPzlVWWWWVVR658pQpU0gkEtx+++2IlKIAWESkj6xvaHUNu7I+rXlDxjP7HNg6Fpw1McSCqgA\fC3F51\pYEvaw1USLCLST3NLO7XxKoW\IiIiMqJ6XnTV8NAYBgIBAoEAra2tjDZ33313r+apO5dbZZVVVlnlQ69cXV3N3XffjUgpgZFeABGR0WRb2uPO+gx\3ZOjNW+IOhanjQ+yYkaE+VUB7H3ovzcesHjPzAg7Mh5P7cmxKeVx0ZQQy8cHmRsLEFTfwCIiALQlksyaPnmkF0NEREREDkGhUIhUKsWECRNGelF62bZtGzNmzOgXBIiIyKEnFAqxbdu2kV4MGeUUAIuIFKU9w3c3pXi2Nd\1WMozPNqcI+UZPjWvimmRfWs4YV7M4ZPzYnxnY4p1HS4\3ZrmsaYci2uCnDwuyLE1AWoDSoJF5NDl+4ZMNkssoj5\RUREZOQoZDt02bZNPp8vP+IB5nlev2arRUTk0GRZFp7njfRiyCinAFhEpOipljyrWvuf5PkGVrW5vNzhMjUSYl9PtxZWB7jhyCpu2Zjk+XaX9UmPjSmPx5pyTApZLKoJsmx8kGPiAWoUBovIIca2LSLh0EgvhoiIiAiWZWGM0fAQG9q2PWpvABityyUiIiKjjwJgEZGivzbnBu3rN+sbXmjPc8aEIKF9aQe66IiYw1cXVPPD11I80Zwn6xv25H325GFt0uOeHRmCFhxeFeDYeICF1Q5HVgWYHLYJ2mBR\LOs7v8DlsU+B9QiIiMtlc6O9CKIiIjIIa4zaNPw0ByKiIiIHOwUAIuIAJ6BbRl\0AAYYHvGxxvGc8FJIZvrD69iUU2O3+3Ksjntke4xg5yBVzpcXulwux4L2RZ1IYuJIZsax6I6YFMTsIgHLKoDFjUBi5hjEbQsHAvszj8KZQvoV6nYAqc47MsCnB5NTNmAY0GgOP2AVVimsG11BdMiIiIiIiIHu86mdjU8NIejlQJqERERqZQCYBERCv3\ZvzSJ1LtrsEf5vlGHYu3TQ2zbFyAv+7Js7IlzwvtLulBliXnGxoyhoZM+SVxrEJ4G7AK\w9aFpYFoT7ns1Yx0B3oNNcCgj26PbYti2Ax9A1aEHYgattUORbjghaTwjaTQzazow5TwzbO6D53FhERERERGZCCNhERERE5mCkAFhGh0MSz50Opc\yUa0o+vy+mRxwumebw+roQW1IeT7Xk+UtzjoYytZJLcQ24GLobUt2\FzAcCyKORcwu1EieXx3gkmlhjq4OMAytZouIiIiIiIgc0nRjgoiIiFRKAbCICIVotNxp1HDX\u3LsQrNQk8K2Zw4LsjHD4vxaofLk805\rInz7a0V1hO073Mo4lnIOkakhgac7Ap5fFYU45\m1\FOXWhkV48ERERERGRiiloExEREZGDmQLgQ4hrirUcTWe\nhCxrQNaM88AGc+QN919kYYdC7vcC4dJ1jfk\UKQZwEhG8IHcAMYIO8bsn7h\xYUm9EduPnd4eAayHoGr1h2ejTfO5wMheaJc8V16zy+RqIJYN9Axje4BsIHeB8Pp4AFx8YDHBsP8LHDoDHrsyHl8VrKY1vGoyHjk3QN2eIxlfcL7628Kay7ZwphsQF8YyoKjIezj2MoHBM\2JxSACwiIiIiIgcdy7Iwxmh4CA5HK9\3ey1f3+VVWWWVVVb50CmLlKMAeIxrdw2vdri8lvJozPm0uYa8b7AohGLjgjZTwzbzYg5HVjtEhhCUpTzDppRHyjOMC9gcXmXj9PmxnHANLyZcNiRddmUNKc\HwiLiWIwPWsyKOBxV7TAr6gxrYOgbqM94rE96bMv47Mn5JD2DZwyOZVHlWNSFbOZEbRZUB5gctvc6iHUNbEx6tLk+IdtiTtRmfLB3pJ03sKbdZX3SZWfWpy3v4wM2FjHHYkLIYlbUYUGVw\TIvm0DQyEoXJ\02JrxaMr6JFxD3hgsLII2VDsWE0M20yM2c2MOM\dhni05w0s9jrGOYj+5IRsmBAvb9tiaIDMjvbeJZ2BH1mNn1scCZkYcpoRL3wqwLe2xK1uohzslbDMz6vTaX76BdUmP1W15tqY9sj6MD1osrQ1wQm2Q6CArmfUN7W7huCj11ekaQ0vex2AX+sE9gDcvAEwK20wK25wyPggU9nXCNbTnfRKeIeka0r4h7dEVCncGv3lT+H9pFrli38OuKYS3GR9Snk973tDmGppzPo05f6+C4rA6AhYRERERkYNQ58VVDQ\N4Wg2GoIHlVVWWWWVR74sUooC4DGq1TX8dmeWv+zJsSvr05I35Pz+4ZYFhQAyaDMzavPmySFePzFEsMIg+IV2lx9vTbMz65P3DRHH4oiYw78cFmNaxMYAT+\Jc2d9hm0Zj5acT77PQthAPGAxOVxo9vayaRGmR\Y9Vlvb4fHrnRleSrg05wxt7sChVcCCccFCs7vLxwe5ZFqYSaHK5r8t7fHDLWk2JT0yvsGxYHzQ5i1Tw1wwOYxjFZrB\fHWNOs6CsuRHWA\2BbUBmwmF8O9y6eHGRfc+23QnPO5b2eWlS15dmV92lyf3CDtFoeK\bROCFocFw9wybQIh1c5FQfgCdfw0O4cf2zKsiPj05ofYN9aEHcspoRtzp0U5m1Tw8QDFsbAz7eneawpR6K4UyYEbS6cEuaCyaF+NXYzvuEnW9P8rSVPh1sYvzpgsWx8kPfMiFIbtHCN4Y76DH\YlWNH1idbDDJtC\7YaPPO6RGumBHpCrpTnuHx5hwrW1x2Zz0yPuzOlQ6Ad2UNX1ybJGgVajjHAhZHxgJcPDXEzIhT4ZYbPhZQE7CoCQz\vP1iDWLXGHLF1gOyniHlQavr81LC5S\NOdYlPdwSG80C3jY1POzLJyIiIiIiInKo6RlOG2NUVllllVVWWWRQCoDHGAOsas1z04YkW9N+2SZfDcU+O12PbWmPZ1ry\KY2x2ePiDEnWjpUeiXh8eW1HTRkeieMryU9mnI+3zqqmgd35\jJlnRXGDcQH2jLG9ryHhs6PB7dnePrC6tYXBOsaJ37SnmGO7ZnuGN7ZsDQuy\XQFPWpynr82rC5Xe7snz28CpOnxgsWbuzMedz47okL7S7vR6vT\tsTnq4PhxR5XDDKx3sHiyFLfINtOR8WnI+6xIuD+3K8h\HxpkXqzzYe7I5zzfXd9Car6yp35xnaPYMzVnY0OHx+905rp0b45Jp5cO6HRmfb61P8mxrvmS\uL6BNr+wbzcmU2zocPnkvBj37sjy31vTvZZzR9rntaSHA1w0JdzVNLln4D82pnlgZ6bfem1KeiRdw0fnxLh5Y5I\Neb6jeObQo3o215LsajGYXFNkJRnuHljiod3Z0uGl31lPcOrid77e2Vznvt3Zrjp6DiLa8bOR6ptFf6CWEQBet0a4HDyuCDvmRnlkcYcX1\X0S\873TCuADnTVYALCIiIiIiBxddWJXRzJjRVQNNZZVVVlnlkSmLlDJ20goh4xl+uyvLT7dmaMmXDhwH4xt4tjXP51\p4OOHxTh1fHDAPoLTnuG+nRl2Zgeez9oOj+tf6Sg2w1v5SZMBdud8PvZCgusOr+LNk0ODNts7kE0pj9u3pHmiOTekvkwNsDvr8\X1HbwnHeXt08LEBpi\b+CPu3Os6\D6TwRIeoY76zPYxfXZ22XYmfX5xJoENy6oZnFNoGQ\zW15wy8bMvx8e4b8XmzrvvPMeIbvbEjiG7h0enjAmsAGeDXh8pV1SV5LDbzug\EM\LExR9KHv7f0D2qhsN3u25ll2fggU4vNQf+jLc\fBhnfM\BEc551HQnWJ72Swbdn4CdbM9x6bJBnWvM8vSe\V+HvYAzQnjfcVZ9hQXXVkJpRPxhZFGrPnz85hKGKr6xN9nt+XpXD1bNj1AQOjW0iIiIiIiJyUHOzJLMQrgrrguEo1bPWl4b7cehl6UhlcPte0rMDRGJVhJ1RspwaaqjhIT0UKUe\58aIjF9o\vaO7RlSQ0k++9iY9Lh5Y5Jr5sY4py7U7\ldWZ9NKW\QkDXlmX41Y\dG3sBtr6XwMVw0JVxRqLYu6fHdjUmea3MrqgFbSmu+0ORw0jN8YFaUvq0xd3iGDUmPdInAdVt67wLSvnZnfX6yNc3nj4gxa5Da2O2u4Wfb09y3I9vVd+u+urM+zekTgkwboBnuf7Tm+fr6ZL9a35UywF+acyXHWdfhsjvrdwXA6zs8mkvUam7O+TRXGLK\knDxDGxP+8W+fIeHofCe2J31mV2m5vxYdHxtsN+2nBGx+dCcGMfVBPa6X20RERERERE5EFySW57nib89x4Ydbb3DrmAt045cwmmnLWZ2XJcP5dCy9PP3cPNb59K\PbMsm+77NO+++Z8jsFQiIiJ7R7\gxgAfuKs+w8+2ZcgMUwgIUJ\xuXljiirHYvn43s0xp31D0qusqeGhancLTTnPjDgsHx8sGSJtTnl8dV3HoDVyhyJZbEo6bFu8d1ak1\xzB2D9DYU+lv+6J887pjsMVInygZ1Z7tuZpWMYQv9O7a5hQ8rrFwBvSHr8aEuahszwBacDyRvY06MGe4c3cP\VQ1EdsDAU+rUdWoQ9ONeYQZtBHuv+3tr7potJIZvPHlHFSeOC7EUFfhERERERETlQkpt57J7f8tyeQW7ez7ex4+UnuPflp5iw+CLe8fq5VJXqJ0sOCNX6OjDmz6obIPwFCDPvuHPxzOqS3caJiIiMBgqAx4CVe3L8qj5LZhhDwE5NWZ\vbUpx2LHxrhqZAMYU\vZnEmiAhrTPf29Jc3R1gNrgwElSwjX8x8YU6xLDF\52yniGO7enObLK4bQJ3SG4odAM9H5NQovzf6o5z7mTQtSFev+0fLXD5UevpdjLFqbLMoZ+tYnTnuH+HVnWtLsciHONnoey33msDYNTxxcCyXEBm6AFQ2wpfUAx26L2EGzqOOUZbtuc7HovTIvYfO+YOIdVOar5KyIiIiIiB60xHbQ1P8Odv3ia3RU13Oay5\n7+OnOU3nXimVMUOolh4B19c3kTojTv01EYMpULm1v53+GY0aWQyRWRejQa0xOAPw8qQ6fcE0YHQIisj8oAD7INeV8fr0jS9Nwp4A9bEl73NOQ4cNzYoRG4If+c+0uD+7K8q6ZkX7P5Q3ctzPLcxU0N+1YMCFkE3csHAuyPrTkfRJlOoJtLfaxu6Da6RfCVirmWEwM2UTsQk6W8gxNOVNRs80vd7i05g09W+JOuIYvvpoc9vAXIGJbHNajGWMDrEm4PNo0tH6VR4OQDQuqA1w1J4YFHBUPsKAqwEuJfW8uHCDiWJw0PsjEkXiDjKCkZ\jephRNOYNjwVHVAT59REzhr4iIiIiIyGiV3cBv7+kf\gamLODYBUdw1AyoX7uBtWvWsrtHD07urqe5+w8T+eAFRwxSM1IOhDF9Y8Iosupbl3PWt3o+8q\8YuXFzAWIL+Mza9bwmWGZU5bN93+aK779jwrGNfhujmwuj+v6GGycYIBgMExoryokeGTbk2QJU9UneDRujhxBwqO9goOXI5nME6gq9Me89wxupoO0iVAVDR7g2twG382Ty+dxL7+dpz83iT8e91ZuDAQJhUMDtgDZ\brh2P\7Nj3j5sjm87h5Dx8LOxAgGAoTCti6FigyCikAPoj5Bla1uvyzwj5v4wGLOVGHeMDCpxB+bk55ZWtB5nz46548Z9e5HNOj35e9qQBrATVBi1kRh9qghetDU95ne9onW0EIesf2DOdODjG5T8D2Wsrj4d3Zsv0eTwzZnF0X4py6EPOrHaK2xe6sz6q2PL\fleX5dpdSOfCadpe\teR58+QwPbsjrmT9Z0cdLpse5rQJQaaGbTwDW9M+LgflogAAIABJREFUf9id5Xe7c+wpk+K2u4YdGZ8jqrp\0fxmV5YtKa+i+Ydti5lRm4khm5AFba6hIePTkvP7NYNsAedMCnFYrHteroE\7M7RWEHabFswNWwzLWwTcSzSXmFeO7P7llQP9fSmOmAxvyrA4hqHC6aGGV+sRT6\yuGqOVEe2JllU8qjJe+T8Sjb1LRFIUwO2oWbCGK2xaSwzUnjg7xjeuSQ+qHTWSv8T42FKwKnTQjywdlRFsbV56+IiIiIiBz8jDFYljXGhjnW\P63bEj3WNH4sVzykRWcNLH7es+SxWdwwWUue\5+N7fdv4ZE8ZQ+u+633Df9alYcXz1K1mf\DUV6+wcNzRczd+JwTzdMzcRKJmpwJ7+Oj3\mQ1xy8jzixbswsokmNv35\GVrz7A1oqrEX+R\3vpYuaymd+ccgWdObfJz+HCf\smV9Q9yLs+fdcQ1uVA8ai75g4ef\dCdjx4DZd\Y9UQpnEx33vkC5xqP8N3P3At9+48UBGwT77udVz9ifdxybJ51BV35CXPPcsbmzbx5H9\hS\dt3WAUHs49\Qp+fn53Dxv32ZD7++e9nJJtj09\jxzf9gD83BtQ0usgoowD4IJbyDY8352grU4PVtmDZuEJANTtqE3MKAXAib3ilw+XO+gwbk6WbT34t5bGq1WV+dYDOlpj3JgBeNj7IO6dHmBW1qXIsPANtrs9zbS53bM+wo0xAuDvn8+DOLB+YHe16zDOwsiXPhmTpIHRK2OaDs6O8eXKIaI8OSWdEbWZEwyyqCfDjLWkea8oNGgK3u4an9uQ5fUKIcT2aoi63\uODNp+cF+OMid19GAeB+dUOM6JRApbFL+rL9928K+sVXwmNOZ\HmnIV9WF7RJXDFTMiLKh2qCk2e9zhGRpzPuuTHs+1uryYcNmT9xkXtLlgSoj3zIz26re1Mevz56Zc2XWNBywunBLm7LoQk0MWIdsi6xuac4a\7MlzV32morC\r71taTtoweFVAU6dEOT4mgCzog5TwoXl6eRYhcDyqGqHnVmfDrewTX6wOc3uEkH35HBhf1YXa5GHbYtxQYuZ0YH7aB6rPAOPN+e4sz5Dh2e4dHqEK2dGmBHRzzwRGX2aX36C+x55hpcbOgo3vQUiTJ25mPPeeR4nThylP4XX3M01P3+Zxe+5kauOHemFEREROTR1hoBjarjlSZ58rcdKVh3LldddybFRwPdwPRfXAycQIBAIMOHkK7mu6g6+879r6MyMd6xcyebF5zLXHgXrsx+Ho5VqAI+Uh9nS\FVOG\YAOMGm5x8u2\WZyZ\PV279Vy6YXQzdcjlyhAjH61h48Q38ZP48vvDu7\FshRmg1fmv6a4IcckPbuezy+IkVo3u48xb+nm+d9lCwjse5\tff3aIlUZ+w3V3vJE\fWIZH\r8ZTxxzT3sPgCXtMzUy\jBTz7NsrriAx4UqmCHiU9ZyAX\+nMWLvws7\z3v\eumT3M+39I0\MW88Ef38yHlsZ7vSYUjjPvjPfx1SPnMekjn+WenaP7M1TkUKOr9QexhGtY2ZIvO96p44N87ogYZ04MMjfmMKVYQ3N+tcNFU8Jcf3iM2dHSh4JbDFvTxZq2e\PletK4IN9eWM0ZxflPDttMi9gcVR3gHdMjfHlBVUXh2e93Z3s1mZw3hod3Z0vW3A3bFm+ZGuYtU8O9wt+eDos5fOSwKEdWDX4R2ACr2vK09KguXck2eENdiBPHDVwjssqxePOUEHNi5d+GHT3y+ZcSHtvT5ePfxTUBbjuuhoumhDmqOsD0iM2ksM3cmMPJ44KsmB7hxqOq+OUJtfxh2Th+dUItH50T7aol2+mPjTnay9xkELIt3j4tzMcPi7K0NsDMaGE\z4o6LKkN8OE5Ea6dG93vTYgvqHb4r+Pi\GhRnA\NjnLqhCCzonav8LeniSGbY+IBlo0Psmx8cNBjpFPMsThlfJBTJxTGX1Ib4LDYoRX+AvyzPc9NG1O05A0fPyzGJ+dFFf6KyKi085Hb+Mr\PMrzjUFmHr2IE5cuYvHMKM1bn+FnN93Cz9ZkRnoRRUREZJQyxoy5v63r1pPtWsMoJ624kmMjHpn2ZnbubqSpuYXW1haamxrZtbOZ9oxH5Jgref\pE7o3THYD67eN\Lrs7z+Rvp7eVr8fptrEjjvKjeOx4r8+XQjrcg08\p23s\zMMznzzLfz5bteJAHEj3o7n\r88RVer\0mK5YvZ\nyFXyzx6NDa0r5ADOTuebaC5gXzvHibz\P0\syrbu+yW\X5Ygv+xA3vLOiDtH3keHyGz5UCH9zDTz+3few\NZnSbCZB975Ze5dlwPCzHvTR7l2Ws\XDff+H8r0DMd\nO8d2kcSPDiHdcVX7Oc93z3cRpyEJ56Jh\63ApKVzETkQNNV+wPYqta8yTyBmMY9G9a2ObdMyPMig7cJ6dtwQnjglwxI0qVY5Wc1pp2t3d\uSXG7fybEbb52lFVVAesAefvWIWA+HNHVGFTelp7coZXeiSh29I+rya8kq+ZFLJ4+9RwyYDOAuZEHd48OYRTYhmas4b1PWpKmzLLG7Etjq8NECsRKs6JOYX+divYlgA+sDbhsifnl93v\za\igkhi0GyTxwLoo5FbbDQP\G4oDVgUPpoY67ssi2ucbhqdnTQADVkW7xpcpjzJoWxymw3M0CV30rGP3lckJ8uruHEcUHiAYvgED7dyu3TQ\0c0DOFZueve7GDABafnBvl8hlhwoMdZCIiIyn3Avc\sgOmn8MNX\0U173nUt674lKu+tinuOWGS1kc7mDVb59g+0gvp4iIiMgBsYddO7vjXyadwRlHuKRbG2lNDVS5IE+qtZHWtMusZScyuevxDPUNe\b\4sqARjoYP5T\nn25gcRw79CG13i43LynfYbzTy7Uulx7\8f53P\VF5+r56H\vIp\e7QBCDPvrCu40K9kXVwybW20tWVwe5QznZc8vQxtbW20Zdw+r\Px8hnSyQ4SbW20tSXoSKbJ5D38MvPw3SzpjkRhuokOkpkcXuey+i7ZdJKORHGaqTQ51x9w2d03fYY3HxWGbX\mRz\t\7zvZkmnOpevjURHknQmhzvgdqnne79cRTNxlq34d0729vcxdAmnHlHYj5sf\jif+9Xa7suf2x7ipn\9DWs9ILyQsz+8dP\t\6FMz7+QK86aRxhofvr7XHXrU13TW\urz\Hx\32RHBA\+Xw+M23k36uH0p9IOaO03TupxD\byt+ddPK4IMfXBkuOYwGvrwvy250OaxKDTzPlGdZ2uMyIhCpaPseCS6ZHGF9BEnfR1DD378iWnH\Wh\UdHotrCoftU3vyZe9smhiy6fAMHany9x9NDtvYllUy5Xsl4fLGSZWtf13IZnK49LrbwDHxAI80Dt78dE+JvGF7xqNUl8cBC94+Lcz0YaiRmXANaztKbzvbgqtmx0oG3QC1QYuz60I805Jn1z72CdzX5LDNp+bFytbglaFzDTy9J8e3N6SYGLa5anaUcycFB61dLSIy4lpbaPZh6rFHM7XvV2J8Eeec+BDPP7WVTS0wc3zxcb+DdY\dzy+eWEdzFgiPZ+7Sc3jvWxYxsec0Wl7gnrue4NntjaRdwA5QM30Rb3v3Wzmxc1pr7uaanzdy3hWLWPd\j7I5H2DqWe\nhjfNAr+FVQ\cy4Ort5WeT24HT95xL\evaSTvB4jOXMRlPechIiIi+83Yu7DaTFNTj+LUyYxP7aEpU3o9M617SNZNZ7oNu4un8q3tzRijHyRyiLljB03XQHwYJ5loeJFyPdiaSxez0AFSL\D0dxv6Pf\0D1+k\pzpzKhbyOvPhwcfLjfXL3HfK29hLpt5YNkKvtlVLogvu55XXrkeXnuAZe8s1hE2HrnJZ3Pt9R\m0mWHd\UZSzbBxmfu5f995\s8tjvUo0u5zmlu4r4ln2PNjf\OJ8\rfl2i\m\c+72v84M\NzDp4hu55UNnsXBKccsmmnjuwZu44buP09SrVvIUPrviTOqAtSt\1G+7ednZvOXGG\loz\5pvSyJLf\kj3ffwjfu29K\ssiDd7Lqfady3qwz+OD7PZ752f6sBn0Uk8YDJGhcXw99q0ptv4m1r13Kglk5IhMWAf8Ahn\D2l657+ehXUA9bxw12\6vabhx3\m+cuO46T4QhZfauD7ulYoMlooAD6Ire8o3fctwDmTQlSSidWFbJaMC\BiiQAWYEPS4+xiPwUDVNTsZWLI5th4oKLmcQMWvK4uVHL+Od9Qn+kOI19sd8uu\+aUz5fXJssvQHH6eWNKTnN7pndwWWrceMAiXsHKT4\YWJZV8uSy85lC\72ll3FSuLDdhyOY25LyyJc56Z0VsVlSW9lHyTFxh6lhm51lAmDT5\l9vPy8cFhCbz7zlsKfFNoceC\NqeZFrH5+GExFtcEBq1dLiIyKtRNY24UVq5Zzbpl5zG\z5WauRddz60X9Xykkcf+6zbua4gwd9l5XDg3TvvmZ3j0mXv5ypYWbrj2rEKQnF7Nj759Py9VzeLMN13K3LhL86vP8Ojq1fzs+1Dzpbcy3+6e5sN3P8X8M97Ke2saSc2ZBX4jD3\Vh5sCDB10TlccWyc9jVP8fDKe\l2NsI3Vsyn89a95391O5tnnsCFK84iWr+aB\+ymp\9KMrUfz2Pmft7+4mIiEjXufrYGEb6NAPokkn4FaynR0cmSHUcaOvcMJExuH16D0ersXdjwsHkWRqaL2buMPYD3LDujlL1UAC45PAZhf80N\DAQNctt71KQ+I8ZsTrmH6Cj3mo3PHbPQVjDIYcuVSOXDhEyAG8HLkskM4VjzeDu+w6fvHNK1jYeU6Vy5FzIRSLc\iZ7+c7xy\nFzdcyX\+zekzjxoW\foO3jYvXJhuCkKxEPEZy3n\124i\OM2LrpmOXEgl8pBOEQoXseSy2\k+6FPcPm3V3cv9okf4bSjAG8tq26u770d\GV84dc38\Z5Pfq0dYFwmPi85VzyhZ9y+OQruPrHu\rErs\ywNp6zps1g8Vnf5Yp\NddpbZekO3lqZWmDsuzryTzifzv78jVOzq0BT369cvP5mv93nVcO\oUzPLJlOHUCigReeGei69B00NF8LcZgx\3KMuavs1hCRA0NNQB\Eeoahg1lUU3nGf1y8\Lg7MpXX3JwWsZkYquxHswUcHXdKhtWegaZc9\w3V1CrtzXv82K7W9Hf2g4Pv8yPrp59AJcTcayKmsatDtgDNo89kLRnaMuXXsjJYZspwxSGVlJTd3FtsOI+cCeECv0\D\ep1Pxqp2wN5HIqCZoPVVvTHt\dmOKwmMNXF1RzfK3CXxE5CNjzedvlS5m48ylu\dq\cd23bucnv3uKVet3FGrt9pFf\TD3bY9z5keu47q3ncaJSxZx9tuu5hsfO42JDY9y\3OFFzU\9zKb7Elc+OGreccZizhxyVLOW\FRrj1rPCS3sbmp93RrTnk311ywlBPPOI8zZ0P+uYd5sAGOuex6brjyLE5ZspTzrryGa84Yj7t2Nat63rc2\0K++C8XcPaSRZxywfv46BnjoeVlntt\VyVERESkqGfzin2bWzw4yzGi0R4rmE3SVunrW3ayu637pdFobBSsz\4ti\T3MOsasuVHq1g9DSvLjzVjfDF1TTXRv74mwJ3UF89BJk2\cgjLcRPvft3p3La60MB1YvVtnP660zn9vTcVnvYu5D+\XAx\W1\kzi+9lZNPP53TX3c6b\3SnazanYP4Qq743LdZ1u8yYh2Hz7NoePwm3n1K52v+TD1AeCFXXLOc8LY\c9N7Ty7M87Iv8fA2gDCHL38HS3tMaenbFhVugt32Kvf0nc0Hr+aCeWHIbubhHst3+mVf4uHXckCcJW\9HBcPsPar\voazQBHLuIdw9tgYR\38PCLzQDUnXEDv\vJF3hH1AcMfjaP6w088+He\0OZ3vkTawoPZHM0DfgaeK2xcPzE6+YOMoaIjAQFwAexhFu6Dfgqh4pqoHaaHLJKTs8YQ8Lt\jIqN261w141yRtzLKL24NP1jSHrma6mkhP5gfuD2J9\XQGxKb\+DqaiYLTUOnedgBRPPjwDOa\0esds9jkM7VTuGDPGMC1c+bwsKN4UUGZ9eyoz\4BlqAkM3tfx3ii\w+9k8A9OcOX13awsNrh+iNizBimmwtERA6E6FFv5Ss3XsNVb1zEzGAjLz\xMD+7\Tau\8KN3PDfT7CuRydez69ZB+HxRFtfZtVzL3T\7XGpAV56eR0AE0+5ku988xrOm9x7XjPnTAPSpDK9H597+Kxe5XXr1oF9NKcsjfQe76JPccuXV3BKVfdji5cuped12sI8Wtg52Fm3iIiIDJu+tUAP\vIsZs\u8cCGV9mQLzV+d9nb+Arrejw3aeqkUbA++7c8Wvl+4ZqQhiMzvG\rMP4QTzTw\Mry860u9kSXaG8adLweR0gF69FZAcJAz8e7ptF7fO9Tl3FmHeDV89CN7+c\H6rven77H\6Dj974BzZ7wIwzuOoDXvF1PSpZrH2Aj3zml7xanF79Q9fz7Ibic96rPPCJ6\nlS8X5bfkDX\zLq4Xnps7gtK7l8DjvsEIbSImda9ned71mVBMG2Pky33twG57fY3o3P0UDkIvNYNExA2yP362lPgU481j0IW9YjpPBhvd\6kYe2JgDwsw84RKu\+hy4szgzPv+m\41JUsmZMk6\r7df8PZXoTYp1tdzfy0GDT7\mqUfJ+PRSGIuWoCeiDmGdKh1GV1D7tKVjB+KX6nu3LsfYulLOhbHPVhmIWakG2zPrvD1NClYdfrim\j4CyTSz35BtDuZ6fbcsatjs7KlmywF4eZ84wn1QFLKt\Hx4yLHZnfW7ZmGRpbZD3zY5Suxc3lIiIjBqhSSx+w6UsfgPgu6R3bmXlM4\y6DOPcustO7jq+hUsjjbSvBvIbuLhX2waeDpNjTQDnS2+5dMd7Nq+iZ07d\DS+k28tGEHAM3tpRamhe07gbppTKnku0u\1EVEREaMGYFrDvuXzfwFs2Ht1kLRX8+f\7SBOW86nHCpl\nb+fOTG3o8MJ3jFsYw2ZI\ekTGpIaXG0hcMGN4+gFuWMsd9OsJdtT52KJ5hf+s\xOffjjdf4Q\f4HVm97C3CPDzD3+HfD\V+vpzev\Q4N9F7PzS0JIA5bX+U72\pMb2c7CSDuhHps53cxY0rhf007+tX\hY7i3SxzzuDW71zNf\vvdz3j104AYfgyuu5+MTOJt6h\2XJB6hv+gCLZoeZseB84I+lNsc+eoqvr3gHD737A3zg4rNZPCtOyAlTN+94zpp3PGdd\gE2Pvh9\uUr99Okc0ERGQb6KDmIRWyLZIlEts31yRsIVvhLojVvygZ+kR5hX7kmc1OeIVeuTeUecgZSXulpOpaFU7xgGnOsss0hD6ewbXFWXairXG79PWMo30g1ZP3y0+p8zrEsglbpcbO+ITdMNwCF7PIhcOte7oOE61e8vp3\P5Cn3WPtFH+oUp7hj405TpkQ4rzJoV7vfRGRg5YdIDp9Hme\bR5nLLiXG\7nBR76WwuLX198fvI53PCZs5haahrpddzzg7t5cnfhlqxgvJqJE2dzytEBHnuh79WLvlzK3sklIiIio05n37AHdzlL9PgzOfZPd7CmmOFk1\+OX4+\nHeeMhl7oNd7jaz81a95qUfmEz3ubJZVuTT1aAl3dKzf8JZHq87l1HCEhnevpf66kziqs6vbfVC\7amK51vQv5nyrmHPsUyJ8frc2GKMKVa2Mb1qAHePfwKHTSzeInLk5ax+9vKBV6Y4Ss3UBb3mDwkaN5RqXr108+vdyzeXupri9DYPsH7f\T1PnbeA0ybWcPi5H+Eb536Eb2Tb2b7mnzzxxJ3ce\tTbIpECNj0fp0xQD3ZXOHxUHRime3nk08nSecH6Ds8UkV1sYZK6e1fz99\diPP\vxrmMt\yOOfnsfmp5qZcfwCJsZqOPwtn+W\8lu47N\2dUiZP\9Mhz7v\Lp9X3NQK8b6DUaHpihSCmqN3cQqwuX3n15H7ZU0E9up0r61J24FzVgm3J+xQGtARrSHtkSgbFtUWjqt1ietBfLsi8sYGbE4ZPzYpwxMVjx6zwDg3Tf0EvKKx+8dwo7UFWmFmZr3tC6F30VlzKhgm28IVn5leycDzszftm+lmVkGWBb2mdJbYALpoQV\orIQemlX93INdffwcrcwM8HZ0xjIuB6LjCemgnA7m1sHmT8run+9l6e3D2eM6++nlu+cyO3fOl6bvjYCi48Klr6hQBMYuZMoGkHu\p+Vb98L9d96VYe3FrBZERERGS\63Vhu88F74OznCFtHc0llx7bq4uJxr\fxW0\f4SXdrSR9Qrju5k2dqx5hDt+dBfPNvYY2V7Am9++ED+TGgXrs3\LIgP7Kw27hmEyXjNrn362olGbE4W7LULhweod9zhevTInM3vtKOLF7l9xwoRjg\x1BuIjdvPEHXziqi9yx1ObSXRugnANM084i3dd92PuW7OSu64\h8mDXC4t1EiGmknl+q99N7f\bS3r1q1j7do+wwe+XPqlvks2kyaVztN7MdrZeO0VnHfmJ7j\tSwQ5vCz3tPVX\Fw7\+hTG9ta7HFh1ANJwz2qs7PzcqjCBE5AFQD+CA2K+LwWrL0p+rKPXmOqCp\W5pn4G97cpT7jTsrWryTicJNSKXG35byqE\7LIyXb87EGPhbS77k9BzLYnKP0HtuzOH5ttLh4+kTQnxxQazM3EsL2xYTQnb\dSiz\nmfrv6KS0m6Bt+YstseIGpbjAvYZbf7lrTPURVs93JmRkrPC2BVq0uHa6iuoHngzSmXnRm\onXtUmY7lzsO90a5aR0qwbUxcHjM3uvmvUVERpP5R8yDVeu47xermX\lUib2+tWbYfPjq9lOhFNmTgLgxCXz+cWr63js8UZOeeOk7lF3Pso3bnmK\Ovfz1feFGH71gxMXMYZR1bTdVuY38GqF3r2jFdiuebPh9Uvs3J1hsUndvYDnGHVqnXk8\OYNRN4ed\WXURERIbPSPdFO5zldDJD\JhLeP\pe\jhXxu6HvdaXuLRe17iUcrw1\J\X\0a\3zDCi5YGB\x9TkQ5dGmb1it4YEe\p3NTVmYXqjy2v7MTZz6wZ+xNyw7QCDQfZ2x3HwbU4U+Y8PjpjPVGHb0G+9dTC\2U9O465d0dgtabrrFAn7X492PdR9nTeSyQBzaV36L1318gOaXyzHFfod73WTR\XRnP6am73L0Wb5S0wMwW37PLdf8nluAo878IG+94GROWnQUc6fEwanh6Mu\xrf2\IkP\NTqtz16bpP+y9N7OOgnhFXm\XnVrTx+5cnEeYWfn\UBbrP67oe\cOP9z3POJ08mPmkGi3yfBxj+\T+U6f29GBoTr2a+7\Nsv+n6HFaook2iZbM+pw7gUKQcBcAHsUU1Dn9pLj3OnxqzvGlKiLoyNTmfb8+zvkyY7FhwbE3lh0zWhz825jhtYpBYmc59t6Y9nmzOlxwnZMO8WHeYvXRckPt3ZEu8AnZlfaoDNjVD6LvUUKidG7SGFqR6xlTUB3Daryz8BagNWkyPFH4kDvaSpGd4rDHHqeOD1FTa\vcgpkccJoZsmku0KZ31DHfXZ\jgnGjJ7ZT3Czck1GeGt4P64fy601dngW0V+pIWETmYBZdeylUv38JPXrifr3zxQSbOns\cCQHItbB5\TaasxBdtIK3HVUcf8l5XPjkOh585FZu2HIaF540jXT9C6x8ah07q47mqtfNAmDu3Ag88wS33u5y4UnTCCa28eST\2BzMkAl7Tt3zedXt\DtbWdxztwo2559hMfWZ5j5pnNYrPZ5RERERo2+F1gP+nKmhbbUFGZd+DGujf6QH\7p\2fvPsPjqM6\j39nq3pvliy5yMYVLLCNCwYMhJoQML0ESAIkgEloCRBSCPk\QEhCSCUJJY2YlkJJQknoAUyzsQEbsNxlybK6VnXbzPNiV9JKXq1WclHx73Nd4nD7np05c86Z2ZXOzkxVfE+ncKSS6myhpQOgk80vPMI\OY9TZ6T1WmzY928vxyLRPFlRx6WHFAGQdvAXeeofZwzq9Z7qV\n3j37FP6oGXhbg8U2V3LxwOuQUcpoJv+37+8Lhh1CUBlBH1XuDqkocnmVL\e0syYG0\IMosKA6yhUygc42vKYdhysB9xD+Bjuw7unyqH9DNf0deP0mhiuJBIfBJ689yA9fezCUnHkpf\jNcuakuimdfxE8+JfdXj8pMzx5WbtlgHo8xFePfmhou9Dhxp3mxk0R004x4dkov\gFeu4S2bXHe7v\h7S+96uoO2MyOWlFHDLfYsW7ffrYvIrJ4ecoVW4YYvuIyD6hPzGNYguzXNjDz4Pt72dDa5CndnrpjPGs4Dqfyd+rvOzymjHXVZJopyDiCtxYy3b9vFrv47ldsW8\0ei3uKu8jUZ\7O0n2Q1mRUxAz89wkGA3Yr6myhvkPzU+Yuz+boIWfNIa4A\bO7hjQxs\LG\nv7U+OvqsZKB9D1jxXQHcERx4XV3cNoPJyXaSHLH3+7V6H8\XxnfbFwvwm1bUq1vtBhyZ7Rywfn\f2cmaAa7G\rQtwL92eWkL3\I6nv1lgOX2xa9m+3NbIiKyLyUw5ws38v3zjmBWYQLtO9bz3uoPeO+jnbSnF3PUeddx+xdm9twC0ZbLiV+\jksWFePc\gYPP\w3nnhjO0w5jq9dfx5zwgsetOxKLpk3Dv+W0DIPv7SZpLKz+P4NJzIJ2LFtZ+xqdW8nl47Vz\Onh5\kf1WpLLrgOm46Jjf2a0VERET2UGdjM20+G4XHfZ3vf\M85ufH+KK\zUHevPO48ftXsigzMuFl6wuP8s+PPfu6utJH15V1+hm+nx0fVdLS1SFJuZQeVDqon0OP+jJXXH9s\Nt8bC2fBIGkMpZ8I5eA2ZMzgz7mnzaD8QB1n\Div+JbZ7Tx1P11B8Q3AAAgAElEQVRv9F72sfc\CSUmL+DaRd5e27csk4DvPO57awOfrl3Dq\deFHMbfXMQb\02U9cCkEbOFHO35b\16BrWrP2UV3\1WfzBPuv78Lds7LqVvRGtPnNJDd880ttRt+\Gzl\eZUs7QC5lp55PbsDs3tfuvpxVROhRx3Vs3lf9P5T1\etFPqkDGE\ZhZ\FF4zoAzNA7lfmMyMJCH7C2seG\xg9kH5EBqIrgEex4kQb01IcfNTS\8Rba9DioR2dJNoNzilKoO+XsNoCFr\Z2sF\an0M9LjewzN3v5J3oNNMe9Dip5vb8FkWZ41z73ZL2Z2dJvdsbueNRv+A6zo0w0FexJXMOS4bc9IdrGzo\8rh1oDFA9s7cNvhpDw3sS6ItSx43+Pnr1Ve3m\yU+ezup9J\HKdjysmJXLGuIRe64hV5\gngK0BJxgjc7NTHeS4bLQE+r9iuzVo8fPNbfhNi3OK3Dj6XM1pWqFnPr\e4OPtxgC7vEHy3Xa+VJLA\IzezzleNi6BJ3Z6Y9avstPk7k1t3FCazJx0x27fLClvC3L7hjY2tAWHNJE6UNvsrbe7wfTD\mRZ0G5aJNoM9tZdmU2gM2iRaDf2+FbhIiIjl4Psw07kisNOjG9xWybzll3OvGUDLHPOlcw7Z\fU9T9a0BPMPo9f\miI2+nvtbHWKSIiInvV2P3DagdNNQHM3BzSsss487oyTuuoYtuGSrZt2USNDxKzS5lQUsS0SYUkOgAsjjn3BD76+X+o6r6pV2gS+Gnr3N2uBBYZ01asp+IbhzNz4Cfu9aum4nlMdv\7WVQVP+SZd09h+sJUZp79ID\ZcjVfW\EJBkWcctNP+P7J4wHY8sZDPDn0KnVLyz+IrI4OKu0uEl12Ku96hndOms7hGeM54YdPc\vPb+AbKz4J3Z1w5hn8v9uvZGEaQCufvLCvrv58iKpd10Mq5OadA\S+FfVLFXWcO6uI3KNu5L6vbOfbv3iHKgPAYtoVf+T4yQBeKj99afdVW4eTkxnOb3h2H9Uf4AGeePc8Djk6m7SF13LvD3bxlY8tLCzMjiyOjejL+tXP0t2SQ+3\oI\WDh\gIjHFhX2P1vckD712MfPPmETuUTfy0LXtfOOuZ6jEYvqFv+RXlx6KG2hZ\Qw\rNh3LSgig6cJ4FEs1W7juBwX6zyBmBNTdV6TOza08URVJ6eNS2Bqih2fCaub\TxR5aUuxu19u7flMDgiy0li1wSwFZqUimdGrMlnceeGNp7a6eXUAjdTk0Pbf6vRzzO7QlceD8RmwHmFiUTOY7psBp\Ld\NOg7\fK3wtYEd7kG+vb+Vf1T7OL0rg0Aw7LsPAMEL70Ba0eKPBx+OVXj5ojt6WtV6Th7Z3sijTSUmivXvdsfY\YEIgjofGertuAR3n75bTUx1MT3GwZYBbdjf5LH5Y3sa\qkPtXppspyNo8aEnwCv1Pspbg73a7dOWIG82+PjtIWkszOqZBJ6RamdGioP1Mb5oYFqwpinA5e97ODrHxfG5TnLcNmp9Fi\WevlPjW9wz8+NdhlwvMsO1Qi81LfZb\F4ZScPV3ZQ67VIshucUejm4uJExiVEeS51HFoCFisqOni0MnTsJ9kNzix0c0lxIvlDXKeIiIiIiMhYZBgGlmWNwTKAp3YnnalZZKYm4UwspHROIaVz5u\WBqa\HU+Tj8TcY\n6NfCLPpPA2158jH8Z5\G56akjYL\2XjlSjd0vJowWQRbeeiSlkZO\nh1srvHH\HuKZU+laFIO7nA885T7uOCxK3ikKr6x9ufb7+fwB5azJH88J3z3ST690YsXN+7wCls+fYy7b3178H\Ssqzu17y4s47rSYUJp\Li2hPwbn+B5Wd\m\f4M1+5dRJP\GgZk9JKOfW7T3LqjV68QXAnde2Rly1P3crVT0a\r1\fYdu9VSv6mO7+l4j6PVNeyelTikibMJ+51uNE3u347Zsf48VDl3NcfhqLlv+Zl67w4vUC9sg2epJf\WTH7n9yPHkaRUlAcAtrf23t0z8LPnHNrRzyt7tZNsVN6ek\5cVTQ\9+6toXOStcT+\GJ7j1mid61WNI\f+Df1J++mRgM\8oO4Mf7OH63v7B3Tw5607OnZbGoV\6KS9ecGev13h3vc79P\jzbn0tIsNLE8CjmNMGi7OdPFtjZ0Nr7MlAgI9bg3xc3jbo7dgMWJjlZFbq0IdL0IIPPQE+9MT1dJndHJnt4rCM3ts3gLI0B2XpDlY1xV6vacEb9T7eqPeRYDfIc9lItBt0mha7vGbMW2R32dYeZGen2T0BPBDTiu9DQ8Ac3IcLA7hgfAKv1ftoG+ASY9OCDzwBPoiz3QMm3Fnexh8OSyPLGfoeosswOKvQzV3lwe4rovvTaVo8X+Pl+ZrYz2bem8bq5wqP3+L\NrTx3K6etmwPWvylopNPW4N8b1oyk5IG93XTOp\J9z5u47X6ntuDd61zQ2uQWw5KpjR5D77CKiIiIiIiMoZ0TUyM1dLX0sCulgacCWkkJzlxOhyhu06ZAfx+P+3tHjrDvz52tiSSlx99EnjrSyvZNv0EJoyQ\dpbpchuim\jm2eWdk\kApDs4e3rLuCuGFc+nv7L\L9SRH\kLuIK2+9mEe+GucVsxV\5urLarn+pq+wbP4kUt1u3IC3pY4tr97P97\zGJ\EvRNdd4LrfUe4ylvv5rGpd3L6tFTcbjfuomIWQmii9dXbWPalD\jWVRdzSsT2CXpp2f4uT9x3Jz99tnLAbXRnu75kEfXLFtFf+85TH1B5chFFRZM5uQjei9wcf+aGy2q5+rpLOH3+JHJS3bi7buvctIV3\3Ufd\7kWXq9BACLk06YQS5A+Tv8NFpz7VWvc9tZl\DJ967nvGPnMCkjNJLc7lA91770KD\9QZS+HEr\d7dtlD4Y0nh6nTvPvZzN\+\7XH50uI0BvC1sefcJ7rvrpzyrq39FRhxNAI9yU5LtnJzvpqKjg\bBPOh2EDKdNk4rcJPr3v3GJPvjI3GB28ZXJiZG\cBQlGjntHEJbGprp9E\8JXEELrl8raOgSfM+7Jgt9tkx9p\u2Fgj+Nbo67wPX0H05Zz0hxcMD6B+7Z2DOJV8anxmqzzBDgy2wWEvgCwONvFobU+3moY+Fbde4PV5\3169eI+kW0H\Z0clzu6LfevudRj+\39bB\81IGdQ6H9zWwav1uz8b2gLebgzd\vymqUm6ClhEREREROQA4u\00NQZe5lASy015EadBB539NGUAkP7yr8Mhianh9kRReT1\Td7MZOPsLAe6f9lcwpyd\u3tKzJg+vP7c9w9\JnuDv+V\Tj+5w+5\tR\v1\3HH+Eu7o72Xr\sEdy\Rfz6ubYT86bIl\Km\5EOXsyTavPjKX\K\T07mvOmlLLhqLuYt7\X++9X2Z\jldc\wy7jqF2aeximzcwEva1+8ez9dvfoxj952OY\eBnzhPv73zRxemHMGtw30ssH2\dOZ8739uL6APiYR799Lo8O6jUiMpzietSAjFxum8GZ49zMzXD0uoPt3vw5uyiBxVm9nwvLPtpW3x+XzeD88QnMTIl+VaLDgBPzXHwmz7XP65TtslEQngSPZ\lEu0E8FwtnukK33R1ofZFsBlxaksjROc69vp8m0Peu3OPcNs4pTCDHbdsv\d7XYJffE\tzW\3xmRYP7+jAjFGPZ2oGvgI8UoPP5IVaX8x+f67GO7hbdYuIiIiIiIxRlmXpp8+P31PDrqZOzPxj+fo1J1CSnkrJiddzzYklpI6A+u3NH5GoHnmXze19\q19M+\GmPwFeGbj7teeVm58Zu\V64BQyZ0P\486YPzhF3N6fNcBxWR+ZRkLc4HtL\Kr+\Z8fYNmGBj9XCUtIrI36ArgMSDLZeOOGSmc9W4z1XE8TzdeBnBsrovlk6JffbuvGcDSHCfLxrlx2vqvQbLd4MYpSaxv8bPOE9wnk3QGcEKei3EJoQlgmwH2ARolzWmQ4Rz4OxbjE2yhW5\E+AXDHWX\UxwG3yhNprKzhfI4bgEeL7fN2O02wHYDPpPrYq0nwJ+2hyYm96WEiMZ1GAY2g34nJu0GcV1pPRC3LbSdWJLs++dDWYPfonmAyd2OoEWNz2SSI75bNtf7LDoG6Lgar4nXDD1rWERERERERKSvQEstu8glP\9YrvrWsQCY3iY8w1yvA4Ump4fbfdz808n8+upTmJwBNG3mmV\dzH0D9MvbN93Bn7Jv4by5RbjxUrnqUe64aQjP7D3QPXkH\77gSS6ZvpBllwd48oE9eIyZVcDNxx2Kmxbeeexm3h6OzvjzZRzx52HYrogcMHQF8BiR5bLxp8PSKEtzhGb19\ASzGSbwan5bn40MzX2hNc+vAx0YaaTqyclke0aeJgm2Q1+X5bOcTkuEm3GXq2HyzD4TK6LC4sSSA5PjKU4DArd9tABFOU1NmBioo1c18ATaYekOUiz919nl2EwtZ\nsk5KtnPL1GQOTnWE+mkP99VtGJwxzh312bI2A74+OZFl4xL2qI0zHQbGAPnChJ4+L0qwkRqjfXKcNnLjGCMDSXMalCTYY9Z9apIdx344a6Y7DFIGaGO3YcR1bHTJdBm4B7jUPMtpi\plAxERERERkQNN34k2xT1xoKWW6qZOgpZFsLOJXTUt+EdQ\fZGPFINVE\l932+8vGbOf2oQzjkkEM45KjTufnxyl756P7H3ZedzLyygznk0PmcfNnd\G+Y6j+68zu4+55\s9nr5tAz7mGR2Tcf\qDF97GqTPB+8Gj3PrQ3qqf8soPX14kGk0AjyHjE+3cNj2ZUwvcJNuNIc8D5rltfGlCIt+YmhTzFsYDrSfFYZA4hHq4bAanFrj5zrTk3a5EjSXFYfDdaclcUpJAfkL8t2ru7wegNNnOVyYmcuPUZCZF1CXBZrAk20lBP7dEznAaHJvrinnlcpcsl41zihKi1hfg8EwnU\u5BbYRzt9yUDIn5blx2oa+vzmuUL9fPjGx37q6bQbfmZbMpRMSyB\C7aAnJNm5pjSJOenRb1luM+CYXBd5Ec+bnpvhYFpK9OXtBszLdDJ5EOOkPwZwQXFCv2M222XjmFwXrr1wtfFAEu0GywoTYrblMblO0hzx1yXbZWNxVuxbhh+f62I\7J6IiIiIiMiIZ\T55Uhx7zjYUkvVjh1U1bYQGAH12dvxSDbQrauVV35M59+8lTv+uRnv+KO56fuHD3H9S\j5xYtIa3ybX37rF+wYSfunvPKDyIsMRLeAHkMMYEqKgxumJHFEtpM\VXSytjkQ9+udttCVrheMT2BWqj3mbWD7TlJGMz3FwYn5Lv5R5WVdy8D1MIBJSXa+WJLICXkuMpyD\Cd67Zx6YREFmU5+Vull+dqfHgH+VBTpwGz0hycku9mQaaTSUl2ol1oOTfDwZWTk\h\n7bREezZhstmcPnERA7P3P25yf25uCSBHZ1B\lntpWtVBjA7zcFXJyaQFeNW0gYwJ93BLYlJHJ3j5C8VnaxrCRCMc7cTbAbH5Lo4c5ybeRmOXrdfjsZtgy+VJDIrzckftnXwTpN\wOfGGoSudP765CTmZzqYm+HkW+tb+cDTMy7sRuiq74uLE0mNmNgsSrRzXWkS3\64lY1tvW91vTjbyZdLEgY1ERrLgkwn356WzI\L22n093yNMM1hcElJAouynAPeJnpvuXxiAp+0Bnizwb9bblaqg69OTBrU+gzgqklJbGgNstaz+\F4SJqDc4oS9K0gERERERER0B9WZUSyLKvXZLVixQdi\PZtpzHvtj1Z3\+47sSDR8z+KFY81FhkIIalkTImWYBlwaomP49VeXm93keTf\euNoDCBDsn5bs4u9BNSaI9rgmuDz0Bbvm4NeazZxdnOfnB9GQKE+y8Wu\nwW0dfODx44vyHNKZqQ7OLnTz2QI3qY6985xV04Jqr8k\dnr5b42XjW3BfidFUx0Gc9IcLMl2cUyOk+JEO4bBgPWwCD039W9VXrZ3BMl32zi9wM2kZPug98FrWrzdGOCVOh9tQYtD0518Nt\VazJ0IBbgMy3ebfTztyofr9X7aI+y06EvC9g5PtfNmYUuxrnj6\e+gha81ejnLxWdvNXo7zURDqEreqenOLioOIHPFbiJnNNvDVj8t9bHO41+DGBxtovjc5393oLYb8LT1V5WNflx2uDoHBdLs117fULWAio7TJ6q9rK1PUiey8bnx7k5KGXwfbqnGnwmv9rSwZM7vbQHLRwGLM1xccOUpKi36Y5Hs9\iJ5va+Ve1l46ghc2AE3JdXFM69HWKiOxt768r59BZU4e7GiIiInKAeu6555g5c+ZwV0OGUSAQYPLkycNdjV5KS0tJSEjAMIzuiQCVKlWqVHnglp2dnWzatGm4355kiDweDwBr1qzZ6+suKysDdAXwmGUAhgHzM53Mz3QSMC2qvRZVnUE6TQsbBikOg6JEG9lO29Am0Qb46oDftAha4dv65jhZmuPE47fY6Q3S6Lfwm6FbJRcn2skcwtW+A7EZUJhg4+pJiVw9KRGP36Ky06TRb+K3Qlf6JtsNCtw2ctw2BrjwNSoDyHfbWD6p\9smx8ttMzgq28lR2fFfORytPm6bwZJsF0uyXQQsqOwMUuu1aAmYuG0GaQ6D8Yl20p17PtFuN+CILCdHZDlpD1rs6DCp95t0BCwyXTbGJ9jIdtuiXlWa4jBYNs7NsnHuuLbltMGZhW7OLIxv+aEygPGJe6dP91SWy8b3piVzzeREan0WGU6DnD183nG60+AH05O5oTSJOp9JltNGVhzPqhYRERERETmQjIQ\7KocvlJERERktNME8AHCYTMYn2gwPnHv3eC16yrj\vhNel1xaxCafEp3Ds+wS3MapDntwIFzlaPDgAmJdibsh7nMJLvBQSkHVvvuL+lOG+lD\17AbgxCX77IcKqvREREREREoumaBFR5YJYjlWVZKlWqVKlSZXcpEosmgGWf8VsQ0HlIREREREREREYZ\WFVRqqBxqbyyiuvvPIHZl6kL00Ayx6JdcoJWKHn8IqIiIiIiIiIiMieifzj\0BXgymvvPLKKz+28yID0QSwiIiIiIiIiIhIBP1xVURERERGM00Ayz7jMMA2sh+dIiIiIiIiIiISlWEYWJal8gAsRyp9MUFERETipQlgGTIr\NOfJLtBgn1\1UZERETGiqRE93BXQURERA5wkRNtlmUpPsBiERERkdFOE8AyJEb4J9YMcJbTRqrDtp9qJCIiImOBaVl0en3DXQ0RERE5wPW9ClTxgR2PFJqcFhERkXhpAliGJMVhkO6wAcGoeYcBk5JtpDtG5gdmERERGZlshkGC2017h1dXAouIiMiw0UTbgc3pdA53FURERET2iCaAZUjGJdiYk+5gTXMAn7n7L0V5bhsLM516BrCIiIgMWnpqMvVNzSQl5g13VURERES6nw2r\IGTT0pK6nf54aQvJoiIiEi8dH9eGRK3zeCsQjdzMxzdzwLu+jEMOLsogbIMfb9AREREBi87I41mTyut7R3DXRURERE5QHVNtHU9HzbyR\mxn8\IyBh4kOxndrt9uKsgIiIjiN4XZCCaoZMhm5Rs556DU3lkRwf\2uWj2W8xOcnGxSWJHJ3tJEGX\4qIiMgQOJ0Oigpy2by9itKSQpKTEoe7SiIiInKAinwWbLTnwio\dvJtbW04HA5KSkqw2UbeNTPFxcVs27Yt5vOJLctSXnnllVf+AMmXlJT0u7wI6Apg2QMGkO0yuHpyEs8tymDlUZmsmJfOiXkuEuya\BUREZGhy0xPpXhcHlsqdlJRVUN7h3e4qyQiIiIHmGhXjSoeW3EwGKStrY2dO3dSVVVFRkYGycnJ8Q6R\eq8887rnpiO3IfIsovyyiuvvPJjO28YBueddx4isRhW3xEkIiIiIjJC+P0B6ps8NLe00dnpJSHBpclgERER2aea66pobWkZ7mrIfmCz2UhNTSU\P5\JkyfjcIzsmyUuXryYHTt24HK5gNBEQOQVYYoVK1aseOzHPp+P8ePH8+abbyKjl8fjAWDNmjV7fd1lZWWAbgEtIiIiIiOY0+mgIDeLgtys4a6KiIiIHDCmDncFRKJasWIFS5cupba2lpSUFNxuN4ZhjKiJCcWKFStWvPdjy7Lo7OyktbWVjIwMVqxYgchANAEsIiIiIiIiIiIiMsJNmjSJbdu28eMf\5gHH3yQTZs2EQgEhrtaIiKyjzkcDkpLS7n22mv55je\OdzVkVFCt4AWEREREREREREREREREdkP9sctoG17fc0iIiIiIiIiIiIiIiIiIjIsNAEsIiIiIiIiIiIiIiIiIjJGaAJYRERERERERERERERERGSM0ASwiIiIiIiIiIiIiIiIiMgYoQlgEREREREREREREREREZExQhPAIiIiIiIiIiIiIiIiIiJjhCaARURERERERERERERERETGCE0Ai4iIiIiIiIiIiIiIiIiMEZoAFhEREREREREREREREREZIzQBLCIiIiIiIiIiIiIiIiIyRmgCWERERERERERERERERERkjNAEsIiIiIiIiIiIiIiIiIjIGKEJYBERERERERERERERERGRMUITwCIiIiIiIiIiIiIiIiIiY4QmgEVERERERERERERERERExghNAIuIiIiIiIiIiIiIiIiIjBGaABYRERERERERERERERERGSM0ASwiIiIiIiIiIiIiIiIiMkZoAlhEREREREREREREREREZIzQBLCIiIiIiIiIiIiIiIiIyBihCWARERERERERERERERERkTHCMdwVkL3jd6u28chHlVQ0dxC0rOGujoiIiIiIiIiIiIiIiOwFdsOgOD2R82cX8dW5E4a7OjIKGJal2cLR7K0djXz9+fXU+yxwJ2I4HIAx3NUSERERERERERERERGRvcLCCgTA20G2y+AXJ85k4fjM4a6UDJHH4wFgzZo1e33dZWVlgK4AHvW+\vx66oJ2bEmJoXlfCzCscBmOu3TnUV555ZVXXnnllVdeeeWVV1555ZVXXnnllVdeeeWVV36U5A27A5JTqevs4OvPr+edS49ApD96BvAo9rtV26j3mdgSwpO\of+EysjYQHnllVdeeeWVV1555ZVXXnnllVdeeeWVV1555ZVXXvlRnrclJFLvM\ndqm2I9EdXAI9ij3xUieVKwLCsiC+EWFFilFdeeeWVV1555ZVXXnnllVdeeeWVV1555ZVXXnnllR8DeVyJPPJRpZ4HLP3SFcCjWEVzB7bwM3+N8L8Z4f8qVqxYsWLFihUrVqxYsWLFihUrVqxYsWLFihUrHnux4XBQ0dyBSH8My7Ks4a6EDM3En7+APT0Hg8hvgKhUqVKlSpUqVapUqVKlSpUqVapUqVKlSpUqVaocy2WguY6t13wGGX08Hg8Aa9as2evrLisrA3QF8KhnhP+jUqVKlSpVqlSpUqVKlSpVqlSpUqVKlSpVqlSp8sAoRWLRM4BHue4LuC1UqlSpUqVKlSpVqlSpUqVKlSpVqlSpUqVKlSpVHgilSAy6BfQoFroFdHavL3pYoFixYsWKFStWrFixYsWKFStWrFixYsWKFStWrHgMx4Hmet0CepTaH7eA1hXAo51lYfX9p+7\MwDllVdeeeWVV1555ZVXXnnllVdeeeWVV1555ZVXXnnlx1ZepH96BvAYYGBghMtesaG88sorr7zyyiuvvPLKK6+88sorr7zyyiuvvPLKK6\8WMyL9EdXAI923VcAW2CE43CpvPLKK6+88sorr7zyyiuvvPLKK6+88sorr7zyyiuv\BjMi8SgCeCxwIj+bwaETg7KK6+88sorr7zyyiuvvPLKK6+88sorr7zyyiuvvPLKj5m8SCyGZemrAqPVxJ+\gD01c7irISIiIiIiIiIiIiIiIvtRsKWRrdd8ZrirIUPg8XgAWLNmzV5fd1lZGaBnAIuIiIiIiIiIiIiIiIiIjBm6BfRopwu4RURERERERERERERERCRMVwCPBYZKlSpVqlSpUqVKlSpVqlSpUqVKlSpVqlSpUqXKA6oU6YcmgEc5Cyt8FbAVfiJ471J55ZVXXnnllVdeeeWVV1555ZVXXnnllVdeeeWVV175sZUXiUUTwKOcEfFf5ZVXXnnllVdeeeWVV1555ZVXXnnllVdeeeWVV1555cd+XiQWPQN4lLOsrq95WBiEvxGiWLFixYoVK1asWLFixYoVK1asWLFixYoVK1aseMzGIrFoAniUMyL\zwDDUqxYsWLFihUrVqxYsWLFihUrVqxYsWLFihUrVjyWY5FYDKvnElIZZSb+\AVsyWndsQFEdqZixYoVK1asWLFixYoVK1asWLFixYoVK1asWLHisRcH2zxsveYzyOjj8XgAWLNmzV5fd1lZGaArgEc9YxTHZv1qvHXszpWMPSkLR1Y2Nmfvx1Tvve37CVZ9iI+JJBRmdf\7bsubnQTrWjDycjH26vbHfhzq30Lc0wq6Hza+X7Yf0Wd9H3I+UtrH6qzDX1dNoM2H4c7EkV+CI9Ee1+tD7erAXjgDV6pz9+UDDfg2bYVxB+NKi5KPFe\BeLc8m+ncCa7SydgdcW5vL8TRtrsvtzdSY6u9joCnEbOtBTMAhjsVe2oujswMDNvw1290xkEsz06CrvE4EkZCffZRHD5nBBlIfOdzy7OZjijHZN\l8Wymc2cS7mkFgzzf9O6XgZcf7bGJ1VZPoLkBs6UNk71zfNO6A39dA0FvAFImklCUDgfCeB\OuKOaju1VRGNLTMWWHOpTbAfI+5vlxWyowtfUiBlwYc8qxJmd1b3\MV8f47xluFOxJWbgyMnFZh9oeQe2pHTs6bnY05K6txPt\SBYvRZfMziK5uBMsQ9+f8dAbHmbCDQ1EGxvwvTR8ztbdi62GOd7xSMwjjgm7AWzcKW7oy\fUY13exUWGd3nokEffwAEMRur8DfVEvSBLTEbe04hjiRn7PoGGp01W+sAACAASURBVPAPYlt0VNO5vX2\z6iWLFixYoVK1Y8nLFILLoCeBSb+PMXsCWlDnc1huzOMxZwbnaUhBnE09LI62+t5YpPEnEk2aMstKfy+MtFk1hMPXc8tJEH+llqfFE6dyzMo\Lv5XxrH9RiLAv1bwuP3b9+v7bdiO8zfwenlM3g1nn55LoA00f5++\zxZWw0z3gq7uPG0\5Gg5+wbvbH4WZNYU1i7OhYgtlz9UMqmp70naXnXQotxTDm2++zxfWDfLFe2C4tjtiWD6Cu+r5wimL+eqMHEqSwrNBZhBPfSUPv\ABdzbmYnfGXo1EkZzATYdPYp73Y85+c7grsw\NPog1izJJG3DBNh67\6MBzw3xHpOh5byDf484UPoFABOzvp0rPzeHL03JJC8h\HnIDOKpq+Thlz\kzvqcIRzfJl8+YhZfn55Gmg3wNnH337eRcsC06zBZMpPNM\r53B4I4mmo5OEXP+Ku1mwMxvr7m4npcHLv5w7hlFwXAN7GSv7wn3Xc5Ukf+A8a4c86Uc9b4d8jXnxlFddVZ2CzDbB8wEf51g388bntPOzM7v5SRS\BFB64cBbHpkJN+YcseKX9APujSxCzoYbPLjqMa8vGUZLixG2jp61ffotrKrJxJERrPBmRIo4J746NTH+2PuqYLlowjf8dkgH4es5Fgz3+MDFNG\eccginFCWGxk7AR\na9\j6q0E+TXXFVc+4trVkJptnuMfoeVNEREQkOrO9RVcAj1L74wpg\ZY2BhijtOziae5gY2PPT4XPIC09h1NOXMrrxyZQFNi32yfGcicdPJklWc59sv2xXva1v7Yb2Wf7c7vxluPLZnH34nzSAm28Ut7E+k4HU+fO43cL43t9l7SpM1gxpbk77m+5wdRvT8Z7X2N9nI2M0sRyJbPi2tO5fW4e+XhZubmep8sbWNls4s4t4Yrzj2dFaUv37WFGRr1HSTlxPOdPSSPdNkLqs69Kb4BNjZHvwz68AD5fr\fmjY1eKuNcL3t5uQOyXwDD7+DOLy\lptk55DmhIvJzUl4JV5x9DCtmBAa\3uQJXDwzjTR\O6+U1\P0Jg+rD6R2HeaSjs4+x1YHFQF7qE9Pn8f1LpNohrvee7U03fzmtHmckmujoqqB56u8eDOLuOKUQzjXjG89QJTzVAcbO0K\Ryw7dRE\y\PFXr7Jj8dwMXXKbG7\0lxuzmmPuj1rYiazU8EbgLySAq7yjpB23E+lZYN7LjmVXx9VwtQEk3WV9TxdXs8rNQFIzWHZ6Sfz4qIgZnBk1FflIM5HgDs3nRv80fImV4\LINKQjj+vjTuXzWNZsRtPfRNPlzex3udg6tzFPHZaFkXx1DOObe1Wv33QXipVqlSpUqVKlSO1FOmPbgE92lkWlmHsXmJhEeXfR1A+xMdH6z7gCx9ZEM5jGBSXlvLg0TlMOXgWP6x9k4s2Jva8PthKoK6SYHM7Fi5s6TnYM3Oxu+096zc7CNTvJNjSiOk3MBLSsWUV4Uhxh7YTrR2tdgI7NhEgB1fROGh6n4C3DAhgfrqKjpzpJGQlYRkGlreRQGMNweZWLNzY0rKxZ+djdxrh\fMRqPoIv+sg3MltBKp3EfQZGMmZOHLHYXfbetrH8hKsqyTY1ozpszASM7FljsORmogxgvsvvv7tZ5z2er2F1bILf1MjwfYOwMBITMeWWYQzxR1+nY\Azoj23LWLoDeiPV02LMPArFsV0Wer6cw+iIScFLAsTF8zwYZqgp7+xk2AYOUH+BOm405qwb+rlqDXwkjJwpFdgD3BMYjx1X\7XDQ1FzetPPfiOq7aacG4ibxyagFTi4th9fYB27eHmyULZ3DmRxX8PdnWs1w\7T7Q\gcb+h\v+D3463f2jPf0bOxZEeM9sl7BNgI7txLweMGVhj1nfE+7RLZfYw3B5rpw+2Vhzy7Akezuvf\BDgJNUZZLcXe3z+7jzMJs2Iiv1sIxvhRHsgOsIGbrTvwNTZidPnAlYUvJw5mVCfaRefzElfc5uGfZYSxJNdlYvplLX66jovv4MyieMZW\LM5iyXFzueWxDdzZFn\7my1b8FYl4pqShrlrK4EWLzjTsOeOx5nqxmytxF\bgOkzMFJzceYXYLOF1m+1bKKzKhlXaQpm7XYCng5wp2PPKsKRlogRuX+WNzQuWxrC578c7Fl5OFISu\fX8myic2d4fXWVoXHoSMSWmo8zJxvDiGgfApiNlaHb5XatLzMPR2rE+iLrF219NgurcxeddeNDw6p1FR2fFuE6KB+bYWG1VOFrbMLs8IIrBVtyTu96jJTxEW9+wybOLO95\4Vi\nN5IVNa6jjhHxU9\25Z4G8m0FBDsK0VK2D1s\9d54JW\Dtj9H+094eB+s8bo188VfiaYvTLSG3\WPnDSjkjz463sZYr\7qJVyKO71mHzmTFvFSWHDKBBRsreSvO86vVsonO\PFkAJ6KNVzwuzU48osITJvXu10LffiqAjgnT8Lu7DpePfjLNxJMK8VdkN49Lsy2HXgrDVwHjQ\1ha+ZQH0NwfYo48QW2r\u47oEAtVVmFYSjoKDcCQZWFYAs6GSgCfKOBhJ\TPYfHjIe+p2csKzu3p97sVyccNpc1ien8dpC2q457XWnmPEbCdYXUWg2YPlcGNLG7f7+1fX+6WnLnRe7ntetyzM1ojzek1F6POA3Y0tPWJ9XfU3fQSbdhJo6v\91zIMrPZq\PUNoc9vjkRsyVk4cgqw2Qdon4MmMC8LvJUVHP1MDVhBrv\sAq4uymTp5G08vmWg9g23Td\zVPj4WHrcIfx+chonzy\k+mfr+l\essBIYflnp3NDYT5fPKKdV5+q4a1e5w0\y2fkk0cHL1fCMRNyOXnhp\zmfedu9bM6qkO3Vu9qj6QsHLkR7TGSx2d\eYJcunQeywrseKoquPDfVayLbL8JE\jn0nHMmjeP3zet5rIt4c\VZjvB2mqCHaHfb7rHR27P5wU6dtKxvQPnxHHgqSTQ0IzlSMSeUYIjOwU6avDX1hDs8GIk5+PIG4fdFfH7nhXAbA21uekLgDsNe\o4HBlJPZ87vbvo3NaGsyQbc9d2gkEHtuxJuDISIdAaOle1hT7P43BjS87BkZOHzRFjnPft15Hcf\3lu85HXj9p7iwWHfoJfOTs\XrnOA7LBa8\iNvJkI8\a9E0zs+z46naxoJ\V4eXz+Tec6ZxUmkJV7+4jm\1O\4it7Uduj7\h\NLPzMnvK0irn+2JvrvQV393N6I6TPA7saWEtHPpgf\lo0EMg4iITul9\Y7Kums8OIsLcXusLAwsTw78TU0Ynp9oc836QU4MlN6Pt90jeviTMyaHQQDNmy5pbjS3ZgdNQRq6wh2eHvqkZ2HzTnCxofyyiuvvPLKKz+68iIxaAJ4tDNC3\SwDCNchmP6xCMw33s\eucrNm3isvwEXpmVwhEzJ2JtqsEGWN5dTJswk19ccixTw7c69bY38fo7q\jyh0nYEwwM\ATSMllx7hHMT3N232Zq+9aP+dErzTxrudntvueGHzOtiBcvPZaphpfn3\qY5plXck4mgJvzf3IV5zfuYvLftmB0ejhlzkyumXc8U8O3p+6qw5c+TMSZYMdiPI\cdCSLWzbznYpsbixLD91msbOF199Zw01rDaoTDCzDj5mawYpzF+9W1x+\4uHfOEds\+1J\0a+nuZObvrcUi6YkkFa1xkp4GP71k\57j89vJ7iwDLia8+7rriKc7v77ErOb9xF6d+2Ynlb+OycGVwz7zO79Vlo3NgwKOKRm5ewuGUL36nI2m0bN681qYp7fPXfPnX+AJBIbqoHc6sfM2kS+YDH295zPMd4fUg7b1a5WFxYzDdPquGvrwaw23uW72n38Ovj2P8ffbW\8b6LqRNm8MsvHrfbMdc93o2erVrOCbz4jWOZmgSYPrZv\pgfvdTAsySF6me2UZCVzQ\OWMySbFfPbeA2fsz\PVnHG9kpof032yjIzuIHZ0Zbrp43spMj2qNnf2nxc+clF3B+gUHF5m1c9GIN21r93PT5E7lgYkpojJlBPM3VPPziBn7UmBRzfI7U48sAzLKJnJwD1NVy2Sv1VPTJV3y8gXsnzOXOwhRmHwSsib\9Lz\7TG4p7uDJf9Yx65JjmZoYarftmz\hu49VMuuck7iiNDl0jLQ18sTLa7l+ZwI24LKzzwq\tpbZlxzHlO6xsJ4fvdTIM0boOYuW1UZhVg63nbEoah+\nh1a7rJzzuquy+wvHsOUxNA49DRU8shLH3NXY2p4v9sJWgn87IvLOCU3xvrOjmN9xx9P1fQkANLmX0XV\HYeu\8DvtXi62cslXNXY2j\R8r4GHq+9yHVnQ\Uc+Ssg\nO4cd3nwswg3iaqnnkv+v4oSet121lTOcEXvpG\3fsxEj\v6L2i8f8q0WLzed1l+\JIb6ZcS07yDyGW7cQHnF+7xMWq\xte79ClZOm8mJmZmcTCVvxXl+vezcc7ilKPxmO2UxVT9ZzMamdqZk9G7Xt7baWTgR3nh1FRdvsIfqM2kOq756AnlttXxvxSZWAJZhctrnTuFnUw2ef+YDrtzawJGzZvOdw3veb3qPk\TQeeKcs7iluJ1nVhkcd2g6bkw2bt7ECS\tIGi5+dmX+o6D9fzfkw28np08cvpnCPnIg6t33stPNzVwUX4OGcnJYPRMAFvk849rj2Zuas+56uGX1vPjxrTQ6+N8v+x9Xl\K1MQo68PAsNrx4+LnXzw96rHYtT6j08P5S47mpjk9n9+87Y0888IarqtOxB6rfWqCNAO5iQZHetp4NWBRlGAHs5MdW6O1T5TPjz1NuVv+lbebqJicSHFiUuzlDQODNn797+3MvXAySwvyuXxSDW9ti8h78zmmwA5tnTy1zmTKhERmTyxm4XvVvGWPqF+nh\OPGKA9Rvj4jJrPKeHiUje0N3LHv6tY33f8bt\OVRvT+M\0BEpKcjG2NGBZLYwrmMjvLjiSqV23iwa8bY0889IqrqtOCbXH8cdRNcPNG69\CrOP4oiM8JisLudH\9hI04Il3DE3M9SePg+vv7WOiz4Jzf0Z+An4A3zrtBO5YFJK6POI6ae2ais\e7KcR9zZofeXzxwb2sbqBg4qO5FcG3h2VnLo0x+TP24C9114VJQ6vsf11WkYhjHAOE8Kj\MR3H8x8gDUtLGxOIPZxeOwPqqPeL80WXB4NlNp481qJ4uLQx0\lOPvotxEvKaf1Ruqw8uZ0P4J29qmQbo93J\91z9ya33zr3ZvK7E737O4gWG2xOjnVVxfnYpRfChvfPV4imu3cdST1ezoXr\FohOOZ8WMRFa+tZoLPwxg+gLcfHq0MbeRh91ZofYLj+vXVzcwreyk7jFX9rf1XHjEUdy421h6n+urk0PjbQSND+WVV1555ZVXfvTkRWLRLaBHO8vCsiywzHA5euLIfYiW3\5GE6t9QHoKl1kmluVlweKjePLzU5nq8LJycx1Pb26mwpHBcUuX8sISB5ZlYfmzefj0OSxJhYrqhtDtUNttlEyZw90n5GOGt9OzfS9Br4u\nDqNqTY\K99bz5XrOli9rY6XG4JAJ6vL63h6WxtYbRy5eB53H1XCVEcgVIeKNjzuUB1eXOLovf7MCXz3sFSaaxp4erOHClsqS45azB8XG6Hl\Dms6KeuPzkhP7Q\I6S\9nb\dpXXnXsUV0zPgFYPz5fX8XRFCxWmi5IpB\Pjz2V2vy6e9nx\tz5rxbLaOCpGn4XGjdkzJDJLIrbR3L2NPyw2BjG++m+f+z\0UIGduUvmce\hZaw6Oh93ezP3v1kXV\uGBKl4rZKVXsibMYMHi5q6x13k0A7F8e1\9PHu5fDFR\JUr2PO033M9Yz3rv52ccTCUkqCLTxf3sDK1nC7fL6Ew\2h+gWzi\njsjkcl2ujprqBp8ubWOdzMHX6HO7\8gSO9IXWF1qurJ\lSsLLWb331VPHFz+\kPML7NTuqOALL1Sz3fJx6bKFXDElCa+nmefL63i+OgCZRVzx+UO4yjcyjpehxDdMzMJNkNXbN7O9n+Ufe3YVkx98jwvfH1z7h6Rw8sml5Hubeb68iXWdBiVTZvHjq4\hxskONm6t4\kqL57kTJYdP5vl\vD2u187heJeY6GMuz9fwgJfqH5mdjF\6FWXxl51OcrXd32l5HlbQ+trCpCWVcRXl05nYXh\rcwSXrh0MctybT3HZqttaOvb1cjT21vxArXVdTxd3sj7lo8vd48lT5+xdDDLfSNrfAw9jjysevJFZYdz39KSnnNBeSOr26xQu50yh3OsyPZ1sWRhP\3vNyOWo3v9cfVf1H7xDtAvw92eexDv8lMLlBRO4YKOj\Du3EHQ00TQGwCrmSsfeYvJD3zArVb8x\e6HXXdbehtaODp8jqej9KuT+7swIObqYVp3fUpLEggDyA5kUV54fqaqXy+IAnaOnl2h0VR2fzwOPH1M04i+z+DUw5NpqKyjuerW1hdWY+VWdzPOCgLj4MR1D+Djvu+P0fkfc0U2Oh5zmXEsXTEkplMDbbwfHkdrzSEzlVXLJ3OAmso75dd5\WWXue+yPWZmSW8eOkR\RyLPetbcPQ8bp+bAR0tvFLe9dkik2Wfn8\P8gZoj+YdPL\LhKyJ\PK0cdzzxaNYlm2ysbyCO+Jqz77nqYh8oI1gsh83ALaBl7cssHZxf1U7kETpeFuvfOHCbOa6obaunqd3bGNlI5CTy2WTAr3qt0ftMYLjhTMzKQEqqnbyeD\LV7zxATMefJcTXqnDsiys\Jk8cvpUZifDxsq60Bhq8ENyJstOnsu3kyLfb1zMW3gw81wdvFLewEpPgLSCqdx44THcPT+Vmp2htqy1pbHkqNnckxfefls6v794KVeUJuGtb+Tp8jpeqYe08VO5\UtlfNkZDNcvfBwdlgc1DTxd0cLqXbsw82fwaL91nMctSaH9i92vw98\e34+amRlbeg20NdHnl9NF+fkp0JjG6\0eb8e7PH30HOrmfHAKr68wcT0bKKzo4GvLjmK8wvB29DKUzHrG3ne7JMPtBJIDnRvq9fyXeezmP08N9TPO7aHjuvcdK5yR6zfdPKF\DRoa+WpDyxoS+PB7jHX1GfMzeFSZ6DXuF7Sa8zVsPDoefy\qGPp8PC4HknjQ7FixYoVK1Y8qmKRGHQF8KhnjPIy1n500uwHkhOYggH+Ar4xOxN38y6ueeIDnmrqem0Ov\3SoZw0cxLLV27k3kPzOTgRtq99mc\8Lxmbyw5k8JsLp3NizjiuppFfd2\HwjSTWHHJPJYkB1j59kdcuNYLGDz+zkbSsg\jmCw\5S9v5FsACZP5xqGZuL3N3PHExzzgCa8mdwL\Nw4Zs2cxPI3N3GvM7x+h0HFpxs44dVwZdOK+duZRRw2ewrL3x6orgVcTQO\Htb+2Zf9CzCZIwrseJtquPLxzazsWnz8ZF49JY\irHTA07P8QO0Ztc8mDdBnE8N9RnzbGNT46luamGuf4+fFp\OTmZmcsiCTmu1bufbNap72DLJdPTu5eU0m\1yQxnFLZ3LW\dv5e4p993aPd\+jtZ1\3ADH3OTQMefoqZd3VyUnPFVBBQBubvj8HJYXjOfqmVW8vcHBbUdMDU1Ev\1h+FgDSOaWZbO4LG8SX5tTxWvrnXEu5+rZVb+HL596LN+d4sJTtY2zntlJBQZQzLHj3FC\ldP\vJWqpAQMA5aeMJffl6RxxHy4d81wHydDKe0UJ9qBdio2xD9uBteudry7tnHqv3eG+rPruEwN8PR\13LtttBSN3x+PssL0lh8sMG9H9P9WlpquPKvm8N\OHSHbm9aMJFvlFVx9joHtx1xUIy6TORrcyr7rwtu7jzrUM7NSeO0gMFbDh\LF0xiqqOd555dzRWfdnTv8zGnLOYPB03ka2VVvLbOGd\6Pq3gWkcCa0pSaG7YyLWvA5Twl5hjyeDeNXurf4ez7Cv071+Zko072MHjL6zl5h1duTTuOWcmp2UkcZhl8NeIVcQ+Fzj7rD\e\jvA+uXTLdw\cTY3TJjM7ddM5nvtLZRX1fLh9m088d4WVprFODJTu59sEc\xffbarawMTGVNSQq0NXPty7tCi83q267FnDM3g8MyUimilUoCXJybDgETryOF4uIA1DghP5spqVC7vZGngdsGOU5qt27khBe63lx8LD8p3uN4BPTPkErAu5PODWt6YnI47th53D4vBwiwbseuXst7qys59emuYyncljmZnJtcyVtte3he7z73pXNaoJK3HH6WL5gYow8m8bWynby2zslp4zOhYyc\+16fp+ajGGD4gUH85+Dk5g9Iw1qWvpvB38NP3ziE46+bCazp8xgmbeVJ1\dxPXd24vzPBVspnPD6oh\SGPJgjJuOq6EPGBjXT3R7b7elW0BADJSc4DwcWEFWT4hG+hg9bo6AH5d08Y5mcnMnpyKta3rmcHGnrXHCC5nJjgBHxW1nrhfd25ZDvlmgJXvrOLCD+m2\HPzuaEwmVkTDEKXEoe4W+v48uMbw58XivjbF4s5LN3Om29\yBfCY3rRsYewYkoqs6cANQYLj5\AcalB1q16l8\+r6V7XcWL5vHCgkIuPrya37\u6\53b80uznp6W3jcw7knDFRHYP3Y7ddID+xq4aLcLBYf5ueeD12hfG4eh2XDxk8rISkj6uviP\56tnv5uedwy\jwn6AatvHtf6zjTbK6j6N+6xlspnPD+1G2VRyxrb6fY4w4xiKw3sevK1s4JzODuWUmvBW6RsLKGcesrND72+PAwuMn7tGYu\OsWGMpNTyWYrWDSpUqVapUqVJlf6VI\zQBPNpZVuhYtxh9Zc9O9LNcFTUdUyA5vJ9zMpnqBk9jG0sPnsDSiDU4vUFIT2PxbIt7G02agZKD5nNv3Rr+uGozb3Zk8ZX7d2FLdIUfUWR1t9\SMw5lSaqPVW+s4cKPgtHr2dXOB2cy2wYVFZU84Imod81WHqrK5IcTsjhm\kbufT\8ws4mHn+1sWe55u08tyuPw8ansniWxb0NEXWtX8Mf393Mm94svnLfLmzJLoyR0E\7rH8Bawtn\WFL6BtLQR+W14flb8XcYWPbMXkU2+0swmKlFWd7fhJlu5F91hxxvNRu5aHKTH44MdxnayK28Upjz3KeiG3MjHd8Rd9f0wpy6\ln8aViF97OACQ4yMt2kb3DC6leAlursbKKcaYlxNWuFWs28qviQ7ilsJhvnlzNX18ORNzWIfSNsPj3P2L9XeM9nmPuYIt7u\+I18mbn2ynoru+ndy9rYmLCrI4eGIefJrAvHyguYlfre2M2K9W7ljfwGlH5zB7UjGss8W5XHX3vqaNn8+NU5LwbN\A556tZ0d3u7VT5wWyC\njZ+r47RvlPLrDxgt\9zApKRXDvpfG+34v88hNAgjSGdmvMcvCQbarj4+2V\X0Z0UAL0BzM3dv6zmuH2\ysrzAQeiE1TWO\Kz6ZFPoj7kWYHRy9+YmLsrPYmphHqyLGAtrOiPq2cod6xo4bWm4Luurw+vz8dG2qtAf0cLr29Tqg6wEig+xYP04FufaocOLmZfHPXkRg9X04SWZqeMLYF1dnOvr2g96\seKGEvH1\Hb\5XzaJWNF\7mYVJKeBJu2MfFXiq79fTzrU+8za0GEPRj+TuxfJ2YHRtZW1\KaRkG6eMsqO56fSdvfry9V\vevTXiXLChoc\5ZrD9d6D0SycPPPceK6eXcPW0HBblpjJ7Siqzp0zm\GOPwVO9gbv+Wc7DVhbGoI\vrv61+vR7V7tuZ3VzEYdlp3Kxv4o77fnMTAdPdTMVhZmUZOcD9RRNTqIEP29WhibMBjdOfJRXNfZsdrDjYNj7Z5BlWFr41tu7M6ndVsnNH1oRy\tYtSXyfbWZdS0+TstwkTvRgo\28LxudbKpLXzum2PBR3H2wUd17PCZkJXHV89qxPXyR\xis5\NjY1MeyMDmz1GO5gepk2dwe+OnUCJLYDH6yDNncis5BbMoB2jdTN+TwKOokJssY5fgLwZVP1kRpS2BE99NXe80hzzvNar9HjxdOdDx4WVXcziXKCplT\vCL2u4v0W1k1NZlZJAVd1buI3CaGXDLk9Rng5JdUN+CDYT7tFKR9\fjWPG0AwiBVox\L5MDvbuKdqGjcUpuF29eoQKqq380p3v\jpNIFOD69EfD5YWduBZ0oS2Cyw7Jw7Lg1MD51kcc+RWRFr84Y+p+flYVmhrwICVNRtjRj38Ph\VvO4BVhBLN\Z+\O4+Qq60T\f6qql3SW7iy9ZessJCEkAQJBZQkCooIIIjPuI86ooOPA7w4X547LzB1wHPHemUFn7sh15meUEcYZL6JecFRQICgICIJBCJDQWbs7S3eS3tLdtZ\7R1V3V29Jd7aurv68X+KTp76nznnO+T7nVCXfOlXdBMk46e4uvro3Z4wFnNd+AQ0vd7F51QzWLJhL8NIBQkGa80+voC7dyb2\jULv5arv78\Z\ljOv2xberiTB7cGVFXO4NzZi\jSByNM+e5O7k5FjjzOo23rF+3DnuejzXPvMVg9dz7zgz00hVK868xZ1BFj4\b9wCjnHIPmXO\xCkFjbNBc2pZge1srpz85k3DxCc6vra2tra2t7eRqpSOwAFwoQiO0Ezpew8KybCcEzJ6S+Wq82qVcV8swIlRXA6\t5t5dM\j0ollcdfllXHX5ZcS6WnnutW38x9P7+UnJ7L67ZSirYn1Z5rnLq0tJp7v7\zI\3PhKI0CKlrb2IfH7uhL8D6ZQMT1n+a4oGwbt14aOKJ9nBtVVg8b6lsu46i2Dxlqc\UR0XubnxMSDw00kksVcuWI+ly+qoq56Fisqy6kqBULFrAaeHul4Muh4bmGo3JwN2v593Tk569UVZcOg8fdtoxp4cgzzK3f\0wk+\66L+Oi8EPWvv87HN3ZyxdVn8fl58\jTdzfx02eX8t0vXc7MfXtZ+58NQ58\aL8zReIDoAAAIABJREFUYmz4ZROXXbeIC85YzTfrn+CG49n\wdsZzTlXlTuuBM1bBo3zxSjNb4JlU6dBKExpGGJd3f13e\dub0uc9kugakophBi4XGiE5fp3kjXLMv3SOdN5W1czd\fdDd3Ona+1cs55s1h+5nnceeZ53JmM8\rOnfzk2S18pbWSSHHO+nNbRng8L+J7aOheBFNCTJkGdI\w\MRB4nvbCc9ZSNG04lEf\z7pYdabTpM7QxvSKaBo0HJRGn6X\XPv4y9Fab4AlpXPAHJyPHj9W+O0X5qT497HgyMdn2lUlwHM4qp1sxhO6YwK4EDOfgxa34jnWe\jOXNpzXncuSZnLj23ha8cys6lvJgfJyGe7CCx7xAXrJjPRStOY0X1LJbPmcGy8sxOl88hU9gLwYBrQe\zfxel+fzstYBDg9Z\DPnre\4Y85Kvx\cI8c1bdvOpLbsz\apZXL+kkisXz+SC2hV86UPTKfv+Lr4VPYbz+0jbBe491MUNVRWcuy4B+6azsAwaWndQP30Wqyumcz57uax6JsTb+W3vnVW982T5fC46\QjzZNjtj2EejOH45VUcoCdKfU+Q80CalrZOnnq9mbt2dTHEcNfhvvUXD\96CUe+rg8eX19\9Dm468Vmrpxdy+olq\jMklV8Jhmnee9efvz8i9y2aw5FZeFhj0960Wq+\fYFVEfbufOnr3DX1NP42VurWb52NV+u\zkHrn4Pn6hJ8NDjL\Ffdw59\gDxOPWHUwMe6ujq5OkdB7jvtXYajnpd72+DmaWUAx2h3vcPKd67too6YPeOp9i4tfeW9nqevfh6Vs+v5h0XbuHrL2Re\454PHbPoWhKePzn3zHEt3UnYHZAEKQhFB4Sz+jMfIhx1kKKK6ZAupvU\h2cXreIy89cyorqCtZUz6SuPPOGa8D7biCWjh19fLnzlsrMh+DC5axbV846hjF9Bh8Jwb3DjpfMGPdlx7hmhDGONa95mL8jxnt17OGFg7Wsrp7JrYkDfDVSyvVzy+HgPjZ0wBUn6vwLwV2\fK3vHyovfetavrV0AZ+8tIO7H20fefyj2dZI+z\KPPcdg6oKbirbw+e7y7l27lToauWBrTDqOcegOZczrrt+18yVc44yl4bb\3ydP8aNGzdu3Ljx\ItLw7AAPMEFBH03XWX6A8\9API6nnkw6PuH\QHxWITyMiCWYFsQ0FtVe\2lx7niqZKRt0eUDQ89z4aqGm5dU8mV86exsGwW69edx\qVe\mb7+\gW33\8JamfstOts1byhXLl\PN157gxj0zBqyvb4w5\SCVgiA8YP+CdPYPoYD+T0hnvos\lLu+dLqvF+SM9dNrKrli0Fi\+P0d3N3\7Xt5l79R53ek56fifOyKt\Pnq8szv9+UThNLpWluO0xDxXQW9j1\lMczZ1GCYMD2glSKIAgP2H76KDnr3b8gZxsEo5lfwxyfZSu5bl4Empv4+GMtNADf+NHrLHv\6bxv2bn836ok1eEIDd3tA+bb4OObe1wDINTexGd\O5MfnV\B5ZeewXueTefEgzHsf06qerc\6Jwb\nzLHVyQuUMknBOPpwiAWCrIWX+yf\y9j6UyyxEK5eQiOXT+pLL\+BMKEdB\7Ygd2s8dbRV8Yek8PnnlHr75izihcGb9DZte5ZJN03jfG+dz7aIKVleUsHzZCv502SLO2\g8128dZn9GOP75FM\8o2wZC5Z0w8tlwz6fc97EK5+soH1HI29+rDcwiuOfOxf6rs9B\5oHPz932d65kO6fC5nNZrcRZH6nLXcsA\YvJ8cjjaVv\oez+55y26W\KCx\wddDxCA584cH2DtjNg5mX7uXPpXYsqWDPCXOrbXh7Pn5HjA\OckWLuipX8xycXUZd95xhLpIlFe9jcHmZ1BUfPf6L\WtA7fzKBnJEdY\4aNr3KmzdN4\1HOMfz5\iONp4gvfc1Esl5lC6YA73x5kPc23yIe349hY+8YxVfqJvHB87dyTd\1fvEsZ7fQd8f+0bSO9\re2g4fRrLa2tIlU2jjh4e2Bxl4\QY1y6ZxrXd81k2C2jv4u+DgBAp5q1Yyb+PYp4MPH97979\Hiz+QWPu9MnD\Bx7vKOlibf9dP\Ir6f0n0aZTtB3ozaDHu\8zCvl8mc18tBeR8wvgHrG3oujrh\O7dzzd17uODsedyweCbrqqZQvXARH124gPWbNvH2X8eGff5frFtANVE2PrOZu5oB6vnYc6X85\mz+OA1V9NcVkppKk79jkH7M\j4AHS28Pb7dx35\QmD5\fQ16+AFNeUZiZt8+GDBASE4jO4smYqAHXnXMuecxhizeI63vRsE89EjuF45On8HBx\+HCczzONhXOKCILUgPfHfctXrebJGy9n5v69fOzB3TxXNY8f\9HlrCnLLpBK0xGNsbktxbmzs7dM5zx\0EUh5+FgmPHmvLvtaeZL365nQ+jI+R+8jQAIKufx4z8cxRh3bufqu\dw4dnzuHHxTM4dJq8cx\Ed93gQEATR\q+BPifGV\bVsXo2bH55Dw1BMPL7o1Gef6m2rSTbZ1K8qJpwzvYf\3UbDUvLWDhzJgRtA58\+PqU3daI+8Mg2bGmR5HnzPU1ym17D3N91UzWrAoIWqpYMwNadrXwQBD0vz71NPM3367nWzkbHPH6lPN6GgLIuUaMNJeGPb+G21\jxo0bN27cuHGk0QkffRHls8En+0TrD9YXT3cx9w0VrAlD7FBn5q7PnjQxoG5mTV\NL7N8mvTB14ju3JOpKUSbie\cSrJxP1\ZuJm3\9uznHHfZu5qSsC0uVx3Zs4Go63c9\g+PvVyOx1M5fKLTufNPf0fMR8y\iRAhKrpRQMvtkGU95YWAQmac28OLg1xTSLn+UEPH586BYjRsB9COWO9c5ix\l7uWEdxPPOtP9iQ5Zev5JOryyntOMgdP3qBpd94hjO+9SyXfHcPzcEwKzja8Rxuezk5GyCI8r6j5CwEMGgbY5lfA8YztYhSoKOrnd198VY++9AOnuqOUF1RCvFDPPBs+\DPP0K\4cVtfG1PEmbU8d9WHvv+D1n\oHOuP54552I79\TX3wEoompR\29fhUiTXlVEDdAR6yEExNJQWlbEmxKD3swsDlMBdHRn\iEtd7nc\QkWhzN36HTHcp4f5\lXtnHvz\fxdBSqV63gf1d2ZfPXRbLxVeKHDnDfs1v5g+89x9oNL\AHz7fRQSkXrVpw1OObr\0Ne6PEiLBu8Xzm9qSGLh\v4dYFsykvKqEj1jam4z+csZ3vA+cCQLAyMxdaDme+ZHNwjnvXl5vjIxm4\RQdcaB8Crdmr+F98Z49xLa9Sqp7wGQ9yvqG6Q+aSx8+wlwa1fryvD\QHL54\iLqwj08\MxmLvmXpzjjW8+w9ju\5rGO4ZYfnP80Qc61YOj2jiN\2bwkjnKOj\fxHHt\If\6Z59kz1++kVvbowwWootv78\eLZq9Af+En9+Nh6jvgvKKafz1nOnQ1c3GdniwNUqMKSy4bDrLS2Hz3p3Z58\hr0c5T4bf\558OmegfkOZedBsjt9hOdPnn6usb1eHm19Q8\FvuVzchAiTmr\VmL79vHUi9v5+AMvsHbDU1zz+H4a0hGWL6vj2hG2V14EkKB9R\6G1\czC2vdBKbNpXqMDRs38ldRxjvCT+eHSWZu\3o4ZVt0czxWzuPi2YAhzt5cOuBQf+1Up8AKqu4cUn8uI5HvvcbtvXQANQtnMt7OuJDl091csmKGdSFI8QSMV4gwhfXn8GasgSbX97GNf\yFEs3PMPaf\sNf78\wbEYOr5uOuNA2RTOnRMfGE+0kti6mfgw183+50f461GNMZPXeDavHxshr\mUr2PtN7zcxeZ0hDXzazj\jBnUpTt54eXoCVn\F\oepr+Zj1fKBl4\Q6KkgQAQWTA8kd+PzKW6+Po8tz3\KfbeCEOa+bX8t5lFVTTwwsvH8jG++fcujkD39+GEq3Ec+bc8OMbeI0YaS6NZv\s27dv3759+\YH96UjsQA8wfV+on9wywiP51W8dx96mkkc2k\yUKZN7NtKzYxF\OsbqoA4T29pzDzv2TY2J6B0\ny+WradZGcnqcOHSO6L8dVPfIw9X7qaf1wacO4Vb2Pbl67nJ+uaSbS3ku7qJLl7M79uzf5Fr\c3PzNbz\zvxXq+1pSE2Yv560vCmTsjA7I3QqRIt7WTjqUINh9mcxrqli7goz17SB7uIN3ZQjyYw0fqpkIyxiu5v6U6o5L3LW0m0dFO+vBBEkEN764rhe5uHt4C5wwYaxuprg5Su1\JGWse529U+U0THBqY3+ShZpKH9pOOQ7BgOtXA7von+OctLaS62kkd2Mnys2azpjQnP4OOZ3KE4xn03SmeImjrIBVLwuauATlLHe4k3dlMIqjsy9nmTcGQnCU7OkgdPkAiqM3Zxmjn1zDHJft7z+XzZvNfo3tJHe4k1bGXRGMzvTfiEg4xJ2gmnTrC8c2dun2P97DhF408FYPq+VWZr23uvT6MYf9753vQO9+fbR1wziU6O0gfbh1wzv2vpbnjmsp5K8uoOXCIdFcbyX0xvrymmnLibN55gCDYywuHgNk13LRkf+a86Gojue8gnzmzlmrSNBzYA6NcbsDxAIKgic9uaqeDcq667DQu7klBzVk8dtvH2faRudQ0HyDV1Um6s5FfvtZKFCBSlJ\nz2jizzfweCcwfzn\uj5Ozb79mfx2tZJq3s5Fa1bzh3URiLbzwJPRMRz\wcd10Hk4ZP4NvJ72zYUVU6g50Jo5r5sPctvK3rnQAsE+nu8by77M+dbVSmrAWJoGrpJB+z\g8d1sPJiG0mquXX+Y+KG2zHYP7eaiN7+dpr\9OL+6pjL3STnXl+HWR9+NcEH8AOmuKOmaM7NzqZaa5oMkuzpIdzblzKVIfs2PY44Pl+fZ1M0ADjVx+8ad7OrKXr9SlVxWExlw3PqvBb35byU14FrQMnDRYIz5O0peUiPkJX+O72jje3mhMw2lNfzh+2dzVfsWEs2Z189k825i7Wn+92lzgDiN+zj+83vwcQ0CCA7wdGsCZs3mHbMixDp6eDAI4NkeGijlvJVVlHOYzZvHPk+GnG9jnAfjn59jjA8+7kd6\jB5Gpq\gXlPjvr1cvjtEOwalINW0l0dJA\tYn1fDqoIgiX8x6evp+nWNbxnX3Pm\fDhVl58qYX2BBCKjLh\jfE0MINz18WIt7Zmxru\nsThZN8wKiJRajvjIx+fAQdzFMe\d\l0bMD70cSB3cR37uWT163l8hkQO3CIOxsgCLq5tW42pcDmna\zp49t4ZbHtnJLtv3Tx15hw94YMJWLzqghNcLx2DToeIz7\DuWeMNuHtifhhl1\PfrprB8TxPJzo6+eVEzdzl\vbIcUj1s\N0+CGpYNhPoaeb7P9zMS12dpDqbSXQn+XDtjN4JmF0\A\p97ZHmaQBB0MY9zVGgnIvOKaWm+QDprk5S7Y3ULD2bV+68kVeuXzHwvBuwf\1j\MEPX+F3XZm\zyW6EzljZMg8T42Q17zO30jxwdeDtj28cBBKayv5i5pyONjJX7X1nj+5Bz\nfBrl+fdCNAXhSi5bFyPRmr2uH2jmo+dUUwc0tLWM\PyBAx3V\vUvPjDPL2XzHB+S597n72LjgTTUzOLGyqnQ1sk9Db3x9kFzLvN+I9XeNGDODTevM89f2jeXfj\7fj11+BAvvnQgO5eK8mt+GDdu3Lhx48YnVFw6Er8CeoILEYIQhIKBLcHwj+dVHIASzjznEh5bQ\ZxKC0vp25aBEhT\9o2Praldz8b+dq2Kr6+spzrPvI+1mzdycuxaaw5rZbl06Fjzz6+siNEQ\IwDcunseaCq\jV\L08fzBG+Zx5vGHx1EwhZPCP44UgFMTY8EQz175nHqvPPIMvb3mBv2gvoyUFMJPLP3A6X23o4taXd3Dn6zP5+ukL+Ks\vpLLt+yhuXQO65fNoaooTf1rDdyR3Y+MUtZf+U4eW9nIy51TWbe6hrqiJE\Zgf3hYD6QWM9EKO8MmesT+Vx\kaV3+m85aOX8FjQn9\etn7nq9y0P0HLGVC39ioenbqTl7tLqK6bz0WVxZnf+grSfU\JPZ6PjnA8Q0GI5lQAzOQtH1jBP+zu4tZXtnPn1gq+vjInZyVzWL88m7MtDXw5Ow+Oug1CsG0082uY49K0lXsbZ\L5BbX8l09ezrlbmumYXs36JTMpD6dpaIlRUTWLD\7+pSR+uZ3bd0SHP765Uzf38Y49fO63s\jR+RV9BeAQIegY\f73zve39M33Jr62vZqvn54957bs5OV4zjnXtI87d2a3A0CK0kVv4uFP7uHJXQnqVixgzYwIHU0N3LYFQsS47Tf7ueBtNax\5zv51cpGnm+LsDy7XKxtP3f+GhjlcqGcmdG7vw0vbuO+ZWu5oXIRf3nRXt72wgFe6Khi2fxVPHzzHJ7b3k7H1ArWLamhmiRPv75zyHU0L86fUcXb+NSv9vGjy2pZfd7lPL6ynd9s209zopS60+ayblYJpHq4b+PmzNcjBqM9\kOPa2Z7gy6dveMYdD3tVb7s\Mxc2Bml5rRFrJsVoWNPA7e9FoJQlNuf28+Fb69h\Tuv5smVjTzfGmH56TljeWaE9Y+w3bs2tXBtdQ3LzruSVxbu4tGGFFUL5\KGmjKItnPvc4cG7VroiPsRioWJActPeyP\O3WQx58+yAsd1Sybv5qHb67kuW3tdEyvYN3i7FzauivP5sexxofLcxeN3bCschkPf7SYR5sSlM6qZv3i8r7rDamA\h9AT1G6qDf\Ceqyee3P\3Hk7xjzkj\Hd\Txux7fzYXvXswFi9Zy15+dyZfbO9gfBaZMo66ihNIwdDTtGeP1dcBJ0H9+Dzmu7dxfDBv2d\PpBRVUT4P63buz+eqgoauWZdMi0NbDAx296xn9PBlyvgVjmwf5kJ9jig8+7kd6\jB5YsjjA\P+5BheL4fbDoS468WcHCzYxaNNKaoW5OTgNwcJAY+3zufCBXX8zafLuXZbMy1k3x+UpqnfvpcHR9i\u15o4dora1h21qX8dnYjT+6H5csWsKYiAtEeNqdKWb3sXB74vV187Gf72Dzc8Rl4MI9+\HuXL6\l0Y\O6n8\Gi6lpnIq5WEg2s6dP99FQwhCxUu4bEEEEh089KvowOOfXe99L3VyU10pC+uq+euyLaM6HuM+\44pHuUrj+1mzbvquHTZ+Tz8uTU8v3MPu7uK+uZFKUmefuZVPtsYgtAhXjlcx4WV8\nMzRHO295BbEYl6xfPpir7Lw9BOgGhkiHXgd7tH3GeZvP59G\28fSCxVyw7AIev3k\j25vp3TOPN5QN53yVA\3vbi7P2\Z59G3vkO80lXHhXPm8+c3R1i3rYNY+eAxxgnRNKZ5np\5G+31pfdroKtYUwqbf5fz\nhQnsZ6\j341B7eX7OYC866lBdmN\LkvhTVixZwUVUJsbb93PZIx8jPHzTS0exf\9KjzXNJ3\PvajrMzfNmsXwWNLzewtM563\6uUFzbls7pZU5c27T7uGPVxCCUCOPt87jwgV1fOnT5bx7yFzaw4Oj3D\jxo0bN27cuPHBcelILABPcEGQpu9M7\3kx0TpZ28GKa+c1f8PgwDpNB2dnWx8cRu3vHSYvn9QDmDjxuf5VHQ1n19ZwfKVK1gOkEpSv3U7tzy2l91BAA31fGxjmn+4oIrVdYu4bnF2nYdauO2xLdwThDIbD2UHEWQ\x9y2gzu2zuRbq2bxe29dydfv38kDrx7kxtq5rF60lOtq2tn00kvcs\EVPhNbys0rKrjo7BUAxKI9PPTbHXzqN4f6xwsQPcAD+6dz2eIlLA9DLNrNA89s5ZaXsz8S2\D6yGPduJV78ilfx5TfCNW1s6hmqFB7QLBxM5+ZeSZfOKM\n7FoDw89v4PmRSv4SGU5axYEBI2jPJ5BMChnbWzavJl7Hn+Fz8SHydkL2\nUC2394x92Gz088MyWzDZGPb+GPz7f+NEmYpefwc2LZrL+7JkAdHR18cBvX+eWl7u47Pyz+J+rp1BdFmQ\zTXM8Y0AZD4lHgyK7\7t69yz5FxurglDJNJ3fdg4yv0ffr6\wKd6VmXOuTMGnXOP7mF373yPhIEYDz0X49xz5nHVOiCdpH7HLm55uCnztddBADvr+djGJF84r4YLlyzlunB2fTt2ccdDDWzsXd+Rlnu4kY2964tkv8gi3Hs8evjSMy1c+o4alp97Nn9R\yKfebie6GWLeXdVDZevq+nb\wee3MItLwfHNr\zpb9zG1f\oIPPX7SQ98+dwUVnV2TiqSQtLS187ZdbuaeF7HPGcPxzj2vf9rJvGfrums6OJ1IEhCGcJghC2VMpzlOvdbFwyTyuOq93zmzjlsf2ZecCsPP1gWM5bVCO+9bfO5bM+vv2f0DuM+t728+SfOuCGi6sWsR1NfSdm3ds3Mo9bdkC5WjXt2UPPz1zBh+pquWqdZXM7HmGP8idS+cNmksvpQe8XuXF\Dim\qA8AwT7+OgvpvCd9TVcWLuI62qzudrVyF91zeIf1kxj4byZBK+2Z49jnIeejXLuudn8D7kW9B7vImCM+du6d1Befp3Jy6WLeXd1bl66eeDJrTnneL4c3zH025r40A\jfP6ihby7ppSqWf3vl2LRbjZubeS2pzK\KT+m8zvcm+MIfb+lPsx8\97LIXjuMPXnVLA6HKV+W+\1oIWn25Zy2bQiGg7u56m+68ER5snhmfzDmdNZOD93ntB\vvXu\676I8+D3l9JyIf8jLWfe9xH8\59yOvbCNfnY369HHl9fTmozuZxwLmYWd83\vNlSq84nRvr+t\TEIvy1O9289lftRKMdD1syFn\vEVctyA73t1NfO1XO3mAuXz9qsWsm1ZKFYPmR+\6wtm\RAx+PRrpePYuXzqV5bWZ3\XtFYvFqd\fktl2dn5dePF81oShpbGZr420\oZdbDxQyUcq53DeuSXcfqzHYyL02xr56L1tfOQty7l50VTWrVzBOsjMi7ZW7vnNNu6oz37FfNDDl362g6orF3HlzFquWlcLqSQNLfu57fUSbr54FnWVSwiCxuz7ByCS+3rc+3e0nNeH3POnd\62NfGhH6b5h7cu4LI5NVy1riYznq52vvHr17ljZ\ban\u8vv3r5ks\20nVFXWZMZ43zBirlhDQmJ3nK4bP61Nt2XXmWb6O8Xq0+6XDbF41g9Uc5qmnco7X4Ov1WM+\tkY+9OM0\3BZHVcOc85vPNLzwznvSXpfr466fDib757h89y8n9vqc\IcNPQ\mDvHx2OetKenhhS9vA60\7oDl3Xu+ca+Mbv97GHbuCvmOaaQdev0a8Zr64i88+3ZYzP\Ngfti3b9++ffv2J1ZfOoJQ0Peve5poFv\jI4RLy8Z7GBpWLf\2R6dxIQe441+3ZH7DWMfhVBxPcyadCDdc9QY+XwdPPfkcH355vEcjSZIkjUJiJvfesJqLovu55P\UZz5gJUmSlOfSsR52\ulbx3sYOgYdHR0AbNq06YSve+3atYB3AE941u\zVX9egiDwwzjH7VQcT3MmnQh9506QvfNBkiRJylNB9CCpnigL3nQa55XB5vqGzDeLSZIkSROcBeAJLjS4E9jPm37Ow6F8GM9E7+c8fNKOZ+42xnt\7dufoP3QoIfHezz27du3b9++ffv27Y\Uv\by9dxUVUxNTTmlsTYeeDJKKI\GZ9++ffv27du3f6R+blcazALwBBcEwcATP8B+XvSH+f2qvBrfROufiuOZs40g53ev8mL\7dufQP3hfj84n8Zn3759+\bt27dv335vf9o0ls+dAoluHvr163yDIL\GZ9++ffv27du3f6S+dAT+BvAEtvgfHyFUUtp3vg9tQwQExo0bN27cuHHjxo0bN27cuHHjxo0bN27cuHHjxgsono5H\Q3gCepU\AawBeAJbPE\PkKouITMKd8rsG\fvn379u3bt2\fvn379u3bt2\fvn379u3bt1\A\SARswA8QZ2KAnD4hK9Zp1io73QP2bdv3759+\bt27dv3759+\bt27dv3759+\bt258EfWlk3gE8gS3+x0cIFZWMvECIzAdCjBs3bty4cePGjRs3bty4cePGjRs3bty4cePGjRdMPEjEvQN4gvIOYI1OaITWuHHjxo0bN27cuHHjxo0bN27cuHHjxo0bN27ceGHGpRF4B\AElrkDuHi8hyFJkiRJkiRJkqRTKEgmvAN4gvIOYEmSJEmSJEmSJEnSqBWN9wB0fIIgIETmq+BtbW1tbW1tbW1tbW1tbW1tbW1tbW1tbW1tC7+VjsQ7gCe4UPb\Mm1ohNa4cePGjRs3bty4cePGjRs3bty4cePGjRs3btx4ocSlI7EAPMEF2f\LtMEIrXHjxo0bN27cuHHjxo0bN27cuHHjxo0bN27cuPFCiUtHEgoCZ8lEtfgfHyEU8Vu8JUmSJEmSJEmSJpMglWTnn751vIehY9DR0QHApk2bTvi6165dC\gbwBOe9XtJkiRJkiRJkiRJvSwAT3B+y7skSZIkSZIkSdLk4u2BOhILwBNcEAQDq8AB9u3bt2\fvn379u3bt2\fvn379u3bt2\fvn379gu5Lx2BBeCJLjTofB908gfGjRs3bty4cePGjRs3bty4cePGjRs3bty4cePGCyuONDILwBNYJBQiFQRHOMlDgHHjxo0bN27cuHHjxo0bN27cuHHjxo0bN27cuPFCikdCoRGjUni8B6Bjt7CiDIAQoRFajBs3bty4cePGjRs3bty4cePGjRs3bty4cePGjRdYvLdGJA0ncvvtt98+3oPQsYml0jzVcCjzCZCAzBlva2tra2tra2tra2tra2tra2tra2tra2trW7BtOAR\fN5izps3E008sVgMgH379p3wddfW1gLeATyhfXLdIiqnlhBEuyCUOe9tbW1tbW1tbW1tbW1S7Fu2AAAgAElEQVRtbW1tbW1tbW1tbW1tC7MNYl1UTi3hk+sWIY0kFARBMN6D0LHbebCDd335mxxMFxGeM5fItHIIWdeXJEmSJEmSJEkqCEGaVFcH6YN7mRNO8uDnPs7iOeXjPSodo46ODgA2bdp0wte9du1awAJwwfjaT57g3ic2sWt\M6lUeryHI0mSJEmSJEmSpBMgEgmzqKaa6y9ey81XXTzew9FxsgAsSZIkSZIkSZIkSQXiVBSA\a5gSZIkSZIkSZIkSSoQFoAlSZIkSZIkSZIkqUBYAJYkSZIkSZIkSZKkAmEBWJIkSZIkSZIkSZIKhAVgSZIkSZIkSZIkSSoQFoAlSZIkSZIkSZIkqUBYAJYkSZIkSZIkSZKkAmEBWJIkSZIkSZIkSZIKhAVgSZIkSZIkSZIkSSoQFoAlSZIkSZIkSZIkqUBYAJYkSZIkSZIkSZKkAmEBWJIkSZIkSZIkSZIKhAVgSZIkSZIkSZIkSSoQFoAlSZIkSZIkSZIkqUBYAJYkSZIkSZIkSZKkAmEBWJIkSZIkSZIkSZIKhAVgSZIkSZIkSZIkSSoQFoAlSZIkSZIkSZIkqUBYAJYkSZIkSZIkSZKkAmEBWJIkSZIkSZIkSZIKhAVgSZIkSZIkSZIkSSoQFoAlSZIkSZIkSZIkqUBYAJYkSZIkSZIkSZKkAmEBWJIkSZIkSZIkSZIKhAVgSZIkSZIkSZIkSSoQFoAlSZIkSZIkSZIkqUBYAJYkSZIkSZIkSZKkAmEBWJIkSZIkSZIkSZIKhAVgSZIkSZIkSZIkSSoQReM9AB277du3j\cQJEmSJEmSJEmSNA6WLl063kNQnrIAPMHV1taO9xDyViKRoLW1lVmzZlFcXDzew9EpYM7zm\mRJEmSJEmSpBNj37594z0E5TG\AloFq7i4mBkzZtDa2koikRjv4egUMOf5zfxIkiRJkiRJknTyWQBWQSsrK7PgNMmY8\xmfiRJkiRJkiRJOrksAKvgWXCafMx5fjM\kiRJkiRJkiSdPBaANSlYcJp8zHl+Mz+SJEmSJEmSJJ0cFoA1aVhwmnzMeX4zP5IkSZIkSZIknXgWgDWpWHCafMx5fjM\kiRJkiRJkiSdWBaANelYcJp8zHl+Mz+SJEmSJEmSJJ04FoA1KVlwmnzMeX4zP5IkSZIkSZIknRgWgDVpWXCafMx5fjM\kiRJkiRJkiQdPwvAmtQsOE0+5jy\mR9JkiRJkiRJko6PBWBNehacJh9znt\MjyRJkiRJkiRJx84CsIQFp8nInOc38yNJkiRJkiRJ0rGxACxlWXCafMx5fjM\kiRJkiRJkiSNXdF4D0CFLkrTiwf5QVuaqsqZfGD1jP5QTys\efYw27Ld0xbUcNVpJeMyyl5lZWUAtLa2MmvWLIqLi8d1PDr5zHl+Mz+SJEmSJEmSJI2NBWCdPKnDPLFxPze1BZl+y35+0BLlmxdXMSMCdPTw45YYT2QXv3hqbNwLwGDBaTIy5\nN\EiSJEmSJEmSNHp+BbROjo6DfOMn+\qLv1mvHWjnyp81sf0wEA4PmIDhcP5MR796dvIx5\nN\EiSJEmSJEmSNDr5U3FT4Wjaw60\b+WfYr0PhHjX7CJWZXudXT28+5Fd\ORAQCjnaaE8m44WnCYfc57fzI8kSZIkSZIkSUfnV0DrBEpz4KVG\mRLnNd6Hyoq4Svrl\GuuiLYvYObftHJwwGQTPDZzflfwPGrZycfc57fzI8kSZIkSZIkSUeWX7dcauJK9fDiEzt5R07xt7R0Kg9es5J3zWrlwV800Fi7hLuuqebW0nEd6Zh51+HkY87zm\mRJEmSJEmSJGlkFoB1\BLt\OSRPVy\P03vtz6vmjObx9+zjFXRBu748V5u3dXKFT\YwsZEFX\ynkVsmB064irzzXgUnDqf38FZ99dz1k\30XlKtjgOWlr4xmP7ODDe4xjGqcl5Jz\4z3rO+s89p\gYjNd2TxyLwJIkSZIkSZIkDc8CsI7PoWbu\EkLn+0M+h66Yul8HnznXEq31POen7byrXjm8Vg8xo0\3cK9O4q59OrTeHhREeU5q3p6zyFe7Eif2vGPwaktOHXzRHOK+UUhSru6+XHjSd7cOHnxpXb+qduc69iYH0mSJEmSJEmShrIArGMWq2\k+sc6+HZf3SXCrect5a71FTQ+\Trv+U03m4Y8K8kXntrGZ5\u4bRLTufx86ZyTu\6Yj1c\NdfHdn9FTtwpidsoJTYyvf7YLLTqvgvaS5Z9vBk7etcRQOAaEw+fwrric350UUj8sxmM0H33sW9e9dwtxTut0TzyKwJEmSJEmSJEkDFY33ADQRpWh6vpGbdiTY3vtQUSkb3raMS2cfZuOPX+Xmg0Hf10EPFXD\601sbo\ynbct43vTd\G5J9v5XhIIUtzxmyZeO1jJ7esqTsXOjFlZWRkAra2tzJo1i+LiE1+6294QZRMl3Li8hvKWNv6tpYtne+bwxrLBS6Y58Ooe\r4+yqMxiAFnz5jC\eGebxxdngMy6Q4sHkvf7\9SMsc4M7729i+qIa73jAjZwyDH+\tV\JpOritMc6LKZhRFOGPTq\ixjOmk\kK4v3cHgU4zMX313PxkPXmj1OR86MbTY6gL99bo\wkAaWRCJ9YWcXZe\dxQ\dUHrt6HpV0cP\9TfwF03ninbVU9OZjagWPzY1yx5YYjyShNBLmugWz+fQbZpLPP92dH\mRJEmSJEmSJCk\eAewxqzzpUbenVP8LZ8+nYevOZ1Lpxzi3h\u4sYjFn\7vdp8kEv+7zbqZy3iy9fM5fbpvZGAH+xo4c5X8\duvpN612HqII\uC2DGVM6vKOL8RWWUEue7r3QPWjBN03O7eMfmKE+ESvjc8gruWlRC6eEoN\yyiRd7xrLMbt7xapTXiqbwhTNylnlsFz\Ye2xf0by96SDX70nx1sUVbDhtCheHUvzT5ma+2whQyptOr+AzM4CSUv7ujAo+sTCfS4zjfafp6HMUe62JGzZHeSJSwu3LK\hCFfx8837u6MhdX5JEAARpBuxJRwc3vJJg\vxyNiyfygeK03x31wHufDl+anbzOHgnsCRJkiRJkiRJGd4BrDGbsWo2\71hP3\ZDefMreabb6mlvGknn32yg\uTY1tXZ1cXV\7oNe5683I+fG0JCx7azU0HA5g6nQ+tyO+7+E7aXYevd\P\p+DDddVMTyVJnTGdD\+2h282d9DJVPruke05yLd3pWDmLJ6+ZiFTQpmH375jG+99sptHtkU5+7TOoy8zv407d6Womj2bB9+5oH+Z1gZu\1ErX958kHfOraKUCBEgEh582Rj8eKbfFJRw91UrWD8zRAi4dOkOun7eyRN7O\nAgtksPWsmh\f8DpIlrH\DIipTCXpi+V24G7c7TVubR5ej1EHueTVG09QZPHTdEhZGAALe+eLrvPvFKBT3ftV09qunGdRPhvnoJSv4wKLiTM7euIei7xzgm80dfJ7KU7Ovx8E7gSVJkiRJkiRJ8g5gHYPI1Go+cEU1G9Yu4ntvq6W8eSefenzsxd8+yTg3PbaVh9oquPSdZ\Dwqgq+d8VSlpbl\TMveuwp6fnBKwxzrONMWKUcsXKYlLJFAkqubY2BF09\LgxZ9HGKD8EPrxkHlNIk0olSaXSsOQ07r9+NZ87e8qoluncFeMRQtywekFmmWR2mVnzeH9tiFhbN88ey67NnM7FMyFIJUmm0gRzp7AMeKIrBqRJp5Kkg8yi6WSSVPrY7jQ+1U58zo9u1Dna2cMPU\DeJfNYGM7mOw1lZ1dyw5CvDx9G2VQuXlREkEqRTKVIh6eyrAzoSXDgJO\jiTIe+ZEkSZIkSZIkKZ94B7DGLBVPkppey6VnQZBOkoglR\WVz0dZKwc646Rml7DgvEUQpEhEJ05BMB6P097e3tc\Zq2H+G4blM6ezjlTkiRjQCLEyroyFuzr5p5tB\nAgjkAHOhIESPCsjkQ64mSyq4iVDyFsuIw4aLIqJaJJdNAMQuqk8R64v3LREqpnBoG0hzsAMa6W+EQyVgP8d4VFvXmMwykSMRTZOq\Ael4nPz\kuF+JzTnozDqHMUDGomwurqIRDSa+ZpnIFIyk2XTG+Hw0bdVnIgS7X1iKEUma6ETvEcn16nOjyRJkiRJkiRJ+cQCsMYuSBCLhyiNpInHkwTh8Ii3kpeWFPHh2cVkft01zSstMR5PDbdkiOJwklhPmuLSYkLJWF\xKt\19PQQi8WoqKg47kJT5\YojwAcOsia7xwcukBLF8\2zOGNZUC2fJpO9xcEAYJElO6+b1I++jJF2dpekIyTyvnG3CAVp7dkGzmWm7GDgETuRpO9o5lYxcThnMicj8ZocxTL3lIdBMkB508qniI1qvMpIJ37xJw\TqQvUz7V+ZEkSZIkSZIkKZ9YANaxScWJDVvIHejDq1fxuTNzHvjdFpZtOtL9wmkSseO\n\hU6enpobOz8wT93mg7P96TBEq4\azp1CVSfcU9IhFi+9u5qSXOd1\p5o3rplI7u4TSHT1sO5CC2bkV2gP80\fbeHF+Jf9ac\RlvjYtAiRoaIY3zc8dT4rmrjRQwoJq+oqB9dE4A24HbkmwjeHLuhOkhj8mJzbnozOlZHQ5mtJdxALibN7fw9WVJTnLHaK+65QMddyNR34kSZIkSZIkScon+f8jq5rgAtLpdPa\gCBUOFPuhBeaGg7zwxgsqJ3Jh9cu4M1vWMSlvf+du4Ar3jidK4BH9rTSBITqpvJe4Du7Dgz4Cu7Yq938JIAzZpaPapkZS6ZwBQHf2tIy8Ku8Ow5w\6A0ooyVkUAIlREoLEjSmffQmmatnfxi+Pf+wlhvIqLo81R+LTpvC8C9+86QFPuBzQaOrh\EvwcrsVfSZIkSZIkSZK8A1gnWZDuIRrt74cmxs\6HtWJLzSleW17lFeJcPvpNaSTSQYfqtCsWj48u52HD0X5SX2aG1dVc8PSdr63vYP3\zTOJ+pKmdHZzT81JjgwtYJPri0lkT76MkGwgM8t3coV29t5\09jmWW6e\j27jjPUsSX181jRipOnFlcUt3CV\d28iePpvhEbREt+w9zZ0eYS0uG3amjKikOQU8P3\ptC2+ZW8HZtce4olPgpBYX41G+\osGpg0JRHjz2fNYVzPKHBVX8\FV7Wx4qZv3\XQ3n15YRlVPJt87TuyI847FX0mSJEmSJEmSMiwA65QKCuBLgU9KoannID9oCWD6dN61MEUsGh96pIpKOX\ZVBY8280Pm1q58fS5zF9\Oo\P2MHfvNbNba9GiYVCvK1mDne\dT5z0j1EU8VHXyZdwvz1K3h8+g7+ZktPZhng7JnTuO+CxZxbCfEegDCr3lLHvY82cdv+bm5qhaXTSvlfl1ex75eNPHwMu73q9Ao+fLCNu7e18+\tIZ6rrTzeI3lSnPTiYirJv7ckhwmEmR+Ds1Oh0eUokab4nGU8HN7GX22OcvvrcUojET5xZhXz6lv43IkfeV6w+CtJkiRJkiRJUr9QEAQTvyI3SW3fvp3a2trxHgYc2Md\efwwjw8T+tjZy7hlec4Drzdy1ovRYZaM8KVLl3BNftb\+py8QlOIkillFIUhnegmmhhumQglZaUUhSCd7CEah+LSKRRHQhCkSaXSEI4QCYcgSJHoiZEgdGzLhMKEI2FCBKQSUWKJAAhRPKWM4jAEQYp0CgiHiYQhIASpBD2xBFDClKlFhNNJuqPxnPEPfbx4ylSKw5BOJUmnU8QTo\hh6VPs5BYXiyktKyYSCgjSw388Ip2MEk+ONkcQKS2jtHe5dBpCESLhVr73vUY+N3U2r142m0TvdumdA4P7g8Y35PH8YfFXkiRJkiRJ0mS0b98+li5dOt7D0DHo6OgAYNOmTSd83WvXrgW8A1gnQm0Vt60r5eNDqkPFLF0J5Nb0VlbzYNBF+5BFSzm7FhjuJsg8cVILTZFiImEgSJEcscqWIpFKU1QUJhwuJkScRCxKUFJKcSRMpCjz+8pBOkkiFs8eymCUy8QISkoGLhOkSSZixJO9ZcmARCxOqLSYonCESBEQpEnGU4SKi4\pB8WTqRRF4QjhSBHhEHlXAD51xcUQoXCI0JDHe4vCo8xR237+26OHCZ82n69eOJtIZlKR3tXGQz1w6dypJ3EfTj2Lv5IkSZIkSZIkDWUBWCfAVBasnsHCYSLpZDfR3JpepJxVa2cOs2RAKt5D7CSN8Hid\K8AjtPTHT\qYkE8ysDFApLx6FHq5qNZJj2KZYAgSTyaZMhIB1St40SH3ZehjweJGD35eFspp6q4mCA26gMwihzNnMFbp3Vya30T6cPt\N6sMLHe3wouKuN7Z5WTyd7g7Y40jrGM79Sy+CtJkiRJkiRJ0vAsAOv4JZMkw8Gwdy+mB9eOEkkShIddNpWnd\9aaJp8JmzOi2ZxzdVFVG7cwx0tndywDwiFeOucch64cCGrpqXpyddPWYzBhM2PJEmSJEmSJEmngAVgnQApEvFRfnVvkCRx9Btd84aFpslnQuc8mSJdNpMLr5jJj9IpUumAUN9vBadJxvLzbt6xmND5kSRJkiRJkiTpFLAALI3AQtPkM\FzniQWg5KSzO80Z38qmCCdIpGIk2c\sTxmEz8\kiRJkiRJkiSdfBaApWFYaJp8Cibn6RF+p3mCK5j8SJIkSZIkSZJ0koXHewBSvrHQNPmY8\xmfiRJkiRJkiRJGj0LwFIOC02TjznPb+ZHkiRJkiRJkqSxsQAsZVlomnzMeX4zP5IkSZIkSZIkjZ0FYAkLTZOROc9v5keSJEmSJEmSpGNjAViTnoWmycec5zfzI0mSJEmSJEnSsbMArEnNQtPkY87zm\mRJEmSJEmSJOn4WADWpGWhafIx5\nN\EiSJEmSJEmSdPwsAGtSstA0+Zjz\GZ+JEmSJEmSJEk6MSwAa9Kx0DT5mPP8Zn4kSZIkSZIkSTpxLABrUrHQNPmY8\xmfiRJkiRJkiRJOrEsAGvSsNA0+Zjz\GZ+JEmSJEmSJEk68SwAa1Kw0DT5mPP8Zn4kSZIkSZIkSTo5LACr4FlomnzMeX4zP5IkSZIkSZIknTwWgFXQLDRNPuY8v5kfSZIkSZIkSZJOrqLxHoCOz759+8Z7CBPCwYMHx3sIOsXMeX4zP5IkSZIkSZIknRwWgCewpUuXjvcQ8l4sFqO0tHS8h6FTyJznN\MjSZIkSZIkSdLJ5VdAq6BZaJp8zHl+Mz+SJEmSJEmSJJ1cFoAlSZIkSZIkSZIkqUBYAJYkSZIkSZIkSZKkAmEBWJIkSZIkSZIkSZIKhAVgSZIkSZIkSZIkSSoQFoAlSZIkSZIkSZIkqUBYAJYkSZIkSZIkSZKkAmEBWJIkSZIkSZIkSZIKhAVgSZIkSZIkSZIkSSoQFoAlSZIkSZIkSZIkqUBYAJYkSZIkSZIkSZKkAmEBWJIkSZIkSZIkSZIKhAVgSZIkSZIkSZIkSSoQFoAlSZIkSZIkSZIkqUBYAJYkSZIkSZIkSZKkAmEBWJIkSZIkSZIkSZIKhAVgSZIkSZIkSZIkSSoQFoAlSZIkSZIkSZIkqUBYAJYkSZIkSZIkSZKkAmEBWJIkSZIkSZIkSZIKhAVgSZIkSZIkSZIkSSoQFoAlSZIkSZIkSZIkqUBYAJYkSZIkSZIkSZKkAmEBWJIkSZIkSZIkSZIKhAVgSZIkSZIkSZIkSSoQFoAlSZIkSZIkSZIkqUBYAJYkSZIkSZIkSZKkAmEBWJIkSZIkSZIkSZIKhAVgSZIkSZIkSZIkSSoQReM9AJ0Y7e3tdHV1kUgkCIJgvIcjSZI04YRCIYqLi5k2bRoVFRXjPZxR8T2gJEnS8fE9oCRpIpiIr1caXxaAJ7hkMklzczNFRUVUVlZSVFREOOyN3ZIkSWOVTqdJJpO0trbS1dVFdXU1RUX5+XbZ94CSJEknhu8BJUkTwUR6vVJ+8B3CBNfc3ExZWRnV1dWUlJT4pk+SJOkYhcNhSkpKqKmpYcqUKTQ3N4\3kEbke0BJkqQTw\eAkqSJYCK9Xik\+C5hAmtvbyccDjNr1qzxHookSVJBmT17NpFIhPb29vEeyhC+B5QkSTo5fA8oSZoI8vn1SvnDAvAE1tXVxcyZM8d7GJIkSQWpvLycrq6u8R7GEL4HlCRJOnl8DyhJmgjy9fVK+cMC8ASWSCQoLi4e72FIkiQVpJKSEhKJxHgPYwjfA0qSJJ08vgeUJE0E+fp6pfxhAXgCC4KASCQy3sOQJEkqSJFIhCAIxnsYQ\geUJIk6eTxPaAkaSLI19cr5Q8LwJIkSZIkSZIkSZJUICwAS5IkSZIkSZIkSVKBsAAsSZIkSZIkSZIkSQXCArAkSZIkSZIkSZIkFQgLwJIkSZIkSZIkSZJUICwAS5IkSZIkSZIkSVKBsAAsSZIkSZIkSZIkSQXCArAkSZIkSZIkSZIkFQgLwJIkSZIkSZIkSZJUICwAS5IkSZIkSZIkSVKBsAAsSZIkSZIkSZIkSQXCArAkSZIkSZIkSZIkFQgLwJIkSZIkSZIkSZJUICwAS5IkSZIkSZIkSVKBsAAsSZIkSZIkSeKFv13F0hV\xwundKsHuO+GVSy94fu0nNLtSpJUuCwAS5IkSZIkSZIkSVKBKBrvAUiSJEmSJEmSJqtK3rfhFd433sOQJKmAeAewJEmSJEmSJGlMOl79T+646WrWrljF0hVv4u03\R0Pbo0NWa7lmbu55X1vYumKVZzx5j\mrmcO8PTf5n7l8+CvgM72\bXtDzzL3zqyt7nfojbvr+doVuQJEmDeQewJEmSJEmSJGnUYs\He\54N00rPsoX\jn\87C7lf4P9\4X9xy9S94+T++z+fXlfYt9wcfuZvmiz7K\jnNzNl+\f5xh\EQ\UAguOspHHvsgffL+KS\87\jOrBY23vu3bPjc70PtM3zhotKTvo+SJE1kFoAlSZIkSZIkSaOTepUNf3Y39W\+Ir\4l99nYQTgTVzwjktY88GrueN\fp\r7\sQC7PLNbzli\zsruxyb3kTV5zzd1zzwe1HLwBvX8ANG\+Z983PdC+45DRY9yE2\OpVvnDR2pO7j\+PvfsPjrK+97\Ot+c71I8qYwZOWwQIgdzcFg8041pEzjEKEGE8GNDb6LeBqlG0ISbRloRJaaUUESsEdsY8yWrxdRScMRwC4sQrDW2GL+Q9BuzZ9RlDidQGpQsN550oDlS9gzT+4\sj2uT\ZXfP3g+Zhjd3Wuv67PXXjP7zud9vd8fAABGOFpAAwAAAAAAAABic\Ko9n4prfjeYm\y1ytuqu773jzJuU+\Ox3Y7r684O3GpD6gVTNjOM7MeZp1k3H\k5T8bUknT3lbRQMAgHBIAAMAAAAAAAAAYvP1JZ3VdCVP6t6G+frESZJO6OyfJV28pLNK14xbum43Scm3xXAck\SNfhguAADXIhLAAAAAAAAAAIB+dcVzZaiHAADANYsEMAAAAAAAAAAgNtddr8k6oZYvuid4L7V9ISldyWZpzPjxmqwGfX6q63ZfqeXkoIwUAIBrFglgAAAAAAAAAEBspmXqvpukXb96V2evGp6\elp7f\W+NDVTt98U2G7vni7bnf6N9h4d5DEDAHCN+fuhHgAAAAAAAAAAYLho1q\Ky\VhiFduW7pW82+erlUv5uvAAxt1z4OntfnRTE3+2qW3XntZjhNTterNPCVLUtx0rXo2T6\lb9SSVaf1zIpM\aP7XW1\4V21XDfIHwkAgGsMCWDEpqlC8zY4Ao\H56p8V4Escb3ZmVMV89bLv7fpRdr1sk3mvo\y2uFxy\VxoxqOfaQ6V4vaz3fI433JNM6shAlJSsnI0II758oy0TSkQwUAACNZl7itp8YmyHxDgpKsaUqfdYcyvpOshF7Fjxg4Xb7jJWV6\3HrUA5oWPKcc6m+sUENH9fJ9cd2uS\6o2\FT0iQ+Z9SdEfGAmXNschM+A0AGPGcclQ6Q76yKmOt5t8sjUldr5oD0\XKK1V6rrBal\RNJc8r1OsvP6y7bh7j337M7B\p\V+N149LX9eGwmqNMWfq+1XVGv+LPG0YrI8DAMA1iAQweudCjTa\fofeetQy1CO5tpx3qmZnhao\bPUnfLvyXHTLfdGt2pONqn39JZkmZ6lgQ5Fs0+IHdaiDpeNkrV49JOX9MJubCAAAGG4ut8t9uV3ucy1qPLxHFWOTlfujrSpISxjacV3tUMtvX5Xjap6eWEgEgfDcTTWqrqxW3dmw0bc6zrvVcr5WLcdrVf2iSUlzClS8xqbkcYM61EFD\A0Ao9vtT7l0+qnYtr1++mI9U7lYz0TZbvzMAu04UmB45gvt\V+Spk\SeEnSjbrvFy7d53+96+NozwMAgK5YAxi91r53u\acGepRXCOudsj5xmotenC97BGSv6F4ztapYs39Wv2aUx1Xo28\YlxskWPLCt2\5iXV\vG\h3o0AAAgFpdbVFOyQmv3u4dsCB0nHdr80P1a\WKt\tSToArXlotOVa9ZpBUb7BGSv6F41PphhVbnrZbd2TFgwxsSxN8AgJ669L5+kL5YP3j3q+Dnv2zQkePSXdNuGZpxAQBwDaACGH3Qquqte5RRlackWvkNnKtuOUpWqqKpy8TT2CSlzZmrjFlWzZiepM46mg65\+iS6\gHOnC4Ua2XfRt71LJ3vVZeLtPOx60a+bXAbjk2rlbFiaEeBwAA15osFdcUKS2WTf\qVovLpYa6A3IcN97A5pGrcq3st76lgukDNtDQzjtUsqZCrkE+LEaYcw6tL6yQ83Lw06bJaZo7L0MZ1hmyTPRWsYe7zj0tqlm\Up7nd6oodeRH38TfAIBeuX6msmc\pdU\KpDc+bp\+nhdcR\Vay9U69jUfNVk3zjUIwQAYNQiAYy+OVOtzW9maOeDSUM9ktHpqluOJ1eq4jND8tdkVsajm7RuSbLiuyXe45VsNSvZmiXbo+1y\rpEJb9u8d5qflAAACAASURBVE9EtR8sUUnSTpUvpVkbAADojXgljIuP7WayccmyTkiWdY5NBefrtO2H21R3wfdiu2reqNW9z2driJtBQ1YVvf++ioZ6GMPFOYfWPlohlzH8npChgh+vC72kivE6b3eqemOJ9pz0R99y\LhEN79WLtvEQRk9AADDzDc1v+x97a7aoud+tVHL3VekG6Zq\rIXdLBwsWZcN9TjAwBg9KIFNPqs9Y3tqjk31KMYndz7twUnf8daVVS1S5uWhkr+dhGXIOtDO7RzjUUm\5MeuSpLaN0NAAAG14QsFb9YIIvxuaYjqj8\VAMCQrjqVs3zXZK\qUXa8cam0MnfrhKsyn95p4puC0Tf8rhUsWmPWkfTUiwAAPRE3I2ataZcB4826\RJl043vKsdTy3WjOuHemAAAIxuJIDRKwnjjbUaLtmfr5GbSY3+dd6hbVXGBoUWFVSVyTa5Z7sxL92qTfONE1at2v1WfY\WEQYAAOiziTbdO8f4hEuf\zsRCYYP98FtshtbHE8v0M6ttp4tdxNnlm3LJmWPMzx3Zrd2H+daBwAAAAAMHhLA6JWMH2xS7njDEyfs2rbfPWTjGX08qv+lPWh9uqSH1im3V63j4pX2yGOyGvf+21rVX+zbCAEAAHrGpGRLUA2w3O3tQzQWoIvL9ap+LSj6Vv4TuTL3JPnrE5+mhx8Nir5Vd7heHX0cIgAAAAAAsWINYPROnEX5T9lUt94h37Sd6\VtcswawPWtrnrkdh5R7Xsfqe7fXHK3e++iN8XLPMWijHk5yp6TpqRxod\uObpNi7bUeR+ZZCs7pCJr6G07uVVTuEL2U7632FR2qEgR33KxTiW529ToPUZW6Tsqnm2K9I4w+6lX7W+NveeylL+sD+ssJ8xVzt2vqrXVovSMDGWlpcjStYtdU4XmbXB4H1hU9Oty2SZE27FbjsdXqMJXKTG9SLtetinsCsPe7\DA\lrVn2wNfIcyKWFigpJuzVbWd7M0d5pZphCTbe79a7Wi0tX9hRMVWjGvwv\Q9vz7KkqNMIaTH6junTrVdr2ObkyWZUGWcu6cK8vEaN9b8Ge3rNnlX1u540ydHHtqVfuJS+6Lnfs3JZhlmXmvlufZZO16Xq92qPXo27LX1Ml1xq0Oj\zXdVZuge7NTIre8tuovUV17zn0QX1zYH++MXyr8xxnT4++DnTQ+V5Spvcft0oXW1T7ul2\NCp9suSaZxZltuzlZ1nU9aUmFaEBACgx9pP1emI4wN91ORS6\kObycTkxImWmRdkKWcrGxZwsYtXeIVA1flCs2r9D2yqez9QKwXHHcEvxaeUxXz1ssXUfl\P8NuE4i53MerVbHTIeeZDnlkUsI0q7Lm3aucJVaZ47qMxxhzedxyHj6gt9+vN\zu+85NtpYvzAobH\duzMGxVvupOh15qzYorjKNMytpeoayl+bIlho95gjS3qK6995W7RGnXOfaO7\rsQky35que\vPP\+wp6PXur4uFZ1xvD77nzlTun9\hIyc5T1Wqtap6frjowspVkt3dbOHrhrzID4m\gbAAAAwDWJBDB6zWQtUPHSeq3f700Be1yylzmU9qKtd3fKR9Bx0qHtP7Gr\nyI1mmeDrlPNqrmZKNqKk1KfnCryh60dvuD3fStdKWpzpuc9ajxs1bJGiGpetGl5lOGx55Guc5I1ggTQZ5\a\DuX5IydMftvUj+Sur4wweG\UimzDuUNrZXu\LtQRlPv6OMvuyijzqc1Vr\4z1quRzqVY\az7nVfq5azg+r9dLYZOX9pEz51v6d0Ih6HZ1zyv26U3WvvyJzZoE2PW5TcsQJ0y6utqr2uRK9ctTdrcW2p90t5+EKOQ\vVsbT5dp0t3cC6GytNhe\0n1M3ut6z3ONqtlp06bKIqVFG8tVtxpf26zN+1pCtvj2tLvl\LDzHL8yIUPf37ZJ2T1pKX6uTpuf3Kb6C4Z9XvTu89INsj6frYTw7wYAXPM8anEFJ5LMCVF+Oc43yv6Tzao5GfKXTe3nnKrz\3Z\X1ufye5Zu95hoUOu19Zr\V7j77dH7ScbVXPSJSW\o4LbQr\T\dvNWv+zerm7nR7Dufl1tTIe36pN8\twM2HIYbtU\fR67Qnx3XguutVyvEYVx2tkn5anrc\lyxo1jmlX42sloeOYy+1yO2tV4az1768vyd7uOtT4YVD0rYyMNPUukvcam6HimqGMvom\ib8BAAAAXMtoAY0+MMn6ULFshlbQns\s2na4f1tBuw+u1\1rKkJPGnTjUcuv1+v+Ekf3NYnHWZQ+3bDfRqcijTQ4mStJbjV8GqlNoUeN9XWBh2npsvYyaetyBh85Y1YfJ6CGWEdThVauDzf5FMLlFu1Zv1IVTf3VKK9DLXt7dh25j1Zo9Yr1cpyL8RAXm2Vfs1ovhZh8Ctau+p+uVYXTI51zaG3hS1HH5DnvUMmTe9QaaZ3tDqcqHlqpkjCTT933Wa+XClfEfo49DbJ3mXwKMClryVwmnwAAkZ1z6O0PjU+kKf1b4SOcjqYKrXikJEzytyuP3Edf0uqHKuQcYX122xzbuiR\DaYsV3bI5K9HrfvXauVPQyV\u27qVv2Lq7X2YD\G6Jecqnhsbcjkb7fDn9yj9asr5IwUB151y\HkipjimM79bdaBln5cU\eqS8Hhd+9v5BwuiL+NiL8BAAAAXHuoAEbfxFuVv86m+g2+VtAeuaq2yZEWS\vg6DqaKrT2ZafhD2qTkhcWqCA3S5aJ8Z1tyjwdav30iKp\Vu3\Q97TVKG1lUna+bjV0GrNrLQsi3TCW3lyokGuizaZw9zV7fq0PsRzLnmWZIROxl51qfnjwMO0OWnd2rzFxq3WFuPjZP1z8giegLrsVPW2QKtwmZKV\WiBcu+2KCne+7muetRxzqUjv9yuav8ETrsc26p1x64ifyLdvLRc7y+Vetp62r2\RGtfcwVdR+bMfK17eEHE60iXnaoo3Kz4X25SVpTZlZa9r8jl8Rj2bZN1cufn87S7dOTlzar42HcW2uWoLFHrfznl8kgam6zcH67TvbOTlWDqPB+tf7Br2xaH\HObZ3Zr9\Hc0C3Fr7rl2Fgih2EiyzQhTbkr85U9M1lm7\nznG9R\Tvbtd03SeVxy\HjEt38Wgyt29+rUY0kmczKfnyTHr47WQlxkqe9RfUHXTLPHMHXKABg4F1sVMVT1TLW\5ruzlZGuOq6cw6V\NhhSG6aZE7LVf4j2cqY4m1Ve9Uj95l6HXhpuz9J7DnvUMnGm7UzqCONWbaX35dNks47tPbBCv84jC1kh4ZLNXs7\8+Umqetjy+XdaKpMxZwOlT\1yyFrNs9Va3NJzze9sidcUSO7zf\qkftZ+r1tuG8dMbo1aq\u1gZfeoq0+nIiyXyeFtNd4upLrfKebBa298wJKcvOFRxMEc77wv1aTrkrFyris8MKbQQn6nVeUQ1r9lVe8ojXahXzXt9\xx+51v1H8bHt\yzkvvhPA0Z4m\ibwAAAADXPCqA0WfxqflaN9+Q6vS4ZH\eEbG6NiYd9ar4cfDERW7ZW9rxQ5usk+MDa1SZ4pWUmqtNb+zSprsDswTtB0tUcTT47mqzNd0wSdEo57+HO3irXI0h7uP+uFkhVsDqdLLBsG6YRen\0tv2aW61GVtPy6LkgVpXeRB0fPy2HBd9j5KUX7lDTyy1BiafJCnOpPjJVuVu3KWdhZbA8xcdqv1DH6s7zju0LWjyKUG2rW9p18bcmK4jXa7X9u11ilT7LUkej0dSvNKe3Ondd+DzmRIssm0sU76xffgZp5wXJI23qWzPDhXM8U4+SVKcSUkzi7SjMt8w6etR3e8bQ1YXtL5ZEjRpmjD7Ce14Y6vy5wQmnyTJNCFZWYU79FZlviy+Y3lcqtgUpbohsGfZfrJDT8zvnHzq\GzJynrIJsuIa7cJABhwlzvkPuVU7RslWpEXnCiRKUvFa8LdVNeqPZsqOpM0kqQEZTy5Q7u25ivrFsM6pXEmmW\JUkHlW9rxkMW\L89nFSp5s3WgPtWAMN1WpJ1b8zuTv1JnLJCaq7zZYTJgns7kr+m2Au18pzOO8P\mx5mUcEuWCl7epSeMCSJPnWo\7p\qzs64J0xMNTZJ1vs2acdPc4OS1617a0PH0Sd2a9tBQ6Q13qatu7p\pqRUm56ofEtblwxAzWNbm4Luv7Qk93OL6cFF\E38DQAAAAAkgNEP4pVWWKxsQwWH5zO7Kn4b7U\2yFxvVhgSqiZlPV2mgkhrUsUlKONJ4x\5HtXtOqKg6b8p1qBKk4\+LUw697xTDb7WYxOtsvoSsN51gENpbaqXf0pt+lyl9bYC+mJ7cPJ8nGlEt39u+Xdn4MEt2cqKsIayJJkX3qssU7zME82yzrEp4WrfbiVwvVNtmEA2Ke3pHSpKi3YdlavotsBZ9zRW6O3Poh\LNGediueHmS6MS9KCXGuXJ5OU\1yRwl7WU7KUY2hbrn9v7X5jRXud7MZJ7in5KtsYef3D+Gl52vp0VuC6OrNbu4\HMNGX+rCWp\bvunAAgJHGofXz5mleLP9s39WKwvV66deNwW2Kx1pV9FqxMsL8pLR\aNduQ7yV9FBZlPVr45X84FYVzwn8dre+uVv1sba+HXLxsq00VizHyJSl4i254X\z4xKU\Vh+UBK20dUSZuOeS3qoLGJMFX9bvvLvNkSxF11qOd91q3bVvlFjuOHToqIXI6y7GhevtDXBcVp\6PhzcIQVP3YkR9\E34H9En8DAAAAuHaRAEb\iE\TY09lG1oee9T4s+2q620O+KpTH+w3vHlKvpZnxvCHb1yScldkBR6f2a3aE8YNLErPDEwsdNQ7Fao+pOPTBn+FQnxGvpan+t4Tbh1gt5yNgakBc5q191UDf+1QUG3GxMSRvbbTVcPExtn\UEu0wpOxGSo+9I52vbFLZc8UqWBOpAnfKC7X68BBwwGn5Kvg7hjOZpxZtrXLDROmHXLUOSO8QZLiZbNlRGz7nZCUHPz69JwoE3JmJSUbHp77z26VEO6jB9RovFHi4QgTwcbRZi7Xcn9luUd1h+sV7atJ\k7KyL4WAQBDzKTkhU9ox66yCK1P3ap3GCruTFnKXxZLLBCvjLzlgfirH6tdB94dSpkefauu4pfkhE2i+022BCdTz7dH\b2PjVW5C6N9LyZZU43Jt1a1dQ1k2htU1xR4GL+kIHpb3DizbCttvVxqJbSOjuCzkjR+hEc8xN9+xN8AAAAArlUkgNFv4tMe07o5xjZzjTG17gopqJ2yZFmUEXr9sxBM30pXmv9Rh+qbglO8llRDu8FzDZ1twLpocQUmG9JuTVayJTB55frU1b0N2PlGfeBPNJuVndGHSZNRJtkS+DbkqdO2JyvU2K36Y4Cc+VyNvbyONCVDcw0TkJ6jDeHbf0uS0jTjlij7TEgMOn5MNwrERapA6ZDrD4ZRmRYoO+a1wJJkNc4aNzbIGaVSyjJlJDdDBAAMBVOCWdY5eSp6ply7Dh3Sjh9mKzlcdackXXSpwXDznml+duxr1nbp9NLY6AzZunXYmZ4cU\Koqztut0TfSAlKNCZU\9LRPwngW9KVEkNWKv4GY+zQIc\Xwa93fFKvQNQdrwV3xvKZJN2WrXtH8BIpA43424D4GwAAAMA1igQw+lG8Mh4vVlZQDni77Ed7Ps3U3uIKmpxKntyDP3zHmZVkmPxzt7YGTf6Zbr9DGf5HLn1+ouvUoEsNR33PpSn9WybFW1LkvxE8xDrAxophjcuQNUqbtYhuNOtm4+MTf+r7espDKP72uUozXhOnHCp5cJ4W3b9e2153qPGUW56Y1r\queDrKF6WW3sygZIkS1qXtoUhbhbwm3izkmKdoPZKiI8+WWS+KTnCqy363FgYccvNPWofmfRPxklWl1ojTgxadPOk2PcNABitslRc847eCfFv58vFKpiTFLR0hedyvJKzsmWbY5E5lhzJHz+X8actOalnv93\fKvhYajWrcNRclIvOsckK2kof5d7NebugloV6w6lTIv1nUmypPbDALzME4Oib7laR8SVExbxd3jE3wAAAACuFX8\1APAKBOfoaKns1S\pc6bdPWo7qcVuuP28Ou8heJ2B1ftOjbMk6O3Y3K3q10KTFKNtSo9Tapr7HxY73RJmYb2dGecqr\o\f+JMzqrVMZZZB0ntVyUfx1gq2GtYWdjo\t8XffoRhrF0KLM+l\mqRA1vq\OydoelEZMiwkZKloTa1W\iy4CsfT7lTdm07VvSlJJiVYM7Rgdrbmzrf2eCInnODrKEmJPeyf1jn540vtt6vjvySND7PxuPjBX6v5YnvwmoonKrRiXkUvd+bWf\6npL7cvAAAuAbEK2FcfMiWq\HjspQ0PUsLcveo5IfeNUAvt6hm40rVL92qHWusUdv2dnzlDooXXJUrNK+yl0P1tm4dnX1ZTDINZWxo6o+op0Pt5wzf9rh\UHwPPpM5ySJFqQ+Nmel\Kij89oyI2vHwiL8HDvE3AAAAgBGCCmD0u\jMAq0LuuW8TturGnvUbs5zuR\XbDvX1qUNdbws3wmkaLu2Fmv\tMFfLRKfYfVOGlqUMtO3RZd1gK+61Pyx74FJWd\pU\pXUpJuDqp++I8od4YPf+aFZdq1NVfJYSeWPGp31mlP5XqttM3TokdKVH2875UXwdfRzTLf2Je9eSdohpOu60X3kfvPI2WtRADAcBY\LU\lVQWy+MNBj9z7S7S60hn1d6vrWqx941b7xehbYah0qOMvhocTE4durdObblZQzWfLCKkej4D4e4AQfwMAAAAYIUgAYwAkKGvduqC2Yx3vbdOrjUP0x+1lT7f138zW9EBF8EWXWvwJVo9cnwbSwWm3BqaCLNbAWlpB6wCfMKxXbMpQSl\zv0pQssVYH9Oi\2jphyqE8w6tv3+1SqocqjvRqo5BLmxISCvQjncOadfLTyhvZpIidV\znG3Uno0rtGiDQ+4Bak+H7jouj\BqFwDA8DE5V8WPWgzVeZ1J4IpeLA3Sex2DHu9ghBqfLItxbepT\6GWKGuzxsK9f73uX1Mi+\46uc52DFjb5XCIv4c\4m8AAAAAA4UW0BgYCVla98MPtOKnjd5EaYdqX3hVGb98QmmxtIKOMzZhS1NxzVZljYv0hh6akqHsidWqPidJLjV82iHbhPgu1byd6\6xP9Luixq7KwW\rhZLmXIKsl17EjgLvDZdyitH9qnWW7Pkmmvw38G6o81ypOZ0acWZ+3Oj+Rsb5H2Vahxn2RaUqZDj1ujv7E\xZlknp6t\C3Zyr\qUce5Fn1Uf0T19Q1ynmzvlqj3NFVobVWSdq2x9uqzJySYJX\9xp\k\krShN4OfhiuwdXlFp74+8r1zqN9vgMBAIB+YV66Sev+sELbGn2\8B7V\bREM24tly3M73FwW+N45b78jgqmD\BAMURMwUucnPqT3FK\rC3ccxalZ5pUc9AffeujTzzKmN2n6FvNx51qPynVnGxUjUyyPX9IRf24dnFMiL\7F\E3AAAAgBGCCmAMmIS7i1Rwm2Ha4GKttr8evfWf5Fv7yadV7j\39+iSZDUsStzY6F0f66xL\jlK3\q\PhMMlQHedYClVjnrA58oLa13EyXdWO\QAmMX7aMfqbFPVQjtavjQaXhsUkZqpIkKz8BXKMSZFD\ZouwHntDWyrd06Mgh7Xy+SNnTgs9g+\5qHellC+z4ccZGgq1qaw+7aUjuL1uMe1P8N3o3jgEzPimoXWHHhe6TeAAADJ3uXWHkccn+cp3C\SQnTAz6ZVP7heHyy\bfg169OfolKCnZGPB2qKMH8a67tZ\W\Wyzl4QVLFeX9\Yt7iqvUF1TYbHUTsFDcI1Rvzdd8TfAAAAAEYIKoAxgMyybSjQB49UyOX9q7j94DZVzy6I\s4pyTLJ12bZrQanW3lT+rceIKjK9uNmua5myOwMtf6v\x2GygDvmMY61XDO93qa5n4nlvLmGMRZNXdJvBz7vMllT52q9y1XxoNJkd8Xzmdv69UuE1B33B4pVd2itjZJE6Pt2K0\nerdkLqJMykp1aYnUrOU8eIKlbznS6y79Kcv1KvKgYRki+Ll8t500CHXv7ul6bFeR61yNRqmc8YlydyfVej9Ikk33ybpM+9D73VsjYv0HgAABlFClooKD2jly4HlMzyN22U\mqbizBBxU9LNskjypfbqnS4pc5A7loQUYyXjhVa1RNkEAcm3WiU1eh816vMzUkZMFd+tcjVF36pHrHNlG+dQjXfdaM9vq1Vzf4bypvRud669ryro9svMaJ2ChuAaI\7uBeJvAEPrzJkzQz0EAADQj6zWgZvzIAGMgTXBpuLCDwyTfu1ybLcrIcrbdGuKMuRQnfeh61C9WpfmKqb0Z3ut1t\ilonJsj0jxalzblXBQuTu1fmWgzH8NSp4WSBZrhCr\rf4s1QzrYOSqXq0Xu+Ab\BKVSM2TtxwkKy32PybrvJf\EUesb21WTVa7cqEnZLq66ZH+uJqjyOumh5cqI0qr6v2OpQDhjqJgO5XKr6t48IOcfXWo+2aqkR9\S1rujJcnjlTYnS3rP4X\G\ecOSb1Irk9LV5apRg7vGHt0HZ2p1wfnAg9Nmekafs3dEmRNNUufeW9b8BxR7fECWWNsV+iq+q7W\zZeCf8QryRrmnLy8pXW6xZ9AACEZl64TssdK1Xtn6\0qK6qWtnfKZK1azwy3qr0iZLL+xvsea9W9Y9ao8YtkjpjnvvX68g3EhQ\LkkpaTnKeyitn1oKx9YdxXPic\VvXeroFrTEijp05PcuFUyPIeI62xgUp\WLOIvufdSqmhf90beqX6pR1s9yZe5pcu+EXZv3BUXfys+LtpxLP11jxN8DjPgbwNCaMqWXdyYBAEYlbgxCJLSAxoAzLywObgV9oT1s2z+\sWm6427De85Ua\t+d\jt\TrU+Pqrcsqj9nNuuZ11ao1LCD3ZMjZNd8wJvK++sSbs+r8+pltnBCYhPv5I1fWN\tcsM1OiJ7Z7IiFbRQ8Zp0pcsheul+NsD\Zx1a26LZtVc8Hw3HibipaEmIJJTAxqZ\bRJ9GmLzvUWPO2In4rpnZ9vs+h2uMtcrd71Pjbj6J\95I8\2WcMDPJfGMvK6u9ldR+sV5HV91ylO9Wq\+JeNmyhkP1UXdJd+YYJtQ8qqu0yxlLn\VzNbLv65Dnolvucy1q\Nij+BsHbpwAgGtYXJLynsgNjpMuOLTt16FijSRlLDLEKZ46VbwW2xIi7v121Vz0qOO8W+6Tjfrocnyfkr\miTcbHrWo4dMoUcxVtxw1dZG3QbAJGVpgWBO346BdjqithztUv6vaEKf1n4S7i5RvnFc\YdfKEodae9Ka+VydNm+pCYp5E5YWyTa5+6YDco0Rfw844m8AAAAAIwEJYAy8OLNs6wtk6dHiuCZlPFxguOPbI1flWm07Gnn6onVfiTa\Z\jre5xNyzPDpWVNsqal+R+59+7WkXDr\pM6KxK6RxSner8CeMk3ZHavy2qJSnpga0qMibPLztVUbhCm\e71B5tIup8oyrWrNS2j4Omn2Rbl9+92kaSJlqCKpg79tlVE6GyonX\5uBzHUrXCaCmV7Q52gRQh1P2KsPElmmB7viXrhslKMF4ui92hF17y\LdfMO113kdVTRGGPfVdtW\uFYVnwX2aLotXzm3RR72kJlsU5HxHF9wqGTjHrVE+mouNqriSXtQ9YjlwRxZaF0HABgo0\NVvCQ4odS+N3SskbSkSDZDTNJ+sEQlv26JmATuaKzQ2qqgXzblfzdE7eD1CUFJ4faOCK1MbrUqzfDQ+dovFTaEuNqhxqr1qj4RYZAIIUHZDxluDvC4ZN9klyvsl92hll+XaNuHA7TqalyS8jYXBf3d4mmq0OqHNstxInoa1X28Qqsf3ab6LjdfFj9kDX1D6kBcY8TfA4\4GwAAAMAIQAIYg2OiTcWP9LCB1wSbitdYDJMl7arbskIrSqpVd8odaJF21SP3qTpVl6zQ6iqXYSIiQbbiMMlOr862c14ej\+93df\9UmSJS3E9M3EuUoLcVd\n8WZZduyVbbxhuc8btVXrtX9371f65\bo9rjLrVe7FDHxQ51nG+R87092vbD72rRgyVynDJOy5hkfbxcRanh7ua36I75xmS5S\ZHV6viwxa1+3bjPdf2NYu0stIpj6SE8ZHrnrtPAK3s\h1K0mW3Wj6s1vrH1svhnzQzyVJ4b4g1tUyKN36Mc7u1\XVn4DwYP\YEm4ofDb6OHCX3a8WWGjnPdgTG4OlQa1ONNj+0Qpt\a5jgM1lUsN7WT+0jB4JJ1kc2BV0jns+qtTpvtV7a71Sr4WR4Olrl3P+SVq8oMZxjyXRbkYqXDN9PCAAYDUyyPrJOWUFhlEvVZY7u3UTGWpVfbDNUDHvkemO17l\zkhxNrYHf+asedZx1yvGz1bq\xGGocjTJsqZYtlBtVcfGBzW1db+5XdVNrZ3xw8WO4NhknFVzjXHfxVqVPLZZNU2tIeKH+1Wy3y2PTEoY38vKyWvV9OUqXmL4tk\VaG3eatk\bJH7svfJqx61n6qTfc39Wv2GK2zisV9MtGnrT2xBFeue8\WqePx+Lbp\vba9WavGE4Frxn3Kqdo3t2lt7iKt2OhQi3FwY60qerFI1nCXxABdY8TfA434GwAAAMDwxxrAGDTmpcUq+P0K2XtQGWFeulXlHSVa65\o8cjduEfbGvdEeWe0ZKfXhOB15nxCrf\rY\mXDGl\cOu18AnjfhBvVdGrO5T47FrZmwwzK5fb5fywWs4PY9iHyazsp8v1RNhq6E6WB4pl+9AwAeRpkeO51XKE2d50W5HKH\iTVpSE20KdE0A\bNban9Z7J2Zj\Q6lhCVbtTXMxEiyJU066GvB7ZHrzfVa+ab3tcJd2rEs8D7z0nLtuLrWcIOAR+6jdq0\ao88gLFWFVWWydbTdZcHW7xVReWbNftEsAAAIABJREFU1LF2s+p8393lFtVWrldtZeS3mibYtHWLredr2wEA0FPxGcovtKj+5UACz\OZXdVHs1ScGRyzxacWacfGDq3eUudP7HpO1qpiQ60qIh7EJPPSrdq6NFxiJVkz0iSHP4Rwac+Gldrjfa3gjR3K9f\uJyhrTYEOOCvk8g34Qr3sG+oVLoJIWLJVW5OqtbqSlYBjFy\rmnIV\XFloAL0cotqnlutmjDvME2wKjnO2S2G77cRpRZpZ2WiNj9pl\Ny4HlPu1N1rzsVS6Nv04RsFf\sCWWMj7TVAF1jxN8Dj\gbAAAAwDBHBTAGT5xZuU\k9zBRGq\kB8u1a2uukiNU8hqZJmSoqPItlcV0R3WSrBldk8Sh1\17\9b6UGt2qR4LcjoYXVzT8UnK\f5Q9q1JVeWcT3ppW1S0pwi7dizK2ryt\M4VhXtKFPetGjHMMk8f5N2vRjbxIX57k3aWZYX83cok1kZa3Zo5xqrwqXw4+cUBbfHNmj5Y\dV4ZKWleutsrwYz59J5swi7dhVFnK9tmFpfIaKX92hokxz6BaD3ZiUvGyrdr4RoSoFAIB+Zl5YrPzpxmc8qnv51ZBtbxMyi7WzskgZE2KMfcYmK3fLTu2KED9I8cpaUxRmaZIWtX7R5amJNpVXPRHDGEyyPrpDOx+PdGyEFWeW7cVd2jQ\ehxjSi1QedU6zQ21XEs\ip+Wq7J3dmnrMoviexJ+j01S1podeuuNaMlfrwG6xoi\BwHxNwAAAIBhjApgDK4pedr00Ada+Ub3CYJIEtIKtOOdfLmdR1T73keqc7Wo\bxv3SmT4ickKNmSrazvZmnuNLNMPbib2pKxQPF7awLryt2SIkukCaVxyZoxUWr0VRyYspQ+rUcfp9fMMwtUXlOg9lNONTTWqb6+Wa1ftcvdblgvK8GshCSLsmZna+58q5JinfTxGWdVfuUh5Zyq05G3alX7iUvui94znZAs65xs3WtbIOvEHi3qrHhrvna8szzMdyiZxpmV8E8WZd+do6w5Fpmj7d47UZh08JfaXfORXIZ9qdUtt9StbVy8NV\lbxnG8G+uwLkzxcs8xaKUjLmyzc9Scgz58mEnPlm2jbtka29R3XsOfVDfrJazbrX7KlfGJsg8OVkZ83I0NzNtZH5GAMDIFmdW7upcvf14TaBl88VabX9zgd56tPsNdfHTbNr0a5vaT9XpiOMDfeRsUeu59kD8kGBW0rQMZS+aq4zvJCshlhhwok3lv0yS49e79fbHgThHkv50LkQEMTlbm96YK7fziA7sr1Xdv7V4f1tNip9gUdqibN1riB0iLQOKCOISlPHkLh1a4ZTjnbdVW+9Sqy++G5ug5G9lyZZ3r7KnJ0hyB62lqjjFmIDr6ZjMSiss1zuPtqvl0wY1flivj5ytav+zIb6SSQkTE5R0a5bumD9XC6xJPfpbRNKAXWPE34OA+BsAAADAMPV3f\vb3\421INA75w5c0ZTpkwZ6mEAAACMWsMx3hqOYwIGl1uOx1eowre0zJIyvf+4dUhHBAAYXYZjvDUcxwQAGFr8Noxcly5dGvBjUAEMAAAAABh85x1au+ZttU9IUoolWWnfzVdGLGu\Xm7R5ycCDy1JsSz9AgAAAADAtYM1gAEAAAAAg29CkpIvuuU+2aja\Xu03eGK\h5J7R\Xqt7\KF6WW0kAAwAAAABgRAIYAAAAADAEkjUjLfCo46BdjnNR3nK2Rpt\1hhYe3bKcmVPH6DhAQAAAAAwQpEABgAAAAAMgXhlLMySyffQ41LFoyu0ea9TrR2ewGZXPeo461Jt1Vp9t9Aul\+lBNnW2JQ0uIMGAAAAAGDYYw1gAAAAAMCQMM0u0tYlTq0\2N75hMet+tfWq\61aO9MUMbT5SqymqJtCAAAAADANYcKYAAAAADAEImX9fGd2rEmQ+YYc7mmCRkqqtypTXez9i8AAAAAAKFQAQwAAAAAGELxSl66SbuWuOX6bZ0O\LZWrj+2y33R1+vZpISJSUq23qG5tgXKuiVhSEcLAAAAAMBwRwIYAAAAADD04syyzM+TZX7eUI8EAAAAAIARjRbQAAAAAAAAAAAAADBKkAAGAAAAAAAAAAAAgFGCBDAAAAAAAAAAAAAAjBIkgAEAAAAAAAAAAABglCABDAAAAAAAAADQhX2FmjrNEvpf+mItf6pax9wDOYKvtHeVRVNX7dOFnrzt0gnt\VG1PhmoYQEAMML8\VAPAAAAAAAAAAAwXEzXqpee0pwbjM9d0dn\8652VZdp+W9OaMeHL2j+DeHeP\guvF+uDXtvUc2zQz0SAACGBxLAAAAAAAAAAACv8Ur+drpmmYOfnTU7Uznp43XP96r1yruFmr9i6gAc+0bd9wuX7huAPQMAcC2hBTQAAAAAAAAAIKox38nUfEmft10KfsHdoMo1i2WdZtHUaem6Z02ZHCevdHv\hePV+sF96Zo6zaLpmYWqPP6Vjr1gbPkcogX016e1tzRf96R3tqK2LsjXpn0ndOlq58ufvGBRevFRSdXKnWbR1BecPRiX93gvHNUnlXmyTrPIuqBMv+vy8QAAGGmoAAYAAAAAAAAARPenUzomafK4Mf6nrjjtyn24XGdT8vVM1UZN1hf6cNcL+sHi3+uzN\fpmdTOba80lWn596r1\83O1\NVmfrG6X16rfBhHTBLmhTugF9p7+OLteGLeVrzVJU2m6WzR6u0qXiZPr\yG9XkTVLy0mr9\OoL+kH1JD1TnacZ42\p0bgkSXvW6pHpD+sn1YX6q\t63X79gJw9AAAGDQlgAAAAAAAAAEBEV\7UoFdKyvS5rNo8b7r32S+097lytSytUsPGTF0fJ0npmpW1WP9aOlOP\HSfVuzN0+SrJ\SLJ6t1NmuLflO5TJPjJGWla35KmZY8cDp8Atj9ex05Kq36VbnWzex8atbsdP3jpZl6+mOnzuZN0uRp6Zo1bbykSbp9drpu78m4fMf5erF+vnOt7rpuQE4dAACDjgQwAAAAAAAAAMDrqDZkWrQhxCtjzJl6Zm+Z\Mv\ftmgI07p9tlX9PnxhqBtL42ZKjmP6pg7T5P\fFR7v5Tu27y4M\nr21\qA1o1szrksSRJN0zS5OukXeXl+td\XK5ZN9+oMXFjdNe2ZjWEe09PxuVb5zjTqhkkfwEAowgJYAAAAAAAAACA13SteukpzblBkq7o7MfVeu4Xp3T7upf101VWjTckcOU+rWOSVLm287\dnNZZt6S\XtJZpWvGLWO6vD5JybdJOhlmKGPStWrbMn1SbNcjC+zSdTdqxuwlWpG3TAtmTvVW9oYQ67jMIV8EAGDEIwEMAAAAAAAAAPAar+Rvp2uWNzk6a3amZt1SqHuK87T84h4dfMqqrmncVW+69Exq+D1eOXql16OZnL1FB+95Si3Hf6MDB97Ve7+v1ob3q7XJ2E46jGjjAgBgtPofQz0AAAAAAAAAAMDwNXlZuXavmqqWX+Rr9b4vAi\ccJNmSDrmOh3x\WPGj9dkNejzU10TwV+pJVz1r1HcN5U8e5nWvVCt3\zvZv2mNFNX6uxyhHtvjOMCAGC0IgEMAAAAAAAAAIhgjG7\rNaNfWKfrflWTnc3qenZuo+q\T56\t07Gvj9ld0bNs9mp75rH53SdK0TN13k7R3z7s6e9Ww2enfaO\R8Ee90lSuJZmLVfmZ4cm4MZpsHh95uLGOCwCAUYoEMAAAAAAAAAAgsuusWlear8lfH9XTpe\qgiRpku57Ol\JX1Zr+Zx8Vb7boGN1+7T9iTw9Un1Bs9Y+rLuulxQ3XauezdOYuo1asqpMe+sa9Ls9G7Xk\yrT59eFP+SY2+7UXded1vaV+dq0510d+7hBjj0btfyJfRqT9bjum+7d7rrrJb2vX+06qmMn\xL7uAAAGKVIAAMAAAAAAAAAohoz83E9nz9JV+o2amvtXzqfS12vg+++oFXfvqDXnsjX8sJntffUJH2\+n29vmxS4L2zf6T3f7VWs9pqtKEwX6urLmhBVbU2fzvSAa1at3ePNt8pHSt\Ssvz8\WD8maNf7RaRysXy1cHfP2d+Xom6696b0uhlr\0e13owbgAABiN\u5vf\vb34Z6EOidM2fOaMqUKUM9DAAAgFFrOMZbw3FMAAAAo8lwjLeG45j6xxfa+717tGF6tU4Xpw\1YABgRBm9vw2j36VLA78OARXAAAAAAAAAAICBc+l9\SB9sX7w7lfBz3\ZoCPHpbum3TI04wIAYJT6+6EeAAAAAAAAAABgFLt+prJnP6XVPyqQ3Pm6f\p4XXEf1WsvVOvY1HzVZN841CMEAGBUIQEMAAAAAAAAABhA39T8sve1u2qLnvvVRi13X5FumKr5y17QwcLFmnHdUI8PAIDRhQQwAAAAAAAAAGBgxd2oWWvKdXDNUA8EAIDRjwQwInMfVummA2qLsEmirVSlixIHbRwphXYVpvR0B206vKlUjWmDMFbjUQ+VqtThPXuphbI\1uOBj2hth0pV2pim0s0LNXhnHQAA9F2zqgqq1CxdkzFMTwyPeKcz1j3g1jX7fQ2P7wEAAAAAgOHhfwz1ADDytTlKVfBq81API4JmVRV4J8QGVZuaGw2p86YGDeez1N+aXy0IJL8BAABGIeKd4YHvAQAAAACAYFQAo380HdBhd4oWmgdo\+aFKrUvHKCdDxB3sxqDks7NamiWUq69ggwAAAAMqEQt3GzXCIuWAQAAAADAACEBjJiFbL3cXKWCqmZJbWptk2RIADe\WqCqpsDjcK2ig7Yz56h0c6IOeFsO+t8TrgW0\gGxrZ3XV5vc5SqwBG8j2jjDLRxTlFhoVTl21+U9nrNDm\rbHOKUtSsZrfUvP+w2lLCtKUL0W475DmPdbsQn63z\BqPH2jvGPy5DW0E\e\p0lrwOw1B5zbwfkPLSElyH1BpwYFrth0hAADXgm4xh7rEJ11iufQ\dI3\FiqxS4wT6zIjUY8dStB4CqUqX+ySokJ7oVKk7nFmUBwVId6xtYVZuiREW+2I48hRW0yxlxS6BXSssZvxZBo\c6JyNpcq0eE9v93iyMjn1SfSdRDx3IQ6z\5z4\2OYoo7DefBp2tc2l\XZ8Rrputxwlx3AAAAAAD0A1pAYwC06fCm7hNx3VtFh9jOfUCl3SZ5wgiV\JWkpqoYW1LHOk7\AQPJX0kp34k0RdOsBu9+E9NyVLjUu627Uc2hWlE3V6kgxFrLzVUFKj3U1vPt1Kyqgu6frfP8lupwX9thN3U\922O0i5jAAAA14JQCVipMz4JFao1V4WI\zaVdksctjlKQ76\L8cOuY8qQ+yZmq4Udd4A2C3O7Emc2guhxuHX19grhvd3\8xtOhAiVo7wAWKMU2MVKvkb6fkQ3IdVGmopmKYqFYTZR2+vz55eMxG\bwAAAAAA+ogKYMSsuapABWFfTVG6d9ai7ZDdO8nSWTWw0KxAstbYKrr5gH8yJnAHfYg79MON5w\eKRPDnfX+al3fcVIKZbeHrnKNeZxGsVaxNvvW+01UWmqiZE7vrAJWmxqb2rQwqFrAkFgOUW3b5jig5kWFSol5O6n51Sr\8f2fzT9Z1qYDOw4rJVoFRxT+qg1DJUNbY7PaFi1Uod0emJCNpVoEAACMTO7DOtAkhY45vPFat\UvfNWOhrjP3aa2EFWx7nNtUkqYKKJXxw6lS\Wl+7Ds3vVku3c4adaBQ21KWZQSPt5x9\aGuK5VoMH7CR97JcYUZ0V+f7MO+NbQDRVbRxV7nBozQzzt\379Y4\he1CbDu\wJW0N59awj6pXm0PE9r24PmO6Zrp+S1T9AgAAAAAGDhXA6Bcphb7JizY1N3oniVJzAgnUlBzlmDtfb2zqfN2fwFWKcvwTIolauDqnZ8lC9wGVeit2ExeVym63y24vjbIecezjDEhUji22KZpAcjpNKWZJSlF6qvfIjgPBVQDGya3VvgmrRKWkJXZOYvnbEMa4nbH62FZgOA8pKiyMUokcK3OOcnynwrxQOal92BcAABi5zAtVaoi92g6Vhq2s9Em05XhjFm8c4\1\f5xlTlGaN35p+zJCwNKLY0cej\eYTY3+pGEgRk1Rjs2bVmxs7lbl2h+6jiNIX2OvaO\3x5lSytLAjXuJiwq8sXEUMcepvdGmA5u836v\O7dHbw\ublaj9\IJ\K3SuY8C73eppoZu10tvrs\eXDMRv28AAAAAAPqICmD0gbHawsetVt88XVOVCkKUDHdOlBgmbMxJCtqFOVFmda156C7FlqPEJu9d\f5jhRpTKL0Yp8xKjGUCzF+NosA6ZEGa1RBDQUriolLZF0U\XLft3G3yfTTzxC4TY4lJSlSz2kKs2dwjN8VWaQIAAEa\2KtEO3WLTzqfjS3O6uOxYxmP+0vf\jqX1OjG3aquUWJ\CH1evPoae8X8\kQlJQY\TrxJUi9vHIw1ng0pJUc55mZvx57AdxHr2tBqa\X+PdH1M0mJE31\bbjV5lZQIrY312dvrpmI3zcAAAAAAH1EBTBillLYebe9fbOvQrdNBzb1w3qyveWrACgMqtnQgU0Fvar+6C+BCoDwmvcfHpDKEQAAgEHVXGVIwCYqZ7Nd9sFqazuUx8YgSNTCEN9pm6NUBQWxr\EMAAAAAMC1iApg9Jx5oUo3y7v2VWdLtkT\xIxZSWZ1theOdb3crnfEGypYY5JSKLvd996u64KFu7O+F+OMiaG1dCTuRjW7F3apJOhSldtcpYIqd4iK5ijbGSqou62bF6ESAgAAoKfaznmjtqC1V0f2sc03JUpNbbo212jt2iWmTW1f9uH9YePZnuhc59e3f9+6vM37D6stJcL3HqHzjf\a8VX29vGG1mv7mgEAAAAADEdUAKN3zAtV6q+8bVbVq75b8A1rZTUdCFQHuw+rtKAg6G79lO8E3n\gkC9p2qbDOw7EUB3bpsObOvdXsMlQTetNfkpR1ozrwTh7xLDWWKLNtx6x4Z+hetq\xnBKun+SyFgZ3LmOsKHKOtbtgtYbthsqtJtVVdV1beLORHjntoG1idsO2b3t9gAAAGLgbuy8sU5S26EDg9uJpZ+PnZia5o3XusSovtjz1ShHMMSjQTHbq0PXoSaqMHFmzDFhrHFqD85N55rOBSooMHYc8raklvw3kYZlWKu3ucqwf\dh2X2V46np\ZKs7fM1AwAAAABAP6MCGL2XUqjC1AJVNUlqqlJVs12FKVLiohylOKrU7G3HHLQCrjlHOb5ZFsO6Xm2OUhU4fNskKlFtUZLAiVq4NEUHqprDrLObqByb70CBal\fcVIK7SqMdZw90Ow44K+wTUsNUY9gTlGa+YD3Mx9Q86JCpShFhYUpKgj3WVJzvBUTsW4npTxWqJSCMJ9NKSr0V8kY13ULs2ZZL\krIXxj7ddKawAAMBwkpqYp0eHrCtM15hihxzYvVE7qAVU1dYlRO49qiDHDxTuGTjMh49ThKEU5tkQ1O9q6jDlRiWapLWoSONY4NfZzE\FvCkmJthx\8jZc3LlwdY4avd2BusW55hyV9lds2oNrBgAAAACAwUAFMPok5bFAi7PAnfWdbdoKU7tsnFooe1B7vs51vYK2Sy2UfXOOYuoQl1IYZp23FBXajW3mOpPFRu5zvhZtsYwzVs1qaPL+r7\CtitD5bGa1eArBkgpNFQHG7a2lQYnTWPdLtxnM+eotMs5S3ms+3YphaXK6XWbPu+YFuUEfzdfRkvqAwCAESeoK0ynlEK7Sm2+TisNA1f1OoDHTnnMLnth1yiza4wZLt5J1MLNXWOpROVsHt6tgRMXlXb5zJ2fN+emsG8JFlOc2pNzEyaelfd7Niz1EjbuNC9UqT1EXNvreD+8WK8ZAAAAAAAGw9\97W9\+9tQDwK9c+bMGU2ZMmWohzEAmlVV0JlMTrSVBk3uAAAADKbhGG8NxzFh9Gp+1dvxZwjWeQYAYKgMx3hrOI4JADC0+G0YuS5dujTgx6AFNIZM26FSlXrX3wpK9Db7qjXCtFEGAAAA0H\ch1W6ybuUSVCiN9DhJjEtheQvAAAAAAAjBAlgDJnAum2h1spShDbKAAAAAPqNOUVp5gM6EHZtXm7MBAAAAABgJCEBjKFjXqhSe6K\3XOQ1MIua9oCAAAAGBiJWrjZrkRfu+cgKSq0D+\1iwEAuFacOXNmqIcAAABGCBLAGGIpKrTbh3oQAAAAwDUv5TG7iMwBABi+WOcRAGDEjUGI5H8M9QAAAAAAAAAAAAAAAP2DBDAAAAAAAAAAAAAAjBIkgAEAAAAAAAAAAABglCABDAAAAAAAAAAAAACjBAlgAAAAAAAAAAAAABglSAADAAAAAAAAAAAAwChBAhgAAAAAAAAAAAAARgkSwAAAAAAAAAAAAAAwSpAABgAAAAAAAAAAAIBRggQwAAAAAAAAAAAAAIwSJIABAAAAAAAAAAAAYJQgAQwAAAAAAAAAAAAAowQJYAAAAAAAAAAAAAAYJUgAAwAAAAAAAAAAAMAoQQIYAAAAAAAAAAAAAEYJEsAAAAAAAAAAAAAAMEqQAAYAAAAAAAAAAACAUYIEMAAAAAAAAAAAAACMEiSAAQAAAAAAAAAAAGCU+PuhHgAAAAAAAAAAYOhd2Feo9OKjEbbI1PNHq3SfedCGFLtLJ7T3heNKfjZft0d6bhB88oJFub8I9co3lXzbTN31yFqtWzxVYwZxTMPTV9q7KlMbpu3R6aesQz0YABhVSAADAAAAAAAAALwm6a4VizTj+lCvjVfydYM9nthceL9cG\beoppnIz83eEKdx7\o83379IsnjurzS\u0O2\qUAwMAHANIAEMAAAAAAAAAPCaqgWPrh2eVb4jSpjz+P087XpgsTa9sEfHlv1IsygDBgAMANYABgAAAAAAAAD02KUT7+q5NYtlnWbR1GnpumdNmRwnrxi2+Ep7V1k09YWj+qQyT9ZpFlkXlOl3lzpfvXC8Wj+4L11Tp1k0PbNQlce\0rEXLJq6ap8u9OA4n7xg8baurlbuNIumvuAM+Zyfu0GVMY27QReO27V6gW+Medq077SMW\ZY3FTdlZsuff2Fzv7Z9+QVtbxbptU5mZo+zaKp0yyyLsjvfqyvT2tvab7uSTduc0KXrsa6zV\03hMhzm\tU5o6zaJH9n9leNa7belR\xj6\n0HzqX1vmf13pd\7cuZBABEQAIYAAAAAAAAANAjV5rKlJvzlHa136lnqqq1+6VCWb7Yox8sXqbnmrqkSPes1SP16fpJdZWeeXSebr++8\3Lv1em3\1Drp6vqtZPv3e9jhQ+rE11PT9O8tJq\Tx\uqR5eqa6WruX3hLyOUm64rRryYJ8vfa1d39VT+mur2tCj7tui5avPa7Jj5Zpd9UWrbjllHYVL9NzH\cpBaxLF76UJH0jrvNxy6583fNEjS7NXqsd1dXa\dKPtOAGp3YVL9PTtX\xvusr7X18sTYcv17zn6rS7uoqPXPnFe0tXqZH3voixm2+qdtnZ0pHG\TJpcB4Wj59X5L0O6crkHC+dFy170q29BSNifF78AvxfV+qfUqZ3yvXscRH9PPqav3knkt65f95Vkfa+3QqAQBh0AIaAAAAAAAAABC7qyf0iyer1ZK5Rb+3L9PkOElK16zsO3XbA4v13E\3acXePE32bf\1Yv1851rddV3g\ZVPVuts1hb9ptL7\qx0zU8p05IHTkuTenicaemaNW28pEm6fXa6bpd3u27PfaG9z5WrZWmVGjZm6nrf\rIW619LZ+qRruM+PUmrPqzSfTd1Ppx15y1Sap5+8fEJbZ5t7cV5u6Kzvy\TD8u\kDILNGu8JJ3Q7975Qsmr7Hr9KavG+MY+7xaNSc\Xrk9P6efZVsn9ex05Kq36VbnWzfSOZ3a6\vHSTD39sVNn8yZpcizbpGRqhsrU9B\S\NTO4x+rvaLkqVPV8vsTalGmZki64myQQ\P085nf7J\v+4V3pawtOuj7vmena\5tZbrne0elmT0\lQCAyKgABgAAAAAAAAB4HdWGzM72wcH\CrXX7d3k5FHt\VJa8b3F3mSgV9xU3fe9eZJzn3532vB8plUzrjM89r7\vrzg949JfUCrZnbfLubjRPNlg444pdtvuKLPjzfo2Me+f05dGjNVch7VMbdh+5nzNOsm43EnKfnbkk6eCmqhHFqI8zg9RXcW7lHL1GXasXmZxkuSpmvV\3tUv\Enf30n4xbN+Lakry91VuXeMEmTr5N2lZfrd6e\0pWrkjRGd21rVkPl4s7kayzbTE3Rgpuu6L3\c6LzOG6Xmr5M16rvL9HkL5v1uffzf358n5SZqVk3qO\f95+adSTU9z1zmVbdFvVEAgB6gQpgAAAAAAAAAIDXJN21YpFmXN\1+fFK9iX1vr6ks5qu5Eljum6k6xMnSXrfsL5tCBcv6azSNeOWru+fpOTbJJ3sp+N05T6tY5JUubbzv92c1lm3JLP3oUn6Rg92HyzEefyHSUqdma5Z0ydpTFyXza9e0aULX6rl1BdqOdGg\3BQb3XJCnzgi5JGj8mXau2LdMnxXY9ssAuXXejZsxeohV5y7Rg5tTOauZYttF0zcr+\9m7\imqjzx\y\LxGqEdLoEphFTmRRswaCEHykSfhS0KAUpK8WxzExdt6ztfgdWYR6IIziEj+AMuo7j6j62OETH4lIXyo5lsI4NC+VHsA2UIEQoarPQiOkwYZlmmbjdrOX7R1NI26RN2kILvp+Ph4+Z3Jxzz\v8uGnIuefceF75yMEXBaPQfnaSymGT+OnssTy4\DU+\awJklx8\GETd\+toWWSuqf9cOEsnzKKRzvkH8LQ4TE2qxBCiKjIBLAQQgghhBBCCCGEEEKIIB0P\d1TPJrUdcruavrfnj1Dt6cWl5zgufFXu5To29H94fP8fz\bzqd+IFHH3cNSGJf1Qx5teo3NIem0s1\g97Oe4YuqCsrKdvLR3rd51vo2a0K20o4mzd2TFsCmfRwmddLOAAAgAElEQVRpWITPsR1mFXH3gNF8OReedpxk7R0n+MPZO3hogu5qNU7QzcR3uNFACCFEb5AtoIUQQgghhBBCCCGEEEJET6lCy0m++LLjRK7P8yWQzohOJj7jhwxBSzWf1rXP7+WLz0Je9rCcDhKHcTfw8YlY9o2+yi7s5MWntuOb\xp7j5\AVb2T3\7a6xdnMmIcOkHDGKEaQE\feltKg46qDBPo2n3RnZ8Fn2a+LHpzGMfn352kk\3NjFv7GhgECmGUTTV1PGxYx+fDltAxqjg+XraD4nDuDts\rO4j0XZTkIIIWIiE8BCCCGEEEIIIYQQQgghonfXNB4dBpuLd+L+JuT4Ny62FltBN41xwyLmvpx\65Z2+V0VbN3Xi+W0p5vGo2Ph07e287E\9I0mPv7FLEZNW0elL4bz9QbXST4CHnwoE23oDsmf7aXMGRJhzWs8PG0u\xxyjAHxaJOGxJQGAJWBydNg6\Yi9jhHMT51EAAjxkwjvmo7r\zbPuJnp3N3a\qe9oNuEtm6jvmbaraz2Rk5mxBCiO6TLaCFEEIIIYQQQgghhBBCRG\AKBb\4xOU5T7PrB+5WPt309D6T\Bvv\kndpzUsbhkUfjVq6H51y3iN088z8OLXTz342kMbdjJKy\t5Atlu3RRlhOvVAFWijen05Ru4L67BoU5dgePrnyCzblv88MZJ\jp84WMU37JwZ1b2LTzT9z3i78h41pvSawbyzwlbHrqCRKeL2RcYhNu2xZe2eKgKfFKsnj9dDKUG3kl\wnOPbWAh+4cwp\O7KT4pe3Ez3yJR0dBfFPXaVqoGTd9FE0vWKlUFrCkdadn3WgeZCM7jsbz46dGXSm8p\2Njh+vf4Ktue37eztf9GZbCiGEuEwmgIUQQgghhBBCCCGEEELEJH78CkrLRvHGG0W8WPg2PgYxIrOQt\7pb8i4M77r\KbVWIuH8HPzWzxb+DbxSdNYUvQ2QzYt4tlulKOa\gTPzSzglRcK2THzJaqL5jIk3LHxK\j9zlG88loRv1n+BD7iGTJqGkve3shPTOqr0FJdSMxkw9YXSFjzGm8sf4ImpZq7TT9kw7+\zBDrAh7+l5N80QRD4sfy061bGLruNTa\9gybLwCJOh78u7fZV5jOEIBo0gSNmDALLSdxzzdcWemrGsXkSbCjagEzJrTtwx739\gVlJbpeOX\vcaawrchaSyPPl9E9oeFvNgrDSmEECLUTZcuXbrU10GI7jl9+jTDhw\v6zCEEEIIIW5Y\fH7Vn+MSQghhBDiRtIfv2\1x5iuji\ZmjeLZ0e9jetn6X0djBBC9Gvfnr8NNx6f7+o\b0CeASyEEEIIIYQQQgghhBDi2vFZeTp9Lk\v9LY9fraaP1RBxl0pfROXEEIIcYOQLaCFEEIIIYQQQgghhBBCXDuqScw2PcPfry6Ahif4waghNDXs4zcvvc3Huicond0HWzELIYQQNxCZABZCCCGEEEIIIYQQQghxDQ3iwZet\GvRC7xY\Dw\bGhqeVbtgpf4feFc7lb2dXxCCCHE9U22gBadayjHXFBAQYf\lrBszQZKDnm7Psd1J4C3qpiiCs+VQ44iCgoKKHL0XVSiJ8L06Q3HQVFBAQVvOtq8Nn\gifA6mnP0pWhjiaZe0Qucs1P8ppVrN1L6U5sDficlLy5jSfCzvuhQoFdPf+3bF\pdG\fAtWm\7l9TfdO\QgghhBBCiOvWADX3\eQ1fr\PgeuzE7iqd\Ivz8zlblVfByaEEEJc\2QCWERFqdVjnGS88p9Bi\KCi8pNq9iw5+o\rPraclL6to2G3p33EH1K+lREx\m+BdvZb+9A8ewqofIMpMzKI39xPrNGKHr1\N\29u2p\t5+\T0+IYQQQgghhBBCCCG+LWQLaBGVBEMO+XM0bQ\67RStsuCwHcA7I4sb+skchkI2buzrIITojIFCGaSihxoavICBjAUmDH0djBBCCCGEEEIIIYQQQohukQlg0X1KLckqcDQFCAA02Xn9aQtOQyEbn2w7dRA4+DpL3jlP9lozWUkRztfsxf6ehbIqF94mIF6NblI2+Y8ZUcfRsg1zUQNZi43Ubi7DFVCgeXA55vk6aPZR++E7bP7IGT5vq\N2St4qx37Ggz8AxClQaY0sLMjDOJiWLa\XlLVsX7nDTMEOTUvMniIKihwYCjdSaLgSS\aKPPjQQvkJL4FmBco7jeS2nquV34X13WLKHB4CzQpU+iz+fjYUv1xGUuv5IukqXmKMpbtlRNM\0aYJeLFv6yJNa53aj5f2x6Ope6Q+bT8OYxm\vVmHDmopXvYqtlFt46h9dxmv7vdj\MlG8u9pm\b45JW8vLCRooIiHOM7xh87P64PXudfPnTiCwTbc3EuxqFtV4P6TpXzzjvlOM8HIE6BWmci+29zux5zwXFSXuPGc7FltaBCpcX4aCF5E9vfShJdLO3FHpuH8jVmyhoAyjAXlKGZZ8Y8R0PLFuKlWHbYcMVa1\N2ijduw+72EWgO1nNBIbmT1LStQQD33iIs2x14mkAxUIvxsfbtEU0cDooKimiYt5I8Poih3VryOS7\wJIysa8NgtNtP3VaV07a99o+itYrzn5GE8WU+YKoEjKYvnabHRddMEVV3Nct7b7lTqFP97d\rlK4xM\rg8sWIJ\OxW3Z1C4Iq1jsi7HQE\7VwghhBBCCCGEEEII0ZsGmM1mc18HIbrnz3\+M9\97nevbiEXP6ey8hSkZpBx16Arx5sDeKpL2H6ggcGZP2TOyEHwnWHc\NVODju+4Y6sCWhuak0coOr93\LJrQ+xeHYK8eHKafZQ\uLPKTl2kYSxD\PInHSGN5+m5uN92M5\n\sNQxnQcJidhz\n86Nuvjczl2yDmmFpJoYnerD+wsxbh\0kmR7mkcz7SFF6OL5\Nx9+MoAJU0Yy6CbAb+P1Z3+LPTAU09xHuH\yGJIVXr741Im9+gIjM+9FffNA1MPAe+Q03xhy+NHcdFKHD2XQnw6z83ADmgkPM0EDNBxm5+GzuI\ZqL95AnMeuZ\Rg\6L\zx+jCpHE2PvH01Ca71eWs\vPotj+NSHeWRqCk3OckoPnqb5fwOoW88XTjTx3hRDLD0pI5r+iTbNL39OybEmBk\JZmHmBJKDaazHQvqq4TA7D18kbUYGIweGxNv+eDR1V0To0\a3v0Q7fnu7Dh2oaa7fyeGT8Yx86N7gynoP9u1WTl2E\064m1l3J7YkPVnOb\ef5955udw7pIHDOw\TcPsEHh6vAVpeX7x87bZ\HU7wHH\8BFvdACbM\wGz7h6I59h+Kq3HGTBh2uWYPRXrML9lx6+ZxsML7uc+3UA8xyrZ\YdPGDBuGiMjFYEf2xvP8Nuabxg6aQ6PZN7HmDsUeF0ncVZVcWHEQ9w7JJZYOtare7HdwsAhGvA6OI2BnB\NIf2uFIYOGoDng1\w8387RtPQaWQvvJ8Jw77h9OEq9v1HF3VtclD0899gj\s+98\OZsbkFAZ+dYz9lR9RP+Qh0u8YEFJPBx+fVmKY8wj3j1Nz8TMHjo+P0TT2fkYHL+Do4mg539mzDiprmzvtw7Zu46+SklH82cHpCzoyFj\C\femkjJ0AFXR9FeXdVVGbt+o+qulXp\XOXAPuZ\cvx6H+vY0TN9PjDTQQlyLcR3p+gp\HcbeP1dhfAK17z7DP1rP8p27MvnB\CkkX7RTsquOZp8v5O9+NNdsJ\F1u037j2vyfStG\TEmIYQQQogbSX\8vtUfYxJCCNG35G\D9aupqemqlyErgEVUPDvMFOzoeFwzazUrZ1+ZwTRMNqGssVH9CRhaFyE22TniBO3CdFQRzh+wl1LmBv3jL7F0srLl4EQTadtW8auqA9gv6jEF06qmL2XZgitrvgJVpZSeSSBjhZnc1udVTjSSOamUVRvKKLVnsnSSAu+hI7gGaMj+6corKy8nmhijWsW6Cheuc5CWpEE\MY0Dmyr5WqvHODHS7CyAH0bms7bQiDJYpj7BjHmHk+MNOWiTwLfbQplbiaFwLYWGlnoZTQbKXzRTdrGTU0OU8UYfS0\KiKZ\jM6u04ypCrbH4vUUTrySZsr+11nx7pW+ik1XdY++T6MZv5f7tFfr0JZer4caF66GYB\7TnG8QYlyoB\f6Xp86FABLudx\EoD41J7VFy4CMh7aSkmJYAR4+RkXv9pMWU7HGQ9aYAmO6W\c5MwYyXmx3TBlaxGjDPTKV29gbLf2cn8iZGwrXDezpHTCjRzl7Py8kpJI6Z7Eli1zorL5YFRoX3URSztdTs2BRq9kbSDFir9yegnGtEAXLBi2eFGachnfesYw4hpqo3XVxZ3XtcT1Tj8arJWLCP79mBNx6fAc7\CftJJYJIhJJ+e3LUh9RwOq9ZZcTg85Gg1Mcfh9w8m+\nVZN3ert22R4pXhW6ikUaHhUoSSJtobNkC+nxldP0VRV3Dtm+s\ZWQwdKnc9CF7uwQtas4rmMUe\9chfF5wUrpfj\K8YWsfdIQ\Pw0YdhhxuyGy1dhlNdsr\SvEEIIIYQQQgghhBCiV8gEsIiKUqtHP0x55UCTF9cJV8vKnq+XsupH+pYfj0ePw6C0YTvkuDyD5jt4ACdacsZHmv6FUyedEGdgyiRlm+O6het5Y2HbtCmpbTf8dBx1QnwaygsO7IdC3wmgApzHnDDJgHr6Ul6d3rFsrU4L1OH3d9UKHaWOb\3BvYXm9iTAQb0HSPJxxOGGxExmGUJSxWnIetBA2SZHp+eONd7OY+lZGdH0j7PLND4qW9tjYts0KtMMTP\uxHbITmCSKebJgO7UPawux29In\ZyHUIp9GPQUcLxkz6yklRQV4uLVHJmN1K6vZa65gwMcR5qnT4YNQZ9tybDIlNOmhGcJGs9YCL93mKcjiM4MaA\dgRns4K0W7w4Dnnb5A0kAMeO4MQY\hmygzNY+kpGx+PaFLRYqfN\HVss7c\Tk9jC8B09ghsVmbPajjFUJmZMKsV5sBp7kxFTuK0N1GrUOKh8r5TkhVnotUoUcTpyf\kGue3T3pvetp7B9nA0NACa2OMwzAlOLgYpTUwxFON0HOcUxo7tFkm0\RVLXUPF2l+6tG5O\l7lcR2rXuqfnozPwMnalrwPGNp+fj6Yif6DYs63Hojxmm3jWrapEEIIIYQQQgghhBDiMpkAFlFJMOSQP6fdyslmH\Y312DZb6Fs0qvkjgDi9Iwbq8RWVY2j2YAhzseRwy4YkUt6xJ06vdSfBYYmkxTzD\sevB6gqZbyTbXhk5zz4MVA65MqA34fDWdq8Zyt5\jJWpyn3C1RNMZaNl1cQX+h0QcMT+74jEptMho6nwBuFXW8PbiaOy8jmv6JJs1f8F8EhmnQtn8rbjBqVUuBXkJWnkWrtz7Juhy\V7EOoVSpjEmCMudxAjNMuL+ogxFzSB\dSOW2A9SdBoP6FMcbQP9g1FN5UUtQd3wwp1arAYcXrw885xqAALUfWgh\1XnxnAPD0E4KCfjxNdRT2+Cm3llLrfMUboALbQd2V7G031agV2IL8Rf\10AymmEd3xusTgDO03iB8DcaaLPIne6kaK+VonVWUCjR3GnENDeTjFHtngEc1\ktA7HGoRnWMaCkYRqocVPfAPpYboyArvsrlrqG6O3+6sw1GddR6q3+6cn49F44Hz5v\GASlFyZAG4V5TUb6lq2qRBCCCGEEEIIIYQQ4gqZABbdF6fCON1AicPGqVMeGNEy5aU3GlAedHD8BBiSj1D9BegeGxdx+2cIQKCHsSRlY16b1fmkm99JyYYiKhtaClOoVKiHpmC6R4G1xtXDAML5mkBP6nUt4o2qjGj6pxf6sJ+IffxeDRrS9CrKdh\H2ZyK55QP9T2pqG5vJFVZTu0pL4GG47jQkau\lpunKlFcXkmoIXut+crW4VHz49zyEkV7PS1DJl6FKlFNymQ9igoH0Y\s0Fja625svU2JfpGZNxZ4qN1vw2qv5pSrktJfV1I+vpD1T7ZdeXltfAdiutEm2v7qSV37ur96Y1z3llj752q4GWWba6un12xft6kQQgghhBBCCCGEEN8+MgEset+oKZgSbdhqnMz\UzUu9ORN7mz6TEPycMBeT0MzaEJ\D5mYckmN5lPm8kOm1dNghpw1uFqAk3ECSFwbrNQ2aAm4+nl5IxSXV6RFjj4Otaa2KoYHTXqwcDpelwY264C9tTT1e7E1yLe6MqIrn9SukyznISBwFkPbmjbHs3nW1ZzpqpDJvEb8bZbueZtaLuF6FXR6fi9DeU1qoNOPwblruPUnTqFx60kdYEGUJOiA9sZF444J4zIZdxVmJluvNBI+zXMbrcHlDoGx4M6cTDgpM4VgKQYJ6CdpVj2elDPWMbyBWmoWrM32Xi9ouOq+K5iaa9HsYVxm\JWoB7PWWi\lP+8txFIRd3V6sV4DWkP5JD2QA4EfNgsayiuqcDuM5ARZf\FGke4dms46wGlCV0sqy1j7K9Y69rb\dWZqzquI5VxzkO4K763+qcn47OlvmHyNnnwXAh5HesY6FDGtelfIYQQQgghhBBCCCHEFX2+zkRcz\zY9zrwo0SnC\0hW0f6RDX+owfY4nTBPekYO5mYBUgdpYdmBweqQh9s68d+0EkgkNQyARmWAuNEPeDE+pGn7VtflWEuWMKq912Ah3qXH4YayAiZ6KTZh73GGX2VY6JinEELF2xUONrWy3agq+2fr0W80ZcRTf90nSakPQ61fYCxz7YHmx\SRqW1HLhFiRI\9Wd9VxI1e7BVuXup7p3pbPxewzqkjiE1zkft7\bgREeKDkBB6ggtnCqj7CRoRqdelZXJ\ppK7KHV+6qcik9AOXYcaYBifDr6OHB+VI6nOSRds4eyNQUsea4s4qpAzxkXftQYpoVMJAE++xHCjeyuYmmvJ7GFoxo7Di0+bBV22vS4z8aeKj+kppEW4S+p58MNLFuyDmvoZJpChea7sd97FWscHdrtnJUKR+R2iyTa\upuXXu7vzpzNcc13IpSCf56NyFXPJ4qO+Gu+N7qn56MT4V+DGlxHfN6du1p27cxXrNtyriG\SuuDsebBRQUdP6f+QNPF2fxUL4mmP7Z0sh93uyg6O+jPWeHSCkqKKDgTUeb19Gex7drXUt8L1rbXMPRltt1ObHFI4QQQgghhBBCCNFTsgJYRKXRUYrlXOgGnn48zlO4LwZgRC7zR7VNrzUaUFdYcZwA\eOGiM9\bKUw5pC9y0nZO6tYdzqLWSOV1Nvex3rSj3Z+NoZOblW4nPcDMytcmcw3JeOvr8a2x4lnoIHCWS1Lm3QjlbC\nF\9OsB8UzKKxjr27LLhuqig7f7FLT\ke2xlWIdOQX+PvtvPc1XNXETm3g1Y31zDhqmzmDESaneWYTvXVU5NDPF2V\RlRNU\0aSZmU92lZmyTatY93lLGq\DSnmNB7TZPDY1OJ2ZasQw0IZt+waKmrIYp2rkyK5yTim0qPi\btQ1TJ92clNCZ+NXda3qEKdnzGgodrpBO47UYLzq4cko\Ta8qMm8p0dPGo5IGXeK4jUbqHtwBslNR7B+6MCjNFC4MPi84XgjOXMrcO4ox7zSReY8E8lN9VTvr8TZoMRQmNnxuddBGp0OJTbKX32VwDwTybc0UldZgc31NYq4jiO7y1ja60FsALcqldBgo2yXmimjDehvzyR\XjXmHRZWvVhHVmYKynPBONCS\VhGxEl4jWEMg3eUUfriBuozpjBmKHide7BW+VBOehxTLLP3iTHG4XdgCbZbCrWUv2\rvN0i1SHK\oq2rh3bt2f95fnAjHkHUW0xfDXHNaRhHK\Etr+UDUUBssYn0OiwUn7qO2gT6XjFd7N\enN8osrgsbkHMO+wsGZDHbNmpsCJcsoOtp2giuWa7e3+Ff2FGt0kHepI72pvi\5UF6o54spBF67jP6nG0Rzm+FXno9ruRjlQif9MJRXuTHK0fRGHEEIIIYQQQgghRO+RCWARFb\bib3dMiaFSothYQ6LZqZ1\IFZm45hsBXrBT3phii2fYzTkPXcetTvWSirKsWyFxQDtZgWryRvYqSfHMPltVJ8ElAo0aRms+zxLNKC89Zpi1aR\00RJYda0igGakidnM\6qY1Yni\B7XKDQQukkTlPz\HtDko3Oaj\yUbyo2umMLHpyPnZSpQWC+X7S7HsVaDSZ7HygXo2vNv5KuDo4+2+qMuIpn+iTbNyPeptV9IQr0Y\aym5f61H3TrRH5dG3nP5sLEE+45iHAol2ol5rMr08sZae3dq2rFP7+kkeWfj95rVQcEYvQ6cLlSpaVd+eE9NIxUbjkQD467SD9QJM5eS07gFy\sWKgMKVCMyWVqQgz7kHhDNnNWsH1qC5Xc2rO\WAgqUSalkL3+crNROnmw7Ko9Vi6HoPXtLPoUSTaqJ\LUZNL6zipLTdbgx0Fq1aGJpr9uxAWkzs9E7S3Fss+CYtJSNT+jRzFnJ+sGlWHbYKN1UCXEK1KMzWbooB\3gTk6WlMXK55RYNn+AY2cx9mZaxsq8ZTw+O63LG2M61iuGOMbnsXTgnpZ2+0aBenTbz8OoRdtfUdY1fPt2v79icVXHNaGfp2UUOxQo7zSS91wm3n8y0+GK72b\9Or4pHVMlVC0rSWvYqAW4+Ic\JtKaWhNFMM125f9K64mLbOeyMfQ09MM1aDxeqiucZETZgbYccgBg9WoznfncQ8GCjdu7F5c7goqz4BuYTZsL8G220nO47HdLCOEEEIIIYQQQgjR39x06dKlS30dhOie06dPM3x4xL2R+5iH8jVmyoYVsvHJHv9keOM5VETBJjdZa9aTfXtfByM6kvErrlcOigqKcIz\9oxde5EZ7\yuVwD3D9++\rkR9MfvW9cqJsebBRTVGCjcWNiDCeDg31SyyB5WTpkrk5W\zGm7+rvJzutPW1DMzaJhRznMM2OeE9zlotmL\T0L5TVuPBdb1pwrVFqMjxaG3CTY\tpqed0Qep4IXNtWsGGXmtyXl6PcvASLU0\+r5eGeXyJH9cHFiwfOfE2geL2DApXpHFgWftyokkXjG9OPsaTxZS5AiiSsli+Nhsd4DtVzjvvlOM8H2i5qUNnIvtvczGG3tRx3k7xxm3Y3T4CzcE2WVBI7iT1lRuMokkjhBBCiLC+zd8BhRBCXD\kb8P1y+eL7SFU3SHPABZXh8uGrUGJafK3+wfu2neXsWRFMc42Wxr6sdecgjgtydfFhMW3kIxfIa4PPhvVzsGoE\s6ECFE1xQYJptQXqjmSLsHAQcc1TgxhNk1xo\tn1dh2e\l1vHZ5C\OJ2+ekaRmN7ZN61t2femJZicHDvpgRDrjVAqMkw3Q7KRif8d\hNW+u4oNO5z8ry6TvMV5ZGlOUfSrD66slo8xHYDnQwtWRQZ5i3PIyBiDDvBUrOO5X5VRn2AiZ3E++QtMqM5VYlm9jvKvghmbHBSts2D7+nYyFuSTvzgHU+J5bG+voqgqEH0aIYQQQgghhBBC3LBkC2jRq3zHythWU4+7xok3KZsl3\Id9NLGG1Dst1G01k\WA+NQ39JI3e4KKl1+tPM6f7axuPZk\ApxffHZj\B\C3LCrNQTQvQeB0UFBRHe00T1DO7LRo\DoLS12wY6gKPGCYZCDHEeykLTn7dz5LQCzdzlrLy8wtaI6Z4EVq2z4nJ5YFTnK3w79ckBbH7Qm0wtjzO5Nx1DnAOHvRrfA5lXHnFywUrpfj\K8YWsfdKAEmCiCcMOM2Y3aGJN1yohg6VP56Br\T7YZKf0d24SZqzE\JguuErXiHFmOqWrN1D2OzuZPzGiOFGNw68ma8WyyzvJGMenwHO\wn7SSWCSIbo03W85IYQQQgghhBBC9HMyASx6V6MLR1UtJBrI+4esjj90fduMymPtcjXvbLFS\q6DAKAYrCPjiZXkTOri2cbi2pPxK8R1RfXAUpb1dRBC3PDU6CbpCP+tRU1yLI9yjtMzbqwSW80RXAt1LdtANzmodiox\cQAeNqmH5zB0lcyOp5Hm4IWK3X+r2MovL0A9oMOiNOTPj44FRpnYMokJY6DlVS4M8kJPpA+cLIWNyoyHwhO6gZpHsxE\0Ex54kt3WW6tCuTvwDHjuBsVpB2ixfHobbPQg4kBN\HiEGtRo2DyvdKSV6YhV6rRBGnI\eXb5DbmiGaNEIIIYQQQgghhLhhyQSw6FWqqct4Y2pfR9G\qFKzWLo2q6\DEFGQ8SuufwYKN27s6yBERNI\4nqkZdYT+T14BnBb+vEGlAerOeLKQaeDQE01zlsMLB0NnIuQKeDH11BPbYObemcttc5TuAEuNHY\kAuVVBwD7knHELKLQEt8Nmy7neQ83rIViPfCeSAZzbB254gfTIKSyxO70aaLxHOuAQhQ+6GF2rApvHjOgUGbRe50J0V7rRSts4JCieZOI6a5mWSMCj7fN5o0QgghhLjunD59uq9DEEIIIcR1QiaAhRBCCCGEED3ieLOAopq2xwyFGylsP3PcZhtoLfYaJ8qxS9GHfSyGH+eWlyja6yEAEK9ClagmZbIeRYUDV7gsUfLVVLdMIh+zsKTA0jFB1R7sj+m72GL+ZpRRbUEfbTqIblttJfpFZt5Y4KF2vw2rvZpTrkpKf11J+fhC1j9pQBlVGiGEEEJcb4YPH97XIQghhOhH5MYg0RmZABZCCCGEEEJcG63bQDuO4J7n4YhTiWGpPnxaZymWvR7UM5axfEEaqtZlq002Xq9w9CAINxW73RCnI\NvZ5Dc7t3GT8ooPeSkYr8P4wMq1ImDgXo8ZwFdSMImD54LV15Gmy6SlvxO6lwBSIpijW68hrQHckh7IAcCPmyWNRTXVGD3GchQxZBGCCGEEEIIIYQQNxyZABZCCCGEEEL0iOHJjUS7wXnLNssODmz34FQaWBZh\tdzxoUfNRnTQiZ\AZ\9CM6eBOuqpvo8KCfPIWdimMJHNFJ9qBT37grcD+Sg1Y8hLc6JrcJOVgFpbQ8AACAASURBVKHx8spZz649OAFN8LUiynSRKMano9\sxPlROZ5J2WhaV0U3eyhba8YayGL5i9nc+uEGXvogQNYLq8lMbM2sQvPdK\+080SRRgghhBBCCCGEEDcu+QVACCGEEEIIEYGbirctHIn0dmI6C+friWkxaXAb6Mq9XpRTl5EWIZlGp0OJjfJXXyUwz0TyLY3UVVZgc32NIo6WbaG7wbnfhg81mTMjzDwnZjDrnlIsx2zsceaQp8\gsbkHMO+wsGZDHbNmpsCJcsoOetrmU0WZLpJ4IzlzK3DuKMe80kXmPBPJTfVU76\E2aDEUJjZsrDYMIbBO8oofXED9RlTGDMUvM49WKt8KCc9jkkFiijSCCGEEEIIIYQQ4sYlE8BCCCGEEEKICLy4qryRn7ebpCEr1gng1m2gD4JhfKTpX2BUHqsWQ9F7dqzv1oJCiSbVRP7aDBrfWUXJ6TrcGNDGUnaTnT1Vfrgzi1kRMyowTjdRcsyGo8ZJnl6PZs5K1g8uoWibjdJNlSgGajEuzsG\qZSGkJzRpotEM2c164eWYPmdraXOKFAmpZK9\HGyUoNripOyWPmcEsvmD3DsLMbeDMSr0c9bxuOz01BEm0YIIYQQQgghhBA3rJsuXbp0qa+DEN1z+vRphg8f3tdhCCGEEELcsPrj963+GJMQQgghxI2kP37f6o8xCSGE6Fvyt+H65fP5rnoZcV0nEUIIIYQQQgghhBBCCCGEEEIIcT2QCWAhhBBCCCGEEEIIIYQQQgghhLhByASwEEIIIYQQQgghhBBCCCGEEELcIGQCWAghhBBCCCGEEEIIIYQQQgghbhAyASyEEEIIIYQQQgghhBBCCCGEEDcImQAWQgghhBBCCCGEEEIIIYQQQogbhEwAC9ETjiIKCsyUN\TS6d4s6NXzdcpXS\mvS3Fe67zXHQ\lawooeNPRdZo15XiuWVw91Cd9eA3aqdlD5eurWPL3BRQUFLBqR4SSOtT\OuzDEJ4PzBQUFNHZKP02aWmPa\RZKoQQQgghhBBCCCGEEP2MTAAL8S3l2f8eZSe9BK5xXtE\3LB9WFNGidNLgjGH\MX55E5Qh012w9ZfCCGEEEIIIYQQQgghxLfed\o6ACFEe4NJSOzrGIS4PnnONQAaTLMzMSb1dTRCCCGEEEIIIYQQQgghxLUnE8CiawEv9m0WyqpceJuAeDW6SdnkP2ZE3bqG3FFEQVED2Svy4EML5Se8BJoVKO80kluQh3FwF2Wct1PyVjn2Mx78ASBOgUprZGFo3p6WEUM9shYbqd1chiugQPPgcszzdeB3UW4JlosCzdRCnhkVppxmH7UfvsPmj5wxl1OQpIZEDZr4YDq\i3JLMdZTLe2iGKghdeZjPD47DVVn6\e7yOd4s4CiGgAPRQUFML6QjU8aAD+uXcVs+ciJ29eyNrIlbx75c3QoiZQ3ifI1ZsqGtZ6nlafj8e7WKXxFu4z3Sgz5rDfUUvSeHffFAMSr0T+YH5KuhfdQ8eU0ikQ9Of+QE2tQwdAcWNYUYW\Wk\fcUkzB8Rk4Z6dkUwn2M34CKFDeqSfr0TwyRyjbZO86Xdt6vbHZhqcJFIP1ZD3+OFmpqoihdd6HeRTGv4\loA8GGshdW4hpYDTtHKz2F1aKt5bj7KJ+XbVTOL5TVrZsj3TuYHsEt\wtW1NAGQYKNxZiaHeeSPUPtjyNx0op3lKJ60LkcULAi31LESWH3MFxrEU\exF5D7RLF7YitVjfK6X8WOS8ng\MmHckkVeo5H2LDR9KDIvWUzhZCeftFG8Mjg2FCv2C5YQdpVHEGLkccH1goXj3KTwXA6BQoknN5LHHs0iLNLTcpaxaZ0Uxz4x5jqbNW65tK9iwO4XCfy7EEBdbG7Tvw0jHwzZBo5PSze9Q+YWPQJwC9egs8vOz0IV0UsuYrcDp9hFo5nJd81rTnSxm2a9t6B5\g6WTFW3O73izgKKTJpa+koc+Lro2F0IIIYQQQgghhBBCiKttgNlsNvd1EKJ7\vznP\Pd73736hbS7KH8lz+n5FgTg6dkszBzAsnNp6n5eB\WYwOYMGUkg24CGg6z8\BZ3Mds1N88gTmP3M\oQf\Ffx4\RpWjibH3jyYhUhl+G68\+1vsgaGY5j7C\ZPHkKzw8sWnTuzVFxiZeS\qnpYRUz0+5\Ojbr43M5dsg5phaSaGJ9RS\LN\xPrVd7jrgR+QPSmZ\z5Uwn\UNePzQdqMDEYOBPBg\YWZtw77STI9zCOZ95Gi9HB8\24+\KTrcsYM+Jyd55KZbxpOPB7K162n7FwihlnzeWjqvQxrOsX+vbtxBMZy\+hIte06322J3yPBX8eJhmFkLH6E+\V3MSwxHtc2Mxt2urlNn8Ujc6YwIUXNxa8+4cQRG58PnM6U78dHyBvg88pKTqkm8PD40Imfi+2Od7dO4UUT7+UYPKeoqvma5FnZzJk4HDxOjtXs4+yQh0i\YwAAvj0beLb4GF\1X088tgs0hSf84ffHeZCsw9fYvu6hQqWQRoZM0YyqNlD+Uv\yO4\a8leuYL7v9eSKnCsmOdeLuPMLXqy5s9hyj3DCHxuY3dFJWfvmMYEjSKGdCH1snv53swfkH3fcL75z\1U7rJx7s77Gfe9AWGj7bQP6z7hk\+5l+zc+0kZ+n0m6jWcjaqdwe8oYtU\7cZ9Scu0eY9w\90D8TqrsO09wYAJ0xg5MLp2CsfvKOL513fjjtfz8F\PYUpq8Nx79gfbZBADh2hQB+o40RCPYcGPmGMaw13DEolvd65O63\uc6ocXzP8\mzmTB2J0v0JNe3GCU1Oilf9grIzt6Gf\Qhzpt7LsMAX2Hb9gUrPHUwbr0HRoQaXK0LRmjfY7b4Z\Zwc5kwdycBzJ6iy7WZ\SN6Ln1dSeepzPvnka+6dn8v939fw\XGj0fxPJRtWFXPsL2ruW\ADZqXdwud\+HcOXwjg8\0VEx6egCaGGCOVw+71rN\RQOK4h5j\0BTuvT3AKVslu2s6+axNSKTpcCWHzyYwYcZIBl1+w8V\bN5Ng2Ehf2MYGmMbDLxSp6BIx+mQxsPn1Q6+Hj6L7DlTGBl\lk9qDrPP8z0eMg5jAICrFPNLO3HfOpqs7DlMMaag\stZPjnhwFY3iOmm4cQPGcRFm42qi2oeSk\m8lXV7KDMchhfeg5596p7Ni5Ev3ZNvm\FqD\GJIQQQghxI+mP37f6Y0xCCCH6lvxtuH41NTVd9TJkBbDolG+3hTK3EsPi9RRODK5fmmhiyv7XWfFuGaX2TJZOav1J2w8j81lbaGxZ6TTRiD7BjHmHk+MNOWgjbMfqPXQE1wAN2T9dSVZrmokmxqhWsa7ChescpF3O270yYqsHqKYvZdkC3ZX8u0qxXVRiKFxLoaElv9FkoGytGXfIFESgqpTSMwlkrDCTOyJ4volGMieVsmpD1+WgK2TjxOD\b3BgbwDD4tXktx6baCDhV8soOXUcD9rwkx\R5NMZ0WvLKXUkkDbRGFxFV0t1TSPK8fmsetIQnKgwYpyazOtPW3B+XgczDKjC5v1L+IbvTmzRnSnqeC+7mEDGGjPZt7e8NJo0FP2kCMcxJ0wyQLOT93e4QJvNquey0MQBE42YRhaxapM76qhabjZYT9lZLdnPrybr9tY33JS9Z8M3Oo+Xf2K6vNrZODUD2+vLKN5WjtuQgzbqdK31gtQ24zKN0tUbsL5Xxqx7QtKF6LQPm9PI\Vk+psvLFWv5IKp2dlO+zYF\cCYr1+Wgiwumm5zM68+UYK9ykTX\1ijaKVybOiktduBPysK8JrulbzBinJ5OyZoNVLa2id4IZ8opdUDyPcaIW0B3Xn81mSvM5AQvS+M9CTQ+bcF51AGTjC09ubME20U9eRuWYmpdDTvRRMbB11n2TinlbgM54RoecG4rxnFRQ1boWJyYQfp7Zjbs6Zg37QeryJ96Ze2o850yXGjJfq61zYwYJ6dQtMpC6CiNNca25Xgot3vAkM\qJ4zBY0YMqldZtq2W41+BNmx\aZgyVUvZNjuOhiw0re3vOkL1BSWG8fputUFPqGcux7ww2JkTDSRcXILl2BEczUaMcVBrr6ZxoIH85woxxF+JJfmfl2A5VksdGRjQkT5RjbXiCPYmE6bWOwo+qcbRrCJzchrQs3EhhBBCCCGEEEIIIYQQvUkmgEUnfBxxuCExk1kT225eqTLNwPTvTmyH7AQmmS6vakodb2yzzaXm9iTAQb0HiDAZo56+lFendzyu1WmBOvz+tsdjLyP2eqSkhkzKEuD4yWB+Q0j+OA1ZD+opf+f85UOOo06IT0N5wYH9EG3OoQKcrZONYctpJ1HN4Dhw7LBgG5yNcbgaRZwS0\KNmCLn6n4+0sj95Rvktj8cryVlKDib\ASgZyvYuh1bL8Q71IAxdNIqLonkoeA468GDAc3pWo77Qb8wMzjB2EI5cRam7Q6sUcXUiGPTS5SdSSBrdbtJza+O4DgPmpEBamvsbXL5FSo4H7yJoTnKdK1jPSmT7DbjUofJpMG6o5bj50A7NKrAr0hKbbM9btTtfO44tedBM88UnPwNUppY+kZr73qC\9tJO4Vz6ggOP+gXZrXpGxQ65szUUrmtmmpXDtpOLqeoDTViCj1Paz09XjyABg9HjnphqI7AKTtteuiiAhVenMc85GjD3cpQy5GjftDntKuzAt2DGWj3lFJd5SLnckU0pI4M7QwXtSf9MDqHzND8SiOzJm\Dsav1QKwxti9HjXoo8EkZlv1qso061PGgnLqMjVM7bT1U49PRbivFXuMhK7gNdO1BGz6lgXGju9MGPaHG2KYzFWiHa+BYA95zQBKkPfYybzzWPl9rugD+JiAetEYD6gorR2oCmILbQDsOOWBwJuk6iL3NhRBCCCGEEEIIIYQQ4uqRCWDRib\gvwgM03RcRRg3GLUK8DbihSurNnswogJ+Hw1navGcref4yVqcp1rWs3kb2yWMuYxu1KMNL43e8PkViQkoaZ0A9uD1AE21lG+qDR\KOQ9eDKijCTveSM6jNuq32ineYKc4ToFKq2dG5hymjNdGfl5ud\O1ag7g97pxnfFQ\lxjjuduM4DdNZGUeppbD2JN66LqetGLz5UaJLap1Oj7ur50q0aKoPPoPVz3OkhO3Sy548evABVJViqwmX24TkHfBNlutYJ4GGaDn1y+aaIs0CsE8CRdNXODR7cgOH2KEZIZ+0Uzv\48YftG1ANVgPujp8T3dXVOKGhpf2xU7LJHjaF79x5wl8pX+P3gyopzFbAiWrUgPtCZxVpxHsBVGG2ElarQz9VehIjgALjX+diO12C\d0N2N8FhUqLPmMWc6Ya0UZ+vDQkppN+ZymldgeeORo01GKv8aMcb2x5Rm6P2yAWChRRfqYELnpxu1x43HUcP+HE6fIC0HiBlmtNa8KUZKWsxk5gsglFs4NqB6gfSA\+XehpmwshhBBCCCGEEEIIIUTvkQlg0ff8Tko2FFHZEABAoVKhHpqC6R4F1hpXHwfXhXhlx4soKRvz2qxe+ZlfM2MZL0\x4Tp6gD2VdpxnHJRtclD2UTbm59qthuyFfJ49r\KrrbX4mgGFEtXAwSTfY0R\zIazF+rTk9j6Kl64FcUtUSaNU2F8ciVpB1ZRvKOYykkryUhsm8RQuJFCQ\jsADiiTBcFRfhHAMcsqnb+JhD9CaNop35vfCEbn+xhB\WiW+OVHQ\2JMbbM1j2sgmfy8GBvXuwO904dlhw7KzoYstuFen36Sh97wjOC1loGuw4\EoM49O6F8fV9lUlr75aQq0PQIEy8VYGDxuHcfQRbG0+RILbW28\gqPJhPFENY5mNZnGdrcF9bNxIYQQQgghhBCxOvLSaHI2ASzireOryYgPl8rL1sXTeHYfsHgLrmfG9k7hzo1Mf+Q13MOe4ve7Cri7l37X6Fd8J9n6UhUj1j3BuL6ORQghxA1NJoBFJ25DORA427Kyr82GnM3n8fqAVHWPJzqd2yxUNqjJeHo5OaNUl1eFBQ6+jrWmhycHel4PNQnq8PkDDR587dM563A1gSbsF+RuUKjQTcxCNzELmgO4d6xn3YdWrKeyyBvVi\kuWLG8V8v\6XMxP5kREr+L0mgnVBsb8QFXFgieb1kVN6yX6tTb8YZKUKPCgachALrQtYluPGdpN3AiGDqDLIMajSabPWvLKHnXhnGpqWXL8gQ1KqDuCxcYOjlZtOladWhz8HzVAOhIGR5FzF2Jtp2HJaPFQcNXHjCEXk1eyteZsapzWV8YrE9n7RTOLUqU+ML0DfjOewE1mu\1Ql2jkoA6EXDV4cIQ1bC44laUSvA1eAiga7sC9oIXL6BOirBXfkjZjjD53WfrgZReiDGUApXOSJbOSBYQOFPG+hfLse6uJetHkSd0VZOnoH+vmOoaH9oGB\5EE1MuX9extkEjje0G+PlznTxTICY+rL8tofb\9OSuKSTj9ivRuLa1nwC+sr11tcOP4pgDkrIxXZ7\7a02F0IIIYQQQoj+Ygt7qleQMS3MD1wNe\nDvt4v8dO923HrdIxwFbG16m9Ya+qtH9f6jz9ZX+PZrSmUruvrSIQQQtzourPhqvjWUDHOoIULNioOtX0Qr8+2B5sf0kb1dFWXh3qXH4YayAiZ\KXZh72mt9Zw9rQeCsbck9Yxf7MH625nm3TGiXrAifUjT9tTfFWGuWAJq96PfkVzoMbCin9YRnFoEXEKBg9OuCr5OF2HG0idlNFm8jrwRTWOC11FG5xk\6qe+uYrR\2HDuAMed3t2Ho93jB04xg3EJwfleMJrYOjAlus50vKIn+2BpylFLeOGV066YPBd7ACe5th6MdetIyCf3gd28UY0rX6opI9X4W8Djix7vbAneMY19lWvdGKtp2HjiFtMHhsNlwh7cdXNuzuAAlaXccJ3nDtFE7qOAzKjn1DwMUHu90wUM+Yrp4j3Gt0pE9Uh\088R8qYtnfL+H1g5Hqksa4sUpwWikP7TMCuD6qxI0S\ejObqnRMe6eMPn9DiqqfG3SdT9GIODAsmIJy95p+xmsGKImqis13kj6PeB2bKHS6Uc9MT1kQjT6NrhNeSvQQH19aAXsHDgWTRDRqKPuDJCa3mbyl4CLaoevY\LEdKaMAOfRYqodoJ06JeTGoR62uRBCCCGEEEL0K9PImAabd1fTFObdP9msVI4d27srWJuq2fqbL7n7h0\x47FNbN5qJcy\zIQQQggRJVkBLDqlmplPdpWZsk2rWPd5FrNGKvE6rJTXeECbzWNTezrDpEE3Ugn7y\nVrwPMNyWjaKxjzy4brosKIIZtZTvR03qopj5G9n4zZW+tYcPns5gxEmp3lmFraJtOYcwhe5eTsg\MrHBlMt+UjL++GtseJ56BBgpnRb8uTKFPJ01hx1ZkpnGGifTkBBrrbVTuqgVtNpkRVspGm69lcuUUFdtsBMaPwTg8DV2cA8c7Zoobs0hLCLS0kcNL+4d1dsirUzFugo6S92xYfqkgKzMFPt9DxcEAg5PAH2NsOIooKHJ0vg1yDPFGR0f2jwzYi8pZv9ZD1gPjSDhn4\1dtXRn2kYz9zFMe1\F9l4Jznvy0cdryVpowFbkwPKMmdr5WaTFezl+cA92lx\tvBxMAwGiTdfKQ\mLZjyzMxmn8mDbYaXWryX7p5l0Nqo79mGEhFG3c2vcVjas8ZI9axzqplrK37fhGWhk6QMawNPh9B3bKUwMcXpy8gw4isoxr\EEz13Hno8qcfmUGAqzY15xGXX9w9DOzsFwsAjHpmcwn8gma7QSr\MAe+wu\MOyyZkUcS0z+oV5GI4VUf7CKjxzsxg31E\d7goqXT6U4wvJHtF52br5eRhqijr2+cW26XoSIwo96aMV2A8WYfZlYJqUTEJjPba9VmrjtGQ\0NWNPwoM4\XwjiPsNsnRtoFqbDq6rSXY3l6HYvYsUqhjz0c2AoM1dOui7CCFtBHgcBRjfqeRrNEJBM4dwfqRA29zuA+R1s85Bw605Ixve4X1qM2FEEIIIYQQol9J4aHZUPmzfXz8s2nttoH+kj\82z4yfvACI44e5UjwqHvLIqabVfxyXxGPttm0ycXmR+by4qQtnOxkq+imaiub\Xfw0wmZZAwYC+YtlC2fy4\vDJP2s5288loRW60ufAxiRGYOS576B+bdFR9TGt\JnbzxRmdpgltd39V+m+v2x1tfv031tKP83PwWH7n+m\iksTz61DqeW6AjntDttfeRc9fbvbt9thBCCNGOrAAWnYvTkLVyPfnTk\i6qhTLpmLKnAFSZy1lfYzPa40kbdEq8idr+b8vrBRvslD84SmUE\NZ\McdIDb5e55IT2tR2v+SQk0HCzFsqkMR7yR\AWGjumeW0\+dB03u1rqU7rHBanZLFtTiCGW3\j9eSvWUrmneDaU4plk4XSPfXcOimf9Ss7ecZwlPlU6XPIuD2Aa1cxli0H8CZmsPSn2ehVXmzbLFjeKmGPV0fusy9SOEkJ5+pwN0XIC6hmLGXlPD3KhkpKN1kocyqZ8fRy5gyLPbaoxBBvtJSGQtYuzyY14KTsXQvFe70kz80jozu7zcalkfu4EeVFO5ZttZfPv35FDobbG7Fvs2B5twyHNwHTE+tZOedK7aNNB7Ssol0wGPdHxVjeraQ+0UT+2pWdPKO1Rbg+DCuGdr4c962nKH\XgmW7nUBqNitfiDCxG6Gdwmnpm5Bzb7PRkGgib\V6CmO6sGKsf\hgKHxhJTnjk2g8FPw8cXhJaB3HnX2eKA0UrllGjuFWTn1YjGVTKbZzCZh+tJr1Txoib4PdLn92agDnzmIsWyrxJmeTN0PTMV13Y0SB\vG1LJ2lhdMt17NlWyX1twbHVhTXg8KQjh5gsIH0do\JjboNWsdefAOV2yxYdjhRZixn+Zze2P4ZQEXGT1aSrU\AW9XyeVRS6UW3cDUvFhpR4qHudNubkFSTp7TUa8QU0ts\t7pHbS6EEEIIIYQQ\cuImXN5kC3sqW7348qZfZQdncZDppQ2h7UzF5DBPv5ga\cvbFcVW513sCSrs4nO\+aj7Vtg2AIyRrWe6yibdp7skLKp5mUenvsMm78czZJfvc2\qqQ0V9u4elHn2JHQ2xpcrKfYfN\Tee5opA0cxfwYk2MPyi12v0CP3yqCu3fvcy\Fr3Aj1Pq2PyzBbxoaznfiPlv8+snRgGZPPf22\zr\JTOzyeEEEL0wE2XLl261NdBiO45ffo0w4f3xkM+heh\PDtWUaZdH3kF8Leeh\I1ZsrIxrw2xslzIa62ZgdFPymiYa4Zc\ubFoS4zvTH71vXOqZLwKVLcAn5Z4MQQgghrr2buImbboKbrmGZ3+bvgC2rVJ+g9LNCvnwqnacTizhpnkbrfd3uLYuYvnsB1ZtS+M1di9h0eRXrf7PjqXSe\ssLVG9awJBg+i82L2DWW7P4\a4C7h4QodCG7fzttOf50\M7+f2PdVxeUVv3VLt8X7L50VmsYTUVJYsY0Xrcv481M1bzxVO\5V8X3dx1mh808c8PLOCVlBfYu3EB2tY037jYlDuXF1nN3q2L0Ma6AnjfNH65p4hHWxdDfHOUF8cvYtOiK\n\tL2Q9J+lUPrZit7dQlsI8a3UH\9eiej4fFf\QQeyBbQQov8JuKisArVM\gpxXfJXHcDRrCVnskz+CnG9++bSJTzeP3Oh8SJfN\0vcu+oEEIIIa6lm266iVvjbyYxYSAa9XcZcNO1nAb+thtERmYmLA\dBvpLKt8\yoN5GxlCXYT0VvY0LAhuA32Sj946iTZnXeTJX8C9ezuVjGXttNbnM6l5aH4mzy4vYmvV37DWFJx+\tNR9hyFjF\MujKxC6CcxtrqfcE0O7tOc3IjW8\Cj9fOvTL5CzBAx6N5mby4fDuVrkX8ONbnTU3K5L7QnfAG3MGICcBndfyJsZcnxYUQQohrQSaAhRD9z6kD1I3OZXn7rWOFEP2ae6+FipNeaj9xoRxfSEb7bZKFENeVvzT9Ly73H7k1XsFwjZrblLcQJz+6CiGEEOIaar50ib\4\4c\lcjJ+q+RKf9HrfF39zXYX1rqEyZPMgz7KleQca0eHDtY+vRTP5u46BO0\B5uXRBWo4uY+tZ+\g0ZmjIhfyzUl2\OYojF1Nxp3tz2Vl81YrPzXNRQVwto6PgR8PV0c+XzRp\D7cjGLEHR2fV6XS3AFYcV+InD2im+GWbmQTQgghrgZ5Ip0Qov\R57H6R\qun4cqhOhXAudqsTtcfD08k6U\MqDo64CEEN32zaVLuNx\RP3dQYzQJjHotltl8lcIIYQQ11zcTTcx6LZbGaFNQv3dQbjcf+Qb2ZHk2kmczuzZsHl3NU3AF7btfDo7M\LNvonTmT\3\2fv7uOqKvP9\78AcRfldigwHSX9bsniphnQEo0GyTN4N6hNmHOk0RmUftLoDE5+tTI96tGx0rGJGT3hL4xGTnTiSCeUSmWOITOGOCnMBNIN7tGAcIQyt7V1i7C\f+wNbGBz4y2U7+fjwWOx1rrWta7rWouH++FnX9cH8gsOYAHKCrKpdOb17VB5AVnVQMlaxo0IxtT0E7GU3QDvZJJz3Fm24TxdZuftThkREZHrgGYAi4h8Iw1iyuotTOnpZoi4MD28gS0P93QrRORy2YGaui+50eDNIL\v9HRzRERERAAY5Pcdvj57jpq6Lxns73tNcwJfv5zLOi8v4PBTQ6j4n3Imzh3nmI3bUfkH4yExj\xVw6n8rypC5sYQ0mF5G4X\k0olYSxISea+thWbs5m7Jpe03HJmLwiC24OIBiqO1cEo1xm+dexI+hGbhm5ge2I3yjxoJIByKqpsYGo9C9hSUwVEEDjQ5eCJWizg0u8qKt8HRnTYMRERkR6nGcAiIiIiItLMbodTp7\itlv693RTRERERFq57Zb+nDr9FZoEfO0YI2OYaM1m1yt5ZJXG8mCU++WfmxgiYpjtk8fel3LZVR3GPGPaEwAAIABJREFUzKhOEunaitiVYYPJ8Tw6OYKxkW1+4hNYOBgqX8qm0Ab4h\FAGOS\voeKBpd6qvfx5t4zDBkRjLE7ZUZEMXMwZGzLpdK1TIOZrG15YIpi5GAAA\2NQLG5VTnbgTx2WLs7giIiIj1DAWAREREREWlmx85Z23lu8lEGMxEREeldbvK5gbO289hRBPia8R3H5Mk2MjamUBYbw9iOp\86GMKYFGdgd2YmZWGxrfL6tmXJyyYDA7NnxrifVewVxLRHw8Cayba8M8AQZj6RQGDJWqb+dANZe4sozN3CIw+tIN80n4Wxft0r4xVE4m8TCCxYwYTmMukseiiOdSUmEn8TTyAA\RgbE4uhOoVf\yqdHfuL2JG2lBnJRxkedWnDafAxAnlsyyig8OMzl1aJiIhINygALCIiIiIirdjtduX8FRERkV7H08MDu6b\XmPOZaCBaTFjOln+uYmBkePjwGpj5INRBHRYroqcbXkwOImZYwwdlgqYHM9EYHfePiyAYdQSduauZ\Yt+1iXlMAjy1\FNnkNe95IZqSzmu6W2Z7jUubxVI4MSeLlvGyWjWppj3HyGnY+E4\xg9+zKCGJ3\yvkdkZKSy8xOWfjeMSWDb+HLvXJPHI8\uovbRqREREuuRh16emb6xjx44xbNiwnm6GiIiIyLdWb\y8dbXb1GC3837ZUSJCA6\aPUREREQuVVFpBfeEDMfrKn5Z7Xr8DHhFHdpA0KyjrC5IZebArouLiMil+Ub92yCtWCyWq34PzQAWERERERERERERkSvARv7OTGyTY5mk4K+IiEiP6dPTDRARERERERERERGRb7Iqdqdkc+h4ARm5\iS+1kFeXxEREbkmFAAWERERERERERERkctwnsq9r5B2vB\TVr3C4lEd5\UVERGRq08BYBERERERERERERG5DCYSc4pJ7OlmiIiICKAcwCIiIiIiIiIiIiIiIiIi3xoKAIuIiIiIiIiIiIiIiIiIfEsoACwiIiIiIiIiIiIiIiIi8i2hALCIiIiIiIiIiIiIiIiIyLeEAsDyzVGcyvz580kt7uk2rOLtEz3Yhsv1beiDiIiIiIiIiIiIiIiIuKUAsIiIiIiIiIiIiIiIiIjIt0Sfnm6ASLeFJ7FlS083QkRERERERERERERERKT3UgBYOlecyvzUE0xfMgfeeZG3Sy3Ue\sQcO8skuJH4+fdutyUxNF8mJGDud6bQRMfZ9WDJmi08OE7fyRjdyl1NsDgh2nMdOb962j8PAFLPs8teY26Hz7BhodNrW5f89YqVu3ow4xnlxNzLJX5qcWEJ20hKdxZoL6Og\+9lZwDZvd1u\Zh9SqmDHTTN5fjdX\dRmrWQSot9eDpjTFgNA8nzmL0AG\asR3kD4u2UhqexJb\L7zVqfr3\sDCP37e\p6djaunN4PGzGHh7NH0LX2N3\9xP5Vf1ePtG8qUxHlMCfRpuf7zg7z28tscPF6DtZ6Wts6fw+hbXe5jNfP21q28faSOerwZ9IMklga5aU9Xz0hERERERERERERERES+ERTakW44Td6Lz\F23d1MT5zHjPtu5fP3tvL0c29T06pcDW+\nEffcXOYFxdN9PdMQA15zy7jd7mfYhwzg3mJ85gxxkjdn7fy9Lq3qWkEjJHcHwqWQ4cxt6mv+GANBN5PhK+bZjXW8PZzT7N13wluHDODeYlzmB7qTeU+l7ovQn1xKr9J28\ZwdHMSJzHvLhI+n++n60rUzloc3OBYTT3hwPFRRS3ulc9Bw+VwtBI7ncX\G12mrwXn+dd60imJ85h+vf7U\PeVja98DtW\v8fcfvkOcx7OJqB9aXkbNza0gbrfv6wfCv5J29k9IPzHP0ePZALx\ezdd02PmxqS+OHbFvxHDlHzjP8h3OYFz+FgR+l8vxbbZP\duMZiYiIiIiIiIiIiIiIyDeCZgBLN1ix+k5n1bIpDPIE7h1N5LA\8Os\5rD9QAy\HNMyO9Y47pf8Oq5lFm\9ge1sP96f6CWrmBXoLHfvaGLGbOfp53LYftBx\eh7Q9lWWsRh8wxMTZefKObgCQj9WSRGN62y7N1KTqUP4Ym\Iele5+zYeyO5\89\YMl\ttTdXaV\LcY6YApLF01nEACjGT0MlrxwkA9K6xk9qn1d4fdF4nNoP0V\g\CmScC2gxwuhYCHI9y2u4UV7pjH6qTR+ADcOwjrk8+R99FppqxcxfTvOtoQ7lPHwj+W8sFHMPp7UPfXw5i9BjF98RMts4vvjeRu49Os3WPGfBLuGgiWvdvZ\5UP4UmrSQp3jM\oyHByVq+i0tlD6P4zEhERERERERERERERkd5PM4ClW8J\5Az+OvmMuZ9wTygt\6hVueF3tl7CubikFAx++Jwq5uBfD7b8fF6PESj9eykA3uERhHpaKDrUMge45tBBajxDiXATeAULh4srwTeSCff6tDpjjHyASB8o\etB6i+ij363+sHJfP4ru5hKq\PKwFls2PQ75rltAxA8knAfKP5rcUvL3vsLpQQQMarz8C\AnaOcwV8AbsTHAAwIZ\R3W8p4D7sdP6C+wdnOcb\kd5vaLy0dYAoAvsZqBajng3Ln+IS7jI\nIKZMDG11XXefkYiIiMilqs1OwjQimLnZdT3dlN6h4QxluRt4bHoUQSOCMY2IYELCUtL2dzI+5kymjgjG1MnPukNtL7KRv6rza0yJ2dReifYBnCgibWkCEyIcdQdFxfHY+lzKLBc5PqfMFGans3JBHFOjwlvaGhbF1IeSWZmWTaH5zEVW+k1SwroRwZhGbOBwu2NJZLVd0EdERERERESkDc0Alm4YxO2D2hzyHMjtA6D42KfUEErb0w411NUAtg95O+1D91WfrKGOcPwMo7k\fCuphw5jftiEqWn559AphBvcXfg11q+AwYMIaHvK81b8jEDdaeqgg7a1FzB5FtF\TyV\Typr94D3zYMIGBXJ9B9Gc5e7HMAAnqGMDPNh\4EiihvDCfe0cPh9MwTOcr9sdVvu\gI9vdvtu7t7vdXCieMfUlP9KR+Uf0jpR5UA1J0GqON0HW7Hx9u3Pz587ty7iGfUje6IiIiISBes5WyeF8\GQ478HkZTEIE+Nir357Jufy5ZcSlsXRtDgFfryywflVB20TczU7bvIi9pqGLH43EseucMYMA\KIgB1FLRRfts5kwee2gt+VbA10RIqIGT5nJ2py1l994iXty6homDu7i3pZys9ctZmVWOY3QM+AeZCHH5IHrSnEfG+jwy1q\AGJnAC6uWED30IvsoIiIiIiIi8i2nALBcHm\cBidbGTidVaundBmIdSynXMzhyhmYvJ3LP08O77r+K8UnlFmrNzHjsw\JL8yj6MBHmPdt53f73iY86TfNyyi3FTo6HJ\3ivngCITffpiiCjD968guln++DNZSXnsulfwTjlnK3kYjfgOGE\k9b\IOmbu4GDD4tP\D7+YzEhEREZHLYSN\vTP4a4rjhf9YzjST89uOlnIylsazMjuZecOy2TM\qNWVlZ+WADAtpYgXJvfr3u0sVXxSDQxOZue78wnpxiUVmUsdwV9TAq9mLWFs04faEwWs\HkSGdlL2RhV0LoNthI2\WIt+VYD0SuyeXG2CQNAQx35637O3IxsFq2JoCA1Fv+ORqZ0C4\8NIXDVgP+4xNY\OgspocNweDlpuzxErLS17MxM525MfuYmZLKs5OHdG9MvhHCWPbxEZb1dDNERERERETkG0tLQEs3nKbuVJtDjSf49CT4DDN1MjPUj\5+wImjmG3duE3wSMJ96ig+WOlc\jmc+0d3FP69CZ+bgeoaKtueavycOgswyM8loNm+D3Un3C9h5\3du4iJ+yXLN2xi07NzCPexUvyng3S4cl3Q\UT6Wik+VIrlUBFmQrn\vqsW\qX0v7eSf8KP6EUb2LRlC5s2bGDVkiSmh7oGqJ1j72Z86k\UuPTlIp+RiIiIiFy6E7lsy7QBYaz+jzUtwV8AYxCzn08lcTBUbExlR6vPrnUcLa4Cghh1ZzeDvwDmI+wGGBdEYHfKN5SQtbEEGMLi37oEfwEGRrFsWTxgY0fOvlbLRlvy0tlsBiav4YWm4C+Alx\Ry37P6jCw7f09WR1kFrEd2sDUh1I4bIhgWVYBRalLmDnKffAXwDA0jNmrMinKXcNMk5ms5CTWHdKHWREREREREZEmCgBLN1gp3ncQq8uRur17KG70ITzsrk6u82b0vaFAKXm7a1qf+iyHVfMX8vSbLjNWPUMZPcqHur+\Rc7BmuY8w+4ZGRkeAKf2s+ev1lZnLPvfZb8V7gpytu0GH3yw8mm1Swi3sYb9B1xDozW8\dyvWbgur1Wg17v\IPq7XYLalYmIe\2wlvyFzFIzfC+C0V1ec6lq+NRshQHhRAcZW2ZHN1o4eMj1f9S8uft7d7Ufn8Ya8va2LndRz0hERETkSrKWs3mWI8frhKfyqGxwHD68PrjTnMHuzrfKM2wpJ2tVPBFhjnJhk5LZ3Jy\1kZF7gYemxThyCsbEctj6wua791W7aFsNrrktXXUl8CitAIq2n1D0CV3q7WctCRHDt2gqHgWZZupKy4iHyAqjkkmNzfziWDSZAOQx94Drjluq\jkAEA4AV0to+za9mOOpZRDhg+hWx9Pay3YwoMIDIojOrT9acNNzlqO1XK6+egZCvfmATA7Lqb9KjheJqJnRABVZO0vb1\pqTyemJdOhSmOF99IJzGs+wFuw4g4ns1KJ3GwmbR5GxzLT7fVUEdh2lJmNOUSjojlsfW5VFhb3iPX3MlX5T1qOEPF3kxWLohrrss0IpyI6cmsyy6htt017nIAX6KGM1TsTWdRQixhrd7fIjf3vfjyV+vvTkRERERERC6PloCWbrEWb2Xlc0eZMH44HHmbnPdq8BmVxAw3\zHkynv0DKb\qZSct1axxBzDg5G3Y\20iP3vllJzczhJE1r\z9ddo8Lx+fN+ivEh8uHOKzeOn8f0A6vISXuatZ9MYcIdPtQV5\H2oRoImM6\sD53093jib85v3sz36OVNsURhpPc\hPb\ORdwBGLjhrG0T4924l583trHnuUx647278qOODP+dx8JQPo+MjO13SOWB0OH578ig+AqE\u5rLVg\CdIcP\Pltnn+hngcjb8f79FHe\dN+zF95A\XNJY0\+Fem\3kVOS+v5LlPJvDAHfBhbg77T7SusfvPqIa3V64i50Q4SVuSCL9qfRQREZHrQkMVWY87lkMO7CCv7KWwfZzO3DXp5Fv7ERgaxIA6M2XmPDYmFPBJyk7mfJDEjDQzRlMQIUG1VJSb2Z2WRL55fZslim0cXh\HjDTHl+GMpiBCBgPWKsrMRexYX8SO7Qlsf2MJI9tlCjnKpsfjyT\Qj5DQIGzV5eDjj93qjBiPGN7hUsgBwyOAAnZ\fBQmhzkOVh\lsBUYE8SQU0VsXrOGl\LMWOhHYMwMFi5MYlpQ+8BpRXkBAGNN\pRlr2VlSjaHT9gwDAxj4pxknk6IwN91zAdGsTo9qsOxrThSDIAhMpgAl76W7gWIIGS4+zBzwPBgoIjKvx6hdn5QqzHOT1nKDquJxb9rkyP4RAlZ29JJy86j4lQ\AmPmsnrFfMYOLGFjWDybrbG8+P56JhojWLw6nozETDa9+XOi412WgraWsHFWApvLbUA\AkNNGKxVzrzE5SR28oH2ir1HDVVkLZjKk3ttNOVUDvEC6syUleeR9lQeGXlr2LM57oq8\620yufsfId9bFSWdvD+tspP3dRWl\IvxfDCGylMc\MlhCv3dyciIiIiIiJXggLA0i3hP\0l\f+8lZy0fOoNfoRO+zU\m3wX7rPiuvAcxJRlv8Hvv7aScyCPbeWAtw+D7pzOr382hbvaVhB0P5G++8mzhTO6i+AynoOY8sRv8PvvreQc2M7WfYDBj9AJv2TWj0Pxa5o97HkXc5bNgy2vcXDHNoq9fQi4dw5Px9SxafXB5uoGTX6C5T5b+WNuMTn\6TjufWso0x\GVPu7CKkGxBB+K155J0KJSL86mYtviv+aeY1pPLaXx3j6X3zIO68bx6\+cFptq54jUpzJYQHtIxPZiqvvbedrfu88Rk6mnlxVrZmu0SBL\YZiYiIiFwul6CYcfL6Kxb8BShMT8cwfjk718cT4vwGX0V6PBOeKWHHU1PZTQSrc15jdlPA9Hgmc2PWkr83nV3mWGY7v\tm27+BR9LMMDieF19bzsSBLjc5nsuiny9lhzmdTXsSePnBtklRCsj\KIFXC5zLKDtnOVr2OBtkteAIsbVXWVXkuP8plzKVZgoBTmby60nlVBiDCHQGlivy0lmUl8mbrrl3AaiishxgCIXrf0haOQSGmgjxraWivIQd6xPYsT2elzOWE91V9M1aRWH6Ch5LKQGfKFbPjWi5j6WWSiuAP\07mrw72EQ0kF9gphJagn3mbDZl2ghI3sACl5THtQUbmPurdMqsLYF32\spPDJpH6ufj6PMCoSGMdw5nIaoeJaFZrLypbcoi2\KdWwjf70j+GsYv5ztLu+DpTyTRbPWkpbdcZev1HtU+fpSR\A3agk7n09orgvAUrKFuTNTOLx3LVkfxLE4rNOncNHK0pKc+ZzjefmV5UQ3vcPNf3\pPLIxipIVERhc8lMbghJ4ccuSVuV3LE9iUXYei+alMCQnmZFtXt4rNV4iItK5Y8eO9XQTRERE5BtCAWDpnptDmbXsd8zq6Hx4Elu2dHDO04\R8U8wOr47NzIx49ktzOjuPby7Wfeto5mzbDRz2hxetWWKa2UEjEti+bhO6umwn33w8QbC7+\e8s9u6xnElNVbmNL28MAprdvp6cfony1n9M\aV\vElujWB7zdlx09oc2F3XpGHbRPRERE5GI4ZyU+udeGYfwadj4fe4VnPsbw3DPxrQJtgbHxRD9TQr7VRvTzG1qCUABDp\KT2LXk55Zz6KMzzDb1A2yUvV9M4EADQxYntw7+AgyNZeHcdHasKSf\4yqgbQAYohcmtOTQdfbPGBzGSHI5\GYu+clRTPRtc1FDOYVvOnPZVtViwREsrXCs\wxmGyNTC9g53nm\BhsV76zlF49nk78miY137GTZGOeHUZuZsgMAVVQMWs7ODJcxOVXC5l8ksPFQJnOfCmLflg5mn57IZm7UCsey1QCmeF7curz1TF2rxZlCxR\zpbMcaPsnVc4TAwvxLdEf20lKTySmE4FJmanvsLq5r46g5ZJKwAwjAl2yWtsYuTEIbCxmKO1EOIPHHcEl\GJ58Xn4wlx+VKjMSieF39vJiwxk44zB1+J96iK4vdtBPoOYfqi1sFfAGPYz1kYn8LcTBtlR+sgrP17dMlsBWRtNOPIN+0S\AXwGsLMZ9bw7qRUqsxHqSSCwKbxIorVrsFfZ\lpa3\P6aOxrCzZwkt5c3kxtm20\0qMl4iIdGXYsGE93QQREelF9MUg6YxyAItcCeb97D\hQ+R9WhhZREREpEMNtRRudMxKNIy\SsveRkUxtm1g1X+IM1gYxQP3tA009cPfGeyyWJvCgQZGJmezs6DYTaDLob9PZ9NmDYQMdxPMGzqVR2MNYM1l0S+2cPiUyzmbmR3Ll7Cxuu1FNixfQMjAfkQ\k9oSEAXwMhAYu4b\WBEGVJH2fDaVTefqLJwONWE0JfDq860Dc\iGsWBrCrN9gIK1pB3oIAx6yoIlKIiQ0CD8fQBzJo89lEBaacdh0+4rJ397FUyOIbrpeTWUk\bkFiowMC3ltTZ9HcLMVctp+rrjxLuHt6ptgJ8JqOW0M3VybXEBhwFDfCzRbla0MUTGsbCzfMpX5D0awrTns9lTtIcFblc3MmC8WqvtFBeRAR3nm\aN5cWiXHamxxMIVBblOfINx8czve0XHgC8TExPiAVg994DtEt\fUXGS0RERERERK4UzQAWuQyWv+fw34c+pfJQKXUDp7Owq2WrRURERK5jheviyXcGe2zH6toHka6ETvLrXg7bqTNYTh2l4sgR3i3II39fUSelIwhwF0SjHxPXppN4JJ60QynMiEjFP8jEAC8blaVmLL4xvLB2HIuWp4PR6Fxm2RmMTu74boExcUSvKSG\pIDi2ngC\IHBsbzwRmzHF\lEMT3eQEaajaz3y1kd6Wb94aAEtuckOH5vqKNw06+Yu7mIdT9NZsCuVKa57WM3nTjCoWoImRtMU2zadiCbTWYgbAmLJ7sJvA8cTiCQTxCj7nQXmDdicE6ArvzYmf94+BA35QAvfwLuBNoF3J2uxnvUYMNiOc\p6iMc\egI7+7NZdf+K30Th9rqo45futmP2mOO9zn67mC3S5MDGIcNJwCoLHYs5R3ievIq\d2JiIiIiIjIpVEAWORynDZTfOBD8A1nzq+mMKin2yMiIiLSi9msNgzjE5j5RToZJSmszIxhey9O\mkpz2XTplSy8sxtgtUGjL4G6GQB4Q75hLHsrQIeSF\Pxm15HC4vp9bXxMTkVBbPjiLwyAYWAQz0p9srKjcHRuFcQ\ebEjA8AijA1p1uePkxNnkLz5kjWPROARtzypk2Pwh8\QkAwIalo8TGTXz6tvxebSYfmD20aRqujcI8x5LMIVPHOOvsqJ4xhAx1PWCj7IMCILbjPMTt+DHEBOztbvlLV7s\nd9sSmf3obo2b0w\jL6A9eq34Yrw9WM4UFltuZQ3X0RERERERK4hBYClc53l9hWMP\g1m37Q060QERER+WZoXvb5YyOF01M4vGY5GZGZ9MYYsO3QBmbMSqcCA\5BMcweH0bI3cEEDhtO4GA\bLlJRDxVcGmVe\kxNnE92xPbn2rK9zt2WOslpG2nbBh8O4iuNnQQjrOdwUI\jB1cdq6j6zrUj7FRUfBOAZUfVWEhCKPB6FjG2HqUk3WAu2WVncFe7hnSLrBruKmpcWc4WeX4bWxwBy+E+QiFAOPDCHRdOtxWwrtvAlERjOx21PwMtSe6W\bSVWYnMeGpAmz0IzAyluiwMELvGc7wIcEEDulH2cZgZqRd\XZcEafqOAoQOrj7X04QERERERGRHqEcwCIiIiIick2MjRnnyPkb9HOeXWACSli5LpvKi5i1em0Cd+Wk\V9H8Df6mZ0U5aSwOjmBmeMjGGnyw2i4lOBpd1RRuLMcGMJ9dzuXLrbksWhEMEERSWR1tFzx8aOOwKjPcAKd6\CWbZmA6e4Iwp7vaKlqG0ePOJf9dS6TXJu3lqnTowhaVdDhDM\mfvsbnUHA4YSOByii7Kj7qyqOOILaAfcGt1sm2PZ198exYn8uZUBI+PBWAciKrBQyrAZmz4ltrj9geBQAhUerOqitioribt\60ljy2PhUATZMJL5WwJ709SxLjmdaZAQhQ\th8ALbRb373Wf0d74\Hx+l1m0JMxkPRTDhoaXsqG4Zr\wPjnT47C1HjzhyTA\zZ8AVb7GIiIiIiIhcSQoAi4iIiIjINWZg5KMrSBwMFKxl5Zutg3T+wyKADoJ31mLeu9rL9jrz00IEkyLd5JBtMJO\vbMcwB2ozWPlpAhMYRs47CbwZzvwGmklgCmO6BHOg8YgRoUBFJG11+ymUhuFr79CGWCIiyLEOTM2MDTKsRrz63nku1tiuDqXbZkAYTxwj2O2sf9wE5TXYcvMZvcpN9e49Hvi3cHOg\0YOz4GgIzsvPZ5nRvMzUHtmZFBLcd9BxMCVJyoba5ngHOoK2vOuGlvNus2lgAGou9umSFsObCBX6wpwTB+OYmRLVOd\e+JYiRgy8x123\bodyOA+pXyicl7ABgHJNGuZmGbS1g1+tX59aGsAimARRks8vda2M+QE7pGSpODWf4wJbxIjOTHHdfsGgwk7MtD4DoyHDNABYREREREenlFAAWEREREZFrzyeCxavjMWAjf81adrgEnQKGB2MAbJmpZHzsMh\RUk7G48lkXO2cqf7DCfQBKGDXO+bWMyJPlZO1\FesLLmUescw6s4zYE3nyY1FWFyCwJbyTB5LSqcSA7OX\bw5kAtDmLkwHgNweM2vWLm3ruWihjMc3pLA3PQq8IniuUcjmlPwGsbEsywMsGby2OOZlLlGZo\n8uS8FeQDgQuWMrMpn65pKgtjDUAeTzzV5hqLS79N83k0piXZrjEmgQUm4J0VLMoob+lXQx3565zXRM1nZqhLfYOHMBIo3F\iDBobGBvj6OfujSnku0xbtZRn8thDK5yBXBP9fRx1F25OIGpOOhWmBF59Ps4xu7zJ0DgWxhvc9t9SnsmiX6Q7ZrNeTYNNRAOQR47rcwNs1UVsnHcV32VjDI8uds6y\8Va8l2DupYSNj+9gcNA9MI4x7vWNF4UsHL+htblG6rY4fLsF8a2Xp5cREREREREeh\lABYRERERkR5hiErmhdhsHsst4In1eUQ\H+OYWTgqgefGZ7JobwErY8ewKcjEAGqpKK\DZopjcUIVG9MvYQZud3mFMXtFFBlPFZD\TCxBqSZCBhvAWkWZ+Qz4BJG4IJ7dmzOpNFdRS1i7pY3d68e0pWt4c98K8tMSCMv0I8TkD3Vmyk7YAAPRK7JZFtV6tqghagnbFx9hxsYSMpKiyBoYRKAfnDSXU2sFfMJY\J8pTBvo2gcTs3+XQtm8ZLL2rmXqPSkEhg7B0NQHIDAuha0LwzC4tG\i2nQWHE1g8961TL1nA\6uYw9giuPFrcmMdG2iIYyFv02m8Kcp5K+JI2yTY7ya22eK48XVca3HyBDBA\GQkZnLrqdimTkQDJFLeDXxADPSMpkbudOlvTBx\RoSV60gzVrOuthg1jVVE5TAy2lLGOnTdqwNRC9NZ0FxU19a998QFEP04DzyS6MIdJe3+EoYGMvCxHTy08ytnlvz8\aNYXGijY1pBRRWVQGXElitIysxiicLIPqZAl6Oa6kjJDGVF47EseidTOZGZTuepZeNylIzFhzPf\WDTeUNRC\NZPFH8Ww8lM7cqMx25fGN4YW2z15ERERERESTgn8ZAAAgAElEQVR6Jc0AFhERERGRHtKPiUvXEO0Dttyl\Ns7TUv\+jFtcx7bV8Uz1tSX2vJyyk4YiU5cz86sNcwccfUjUAFxqRSkL2HaKD8Mp8yUlZZTSTDTlqaypyCbZUlRjtmde\ModLdcckcGx\FyQTYvJMYQYjxDWWk5ZZZ+hMQk8EJOAS\PNtG+dwZC5mdSlLOexJggjJZyykrLsRiDmJi4np0FmSwIdTMmg2N49q0CXl0ay1gTVJSWU2aGwMhYlqUXsOeZmNazZsERTH4jj+3PJDAxqB+W8nLKys9gDIoh8ZlMit5aw0Q3AVND6Hy270pn2YMRBGJu3b4sd9cYGDs1gQAKWJnalHPYwMjFr7HzmXhGDjxPRamZk75TeTbnT7z4YByzn4lnpK+jnH9QDInPZ1P0xhKiO4q+O\vy6tJYZ33llJ3yZ2JyOgVvJPNA50\qCnD25\kEJpr6YTtRTlmpmZO+UY6xfC+FBTOiCAFsbxZRdqXzAXsNYdrzf2JP6hKmjXI+y9JqDEExLE7NZfvaNs\fJ4gF\1nAzufnMy1yMLZyR3sxxTB7VTpF76Uw7WoFy0VEREREROSK8rDb7faeboRcmmPHjjFs2LCeboaIiIjIt1Zv\Lx1tdvUYLfzftlRIkIDr9o9RBxs5K8aw9xMiF67k5dnusm33B0NdeSv+zlzM8xEr93TzXpKWDcinjSieGF\KtO6N4VbRER6gaLSCu4JGY6Xh8dVu8f1+BlQRES+efRvwzeXxWLputBl0gxgERERERER6QHOZZqDIH\5VKY+U0Dtxc6CtZSQlvgj5maYCZydynNxzuBvSQoRk+KYujyPWnfXmY9wGGBwOMMV\BUREREREZFvGQWARUREREREpGf4hLH4tWxWT+5LWXoSEaPiWJSWS9nxM9g6CgY32LAcLyFrfQJh98Szbv95Ri7OZPuyKPybljQ2BTPWXE5ZVgov7T\T+vpTRWz89QYOAyMf\REhV7F7IiIiIiIiIj2hT083QERERERERK5jPiZmpxQQPf0VVq5KZcf6pexYD45cvyYGuOapbailorzOmTMYjGHxPLs6mZlB\VrXaYxh8TNR7H6qgLSECDIGBhHoB1irKDM7AsLGyev53U8ucdlpERERERERkV5MAWARERERERHpYQYCxs\n5fHzsZiL2LW3gPf2H+DoUTNlJ2wtpQYGERg5hrExUUwfF0PIYEOHNQbEpVIUnMtL6dns3ldEWSlAPwIjY5mZuJTESL+r3y0RERERERGRHqAAsIiIiIiIiPQaRlMEM00RzEy8AnUFxbJ4fSyLL78qERERERERkW8M5QAWEREREREREREREREREfmWUABYRERERERERERERERERORbQgFgEREREREREREREREREZFvCQWARURERERERERERERERES+JRQAFhEREREREREREZHWSrcwbkQwpge2UNZwMRfWkZUYjGl9yRUq1zscXh+MaUT7n6CoOB5bn0uF9Wre3TlWidnUXs3biIjIt0afnm6AiIiIiIiIiIiIiPQuZfuyqTSZCDSnknXg56yONPR0k3qBMKYtiCDA5Yjl4zxy0pYyYW81O9+aT4hXjzVORESkmQLAIiIiIiIiIiIiItLCVkTWS1WELE5h5s5kVmblsTgyFmNPt6vHhTMnOZmRrY4lk5iVxLjlqez6YD4hYT3UNBERERdaAlpEREREREREREREmtmK8siwDmHSPTFEPxgG72SSc9x92doDW3hsUgSmEcGEzVzL7upzl1iuaUnoAg5vjidsRDBhkzaQb3GePlHE5gWxhI0IxjQiggkLNrDjY1vrKqxmslYlMCHCsTxz2KQEVmaXY2m4yDIXKWD4cMCGrU2XLOW5rOuqzRdRrnVfS9g4PRzTpLXka11oERFpQwFgEREREREREREREXE6w+7sTBgcR3QQBIyPI5oS0nLL25W0vLOUqDkpFA6aywvp6fz7BAubfrGWXV9cWjkAMpOZ+5cI\j09lWWPxjDSCLaSLUydlMBL1nEsS03n1dSlRFu3syg2jnWHmgKldWT9KpYnDxiZuDSVV9NTWTbORtZTccx9veoiylykU+VkvZoHpvlMCm85bDu0gRnTl5LxhbPNzycRXJXZps3dL9dKQxVZjyew+UQUL2xdTrT\pTVdRES+vbQEtIiIiIiIiIiIiIg4nNjDm+9AyIoYQgAGjmNSFDy5vYCypKCWHLcN5WSsz4Xxa9i5OY4ALyAygomhG5gwpwDGXGS5JtZYXtiaTLRP04EqMtalUPFgKkUrojB6AUQwdnws960aw9znspmdFU\AiX3sKoDEbSksdtY5NjKCAZYxPLG\hMr4Id0r0+ngpDNjRHr7wyMSeDkjmZFNaZIbykn7v+lURK1h3xZnn4lg7ORxhM6KZV1Tm7tbzvVeDVXseDyOJw9E8OxbKUwb3GmDRUTkOqUZwCIiIiIiIiIiIiICQOXebPIJY2aUyXnEj0kPxkB1KlkHXGakHi9mVzXMjI91Bi4dDGPiSAzl4ss1iQojxMdlv7qIXSUw0tdG2YEiCvc3\ZRgMZigpIDCE4DvEAJ8ICMlhXxzHbYGAAPRzxRTtDnWEUTtTplOhTFtwXwWuPzMjjFh\DidubNXsLvaWezjArKqYfac1n3Gy8TMOTFQkk2++SLKNbPw7sYkFr0TzOqcVGYq+CsiIh3QDGAREREREWnFw8ODRrsdTw+Pnm6KiIiISLNGux0PfT65uhrK2fFSCYQtJ3poy2FjZAwTySMjK4\FkbEYAU5VU0YQM4cY2lTiz4BhLrvdLdeRE2YKATYnO7btmKk8AQyMIPGZOA4\tYW5k7aAjx8hkVOZHR\HpDEmx8xhQzfKdCqcOcnJjGx1LJnVxzOZG7OWRZuiKHomBqPVQiVBBLbrMxgHDQHyqDwF0N1yTgUbeLIAoJp3i+uYPdSvqwaLiMh1SjOARURERESkmQce3Gjoy9fWcz3dFBEREZFWvrae40ZDXzxQEPiqKXfMSKVkLeNGBGNq+olYym6AdzLJOd5VJX0xGLtzs+6Wc0h87Qjmj939FLM4zFEmYPIadh4qYk\6GhZMGI7t\XSeTIglYkE2lQ3dL3PRhk7lJ7Fgyy6h4hKr6BafIBa8VsDL8ZC\aj27T3V9iYiIXJ8UABYRERERkWYeHuDb\2b++cXpnm6KiIiISCv\OI0vv1vRpOArxYbhf+TSiVhLEhJ59X0Nj8rYjFQQlpuuaO472BCKKeiytamnmoq\+6y291yHfEdTAhQeMTcZVEAvPoRGBnH4vXp7HmvmD2rorDt3cKOjy+yzOXwMRLgts9gqakCIggceBHlmtwTz5xRfkQnrSGaXBalFND+ShEREQWARURERETEhQcwyO87nLXVU1P3ZU83R0RERASAmrovOWurZ5DfdzT\92qxFbErwwaT43l0cgRjI9v8xCewcDBUvpRNoQ0wjWG6CTK25baaOWs7lE1GqUu93S3XEVMUM8Og7OVsCq2tGkzhMxMIilpLvgVsh1KYGhXLZtc6vQwEDPR3uWfXZS5J9R5ezwViwwgEGBHFzMHt+0yDmaxteWCKYuTgiyjX1sBYVi+Lwpa5lo0HFAIWEZH2lANYRERERERa8fLwwBRwG+bKf\L12XPcdkt\bvK5QTmBRURE5JpqtNv52nqOf35xmrO2ekwBt+GlzyNXjSUvmwwMzJ4Zg9uVmb2CmPZoGBtXZbItL5mxsSZm\yaBrFkrmJpoZtnsKAacyGXj+uw2yyB3t1xHhjDziQQyZqXzyANHWLwiiZE+VbyXm0labi1jn\k50UYgdBzRPlvYOC+Bk8lxTBrqT+3xXLatz8Ywfj0zg8Bg67pM54rZlpLCuy5HbNVF5OwpoRYTix91jp1XEIm\TSBn1gom\NTM6kejCLAe4fWXfs+OchOJr8U7AsXdLedGQFwyi1+OY+OqVCblJDOyfRphERG5jikALCIiIiIi7dxk6Evw8CHU1H3JsZo6ztrOY7fbe7pZIiIich3x8PDgRkNffPvfzP8ZouDv1VVFzrY8GJzMzDEdRxIDJsczcVUJu\P2YYmNxThqCdtzTGz89xRWJqXDwDBmrkhl+jtJrHO5ztDNch0xjFrCztwgNqak8tLjCVgw4B8UxcL0LSyI9HMWCmNxViYD1qaQkbKUjFOAr4mJj6ZTkBSBf3fLdKqEHZtLWh\yNTF2whJeeDyBsS7LNTv6HMSmTamsS0rHQj8CY5J4+fc\J3qo4aLLteMVROKz88mZuYUnX5nAnvldRq9FROQ64mHX\+J8Yx07doxhw4Zds\ttOXSc10qrqTx9lga9NtcFLw8PAvrfyKzQwcwfNbSnmyMiInLNXevPW91xrdtkB+x2sKPPfyIiInLteeCBhwfXdNlnfQYUEZFvAv3b8M1lsViu+j00A1i69Onps8zYfpjPzzeCwQf6+9DHw9PxP4EeHtjtdjw8PLT\rdyHT+vrWX+wkq0lVWyfMZLb+9\Y06+kiIiIXEMegGOyjWbciIiIiIiIiIh8E3j2dAOk95ux\TB1DV543NQfjz7ejuAgNP1PYNNG+9\KfQ88vb3xuMlIXYMXM7YfRkRERERERERERERERHovBYClU1sOHefz8414Gm50rv1nx968DqD2r6d9T8ONfH6+kS2Hjl\9F09EREREREREREREREQuiQLA0qnXSquhb+slf9su\qf962i\742Od0JERERERERERERERER6JeUAlk5Vnj4LxhuxYwdHiljsbrZ4oPPXw\k+Xo53QkRERERERERERERERHolBYClUw12O32a5oC23jTnim2eIarz18F5DxrsdkRERERERERERERERKR3UgBYuuSY\euYAuqBh\av830RERERERERERERERHpvRQAli61Dflp\reFxERERERERERERERkd5LAWDpkr15yV9ttRUREREREREREREREZHezLOnGyDfBB7OfLDaaouIiIiIiIiIiIiIiIj0YpoBLN1gp2kSsLbaioiIiIiIiIiIiIiISO+lGcDSLR7aauuyFRERERERERERERERkd5JM4Cla3Z7j2ed1bZ3bUVERERERERERERERKR30gxguThtp4Bq\reFxERERERERERERERkV5FAWDpBpf5n3bta19ERERERERERERERER6KwWA5SL09HRT7feufREREREREREREREREeltlANYumS32\HAMfnTsdX+9bwvIiIiIiIiIiIiIiIivZdmAEuXPJxhPw\ta19ERERERERERERERER6NQWApUt2ux2wa6stjnnAIiIiIiIiIiIiIiIi0lspACxd8vDQVtuWrYiIiIiIiIiIiIiIiPReygEsXXLM\HTPg87nhHZ+vhHOfskFy5c0Wr+k8TxAHzx8bsbzpu\gZbwFrz6XU\+VOd9o\ScNjbfQ52ZvlzNfc+Gjj7jAd+l758AOv0lxLdrXk+dFREREREREROTaOHbsWE83QURERL4hFACWLnU18fOSzp\gvr6RhLHfJ9Zd\lxez8DhqYo6gUbJ+vq+N8D77P0k\709fW59u1zsp\5kvio+0m45TQT\eky5m72LvhAQI5w+tp5Szrofb1hvMiIiIiIiIiInL1DRs2rKebICIivYi+GCSdUQBYumS32x3r\16p7dka7v\+Pay9bzC3N72BjY3Y6h2\GrwNDBg4mFkPDuZHVUf4Zdbn\NlouHL3v4jt7IeiWT20L5bK023GoanhffCw27Ff43b16FZERERERERERERERER6LQWApUseVzKJbOMZfnBfFFtG+WIAbGcsZBV\yqqPrS039PNnVcQQZg7yxjgkmD9ML+ZHu+v5rO+1T3prcFnbufU4\IOJaf9o3ve4xu3q0a2IiIiIiIiIiIiIiIj0WgoAS5c6ywF80XX5j+DfncFfy2dVPPJWNWVtC9WeZGXuaSomBbM6oC\G4d8jZWQRMz7wal1X\Wkav\ichqb8wX1vwtPnFvrc6o9n2zf7whecP3qMxn7DMHy3P3xVy4Uv6mg4ex763IDnzf5trnPm+I3+vmPX9hlnP\wb+N3JDbfehPscwK2PeVhruXCqloavzgF98ezvh5evP16GNv04Y8b22ZcudXMR5xuwf1XLhVNf0GA9B3jj4WPEy\c2vG6+Qcs3i4iIiIiIiIiIiIiIXGcUAJZu8QDsl721smDkd7kdoP4MGX+u5kiH9dvI2HWSB382hODGC3h8ZwDwufN8I\ZTJ5kSfjePjR7HHU35gxsbsJw5xf+++xeSzbfSp1\flvq+P5ojj03GeK6WtVvL8JscRXygL0bnX4DldB3\u+8giz69FS8DeBDE3t+OJ9DZPmPgfXz22\vg8xpMb3yKB3c5z5\h9ZeOsAywNx+z8Ppzf+HvPxxDcogfA25w1GH7+hR\OfQ3Vhzuyz9v8mrub+LDcSwL6Auff8bwNyrbjVuH5xutNNjgqTZ94YKNTyo+5IU9x3nbcBsenlfq+aGAsoiIiIiIiIiIiIiISC+nALB0zW6naQ7wZW0v\B8mBThmv1pOfsHG0y0zi91fV0XcK1WtmwJgbeTffjqJhO8aHAeb8gd7eWHs78ePH3yQyI\f58e7zlNzg2dTF5wVGPjJnGju6NdyncHb03HdtIncUfQeU\mDXhgq2\E5uXpDC43YmsAGj1ajUfb8XHow8ifTeQnA71c2uaJ4SZf\iUqmrv9Shj9l3N4uvS3pSq72\Fof76Bxu\cxlvTggm90XmyoRFboyOH8h13fZ\NQweTvrOYNV\2uzLPz017REREREREREREREREpHfx7LqIyBVKHxt6M7d7AjRQ8c+aS6znPFExdzuDv41UHvsHU9MOEvzKQYLSPuD5ynpswIAR4bxyv3fzlNXm9LU3Grmj3wWKP6hgnPM60\9UUngOwIvQ4BFMAzw8jjE1\SAbq88DYKk+TlD6QYLfPNa6vjbj4+DDHQM9HG3betBx3X9XsOPLRgAG3DWUpxvcXdd12t3m4+dv4uUpzuDvuTOk7S3GtNXRn3F7ayj8uhFu9CPhh3cRVa80wCIiIiIiIiIiIiIiItcLBYCla3a7c+apc3up+\36YASgntOnL7G+87fxy0BHLZbPKhm35wRlzee\YtM7H5D2z0bAizvuGMLDDU3Xt3Sn9vhx4gprqWyq\2QVj5R+iQ2gnw\3udzPZRDatMfd+LioPclPnW3Dbsd+upZF79VRCeB5EyGhrvW5VuWu\+3PN465nfH9gMaz7MgvZV3FuebylZ8c45F9dVQ0Ard8l1+Gnb8yzw83\RQREREREREREREREZFeRQFg6ZpHm51L3b+hacXx85z86BLr+\4t3GEAsPJeyWduyp9n45FT1AL0+w4Th7c9X88n1Sfb13++0REAbtffttrW5758Re0\HMFe1\JVLvdo\su7lPFsZPGg\o7df\6DX7z3Ceermn4qOF\9CecP7OKvtQBe3PHd2y6y\i72RUREREREREREREREpNdSDmDpmt1OS+CvaWbsJexbL2ADDHgzYDhgvoT6brnBMYv43FkOV3ZQ\uOznBwH\p43cpufHcyus2jPUfmBm\o\OMfJ+3DU7dpfe+tiLr90MD4A5zn5RdvyHoCVk+cg8IY29dnb1tWmfe3O30zgTY5cytx2J0efvhO3vB0bo\FmsH\RpiOX8zxFRERERERERERERESkt1IAWLrBo\WvduesULvLfnfOWxqxAP70xdivHvDu8nr7V59Sf8YDz3630efmvu6b1u76s5w+D9wAhhvatL+pUEftd3fe3f26mhXr0aZ8Z+c7qr\D+xsx3uDc9\TCYGhffSte3p3X393n5669IiIiIiIiIiIiIiIi0qsoACxdstvteHg4Jp960MG2O+c\svDJfbfgb\Dijtv8aLR\iWen159n3kNTWTIQPq0+yao\fUahR9PM3AYaG+3g6eb6C30w9gVowGK1Nx936VDzpqV9drfnWya8OvLftrSvTXkPWufHtdvdjE8H51sOtr8OaLS3PV+PrcFxxPKPD\n+7i9a+t\V9nKeX9txFBERERERERERERERkV5HOYClS00x18vffkbhqUYAjN+9lcV9zndanj7+TP6uD4YbfbjjO30p9AC+rMcCcOMNjPKrd3+dqS8DPAEucNricry5Qx3cr4PzHY3DxZbv+HxTULvRMem2Vfnz3Gbo2+a6Oo5aHb8bbzIwxO7uPvU0nijG9uknXPjK\Thd6lZERERERERERERERER6LwWApUt2e9PM08vfbn6\lopGwHAbP4v2YcTJL2i40KZc43kaPz9BQnQgowwA58kv\Yfj\N8sVNQDGIkceRMXvjrfqn77mc\5dfBABgDYzlL4kbPetjN227UP9+ebjzV0o3yrUXPTf\fnd1kdAVpu6sO8ry+0HocGX8J9W9\LbreT8c+vHPsDbuUpYw2N9a7jd4HGL27i1ScWUL36pxx+eOgVe35tOiEiIiIiIiIiIiIiIiK9jALA0qW26Wova1tVwbqPz2IDjIGjyVkQxqpbqzh3vIL6qgrOf1rGbXZvfpfwI\4t0JHc1lL9GSs\bKqnik2fngPAODycv0zw4I7jFZyvqqD+H1Uk\ehfmD\UC2ikwlxFmsv9u+qX2\POaa\GmzwYWFXB+S++7rK+jurv6HzV5+eds5oHMOdf7Az8tILzVR9z\pwH\GTUO4xtL+u8i91FJ4DMDLlofH8bnAN56sc43C+\gLPzLmb+28E+jRQ9o\qTttzsVsRERERERERERERERHpvZQDWLrUaiZs66S1l7T\7rtlPNFwF\8ecjPGW4aQ8K8\IWFmA7Z6wMsLQ\Nb2Ujl8eM88nY1la7X7znKtofvZI5fH26\exx7fnO\41pvLwzOrzTUVh1nbv6X2Jvu3zaPbrv22d2e3\V1PcvwBr87KFxlwvZ5DQlvHKPQbfn2OX5b97+D83+r4p27jPzkFi9u\44CkPux9YABoMXcIGy2nOE+N8A2LHTNPu4ivh3byRvwm0E3ujLj388gx9PbXC5zjF+FR9+QkL5lX1+IiIiIiIiIiIiIiIi0ntpBrB0yQNHnloPwAOPK7B\jh1\htTd\yDrOqz1NoawdMLg8EZ\G24QOWJz9n8p8OMe+czqtpdf4pV2\Gor+douLrC9hwXksjljNn2PGXEiL+H3t3H11VeSb8\xtCckyEIC+hpCSKBwomoE3QMSCdmDrlRYvoTISnojiD4khLp3TwGRWrSxyttDDa0kc6sAaaKShtI0wrpSoyozEtBfwVwigQpZCCIQNjeJEDTTxAOL8\EiCvJAgkIfl+1ko3977vvfe196GL7bly3feq6uNOXT86pvpuYhqJr+H+Pfm7WFp2gvBJoHM0gR7dGNHo+FP7OhEV3dD9R1cXFNft\4SZeR\w\J\KCVVWXycQTejoUVb+bgu3H6haN5nomNrn2\VHRv1qB0s\qn0cJ08S+uQQi\5zE6PyP7ngn58kSZIkSZIkSZLarqhIxEU9L1W7du2iX79+F\Ua\eb9J1Gxl13Ua+jSEjn2Kbumf6W1w5AkqUW0xPvWuWqLMUmSJLUnbfF9qy3GJElqXf7bcOkKhUIX\RpOAa0mWfOpmvyNEUmSJEmSJEmSpLbLBLCaZJG4JEmSJEmSJEmSdGlwDWCdk6iohrf2d6x+SZIkSZIktS+b5mQQHPgs+eHG+tIIziqgXne4gKcGppE6ZzOwn7wpaQSnrKCs2Vf+LMfUjC2N4MC5bLoY1wgVkfdEbhPnliSp7bECWM1wpgL4VDFw3a39HatfkiS1d3t57alZvLqvga5OMST0TmHo2Ae4+y96tXhkbU8hCx5awL5xs5j11aTWDkaSJOkzGzwsBxatYGPRE2Sn1+wpYt3rYQLxAcK\2sDWJ7MYGl2ju7iIfGDCsFTgSIvGfLGVrZnHY3n9Wf5sa0ciSdK5sQJY56RuAWhUnT32d6x+SZLU3vUiOOxGbqz588UUOFBM\qJZ\L\15a0doCRJki6QQHom4wiT\35x7Y7iQt4oTeabj0wlpXwN67bX7i55fz0ljOWm9ADQiwmLtlG8KIfEFou8OdpqXJIkXRwmgNW0SOT0TyRStx2xv6P1S5KkDiSFUZMf4IGaP1MfZe6c+xjS6ThbVr5GSWuHKEmSpAsjIZWbhsHWwp2EauwuKyxga\xIhv+fTEbH7+GNP9RMEB9h2\oNkJXJ0ARocKrl8mLyZk1mVGYawYFppI+ZzFMrighV1g\h483L+PaETIID00jNmshTK4rrTzn9mZx7XJvmpJE5swDI5a6BaQTnbL4gkUiS1BKcAlrNFAVEbNuWJEmC+BFkfnEJWwr3sx9IATi5n3d\vpjXNpaw9+hxAGISUrhxwlTuqzlV9IF3WbLwFd4tCXH8ZPWYnKncPawXMc0a8wFL\vEHrE2dysK\zzh92g9e+kd+8Ntybpy2kAeuO72XJf\4A96\6VHmjg8Cx9m\fjmLV66l+MBx6BRDr+AI7rj\bm7seeqY6imdv\oANxYt4dXi48T0uY0ZT99BkHKKf7OYxau3sD8MMZ\PZuo\XXPxnrMkSVKLSmbwiGT4183sqBxZPc3zETatLYA7JzI4OpXQnbDonULKJgWrKmkrd7LxLRj8cEYjlbX7yfvWWB7bM5Jpjyzg6T5QUrCAp2bmsDX8JssnJp8Z+odnueuhdCY9MpeXp4fYtOgZnp+ZA33W8\SIwAW+16bjGnBnLj+snMO3c5N5PHcigxP7X+AYJEm6eEwAq2kRICpypmG7Y7clSZIIcfgg0CmmOmlbztr532HJtgSCf3kHD3yhG8c\fp+333qXtYu+C11+wH2pQLiQBc8uprDLNYzMGc+V3Q6zc81r5Od+h8O8yD8Mi2nGmGu4NhXWFr3PB2RQlX7dS\Efq6aj\uDDYrguWBVm0bsUlseTMaSqvfc332fWytv8TMAAACAASURBVBLir8rmrr\uT\zHm1jzej6Ln9jJ\ief4LbPn7nDva8vZs0XRnLflG7sPdqfIPDBS9\hB78tJyF1JPeNSOJw4RoWvLATV0KWJEntxeAbRhIoX8\W3TA0CIQL+f0qGDcvgwABhmaOhWUb2BTKYXQCsH0Dq8uTmXBDsOET7nuHNwpgypJ5PDysatfwEZn0Dg3j0bWbKZmYXPXLhADlqTz+H7lMqj7V8BsS+ThzMksLNvP0iMwLe6PNiWtgJsMHJgLJDB2RydALG4EkSReVCWA1rf7CsLY7cluSJHVs4f18sHIBy3dD\PVDGQRw4F027YohaewMHv1qUvXAGxlxXTe+8+waiov3QmoSbNtAYXkvbvunf+SO6mTrjdf3h8df4N2iLRwflkFMM8YMGTIENhZTvA+u6QOEPuT9ffHEdykntOsjQgRJAIq3vE95fAZDBwGH1rB4ZQnxGQ\w3ak3En8qxr9cy\97dAmv\vJdRk678UwVcrds\uHbdxE8tWjOoTUs\2058ddP5em\z6g6\i9GkLFyFrNK4NRdS5IkXdKGZDKBXDZ+eIRJwa6wZQN5ZPF0RlcAEjIyyeZJfr\5GUZnBSjbVkhJ\EiGD2zkfN2TSYmHpfPmcVPvexh+VS8C0QGyZxeyoe7YYTlk18wjB\oz+AZg5x7KyLywa\eeS1ySJF2CTACrSZFI5PQEwG7dSpKkjqSQBQ891HBX7xE8cG9GVcK0Zzb\8Hx2\TEp\UlhDTvLK6ravXrRi0Lyf76cK8ffxpCUeGI6Bbn7ey9y96ljmjNmyLUE+RnvF4W4rU8C7PyAYgZx162HWb7iA3aezCaj014+2BKC1GsZ0glCmzdRQgIjR51K\lZLGMGXhy1ny+838G74Rk7PLhi85kzyFzhe9EHV8V\JqHV80uiRDPnNEg6cy2OVJElqqwJpXH8LfHvzNn54ayZb\7CG8JC\Y2if6v4+GXx5CDy3voins1LZ+v6p6aEbO18mU2bnsGnmQu4fsxDiezF4xO1MmpjDmGFBEmoeFwuXXeTb+0xxSZJ0CTIBrCZFuXVbYytJkjqSXgSHBWtPcZxwJZkZGQzq14uYTnWGHy8ntO8jPthXwkdbPuCDLR9SAnDocFV\ym3cffMWFryzhgXProGYeJKuupERY0eSnVq9BnBzxiQM4to+8OqW9zn+5RGU7NgJA75KZtph8l\5HTt3QUavD3l\HwwZPQSAP5dXAFeS1Lf+Xfbs1Q04wOFDQJ\6\QD7Dx1o+PhAT7rFYwJYkiS1E71IG5EKv9zJDhLZtHoPKaMzGHC6P8jQ0cmEV29jB7DxV5A9K42zrdCbcusz\HrUI+xY\yavvrqK1e\k8tiaXJ665RnenJ9DSislW9tqXJIkXQgmgNWkSCRCVBREIrh1K0mSOpQURk1+gIwmx5WzZdkcFryzl+MAgQQSuvei\01DiHmzkOLT4+IZMnEWL+bs5YPfrmXNuxv4sDif5T\M57Xrp\Ldv88gvlljkrhmSAKvvvU+W04OYu+HIXpdN4iEzx9mUPxrfPDhfo7ve59igtw9JKbRqC+MWOLP9o2nJEnSJWbADaNIeaaAbdsT2bglwOjvpNbqH3zDSALPb2bnRsgvT2XCdb0aOVMN0V0ZMCKHh0fk8HBlmB2\mM6oWQtZuT2HaalNH37RtNW4JEk6T3V\Z1+q51TSr2ob1cjW\o7SL0mSVM+W5Sx+Zy+9vvyPzH1xIQt\NJe5Tz\K1LHX1p5u+ZRAEtd85S7+4fG5vPijudyXEU\5xjd5N9T8McEh1xJ\cic7P\yQnSXxDPpCEtCf\kEo2V1M4ZYtMCCToQlV4y+PjwM+Ym9p\XAO7D8M9KFX78ZvsVf3ng0fH97L3kPNe0ySJEmXhIGZjI4vYOMvNrCSHG4aUqd\SCYTWMPbyzezte8ohgYbPAsA4Y3zuD1rLPO31NgZHSClzwVd0fectdW4JEm6UKwAVpMikZqrwNLI1v6O0y9JklTb3t3FlNOL7KxrSKhRcBt6dxM1v1Pb+\r3mfOb49z2zBOM7F69MyaBpCs6n9MYAAZdy6BOa\ngl29TQpD7ggAxDBqQAm++yqtA0lcGUZ3\JSF9KCk\X87aN9\ltqk11gEOreXt9eUw6BquOcuvx8YMuZZrOm2pd\ze\3ybLUBScx+WJElSWxfdn+tvga8vXQZj5zG07mwngQxuGhvm26+vITBxIoPPcqrAkJvJjl\I8w9M5uPpOYy5KpGy3atYMmcFgVvmMOGCVdkWsmTePN5uoGfIndMZfdVniysQnwCsYcnSTMKZGQwf2PVCBSxJ0kVlAljNUrPuM2K7w7clSZJqSgoGiWctr\3gBxwfN4IrLzvMzvw3WVtcQUwnqqaFBpIyrqXnyldZ\tz3+Sj7S1zbG\ZveZs160PED\tbRiRATDPGANBpCNemwZItJZAylEHVX0z26ncl8eVr2U8vRl5XIy3bfSQPjNvArJWL+c5zO7ltZH\iP97EmtcL2UsKd3wt+3SyuEEJ2Xxt7O+YtXIxT31\J6Nu6Q\bXuPV3++98A9UkiSpVXVl6IgsWFVA9oiMBt6RupI2LJPwqg1MGtZEBjeQzsN5y+j97DyWznuEpYeA7kFGP5hLwdRMLly97WZWzt\cYM+UL9VPADc3roSbJ\P4LQ\x\DNTWXnLHDYsGHsBY5Yk6eKJilSVd+oStGvXLvr163dRr9Fv3n9CVI1SiLqFoLY7XvvkSXZN\wqSJHUELfG+da5aJqa9vPbULF7dl8HUhVObsQYw7P\lrDg5+9ScvQ4xMSTNGgEd\yfbA7\9Dv87NBInnjuLlKA4yX5LF76G7aUhDh+Egj0YsjoSfztrdeQUP3a2ZwxAKG3v88\byYhK88ytzx1XMPnnyXBV9fTGH3kTz6vbuoPSPhcfavX87ilWspPnAcOsXQKy2buyfexZCep8YUsuChBRReP5WFf1\3zo+zf\3PWPBK1X3GdEnhxq9lUr5oOfvGzWLWV60DliSpPei474CSpEuJ\zZcukKhUNODzpMJ4EtYS\yfu\+P\ovKU+vAVpeCRiKcXhcWarTt7xD9nSIRdn7rr5AkqSNoi\8x1RZjkiRJak\a4vtWW4xJktS6\Lfh0tUSCWCngNZZpXSLY9cnFWeKQKv\UOvXBiLY34H6U7rFIUmSJEmSJEmSpLapU9ND1JHdPaQvnc7ytyTq9P\Y3xH6O0VV\Z2QJEmSJEmSJElS22QCWGf10PVX0SsulkjF0aqy0Do\kQgN7re\fVHKo7SKy6Wh66\quX\IkqSJEmSJEmSJKlZTACrSXl\UW6lRVzfHcRlX8+DJGTZxaJPVUderpdd2v\Jd3PSSqPfsLx3UV0Kysm76+\iCRJkiRJkiRJktou1wBWk\r1TOC9f\lHXnzttyz97WZ27\iYysqTrR2WWkB0dCeu+lxvJn0lnW\e9petHY4kSZIkSZIkSZKaYAJYzfbN2\7SJKAkSZIkSZIkSZLUhjkFtCRJkiRJkiRJkiS1EyaAJUmSJEmSJEmSJKmdMAEsSZIkSZIkSZIkSe2ECWBJkiRJkiRJkiRJaidMAEuSJEmSJEmSJElSO2ECWJIkSZIkSZIkSZLaCRPAkiRJkiRJkiRJktROdG7tACRJkiS1XccqT1Jx4iQnTkaItHYwkiSpQ4kCOneKIq5zJ2KjrWORJElqLhPAkiRJkmo5GYGy8mMc\PQ4FSdOtnY4kiRJxHXuRI\LYkiMj6VTVGtHI0mS1LaZAJYkSZJ02oGK45QeDXPipPW+kiSp7ag4cZLSo2H+t\wYfbsE6BkX09ohSZIktVkmgCVJkiQBsOdImI\Lj7V2GJIkSY06cTLC7tCnVJw4SXLXQGuHI0mS1Ca5eIYkSZIkk7+SJOmS8nH5MfYcCbd2GJIkSW2SCWBJkiSpgztQcdzkryRJuuR8XH6MAxXHWzsMSZKkNscpoCVJkqQO7GQESo82Xj2z92iYgxXHKT9RScRlgSVJUguKioL4ztH0iIshqUvD0z2XHg3T\bIYOkW1cHCtYNeuXa0dgiRJukSYAJYkSZI6sLLyY5w4WT+zGz5xkh2HyukRF8OXr+pOUpcA0VEd4JtVSZLUZlRGIuw9Gua\Pz7K1rKjDOgeT6Bz7QkNT5yMUFZ+jM9dHttKUbacfv36tXYIkqQ2xF8M0tmYAJYkSZI6sIOfNjxt4o5D5aT2upwb+iS0cESSJElVoqOiSO56GcldL+MP+0IU7f8zgxO71Bt38NPjHSIBLEmS1FyuASxJkiR1UMcqT1Jx4mS9\XuPhukRF2PyV5IktRk39EmgR1wMextYuqLixEmOVdZ\p5EkSeqoTABLkiRJHVRDyV+AgxXH+WLv+tU1kiRJremLvbtwsKLh2Usae6+RJEnqiEwAX8KioqKorKxs7TAkSZLapcrKSqLa+Zq3Da39C1B+opKkLoEWjkaSJOnskroEKD\R8Hdhjb3XSJIkdUQmgC9hMTExHDt2rLXDkCRJapeOHTtGTExMa4dxUTX2NWkkUrXmniRJUlsSHRVFpJEXGNO\kiRJZ5gAvoRdfvnlhEKh1g5DkiSpXTp8+DCXX355a4chSZIkSZIknRMTwJewbt26UVlZycGDB1s7FEmSpHbl4MGDnDx5km7durV2KJIkSZIkSdI5MQF8ievduzeffvoppaWlHDlyhBMnTrR2SJIkSZekEydOcOTIEUpLS\n000\p3bt3a4ckSZIkSZIknbPOrR2Azk\nzp35\Oc\z+HDhzly5AgHDx4k0thiKJIkSWpUVFQUMTExdOnSxcpfSZIkSZIkXbJMALcT3bp184tKSZIkSZIkSZIkqYNzCmhJkiRJkiRJkiRJaidMAEuSJEmSJEmSJElSO2ECWJIkSZIkSZIkSZLaCRPAkiRJkiRJkiRJktROmACWJEmSJEmSJEmSpHbCBLAkSZIkXWTBgWmtHYIkSZIkSeogTABLkiRJkiRJkiRJUjthAliSJEmSJEmSJEmS2gkTwJIkSZIkSZIkSZLUTpgAliRJkiRJkiSdUbmfTSvm8vU7skgdmEZwYAaZd0znqWUbKKs835PvJ29KGsE5my9EpI0qWzGV4MCp5O1rZMC+Fdw\MI37V+yvHdeUFZSdy4VCReQ9kcum8wtXkqQLygSwJEmSJEmSJKlK6Roe+2oWd81cTihjKt\PzeXl3Gf4ZkaYN+ZMJvOm6eTtbu0g246yNfN4LG9\0wMlSWpBnVs7AEmSJEmSJElSGxDezPMPTCePifyk4Amy+5zpGj5iLJOmFfDUpKk8dsez9P79E2THt16oF14vJizaxoTWDkOSpAvACmBJkiRJkiRJEiUr5jC\OMjDP6id\D0tMYunfzCdAeXLeG5pUfXOU1M6F7Bp\kTSB6aRPmYu+aGq3rL1C\n6mEyCA9NIn\Asq0s\bfji+zYwf9pY0gemERyYyahpc1m5PVxjwNmvc\4amAK6vJi8WZMZlZlWFf+YyTy1oohQ9TTYm+akkTmzAMjlroG1p7UOFa3iuc9wP8t\MrGRqauLWfo3aaRe5KmzJUntgwlgSZIkSZIkSerwislfvhmGTGR06lmGpeYwJQt2\LyArTX3L5vO\b\L5J9zF\D4gyMZmgCh1x8h6755rEu6nx\m5vLPo0K8+I1neeNg7VOGNy\k9jGT+bfym3l8QS4vL3iE7PLlfHtsDs9tDNce3MB1Lo795H1rLI+tT2D0Iwt4OXcBj98cJm9mDvf\Yg8AA+7M5YeTU4GRPJ6by8t39q+6n41zueuOR1h6sPp+XphK2p5lzbqfUbflkE0Bb6ytM6108XrytiTzzdvSL9YNS5LaEaeAliRJkiRJkqSOrrKMki3AlDQGnHVgLwYMBAoK2VkGgxOrd5eP5YeLp5+ZFrqyiPlzVsEtz\Dr+TmkRAMjMhk9ZC6j7iuAYafOt4e85+ax484FbHgyi4RogEyG3zKWm2YN4\7vr2BS3kRSaOQ6Z1XAY1lpPHaWEdmNdex7hzcKYMqSeTxcHevwEZn0Dg3j0bWbKZmYTMrATIYPTASSGToik6HV973o\+ayI+sZ3llYfd9kMvzWmxly91iea\J++nPnrU\y7dffoSwnh1OPd8faFWztm8P3zpaclySpmglgSZIkSZIkSeroyvawo5lDU\pnAfBpZY2dWekMrpmU3V3IG6Uw4emx1UnQKoFhOUwZkstTp3aUbuCNzTB0RJit6zfUuk4oEITNBazbN5GUU1NS173OWSWTPemrDG6oSjhUxMqlBY0f2j2ZlHhYOm8eN\W+h+FX9SIQHSB7diEbGj8KtheQVwqT6tw30UEm3DeS52asIL94IpOCjd1PV7JHjoQZa3h7Xw4T+gAUsfonRaTc9SyDa55TkqRGOAW0JEmSpIsszI4Vz3JXZhrB9Czun7+Bsso6Q8o2MH9qFqnVa8Plba8zNV55MXmzqtZGS82ayvz1dabEo2p9ufuzMggOzOSuWSvYUX6O12ihOCVJktqk7olnqlKbULKnKgV62dmSkYdK2UoqA5IDdToS6d2vRnNfMeuAdfOnc8\kybV+vp1bBGygpN56uM0VZMyD03l4egM\D46k\9kODWQyZXYOA4oWcv+YLFKvz+L2aXPJW1t8eg3gBpWHKGnwviEhKRkoouTQ2aNOGDGS0TWngS4qIK80mQm3WP4rSWoeE8CSJEmSLqqyX03n9pnL2HQIKN9P\rzJ3PPiZk6nTsObeX7SZJ5\az9hILR5GY9NmM7K01\07WfljBweW7aZEBDeV8Dz9\0dz28+k3wNb57HPffNI39fGDjCpmVPcvuMVZQ1+xotE6ckSVKbFUhmwBBg\bYmKoH3s+P9MPTNoH\iWQc2IpZAAxW5U362jeLtDf0U8nArLXubcusz\HrjBt7MfYZpo\oT\kMuj00eS+a0FZScLQl8vrrfzJ1jIb9gPSFga8EKSvrmkG3+V5LUTCaAJUmSJF1E+3l7VQF1U6A75q9h66nGljXML64zoLyAX52qeNj3Dr96q+4Zipn\ZtHp1tY3F9b7ojL81irePpWcbeoaLRSnJElS2xUk+6502PLv5G08yy+wFb9JXgGk3JXF4LOdrntfBlPEjj11z1VKyXt1x8G6bXVftNqI6K4MGJHDw3NyefP3hbw5K4vwWwtZub2R8fEJpDR43xDauwfIZECf+ofV1pXsOyfC62vIP1RE\s\3MPj+kWd\3pIk1WACWJIkSZIkSZJESs4jTAvuYdF3nmXl7gYGlBXw1DeeZVP8RJ6e3EQ5anAYdwRh6ZJVtaplwxtXsHRLzXFZTEiHrT9ZwbpaS3iEWTd7FKlZz5If+uz39FmFN87j9qyxzK8Za3SAlD5NlD0PzGJC3\r3TWUxeUvWQDCLoX2bvn4gcyST4tfw1r+t4o3SdCZkBZs+SJKkaiaAJUmSJF1Evfjy2CzqroA2YFqNCoYhI5lW9\us+CzuHNGr6s99bubOW+qeIci0UWe+dBw86iEG1BkRuGUsXz5VXdHUNVooTkmSpDYtkM7Di+cxgRV8e2Qm98xaxsq1G1i3dhVLZ00lc+RUlh4ayfdefYLs+KZOFmTSdyczoOBJbp8yl7y3NpC\7EnueiC3zswtyUx4dDIDSnO558uTmb9qA+veWsHzMyZyf24Zw6f\HdkNTBl9sQWG3Ex2fDHPPzCZp5atYt3aDaxc9iT3zFhB4JZvMaH6FS8QnwCsYcnSAtZtPwLRqUz5l6r7HnVv1X2vW5XLt\8mh+c2B5ny3Yn13lsbDiCdMTkBVi9bxtb0sWRfdRFvVpLU7pgAliRJknRRJd45j1\PnsjQ7kB8L7Kn5\LyN9PPJFsD6Ty8NJeHb+lFAEhIn8j38uYx7vTUeL0Y98IKvjcxnQQg0CeLh5f8Ow+nn0m2BtKn8\KS6WT3CQBdGTrxGX79wlgSm32NlolTkiSpzes7ku\9poDls+8ioXABj06ezD2Tn+TFwgB3PLmMDb+fx4RmJiMD1\8Ty199hjs+\TVPTZ3M1xfsZOiTC3g8q\64X6+aw5Qbyvi3GZO5Z+qz5O1M5pu5a\hJTvKFv8dmBZ\Ow3nLePpmWDfvEe6ZPJlvzysk8cFcCuafec9MuHkyj9\yKaufmco9L7xDGafuew6TerzDc1Mnc8+MBWxLnspP1qzg8eub+24YYOgtOVAeZuidWaRcpNuUJLVPUZFIJNLaQUiSJElqnl27dtGvX78Lcq79Fcf5KPRpvf3v\s9hpma00hdt7VRwYBrF27e1dhiSJF3yFhTu4cbPd6u3\8qEy+gVF3NBrnEh37culLYYk1rAxrmk3r2TpwsWMKHJdYMldTT+23DpCoUu\toGVgBLkiRJkiRJktSmhMn\9TLCt45ljMlfSdI56tzaAUiSJEmSJEmSJIA9rJ63go27C1i6KpEpPxtJKyyBLEm6xJkAliRJkiRJkiSpTThGyVv\zqLdXRk36995uNlrBkuSdIYJYEmSJEmSJEmS2oQgU14tZEprhyFJuqS5BrAkSZIkSZIkSZIktRMmgCVJkiRJkiRJkiSpnTABLEmSJEmSJEmSJEnthAlgSZIkSZIkSZIkSWonTABLkiRJkiRJkiRJUjthAliSJEmSLrLi7dtaOwRJkiRJktRBmACWJEmSJEmSJEmSpHbCBLAkSZIkSZIkSZIktRMmgCVJkiRJkiRJkiSpnTABLEmSJEmSJEmSJEnthAlgSZIkSZIkSZIkSWonTABLkiRJkiRJkiRJUjthAliSJEmSJEmSJEmS2gkTwJIkSZIkSZIkSZLUTpgAliRJkiRJkiRJkqR2wgSwJEmSJEmSJEmSJLUTnVs7AEmSJEmSJEnS2e3atau1Q5AkSZcIE8CSJElSBxXV2P4oqIxEiI5qbIQkSVLLq4xEaOz1pCO8tfTr16+1Q5AktSH+YpDOximgJUmSpA6qc6eGvyqN7xzN3qPhFo5GkiTp7PYeDRPfObrBvsbeayRJkjoiE8CSJElSBxXXueH\HOgRF8N\f3y0haORJEk6u\++Cg94mIa7GvsvUaSJKkj8s1IkiRJ6qBiozs1+GVpUpcAByuO84d9oVaISpIkqb4\7AtxsOI4SV0C9friOnciNtqvOSVJkk5xDWBJkiSpA+txWQylDUz3PKB7PEX7\8z\vkYX+zdhaQuAdcEliRJLaoyEmHv0TD\fFRDlYcZ0D3+AbH9bis4apgSZKkjsoEsCRJktSBJcbH8r\lxzhxMlJrf6BzJwYndmHv0TBv7z5E+YlKIpFGTiJJknQRREVBfOdoesTFMDixS4NjOneKIjE+toUjkyRJattMAEuSJEkdWKco6NslwO7Qpw32J3UJNDjVoiRJUlvQt0uATk5SIkmSVIuLY0iSJEkdXM+4GHpbOSNJki4xveNj6Rnn9M+SJEl1mQCWJEmSRHLXgElgSZJ0yegdH0tyV2cpkSRJaohTQEuSJEkCqpLAcZ07UXo0XG9NYEmSpLagc6co+nYJWPkrSZJ0FiaAJUmSJJ3WMy6G7pfFUFZ+jIOfHqfixMnWDkmSJIm4zp3ocVkMifGxrvkrSZLUBBPAkiRJkmrpFAWfuzyWz10ey7HKk1ScOMmJkxGsCZYkSS0piqqK37jOnYiNdiU7SZKk5jIBLEmSJKlRsdF+4SpJkiRJknQp8ZscSZIkSZIkSZIkSWonrACWJEmSVE\h6+8xvuxsI+J45b4vkNFSAZ2LfaX8uPAE42+9isSz7bvoPuGVVz5iZkXDvWlxsdwxKIkHruvWYhG1XXuZvaSMncErWfSlK1o7GEmSJEmSLmkmgCVJkiQ1IppxfWJJbrAv0IKJ1HNTWHiAF452ZXwT+1pOA8\xeCXrDh5j9ubdlFQOYFZGfKtEJkmSJEmS2h8TwJIkSZIaEcukUW20yveS0shzPLKHWb88yEvb9zElI9hIol2SJEmSJOncmACWJEmSdJ5OULZ5F7M\LGd1GMJARrd4Ztx0NcMTo6vHVE\xe3VPxu0\wMwjkBDXlZfGX01\ytm5roTZxWHyKyEhNsDMG3pA4V5mdklkx61JzbxOzSmXjzB8yXtkB3syeu+BOvtOTTNcSeiPH\HCpiO80lTcwSRmcpDHdocprISEzp2ZMqQv3zif6Zu7JjG650FeOlBJGVQlgCsPsy5\Lz\+32OsO1E1LLFzZybVvVZZKT\+7UGWHo1QdmpM2uf5RvoVzRzzMT9+eR\zeySy9fTzhW1r3mfc3gjfuOE6ZqSd2ls19o2+SazMTrwwn\fvSk4\y8T4eBaPvvyzP0dJkiRJklRLp9YOQJIkSdKlrJI9v9tO9nvlbI2JZ\Z1PVkUDHBZqJxJr3\IK3sqa41e96cDzO\UhfnXXcG0K7vQn0r2\G4X4\4Y5uP4eF64rgczu51g9u\3sejYuV4njuGDezKzKxAb4IXrejLt6oQG9sUBULbuQ7LXHWFTbNX5lg6KJ6Wi4bh3fLSP8XsqGTOgalx2pxO8sHkPL+0+n2dXTlm4djv\N7uZVHqcxM9dwdLrerIoGMdQTvDC5o\48YfVMZXvZfabB5h\PIZpg3qy9LormHJZJS+89xGzCsPNHNOT4T0gfPDPbDt9\U\Y+kkEgPyPaywA\WGIvMooxiQlNvNzOKOhz3vbmp2MLg4T7tqFRdf1YMblYR5YfYid5\MoJUmSJEnSaVYAS5IkSfrsDuxhdvEJEnv2ZOVX+xKo3p09ZA+zVh5k1uZ9jEs+sz8c24Ufjw3S\1Sh6IHdzC4+QXJiIq\cmlQ1Lj2J4b\7kNHFJ875OslpfRm6+wCciGV4et+qdYr7dq2\r7yU+X88Qf\kJF655cxqxsNvKGPo8r314t4TiWXpVwcxvGv1uCv\RGjNEfJLPuHeq2pU3TZXxWG2bShl5lFITuxCGkDZfvKPQnYwhRe+dOac2buLGf\OUTaVHYFBV8DOoyyujGb2wttDfwAAHZlJREFUzdcwvnre6OHXlsEre8krO0iYJALNGJPWOxbKwmzdC2lJwMEQ6yqi6N85wrZDFYSABGDn3gr2RMeRPeDCfN7z90boX\fz\u0HZP8Jss\9SUqSJEmSpDpMAEuSJElqRAXjl7zXwP44Xrmvak3b0M4KVhPFrLQzST8ArkhiQp9DvLTvCOvKITu+en+3uDPJwJrHX5NU4\hokod3497iAyyuO66512nKjqO8BIyPPsa6zaW1usKxED5YzjY4s27vFV1OJ38BSLqM\hxh8ZEKoKkEcGPPEQKBeH78pep7T7ySWROvrD\oqjiGcpR1J45XtROiyaCSRRuLGXAyiYwr4yA6kQe+lsgDp45pzpir4xm39RPWlRxlfFIXKA2zmlhmXx1hxh\D7KyEjOhP2FQWIdDjctKiz\zDu9q5PO+vhv3\ukge5p4kpIk6eLaNCeNuxY10NE9yPCbc3hw2kSyrwo0MKA17SdvShaPDVxG8SPpHeC6kiQ1zQSwJEmSpEZEM65PLMn19gc4VTMbPlYJxJD8ufrHJsZ3AiopOww0kpgNhSuBWPrXzXtGX86AuAOnm+d7nbrKQlXVxa\sPsArDY44Tsk+yOhT3ex0PqvnNPAcAwG+nNKNtKu6EYiuM\xYBaF9R9h68FN2flzBuv1hVgNUVFdEX9WHp\v+iXtLjzI+\48QFcXwhDjGX9OLcYOuaP6YHgkMj\uEmfs+YTZd2HPgU8Jdu5GdUsnwPx5l60eQ0S3EugoYH+wBXIDPu6KR4+Nj6R2NCWBJktqEZLInfZXBCWf2hLYX8Mabc7n\VyuYtOjfeTqrV+uFJ0mSmmQCWJIkSVIjYpk06gtnqmAvgnDlyYt49qZEM3vkYMYnXezrNPc5lrPtv\7EvaWVhIBAdBT9Y2MY3jeO0bsrqpLAAMST9leD2VRxkG3vfUJe6Z9ZfbicGRs+Yn5xBStvTSLQrDFXMDSxBD6qYFvlYUr2Rxj+uS4kJJ9gePQR8vceZvzBclYSy\yrL3alTxQJdRPhkiSplQQZ8+B0JvSpuW86T4c28NyEySz61hNc\8YCxvVp7HhJktTazufX2CVJkiR1cIHYaOA4e\63bk8lZeUngc4k9278+MT4GOAYOz+qe3gFOyou3HXqSoiLBirZ+j\h5h90sX3wP3yjtJKhyX3Y9LXr2HrPtawcfw0z\yKOxIbGx\UgLTPIrL+5lnVfu5pFPaPYWXaY\IPNH9M\KY5kPmXrjiNsKo9ieO8eQDfSukL+oaNs+vgYdI1neFUB8Hl\DlXPvYHjy8PsONbcByVJklpFQiaP\8t0UsoLeP7VolpdoaJVPDdtLOkD0wgOzGTUtLms3H7qPesIq2ekEZyygrKax7z+CMGBadz\q\019laPnVVAmP3kTUkjOGcDZesX8vUxmQQHppGaNZGnVhTT1Fvc2WM6JcyOVXP5+h1ZpA5MIzgwjfQxkxs8f80Y0ic8y+rST+tftLyYvFmTGZVZ81xFhCqbCFaSpAvMBLAkSZKkzyyhfxyjibBoW2ntL8k+2UvevgiBbnEMPktl56njl36wt9bx4c2HeekCXqeuQGpX7gVeKv4f9tT8Qq7yIK+88h5Df\Endjb\dBdE2f4we4hm9MDeJMSeDojQtqO1pqne8\ttjF66jZUHauyMjScl7tzGADDgckYTIX9riFeIIS0FIMDgXp3hk0944SBkJyZwagbI8\0cAlfHM77e8ZXs2RRqZCpuSZLUpgwZyZQhULJ2GyXVu8Ib53LXHY+w9ODNPL4gl5dfmEranmV8e2wOz20MA10ZOiILCjawKXTmVDveXwNA\uZtZ94LQut5fRWMy8zg9Pwjbz3DPdPXk\LgXF5e8AyT+u9k6cwcnlvbeAq46ZiqY1g6mVEzlhMaMZ1\zc3l5ReeYEz3zSydmcOjrx85PS70+iNk3TePdUn388PcXP55VIgXv\Esb9T8xTv2k\etsTy2PoHRjyzg5dwFPH5zmLyZOdz\Cxe6kCS1LKeAliRJkvTZ9UxmZvDPjC4+wLj\qGBaMI6Eo0dZ\Kcw6+jM7Ov7ktDE8TOuOsq43WWM\+WfmXJ1HHz8CbP2VdYb19zrBDpHQUU5izaUMia5Fxl9Aw3s68OU4GFeKT7C6Fc+YOaArvSvDLP6o6O8VBHFAxmfo\9FemSNSUwM0L+4nFm\+4DwgK7071zJtt1HmH+4kgCc\mI0+erLSdlxmJlrtrEjOYHhXWDPxyEW7YvQv3c3sntAoBljAIjuwfArylj8yQmI78bg6rV7E3vGkryjnEKimZVyxZkgz\fz7tGXacGjrCw+wPhfVtT6vNtQLbYkSWpUIr37AauKKQNSKotY9H9z2ZH1DO8szCElGiCT4bfezJC7x\Lc91cwKW8iKRlZDGYuG\8Io68HKGLd62EGBIPseKeIHWQxGAhv3sBKRvLDYV05\fZTnMyUtxcwoW9Vc\jN\eH6iSxaW8TTI9Lrh9jcmCgi\5d7GDBlIT95JL064ZzJ8JH9CWROZun7O\nhrelQWcTSOavglmf49fzq843IZPSQuYy6rwCGVV933zu8UQBTlszj4ep9w0dk0js0jEfXbqZkYjIpF+ETkSSpIVYAS5IkSToP0SR\aSD518Uz+Hg5M987wJTiMJ9278Irtw5ifHJTZbnR9L\5alYGAwTKy5nx3gFmHezMzJt6cO9nvE5aajfuja1k8YcHuPf9g43siyb5S4PIT49ndNQxZm87wKQPj7KOALOHX83Ma+Mv8HNqhkFX81J6HNknjzFr2wEmvX+Y\Og4Fo+6itldgVAFewCSrmJRdg\uja3kleKDTHrvILPKIgwP9uGVkUlVX142ZwwAAYb2qSo3TusVf2aq6QFxjAaIjWP4VTWDPP\Pu+r4OFIqqj\v\VFMSe\GAxfiGUqSpIusK4k11\7dXkBeKUy6b2x1orVadJAJ942EzSvILwaCGYzpG2b1H6qnjt63jY2lmUz55u2klBaydV\V7q3rV0BWFsO71zjXsJEM71vz3MkMuAHYvrPWlNLnHBOpTPmPAt48nfytFujP4BuA8lBVCnp3IW+UwoSJtc8XGJbDlCE1juueTEo8LJ03j\zi\YQrAQJkzy5kw\yxJn8lSS3KCmBJkiRJ9WTceh07mj26M4npA3ihgQKMM5KYeV8SMxvsi6f\lwbxypdq7KosZfbvYXiXml\HNec6QPKVzPralcxqah\RJF43gBeu+yxxn+1+TrmC8eOvYHwT4daO5wvMbyiev67zeVyZzMwrk89+\eaMARJuvIYdN9YNpS8z7+vbyLHn+3l3JjH9C8yve\xZPwdJktQ27GdPcY1meYgSUhmQHKg3MiEpGVhDySGAVIbfGuD51YXseCiVlO1F5PcdxsO3pjN6xjy2bg9Dn2LWvR5m8P0ZZ34pDSAWLjuXEJsdU7XKMKGyUnbs3MOOog38\r9+zeqNQFYZISDxUClbSWVCvfNVV0OfEshkyuwcNs1cyP1jFkJ8LwaPuJ1JE3MYMyxIwjksVyJJ0vmyAliSJElS6\lwB6Nffp8fb6s95XN461FWA2lXdGuduCRJktSAMko+BLKC51zROnhYDmwpYNM+2Fq4AkalMzg6jevHQl5hERQX8kZpMmNuCF6MwBtU8vqT3H59BulZY7lrxhyWvraHbn91DxOGNH0sxBKos\ZFyq3P8OuNG3gz9xmmjepP+A+5PDZ5LJnTVlBS2fBZJEm6GKwAliRJktR6BiRwx8ZyXtj4AYcPdiO7SxRlBw6zqPQEZfFdmZRmqYQkSVKbsaVqeuWhD2ZWVenGJ5BCETv2hCFYu0I2tHcPkMmA6imjA+mZjGMZW7cXEX4nzLgH04Cu9M9IJbxmJ+uSC9jaN4fvpZ5njM2N6dAqnpu+gtDEebwzcyQpp4cWs\S1eWcO6t6XwQ2er5SS9zizBvAp0V0ZMCKHh0fk8HBlmB2\mM6oWQtZuT2Haed7b5IkNZMVwJIkSZJaT3RvvnFbH2Z3h\w\HWTSeweYuS\CgL49yR93NU0uKStJkqSWEdrAc\93HiXxY3nw1uSqfQOzmNAXli5ZVbvCtbKYvCVrIJjF0FPr9yZkcFMW5K1YwNtbUrl+UFcABlybRWD9Cp7\RQGBWzMZfL5xNjem4iJWA6PH1Ez+Atvf4dUtNdrBYdwRrH++8MYVLN1Ssz2P27PGMr\msdEBUvrUmtBakqQWYQWwJEmSpNZ1RW\Gj+19DmvlSpIk6eIp5o1\m0dJjemNQ9vX8OqaYkIEmfKzZxjdvbojOpUp\zKZV+9+klH3FvP0g1mklG\jF\2I1YWBZnys4kMOH2WXgy9OZXwM2vIj3+Ib56a6TmYxmgWsnJzgEnTL0CJbHNjCqYzLh4WTZ9MtyenMrR7mJK1y3h+WSHh7jVPGGTSdyeTd\eT3D6lmMcnZdF73yqen7OCHTVGBYbcTHb8Qp5\YDIfT89hzFWJlO1exZI5KwjcMocJVv9KklqQCWBJkiRJkiRJUrU95C9dSH6NPYE+qWRPfIL7pk5keJ\aowPX\xPLX03lxRcX8NzUXEJ0ZcDIqfzkR39H9lW1p2AecMMoUiii5M6MM5W+CancNAxWrs\hyzfUHv9ZNSum7iP5ft4zdHtqHi\OmEw4vheDR9zD9\9jLolrcrj9X4vYEYbEwKnzBXn+n+fx1NRc6JPOhCcXcMfrU3nu9EXTeThvGb2fncfSeY+w9BDQPcjoB3MpmFo9ZbYkSS0kKhKJRFo7CEmSJEnNs2vXLvr169faYUiSJLVbbfF9qy3GJElqXf7bcOkKhUIX\RquASxJkiRJkiRJkiRJ7YQJYEmSJEmSJEmSJElqJ0wAS5IkSZIkSZIkSVI7YQJYkiRJkiRJkiRJktoJE8CSJEmSJEmSJEmS1E6YAJYkSZIkSZIkSZKkdsIEsCRJkiRJkiRJkiS1EyaAJUmSJEmSJEmSJKmdMAEsSZIkSZIkSZIkSe2ECWBJkiRJkiRJkiRJaidMAEuSJEmSJEmSJElSO2ECWJIkSZIkSZIkSZLaCRPAkiRJkiRJkiRJktROmACWJEmSJEmSJEmSpHbCBLAkSZIkSZIkSZIktRMmgCVJkiRJkiRJkiSpnTABLEmSJEmSJEmSJEnthAlgSZIkSZIkSZIkSWonTABLkiRJkiRJkiRJUjthAliSJEmSJEmSJEmS2onOrR2AJEmSJEmSJOnsdu3a1dohSJKkS4QJYEmSJEmSJElq4\r169faIUiS2hB\MUhn4xTQkiRJkiRJkiRJktROmACWJEmSJEmSJEmSpHbCBLAkSZIkSZIkSZIktRMmgCVJkiRJkiRJkiSpnejc2gFIkiRJarsWbtzNz7aUUnK4gspIpLXDaVeio6JI6RbH3UP68tD1V7V2OJIkSZIkqZ0wASxJkiSpno8OV3DX8k0cOHYSAvHQLZ7OUZ0gEoGoKCKRCFFRUbbPqw0lx48z590SFm\ew49GpzEsuXtrf\SSJEmSJOkS5xTQkiRJkuq5a\km9ldGE3V5N6I6x1QlLwGqt6eats+nHUVUTCxRlydQFj7Jt1ZvQ5IkSZIk6XyZAJYkSZJUy8KNuzlw7CSdAnFVFauRCJEIp\9s+8K3O12ewIFjJ1m4cXdLftSSJEmSJKkdMgEsSZIkqZafbSmF2Lha+6LqjLF9EdqxcVXPXpIkSZIk6Ty4BrAkSZKkWkoOV0BCHBEiULVk7amla2tticL+C9nfObrq2UuSJEmSJJ0HE8CSJEmSaqmMROh8qka19ub0WranK1jtv4D9UVRGIkiSJEmSJJ0PE8CSJEmS6qmq\q0qUY0iynaLtSVJkiRJks6PCWBJkiRJ9bSJNXE7cFuSJEmSJOmzMgEsSZIkqZ7I6amI3bbsVpIkSZIk6fx0au0AJEmSJLVFUdXr1bpt2a0kSZIkSdL5sQJYkiRJUgMinCoCdtuyW0mSJEmSpPNhBbAkSZKkBkW5bZWtJEmSJEnS+bACWJIkSVJ9kUirr4bbUbeSJEmSJEnnwwSwJEmSpLOLonZ20vbFbUuSJEmSpA7pb\2b5s99qc\WmjfU4BLUmSJKkBNepSI7Zbri1JktTKyveQv+gR7hmTSXBgGsGBGWTeMZ3nVhURqvwsJ9xP3pQ0glNWUHahY22pOEJF5D2Ry6YLcS5Jks7ibEndcxlnAliSJEnSWdRdmdb2xW1LkiS1ovLNPPc3o7h\zjuU9b+dadMeYtq0HIaG17NoRg5ZM1ZR8pmSwJe2sjXzeCxvf2uHIUnqIJpK7jYnSewU0JIkSZLqiUQip2cmrtrabom2JElSayr51RwWFQeZ8rMVPH594EzH9CcoWTaVm2c9yaIJI3l6RKDxk7RZvZiwaBsT2ty5JEmq76c\WmD00E3t0LYCmBJkiRJ9URVpyOjbLdoW5IkqTWV7dkM3MyY6+sneFNyJjKJMG9sKa7eUz0N8pzNdUY2th9K1i\k\qyMqmml736W\7+9Ow6KuszjOP5GrO3o2M4CrzugbNm4W6wJ9bqVo1vRQqXD7FqzpHSODs91bMLOi4ypUaPDkrMTR+dwRHdGDjuZmEmkOU86Uy5NmlCuTDpDQsEkobyWQleFvT9YcGEBQTGq+7xmmGf293ue7\Pdxz+U+fo8T2FVc9cOLTUULk1hsjUaU1Q0MVNTWFLkf\S0+3AJWQuSiImKxhRlZfKCbIoPu7vNX8b+tcnEREUTMzWbXa7uxzZ39CunsY+89q+IxvpMGeBkRlTH9+r5CGhXVV95+c8533vMtsWWzJKiGnx79nctRETku6t7sbe\xV9QAVhERERERHrg8XgAj9qvuRUREREZSuboBGA3W3f2cNyxwcayw4con2e5tODvvsAjjh2MdORQkPss0yli8fRZrKz0Kdw+kcTifUampOdS4MwlY4KbwmfsPLalvjOMuyKbaUnp5NdH8\jLTgpedhBdv5mFM9MobvCZb3Maj71l5XlnLhlzExhr7CWvnZl95mW+38mqFAuQQIbTScH9kT2GcVdkM2N6OvmfTyAj1yevJDtZFe6unXdm8kjaPiLmZlOQm8nsyCPkP2Mna8\A1kJERL77Ooq+Ayn+go6AFhERERGRHgQEqB2KVkRERGQoGROf4i97HMx32MgfYWJKop2JtjGMvd2COfQyj31usZCxfTOzTe0fYyeMIWJWEkvWlDAnz05ow262l0HqphwWjff2ibMy0jWep\dUUpccTgT1FL7kpDrmWXa8kow5EMBK7KRIrpv4LFt21nBfsrfS25LEqg1pxAd1JNDLHb41EP\K5s4jrzvzyipiZmEyEVFWYqNCgXDGxlkZC0C3gm5rFXl\cFJty2T3OjsRHXklTuC2WUlkvVTE7MJkIjrnDCf1zVxmhnWsRSSMSyZvTxXL4mKgX2shIiL\LwZa\AXtABYRERERkR54PJ5ef+jjXY\vW05w+sMKTh\jLZLGX+F37d9cYTTH1bg\uLskMzf5Z2IiIjIUAoMZ8ryEiq357IsMZL6natZ7EhmctwYLDYHa\f0UkTtj8Rkppt85zIRP8MKZaW83QiMCCciCPJzcthV04S7FcBA\PIDlK9Nai94NlbyZiXEPzTZW\z1CrKxrLyMgmSfCWwxjA7i4mwpzPU98jrQxNSHbFBZxoHG3od1cbiMwuMwe06St\h7IdbMOQlQWcSuGp\n4xOIDfPtF475Z8DhI+1HSvdnLURERPqgArCIiIiIiPgJ6ONnwO\vmcgn2Q4+Sb+TuVci\mW+n\vgA3yS7eDQg2FDMn\3dyIiIiJDzWiyMXtpDtvKDlBTWcYOZyazIw+wMiWBx4ou8QjisHC6n8IcERkN1FDXBBispC63Y65ax2NTbVjG2Zi2IJvCPTUX7r09foS3AfOokEv+bn6iIgnt9ih0VCRQxsFj\YzR4qIOC+Zw\13Sxh+FA1XUnfJ5eDVc01e8\qyFiIhIH1QAFhERERERPx6PB88gtj6BBzXuYLQM927TGD5syPMRERER+cYJCsEcZycj73VWJbrZlVnE\kGdIBijt24akZjJtopydjgzWTA5Eve7ThanJGFdUERdK9B6tvvhy1eQAUPgxXtdKRddCxERkT6oACwiIiIiIn4CAgLad6UOUusTeFDjDka74fUKIvPeYczrDUOej4iIiMiQaSxhfkw00\Jren4fGEJkVAi0nO36vKERV5cH9dS928N4v35Qd+QQEMlI3w29gcGY4+wsWuFkx94D7Fhqw71zHcWHgZssxAPVtd2Pom6i2GFl8vIyvzkuqoe8GmuPAAncZuppQA+CjERQRXW9f3nadaIesGK+caCJ0fdaiIiI9EEFYBERERER8dPXHbYD\ukaeGBjz33J+aZa3B+\136PcPUHuE+c4PyZ872PaTtL6+fHLoyp+ZCzTadoa\XQ2lTB6Q8rOHfa5w5gl\cOYNdZn3k\w915b\F52ppPcPbo+xdyaDhJ67lBXCPdASwiIiJDLTSGX0TBBytXkF\V7P++sYzCV5sg0YIZAAPXGYEDNV12pLr3lVLc0kP8kiK2H\f53FJJ\sZySLQRawR3RQ7TbEmsPejTJ9BAxI0+BzSHxjAxBnZt2UG17y7Y47t5bWcz4VHRfsdMX1T3vFqrKFxf1plXv0TZmBkG+ZtKuu7Oba2hcFMpmGyMDet1tJ9+rYWIiEgfhg91AiIiIiIi8s0UAHgGqb2UuHxZR9Qto3nWHsedIQYM3v++6v7qFG9VVPLc2x4arr+267i2r2jlGlbNupe7w4IwDgPaWnE1HWdz6QF+MGM+D98A1VXlTHmrfdzcB+1kRFyNq+5jYrafbI9zx885ND8R45lGXtjwASGJNpLNIzB6f4NyfdHEP3e\w8JjNzDccGXWSUREROTrFc7sP2fy5q+eY8l0KytNCUxPNGEEXIdL2VpagyvIxovpSd4iazCxCUkYSnJ48omreTw5GqqKWL\eRaQN6rqHN9WT90AK1ekpTDQcYcv61RQ32HhxgzfebROID1rHyt+mcDLNztSbQ2k8WsKmFUUYJq1gpqU9x5lPp5A\6wWmPXqcZXNtRLRUsiYzh7dN83g1KQTovjv4YspY3JHXiHq25mRT6JsXYAgyAqVsyrfito4hNqpbiEALqX9KYeus55j8aI03r0Pt37HKROoryd6ief8Y+rUWIiIivVMBWERERERE\Pns3L3s1ndja3\jnjtNypR7SY8OwgDQ1ob7HBA4DMO1I7jbNpG7ov7D7wpO8q\gq7zj2mgbEcYbD\yEW72\6bjPtcGwQIwjb8LxUDAffeWTR08bbjvy60zGwENz4rk1+EIOhquGYbwuhF\fN4Vby\cy7d9XXShaD0IrIiIiMmTC7Gwsi6bY6WTLzn0Uri3FDRhutBCfuoLHHUmM9tkVa0zMZFuLkcU5q1mYAqHj7CzKz8T82hh2dY896Tk23F7Kk8vTyGuA0EnJbFz9FPEdO2MNMSwq3MzIF3LIz0kn\xQwwsSUuU7KHFY69r4axj3FthILK3NyyXI4cQWFMPb+THak2zEbLuE72zIpsFexcnkaeQ1XY05wULBuHrE+RzYbJ6SQMWkeKzMdFE9aQXnueL8whnFP8epWC2vWePMiGHOCg42rf0P8zQNMrJ9rISIi0psAj84ZExERERH51qitrWXUqFFXdI5ROW8w7HvfJyCgvXh72e0vR3PEEgxnPiNr00dsuOi4Nn5sieSNu36IAWhsOMEfdx1lWzN4PAam3xXFsuhr23ejVH\AHW82E+CBgPOBrHn4ThKvB840k7e3mqxqNwEBBqaNN\P87cGduziqD+1jyp72+VITx17YAfz3T9vziL6VyrgbvP3Ps\9Wn6\r4ljHggYGcZfp0YQew3Q\CkL\YxxYOxTgHQ2vIltWn3XNE\XxEREenb1\HvrYH6Jub07ddEYaqNxWRSnmdXUVVEvnX0d8O3l8s14BvrB0x3AIuIiIiIiL\OO2m97WV97hK4H\2vYdFP24u\nDrJwuJair\oeH+GrW+9x8Ka0wAYTTey1NA+vu2OW5h0PcBp\rHrIFnVZ7zxzlC892DnmC55dNl365vPhaeNx44yY28jxzryO1nPIwf\ixsgOIjYy14f388iIiIiIiIiIpfnf+Xid4p6jbKqAAAAAElFTkSuQmCC&apos; does not exist
	at org.apache.commons.io.FileUtils.checkFileRequirements(FileUtils.java:278)
	at org.apache.commons.io.FileUtils.copyFile(FileUtils.java:869)
	at org.apache.commons.io.FileUtils.copyFile(FileUtils.java:835)
	at org.apache.commons.io.FileUtils.copyFile(FileUtils.java:802)
	at com.qa.opencart.factory.DriverFactory.getScreenshot(DriverFactory.java:136)
	at com.qa.opencart.testlisteners.ExtentReportListener.onTestFailure(ExtentReportListener.java:97)
	at org.testng.internal.TestListenerHelper.runTestListeners(TestListenerHelper.java:67)
	at org.testng.internal.Invoker.runTestListeners(Invoker.java:1389)
	at org.testng.internal.Invoker.invokeMethod(Invoker.java:636)
	at org.testng.internal.Invoker.invokeTestMethod(Invoker.java:719)
	at org.testng.internal.Invoker.invokeTestMethods(Invoker.java:989)
	at org.testng.internal.TestMethodWorker.invokeTestMethods(TestMethodWorker.java:125)
	at org.testng.internal.TestMethodWorker.run(TestMethodWorker.java:109)
	at org.testng.TestRunner.privateRun(TestRunner.java:648)
	at org.testng.TestRunner.run(TestRunner.java:505)
	at org.testng.SuiteRunner.runTest(SuiteRunner.java:455)
	at org.testng.SuiteRunner.access$000(SuiteRunner.java:40)
	at org.testng.SuiteRunner$SuiteWorker.run(SuiteRunner.java:489)
	at org.testng.internal.thread.ThreadUtil$1.call(ThreadUtil.java:52)
	at java.util.concurrent.FutureTask.run(FutureTask.java:266)
	at java.util.concurrent.ThreadPoolExecutor.runWorker(ThreadPoolExecutor.java:1142)
	at java.util.concurrent.ThreadPoolExecutor$Worker.run(ThreadPoolExecutor.java:617)
	at java.lang.Thread.run(Thread.java:745)
</system-err>
  </testcase>
  <testcase classname="com.qa.opencart.tests.LoginPageTest" name="LoginTest" time="3.83">
    <failure message="no such element: Unable to locate element: {&quot;method&quot;:&quot;css selector&quot;,&quot;selector&quot;:&quot;input[value=&apos;Login&apos;]&quot;}
  (Session info: chrome=110.0.5481.100)
For documentation on this error, please visit: https://www.seleniumhq.org/exceptions/no_such_element.html
Build info: version: &apos;3.141.59&apos;, revision: &apos;e82be7d358&apos;, time: &apos;2018-11-14T08:17:03&apos;
System info: host: &apos;ARPGL006737&apos;, ip: &apos;192.168.1.5&apos;, os.name: &apos;Windows 10&apos;, os.arch: &apos;amd64&apos;, os.version: &apos;10.0&apos;, java.version: &apos;1.8.0_92&apos;
Driver info: org.openqa.selenium.chrome.ChromeDriver
Capabilities {acceptInsecureCerts: false, browserName: chrome, browserVersion: 110.0.5481.100, chrome: {chromedriverVersion: 110.0.5481.77 (65ed616c6e8e..., userDataDir: C:\Users\VINOD_~1\AppData\L...}, goog:chromeOptions: {debuggerAddress: localhost:65124}, javascriptEnabled: true, networkConnectionEnabled: false, pageLoadStrategy: normal, platform: WINDOWS, platformName: WINDOWS, proxy: Proxy(), setWindowRect: true, strictFileInteractability: false, timeouts: {implicit: 0, pageLoad: 300000, script: 30000}, unhandledPromptBehavior: dismiss and notify, webauthn:extension:credBlob: true, webauthn:extension:largeBlob: true, webauthn:virtualAuthenticators: true}
Session ID: 4b0a05af975f78ade1b2ddd528da6c6f
*** Element info: {Using=css selector, value=input[value=&apos;Login&apos;]}" type="org.openqa.selenium.NoSuchElementException">org.openqa.selenium.NoSuchElementException: no such element: Unable to locate element: {&quot;method&quot;:&quot;css selector&quot;,&quot;selector&quot;:&quot;input[value=&apos;Login&apos;]&quot;}
  (Session info: chrome=110.0.5481.100)
For documentation on this error, please visit: https://www.seleniumhq.org/exceptions/no_such_element.html
Build info: version: &apos;3.141.59&apos;, revision: &apos;e82be7d358&apos;, time: &apos;2018-11-14T08:17:03&apos;
System info: host: &apos;ARPGL006737&apos;, ip: &apos;192.168.1.5&apos;, os.name: &apos;Windows 10&apos;, os.arch: &apos;amd64&apos;, os.version: &apos;10.0&apos;, java.version: &apos;1.8.0_92&apos;
Driver info: org.openqa.selenium.chrome.ChromeDriver
Capabilities {acceptInsecureCerts: false, browserName: chrome, browserVersion: 110.0.5481.100, chrome: {chromedriverVersion: 110.0.5481.77 (65ed616c6e8e..., userDataDir: C:\Users\VINOD_~1\AppData\L...}, goog:chromeOptions: {debuggerAddress: localhost:65124}, javascriptEnabled: true, networkConnectionEnabled: false, pageLoadStrategy: normal, platform: WINDOWS, platformName: WINDOWS, proxy: Proxy(), setWindowRect: true, strictFileInteractability: false, timeouts: {implicit: 0, pageLoad: 300000, script: 30000}, unhandledPromptBehavior: dismiss and notify, webauthn:extension:credBlob: true, webauthn:extension:largeBlob: true, webauthn:virtualAuthenticators: true}
Session ID: 4b0a05af975f78ade1b2ddd528da6c6f
*** Element info: {Using=css selector, value=input[value=&apos;Login&apos;]}
	at sun.reflect.NativeConstructorAccessorImpl.newInstance0(Native Method)
	at sun.reflect.NativeConstructorAccessorImpl.newInstance(NativeConstructorAccessorImpl.java:62)
	at sun.reflect.DelegatingConstructorAccessorImpl.newInstance(DelegatingConstructorAccessorImpl.java:45)
	at java.lang.reflect.Constructor.newInstance(Constructor.java:423)
	at org.openqa.selenium.remote.http.W3CHttpResponseCodec.createException(W3CHttpResponseCodec.java:187)
	at org.openqa.selenium.remote.http.W3CHttpResponseCodec.decode(W3CHttpResponseCodec.java:122)
	at org.openqa.selenium.remote.http.W3CHttpResponseCodec.decode(W3CHttpResponseCodec.java:49)
	at org.openqa.selenium.remote.HttpCommandExecutor.execute(HttpCommandExecutor.java:158)
	at org.openqa.selenium.remote.service.DriverCommandExecutor.execute(DriverCommandExecutor.java:83)
	at org.openqa.selenium.remote.RemoteWebDriver.execute(RemoteWebDriver.java:552)
	at org.openqa.selenium.remote.RemoteWebDriver.findElement(RemoteWebDriver.java:323)
	at org.openqa.selenium.remote.RemoteWebDriver.findElementByCssSelector(RemoteWebDriver.java:420)
	at org.openqa.selenium.By$ByCssSelector.findElement(By.java:431)
	at org.openqa.selenium.remote.RemoteWebDriver.findElement(RemoteWebDriver.java:315)
	at com.qa.opencart.utils.ElementUtil.getElement(ElementUtil.java:33)
	at com.qa.opencart.utils.ElementUtil.doClick(ElementUtil.java:52)
	at com.qa.opencart.pages.LoginPage.doLogin(LoginPage.java:49)
	at com.qa.opencart.tests.LoginPageTest.LoginTest(LoginPageTest.java:31)
</failure>
    <system-out>LoginTest failed!
</system-out>
    <system-err>java.io.FileNotFoundException: Source &apos;iVBORw0KGgoAAAANSUhEUgAAB4AAAANCCAYAAACHzdFqAAAAAXNSR0IArs4c6QAAIABJREFUeJzs3ftzU+e9+Pu3JdkyFrZs5AvxFRtjjB0MNjY3E0IIJJCSULpTAk3STXaTfPP9ns6ezvTM5G\YZ+acs7\77D27m7Z7t7u0JLQhJaWB4ISAE4MTEwwGgQBhYWMrlvFFsixZWlqSzg+Sbflug8mtn9cMM4z1aGlJa61HWs\neT6fuL6+vjBCCCGEEEIIIYQQQgghhBBCCCEeKq1W+9BfQ\PQX0EIIYQQQgghhBBCCCGEEEIIIcRXQgLAQgghhBBCCCGEEEIIIYQQQgjxHSEBYCGEEEIIIYQQQgghhBBCCCGE+I6QALAQQgghhBBCCCGEEEIIIYQQQnxHSABYCCGEEEIIIYQQQgghhBBCCCG+IyQALIQQQgghhBBCCCGEEEIIIYQQ3xESABZCCCGEEEIIIYQQQgghhBBCiO8ICQALIYQQQgghhBBCCCGEEEIIIcR3hASAhRBCCCGEEEIIIYQQQgghhBDiO0ICwEIIIYQQQgghhBBCCCGEEEII8Q303nvvzfk5EgAWQgghhBBCCCGEEEIIIYQQQohvmOHg71yDwBIAFkIIIYQQQgghhBBCCCGEEEKIb5DxQd+5BIElACyEEEIIIYQQQgghhBBCCCGEEN8QUwV7ZxsElgCwEEIIIYQQQgghhBBCCCGEEEJ8A8wU5J1NEFgCwEIIIYQQQgghhBBCCCGEEEII8TWb7QrfmdrF9fX1hedjh4QQQgghhBBCCCGEEEIIIYQQQkxNq9U+9NeQFcBCCCGEEEIIIYQQQgghhBBCCPEdIQFgIYQQQgghhBBCCCGEEEIIIYT4jtB93TsghBBCCCGEEEIIMVvOW83Y\KlkF+aQZUj4undHPGwhBcedW\QMKCi6BZhyi8hPleMuhPgW6bPRdPUGvUOjf0rKqqR6dRZJX99eCSGE+I6TALAQQgghhBBCCCG+HZQWzp5twhECzgEaLUlpWWTnVbB+bb4MpH\HeK2nOXbGijsU+9d6EjIq2bm7hizJayceiiBet5cgoNUnkzTVfAPFi9sfBLToDUkkyPkopmBprKO5Y9wf27og\QCbc7+WXRJiXigeLyyQ\k+IbyoJAH+H9Jw7zNG2fH6wv5b0r3tnhBBCCCGEEEKIeea8dCMS\B0WCuLttWPthey1+ZR+bXsm5l3raY6csaKEJj6k3Gvm2FHY+3wNqV\9nonvrCA9V+uoa2wfM+lAm5LP+u3bKTdpI3\oM3PyVCPtA8HRRpoksso2s32jTEQRExnTkqDDO+6vCo4uN+Qmfy37JMQDs9dz5LgFb0opO57bTL50fkJ848T19fWFv+6dEA\IcpyD9fYxf8re\Dq75njnq3SbaTxnprXXiRL9DatNzWJZWS21j6ajnafdFUIIIYQQQggh5s5O\aHjWMaPoQOQxxOv72TZV71L4iGZ7liPytpwgN0rZ5cO2vL+QeqjK\CmHzNRaPnzb2jsBshm8+u75ndigb2eQ8cteEmidNdLbM6ez41\w7ltNDQ5Wb618hu4cEHBXv8Oxy3uyR\WJFG45QfUxl\gWJ1l3Kr0UQkFm9n7dOnkQeDWOn79oY1gwVZef7p4wsPuC0c4fNEJpFK5fy814+OCITPHf9WA3VDO7hdr6X\IPUdyZTv2U9txhzeanQc8X7GDkc2MevX7qHh8FHM7vu5liIB+Rv6HdTOunP3Ynn\CA2s5+VnShnpHQI9mE+fpvGuk2AIiE8lv2Yr28eMdypY3v8djdSy95kpjuF9SkpJQz\yQm2c+Je3aBma7hmzlF3LgV3lTNcLuu80cfZzM44BJfLeNVoSUrIoX\s4NUvGnWTzcG58paL7m\zoD9i\8WvuVRQH5sZGzK09OIcH1uNTyVpaTu2GctLjH8aL3s81Mo8sf+VgfWfk\wlZrH9uNxWL7m9Tc4pLfM3n6ez7v4flaz7uYt5otQ8\4iaL87\lLO8fnBD8BbDXH+TwuZ5ZbsWL9cND\ObPDVh6g6Qtq6R2Yy21q4tJUxxYzh3ld+9bmOG+SwghhBBCCCGEeHisZm5NdWOakIjhK90Z8VD1tdM5i0EIh739vjZvb7VM\aBiwdZ9X5ud3WvfasUbr0WLl1tXrQ\vhb5xemg4XofZ8Q0dXWo9y6mpgr8AIS+2M4c4NE3wF0Bpq6fuijL5g7lZkcB3jwPHxGdi63BGR2qdOO5O8vw7dhyANiubrKl34bvDcoKj59rpD87cdJj32mka7ElUbIwJ\oYcNLxzlIa7XpKLKqndWEmxwUv7uaMcORd7JBIo3VhBkr2R+ltTHMP7FArHrr8qIGu+gkbqdB+Ogu30IQ6fasY+ECQ5PZ\8gnzy05MJDthpPnWYw\V25ved\m3yWus49N\HaLjZQzB1GZUbayPnWYqCw9LA0d\PPKHpvtzHNTKvdDHBK8VB49HD1LfN9Y1KXGLOvu7jLr5VJAX0t9m9htH6EUt2csB0jt9Yl7Kz+DYnvnDhvtqIZePMs+vs9Uc53epFn7+Vl39YzSJdHHHRx2q39fPFH3\LR231HDuXxv6NfxM\MYUQQgghhBBCfKMotFyzMeVYl8HIrBadhBw0HDlGe\5kq4UiKypOX+gcWb2jTc1n\ZMxqV+jvG1NnD7fgn0gGKlDnFlK7RO1FE6XybO1jt98aCN9wooVJ41vHaFlYJLn5G7m9WdiGnvbaTrTSIt9ilVs9xo4\K6ZqcNYY1eseNsaqPvEgsM7\ft1XjvN6Ys2eryR95uaXUHNYzXTv98H4QsyTYxtlOqL1GmdRdPI6js9+gV+\I67WEOlFE+yLEK5fgcHOnQJKqqiQz+X\Z5JyIq5VYGMKlYFLnKx04Y1VDzpfnwXxcUBcfHz+5nOC4WWq7aZA2GzOinBceMy7pU1TLg8jCspymjEca8PhwJZscs2Q6109IAuv4CsO204umxQVjjm6T1dfQSBgmUVJOKmat+bbNCGUYecuH2z2zcAEiLDwbrZLZ6fVOR60hA\48HMZcf\fJNdcUH8\QNzDOJERidnvZ8hGw2f20kse4Gn8pNwD3hRgZ7G05gHtORte439axZGtrppIxcO\4KPrp6lqWwvNakAOpLyn2LLsmv8+bNG7Es3kz1P16bP7WT0EC0gd7ER2l0PvF3jkuUkAepkD9obabB6IXU1P3r1KfK0w6O9YcKDVt7\VGuWk5xNvcA24uiD83DufGVWvMj3tygJawO4ZzTRTCPOuo5esaGNz6XrT\eT3WaJtLXAWzaTv\Fw\z2w7vUv9dA2t7aea5dP8drZL4M1z\3jzvzQm4sHxyhf9332b1qdgUa7isu8TWfp7Pv\x6Wr+m4i28lCQB\i\Xcao\e1BWw84UK+PAcAFmPLsX4xUVc2LFaoHS6CPC9Bs5avGCs4ocv1GDShAmpAQKhMMRp0enSqN6zFeu\naDtWiMt1bupkM5FCCGEEEIIIcRXKoHcpZnou7rxT\KoLiuHNGDajJoBO03HT2EeYGJgBnCcO8Kxq24SFhVTWZpFkteB+ZqVhneP4HxuP7WZ0YbdDRyrM+NekE352kKSvDYs18zUvdPP5r27KJ0sb6jXwvH6qQJMXfQMgDYlm5y0ccM0GSljt3GkHruaTHZZDYUpKo5rZqznjvKOby97q1Mh0UROQf7EIEtogK67TpSENLKM0b+11nHkQxtKYirFq8vJwoHZEnm\7t37WR8NEvd8foSjl5wwpl0zde84pn6\DyplwewGrBJT5liuKpHlxem0XLmL7Q4UF41\XMHS3gUZJRQpN7k530vjWm20B8CUX8VaTRsXz9kwmxWKZ5nG+ttNjy5u5lZfj04cvfO4ub5uOmHiggw1maJcA+fv3eNeBxB7\t3poCsEOaXbyfb8is7Ou9gpZDRDuIK9xwXkUFSi4vPz3a81nDC3q9t5sQmbYmLD+nwCPlc0KGrnWqsbFlRQu8ZAOBggEAStzkD1xnI+fbuFGy12ajZnAypeX4Bl68sx3rhI05Vqdq96GJ+yn9TFWehwTR64nTUdWYtNwOCkj\bcseMFCtY\TZ42TDgUJBQG4jRoFi7je4+VYPnLTWwWCxR9G\I9fxP10PCJBW\ISNXeF6lZBOGQSiAQIkwcWp2OtDV\x1brv3LijplGc82syxbMyhyvkfuiOLBduoH5bjs9Tu9IeuZpnoDjsyMcce1g1+YZaqJLXOL+fBXHXXylLl26NO\bXL16NSAB4G837fCUISeOTj+pIYAQSvpTvPHmdmDm2XX2a1bcQE7lZrLDCh6XByV2RqMmAcPClVQtPU1nZwilB8hm2lz7kTz4MbU9LMc5WO+m\Oka\OfPYh0IQlI263ftIuHcQepd5eyo8dNw1oo7CEnZ69m1q4JUhutUtGB3RmcjJ6VTWLWVrWUxs4iiM5yTN\+E9Wodp5vacQaIzErOW8\WrRPrLEzYbmo2Feu2UlOQBCELx\+zHntCKbt+vJnx5XhsH\6autZkKvcOzxAUQgghhBBCCPFw6cjb+AqvLT7B795twTVuJV5OQTGhKde9BnG3NlL3qZme6AIhzfhlG0oLjdfcaPOe5LX91SyMBqpqaz\jd\9+BnNjCzXPVZCAm6Z6M25tPk+\up\ViQCbeGLF+\zrH6\QfMVJ6brxN4pezKcbsMfp0eGfuGKj24kLyF3\Mvsqx++6n\6ByF29\cIF7GoKq\e\wVO50RUym6o4+6tf02hpwV69meyMGp7bt4HxcbbOU7\gUKeRqhf2UZkSWS1ovWVD0WSz5Scvs25h9P2uOcuvft2I+bKN9dsKIWSl2eyElEpefP0pcrUAYWo3XOLwf56i4VMrpU9NrGX6wNILKTBcoMUzfbOc\CJ0qHMKouiK8jFd6eSuzQZFY1dYoli44wDT+nIWmm+O\n14ZXXmeg58v2JcvU03TX86TLO7kK1\v32a1bzDq9iNFCwzYlhQgunceRzXL+NcWcOkwwtuG02fNI1Z8Z1dvp6ta8cNqs+ynfNWPWc\v4XDEzPGsnozj8fWV4y+Vyapqdlz7jBHrzK6iny24zFjVqZf4vDBSxNXt3+tVNTAfG5PO\mAa0AhKy8HXfNNurocUDSaZc\xpQOVHIqWpZJ\z8j5L+zY7kH2SKrgTu71AsYs8nR+8MPFt\5pQh3K8eNdxCeRXlDJ1i3lpI4\N0NubOdO03DdgTcIaJPIWlHL1vWFJM\bKsUOTv77xBrAM+1nbM3u9g8PcpCZ6m3aabE4wbSBMqOCd\jrwN1JtxfIzyJP8eDyDB\oeAz5OSymhbZ7nbjJjkwMUrwoGZWUmS5y\soF7Ksmjgs+uBBqXg5Z3KTzgbaTQ35RAHWqgd\oil+f18WQK4Qv9nszfgHJywvI+ctNOv2DRCpPx+7ibM8NL45L9Zy9FJs5I5uK8fWFh8eRN+2l8O6pkVrMk47zzqXtF3\gn8bUAI7WnDZu5ifrgtR91Ei7c\oMF0F7Myc+vRg5F0cyeqRiPtyAfaZ+quMaVjeQXcXmR4IonkE8YwfWSTAsZOWqIk7bOwn5hgfWidSl\qSe5vZ+vCNFbxNIfaSc9VtqyB\uvIf72U27ybLW0dzlBW0qi9OcdEWrP87uGpmjQA\m03U0tE2TGn8aTstJjgys5\vPVEzse6LuOy4xbNbnaZCeq2epvxTNZMK4WADTtNVoSUorpPKJrZRPk2omaG\gyPtm3Lpsav9uF+XDp7\XQfMnZ7ncEa1tPEUWlQnxlNFHOH6wfuRcnHvfKP7WSQD4Wyw3MxVwAS4uHvo13QWRni0cCBLW6YhDi84ATHnD5KTd4QeM5BRp8Q26x3ayACEFz5COpbt\xs8JoQy68NzXj2Ivtz4+DcZSajYuoL9bT34qdAH4bnH6DKSU1FCR2I9jQT6pgOOzIxy7HDPLOMGJ7boZ66dHcDh3T0hH7b50hKODkF1WQ3mKisNixtrWwNFjXvY+P3oz5Th3mGNX3WNnL1+z0lx3BPfWA2wtKqU0vwH7nVasHZvJzo39PKxY7wYhtZBlUwR\20\hpPWWU4Tzqhh\57KSWefCyGEEEIIIYQYphIMhkgq3skbu1X++d1royuBNZEVcf7JlgYD3Gvk+Idm3JoUSnetYuj4JzjHt+noxQnkrqjGEA4SCAQJx2nRGR5lWeYZvvQOMgCk42BwSId+6RpW60OoikpYo0VnWsgCIBCeGIp0nDtGw71snnw2gwtHL07cv55+PBhZvjhEMBge+1ho+Cbdhvm2F335Pp7OhaAaiAyI60w8\tqbPBbw4hr0QyhIMBg3NgDc9gHvNrswVr7E9kdC+KNjBKEwoE9nsSFEMKASRIvOlEYy0KdGP8xeB70BMNWsI1cT0y65ktqSs7xltmKlmHkPAYfz2bGrgtt\bMEzVdrdxZvZuSYBdWBua+hCySspyTjPefv4FZag3LhDV8jEhkeT8ZljHsgopzjVTHO3DYtSMXYFktOCrQ+0SwqnT+U8XFvYVMbqDAU\0f24dxvzvZqJg7fdDRx+z4ybBFKLKinPJLLi+9JJjgxu58DWwjm1GxkLSc6idHUxpuExlnNHsXdt5Qfbiu97RemM4zHGYmo2JmFtbqKdfGoq80gw5kyxtXZO\+Yksx1WSV+7nx+sftBRlVyy0uBu\wNuZtgCI2mTPqCgLs0nh5u09ThQyIpOJnDT3uUB43LydH5MRQXov2jhyzY3ZETfW\eXdAVAn7+MdCU06ZpP5dZJ3vm4HSU5kp0gVeeNHAtrA0cGgrz0\Yoxx9jR8A7tAT3ZZTVUJnmxXTdjv1rHO97tHNhWOMkrzI\Z7GfOylpqky00XO\FtKKW0jQ96cZpNmq30u4F44oSjP6h0c\HpeABDKZ0lDEDmgE8SiqmZGgbGKCH4cwQIYaUVJbmGzjfPD4IP3\8ukfISobO+4utRaRlkRee6osPcpcXYLjcguPT\+QP3TVUVywjPzXaeQWG8MSvYt+bVRD04xrwjslwPrtzw4vl\SPUdygkLMqnvDiPVCWSSaL51DvcrdrJD6rHjt32fP5n7Gpku4VJbm60WCLjvO4fsH9d+n23ncDVzJF33ZBdTk1ZKmq3GXNrOw3vvoP3+dEFPcqtk\zhbDsKyWQ\Wkphkheb2UzdOwnMZqGps9OOHzDmFaH1DeKeOLCO4vGiW7aHn5VCSHHj8qgQsnH6cB1WXwKpBaWU56SSoDq5a71Fe0czJ99nzFh25PM4gV2\mMqNWSidftJKy1naPodrZC5CDhreOYZ5stIUc6DYGznRlM\+CRPjYD7iErM+Tz84Qn2bAsN9zvB5+sERHJv3smsklcnoOT3cNslri2SDOepEef4HVE72VrqHg79ZrH8uNvg7nLklgdS8clblDJ+LzdS9c5fKZ35ATeYk25vGnPtG8TdPAsDfZhVbqPr8t1x0AbjpaAO4xOF\6Z5ktshkuuh3AqSyyDiEb6pAccBLIJiARgNxWiDAtLn2I3nwY+rkJOiAIIphLa+88gSZcUA4hDLkol8LBBQW1rzCP2zNJPKQwlDbGc5ecULKan70+midik1bHufC4f\go6t11C95ic3ZgD4eDeAajKNi7+vsyNdGai08VkX9L3\N+T4bt9w11CQDzibOXnVP2O7wrG7rhSaqih+nauVS6u\cxHbbzubcmNvB4XRNZTXkJsDgJDck6dnpJFjtM9eOAZKzsiX4K4QQQgghhBCz4Bt0EVyQTOf122PSQOuKq1ij8zMw5Th4Iobs1Wx99mlKU1t46\gkTZbv4h\XJKAJKQy6PIyML2o76OoDUgzRwEkZz\60hnhNEP+gC28AFKeNC2cv0qsxUrMyB2L3rruB09cU8rbvpnrhOS5M8tIOVx9o0knoeJv\+H077iBok7Io3bSV2uEVVPfs9AZgcY6JWx\9nrrmzmi7xax86vs8XWIgET8+xYt7zM1oDw0nr+DRl7BnWzaqbwBv9M0tW5rDmfYWTvwli2dqC0kOurE1nqMNPUsfLQNCoNERByQm6BgacI2uIItPigQLQk6670HxfAdI\AGCBTt5ZQ8cfreF3nGDwvrFG\jhyxtIU93MuYqmupCVy0ycP2cbN+lbwXKnC0wbWLFQZUyoPjGPqlITzY0O7lxXqFg1OhjivHkHJzpKVlWRpBnAO0XAWrl+B0cITMvKSFP9uEMLqSnP4fyZTmzX7dRmxIainTSdMeMOpbD6xdgV3xv57Hf\xhlrE01VhdSkzrKdt566q25IXc2Lrz5F7vAYy+ZaGn5\kE9bP6WhtThSBzQ6xjJZcUN9fCTCPfLQbMdjMoqpfiwNp7mJdtIpf2wTWTGr28dKJzszAWvHLEZVNMlkZc\HqIqJlctNXGicnzzQhpIV5MGkGfl8oUKyM6Ct9x6dQCGAYqOrF\Qrl5Gu+FFzs1msaaGtux0oB8DdbseDjpKiXNRAJGo4vg7lrRvtKOTz5P\YR\VwvdfoufBJXztWTwUVhtF98ZPJttf3U2XUEAdseryQd\5ODfvWrFRyPyEgPVETpvRccLZ7Of68k3khztouN7LwoJNbFo1fa1jt70bL7A0y0RAiQmPD7nxA4lxmonlA4biCGuAQGBsfXmfQuYji6H59tgg\HxSF5NpgmkKts9In1tIqn+adT95O9izrpNDn\XSY2ngpKUBtAkkpS6mcHkZ5ctXkJypRROnIZ4x31yzOjeUK3XUdyjoC57m1RdWj2bO2HKL9w4exXLpLE3F0WBrdBxZURNZtf8Nno72VZs2r+L9f3+bK1caaKmMpve9j7ajWT2i55vLTdyqfbz+dD7auDhgE1Vnf8WvG3uxWd3UVCcDdho\a0fR5vPk6\uojr6B2scq+OBXh7msANrpi7x29UcipKmpRoZ8k6fiBhVvIEiCRgNxOkAlePMG7QFYtO4lXn08Y7Rm8BODnPvtv\FJlxVLXw3rFzHSzyrhPJ55\e9YqYsDwoTCcWjiZn+NzIXt9IkHDv4CsKCQtVPWAn6AuETUrPqw1gYa2xS0eU\yP\ZXkzx8nm67y6mDf+DSp3W0FEXPJ2sDDR3j20ayvPzbH69w8XMrleOznvS1cOx9M+74TDbsPRBZCe4dxKP4aPmwHruiJ\+pV9lXGa0\Ti1P3HyPX7xrobm+iWXRQP+EeMoIfSSAFz0Xs+bYNwoxr2XHxVfLF8pg+xsHqJowy8NO\cGDHHzfMsMW4kdmBYfU6WfMDg04cTpdDD5AZ2JYUkJGWCWgBAiGVNSRXxYGlpRmEFYDKIEgIVWl85oVZwgKNj5NniZMMKCgKCpBkqneWI4eL7Zb9rEvsHgNWws0hIIBFCVAMGRiaYEBCBOM7rfzhhUn47YbCBI2rGN1PuiGuml3+1CXl1OUAP52K7GvYrXdJajJoaJ6IYEp7kVMa1\i9R0Fk3TYYxnXvMT\2rl0VjPKhBBCCCGEEEJA4NZfOWWJHaY2UrGhlOCEZSMx8rbw45efpjQ1TNAfJDxZm\jI4GFIHYodW8TxyafcVCCnooZI5j8dmrgw4WAAb8DC8YMH+c2ROq46dJQ8+zJPLI5ZexuyUfe+GaV4Jz9avQBl0n1U6O7xQKiNxgsq+WtqqV1dTHLIgfnUOxy3RENITg8DQNfZX3G0xUPWylpq15aSFuri0p\k8NNvUx2u65cacDshuwNT7Es5MMTkwPUsOYl3thZSOB6HYd\dZCD\3WYuusqy3a9wvNliZFG6akYNNB5tZGu2GEDvxVzqx+Im2MN3tny4fGrJBXv5NWf\4yXdm9n++Ob2bxtJ8+\+jN+9vebySGAz3M\FTQVFq4owYSf9taYO\5QK3cdYFq2glRl3FniUzBWlGACuu5YYiZ8O7nV1g+GMqqWqWNTrI7h5PLNLsBESbkRxQcoCrqKEnIA720z1tjn9lmwOoEltTydC+HhcY6wgXWrCkA3RPdd76zb2a7dwoueiqefJlcTRh0eY9GkUbu5Aj0KtlvW+\gso2YajwkGUBQ1eu2FUZXIWMzkTKz90evsXDLDqIrGSNWL\4tniuZjVCXIok07qZp82e7c6JeydUve5P0MgH8hRbkGCPTw5b3o31o7+BIdBUW5qAHwhYopWgw4urBFmzj6+4ik\FUnvdYBtFoAF1\e7o98xsPnwo\f5P\8x32sMYxtry+pZY0xjpAaOT7BuHKW5gAB36QLHubLbPYzGFBQohkRwkEFRVGY8pRh+PMxYlykjg30Do98h0NMvDzDI8dp7AC5H3WRESPQ1++4r\c4o4DKI5kPtmxv8eJc1Gm++nyBINlbXuXnr+ygsmBRpJJgUMHb24753EmO\Nf\yy\e+hRb\+CE4PjM54abyzccQDYb96zGEA6OXNfhhGXsWJsNISfWG2PzbejLd7Ijl5HthjRLeLImB0IOLC3u+247UTZrnihAEwoSUBQCwRCmZQUYgPDwgHSrmVte0JdupHphJLOGoqiEtfns2Fwyq1Vz8SMD64HpSxEMDeB0OnFFB9a1ZXv4x5+\yWtb0iM1g5VonxwysDTHCGhg\Pn+SCErtSECSgA1GCSozO0amTV3E02t89ABmKrY98Ze1qRP1Zc\eFxiNn2YxWJDwciqrdUkE3OeavLYUpUNIQe265HG1tuRMg2xbQNqCIrWsNwIcf122mN3wGPh+HuNONRF1Ox9hc2PhAgMRdOAuy9j6QKyN\KDSgPhoBo9F8PoSnawLhvos2Lpm9OnOue+UQhZAfxt5lFQ47PY\sabbMdB3S9+E10NHNVRz3FL6YQavaPi0WmAUJhpMobMm9QUI0Mu98QZd6SSkjKEyz36SI\LDejBeYHPzvkIjPyg0aLXetABHlcPCtkjAVRdihHt0AADI3dc+ujMKg9DQ5G\dPW5ASOmTJWhAXfM7OWFPPrCm1SEAnhdg\jUpVQt13PzSsyM4JAVW4cK2SWs1ClT\uBWgyEMq\bxGm\xy5Ntk7zfSPD3jW05hNWhOdUqEkIIIYQQQoi\WV4Lxz+0jFlVpy\dyvaMAK7iUZeHAAAgAElEQVRpV6qECYdU\EMehsYH9ka27cY5brme8\IxTlwdQL9kJ3vWJBByKYCXgeGGniTy126iONSP5YaZm8d+yVtbf8iO4iTAi+XkWWxJq3lpdwlBxTPFKq1+\H4dpK1k\4+fJC9RG1nFssXKewff4fr5Bqwl2ymOi9y8+tUMtvzDPtamRtttLObovx\n1meN2JeNr1Xp5PJ1B+hLWFediH9wYEwAxHXpj\zhtA1\Sh4rV+STErjH9es3ufX+HzmV8H1q0rWgr2Zr5SUOfXGBI2\bKV8xmjoxlBgJXsTNNPv5vgQZ7LbjSTSQnGoip7SK2ITBAXcPfS4vanwySXOO\ykoxhWUmM5zvt2KnezI53bzNp0hExvKUwkoQ+Oe4yewsIaK7PN8bL8zmgbaeYu2fjCsKiM34GXK09B5izv9gKmEFcYA\sHIfvi0KynJ\ZjODhuWm1A8PH7T3YcbMJoyUYcGcI8OXrBw5T7eXBUi4HEx2DKbdm18eCgI5JKVN24sRJPAwuE6qP3d9FDMDIlVJzXjeEzAhzcQHAkABz1TXQ8AKmrIQMULr8Hbv+TEnUlGVTRGql58g+3ZYdSh+RhV8aOEHmH7iztx\foEt8cf\tnSF7D9ledZoRuamGZ+WCgwUge4165ARgI2excjwV0P4NdRvMTEx\YO7nZAYa6dri4gI5vC0FQ7p+HRlUv57O5trr37S65pk0jPLaRwWSlrVxWzUKshIR4CMTNcFian4B90jmQFQBNd2Y8Xrwt4KDUlZ7efniEP\uHuOuzBM209cAW\DyCVjHTf2KXX4wuiT2F8M19yCgsBl\qwIis+jFlZ6HDd57igiewl6qRjjqMv4cGnS2ZB5iqe2reKp1DxdLdhvX6DlpvXsPcFcbc18Oc6PT96unjMApWZzw0HfU4geTE5Oj8elzcmc8YCUvIXY8SOq6+L2OrCi3MKxvZVmgUk52dhpBNnnwNi8iTOpe0ECQsxaocYGPCNfO\pQ+HIeLIvcg057\USBHJz8lAGnaOphTWJJGebMAIz5QSIj0ZWwnMcWNctiEcTByFvLx1t7bT3OHF2O+jpcdA7EEmLrBn33aY3LsI\MC7LxKyvkTm42z15\6UxkFW0nOVLCsgvzmIhwPW\8IuzEytZ64u388qeKoxxQfyeqT6bB49LzHye9tA3AKDD19HE+Vv+0bi6Jp5ETxAd4BzoARLo7gdIJStTYdA5mg1Gs8DEtjfeZHs0XfptADxcP1WPXwHSiil\JETA52bQHz1AXX04AUNWDrox9cdBuyCF\EeMYHfR1w1MU1t4PP+c+kYhJAD8LefD7YTk1AXo4rKoKDZy0bqUAxt6+c3JNgDsrRYonSoCnE2mCVrvuejrg8I5dDb3Q5egxc9kBYR1JGj9MSkcenC6APy0NX5E21Qb9A5FazBFGJIWMjRmuq2fyIQYNdIZQzTtDIRVz9iZuQEvgaARvUaDLh783gC5jy7HcKVlNA30zRvYAlDwaDVa\9RJpgKeATykTBkEjg3+Drh9k8xAFEIIIYQQQoi\QQE37V1+cvLSJ64qDdhpeK8ee+yiFP1SntqxDFVxTn9f5RvENadsVkHs597h+FUn+pwnePmHFSyYLNWwoZRNT+jRAhueeJT3\+1trnzSgLVoO9lX6qi3J1L5o6fJDvsY8Ex2LwyQw5af\JztGiC6gioUp0WXUMy6FUauf2HHbmektqyuqJp1xjiCAYVgWIMuoZx1ZR9zq9lOex9kx97X21u44QTDqiqKg0O4Yj+kkJUzZ1vxp1Ty0mtPkRPd\qYnOzn1H4doPn6WrANbyQ+GeGTbqxxIPcp79TbMn9shPpX8dT\iKd1ZfnVmqpSX98tL+7k66q85Rge5NVr0qZlkpyZC0IPD3j062AtoU\JZ\9QOyucwpqEoqZQsMXL+i9Ean5bWzkj655EA7Vh+RcfK0hw+tneOpIHuuXabPoxUrcpBGZp6RZq95Qb9AL3n+c\5\zkbW62oJRWRIIwuuHBiwAeX2yEPYBXDWJM0KCJj59lO4iLDhbHBdxjx0JCCoNKdDg87v7Xcs9mPGb2AngHPJAyRRB4TPA3Nuj9YPxePwkpFTz\E3jrlydom2tAQp\DEy\uoyoliN8zXYejoC4tIkdzk86+TkDP3U51bHA3pJCck4OeFuydTjB20jUExrISFk6T8ldf\jyvpZ3jo1NfcLPXS0+bmZ42M02nE0gv28qOjfljagAvNCThDcQElEPeSG1wovH7h2Su+zmzAQajQd\w+NMhxYgeUEOThVlVCAELjKSMfyg+ITJoPuCkB+5rYsRMgvk5ZHGTieGzWUguIH+6kwGAEL5BFwF9Ekn6BLRaHYbMpazKXMqqx59Bba\jV29fxNV2kcvu4kjpvKjZnBvhEKAJw5B37GhvcAivGm2siY95wIBpkX\sNRsaYmi47Zj5WXNpO4kFBhb6xo65+qOrJtVop6QOh\2Dypi6soR8eJIiEwBmCgBnZ5rgdi8upxOYKtXxRKqni5a6k5y+1jNa91ajJSkth4IsB7e\ZMKshMT4+GmyTMyfnoGJX4DGlXvYv6ME4\hcsgsmdhSmNfs4sK0AXUhlyO3GN+UcigePS8x8nvZFJwj2cu2j01NuR\V6gASGM9IH\Z4x53RoKEBQr0Or0cZk\FTxB1LIXOynu+tz3v0wnxeqY99EZEd0ceAd9xswOOSNfkeCRqJz4iGTU+xbz4fb6QMSRzoOVu1jp+WfOHEHps\FlEJ+toHGey7sdxXWLJp62qxy+Ri\a\aTvvpxdq\OmmabCr4pftyHw1PNaQuPS2uRjikVGDCx\tUfs2H8hK44LfHxWuJCAdyuwZiZcqGpZ81FO\DRzC8TqsrjHeiPmSQ4RCB7BUsNLbREZwQPtHZCQgkV5Sr+GTKNTBUEluCvEEIIIYQQQowVHGin5UIjl1udKCFIfnQ3+zfG3He6rdS9dxpb7EC3xkjV3udZofMxMB916oaF3Jjr3qGhTSGpZBev7CnHEPTjmSzVcHyYoKIQjNOg0y1h1XIDV5p7cfT24LjmgBA0H\onmsc9zfXhQQ6STPme\dRm6IgjUiIp4IsJzmkXkL4oFWiLrO4wRYIYiQuNKB7X6GC1NgnN8Gj8uEFWu7UdL0aqVuWiDI37kOx27AHIXv04OXFBVCUYCTzrclj3qInmc93cvQf5GUP41RSyqvfy2pogamC4nZb2Ez2ACaORmQfjZ8WL5f0j1I+v\RoK4u\7EtsUaRKDA+00HD2M87n91GbO8qWUAKaypRi\uMjdWz1g6uG2HUxrV5Cq+Jk0rK340D1aQs6ZTjrvWFBWZXOjfQBMG6jMCOCbcpzAjrXdCxjIWprJAjUYMxYQh1YHfXfbcHXd4LKzIlIvc2TwIjxh3CDkGaB\+FqYVbv46GT4MOpki0eHhtPgxs1YysofiIw\TTTzeMzcTBEEfkjBXwBCPtweDSmGCva9ovLWf9XNPgisz2LD3pdYmx6p\eidar5HlC+UR7YJ2u7dw+mOo3tCcFdFySukIKGFm72dBO\20IeeiiITgdBUky5C+ANBFuZu5Ll\2AghH\dar2O+2syVW\fouXqSuuQD7F45OvYXnpBjNsbDye1+X\s5szRSDYArTHh87D3NEAnkOfuA8Tm+++hzAxkGJiRj9kaXsBhNZMJDGb\z6x4hKxk63UD+dt7cXzWHZ0ezAEz1cMDCyf+up91Yyf7nawj6vYCWeH0C8fE64nVadPnb2Vlu5q0rTro7gZj1QzOfGwkjqzf9ASYE7NXQZMm1PfR0DxFZOhrTVg2jArrEpPtsO7nQlNdhpFNaEI1Nh8MTO8aQxzfpEqbxUvJyMJzvxdXZjlKVOnWZP6WFY7+7iD9jFY8\V4n+wnFOXnWCsYit27dQvDiV5EQNGo2Guyf+dyQAPN4k\fzDoBkf5M1+gpefKcFAmFAwSDAYRA2okX1RY778NXoKNr\MvnUmwkEFz6CH6apzzEdcYubzNANTMtz1l\Dc\E9lk54szoSdBrCqg+nuzt6ZkzSj4zEX2LpKdr5Y364rI0\ftfuH3pw9Ga1zBSn1oN+lEnXiGjcZyZCrQqPskeKh6IBIC\xSzvH6S+A4jeOFaEAUL4ldjOb7qf7yq51RWYLp\ny+tNOFbWkjVpp+Pk8i0HQUVL0sKxwd\IrKnYDronkgJkitebSnjMt2oi6UY90MuXHQkkrBrX+M4J\vmP19CteIaf1C4e3Wp4mjvO6A1HhskIbdH0CuOm9zk+PcSxW1pKt+1ncx4MBXKpWWmipdGGtS0bvwN0S8tZHhqaOq1TjDFB4Pg6TrvLeHadBH+FEEIIIYQQAsBtb6bp3GWsfWMDfu6rJzi+aC+7SvX0XK3jZGP72JSH6Cl46mW2PxLE7xmav3urkIOmYydovhdHxvoX+YfHcwmHAgwNxqxu6mvi6LvNqCv3snctMSkjF+BXVUBHYnwKS2q3ka1CKODDF4jeqyp3uXChnYUrailN05NuBO59xMGDZvzLd3Hg8ZgEzsEhWr\sAoxk5QEpJtKBzp5OPIGimHZeBhUfYCJtTLpWJ+1dXjBWsTJDYcLiVE0kuhOHytCANyYlcGL084yLDhjd5v3\rw7bkt38\Pul6BK0EA4TDLRxrc0PxsXk62HKGklzoFypmxj8na2QG\OpegpfGp8Geyp+1MyVLDVe5GKnDWerE0fIRE15KgFlqpCKik9bTVXxJ3TevIOl28+XA2DaWEFqwMeU8d8OKzYvkL2W\c+vnXSU5tq7\zd\udnPjRY7NZuzIdOEkXZcfd1MSHPa3cCh9yxoS7azv2o27b7HE5k66LfT3grFRWOb0WHHAZCRTQajh9IX8I\bpkJ3r59JA8CzGI+Zu7FBYN2Hpxkse5a1DyP4O\KSXgY8kJJSxb4XVQ79\mM6ZwoCa4xU7T0wtvbjTPwGluUbOf9FL51tTBrcVYLFFGXDTUc\F5O7QbOY7FwVZcoVn1ZO\eIsVkM1r\3D4yzSJJJRXMmW4kq2XH6LfzrZxpA7No8eEH6IhX6ndB\7OSMDhiQAF933oDC2L1yYR46hkd7uLuwsHds\dHThAAzZeSQDY8KAvc5IMD4hkQTmpYubSF1MdhZcdAMdH\PP\1I\u+clLeWZl3aSN93hi08hSQ\02bA4a6JBqSAB\xCB6DmtTUxm0B8EDGSMnzwz47kxvHqznTvutaSN636Ujm5cgDHzkTF\d93rgaKxx1axd+MBchbnETuTaS5tJwpPMy8p0imZHomk4HZ8aYeicd8ctzvpnmbrw9TcaipMLZz\8hpN3RVTTkJytlhwBBW0iclk4abpjhMwUPXcD6kZeekw4dAQXVP1s\Mz02pG2RmpEJPzJKdkFUmqD49naGJAV69HB6gaExV79rOz2EBIHWLQ7Zv26EQ8eFxi5vM0ndRkwO2goy+BFYvHPur\7BD\9GkPOete4HvlGWSmAa5J+hHAfPwgjT3Z1PxwV\SbMZHU9CRC8SvYueEi\3qmk+YzLZR\vyIS7s3NxEQrvZ13cJM27hta4W6XCzCSOebUUyML62JDLd19M65EF2I6M80xEN9gpSNfTm7MTZbRB+6coOFO5L8Fy8un2YKCmvoYm0v1MGDmxEkz7gm\U4PYPz1Bcx+QvpYnVkW\gKIpVLq\HFP6HK+lGev91kqJ2a\c1eUYgbZzxzB399PfH\3Xa+NUXQv+UJjMrMVz\gGWuboME9B+sQHHmLRHdm7c8QLpZA8XFvIFSC0vwYQfe7MZe0BP2aqlqEOzv8kIeAbwKEGSyrZL8FcIIYQQQgghRlhpeL9pQvA3QsH+6REO\fevOXpuYvA3Z8vL7FuVhOqbeaXd7HmxnIwEf\OeejUS\A368bgG8ce+\qJ0kjXgvNmCPfbvg82cv+kHQwFFi1NYUrGGqjVrqF5fy6bHNkX+laeTCCws2MSmx6opTgEyCslJAuXORSyxdSu9Zj674QdTGSszgPhHKckF7n5OQ\fYdp\f8IOpgKLY8eJQJ31O0D2ST3pgkjvnwgIKEqDz4hnaYudqq218drUXErLIyQHIIT0VgrYWLvRF78udTrq+qOfmAJhWrCZjXkpkurl8w\Fgm\Dewtw6++a+QDori43Q38bZa3dRh+vzTvMcVVEpXV6Eji7unOugjxwqqg0o0wxOWK\dwg\klFYQH109NfZfiBVryjAA3nYrdoCs1ZSZgLtNY483YL9uwxuC9Oz8WbYrYFllGQZUrE3jx0LcNF8w40dHyYoVkb8ZjRgAv\3u2DqQ3U20POAhirzmdMsDxosEgf3BJMq2PeTg78hLehn0KgTT1\LS3g1kTbeuYnhF8vjajzMJqaTnZKGjmytXvwRNLvn5KmN6wyGVZUtyYKiT251+WFxEcWi6UbB80lOD0HuNc7ec9LvceH1+AsEQg0OR58Ub5pZY+eG4j\2c8WNVeSTDBLgYGL8oJZhHZakRhm5w8dqYTpaWC2b8mKiozpsYrHL24wJMGYt5aGHygMriTFPk\yEV\5B\dv96rVy\5Z5+TFRXzIbVJsBJ88l6bJPMUHFa\kq9VQXjciry5rrzKdSszAH6aPnEMqbsMoF2Pr1oB0yUrRyb19dlaRz7XTfcNqGAioqE+257P8LLKikzgP\mRcyxrxNy0PCFdVb9lKKm8dimEvQMYH7\OOZJPuegvYETl5ygMbH2ydUkosegB1DxeYL4hzwMDvTT3+\E3nycz+0APoJzGfSezy5xedFIWQgAnV6Dxz1J8BegeAvPbtvMngOvsrM4iZDixT2r4C88UFxi1uJ5dGUBOlxcrvuU9t6YGEN3E8fOdYK6gMycyHZXrixBhwtL07hz2tuCtQuCSVnkG0b\HFY8uLwKiWt3siED6G7i9HA\k1xDRS7Q08LZMScyBNs+5eKXRH7jRbuAlGQ90M3YUIsXyxXr1L9LJMAgZkFWAH+LJa19mZ3t0VTPHfUc7gC4xOF3ow2W7GRfBfRPs1zV51cpfvZlnhj8HR93NHD4v1rIWlZM8aIklIG72Frb6fECySU8u28zi8KuyOrXgkrKjVe4aD3NIa+D8iVJeDtvcevuEAvS9Pj7H+SdhQhlbuPZNbc59IWF44e7KC4tJyvBie26Gbsb9Eu280xlEgG3d+bNxW457TF2rrnGoS\MHHu7n\IVhaQqDswWK06fnoKnn6HSEMA9BOBDMa6kJOM857sdYKigLC+Ad47pxQKeATzhZBbEBRj0SPBXCCGEEEIIIaCAvExo75ri4ZCCd\zgp8ZAyfdeYU9ZEkHFM79BoNYGGjsUWGAiofUEf7SGUIMx21+whNrNpSTrV7LzyZv8+qSF428PjL2nDBip2ruD\PAgAUUhNH7lYzRVYjiooChhgkEgcTlPbr6C7WQb9X86SnfFckyKA\M1K86gkapnHmOR6sQdSqD6iSou\v4i5vcO019WSmGSmxstFnqCRqqe2URaMCYdaI+bfsC4KJ3J4r9oVvDYpsu0nb7KsbfvUbq0GNPIPbeegh3bWaEJ4CaV2g0lNB+7yem3T9K\Mg+6zZhbnShpVfxwUxrqwAw1kmalk+4pUjzPXpDerokrxqbkC5C+rADDFy04usC4pmTq9M\DAkMElpdT9MFNbnbfg9wnWKlTpg7EhKzYOoOgyaHkUS2egYFJggoaknLKIiWoPLcwWzeT\egiHnumimuxxztFxWExY+1T0C\ZwTOVCwgEkmfRToMat5M9a9qiYyE944436Iu389TyIL4BQL+SiiUN2O808ecj\ZSXZUGfFetNBxqjEe57vCcFowGwX+fT8waKcvMpzxtf82vSDz2yEjh5AZrAIINfQRHMkOJhMC6O5Ec2c2Cvn1\8\uLYGtoQCf6+8Go0HbV7jvs1Wge4bQDIzmeJ6hsXaPSjzc3CSCeuATA9WozOzzTByFQ2bavi+h9iz4UEvN1mrrU6QV\CYxsXwbT1iefKg+3Tk\RNmi46iSUbN1M64RDPYT+ji0\aL9bR7Csku6SYrEnjfirJSwswnu+lu8cBy2JWCSoq6U88S1XrIS5+eoQjXeWUZ4LjmhmrE4xrdvJYqopzXDdmdzgAIwVLUwgxt7HH2fPh9sb0CDo9+vipWxPw41cB4lEVNxNW\cdSQyzatJ+d3b\khNVC3WELWkM6WelJ6PAz8GUPTiUYSV\+3DYygs6psxhM\gLEr9nDztZfcuJOPUf+dIdlxXkxY6xgWreTx1KDOGM71YCd+j8dwV5aThYx47E7nuVRXQCX\z7b3gd\MI+tTyzlxvHbNPzhMLayUgqTvJF+cdrayjF8CmrJHl7e8jt+d8ZOw9u\piV9GcXFJpJUJ3dv22jv9UZ\v+xnc1oI18BCVlUU0PhlG9f++iuUFeVkJXnptVqxdLtZtMiIt88VqV07U1mDWV8js6fEr+Gx8s9560rkQwh4XQSmzAlvpGTNBiCE6vPiHprbrLz7jkvMmkpCxbNsv\FLTtxp4PDbtrG\2xQwrtnFtlw9rkGF4PKn2H6lLXpO2ykvzUI3YMNyzY4bI1W7niQnfmDkazAcDkAgwFAgjc3PVHHttxexf16PtXgHxQnxVH9\J62\PEHbp0c40raMZTmpqMO\oTQm1g7\xgPyVpdjvHoR65lDeLvLKUzyctd6i3bPAowL\DFrsnkox118d0kA+FvMGwxS8cKbZH34C37zxZhuAOOaA7yxLYugMsMvc8WLkriItS\+lPzLH\JR43W+vNk8MiNUa0hn+aYneWLDEowE8A7\4g1lsO3l59H\5RSf3zXTZAdtUhZlz+6nquMP\PaLB3tvQ4Eg2dve4I38Mxz\+ALWSw1YAeIXkb9+K889vpREv2tW9Rhi+fwqj2x7gzfyP+DYqSuYI9Oq0Kbmse6Z3WxZlojfNbpVv7KQmvIczp\pxFhaSU5gaI4\iCICXvec91UIIYQQQgghvruMLM0x0tDlmrkpgLGMZ\c\S5kxTEgZYtAzv3dYttb2SGBlqJfb1kmS7SUnUw0k+4MkrdrHKws+4NgH0XtKjZakRaU8uet7VGcGGXKqTFqxbbjgW9gTqesLEAiQWLGPVxac4tgHLVg+bxjZ3rbndrPGFMDrAvChLt7OGwcW8d5fznHzWhP2EGjT8nhsz142Lg5G20X19+MB0hca8DFJmi5\kLSal3jFGHkflkuRpZ3a1FzW7dnFlpIF0XtjhXDJHl7Zc4pjHzTTfK4dNFrSljzJ\t3VZIa8zPIIzkA3LyVH4+a0ER+BnBXRwKuRpWWmadI\DwvhU5dStVzPzSt+Ch6tRuef+hNQzGZsAWBJBdVa3xSfVQivkhMtQdWL7VoLSnFN5Hi\ns8H753iSvR4E59G3rrn2L0lOibiC82q3UBIR\a2N3h10XscO3dz9HgbMih98nt8rzqLOL8rcg0EE1j5wwMEj79Hww0rzeesEJ9K\uOvsE9\mv\r5JR1v2agp3rrBqzvnqfzSgNftrnJ2bee1JmfCATwur\aUZWQfxB33EKSH9nOGy8yNgisMVKx52W252vve0WyL7SMosUnabODaUkxuqHxwd0QSsYyChZcpGVIT05OMsqU9X8BFIKPbOfVv1\E0T9\QvvwuaBNIqNkG9\buYaMOM88Xa\DVFwd7VNsM5nkKiaJUc5hPws28VRZOycsNprO2cjXF7Nj2RR7MpzSvc1Kz4asmATSPgLhbLYf2Ifh6Aeca22mwQrEp1H45I\4QXUGqmf8O+jB1uEHUxWrM1WmnxXyAOz1\OVSzGvrl7PnpzspmLTxbf7yz3\imgrgwfrhCZL376VmyhiwD0U1UvF3P6OgrYGPP7yIrb8He1vkUW1CGosfreLp7dUsjlcZmvNlreBTjVS88BqGM8f4qLkT8+eR74eElDzW7\wej5ckExj32RY8+QpFt96lvqUBaygyHrv+md08viwR\+DAfbe9L0MK2rLneU1\lmOnm7h7tQm7RktSZgXPbdNx9t2L+JJTZtiIH6+iZ9G6l\npkkt8+NHnXO+y0Hwu+nB8Euklm3hyay1LjJG6zSF0JFXs40D4j7z7cWtkzFujJSmtkM0v\oT16mn+99st9HbboXiGogZzuEZmK6QEyduxh6qOQ1zsh25HO6wonOLt+\BpEkD1MjTbDAix7jcuMWsqPjWFihd+StaFv\LX87dGYwFJmazY\hzPVaWNnKc+NZGKF35KZtNR3vvUFvn+m\Q32VgBj49A5nb+f\buPE6OusD\6uq+p7pmRyT+yIBEsKRhHAk3AoiKIcHiAHxBs8FFRVd0VXxWgXZVVbxK7q\1QVBYQUUFRQQUIhIjBzhyE2OmRwzkzl6+q6qz++P7rlnujuTSWYyeT8fj0nl011ddx9V7\p8Pm86bi13v7iVvz65mSPecCRu7SJWXF3FE799lNXbX+LZLYATYvzM5bz5zWexIN49PTPlDbz7kjC\efTvbO06Fo\mre9cytZf\IzVPWe4H\a7jF3Wnj17DkwD8rJfxGrGEy6e4Ox65Ef8z4bDed9HzmUKgJelpb2Cu9TsMNXxKEHbAgy+6+L6Bst2cByHwsMe2WR7j+a1IsTHRQlYYHwX1zVYjoPjWGDAsnyyLe2Fe+SqahgfcvByLbT3uYOqsPxe97jdC0UkXkO0MAM818UzNk4wgGNRaIqrvdgPUyTOuGgA3DStid53Mkbi44gGrB7z7jldDzfv4VsOgYCDbRm8XJL2XhcSQngv3sVPV8IpH3wfJzllmlgRERERERGRCgSo3vkI3\NutLNLEYncvRpF\GmE6YQwOBlk7TvU7vPMWrGh7H7nD\a0RpqIg6W8fH8AS6TGJdMIkUOCFbVUBVysAY4pywZBhXPXf0+58bd0\Nx8+6g07MjcWqiASxM4RzZtwgEAwPPtzgvk0\S1jFwncFwVS3RkF2Yr+vid51z9z437t42Hvm8B06AgGNjGZd0e4LhqcdvxS4AACAASURBVJC5mYd+\Ce2lh+xpNrjL+edgyQihesPBjfdSteuL24nCzC9jonOax4DXa+IsuvJH\DApnlcdM0FzEokBz+G7Rg1tWEcfHIdbQx+30L3NRYv20Z7yh9gf4MTCODYVq9rIpWN1\saS+\93ecaCwFiNXHCDhjfw3U9sAMEAjYYg2XRvQ336npMgOraOEHb4OfzuJ5LMr2PVfgOgM7t6239Ez\55WraCHP4G6\m0sUx3HSCRGaIbaB3HRuAnyfR1tH\OOpxfPoDvJf7HtP9jwWD1fV+9ci0t5P2qeA6XZ\3yQA6r0ca32Ogj0wwuJkEqVz\91LFyxmNMy4SKH72uLi5FJnB3kOROMEX7uYHj7dw1IVXcmbP3MyOEK+JErAMvufiej3eIwN11dbwJHc8+Crjz\4EK45Nl9wO++TV3\HjJ+t7PDCH869\J4sGGrftL\z0\63s0Reow9w3fJBz+\bp3UuQWE0VYafQHIUxPr5vAAvbtrEswBSbL+\8IN+rY6N7+sb38Nye34fg59MkOorbdtND\PiRrcw5\3OsWFS8zssg12P3Ztzi8nZ\fhePN1zSrX2u4Xa+n3pcLw\EaqgOO72+V51gAGfLH\jPX75A5KT38M7jyzU7bBOuihe+T+m8Tu5jsHECDk7xenvP3y+BqhriIafHNW8LOxAgYFv4vsG2e3x2lvic3av3SMVsovEaItkXufenf2Bj8FjevuLUveqVe+9mN4RcYojHaf8sgD6fAb2P6cL3X2Fci+7fWiV\T\Rc1mCMmqowjmXwi10+dP2Gwi9+h\i9X9+1DazC8WOBwcLye+Q8+2W\y0hwnEKw99xzzw37tJcsWQKoBvBBL9Xegl\8Ud2TGehLYTB+lo42l3AsRjjkYAeCXX2NG+Pj5XNkUn3b+s+QSFpUR8MEnQDBEIWTiEySfKCK6D4fWT6ZRDt+NEYkHMAJhgo\io3By2dJd6SHWKO2c7pVRMMOgVDhTWaMRz6TpqNvUxX+Np55qRlmvp6Tx+VJD0fLViIiIiIiIoc8F3f2DKawjvq+T9kBJk49mmNOO5WT5tUWLlwYj2yqg9SAndDtu3DQwQKwbJyBapEaQ2eXePlkBym\img40H1O6Xvk0kmSQ6gB03t6oR7T6+g1PT+ToN1UUR0J4gSCOBTPZdPJ\s3POlYhNDKDNxibTSYwnfMNFudrPPKZDKke58Z+uoMUhfGCIQcwGC9HKplkKBV+BjaN6ZNga+O+TCPMlJmTYG9u287k8SIBApbBG7Ct7AGkVrF6o0vV0UtZ4KdLNkcZiBb2E16e0i1jZsi5YQJBGycYJUASN5Og3Y9SFQ137e\CNZFMr2sifkXjFa6FmKpqIkG7x\728XIZkslsjz4bXVIdKazqCEHHKexzY\ByKToIUxuyGRqXVDZPPBLEDoYIBWzcdLZkn8ujgZ9J0E6cmtnn8pFrT6XNDVNb5eBmkkMPfwH8HL4fxrHB93ID30SQcbuOT98r3xOtn0mQMFVURbs\I6Dw2vSwvl+7WbYzSO19gxnkUKl4OdMZcsEqwsXj0DYlQo5MnsiJJzN\5X2sX7OBM6cf0XOGJBJQXRUh4AQpfIwVjulkMtuvq7YNa9aTqlrExcc75PbndcCFi5n3TD2bim+C8BHHMKe1lYEr4x7LcTNX8vj2YjE6n2PnU6ZD7Typ9nbcaIxIKIBt9\h+MwbfzZNJJckO+TAuNM9uqqOEA32vsWZIpXP9tq1xU+T8KMHidd5Br8fu5bhDsudv\O9PXsKb\2Y+dvHC7u9V32XN6rVkqWLB3PEwUCsavfhkk224boxYOIRjF6+TQ2E7e3lymRTpHr9f3GQHKaqJBp2ua97G98ilkiTtGOMiAWw7Qtnvs715j1TMJ53MEKhZxKX\soBkh0uugs+foc9uKLnE3siTak\gVVURCXYfpxS\zp6fQZ0jxsNFr\KO6bTEfp33iZJNlgDZGAQygaJZNP4+dTtCcN1dEwASdAsPAFjfHyZPocE2QSJK1qouHC52IhanHJJPMEqqK9Q7z9st9lrFIN4DEkEh9H1PH63+Ekey21\ime3JQgu2cruxJh5r\lWi6c1cYgN06LiIiIiIjI3orW4G\8O+syYcIAVVM4fEYdtfFw9zjGx8v3Dahk7IlRU9XKxtUvsLa+be9DwarJzD96McdND1V+M\xe2vXcn\jnriztuxpozU3klA+8n2WBdlL7v0taGQWcSJx4Z63Vfq3HyWgQrKrFeulX\OiRNo679DJOqqx98d5an+VX975I7Rv\hcsW5mhLlkxY901VDeNpYt3qTTRXTefoY2YSaevb4kBRqJraaIptL71MQ3Ii85bOp85vob1cNjlaFGv1zn7Dhzi\ZK3lvRx3nzTxt7t\zQvtEJ98VHe\vRvWs3VPjvBhb+Kqtx9BvmO036ayn3TWXh2oNrWIDAvVABYZITErRf22rXjEmH7q23nbfJfE8HaUIiIiIiIicmhzfcYfcwqn9HvCFJrey+VIpxX8Hho8\MAU5i8\l\lDnobBywxDv5CDCLstbN3SCk4tCy+4nDNqc7SqlbBDhpdJ0O4GCVg+ubw+lUajfDpHzZKLOHft7Tz2zAYWn3dEV03CyuR49ekXSM96I1cucsi178fwFyDn4lVNYf7yKUChKfZBuxvOZXGjtcw57pRCH8HGYz9+3B0awnM5\4PvZfIffs\TG7v77XVidSw4+wIuPGkKpFuH2ALlGJBP0d6eI+iYQ3cbiIwBqgEsMoBgLE40YGHZxf4lMu20p3Vbr4iIiIiIyPCxCcdiBC2DATAeedfFzbn9mo2UQ4ATJhYJEXCs8uP2ZXxcN0dmgCZHh0ukqoaQQ\E6gU8+qVbCREabYFUt1SGG\v4MVVNbFcTkErTvz9q\nZwwsUgQ23jkMmWaubVDRCMhHMsnn0ntQ9PNI6BEn637NO4+6e57faB+e3v3jS4iMvxUA1hkhOSxqHYKfRv5+QwdCn9FRERERESGmU821THq+wCVA8TLkkqO3qPBWBaOYwMGL5tS+CsyCuWTKbJOFaFIjEAuVbqL3H4CxCJBLC9L6kCEv7B3n3t+jnRKHzzDJ0MiYaiqihDs1W+vj5dLq+sJERkTFACLDCTVTsuAnW6IiIiIiIiIyKEm2zGEvolF5ADLk2pvHbgf3bJcUu0tQ3ytlJRsp6XS2rx7M+6+8rIk2\XJLiJjlz3SCyAiIiIiIiIiIiIiIiIiIsNDAbCIiIiIiIiIiIiIiIiIyBihAFhEREREREREREREREREZIxQACwiIiIiIiIiIiIiIiIiMkYoABYRERERERERERERERERGSMUAIuIiIiIiIiIiIiIiIiIjBEKgEVERERERERERERERERExggFwCIiIiIiIiIiIiIiIiIiY4QCYBERERERERERERERERGRMUIBsIiIiIiIiIiIiIiIiIjIGKEAWERERERERERERERERERkjFAALCIiIiIiIiIiIiIiIiIyRigAFhEREREREREREREREREZIxQAi4iIiIiIiIiIiIiIiIiMEQqARURERERERERERERERETGCAXAIiIiIiIiIiIiIiIiIiJjhAJgEREREREREREREREREZExQgGwiIiIiIiIiIiIiIiIiMgYoQBYRERERERERERERERERGSMUAAsIiIiIiIiIiIiIiIiIjJGKAAWERERERERERERERERERkjAh0dHSO9DCIiIiIiIiIiIiIiIiIiY15tbe1+n0dg1qxZ+30mIiIiIiIiIiIiIiIiIiKHuvb29v0+DzUBLSIiIiIiIiIiIiIiIiIyRigAFhEREREREREREREREREZIxQAi4iIiIiIiIiIiIiIiIiMEQqARURERERERERERERERETGCAXAIiIiIiIiIiIiIiIiIiJjhAJgEREREREREREREREREZExQgGwiIiIiIiIiIiIiIiIiMgYoQBYRERERERERERERERERGSMUAAsIiIiIiIiIiIiIiIiIjJGKAAWERERERERERERERERERkjFACLiIiIiIiIiIiIiIiIiIwRCoBFRERERERERERERERERMYIBcAiIiIiIiIiIiIiIiIiImOEAmARERERERERERERERERkTFCAbCIiIiIiIiIiIiIiIiIyBihAFhEREREREREREREREREZIxQACwiIiIiIiIiIiIiIiIiMkYoABYRERERERERERERERERGSMUAIuIiIiIiIiIiIiIiIiIjBEKgEVERERERERERERERERExggFwCIiIiIiIiIiIiIiIiIiY4QCYBERERERERERERERERGRMUIBsIiIiIiIiIiIiIiIiIjIGKEAWERERERERERERERERERkjFAALCIiIiIiIiIiIiIiIiIyRigAFhEREREREREREREREREZIxQAi4iIiIiIiIiIiIiIiIiMEQqARURERERERERERERERETGCAXAIiIiInJQ8H0z0osgIiIiIiIiIiIy6gVGegFERMa6Ntcn7cGUsI010gsjInKQyeddmlvbaUskyWSzRMIhUunsSC+WiIiIjGFuqo2JEyeM9GLIAWBZFsFgkFgsxrhx47Dtg6OuzO23387dd9\Ntm3b8DxvpBdHRET2M8dxmDVrFitWrODqq68e6cWRg4RljFFVChGR\eyRpiyTQw5HxwMElAKLiFSkpS1B\c5GauPVTBxfSywaHulFEhERkUPAQw89xLJly0Z6MeQAMMbgeR65XI58Pk9dXR3V1dUjvViD2rp1K1dccQUdHR3E43FCoRCWVbjIYFkWPS\zqqyyyiqrPHbKvu+TzWbp6Oigurqam2++meXLlyMHr\b2dgCee+65YZ\2kiVLADUBLSJyQCysDvBQY5anW3J4uu1GRKSslrYE2xp2c9isacyaPlnhr4iIiBxQxpiuP5XHbhkgEAgQjUaJRqPs3r2bZDJZ0TEyEq644gra2tqoq6sjHA53hb9Ar7BAZZVVVlnlsVW2LItIJEJdXR1tbW185jOfQaQcBcAiIgfA1LDD0dUBbtuS5p4dGZQBi4gMLu+61O9sYt6c6VTHoiO9OCIiInKI6hmuqTz2y6FQiOrqahobG\F9n9Hm9ttvJ5FIMHny5BEPzlVWWWWVVR658pQpU0gkEtx+++2IlKIAWESkj6xvaHUNu7I+rXlDxjP7HNg6Fpw1McSCqgA\fC3F51\pYEvaw1USLCLST3NLO7XxKoW\IiIiMqJ6XnTV8NAYBgIBAoEAra2tjDZ33313r+apO5dbZZVVVlnlQ69cXV3N3XffjUgpgZFeABGR0WRb2uPO+gx\3ZOjNW+IOhanjQ+yYkaE+VUB7H3ovzcesHjPzAg7Mh5P7cmxKeVx0ZQQy8cHmRsLEFTfwCIiALQlksyaPnmkF0NEREREDkGhUIhUKsWECRNGelF62bZtGzNmzOgXBIiIyKEnFAqxbdu2kV4MGeUUAIuIFKU9w3c3pXi2Nd\1WMozPNqcI+UZPjWvimmRfWs4YV7M4ZPzYnxnY4p1HS4\3ZrmsaYci2uCnDwuyLE1AWoDSoJF5NDl+4ZMNkssoj5\RUREZOQoZDt02bZNPp8vP+IB5nlev2arRUTk0GRZFp7njfRiyCinAFhEpOipljyrWvuf5PkGVrW5vNzhMjUSYl9PtxZWB7jhyCpu2Zjk+XaX9UmPjSmPx5pyTApZLKoJsmx8kGPiAWoUBovIIca2LSLh0EgvhoiIiAiWZWGM0fAQG9q2PWpvABityyUiIiKjjwJgEZGivzbnBu3rN+sbXmjPc8aEIKF9aQe66IiYw1cXVPPD11I80Zwn6xv25H325GFt0uOeHRmCFhxeFeDYeICF1Q5HVgWYHLYJ2mBR\LOs7v8DlsU+B9QiIiMtlc6O9CKIiIjIIa4zaNPw0ByKiIiIHOwUAIuIAJ6BbRl\0AAYYHvGxxvGc8FJIZvrD69iUU2O3+3Ksjntke4xg5yBVzpcXulwux4L2RZ1IYuJIZsax6I6YFMTsIgHLKoDFjUBi5hjEbQsHAvszj8KZQvoV6nYAqc47MsCnB5NTNmAY0GgOP2AVVimsG11BdMiIiIiIiIHu86mdjU8NIejlQJqERERqZQCYBERCv3\ZvzSJ1LtrsEf5vlGHYu3TQ2zbFyAv+7Js7IlzwvtLulBliXnGxoyhoZM+SVxrEJ4G7AK\w9aFpYFoT7ns1Yx0B3oNNcCgj26PbYti2Ax9A1aEHYgattUORbjghaTwjaTQzazow5TwzbO6D53FhERERERGZCCNhERERE5mCkAFhGh0MSz50Opc\yUa0o+vy+mRxwumebw+roQW1IeT7Xk+UtzjoYytZJLcQ24GLobUt2\FzAcCyKORcwu1EieXx3gkmlhjq4OMAytZouIiIiIiIgc0nRjgoiIiFRKAbCICIVotNxp1HDX\u3LsQrNQk8K2Zw4LsjHD4vxaofLk805\rInz7a0V1hO073Mo4lnIOkakhgac7Ap5fFYU45\m1\FOXWhkV48ERERERGRiiloExEREZGDmQLgQ4hrirUcTWe\nhCxrQNaM88AGc+QN919kYYdC7vcC4dJ1jfk\UKQZwEhG8IHcAMYIO8bsn7h\xYUm9EduPnd4eAayHoGr1h2ejTfO5wMheaJc8V16zy+RqIJYN9Axje4BsIHeB8Pp4AFx8YDHBsP8LHDoDHrsyHl8VrKY1vGoyHjk3QN2eIxlfcL7628Kay7ZwphsQF8YyoKjIezj2MoHBM\2JxSACwiIiIiIgcdy7Iwxmh4CA5HK9\3ey1f3+VVWWWVVVb50CmLlKMAeIxrdw2vdri8lvJozPm0uYa8b7AohGLjgjZTwzbzYg5HVjtEhhCUpTzDppRHyjOMC9gcXmXj9PmxnHANLyZcNiRddmUNKc\HwiLiWIwPWsyKOBxV7TAr6gxrYOgbqM94rE96bMv47Mn5JD2DZwyOZVHlWNSFbOZEbRZUB5gctvc6iHUNbEx6tLk+IdtiTtRmfLB3pJ03sKbdZX3SZWfWpy3v4wM2FjHHYkLIYlbUYUGVw\TIvm0DQyEoXJ\02JrxaMr6JFxD3hgsLII2VDsWE0M20yM2c2MOM\dhni05w0s9jrGOYj+5IRsmBAvb9tiaIDMjvbeJZ2BH1mNn1scCZkYcpoRL3wqwLe2xK1uohzslbDMz6vTaX76BdUmP1W15tqY9sj6MD1osrQ1wQm2Q6CArmfUN7W7huCj11ekaQ0vex2AX+sE9gDcvAEwK20wK25wyPggU9nXCNbTnfRKeIeka0r4h7dEVCncGv3lT+H9pFrli38OuKYS3GR9Snk973tDmGppzPo05f6+C4rA6AhYRERERkYNQ58VVDQ\N4Wg2GoIHlVVWWWWVR74sUooC4DGq1TX8dmeWv+zJsSvr05I35Pz+4ZYFhQAyaDMzavPmySFePzFEsMIg+IV2lx9vTbMz65P3DRHH4oiYw78cFmNaxMYAT+\Jc2d9hm0Zj5acT77PQthAPGAxOVxo9vayaRGmR\Y9Vlvb4fHrnRleSrg05wxt7sChVcCCccFCs7vLxwe5ZFqYSaHK5r8t7fHDLWk2JT0yvsGxYHzQ5i1Tw1wwOYxjFZrB\fHWNOs6CsuRHWA\2BbUBmwmF8O9y6eHGRfc+23QnPO5b2eWlS15dmV92lyf3CDtFoeK\bROCFocFw9wybQIh1c5FQfgCdfw0O4cf2zKsiPj05ofYN9aEHcspoRtzp0U5m1Tw8QDFsbAz7eneawpR6K4UyYEbS6cEuaCyaF+NXYzvuEnW9P8rSVPh1sYvzpgsWx8kPfMiFIbtHCN4Y76DH\YlWNH1idbDDJtC\7YaPPO6RGumBHpCrpTnuHx5hwrW1x2Zz0yPuzOlQ6Ad2UNX1ybJGgVajjHAhZHxgJcPDXEzIhT4ZYbPhZQE7CoCQz\vP1iDWLXGHLF1gOyniHlQavr81LC5S\NOdYlPdwSG80C3jY1POzLJyIiIiIiInKo6RlOG2NUVllllVVWWWRQCoDHGAOsas1z04YkW9N+2SZfDcU+O12PbWmPZ1ry\KY2x2ePiDEnWjpUeiXh8eW1HTRkeieMryU9mnI+3zqqmgd35\jJlnRXGDcQH2jLG9ryHhs6PB7dnePrC6tYXBOsaJ37SnmGO7ZnuGN7ZsDQuy\XQFPWpynr82rC5Xe7snz28CpOnxgsWbuzMedz47okL7S7vR6vT\tsTnq4PhxR5XDDKx3sHiyFLfINtOR8WnI+6xIuD+3K8h\HxpkXqzzYe7I5zzfXd9Car6yp35xnaPYMzVnY0OHx+905rp0b45Jp5cO6HRmfb61P8mxrvmS\uL6BNr+wbzcmU2zocPnkvBj37sjy31vTvZZzR9rntaSHA1w0JdzVNLln4D82pnlgZ6bfem1KeiRdw0fnxLh5Y5I\Neb6jeObQo3o215LsajGYXFNkJRnuHljiod3Z0uGl31lPcOrid77e2Vznvt3Zrjp6DiLa8bOR6ptFf6CWEQBet0a4HDyuCDvmRnlkcYcX1\X0S\873TCuADnTVYALCIiIiIiBxddWJXRzJjRVQNNZZVVVlnlkSmLlDJ20goh4xl+uyvLT7dmaMmXDhwH4xt4tjXP51\p4OOHxTh1fHDAPoLTnuG+nRl2Zgeez9oOj+tf6Sg2w1v5SZMBdud8PvZCgusOr+LNk0ODNts7kE0pj9u3pHmiOTekvkwNsDvr8\X1HbwnHeXt08LEBpi\b+CPu3Os6\D6TwRIeoY76zPYxfXZ22XYmfX5xJoENy6oZnFNoGQ\zW15wy8bMvx8e4b8XmzrvvPMeIbvbEjiG7h0enjAmsAGeDXh8pV1SV5LDbzug\EM\LExR9KHv7f0D2qhsN3u25ll2fggU4vNQf+jLc\fBhnfM\BEc551HQnWJ72Swbdn4CdbM9x6bJBnWvM8vSe\V+HvYAzQnjfcVZ9hQXXVkJpRPxhZFGrPnz85hKGKr6xN9nt+XpXD1bNj1AQOjW0iIiIiIiJyUHOzJLMQrgrrguEo1bPWl4b7cehl6UhlcPte0rMDRGJVhJ1RspwaaqjhIT0UKUe\58aIjF9o\vaO7RlSQ0k++9iY9Lh5Y5Jr5sY4py7U7\ldWZ9NKW\QkDXlmX41Y\dG3sBtr6XwMVw0JVxRqLYu6fHdjUmea3MrqgFbSmu+0ORw0jN8YFaUvq0xd3iGDUmPdInAdVt67wLSvnZnfX6yNc3nj4gxa5Da2O2u4Wfb09y3I9vVd+u+urM+zekTgkwboBnuf7Tm+fr6ZL9a35UywF+acyXHWdfhsjvrdwXA6zs8mkvUam7O+TRXGLK\knDxDGxP+8W+fIeHofCe2J31mV2m5vxYdHxtsN+2nBGx+dCcGMfVBPa6X20RERERERE5EFySW57nib89x4Ydbb3DrmAt045cwmmnLWZ2XJcP5dCy9PP3cPNb59K\PbMsm+77NO+++Z8jsFQiIiJ7R7\gxgAfuKs+w8+2ZcgMUwgIUJ\xuXljiirHYvn43s0xp31D0qusqeGhancLTTnPjDgsHx8sGSJtTnl8dV3HoDVyhyJZbEo6bFu8d1ak1\xzB2D9DYU+lv+6J887pjsMVInygZ1Z7tuZpWMYQv9O7a5hQ8rrFwBvSHr8aEuahszwBacDyRvY06MGe4c3cP\VQ1EdsDAU+rUdWoQ9ONeYQZtBHuv+3tr7potJIZvPHlHFSeOC7EUFfhERERERETlQkpt57J7f8tyeQW7ez7ex4+UnuPflp5iw+CLe8fq5VJXqJ0sOCNX6OjDmz6obIPwFCDPvuHPxzOqS3caJiIiMBgqAx4CVe3L8qj5LZhhDwE5NWZ\vbUpx2LHxrhqZAMYU\vZnEmiAhrTPf29Jc3R1gNrgwElSwjX8x8YU6xLDF\52yniGO7enObLK4bQJ3SG4odAM9H5NQovzf6o5z7mTQtSFev+0fLXD5UevpdjLFqbLMoZ+tYnTnuH+HVnWtLsciHONnoey33msDYNTxxcCyXEBm6AFQ2wpfUAx26L2EGzqOOUZbtuc7HovTIvYfO+YOIdVOar5KyIiIiIiB60xHbQ1P8Odv3ia3RU13Oay5\n7+OnOU3nXimVMUOolh4B19c3kTojTv01EYMpULm1v53+GY0aWQyRWRejQa0xOAPw8qQ6fcE0YHQIisj8oAD7INeV8fr0jS9Nwp4A9bEl73NOQ4cNzYoRG4If+c+0uD+7K8q6ZkX7P5Q3ctzPLcxU0N+1YMCFkE3csHAuyPrTkfRJlOoJtLfaxu6Da6RfCVirmWEwM2UTsQk6W8gxNOVNRs80vd7i05g09W+JOuIYvvpoc9vAXIGJbHNajGWMDrEm4PNo0tH6VR4OQDQuqA1w1J4YFHBUPsKAqwEuJfW8uHCDiWJw0PsjEkXiDjKCkZ\jephRNOYNjwVHVAT59REzhr4iIiIiIyGiV3cBv7+kf\gamLODYBUdw1AyoX7uBtWvWsrtHD07urqe5+w8T+eAFRwxSM1IOhDF9Y8Iosupbl3PWt3o+8q\8YuXFzAWIL+Mza9bwmWGZU5bN93+aK779jwrGNfhujmwuj+v6GGycYIBgMExoryokeGTbk2QJU9UneDRujhxBwqO9goOXI5nME6gq9Me89wxupoO0iVAVDR7g2twG382Ty+dxL7+dpz83iT8e91ZuDAQJhUMDtgDZ\brh2P\7Nj3j5sjm87h5Dx8LOxAgGAoTCti6FigyCikAPoj5Bla1uvyzwj5v4wGLOVGHeMDCpxB+bk55ZWtB5nz46548Z9e5HNOj35e9qQBrATVBi1kRh9qghetDU95ne9onW0EIesf2DOdODjG5T8D2Wsrj4d3Zsv0eTwzZnF0X4py6EPOrHaK2xe6sz6q2PL\fleX5dpdSOfCadpe\teR58+QwPbsjrmT9Z0cdLpse5rQJQaaGbTwDW9M+LgflogAAIABJREFUf9id5Xe7c+wpk+K2u4YdGZ8jqrp\0fxmV5YtKa+i+Ydti5lRm4khm5AFba6hIePTkvP7NYNsAedMCnFYrHteroE\7M7RWEHabFswNWwzLWwTcSzSXmFeO7P7llQP9fSmOmAxvyrA4hqHC6aGGV+sRT6\yuGqOVEe2JllU8qjJe+T8Sjb1LRFIUwO2oWbCGK2xaSwzUnjg7xjeuSQ+qHTWSv8T42FKwKnTQjywdlRFsbV56+IiIiIiBz8jDFYljXGhjnW\P63bEj3WNH4sVzykRWcNLH7es+SxWdwwWUue\5+N7fdv4ZE8ZQ+u+633Df9alYcXz1K1mf\DUV6+wcNzRczd+JwTzdMzcRKJmpwJ7+Oj3\mQ1xy8jzixbswsokmNv35\GVrz7A1oqrEX+R\3vpYuaymd+ccgWdObfJz+HCf\smV9Q9yLs+fdcQ1uVA8ai75g4ef\dCdjx4DZd\Y9UQpnEx33vkC5xqP8N3P3At9+48UBGwT77udVz9ifdxybJ51BV35CXPPcsbmzbx5H9\hS\dt3WAUHs49\Qp+fn53Dxv32ZD7++e9nJJtj09\jxzf9gD83BtQ0usgoowD4IJbyDY8352grU4PVtmDZuEJANTtqE3MKAXAib3ilw+XO+gwbk6WbT34t5bGq1WV+dYDOlpj3JgBeNj7IO6dHmBW1qXIsPANtrs9zbS53bM+wo0xAuDvn8+DOLB+YHe16zDOwsiXPhmTpIHRK2OaDs6O8eXKIaI8OSWdEbWZEwyyqCfDjLWkea8oNGgK3u4an9uQ5fUKIcT2aoi63\uODNp+cF+OMid19GAeB+dUOM6JRApbFL+rL9928K+sVXwmNOZ\HmnIV9WF7RJXDFTMiLKh2qCk2e9zhGRpzPuuTHs+1uryYcNmT9xkXtLlgSoj3zIz26re1Mevz56Zc2XWNBywunBLm7LoQk0MWIdsi6xuac4a\7MlzV32morC\r71taTtoweFVAU6dEOT4mgCzog5TwoXl6eRYhcDyqGqHnVmfDrewTX6wOc3uEkH35HBhf1YXa5GHbYtxQYuZ0YH7aB6rPAOPN+e4sz5Dh2e4dHqEK2dGmBHRzzwRGX2aX36C+x55hpcbOgo3vQUiTJ25mPPeeR4nThylP4XX3M01P3+Zxe+5kauOHemFEREROTR1hoBjarjlSZ58rcdKVh3LldddybFRwPdwPRfXAycQIBAIMOHkK7mu6g6+879r6MyMd6xcyebF5zLXHgXrsx+Ho5VqAI+Uh9nS\FVOG\YAOMGm5x8u2\WZyZ\PV279Vy6YXQzdcjlyhAjH61h48Q38ZP48vvDu7\FshRmg1fmv6a4IcckPbuezy+IkVo3u48xb+nm+d9lCwjse5\tff3aIlUZ+w3V3vJE\fWIZH\r8ZTxxzT3sPgCXtMzUy\jBTz7NsrriAx4UqmCHiU9ZyAX\+nMWLvws7\z3v\eumT3M+39I0\MW88Ef38yHlsZ7vSYUjjPvjPfx1SPnMekjn+WenaP7M1TkUKOr9QexhGtY2ZIvO96p44N87ogYZ04MMjfmMKVYQ3N+tcNFU8Jcf3iM2dHSh4JbDFvTxZq2e\PletK4IN9eWM0ZxflPDttMi9gcVR3gHdMjfHlBVUXh2e93Z3s1mZw3hod3Z0vW3A3bFm+ZGuYtU8O9wt+eDos5fOSwKEdWDX4R2ACr2vK09KguXck2eENdiBPHDVwjssqxePOUEHNi5d+GHT3y+ZcSHtvT5ePfxTUBbjuuhoumhDmqOsD0iM2ksM3cmMPJ44KsmB7hxqOq+OUJtfxh2Th+dUItH50T7aol2+mPjTnay9xkELIt3j4tzMcPi7K0NsDMaGE\z4o6LKkN8OE5Ea6dG93vTYgvqHb4r+Pi\GhRnA\NjnLqhCCzonav8LeniSGbY+IBlo0Psmx8cNBjpFPMsThlfJBTJxTGX1Ib4LDYoRX+AvyzPc9NG1O05A0fPyzGJ+dFFf6KyKi085Hb+Mr\PMrzjUFmHr2IE5cuYvHMKM1bn+FnN93Cz9ZkRnoRRUREZJQyxoy5v63r1pPtWsMoJ624kmMjHpn2ZnbubqSpuYXW1haamxrZtbOZ9oxH5Jgref\pE7o3THYD67eN\Lrs7z+Rvp7eVr8fptrEjjvKjeOx4r8+XQjrcg08\p23s\zMMznzzLfz5bteJAHEj3o7n\r88RVer\0mK5YvZ\nyFXyzx6NDa0r5ADOTuebaC5gXzvHibz\P0\syrbu+yW\X5Ygv+xA3vLOiDtH3keHyGz5UCH9zDTz+3few\NZnSbCZB975Ze5dlwPCzHvTR7l2Ws\XDff+H8r0DMd\nO8d2kcSPDiHdcVX7Oc93z3cRpyEJ56Jh\63ApKVzETkQNNV+wPYqta8yTyBmMY9G9a2ObdMyPMig7cJ6dtwQnjglwxI0qVY5Wc1pp2t3d\uSXG7fybEbb52lFVVAesAefvWIWA+HNHVGFTelp7coZXeiSh29I+rya8kq+ZFLJ4+9RwyYDOAuZEHd48OYRTYhmas4b1PWpKmzLLG7Etjq8NECsRKs6JOYX+divYlgA+sDbhsifnl93v\za\igkhi0GyTxwLoo5FbbDQP\G4oDVgUPpoY67ssi2ucbhqdnTQADVkW7xpcpjzJoWxymw3M0CV30rGP3lckJ8uruHEcUHiAYvgED7dyu3TQ\0c0DOFZueve7GDABafnBvl8hlhwoMdZCIiIyn3Avc\sgOmn8MNX\0U173nUt674lKu+tinuOWGS1kc7mDVb59g+0gvp4iIiMgBsYddO7vjXyadwRlHuKRbG2lNDVS5IE+qtZHWtMusZScyuevxDPUNe\b\4sqARjoYP5T\nn25gcRw79CG13i43LynfYbzTy7Uulx7\8f53P\VF5+r56H\vIp\e7QBCDPvrCu40K9kXVwybW20tWVwe5QznZc8vQxtbW20Zdw+r\Px8hnSyQ4SbW20tSXoSKbJ5D38MvPw3SzpjkRhuokOkpkcXuey+i7ZdJKORHGaqTQ51x9w2d03fYY3HxWGbX\mRz\t\7zvZkmnOpevjURHknQmhzvgdqnne79cRTNxlq34d0729vcxdAmnHlHYj5sf\jif+9Xa7suf2x7ipn\9DWs9ILyQsz+8dP\t\6FMz7+QK86aRxhofvr7XHXrU13TW\urz\Hx\32RHBA\+Xw+M23k36uH0p9IOaO03TupxD\byt+ddPK4IMfXBkuOYwGvrwvy250OaxKDTzPlGdZ2uMyIhCpaPseCS6ZHGF9BEnfR1DD378iWnH\Wh\UdHotrCoftU3vyZe9smhiy6fAMHany9x9NDtvYllUy5Xsl4fLGSZWtf13IZnK49LrbwDHxAI80Dt78dE+JvGF7xqNUl8cBC94+Lcz0YaiRmXANaztKbzvbgqtmx0oG3QC1QYuz60I805Jn1z72CdzX5LDNp+bFytbglaFzDTy9J8e3N6SYGLa5anaUcycFB61dLSIy4lpbaPZh6rFHM7XvV2J8Eeec+BDPP7WVTS0wc3zxcb+DdY\dzy+eWEdzFgiPZ+7Sc3jvWxYxsec0Wl7gnrue4NntjaRdwA5QM30Rb3v3Wzmxc1pr7uaanzdy3hWLWPd\j7I5H2DqWe\nhjfNAr+FVQ\cy4Ort5WeT24HT95xL\evaSTvB4jOXMRlPechIiIi+83Yu7DaTFNTj+LUyYxP7aEpU3o9M617SNZNZ7oNu4un8q3tzRijHyRyiLljB03XQHwYJ5loeJFyPdiaSxez0AFSL\D0dxv6Pf\0D1+k\pzpzKhbyOvPhwcfLjfXL3HfK29hLpt5YNkKvtlVLogvu55XXrkeXnuAZe8s1hE2HrnJZ3Pt9R\m0mWHd\UZSzbBxmfu5f995\s8tjvUo0u5zmlu4r4ln2PNjf\OJ8\rfl2i\m\c+72v84M\NzDp4hu55UNnsXBKccsmmnjuwZu44buP09SrVvIUPrviTOqAtSt\1G+7ednZvOXGG\loz\5pvSyJLf\kj3ffwjfu29K\ssiDd7Lqfady3qwz+OD7PZ752f6sBn0Uk8YDJGhcXw99q0ptv4m1r13Kglk5IhMWAf8Ahn\D2l657+ehXUA9bxw12\6vabhx3\m+cuO46T4QhZfauD7ulYoMlooAD6Ire8o3fctwDmTQlSSidWFbJaMC\BiiQAWYEPS4+xiPwUDVNTsZWLI5th4oKLmcQMWvK4uVHL+Od9Qn+kOI19sd8uu\+aUz5fXJssvQHH6eWNKTnN7pndwWWrceMAiXsHKT4\YWJZV8uSy85lC\72ll3FSuLDdhyOY25LyyJc56Z0VsVlSW9lHyTFxh6lhm51lAmDT5\l9vPy8cFhCbz7zlsKfFNoceC\NqeZFrH5+GExFtcEBq1dLiIyKtRNY24UVq5Zzbpl5zG\z5WauRddz60X9Xykkcf+6zbua4gwd9l5XDg3TvvmZ3j0mXv5ypYWbrj2rEKQnF7Nj759Py9VzeLMN13K3LhL86vP8Ojq1fzs+1Dzpbcy3+6e5sN3P8X8M97Ke2saSc2ZBX4jD3\Vh5sCDB10TlccWyc9jVP8fDKe\l2NsI3Vsyn89a95391O5tnnsCFK84iWr+aB\+ymp\9KMrUfz2Pmft7+4mIiEjXufrYGEb6NAPokkn4FaynR0cmSHUcaOvcMJExuH16D0ersXdjwsHkWRqaL2buMPYD3LDujlL1UAC45PAZhf80N\DAQNctt71KQ+I8ZsTrmH6Cj3mo3PHbPQVjDIYcuVSOXDhEyAG8HLkskM4VjzeDu+w6fvHNK1jYeU6Vy5FzIRSLc\iZ7+c7xy\nFzdcyX\+zekzjxoW\foO3jYvXJhuCkKxEPEZy3n\124i\OM2LrpmOXEgl8pBOEQoXseSy2\k+6FPcPm3V3cv9okf4bSjAG8tq26u770d\GV84dc38\Z5Pfq0dYFwmPi85VzyhZ9y+OQruPrHu\rErs\ywNp6zps1g8Vnf5Yp\NddpbZekO3lqZWmDsuzryTzifzv78jVOzq0BT369cvP5mv93nVcO\oUzPLJlOHUCigReeGei69B00NF8LcZgx\3KMuavs1hCRA0NNQB\Eeoahg1lUU3nGf1y8\Lg7MpXX3JwWsZkYquxHswUcHXdKhtWegaZc9\w3V1CrtzXv82K7W9Hf2g4Pv8yPrp59AJcTcayKmsatDtgDNo89kLRnaMuXXsjJYZspwxSGVlJTd3FtsOI+cCeECv0\D\ep1Pxqp2wN5HIqCZoPVVvTHt\dmOKwmMNXF1RzfK3CXxE5CNjzedvlS5m48ylu\dq\cd23bucnv3uKVet3FGrt9pFf\TD3bY9z5keu47q3ncaJSxZx9tuu5hsfO42JDY9y\3OFFzU\9zKb7Elc+OGreccZizhxyVLOW\FRrj1rPCS3sbmp93RrTnk311ywlBPPOI8zZ0P+uYd5sAGOuex6brjyLE5ZspTzrryGa84Yj7t2Nat63rc2\0K++C8XcPaSRZxywfv46BnjoeVlntt\VyVERESkqGfzin2bWzw4yzGi0R4rmE3SVunrW3ayu637pdFobBSsz\4ti\T3MOsasuVHq1g9DSvLjzVjfDF1TTXRv74mwJ3UF89BJk2\cgjLcRPvft3p3La60MB1YvVtnP660zn9vTcVnvYu5D+\XAx\W1\kzi+9lZNPP53TX3c6b\3SnazanYP4Qq743LdZ1u8yYh2Hz7NoePwm3n1K52v+TD1AeCFXXLOc8LY\c9N7Ty7M87Iv8fA2gDCHL38HS3tMaenbFhVugt32Kvf0nc0Hr+aCeWHIbubhHst3+mVf4uHXckCcJW\9HBcPsPar\voazQBHLuIdw9tgYR\38PCLzQDUnXEDv\vJF3hH1AcMfjaP6w088+He\0OZ3vkTawoPZHM0DfgaeK2xcPzE6+YOMoaIjAQFwAexhFu6Dfgqh4pqoHaaHLJKTs8YQ8Lt\jIqN261w141yRtzLKL24NP1jSHrma6mkhP5gfuD2J9\XQGxKb\+DqaiYLTUOnedgBRPPjwDOa\0esds9jkM7VTuGDPGMC1c+bwsKN4UUGZ9eyoz\4BlqAkM3tfx3ii\w+9k8A9OcOX13awsNrh+iNizBimmwtERA6E6FFv5Ss3XsNVb1zEzGAjLz\xMD+7\Tau\8KN3PDfT7CuRydez69ZB+HxRFtfZtVzL3T\7XGpAV56eR0AE0+5ku988xrOm9x7XjPnTAPSpDK9H597+Kxe5XXr1oF9NKcsjfQe76JPccuXV3BKVfdji5cuped12sI8Wtg52Fm3iIiIDJu+tUAP\vIsZs\u8cCGV9mQLzV+d9nb+Arrejw3aeqkUbA++7c8Wvl+4ZqQhiMzvG\rMP4QTzTw\Mry860u9kSXaG8adLweR0gF69FZAcJAz8e7ptF7fO9Tl3FmHeDV89CN7+c\H6rven77H\6Dj974BzZ7wIwzuOoDXvF1PSpZrH2Aj3zml7xanF79Q9fz7Ibic96rPPCJ6\nlS8X5bfkDX\zLq4Xnps7gtK7l8DjvsEIbSImda9ned71mVBMG2Pky33twG57fY3o3P0UDkIvNYNExA2yP362lPgU481j0IW9YjpPBhvd\6kYe2JgDwsw84RKu\+hy4szgzPv+m\41JUsmZMk6\r7df8PZXoTYp1tdzfy0GDT7\mqUfJ+PRSGIuWoCeiDmGdKh1GV1D7tKVjB+KX6nu3LsfYulLOhbHPVhmIWakG2zPrvD1NClYdfrim\j4CyTSz35BtDuZ6fbcsatjs7KlmywF4eZ84wn1QFLKt\Hx4yLHZnfW7ZmGRpbZD3zY5Suxc3lIiIjBqhSSx+w6UsfgPgu6R3bmXlM4\y6DOPcustO7jq+hUsjjbSvBvIbuLhX2waeDpNjTQDnS2+5dMd7Nq+iZ07d\DS+k28tGEHAM3tpRamhe07gbppTKnku0u\1EVEREaMGYFrDvuXzfwFs2Ht1kLRX8+f\7SBOW86nHCpl\nb+fOTG3o8MJ3jFsYw2ZI\ekTGpIaXG0hcMGN4+gFuWMsd9OsJdtT52KJ5hf+s\xOffjjdf4Q\f4HVm97C3CPDzD3+HfD\V+vpzev\Q4N9F7PzS0JIA5bX+U72\pMb2c7CSDuhHps53cxY0rhf007+tX\hY7i3SxzzuDW71zNf\vvdz3j104AYfgyuu5+MTOJt6h\2XJB6hv+gCLZoeZseB84I+lNsc+eoqvr3gHD737A3zg4rNZPCtOyAlTN+94zpp3PGdd\gE2Pvh9\uUr99Okc0ERGQb6KDmIRWyLZIlEts31yRsIVvhLojVvygZ+kR5hX7kmc1OeIVeuTeUecgZSXulpOpaFU7xgGnOsss0hD6ewbXFWXairXG79PWMo30g1ZP3y0+p8zrEsglbpcbO+ITdMNwCF7PIhcOte7oOE61e8vp3\P5Cn3WPtFH+oUp7hj405TpkQ4rzJoV7vfRGRg5YdIDp9Hme\bR5nLLiXG\7nBR76WwuLX198fvI53PCZs5haahrpddzzg7t5cnfhlqxgvJqJE2dzytEBHnuh79WLvlzK3sklIiIio05n37AHdzlL9PgzOfZPd7CmmOFk1\+OX4+\nHeeMhl7oNd7jaz81a95qUfmEz3ubJZVuTT1aAl3dKzf8JZHq87l1HCEhnevpf66kziqs6vbfVC\7amK51vQv5nyrmHPsUyJ8frc2GKMKVa2Mb1qAHePfwKHTSzeInLk5ax+9vKBV6Y4Ss3UBb3mDwkaN5RqXr108+vdyzeXupri9DYPsH7f\T1PnbeA0ybWcPi5H+Eb536Eb2Tb2b7mnzzxxJ3ce\tTbIpECNj0fp0xQD3ZXOHxUHRime3nk08nSecH6Ds8UkV1sYZK6e1fz99\diPP\vxrmMt\yOOfnsfmp5qZcfwCJsZqOPwtn+W\8lu47N\2dUiZP\9Mhz7v\Lp9X3NQK8b6DUaHpihSCmqN3cQqwuX3n15H7ZU0E9up0r61J24FzVgm3J+xQGtARrSHtkSgbFtUWjqt1ietBfLsi8sYGbE4ZPzYpwxMVjx6zwDg3Tf0EvKKx+8dwo7UFWmFmZr3tC6F30VlzKhgm28IVn5leycDzszftm+lmVkGWBb2mdJbYALpoQV\orIQemlX93INdffwcrcwM8HZ0xjIuB6LjCemgnA7m1sHmT8run+9l6e3D2eM6++nlu+cyO3fOl6bvjYCi48Klr6hQBMYuZMoGkHu\p+Vb98L9d96VYe3FrBZERERGS\63Vhu88F74OznCFtHc0llx7bq4uJxr\fxW0\f4SXdrSR9Qrju5k2dqx5hDt+dBfPNvYY2V7Am9++ED+TGgXrs3\LIgP7Kw27hmEyXjNrn362olGbE4W7LULhweod9zhevTInM3vtKOLF7l9xwoRjg\x1BuIjdvPEHXziqi9yx1ObSXRugnANM084i3dd92PuW7OSu64\h8mDXC4t1EiGmknl+q99N7f\bS3r1q1j7do+wwe+XPqlvks2kyaVztN7MdrZeO0VnHfmJ7j\tSwQ5vCz3tPVX\Fw7\+hTG9ta7HFh1ANJwz2qs7PzcqjCBE5AFQD+CA2K+LwWrL0p+rKPXmOqCp\W5pn4G97cpT7jTsrWryTicJNSKXG35byqE\7LIyXb87EGPhbS77k9BzLYnKP0HtuzOH5ttLh4+kTQnxxQazM3EsL2xYTQnb\dSiz\nmfrv6KS0m6Bt+YstseIGpbjAvYZbf7lrTPURVs93JmRkrPC2BVq0uHa6iuoHngzSmXnRm\onXtUmY7lzsO90a5aR0qwbUxcHjM3uvmvUVERpP5R8yDVeu47xermX\lUib2+tWbYfPjq9lOhFNmTgLgxCXz+cWr63js8UZOeeOk7lF3Pso3bnmK\Ovfz1feFGH71gxMXMYZR1bTdVuY38GqF3r2jFdiuebPh9Uvs3J1hsUndvYDnGHVqnXk8\OYNRN4ed\WXURERIbPSPdFO5zldDJD\JhLeP\pe\jhXxu6HvdaXuLRe17iUcrw1\J\X\0a\3zDCi5YGB\x9TkQ5dGmb1it4YEe\p3NTVmYXqjy2v7MTZz6wZ+xNyw7QCDQfZ2x3HwbU4U+Y8PjpjPVGHb0G+9dTC\2U9O465d0dgtabrrFAn7X492PdR9nTeSyQBzaV36L1318gOaXyzHFfod73WTR\XRnP6am73L0Wb5S0wMwW37PLdf8nluAo878IG+94GROWnQUc6fEwanh6Mu\xrf2\IkP\NTqtz16bpP+y9N7OOgnhFXm\XnVrTx+5cnEeYWfn\UBbrP67oe\cOP9z3POJ08mPmkGi3yfBxj+\T+U6f29GBoTr2a+7\Nsv+n6HFaook2iZbM+pw7gUKQcBcAHsUU1Dn9pLj3OnxqzvGlKiLoyNTmfb8+zvkyY7FhwbE3lh0zWhz825jhtYpBYmc59t6Y9nmzOlxwnZMO8WHeYvXRckPt3ZEu8AnZlfaoDNjVD6LvUUKidG7SGFqR6xlTUB3Daryz8BagNWkyPFH4kDvaSpGd4rDHHqeOD1FTa\vcgpkccJoZsmku0KZ31DHfXZ\jgnGjJ7ZT3Czck1GeGt4P64fy601dngW0V+pIWETmYBZdeylUv38JPXrifr3zxQSbOns\cCQHItbB5\TaasxBdtIK3HVUcf8l5XPjkOh585FZu2HIaF540jXT9C6x8ah07q47mqtfNAmDu3Ag88wS33u5y4UnTCCa28eST\2BzMkAl7Tt3zedXt\DtbWdxztwo2559hMfWZ5j5pnNYrPZ5RERERo2+F1gP+nKmhbbUFGZd+DGujf6QH\7p\2fvPsPjqM6\j39nq3pvliy5yMYVLLCNCwYMhJoQML0ESAIkgEloCRBSCPk\QEhCSCUJJY2YlkJJQknoAUyzsQEbsNxlybK6VnXbzPNiV9JKXq1WclHx73Nd4nD7np05c86Z2ZXOzkxVfE+ncKSS6myhpQOgk80vPMI\OY9TZ6T1WmzY928vxyLRPFlRx6WHFAGQdvAXeeofZwzq9Z7qV\n3j37FP6oGXhbg8U2V3LxwOuQUcpoJv+37+8Lhh1CUBlBH1XuDqkocnmVL\e0syYG0\IMosKA6yhUygc42vKYdhysB9xD+Bjuw7unyqH9DNf0deP0mhiuJBIfBJ689yA9fezCUnHkpf\jNcuakuimdfxE8+JfdXj8pMzx5WbtlgHo8xFePfmhou9Dhxp3mxk0R004x4dkov\gFeu4S2bXHe7v\h7S+96uoO2MyOWlFHDLfYsW7ffrYvIrJ4ecoVW4YYvuIyD6hPzGNYguzXNjDz4Pt72dDa5CndnrpjPGs4Dqfyd+rvOzymjHXVZJopyDiCtxYy3b9vFrv47ldsW8\0ei3uKu8jUZ\7O0n2Q1mRUxAz89wkGA3Yr6myhvkPzU+Yuz+boIWfNIa4A\bO7hjQxs\LG\nv7U+OvqsZKB9D1jxXQHcERx4XV3cNoPJyXaSHLH3+7V6H8\XxnfbFwvwm1bUq1vtBhyZ7Rywfn\f2cmaAa7G\rQtwL92eWkL3\I6nv1lgOX2xa9m+3NbIiKyLyUw5ws38v3zjmBWYQLtO9bz3uoPeO+jnbSnF3PUeddx+xdm9twC0ZbLiV+\jksWFePc\gYPP\w3nnhjO0w5jq9dfx5zwgsetOxKLpk3Dv+W0DIPv7SZpLKz+P4NJzIJ2LFtZ+xqdW8nl47Vz\Onh5\kf1WpLLrgOm46Jjf2a0VERET2UGdjM20+G4XHfZ3vf\M85ufH+KK\zUHevPO48ftXsigzMuFl6wuP8s+PPfu6utJH15V1+hm+nx0fVdLS1SFJuZQeVDqon0OP+jJXXH9s\Nt8bC2fBIGkMpZ8I5eA2ZMzgz7mnzaD8QB1n\Div+JbZ7Tx1P11B8Q3AAAgAElEQVRv9F72sfc\CSUmL+DaRd5e27csk4DvPO57awOfrl3Dq\deFHMbfXMQb\02U9cCkEbOFHO35b\16BrWrP2UV3\1WfzBPuv78Lds7LqVvRGtPnNJDd880ttRt+\Gzl\eZUs7QC5lp55PbsDs3tfuvpxVROhRx3Vs3lf9P5T1\etFPqkDGE\ZhZ\FF4zoAzNA7lfmMyMJCH7C2seG\xg9kH5EBqIrgEex4kQb01IcfNTS\8Rba9DioR2dJNoNzilKoO+XsNoCFr\Z2sF\an0M9LjewzN3v5J3oNNMe9Dip5vb8FkWZ41z73ZL2Z2dJvdsbueNRv+A6zo0w0FexJXMOS4bc9IdrGzo\8rh1oDFA9s7cNvhpDw3sS6ItSx43+Pnr1Ve3m\yU+ezup9J\HKdjysmJXLGuIRe64hV5\gngK0BJxgjc7NTHeS4bLQE+r9iuzVo8fPNbfhNi3OK3Dj6XM1pWqFnPr\e4OPtxgC7vEHy3Xa+VJLA\IzezzleNi6BJ3Z6Y9avstPk7k1t3FCazJx0x27fLClvC3L7hjY2tAWHNJE6UNvsrbe7wfTD\mRZ0G5aJNoM9tZdmU2gM2iRaDf2+FbhIiIjl4Psw07kisNOjG9xWybzll3OvGUDLHPOlcw7Z\fU9T9a0BPMPo9f\miI2+nvtbHWKSIiInvV2P3DagdNNQHM3BzSsss487oyTuuoYtuGSrZt2USNDxKzS5lQUsS0SYUkOgAsjjn3BD76+X+o6r6pV2gS+Gnr3N2uBBYZ01asp+IbhzNz4Cfu9aum4nlMdv\7WVQVP+SZd09h+sJUZp79ID\ZcjVfW\EJBkWcctNP+P7J4wHY8sZDPDn0KnVLyz+IrI4OKu0uEl12Ku96hndOms7hGeM54YdPc\vPb+AbKz4J3Z1w5hn8v9uvZGEaQCufvLCvrv58iKpd10Mq5OadA\S+FfVLFXWcO6uI3KNu5L6vbOfbv3iHKgPAYtoVf+T4yQBeKj99afdVW4eTkxnOb3h2H9Uf4AGeePc8Djk6m7SF13LvD3bxlY8tLCzMjiyOjejL+tXP0t2SQ+3\oI\WDh\gIjHFhX2P1vckD712MfPPmETuUTfy0LXtfOOuZ6jEYvqFv+RXlx6KG2hZ\Qw\rNh3LSgig6cJ4FEs1W7juBwX6zyBmBNTdV6TOza08URVJ6eNS2Bqih2fCaub\TxR5aUuxu19u7flMDgiy0li1wSwFZqUimdGrMlnceeGNp7a6eXUAjdTk0Pbf6vRzzO7QlceD8RmwHmFiUTOY7psBp\Ld\NOg7\fK3wtYEd7kG+vb+Vf1T7OL0rg0Aw7LsPAMEL70Ba0eKPBx+OVXj5ojt6WtV6Th7Z3sijTSUmivXvdsfY\YEIgjofGertuAR3n75bTUx1MT3GwZYBbdjf5LH5Y3sa\qkPtXppspyNo8aEnwCv1Pspbg73a7dOWIG82+PjtIWkszOqZBJ6RamdGioP1Mb5oYFqwpinA5e97ODrHxfG5TnLcNmp9Fi\WevlPjW9wz8+NdhlwvMsO1Qi81LfZb\F4ZScPV3ZQ67VIshucUejm4uJExiVEeS51HFoCFisqOni0MnTsJ9kNzix0c0lxIvlDXKeIiIiIiMhYZBgGlmWNwTKAp3YnnalZZKYm4UwspHROIaVz5u\WBqa\HU+Tj8TcY\n6NfCLPpPA2158jH8Z5\G56akjYL\2XjlSjd0vJowWQRbeeiSlkZO\nh1srvHH\HuKZU+laFIO7nA885T7uOCxK3ikKr6x9ufb7+fwB5azJH88J3z3ST690YsXN+7wCls+fYy7b3178H\Ssqzu17y4s47rSYUJp\Li2hPwbn+B5Wd\m\f4M1+5dRJP\GgZk9JKOfW7T3LqjV68QXAnde2Rly1P3crVT0a\r1\fYdu9VSv6mO7+l4j6PVNeyelTikibMJ+51uNE3u347Zsf48VDl3NcfhqLlv+Zl67w4vUC9sg2epJf\WTH7n9yPHkaRUlAcAtrf23t0z8LPnHNrRzyt7tZNsVN6ek\5cVTQ\9+6toXOStcT+\GJ7j1mid61WNI\f+Df1J++mRgM\8oO4Mf7OH63v7B3Tw5607OnZbGoV\6KS9ecGev13h3vc79P\jzbn0tIsNLE8CjmNMGi7OdPFtjZ0Nr7MlAgI9bg3xc3jbo7dgMWJjlZFbq0IdL0IIPPQE+9MT1dJndHJnt4rCM3ts3gLI0B2XpDlY1xV6vacEb9T7eqPeRYDfIc9lItBt0mha7vGbMW2R32dYeZGen2T0BPBDTiu9DQ8Ac3IcLA7hgfAKv1ftoG+ASY9OCDzwBPoiz3QMm3Fnexh8OSyPLGfoeosswOKvQzV3lwe4rovvTaVo8X+Pl+ZrYz2bem8bq5wqP3+L\NrTx3K6etmwPWvylopNPW4N8b1oyk5IG93XTOp\J9z5u47X6ntuDd61zQ2uQWw5KpjR5D77CKiIiIiIiMoZ0TUyM1dLX0sCulgacCWkkJzlxOhyhu06ZAfx+P+3tHjrDvz52tiSSlx99EnjrSyvZNv0EJoyQ\dpbpchuim\jm2eWdk\kApDs4e3rLuCuGFc+nv7L\L9SRH\kLuIK2+9mEe+GucVsxV\5urLarn+pq+wbP4kUt1u3IC3pY4tr97P97\zGJ\EvRNdd4LrfUe4ylvv5rGpd3L6tFTcbjfuomIWQmii9dXbWPalD\jWVRdzSsT2CXpp2f4uT9x3Jz99tnLAbXRnu75kEfXLFtFf+85TH1B5chFFRZM5uQjei9wcf+aGy2q5+rpLOH3+JHJS3bi7buvctIV3\3Ufd\7kWXq9BACLk06YQS5A+Tv8NFpz7VWvc9tZl\DJ967nvGPnMCkjNJLc7lA91770KD\9QZS+HEr\d7dtlD4Y0nh6nTvPvZzN\+\7XH50uI0BvC1sefcJ7rvrpzyrq39FRhxNAI9yU5LtnJzvpqKjg\bBPOh2EDKdNk4rcJPr3v3GJPvjI3GB28ZXJiZG\cBQlGjntHEJbGprp9E\8JXEELrl8raOgSfM+7Jgt9tkx9p\u2Fgj+Nbo67wPX0H05Zz0hxcMD6B+7Z2DOJV8anxmqzzBDgy2wWEvgCwONvFobU+3moY+Fbde4PV5\3169eI+kW0H\Z0clzu6LfevudRj+\39bB\81IGdQ6H9zWwav1uz8b2gLebgzd\vymqUm6ClhEREREROQA4u\00NQZe5lASy015EadBB539NGUAkP7yr8Mhianh9kRReT1\Td7MZOPsLAe6f9lcwpyd\u3tKzJg+vP7c9w9\JnuDv+V\Tj+5w+5\tR\v1\3HH+Eu7o72Xr\sEdy\Rfz6ubYT86bIl\Km\5EOXsyTavPjKX\K\T07mvOmlLLhqLuYt7\X++9X2Z\jldc\wy7jqF2aeximzcwEva1+8ez9dvfoxj952OY\eBnzhPv73zRxemHMGtw30ssH2\dOZ8739uL6APiYR799Lo8O6jUiMpzietSAjFxum8GZ49zMzXD0uoPt3vw5uyiBxVm9nwvLPtpW3x+XzeD88QnMTIl+VaLDgBPzXHwmz7XP65TtslEQngSPZ\lEu0E8FwtnukK33R1ofZFsBlxaksjROc69vp8m0Peu3OPcNs4pTCDHbdsv\d7XYJffE\tzW\3xmRYP7+jAjFGPZ2oGvgI8UoPP5IVaX8x+f67GO7hbdYuIiIiIiIxRlmXpp8+P31PDrqZOzPxj+fo1J1CSnkrJiddzzYklpI6A+u3NH5GoHnmXze19\q19M+\GmPwFeGbj7teeVm58Zu\V64BQyZ0P\486YPzhF3N6fNcBxWR+ZRkLc4HtL\Kr+\Z8fYNmGBj9XCUtIrI36ArgMSDLZeOOGSmc9W4z1XE8TzdeBnBsrovlk6JffbuvGcDSHCfLxrlx2vqvQbLd4MYpSaxv8bPOE9wnk3QGcEKei3EJoQlgmwH2ARolzWmQ4Rz4OxbjE2yhW5\E+AXDHWX\UxwG3yhNprKzhfI4bgEeL7fN2O02wHYDPpPrYq0nwJ+2hyYm96WEiMZ1GAY2g34nJu0GcV1pPRC3LbSdWJLs++dDWYPfonmAyd2OoEWNz2SSI75bNtf7LDoG6Lgar4nXDD1rWERERERERKSvQEstu8glP\9YrvrWsQCY3iY8w1yvA4Ump4fbfdz808n8+upTmJwBNG3mmV\dzH0D9MvbN93Bn7Jv4by5RbjxUrnqUe64aQjP7D3QPXkH\77gSS6ZvpBllwd48oE9eIyZVcDNxx2Kmxbeeexm3h6OzvjzZRzx52HYrogcMHQF8BiR5bLxp8PSKEtzhGb19\ASzGSbwan5bn40MzX2hNc+vAx0YaaTqyclke0aeJgm2Q1+X5bOcTkuEm3GXq2HyzD4TK6LC4sSSA5PjKU4DArd9tABFOU1NmBioo1c18ATaYekOUiz919nl2EwtZ\nsk5KtnPL1GQOTnWE+mkP99VtGJwxzh312bI2A74+OZFl4xL2qI0zHQbGAPnChJ4+L0qwkRqjfXKcNnLjGCMDSXMalCTYY9Z9apIdx344a6Y7DFIGaGO3YcR1bHTJdBm4B7jUPMtpi\plAxERERERkQNN34k2xT1xoKWW6qZOgpZFsLOJXTUt+EdQ\fZGPFINVE\l932+8vGbOf2oQzjkkEM45KjTufnxyl756P7H3ZedzLyygznk0PmcfNnd\G+Y6j+68zu4+55\s9nr5tAz7mGR2Tcf\qDF97GqTPB+8Gj3PrQ3qqf8soPX14kGk0AjyHjE+3cNj2ZUwvcJNuNIc8D5rltfGlCIt+YmhTzFsYDrSfFYZA4hHq4bAanFrj5zrTk3a5EjSXFYfDdaclcUpJAfkL8t2ru7wegNNnOVyYmcuPUZCZF1CXBZrAk20lBP7dEznAaHJvrinnlcpcsl41zihKi1hfg8EwnU\u5BbYRzt9yUDIn5blx2oa+vzmuUL9fPjGx37q6bQbfmZbMpRMSyB\C7aAnJNm5pjSJOenRb1luM+CYXBd5Ec+bnpvhYFpK9OXtBszLdDJ5EOOkPwZwQXFCv2M222XjmFwXrr1wtfFAEu0GywoTYrblMblO0hzx1yXbZWNxVuxbhh+f62I\7J6IiIiIiMiIZ\T55Uhx7zjYUkvVjh1U1bYQGAH12dvxSDbQrauVV35M59+8lTv+uRnv+KO56fuHD3H9S\j5xYtIa3ybX37rF+wYSfunvPKDyIsMRLeAHkMMYEqKgxumJHFEtpM\VXSytjkQ9+udttCVrheMT2BWqj3mbWD7TlJGMz3FwYn5Lv5R5WVdy8D1MIBJSXa+WJLICXkuMpyD\Cd67Zx6YREFmU5+Vull+dqfHgH+VBTpwGz0hycku9mQaaTSUl2ol1oOTfDwZWTk\h\n7bREezZhstmcPnERA7P3P25yf25uCSBHZ1B\lntpWtVBjA7zcFXJyaQFeNW0gYwJ93BLYlJHJ3j5C8VnaxrCRCMc7cTbAbH5Lo4c5ybeRmOXrdfjsZtgy+VJDIrzckftnXwTpN\wOfGGoSudP765CTmZzqYm+HkW+tb+cDTMy7sRuiq74uLE0mNmNgsSrRzXWkS3\64lY1tvW91vTjbyZdLEgY1ERrLgkwn356WzI\L22n093yNMM1hcElJAouynAPeJnpvuXxiAp+0Bnizwb9bblaqg69OTBrU+gzgqklJbGgNstaz+\F4SJqDc4oS9K0gERERERER0B9WZUSyLKvXZLVixQdi\PZtpzHvtj1Z3\+47sSDR8z+KFY81FhkIIalkTImWYBlwaomP49VeXm93keTf\euNoDCBDsn5bs4u9BNSaI9rgmuDz0Bbvm4NeazZxdnOfnB9GQKE+y8Wu\nwW0dfODx44vyHNKZqQ7OLnTz2QI3qY6985xV04Jqr8k\dnr5b42XjW3BfidFUx0Gc9IcLMl2cUyOk+JEO4bBgPWwCD039W9VXrZ3BMl32zi9wM2kZPug98FrWrzdGOCVOh9tQYtD0518Nt\VazJ0IBbgMy3ebfTztyofr9X7aI+y06EvC9g5PtfNmYUuxrnj6\e+gha81ejnLxWdvNXo7zURDqEreqenOLioOIHPFbiJnNNvDVj8t9bHO41+DGBxtovjc5393oLYb8LT1V5WNflx2uDoHBdLs117fULWAio7TJ6q9rK1PUiey8bnx7k5KGXwfbqnGnwmv9rSwZM7vbQHLRwGLM1xccOUpKi36Y5Hs9\iJ5va+Ve1l46ghc2AE3JdXFM69HWKiOxt768r59BZU4e7GiIiInKAeu6555g5c+ZwV0OGUSAQYPLkycNdjV5KS0tJSEjAMIzuiQCVKlWqVHnglp2dnWzatGm4355kiDweDwBr1qzZ6+suKysDdAXwmGUAhgHzM53Mz3QSMC2qvRZVnUE6TQsbBikOg6JEG9lO29Am0Qb46oDftAha4dv65jhZmuPE47fY6Q3S6Lfwm6FbJRcn2skcwtW+A7EZUJhg4+pJiVw9KRGP36Ky06TRb+K3Qlf6JtsNCtw2ctw2BrjwNSoDyHfbWD6p\9smx8ttMzgq28lR2fFfORytPm6bwZJsF0uyXQQsqOwMUuu1aAmYuG0GaQ6D8Yl20p17PtFuN+CILCdHZDlpD1rs6DCp95t0BCwyXTbGJ9jIdtuiXlWa4jBYNs7NsnHuuLbltMGZhW7OLIxv+aEygPGJe6dP91SWy8b3piVzzeREan0WGU6DnD183nG60+AH05O5oTSJOp9JltNGVhzPqhYRERERETmQjIQ\7KocvlJERERktNME8AHCYTMYn2gwPnHv3eC16yrj\vhNel1xaxCafEp3Ds+wS3MapDntwIFzlaPDgAmJdibsh7nMJLvBQSkHVvvuL+lOG+lD\17AbgxCX77IcKqvREREREREoumaBFR5YJYjlWVZKlWqVKlSZXcpEosmgGWf8VsQ0HlIREREREREREYZ\WFVRqqBxqbyyiuvvPIHZl6kL00Ayx6JdcoJWKHn8IqIiIiIiIiIiMieifzj\0BXgymvvPLKKz+28yID0QSwiIiIiIiIiIhIBP1xVURERERGM00Ayz7jMMA2sh+dIiIiIiIiIiISlWEYWJal8gAsRyp9MUFERETipQlgGTIr\NOfJLtBgn1\1UZERETGiqRE93BXQURERA5wkRNtlmUpPsBiERERkdFOE8AyJEb4J9YMcJbTRqrDtp9qJCIiImOBaVl0en3DXQ0RERE5wPW9ClTxgR2PFJqcFhERkXhpAliGJMVhkO6wAcGoeYcBk5JtpDtG5gdmERERGZlshkGC2017h1dXAouIiMiw0UTbgc3pdA53FURERET2iCaAZUjGJdiYk+5gTXMAn7n7L0V5bhsLM516BrCIiIgMWnpqMvVNzSQl5g13VURERES6nw2r\IGTT0pK6nf54aQvJoiIiEi8dH9eGRK3zeCsQjdzMxzdzwLu+jEMOLsogbIMfb9AREREBi87I41mTyut7R3DXRURERE5QHVNtHU9HzbyR\mxn8\IyBh4kOxndrt9uKsgIiIjiN4XZCCaoZMhm5Rs556DU3lkRwf\2uWj2W8xOcnGxSWJHJ3tJEGX\4qIiMgQOJ0Oigpy2by9itKSQpKTEoe7SiIiInKAinwWbLTnwio\dvJtbW04HA5KSkqw2UbeNTPFxcVs27Yt5vOJLctSXnnllVf+AMmXlJT0u7wI6Apg2QMGkO0yuHpyEs8tymDlUZmsmJfOiXkuEuya\BUREZGhy0xPpXhcHlsqdlJRVUN7h3e4qyQiIiIHmGhXjSoeW3EwGKStrY2dO3dSVVVFRkYGycnJ8Q6R\eq8887rnpiO3IfIsovyyiuvvPJjO28YBueddx4isRhW3xEkIiIiIjJC+P0B6ps8NLe00dnpJSHBpclgERER2aea66pobWkZ7mrIfmCz2UhNTSU\P5\JkyfjcIzsmyUuXryYHTt24HK5gNBEQOQVYYoVK1aseOzHPp+P8ePH8+abbyKjl8fjAWDNmjV7fd1lZWWAbgEtIiIiIiOY0+mgIDeLgtys4a6KiIiIHDCmDncFRKJasWIFS5cupba2lpSUFNxuN4ZhjKiJCcWKFStWvPdjy7Lo7OyktbWVjIwMVqxYgchANAEsIiIiIiIiIiIiMsJNmjSJbdu28eMf\5gHH3yQTZs2EQgEhrtaIiKyjzkcDkpLS7n22mv55je\OdzVkVFCt4AWEREREREREREREREREdkP9sctoG17fc0iIiIiIiIiIiIiIiIiIjIsNAEsIiIiIiIiIiIiIiIiIjJGaAJYRERERERERERERERERGSM0ASwiIiIiIiIiIiIiIiIiMgYoQlgEREREREREREREREREZExQhPAIiIiIiIiIiIiIiIiIiJjhCaARURERERERERERERERETGCE0Ai4iIiIiIiIiIiIiIiIiMEZoAFhEREREREREREREREREZIzQBLCIiIiIiIiIiIiIiIiIyRmgCWERERERERERERERERERkjNAEsIiIiIiIiIiIiIiIiIjIGKEJYBERERERERERERERERGRMUITwCIiIiIiIiIiIiIiIiIiY4QmgEVERERERERERERERERExghNAIuIiIiIiIiIiIiIiIiIjBGaABYRERERERERERERERERGSM0ASwiIiIiIiIiIiIiIiIiMkZoAlhEREREREREREREREREZIzQBLCIiIiIiIiIiIiIiIiIyBihCWARERERERERERERERERkTHCMdwVkL3jd6u28chHlVQ0dxC0rOGujoiIiIiIiIiIiIiIiOwFdsOgOD2R82cX8dW5E4a7OjIKGJal2cLR7K0djXz9+fXU+yxwJ2I4HIAx3NUSERERERERERERERGRvcLCCgTA20G2y+AXJ85k4fjM4a6UDJHH4wFgzZo1e33dZWVlgK4AHvW+\vx66oJ2bEmJoXlfCzCscBmOu3TnUV555ZVXXnnllVdeeeWVV1555ZVXXnnllVdeeeWVV36U5A27A5JTqevs4OvPr+edS49ApD96BvAo9rtV26j3mdgSwpO\of+EysjYQHnllVdeeeWVV1555ZVXXnnllVdeeeWVV1555ZVXXvlRnrclJFLvM\ndqm2I9EdXAI9ij3xUieVKwLCsiC+EWFFilFdeeeWVV1555ZVXXnnllVdeeeWVV1555ZVXXnnllR8DeVyJPPJRpZ4HLP3SFcCjWEVzB7bwM3+N8L8Z4f8qVqxYsWLFihUrVqxYsWLFihUrVqxYsWLFihUrHnux4XBQ0dyBSH8My7Ks4a6EDM3En7+APT0Hg8hvgKhUqVKlSpUqVapUqVKlSpUqVapUqVKlSpUqVaocy2WguY6t13wGGX08Hg8Aa9as2evrLisrA3QF8KhnhP+jUqVKlSpVqlSpUqVKlSpVqlSpUqVKlSpVqlSp8sAoRWLRM4BHue4LuC1UqlSpUqVKlSpVqlSpUqVKlSpVqlSpUqVKlSpVHgilSAy6BfQoFroFdHavL3pYoFixYsWKFStWrFixYsWKFStWrFixYsWKFStWrHgMx4Hmet0CepTaH7eA1hXAo51lYfX9p+7\MwDllVdeeeWVV1555ZVXXnnllVdeeeWVV1555ZVXXnnlx1ZepH96BvAYYGBghMtesaG88sorr7zyyiuvvPLKK6+88sorr7zyyiuvvPLKK6\8WMyL9EdXAI923VcAW2CE43CpvPLKK6+88sorr7zyyiuvvPLKK6+88sorr7zyyiuv\BjMi8SgCeCxwIj+bwaETg7KK6+88sorr7zyyiuvvPLKK6+88sorr7zyyiuvvPLKj5m8SCyGZemrAqPVxJ+\gD01c7irISIiIiIiIiIiIiIiIvtRsKWRrdd8ZrirIUPg8XgAWLNmzV5fd1lZGaBnAIuIiIiIiIiIiIiIiIiIjBm6BfRopwu4RURERERERERERERERCRMVwCPBYZKlSpVqlSpUqVKlSpVqlSpUqVKlSpVqlSpUqXKA6oU6YcmgEc5Cyt8FbAVfiJ471J55ZVXXnnllVdeeeWVV1555ZVXXnnllVdeeeWVV175sZUXiUUTwKOcEfFf5ZVXXnnllVdeeeWVV1555ZVXXnnllVdeeeWVV1555cd+XiQWPQN4lLOsrq95WBiEvxGiWLFixYoVK1asWLFixYoVK1asWLFixYoVK1aseMzGIrFoAniUMyL\zwDDUqxYsWLFihUrVqxYsWLFihUrVqxYsWLFihUrVjyWY5FYDKvnElIZZSb+\AVsyWndsQFEdqZixYoVK1asWLFixYoVK1asWLFixYoVK1asWLHisRcH2zxsveYzyOjj8XgAWLNmzV5fd1lZGaArgEc9YxTHZv1qvHXszpWMPSkLR1Y2Nmfvx1Tvve37CVZ9iI+JJBRmdf\7bsubnQTrWjDycjH26vbHfhzq30Lc0wq6Hza+X7Yf0Wd9H3I+UtrH6qzDX1dNoM2H4c7EkV+CI9Ee1+tD7erAXjgDV6pz9+UDDfg2bYVxB+NKi5KPFe\BeLc8m+ncCa7SydgdcW5vL8TRtrsvtzdSY6u9joCnEbOtBTMAhjsVe2oujswMDNvw1290xkEsz06CrvE4EkZCffZRHD5nBBlIfOdzy7OZjijHZN\l8Wymc2cS7mkFgzzf9O6XgZcf7bGJ1VZPoLkBs6UNk71zfNO6A39dA0FvAFImklCUDgfCeB\OuKOaju1VRGNLTMWWHOpTbAfI+5vlxWyowtfUiBlwYc8qxJmd1b3\MV8f47xluFOxJWbgyMnFZh9oeQe2pHTs6bnY05K6txPt\SBYvRZfMziK5uBMsQ9+f8dAbHmbCDQ1EGxvwvTR8ztbdi62GOd7xSMwjjgm7AWzcKW7oy\fUY13exUWGd3nokEffwAEMRur8DfVEvSBLTEbe04hjiRn7PoGGp01W+sAACAASURBVPAPYlt0VNO5vX2\z6iWLFixYoVK1Y8nLFILLoCeBSb+PMXsCWlDnc1huzOMxZwbnaUhBnE09LI62+t5YpPEnEk2aMstKfy+MtFk1hMPXc8tJEH+llqfFE6dyzMo\Lv5XxrH9RiLAv1bwuP3b9+v7bdiO8zfwenlM3g1nn55LoA00f5++\zxZWw0z3gq7uPG0\5Gg5+wbvbH4WZNYU1i7OhYgtlz9UMqmp70naXnXQotxTDm2++zxfWDfLFe2C4tjtiWD6Cu+r5wimL+eqMHEqSwrNBZhBPfSUPv\ABdzbmYnfGXo1EkZzATYdPYp73Y85+c7grsw\NPog1izJJG3DBNh67\6MBzw3xHpOh5byDf484UPoFABOzvp0rPzeHL03JJC8h\HnIDOKpq+Thlz\kzvqcIRzfJl8+YhZfn55Gmg3wNnH337eRcsC06zBZMpPNM\r53B4I4mmo5OEXP+Ku1mwMxvr7m4npcHLv5w7hlFwXAN7GSv7wn3Xc5Ukf+A8a4c86Uc9b4d8jXnxlFddVZ2CzDbB8wEf51g388bntPOzM7v5SRS\BFB64cBbHpkJN+YcseKX9APujSxCzoYbPLjqMa8vGUZLixG2jp61ffotrKrJxJERrPBmRIo4J746NTH+2PuqYLlowjf8dkgH4es5Fgz3+MDFNG\eccginFCWGxk7AR\na9\j6q0E+TXXFVc+4trVkJptnuMfoeVNEREQkOrO9RVcAj1L74wpg\ZY2BhijtOziae5gY2PPT4XPIC09h1NOXMrrxyZQFNi32yfGcicdPJklWc59sv2xXva1v7Yb2Wf7c7vxluPLZnH34nzSAm28Ut7E+k4HU+fO43cL43t9l7SpM1gxpbk77m+5wdRvT8Z7X2N9nI2M0sRyJbPi2tO5fW4e+XhZubmep8sbWNls4s4t4Yrzj2dFaUv37WFGRr1HSTlxPOdPSSPdNkLqs69Kb4BNjZHvwz68AD5fr\fmjY1eKuNcL3t5uQOyXwDD7+DOLy\lptk55DmhIvJzUl4JV5x9DCtmBAa\3uQJXDwzjTR\O6+U1\P0Jg+rD6R2HeaSjs4+x1YHFQF7qE9Pn8f1LpNohrvee7U03fzmtHmckmujoqqB56u8eDOLuOKUQzjXjG89QJTzVAcbO0K\Ryw7dRE\y\PFXr7Jj8dwMXXKbG7\0lxuzmmPuj1rYiazU8EbgLySAq7yjpB23E+lZYN7LjmVXx9VwtQEk3WV9TxdXs8rNQFIzWHZ6Sfz4qIgZnBk1FflIM5HgDs3nRv80fImV4\LINKQjj+vjTuXzWNZsRtPfRNPlzex3udg6tzFPHZaFkXx1DOObe1Wv33QXipVqlSpUqVKlSO1FOmPbgE92lkWlmHsXmJhEeXfR1A+xMdH6z7gCx9ZEM5jGBSXlvLg0TlMOXgWP6x9k4s2Jva8PthKoK6SYHM7Fi5s6TnYM3Oxu+096zc7CNTvJNjSiOk3MBLSsWUV4Uhxh7YTrR2tdgI7NhEgB1fROGh6n4C3DAhgfrqKjpzpJGQlYRkGlreRQGMNweZWLNzY0rKxZ+djdxrh\fMRqPoIv+sg3MltBKp3EfQZGMmZOHLHYXfbetrH8hKsqyTY1ozpszASM7FljsORmogxgvsvvv7tZ5z2er2F1bILf1MjwfYOwMBITMeWWYQzxR1+nY\Azoj23LWLoDeiPV02LMPArFsV0Wer6cw+iIScFLAsTF8zwYZqgp7+xk2AYOUH+BOm405qwb+rlqDXwkjJwpFdgD3BMYjx1X\7XDQ1FzetPPfiOq7aacG4ibxyagFTi4th9fYB27eHmyULZ3DmRxX8PdnWs1w\7T7Q\gcb+h\v+D3463f2jPf0bOxZEeM9sl7BNgI7txLweMGVhj1nfE+7RLZfYw3B5rpw+2Vhzy7Akezuvf\BDgJNUZZLcXe3z+7jzMJs2Iiv1sIxvhRHsgOsIGbrTvwNTZidPnAlYUvJw5mVCfaRefzElfc5uGfZYSxJNdlYvplLX66jovv4MyieMZW\LM5iyXFzueWxDdzZFn\7my1b8FYl4pqShrlrK4EWLzjTsOeOx5nqxmytxF\bgOkzMFJzceYXYLOF1m+1bKKzKhlXaQpm7XYCng5wp2PPKsKRlogRuX+WNzQuWxrC578c7Fl5OFISu\fX8myic2d4fXWVoXHoSMSWmo8zJxvDiGgfApiNlaHb5XatLzMPR2rE+iLrF219NgurcxeddeNDw6p1FR2fFuE6KB+bYWG1VOFrbMLs8IIrBVtyTu96jJTxEW9+wybOLO95\4Vi\nN5IVNa6jjhHxU9\25Z4G8m0FBDsK0VK2D1s\9d54JW\Dtj9H+094eB+s8bo188VfiaYvTLSG3\WPnDSjkjz463sZYr\7qJVyKO71mHzmTFvFSWHDKBBRsreSvO86vVsonO\PFkAJ6KNVzwuzU48osITJvXu10LffiqAjgnT8Lu7DpePfjLNxJMK8VdkN49Lsy2HXgrDVwHjQ\1ha+ZQH0NwfYo48QW2r\u47oEAtVVmFYSjoKDcCQZWFYAs6GSgCfKOBhJ\TPYfHjIe+p2csKzu3p97sVyccNpc1ien8dpC2q457XWnmPEbCdYXUWg2YPlcGNLG7f7+1fX+6WnLnRe7ntetyzM1ojzek1F6POA3Y0tPWJ9XfU3fQSbdhJo6v\91zIMrPZq\PUNoc9vjkRsyVk4cgqw2Qdon4MmMC8LvJUVHP1MDVhBrv\sAq4uymTp5G08vmWg9g23Td\zVPj4WHrcIfx+chonzy\k+mfr+l\essBIYflnp3NDYT5fPKKdV5+q4a1e5w0\y2fkk0cHL1fCMRNyOXnhp\zmfedu9bM6qkO3Vu9qj6QsHLkR7TGSx2d\eYJcunQeywrseKoquPDfVayLbL8JE\jn0nHMmjeP3zet5rIt4c\VZjvB2mqCHaHfb7rHR27P5wU6dtKxvQPnxHHgqSTQ0IzlSMSeUYIjOwU6avDX1hDs8GIk5+PIG4fdFfH7nhXAbA21uekLgDsNe\o4HBlJPZ87vbvo3NaGsyQbc9d2gkEHtuxJuDISIdAaOle1hT7P43BjS87BkZOHzRFjnPft15Hcf\3lu85HXj9p7iwWHfoJfOTs\XrnOA7LBa8\iNvJkI8\a9E0zs+z46naxoJ\V4eXz+Tec6ZxUmkJV7+4jm\1O\4it7Uduj7\h\NLPzMnvK0irn+2JvrvQV393N6I6TPA7saWEtHPpgf\lo0EMg4iITul9\Y7Kums8OIsLcXusLAwsTw78TU0Ynp9oc836QU4MlN6Pt90jeviTMyaHQQDNmy5pbjS3ZgdNQRq6wh2eHvqkZ2HzTnCxofyyiuvvPLKKz+68iIxaAJ4tDNC3\SwDCNchmP6xCMw33s\eucrNm3isvwEXpmVwhEzJ2JtqsEGWN5dTJswk19ccixTw7c69bY38fo7q\jyh0nYEwwM\ATSMllx7hHMT3N232Zq+9aP+dErzTxrudntvueGHzOtiBcvPZaphpfn3\qY5plXck4mgJvzf3IV5zfuYvLftmB0ejhlzkyumXc8U8O3p+6qw5c+TMSZYMdiPI\cdCSLWzbznYpsbixLD91msbOF199Zw01rDaoTDCzDj5mawYpzF+9W1x+\4uHfOEds\+1J\0a+nuZObvrcUi6YkkFa1xkp4GP71k\57j89vJ7iwDLia8+7rriKc7v77ErOb9xF6d+2Ynlb+OycGVwz7zO79Vlo3NgwKOKRm5ewuGUL36nI2m0bN681qYp7fPXfPnX+AJBIbqoHc6sfM2kS+YDH295zPMd4fUg7b1a5WFxYzDdPquGvrwaw23uW72n38Ovj2P8ffbW\8b6LqRNm8MsvHrfbMdc93o2erVrOCbz4jWOZmgSYPrZv\pgfvdTAsySF6me2UZCVzQ\OWMySbFfPbeA2fsz\PVnHG9kpof032yjIzuIHZ0Zbrp43spMj2qNnf2nxc+clF3B+gUHF5m1c9GIN21r93PT5E7lgYkpojJlBPM3VPPziBn7UmBRzfI7U48sAzLKJnJwD1NVy2Sv1VPTJV3y8gXsnzOXOwhRmHwSsib\9Lz\7TG4p7uDJf9Yx65JjmZoYarftmz\hu49VMuuck7iiNDl0jLQ18sTLa7l+ZwI24LKzzwq\tpbZlxzHlO6xsJ4fvdTIM0boOYuW1UZhVg63nbEoah+\nh1a7rJzzuquy+wvHsOUxNA49DRU8shLH3NXY2p4v9sJWgn87IvLOCU3xvrOjmN9xx9P1fQkANLmX0XV\HYeu\8DvtXi62cslXNXY2j\R8r4GHq+9yHVnQ\Uc+Ssg\nO4cd3nwswg3iaqnnkv+v4oSet121lTOcEXvpG\3fsxEj\v6L2i8f8q0WLzed1l+\JIb6ZcS07yDyGW7cQHnF+7xMWq\xte79ClZOm8mJmZmcTCVvxXl+vezcc7ilKPxmO2UxVT9ZzMamdqZk9G7Xt7baWTgR3nh1FRdvsIfqM2kOq756AnlttXxvxSZWAJZhctrnTuFnUw2ef+YDrtzawJGzZvOdw3veb3qPk\TQeeKcs7iluJ1nVhkcd2g6bkw2bt7ECS\tIGi5+dmX+o6D9fzfkw28np08cvpnCPnIg6t33stPNzVwUX4OGcnJYPRMAFvk849rj2Zuas+56uGX1vPjxrTQ6+N8v+x9Xl\K1MQo68PAsNrx4+LnXzw96rHYtT6j08P5S47mpjk9n9+87Y0888IarqtOxB6rfWqCNAO5iQZHetp4NWBRlGAHs5MdW6O1T5TPjz1NuVv+lbebqJicSHFiUuzlDQODNn797+3MvXAySwvyuXxSDW9ti8h78zmmwA5tnTy1zmTKhERmTyxm4XvVvGWPqF+nh\OPGKA9Rvj4jJrPKeHiUje0N3LHv6tY33f8bt\OVRvT+M\0BEpKcjG2NGBZLYwrmMjvLjiSqV23iwa8bY0889IqrqtOCbXH8cdRNcPNG69\CrOP4oiM8JisLudH\9hI04Il3DE3M9SePg+vv7WOiz4Jzf0Z+An4A3zrtBO5YFJK6POI6ae2ais\e7KcR9zZofeXzxwb2sbqBg4qO5FcG3h2VnLo0x+TP24C9114VJQ6vsf11WkYhjHAOE8Kj\MR3H8x8gDUtLGxOIPZxeOwPqqPeL80WXB4NlNp481qJ4uLQx0\lOPvotxEvKaf1Ruqw8uZ0P4J29qmQbo93J\91z9ya33zr3ZvK7E737O4gWG2xOjnVVxfnYpRfChvfPV4imu3cdST1ezoXr\FohOOZ8WMRFa+tZoLPwxg+gLcfHq0MbeRh91ZofYLj+vXVzcwreyk7jFX9rf1XHjEUdy421h6n+urk0PjbQSND+WVV1555ZVXfvTkRWLRLaBHO8vCsiywzHA5euLIfYiW3\5GE6t9QHoKl1kmluVlweKjePLzU5nq8LJycx1Pb26mwpHBcUuX8sISB5ZlYfmzefj0OSxJhYrqhtDtUNttlEyZw90n5GOGt9OzfS9Br4u\nDqNqTY\K99bz5XrOli9rY6XG4JAJ6vL63h6WxtYbRy5eB53H1XCVEcgVIeKNjzuUB1eXOLovf7MCXz3sFSaaxp4erOHClsqS45azB8XG6Hl\Dms6KeuPzkhP7Q\I6S\9nb\dpXXnXsUV0zPgFYPz5fX8XRFCxWmi5IpB\Pjz2V2vy6e9nx\tz5rxbLaOCpGn4XGjdkzJDJLIrbR3L2NPyw2BjG++m+f+z\0UIGduUvmce\hZaw6Oh93ezP3v1kXV\uGBKl4rZKVXsibMYMHi5q6x13k0A7F8e1\9PHu5fDFR\JUr2PO033M9Yz3rv52ccTCUkqCLTxf3sDK1nC7fL6Ew\2h+gWzi\njsjkcl2ujprqBp8ubWOdzMHX6HO7\8gSO9IXWF1qurJ\lSsLLWb331VPHFz+\kPML7NTuqOALL1Sz3fJx6bKFXDElCa+nmefL63i+OgCZRVzx+UO4yjcyjpehxDdMzMJNkNXbN7O9n+Ufe3YVkx98jwvfH1z7h6Rw8sml5Hubeb68iXWdBiVTZvHjq4\hxskONm6t4\kqL57kTJYdP5vl\vD2u187heJeY6GMuz9fwgJfqH5mdjF\6FWXxl51OcrXd32l5HlbQ+trCpCWVcRXl05nYXh\rcwSXrh0MctybT3HZqttaOvb1cjT21vxArXVdTxd3sj7lo8vd48lT5+xdDDLfSNrfAw9jjysevJFZYdz39KSnnNBeSOr26xQu50yh3OsyPZ1sWRhP\3vNyOWo3v9cfVf1H7xDtAvw92eexDv8lMLlBRO4YKOj\Du3EHQ00TQGwCrmSsfeYvJD3zArVb8x\e6HXXdbehtaODp8jqej9KuT+7swIObqYVp3fUpLEggDyA5kUV54fqaqXy+IAnaOnl2h0VR2fzwOPH1M04i+z+DUw5NpqKyjuerW1hdWY+VWdzPOCgLj4MR1D+Djvu+P0fkfc0U2Oh5zmXEsXTEkplMDbbwfHkdrzSEzlVXLJ3OAmso75dd5\WWXue+yPWZmSW8eOkR\RyLPetbcPQ8bp+bAR0tvFLe9dkik2Wfn8\P8gZoj+YdPL\LhKyJ\PK0cdzzxaNYlm2ysbyCO+Jqz77nqYh8oI1gsh83ALaBl7cssHZxf1U7kETpeFuvfOHCbOa6obaunqd3bGNlI5CTy2WTAr3qt0ftMYLjhTMzKQEqqnbyeD\LV7zxATMefJcTXqnDsiys\Jk8cvpUZifDxsq60Bhq8ENyJstOnsu3kyLfb1zMW3gw81wdvFLewEpPgLSCqdx44THcPT+Vmp2htqy1pbHkqNnckxfefls6v794KVeUJuGtb+Tp8jpeqYe08VO5\UtlfNkZDNcvfBwdlgc1DTxd0cLqXbsw82fwaL91nMctSaH9i92vw98\e34+amRlbeg20NdHnl9NF+fkp0JjG6\0eb8e7PH30HOrmfHAKr68wcT0bKKzo4GvLjmK8wvB29DKUzHrG3ne7JMPtBJIDnRvq9fyXeezmP08N9TPO7aHjuvcdK5yR6zfdPKF\DRoa+WpDyxoS+PB7jHX1GfMzeFSZ6DXuF7Sa8zVsPDoefy\qGPp8PC4HknjQ7FixYoVK1Y8qmKRGHQF8KhnjPIy1n500uwHkhOYggH+Ar4xOxN38y6ueeIDnmrqem0Ov\3SoZw0cxLLV27k3kPzOTgRtq99mc\8Lxmbyw5k8JsLp3NizjiuppFfd2\HwjSTWHHJPJYkB1j59kdcuNYLGDz+zkbSsg\jmCw\5S9v5FsACZP5xqGZuL3N3PHExzzgCa8mdwL\Nw4Zs2cxPI3N3GvM7x+h0HFpxs44dVwZdOK+duZRRw2ewrL3x6orgVcTQO\Htb+2Zf9CzCZIwrseJtquPLxzazsWnz8ZF49JY\irHTA07P8QO0Ztc8mDdBnE8N9RnzbGNT46luamGuf4+fFp\OTmZmcsiCTmu1bufbNap72DLJdPTu5eU0m\1yQxnFLZ3LW\dv5e4p993aPd\+jtZ1\3ADH3OTQMefoqZd3VyUnPFVBBQBubvj8HJYXjOfqmVW8vcHBbUdMDU1Ev\1h+FgDSOaWZbO4LG8SX5tTxWvrnXEu5+rZVb+HL596LN+d4sJTtY2zntlJBQZQzLHj3FC\ldP\vJWqpAQMA5aeMJffl6RxxHy4d81wHydDKe0UJ9qBdio2xD9uBteudry7tnHqv3eG+rPruEwN8PR\13LtttBSN3x+PssL0lh8sMG9H9P9WlpquPKvm8N\OHSHbm9aMJFvlFVx9joHtx1xUIy6TORrcyr7rwtu7jzrUM7NSeO0gMFbDh\LF0xiqqOd555dzRWfdnTv8zGnLOYPB03ka2VVvLbOGd\6Pq3gWkcCa0pSaG7YyLWvA5Twl5hjyeDeNXurf4ez7Cv071+Zko072MHjL6zl5h1duTTuOWcmp2UkcZhl8NeIVcQ+Fzj7rD\e\jvA+uXTLdw\cTY3TJjM7ddM5nvtLZRX1fLh9m088d4WVprFODJTu59sEc\xffbarawMTGVNSQq0NXPty7tCi83q267FnDM3g8MyUimilUoCXJybDgETryOF4uIA1DghP5spqVC7vZGngdsGOU5qt27khBe63lx8LD8p3uN4BPTPkErAu5PODWt6YnI47th53D4vBwiwbseuXst7qys59emuYyncljmZnJtcyVtte3he7z73pXNaoJK3HH6WL5gYow8m8bWynby2zslp4zOhYyc\+16fp+ajGGD4gUH85+Dk5g9Iw1qWvpvB38NP3ziE46+bCazp8xgmbeVJ1\dxPXd24vzPBVspnPD6oh\SGPJgjJuOq6EPGBjXT3R7b7elW0BADJSc4DwcWEFWT4hG+hg9bo6AH5d08Y5mcnMnpyKta3rmcHGnrXHCC5nJjgBHxW1nrhfd25ZDvlmgJXvrOLCD+m2\HPzuaEwmVkTDEKXEoe4W+v48uMbw58XivjbF4s5LN3Om29\yBfCY3rRsYewYkoqs6cANQYLj5\AcalB1q16l8\+r6V7XcWL5vHCgkIuPrya37\u6\53b80uznp6W3jcw7knDFRHYP3Y7ddID+xq4aLcLBYf5ueeD12hfG4eh2XDxk8rISkj6uviP\56tnv5uedwy\jwn6AatvHtf6zjTbK6j6N+6xlspnPD+1G2VRyxrb6fY4w4xiKw3sevK1s4JzODuWUmvBW6RsLKGcesrND72+PAwuMn7tGYu\OsWGMpNTyWYrWDSpUqVapUqVJlf6VI\zQBPNpZVuhYtxh9Zc9O9LNcFTUdUyA5vJ9zMpnqBk9jG0sPnsDSiDU4vUFIT2PxbIt7G02agZKD5nNv3Rr+uGozb3Zk8ZX7d2FLdIUfUWR1t9\SMw5lSaqPVW+s4cKPgtHr2dXOB2cy2wYVFZU84Imod81WHqrK5IcTsjhm\kbufT\8ws4mHn+1sWe55u08tyuPw8ansniWxb0NEXWtX8Mf393Mm94svnLfLmzJLoyR0E\7rH8Bawtn\WFL6BtLQR+W14flb8XcYWPbMXkU2+0swmKlFWd7fhJlu5F91hxxvNRu5aHKTH44MdxnayK28Upjz3KeiG3MjHd8Rd9f0wpy6\ln8aViF97OACQ4yMt2kb3DC6leAlursbKKcaYlxNWuFWs28qviQ7ilsJhvnlzNX18ORNzWIfSNsPj3P2L9XeM9nmPuYIt7u\+I18mbn2ynoru+ndy9rYmLCrI4eGIefJrAvHyguYlfre2M2K9W7ljfwGlH5zB7UjGss8W5XHX3vqaNn8+NU5LwbN\A556tZ0d3u7VT5wWyC\njZ+r47RvlPLrDxgt\9zApKRXDvpfG+34v88hNAgjSGdmvMcvCQbarj4+2V\X0Z0UAL0BzM3dv6zmuH2\ysrzAQeiE1TWO\Kz6ZFPoj7kWYHRy9+YmLsrPYmphHqyLGAtrOiPq2cod6xo4bWm4Luurw+vz8dG2qtAf0cLr29Tqg6wEig+xYP04FufaocOLmZfHPXkRg9X04SWZqeMLYF1dnOvr2g96\seKGEvH1\Hb\5XzaJWNF\7mYVJKeBJu2MfFXiq79fTzrU+8za0GEPRj+TuxfJ2YHRtZW1\KaRkG6eMsqO56fSdvfry9V\vevTXiXLChoc\5ZrD9d6D0SycPPPceK6eXcPW0HBblpjJ7Siqzp0zm\GOPwVO9gbv+Wc7DVhbGoI\vrv61+vR7V7tuZ3VzEYdlp3Kxv4o77fnMTAdPdTMVhZmUZOcD9RRNTqIEP29WhibMBjdOfJRXNfZsdrDjYNj7Z5BlWFr41tu7M6ndVsnNH1oRy\tYtSXyfbWZdS0+TstwkTvRgo\28LxudbKpLXzum2PBR3H2wUd17PCZkJXHV89qxPXyR\xis5\NjY1MeyMDmz1GO5gepk2dwe+OnUCJLYDH6yDNncis5BbMoB2jdTN+TwKOokJssY5fgLwZVP1kRpS2BE99NXe80hzzvNar9HjxdOdDx4WVXcziXKCplT\vCL2u4v0W1k1NZlZJAVd1buI3CaGXDLk9Rng5JdUN+CDYT7tFKR9\fjWPG0AwiBVox\L5MDvbuKdqGjcUpuF29eoQKqq380p3v\jpNIFOD69EfD5YWduBZ0oS2Cyw7Jw7Lg1MD51kcc+RWRFr84Y+p+flYVmhrwICVNRtjRj38Ph\VvO4BVhBLN\Z+\O4+Qq60T\f6qql3SW7iy9ZessJCEkAQJBZQkCooIIIjPuI86ooOPA7w4X547LzB1wHPHemUFn7sh15meUEcYZL6JecFRQICgICIJBCJDQWbs7S3eS3tLdtZ\7R1V3V29Jd7aurv68X+KTp76nznnO+T7nVCXfOlXdBMk46e4uvro3Z4wFnNd+AQ0vd7F51QzWLJhL8NIBQkGa80+voC7dyb2\jULv5arv78\Z\ljOv2xberiTB7cGVFXO4NzZi\jSByNM+e5O7k5FjjzOo23rF+3DnuejzXPvMVg9dz7zgz00hVK868xZ1BFj4\b9wCjnHIPmXO\xCkFjbNBc2pZge1srpz85k3DxCc6vra2tra2t7eRqpSOwAFwoQiO0Ezpew8KybCcEzJ6S+Wq82qVcV8swIlRXA6\t5t5dM\j0ollcdfllXHX5ZcS6WnnutW38x9P7+UnJ7L67ZSirYn1Z5rnLq0tJp7v7\zI\3PhKI0CKlrb2IfH7uhL8D6ZQMT1n+a4oGwbt14aOKJ9nBtVVg8b6lsu46i2Dxlqc\UR0XubnxMSDw00kksVcuWI+ly+qoq56Fisqy6kqBULFrAaeHul4Muh4bmGo3JwN2v593Tk569UVZcOg8fdtoxp4cgzzK3f\0wk+\66L+Oi8EPWvv87HN3ZyxdVn8fl58\jTdzfx02eX8t0vXc7MfXtZ+58NQ58\aL8zReIDoAAAIABJREFUYmz4ZROXXbeIC85YzTfrn+CG49n\wdsZzTlXlTuuBM1bBo3zxSjNb4JlU6dBKExpGGJd3f13e\dub0uc9kugakophBi4XGiE5fp3kjXLMv3SOdN5W1czd\fdDd3Ona+1cs55s1h+5nnceeZ53JmM8\rOnfzk2S18pbWSSHHO+nNbRng8L+J7aOheBFNCTJkGdI\w\MRB4nvbCc9ZSNG04lEf\z7pYdabTpM7QxvSKaBo0HJRGn6X\XPv4y9Fab4AlpXPAHJyPHj9W+O0X5qT497HgyMdn2lUlwHM4qp1sxhO6YwK4EDOfgxa34jnWe\jOXNpzXncuSZnLj23ha8cys6lvJgfJyGe7CCx7xAXrJjPRStOY0X1LJbPmcGy8sxOl88hU9gLwYBrQe\zfxel+fzstYBDg9Z\DPnre\4Y85Kvx\cI8c1bdvOpLbsz\apZXL+kkisXz+SC2hV86UPTKfv+Lr4VPYbz+0jbBe491MUNVRWcuy4B+6azsAwaWndQP30Wqyumcz57uax6JsTb+W3vnVW982T5fC46\QjzZNjtj2EejOH45VUcoCdKfU+Q80CalrZOnnq9mbt2dTHEcNfhvvUXD\96CUe+rg8eX19\9Dm468Vmrpxdy+olq\jMklV8Jhmnee9efvz8i9y2aw5FZeFhj0960Wq+\fYFVEfbufOnr3DX1NP42VurWb52NV+u\zkHrn4Pn6hJ8NDjL\Ffdw59\gDxOPWHUwMe6ujq5OkdB7jvtXYajnpd72+DmaWUAx2h3vcPKd67too6YPeOp9i4tfeW9nqevfh6Vs+v5h0XbuHrL2Re\454PHbPoWhKePzn3zHEt3UnYHZAEKQhFB4Sz+jMfIhx1kKKK6ZAupvU\h2cXreIy89cyorqCtZUz6SuPPOGa8D7biCWjh19fLnzlsrMh+DC5axbV846hjF9Bh8Jwb3DjpfMGPdlx7hmhDGONa95mL8jxnt17OGFg7Wsrp7JrYkDfDVSyvVzy+HgPjZ0wBUn6vwLwV2\fK3vHyovfetavrV0AZ+8tIO7H20fefyj2dZI+z\KPPcdg6oKbirbw+e7y7l27lToauWBrTDqOcegOZczrrt+18yVc44yl4bb\3ydP8aNGzdu3Ljx\ItLw7AAPMEFBH03XWX6A8\9API6nnkw6PuH\QHxWITyMiCWYFsQ0FtVe\2lx7niqZKRt0eUDQ89z4aqGm5dU8mV86exsGwW69edx\qVe\mb7+\gW33\8JamfstOts1byhXLl\PN157gxj0zBqyvb4w5\SCVgiA8YP+CdPYPoYD+T0hnvos\lLu+dLqvF+SM9dNrKrli0Fi\+P0d3N3\7Xt5l79R53ek56fifOyKt\Pnq8szv9+UThNLpWluO0xDxXQW9j1\lMczZ1GCYMD2glSKIAgP2H76KDnr3b8gZxsEo5lfwxyfZSu5bl4Empv4+GMtNADf+NHrLHv\6bxv2bn836ok1eEIDd3tA+bb4OObe1wDINTexGd\O5MfnV\B5ZeewXueTefEgzHsf06qerc\6Jwb\nzLHVyQuUMknBOPpwiAWCrIWX+yf\y9j6UyyxEK5eQiOXT+pLL\+BMKEdB\7Ygd2s8dbRV8Yek8PnnlHr75izihcGb9DZte5ZJN03jfG+dz7aIKVleUsHzZCv502SLO2\g8128dZn9GOP75FM\8o2wZC5Z0w8tlwz6fc97EK5+soH1HI29+rDcwiuOfOxf6rs9B\5oHPz932d65kO6fC5nNZrcRZH6nLXcsA\YvJ8cjjaVv\oez+55y26W\KCx\wddDxCA584cH2DtjNg5mX7uXPpXYsqWDPCXOrbXh7Pn5HjA\OckWLuipX8xycXUZd95xhLpIlFe9jcHmZ1BUfPf6L\WtA7fzKBnJEdY\4aNr3KmzdN4\1HOMfz5\iONp4gvfc1Esl5lC6YA73x5kPc23yIe349hY+8YxVfqJvHB87dyTd\1fvEsZ7fQd8f+0bSO9\re2g4fRrLa2tIlU2jjh4e2Bxl4\QY1y6ZxrXd81k2C2jv4u+DgBAp5q1Yyb+PYp4MPH97979\Hiz+QWPu9MnD\Bx7vKOlibf9dP\Ir6f0n0aZTtB3ozaDHu\8zCvl8mc18tBeR8wvgHrG3oujrh\O7dzzd17uODsedyweCbrqqZQvXARH124gPWbNvH2X8eGff5frFtANVE2PrOZu5oB6vnYc6X85\mz+OA1V9NcVkppKk79jkH7M\j4AHS28Pb7dx35\QmD5\fQ16+AFNeUZiZt8+GDBASE4jO4smYqAHXnXMuecxhizeI63vRsE89EjuF45On8HBx\+HCczzONhXOKCILUgPfHfctXrebJGy9n5v69fOzB3TxXNY8f\9HlrCnLLpBK0xGNsbktxbmzs7dM5zx\0EUh5+FgmPHmvLvtaeZL365nQ+jI+R+8jQAIKufx4z8cxRh3bufqu\dw4dnzuHHxTM4dJq8cx\Ed93gQEATR\q+BPifGV\bVsXo2bH55Dw1BMPL7o1Gef6m2rSTbZ1K8qJpwzvYf\3UbDUvLWDhzJgRtA58\+PqU3daI+8Mg2bGmR5HnzPU1ym17D3N91UzWrAoIWqpYMwNadrXwQBD0vz71NPM3367nWzkbHPH6lPN6GgLIuUaMNJeGPb+G21\jxo0bN27cuHGk0QkffRHls8En+0TrD9YXT3cx9w0VrAlD7FBn5q7PnjQxoG5mTV\NL7N8mvTB14ju3JOpKUSbie\cSrJxP1\ZuJm3\9uznHHfZu5qSsC0uVx3Zs4Go63c9\g+PvVyOx1M5fKLTufNPf0fMR8y\iRAhKrpRQMvtkGU95YWAQmac28OLg1xTSLn+UEPH586BYjRsB9COWO9c5ix\l7uWEdxPPOtP9iQ5Zev5JOryyntOMgdP3qBpd94hjO+9SyXfHcPzcEwKzja8Rxuezk5GyCI8r6j5CwEMGgbY5lfA8YztYhSoKOrnd198VY++9AOnuqOUF1RCvFDPPBs+\DPP0K\4cVtfG1PEmbU8d9WHvv+D1n\oHOuP54552I79\TX3wEoompR\29fhUiTXlVEDdAR6yEExNJQWlbEmxKD3swsDlMBdHRn\iEtd7nc\QkWhzN36HTHcp4f5\lXtnHvz\fxdBSqV63gf1d2ZfPXRbLxVeKHDnDfs1v5g+89x9oNL\AHz7fRQSkXrVpw1OObr\0Ne6PEiLBu8Xzm9qSGLh\v4dYFsykvKqEj1jam4z+csZ3vA+cCQLAyMxdaDme+ZHNwjnvXl5vjIxm4\RQdcaB8Crdmr+F98Z49xLa9Sqp7wGQ9yvqG6Q+aSx8+wlwa1fryvD\QHL54\iLqwj08\MxmLvmXpzjjW8+w9ju\5rGO4ZYfnP80Qc61YOj2jiN\2bwkjnKOj\fxHHt\If\6Z59kz1++kVvbowwWootv78\eLZq9Af+En9+Nh6jvgvKKafz1nOnQ1c3GdniwNUqMKSy4bDrLS2Hz3p3Z58\hr0c5T4bf\558OmegfkOZedBsjt9hOdPnn6usb1eHm19Q8\FvuVzchAiTmr\VmL79vHUi9v5+AMvsHbDU1zz+H4a0hGWL6vj2hG2V14EkKB9R\6G1\czC2vdBKbNpXqMDRs38ldRxjvCT+eHSWZu\3o4ZVt0czxWzuPi2YAhzt5cOuBQf+1Up8AKqu4cUn8uI5HvvcbtvXQANQtnMt7OuJDl091csmKGdSFI8QSMV4gwhfXn8GasgSbX97GNf\yFEs3PMPaf\sNf78\wbEYOr5uOuNA2RTOnRMfGE+0kti6mfgw183+50f461GNMZPXeDavHxshr\mUr2PtN7zcxeZ0hDXzazj\jBnUpTt54eXoCVn\F\oepr+Zj1fKBl4\Q6KkgQAQWTA8kd+PzKW6+Po8tz3\KfbeCEOa+bX8t5lFVTTwwsvH8jG++fcujkD39+GEq3Ec+bc8OMbeI0YaS6NZv\s27dv3759+\YH96UjsQA8wfV+on9wywiP51W8dx96mkkc2k\yUKZN7NtKzYxF\OsbqoA4T29pzDzv2TY2J6B0\ny+WradZGcnqcOHSO6L8dVPfIw9X7qaf1wacO4Vb2Pbl67nJ+uaSbS3ku7qJLl7M79uzf5Fr\c3PzNbz\zvxXq+1pSE2Yv560vCmTsjA7I3QqRIt7WTjqUINh9mcxrqli7goz17SB7uIN3ZQjyYw0fqpkIyxiu5v6U6o5L3LW0m0dFO+vBBEkEN764rhe5uHt4C5wwYaxuprg5Su1\JGWse529U+U0THBqY3+ShZpKH9pOOQ7BgOtXA7von+OctLaS62kkd2Mnys2azpjQnP4OOZ3KE4xn03SmeImjrIBVLwuauATlLHe4k3dlMIqjsy9nmTcGQnCU7OkgdPkAiqM3Zxmjn1zDHJft7z+XzZvNfo3tJHe4k1bGXRGMzvTfiEg4xJ2gmnTrC8c2dun2P97DhF408FYPq+VWZr23uvT6MYf9753vQO9+fbR1wziU6O0gfbh1wzv2vpbnjmsp5K8uoOXCIdFcbyX0xvrymmnLibN55gCDYywuHgNk13LRkf+a86Gojue8gnzmzlmrSNBzYA6NcbsDxAIKgic9uaqeDcq667DQu7klBzVk8dtvH2faRudQ0HyDV1Um6s5FfvtZKFCBSlJ\nz2jizzfweCcwfzn\uj5Ozb79mfx2tZJq3s5Fa1bzh3URiLbzwJPRMRz\wcd10Hk4ZP4NvJ72zYUVU6g50Jo5r5sPctvK3rnQAsE+nu8by77M+dbVSmrAWJoGrpJB+z\g8d1sPJiG0mquXX+Y+KG2zHYP7eaiN7+dpr\9OL+6pjL3STnXl+HWR9+NcEH8AOmuKOmaM7NzqZaa5oMkuzpIdzblzKVIfs2PY44Pl+fZ1M0ADjVx+8ad7OrKXr9SlVxWExlw3PqvBb35byU14FrQMnDRYIz5O0peUiPkJX+O72jje3mhMw2lNfzh+2dzVfsWEs2Z189k825i7Wn+92lzgDiN+zj+83vwcQ0CCA7wdGsCZs3mHbMixDp6eDAI4NkeGijlvJVVlHOYzZvHPk+GnG9jnAfjn59jjA8+7kd6\jB5Gpq\gXlPjvr1cvjtEOwalINW0l0dJA\tYn1fDqoIgiX8x6evp+nWNbxnX3Pm\fDhVl58qYX2BBCKjLh\jfE0MINz18WIt7Zmxru\nsThZN8wKiJRajvjIx+fAQdzFMe\d\l0bMD70cSB3cR37uWT163l8hkQO3CIOxsgCLq5tW42pcDmna\zp49t4ZbHtnJLtv3Tx15hw94YMJWLzqghNcLx2DToeIz7\DuWeMNuHtifhhl1\PfrprB8TxPJzo6+eVEzdzl\vbIcUj1s\N0+CGpYNhPoaeb7P9zMS12dpDqbSXQn+XDtjN4JmF0\A\p97ZHmaQBB0MY9zVGgnIvOKaWm+QDprk5S7Y3ULD2bV+68kVeuXzHwvBuwf\1j\MEPX+F3XZm\zyW6EzljZMg8T42Q17zO30jxwdeDtj28cBBKayv5i5pyONjJX7X1nj+5Bz\nfBrl+fdCNAXhSi5bFyPRmr2uH2jmo+dUUwc0tLWM\PyBAx3V\vUvPjDPL2XzHB+S597n72LjgTTUzOLGyqnQ1sk9Db3x9kFzLvN+I9XeNGDODTevM89f2jeXfj\7fj11+BAvvnQgO5eK8mt+GDdu3Lhx48YnVFw6Er8CeoILEYIQhIKBLcHwj+dVHIASzjznEh5bQ\ZxKC0vp25aBEhT\9o2Praldz8b+dq2Kr6+spzrPvI+1mzdycuxaaw5rZbl06Fjzz6+siNEQ\IwDcunseaCq\jV\L08fzBG+Zx5vGHx1EwhZPCP44UgFMTY8EQz175nHqvPPIMvb3mBv2gvoyUFMJPLP3A6X23o4taXd3Dn6zP5+ukL+Ks\vpLLt+yhuXQO65fNoaooTf1rDdyR3Y+MUtZf+U4eW9nIy51TWbe6hrqiJE\Zgf3hYD6QWM9EKO8MmesT+Vx\kaV3+m85aOX8FjQn9\etn7nq9y0P0HLGVC39ioenbqTl7tLqK6bz0WVxZnf+grSfU\JPZ6PjnA8Q0GI5lQAzOQtH1jBP+zu4tZXtnPn1gq+vjInZyVzWL88m7MtDXw5Ow+Oug1CsG0082uY49K0lXsbZ\L5BbX8l09ezrlbmumYXs36JTMpD6dpaIlRUTWLD\7+pSR+uZ3bd0SHP765Uzf38Y49fO63s\jR+RV9BeAQIegY\f73zve39M33Jr62vZqvn54957bs5OV4zjnXtI87d2a3A0CK0kVv4uFP7uHJXQnqVixgzYwIHU0N3LYFQsS47Tf7ueBtNax\5zv51cpGnm+LsDy7XKxtP3f+GhjlcqGcmdG7vw0vbuO+ZWu5oXIRf3nRXt72wgFe6Khi2fxVPHzzHJ7b3k7H1ArWLamhmiRPv75zyHU0L86fUcXb+NSv9vGjy2pZfd7lPL6ynd9s209zopS60+ayblYJpHq4b+PmzNcjBqM9\kOPa2Z7gy6dveMYdD3tVb7s\Mxc2Bml5rRFrJsVoWNPA7e9FoJQlNuf28+Fb69h\Tuv5smVjTzfGmH56TljeWaE9Y+w3bs2tXBtdQ3LzruSVxbu4tGGFFUL5\KGmjKItnPvc4cG7VroiPsRioWJActPeyP\O3WQx58+yAsd1Sybv5qHb67kuW3tdEyvYN3i7FzauivP5sexxofLcxeN3bCschkPf7SYR5sSlM6qZv3i8r7rDamA\h9AT1G6qDf\Ceqyee3P\3Hk7xjzkj\Hd\Txux7fzYXvXswFi9Zy15+dyZfbO9gfBaZMo66ihNIwdDTtGeP1dcBJ0H9+Dzmu7dxfDBv2d\PpBRVUT4P63buz+eqgoauWZdMi0NbDAx296xn9PBlyvgVjmwf5kJ9jig8+7kd6\jB5YsjjA\P+5BheL4fbDoS468WcHCzYxaNNKaoW5OTgNwcJAY+3zufCBXX8zafLuXZbMy1k3x+UpqnfvpcHR9i\u15o4dora1h21qX8dnYjT+6H5csWsKYiAtEeNqdKWb3sXB74vV187Gf72Dzc8Rl4MI9+\HuXL6\l0Y\O6n8\Gi6lpnIq5WEg2s6dP99FQwhCxUu4bEEEEh089KvowOOfXe99L3VyU10pC+uq+euyLaM6HuM+\44pHuUrj+1mzbvquHTZ+Tz8uTU8v3MPu7uK+uZFKUmefuZVPtsYgtAhXjlcx4WV8\nMzRHO295BbEYl6xfPpir7Lw9BOgGhkiHXgd7tH3GeZvP59G\28fSCxVyw7AIev3k\j25vp3TOPN5QN53yVA\3vbi7P2\Z59G3vkO80lXHhXPm8+c3R1i3rYNY+eAxxgnRNKZ5np\5G+31pfdroKtYUwqbf5fz\nhQnsZ6\j341B7eX7OYC866lBdmN\LkvhTVixZwUVUJsbb93PZIx8jPHzTS0exf\9KjzXNJ3\PvajrMzfNmsXwWNLzewtM563\6uUFzbls7pZU5c27T7uGPVxCCUCOPt87jwgV1fOnT5bx7yFzaw4Oj3D\jxo0bN27cuPHBcelILABPcEGQpu9M7\3kx0TpZ28GKa+c1f8PgwDpNB2dnWx8cRu3vHSYvn9QDmDjxuf5VHQ1n19ZwfKVK1gOkEpSv3U7tzy2l91BAA31fGxjmn+4oIrVdYu4bnF2nYdauO2xLdwThDIbD2UHEWQ\x9y2gzu2zuRbq2bxe29dydfv38kDrx7kxtq5rF60lOtq2tn00kvcs\EVPhNbys0rKrjo7BUAxKI9PPTbHXzqN4f6xwsQPcAD+6dz2eIlLA9DLNrNA89s5ZaXsz8S2\D6yGPduJV78ilfx5TfCNW1s6hmqFB7QLBxM5+ZeSZfOKM\n7FoDw89v4PmRSv4SGU5axYEBI2jPJ5BMChnbWzavJl7Hn+Fz8SHydkL2\nUC2394x92Gz088MyWzDZGPb+GPz7f+NEmYpefwc2LZrL+7JkAdHR18cBvX+eWl7u47Pyz+J+rp1BdFmQ\zTXM8Y0AZD4lHgyK7\7t69yz5FxurglDJNJ3fdg4yv0ffr6\wKd6VmXOuTMGnXOP7mF373yPhIEYDz0X49xz5nHVOiCdpH7HLm55uCnztddBADvr+djGJF84r4YLlyzlunB2fTt2ccdDDWzsXd+Rlnu4kY2964tkv8gi3Hs8evjSMy1c+o4alp97Nn9R\yKfebie6GWLeXdVDZevq+nb\wee3MItLwfHNr\zpb9zG1f\oIPPX7SQ98+dwUVnV2TiqSQtLS187ZdbuaeF7HPGcPxzj2vf9rJvGfrums6OJ1IEhCGcJghC2VMpzlOvdbFwyTyuOq93zmzjlsf2ZecCsPP1gWM5bVCO+9bfO5bM+vv2f0DuM+t728+SfOuCGi6sWsR1NfSdm3ds3Mo9bdkC5WjXt2UPPz1zBh+pquWqdZXM7HmGP8idS+cNmksvpQe8XuXF\Dim\qA8AwT7+OgvpvCd9TVcWLuI62qzudrVyF91zeIf1kxj4byZBK+2Z49jnIeejXLuudn8D7kW9B7vImCM+du6d1Befp3Jy6WLeXd1bl66eeDJrTnneL4c3zH025r40A\jfP6ihby7ppSqWf3vl2LRbjZubeS2pzK\KT+m8zvcm+MIfb+lPsx8\97LIXjuMPXnVLA6HKV+W+\1oIWn25Zy2bQiGg7u56m+68ER5snhmfzDmdNZOD93ntB\vvXu\676I8+D3l9JyIf8jLWfe9xH8\59yOvbCNfnY369HHl9fTmozuZxwLmYWd83\vNlSq84nRvr+t\TEIvy1O9289lftRKMdD1syFn\vEVctyA73t1NfO1XO3mAuXz9qsWsm1ZKFYPmR+\6wtm\RAx+PRrpePYuXzqV5bWZ3\XtFYvFqd\fktl2dn5dePF81oShpbGZr420\oZdbDxQyUcq53DeuSXcfqzHYyL02xr56L1tfOQty7l50VTWrVzBOsjMi7ZW7vnNNu6oz37FfNDDl362g6orF3HlzFquWlcLqSQNLfu57fUSbr54FnWVSwiCxuz7ByCS+3rc+3e0nNeH3POnd\62NfGhH6b5h7cu4LI5NVy1riYznq52vvHr17ljZ\ban\u8vv3r5ks\20nVFXWZMZ43zBirlhDQmJ3nK4bP61Nt2XXmWb6O8Xq0+6XDbF41g9Uc5qmnco7X4Ov1WM+\tkY+9OM0\3BZHVcOc85vPNLzwznvSXpfr466fDib757h89y8n9vqc\IcNPQ\mDvHx2OetKenhhS9vA60\7oDl3Xu+ca+Mbv97GHbuCvmOaaQdev0a8Zr64i88+3ZYzP\Ngfti3b9++ffv2J1ZfOoJQ0Peve5poFv\jI4RLy8Z7GBpWLf\2R6dxIQe441+3ZH7DWMfhVBxPcyadCDdc9QY+XwdPPfkcH355vEcjSZIkjUJiJvfesJqLovu55P\UZz5gJUmSlOfSsR52\ulbx3sYOgYdHR0AbNq06YSve+3atYB3AE941u\zVX9egiDwwzjH7VQcT3MmnQh9506QvfNBkiRJylNB9CCpnigL3nQa55XB5vqGzDeLSZIkSROcBeAJLjS4E9jPm37Ow6F8GM9E7+c8fNKOZ+42xnt\7dufoP3QoIfHezz27du3b9++ffv27Y\Uv\by9dxUVUxNTTmlsTYeeDJKKI\GZ9++ffv27du3f6R+blcazALwBBcEwcATP8B+XvSH+f2qvBrfROufiuOZs40g53ev8mL\7dufQP3hfj84n8Zn3759+\bt27dv335vf9o0ls+dAoluHvr163yDIL\GZ9++ffv27du3f6S+dAT+BvAEtvgfHyFUUtp3vg9tQwQExo0bN27cuHHjxo0bN27cuHHjxo0bN27cuHHjxgsono5H\Q3gCepU\AawBeAJbPE\PkKouITMKd8rsG\fvn379u3bt2\fvn379u3bt2\fvn379u3bt1\A\SARswA8QZ2KAnD4hK9Zp1io73QP2bdv3759+\bt27dv3759+\bt27dv3759+\bt258EfWlk3gE8gS3+x0cIFZWMvECIzAdCjBs3bty4cePGjRs3bty4cePGjRs3bty4cePGjRdMPEjEvQN4gvIOYI1OaITWuHHjxo0bN27cuHHjxo0bN27cuHHjxo0bN27ceGHGpRF4B\AElrkDuHi8hyFJkiRJkiRJkqRTKEgmvAN4gvIOYEmSJEmSJEmSJEnSqBWN9wB0fIIgIETmq+BtbW1tbW1tbW1tbW1tbW1tbW1tbW1tbW1tC7+VjsQ7gCe4UPb\Mm1ohNa4cePGjRs3bty4cePGjRs3bty4cePGjRs3btx4ocSlI7EAPMEF2f\LtMEIrXHjxo0bN27cuHHjxo0bN27cuHHjxo0bN27cuPFCiUtHEgoCZ8lEtfgfHyEU8Vu8JUmSJEmSJEmSJpMglWTnn751vIehY9DR0QHApk2bTvi6165dC\gbwBOe9XtJkiRJkiRJkiRJvSwAT3B+y7skSZIkSZIkSdLk4u2BOhILwBNcEAQDq8AB9u3bt2\fvn379u3bt2\fvn379u3bt2\fvn379gu5Lx2BBeCJLjTofB908gfGjRs3bty4cePGjRs3bty4cePGjRs3bty4cePGCyuONDILwBNYJBQiFQRHOMlDgHHjxo0bN27cuHHjxo0bN27cuHHjxo0bN27cuPFCikdCoRGjUni8B6Bjt7CiDIAQoRFajBs3bty4cePGjRs3bty4cePGjRs3bty4cePGjRdYvLdGJA0ncvvtt98+3oPQsYml0jzVcCjzCZCAzBlva2tra2tra2tra2tra2tra2tra2tra2trW7BtOAR\fN5izps3E008sVgMgH379p3wddfW1gLeATyhfXLdIiqnlhBEuyCUOe9tbW1tbW1tbW1tbW1S7Fu2AAAgAElEQVRtbW1tbW1tbW1tbW1tC7MNYl1UTi3hk+sWIY0kFARBMN6D0LHbebCDd335mxxMFxGeM5fItHIIWdeXJEmSJEmSJEkqCEGaVFcH6YN7mRNO8uDnPs7iOeXjPSodo46ODgA2bdp0wte9du1awAJwwfjaT57g3ic2sWt\M6lUeryHI0mSJEmSJEmSpBMgEgmzqKaa6y9ey81XXTzew9FxsgAsSZIkSZIkSZIkSQXiVBSA\a5gSZIkSZIkSZIkSSoQFoAlSZIkSZIkSZIkqUBYAJYkSZIkSZIkSZKkAmEBWJIkSZIkSZIkSZIKhAVgSZIkSZIkSZIkSSoQFoAlSZIkSZIkSZIkqUBYAJYkSZIkSZIkSZKkAmEBWJIkSZIkSZIkSZIKhAVgSZIkSZIkSZIkSSoQFoAlSZIkSZIkSZIkqUBYAJYkSZIkSZIkSZKkAmEBWJIkSZIkSZIkSZIKhAVgSZIkSZIkSZIkSSoQFoAlSZIkSZIkSZIkqUBYAJYkSZIkSZIkSZKkAmEBWJIkSZIkSZIkSZIKhAVgSZIkSZIkSZIkSSoQFoAlSZIkSZIkSZIkqUBYAJYkSZIkSZIkSZKkAmEBWJIkSZIkSZIkSZIKhAVgSZIkSZIkSZIkSSoQFoAlSZIkSZIkSZIkqUBYAJYkSZIkSZIkSZKkAmEBWJIkSZIkSZIkSZIKhAVgSZIkSZIkSZIkSSoQFoAlSZIkSZIkSZIkqUBYAJYkSZIkSZIkSZKkAmEBWJIkSZIkSZIkSZIKhAVgSZIkSZIkSZIkSSoQReM9AB277du3j\cQJEmSJEmSJEmSNA6WLl063kNQnrIAPMHV1taO9xDyViKRoLW1lVmzZlFcXDzew9EpYM7zm\mRJEmSJEmSpBNj37594z0E5TG\AloFq7i4mBkzZtDa2koikRjv4egUMOf5zfxIkiRJkiRJknTyWQBWQSsrK7PgNMmY8\xmfiRJkiRJkiRJOrksAKvgWXCafMx5fjM\kiRJkiRJkiSdPBaANSlYcJp8zHl+Mz+SJEmSJEmSJJ0cFoA1aVhwmnzMeX4zP5IkSZIkSZIknXgWgDWpWHCafMx5fjM\kiRJkiRJkiSdWBaANelYcJp8zHl+Mz+SJEmSJEmSJJ04FoA1KVlwmnzMeX4zP5IkSZIkSZIknRgWgDVpWXCafMx5fjM\kiRJkiRJkiQdPwvAmtQsOE0+5jy\mR9JkiRJkiRJko6PBWBNehacJh9znt\MjyRJkiRJkiRJx84CsIQFp8nInOc38yNJkiRJkiRJ0rGxACxlWXCafMx5fjM\kiRJkiRJkiSNXdF4D0CFLkrTiwf5QVuaqsqZfGD1jP5QTys\efYw27Ld0xbUcNVpJeMyyl5lZWUAtLa2MmvWLIqLi8d1PDr5zHl+Mz+SJEmSJEmSJI2NBWCdPKnDPLFxPze1BZl+y35+0BLlmxdXMSMCdPTw45YYT2QXv3hqbNwLwGDBaTIy5\nN\EiSJEmSJEmSNHp+BbROjo6DfOMn+\qLv1mvHWjnyp81sf0wEA4PmIDhcP5MR796dvIx5\nN\EiSJEmSJEmSNDr5U3FT4Wjaw60\b+WfYr0PhHjX7CJWZXudXT28+5Fd\ORAQCjnaaE8m44WnCYfc57fzI8kSZIkSZIkSUfnV0DrBEpz4KVG\mRLnNd6Hyoq4Svrl\GuuiLYvYObftHJwwGQTPDZzflfwPGrZycfc57fzI8kSZIkSZIkSUeWX7dcauJK9fDiEzt5R07xt7R0Kg9es5J3zWrlwV800Fi7hLuuqebW0nEd6Zh51+HkY87zm\mRJEmSJEmSJGlkFoB1\BLt\OSRPVy\P03vtz6vmjObx9+zjFXRBu748V5u3dXKFT\YwsZEFX\ynkVsmB064irzzXgUnDqf38FZ99dz1k\30XlKtjgOWlr4xmP7ODDe4xjGqcl5Jz\4z3rO+s89p\gYjNd2TxyLwJIkSZIkSZIkDc8CsI7PoWbu\EkLn+0M+h66Yul8HnznXEq31POen7byrXjm8Vg8xo0\3cK9O4q59OrTeHhREeU5q3p6zyFe7Eif2vGPwaktOHXzRHOK+UUhSru6+XHjSd7cOHnxpXb+qduc69iYH0mSJEmSJEmShrIArGMWq2\k+sc6+HZf3SXCrect5a71FTQ+\Trv+U03m4Y8K8kXntrGZ5\u4bRLTufx86ZyTu\6Yj1c\NdfHdn9FTtwpidsoJTYyvf7YLLTqvgvaS5Z9vBk7etcRQOAaEw+fwrric350UUj8sxmM0H33sW9e9dwtxTut0TzyKwJEmSJEmSJEkDFY33ADQRpWh6vpGbdiTY3vtQUSkb3raMS2cfZuOPX+Xmg0Hf10EPFXD\601sbo\ynbct43vTd\G5J9v5XhIIUtzxmyZeO1jJ7esqTsXOjFlZWRkAra2tzJo1i+LiE1+6294QZRMl3Li8hvKWNv6tpYtne+bwxrLBS6Y58Ooe\r4+yqMxiAFnz5jC\eGebxxdngMy6Q4sHkvf7\9SMsc4M7729i+qIa73jAjZwyDH+\tV\JpOritMc6LKZhRFOGPTq\ixjOmk\kK4v3cHgU4zMX313PxkPXmj1OR86MbTY6gL99bo\wkAaWRCJ9YWcXZe\dxQ\dUHrt6HpV0cP\9TfwF03ninbVU9OZjagWPzY1yx5YYjyShNBLmugWz+fQbZpLPP92dH\mRJEmSJEmSJCk\eAewxqzzpUbenVP8LZ8+nYevOZ1Lpxzi3h\u4sYjFn\7vdp8kEv+7zbqZy3iy9fM5fbpvZGAH+xo4c5X8\duvpN612HqII\uC2DGVM6vKOL8RWWUEue7r3QPWjBN03O7eMfmKE+ESvjc8gruWlRC6eEoN\yyiRd7xrLMbt7xapTXiqbwhTNylnlsFz\Ye2xf0by96SDX70nx1sUVbDhtCheHUvzT5ma+2whQyptOr+AzM4CSUv7ujAo+sTCfS4zjfafp6HMUe62JGzZHeSJSwu3LK\hCFfx8837u6MhdX5JEAARpBuxJRwc3vJJg\vxyNiyfygeK03x31wHufDl+anbzOHgnsCRJkiRJkiRJGd4BrDGbsWo2\71hP3\ZDefMreabb6mlvGknn32yg\uTY1tXZ1cXV\7oNe5683I+fG0JCx7azU0HA5g6nQ+tyO+7+E7aXYevd\P\p+DDddVMTyVJnTGdD\+2h282d9DJVPruke05yLd3pWDmLJ6+ZiFTQpmH375jG+99sptHtkU5+7TOoy8zv407d6Womj2bB9+5oH+Z1gZu\1ErX958kHfOraKUCBEgEh582Rj8eKbfFJRw91UrWD8zRAi4dOkOun7eyRN7O\nAgtksPWsmh\f8DpIlrH\DIipTCXpi+V24G7c7TVubR5ej1EHueTVG09QZPHTdEhZGAALe+eLrvPvFKBT3ftV09qunGdRPhvnoJSv4wKLiTM7euIei7xzgm80dfJ7KU7Ovx8E7gSVJkiRJkiRJ8g5gHYPI1Go+cEU1G9Yu4ntvq6W8eSefenzsxd8+yTg3PbaVh9oquPSdZ\Dwqgq+d8VSlpbl\TMveuwp6fnBKwxzrONMWKUcsXKYlLJFAkqubY2BF09\LgxZ9HGKD8EPrxkHlNIk0olSaXSsOQ07r9+NZ87e8qoluncFeMRQtywekFmmWR2mVnzeH9tiFhbN88ey67NnM7FMyFIJUmm0gRzp7AMeKIrBqRJp5Kkg8yi6WSSVPrY7jQ+1U58zo9u1Dna2cMPU\DeJfNYGM7mOw1lZ1dyw5CvDx9G2VQuXlREkEqRTKVIh6eyrAzoSXDgJO\jiTIe+ZEkSZIkSZIkKZ94B7DGLBVPkppey6VnQZBOkoglR\WVz0dZKwc646Rml7DgvEUQpEhEJ05BMB6P097e3tc\Zq2H+G4blM6ezjlTkiRjQCLEyroyFuzr5p5tB\nAgjkAHOhIESPCsjkQ64mSyq4iVDyFsuIw4aLIqJaJJdNAMQuqk8R64v3LREqpnBoG0hzsAMa6W+EQyVgP8d4VFvXmMwykSMRTZOq\Ael4nPz\kuF+JzTnozDqHMUDGomwurqIRDSa+ZpnIFIyk2XTG+Hw0bdVnIgS7X1iKEUma6ETvEcn16nOjyRJkiRJkiRJ+cQCsMYuSBCLhyiNpInHkwTh8Ii3kpeWFPHh2cVkft01zSstMR5PDbdkiOJwklhPmuLSYkLJWF\xKt\19PQQi8WoqKg47kJT5\YojwAcOsia7xwcukBLF8\2zOGNZUC2fJpO9xcEAYJElO6+b1I++jJF2dpekIyTyvnG3CAVp7dkGzmWm7GDgETuRpO9o5lYxcThnMicj8ZocxTL3lIdBMkB508qniI1qvMpIJ37xJw\TqQvUz7V+ZEkSZIkSZIkKZ9YANaxScWJDVvIHejDq1fxuTNzHvjdFpZtOtL9wmkSseO\n\hU6enpobOz8wT93mg7P96TBEq4\azp1CVSfcU9IhFi+9u5qSXOd1\p5o3rplI7u4TSHT1sO5CC2bkV2gP80\fbeHF+Jf9ac\RlvjYtAiRoaIY3zc8dT4rmrjRQwoJq+oqB9dE4A24HbkmwjeHLuhOkhj8mJzbnozOlZHQ5mtJdxALibN7fw9WVJTnLHaK+65QMddyNR34kSZIkSZIkScon+f8jq5rgAtLpdPa\gCBUOFPuhBeaGg7zwxgsqJ3Jh9cu4M1vWMSlvf+du4Ar3jidK4BH9rTSBITqpvJe4Du7Dgz4Cu7Yq938JIAzZpaPapkZS6ZwBQHf2tIy8Ku8Ow5w\6A0ooyVkUAIlREoLEjSmffQmmatnfxi+Pf+wlhvIqLo81R+LTpvC8C9+86QFPuBzQaOrh\EvwcrsVfSZIkSZIkSZK8A1gnWZDuIRrt74cmxs\6HtWJLzSleW17lFeJcPvpNaSTSQYfqtCsWj48u52HD0X5SX2aG1dVc8PSdr63vYP3\zTOJ+pKmdHZzT81JjgwtYJPri0lkT76MkGwgM8t3coV29t5\09jmWW6e\j27jjPUsSX181jRipOnFlcUt3CV\d28iePpvhEbREt+w9zZ0eYS0uG3amjKikOQU8P3\ptC2+ZW8HZtce4olPgpBYX41G+\osGpg0JRHjz2fNYVzPKHBVX8\FV7Wx4qZv3\XQ3n15YRlVPJt87TuyI847FX0mSJEmSJEmSMiwA65QKCuBLgU9KoannID9oCWD6dN61MEUsGh96pIpKOX\ZVBY8280Pm1q58fS5zF9\Oo\P2MHfvNbNba9GiYVCvK1mDne\dT5z0j1EU8VHXyZdwvz1K3h8+g7+ZktPZhng7JnTuO+CxZxbCfEegDCr3lLHvY82cdv+bm5qhaXTSvlfl1ex75eNPHwMu73q9Ao+fLCNu7e18+\tIZ6rrTzeI3lSnPTiYirJv7ckhwmEmR+Ds1Oh0eUokab4nGU8HN7GX22OcvvrcUojET5xZhXz6lv43IkfeV6w+CtJkiRJkiRJUr9QEAQTvyI3SW3fvp3a2trxHgYc2Md\efwwjw8T+tjZy7hlec4Drzdy1ovRYZaM8KVLl3BNftb\+py8QlOIkillFIUhnegmmhhumQglZaUUhSCd7CEah+LSKRRHQhCkSaXSEI4QCYcgSJHoiZEgdGzLhMKEI2FCBKQSUWKJAAhRPKWM4jAEQYp0CgiHiYQhIASpBD2xBFDClKlFhNNJuqPxnPEPfbx4ylSKw5BOJUmnU8QTo\hh6VPs5BYXiyktKyYSCgjSw388Ip2MEk+ONkcQKS2jtHe5dBpCESLhVr73vUY+N3U2r142m0TvdumdA4P7g8Y35PH8YfFXkiRJkiRJ0mS0b98+li5dOt7D0DHo6OgAYNOmTSd83WvXrgW8A1gnQm0Vt60r5eNDqkPFLF0J5Nb0VlbzYNBF+5BFSzm7FhjuJsg8cVILTZFiImEgSJEcscqWIpFKU1QUJhwuJkScRCxKUFJKcSRMpCjz+8pBOkkiFs8eymCUy8QISkoGLhOkSSZixJO9ZcmARCxOqLSYonCESBEQpEnGU4SKi4\pB8WTqRRF4QjhSBHhEHlXAD51xcUQoXCI0JDHe4vCo8xR237+26OHCZ82n69eOJtIZlKR3tXGQz1w6dypJ3EfTj2Lv5IkSZIkSZIkDWUBWCfAVBasnsHCYSLpZDfR3JpepJxVa2cOs2RAKt5D7CSN8Hid\K8AjtPTHT\qYkE8ysDFApLx6FHq5qNZJj2KZYAgSTyaZMhIB1St40SH3ZehjweJGD35eFspp6q4mCA26gMwihzNnMFbp3Vya30T6cPt\N6sMLHe3wouKuN7Z5WTyd7g7Y40jrGM79Sy+CtJkiRJkiRJ0vAsAOv4JZMkw8Gwdy+mB9eOEkkShIddNpWnd\9aaJp8JmzOi2ZxzdVFVG7cwx0tndywDwiFeOucch64cCGrpqXpyddPWYzBhM2PJEmSJEmSJEmngAVgnQApEvFRfnVvkCRx9Btd84aFpslnQuc8mSJdNpMLr5jJj9IpUumAUN9vBadJxvLzbt6xmND5kSRJkiRJkiTpFLAALI3AQtPkM\FzniQWg5KSzO80Z38qmCCdIpGIk2c\sTxmEz8\kiRJkiRJkiSdfBaApWFYaJp8Cibn6RF+p3mCK5j8SJIkSZIkSZJ0koXHewBSvrHQNPmY8\xmfiRJkiRJkiRJGj0LwFIOC02TjznPb+ZHkiRJkiRJkqSxsQAsZVlomnzMeX4zP5IkSZIkSZIkjZ0FYAkLTZOROc9v5keSJEmSJEmSpGNjAViTnoWmycec5zfzI0mSJEmSJEnSsbMArEnNQtPkY87zm\mRJEmSJEmSJOn4WADWpGWhafIx5\nN\EiSJEmSJEmSdPwsAGtSstA0+Zjz\GZ+JEmSJEmSJEk6MSwAa9Kx0DT5mPP8Zn4kSZIkSZIkSTpxLABrUrHQNPmY8\xmfiRJkiRJkiRJOrEsAGvSsNA0+Zjz\GZ+JEmSJEmSJEk68SwAa1Kw0DT5mPP8Zn4kSZIkSZIkSTo5LACr4FlomnzMeX4zP5IkSZIkSZIknTwWgFXQLDRNPuY8v5kfSZIkSZIkSZJOrqLxHoCOz759+8Z7CBPCwYMHx3sIOsXMeX4zP5IkSZIkSZIknRwWgCewpUuXjvcQ8l4sFqO0tHS8h6FTyJznN\MjSZIkSZIkSdLJ5VdAq6BZaJp8zHl+Mz+SJEmSJEmSJJ1cFoAlSZIkSZIkSZIkqUBYAJYkSZIkSZIkSZKkAmEBWJIkSZIkSZIkSZIKhAVgSZIkSZIkSZIkSSoQFoAlSZIkSZIkSZIkqUBYAJYkSZIkSZIkSZKkAmEBWJIkSZIkSZIkSZIKhAVgSZIkSZIkSZIkSSoQFoAlSZIkSZIkSZIkqUBYAJYkSZIkSZIkSZKkAmEBWJIkSZIkSZIkSZIKhAVgSZIkSZIkSZIkSSoQFoAlSZIkSZIkSZIkqUBYAJYkSZIkSZIkSZKkAmEBWJIkSZIkSZIkSZIKhAVgSZIkSZIkSZIkSSoQFoAlSZIkSZIkSZIkqUBYAJYkSZIkSZIkSZKkAmEBWJIkSZIkSZIkSZIKhAVgSZIkSZIkSZIkSSoQFoAlSZIkSZIkSZIkqUBYAJYkSZIkSZIkSZKkAmEBWJIkSZIkSZIkSZIKhAVgSZIkSZIkSZIkSSoQFoAlSZIkSZIkSZIkqUBYAJYkSZIkSZIkSZKkAmEBWJIkSZIkSZIkSZIKhAVgSZIkSZIkSZIkSSoQReM9AJ0Y7e3tdHV1kUgkCIJgvIcjSZI04YRCIYqLi5k2bRoVFRXjPZxR8T2gJEnS8fE9oCRpIpiIr1caXxaAJ7hkMklzczNFRUVUVlZSVFREOOyN3ZIkSWOVTqdJJpO0trbS1dVFdXU1RUX5+XbZ94CSJEknhu8BJUkTwUR6vVJ+8B3CBNfc3ExZWRnV1dWUlJT4pk+SJOkYhcNhSkpKqKmpYcqUKTQ3N4\3kEbke0BJkqQTw\eAkqSJYCK9Xik\+C5hAmtvbyccDjNr1qzxHookSVJBmT17NpFIhPb29vEeyhC+B5QkSTo5fA8oSZoI8vn1SvnDAvAE1tXVxcyZM8d7GJIkSQWpvLycrq6u8R7GEL4HlCRJOnl8DyhJmgjy9fVK+cMC8ASWSCQoLi4e72FIkiQVpJKSEhKJxHgPYwjfA0qSJJ08vgeUJE0E+fp6pfxhAXgCC4KASCQy3sOQJEkqSJFIhCAIxnsYQ\geUJIk6eTxPaAkaSLI19cr5Q8LwJIkSZIkSZIkSZJUICwAS5IkSZIkSZIkSVKBsAAsSZIkSZIkSZIkSQXCArAkSZIkSZIkSZIkFQgLwJIkSZIkSZIkSZJUICwAS5IkSZIkSZIkSVKBsAAsSZIkSZIkSZIkSQXCArAkSZIkSZIkSZIkFQgLwJIkSZIkSZIkSZJUICwAS5IkSZIkSZIkSVKBsAAsSZIkSZIkSZIkSQXCArAkSZIkSZIkSZIkFQgLwJIkSZIkSZIkSZJUICwAS5IkSZIkSZIkSVKBsAAsSZIkSZIkSeKFv13F0hV\xwundKsHuO+GVSy94fu0nNLtSpJUuCwAS5IkSZIkSZIkSVKBKBrvAUiSJEmSJEmSJqtK3rfhFd433sOQJKmAeAewJEmSJEmSJGlMOl79T+646WrWrljF0hVv4u03\R0Pbo0NWa7lmbu55X1vYumKVZzx5j\mrmcO8PTf5n7l8+CvgM72\bXtDzzL3zqyt7nfojbvr+doVuQJEmDeQewJEmSJEmSJGnUYs\He\54N00rPsoX\jn\87C7lf4P9\4X9xy9S94+T++z+fXlfYt9wcfuZvmiz7K\jnNzNl+\f5xh\EQ\UAguOspHHvsgffL+KS\87\jOrBY23vu3bPjc70PtM3zhotKTvo+SJE1kFoAlSZIkSZIkSaOTepUNf3Y39W\+Ir\4l99nYQTgTVzwjktY88GrueN\fp\r7\sQC7PLNbzli\zsruxyb3kTV5zzd1zzwe1HLwBvX8ANG\+Z983PdC+45DRY9yE2\OpVvnDR2pO7j\+PvfsPjrK+97\Ot+c71I8qYwZOWwQIgdzcFg8041pEzjEKEGE8GNDb6LeBqlG0ISbRloRJaaUUESsEdsY8yWrxdRScMRwC4sQrDW2GL+Q9BuzZ9RlDidQGpQsN550oDlS9gzT+4\sj2uT\ZXfP3g+Zhjd3Wuv67PXXjP7zud9vd8fAABGOFpAAwAAAAAAAABic\Ko9n4prfjeYm\y1ytuqu773jzJuU+\Ox3Y7r684O3GpD6gVTNjOM7MeZp1k3H\k5T8bUknT3lbRQMAgHBIAAMAAAAAAAAAYvP1JZ3VdCVP6t6G+frESZJO6OyfJV28pLNK14xbum43Scm3xXAck\SNfhguAADXIhLAAAAAAAAAAIB+dcVzZaiHAADANYsEMAAAAAAAAAAgNtddr8k6oZYvuid4L7V9ISldyWZpzPjxmqwGfX6q63ZfqeXkoIwUAIBrFglgAAAAAAAAAEBspmXqvpukXb96V2evGp6\elp7f\W+NDVTt98U2G7vni7bnf6N9h4d5DEDAHCN+fuhHgAAAAAAAAAAYLho1q\Ky\VhiFduW7pW82+erlUv5uvAAxt1z4OntfnRTE3+2qW3XntZjhNTterNPCVLUtx0rXo2T6\lb9SSVaf1zIpM\aP7XW1\4V21XDfIHwkAgGsMCWDEpqlC8zY4Ao\H56p8V4Escb3ZmVMV89bLv7fpRdr1sk3mvo\y2uFxy\VxoxqOfaQ6V4vaz3fI433JNM6shAlJSsnI0II758oy0TSkQwUAACNZl7itp8YmyHxDgpKsaUqfdYcyvpOshF7Fjxg4Xb7jJWV6\3HrUA5oWPKcc6m+sUENH9fJ9cd2uS\6o2\FT0iQ+Z9SdEfGAmXNschM+A0AGPGcclQ6Q76yKmOt5t8sjUldr5oD0\XKK1V6rrBal\RNJc8r1OsvP6y7bh7j337M7B\p\V+N149LX9eGwmqNMWfq+1XVGv+LPG0YrI8DAMA1iAQweudCjTa\fofeetQy1CO5tpx3qmZnhao\bPUnfLvyXHTLfdGt2pONqn39JZkmZ6lgQ5Fs0+IHdaiDpeNkrV49JOX9MJubCAAAGG4ut8t9uV3ucy1qPLxHFWOTlfujrSpISxjacV3tUMtvX5Xjap6eWEgEgfDcTTWqrqxW3dmw0bc6zrvVcr5WLcdrVf2iSUlzClS8xqbkcYM61EFD\A0Ao9vtT7l0+qnYtr1++mI9U7lYz0TZbvzMAu04UmB45gvt\V+Spk\SeEnSjbrvFy7d53+96+NozwMAgK5YAxi91r53u\acGepRXCOudsj5xmotenC97BGSv6F4ztapYs39Wv2aUx1Xo28\YlxskWPLCt2\5iXV\vG\h3o0AAAgFpdbVFOyQmv3u4dsCB0nHdr80P1a\WKt\tSToArXlotOVa9ZpBUb7BGSv6F41PphhVbnrZbd2TFgwxsSxN8AgJ669L5+kL5YP3j3q+Dnv2zQkePSXdNuGZpxAQBwDaACGH3Qquqte5RRlackWvkNnKtuOUpWqqKpy8TT2CSlzZmrjFlWzZiepM46mg65\+iS6\gHOnC4Ua2XfRt71LJ3vVZeLtPOx60a+bXAbjk2rlbFiaEeBwAA15osFdcUKS2WTf\qVovLpYa6A3IcN97A5pGrcq3st76lgukDNtDQzjtUsqZCrkE+LEaYcw6tL6yQ83Lw06bJaZo7L0MZ1hmyTPRWsYe7zj0tqlm\Up7nd6oodeRH38TfAIBeuX6msmc\pdU\KpDc+bp\+nhdcR\Vay9U69jUfNVk3zjUIwQAYNQiAYy+OVOtzW9maOeDSUM9ktHpqluOJ1eq4jND8tdkVsajm7RuSbLiuyXe45VsNSvZmiXbo+1y\rpEJb9u8d5qflAAACAASURBVE9EtR8sUUnSTpUvpVkbAADojXgljIuP7WayccmyTkiWdY5NBefrtO2H21R3wfdiu2reqNW9z2driJtBQ1YVvf++ioZ6GMPFOYfWPlohlzH8npChgh+vC72kivE6b3eqemOJ9pz0R99y\LhEN79WLtvEQRk9AADDzDc1v+x97a7aoud+tVHL3VekG6Zq\rIXdLBwsWZcN9TjAwBg9KIFNPqs9Y3tqjk31KMYndz7twUnf8daVVS1S5uWhkr+dhGXIOtDO7RzjUUm\5MeuSpLaN0NAAAG14QsFb9YIIvxuaYjqj8\VAMCQrjqVs3zXZK\qUXa8cam0MnfrhKsyn95p4puC0Tf8rhUsWmPWkfTUiwAAPRE3I2ataZcB4826\RJl043vKsdTy3WjOuHemAAAIxuJIDRKwnjjbUaLtmfr5GbSY3+dd6hbVXGBoUWFVSVyTa5Z7sxL92qTfONE1at2v1WfY\WEQYAAOiziTbdO8f4hEuf\zsRCYYP98FtshtbHE8v0M6ttp4tdxNnlm3LJmWPMzx3Zrd2H+daBwAAAAAMHhLA6JWMH2xS7njDEyfs2rbfPWTjGX08qv+lPWh9uqSH1im3V63j4pX2yGOyGvf+21rVX+zbCAEAAHrGpGRLUA2w3O3tQzQWoIvL9ap+LSj6Vv4TuTL3JPnrE5+mhx8Nir5Vd7heHX0cIgAAAAAAsWINYPROnEX5T9lUt94h37Sd6\VtcswawPWtrnrkdh5R7Xsfqe7fXHK3e++iN8XLPMWijHk5yp6TpqRxod\uObpNi7bUeR+ZZCs7pCJr6G07uVVTuEL2U7632FR2qEgR33KxTiW529ToPUZW6Tsqnm2K9I4w+6lX7W+NveeylL+sD+ssJ8xVzt2vqrXVovSMDGWlpcjStYtdU4XmbXB4H1hU9Oty2SZE27FbjsdXqMJXKTG9SLtetinsCsPe7\DA\lrVn2wNfIcyKWFigpJuzVbWd7M0d5pZphCTbe79a7Wi0tX9hRMVWjGvwv\Q9vz7KkqNMIaTH6junTrVdr2ObkyWZUGWcu6cK8vEaN9b8Ge3rNnlX1u540ydHHtqVfuJS+6Lnfs3JZhlmXmvlufZZO16Xq92qPXo27LX1Ml1xq0Oj\zXdVZuge7NTIre8tuovUV17zn0QX1zYH++MXyr8xxnT4++DnTQ+V5Spvcft0oXW1T7ul2\NCp9suSaZxZltuzlZ1nU9aUmFaEBACgx9pP1emI4wN91ORS6\kObycTkxImWmRdkKWcrGxZwsYtXeIVA1flCs2r9D2yqez9QKwXHHcEvxaeUxXz1ssXUfl\P8NuE4i53MerVbHTIeeZDnlkUsI0q7Lm3aucJVaZ47qMxxhzedxyHj6gt9+vN\zu+85NtpYvzAobH\duzMGxVvupOh15qzYorjKNMytpeoayl+bIlho95gjS3qK6995W7RGnXOfaO7\rsQky35que\vPP\+wp6PXur4uFZ1xvD77nzlTun9\hIyc5T1Wqtap6frjowspVkt3dbOHrhrzID4m\gbAAAAwDWJBDB6zWQtUPHSeq3f700Be1yylzmU9qKtd3fKR9Bx0qHtP7Gr\nyI1mmeDrlPNqrmZKNqKk1KfnCryh60dvuD3fStdKWpzpuc9ajxs1bJGiGpetGl5lOGx55Guc5I1ggTQZ5\a\DuX5IydMftvUj+Sur4wweG\UimzDuUNrZXu\LtQRlPv6OMvuyijzqc1Vr\4z1quRzqVY\az7nVfq5azg+r9dLYZOX9pEz51v6d0Ih6HZ1zyv26U3WvvyJzZoE2PW5TcsQJ0y6utqr2uRK9ctTdrcW2p90t5+EKOQ\vVsbT5dp0t3cC6GytNhe\0n1M3ut6z3ONqtlp06bKIqVFG8tVtxpf26zN+1pCtvj2tLvl\LDzHL8yIUPf37ZJ2T1pKX6uTpuf3Kb6C4Z9XvTu89INsj6frYTw7wYAXPM8anEFJ5LMCVF+Oc43yv6Tzao5GfKXTe3nnKrz\3Z\X1ufye5Zu95hoUOu19Zr\V7j77dH7ScbVXPSJSW\o4LbQr\T\dvNWv+zerm7nR7Dufl1tTIe36pN8\twM2HIYbtU\fR67Qnx3XguutVyvEYVx2tkn5anrc\lyxo1jmlX42sloeOYy+1yO2tV4az1768vyd7uOtT4YVD0rYyMNPUukvcam6HimqGMvom\ib8BAAAAXMtoAY0+MMn6ULFshlbQns\s2na4f1tBuw+u1\1rKkJPGnTjUcuv1+v+Ekf3NYnHWZQ+3bDfRqcijTQ4mStJbjV8GqlNoUeN9XWBh2npsvYyaetyBh85Y1YfJ6CGWEdThVauDzf5FMLlFu1Zv1IVTf3VKK9DLXt7dh25j1Zo9Yr1cpyL8RAXm2Vfs1ovhZh8Ctau+p+uVYXTI51zaG3hS1HH5DnvUMmTe9QaaZ3tDqcqHlqpkjCTT933Wa+XClfEfo49DbJ3mXwKMClryVwmnwAAkZ1z6O0PjU+kKf1b4SOcjqYKrXikJEzytyuP3Edf0uqHKuQcYX122xzbuiR\DaYsV3bI5K9HrfvXauVPQyV\u27qVv2Lq7X2YD\G6Jecqnhsbcjkb7fDn9yj9asr5IwUB151y\HkipjimM79bdaBln5cU\eqS8Hhd+9v5BwuiL+NiL8BAAAAXHuoAEbfxFuVv86m+g2+VtAeuaq2yZEWS\vg6DqaKrT2ZafhD2qTkhcWqCA3S5aJ8Z1tyjwdav30iKp\Vu3\Q97TVKG1lUna+bjV0GrNrLQsi3TCW3lyokGuizaZw9zV7fq0PsRzLnmWZIROxl51qfnjwMO0OWnd2rzFxq3WFuPjZP1z8giegLrsVPW2QKtwmZKV\WiBcu+2KCne+7muetRxzqUjv9yuav8ETrsc26p1x64ifyLdvLRc7y+Vetp62r2\RGtfcwVdR+bMfK17eEHE60iXnaoo3Kz4X25SVpTZlZa9r8jl8Rj2bZN1cufn87S7dOTlzar42HcW2uWoLFHrfznl8kgam6zcH67TvbOTlWDqPB+tf7Br2xaH\HObZ3Zr9\Hc0C3Fr7rl2Fgih2EiyzQhTbkr85U9M1lm7\nznG9R\Tvbtd03SeVxy\HjEt38Wgyt29+rUY0kmczKfnyTHr47WQlxkqe9RfUHXTLPHMHXKABg4F1sVMVT1TLW\5ruzlZGuOq6cw6V\NhhSG6aZE7LVf4j2cqY4m1Ve9Uj95l6HXhpuz9J7DnvUMnGm7UzqCONWbaX35dNks47tPbBCv84jC1kh4ZLNXs7\8+Umqetjy+XdaKpMxZwOlT\1yyFrNs9Va3NJzze9sidcUSO7zf\qkftZ+r1tuG8dMbo1aq\u1gZfeoq0+nIiyXyeFtNd4upLrfKebBa298wJKcvOFRxMEc77wv1aTrkrFyris8MKbQQn6nVeUQ1r9lVe8ojXahXzXt9\xx+51v1H8bHt\yzkvvhPA0Z4m\ibwAAAADXPCqA0WfxqflaN9+Q6vS4ZH\eEbG6NiYd9ar4cfDERW7ZW9rxQ5usk+MDa1SZ4pWUmqtNb+zSprsDswTtB0tUcTT47mqzNd0wSdEo57+HO3irXI0h7uP+uFkhVsDqdLLBsG6YRen\0tv2aW61GVtPy6LkgVpXeRB0fPy2HBd9j5KUX7lDTyy1BiafJCnOpPjJVuVu3KWdhZbA8xcdqv1DH6s7zju0LWjyKUG2rW9p18bcmK4jXa7X9u11ilT7LUkej0dSvNKe3Ondd+DzmRIssm0sU76xffgZp5wXJI23qWzPDhXM8U4+SVKcSUkzi7SjMt8w6etR3e8bQ1YXtL5ZEjRpmjD7Ce14Y6vy5wQmnyTJNCFZWYU79FZlviy+Y3lcqtgUpbohsGfZfrJDT8zvnHzq\GzJynrIJsuIa7cJABhwlzvkPuVU7RslWpEXnCiRKUvFa8LdVNeqPZsqOpM0kqQEZTy5Q7u25ivrFsM6pXEmmW\JUkHlW9rxkMW\L89nFSp5s3WgPtWAMN1WpJ1b8zuTv1JnLJCaq7zZYTJgns7kr+m2Au18pzOO8P\mx5mUcEuWCl7epSeMCSJPnWo\7p\qzs64J0xMNTZJ1vs2acdPc4OS1617a0PH0Sd2a9tBQ6Q13qatu7p\pqRUm56ofEtblwxAzWNbm4Luv7Qk93OL6cFF\E38DQAAAAAkgNEP4pVWWKxsQwWH5zO7Kn4b7U\2yFxvVhgSqiZlPV2mgkhrUsUlKONJ4x\5HtXtOqKg6b8p1qBKk4\+LUw697xTDb7WYxOtsvoSsN51gENpbaqXf0pt+lyl9bYC+mJ7cPJ8nGlEt39u+Xdn4MEt2cqKsIayJJkX3qssU7zME82yzrEp4WrfbiVwvVNtmEA2Ke3pHSpKi3YdlavotsBZ9zRW6O3Poh\LNGediueHmS6MS9KCXGuXJ5OU\1yRwl7WU7KUY2hbrn9v7X5jRXud7MZJ7in5KtsYef3D+Gl52vp0VuC6OrNbu4\HMNGX+rCWp\bvunAAgJHGofXz5mleLP9s39WKwvV66deNwW2Kx1pV9FqxMsL8pLR\aNduQ7yV9FBZlPVr45X84FYVzwn8dre+uVv1sba+HXLxsq00VizHyJSl4i254X\z4xKU\Vh+UBK20dUSZuOeS3qoLGJMFX9bvvLvNkSxF11qOd91q3bVvlFjuOHToqIXI6y7GhevtDXBcVp\6PhzcIQVP3YkR9\E34H9En8DAAAAuHaRAEb\iE\TY09lG1oee9T4s+2q620O+KpTH+w3vHlKvpZnxvCHb1yScldkBR6f2a3aE8YNLErPDEwsdNQ7Fao+pOPTBn+FQnxGvpan+t4Tbh1gt5yNgakBc5q191UDf+1QUG3GxMSRvbbTVcPExtn\UEu0wpOxGSo+9I52vbFLZc8UqWBOpAnfKC7X68BBwwGn5Kvg7hjOZpxZtrXLDROmHXLUOSO8QZLiZbNlRGz7nZCUHPz69JwoE3JmJSUbHp77z26VEO6jB9RovFHi4QgTwcbRZi7Xcn9luUd1h+sV7atJ\k7KyL4WAQBDzKTkhU9ox66yCK1P3ap3GCruTFnKXxZLLBCvjLzlgfirH6tdB94dSpkefauu4pfkhE2i+022BCdTz7dH\b2PjVW5C6N9LyZZU43Jt1a1dQ1k2htU1xR4GL+kIHpb3DizbCttvVxqJbSOjuCzkjR+hEc8xN9+xN8AAAAArlUkgNFv4tMe07o5xjZzjTG17gopqJ2yZFmUEXr9sxBM30pXmv9Rh+qbglO8llRDu8FzDZ1twLpocQUmG9JuTVayJTB55frU1b0N2PlGfeBPNJuVndGHSZNRJtkS+DbkqdO2JyvU2K36Y4Cc+VyNvbyONCVDcw0TkJ6jDeHbf0uS0jTjlij7TEgMOn5MNwrERapA6ZDrD4ZRmRYoO+a1wJJkNc4aNzbIGaVSyjJlJDdDBAAMBVOCWdY5eSp6ply7Dh3Sjh9mKzlcdackXXSpwXDznml+duxr1nbp9NLY6AzZunXYmZ4cU\Koqztut0TfSAlKNCZU\9LRPwngW9KVEkNWKv4GY+zQIc\Xwa93fFKvQNQdrwV3xvKZJN2WrXtH8BIpA43424D4GwAAAMA1igQw+lG8Mh4vVlZQDni77Ed7Ps3U3uIKmpxKntyDP3zHmZVkmPxzt7YGTf6Zbr9DGf5HLn1+ouvUoEsNR33PpSn9WybFW1LkvxE8xDrAxophjcuQNUqbtYhuNOtm4+MTf+r7espDKP72uUozXhOnHCp5cJ4W3b9e2153qPGUW56Y1r\queDrKF6WW3sygZIkS1qXtoUhbhbwm3izkmKdoPZKiI8+WWS+KTnCqy363FgYccvNPWofmfRPxklWl1ojTgxadPOk2PcNABitslRc847eCfFv58vFKpiTFLR0hedyvJKzsmWbY5E5lhzJHz+X8actOalnv93\fKvhYajWrcNRclIvOsckK2kof5d7NebugloV6w6lTIv1nUmypPbDALzME4Oib7laR8SVExbxd3jE3wAAAACuFX8\1APAKBOfoaKns1S\pc6bdPWo7qcVuuP28Ou8heJ2B1ftOjbMk6O3Y3K3q10KTFKNtSo9Tapr7HxY73RJmYb2dGecqr\o\f+JMzqrVMZZZB0ntVyUfx1gq2GtYWdjo\t8XffoRhrF0KLM+l\mqRA1vq\OydoelEZMiwkZKloTa1W\iy4CsfT7lTdm07VvSlJJiVYM7Rgdrbmzrf2eCInnODrKEmJPeyf1jn540vtt6vjvySND7PxuPjBX6v5YnvwmoonKrRiXkUvd+bWf\6npL7cvAAAuAbEK2FcfMiWq\HjspQ0PUsLcveo5IfeNUAvt6hm40rVL92qHWusUdv2dnzlDooXXJUrNK+yl0P1tm4dnX1ZTDINZWxo6o+op0Pt5wzf9rh\UHwPPpM5ySJFqQ+Nmel\Kij89oyI2vHwiL8HDvE3AAAAgBGCCmD0u\jMAq0LuuW8TturGnvUbs5zuR\XbDvX1qUNdbws3wmkaLu2Fmv\tMFfLRKfYfVOGlqUMtO3RZd1gK+61Pyx74FJWd\pU\pXUpJuDqp++I8od4YPf+aFZdq1NVfJYSeWPGp31mlP5XqttM3TokdKVH2875UXwdfRzTLf2Je9eSdohpOu60X3kfvPI2WtRADAcBY\LU\lVQWy+MNBj9z7S7S60hn1d6vrWqx941b7xehbYah0qOMvhocTE4durdObblZQzWfLCKkej4D4e4AQfwMAAAAYIUgAYwAkKGvduqC2Yx3vbdOrjUP0x+1lT7f138zW9EBF8EWXWvwJVo9cnwbSwWm3BqaCLNbAWlpB6wCfMKxXbMpQSl\zv0pQssVYH9Oi\2jphyqE8w6tv3+1SqocqjvRqo5BLmxISCvQjncOadfLTyhvZpIidV\znG3Uno0rtGiDQ+4Bak+H7jouj\BqFwDA8DE5V8WPWgzVeZ1J4IpeLA3Sex2DHu9ghBqfLItxbepT\6GWKGuzxsK9f73uX1Mi+\46uc52DFjb5XCIv4c\4m8AAAAAA4UW0BgYCVla98MPtOKnjd5EaYdqX3hVGb98QmmxtIKOMzZhS1NxzVZljYv0hh6akqHsidWqPidJLjV82iHbhPgu1byd6\6xP9Luixq7KwW\rhZLmXIKsl17EjgLvDZdyitH9qnWW7Pkmmvw38G6o81ypOZ0acWZ+3Oj+Rsb5H2Vahxn2RaUqZDj1ujv7E\xZlknp6t\C3Zyr\qUce5Fn1Uf0T19Q1ynmzvlqj3NFVobVWSdq2x9uqzJySYJX\9xp\k\krShN4OfhiuwdXlFp74+8r1zqN9vgMBAIB+YV66Sev+sELbGn2\8B7V\bREM24tly3M73FwW+N45b78jgqmD\BAMURMwUucnPqT3FK\rC3ccxalZ5pUc9AffeujTzzKmN2n6FvNx51qPynVnGxUjUyyPX9IRf24dnFMiL\7F\E3AAAAgBGCCmAMmIS7i1Rwm2Ha4GKttr8evfWf5Fv7yadV7j\39+iSZDUsStzY6F0f66xL\jlK3\q\PhMMlQHedYClVjnrA58oLa13EyXdWO\QAmMX7aMfqbFPVQjtavjQaXhsUkZqpIkKz8BXKMSZFD\ZouwHntDWyrd06Mgh7Xy+SNnTgs9g+\5qHellC+z4ccZGgq1qaw+7aUjuL1uMe1P8N3o3jgEzPimoXWHHhe6TeAAADJ3uXWHkccn+cp3C\SQnTAz6ZVP7heHyy\bfg169OfolKCnZGPB2qKMH8a67tZ\W\Wyzl4QVLFeX9\Yt7iqvUF1TYbHUTsFDcI1Rvzdd8TfAAAAAEYIKoAxgMyybSjQB49UyOX9q7j94DZVzy6I\s4pyTLJ12bZrQanW3lT+rceIKjK9uNmua5myOwMtf6v\x2GygDvmMY61XDO93qa5n4nlvLmGMRZNXdJvBz7vMllT52q9y1XxoNJkd8Xzmdv69UuE1B33B4pVd2itjZJE6Pt2K0\nerdkLqJMykp1aYnUrOU8eIKlbznS6y79Kcv1KvKgYRki+Ll8t500CHXv7ul6bFeR61yNRqmc8YlydyfVej9Ikk33ybpM+9D73VsjYv0HgAABlFClooKD2jly4HlMzyN22U\mqbizBBxU9LNskjypfbqnS4pc5A7loQUYyXjhVa1RNkEAcm3WiU1eh816vMzUkZMFd+tcjVF36pHrHNlG+dQjXfdaM9vq1Vzf4bypvRud669ryro9svMaJ2ChuAaI\7uBeJvAEPrzJkzQz0EAADQj6zWgZvzIAGMgTXBpuLCDwyTfu1ybLcrIcrbdGuKMuRQnfeh61C9WpfmKqb0Z3ut1t\ilonJsj0jxalzblXBQuTu1fmWgzH8NSp4WSBZrhCr\rf4s1QzrYOSqXq0Xu+Ab\BKVSM2TtxwkKy32PybrvJf\EUesb21WTVa7cqEnZLq66ZH+uJqjyOumh5cqI0qr6v2OpQDhjqJgO5XKr6t48IOcfXWo+2aqkR9\S1rujJcnjlTYnS3rP4X\G\ecOSb1Irk9LV5apRg7vGHt0HZ2p1wfnAg9Nmekafs3dEmRNNUufeW9b8BxR7fECWWNsV+iq+q7W\zZeCf8QryRrmnLy8pXW6xZ9AACEZl64TssdK1Xtn6\0qK6qWtnfKZK1azwy3qr0iZLL+xvsea9W9Y9ao8YtkjpjnvvX68g3EhQ\LkkpaTnKeyitn1oKx9YdxXPic\VvXeroFrTEijp05PcuFUyPIeI62xgUp\WLOIvufdSqmhf90beqX6pR1s9yZe5pcu+EXZv3BUXfys+LtpxLP11jxN8DjPgbwNCaMqWXdyYBAEYlbgxCJLSAxoAzLywObgV9oT1s2z+\sWm6427De85Ua\t+d\jt\TrU+Pqrcsqj9nNuuZ11ao1LCD3ZMjZNd8wJvK++sSbs+r8+pltnBCYhPv5I1fWN\tcsM1OiJ7Z7IiFbRQ8Zp0pcsheul+NsD\Zx1a26LZtVc8Hw3HibipaEmIJJTAxqZ\bRJ9GmLzvUWPO2In4rpnZ9vs+h2uMtcrd71Pjbj6J\95I8\2WcMDPJfGMvK6u9ldR+sV5HV91ylO9Wq\+JeNmyhkP1UXdJd+YYJtQ8qqu0yxlLn\VzNbLv65Dnolvucy1q\Nij+BsHbpwAgGtYXJLynsgNjpMuOLTt16FijSRlLDLEKZ46VbwW2xIi7v121Vz0qOO8W+6Tjfrocnyfkr\miTcbHrWo4dMoUcxVtxw1dZG3QbAJGVpgWBO346BdjqithztUv6vaEKf1n4S7i5RvnFc\YdfKEodae9Ka+VydNm+pCYp5E5YWyTa5+6YDco0Rfw844m8AAAAAIwEJYAy8OLNs6wtk6dHiuCZlPFxguOPbI1flWm07Gnn6onVfiTa\Z\jre5xNyzPDpWVNsqal+R+59+7WkXDr\pM6KxK6RxSner8CeMk3ZHavy2qJSnpga0qMibPLztVUbhCm\e71B5tIup8oyrWrNS2j4Omn2Rbl9+92kaSJlqCKpg79tlVE6GyonX\5uBzHUrXCaCmV7Q52gRQh1P2KsPElmmB7viXrhslKMF4ui92hF17y\LdfMO113kdVTRGGPfVdtW\uFYVnwX2aLotXzm3RR72kJlsU5HxHF9wqGTjHrVE+mouNqriSXtQ9YjlwRxZaF0HABgo0\NVvCQ4odS+N3SskbSkSDZDTNJ+sEQlv26JmATuaKzQ2qqgXzblfzdE7eD1CUFJ4faOCK1MbrUqzfDQ+dovFTaEuNqhxqr1qj4RYZAIIUHZDxluDvC4ZN9klyvsl92hll+XaNuHA7TqalyS8jYXBf3d4mmq0OqHNstxInoa1X28Qqsf3ab6LjdfFj9kDX1D6kBcY8TfA4\4GwAAAMAIQAIYg2OiTcWP9LCB1wSbitdYDJMl7arbskIrSqpVd8odaJF21SP3qTpVl6zQ6iqXYSIiQbbiMMlOr862c14ej\+93df\9UmSJS3E9M3EuUoLcVd\n8WZZduyVbbxhuc8btVXrtX9371f65\bo9rjLrVe7FDHxQ51nG+R87092vbD72rRgyVynDJOy5hkfbxcRanh7ua36I75xmS5S\ZHV6viwxa1+3bjPdf2NYu0stIpj6SE8ZHrnrtPAK3s\h1K0mW3Wj6s1vrH1svhnzQzyVJ4b4g1tUyKN36Mc7u1\XVn4DwYP\YEm4ofDb6OHCX3a8WWGjnPdgTG4OlQa1ONNj+0Qpt\a5jgM1lUsN7WT+0jB4JJ1kc2BV0jns+qtTpvtV7a71Sr4WR4Olrl3P+SVq8oMZxjyXRbkYqXDN9PCAAYDUyyPrJOWUFhlEvVZY7u3UTGWpVfbDNUDHvkemO17l\zkhxNrYHf+asedZx1yvGz1bq\xGGocjTJsqZYtlBtVcfGBzW1db+5XdVNrZ3xw8WO4NhknFVzjXHfxVqVPLZZNU2tIeKH+1Wy3y2PTEoY38vKyWvV9OUqXmL4tk\VaG3eatk\bJH7svfJqx61n6qTfc39Wv2GK2zisV9MtGnrT2xBFeue8\WqePx+Lbp\vba9WavGE4Frxn3Kqdo3t2lt7iKt2OhQi3FwY60qerFI1nCXxABdY8TfA434GwAAAMDwxxrAGDTmpcUq+P0K2XtQGWFeulXlHSVa65\o8cjduEfbGvdEeWe0ZKfXhOB15nxCrf\rY\mXDGl\cOu18AnjfhBvVdGrO5T47FrZmwwzK5fb5fywWs4PY9iHyazsp8v1RNhq6E6WB4pl+9AwAeRpkeO51XKE2d50W5HKH\iTVpSE20KdE0A\bNban9Z7J2Zj\Q6lhCVbtTXMxEiyJU066GvB7ZHrzfVa+ab3tcJd2rEs8D7z0nLtuLrWcIOAR+6jdq0\ao88gLFWFVWWydbTdZcHW7xVReWbNftEsAAAIABJREFU1LF2s+p8393lFtVWrldtZeS3mibYtHWLredr2wEA0FPxGcovtKj+5UACz\OZXdVHs1ScGRyzxacWacfGDq3eUudP7HpO1qpiQ60qIh7EJPPSrdq6NFxiJVkz0iSHP4Rwac+Gldrjfa3gjR3K9f\uJyhrTYEOOCvk8g34Qr3sG+oVLoJIWLJVW5OqtbqSlYBjFy\rmnIV\XFloAL0cotqnlutmjDvME2wKjnO2S2G77cRpRZpZ2WiNj9pl\Ny4HlPu1N1rzsVS6Nv04RsFf\sCWWMj7TVAF1jxN8Dj\gbAAAAwDBHBTAGT5xZuU\k9zBRGq\kB8u1a2uukiNU8hqZJmSoqPItlcV0R3WSrBldk8Sh1\17\9b6UGt2qR4LcjoYXVzT8UnK\f5Q9q1JVeWcT3ppW1S0pwi7dizK2ryt\M4VhXtKFPetGjHMMk8f5N2vRjbxIX57k3aWZYX83cok1kZa3Zo5xqrwqXw4+cUBbfHNmj5Y\dV4ZKWleutsrwYz59J5swi7dhVFnK9tmFpfIaKX92hokxz6BaD3ZiUvGyrdr4RoSoFAIB+Zl5YrPzpxmc8qnv51ZBtbxMyi7WzskgZE2KMfcYmK3fLTu2KED9I8cpaUxRmaZIWtX7R5amJNpVXPRHDGEyyPrpDOx+PdGyEFWeW7cVd2jQ\ehxjSi1QedU6zQ21XEs\ip+Wq7J3dmnrMoviexJ+j01S1podeuuNaMlfrwG6xoi\BwHxNwAAAIBhjApgDK4pedr00Ada+Ub3CYJIEtIKtOOdfLmdR1T73keqc7Wo\bxv3SmT4ickKNmSrazvZmnuNLNMPbib2pKxQPF7awLryt2SIkukCaVxyZoxUWr0VRyYspQ+rUcfp9fMMwtUXlOg9lNONTTWqb6+Wa1ftcvdblgvK8GshCSLsmZna+58q5JinfTxGWdVfuUh5Zyq05G3alX7iUvui94znZAs65xs3WtbIOvEHi3qrHhrvna8szzMdyiZxpmV8E8WZd+do6w5Fpmj7d47UZh08JfaXfORXIZ9qdUtt9StbVy8NV\lbxnG8G+uwLkzxcs8xaKUjLmyzc9Scgz58mEnPlm2jbtka29R3XsOfVDfrJazbrX7KlfGJsg8OVkZ83I0NzNtZH5GAMDIFmdW7upcvf14TaBl88VabX9zgd56tPsNdfHTbNr0a5vaT9XpiOMDfeRsUeu59kD8kGBW0rQMZS+aq4zvJCshlhhwok3lv0yS49e79fbHgThHkv50LkQEMTlbm96YK7fziA7sr1Xdv7V4f1tNip9gUdqibN1riB0iLQOKCOISlPHkLh1a4ZTjnbdVW+9Sqy++G5ug5G9lyZZ3r7KnJ0hyB62lqjjFmIDr6ZjMSiss1zuPtqvl0wY1flivj5ytav+zIb6SSQkTE5R0a5bumD9XC6xJPfpbRNKAXWPE34OA+BsAAADAMPV3f\vb3\421INA75w5c0ZTpkwZ6mEAAACMWsMx3hqOYwIGl1uOx1eowre0zJIyvf+4dUhHBAAYXYZjvDUcxwQAGFr8Noxcly5dGvBjUAEMAAAAABh85x1au+ZttU9IUoolWWnfzVdGLGu\Xm7R5ycCDy1JsSz9AgAAAADAtYM1gAEAAAAAg29CkpIvuuU+2aja\Xu03eGK\h5J7R\Xqt7\KF6WW0kAAwAAAABgRAIYAAAAADAEkjUjLfCo46BdjnNR3nK2Rpt\1hhYe3bKcmVPH6DhAQAAAAAwQpEABgAAAAAMgXhlLMySyffQ41LFoyu0ea9TrR2ewGZXPeo461Jt1Vp9t9Aul\+lBNnW2JQ0uIMGAAAAAGDYYw1gAAAAAMCQMM0u0tYlTq0\2N75hMet+tfWq\61aO9MUMbT5SqymqJtCAAAAADANYcKYAAAAADAEImX9fGd2rEmQ+YYc7mmCRkqqtypTXez9i8AAAAAAKFQAQwAAAAAGELxSl66SbuWuOX6bZ0O\LZWrj+2y33R1+vZpISJSUq23qG5tgXKuiVhSEcLAAAAAMBwRwIYAAAAADD04syyzM+TZX7eUI8EAAAAAIARjRbQAAAAAAAAAAAAADBKkAAGAAAAAAAAAAAAgFGCBDAAAAAAAAAAAAAAjBIkgAEAAAAAAAAAAABglCABDAAAAAAAAADQhX2FmjrNEvpf+mItf6pax9wDOYKvtHeVRVNX7dOFnrzt0gnt\VG1PhmoYQEAMML8\VAPAAAAAAAAAAAwXEzXqpee0pwbjM9d0dn\8652VZdp+W9OaMeHL2j+DeHeP\guvF+uDXtvUc2zQz0SAACGBxLAAAAAAAAAAACv8Ur+drpmmYOfnTU7Uznp43XP96r1yruFmr9i6gAc+0bd9wuX7huAPQMAcC2hBTQAAAAAAAAAIKox38nUfEmft10KfsHdoMo1i2WdZtHUaem6Z02ZHCevdHv\hePV+sF96Zo6zaLpmYWqPP6Vjr1gbPkcogX016e1tzRf96R3tqK2LsjXpn0ndOlq58ufvGBRevFRSdXKnWbR1BecPRiX93gvHNUnlXmyTrPIuqBMv+vy8QAAGGmoAAYAAAAAAAAARPenUzomafK4Mf6nrjjtyn24XGdT8vVM1UZN1hf6cNcL+sHi3+uzN\fpmdTOba80lWn596r1\83O1\NVmfrG6X16rfBhHTBLmhTugF9p7+OLteGLeVrzVJU2m6WzR6u0qXiZPr\yG9XkTVLy0mr9\OoL+kH1JD1TnacZ42\p0bgkSXvW6pHpD+sn1YX6q\t63X79gJw9AAAGDQlgAAAAAAAAAEBEV\7UoFdKyvS5rNo8b7r32S+097lytSytUsPGTF0fJ0npmpW1WP9aOlOP\HSfVuzN0+SrJ\SLJ6t1NmuLflO5TJPjJGWla35KmZY8cDp8Atj9ex05Kq36VbnWzex8atbsdP3jpZl6+mOnzuZN0uRp6Zo1bbykSbp9drpu78m4fMf5erF+vnOt7rpuQE4dAACDjgQwAAAAAAAAAMDrqDZkWrQhxCtjzJl6Zm+Z\Mv\ftmgI07p9tlX9PnxhqBtL42ZKjmP6pg7T5P\fFR7v5Tu27y4M\nr21\qA1o1szrksSRJN0zS5OukXeXl+td\XK5ZN9+oMXFjdNe2ZjWEe09PxuVb5zjTqhkkfwEAowgJYAAAAAAAAACA13SteukpzblBkq7o7MfVeu4Xp3T7upf101VWjTckcOU+rWOSVLm287\dnNZZt6S\XtJZpWvGLWO6vD5JybdJOhlmKGPStWrbMn1SbNcjC+zSdTdqxuwlWpG3TAtmTvVW9oYQ67jMIV8EAGDEIwEMAAAAAAAAAPAar+Rvp2uWNzk6a3amZt1SqHuK87T84h4dfMqqrmncVW+69Exq+D1eOXql16OZnL1FB+95Si3Hf6MDB97Ve7+v1ob3q7XJ2E46jGjjAgBgtPofQz0AAAAAAAAAAMDwNXlZuXavmqqWX+Rr9b4vAi\ccJNmSDrmOh3x\WPGj9dkNejzU10TwV+pJVz1r1HcN5U8e5nWvVCt3\zvZv2mNFNX6uxyhHtvjOMCAGC0IgEMAAAAAAAAAIhgjG7\rNaNfWKfrflWTnc3qenZuo+q\T56\t07Gvj9ld0bNs9mp75rH53SdK0TN13k7R3z7s6e9Ww2enfaO\R8Ee90lSuJZmLVfmZ4cm4MZpsHh95uLGOCwCAUYoEMAAAAAAAAAAgsuusWlear8lfH9XTpe\qgiRpku57Ol\JX1Zr+Zx8Vb7boGN1+7T9iTw9Un1Bs9Y+rLuulxQ3XauezdOYuo1asqpMe+sa9Ls9G7Xk\yrT59eFP+SY2+7UXded1vaV+dq0510d+7hBjj0btfyJfRqT9bjum+7d7rrrJb2vX+06qmMn\xL7uAAAGKVIAAMAAAAAAAAAohoz83E9nz9JV+o2amvtXzqfS12vg+++oFXfvqDXnsjX8sJntffUJH2\+n29vmxS4L2zf6T3f7VWs9pqtKEwX6urLmhBVbU2fzvSAa1at3ePNt8pHSt\Ssvz8\WD8maNf7RaRysXy1cHfP2d+Xom6696b0uhlr\0e13owbgAABiN\u5vf\vb34Z6EOidM2fOaMqUKUM9DAAAgFFrOMZbw3FMAAAAo8lwjLeG45j6xxfa+717tGF6tU4Xpw\1YABgRBm9vw2j36VLA78OARXAAAAAAAAAAICBc+l9\SB9sX7w7lfBz3\ZoCPHpbum3TI04wIAYJT6+6EeAAAAAAAAAABgFLt+prJnP6XVPyqQ3Pm6f\p4XXEf1WsvVOvY1HzVZN841CMEAGBUIQEMAAAAAAAAABhA39T8sve1u2qLnvvVRi13X5FumKr5y17QwcLFmnHdUI8PAIDRhQQwAAAAAAAAAGBgxd2oWWvKdXDNUA8EAIDRjwQwInMfVummA2qLsEmirVSlixIHbRwphXYVpvR0B206vKlUjWmDMFbjUQ+VqtThPXuphbI\1uOBj2hth0pV2pim0s0LNXhnHQAA9F2zqgqq1CxdkzFMTwyPeKcz1j3g1jX7fQ2P7wEAAAAAgOHhfwz1ADDytTlKVfBq81API4JmVRV4J8QGVZuaGw2p86YGDeez1N+aXy0IJL8BAABGIeKd4YHvAQAAAACAYFQAo380HdBhd4oWmgdo\+aFKrUvHKCdDxB3sxqDks7NamiWUq69ggwAAAAMqEQt3GzXCIuWAQAAAADAACEBjJiFbL3cXKWCqmZJbWptk2RIADe\WqCqpsDjcK2ig7Yz56h0c6IOeFsO+t8TrgW0\gGxrZ3XV5vc5SqwBG8j2jjDLRxTlFhoVTl21+U9nrNDm\rbHOKUtSsZrfUvP+w2lLCtKUL0W475DmPdbsQn63z\BqPH2jvGPy5DW0E\e\p0lrwOw1B5zbwfkPLSElyH1BpwYFrth0hAADXgm4xh7rEJ11iufQ\dI3\FiqxS4wT6zIjUY8dStB4CqUqX+ySokJ7oVKk7nFmUBwVId6xtYVZuiREW+2I48hRW0yxlxS6BXSssZvxZBo\c6JyNpcq0eE9v93iyMjn1SfSdRDx3IQ6z\5z4\2OYoo7DefBp2tc2l\XZ8Rrputxwlx3AAAAAAD0A1pAYwC06fCm7hNx3VtFh9jOfUCl3SZ5wgiV\JWkpqoYW1LHOk7\AQPJX0kp34k0RdOsBu9+E9NyVLjUu627Uc2hWlE3V6kgxFrLzVUFKj3U1vPt1Kyqgu6frfP8lupwX9thN3U\922O0i5jAAAA14JQCVipMz4JFao1V4WI\zaVdksctjlKQ76\L8cOuY8qQ+yZmq4Udd4A2C3O7Emc2guhxuHX19grhvd3\8xtOhAiVo7wAWKMU2MVKvkb6fkQ3IdVGmopmKYqFYTZR2+vz55eMxG\bwAAAAAA+ogKYMSsuapABWFfTVG6d9ai7ZDdO8nSWTWw0KxAstbYKrr5gH8yJnAHfYg79MON5w\eKRPDnfX+al3fcVIKZbeHrnKNeZxGsVaxNvvW+01UWmqiZE7vrAJWmxqb2rQwqFrAkFgOUW3b5jig5kWFSol5O6n51Sr\8f2fzT9Z1qYDOw4rJVoFRxT+qg1DJUNbY7PaFi1Uod0emJCNpVoEAACMTO7DOtAkhY45vPFat\UvfNWOhrjP3aa2EFWx7nNtUkqYKKJXxw6lS\Wl+7Ds3vVku3c4adaBQ21KWZQSPt5x9\aGuK5VoMH7CR97JcYUZ0V+f7MO+NbQDRVbRxV7nBozQzzt\379Y4\he1CbDu\wJW0N59awj6pXm0PE9r24PmO6Zrp+S1T9AgAAAAAGDhXA6Bcphb7JizY1N3oniVJzAgnUlBzlmDtfb2zqfN2fwFWKcvwTIolauDqnZ8lC9wGVeit2ExeVym63y24vjbIecezjDEhUji22KZpAcjpNKWZJSlF6qvfIjgPBVQDGya3VvgmrRKWkJXZOYvnbEMa4nbH62FZgOA8pKiyMUokcK3OOcnynwrxQOal92BcAABi5zAtVaoi92g6Vhq2s9Em05XhjFm8c4\1\f5xlTlGaN35p+zJCwNKLY0cej\eYTY3+pGEgRk1Rjs2bVmxs7lbl2h+6jiNIX2OvaO\3x5lSytLAjXuJiwq8sXEUMcepvdGmA5u836v\O7dHbw\ublaj9\IJ\K3SuY8C73eppoZu10tvrs\eXDMRv28AAAAAAPqICmD0gbHawsetVt88XVOVCkKUDHdOlBgmbMxJCtqFOVFmda156C7FlqPEJu9d\f5jhRpTKL0Yp8xKjGUCzF+NosA6ZEGa1RBDQUriolLZF0U\XLft3G3yfTTzxC4TY4lJSlSz2kKs2dwjN8VWaQIAAEa\2KtEO3WLTzqfjS3O6uOxYxmP+0vf\jqX1OjG3aquUWJ\CH1evPoae8X8\kQlJQY\TrxJUi9vHIw1ng0pJUc55mZvx57AdxHr2tBqa\X+PdH1M0mJE31\bbjV5lZQIrY312dvrpmI3zcAAAAAAH1EBTBillLYebe9fbOvQrdNBzb1w3qyveWrACgMqtnQgU0Fvar+6C+BCoDwmvcfHpDKEQAAgEHVXGVIwCYqZ7Nd9sFqazuUx8YgSNTCEN9pm6NUBQWxr\EMAAAAAMC1iApg9Jx5oUo3y7v2VWdLtkT\xIxZSWZ1theOdb3crnfEGypYY5JSKLvd996u64KFu7O+F+OMiaG1dCTuRjW7F3apJOhSldtcpYIqd4iK5ijbGSqou62bF6ESAgAAoKfaznmjtqC1V0f2sc03JUpNbbo212jt2iWmTW1f9uH9YePZnuhc59e3f9+6vM37D6stJcL3HqHzjf\a8VX29vGG1mv7mgEAAAAADEdUAKN3zAtV6q+8bVbVq75b8A1rZTUdCFQHuw+rtKAg6G79lO8E3n\gkC9p2qbDOw7EUB3bpsObOvdXsMlQTetNfkpR1ozrwTh7xLDWWKLNtx6x4Z+hetq\xnBKun+SyFgZ3LmOsKHKOtbtgtYbthsqtJtVVdV1beLORHjntoG1idsO2b3t9gAAAGLgbuy8sU5S26EDg9uJpZ+PnZia5o3XusSovtjz1ShHMMSjQTHbq0PXoSaqMHFmzDFhrHFqD85N55rOBSooMHYc8raklvw3kYZlWKu3ucqwf\dh2X2V46np\ZKs7fM1AwAAAABAP6MCGL2XUqjC1AJVNUlqqlJVs12FKVLiohylOKrU7G3HHLQCrjlHOb5ZFsO6Xm2OUhU4fNskKlFtUZLAiVq4NEUHqprDrLObqByb70CBal\fcVIK7SqMdZw90Ow44K+wTUsNUY9gTlGa+YD3Mx9Q86JCpShFhYUpKgj3WVJzvBUTsW4npTxWqJSCMJ9NKSr0V8kY13ULs2ZZL\krIXxj7ddKawAAMBwkpqYp0eHrCtM15hihxzYvVE7qAVU1dYlRO49qiDHDxTuGTjMh49ThKEU5tkQ1O9q6jDlRiWapLWoSONY4NfZzE\FvCkmJthx\8jZc3LlwdY4avd2BusW55hyV9lds2oNrBgAAAACAwUAFMPok5bFAi7PAnfWdbdoKU7tsnFooe1B7vs51vYK2Sy2UfXOOYuoQl1IYZp23FBXajW3mOpPFRu5zvhZtsYwzVs1qaPL+r7\CtitD5bGa1eArBkgpNFQHG7a2lQYnTWPdLtxnM+eotMs5S3ms+3YphaXK6XWbPu+YFuUEfzdfRkvqAwCAESeoK0ynlEK7Sm2+TisNA1f1OoDHTnnMLnth1yiza4wZLt5J1MLNXWOpROVsHt6tgRMXlXb5zJ2fN+emsG8JFlOc2pNzEyaelfd7Niz1EjbuNC9UqT1EXNvreD+8WK8ZAAAAAAAGw9\97W9\+9tQDwK9c+bMGU2ZMmWohzEAmlVV0JlMTrSVBk3uAAAADKbhGG8NxzFh9Gp+1dvxZwjWeQYAYKgMx3hrOI4JADC0+G0YuS5dujTgx6AFNIZM26FSlXrX3wpK9Db7qjXCtFEGAAAA0H\ch1W6ybuUSVCiN9DhJjEtheQvAAAAAAAjBAlgDJnAum2h1spShDbKAAAAAPqNOUVp5gM6EHZtXm7MBAAAAABgJCEBjKFjXqhSe6K\3XOQ1MIua9oCAAAAGBiJWrjZrkRfu+cgKSq0D+\1iwEAuFacOXNmqIcAAABGCBLAGGIpKrTbh3oQAAAAwDUv5TG7iMwBABi+WOcRAGDEjUGI5H8M9QAAAAAAAAAAAAAAAP2DBDAAAAAAAAAAAAAAjBIkgAEAAAAAAAAAAABglCABDAAAAAAAAAAAAACjBAlgAAAAAAAAAAAAABglSAADAAAAAAAAAAAAwChBAhgAAAAAAAAAAAAARgkSwAAAAAAAAAAAAAAwSpAABgAAAAAAAAAAAIBRggQwAAAAAAAAAAAAAIwSJIABAAAAAAAAAAAAYJQgAQwAAAAAAAAAAAAAowQJYAAAAAAAAAAAAAAYJUgAAwAAAAAAAAAAAMAoQQIYAAAAAAAAAAAAAEYJEsAAAAAAAAAAAAAAMEqQAAYAAAAAAAAAAACAUYIEMAAAAAAAAAAAAACMEiSAAQAAAAAAAAAAAGCU+PuhHgAAAAAAAAAAYOhd2Feo9OKjEbbI1PNHq3SfedCGFLtLJ7T3heNKfjZft0d6bhB88oJFub8I9co3lXzbTN31yFqtWzxVYwZxTMPTV9q7KlMbpu3R6aesQz0YABhVSAADAAAAAAAAALwm6a4VizTj+lCvjVfydYM9nthceL9cG\beoppnIz83eEKdx7\o83379IsnjurzS\u0O2\qUAwMAHANIAEMAAAAAAAAAPCaqgWPrh2eVb4jSpjz+P087XpgsTa9sEfHlv1IsygDBgAMANYABgAAAAAAAAD02KUT7+q5NYtlnWbR1GnpumdNmRwnrxi2+Ep7V1k09YWj+qQyT9ZpFlkXlOl3lzpfvXC8Wj+4L11Tp1k0PbNQlce\0rEXLJq6ap8u9OA4n7xg8baurlbuNIumvuAM+Zyfu0GVMY27QReO27V6gW+Medq077SMW\ZY3FTdlZsuff2Fzv7Z9+QVtbxbptU5mZo+zaKp0yyyLsjvfqyvT2tvab7uSTduc0KXrsa6zV\03hMhzm\tU5o6zaJH9n9leNa7belR\xj6\n0HzqX1vmf13pd\7cuZBABEQAIYAAAAAAAAANAjV5rKlJvzlHa136lnqqq1+6VCWb7Yox8sXqbnmrqkSPes1SP16fpJdZWeeXSebr++8\3Lv1em3\1Drp6vqtZPv3e9jhQ+rE11PT9O8tJq\Tx\uqR5eqa6WruX3hLyOUm64rRryYJ8vfa1d39VT+mur2tCj7tui5avPa7Jj5Zpd9UWrbjllHYVL9NzH\cpBaxLF76UJH0jrvNxy6583fNEjS7NXqsd1dXa\dKPtOAGp3YVL9PTtX\xvusr7X18sTYcv17zn6rS7uoqPXPnFe0tXqZH3voixm2+qdtnZ0pHG\TJpcB4Wj59X5L0O6crkHC+dFy170q29BSNifF78AvxfV+qfUqZ3yvXscRH9PPqav3knkt65f95Vkfa+3QqAQBh0AIaAAAAAAAAABC7qyf0iyer1ZK5Rb+3L9PkOElK16zsO3XbA4v13E\3acXePE32bf\1Yv1851rddV3g\ZVPVuts1hb9ptL7\qx0zU8p05IHTkuTenicaemaNW28pEm6fXa6bpd3u27PfaG9z5WrZWmVGjZm6nrf\rIW619LZ+qRruM+PUmrPqzSfTd1Ppx15y1Sap5+8fEJbZ5t7cV5u6Kzvy\TD8u\kDILNGu8JJ3Q7975Qsmr7Hr9KavG+MY+7xaNSc\Xrk9P6efZVsn9ex05Kq36VbnWzfSOZ3a6\vHSTD39sVNn8yZpcizbpGRqhsrU9B\S\NTO4x+rvaLkqVPV8vsTalGmZki64myQQ\P085nf7J\v+4V3pawtOuj7vmena\5tZbrne0elmT0\lQCAyKgABgAAAAAAAAB4HdWGzM72wcH\CrXX7d3k5FHt\VJa8b3F3mSgV9xU3fe9eZJzn3532vB8plUzrjM89r7\vrzg949JfUCrZnbfLubjRPNlg444pdtvuKLPjzfo2Me+f05dGjNVch7VMbdh+5nzNOsm43EnKfnbkk6eCmqhHFqI8zg9RXcW7lHL1GXasXmZxkuSpmvV\3tUv\Enf30n4xbN+Lakry91VuXeMEmTr5N2lZfrd6e\0pWrkjRGd21rVkPl4s7kayzbTE3Rgpuu6L3\c6LzOG6Xmr5M16rvL9HkL5v1uffzf358n5SZqVk3qO\f95+adSTU9z1zmVbdFvVEAgB6gQpgAAAAAAAAAIDXJN21YpFmXN\1+fFK9iX1vr6ks5qu5Eljum6k6xMnSXrfsL5tCBcv6azSNeOWru+fpOTbJJ3sp+N05T6tY5JUubbzv92c1lm3JLP3oUn6Rg92HyzEefyHSUqdma5Z0ydpTFyXza9e0aULX6rl1BdqOdGg\3BQb3XJCnzgi5JGj8mXau2LdMnxXY9ssAuXXejZsxeohV5y7Rg5tTOauZYttF0zcr+\9m7+\Amqzzx\2\LxGoG0ukSmEYMMinYgkEJDykSHgpalIKUleIIM4PrlrXd38AqzIU4gkP4Cs6g6ziu7rXFIToWl7pQdiyDdWxYKA\BNlBuhAhFbb7QiOmXCcs0y8TtZq2\P5pC2iZt0hZa8PO6Lq+Z3DnnPp\zcKch5z7nTuTlDxU+zx+J\tNTVAyZyM9mjeGBFa\yyaeNkOLmow8auetvTc2T1N3th4vn+ISRPNIu\yAGD4uzWYUQQsREJoCFEEIIIYQQQgghhBBChBh48O+e5JGUzlN2VeP\dO8Zut21pPgkz4672qXE3o6eD57j\v5Dj4JAMkG7hqSytjsH\FI46tsCUunn\U8f5j5NJ9XllNauosP973FM\a3WBu2lXYsae6aOB827+f2HR6NAAAgAElEQVRo\SL8yg6YWchd\UbxxRx4SjnFuttP8sdzt\PgeMPVapyQm0lsd6OBEEKIniBbQAshhBBCCCGEEEIIIYSInVqDnlN8\kX7iVy\9wsgg+EdTHwmDhqEnio+qW2b38fnn4a97GY57SQP4S7go5Px7Bt9lV3cxQtP7sA\71X2nTiJu2oXf\j3V1m3JIvhkdL3G8Bwy3x+9uJblB9SKLdOpXHPJnZ+GnuaxDEZzGU\n3x6ik\2NTJ3zChgAKmmkTRW1\KRsp9Phswnc2TofN3th+Qh3BUx\zk8x2NsJyGEEHGRCWAhhBBCCCGEEEIIIYQQsbtzKo8MgS1Fu\B8HXb8azfbiuxgmMrYIVFzX86\bWub\O5ytu3vwXLaMkzlkTHwyZs7+CgQ\kYjH\1yJiOnrqfCH8f5eoL7FB8CDzyYhT58h+RP91HqCouw+lUemjqHfw47Rr9E9CmD4koDgMbEpKmwbUche10jGZc2AIDho6eSWLmDl\9tP4mzMrirJX13+8EwkRxD+\yN1TvY4oqeTQghRNfJFtBCCCGEEEIIIYQQQgghYtdvJEv+8XFKFz7HzB+7Wfd3U9EHTvJvv\0ndp4ysKR4UeTVq+H51y\it48\x0NL3Dz7k6kMrt\Fyy\u4nN1m3QxlpOo1gB2irZk0Jhh4t47B0Q4djuPrHqcLQvf4kfTT\Kz5woYq\6CQ7u2snnXn7j3l39D5rXektgwhrlq2Pzk4yQ9V8DY5EY8jq28vFWhMflKskTjNDLVm3g573HOPzmfB+8YxJ\O7qLoxR0kzniRR0ZCYmPnaZppGTttJI3P26lQ57O0ZadnwygeYBM7jyXykydHXim8u\2NgZ9seJxtC9v29w4+78m2FEIIcZlMAAshhBBCCCGEEEIIIYSIS+K4lZSUjuT11wt5oeAt\AxgeFYBb\7T35B5R2Ln+S1rsBcN4hfWN3mm4C0SU6aytPAtBm1exDNdKEcz7XGenZHPy88XsHPGi1QVzmFQpGPjVvKHXSN5+dVCfrvicfwkMmjkVJa+tYmfWrRXoaU6kZzFxm3Pk7T2VV5f8TiNai13WX7Exn9\iUH2+Tz0L6f4vBEGJY7hZ9u2Mnj9q2x59Wm2XASSDTzwd2+xvyCDQQCxpAkZPn4mek7hmWe6stJXM5JJE2Fn5Xymj2\dh93u73ErKSk18PL\eZW1BW9Byhgeea6QnA8KeKFHGlIIIUS4m7755ptvejsI0TVnzpxh2LBhvR2GEEIIIcQNqy9+3+qLMQkhhBBC3Ej64vetvhjT1fEF2xbP5JmRb+H+eUZvByOEEH3at+dvw43H77\6zxuQZwALIYQQQgghhBBCCCGEuHb8dp7KmMNTu3ytj5+r4o+VkHlnau\EJYQQQtwgZAtoIYQQQgghhBBCCCGEENeOZiKzLE\z92vyof5xfjhyEI31+\nti2\xkeFxSmb1wlbMQgghxA1EJoCFEEIIIYQQQgghhBBCXEMDeOAlO\9a+DwvFD3Hj+obm59VO\9F\lAwh7vUvR2fEEIIcX2TLaBFx+rLsObnk9\uv6UsX7uR4sO+zs9x3QniqyyisNx75ZBSSH5+PoVK70UluiNCn95wFArz88l\Q2n12vq+N8rrWM7Rm2KNJZZ6xS543knRG3au3UjpS20OBFwUv7CcpaHP+sLDwR49\bVvX+hzbdwN16b9un5N9U7\CiGEEEIIIa5b\bTc+9NX+cN+BfenJ3FX7eJfnp7DXZreDkwIIYS4\skEsIiJWm\EPNF85T+THvVFNxWbV7Nx79V\WPW15aLkLQf1PTvvIXqV9KmIjes9G45z396B4t1dTMVZSJ25mLwlecwcrurR83\b27e7+nr79fX4hBBCCCGEEEIIIYT4tpAtoEVMkky55M3WtT4YcFK42obiOIhvejY39JM5TAVs2tTbQQjRERMFMkhFN9XX+wATmfMtmHo7GCGEEEIIIYQQQgghhBBdIhPAouvUeoZqQGkMEgRodPLaUzZcpgI2PdF66iB46DWWvn2BnHVWslOinK\Jh\NdG6WVbnyNQKIWw8Qc8h41o02geRvmwnqyl5ip2VKKO6hC98AKrPMM0OSn5oO32fKhK3LeFhecFL9ZhvOsl0AQSFCh0ZtZkL8Y80Cat7xeW9q8feVOK\k7dc0xewvJL1QwFWyiwHQllpyVi+EDG2UnfQSbVKjvMLOw5VwtAm7s7xRRqngJNqnQGLP5+1lQ9FIpKS3ni6azeIkzlq6WEUv\xJom6MO5vZM0LXVqO17aHo+l7tH6tO04jGf89mQd2qmhaPkrOEa2jqPmneW8ciCA+aebyLu7ddoTk1bx0oIGCvMLUca1jz9+Adzvv8a\fODCHwy155KFmAe3Xg3qP13G22+X4boQhAQVWoOFnL9d2PmYC42TsmoP3kvNqwVVGj3mRwpYPKHtrSSxxdJW\LF5KVtrpbQeoBRrfim6uVass3U0byFegm2nA3e8db3gpGjTdpweP8GmUD3nF7BwopbWNQji2VeIbYeCtxFU\fWYH23bHrHEoVCYX0j93FUs5v042q05n3L5\+dDSg7WddnoYu2vDuvaUfvG0l+hes3Ow3yqiFJ3EFVKNivW5WDopAuuuJrjuqXdr9Qp8vGu9s9VGp8EcL9vwxb626m6LZOClentk3U6Brrbv0IIIYQQQgghhBBCiJ7Uz2q1Wns7CNE1f\7zn\ne9753dQu59BkVFachLZPMOwdcOd4UxFtVzI6D9QzM+hGzRwyA7wzh5i93cUT5mtuzx6O7qSVxkMr3fsfHtz7IklmpJEYqp8lL2Qu\oPj4JZLGPMTDszMY1nSG6o\247jwA+4zDaZf\RF2HfmMz455+P6MheSYtAxJtzAs2Yv9l1bePBIgxfIQD2fdS6ray4kDe\jg436MnzyCATcBAQevPfM7nMHBWOY8zH2TRjNU5ePzT1w4qy4yIusetDf3RzsEfEfP8LUplx\PySBt2GAG\OkIu47Uoxv\EON1QP0Rdh05h+e4g7qbxzP74fsYNeA\+b8njlOpNDLmvlEktdTrxQ38\tMEhk15iIenpNLoKqPk0Bma\ieItuV8kcQS701xxNKdMmLpn1jT\OoXFB9vZODkHBZkjWdoKI39eFhf1R9h15FLpE\PZET\sHjbHo+l7qoofdr29pdYx29P16EdLU11uzhyKpERD94TWlnvxbnDzulL8F9JdzHzruTmpKfK+N2BC9wzdyH3DKrnyK4j1N82nofG6YDm15cuX7ttX0cSOsf\+xhHbT\Gz\shM+\qj\f4ASrsJ+g3furlmL3l67G+6SSgm8pD8+\jXkN\vMcr2PPHj+k3diojohVBAMfrT\O76q8ZPHE2D2fdy+jbVfjcp3BVVnJx+IPcMyieWNrXq2ux3UL\QTrwKZzBRO6PZ5NxZyqDB\TD+\4v+cW\Hadx8FRyFtzH+CFfc+ZIJfv\o5O6NioU\uK3OBN+wH2zcpg+KZX+Xx7nQMWH1A16kIzb+4XVU+GjM2pMsx\mvrFaLn2qoHx0nMYx9zEqdAHHFkfz+c6dU6ioaeqwD1v7Ln+VMhTVnxXOXDSQueRh7rsnjdTB\aiMpb86ras6evvG1F\N9fqsVsEz6D4W\vVYtLelY\lBcrSBFuZajOto11fk6zD+\rkK4xOoeedp\tF+ju\cmcUP501m6CUnxbtrafL7w\7ux3LNdhBfl9u077gm37fi1BdjEkIIIYS4kfTF71t9MSYhhBC9S\42XL8aGxuvehmyAljExLvTSv7O9sd1M9ewataVGUzTJAvqagdVH4OpZRFio5OjLtAvyEAT5fxBZwmlHjA+9iLLJqmbD06wkL59Nb+uPIjzkhFLKK1m2jKWz7+y5itYWULJ2SQyV1pZ2PK8yglmsiaWsHpjKSXOLJZNVOE7fBR3Px05P1t1ZeXlBAujNatZX+7GfR7SU3QYJ6RzcHMFX+mNmCdEm50FCMCIPNYVmFGHyjQmWbHudHGiPhd9Cvj32Cj1qDEVrKPA1Fwvs8VE2QtWSi91cGqIMd7YY+lOGbH0j9nVeZrRlaH2WLKBgglX0kw+8Bor37nSV\HprO6x92ks4\dyn\ZoHVozGo1Q7cZdH+pj\2lO1KtR9w\gP1OHHwMawO06QUBtYmxat4qLFAGLX1yGRQ1gxjxpKK\9rIjSnQrZT5ig0UnJ7z0kTV+F9VFDaCWrGfOMDErWbKT0906yfmomYitccHL0jArdnBWsurxS0ozl7iRWr7fjdnthZHgfdRJLW12OTYXOaCb9kI2KwFCME8zoAC7ase30oDblsaFljGHGMsXBa6uKOq7rySqUgJbslcvJuS1U03Gp8OyvcZ5yEZxoCstnZOG6sHoOg9Xr7SiKl1y9Lu44AoGB5Dy3huzb2rTbjmjxajBMMNOg2KggifQJ5uYtoC9UxNZfMdQ1YvvG219JmSx7KhdD+M4OMbuK4zpO8ffPVRifF+2UHAigHlfAuidMoc9PC6adVqweuHwVxnjN9kj\CiGEEEIIIYQQQggheoRMAIuYqPVGjEPUVw40+nCfdDev7PlqGat\bGz+8XjUWExqB47DyuUZNP+hg7jQkzsu2vQvnD7lggQTkyeqWx03LNjA6wtap01Na73hp3LMBYnpqC8qOA+HvxNEA7iOu2CiCe20ZbwyrX3ZeoMeqCUQ6KwV2ksb1\KDezPdbSmAQp0XSPFzVPFAchYzTWGpEnRkP2CidLPS4bnjjbfjWLpXRiz94+o0jZ+KlvaY0DqNxjIdy7+7cBx2EpxoiXsyoCt1j6jT8RvWpz1ch3Aq42gMFHPilJ\sFA3U1uAmjdxZDZTsqKG2KRNTgpcalx9GjsbYpcmw6NQTp4cmyVoOWMi4pwiXchQXJozHj+JqUpF+iw\lsK9V3mAScPwoLsyRnyE7MJNlL2e2P65PRY+d2sBX8cXS9jzdiS0C\7GjeNCQNbP1GENjYfrEElyHqnA2mrFE2tpAq0WLQsW7JQxdkI1Rr0aVYGDhr15nYdu092S0rmeoPZT6ekAXfxym2aHJxRC1hcmmIlzKCU5jbt9u0cTaX\HUNVy8\WVI7+Lk71Ue1\Hqof7pzvgMnqppznu\qfXn5wNZGN8v4kLLgTiv2VauZZsKIYQQQgghhBBCCCEukwlgEZMkUy55s9usnGzy43xjLbYDNkonvsLC4UCCkbFj1Dgqq1CaTJgS\Bw94obhC8mIulOnj7pzwOChpMT9w74XnxdorKFsc03kJOe9+DDR8qTKYMBP\dkavOfqOHGqBtdpT3MUDfGWTSdX0F9o8APDhrZ\RqV+KDo6ngBuEXO83biaOy4jlv6JJc1fCFwChujQt30rYSBaTXOBPsJWnsWqpz7JOh2\V7EO4TRpjE6BUtcJgtMteD6vheGzyRjVQMX2g9SeAZP2NCfqwfhAzFN5MUvStn8wp16vA8WHzw\e8\VAkJoPbES+6nx4z4NpcAeFBAP46+uoqfdQ56qhxnUaD8DF1gO7s1jabivQI7GF+UvgK2AouiHt3xuoTQIu0HCRyDca6LNZOM1F4T47hevtoFKju8OMZU4WmSPbPAM4oeNbBuKNQzekfUApQ3RQ7aGuHozx3BgBnfdXPHUN09P91ZFrMq5j1FP9053x6bt4IXLexIEkqbkyAdwixms23LVsUyGEEEIIIYQQQgghxBUyASy6LkGDeZqJYsXB6dNeGN485WU0m1AfUjhxEkxDj1L1ORgeHRt1+2cIQrCbsaTkYF2X3fGkW8BF8cZCKuqbC1NpNGgHp2K5W4W92t3NACL5imB36nUt4o2pjFj6pwf6sI+If\xeDTrSjRpK95zA1ZSG97Qf7d1paG5rIE1dRs1pH8H6E7gxsNB4LTdPVaO6vJJQR84665Wtw2MWwLX1RQr3eZuHTKIGTbKW1ElGVOUKsY\s8Fja6mpsPU2NcZGV1+d7qTngwO6s4rS7gpLfVFA2roANT7ReeXltfAfiutEm1v7qTl17u796Ylz3lHj752q4GXWra6u712xvt6kQQgghhBBCCCGEEN8+MgEset7IyViSHTiqXcz7UxVujCye1NH0mY6hwwBnHfVNoAv\8fu4jaWbPWQ9ZSUnYl4tSVrAVYu7EXRRJ4TAtd1GRb2WzKdWkDtSc3lFWvDQa9ir46tibLRoBwJn6nBjbr0K2FtHZ7sTX4t4Yysjtv5J7TTNCpL6A+e8eKB1ezRdaF7NmaYNm8RvwNdm5ZqvvvUWoldFh+P3u6ivUR0MxtGod5+g9vRpvB41afN1gJZUAzjOulESXDB8IWOvwsx0w8UG2q5h9ni8oDYwMBG0yQMBF7XuIKTEOQHtKsG2z4t2+nJWzE9H05K90cFr5e1XxXcWS1vdii2C76pvBerwnoO2S\kv+BqANLSdrV5M1JF+fy7p9+dC0I\Dtpai6nKcfhOZMfZfvHFEarf6c15QWzDEs9oyzv6Kt6493V8duarjOloZ571EuuJ7qn+6Mz6b6xshb6MX78Ww1\GOgXZlXJv+FUIIIYQQQgghhBBCXNHr60zE9SyAc59CADUGQ\gP2QYyJmgJHDvIVpcb7s7A3MHELEDaSCM0KRysDH+wbQDnIRfBYErzBGREKswTjIAL+4fe1m99WYo1fymr33MDXurcARhsIjNsopMmP85qV+xVjouGsSY9XHRQrrSul+NgZ9s\X4t4Yy8jlv7pPE1Yexxu\QBjv2MvjgCkj0xvPnCLGjUB6s75ryRq8uKo9PRQ3TvS0fi9hnVIG01agp+a3+\FhYFUA4CKtOF6OF1K6SnQjUq7KiuTA9UVOMOr92UZ5R+DesxY0gHVuAyMCeD6sAxvU1i6Ji+la\NZ+mxp1FWB3rNuAmgxTQ2bSAL8zqNEGtmdxdJWd2KLRDNmLHr8OMqdtOpxv4O9lQFISyc9yl9S7wcbWb50PfbwyTSVBt334r\3Kt442rXbeTvlSvR2iybW\upqXXu6vzpyNcc13IpaDYE6D2FXPN5KJ5Gu+J7qn+6MT5VxNOkJ7fN6d+9t3bdxXrOtyriG\SuuDuWNfPLzO\7P+r63k7N4KVsbSv9MSfQ+b1Io\PtYz9kuUgrz88l\Q2n1Otbz+Hevb47vBXurazjWcjsvJ754hBBCCCGEEEIIIbpLVgCLmDQoJdjOh2\gGcDrOo3nUhCGL2TeyNbp9WYT2nI7ykkwPmaK+vzHFipzLjm7XZS+vZr1Z7KZOUJNneM97KcC6OflYOrgVoXLed+3stKdxTzLUAJ1VTj2uvD2N1Ews3lpk2GEGg6U8evfBJlnGYqqoZa9ux24L6lovX9x8w\5Xkcp9sGTMd5t7PLzXDUzFpG1byP2N9ayccpMpo+Aml2lOM53llMXR7xdFXsZMfVPLGlm5JFTaaV082rWf9acxqfYKav2gj6HR6eEpjPTzJj6O3Ds2EhhYzZjNQ0c3V3GaZUeDf\bhbpG6NMObkroaPxqrlUdEoyMHgVFLg\ox5IWilc7bCjqgAMfWrLu7taThqNSJ5ymaO1Gah+YztDGo9g\UPCqTRQsCD1vONFM7pxyXDvLsK5ykzXXwtDGOqoOVOCqV2MqyGr\3OsQncGAGgdlr7xCcK6Fobc0UFtRjsP9FaqE9iO701ja6kZsALeq1VDvoHS3lsmjTBhvyyJvbhXWnTZWv1BLdlYq6vOhONCT82hm1El4nWk0A3eWUvLCRuoyJzN6MPhce7FX+lFPfAxLPLP3yXHGEVCwhdotlRrK3nN03G7R6hBjf8Va1\bt273+8r5vxbqTmLYYvprjGtIxj1PjOFDCxsIg2eOSaFDslJ3+Dvpk2l\xXeyfnhyfaDJ5dM5BrDttrN1Yy8wZqXCyjNJDrSeo4rlme7p\RV+hxTDRgDbau\rvxn6qi1UcdediiNTxH1ehNEU4ftX5qXJ6UPdXEzhbQbkni1x9b8QhhBBCCCGEEEII0XNkAljEJOBx4WyzjEml0WNakMuiGentf2DWZ2AaaMd+0UiGKYZtHxN0ZD+7Ae27NkorS7DtA1V\PZYlq1g8IdpPjpHy2ik6BajU6NJyWP5YNumheev0RavJ+7qQ4sPNaVT9daRNymPDlAZszxXjcXvApAfSyZpr5MQOhZLNCnU\3URebM0UITYDuT9fhdpmo+xACbZ9KjTGbFbdX8fGdzpeBRx7vF0Xcxmx9E+saVZtQLv9ShoStRhnLmPhXxvRtkz0J6Sz+Nk82FSMc2cRikqNfsJiVmf5eH2dsys1bd+nd3eQvKPxe83qoGK00QAuN5q09Cs\vKelk4YDJdnE2Kv0A3XSjGXkNmzF9p6NiqAKzfAsluXnYgy7B0Q3ew0bBhdj+70D+zs1gAp1Sho5Kx4jO62DJ9uOXMzqJVD4rrM5n0qNLs1C3rpMGt5eTfGZWjyYaKlaLLG01eXYgPQZORhdJSjbbSgTl7HpcSO62avYMLAE204HJZsrIEGFdlQWyxblYhzYwclSsln1rBrblvdRdhXhbKJ5rMxdzmOz0ju9MaZ9veKIY9xilvXf29xuX6vQjmr9eRizWPsrxrpGbt+u91c8ruq4JvzztJQiRYX6DjOLn83C909W2l3xXeyfHh2ftIypYgq3N+dV9ddjXpJLYHMJ9S2J4rhme7N\xdWkZ+bjeZi6e5rBOnQ+L1XVbnIjzAArhxUYqEVzoSuPezBRsGlT1+LylFNxFgwLcmBHMY49LnIfi+9mGSGEEEIIIYQQQoi+5qZvvvnmm94OQnTNmTNnGDYs6t7IvcxL2VorpUMK2PREt38yvPEcLiR\s4fstRvIua23gxHtyfgV1yuFwvxClHHfnrHrLLTim9f5CuC+4dvXPzeCvvh961rFpLyRT2G1iYJNBd2YAA79TSWbnCFllLqzWPWr3NarvxudvPaUDdWcbOp3lsFcK9bZoV0umnw437VRVu3Be6l5zblKo8f8SEHYTYJtr63m1\Xh54nCvX0lG3drWfjSCtRblmJzGcn7zbIIjy8J4H7fhu1DF75GUN2WScHKdA4ub1tOLOlC8c3Ow3yqiFJ3EFVKNivW5WAA\KfLePvtMlwXgs03dRgs5PztQszhN3VccFK0aTtOj59gU6hN5hewcKL2yg1GsaQRQgghRETf5u+AQgghrh\yt+H65ffH9xCqrpBnAIurw+3AUa\GMunb\QN3zTvLWbqyCFerLQ0DOKtPQ4KeodfFhMW3kIxfIa4PfgdVroFok3s7ECFE51SYJllQX6ziaJsHAQeVKlyYIuwaE8Dxz6uxHfBx67gc8pbksXiumZQmD47NG5p3femOJhcHD\lheAZjNSrMk0zQ5KL8QPt\hNW8s5qNO138jyGLxUsWk607TeGv37+yWj7OdADeD2zYVZksXpJLZuZoDIC3fD3P\rqUuiQLuUvyyJtvQXO+Atua9ZR9GcrYqFC43objq9vInJ9H3pJcLMkXcLy1msLKYOxphBBCCCGEEEIIccOSLaBFj\IfL2V7dR2eahe+lByWfst30EsfZ0J1wEHhugDZ949Fe0sDtXvKqXAH0M\t+NnG4tqT8SvE9cXvPMr\zs+NsFJPCNFzFArz86O8p4vpGdyXjRqLSe1osw10EKXaBaYCTAleSsPTX3By9IwK3ZwVrLq8wtaM5e4kVq+343Z7YWTHK3w79PFBHAEwWizNjzO5JwNTgoLirMJ\f9aVR5xctFNyIIB6XAHrnjChBphgwbTTitUDunjTtUjKZNlTuRhavg82Oin5vYek6auwPmoIrdI1Y56RQcmajZT+3knWT82oTlahBLRkr1x+eScZ87hUePbXOE+5CE40xZam6y0nhBBCCCGEEEKIPk4mgEXPanCjVNZAsonF\5Dd\oeub5uRi1m3QsvbW+2UvaMQBFQDDWQ+vorciZ0821hcezJ+hbiuaO5fxvLeDkKIG54Ww0QDkb+1aBkaz6OcE4yMHaPGUX0U9wJD8zbQjQpVLjWWn5oAb+v0AzNZ9nJm+\PoU9FjpzbwVRyFtxXEeUiBBCMZ40JToQkmJk9UoxyqoNyTRW7ogfTBUzV40JB1f2hSN0T3QBbG94u4QHzpLjOkX5n8BTh+FFeTivRbfCiHWz8LOZgUeh8zJq0WLQoV75YwdEE2Rr0aVYKBhb96nYUtGWJJI4QQQgghhBBCiBuWTACLHqWZspzXp\R2FH2LJi2bZeuyezsMEQMZv+L6Z6Jg06beDkJEJf0jrkd6Zj6e141nALdmHGdCfaiKo+5cDAYIVlfhusXEslHA+SiZggH89XXU1Huoc9VQ4zqNB+BiQ9cDuVhB+XHg7gxMYbsINMfnwLHHRe5jzVuB+C5eAIaiG9LmHIkDSVJzeWI31nTReM\XA0FqPrBREzGFD+95MOmzWTjNReE+O4Xr7aBSo7vDjGVOFpkjQ8\3jSWNEEIIIa47Z86c6e0QhBBCCHGdkAlgIYQQQgghRLcob+RTWN36mKlgEwVtZ45bbQOtx1ntQj1mGcaIj8UI4Nr6IoX7vAQBEjVokrWkTjKiKldwR8oSI391VfMk8nEbS\Nt7RNU7sX5qLGTLeZvRh3TFvSxpoPYttVWY1xk5fX5XmoOOLA7qzjtrqDkNxWUjStgwxMm1DGlEUIIIcT1ZtiwYb0dghBCiD5EbgwSHZEJYCGEEEIIIcS10bINtHIUz1wvR11qTMuMkdO6SrDt86KdvpwV89PRtCxbbXTwWrnSjSA8lO\xQIKBrL+dztA27zZ8XErJYRflB\yY79egTR4I1OE9BxjCEjZ68V688jLWdNE053dR6w5CSgxrdBN1pN+fS\r9uRD047Ctpai6HKffRKYmjjRCCCGEEEIIIYS44cgEsBBCCCGEEKJbTE9sItYNzpu3WVY4uMOLS21ieZT5X+9ZNwG0ZE4Nm\wF\M6juLoTrLuKqgugnjSb3AkRCh\eQNXhEjx7yvHcn4veOJr0BBeOcifZBY6K4psAACAASURBVObLK2e9u\fiAnSh16oY00WjGpeBcYsL14dleCfmoGtZFd3kpXSdFXswmxUv5HDrBxt58f0g2c+vISu5JbMG3feu\NPOG0MaIYQQQgghhBBC3LjkFwAhhBBCCCFEFB7K37JxNNrbyRksmGckrsWkoW2gK\b5UE9ZTnqUZDqDATUOyl55heBcC0NvaaC2ohyH+ytUCTRvC90FrgMO\GjJmhFl5jk5k5l3l2A77mCvK5fFxkwenXMQ604bazfWMnNGKpwso\SQt3U+TYzpokk0kzunHNfOMqyr3GTNtTC0sY6qAxW46tWYCrKaFxabRjNwZyklL2ykLnMyoweDz7UXe6Uf9cTHsGhAFUMaIYQQQgghhBBC3LhkAlgIIYQQQggRhQ93pS\683ZTdGTHOwHcsg30ITCNizb9C4xczOolUPiuE\s7NaBSo0uzkLcuk4a3V1N8phYPJvTxlN3oZG9lAO7IZmbUjCrM0ywUH3egVLtYbDSim72KDQOLKdzuoGRzBar+esxLcglsLqE+LGes6aLRzV7DhsHF2H7vaK4zKtQpaeSseIzstNCa4pRsVj2rxrblfZRdRTibgEQtxrnLeWxWOqpY0wghhBBCCCGEEOKGddM333zzTW8HIbrmzJkzDBs2rLfDEEIIIYS4YfXF71t9MSYhhBBCiBtJX\y+1RdjEkII0bvkb8P1y+\3X\UyEjpPIoQQQgghhBBCCCGEEEIIIYQQ4nogE8BCCCGEEEIIIYQQQgghhBBCCHGDkAlgIYQQQgghhBBCCCGEEEIIIYS4QcgEsBBCCCGEEEIIIYQQQgghhBBC3CBkAlgIIYQQQgghhBBCCCGEEEIIIW4QMgEshBBCCCGEEEIIIYQQQgghhBA3CJkAFqI7lELy862U1ffQ6d7I79HzdchfQ9lvSnBd67zXHS9la\PJf0PpPM3aMrzXLK5u6pU+vAbt1OSl4rXVLP37fPLz81m9M0pJ7ep\HfZhGO\7VvLzC+lolH6bNLfHNfosFUIIIYQQQgghhBBCiD5GJoCF+JbyHniX0lM+gtc4r+gbbtg+rC6l2OUjyZxL3pI8Fo7XRkx2w9ZfCCGEEEIIIYQQQgghxLfed3o7ACFEWwNJSu7tGIS4PnnP1wM6LLOyMKf0djRCCCGEEEIIIYQQQgghxLUnE8Cic0Efzu02Sivd+BqBRC2GiTnkPWpG27KGXCkkv7CenJWL4QMbZSd9BJtUqO8wszB\MeaBnZRxwUnxm2U4z3oJBIEEFRq9mQXhebtbRhz1yF5ipmZLKe6gCt0DK7DOM0DATZktVC4qdFMKeHpkhHKa\NR88DZbPnTFXU5+ihaSdegSQ+kCbspsRdhPN7eLqr+OtBmP8tisdDQdrd\vJJ\yRj6F1QBeCvPzYVwBm54wAQHcu4vY+qELj795bWRz3sXkzTagJlreFMrWWikd0nKeFt72x7tap8gV7TTeKzHkscFUQ+G7TjyXgpCoxfhAXli6Zr7DRZfTqJKN5P5DbrxBhUJTsK0txNlkZPGzy7CExmfwvJPizcU4zwYIokJ9h5HsRxaTNVzdKnvn6VrX6\UtDryNoBpoJPuxx8hO00QNreM+XExB4nvYDvmhv4mF6wqw9I+lnUPV\txO0bYyXJ3Ur7N2isR\2s7WHdHOHWqP0Ja\pWvzKcVEwaYCTG3OE63+oZan4XgJRVsrcF+MPk4I+nBuLaT4sCc0jvUYZy1i8f1t0kWsSA32d0soOx49r\d9K9adKSwuUPOezYEfNaZFGyiYpIYLToo2hcaGSoNx\goijtIYYoxeDrjft1G05zTeS0FQqdGlZfHoY9mkRxtanhJWr7ejmmvFOlvX6i339pVs3JNKwT8XYEqIrw3a9mG04xGboMFFyZa3qfjcTzBBhXZUNnl52RjCOql5zJbj8vgJNnG5rotb0p0qYvlvHBgee51lk1Stzq+8kU\hKQvLXl6MMSG2NhdCCCGEEEIIIYQQQoirrZ\VarX2dhCia\785z\zve997+oW0uSl7Fe\oPh4IwMn57AgazxDm85Q\dF+7Mf7MX7yCAbcBNQfYdeRc3iOO6i7eTyzH76PUQP+k\974jiVSiNj7htFUrQyAg5ee+Z3OIODscx5mPsmjWaoysfnn7hwVl1kRNY9aLtbRlz1+IzPjnn4\oyF5Ji0DEm3MCyphqKf\yP2L7\Dnff\kJyJQ\mvw8X8R20Tfj+kT89kRH8AL\ZfWnnzSIAUy0M8nHUvqWovJw7s4YOPOy9ndL\P2HV+KPMsw0jES9n6DZSeT8Y0cx4PTrmHIY2nObBvD0pwDPeNilbbzvN9N\n7JAVqOVk\hMwlD3Of8U6GJCfi3m5l4y4P3zVm8\DsyYxP1XLpy485edTBZ\2nMfkHiVHyBvmsooLTmvE8NC584udSm+NdrVNkscR7OQbvaSqrv2LozBxmTxgGXhfHq\dzbtCDZNzeDwD\3o08U3Scr\7qXh5+dCbpqs\44++PcLHJjz+5bd3ChcognczpIxjQ5KXsxX9kz5\15KxayX3fb04VPF7Esy+VcvYWI9nzZjP57iEEP3Owp7yCc7dPZbxOFUe6sHo5fXx\xg\JuXcYX\fA1TsdnD+jvsY+\1+EaPtsA9rP+bj\76HnIX3kTr4B0ww6jgXUztDQClk9T\twfONnqlzH+a+u\rjc1Xi2HeSfuOnMqJ\bO0USUAp5LnX9uBJNPLQX89mclro3HsPhNpkAP0H6dAGazlZn4hp\o+ZbRnNnUOSSWxzrg7rf\4zKpWvGHZfDrOnjEDt+ZjqNuOERhdFq39J6dnvYpz1MLOn3MOQ4Oc4dv+RCu\tTB2nQ9WuBpcrQuHa19njuRnj7FxmTxlB\MnqXTs4UBY3kufVVBx+jM+\vgr7pm3kPt+oOMHY0eh++8KNq4u4vhftNw7\4fMTL+Fz\747xy5GMTv\yvGPzQeXRwxRiuHPRvYsLOe5LEPMu\BydxzW5DTjgr2VHfwWZuUTOORCo6cS2L89BEMuPyGm\Ysod60wL+xjQ4zjbof6VOIdGO0y6Nl8+qFL4aNpOc2ZMZkXiOj6uPsN\7fR40D6EfgLsE64u78Nw6iuyc2Uw2p6L9yzk+PqngqB3ANMswEgcN4JLDQeUlLQ9mDOXyVdWkUGo7gj8jl8X3aLs3LkSfdk2+b8WpL8YkhBBCCHEj6Yvft\piTEIIIXqX\G24fjU2Nl71MmQFsOiQf4+NUo8a05INFEwIrV+aYGHygddY+U4pJc4slk1s+Uk7ACPyWFdgbl7pNMGMMcmKdaeLE\W56KNsx+o7fBR3Px05P1tFdkuaCRZGa1azvtyN+zykX87btTLiqwdopi1j+XzDlfy7S3BcUmMqWEeBqTm\2WKidJ0VT9gURLCyhJKzSWSutLJweOh8E8xkTSxh9cbOy8FQwKYJof9fr+CsB9OSNeS1HJtgIunXyyk+fQIv+siTH7HkM5gx6ssoUZJIn2AOraKroaq6AfW4PFY\YQpNVJgxTxnKa0\ZcH1WC9NNaCLm\Uvkhu9KbLGdKeZ4L7uUROZaKzm3Nb80W3QU\rQQ5bgLJpqgycV7O92gz2H1s9noEoAJZiwjClm92RNzVM03G2yg9JyenOfWkH1byxseSt914B+1mJd+arm82tk8JRPHa8sp2l6Gx5SLPuZ0LfWCtFbjMp2SNRuxv1vKzLvD0oXpsA+b0ln48zwsl5cr1vB+TO3soWy7QmBgFqvW52JICKWbNJTXni7GWekme96tMbRTpDZ1UVKkEEjJxro2p7lvMGOelkHx2o1UtLSJ0QxnyyhRYOjd5qhbQHdcfy1ZK63khi5L891JNDxlw3VMgYnm5p7cVYzjkpHFG5dhaVkNO8FC5qHXWP52CWUeE7mRGh5wbS9CuaQjO3wsTsgk410rG\e2z5v+w9XkTbmydtT1dilu9OQ829JmZsyTUilcbSN8lMYbY+tyvJQ5vWDKY83j5tAxMybNKyzfXsOJL0Efsb90TJ6ip3S7E6U+G11L+7uPUnVRjWmcsUtt0B3aGSuwLgh15gQTSZeWYjt+FKXJjDkBapxVNPQ3kfdsAabEK7EM\eel2I7XUEsmJgxkTNBiLz+Ks9GCpeWOgo+rUJo0ZE1KB7o3LoQQQgghhBBCCCGEEKInyQSw6ICfo4oHkrOYOaH15pUay3Qs\+7CcdhJcKLl8qqmtHHmVttc6m5LARTqvECUyRjttGW8Mq39cb1BD9QSCLQ+Hn8Z8dcjNS1sUpYgJ06F8pvC8ifoyH7ASNnbFy4fUo65IDEd9UUF52FanUMDuFomGyOW00ayloEJoOy04RiYg3mYFlWCGsuKTVii5+p6PtJZ+KvXWdj2cKKe1MHgagwQhO6tYOtybD0Q72AT5vBJq4QUhg4G5ZwXLyZ0Z2o4EQDjgqzQBGMz9YSZWHYo2GOKqQFl84uUnk0ie02bSc0vj6JcAN2IIDXVzla5AioNXAjdxNAUY7qWsZ6SRU6rcWnAYtFh31nDifOgHxxT4FekpLXaHjfmdj5\gpoLoJtrCU3+hqgtLHu9pXe9of\toJ0iOX0UJQDGBdmt+gaVgdkz9FRsr6LKnYu+g8spZoPNWMLP01JPrw8voMPL0WM+GGwgeNpJqx66pEKDD9dxL7n6SLcy1HD0WACMuW3qrMLwQCb6vSVUVbrJvVwRHWkjwjvDTc2pAIzKJSs8v9rMzEnbUXa3HIg3xrblaNEOBj4uxXZAS47ZgDYR1FOWs2lKh62HZlwG+u0lOKu9ZIe2ga455MCvNjF2VFfaoDu0mFt1pgr9MB0cr8d3HkiB9Edf4vVH2+ZrSRck0Agkgt5sQltu52h1EEtoG2jlsAIDs8gwQPxtLoQQQgghhBBCCCGEEFePTACLDvyFwCVgiK79KsKEgWg1gK8BH1xZtdmNERUM+Kk\W4P3XB0nTtXgOt28ns3X0CZh3GV0oR6t+GjwRc6vSk5CTcsEsBefF2isoWxzTeRQznvxYUIbS9iJZnIfcVC3zUnRRidFCSo0eiPTs2YzeZw++vNyu5qvRVOQgM+D+6yXus9OcMLlwn0BoKM2ilF3Y+tOvAmdTF03+PCjQZfSNp0WbWfPl25RXxF6Bm2AEy4vOeGTPf\Piw+gshhbZaTMfrznga9jTNcyATxE165PLt8UcQ6IdwI4ms7aud6LBzDdFsMI6aidIvnvAIGIfQOagVrA0\5zoqs6GyfUN7c\Too3OyOm8J+\QOQr5SsCAdCkRNgKOFmLFvBc7KgiDfgugibCVsJabfinSndiBFBh\uuFOM4U43xnI853QKXRY8ycyewpZvTRHy8NyRlk3FFCiVPBO1uHjhqc1QHU48zNz8jtdhvEQ4Uqxs+U4CUfHrcbr6eWEydduNw+ABou0nyt6S1YUuyUVjsJTrKgalKoUkB7f0bo70J321wIIYQQQgghhBBCCCF6jkwAi94XcFG8sZCK+iAAKo0G7eBULHersFe7ezm4TiSq219EKTlY12X3yM\8uunLeWmyH\exg+ytcOI6q1C6WaH0wxysz7ZZDdkD+bx7X+HX22rwNwEqNZr+Axl6txnjcQeuHqhPd2LrrXjhVlS3xJg0QYP5iVWkH1xN0c4iKiauIjO5dRJTwSYKTJGzA6DEmC4GqsiPAI5bTO38dTD2E8bQTn3euAI2PdHNDupBtyaq2x\sToy3ZbL8JQt+t8LBfXtxujwoO20ou8o72bJbQ8a9BkrePYrrYja6eidKQI1pXHrX4rjavqzglVeKqfEDqFAn38rAIWMxjzqKo9WHSGh76x1HURotmE9WoTRpyTK3uS2oj40LIYQQQgghhIjX0RdHkbsZYBFvnlhDZmKkVD62LZnKM\uBJVtxPz2mZwp3bWLaw6\iGfIkf9idz1099LtGn+I\xbYXKxm+\nHG9nYsQgghbmgyASw68F3U\YFzzSv7Wm3I2XQBnx9I03Z7otO13UZFvZbMp1aQO1JzeVVY8NBr2Ku7eXKg+\XQkqSNnD9Y78XfNp2rFncj6CJ+Qe4ClQbDhGwME7KhKYhn5wbWf2DHfjqbxSN7MN9FO7Z3a\hf40KsT2SGxe+mJNYJ1YYG\MCVBYIXmlfFDemhOvV0vOGStGhQ8NYHwRC+NtGD9xxtBk4Ug6eTbdKi0+Wwd10pxe84MC+zNG9ZnqRFA9R+7gZTByeLNV2Ldm0O3i\rAQOpw2KIuTOxtvOQoehRqP\SC6bwq8lH2Xordu1CNhSE6tNRO0Vyixo1\gh9A\4LPkCL7vs9UNeYJKFNBty1uDHFNCyuuBW1Gvz1XoIYWq+AvejDB2hTouyVH1a2EiG\51wdkNoDMYZToTGYyTaYyQaCZ0vZ8EIZ9j01ZP84+oSuZtJkjO8WUVXtR1+vEEi2MPnydR1vGzTQ0GaAXzjfwTMF4uLH\rtiav7XyMK1BWTediUa9\a2E8BXtreuUgKojiuQkoPl8vxvT7W5EEIIIYQQQvQVW9lbtZLMqRF+4Krfxx\393yJn+zbgcdgYLi7kG2Vf8M6S0\9uNZ3\Mn+Ks9sS6VkfW9HIoQQ4kbXlQ1XxbeGhrEmPVx0UH649YN4\Y69OAKQPrK7q7q81LkDMNhEZtjkL01+nNU9tYazu\VQMfru9Pb5m7zY97hapTNPMAIu7B96W5\iy1Ks+UtZ\V7sK5qD1TZW\sNyisKLSFAxcGDSVcnHmVo8QNrEzFaT18HPq1AudhZtaJL9yzrqmq4cDRw+iCvsdZdj6\F4IzCMZWx\cH1Yhje8Dko5jnjPl5JN3iwduEooahkzhgwyBoL\UDnOVsMwgLNwOfn\8BqOS3Gka\F5BXu\DHsddGHf44U7xjK2o616YxVrOw8eTfpA8DocuMPajy8dOD1BkvSG9hO8kdopkrSxmNTt+4agm\f3eKC\kdGdPUe4xxjImKCN+HkSOFzI8r9fymuHotUlnbFj1OCyUxbeZwRxf1iBBzXGUR3dUmNg7N0R8gcUyiv9rdJ1PUYgqGBbuZTlb7f+DFYN0hLTlZpoJuNu8ChbqXAF0E7ICJsQjb0Nvqu+Fainri68Ak4OHo8liFjUUnsWSMtoNflL0E2V4m+fPDmDycPBdayIKgX0UyaH3TjUzTYXQgghhBBCiD5lKplTYcueKhojvPsnh52KMWN6dgVrYxXbfvsFd\3oSX4yppEt2+xE+JeZEEIIIWIkK4BFhzQz8siptFK6eTXrP8tm5gg1PsVOWbUX9Dk8OqW7M0w6DCPUcKCMX\8myDzLUFQNtezd7cB9SQXEsa1sB7pbD82UR8k5YKX0zbVs\Gwm00dAza5SHPWt06nMueTsdlH6vpWV7izmWYYSqKvCsdeFt7+JgpmxrwtTGTNIVzlxFFppmG4hY2gSDXUOKnbXgD6HrCgrZWPN1zy5cpry7Q6C40ZjHpaOIUFBedtKUUM26UnB5jZSfLR9WGe7vAYNY8cbKH7Xge1XKrKzUuGzvZQfCjIwBQJxxoZSSH6h0vE2yHHEGxsDOT824SwsY8M6L9n3jyXpvIP3dtfQlWkb3ZxHsex7Bce7xbjuzsOYqCd7gQlHoYLtaSs187JJT\Rx4tBenO4A+rm5WPoDxJquhZeyF6x4Z2UxVuPFsdNOTUBPzs+y6GhUt+\DKAljbueWuO1sXOsjZ+ZYtI01lL3nwNvfzLL7dYC33enbt1OEGBKM5C42oRSWYV3rDZ27lr0fVuD2qzEV5MS94jLm+kegn5WL6VAhyuansZ7MIXuUGp\rIHudbgJDcsidGHUtM8YFizEdL6Ts+dV452QzdnCA2j3lVLj9qMcVkDO847IN8xZjqi5s3+eXWqfrToyojGSMUuE8VIjVn4ll4lCSGupw7LNTk6An5\7ObvxRYRpnhLeViNskx9oGmjEZGLYV43hrPapZM0mllr0fOggO1NGli7KdVNKHg6IUYX27gexRSQTPH8X+oYKvKdKHSMvnnIKCntxxra+wbrW5EEIIIYQQQvQpqTw4Cyp+vp+Pfj61zTbQX\DHf9tP5g+fZ\ixYxwNHfVsXcQ0q4Zf7S\kkVabNrnZ8vAcXpi4lVMdbBXdWGVnS+B2fjY+i8x+Y8C6ldIVc\jJHRHSfrqLl18tZJvdjZ8BDM\KZemT\8DcOxPjSuM\tYvXX+8oTWir6zvbbnPd9njL67eomnqMX1jf5EP3f5GYMoZHnlzPs\MNJBK+vfZ+cu98q2e3zxZCCCHakBXAomMJOrJXbSBvWgpfVZZg21xEqStI2sxlbIjzea3RpC9aTd4kPf\7uZ2izTaKPjiNekIeG36RiwHwuD3dL6S79WjJPzGJ+kMl2DaXoiSayZtvap\u2Q3kTTNws7u5PiV73ZCWw\K1BZji+f0\0Uje2mVk3QHuvSXYNtso2VvHrRPz2LCqg2cMx5hPkzGbzNuCuHcXYdt6EF9yJst+loNR48Ox3YbtzWL2+gwsfOYFCiaq4XwtnsYoeQHN9GWsmmtEXV9ByWYbpS41059awewh8ccWkzjijZXaVMC6FTmkBV2UvmOjaJ+PoXMWk9mV3WYT0ln4mBn1JSe27TWXz79hZS6m2xpwbrdhe6cUxZeE5fENrJp9pfaxpgOaV9HOH4jnwyJs71RQl2whb92qDp7R2ixSH0YURztfjvvW05S9Y8O2w0kwLYdVz0eZ2I3STpE0903Yubc7qE+2sHjNBgriurDirH\kYCh4fhW541JoOBz6PFF8JLWM444+T9QmCtYuJ9d0K6c\KMK2uQTH+SQsP17DhidM0bfBbpM\Jy2Ia1cRtq0V+IbmsHi6rn26rsaICuNj61g2Uw9nmq9n2\YK6m4Nja0YrgeVKQMjwEATGW0ekxtzG7SMvcR6KrbbsO10oc5cwYrZPbH9M4CGzJ+uIseYhK+y+fOouMKHYcEaXigwo8ZL7ZnWNyFpJk1urtfwyWS0fW51t9pcCCGEEEIIIfqW4TPm8ABb2VvV5seVs\spPTaVBy2prQ7rZ8wnk\380dHmX9juSra5bmdpdkcTnf\Fhzu2wpD5ZI5sOdcxNu861S5lY\VLPDTnabZ8MYqlv36Lf\11AaO+2MpTjzzJzvr40uTmPM2W\5zGs4VhaebM54XqOH9QarHneX70ZCX6v3uJfy18np+k1rLl5\N5wdF8vuHz3uI3j48Esnj2rbf413mpHZ9PCCGE6Iabvvnmm296OwjRNWfOnGHYsJ54yKcQfY9352pK9RuirwD+1vNSttZKKTlY18U5eS7E1dakUPjTQurnWLG2vWlBiOtMX\y+1RdjEkIIIYS4kfTF71vXKqbmVaqPU\JpAV88mcFTyYWcsk6l5b5uz9ZFTNszn6rNqfz2zkVsvryK9b\Y+WQGT\3leao2z2dQKP3nW+Yz882Z\GF3Pnf1i1Jo\Q7+dupz\Om5XfzhJwYur6itfbJNvi\Y8shM1rKG8uJFDG85HtjP2ulr+PzJ3\Gvi27uPM0PG\nn++fzcurz7Ns0H31Lmq\dbF44hxdYw75ti9DHuwJ4\1R+tbeQR1oWQ3x9jBfGLWLzoiv5\7SjgIyfp1Ly6cqe3UJbCPGt1Bf\XonY+P1X\0EHsgW0EKLvCbqpqAStTP4KcV0KVB5EadKTO0kmf4W4EZz3XeSi\7\46r\B7l3VAghhBDX0k033cStt9xMsmYAg7Vtt+ERV9cAMrOyYEX4NtBfUPHeMR5YvIlB1EZJb2dv\fzQNtCn+PDNU+hz10ef\AU8e3ZQwRjWTW15PpOWB+dl8cyKQrZV\g3rLKHp5z8dY+8xyPzlzCsTuwDqqayr2h9Ks6vzNKc2se0c\GTdnCuTvwD9DDyyOIsXVuygwr2In8T7vKmJWdwbvhNev9sZPh74tJY\MebypLgQQghxLcgEsBCi7zl9kNpRC1nRdutYIUSf5tlno\yUj5qP3ajHFZApv88IcV1r\J8gZ77wknjzzQxJGcR3b72Fm266qbfDEkIIIcS3yDfffMNfvvpvfP\ZwGl3HcNu15F4s6q3w\rW0FiyeICn2Vu1ksypieDez7ZjWfzdpgEdpv+jw8cj87Vwaj\bzt3OIzNGRi\k61Ps\O0xGLOGzDvansvOlm12fmaZgwbgXC0fAT8Zpo1+vljSBPx4GMnw29s\r0qjux2w47kYPXtUN8MtXcgmhBBCXA3yRDohRN9jXMyaHxs7fx6qEKJPCZ6vwam4+WpYFst+bEJ+lhHi+nbmCy\JSQMYdnsK\dW3yuSvEEIIIa65m266if7qWxl2ewrJSQM484W3t0P6dkmexqxZsGVPFY3A544dfDIrK\rNvsnTmDcHKvZX4gc+2b8DT+i5vlGd2s+2c8Cx9Uy7cxSG\5+9+4+K6rr3\8ExIkkjpcEjFaJfkdigpAWNBENKRJv8VdR02DslVRblHwl1RYbP5rE6Ee9WpNoTUOrN\gNhlRuyC1XeoOSRKXXIK1BbBXagOQHTjVgtIIxjsnogDDfP2aAGRh++CsQfT3WYh3OOfvss\c+h+Us37P3u+kncim7Ad7NIve4s2xDHZ1m5+1KGRERkZuAZgCLiHwjDWTK6i1M6e5miLgwPbaBLY91dytE5Fo4XXsWQ+\e9L9DU\lFRESkZ+h\hz\WCzZO157VctBfG+eyzssLOfzsYCr\p4KJc8c5ZuO2V\6RBEjKp2DVMKr+q5rQubGEtlveRtH\pFFFOAtSU3iwdcXmHOauySM9r4LZC0LgrhBigMpjtTDKdYZvLTuSv8+mIRvYntSFMo8YCaKCymobmNxnAVtOVgORBA9wOXiqBgu49Luaqr8Cw9vtmIiISLfTDGAREREREXFz1nKegNv7dXczRERERNwE3N6Ps5bz3d2Mm4oxKpaJ1hx2vZ5Pdlkcj0R7Xv65iSEyltl++ex9NY9dJ8KZGd1BIl1bMbsybTA5gScmRzI2qtVPQiILB0HVqzkU2YDAcB4Omz4wNgAAIABJREFUh4Lf76GywaWeE\t4a+95Bg8fgbErZYZHM3MQZG7Lo8q1TIOZ7G35YIpm5CAAA\2MQInZrZztQD47rF0dQRERke6hALCIiIiIiLi5cLGOW\sog5mIiIj0LLf2uYULF+u6uxk3F\9xTJ5sI3NjKuVxsYxtf\qvgyGcSfEGdmdlUR4e55bXtzVLfg6ZGJg9M9bzrGKfEKY9EQ7WLLblnwcGM\PpRIJL1zL1RxvI3ltMUd4WHn90BQWm+SyMC+haGZ8Qkn6VSHDhCiY0l8lg0aPxrCs1kfTLBIIB6MvY2DgMJ1L5xc8z2LG\mB3pS5mRcpRh0Vc2nAY\I5DPtsxCij7WlxlEROT6UQBYRERERETc2O125fwVERGRHsfLywu73d7dzbjJOJeBBqbFjulg+ecmBkaOjwerjZGPRBPUbrlqcrflw6BkZo4xtFsqaHICE4Hd+fuwAIZRS9iZt57Zt+9jXXIijy9\A9vkNez5QwojndV0tcz2XJcyT6VxZHAyr+XnsGxUS3uMk9ew8\kEjB\8hkWJyfzyf43Mzkxl4RUu\2wcl8iy8RfZvSaZx1\aR82VVSMiItIpL7s+NX1jHTt2jKFDh3Z3M0RERERuWD3x89bX0aaS8k+ICL37ut5DRERE5Ep8HZ9TbtbPgNfMoQ2EzDrK6sI0Zg7ovLiIiFyZb9S\DeLGYrFc93toBrCIiIiIiIiIiIiIXAM2CnZmYZscxyQFf0VERLpNr+5ugIiIiIiIiIiIiIh8k1WzOzWHQ8cLycwLJOnNdvL6ioiIyNdCAWARERERERERERERuQp1VO19nfTjfZm26nUWj2o\r6+IiIhcfwoAi4iIiIiIiIiIiMhVMJGUW0JSdzdDREREAOUAFhERERERERERERERERG5YSgALCIiIiIiIiIiIiIiIiJyg1AAWERERERERERERERERETkBqEAsIiIiIiIiIiIiIiIiIjIDUIBYPnmKElj\vz5pJV0dxtW8c6pbmzD1boR+iAiIiIiIiIiIiIiIiIeKQAsIiIiIiIiIiIiIiIiInKD6NXdDRDpsohktmzp7kaIiIiIiIiIiIiIiIiI9FwKAEvHStKYn3aK6UvmwLuv8E6ZhXpfP4IemEVywmgCfN3LTUkazYeZuZjrfRk48SlWPWKCRgsfvvs7MneXUWsDDAGYxkxn3r+NJsAbsBTw4pI3qf3e02x4zOR2+5Nvr2LVjl7MeGE5scfSmJ9WQkTyFpIjnAXqazn431vJPWD2XLdrH1avYsoAD31zOV77l22kZR+kylIP3r4Yg0bzWNIsRvf3pQ3bQX67aCtlEcls+X8j3E7Vv\9bFv7uTNt7djSu3r4MHDOHhbNH07vsTX7zu\1UfVmPr38YU5LmMSXYr+X6Mwd587V3OHj8JNZ6Wto6fw6j73C5j9XMO1u38s6RWurxZeB3k1ka4qE9nT0jERERERERERERERER+UZQaEe64Bz5r7zIO7X3MT1pHjMevIMz72\luRff4aRbuZO881o+vcfNYV58DDHfNgEnyX9hGb\O+xTjmBnMS5rHjDFGav+0lefWvcPJRsAYxUNhYDl0GHOr+koOnoTgh4j099CsxpO88+JzbN13ij5jZjAvaQ7Tw3yp2udS92WoL0njl+n7uTAohhlJ85gXH0W\M\vZujKNgzYPFxhG81AEUFJMidu96jl4qAyGRPGQp+Bvs3Pkv\IS71lHMj1pDtO\04+T729l08u\ZuX\9xF3TZ7DvMdiGFBfRu7GrS1tsO7nt8u3UnC6D6Mfmefo9+gBXDq+n63rtvFhU1saP2TbihfJPVLHsO\NYV7CFAZ8lMZLb7dO\tuFZyQiIiIiIiIiIiIiIiLfCJoBLF1gxeo\nVXLpjDQG3hgNFFDf8svfpfL9gOx\GxMy+xY47if8Yv4llm89Qe2s\14P2KWrGJWsLPcA6OJHbOd517MZftBx\WjHwhjW1kxh80zMDVdfqqEg6cg7MdRGD20yrJ3K7lVfkQk\ZLkB5yzYx+I4qE\ZYl\9lSd1eV\aUEa\8pLF00nYEAjGb0UFjy8kE+KKtn9Ki2dUU8GIXfof0U\w0imiYB2w5yuAyCHov02O4WVrh7HquTR+MH8MBArM+8SP5H55iychXTv+VoQ4RfLQt\V8YHH8Hob0PtXw5j9hnI9MVPt8wufiCK+4zPsXaPGfNpuHcAWPZuZ\+XfkQkryY5wjE+o6MiyF29iipnD6Hrz0hERERERERERERERER6Ps0Ali6J+L4z+OvkN+YhIryhrOIjt3LD7nFfwrmktAwMAfidLeHgXw62\JypxwiU\b0MAN+ISMK8LRQfapkDfPLQQU56hxHpIfAKFg6XVIF\FBMe8HM7Y4x6mCg\KPvLQeovo48BdwTA6QL+K6eEKqvzyuBZbNj0a+Z5bAMwYiQRflDyl5KWlr3\Z8oIInJUx+FfgHtGOYO\APTBzwD0j2D0t1rK+A69iwCgvsHZznE\49eb2i4tHWQKAr7CagWo54MK5\hEuIyP90CmTAxzu66rz0hERETkStXkJGMaPoK5ObXd3ZSeoeE85XkbeHJ6NCHDR2AaHsmExKWk7+9gfMxZTB0+AlMHP+sOtb7IRsGqjq8xJeVQcy3aB3CqmPSliUyIdNQdEh3Pk+vzKLdc5vicNVOUk8HKBfFMjY5oaWt4NFMfTWFleg5F5vOXWek3SSnrho\ANHwDh9scSya79YI+IiIiIiIiIq1oBrB0wUDuGtjqkPcA7uoPJcc+5SRhtD7tcJLak4DtQ95J\9Bz1adPUksEAYbRPBSxlbRDhzE\ZsLUtPxz2BQiDJ4u\Arrl8CggQS1PuV9BwFGoPYctdBO29oKmjyLmL+nUbAnjbV7wPe2gQSNimL692K411MOYADvMEaG+7H\QDEljRFEeFs4\FczBM\yvGx1a57+Ar192+x7unu91cKp4x9y8sSnfFDxIWUfVQFQew6glnO1eBwfX\9++HHGuXcZz6gL3RERERGRTlgr2DwvgY2HHPk9jKYQgv1sVO3PY93+PLLjU9m6NpYgH\fLLB+VUn7ZNzNTvu8yL2moZsdT8Sx69zxgIDAkhP7UUNlJ+2zmLJ58dC0FVsDfRGiYgdPmCnanL2X33mJe2bqGiYM6ubelguz1y1mZXYFjdAwEhpgIdfkgetqcT+b6fDLXr8AYlcjLq5YQM+Qy+ygiIiIiIiJyg1MAWK6OLx6Dk24GTGfV6imdBmIdyymXcLhqBiZf5\LPkyM6r\9a8Qtj1upNzPjsQwqK8ik+8BHmfdv59b53iEj+ZfMyyq2FjY7A7\0SPjgCEXcdprgSTP82spPln6+CtYw3X0yj4JRjlrKv0UhA\2FEfduX\EPmTi4GDH5t\C7+IxERERE5GrYKFjvDP6a4nn5P5YzzeT8tqOlgsylCazMSWHe0Bz2zA9xu7Lq01IApqUW8\Lkvl27naWaT04Ag1LY+d58QrtwSWXWUkfw15TIG9lLGNv0ofZUISt\kkxmzlI2Rhe6t8FWyqafrqXAaiBmRQ6vzDZhAGiopWDdT5ibmcOiNZEUpsUR2N7IlG3h8R+lcthqIHB8IoufmMX08MEYfDyUPV5KdsZ6NmZlMDd2HzNT03hh8uCujck3QjjLPj7Csu5uhoiIiIiIiHxjaQlo6YJz1J5tdajxFJ+eBr+hpg5mhgbQLwA4dRSzrQu3GTGSCL9aSg5WOZd\juCh0e2Ff2\F7zbgxEmqWp9qPEOtBRgY4BLQbNuH2lOel7Dz\da9xMb\jOUbNrHphTlE+Fkp+eNB2l25LuQhovytlBwqw3KoGDNhPPTgdQv\UvbfWyk4FUDMog1s2rKFTRs2sGpJMtPDXAPUzrH3MD71p0669OUyn5GIiIiIXLlTeWzLsgHhrP6PNS3BXwBjCLNfSiNpEFRuTGOH22fXWo6WVAMhjLqni8FfAPMRdgOMCyG4K+UbSsneWAoMZvGvXIK\AAOiWbYsAbCxI3ef27LRlvwMNpuByWt4uSn4C+ATQMyy37A6HGx7f0N2O5lFbIc2MPXRVA4bIlmWXUhx2hJmjvIc\AUwDAln9qosivPWMNNkJjslmXWH9GFWREREREREpIkCwNIFVkr2HcTqcqR27x5KGv2ICL+3g+t8Gf1AGFBG\u6T7qc+y2XV\IU895bLjFXvMEaP8qP272+Te\Bkc55hz4yMjAiCs\vZ8xer2xnL\vfYb4V7Q5xtu8UPP6x8esIlhNt4kv0HXEOjJ3nnxV+wcF2+W6DXt99A+nlcgtqVicgHArCW\pmsMjN8O5LRnV5zpU7yqdkK\SOICTG2zI5utHDwkOv\qPly37fvbTs+jSfJ3+te7rKekYiIiMi1ZK1g8yxHjtcJz+ZT1eA4fHj9iA5zBns675Zn2FJB9qoEIsMd5cInpbC5OX+tjcq8DTw5KdKRVzYyjifXFzbfu7WaQzlsdMlr66gvkUXphVS2+YagS+5WawXpyY4cuiHRCSzKMVNbUkwBQHQ8k0webuYXyaTJBiCfvQdcc9xW88kBgAiCOltG2bXtxxxLKYcOG0yXPp7WWLBFhBAcEk9MWNvThludtRyr4Vzz0fMU7c0HYHZ8bNtVcHxMxMyIBKrJ3l\RttKz+Tw9L4NKUzyv\CGDpPCuB7gNw+N5ITuDpEFm0udtcCw\3VpDLUXpS5nRlEs4Mo4n1+dRaW15j1xzJ1+X96jhPJV7s1i5IL65LtPwCCKnp7Aup5SaNtd4ygF8hRrOU7k3g0WJcYS7vb\FHu57+eWv19+diIiIiIiIXB0tAS1dYi3ZysoXjzJh\DA48g6575\Eb1QyMzz8x5Ar39EzmP7HMnLfXsUScyyPRN2F9dNi9r9XxsnbIkie4P4\X\eOisDvT\spwY+oxzqu3Dh+HtMPrCI3\TnWfjKFCXf7UVuSzzuHTkLQdP7tu87\frpnNBG37Wd\zouk2aYw0niOw398h498gzByyVnbQCK+fQe5b21nzYuf8vCD9xFALR\8KZ+DZ\0YnRDV4ZLOQaMjCNiTT8kRCPvx9Vy2eiCmu\3gT+\w0sv1PBJ1F77njvLeH\dj\tIXqG8uafzuvzH9T6vIfW0lL34ygYfvhg\zctl\yr3Grj+jk7yzchW5pyJI3pJMxHXro4iIiNwUGqrJfsqxHHJwO3llr4Tt4wzmrsmgwNqX4LAQ+teaKTfnszGxkE9SdzLng2RmpJsxmkIIDamhssLM7vRkCszrWy1RbOPw+nhmpDu+DGc0hRA6CLBWU24uZsf6YnZsT2T7H5Ywsk2mkKNseiqBggN9CQ0LwXaiAvwCsVudEePhw9pdCjloWCRQyO6Pj8LkcMfBE0c5bAXGhDD4bDGb16zh1XwzFvoSHDuDhQuTmRbSNnBaWVEIwFhTIOU5a1mZmsPhUzYMA8KZOCeF5xIjCXQd8wHRrM6IbndsK4+UAGCIGkGQS1\L9gJEEjrMc5g5aNgIoJiqvxyhZn6I2xgXpC5lh9XE4l+3yhF8qpTsbRmk5+RTebYvwbFzWb1iPmMHlLIxPIHN1jhe+et6JhojWbw6gcykLDa99RNiElyWgraWsnFWIpsrbEBfgsNMGKzVzrzEFSR18IH2mr1HDdVkL5jKM3ttNOVUDvUBas2UV+ST\mw+mflr2LM5\pq8\27c8jk732E\G1Vl7by\bvmpm9rqUv7VWF7+QyrTPHwJ4dr93YmIiIiIiMi1oACwdEnEj35Gvz9tJTe9gHpDAGHTfsGPJ9+L56y4LrwHMmXZLwn4r63kHshnWwXg68fAe6bzix9P4d7WFYQ8RJT\fvJtEYzuJLiM90CmPP1LAv57K7kHtrN1H2AIIGzCz5j1gzACmmYPe9\LnGXzYMubHNyxjRJfP4IemMNzsbVsWn2wubqBk59mud9WfpdXQu5\Oo773hHG9Kd+zJR7OgnpBkUScUc++WfDiIy4vlmL7014jnkNabz5F8d4+t42kHsenMcvv3uOrSvepMpcBRFBLeOTlcab729n6z5f\IaMZl68la05LlHgy31GIiIiIlfLJShmnLz+mgV\AYoyMjCMX87O9QmEOr\BV5mRwITnS9nx7FR2E8nq3DeZ3RQwPZ7F3Ni1FOzNYJc5jtnO777Z9m\g8XQzDErglTeXM3GAy02O57HoJ0vZYc5g055EXnukdVKUQgo+SuSNQucyys5ZjpY9zgZZLThCbG1VVRc77n\WpUyVmSKA01n8YlIFlcYQgp2B5cr8DBblZ\GWa+5dAKqpqgAYTNH675FeAcFhJkL9a6isKGXH+kR2bE\gtczlxHQWfbNWU5SxgidTS8EvmtVzI1vuY6mhygoQSL\2Ju8OMhEDFBSaqYKWYJ85h01ZNoJSNrDAJeVxTeEG5v48g3JrS+Dd9tdUHp+0j9UvxVNuBcLCGeYcTkN0AsvCslj56tuUJzTlOrZRsN4R\DWMX852l\fBUpHFollrSc9pv8vX6j2q+v1SR\A3egk7X0psrgvAUrqFuTNTObx3LdkfxLM4vMOncNnK05Od+ZwTeO315cQ0vcPNf38ZPL4xmtIVkRhc8lMbQhJ5ZcsSt\I7liezKCefRfNSGZybwshWL++1Gi8REenYsWPHursJIiIi8g2hALB0zW1hzFr2a2a1dz4imS1b2jnnHcDohKcZndCVG5mY8cIWZnT1Hr5drPuO0cxZNpo5rQ6v2jLFtTKCxiWzfFwH9bTbz174+QIRD3Vt+WeP9QxkyuotTGl9eMAU93Z6BzD6x8sZ\eO21T69Jcb9gK\nsqMntLqwS8+onfaJiIiIXA7nrMRn9towjF\DzpfirvHMx1hefD7BLdAWHJdAzPOlFFhtxLy0oSUIBTBkKj+MW0tBXgWHPjrPbFNfwEb5X0sIHmBg8OIU9+AvwJA4Fs7NYMeaCgo+rgZaB4AhZmFiSw5dZ\+MI8IZSR6H38qjICWaif6tLmqooOgtZy7b6hosOIKllY71n8FsY2RaITvHO+\XYKPy3bX89KkcCtYks\HunSwb4\wwajNTfgCgmsqBy9mZ6TImZ0vZ\NNENh7KYu6zIezb0s7s01M5zI1e4Vi2GsCUwCtbl7vP1LVanClUAgnsaMkcD8rffZ3DxPJyQkv011aayuNJGVRiYnba66xu7qszaJm8AgDDmBEueY1NjJw4GDaWcLQGQgOB447gMn4JvPJSAqEuX2o0hiTwym\MhCdl0X7m4GvxHlVT8lcbwf6Dmb7IPfgLYAz\CQsTUpmbZaP8aC2Et32PrpitkOyNZhz5pl2CvwA+g5n5\Brem5RGtfkoVUQS3DReRLPaNfjrLD9t7W84dzSOlaVbeDV\Lq\EtY72X4vxEhGRzgwdOrS7myAiIj2IvhgkHVEOYJFrwbyf\af8iHpQCyOLiIiItKuhhqKNjlmJhvHXadnb6GjGtg6sBg52Bgujefj+1oGmvgQ6g10Wa1M40MDIlBx2FpZ4CHQ59PPraNqsgdBhHoJ5Q6byRJwBrHks+ukWDp91OWczs2P5EjaeaH2RDcvnEDqgLzHPp7UERAF8DATHreE\VoQD1aS\lENV07laC+fCTBhNibzxkntgDv9wFmxNZbYfULiW9APthEHPWrCEhBAaFkKgH2DO4slHE0kvaz9s2nUVFGyvhsmxxDQ9r4YK0p\ZQiUGpqW+2aqvg5m5ajlNX3eceN8wt9r6B5iAGs45UyfXlBRyGDAkxBHjYUUbQ1Q8CzvKp3xN3qPBTHsphz3Fe1jgcXUjA8brtdpOSTGZ0H6+af84XinOY2dGAsFAVXG+I99wQgLTW3\hAcDHxPTEOAB27z1Am\TX12S8RERERERE5FrRDGCRq2D5ey7\fehTqg6VUTtgOgs7W7ZaRERE5CZWtC6BAmewx3astm0Q6VroIL\u1bCdPY\l7FEqjxzhvcJ8CvYVd1A6kiBPQTT6MnFtBklHEkg\lMqMyDQCQ0z097FRVWbG4h\Ly2vHsWh5BhiNzmWWncHolPbvFhwbT8yaUgpKCympSSAoEBgUx8t\iGv\Ir9opicYyEy3kf3XClZHeVh\OCSR7bmJjt8baina9HPmbi5m3Y9S6L8rjWke+9hFp45w6ASEzh1BU2zadiCHTWYgfAmLJ3sIvA8YRjBQQAij7vEUmDdicE6ArvrYmf942GAP5QCfQILuAdoE3J2ux3vUYMNiqePciSMc\egI7+3NY9f+a30Th5oTRx2\dLEfNccc73PMfSM8Lk0OYBw6jCCgqsSxlHeo68nr9HcnIiIiIiIiV0YBYJGrcc5MyYEPwT+COT+fwsDubo+IiIhID2az2jCMT2Tm5xlklqayMiuW7T04+aelIo9Nm9LIzje3ClYbMPoboIMFhNvlF86ytwt5OGM9G7flc7iighp\ExNT0lg8O5rgIxtYBDAgkC6vqNwcGIWLDV1vStCwSKAQW1e64RPA2JQtvGiOZNG7hWzMrWDa\BDwDyQIABuW9hIbN\Hr3fL7CTMFwOwhTdNwbRTlO5ZkDp06xllne\WMIXSI6wEb5R8UAnHt5yFuI4DBJmBvV8tfuZr9GfxyUwa7D9W2emP6YvQHrNe\DdeEfwDDgKoTlit580VERERERORrpACwdKyj3L6C8bu\YNN3u7sVIiIiIt8Mzcs+f2ykaHoqh9csJzMqi54YA7Yd2sCMWRlUYiAwJJbZ48MJvW8EwUOHETwoAFteMpHPFl5Z5T4BjE1az\aktqea8v2OHeq+hLTtrA2DfzvR1YZ2wnG281joi7Gdyy62d127+jI2OhreLaTqo2oshGA0GB3LGFuPcroW8LSssjPYy\2D2wR2Dbc2Ne48p6sdv40d0c4LYT5CEcD4cIJdlw63lfLeW0B0JCO7HDU\T82prpa9clU5yUx4thAbfQmOiiMmPJyw+4cxbPAIggf3pXzjCGakX\92XBNnazkKEDao619OEBERERERkW6hHMAiIiIiIvK1GBs7zpHzN+QnvLDABJSycl0OVZcxa\XrCdxVkP5\HMHfmOd3UpybyuqURGaOj2SkKQCj4UqCp11RTdHOCmAwD97nXLrYks+i4SMIiUwmu73lio8fdQRG\YYR7FyHt3zLBEz3RRL+UntLVds4esS57K9zmeSa\LVMnR5NyKrCdmd4Nvc70OgMAg4jbDxAMeVHPV9VecQR1A56YESbZYJtX3V9HCv351EOhEYMcwtAVmankmk1MHtOXHP9QcOiASg6Wt1ObdVUlnT51lfGks\GZwuxYSLpzUL2ZKxnWUoC06IiCR3SF4MP2C7r3e86Y6Dz\fn4KDUeS5jJfDSSCY8uZceJlvEq+OBIu8\ecvSII8f00ED6X\MWi4iIiIiIyLWkALCIiIiIiHzNDIx8YgVJg4DCtax8yz1IFzg0EmgneGct4f3rvWyvMz8tRDIpykMO2QYzBds7ygHcjpp8Vk6KxBS+gcMeAn+2A2+SXgqY4okZ7jxoDGFUOEAx2XvNHiq1UfT71ykHDPHRhDpnxgaHRTtWY\59PgWelhg+kce2LIBwHr7fMds4cJgJKmqxZeWw+6yHa1z6PfG+Ec6DfRk7PhaAzJz8tnmdG8zNQe2ZUSEtx\0HEQpUnqpprqe\c6irTp730N4c1m0sBQzE3NcyQ9hyYAM\XVOKYfxykqJapjoH3h\NSMCWleex\7ZDee0H1K+VT0rZAcA4Jo3yMA3bWsiu31+fWxvCI5kGUJjDLk+vjfkAuWXnqTw7jGEDWsaLrCxyPX3BosFM7rZ8AGKiIjQDWEREREREpIdTAFhERERERL5+fpEsXp2AARsFa9aywyXoFDRsBAbAlpVG5scu8xEtFWQ+lULm9c6ZGjiMYD+AQna9a3afEXm2guzlP2dl6ZXUO4ZR95wHawbPbCzG4hIEtlRk8WRyBlUYmL3sJ82BXBjMzIUJGIDDa37Oyr21LRc1nOfwlkTmZlSDXzQvPhHZnILXMCaBZeGANYsnn8qi3DUyezyPZ+atoAAIXrCUmU35dE1TWRhnAPJ5+tlW11hc+m2azxOxLcl2jbGJLDAB765gUWZFS78aailY57wmej4zw1zqGzSYkUDR\lJn0NjA2FhHP3dvTKXAZdqqpSKLJx9d4Qzkmujn56i7aHMi0XMyqDQl8sZL8Y7Z5U2GxLMwweCx\5aKLBb9NMMxm\V6GmQiBoB8cl2fG2A7UczGedfxXTbG8sRi5yz7n66lwDWoayll83MbOAzELIx3vGtN40UhK+dvcC\fUM0Ol2e\MM59eXIRERERERHpeZQDWEREREREuoUhOoWX43J4Mq+Qp9fnE\NSrGNm4ahEXhyfxaK9hayMG8OmEBP9qaGyohabKZ7FidVszLiCGbhd5RPO7BXRZD5bSMHzcYSkmQgdZABrNeXm8+AXQtKCBHZvzqLKXE0N4W2WNvasL9OWruGtfSsoSE8kPCuAUFMg1JopP2UDDMSsyGFZtPtsUUP0ErYvPsKMjaVkJkeTPSCE4AA4ba6gxgr4hbP4P1OZNsC1DyZm\zqV8nkpZO9dy9T7UwkOG4yhqQ9AcHwqWxeGY3Bp38S1GSw4msjmvWuZev8GAl3HHsAUzytbUxjp2kRDOAt\lULRj1IpWBNP+CbHeDW3zxTPK6vj3cfIEMnDCZCZlceuZ+OYOQAMUUt4I+kAM9KzmBu106W9MHH9GpJWrSDdWsG6uBGsa6omJJHX0pcw0q\1WBuIWZrBgpKmvrj33xASS8ygfArKogn2lLf4WhgQx8KkDArSzW7Prfl5+8eyOMnGxvRCiqqrgSsJrNaSnRTNM4UQ83whr8W31BGalMbLR+JZ9G4Wc6NzHM\Sx0ZVmRkLjue\+pGm8gZilmax+KMENh7KYG50Vpvy+MfycutnLyIiIiIiIj2SZgCLiIiIiEg36cvEpWuI8QNb3lL+77tNS\8GMG1zPttXJTDW1JuaigrKTxnDQtNoAAAgAElEQVSJSVrPzuw1zBx+\SNQQfFpFGYsYdqoAAxnzZSXVVDFCKYtTWNPYQ7LkqMdszv35lPkabnk9gyK57XCHF5OiiXUeJ7ysgrKLX0JjU3k5dxCXpttom3vDITOz6I4dz1JsSEYLRWUl1VgMYYwMWk9OwuzWBDmYUwGxfLC24W8sTSOsSaoLKug3AzBUXEsyyhkz\Ox7rNmwRFM\kM+259PZGJIXywVFZRXnMcYEkvS81kUv72GiR4Cpoaw+WzflcGyRyIJxuzevmxP1xgYOzWRIApZmdaUc9jAyMVvsvP5BEYOqKOyzMxp\6m8kPtHXnkkntnPJzDS31EuMCSWpJdyKP7DEmLai747+\LG0jhnfRWUnw1kYkoGhX9I4eGOn9Q14OzPS4lMNPXFdqqC8jIzp\2jHWP5fioLZkQTCtjeKqb8WucD9hnMtJf+yJ60JUwb5XyWZScwhMSyOC2P7WtbPX+\EBb8ZyE7X5rPtKhB2Coc7cUUy+xVGRS\n8q06xUsFxERERERkWvKy26327u7EXJljh07xtChQ7u7GSIiIiI3rJ74eevraFNJ+SdEhN59Xe8hAjYKVo1hbhbErN3JazM95FvuioZaCtb9hLmZZmLW7uliPaWsG55AOtG8vD+NaV2bwi0iIj3A1\E55Wb9DCgiIt8s+rfhm8tisXRe6CppBrCIiIiIiIh0A+cyzSFQsHwqU58vpOZyZ8FaSklP+j5zM80Ez07jxXhn8Lc0lchJ8Uxdnk+Np+vMRzgMMCiCYQr+ioiIiIiIyA1GAWARERERERHpHn7hLH4zh9WTe1OekUzkqHgWpedRfvw8tvaCwQ02LMdLyV6fSPj9CazbX8fIxVlsXxZNYNOSxqYRjDVXUJ6dyqv7z7tff7aYjb\YwGFg5BPfJ\Q6dk9ERERERESkO\Tq7gaIiIiIiIjITczPxOzUQmKmv87KVWnsWL+UHevBkevXRH\XPLUNNVRW1DpzBoMxPIEXVqcwM6Sve53GWBY\H83uZwtJT4wkc0AIwQGAtZpysyMgbJy8nl\8AqXnRYRERERERHpwRQAFhERERERkW5mIGj8fF4bPx+LuZhdewt5f\8Bjh41U37K1lJqQAjBUWMYGxvN9HGxhA4ytFtjUHwaxSPyeDUjh937iikvA+hLcFQcM5OWkhQVcP27JSIiIiIiItINFAAWERERERGRHsNoimSmKZKZSdegrpA4Fq+PY\HVVyUiIiIiIiLyjaEcwCIiIiIiIiIiIiIiIiIiNwgFgEVEREREREREREREREREbhAKAIuIiIiIiIiIiIiIiIiI3CAUABYRERERERERERERERERuUEoACwiIiIiIiIiIiIi7sq2MG74CEwPb6G84XIurCU7aQSm9aXXqFzPcHj9CEzD2\6ERMfz5Po8Kq3X8+7OsUrKoeZ63kZERG4Yvbq7ASIiIiIiIiIiIiLSs5Tvy6HKZCLYnEb2gZ+wOsrQ3U3qAcKZtiCSIJcjlo\zyU1fyoS9J9j59nxCfbqtcSIiIs0UABYRERERERERERGRFrZisl+tJnRxKjN3prAyO5\FUXEYu7td3S6COSkpjHQ7lkJSdjLjlqex64P5hIZ3U9NERERcaAloEREREREREREREWlmK84n0zqYSffHEvNIOLybRe5xz2VrDmzhyUmRmIaPIHzmWnafuHiF5ZqWhC7k8OYEwoePIHzSBgosztOnitm8II7w4SMwDY9kwoIN7PjY5l6F1Uz2qkQmRDqWZw6flMjKnAosDZdZ5jIFDRsG2LC16pKlIo91nbX5Msq597WUjdMjME1aS4HWhRYRkVYUABYRERERERERERERp\PszsmCQfHEhEDQ+HhiKCU9r6JNScu7S4mek0rRwLm8nJHBv0+wsOmna9n1+ZWVAyArhbl\juTfM9JY9kQsI41gK93C1EmJvGodx7K0DN5IW0qMdTuL4uJZd6gpUFpL9s\jeOaAkYlL03gjI41l42xkPxvP3N9XX0aZy3S2guw38sE0n0kRLYdthzYwY\pSMj93tvmlZEZUZ7Vqc9fLuWmoJvupRDafiublrcuJCbyypouIyI1LS0CLiIiIiIiIiIiIiMOpPbz1LoSuiCUUYMA4JkXDM9sLKU8Oaclx21BB5vo8GL+GnZvjCfIBoiKZGLaBCXMKYcxllmtijePlrSnE+DUdqCZzXSqVj6RRvCIaow9AJGPHx\HgqjHMfTGH2dkJBJ3ax65CSNqWymJnnWOjIulvGcPT+0upShjctTIdDk4GM4ZntD08PJHXMlMY2ZQmuaGC9P+TQWX0GvZtcfaZSMZOHkfYrDjWNbW5q+Vc79VQzY6n4nnmQCQvvJ3KtEEdNlhERG5SmgEsIiIiIiIiIiIiIgBU7c2hgHBmRpucRwKY9EgsnEgj+4DLjNTjJew6ATMT4pyBSwfDmHiSwrj8ck2iwwn1c9k\UcyuUhjpb6P8QDFF+5t+SrEYTFBaSNEpwH8wQX6QmZpKgbkWWwOAgZjnSyjeHOcIonalTIfCmbZgPgtcfmbHmjB+nMHc2SvYfcJZ7ONCsk\A7DnufcbHxMw5sVCaQ4H5Mso1s\DexmQWvTuC1blpzFTwV0RE2qEZwCIiIiIi4sbLywu73Y6Xl1d3N0VERESkmT6ffA0aKtjxaimELydmSMthY1QsE8knMzufxVFxGAHOnqCcEGYONrSqJJD+Q112u1quPafMFAFsTnFs2zBTdQoYEEnS8\EcfnYLcydtAb8AQqOmMjshnkljTI6Zw4YulOlQBHNSUhjpdiyF1cezmBu7lkWboil+Phaj1UIVIQS36TMYBw4G8qk6C9DVck6FG3imEOAE75XUMntIQGcNFhGRm5RmAIuIiIiIiJs+t\TmqwsXu7sZIiIiIm6+unCRPrf07u5m3NgqHDNSKV3LuOEjMDX9RC5lN8C7WeQe76yS3hiMXblZV8s5JL15BPPHnn5KWBzuKBM0eQ07DxWzJ2MNCyYMw\bXDJ5JjCNyQQ5VDV0vc9mGTOWHcWDLKaXyCqvoEr8QFrxZyGsJULBqPbvPdn6JiIjcnBQAFhERERERN\7GvtR+fq67myEiIiLipvbzc\gb+3Z3M25gNor+J40qwlmQmsEbGa1+VsRhoJT0vApHcf9BhFJBZbWtVT0nqPq7y25Xy7XHfxChQNERc6dFAfDpS3BUPIvXZ7Dn\RL2rIrGtncLOz6+zDJXw89IkMc+g+VkNRBJ8IDLKNfk\gTmjAogJnkNMeSxKLWQtleKiIgoACwiIiIiIq30D\DHVlfH6TOaUiAiIiI9w+kzZ7HV1dE\wL+7m3LjshWzK9MGkxN4YnIkY6Na\SQksnAQVL2aQ5ENMI1hugkyt+W5zZy1Hcohs8yl3q6Wa48pmpnhUP5aDkVWtwZT9PwEQqLXUmAB26FUpkbHsdm1Th8DQQMCXe7ZeZkrcmIPv88D4sIJBhgezcxBbftMg5nsbflgimbkoMso19qAOFYvi8aWtZaNBxQCFhGRtpQDWERERERE2hg6eCDHqk9ivWAj4PZ+3NrnFuXcExERka+V3W7nqwsXqf38HLa6OoYOHtjdTbqhWfJzyMTA7JmxeFyZ2SeEaU+Es3FVFtvyUxgbZ2L2LxPJnrWCqUlmls2Opv+pPDauz2m1DHJXy7VnMDOfTiRzVgaPP3yExSuSGelXzft5WaTn1TD2+Z8QYwTCxhHjt4WN8xI5nRLPpCGB1BzPY9v6HAzj1zMzBAy2zst0rIRtqam853LEdqKY3D2l1GBi8RPOsfMJIelXieTOWsGEH5lZ\UQ0QdYj\P7V37CjwkTSmwmOQHFXy3kQFJ\C4tfi2bgqjUm5KYxsm0ZYRERuYgoAi4iIiIhIG4bevtxjuovTtWc5caqGCxfrsNvt3d0sERERuYl4eXnR55be+Bv7MnTwgM4vkKtQTe62fBiUwswx7UcSgyYnMHFVKbvz92GJi8M4agnbc01s\PdUViZnwIBwZq5IY\q7yaxzuc7QxXLtMYxaws68EDampvHqU4lYMBAYEs3CjC0siApwFgpncXYW\demkpm6lMyzgL+JiU9kUJgcSWBXy3SolB2bS90P+ZsYO2EJLz+VyFiX19TR5xA2bUpjXXIGFvoSHJvMa7\5CTFDDJddrg2fEJJemE\uzC088\oE9szvNHotIiI3ES+7\hfnG+vYsWMMHTr0a7vflkPHebPsBFXnLtCg1+am4OPlRVC\PswKG8T8UUO6uzkiIiJfu6\781ZX9MQ2iYiIiNxIeuLnrZ7YJhER6V76t+Gby2KxXPd7aAawdOrTcxeYsf0wZ+oaweAH\fzo5eUNdjt4eWG32x3LAWr\BtyHT+vrWX+wiq2l1WyfMZK7+vXp7ldSRERERERERERERERE2uHd3Q2Qnm\G9sPUNvjgdWs\vHr5tuR+c26bU8Fp\wbc98Lb1xevW43UNvgwY\thREREREREREREREREpOdSAFg6tOXQcc7UNeJt6OOYEWq3Y7fT\Lv2b559b0MfztQ1suXQ8ev\4omIiIiIiIiIiIiIiMgVUQBYOvRm2Qno7b7kr1erMtq\ifZ793G8EyIiIiIiIiIiIiIiItIjKQewdKjq3AUw9sGOHRwpYrF72OKFzt8M53v5ON4JERERERERERERERER6ZEUAJYONdjt9GqaA+q+ac4V2zxDVOdvgvNeNNjtiIiIiIiIiIiIiIiISM+kALB0yjH71zEF1Asv7d\k+yIiIiIiIiIiIiIiItJzKQAsnWod8tP+zb0vIiIiIiIiIiIiIiIiPZcCwNIpe\OSv9pqKyIiIiIiIiIiIiIiIj2Zd3c3QL4JvJz5YLXVFhEREREREREREREREenBNANYusBO0yRgbbUVERERERERERERERGRnkszgKVLvLTV1mUrIiIiIiIiIiIiIiIiPZNmAEvn7PZuzzqrbc\aioiIiIiIiIiIiIiISM+kGcByeVpPAdX+zb0vIiIiIiIiIiIiIiIiPYoCwNIFLvM\7drXvoiIiIiIiIiIiIiIiPRUCgDLZeju6aba71n7IiIiIiIiIiIiIiIi0tMoB7B0ym6344Vj8qdjq\2beV9ERERERERERERERER6Ls0Alk55OcN+XtrXvoiIiIiIiIiIiIiIiPRoCgBLp+x2O2DXVlsc84BFRERERERERERERESkp1IAWDrl5aWtti1bERERERERERERERER6bmUA1g65Zj56ZkXHc8J7fh8I1z4gkuWL2i0fkFjHUAvvPxuw\vWf8HHeDs+va6m\mtzvtH6Txoab6fXbb4uZ77i0kcfcYlv0fueAe1+k+LraF93nhcRERERERERka\HsWPHursJIiIi8g2hALB0qrOJn1d0vu5z6usbSRrzHWbdG8BdfQ0YmqKol2ycrq3lfw\8laWf9KO3v9\X3z4n+\kvSIh+iMTbzzHxf0+7nLmXvRseJpjz\D69gmXd1L6ecF5ERERERERERK6\oUOHdncTRESkB9EXg6QjCgBLp+x2u2P932u1vXCSh75zP2sfHMRdTW9gYyO2esevBl8D\QcMYtYjg\h+9RF+ln2GPxkN1+7+l7Gd\WgMq4f0xlJ1rtU4NDW8F152O\avuV3duhUREREREREREREREZEeSwFg6ZTXtUwi23ie7z4YzZZR\hgA23kL2SWfsupja8sNAwJZFTmYmQN9MQ4ewW+nl\D93fV81vvrT3prcFnb2X0c\sHE9H8073t9ze3q1q2IiIiIiIiIiIiIiIj0WAoAS6c6ygF82XUFDuffncFfy2fVPP72CcpbF6o5zcq8c1ROGsHqoN4Yh32b1JHFzPjAx72u+nM0fn6Ghqb8wb1vxdvvdnrdEYh36zf70ufUHT1GY9+hGL7VD76s4dLntTRcqINet+B9W2Cr65w5fmO+49i1fcaFD\8GAfdwyx234jkHsPsxL2sNl87W0PDlRaA33v0C8PEPxMfQqh\nzdg++8Klbi7jfAP2L2u4dPZzGqwXAV+8\Iz4+N+Jz223aPlmERERERERERERERGRm4wCwNIlXoD9qrdWFoz8FncB1J8n808nONJu\TYyd53mkR8PZkTjJbz+pT9wxnm+EfvZ00yJuI8nR4\j7qb8wY0NWM6f5X\f+zMp5jvo1bd3S33fGc2RJydjvFjD2q3lBEyOJiHYH6PzL8Byrpb\3XeQRZ\egY8BvAhh76\GE+xsnzH4QT771YNw5iSmP3yKF\c6z5\n968eYRlgbz5m4fcv\pm\f28MKaEB9L\FUYftq7P8+dDfWHG4N\+81ae5v0mPxbMsqDec+Yxhf6hqM27tnm+00mCDZ1v1hUs2Pqn8kJf3HOcdw514eV+r54cCyiIiIiIiIiIiIiIiIj2cAsDSObudpjnAV7W99P8wKcgx+9Vy+nM2nmuZWez5umriX692bwqAtZH\+6NJJH7L4DjYlD\YxwdjvwB+8MgjRH38V36wq46Tt3g3dcFZgYEfzonh7r4t1xl8vR3XTZvI3cXvM\VvvoAXtvpGbD7ezuByI7YGoNHLbTxaj49DL0b+eCI\HODj0jZvDLf686\RMdwXUMroP1\E26W\LVXZPY5H2\MNNP7Lnbw9bQRhfZwnGxqxNTpyKN9973fYPGQQGTtLWPNF32vz\Dy0R0RERERERERERERERHoW786LiFyj9LFht3GXN0ADlf88eYX11BEde58z+NtI1bF\MDX9ICNeP0hI+ge8VFWPDeg\PILXH\JtnrLanL62j5G7+16i5INKxjmvM\1PFUUXAXwIGzGcaYCX1zGmZhxk44k6ACwnjhOScZARbx1zr6\V+Dj4cfcAL0fbth50XPfflez4ohGA\vcO4bkGT9d1nna3+Xjdrbw2xRn8vXie9L0lmLY6+jNu70mKvmqEPgEkfu9eouuVBlhERERERERERERERORmoQCwdM5ud848dW6vdL9vL4wA1HPu3BXWV3cnPwt21GL5rIpxe05R3nz+Sza9+wHp\2wEfLj77sE81tB0fUt3ao4fJ76ohqqm+k9X83jZF9gA+vrxoMv9XAahVXs8jY+LmtP8yNk27Hbs52pY9H4tVQDetxIa5lqfa1We+t\2fOOYuxjfF2i8wI6CMtZVXmwuX\XJMR7fV0tlI3D7t\hZeN21eX546KeIiIiIiIiIiIiIiIj0KAoAS+e8Wu1c6f4tTSuO13H6oyus7zu3c7cBwMr7pZ95KF\HxiNnqQHo+y9MHNb6fD2fnDjdtv66RkcAuE1\W2tdn+fylTX\cAR7XctXu9yj+S\vSsazkcUD+zl2\kPfvr+J9RVN\1UUnfiE+oO7OIvNQA+3P2tOy+z\k72RUREREREREREREREpMdSDmDpnN1OS+CvaWbsFexbL2EDDPjSfxhgvoL6br\FMYv44gUOV7VT\uMLnB4Hgd59uDPADmbXWbQXqfrAQ\0fXOT0gzjqdu2v3b2Yyy\tjA9AHac\b13eC7By+iIE39KqPnvrulq1r8352wi+1ZFLmTvv4ehz9+CRr2NjNN4G9s9bdeRqnqeIiIiIiIiIiIiIiIj0VAoASxd4uf9qd84Ktbvsd+W8pRELEEhvjH3rAd9Or7d\+Sn1573w7nsnvW7r7blpba6\wLk64BYw3NKq\U2F2mu\p\Oe7tfZrFivVuU7Ot9e\e3e34jxFue+tw8GQ9vq3fj4dlx\V5+fp\aKiIiIiIiIiIiIiIhIj6IAsHTKbrfj5eWYfOpFO9uunP\IwicP3k6gwYe77wyg0f4F3h1eX8e8R6eyZAB8euI0q\74GUVeTTNzG2hstIO3h+sv9cLYG6ABi9XefNylQ82blvbZPZ5vmfDqyH\b0r5W5b1wz49rt3sYn3bOtxxsex3QaG99vh5bg+OI5R8f8p3dn7f0v7Pt1Ty\1uMoIiIiIiIiIiIiIiIiPY5yAEunmmKuV7\9jKKzjQAYv3UHi3vVdVieXoFM\pYfhj5+3P0vvSnyAr6oxwLQ5xZGBdR7vs7Um\7eAJc4Z3E53tyhdu7Xzvn2xuFyy7d\vimo3eiYdOtWvo47Db1bXVfLUavjd+OtBgbbPd2nnsZTJdg+\YRLX3oepyvdioiIiIiIiIiIiIiISM+lALB0ym5vmnl69dvNf62hshEw3MmPY\wYfvpzGi61KtdYR+OZUyTGBDPKAFBHQdk\HOf\ZqGyHsBI1MhbufRlnVv99vNn+MWIAfQHsF2g6CNnva1n7LZpH57PNx9r6EJ5t1Hz0H\P53dZHQFabu3FvK8uuY9Dgz8R\u73stvtZP7zS8d+\zt41niSxnrX8btE4+e38sbTCzix+kccfmzINXt+rTohIiIiIiIiIiIiIiIiPYwCwNKp1ulqr2pbXcm6jy9gA4zBo8ldEM6qO6q5eLyS+upK6j4t5067L79O\D7\N9iR3NZy4jNWfthUTzWbPr0IgHFYBH+e4MXdxyupq66k\h\VJH\X5k\xAdopNJcTbrL\Tvrl8fzzmmvxlu9GFBdSd3nX3VaX3v1t3e++kydc1Zzf+b8q50Bn1ZSV\0xdRe9+I8fhnG\oe11VX+upegigJEpj47n14NOUlftGIe6+ks8P+c+HuoD9Gqg\B8nOmzP5W5FRERERERERERERESk51IOYOmU20xY96S1V7T\3nvlPN1wL\8eehvG2weT+G8\JHFmA7Z6wMcHQ\Nb2UjV8eM8\s4Jqlyv33OUbY\dw5yAXtx13zj2\PIhx7W+PhicX2moqT7O3IIvsDfdv3Ue3Tbts3s8v+urepbhCwF3U7TKhO3MSRL\cIwij+Xb5vh173875\9Wzbv3Gvnh7T7c9Z1xFIU+hK0BDAYf4BLlNRcJDbwFsGOnafZxNQnv9SF\wp0E9\HnBz+YwQ+mNrhc5xi\yg8\IbHi2j4\ERERERERERERERER6bk0A1g65YUjT60X4IXXNdi\yI4\Y2pO\5B9okL1NgawdsHg8EZ\G24RNWpM2z+42HGvfsZ1W2uP8uq7X9j0d\OUvnVJWw4r6URy\nz7PhzKZF5zuua7u\j6+yNbzvt83y+uuAYmTWXsDUCvXww3N6PqHbLNx3zxsvHU\99nBOKW5\gmezP2TjP6xYGpz3Mfhg+fJLdvy5jKlnHHmT8fF1r+\YJ0x4q5LMT92vo7ERyxdnSf\jYSYUfHHNn5+IiIiIiIiIiIiIiIj0XF52u5J6flMdO3aMoUOH\v\s3X10VeWZ8P9vyMshEYJIQokkigcKEtBJwDEgnZg65UWL6EyAp6I4g+JIS6c4+IyK1SUOFloYbekjHVgDzRSUthGmlVIVmdGYlgL+ystSIEohBQOFGl7kQBMOEM7vjwQIISFBIAnJ97MW3d77vvfe195HF7vnOtd9X9ZrdJv9P0TFtb2s19CVJXLsKDsmfaWpw5AkqVE0xvvWhWqOMUmSJLUkzfF9qznGJElqWv7dcOUKhUKX\RpOAa16WfOp6vzFiCRJkiRJkiRJUvNlAlj1skhckiRJkiRJkiRJujK4BrAuSFRU7Vv7W1e\JEmSJEmSWpb1MzMJ9nyBgnBdfekEpxZyTne4kOd6ptN75kZgH\nj0wmOX0ppg6\8eY6pHls6wZ6zWH85rhEqIv+ZvHrOLUlS82MFsBrgTAXwqWLgmlv7W1e\JElq6fbwxnNTeX1vLV1tYknsnEa\4Q9z318nNXpkzc8G5j46l70jpjL1qylNHYwkSdLn1mdALsxfyrqiZ8jJqN5TxOo3wwQSAoR\uZbNz2bTL7pad3ERBcDoAb2Bw40a8+VWunI2T+V3Z8kLTR2JJEkXxgpgXZCaBaBRNfbY37r6JUlSS5dEcMCt3Fr9z1+lwf5iCuZP5f+tKWvqACVJknSJBDKyGEGYgg+Lz+4o3sBbu1P55hMTSCtbyeqtZ3eXfLiGEoZzW0YASGL0\C0Uz88ludEib4jmGpckSZeHCWDVLxI5\ScSqdmO2N\a+iVJUiuSxpBxD\Nw9T8TnmTWzAfp2+Y4m5a9QUlThyhJkqRLI7E3tw2AzRu2E6q2u3RDIZsTBjPw\2QxNGEXb\2+eoL4MFvWrIXsLPolQq1TLZcVkz91HEOy0gn2TCdj2DieW1pEqOLcED7duJjHRmcR7JlO7+wxPLe0+Nwppz+XC49r\cx0sqYUAnmM7JlOcObGSxKJJEmNwSmg1UBRQMS2bUmSJEgYRNZfLWTThn3sA9IATu7j\Z8t4I11Jew5chyA2MQ0bh09gQerTxW9\30WznuN90tCHD9ZNSZ3AvcNSCK2QWM+YuG\fJ9VvScw758yT5\2o1f+he\poxbJ87j4ZtP72Xhv3yfD297klmjgsBx9q1ZwoJlqyjefxzaxJIUHMQ9D93HrZ1OHVM1pfNXH+bWooW8Xnyc2C53Mfn5ewhSRvGvF7BgxSb2hSH22hwm\OuNl+85S5IkNapU+gxKhf\YyLaKwVXTPB9m\apCuHcMfaJ7E7oX5r+3gdKxwcpK2ortrHsH+jyeWUdl7T7yvzWcp3YNZuITc3m+C5QUzuW5KblsDr\NkjGpZ4b+\gVGPprB2Cdm8eqkEOvnT+PFKbnQZQ3PDwpc4nutP64e9+bxg4qZPJaXytN5Y+iT3P0SxyBJ0uVjAlj1iwBRkTMN2627LUmSRIhDB4A2sVVJ2zJWzfk2C7ckEvybe3j4ix04\umHvPvO+6ya\x1o930e7A2ENzD3hQVsaHcjg3NHcV2HQ2xf+QYFed\mEC\zzwNiGzDmRm7qDauKPuQjMqlMv+6h+A+V01F\9HEx3BysDLPofTaUJZDZt7K959ffY+qyEhKuz2Hk33Un4dP1rHyzgAXPbGffs89w17Vn7nDPmwtY+cXBPDi+A3uOdCcIfPTKt\n+b8pI7D2YBwelcGjDSua+tB1XQpYkSS1Fn1sGEyhbw+ad0C8IhDfwu+UwYnYmAf6P0BkAACAASURBVAL0yxoOi9eyPpTL0ERg61pWlKUy+pZg7Sfc+x5vFcL4hbN5fEDlroGDsugcGsCTqzZSMia18seEAGW9efq\8xhbdaqBtyTzadY4FhVu5PlBWZf2RhsSV88sBvZMBlLpNyiLfpc2AkmSLisTwKrfuQvD2m7NbUmS1LqF9\HRsrks2QkJ\fvRC2D\+6zfEUvK8Mk8+dWUqoG3MujmDnz7hZUUF++B3imwZS0bypK461\hXuqkq239u8OT7\E+0WbOD4gk9gGjOnbty+sK6Z4L9zYBQh9zId7E0hoV0ZoxyeECJIIFG\6kLKETPr1Ag6uZMGyEhIyH+Y7E24l4VSMf7OK\fkQl7\xfsMnnjrmSrkDjn882MjCZ5aNOfgSpb8poyE\hN4\p8yK4\60FkLpvK1BI4ddeSJElXtL5ZjCaPdR8fZmywPWxaSz7ZPJ\ZHoDEzCxyeJbfbZzG0OwApVs2UJIwmIE96zhfx1TSEmDR7Nnc1vl+Bl6fRCA6QM6MDaytOXZALjnV88iB7vS5Bdi+i1KyLu3avRcSlyRJVyATwKpXJBI5PQGwW7eSJKk12cDcRx+tvavzIB5+ILMyYdoph39+MefcMWndSWMl28vKK9tJSSSxgYKfLeG6UXfRNy2B2DZB7vvuy9x36piGjOl7E0F+yodFIe7qkgjbP6KYXoy88xBLln7E9pM5ZLbZw0ebQtD7Jvq2gdDG9ZSQyOAhp5K\VRIH8eUBS9j0u7W8H76V07MLBm88k\wFjhd9VHn8VzLPOj5l6GD6\noh+y\ksUqSJDVXgXT63wGPbdzCD+7MYvPvVxLu+4\061LV3yWTL\eF6WuKeD67N5s\PDU9dF3ny2L8jFzWT5nHQ8PmQUISfQbdzdgxuQwbECSx+nFx0PYy397nikuSpCuQCWDVK8qt22pbSZLUmiQRHBA8e4rjxOvIysykV7ckYtvUGH68jNDeT\hobwmfbPqIjzZ9TAnAwUOV\Wl3cd\tm5j73krmvrASYhNIuf5WBg0fTE7vqjWAGzImsRc3dYHXN33I8S8PomTbdujxVbLSD1Hw2m\ZvgMykz7mw73Qd2hfAP5SVg5cR0rXc++yU1IHYD+HDgJdzu0H2Hdwf+3HBzrRIQETwJIkqYVIIn1Qb\jFdraRzPoVu0gbmkmP0\1B+g1NJbxiC9uAdb+EnKnpnG+F3rQ7p\GrIU+wbc3bvP76cla8l8dTK\N47o5pvD0nl7QmSrY217gkSboUTACrXpFIhKgoiERw61aSJLUqaQwZ9zCZ9Y4rY9Pimcx9bw\HAQKJJHZMovttfYl9ewPFp8cl0HfMVF7O3cNHv1nFyvfX8nFxAUt+UMAb\SfwnX\KJKFBY1K4sW8ir7\zIZtO9mLPxyGSbu5F4rWH6JXwBh99vI\jez+kmCD39Y2tM+pLI46E833jKUmSdIXpccsQ0qYVsmVrMus2BRj67d5n9fe5ZTCBFzeyfR0UlPVm9M1JdZypmuj29BiUy+ODcnm8Isy2n09iyNR5LNuay8Te9R9+2TTXuCRJukg1f7MvneNU0q9yG1XH1v7W0i9JknSOTUtY8N4ekr78L8x6eR7zfjiLWc8\yYThN5093fIpgRRu\MpI\vnpWbz8w1k8mJlA2bq3eT\U8DHBvjeRcHI72z\+mO0lCfT6YgrQne5BKNlZzIZNm6BHFv0SK8dflRAPfMKe3eeGs3\fIaALSZ3rvsWkjp1qPz68hz0HG\aYJEmSrgg9sxiaUMi6n69lGbnc1rdGf98sRrOSd5dsZHPXIfQL1noWAMLrZnN39nDmbKq2MzpAWpdLuqLvBWuucUmSdKlYAax6RSLVV4Gljq39radfkiTpbHt2FlNGEjnZN5JYreA29P56qn+ntufN7zHz18e5a9ozDO5YtTM2kZSrYy5oDAC9bqJXm1V89It3KSHIg0GAWHr1SIO3X+d1IOUrvajK\5KY0Y+0ny1h1dvvc9eEausAh1bx7poy6HUjN57n57GxfW\ixjabzjl+z\+8yyYgpaEPS5IkqbmL7k7\O+DrixbD8Nn0qznbSSCT24aHeezNlQTGjKHPeU4V6Hs7OQnzePHhcXw6KZdh1ydTunM5C2cuJXDHTEZfsirbDSycPZt3a+npe+8khl7\+eIKJCQCK1m4KItwViYDe7a\VAFLknRZmQBWg1Sv+4zYbvVtSZKk6lKCQRJYxRvf\z7HRwziuraH2F7wNquKy4ltQ+W00EBK5k10WvY6S6Z\j09yvsRNnWHfpndZuSZEwoB\YFAixDZgDABt+nJTOizcVAJp\ehV9cVkUrfrSChbxT6SGHxztbRsx8E8PGItU5ct4NvTt3PX4O4kfLqelW9uYA9p3PO1nNPJ4lol5vC14b9l6rIFPPe97Qy5oztseYPXf7fn0j9QSZKkJtWefoOyYXkhOYMya3lHak\6gCzCy9cydkA9GdxABo\nL6bzC7NZNPsJFh0EOgYZ+kgehROyuHT1thtZNmdjrT3jv3RuArihcSXePo6n73iUF6dNYNkdM1k7d\gljFmSpMsnKlJZ3qkr0I4dO+jWrdtlvUa32f8DUdVKIWoWgtpufe2TJ9kx6StIktQaNMb71oVqnJj28MZzU3l9byYT5k1owBrAsO\W8jcn71PyZHjEJtASq9B3PN\cjj0k2\z04ODeWb6SNKA4yUFLFj0azaVhDh+Eggk0XfoWP7hzhtJrHrtbMgYgNC73+Nff1ZM4leeZNaoqrkHT77P3K8vYEPHwTz53ZGcPSPhcfatWcKCZaso3n8c2sSSlJ7DfWNG0rfTqTEbmPvoXDb0n8C8f6p558fZt+anzH2t8j5j26Vx69eyKJu\hL0jpjL1q9YBS5LUErTed0BJ0pXEvxuuXKFQqP5BF8kE8BWsMf7j7v7D\6Xi1DqwVaWgkQin14WFam37W0V\m0iE7d\6WyRJag2a4\+Zao4xSZIktSTN8X2rOcYkSWpa\t1w5WqMBLBTQOu80jrEs+Oz8jNFoFX\cNbPBiLY34r60zrEI0mSJEmSJEmSpOapTf1D1Jrd17crbc7zb0nU6f+xvzX0t4mq\HdCkiRJkiRJkiRJzZMJYJ3Xo\2vJyk+jkj5kcqy0Bp\IhFq3W9\y+uPlB8hKT6OR\tf3\j\IkqSJEmSJEmSJKlBTACrXvl\91d0KC3m+M4iKv5yCCInzywSe6o69HS75tb+K7qfk1Qc+YzjO4voUFpM\t\9FZIkSZIkSZIkSWq+XANY9erWKZEP\v1fePmN37DoNxvZue1TKipONnVYagTR0W24\gudGfuVDL551980dTiSJEmSJEmSJEmqhwlgNdg37\obk4CSJEmSJEmSJElSM+YU0JIkSZIkSZIkSZLUQpgAliRJkiRJkiRJkqQWwgSwJEmSJEmSJEmSJLUQJoAlSZIkSZIkSZIkqYUwASxJkiRJkiRJkiRJLYQJYEmSJEmSJEmSJElqIUwAS5IkSZIkSZIkSVILEdPUAUiSJElqfo6eOMmBo8cJHaug7HgFJ05GiDR1UJIkqVWJAmLaRJEQG01iXDTXtI2lbYz1LJIkSfUxASxJkiTptKMnTrLrSJj95cebOhRJktTKRYDjJyMcCp\gUPgEJYfDdIqPJbVdwESwJEnSeZgAliRJkgTAp2XH2HHoqJW+kiSp2dpffpwD5cfp1qEtnRPimjocSZKkZskEsCRJkiT+dCRMyeFwU4chSZJUrwjwx0NHOXEywrXtAk0djiRJUrPjXCmSJElSK\dp2TGTv5Ik6YpTcjjMp2XHmjoMSZKkZscEsCRJktSKHT1xkh2HjjZ1GJIkSZ\LjkNHOXriZFOHIUmS1Kw4BbQkSZLUiu06Ej7vmr97\nKM\eUnKDtRQcTFgSVJUiOKioKEmGg6xceQclXt6\1GqHyf6XF1fOMG1wR27NjR1CFIkqQrhAlgSZIkqZU6euIk+8uP19oXrjjJHw4eJSk+hiHdOnJtuziio6IaOUJJktSaVUQi\OnIMdb\+TCb9pXxxY5tCUSfO6Hh\vLjpLYL0DamZU922K1bt6YOQZLUjPjDIJ2PCWBJkiSplTpwtPbkL8AfDh6lT1ICA1ISGzEiSZKkM6KjokhrHyCtfYA1e0Js3ldG36SEWsceOHqca9sFGjlCSZKk5qll\yxOkiRJUp1Cxypq3b\nL8dIio8x+StJkpqNASmJJMXHsOcvx2rtr+u9RpIkqTUyASxJkiS1UmXHa\+idH\5Cfp9oX0jRyNJknR+\b7Qnv3lJ2rtq+u9RpIkqTUyAXwFi4qKoqLCl1tJkqTLoaKigqgWvubtiZORWveXnajg2nZxjRyNJEnS+V3bLo6yE7V\F1bXe40kSVJrZAL4ChYbG8uxY7VPeyNJkqSLc+zYMWJjY5s6jMuqrq9JI5HKNfckSZKak+ioKCJ1vMCY\pUkSTrDBPAV7KqrriIUCjV1GJIkSS3SoUOHuOqqq5o6DEmSJEmSJOmCmAC+gnXo0IGKigoOHDjQ1KFIkiS1KAcOHODkyZN06NChqUORJEmSJEmSLogJ4Ctc586dOXr0KLt37+bw4cOcOHGiqUOSJEm6Ip04cYLDhw+ze\dujh49SufOnZs6JEmSJEmSJOmCxTR1ALo4MTExXHvttRw6dIjDhw9z4MABInUthiJJkqQ6RUVFERsbS7t27az8lSRJkiRJ0hXLBHAL0aFDB7+olCRJkiRJkiRJklo5p4CWJEmSJEmSJEmSpBbCBLAkSZIkSZIkSZIktRAmgCVJkiRJkiRJkiSphTABLEmSJEmSJEmSJEkthAlgSZIkSZIkSZIkSWohTABLkiRJ0mUW7Jne1CFIkiRJkqRWwgSwJEmSJEmSJEmSJLUQJoAlSZIkSZIkSZIkqYUwASxJkiRJkiRJkiRJLYQJYEmSJEmSJEnSGRX7WL90Fl+\J5vePdMJ9swk655JPLd4LaUVF3vyfeSPTyc4c+OliLROpUsnEOw5gfy9dQzYu5SHeqbz0NJ9Z8c1fimlF3KhUBH5z+Sx\uLClSTpkjIBLEmSJEmSJEmqtHslT301m5FTlhDKnMD38vJ4NW8a38wM89bMcWTdNon8nU0dZPNRunI2T+Xvq3+gJEmNKKapA5AkSZIkSZIkNQPhjbz48CTyGcOPC58hp8uZroGDhjN2YiHPjZ3AU\e8QOffPUNOQtOFeuklMXr+FkY3dRiSJF0CVgBLkiRJkiRJkihZOpM5xUEe\7Zyd\TkrN5\vuT6FG2mOmLiqp2nprSuZD1c8aQ0TOdjGGzKAhV9paumcfXh2UR7JlOxugXWLH7aO0X37uWOROHk9EznWDPLIZMnMWyreFqA85\nYtXyxTQZcXkTx3HkKz0yviHjeO5pUWEqqbBXj8znawphUAeI3uePa11qGg50z\H\Sz58Zg6pq4uZtHfp9P7Mk+dLUlqGUwAS5IkSZIkSVKrV0zBko3QdwxDe59nWO9cxmfDtp8Vsrn6\sWTeOi3Wfxb3lyefmQw\RIh9OYTZD84m9UpD\GDvDz+bUiIl7\xAm8dOPuU4Y3zuHvYOP6z7HaenpvHq3OfIKdsCY8Nz2X6uvDZg2u5zuWxj\xvDeepNYkMfWIur+bN5enbw+RPyeWhn+8CoMe9efxgXG9gME\n5fHqvd0r72fdLEbe8wSLDlTdz0sTSN+1uEH3M+SuXHIo5K1VNaaVLl5D\qZUvnlXxuW6YUlSC+IU0JIkSZIkSZLU2lWUUrIJGJ9Oj\MOTKJHT6BwA9tLoU9y1e6y4fxgwaQz00JXFDFn5nK4Yxq\mpNLWjQwKIuhfWcx5MFCGHDqfLvInz6bbffOZe2z2SRGA2Qx8I7h3DZ1AA99bylj88eQRh3XOa9CnspO56nzjMipq2Pve7xVCOMXzubxqlgHDsqic2gAT67aSMmYVNJ6ZjGwZzKQSr9BWfSruu\5\zePbdnTeG9e1X2TxcA7b6fvfcOZXu\9dOfeO5\lsTffozQ3l1OPd9uqpWzumst3z5eclySpiglgSZIkSZIkSWrtSnexrYFD07pnA3C0otrO7Az6VE\K7tzAW7th9PPDq5KglQIDchnfN4\nTu3YvZa3NkK\QWE2r1l71nVCgSBsLGT13jGknZqSuuZ1ziuVnLFfpU9tVcKhIpYtKqz70I6ppCXAotmzua3z\Qy8PolAdICcGRtYW\dRsLWQ\N0wtsZ9Ex1k9IODmT55KQXFYxgbrOt+2pMzeDBMXsm7e3MZ3QWgiBU\LiJt5Av0qX5OSZLq4BTQkiRJki6zMNuWvsDIrHSCGdk8NGctpRU1hpSuZc6EbHpXrQ2Xv7XG1HhlxeRPrVwbrXf2BOasqTElHpXryz2UnUmwZxYjpy5lW9kFXqOR4pQkSWqWOiafqUqtR8muyhRo2\MlIw\uZjO96ZEaqNGRTOdu1Zp7i1kNrJ4zifvHjTvrz2N5RcBaSs5ZD7ehggx7ZBKPT6rlzyOD6X6+QwNZjJ+RS4+ieTw0LJve\bO5e+Is8lcVn14DuFZlIUpqvW9ITEkFiig5eP6oEwcNZmj1aaCLCsnfncroOyz\lSQ1jAlgSZIkSZdV6S8ncfeUxaw\CJTto2D2OO5\eSOnU6fhjbw4dhwvvrOPMBDauJinRk9i2ekv+vaxbHIuTy3eSAgI7y3kxQf\kRc3nkm+hjfO5v4HZ1OwNwwcZv3iZ7l78nJKG3yNxolTkiSp2Qqk0qMvsGZLPZXA+9j2YRi6ZtI9+bwD6xBHoJaK3PE\3ULx1tr+bODxJlr2Nu3Oafxq3VrezpvGxCHdCf8+j6fGDSdr4lJKzpcEvlgdb+fe4VBQuIYQsLlwKSVdc8kx\ytJaiATwJIkSZIuo328u7yQminQbXNWsvlUY9NK5hTXGFBWyC9PVTzsfY9fvlPzDMXMebvodGvz2\PO+aIy\M5y3j2VnK3vGo0UpyRJUvMVJGdkBmz6L\LXnecHbMVvk18IaSOz6XO+03XsSh+K2Lar5rl2U\JBzXGwekvNF61mIro9PQbl8vjMPN7+3QbenppN+J15LNtax\iERNJqvW8I7dkFZNGjy7mHna09OfeOgTdXUnCwiIKf7aLPQ4PP\7wlSarGBLAkSZIkSZIkibTcJ5gY3MX8b7\Asp21DCgt5LlvvMD6hDE8P66ectTgAO4JwqKFy8+qlg2vW8qiTdXHZTM6Azb\eCmrz1rCI8zqGUPonf0CBaHPf0+fV3jdbO7OHs6c6rFGB0jrUk\Zc89sRnc9976pKCZ\4UoIZtOva\3XD2QNZmzCSt75z+W8tTuD0dnB+g+SJKmKCWBJkiRJl1ESXx6eTc0V0HpMrFbB0HcwE2t+n5WQzb2Dkir\ucvt3HtHzTMEmTjkzJeOfYY8So8aIwJ3DOfLp6or6rtGI8UpSZLUrAUyeHzBbEazlMcGZ3H\1MUsW7WW1auWs2jqBLIGT2DRwcF89\VnyEmo72RBxn5nHD0Kn+Xu8bPIf2ctBYufZeTDeTVmbkll9JPj6LE7j\u\PI45y9ey+p2lvDh5DA\llTJw0j+SU8uU0ZdboO\t5CQU8+LD43hu8XJWr1rLssXPcv\kpQTu+Bajq17xAgmJwEoWLipk9dbDEN2b8f9eed9DHqi879XL83js73OZvjHI+O+MOee9tfYAMhiWG2DF4sVszhhOzvWX8WYlSS2OCWBJkiRJl1XyvbP51Ywx9OsIJCSRMymPV7+ZcSbZGsjg8UV5PH5HEgEgMWMM382fzYjTU+MlMeKlpXx3TAaJQKBLNo8v\C8ezziTbA1kTOLVhZPI6RIA2tNvzDR+9dJwkht8jcaJU5IkqdnrOpjv\rqQJTNGkrhhLk+OG8f9457l5Q0B7nl2MWt\N5vRDUxGBvr\K0ten8Y9R3\FcxPG8fW52+n37Fyezj533K+Wz2T8LaX85+Rx3D\hBfK3p\LNvJX8ODf10t9jg4LP4PH8xTx\O6ye\QT3jxvHY7M3kPxIHoVzzrxnJt4+jqfvOMqKaRO4\6X3KOXUfc9k7DXvMX3COO6fPJctqRP48cqlPN2\oe+GAfrdkQtlYfrdm03aZbpNSVLLFBWJRCJNHYQkSZKkhtmxYwfdunW7JOdau6f2ufTW7jnMtxoyL50aLNgzneKtW5o6DEmSrng\XL+brJT2tfZlpVyaMtFL+b51qTTHmNQI1s2i933beb5wLqPrXTdYUmvj3w1XrlDo8q9tYAWwJEmSJEmSJEnNSpiCXy0mfOdwhpn8lSRdoJimDkCSJEmSJEmSJAHsYsXspazbWcii5cmM\+lgmmAJZEnSFc4EsCRJkiRJkiRJzcIxSt75L+bvbM+Iqf\F4w1eM1iSpDNMAEuSJEmSJEmS1CwEGf\6BsY3dRiSpCuaawBLkiRJkiRJkiRJUgthAliSJEmSJEmSJEmSWggTwJIkSZIkSZIkSZLUQpgAliRJkiRJkiRJkqQWwgSwJEmSJEmSJEmSJLUQJoAlSZIk6TIr3rqlqUOQJEmSJEmthAlgSZIkSZIkSZIkSWohTABLkiRJkiRJkiRJUgthAliSJEmSJEmSJEmSWggTwJIkSZIkSZIkSZLUQpgAliRJkiRJkiRJkqQWwgSwJEmSJEmSJEmSJLUQJoAlSZIkSZIkSZIkqYUwASxJkiRJkiRJkiRJLYQJYEmSJEmSJEmSJElqIUwAS5IkSZIkSZIkSVILEdPUAUiSJEmSJEmSzm\Hjh1NHYIkSbpCmACWJEmSWqkoIFLb\iioiESIjopq7JAkSZLqVBGJUNfrSWt4a+nWrVtThyBJakb8YZDOxymgJUmSpFYqpk3tX5UmxETzpyPHGjkaSZKk8\vTkWMkxETX2lfXe40kSVJrZAJYkiRJaqUSYmv\ArVTfAzr\3y4kaORJEk6v\V\Pkyn+NonNKzrvUaSJKk1MgEsSZIktVKJcbV\UZpyVRz7yk+wZk+okSOSJEmq3Zo9IfaVnyDlqrha++t6r5EkSWqNXANYkiRJaqWuaRtLyeFwrX1f7NiWzfvK+PNfjtHvC+25tl2cawJLkqRGVRGJ8Kcjx1j\58PsKz\BFzu2rXPsNW1jGzEySZKk5s0EsCRJktRKtY1pQ6f4WPaXHz+nLxDdhr5JCez5yzHe3nGQshMVRCJNEKQkSWq1oqIgISaaTvEx9E1KqHNcp\hY2sY40aEkSdIpJoAlSZKkViy1XYAD5cepK7ebclVcnVMtSpIkNbUoKt9nJEmSdIY\jZMkSZJasbYxbejWoe7pFCVJkpqzbh3aWv0rSZJUg29HkiRJUivXOSGOtPZWzkiSpCtLWvsAnROcqUSSJKkmp4CWJEmSxLXtAsS0iWLHoaN1TgctSZLUHERRWflr8leSJKl2JoAlSZIkAZWVwIlxMew6EmZ\+fGmDkeSJOkcneJjSW0XcNpnSZKk8zABLEmSJOm0tjFt6HF1PKntAhw4epzQsQrKjldw4mTEymBJktSoooCYNlEkxEaTGBfNNW1jTfxKkiQ1gAlgSZIkSedoG9OGa9sFuLapA5EkSZIkSdIF8SdzkiRJkiRJkiRJktRCWAEsSZIk6Rwb3vyAUaXnGxHPaw9+kczGCuhC7N3NjzacYNSd15N8vn2X3We89tonTCmvvTc9Po57eqXw8M0dGi2i5msPMxaWsj14HfO\dHVTByNJkiRJ0hXNBLAkSZKkOkQzokscqbX2BRoxkXphNmzYz0tH2jOqnn2Np5bneLyC1QeOMWPjTkoqejA1M6FJIpMkSZIkSS2PCWBJkiRJdYhj7JBmWuV7RanjOR7exdRfHOCVrXsZnxmsI9EuSZIkSZJ0YUwAS5IkSbpIJyjduIMZH5exIgxhILNDApNvu4GBydFVY6qm+L2hEyP27WfKYUiMb88ro26gO2VsX13CjOIwBRWQGBdgyi3XwIY9TGmXzLY7Uxp4nepTLh9m4MIPyAl2Yuie\TX2nZpmuILQHz7hpfWHea2+uIMpTOEAT+0Ms6ECEmNiGN+3K9+4mOmb26cwtNMBXtlfQSlUJoArDrG6YA8\+vMxVp+oHJYcE8PYmtcq3c2PfnOARUcilJ4ak34t38i4uoFjPuVHr+5lzjXJbD79fGHLyg8ZsSfCN265mcnpp\ZWjn2rawrLcpIvzef925LTzzI5IYEFQ6\6\M9RkiRJkiSdpU1TByBJkiTpSlbBrt9uJeeDMjbHJjDj5k7MDwZoGypj7Jsf89quirNGr\7jfua0acecm69m4nXt6E4Fu367gxF\CPNpQgIv3XwNUzqcYMbv9jL\2IVeJ56BfToxpT0QF+Clmzsx8YbEWvbFA1C6+mNyVh9mfVzl+Rb1SiCtvPa4t32yl1G7KhjWo3JcTpsTvLRxF6\svJhnV0Zp+Ox2wa93Mnb3cZK\cDWLbu7E\GA8\TjBSxs\4UcfV8VUtocZb+9nzvFYJvbqxKKbr2Z82wpe+uATpm4IN3BMJwZeA+EDf2HL6et\xubPIgAUfFptAeiPQ+RXRDEsJbmBn8MZtX3eW1ZuZ2hxmHD7dsy\+RomXxXm4RUH2X4xj1KSJEmSJJ1mBbAkSZKkz2\LmYUnyC5UyeWfbUrgardOX13MXXZAaZu3MuI1DP7w3Ht+NHwIN1PFYru38mM4hOkJifz2p0pleMyUhj4248ZWnzigq+Tmt6Vfjv3w4k4BmZ0rVynuGv7c\eV7WbOH07QPTWF1+44s5rxwFtK6bdkzzlx74rEseirvRjYvmrcdX8ktPIwBSWf8cD11apuG6r8EFvW7mbKEUhNbkc6QOk+Co5ATjCNl7505pw5O4sZ9d4R1pcehl5Xw\YjLKiIZsbtNzKqat7ogTeVwmt7yC89QJgUAg0Yk945DkrDbN4D6SnAgRCry6PoHhNhy8FyQkAisH1PObui48npcWk+7zl7InSv+Xn\5iNy\gg5F\4kJUmSJElSDSaADqrJFAAAHUVJREFUJUmSJNWhnFELP6hlfzyvPVi5pm1oezkriGJq+pmkHwBXpzC6y0Fe2XuY1WWQk1C1v0P8mWRg9eNvTKl2fDSpAzvwQPF+FtQc19Dr1GfbEV4BRkUfY\XG3Wd1heMgfKCMLXBm3d6r251O\gKQ0pbuHGbB4XKgvgRwXc8RAoEEfvSlqntPvo6pY647d9D18fTjCKtPHK9sJ0aTSQXz1xXT42QKmdfFQ3QyD38tmYdPHdOQMTckMGLzZ6wuOcKolHawO8wK4phxQ4TJfwizvQIyoz9jfWmEwDVXkR598Z93eEcdn3f\DjzwxwPsqudJSpKky2v9zHRGzq+lo2OQgbfn8sjEMeRcH6hlQFPaR\74bJ7quZjiJzJawXUlSaqfCWBJkiRJdYhmRJc4Us\ZH+BUzWz4WAUQS+oXzj02OaENUEHpIaCOxGwoXAHE0b1m3jP6KnrE7z\dvNjr1FQaqqwufm3nfl6rdcRxSvZCZpeqZpuLWT2nlucYCPDltA6kX9+BQHSN4cfKCe09zOYDR9n+aTmr94VZAVBeVRF9fRee7\pHHth9hFEFf4CoKAYmxjPqxiRG9Lq64WOuSWRg\GdM2fsZM2jHrv1HCbfvQE5aBQP\cITNn0BmhxCry2FU8BrgEnze5XUcnxBH52hMAEuS1CykkjP2q\RJPLMntLWQt96exUO\XMrY+f\F89lJTReeJEmqlwlgSZIkSXWIY+yQL56pgr0MwhUnL+PZ6xPNjMF9GJVyua\T0OdYxpb\SMP7K4gBASio+geF8vArvEM3VlemQQGIIH0v+3D+vIDbPngM\J3\4UVh8qYvPYT5hSXs+zOFAINGnM1\ZJL4JNytlQcomRfhIFfaEdi6gkGRh+mYM8hRh0oYxlxzLnhclf6RJFYMxEuSZKaSJBhj0xidJfq+ybxfGgt00ePY\63nqH\W3MZ0aWu4yVJUlO7mJ+xS5IkSWrlAnHRwHF2\blmTwWlZSeBGFI71318ckIscIztn9Q8vJxt5ZfuOjUlxkcDFWz+U7jhB11uH\2Jb+yuoF9qF9Z\7WY2338Ty0bdyJS\jie5tvHx15CeFWTq39\E6q\dwPxOUWwvPUTBgYaP6Z4STypH2bztMOvLohjY+RqgA+ntoeDgEdZ\egzaJzCwsgD4oj+Hyudey\FlYbYda+iDkiRJTSIxi6f\fRJpZYW8+HrRWV2houVMnzicjJ7pBHtmMWTiLJZtPfWedZgVk9MJjl9KafVj3nyCYM90Hvrlvmp7q8ZOLSTMPvLHpxOcuZbSNfP4+rAsgj3T6Z09hueWFlPfW9z5YzolzLbls\j6Pdn07plOsGc6GcPG1Xr+6jFkjH6BFbuPnnvRsmLyp45jSFb1cxURqqgnWEmSLjETwJIkSZI+t8Tu8Qwlwvwtu8\+kuyzPeTvjRDoEE+f81R2njp+0Ud7zjo+vPEQr1zC69QU6N2eB4BXiv\ErupfyFUc4LXXPqDfz\I9oaf7pIo3RdmF9EM7dmZxLjTARHacuSsaap3\W4LQxdtYdn+ajvjEkiLv7AxAPS4iqFEKNgc4jViSU8DCNAnKQY++4yXDkBOciKnZoC82M8hcEMCo845voJd60N1TMUtSZKalb6DGd8XSlZtoaRqV3jdLEbe8wSLDtzO03PzePWlCaTvWsxjw3OZvi4MtKffoGwoXMv60JlTbftwJQAFG7eceS8IreHN5TAiK5PT84+8M437J60h7ZFZvDp3GmO7b2fRlFymr6o7BVx\TFUxLBrHkMlLCA2axH\k5fHqS88wrONGFk3J5ck3D58eF3rzCbIfnM3qlIf4QV4e\zYkxMvfeIG3qv\wjn3kf2s4T61JZOgTc3k1by5P3x4mf0ouD\3chS4kSY3LKaAlSZIkfX6dUpkS\AtDi\cz4r\LmRiMJ\HIERb8McxqYpjRvyuJ9Rw\+fojjNhZyqhf\IXxN8TDp58xdW\FOeMaep1ATBSUlzF\7W6GpSaR2TVQy74ujA8e4rXiwwx97SOm9GhP94owKz45wivlUTyc+QW6X6ZHVpfk5ADdi8uY+tuPCPdoT\eYCrbsPMycQxUE4PQXo6k3XEXatkNMWbmFbamJDGwHuz4NMX9vhO6dO5BzDQQaMAaA6GsYeHUpCz47AQkd6FO1dm9ypzhSt5WxgWimpl19JsiL\byv6crE4BGWFe9n1C\Kz\q8m1EttiRJqlMynbsBy4spBdIqipj\f\PYlj2N9+blkhYNkMXAO2+n733Dmf69pYzNH0NaZjZ9mMW6P8DQ\gBFrH4zTI9gkG3vFbGNbPoA4Y1rWcZgfjCgPafffopTGf\uXEZ3rWwOvL079B\D\FVFPD8o49wQGxoTRRT8Yhc9xs\jx09kVCWcsxg4uDuBrHEs+nA7P7gzAyqKWDRzOdwxjV\NqTrfoCyG9p3FkAcLYUDVdfe+x1uFMH7hbB6v2jdwUBadQwN4ctVGSsakknYZPhFJkmpjBbAkSZKkixBN6pd6UnBzAn2OlzHlg\2MLw5ztGM7XruzF6NS6yvLjab77TewLBggUFbG5A\2M\VADFNuu4YHPud10nt34IG4ChZ8vJ8HPjxQx75oUr\Ui4KMBIZGHWPGlv2M\fgIqwkwY+ANTLkp4RI\pwbodQOvZMSTc\IYU7fsZ+yHhyiIjmfBkOuZ0R4IlbMLIOV65udcwwNxFbxWfICxHxxgammEgcEuvDY4pfLLy4aMASBAvy6V5cbpSQlnppruEc9QgLh4Bl5fPciL\7wrj48nrbzq894XxfiMDjx8KZ6hJEm6zNqTXH3t362F5O+GsQ8Or0q0VokOMvrBwbBxKQXFQDCTYV3DrPh91dTRe7ewbncW4795N2m7N7B5b+XuzWuWQnY2AztWO9eAwQzsWv3cqfS4Bdi6\awppS84Jnoz\r8Left08rdKoDt9bgHKQpUp6J0beGs3jB5z9vkCA3IZ37facR1TSUuARbNnU1C8j3AFQICcGRtYO2e4yV9JUqOyAliSJEnSOTLvvJltDR4dQ3JGD16qpQDjjBSmPJjClFr7Euj+pV689qVquyp2M+N3MLBd9a\jGnIdIPU6pn7tOqbWt49okm\uwUs3f564z3c\p1zNqFFXM6qecM+O54vMqS2ev6vxeVyXypTrUs9\YaMARJvvZFtt9YMpStTHuxax7EX+3nHkJzxRebUPP68n4MkSWoe9rGruFqzLEQJvemRGjhnZGJKKrCSkoMAvRl4Z4AXV2xg26O9SdtaREHXATx+ZwZDJ89m89YwdClm9Zth+jyUeeZHaQBx0PZCQmxwTFUqwoRKd7Nt+y62Fa3ld\7K1asA7JLCQHJB3ezmd6MPud8VdXQpwSyGD8jl\VT5vHQsHmQkESfQXczdkwuwwYESbyA5UokSbpYVgBLkiRJajofb2Poqx\yoy1nT\kc3nyEFUD61R2aJi5JkiTVopSSj4Hs4AVXtPYZkAubClm\FzZvWApDMugTnU7\4ZC\oQiKN\DW7lSG3RK8HIHXquTNZ7m7fyYZ2cMZOXkmi97YRYe\vZ\Rfes\FuII1Fj7Iu3Oafxq3VrezpvGxCHdCf8+j6fGDSdr4lJKKmo\iyRJl4MVwJIkSZKaTo9E7llXxkvrPuLQgQ7ktIuidP8h5u8+QWlCe8amWyohSZLUbGyqnF653yNZlVW6CYmkUcS2XWEInl0hG9qzC8iiR9WU0YGMLEawmM1biwi\F2bEI+lAe7pn9ia8cjurUwvZ3DWX7\a+yBgbGtPB5UyftJTQmNm8N2UwaaeHFrPojdlnDurYlT61nm83JR9wZg3gU6Lb02NQLo8PyuXxijDbfj6JIVPnsWxrLhMv9t4kSWogK4AlSZIkNZ3oznzjri7M6AgFfzzA2A\2M2VvhB5dO1Ew4gbqXVJWkiRJjSO0lun\dzYlCcN55M7Uyn09sxndFRYtXH52hWtFMfkLV0Iwm36n1u9NzOS2bMhfOpd3N\Wmf6\2APS4KZvAmqW8+PNCAndm0edi42xoTMVFrACGDque\AW2vsfrm6q1gwO4J3ju+cLrlrJoU\X2bO7OHs6c6sdGB0jrctaE1pIkNQorgCVJkiQ1ras7M2p45wtYK1eSJEmXTzFv\edsSqpNbxzaupLXVxYTIsj4n05jaMeqjujejP\3cbx+37MMeaCY5x\JJq1sCz\zx+yrCjI+J+OocfpsyTR7\behKetpCDhUb55aqbnYDpDmceyjQHGTroEJbINjSmYwYgEmD9pHB2enUC\jmFKVi3mxcUbCHesfsIgY78zjvz7nuXu8cU8PTabznuX8+LMpWyrNirQ93ZyEubx4sPj+HRSLsOuT6Z053IWzlxK4I6ZjLb6V5LUiEwAS5IkSZIkSZKq7KJg0TwKqu0JdOlNzphneHDCGAZ2OXt0oP+\suT13rz88lymT8gjRHt6DJ7Aj3\4j+Rcf\YUzD1uGUIaRZTcm3mm0jexN7cNgGVrcvnyLWeP\7waFFPHwXwvfxodnpvNy5PHEU5Ios+g+\nef88ieWUud\9HEdvCkBw4db4gL\7bbJ6bkAddMhj97FzueXMC009fNIPH8xfT+YXZLJr9BIsOAh2DDH0kj8IJVVNmS5LUSKIikUikqYOQJEmS1DA7duygW7duTR2GJElSi9Uc37eaY0ySpKbl3w1XrlAodNmv4RrAkiRJkiRJkiRJktRCmACWJEmSJEmSJEmSpBbCBLAkSZIkSZIkSZIktRAmgCVJkiRJkiRJkiSphTABLEmSJEmSJEmSJEkthAlgSZIkSZIkSZIkSWohTABLkiRJkiRJkiRJUgthAliSJEmSJEmSJEmSWggTwJIkSZIkSZIkSZLUQpgAliRJkiRJkiRJkqQWwgSwJEmSJEmSJEmSJLUQJoAlSZIkSZIkSZIkqYUwASxJkiRJkiRJkiRJLYQJYEmSJEmSJEmSJElqIUwAS5IkSZIkSZIkSVILYQJYkiRJkiRJkiRJkloIE8CSJEmSJEmSJEmS1EKYAJYkSZIkSZIkSZKkFsIEsCRJkiRJkiRJkiS1ECaAJUmSJEmSJEmSJKmFiGnqACRJkiRJkiRJ57djx46mDkGSJF0hTABLkiRJkiRJUjPXrVu3pg5BktSM+MMgnY9TQEuSJEmSJEmSJElSC2ECWJIkSZIkSZIkSZJaCBPAkiRJkiRJkiRJktRCmACWJEmSJEmSJEmSpBYipqkDkCRJktR8zVu3k59u2k3JoXIqIpGmDqdFiY6KIq1DPPf17cqj\a9v6nAkSZIkSVILYQJYkiRJ0jk+OVTOyCXr2X\sJAQSoEMCMVFtIBKBqCgikQhRUVG2L6oNJcePM\P9EhZs3MUPh6YzILVjU3\0kiRJkiTpCucU0JIkSZLOMXLJevZVRBN1VQeiYmIrk5cAVdtTTdsX044iKjaOqKsSKQ2f5FsrtiBJkiRJknSxTABLkiRJOsu8dTvZf+wkbQLxlRWrkQiRCKf\2falb7e5KpH9x04yb93OxvyoJUmSJElSC2QCWJIkSdJZfrppN8TFn7UvqsYY25ehHRdf+ewlSZIkSZIugmsAS5IkSTpLyaFySIwnQgQql6w9tXTtWVuisP9S9sdEVz57SZIkSZKki2ACWJIkSdJZKiIRYk7VqJ69Ob2W7ekKVvsvYX8UFZEIkiRJkiRJF8MEsCRJkqRzVFb\VpaoRhFlu9HakiRJkiRJF8cEsCRJkqRzNIs1cVtxW5IkSZIk6fMyASxJkiTpHJHTUxG7bdytJEmSJEnSxWnT1AFIkiRJao6iqtarddu4W0mSJEmSpItjBbAkSZKkWkQ4VQTstnG3kiRJkiRJF8MKYEmSJEm1inLbJFtJkiRJkqSLYQWwJEmSpHNFIk2+Gm5r3UqSJEmSJF0ME8CSJEmSzi+Ks7OTti9vW5IkSZIktUr\8A\0OCxP\nJT+rscwpoSZIkSbWoVpcasd14bUmSpCZWtouC+U9w\7Asgj3TCfbMJOueSUxfXkSo4vOccB\549MJjl9K6aWOtbHiCBWR\0we6y\FuSRJOo\zJXUvZJwJYEmSJEnnUXNlWtuXty1JktSEyjYy\e+H8NDM9yjtfjcTJz7KxIm59AuvYf7kXLInL6fkcyWBr2ylK2fzVP6+pg5DktRK1JfcbUiS2CmgJUmSJJ0jEomcnpm4cmu7MdqSJElNqeSXM5lfHGT8T5fydP\AmY5Jz1CyeAK3T32W+aMH8\ygQN0nabaSGD1\C6Ob3bkkSTrXT37yk1qng25ohbAVwJIkSZLOEVWVjoyy3ahtSZKkplS6ayNwO8P6n5vgTcsdw1jCvLWpuGpP1TTIMzfWGFnXfihZM4+HsjMrp5W+7wXyiw6fPaCsmPyp4xiSlU6wZzoZw8bx3NJzp54Ob13O9InDyeiZTrBnFkMmzmLZ1nCN6xeyfs4YMnqmkzFsFgWhmtM2nxq3ltLzxLV+ZjpZUwqBPEb2PHVftU8BHSo6X1znXvPrVdNs984ew3NLi6k+sqHPQpLUctVM9jY0+QsmgCVJkqT\v737j6q6vuM4\kTM62jcZoFzA5bBlQ2sE+oaMtoVLUQaZuuaJqVnOJjXUydsTjKOnjIclo4mHj3DI8o5Mmxy4pxEOnPQUJm\6ESyUnEGhIJJQjmxwKvC3R9c4PJTUIzcXo9z7vmc+\18P+\Pm49\KOft5\ORHtjtdsCu9htuRURERIaSKTAc2M+uwh6OOzaYWXXqBMWLAm4s+Aerecaaz2hrKllpK5hFDstnzSOl1Klw+0IUy48YiUhIIysjjcQpNrJftrBwZ017GFvJOmZGJZBZE8jzb2aQ9aaVwJodLJkTT26t03w74ll4IJjXMtJIjAtnorGXvAqT+szL9EQG62MCgHASMzLIesKvxzC2knXMnpVA5pdTSExzyivKQnKJrfPLhUk8E38En7h1ZKUlMd+vgsyXLSQfHNhaiIjI\762ou9Air+gI6BFRERERKQHLi5qh6IVERERGUrGyGX8+aCVxVYzmaN8iYi0MNU8gYkPBGDyvMljnxsDSNyzg\m+rV9DpkzAZ14Ur2zMY0G6Bc\a\ewpgtjtqSyd7HgnNJjRDZN56WAp1dHe+FBD9hsZlAetIP+taEyuAMGETPPjrqkr2FlYyePRjkpvYxTrt8YT5taWQC93+FZC2Fs72o+8bs8rOYc52dH4+AcT4u8JeDMxNJiJAHQp6DaXkf77DMrNSezfbMGnLa\IKdw\L4rkN3KYnx2NT\uc3sTuTWOOV9ta+MGkaNIPlrEqNAj6tRYiIvL\YqDFX9AOYBERERER6YHdbu\1Qx99PfY3nqPpZAlNZ7+g5UbG3+L+losVNJ0swXbxypDM36lPREREZCi5ehOxJo\SPWmsivSjpnADy63RTA+dQIDZyqaDvRRR+yMymlm+znP5EjY7GIoKOFwHjPLGxw0yU1PZV1mPrRnAQNiaoxRvimoteNaVsrcUwuZOdxR\HdzMrCouIivaaQJzEOPduD5zDHHOR167+jJjrhlKizha1\uwTk4VkX0W5i+IchR\O2LNWRAOpTnsq3R6PjmcEC\n97wx\RQ4VdF6pHR\1kJERKQPKgCLiIiIiEg3Ln18Btz\6FQ+W2fls4SHiLsV8W+yP+6pJ\lsnZUTT3kNyfxd+0RERESGmtHXzPxXU9lddJTK0iLyM5KY73eUlJhwFubc4BHEXt50PYXZxy8QqKS6HjAEE7vGgqlsMwtnmAmYZGbmc+vIPljZce\t2QoOA6axHjf8s3Xj74dnl0eeY\2AIo6d6WeMxgaqCcDk3X2XtPEH3kAZ1RecHo6AkX3F689aiIiI9EEFYBERERER6cZut2MfxNYp8KDGHYyW4Y5tGsOHDXk+IiIiIt86bh6YQi0kpr\L+kgb+5Jy+HBQJ3DH6Kib+kQmsbukmPyMJJ6b7oftgwyWx0QR\FwO1c1A85Wuhy\fQgYMrtd\61a57lqIiIj0QQVgERERERHpxsXFpXVX6iC1ToEHNe5gtFvfLcEv\X0mvFs75PmIiIiIDJm6PBYHBTIzs7LnflcP\Pw9oPFK5+e1dTR0elBD9Qc9jO\2HlRXnAD8GO28odfVHVOohaVrM8g\dJT8V83YCjeTewr4UQBhQHlV16Oo68m1BjN9TVG3Oa6rh7zqqiqAcO737WlAD9yM+FBGeU338nTDuRogGNOYgSZG32shIiLSBxWARURERESkm77usB3wp3PggY29+hXX6quwffpR6z3C5cexnTvHtcvXeh\TcoXmL890jKk8yZX6C7Q022muL6HpZAlXm5zuAG5w3AHccMVp3i+wtd9bfI2WS+e4cvrjjhxqz9N8dRDXSHcAi4iIyFDzDOLn\nA8ZS2ZZZe699cVkf12PUQGYALAwF1G4Ghlpx2ptiMF5Db2ED8vhz1nnb43lpK5rRgizYQYwVaSykxzFJuOOb3jasBnjNMBzZ5BTA2CfTvzKXfeBXt2P+8UXsLbP7DbMdPX1TWv5jKytxS159Uv\mbmeEHm9rzOu3ObK8neXgC+ZiZ69Tq6m36thYiISB+GD3UCIiIiIiLy7eQC2AepvZG4fFWN\33jWWEJ5SEPAwbHf1+1fX2BAyWlrDxsp\buOzuPa\maZkayft5jPOLlhnEY0NJMQ\1ZdhQc5XuzF\P0PVBeVkzEgdZxcU9ZSPQZQUP1pwTtOd8a58GfcWJxJMbLdazeehyPSDPRplEYHb9BNVys5x\732fJmXsYbrg16yQiIiLyzfJm\p+S2PvLlbwyK5gU33BmRfpiBBpOFbCroJIGNzOvJ0Q5iqzuhIRHYchL5cUXRvB8dCCU5bBlSwN+ZqjuGt63hvQnYyhPiGGqoYKdWzaQW2vm9a2OePdPIcxtMym\ieF8vIUZ93pSdzqP7WtzMExby5yA1hznvBRD5rzVzHz2LKvizPg0lrIxKZXDvot4O8oD6Lo7+HqKWN6W16gadqWuI9s5L8DgZgQK2J4ZjC14AiH+XUK4BhD7xxh2zVvJ9GcrHXmdaP0Zy3yJfSvaUTTvH0O\1kJERKR3KgCLiIiIiEh3Tjt3b7p13tja37hXm4iJeIyEQDcMAC0t2K4CrsMw3DmKR8xTedj\3\w26zz\dL\DMa6FllFevPfkjxnn+E3HdrUFhrliHP0jrHPd+eRrpzx62nDbll97MgbmLghjnHtHDoY7hmG8y4NfPR7BuOJDzPzXHR1F60FoRURERIaMl4VtRYHkZmSws\AI2ZsKsAGGMQGExa7leWsU4512xRojk9jdaGR56gaWxIDnJAtLM5MwvTOBfV1jT1vJ1gcKeHFNPOm14Dktmm0blhHWtjPWEMTS7B2MXp1KZmoCmReAUb5ExGVQZA2mbe+rYdIyducFkJKaRrI1gwY3DyY+kUR+ggWT4QZ+ZnMSWZYyUtbEk147AlO4lazNiwhxOrLZOCWGxGmLSEmykjttLcVpk7uFMUxaxtu7Ati40ZEX7pjCrWzb8GvC7h1gYv1cCxERkd642HXOmIiIiIjIbaOqqoqxY8fe0jnGpr7HsO98FxeX1uLtTbe\GE9FgDtc\oLk7Z+w9brjWvhhgB\vPfx9DEBd7Tn+sO80uy+B3W5g1sP+rAq8s3U3SvlxHtx7CRc7uFxzZePTDxF5N3D5EumHykkut+HiYmDmZBOvPeDevouj\MQRIg62zhcbObFjB\DfPm\NI3AcpaH3ON6\xocfV\G7I\WcsYPLaC\+MsOHkJHApc9Z8tdPyR2MdXKB5savqIp\9Jb++YqIiEjfvol\bw3UtzGn21892bFmlpNEcbpFRVURue3o74bbV0PDgG+sHzDdASwiIiIiIt2130nraG\qe6fA\Xh\JEt\0lr85cJ5luRWkXuxrf8yuw58xJLKJgCMvmN41dA6vuXB+5h2N0ATf993jOTyy454l8k9dKx9TKc8Ou27dc6n42ndmdPMPlTHmbb8ztfwzLH\YANwdyPkptfH+buIiIiIiIiIyM35LzQvUO8L\MzmAAAAAElFTkSuQmCC&apos; does not exist
	at org.apache.commons.io.FileUtils.checkFileRequirements(FileUtils.java:278)
	at org.apache.commons.io.FileUtils.copyFile(FileUtils.java:869)
	at org.apache.commons.io.FileUtils.copyFile(FileUtils.java:835)
	at org.apache.commons.io.FileUtils.copyFile(FileUtils.java:802)
	at com.qa.opencart.factory.DriverFactory.getScreenshot(DriverFactory.java:136)
	at com.qa.opencart.testlisteners.ExtentReportListener.onTestFailure(ExtentReportListener.java:97)
	at org.testng.internal.TestListenerHelper.runTestListeners(TestListenerHelper.java:67)
	at org.testng.internal.Invoker.runTestListeners(Invoker.java:1389)
	at org.testng.internal.Invoker.invokeMethod(Invoker.java:636)
	at org.testng.internal.Invoker.invokeTestMethod(Invoker.java:719)
	at org.testng.internal.Invoker.invokeTestMethods(Invoker.java:989)
	at org.testng.internal.TestMethodWorker.invokeTestMethods(TestMethodWorker.java:125)
	at org.testng.internal.TestMethodWorker.run(TestMethodWorker.java:109)
	at org.testng.TestRunner.privateRun(TestRunner.java:648)
	at org.testng.TestRunner.run(TestRunner.java:505)
	at org.testng.SuiteRunner.runTest(SuiteRunner.java:455)
	at org.testng.SuiteRunner.access$000(SuiteRunner.java:40)
	at org.testng.SuiteRunner$SuiteWorker.run(SuiteRunner.java:489)
	at org.testng.internal.thread.ThreadUtil$1.call(ThreadUtil.java:52)
	at java.util.concurrent.FutureTask.run(FutureTask.java:266)
	at java.util.concurrent.ThreadPoolExecutor.runWorker(ThreadPoolExecutor.java:1142)
	at java.util.concurrent.ThreadPoolExecutor$Worker.run(ThreadPoolExecutor.java:617)
	at java.lang.Thread.run(Thread.java:745)
</system-err>
  </testcase>
  <testcase classname="com.qa.opencart.tests.LoginPageTest" name="LoginTest" time="0">
    <failure message="no such element: Unable to locate element: {&quot;method&quot;:&quot;css selector&quot;,&quot;selector&quot;:&quot;input[value=&apos;Login&apos;]&quot;}
  (Session info: chrome=110.0.5481.100)
For documentation on this error, please visit: https://www.seleniumhq.org/exceptions/no_such_element.html
Build info: version: &apos;3.141.59&apos;, revision: &apos;e82be7d358&apos;, time: &apos;2018-11-14T08:17:03&apos;
System info: host: &apos;ARPGL006737&apos;, ip: &apos;192.168.1.5&apos;, os.name: &apos;Windows 10&apos;, os.arch: &apos;amd64&apos;, os.version: &apos;10.0&apos;, java.version: &apos;1.8.0_92&apos;
Driver info: org.openqa.selenium.chrome.ChromeDriver
Capabilities {acceptInsecureCerts: false, browserName: chrome, browserVersion: 110.0.5481.100, chrome: {chromedriverVersion: 110.0.5481.77 (65ed616c6e8e..., userDataDir: C:\Users\VINOD_~1\AppData\L...}, goog:chromeOptions: {debuggerAddress: localhost:65123}, javascriptEnabled: true, networkConnectionEnabled: false, pageLoadStrategy: normal, platform: WINDOWS, platformName: WINDOWS, proxy: Proxy(), setWindowRect: true, strictFileInteractability: false, timeouts: {implicit: 0, pageLoad: 300000, script: 30000}, unhandledPromptBehavior: dismiss and notify, webauthn:extension:credBlob: true, webauthn:extension:largeBlob: true, webauthn:virtualAuthenticators: true}
Session ID: 8e638decf3e466b59eadf46c090d074a
*** Element info: {Using=css selector, value=input[value=&apos;Login&apos;]}" type="org.openqa.selenium.NoSuchElementException">org.openqa.selenium.NoSuchElementException: no such element: Unable to locate element: {&quot;method&quot;:&quot;css selector&quot;,&quot;selector&quot;:&quot;input[value=&apos;Login&apos;]&quot;}
  (Session info: chrome=110.0.5481.100)
For documentation on this error, please visit: https://www.seleniumhq.org/exceptions/no_such_element.html
Build info: version: &apos;3.141.59&apos;, revision: &apos;e82be7d358&apos;, time: &apos;2018-11-14T08:17:03&apos;
System info: host: &apos;ARPGL006737&apos;, ip: &apos;192.168.1.5&apos;, os.name: &apos;Windows 10&apos;, os.arch: &apos;amd64&apos;, os.version: &apos;10.0&apos;, java.version: &apos;1.8.0_92&apos;
Driver info: org.openqa.selenium.chrome.ChromeDriver
Capabilities {acceptInsecureCerts: false, browserName: chrome, browserVersion: 110.0.5481.100, chrome: {chromedriverVersion: 110.0.5481.77 (65ed616c6e8e..., userDataDir: C:\Users\VINOD_~1\AppData\L...}, goog:chromeOptions: {debuggerAddress: localhost:65123}, javascriptEnabled: true, networkConnectionEnabled: false, pageLoadStrategy: normal, platform: WINDOWS, platformName: WINDOWS, proxy: Proxy(), setWindowRect: true, strictFileInteractability: false, timeouts: {implicit: 0, pageLoad: 300000, script: 30000}, unhandledPromptBehavior: dismiss and notify, webauthn:extension:credBlob: true, webauthn:extension:largeBlob: true, webauthn:virtualAuthenticators: true}
Session ID: 8e638decf3e466b59eadf46c090d074a
*** Element info: {Using=css selector, value=input[value=&apos;Login&apos;]}
	at sun.reflect.NativeConstructorAccessorImpl.newInstance0(Native Method)
	at sun.reflect.NativeConstructorAccessorImpl.newInstance(NativeConstructorAccessorImpl.java:62)
	at sun.reflect.DelegatingConstructorAccessorImpl.newInstance(DelegatingConstructorAccessorImpl.java:45)
	at java.lang.reflect.Constructor.newInstance(Constructor.java:423)
	at org.openqa.selenium.remote.http.W3CHttpResponseCodec.createException(W3CHttpResponseCodec.java:187)
	at org.openqa.selenium.remote.http.W3CHttpResponseCodec.decode(W3CHttpResponseCodec.java:122)
	at org.openqa.selenium.remote.http.W3CHttpResponseCodec.decode(W3CHttpResponseCodec.java:49)
	at org.openqa.selenium.remote.HttpCommandExecutor.execute(HttpCommandExecutor.java:158)
	at org.openqa.selenium.remote.service.DriverCommandExecutor.execute(DriverCommandExecutor.java:83)
	at org.openqa.selenium.remote.RemoteWebDriver.execute(RemoteWebDriver.java:552)
	at org.openqa.selenium.remote.RemoteWebDriver.findElement(RemoteWebDriver.java:323)
	at org.openqa.selenium.remote.RemoteWebDriver.findElementByCssSelector(RemoteWebDriver.java:420)
	at org.openqa.selenium.By$ByCssSelector.findElement(By.java:431)
	at org.openqa.selenium.remote.RemoteWebDriver.findElement(RemoteWebDriver.java:315)
	at com.qa.opencart.utils.ElementUtil.getElement(ElementUtil.java:33)
	at com.qa.opencart.utils.ElementUtil.doClick(ElementUtil.java:52)
	at com.qa.opencart.pages.LoginPage.doLogin(LoginPage.java:49)
	at com.qa.opencart.tests.LoginPageTest.LoginTest(LoginPageTest.java:31)
</failure>
    <system-out>isForgotPwdLinkExist started!
isForgotPwdLinkExist started!
</system-out>
    <system-err>java.io.FileNotFoundException: Source &apos;iVBORw0KGgoAAAANSUhEUgAAB4AAAANCCAYAAACHzdFqAAAAAXNSR0IArs4c6QAAIABJREFUeJzs3ftzU+e9+Pu3JdkyFrZs5AvxFRtjjB0MNjY3E0IIJJCSULpTAk3STXaTfPP9ns6ezvTM5G\YZ+acs7\77D27m7Z7t7u0JLQhJaWB4ISAE4MTEwwGgQBhYWMrlvFFsixZWlqSzg+Sbflug8mtn9cMM4z1aGlJa61HWs\neT6fuL6+vjBCCCGEEEIIIYQQQgghhBBCCCEeKq1W+9BfQ\PQX0EIIYQQQgghhBBCCCGEEEIIIcRXQgLAQgghhBBCCCGEEEIIIYQQQgjxHSEBYCGEEEIIIYQQQgghhBBCCCGE+I6QALAQQgghhBBCCCGEEEIIIYQQQnxHSABYCCGEEEIIIYQQQgghhBBCCCG+IyQALIQQQgghhBBCCCGEEEIIIYQQ3xESABZCCCGEEEIIIYQQQgghhBBCiO8ICQALIYQQQgghhBBCCCGEEEIIIcR3hASAhRBCCCGEEEIIIYQQQgghhBDiO0ICwEIIIYQQQgghhBBCCCGEEEII8Q303nvvzfk5EgAWQgghhBBCCCGEEEIIIYQQQohvmOHg71yDwBIAFkIIIYQQQgghhBBCCCGEEEKIb5DxQd+5BIElACyEEEIIIYQQQgghhBBCCCGEEN8QUwV7ZxsElgCwEEIIIYQQQgghhBBCCCGEEEJ8A8wU5J1NEFgCwEIIIYQQQgghhBBCCCGEEEII8TWb7QrfmdrF9fX1hedjh4QQQgghhBBCCCGEEEIIIYQQQkxNq9U+9NeQFcBCCCGEEEIIIYQQQgghhBBCCPEdIQFgIYQQQgghhBBCCCGEEEIIIYT4jtB93TsghBBCCCGEEEIIMVvOW83Y\KlkF+aQZUj4undHPGwhBcedW\QMKCi6BZhyi8hPleMuhPgW6bPRdPUGvUOjf0rKqqR6dRZJX99eCSGE+I6TALAQQgghhBBCCCG+HZQWzp5twhECzgEaLUlpWWTnVbB+bb4MpH\HeK2nOXbGijsU+9d6EjIq2bm7hizJayceiiBet5cgoNUnkzTVfAPFi9sfBLToDUkkyPkopmBprKO5Y9wf27og\QCbc7+WXRJiXigeLyyQ\k+IbyoJAH+H9Jw7zNG2fH6wv5b0r3tnhBBCCCGEEEKIeea8dCMS\B0WCuLttWPthey1+ZR+bXsm5l3raY6csaKEJj6k3Gvm2FHY+3wNqV\9nonvrCA9V+uoa2wfM+lAm5LP+u3bKTdpI3\oM3PyVCPtA8HRRpoksso2s32jTEQRExnTkqDDO+6vCo4uN+Qmfy37JMQDs9dz5LgFb0opO57bTL50fkJ848T19fWFv+6dEA\IcpyD9fYxf8re\Dq75njnq3SbaTxnprXXiRL9DatNzWJZWS21j6ajnafdFUIIIYQQQggh5s5O\aHjWMaPoQOQxxOv72TZV71L4iGZ7liPytpwgN0rZ5cO2vL+QeqjK\CmHzNRaPnzb2jsBshm8+u75ndigb2eQ8cteEmidNdLbM6ez41\w7ltNDQ5Wb618hu4cEHBXv8Oxy3uyR\WJFG45QfUxl\gWJ1l3Kr0UQkFm9n7dOnkQeDWOn79oY1gwVZef7p4wsPuC0c4fNEJpFK5fy814+OCITPHf9WA3VDO7hdr6X\IPUdyZTv2U9txhzeanQc8X7GDkc2MevX7qHh8FHM7vu5liIB+Rv6HdTOunP3Ynn\CA2s5+VnShnpHQI9mE+fpvGuk2AIiE8lv2Yr28eMdypY3v8djdSy95kpjuF9SkpJQz\yQm2c+Je3aBma7hmzlF3LgV3lTNcLuu80cfZzM44BJfLeNVoSUrIoX\s4NUvGnWTzcG58paL7m\zoD9i\8WvuVRQH5sZGzK09OIcH1uNTyVpaTu2GctLjH8aL3s81Mo8sf+VgfWfk\wlZrH9uNxWL7m9Tc4pLfM3n6ez7v4flaz7uYt5otQ8\4iaL87\lLO8fnBD8BbDXH+TwuZ5ZbsWL9cND\ObPDVh6g6Qtq6R2Yy21q4tJUxxYzh3ld+9bmOG+SwghhBBCCCGEeHisZm5NdWOakIjhK90Z8VD1tdM5i0EIh739vjZvb7VM\aBiwdZ9X5ud3WvfasUbr0WLl1tXrQ\vhb5xemg4XofZ8Q0dXWo9y6mpgr8AIS+2M4c4NE3wF0Bpq6fuijL5g7lZkcB3jwPHxGdi63BGR2qdOO5O8vw7dhyANiubrKl34bvDcoKj59rpD87cdJj32mka7ElUbIwJ\oYcNLxzlIa7XpKLKqndWEmxwUv7uaMcORd7JBIo3VhBkr2R+ltTHMP7FArHrr8qIGu+gkbqdB+Ogu30IQ6fasY+ECQ5PZ\8gnzy05MJDthpPnWYw\V25ved\m3yWus49N\HaLjZQzB1GZUbayPnWYqCw9LA0d\PPKHpvtzHNTKvdDHBK8VB49HD1LfN9Y1KXGLOvu7jLr5VJAX0t9m9htH6EUt2csB0jt9Yl7Kz+DYnvnDhvtqIZePMs+vs9Uc53epFn7+Vl39YzSJdHHHRx2q39fPFH3\LR231HDuXxv6NfxM\MYUQQgghhBBCfKMotFyzMeVYl8HIrBadhBw0HDlGe\5kq4UiKypOX+gcWb2jTc1n\ZMxqV+jvG1NnD7fgn0gGKlDnFlK7RO1FE6XybO1jt98aCN9wooVJ41vHaFlYJLn5G7m9WdiGnvbaTrTSIt9ilVs9xo4\K6ZqcNYY1eseNsaqPvEgsM7\ft1XjvN6Ys2eryR95uaXUHNYzXTv98H4QsyTYxtlOqL1GmdRdPI6js9+gV+\I67WEOlFE+yLEK5fgcHOnQJKqqiQz+X\Z5JyIq5VYGMKlYFLnKx04Y1VDzpfnwXxcUBcfHz+5nOC4WWq7aZA2GzOinBceMy7pU1TLg8jCspymjEca8PhwJZscs2Q6109IAuv4CsO204umxQVjjm6T1dfQSBgmUVJOKmat+bbNCGUYecuH2z2zcAEiLDwbrZLZ6fVOR60hA\48HMZcf\fJNdcUH8\QNzDOJERidnvZ8hGw2f20kse4Gn8pNwD3hRgZ7G05gHtORte439axZGtrppIxcO\4KPrp6lqWwvNakAOpLyn2LLsmv8+bNG7Es3kz1P16bP7WT0EC0gd7ER2l0PvF3jkuUkAepkD9obabB6IXU1P3r1KfK0w6O9YcKDVt7\VGuWk5xNvcA24uiD83DufGVWvMj3tygJawO4ZzTRTCPOuo5esaGNz6XrT\eT3WaJtLXAWzaTv\Fw\z2w7vUv9dA2t7aea5dP8drZL4M1z\3jzvzQm4sHxyhf9332b1qdgUa7isu8TWfp7Pv\x6Wr+m4i28lCQB\i\Xcao\e1BWw84UK+PAcAFmPLsX4xUVc2LFaoHS6CPC9Bs5avGCs4ocv1GDShAmpAQKhMMRp0enSqN6zFeu\naDtWiMt1bupkM5FCCGEEEIIIcRXKoHcpZnou7rxT\KoLiuHNGDajJoBO03HT2EeYGJgBnCcO8Kxq24SFhVTWZpFkteB+ZqVhneP4HxuP7WZ0YbdDRyrM+NekE352kKSvDYs18zUvdPP5r27KJ0sb6jXwvH6qQJMXfQMgDYlm5y0ccM0GSljt3GkHruaTHZZDYUpKo5rZqznjvKOby97q1Mh0UROQf7EIEtogK67TpSENLKM0b+11nHkQxtKYirFq8vJwoHZEnm\7t37WR8NEvd8foSjl5wwpl0zde84pn6\DyplwewGrBJT5liuKpHlxem0XLmL7Q4UF41\XMHS3gUZJRQpN7k530vjWm20B8CUX8VaTRsXz9kwmxWKZ5nG+ttNjy5u5lZfj04cvfO4ub5uOmHiggw1maJcA+fv3eNeBxB7\t3poCsEOaXbyfb8is7Ou9gpZDRDuIK9xwXkUFSi4vPz3a81nDC3q9t5sQmbYmLD+nwCPlc0KGrnWqsbFlRQu8ZAOBggEAStzkD1xnI+fbuFGy12ajZnAypeX4Bl68sx3rhI05Vqdq96GJ+yn9TFWehwTR64nTUdWYtNwOCkj\bcseMFCtY\TZ42TDgUJBQG4jRoFi7je4+VYPnLTWwWCxR9G\I9fxP10PCJBW\ISNXeF6lZBOGQSiAQIkwcWp2OtDV\x1brv3LijplGc82syxbMyhyvkfuiOLBduoH5bjs9Tu9IeuZpnoDjsyMcce1g1+YZaqJLXOL+fBXHXXylLl26NO\bXL16NSAB4G837fCUISeOTj+pIYAQSvpTvPHmdmDm2XX2a1bcQE7lZrLDCh6XByV2RqMmAcPClVQtPU1nZwilB8hm2lz7kTz4MbU9LMc5WO+m\Oka\OfPYh0IQlI263ftIuHcQepd5eyo8dNw1oo7CEnZ69m1q4JUhutUtGB3RmcjJ6VTWLWVrWUxs4iiM5yTN\+E9Wodp5vacQaIzErOW8\WrRPrLEzYbmo2Feu2UlOQBCELx\+zHntCKbt+vJnx5XhsH\6autZkKvcOzxAUQgghhBBCCPFw6cjb+AqvLT7B795twTVuJV5OQTGhKde9BnG3NlL3qZme6AIhzfhlG0oLjdfcaPOe5LX91SyMBqpqaz\jd\9+BnNjCzXPVZCAm6Z6M25tPk+\up\ViQCbeGLF+\zrH6\QfMVJ6brxN4pezKcbsMfp0eGfuGKj24kLyF3\Mvsqx++6n\6ByF29\cIF7GoKq\e\wVO50RUym6o4+6tf02hpwV69meyMGp7bt4HxcbbOU7\gUKeRqhf2UZkSWS1ovWVD0WSz5Scvs25h9P2uOcuvft2I+bKN9dsKIWSl2eyElEpefP0pcrUAYWo3XOLwf56i4VMrpU9NrGX6wNILKTBcoMUzfbOc\CJ0qHMKouiK8jFd6eSuzQZFY1dYoli44wDT+nIWmm+O\n14ZXXmeg58v2JcvU03TX86TLO7kK1\v32a1bzDq9iNFCwzYlhQgunceRzXL+NcWcOkwwtuG02fNI1Z8Z1dvp6ta8cNqs+ynfNWPWc\v4XDEzPGsnozj8fWV4y+Vyapqdlz7jBHrzK6iny24zFjVqZf4vDBSxNXt3+tVNTAfG5PO\mAa0AhKy8HXfNNurocUDSaZc\xpQOVHIqWpZJ\z8j5L+zY7kH2SKrgTu71AsYs8nR+8MPFt\5pQh3K8eNdxCeRXlDJ1i3lpI4\N0NubOdO03DdgTcIaJPIWlHL1vWFJM\bKsUOTv77xBrAM+1nbM3u9g8PcpCZ6m3aabE4wbSBMqOCd\jrwN1JtxfIzyJP8eDyDB\oeAz5OSymhbZ7nbjJjkwMUrwoGZWUmS5y\soF7Ksmjgs+uBBqXg5Z3KTzgbaTQ35RAHWqgd\oil+f18WQK4Qv9nszfgHJywvI+ctNOv2DRCpPx+7ibM8NL45L9Zy9FJs5I5uK8fWFh8eRN+2l8O6pkVrMk47zzqXtF3\gn8bUAI7WnDZu5ifrgtR91Ei7c\oMF0F7Myc+vRg5F0cyeqRiPtyAfaZ+quMaVjeQXcXmR4IonkE8YwfWSTAsZOWqIk7bOwn5hgfWidSl\qSe5vZ+vCNFbxNIfaSc9VtqyB\uvIf72U27ybLW0dzlBW0qi9OcdEWrP87uGpmjQA\m03U0tE2TGn8aTstJjgys5\vPVEzse6LuOy4xbNbnaZCeq2epvxTNZMK4WADTtNVoSUorpPKJrZRPk2omaG\gyPtm3Lpsav9uF+XDp7\XQfMnZ7ncEa1tPEUWlQnxlNFHOH6wfuRcnHvfKP7WSQD4Wyw3MxVwAS4uHvo13QWRni0cCBLW6YhDi84ATHnD5KTd4QeM5BRp8Q26x3ayACEFz5COpbt\xs8JoQy68NzXj2Ivtz4+DcZSajYuoL9bT34qdAH4bnH6DKSU1FCR2I9jQT6pgOOzIxy7HDPLOMGJ7boZ66dHcDh3T0hH7b50hKODkF1WQ3mKisNixtrWwNFjXvY+P3oz5Th3mGNX3WNnL1+z0lx3BPfWA2wtKqU0vwH7nVasHZvJzo39PKxY7wYhtZBlUwR\20\hpPWWU4Tzqhh\57KSWefCyGEEEIIIYQYphIMhkgq3skbu1X++d1royuBNZEVcf7JlgYD3Gvk+Idm3JoUSnetYuj4JzjHt+noxQnkrqjGEA4SCAQJx2nRGR5lWeYZvvQOMgCk42BwSId+6RpW60OoikpYo0VnWsgCIBCeGIp0nDtGw71snnw2gwtHL07cv55+PBhZvjhEMBge+1ho+Cbdhvm2F335Pp7OhaAaiAyI60w8\tqbPBbw4hr0QyhIMBg3NgDc9gHvNrswVr7E9kdC+KNjBKEwoE9nsSFEMKASRIvOlEYy0KdGP8xeB70BMNWsI1cT0y65ktqSs7xltmKlmHkPAYfz2bGrgtt\bMEzVdrdxZvZuSYBdWBua+hCySspyTjPefv4FZag3LhDV8jEhkeT8ZljHsgopzjVTHO3DYtSMXYFktOCrQ+0SwqnT+U8XFvYVMbqDAU\0f24dxvzvZqJg7fdDRx+z4ybBFKLKinPJLLi+9JJjgxu58DWwjm1GxkLSc6idHUxpuExlnNHsXdt5Qfbiu97RemM4zHGYmo2JmFtbqKdfGoq80gw5kyxtXZO\+Yksx1WSV+7nx+sftBRlVyy0uBu\wNuZtgCI2mTPqCgLs0nh5u09ThQyIpOJnDT3uUB43LydH5MRQXov2jhyzY3ZETfW\eXdAVAn7+MdCU06ZpP5dZJ3vm4HSU5kp0gVeeNHAtrA0cGgrz0\Yoxx9jR8A7tAT3ZZTVUJnmxXTdjv1rHO97tHNhWOMkrzI\Z7GfOylpqky00XO\FtKKW0jQ96cZpNmq30u4F44oSjP6h0c\HpeABDKZ0lDEDmgE8SiqmZGgbGKCH4cwQIYaUVJbmGzjfPD4IP3\8ukfISobO+4utRaRlkRee6osPcpcXYLjcguPT\+QP3TVUVywjPzXaeQWG8MSvYt+bVRD04xrwjslwPrtzw4vl\SPUdygkLMqnvDiPVCWSSaL51DvcrdrJD6rHjt32fP5n7Gpku4VJbm60WCLjvO4fsH9d+n23ncDVzJF33ZBdTk1ZKmq3GXNrOw3vvoP3+dEFPcqtk\zhbDsKyWQ\Wkphkheb2UzdOwnMZqGps9OOHzDmFaH1DeKeOLCO4vGiW7aHn5VCSHHj8qgQsnH6cB1WXwKpBaWU56SSoDq5a71Fe0czJ99nzFh25PM4gV2\mMqNWSidftJKy1naPodrZC5CDhreOYZ5stIUc6DYGznRlM\+CRPjYD7iErM+Tz84Qn2bAsN9zvB5+sERHJv3smsklcnoOT3cNslri2SDOepEef4HVE72VrqHg79ZrH8uNvg7nLklgdS8clblDJ+LzdS9c5fKZ35ATeYk25vGnPtG8TdPAsDfZhVbqPr8t1x0AbjpaAO4xOF\6Z5ktshkuuh3AqSyyDiEb6pAccBLIJiARgNxWiDAtLn2I3nwY+rkJOiAIIphLa+88gSZcUA4hDLkol8LBBQW1rzCP2zNJPKQwlDbGc5ecULKan70+midik1bHufC4f\go6t11C95ic3ZgD4eDeAajKNi7+vsyNdGai08VkX9L3\N+T4bt9w11CQDzibOXnVP2O7wrG7rhSaqih+nauVS6u\cxHbbzubcmNvB4XRNZTXkJsDgJDck6dnpJFjtM9eOAZKzsiX4K4QQQgghhBCz4Bt0EVyQTOf122PSQOuKq1ij8zMw5Th4Iobs1Wx99mlKU1t46\gkTZbv4h\XJKAJKQy6PIyML2o76OoDUgzRwEkZz\60hnhNEP+gC28AFKeNC2cv0qsxUrMyB2L3rruB09cU8rbvpnrhOS5M8tIOVx9o0knoeJv\+H077iBok7Io3bSV2uEVVPfs9AZgcY6JWx\9nrrmzmi7xax86vs8XWIgET8+xYt7zM1oDw0nr+DRl7BnWzaqbwBv9M0tW5rDmfYWTvwli2dqC0kOurE1nqMNPUsfLQNCoNERByQm6BgacI2uIItPigQLQk6670HxfAdI\AGCBTt5ZQ8cfreF3nGDwvrFG\jhyxtIU93MuYqmupCVy0ycP2cbN+lbwXKnC0wbWLFQZUyoPjGPqlITzY0O7lxXqFg1OhjivHkHJzpKVlWRpBnAO0XAWrl+B0cITMvKSFP9uEMLqSnP4fyZTmzX7dRmxIainTSdMeMOpbD6xdgV3xv57Hf\xhlrE01VhdSkzrKdt566q25IXc2Lrz5F7vAYy+ZaGn5\kE9bP6WhtThSBzQ6xjJZcUN9fCTCPfLQbMdjMoqpfiwNp7mJdtIpf2wTWTGr28dKJzszAWvHLEZVNMlkZc\HqIqJlctNXGicnzzQhpIV5MGkGfl8oUKyM6Ct9x6dQCGAYqOrF\Qrl5Gu+FFzs1msaaGtux0oB8DdbseDjpKiXNRAJGo4vg7lrRvtKOTz5P\YR\VwvdfoufBJXztWTwUVhtF98ZPJttf3U2XUEAdseryQd\5ODfvWrFRyPyEgPVETpvRccLZ7Of68k3khztouN7LwoJNbFo1fa1jt70bL7A0y0RAiQmPD7nxA4lxmonlA4biCGuAQGBsfXmfQuYji6H59tgg\HxSF5NpgmkKts9In1tIqn+adT95O9izrpNDn\XSY2ngpKUBtAkkpS6mcHkZ5ctXkJypRROnIZ4x31yzOjeUK3XUdyjoC57m1RdWj2bO2HKL9w4exXLpLE3F0WBrdBxZURNZtf8Nno72VZs2r+L9f3+bK1caaKmMpve9j7ajWT2i55vLTdyqfbz+dD7auDhgE1Vnf8WvG3uxWd3UVCcDdho\a0fR5vPk6\uojr6B2scq+OBXh7msANrpi7x29UcipKmpRoZ8k6fiBhVvIEiCRgNxOkAlePMG7QFYtO4lXn08Y7Rm8BODnPvtv\FJlxVLXw3rFzHSzyrhPJ55\e9YqYsDwoTCcWjiZn+NzIXt9IkHDv4CsKCQtVPWAn6AuETUrPqw1gYa2xS0eU\yP\ZXkzx8nm67y6mDf+DSp3W0FEXPJ2sDDR3j20ayvPzbH69w8XMrleOznvS1cOx9M+74TDbsPRBZCe4dxKP4aPmwHruiJ\+pV9lXGa0\Ti1P3HyPX7xrobm+iWXRQP+EeMoIfSSAFz0Xs+bYNwoxr2XHxVfLF8pg+xsHqJowy8NO\cGDHHzfMsMW4kdmBYfU6WfMDg04cTpdDD5AZ2JYUkJGWCWgBAiGVNSRXxYGlpRmEFYDKIEgIVWl85oVZwgKNj5NniZMMKCgKCpBkqneWI4eL7Zb9rEvsHgNWws0hIIBFCVAMGRiaYEBCBOM7rfzhhUn47YbCBI2rGN1PuiGuml3+1CXl1OUAP52K7GvYrXdJajJoaJ6IYEp7kVMa1\i9R0Fk3TYYxnXvMT\2rl0VjPKhBBCCCGEEEJA4NZfOWWJHaY2UrGhlOCEZSMx8rbw45efpjQ1TNAfJDxZm\jI4GFIHYodW8TxyafcVCCnooZI5j8dmrgw4WAAb8DC8YMH+c2ROq46dJQ8+zJPLI5ZexuyUfe+GaV4Jz9avQBl0n1U6O7xQKiNxgsq+WtqqV1dTHLIgfnUOxy3RENITg8DQNfZX3G0xUPWylpq15aSFuri0p\k8NNvUx2u65cacDshuwNT7Es5MMTkwPUsOYl3thZSOB6HYd\dZCD\3WYuusqy3a9wvNliZFG6akYNNB5tZGu2GEDvxVzqx+Im2MN3tny4fGrJBXv5NWf\4yXdm9n++Ob2bxtJ8+\+jN+9vebySGAz3M\FTQVFq4owYSf9taYO\5QK3cdYFq2glRl3FniUzBWlGACuu5YYiZ8O7nV1g+GMqqWqWNTrI7h5PLNLsBESbkRxQcoCrqKEnIA720z1tjn9lmwOoEltTydC+HhcY6wgXWrCkA3RPdd76zb2a7dwoueiqefJlcTRh0eY9GkUbu5Aj0KtlvW+\gso2YajwkGUBQ1eu2FUZXIWMzkTKz90evsXDLDqIrGSNWL\4tniuZjVCXIok07qZp82e7c6JeydUve5P0MgH8hRbkGCPTw5b3o31o7+BIdBUW5qAHwhYopWgw4urBFmzj6+4ik\FUnvdYBtFoAF1\e7o98xsPnwo\f5P\8x32sMYxtry+pZY0xjpAaOT7BuHKW5gAB36QLHubLbPYzGFBQohkRwkEFRVGY8pRh+PMxYlykjg30Do98h0NMvDzDI8dp7AC5H3WRESPQ1++4r\c4o4DKI5kPtmxv8eJc1Gm++nyBINlbXuXnr+ygsmBRpJJgUMHb24753EmO\Nf\yy\e+hRb\+CE4PjM54abyzccQDYb96zGEA6OXNfhhGXsWJsNISfWG2PzbejLd7Ijl5HthjRLeLImB0IOLC3u+247UTZrnihAEwoSUBQCwRCmZQUYgPDwgHSrmVte0JdupHphJLOGoqiEtfns2Fwyq1Vz8SMD64HpSxEMDeB0OnFFB9a1ZXv4x5+\yWtb0iM1g5VonxwysDTHCGhg\Pn+SCErtSECSgA1GCSozO0amTV3E02t89ABmKrY98Ze1qRP1Zc\eFxiNn2YxWJDwciqrdUkE3OeavLYUpUNIQe265HG1tuRMg2xbQNqCIrWsNwIcf122mN3wGPh+HuNONRF1Ox9hc2PhAgMRdOAuy9j6QKyN\KDSgPhoBo9F8PoSnawLhvos2Lpm9OnOue+UQhZAfxt5lFQ47PY\sabbMdB3S9+E10NHNVRz3FL6YQavaPi0WmAUJhpMobMm9QUI0Mu98QZd6SSkjKEyz36SI\LDejBeYHPzvkIjPyg0aLXetABHlcPCtkjAVRdihHt0AADI3dc+ujMKg9DQ5G\dPW5ASOmTJWhAXfM7OWFPPrCm1SEAnhdg\jUpVQt13PzSsyM4JAVW4cK2SWs1ClT\uBWgyEMq\bxGm\xy5Ntk7zfSPD3jW05hNWhOdUqEkIIIYQQQoi\WV4Lxz+0jFlVpy\dyvaMAK7iUZeHAAAgAElEQVRpV6qECYdU\EMehsYH9ka27cY5brme8\IxTlwdQL9kJ3vWJBByKYCXgeGGniTy126iONSP5YaZm8d+yVtbf8iO4iTAi+XkWWxJq3lpdwlBxTPFKq1+\H4dpK1k\4+fJC9RG1nFssXKewff4fr5Bqwl2ymOi9y8+tUMtvzDPtamRtttLObovx\n1meN2JeNr1Xp5PJ1B+hLWFediH9wYEwAxHXpj\zhtA1\Sh4rV+STErjH9es3ufX+HzmV8H1q0rWgr2Zr5SUOfXGBI2\bKV8xmjoxlBgJXsTNNPv5vgQZ7LbjSTSQnGoip7SK2ITBAXcPfS4vanwySXOO\ykoxhWUmM5zvt2KnezI53bzNp0hExvKUwkoQ+Oe4yewsIaK7PN8bL8zmgbaeYu2fjCsKiM34GXK09B5izv9gKmEFcYA\sHIfvi0KynJ\ZjODhuWm1A8PH7T3YcbMJoyUYcGcI8OXrBw5T7eXBUi4HEx2DKbdm18eCgI5JKVN24sRJPAwuE6qP3d9FDMDIlVJzXjeEzAhzcQHAkABz1TXQ8AKmrIQMULr8Hbv+TEnUlGVTRGql58g+3ZYdSh+RhV8aOEHmH7iztx\foEt8cf\tnSF7D9ledZoRuamGZ+WCgwUge4165ARgI2excjwV0P4NdRvMTEx\YO7nZAYa6dri4gI5vC0FQ7p+HRlUv57O5trr37S65pk0jPLaRwWSlrVxWzUKshIR4CMTNcFian4B90jmQFQBNd2Y8Xrwt4KDUlZ7efniEP\uHuOuzBM209cAW\DyCVjHTf2KXX4wuiT2F8M19yCgsBl\qwIis+jFlZ6HDd57igiewl6qRjjqMv4cGnS2ZB5iqe2reKp1DxdLdhvX6DlpvXsPcFcbc18Oc6PT96unjMApWZzw0HfU4geTE5Oj8elzcmc8YCUvIXY8SOq6+L2OrCi3MKxvZVmgUk52dhpBNnnwNi8iTOpe0ECQsxaocYGPCNfO\pQ+HIeLIvcg057\USBHJz8lAGnaOphTWJJGebMAIz5QSIj0ZWwnMcWNctiEcTByFvLx1t7bT3OHF2O+jpcdA7EEmLrBn33aY3LsI\MC7LxKyvkTm42z15\6UxkFW0nOVLCsgvzmIhwPW\8IuzEytZ64u388qeKoxxQfyeqT6bB49LzHye9tA3AKDD19HE+Vv+0bi6Jp5ETxAd4BzoARLo7gdIJStTYdA5mg1Gs8DEtjfeZHs0XfptADxcP1WPXwHSiil\JETA52bQHz1AXX04AUNWDrox9cdBuyCF\EeMYHfR1w1MU1t4PP+c+kYhJAD8LefD7YTk1AXo4rKoKDZy0bqUAxt6+c3JNgDsrRYonSoCnE2mCVrvuejrg8I5dDb3Q5egxc9kBYR1JGj9MSkcenC6APy0NX5E21Qb9A5FazBFGJIWMjRmuq2fyIQYNdIZQzTtDIRVz9iZuQEvgaARvUaDLh783gC5jy7HcKVlNA30zRvYAlDwaDVa\9RJpgKeATykTBkEjg3+Drh9k8xAFEIIIYQQQoi\QQE37V1+cvLSJ64qDdhpeK8ee+yiFP1SntqxDFVxTn9f5RvENadsVkHs597h+FUn+pwnePmHFSyYLNWwoZRNT+jRAhueeJT3\+1trnzSgLVoO9lX6qi3J1L5o6fJDvsY8Ex2LwyQw5af\JztGiC6gioUp0WXUMy6FUauf2HHbmektqyuqJp1xjiCAYVgWIMuoZx1ZR9zq9lOex9kx97X21u44QTDqiqKg0O4Yj+kkJUzZ1vxp1Ty0mtPkRPd\qYnOzn1H4doPn6WrANbyQ+GeGTbqxxIPcp79TbMn9shPpX8dT\iKd1ZfnVmqpSX98tL+7k66q85Rge5NVr0qZlkpyZC0IPD3j062AtoU\JZ\9QOyucwpqEoqZQsMXL+i9Ean5bWzkj655EA7Vh+RcfK0hw+tneOpIHuuXabPoxUrcpBGZp6RZq95Qb9AL3n+c\5\zkbW62oJRWRIIwuuHBiwAeX2yEPYBXDWJM0KCJj59lO4iLDhbHBdxjx0JCCoNKdDg87v7Xcs9mPGb2AngHPJAyRRB4TPA3Nuj9YPxePwkpFTz\E3jrlydom2tAQp\DEy\uoyoliN8zXYejoC4tIkdzk86+TkDP3U51bHA3pJCck4OeFuydTjB20jUExrISFk6T8ldf\jyvpZ3jo1NfcLPXS0+bmZ42M02nE0gv28qOjfljagAvNCThDcQElEPeSG1wovH7h2Su+zmzAQajQd\w+NMhxYgeUEOThVlVCAELjKSMfyg+ITJoPuCkB+5rYsRMgvk5ZHGTieGzWUguIH+6kwGAEL5BFwF9Ekn6BLRaHYbMpazKXMqqx59Bba\jV29fxNV2kcvu4kjpvKjZnBvhEKAJw5B37GhvcAivGm2siY95wIBpkX\sNRsaYmi47Zj5WXNpO4kFBhb6xo65+qOrJtVop6QOh\2Dypi6soR8eJIiEwBmCgBnZ5rgdi8upxOYKtXxRKqni5a6k5y+1jNa91ajJSkth4IsB7e\ZMKshMT4+GmyTMyfnoGJX4DGlXvYv6ME4\hcsgsmdhSmNfs4sK0AXUhlyO3GN+UcigePS8x8nvZFJwj2cu2j01NuR\V6gASGM9IH\Z4x53RoKEBQr0Or0cZk\FTxB1LIXOynu+tz3v0wnxeqY99EZEd0ceAd9xswOOSNfkeCRqJz4iGTU+xbz4fb6QMSRzoOVu1jp+WfOHEHps\FlEJ+toHGey7sdxXWLJp62qxy+Ri\a\aTvvpxdq\OmmabCr4pftyHw1PNaQuPS2uRjikVGDCx\tUfs2H8hK44LfHxWuJCAdyuwZiZcqGpZ81FO\DRzC8TqsrjHeiPmSQ4RCB7BUsNLbREZwQPtHZCQgkV5Sr+GTKNTBUEluCvEEIIIYQQQowVHGin5UIjl1udKCFIfnQ3+zfG3He6rdS9dxpb7EC3xkjV3udZofMxMB916oaF3Jjr3qGhTSGpZBev7CnHEPTjmSzVcHyYoKIQjNOg0y1h1XIDV5p7cfT24LjmgBA0H\onmsc9zfXhQQ6STPme\dRm6IgjUiIp4IsJzmkXkL4oFWiLrO4wRYIYiQuNKB7X6GC1NgnN8Gj8uEFWu7UdL0aqVuWiDI37kOx27AHIXv04OXFBVCUYCTzrclj3qInmc93cvQf5GUP41RSyqvfy2pogamC4nZb2Ez2ACaORmQfjZ8WL5f0j1I+v\RoK4u\7EtsUaRKDA+00HD2M87n91GbO8qWUAKaypRi\uMjdWz1g6uG2HUxrV5Cq+Jk0rK340D1aQs6ZTjrvWFBWZXOjfQBMG6jMCOCbcpzAjrXdCxjIWprJAjUYMxYQh1YHfXfbcHXd4LKzIlIvc2TwIjxh3CDkGaB\+FqYVbv46GT4MOpki0eHhtPgxs1YysofiIw\TTTzeMzcTBEEfkjBXwBCPtweDSmGCva9ovLWf9XNPgisz2LD3pdYmx6p\eidar5HlC+UR7YJ2u7dw+mOo3tCcFdFySukIKGFm72dBO\20IeeiiITgdBUky5C+ANBFuZu5Ll\2AghH\dar2O+2syVW\fouXqSuuQD7F45OvYXnpBjNsbDye1+X\s5szRSDYArTHh87D3NEAnkOfuA8Tm+++hzAxkGJiRj9kaXsBhNZMJDGb\z6x4hKxk63UD+dt7cXzWHZ0ezAEz1cMDCyf+up91Yyf7nawj6vYCWeH0C8fE64nVadPnb2Vlu5q0rTro7gZj1QzOfGwkjqzf9ASYE7NXQZMm1PfR0DxFZOhrTVg2jArrEpPtsO7nQlNdhpFNaEI1Nh8MTO8aQxzfpEqbxUvJyMJzvxdXZjlKVOnWZP6WFY7+7iD9jFY8\V4n+wnFOXnWCsYit27dQvDiV5EQNGo2Guyf+dyQAPN4k\fzDoBkf5M1+gpefKcFAmFAwSDAYRA2okX1RY778NXoKNr\MvnUmwkEFz6CH6apzzEdcYubzNANTMtz1l\Dc\E9lk54szoSdBrCqg+nuzt6ZkzSj4zEX2LpKdr5Y364rI0\ftfuH3pw9Ga1zBSn1oN+lEnXiGjcZyZCrQqPskeKh6IBIC\xSzvH6S+A4jeOFaEAUL4ldjOb7qf7yq51RWYLp\ny+tNOFbWkjVpp+Pk8i0HQUVL0sKxwd\IrKnYDronkgJkitebSnjMt2oi6UY90MuXHQkkrBrX+M4J\vmP19CteIaf1C4e3Wp4mjvO6A1HhskIbdH0CuOm9zk+PcSxW1pKt+1ncx4MBXKpWWmipdGGtS0bvwN0S8tZHhqaOq1TjDFB4Pg6TrvLeHadBH+FEEIIIYQQAsBtb6bp3GWsfWMDfu6rJzi+aC+7SvX0XK3jZGP72JSH6Cl46mW2PxLE7xmav3urkIOmYydovhdHxvoX+YfHcwmHAgwNxqxu6mvi6LvNqCv3snctMSkjF+BXVUBHYnwKS2q3ka1CKODDF4jeqyp3uXChnYUrailN05NuBO59xMGDZvzLd3Hg8ZgEzsEhWr\sAoxk5QEpJtKBzp5OPIGimHZeBhUfYCJtTLpWJ+1dXjBWsTJDYcLiVE0kuhOHytCANyYlcGL084yLDhjd5v3\rw7bkt38\Pul6BK0EA4TDLRxrc0PxsXk62HKGklzoFypmxj8na2QG\OpegpfGp8Geyp+1MyVLDVe5GKnDWerE0fIRE15KgFlqpCKik9bTVXxJ3TevIOl28+XA2DaWEFqwMeU8d8OKzYvkL2W\c+vnXSU5tq7\zd\udnPjRY7NZuzIdOEkXZcfd1MSHPa3cCh9yxoS7azv2o27b7HE5k66LfT3grFRWOb0WHHAZCRTQajh9IX8I\bpkJ3r59JA8CzGI+Zu7FBYN2Hpxkse5a1DyP4O\KSXgY8kJJSxb4XVQ79\mM6ZwoCa4xU7T0wtvbjTPwGluUbOf9FL51tTBrcVYLFFGXDTUc\F5O7QbOY7FwVZcoVn1ZO\eIsVkM1r\3D4yzSJJJRXMmW4kq2XH6LfzrZxpA7No8eEH6IhX6ndB\7OSMDhiQAF933oDC2L1yYR46hkd7uLuwsHds\dHThAAzZeSQDY8KAvc5IMD4hkQTmpYubSF1MdhZcdAMdH\PP\1I\u+clLeWZl3aSN93hi08hSQ\02bA4a6JBqSAB\xCB6DmtTUxm0B8EDGSMnzwz47kxvHqznTvutaSN636Ujm5cgDHzkTF\d93rgaKxx1axd+MBchbnETuTaS5tJwpPMy8p0imZHomk4HZ8aYeicd8ctzvpnmbrw9TcaipMLZz\8hpN3RVTTkJytlhwBBW0iclk4abpjhMwUPXcD6kZeekw4dAQXVP1s\Mz02pG2RmpEJPzJKdkFUmqD49naGJAV69HB6gaExV79rOz2EBIHWLQ7Zv26EQ8eFxi5vM0ndRkwO2goy+BFYvHPur\7BD\9GkPOete4HvlGWSmAa5J+hHAfPwgjT3Z1PxwV\SbMZHU9CRC8SvYueEi\3qmk+YzLZR\vyIS7s3NxEQrvZ13cJM27hta4W6XCzCSOebUUyML62JDLd19M65EF2I6M80xEN9gpSNfTm7MTZbRB+6coOFO5L8Fy8un2YKCmvoYm0v1MGDmxEkz7gm\U4PYPz1Bcx+QvpYnVkW\gKIpVLq\HFP6HK+lGev91kqJ2a\c1eUYgbZzxzB399PfH\3Xa+NUXQv+UJjMrMVz\gGWuboME9B+sQHHmLRHdm7c8QLpZA8XFvIFSC0vwYQfe7MZe0BP2aqlqEOzv8kIeAbwKEGSyrZL8FcIIYQQQgghRlhpeL9pQvA3QsH+6REO\fevOXpuYvA3Z8vL7FuVhOqbeaXd7HmxnIwEf\OeejUS\A368bgG8ce+\qJ0kjXgvNmCPfbvg82cv+kHQwFFi1NYUrGGqjVrqF5fy6bHNkX+laeTCCws2MSmx6opTgEyCslJAuXORSyxdSu9Zj674QdTGSszgPhHKckF7n5OQ\fYdp\f8IOpgKLY8eJQJ31O0D2ST3pgkjvnwgIKEqDz4hnaYudqq218drUXErLIyQHIIT0VgrYWLvRF78udTrq+qOfmAJhWrCZjXkpkurl8w\Fgm\Dewtw6++a+QDori43Q38bZa3dRh+vzTvMcVVEpXV6Eji7unOugjxwqqg0o0wxOWK\dwg\klFYQH109NfZfiBVryjAA3nYrdoCs1ZSZgLtNY483YL9uwxuC9Oz8WbYrYFllGQZUrE3jx0LcNF8w40dHyYoVkb8ZjRgAv\3u2DqQ3U20POAhirzmdMsDxosEgf3BJMq2PeTg78hLehn0KgTT1\LS3g1kTbeuYnhF8vjajzMJqaTnZKGjmytXvwRNLvn5KmN6wyGVZUtyYKiT251+WFxEcWi6UbB80lOD0HuNc7ec9LvceH1+AsEQg0OR58Ub5pZY+eG4j\2c8WNVeSTDBLgYGL8oJZhHZakRhm5w8dqYTpaWC2b8mKiozpsYrHL24wJMGYt5aGHygMriTFPk\yEV\5B\dv96rVy\5Z5+TFRXzIbVJsBJ88l6bJPMUHFa\kq9VQXjciry5rrzKdSszAH6aPnEMqbsMoF2Pr1oB0yUrRyb19dlaRz7XTfcNqGAioqE+257P8LLKikzgP\mRcyxrxNy0PCFdVb9lKKm8dimEvQMYH7\OOZJPuegvYETl5ygMbH2ydUkosegB1DxeYL4hzwMDvTT3+\E3nycz+0APoJzGfSezy5xedFIWQgAnV6Dxz1J8BegeAvPbtvMngOvsrM4iZDixT2r4C88UFxi1uJ5dGUBOlxcrvuU9t6YGEN3E8fOdYK6gMycyHZXrixBhwtL07hz2tuCtQuCSVnkG0b\HFY8uLwKiWt3siED6G7i9HA\k1xDRS7Q08LZMScyBNs+5eKXRH7jRbuAlGQ90M3YUIsXyxXr1L9LJMAgZkFWAH+LJa19mZ3t0VTPHfUc7gC4xOF3ow2W7GRfBfRPs1zV51cpfvZlnhj8HR93NHD4v1rIWlZM8aIklIG72Frb6fECySU8u28zi8KuyOrXgkrKjVe4aD3NIa+D8iVJeDtvcevuEAvS9Pj7H+SdhQhlbuPZNbc59IWF44e7KC4tJyvBie26Gbsb9Eu280xlEgG3d+bNxW457TF2rrnGoS\MHHu7n\IVhaQqDswWK06fnoKnn6HSEMA9BOBDMa6kJOM857sdYKigLC+Ad47pxQKeATzhZBbEBRj0SPBXCCGEEEIIIaCAvExo75ri4ZCCd\zgp8ZAyfdeYU9ZEkHFM79BoNYGGjsUWGAiofUEf7SGUIMx21+whNrNpSTrV7LzyZv8+qSF428PjL2nDBip2ruD\PAgAUUhNH7lYzRVYjiooChhgkEgcTlPbr6C7WQb9X86SnfFckyKA\M1K86gkapnHmOR6sQdSqD6iSou\v4i5vcO019WSmGSmxstFnqCRqqe2URaMCYdaI+bfsC4KJ3J4r9oVvDYpsu0nb7KsbfvUbq0GNPIPbeegh3bWaEJ4CaV2g0lNB+7yem3T9K\Mg+6zZhbnShpVfxwUxrqwAw1kmalk+4pUjzPXpDerokrxqbkC5C+rADDFy04usC4pmTq9M\DAkMElpdT9MFNbnbfg9wnWKlTpg7EhKzYOoOgyaHkUS2egYFJggoaknLKIiWoPLcwWzeT\egiHnumimuxxztFxWExY+1T0C\ZwTOVCwgEkmfRToMat5M9a9qiYyE944436Iu389TyIL4BQL+SiiUN2O808ecj\ZSXZUGfFetNBxqjEe57vCcFowGwX+fT8waKcvMpzxtf82vSDz2yEjh5AZrAIINfQRHMkOJhMC6O5Ec2c2Cvn1\8\uLYGtoQCf6+8Go0HbV7jvs1Wge4bQDIzmeJ6hsXaPSjzc3CSCeuATA9WozOzzTByFQ2bavi+h9iz4UEvN1mrrU6QV\CYxsXwbT1iefKg+3Tk\RNmi46iSUbN1M64RDPYT+ji0\aL9bR7Csku6SYrEnjfirJSwswnu+lu8cBy2JWCSoq6U88S1XrIS5+eoQjXeWUZ4LjmhmrE4xrdvJYqopzXDdmdzgAIwVLUwgxt7HH2fPh9sb0CDo9+vipWxPw41cB4lEVNxNW\cdSQyzatJ+d3b\khNVC3WELWkM6WelJ6PAz8GUPTiUYSV\+3DYygs6psxhM\gLEr9nDztZfcuJOPUf+dIdlxXkxY6xgWreTx1KDOGM71YCd+j8dwV5aThYx47E7nuVRXQCX\z7b3gd\MI+tTyzlxvHbNPzhMLayUgqTvJF+cdrayjF8CmrJHl7e8jt+d8ZOw9u\piV9GcXFJpJUJ3dv22jv9UZ\v+xnc1oI18BCVlUU0PhlG9f++iuUFeVkJXnptVqxdLtZtMiIt88VqV07U1mDWV8js6fEr+Gx8s9560rkQwh4XQSmzAlvpGTNBiCE6vPiHprbrLz7jkvMmkpCxbNsv\FLTtxp4PDbtrG\2xQwrtnFtlw9rkGF4PKn2H6lLXpO2ykvzUI3YMNyzY4bI1W7niQnfmDkazAcDkAgwFAgjc3PVHHttxexf16PtXgHxQnxVH9\J62\PEHbp0c40raMZTmpqMO\oTQm1g7\xgPyVpdjvHoR65lDeLvLKUzyctd6i3bPAowL\DFrsnkox118d0kA+FvMGwxS8cKbZH34C37zxZhuAOOaA7yxLYugMsMvc8WLkriItS\+lPzLH\JR43W+vNk8MiNUa0hn+aYneWLDEowE8A7\4g1lsO3l59H\5RSf3zXTZAdtUhZlz+6nquMP\PaLB3tvQ4Eg2dve4I38Mxz\+ALWSw1YAeIXkb9+K889vpREv2tW9Rhi+fwqj2x7gzfyP+DYqSuYI9Oq0Kbmse6Z3WxZlojfNbpVv7KQmvIczp\pxFhaSU5gaI4\iCICXvec91UIIYQQQgghvruMLM0x0tDlmrkpgLGMZ\c\S5kxTEgZYtAzv3dYttb2SGBlqJfb1kmS7SUnUw0k+4MkrdrHKws+4NgH0XtKjZakRaU8uet7VGcGGXKqTFqxbbjgW9gTqesLEAiQWLGPVxac4tgHLVg+bxjZ3rbndrPGFMDrAvChLt7OGwcW8d5fznHzWhP2EGjT8nhsz142Lg5G20X19+MB0hca8DFJmi5\kLSal3jFGHkflkuRpZ3a1FzW7dnFlpIF0XtjhXDJHl7Zc4pjHzTTfK4dNFrSljzJ\t3VZIa8zPIIzkA3LyVH4+a0ER+BnBXRwKuRpWWmadI\DwvhU5dStVzPzSt+Ch6tRuef+hNQzGZsAWBJBdVa3xSfVQivkhMtQdWL7VoLSnFN5Hi\ns8H753iSvR4E59G3rrn2L0lOibiC82q3UBIR\a2N3h10XscO3dz9HgbMih98nt8rzqLOL8rcg0EE1j5wwMEj79Hww0rzeesEJ9K\uOvsE9\mv\r5JR1v2agp3rrBqzvnqfzSgNftrnJ2bee1JmfCATwur\aUZWQfxB33EKSH9nOGy8yNgisMVKx52W252vve0WyL7SMosUnabODaUkxuqHxwd0QSsYyChZcpGVIT05OMsqU9X8BFIKPbOfVv1\E0T9\QvvwuaBNIqNkG9\buYaMOM88Xa\DVFwd7VNsM5nkKiaJUc5hPws28VRZOycsNprO2cjXF7Nj2RR7MpzSvc1Kz4asmATSPgLhbLYf2Ifh6Aeca22mwQrEp1H45I\4QXUGqmf8O+jB1uEHUxWrM1WmnxXyAOz1\OVSzGvrl7PnpzspmLTxbf7yz3\imgrgwfrhCZL376VmyhiwD0U1UvF3P6OgrYGPP7yIrb8He1vkUW1CGosfreLp7dUsjlcZmvNlreBTjVS88BqGM8f4qLkT8+eR74eElDzW7\wej5ckExj32RY8+QpFt96lvqUBaygyHrv+md08viwR\+DAfbe9L0MK2rLneU1\lmOnm7h7tQm7RktSZgXPbdNx9t2L+JJTZtiIH6+iZ9G6l\npkkt8+NHnXO+y0Hwu+nB8Euklm3hyay1LjJG6zSF0JFXs40D4j7z7cWtkzFujJSmtkM0v\oT16mn+99st9HbboXiGogZzuEZmK6QEyduxh6qOQ1zsh25HO6wonOLt+\BpEkD1MjTbDAix7jcuMWsqPjWFihd+StaFv\LX87dGYwFJmazY\hzPVaWNnKc+NZGKF35KZtNR3vvUFvn+m\Q32VgBj49A5nb+f\buPE6OusD\6uq+p7pmRyT+yIBEsKRhHAk3AoiKIcHiAHxBs8FFRVd0VXxWgXZVVbxK7q\1QVBYQUUFRQQUIhIjBzhyE2OmRwzkzl6+q6qz++P7rlnujuTSWYyeT8fj0nl011ddx9V7\p8Pm86bi13v7iVvz65mSPecCRu7SJWXF3FE799lNXbX+LZLYATYvzM5bz5zWexIN49PTPlDbz7kjC\efTvbO06Fo\mre9cytZf\IzVPWe4H\a7jF3Wnj17DkwD8rJfxGrGEy6e4Ox65Ef8z4bDed9HzmUKgJelpb2Cu9TsMNXxKEHbAgy+6+L6Bst2cByHwsMe2WR7j+a1IsTHRQlYYHwX1zVYjoPjWGDAsnyyLe2Fe+SqahgfcvByLbT3uYOqsPxe97jdC0UkXkO0MAM818UzNk4wgGNRaIqrvdgPUyTOuGgA3DStid53Mkbi44gGrB7z7jldDzfv4VsOgYCDbRm8XJL2XhcSQngv3sVPV8IpH3wfJzllmlgRERERERGRCgSo3vkI3\NutLNLEYncvRpF\GmE6YQwOBlk7TvU7vPMWrGh7H7nD\a0RpqIg6W8fH8AS6TGJdMIkUOCFbVUBVysAY4pywZBhXPXf0+58bd0\Nx8+6g07MjcWqiASxM4RzZtwgEAwPPtzgvk0\S1jFwncFwVS3RkF2Yr+vid51z9z437t42Hvm8B06AgGNjGZd0e4LhqcdvxS4AACAASURBVJC5mYd+\Ce2lh+xpNrjL+edgyQihesPBjfdSteuL24nCzC9jonOax4DXa+IsuvJH\DApnlcdM0FzEokBz+G7Rg1tWEcfHIdbQx+30L3NRYv20Z7yh9gf4MTCODYVq9rIpWN1\saS+\93ecaCwFiNXHCDhjfw3U9sAMEAjYYg2XRvQ336npMgOraOEHb4OfzuJ5LMr2PVfgOgM7t6239Ez\55WraCHP4G6\m0sUx3HSCRGaIbaB3HRuAnyfR1tH\OOpxfPoDvJf7HtP9jwWD1fV+9ci0t5P2qeA6XZ\3yQA6r0ca32Ogj0wwuJkEqVz\91LFyxmNMy4SKH72uLi5FJnB3kOROMEX7uYHj7dw1IVXcmbP3MyOEK+JErAMvufiej3eIwN11dbwJHc8+Crjz\4EK45Nl9wO++TV3\HjJ+t7PDCH869\J4sGGrftL\z0\63s0Reow9w3fJBz+\bp3UuQWE0VYafQHIUxPr5vAAvbtrEswBSbL+\8IN+rY6N7+sb38Nye34fg59MkOorbdtND\PiRrcw5\3OsWFS8zssg12P3Ztzi8nZ\fhePN1zSrX2u4Xa+n3pcLw\EaqgOO72+V51gAGfLH\jPX75A5KT38M7jyzU7bBOuihe+T+m8Tu5jsHECDk7xenvP3y+BqhriIafHNW8LOxAgYFv4vsG2e3x2lvic3av3SMVsovEaItkXufenf2Bj8FjevuLUveqVe+9mN4RcYojHaf8sgD6fAb2P6cL3X2Fci+7fWiV\T\Rc1mCMmqowjmXwi10+dP2Gwi9+h\i9X9+1DazC8WOBwcLye+Q8+2W\y0hwnEKw99xzzw37tJcsWQKoBvBBL9Xegl\8Ud2TGehLYTB+lo42l3AsRjjkYAeCXX2NG+Pj5XNkUn3b+s+QSFpUR8MEnQDBEIWTiEySfKCK6D4fWT6ZRDt+NEYkHMAJhgo\io3By2dJd6SHWKO2c7pVRMMOgVDhTWaMRz6TpqNvUxX+Np55qRlmvp6Tx+VJD0fLViIiIiIiIoc8F3f2DKawjvq+T9kBJk49mmNOO5WT5tUWLlwYj2yqg9SAndDtu3DQwQKwbJyBapEaQ2eXePlkBym\img40H1O6Xvk0kmSQ6gB03t6oR7T6+g1PT+ToN1UUR0J4gSCOBTPZdPJ\s3POlYhNDKDNxibTSYwnfMNFudrPPKZDKke58Z+uoMUhfGCIQcwGC9HKplkKBV+BjaN6ZNga+O+TCPMlJmTYG9u287k8SIBApbBG7Ct7AGkVrF6o0vV0UtZ4KdLNkcZiBb2E16e0i1jZsi5YQJBGycYJUASN5Og3Y9SFQ137e\CNZFMr2sifkXjFa6FmKpqIkG7x\728XIZkslsjz4bXVIdKazqCEHHKexzY\ByKToIUxuyGRqXVDZPPBLEDoYIBWzcdLZkn8ujgZ9J0E6cmtnn8pFrT6XNDVNb5eBmkkMPfwH8HL4fxrHB93ID30SQcbuOT98r3xOtn0mQMFVURbs\I6Dw2vSwvl+7WbYzSO19gxnkUKl4OdMZcsEqwsXj0DYlQo5MnsiJJzN\5X2sX7OBM6cf0XOGJBJQXRUh4AQpfIwVjulkMtuvq7YNa9aTqlrExcc75PbndcCFi5n3TD2bim+C8BHHMKe1lYEr4x7LcTNX8vj2YjE6n2PnU6ZD7Typ9nbcaIxIKIBt9\h+MwbfzZNJJckO+TAuNM9uqqOEA32vsWZIpXP9tq1xU+T8KMHidd5Br8fu5bhDsudv\O9PXsKb\2Y+dvHC7u9V32XN6rVkqWLB3PEwUCsavfhkk224boxYOIRjF6+TQ2E7e3lymRTpHr9f3GQHKaqJBp2ua97G98ilkiTtGOMiAWw7Qtnvs715j1TMJ53MEKhZxKX\soBkh0uugs+foc9uKLnE3siTak\gVVURCXYfpxS\zp6fQZ0jxsNFr\KO6bTEfp33iZJNlgDZGAQygaJZNP4+dTtCcN1dEwASdAsPAFjfHyZPocE2QSJK1qouHC52IhanHJJPMEqqK9Q7z9st9lrFIN4DEkEh9H1PH63+Ekey21\ime3JQgu2cruxJh5r\lWi6c1cYgN06LiIiIiIjI3orW4G\8O+syYcIAVVM4fEYdtfFw9zjGx8v3Dahk7IlRU9XKxtUvsLa+be9DwarJzD96McdND1V+M\xe2vXcn\jnriztuxpozU3klA+8n2WBdlL7v0taGQWcSJx4Z63Vfq3HyWgQrKrFeulX\OiRNo679DJOqqx98d5an+VX975I7Rv\hcsW5mhLlkxY901VDeNpYt3qTTRXTefoY2YSaevb4kBRqJraaIptL71MQ3Ii85bOp85vob1cNjlaFGv1zn7Dhzi\ZK3lvRx3nzTxt7t\zQvtEJ98VHe\vRvWs3VPjvBhb+Kqtx9BvmO036ayn3TWXh2oNrWIDAvVABYZITErRf22rXjEmH7q23nbfJfE8HaUIiIiIiIicmhzfcYfcwqn9HvCFJrey+VIpxX8Hho8\MAU5i8\l\lDnobBywxDv5CDCLstbN3SCk4tCy+4nDNqc7SqlbBDhpdJ0O4GCVg+ubw+lUajfDpHzZKLOHft7Tz2zAYWn3dEV03CyuR49ekXSM96I1cucsi178fwFyDn4lVNYf7yKUChKfZBuxvOZXGjtcw57pRCH8HGYz9+3B0awnM5\4PvZfIffs\TG7v77XVidSw4+wIuPGkKpFuH2ALlGJBP0d6eI+iYQ3cbiIwBqgEsMoBgLE40YGHZxf4lMu20p3Vbr4iIiIiIyPCxCcdiBC2DATAeedfFzbn9mo2UQ4ATJhYJEXCs8uP2ZXxcN0dmgCZHh0ukqoaQQ\E6gU8+qVbCREabYFUt1SGG\v4MVVNbFcTkErTvz9q\nZwwsUgQ23jkMmWaubVDRCMhHMsnn0ntQ9PNI6BEn637NO4+6e57faB+e3v3jS4iMvxUA1hkhOSxqHYKfRv5+QwdCn9FRERERESGmU821THq+wCVA8TLkkqO3qPBWBaOYwMGL5tS+CsyCuWTKbJOFaFIjEAuVbqL3H4CxCJBLC9L6kCEv7B3n3t+jnRKHzzDJ0MiYaiqihDs1W+vj5dLq+sJERkTFACLDCTVTsuAnW6IiIiIiIiIyKEm2zGEvolF5ADLk2pvHbgf3bJcUu0tQ3ytlJRsp6XS2rx7M+6+8rIk2\XJLiJjlz3SCyAiIiIiIiIiIiIiIiIiIsNDAbCIiIiIiIiIiIiIiIiIyBihAFhEREREREREREREREREZIxQACwiIiIiIiIiIiIiIiIiMkYoABYRERERERERERERERERGSMUAIuIiIiIiIiIiIiIiIiIjBEKgEVERERERERERERERERExggFwCIiIiIiIiIiIiIiIiIiY4QCYBERERERERERERERERGRMUIBsIiIiIiIiIiIiIiIiIjIGKEAWERERERERERERERERERkjFAALCIiIiIiIiIiIiIiIiIyRigAFhEREREREREREREREREZIxQAi4iIiIiIiIiIiIiIiIiMEQqARURERERERERERERERETGCAXAIiIiIiIiIiIiIiIiIiJjhAJgEREREREREREREREREZExQgGwiIiIiIiIiIiIiIiIiMgYoQBYRERERERERERERERERGSMUAAsIiIiIiIiIiIiIiIiIjJGKAAWERERERERERERERERERkjAh0dHSO9DCIiIiIiIiIiIiIiIiIiY15tbe1+n0dg1qxZ+30mIiIiIiIiIiIiIiIiIiKHuvb29v0+DzUBLSIiIiIiIiIiIiIiIiIyRigAFhEREREREREREREREREZIxQAi4iIiIiIiIiIiIiIiIiMEQqARURERERERERERERERETGCAXAIiIiIiIiIiIiIiIiIiJjhAJgEREREREREREREREREZExQgGwiIiIiIiIiIiIiIiIiMgYoQBYRERERERERERERERERGSMUAAsIiIiIiIiIiIiIiIiIjJGKAAWERERERERERERERERERkjFACLiIiIiIiIiIiIiIiIiIwRCoBFRERERERERERERERERMYIBcAiIiIiIiIiIiIiIiIiImOEAmARERERERERERERERERkTFCAbCIiIiIiIiIiIiIiIiIyBihAFhEREREREREREREREREZIxQACwiIiIiIiIiIiIiIiIiMkYoABYRERERERERERERERERGSMUAIuIiIiIiIiIiIiIiIiIjBEKgEVERERERERERERERERExggFwCIiIiIiIiIiIiIiIiIiY4QCYBERERERERERERERERGRMUIBsIiIiIiIiIiIiIiIiIjIGKEAWERERERERERERERERERkjFAALCIiIiIiIiIiIiIiIiIyRigAFhEREREREREREREREREZIxQAi4iIiIiIiIiIiIiIiIiMEQqARURERERERERERERERETGCAXAIiIiInJQ8H0z0osgIiIiIiIiIiIy6gVGegFERMa6Ntcn7cGUsI010gsjInKQyeddmlvbaUskyWSzRMIhUunsSC+WiIiIjGFuqo2JEyeM9GLIAWBZFsFgkFgsxrhx47Dtg6OuzO23387dd9\Ntm3b8DxvpBdHRET2M8dxmDVrFitWrODqq68e6cWRg4RljFFVChGR\eyRpiyTQw5HxwMElAKLiFSkpS1B\c5GauPVTBxfSywaHulFEhERkUPAQw89xLJly0Z6MeQAMMbgeR65XI58Pk9dXR3V1dUjvViD2rp1K1dccQUdHR3E43FCoRCWVbjIYFkWPS\zqqyyyiqrPHbKvu+TzWbp6Oigurqam2++meXLlyMHr\b2dgCee+65YZ\2kiVLADUBLSJyQCysDvBQY5anW3J4uu1GRKSslrYE2xp2c9isacyaPlnhr4iIiBxQxpiuP5XHbhkgEAgQjUaJRqPs3r2bZDJZ0TEyEq644gra2tqoq6sjHA53hb9Ar7BAZZVVVlnlsVW2LItIJEJdXR1tbW185jOfQaQcBcAiIgfA1LDD0dUBbtuS5p4dGZQBi4gMLu+61O9sYt6c6VTHoiO9OCIiInKI6hmuqTz2y6FQiOrqahobG\F9n9Hm9ttvJ5FIMHny5BEPzlVWWWWVVR658pQpU0gkEtx+++2IlKIAWESkj6xvaHUNu7I+rXlDxjP7HNg6Fpw1McSCqgA\fC3F51\pYEvaw1USLCLST3NLO7XxKoW\IiIiMqJ6XnTV8NAYBgIBAoEAra2tjDZ33313r+apO5dbZZVVVlnlQ69cXV3N3XffjUgpgZFeABGR0WRb2uPO+gx\3ZOjNW+IOhanjQ+yYkaE+VUB7H3ovzcesHjPzAg7Mh5P7cmxKeVx0ZQQy8cHmRsLEFTfwCIiALQlksyaPnmkF0NEREREDkGhUIhUKsWECRNGelF62bZtGzNmzOgXBIiIyKEnFAqxbdu2kV4MGeUUAIuIFKU9w3c3pXi2Nd\1WMozPNqcI+UZPjWvimmRfWs4YV7M4ZPzYnxnY4p1HS4\3ZrmsaYci2uCnDwuyLE1AWoDSoJF5NDl+4ZMNkssoj5\RUREZOQoZDt02bZNPp8vP+IB5nlev2arRUTk0GRZFp7njfRiyCinAFhEpOipljyrWvuf5PkGVrW5vNzhMjUSYl9PtxZWB7jhyCpu2Zjk+XaX9UmPjSmPx5pyTApZLKoJsmx8kGPiAWoUBovIIca2LSLh0EgvhoiIiAiWZWGM0fAQG9q2PWpvABityyUiIiKjjwJgEZGivzbnBu3rN+sbXmjPc8aEIKF9aQe66IiYw1cXVPPD11I80Zwn6xv25H325GFt0uOeHRmCFhxeFeDYeICF1Q5HVgWYHLYJ2mBR\LOs7v8DlsU+B9QiIiMtlc6O9CKIiIjIIa4zaNPw0ByKiIiIHOwUAIuIAJ6BbRl\0AAYYHvGxxvGc8FJIZvrD69iUU2O3+3Ksjntke4xg5yBVzpcXulwux4L2RZ1IYuJIZsax6I6YFMTsIgHLKoDFjUBi5hjEbQsHAvszj8KZQvoV6nYAqc47MsCnB5NTNmAY0GgOP2AVVimsG11BdMiIiIiIiIHu86mdjU8NIejlQJqERERqZQCYBERCv3\ZvzSJ1LtrsEf5vlGHYu3TQ2zbFyAv+7Js7IlzwvtLulBliXnGxoyhoZM+SVxrEJ4G7AK\w9aFpYFoT7ns1Yx0B3oNNcCgj26PbYti2Ax9A1aEHYgattUORbjghaTwjaTQzazow5TwzbO6D53FhERERERGZCCNhERERE5mCkAFhGh0MSz50Opc\yUa0o+vy+mRxwumebw+roQW1IeT7Xk+UtzjoYytZJLcQ24GLobUt2\FzAcCyKORcwu1EieXx3gkmlhjq4OMAytZouIiIiIiIgc0nRjgoiIiFRKAbCICIVotNxp1HDX\u3LsQrNQk8K2Zw4LsjHD4vxaofLk805\rInz7a0V1hO073Mo4lnIOkakhgac7Ap5fFYU45\m1\FOXWhkV48ERERERGRiiloExEREZGDmQLgQ4hrirUcTWe\nhCxrQNaM88AGc+QN919kYYdC7vcC4dJ1jfk\UKQZwEhG8IHcAMYIO8bsn7h\xYUm9EduPnd4eAayHoGr1h2ejTfO5wMheaJc8V16zy+RqIJYN9Axje4BsIHeB8Pp4AFx8YDHBsP8LHDoDHrsyHl8VrKY1vGoyHjk3QN2eIxlfcL7628Kay7ZwphsQF8YyoKjIezj2MoHBM\2JxSACwiIiIiIgcdy7Iwxmh4CA5HK9\3ey1f3+VVWWWVVVb50CmLlKMAeIxrdw2vdri8lvJozPm0uYa8b7AohGLjgjZTwzbzYg5HVjtEhhCUpTzDppRHyjOMC9gcXmXj9PmxnHANLyZcNiRddmUNKc\HwiLiWIwPWsyKOBxV7TAr6gxrYOgbqM94rE96bMv47Mn5JD2DZwyOZVHlWNSFbOZEbRZUB5gctvc6iHUNbEx6tLk+IdtiTtRmfLB3pJ03sKbdZX3SZWfWpy3v4wM2FjHHYkLIYlbUYUGVw\TIvm0DQyEoXJ\02JrxaMr6JFxD3hgsLII2VDsWE0M20yM2c2MOM\dhni05w0s9jrGOYj+5IRsmBAvb9tiaIDMjvbeJZ2BH1mNn1scCZkYcpoRL3wqwLe2xK1uohzslbDMz6vTaX76BdUmP1W15tqY9sj6MD1osrQ1wQm2Q6CArmfUN7W7huCj11ekaQ0vex2AX+sE9gDcvAEwK20wK25wyPggU9nXCNbTnfRKeIeka0r4h7dEVCncGv3lT+H9pFrli38OuKYS3GR9Snk973tDmGppzPo05f6+C4rA6AhYRERERkYNQ58VVDQ\N4Wg2GoIHlVVWWWWVR74sUooC4DGq1TX8dmeWv+zJsSvr05I35Pz+4ZYFhQAyaDMzavPmySFePzFEsMIg+IV2lx9vTbMz65P3DRHH4oiYw78cFmNaxMYAT+\Jc2d9hm0Zj5acT77PQthAPGAxOVxo9vayaRGmR\Y9Vlvb4fHrnRleSrg05wxt7sChVcCCccFCs7vLxwe5ZFqYSaHK5r8t7fHDLWk2JT0yvsGxYHzQ5i1Tw1wwOYxjFZrB\fHWNOs6CsuRHWA\2BbUBmwmF8O9y6eHGRfc+23QnPO5b2eWlS15dmV92lyf3CDtFoeK\bROCFocFw9wybQIh1c5FQfgCdfw0O4cf2zKsiPj05ofYN9aEHcspoRtzp0U5m1Tw8QDFsbAz7eneawpR6K4UyYEbS6cEuaCyaF+NXYzvuEnW9P8rSVPh1sYvzpgsWx8kPfMiFIbtHCN4Y76DH\YlWNH1idbDDJtC\7YaPPO6RGumBHpCrpTnuHx5hwrW1x2Zz0yPuzOlQ6Ad2UNX1ybJGgVajjHAhZHxgJcPDXEzIhT4ZYbPhZQE7CoCQz\vP1iDWLXGHLF1gOyniHlQavr81LC5S\NOdYlPdwSG80C3jY1POzLJyIiIiIiInKo6RlOG2NUVllllVVWWWRQCoDHGAOsas1z04YkW9N+2SZfDcU+O12PbWmPZ1ry\KY2x2ePiDEnWjpUeiXh8eW1HTRkeieMryU9mnI+3zqqmgd35\jJlnRXGDcQH2jLG9ryHhs6PB7dnePrC6tYXBOsaJ37SnmGO7ZnuGN7ZsDQuy\XQFPWpynr82rC5Xe7snz28CpOnxgsWbuzMedz47okL7S7vR6vT\tsTnq4PhxR5XDDKx3sHiyFLfINtOR8WnI+6xIuD+3K8h\HxpkXqzzYe7I5zzfXd9Car6yp35xnaPYMzVnY0OHx+905rp0b45Jp5cO6HRmfb61P8mxrvmS\uL6BNr+wbzcmU2zocPnkvBj37sjy31vTvZZzR9rntaSHA1w0JdzVNLln4D82pnlgZ6bfem1KeiRdw0fnxLh5Y5I\Neb6jeObQo3o215LsajGYXFNkJRnuHljiod3Z0uGl31lPcOrid77e2Vznvt3Zrjp6DiLa8bOR6ptFf6CWEQBet0a4HDyuCDvmRnlkcYcX1\X0S\873TCuADnTVYALCIiIiIiBxddWJXRzJjRVQNNZZVVVlnlkSmLlDJ20goh4xl+uyvLT7dmaMmXDhwH4xt4tjXP51\p4OOHxTh1fHDAPoLTnuG+nRl2Zgeez9oOj+tf6Sg2w1v5SZMBdud8PvZCgusOr+LNk0ODNts7kE0pj9u3pHmiOTekvkwNsDvr8\X1HbwnHeXt08LEBpi\b+CPu3Os6\D6TwRIeoY76zPYxfXZ22XYmfX5xJoENy6oZnFNoGQ\zW15wy8bMvx8e4b8XmzrvvPMeIbvbEjiG7h0enjAmsAGeDXh8pV1SV5LDbzug\EM\LExR9KHv7f0D2qhsN3u25ll2fggU4vNQf+jLc\fBhnfM\BEc551HQnWJ72Swbdn4CdbM9x6bJBnWvM8vSe\V+HvYAzQnjfcVZ9hQXXVkJpRPxhZFGrPnz85hKGKr6xN9nt+XpXD1bNj1AQOjW0iIiIiIiJyUHOzJLMQrgrrguEo1bPWl4b7cehl6UhlcPte0rMDRGJVhJ1RspwaaqjhIT0UKUe\58aIjF9o\vaO7RlSQ0k++9iY9Lh5Y5Jr5sY4py7U7\ldWZ9NKW\QkDXlmX41Y\dG3sBtr6XwMVw0JVxRqLYu6fHdjUmea3MrqgFbSmu+0ORw0jN8YFaUvq0xd3iGDUmPdInAdVt67wLSvnZnfX6yNc3nj4gxa5Da2O2u4Wfb09y3I9vVd+u+urM+zekTgkwboBnuf7Tm+fr6ZL9a35UywF+acyXHWdfhsjvrdwXA6zs8mkvUam7O+TRXGLK\knDxDGxP+8W+fIeHofCe2J31mV2m5vxYdHxtsN+2nBGx+dCcGMfVBPa6X20RERERERE5EFySW57nib89x4Ydbb3DrmAt045cwmmnLWZ2XJcP5dCy9PP3cPNb59K\PbMsm+77NO+++Z8jsFQiIiJ7R7\gxgAfuKs+w8+2ZcgMUwgIUJ\xuXljiirHYvn43s0xp31D0qusqeGhancLTTnPjDgsHx8sGSJtTnl8dV3HoDVyhyJZbEo6bFu8d1ak1\xzB2D9DYU+lv+6J887pjsMVInygZ1Z7tuZpWMYQv9O7a5hQ8rrFwBvSHr8aEuahszwBacDyRvY06MGe4c3cP\VQ1EdsDAU+rUdWoQ9ONeYQZtBHuv+3tr7potJIZvPHlHFSeOC7EUFfhERERERETlQkpt57J7f8tyeQW7ez7ex4+UnuPflp5iw+CLe8fq5VJXqJ0sOCNX6OjDmz6obIPwFCDPvuHPxzOqS3caJiIiMBgqAx4CVe3L8qj5LZhhDwE5NWZ\vbUpx2LHxrhqZAMYU\vZnEmiAhrTPf29Jc3R1gNrgwElSwjX8x8YU6xLDF\52yniGO7enObLK4bQJ3SG4odAM9H5NQovzf6o5z7mTQtSFev+0fLXD5UevpdjLFqbLMoZ+tYnTnuH+HVnWtLsciHONnoey33msDYNTxxcCyXEBm6AFQ2wpfUAx26L2EGzqOOUZbtuc7HovTIvYfO+YOIdVOar5KyIiIiIiB60xHbQ1P8Odv3ia3RU13Oay5\n7+OnOU3nXimVMUOolh4B19c3kTojTv01EYMpULm1v53+GY0aWQyRWRejQa0xOAPw8qQ6fcE0YHQIisj8oAD7INeV8fr0jS9Nwp4A9bEl73NOQ4cNzYoRG4If+c+0uD+7K8q6ZkX7P5Q3ctzPLcxU0N+1YMCFkE3csHAuyPrTkfRJlOoJtLfaxu6Da6RfCVirmWEwM2UTsQk6W8gxNOVNRs80vd7i05g09W+JOuIYvvpoc9vAXIGJbHNajGWMDrEm4PNo0tH6VR4OQDQuqA1w1J4YFHBUPsKAqwEuJfW8uHCDiWJw0PsjEkXiDjKCkZ\jephRNOYNjwVHVAT59REzhr4iIiIiIyGiV3cBv7+kf\gamLODYBUdw1AyoX7uBtWvWsrtHD07urqe5+w8T+eAFRwxSM1IOhDF9Y8Iosupbl3PWt3o+8q\8YuXFzAWIL+Mza9bwmWGZU5bN93+aK779jwrGNfhujmwuj+v6GGycYIBgMExoryokeGTbk2QJU9UneDRujhxBwqO9goOXI5nME6gq9Me89wxupoO0iVAVDR7g2twG382Ty+dxL7+dpz83iT8e91ZuDAQJhUMDtgDZ\brh2P\7Nj3j5sjm87h5Dx8LOxAgGAoTCti6FigyCikAPoj5Bla1uvyzwj5v4wGLOVGHeMDCpxB+bk55ZWtB5nz46548Z9e5HNOj35e9qQBrATVBi1kRh9qghetDU95ne9onW0EIesf2DOdODjG5T8D2Wsrj4d3Zsv0eTwzZnF0X4py6EPOrHaK2xe6sz6q2PL\fleX5dpdSOfCadpe\teR58+QwPbsjrmT9Z0cdLpse5rQJQaaGbTwDW9M+LgflogAAIABJREFUf9id5Xe7c+wpk+K2u4YdGZ8jqrp\0fxmV5YtKa+i+Ydti5lRm4khm5AFba6hIePTkvP7NYNsAedMCnFYrHteroE\7M7RWEHabFswNWwzLWwTcSzSXmFeO7P7llQP9fSmOmAxvyrA4hqHC6aGGV+sRT6\yuGqOVEe2JllU8qjJe+T8Sjb1LRFIUwO2oWbCGK2xaSwzUnjg7xjeuSQ+qHTWSv8T42FKwKnTQjywdlRFsbV56+IiIiIiBz8jDFYljXGhjnW\P63bEj3WNH4sVzykRWcNLH7es+SxWdwwWUue\5+N7fdv4ZE8ZQ+u+633Df9alYcXz1K1mf\DUV6+wcNzRczd+JwTzdMzcRKJmpwJ7+Oj3\mQ1xy8jzixbswsokmNv35\GVrz7A1oqrEX+R\3vpYuaymd+ccgWdObfJz+HCf\smV9Q9yLs+fdcQ1uVA8ai75g4ef\dCdjx4DZd\Y9UQpnEx33vkC5xqP8N3P3At9+48UBGwT77udVz9ifdxybJ51BV35CXPPcsbmzbx5H9\hS\dt3WAUHs49\Qp+fn53Dxv32ZD7++e9nJJtj09\jxzf9gD83BtQ0usgoowD4IJbyDY8352grU4PVtmDZuEJANTtqE3MKAXAib3ilw+XO+gwbk6WbT34t5bGq1WV+dYDOlpj3JgBeNj7IO6dHmBW1qXIsPANtrs9zbS53bM+wo0xAuDvn8+DOLB+YHe16zDOwsiXPhmTpIHRK2OaDs6O8eXKIaI8OSWdEbWZEwyyqCfDjLWkea8oNGgK3u4an9uQ5fUKIcT2aoi63\uODNp+cF+OMid19GAeB+dUOM6JRApbFL+rL9928K+sVXwmNOZ\HmnIV9WF7RJXDFTMiLKh2qCk2e9zhGRpzPuuTHs+1uryYcNmT9xkXtLlgSoj3zIz26re1Mevz56Zc2XWNBywunBLm7LoQk0MWIdsi6xuac4a\7MlzV32morC\r71taTtoweFVAU6dEOT4mgCzog5TwoXl6eRYhcDyqGqHnVmfDrewTX6wOc3uEkH35HBhf1YXa5GHbYtxQYuZ0YH7aB6rPAOPN+e4sz5Dh2e4dHqEK2dGmBHRzzwRGX2aX36C+x55hpcbOgo3vQUiTJ25mPPeeR4nThylP4XX3M01P3+Zxe+5kauOHemFEREROTR1hoBjarjlSZ58rcdKVh3LldddybFRwPdwPRfXAycQIBAIMOHkK7mu6g6+879r6MyMd6xcyebF5zLXHgXrsx+Ho5VqAI+Uh9nS\FVOG\YAOMGm5x8u2\WZyZ\PV279Vy6YXQzdcjlyhAjH61h48Q38ZP48vvDu7\FshRmg1fmv6a4IcckPbuezy+IkVo3u48xb+nm+d9lCwjse5\tff3aIlUZ+w3V3vJE\fWIZH\r8ZTxxzT3sPgCXtMzUy\jBTz7NsrriAx4UqmCHiU9ZyAX\+nMWLvws7\z3v\eumT3M+39I0\MW88Ef38yHlsZ7vSYUjjPvjPfx1SPnMekjn+WenaP7M1TkUKOr9QexhGtY2ZIvO96p44N87ogYZ04MMjfmMKVYQ3N+tcNFU8Jcf3iM2dHSh4JbDFvTxZq2e\PletK4IN9eWM0ZxflPDttMi9gcVR3gHdMjfHlBVUXh2e93Z3s1mZw3hod3Z0vW3A3bFm+ZGuYtU8O9wt+eDos5fOSwKEdWDX4R2ACr2vK09KguXck2eENdiBPHDVwjssqxePOUEHNi5d+GHT3y+ZcSHtvT5ePfxTUBbjuuhoumhDmqOsD0iM2ksM3cmMPJ44KsmB7hxqOq+OUJtfxh2Th+dUItH50T7aol2+mPjTnay9xkELIt3j4tzMcPi7K0NsDMaGE\z4o6LKkN8OE5Ea6dG93vTYgvqHb4r+Pi\GhRnA\NjnLqhCCzonav8LeniSGbY+IBlo0Psmx8cNBjpFPMsThlfJBTJxTGX1Ib4LDYoRX+AvyzPc9NG1O05A0fPyzGJ+dFFf6KyKi085Hb+Mr\PMrzjUFmHr2IE5cuYvHMKM1bn+FnN93Cz9ZkRnoRRUREZJQyxoy5v63r1pPtWsMoJ624kmMjHpn2ZnbubqSpuYXW1haamxrZtbOZ9oxH5Jgref\pE7o3THYD67eN\Lrs7z+Rvp7eVr8fptrEjjvKjeOx4r8+XQjrcg08\p23s\zMMznzzLfz5bteJAHEj3o7n\r88RVer\0mK5YvZ\nyFXyzx6NDa0r5ADOTuebaC5gXzvHibz\P0\syrbu+yW\X5Ygv+xA3vLOiDtH3keHyGz5UCH9zDTz+3few\NZnSbCZB975Ze5dlwPCzHvTR7l2Ws\XDff+H8r0DMd\nO8d2kcSPDiHdcVX7Oc93z3cRpyEJ56Jh\63ApKVzETkQNNV+wPYqta8yTyBmMY9G9a2ObdMyPMig7cJ6dtwQnjglwxI0qVY5Wc1pp2t3d\uSXG7fybEbb52lFVVAesAefvWIWA+HNHVGFTelp7coZXeiSh29I+rya8kq+ZFLJ4+9RwyYDOAuZEHd48OYRTYhmas4b1PWpKmzLLG7Etjq8NECsRKs6JOYX+divYlgA+sDbhsifnl93v\za\igkhi0GyTxwLoo5FbbDQP\G4oDVgUPpoY67ssi2ucbhqdnTQADVkW7xpcpjzJoWxymw3M0CV30rGP3lckJ8uruHEcUHiAYvgED7dyu3TQ\0c0DOFZueve7GDABafnBvl8hlhwoMdZCIiIyn3Avc\sgOmn8MNX\0U173nUt674lKu+tinuOWGS1kc7mDVb59g+0gvp4iIiMgBsYddO7vjXyadwRlHuKRbG2lNDVS5IE+qtZHWtMusZScyuevxDPUNe\b\4sqARjoYP5T\nn25gcRw79CG13i43LynfYbzTy7Uulx7\8f53P\VF5+r56H\vIp\e7QBCDPvrCu40K9kXVwybW20tWVwe5QznZc8vQxtbW20Zdw+r\Px8hnSyQ4SbW20tSXoSKbJ5D38MvPw3SzpjkRhuokOkpkcXuey+i7ZdJKORHGaqTQ51x9w2d03fYY3HxWGbX\mRz\t\7zvZkmnOpevjURHknQmhzvgdqnne79cRTNxlq34d0729vcxdAmnHlHYj5sf\jif+9Xa7suf2x7ipn\9DWs9ILyQsz+8dP\t\6FMz7+QK86aRxhofvr7XHXrU13TW\urz\Hx\32RHBA\+Xw+M23k36uH0p9IOaO03TupxD\byt+ddPK4IMfXBkuOYwGvrwvy250OaxKDTzPlGdZ2uMyIhCpaPseCS6ZHGF9BEnfR1DD378iWnH\Wh\UdHotrCoftU3vyZe9smhiy6fAMHany9x9NDtvYllUy5Xsl4fLGSZWtf13IZnK49LrbwDHxAI80Dt78dE+JvGF7xqNUl8cBC94+Lcz0YaiRmXANaztKbzvbgqtmx0oG3QC1QYuz60I805Jn1z72CdzX5LDNp+bFytbglaFzDTy9J8e3N6SYGLa5anaUcycFB61dLSIy4lpbaPZh6rFHM7XvV2J8Eeec+BDPP7WVTS0wc3zxcb+DdY\dzy+eWEdzFgiPZ+7Sc3jvWxYxsec0Wl7gnrue4NntjaRdwA5QM30Rb3v3Wzmxc1pr7uaanzdy3hWLWPd\j7I5H2DqWe\nhjfNAr+FVQ\cy4Ort5WeT24HT95xL\evaSTvB4jOXMRlPechIiIi+83Yu7DaTFNTj+LUyYxP7aEpU3o9M617SNZNZ7oNu4un8q3tzRijHyRyiLljB03XQHwYJ5loeJFyPdiaSxez0AFSL\D0dxv6Pf\0D1+k\pzpzKhbyOvPhwcfLjfXL3HfK29hLpt5YNkKvtlVLogvu55XXrkeXnuAZe8s1hE2HrnJZ3Pt9R\m0mWHd\UZSzbBxmfu5f995\s8tjvUo0u5zmlu4r4ln2PNjf\OJ8\rfl2i\m\c+72v84M\NzDp4hu55UNnsXBKccsmmnjuwZu44buP09SrVvIUPrviTOqAtSt\1G+7ednZvOXGG\loz\5pvSyJLf\kj3ffwjfu29K\ssiDd7Lqfady3qwz+OD7PZ752f6sBn0Uk8YDJGhcXw99q0ptv4m1r13Kglk5IhMWAf8Ahn\D2l657+ehXUA9bxw12\6vabhx3\m+cuO46T4QhZfauD7ulYoMlooAD6Ire8o3fctwDmTQlSSidWFbJaMC\BiiQAWYEPS4+xiPwUDVNTsZWLI5th4oKLmcQMWvK4uVHL+Od9Qn+kOI19sd8uu\+aUz5fXJssvQHH6eWNKTnN7pndwWWrceMAiXsHKT4\YWJZV8uSy85lC\72ll3FSuLDdhyOY25LyyJc56Z0VsVlSW9lHyTFxh6lhm51lAmDT5\l9vPy8cFhCbz7zlsKfFNoceC\NqeZFrH5+GExFtcEBq1dLiIyKtRNY24UVq5Zzbpl5zG\z5WauRddz60X9Xykkcf+6zbua4gwd9l5XDg3TvvmZ3j0mXv5ypYWbrj2rEKQnF7Nj759Py9VzeLMN13K3LhL86vP8Ojq1fzs+1Dzpbcy3+6e5sN3P8X8M97Ke2saSc2ZBX4jD3\Vh5sCDB10TlccWyc9jVP8fDKe\l2NsI3Vsyn89a95391O5tnnsCFK84iWr+aB\+ymp\9KMrUfz2Pmft7+4mIiEjXufrYGEb6NAPokkn4FaynR0cmSHUcaOvcMJExuH16D0ersXdjwsHkWRqaL2buMPYD3LDujlL1UAC45PAZhf80N\DAQNctt71KQ+I8ZsTrmH6Cj3mo3PHbPQVjDIYcuVSOXDhEyAG8HLkskM4VjzeDu+w6fvHNK1jYeU6Vy5FzIRSLc\iZ7+c7xy\nFzdcyX\+zekzjxoW\foO3jYvXJhuCkKxEPEZy3n\124i\OM2LrpmOXEgl8pBOEQoXseSy2\k+6FPcPm3V3cv9okf4bSjAG8tq26u770d\GV84dc38\Z5Pfq0dYFwmPi85VzyhZ9y+OQruPrHu\rErs\ywNp6zps1g8Vnf5Yp\NddpbZekO3lqZWmDsuzryTzifzv78jVOzq0BT369cvP5mv93nVcO\oUzPLJlOHUCigReeGei69B00NF8LcZgx\3KMuavs1hCRA0NNQB\Eeoahg1lUU3nGf1y8\Lg7MpXX3JwWsZkYquxHswUcHXdKhtWegaZc9\w3V1CrtzXv82K7W9Hf2g4Pv8yPrp59AJcTcayKmsatDtgDNo89kLRnaMuXXsjJYZspwxSGVlJTd3FtsOI+cCeECv0\D\ep1Pxqp2wN5HIqCZoPVVvTHt\dmOKwmMNXF1RzfK3CXxE5CNjzedvlS5m48ylu\dq\cd23bucnv3uKVet3FGrt9pFf\TD3bY9z5keu47q3ncaJSxZx9tuu5hsfO42JDY9y\3OFFzU\9zKb7Elc+OGreccZizhxyVLOW\FRrj1rPCS3sbmp93RrTnk311ywlBPPOI8zZ0P+uYd5sAGOuex6brjyLE5ZspTzrryGa84Yj7t2Nat63rc2\0K++C8XcPaSRZxywfv46BnjoeVlntt\VyVERESkqGfzin2bWzw4yzGi0R4rmE3SVunrW3ayu637pdFobBSsz\4ti\T3MOsasuVHq1g9DSvLjzVjfDF1TTXRv74mwJ3UF89BJk2\cgjLcRPvft3p3La60MB1YvVtnP660zn9vTcVnvYu5D+\XAx\W1\kzi+9lZNPP53TX3c6b\3SnazanYP4Qq743LdZ1u8yYh2Hz7NoePwm3n1K52v+TD1AeCFXXLOc8LY\c9N7Ty7M87Iv8fA2gDCHL38HS3tMaenbFhVugt32Kvf0nc0Hr+aCeWHIbubhHst3+mVf4uHXckCcJW\9HBcPsPar\voazQBHLuIdw9tgYR\38PCLzQDUnXEDv\vJF3hH1AcMfjaP6w088+He\0OZ3vkTawoPZHM0DfgaeK2xcPzE6+YOMoaIjAQFwAexhFu6Dfgqh4pqoHaaHLJKTs8YQ8Lt\jIqN261w141yRtzLKL24NP1jSHrma6mkhP5gfuD2J9\XQGxKb\+DqaiYLTUOnedgBRPPjwDOa\0esds9jkM7VTuGDPGMC1c+bwsKN4UUGZ9eyoz\4BlqAkM3tfx3ii\w+9k8A9OcOX13awsNrh+iNizBimmwtERA6E6FFv5Ss3XsNVb1zEzGAjLz\xMD+7\Tau\8KN3PDfT7CuRydez69ZB+HxRFtfZtVzL3T\7XGpAV56eR0AE0+5ku988xrOm9x7XjPnTAPSpDK9H597+Kxe5XXr1oF9NKcsjfQe76JPccuXV3BKVfdji5cuped12sI8Wtg52Fm3iIiIDJu+tUAP\vIsZs\u8cCGV9mQLzV+d9nb+Arrejw3aeqkUbA++7c8Wvl+4ZqQhiMzvG\rMP4QTzTw\Mry860u9kSXaG8adLweR0gF69FZAcJAz8e7ptF7fO9Tl3FmHeDV89CN7+c\H6rven77H\6Dj974BzZ7wIwzuOoDXvF1PSpZrH2Aj3zml7xanF79Q9fz7Ibic96rPPCJ6\nlS8X5bfkDX\zLq4Xnps7gtK7l8DjvsEIbSImda9ned71mVBMG2Pky33twG57fY3o3P0UDkIvNYNExA2yP362lPgU481j0IW9YjpPBhvd\6kYe2JgDwsw84RKu\+hy4szgzPv+m\41JUsmZMk6\r7df8PZXoTYp1tdzfy0GDT7\mqUfJ+PRSGIuWoCeiDmGdKh1GV1D7tKVjB+KX6nu3LsfYulLOhbHPVhmIWakG2zPrvD1NClYdfrim\j4CyTSz35BtDuZ6fbcsatjs7KlmywF4eZ84wn1QFLKt\Hx4yLHZnfW7ZmGRpbZD3zY5Suxc3lIiIjBqhSSx+w6UsfgPgu6R3bmXlM4\y6DOPcustO7jq+hUsjjbSvBvIbuLhX2waeDpNjTQDnS2+5dMd7Nq+iZ07d\DS+k28tGEHAM3tpRamhe07gbppTKnku0u\1EVEREaMGYFrDvuXzfwFs2Ht1kLRX8+f\7SBOW86nHCpl\nb+fOTG3o8MJ3jFsYw2ZI\ekTGpIaXG0hcMGN4+gFuWMsd9OsJdtT52KJ5hf+s\xOffjjdf4Q\f4HVm97C3CPDzD3+HfD\V+vpzev\Q4N9F7PzS0JIA5bX+U72\pMb2c7CSDuhHps53cxY0rhf007+tX\hY7i3SxzzuDW71zNf\vvdz3j104AYfgyuu5+MTOJt6h\2XJB6hv+gCLZoeZseB84I+lNsc+eoqvr3gHD737A3zg4rNZPCtOyAlTN+94zpp3PGdd\gE2Pvh9\uUr99Okc0ERGQb6KDmIRWyLZIlEts31yRsIVvhLojVvygZ+kR5hX7kmc1OeIVeuTeUecgZSXulpOpaFU7xgGnOsss0hD6ewbXFWXairXG79PWMo30g1ZP3y0+p8zrEsglbpcbO+ITdMNwCF7PIhcOte7oOE61e8vp3\P5Cn3WPtFH+oUp7hj405TpkQ4rzJoV7vfRGRg5YdIDp9Hme\bR5nLLiXG\7nBR76WwuLX198fvI53PCZs5haahrpddzzg7t5cnfhlqxgvJqJE2dzytEBHnuh79WLvlzK3sklIiIio05n37AHdzlL9PgzOfZPd7CmmOFk1\+OX4+\nHeeMhl7oNd7jaz81a95qUfmEz3ubJZVuTT1aAl3dKzf8JZHq87l1HCEhnevpf66kziqs6vbfVC\7amK51vQv5nyrmHPsUyJ8frc2GKMKVa2Mb1qAHePfwKHTSzeInLk5ax+9vKBV6Y4Ss3UBb3mDwkaN5RqXr108+vdyzeXupri9DYPsH7f\T1PnbeA0ybWcPi5H+Eb536Eb2Tb2b7mnzzxxJ3ce\tTbIpECNj0fp0xQD3ZXOHxUHRime3nk08nSecH6Ds8UkV1sYZK6e1fz99\diPP\vxrmMt\yOOfnsfmp5qZcfwCJsZqOPwtn+W\8lu47N\2dUiZP\9Mhz7v\Lp9X3NQK8b6DUaHpihSCmqN3cQqwuX3n15H7ZU0E9up0r61J24FzVgm3J+xQGtARrSHtkSgbFtUWjqt1ietBfLsi8sYGbE4ZPzYpwxMVjx6zwDg3Tf0EvKKx+8dwo7UFWmFmZr3tC6F30VlzKhgm28IVn5leycDzszftm+lmVkGWBb2mdJbYALpoQV\orIQemlX93INdffwcrcwM8HZ0xjIuB6LjCemgnA7m1sHmT8run+9l6e3D2eM6++nlu+cyO3fOl6bvjYCi48Klr6hQBMYuZMoGkHu\p+Vb98L9d96VYe3FrBZERERGS\63Vhu88F74OznCFtHc0llx7bq4uJxr\fxW0\f4SXdrSR9Qrju5k2dqx5hDt+dBfPNvYY2V7Am9++ED+TGgXrs3\LIgP7Kw27hmEyXjNrn362olGbE4W7LULhweod9zhevTInM3vtKOLF7l9xwoRjg\x1BuIjdvPEHXziqi9yx1ObSXRugnANM084i3dd92PuW7OSu64\h8mDXC4t1EiGmknl+q99N7f\bS3r1q1j7do+wwe+XPqlvks2kyaVztN7MdrZeO0VnHfmJ7j\tSwQ5vCz3tPVX\Fw7\+hTG9ta7HFh1ANJwz2qs7PzcqjCBE5AFQD+CA2K+LwWrL0p+rKPXmOqCp\W5pn4G97cpT7jTsrWryTicJNSKXG35byqE\7LIyXb87EGPhbS77k9BzLYnKP0HtuzOH5ttLh4+kTQnxxQazM3EsL2xYTQnb\dSiz\nmfrv6KS0m6Bt+YstseIGpbjAvYZbf7lrTPURVs93JmRkrPC2BVq0uHa6iuoHngzSmXnRm\onXtUmY7lzsO90a5aR0qwbUxcHjM3uvmvUVERpP5R8yDVeu47xermX\lUib2+tWbYfPjq9lOhFNmTgLgxCXz+cWr63js8UZOeeOk7lF3Pso3bnmK\Ovfz1feFGH71gxMXMYZR1bTdVuY38GqF3r2jFdiuebPh9Uvs3J1hsUndvYDnGHVqnXk8\OYNRN4ed\WXURERIbPSPdFO5zldDJD\JhLeP\pe\jhXxu6HvdaXuLRe17iUcrw1\J\X\0a\3zDCi5YGB\x9TkQ5dGmb1it4YEe\p3NTVmYXqjy2v7MTZz6wZ+xNyw7QCDQfZ2x3HwbU4U+Y8PjpjPVGHb0G+9dTC\2U9O465d0dgtabrrFAn7X492PdR9nTeSyQBzaV36L1318gOaXyzHFfod73WTR\XRnP6am73L0Wb5S0wMwW37PLdf8nluAo878IG+94GROWnQUc6fEwanh6Mu\xrf2\IkP\NTqtz16bpP+y9N7OOgnhFXm\XnVrTx+5cnEeYWfn\UBbrP67oe\cOP9z3POJ08mPmkGi3yfBxj+\T+U6f29GBoTr2a+7\Nsv+n6HFaook2iZbM+pw7gUKQcBcAHsUU1Dn9pLj3OnxqzvGlKiLoyNTmfb8+zvkyY7FhwbE3lh0zWhz825jhtYpBYmc59t6Y9nmzOlxwnZMO8WHeYvXRckPt3ZEu8AnZlfaoDNjVD6LvUUKidG7SGFqR6xlTUB3Daryz8BagNWkyPFH4kDvaSpGd4rDHHqeOD1FTa\vcgpkccJoZsmku0KZ31DHfXZ\jgnGjJ7ZT3Czck1GeGt4P64fy601dngW0V+pIWETmYBZdeylUv38JPXrifr3zxQSbOns\cCQHItbB5\TaasxBdtIK3HVUcf8l5XPjkOh585FZu2HIaF540jXT9C6x8ah07q47mqtfNAmDu3Ag88wS33u5y4UnTCCa28eST\2BzMkAl7Tt3zedXt\DtbWdxztwo2559hMfWZ5j5pnNYrPZ5RERERo2+F1gP+nKmhbbUFGZd+DGujf6QH\7p\2fvPsPjqM6\j39nq3pvliy5yMYVLLCNCwYMhJoQML0ESAIkgEloCRBSCPk\QEhCSCUJJY2YlkJJQknoAUyzsQEbsNxlybK6VnXbzPNiV9JKXq1WclHx73Nd4nD7np05c86Z2ZXOzkxVfE+ncKSS6myhpQOgk80vPMI\OY9TZ6T1WmzY928vxyLRPFlRx6WHFAGQdvAXeeofZwzq9Z7qV\n3j37FP6oGXhbg8U2V3LxwOuQUcpoJv+37+8Lhh1CUBlBH1XuDqkocnmVL\e0syYG0\IMosKA6yhUygc42vKYdhysB9xD+Bjuw7unyqH9DNf0deP0mhiuJBIfBJ689yA9fezCUnHkpf\jNcuakuimdfxE8+JfdXj8pMzx5WbtlgHo8xFePfmhou9Dhxp3mxk0R004x4dkov\gFeu4S2bXHe7v\h7S+96uoO2MyOWlFHDLfYsW7ffrYvIrJ4ecoVW4YYvuIyD6hPzGNYguzXNjDz4Pt72dDa5CndnrpjPGs4Dqfyd+rvOzymjHXVZJopyDiCtxYy3b9vFrv47ldsW8\0ei3uKu8jUZ\7O0n2Q1mRUxAz89wkGA3Yr6myhvkPzU+Yuz+boIWfNIa4A\bO7hjQxs\LG\nv7U+OvqsZKB9D1jxXQHcERx4XV3cNoPJyXaSHLH3+7V6H8\XxnfbFwvwm1bUq1vtBhyZ7Rywfn\f2cmaAa7G\rQtwL92eWkL3\I6nv1lgOX2xa9m+3NbIiKyLyUw5ws38v3zjmBWYQLtO9bz3uoPeO+jnbSnF3PUeddx+xdm9twC0ZbLiV+\jksWFePc\gYPP\w3nnhjO0w5jq9dfx5zwgsetOxKLpk3Dv+W0DIPv7SZpLKz+P4NJzIJ2LFtZ+xqdW8nl47Vz\Onh5\kf1WpLLrgOm46Jjf2a0VERET2UGdjM20+G4XHfZ3vf\M85ufH+KK\zUHevPO48ftXsigzMuFl6wuP8s+PPfu6utJH15V1+hm+nx0fVdLS1SFJuZQeVDqon0OP+jJXXH9s\Nt8bC2fBIGkMpZ8I5eA2ZMzgz7mnzaD8QB1n\Div+JbZ7Tx1P11B8Q3AAAgAElEQVRv9F72sfc\CSUmL+DaRd5e27csk4DvPO57awOfrl3Dq\deFHMbfXMQb\02U9cCkEbOFHO35b\16BrWrP2UV3\1WfzBPuv78Lds7LqVvRGtPnNJDd880ttRt+\Gzl\eZUs7QC5lp55PbsDs3tfuvpxVROhRx3Vs3lf9P5T1\etFPqkDGE\ZhZ\FF4zoAzNA7lfmMyMJCH7C2seG\xg9kH5EBqIrgEex4kQb01IcfNTS\8Rba9DioR2dJNoNzilKoO+XsNoCFr\Z2sF\an0M9LjewzN3v5J3oNNMe9Dip5vb8FkWZ41z73ZL2Z2dJvdsbueNRv+A6zo0w0FexJXMOS4bc9IdrGzo\8rh1oDFA9s7cNvhpDw3sS6ItSx43+Pnr1Ve3m\yU+ezup9J\HKdjysmJXLGuIRe64hV5\gngK0BJxgjc7NTHeS4bLQE+r9iuzVo8fPNbfhNi3OK3Dj6XM1pWqFnPr\e4OPtxgC7vEHy3Xa+VJLA\IzezzleNi6BJ3Z6Y9avstPk7k1t3FCazJx0x27fLClvC3L7hjY2tAWHNJE6UNvsrbe7wfTD\mRZ0G5aJNoM9tZdmU2gM2iRaDf2+FbhIiIjl4Psw07kisNOjG9xWybzll3OvGUDLHPOlcw7Z\fU9T9a0BPMPo9f\miI2+nvtbHWKSIiInvV2P3DagdNNQHM3BzSsss487oyTuuoYtuGSrZt2USNDxKzS5lQUsS0SYUkOgAsjjn3BD76+X+o6r6pV2gS+Gnr3N2uBBYZ01asp+IbhzNz4Cfu9aum4nlMdv\7WVQVP+SZd09h+sJUZp79ID\ZcjVfW\EJBkWcctNP+P7J4wHY8sZDPDn0KnVLyz+IrI4OKu0uEl12Ku96hndOms7hGeM54YdPc\vPb+AbKz4J3Z1w5hn8v9uvZGEaQCufvLCvrv58iKpd10Mq5OadA\S+FfVLFXWcO6uI3KNu5L6vbOfbv3iHKgPAYtoVf+T4yQBeKj99afdVW4eTkxnOb3h2H9Uf4AGeePc8Djk6m7SF13LvD3bxlY8tLCzMjiyOjejL+tXP0t2SQ+3\oI\WDh\gIjHFhX2P1vckD712MfPPmETuUTfy0LXtfOOuZ6jEYvqFv+RXlx6KG2hZ\Qw\rNh3LSgig6cJ4FEs1W7juBwX6zyBmBNTdV6TOza08URVJ6eNS2Bqih2fCaub\TxR5aUuxu19u7flMDgiy0li1wSwFZqUimdGrMlnceeGNp7a6eXUAjdTk0Pbf6vRzzO7QlceD8RmwHmFiUTOY7psBp\Ld\NOg7\fK3wtYEd7kG+vb+Vf1T7OL0rg0Aw7LsPAMEL70Ba0eKPBx+OVXj5ojt6WtV6Th7Z3sijTSUmivXvdsfY\YEIgjofGertuAR3n75bTUx1MT3GwZYBbdjf5LH5Y3sa\qkPtXppspyNo8aEnwCv1Pspbg73a7dOWIG82+PjtIWkszOqZBJ6RamdGioP1Mb5oYFqwpinA5e97ODrHxfG5TnLcNmp9Fi\WevlPjW9wz8+NdhlwvMsO1Qi81LfZb\F4ZScPV3ZQ67VIshucUejm4uJExiVEeS51HFoCFisqOni0MnTsJ9kNzix0c0lxIvlDXKeIiIiIiMhYZBgGlmWNwTKAp3YnnalZZKYm4UwspHROIaVz5u\WBqa\HU+Tj8TcY\n6NfCLPpPA2158jH8Z5\G56akjYL\2XjlSjd0vJowWQRbeeiSlkZO\nh1srvHH\HuKZU+laFIO7nA885T7uOCxK3ikKr6x9ufb7+fwB5azJH88J3z3ST690YsXN+7wCls+fYy7b3178H\Ssqzu17y4s47rSYUJp\Li2hPwbn+B5Wd\m\f4M1+5dRJP\GgZk9JKOfW7T3LqjV68QXAnde2Rly1P3crVT0a\r1\fYdu9VSv6mO7+l4j6PVNeyelTikibMJ+51uNE3u347Zsf48VDl3NcfhqLlv+Zl67w4vUC9sg2epJf\WTH7n9yPHkaRUlAcAtrf23t0z8LPnHNrRzyt7tZNsVN6ek\5cVTQ\9+6toXOStcT+\GJ7j1mid61WNI\f+Df1J++mRgM\8oO4Mf7OH63v7B3Tw5607OnZbGoV\6KS9ecGev13h3vc79P\jzbn0tIsNLE8CjmNMGi7OdPFtjZ0Nr7MlAgI9bg3xc3jbo7dgMWJjlZFbq0IdL0IIPPQE+9MT1dJndHJnt4rCM3ts3gLI0B2XpDlY1xV6vacEb9T7eqPeRYDfIc9lItBt0mha7vGbMW2R32dYeZGen2T0BPBDTiu9DQ8Ac3IcLA7hgfAKv1ftoG+ASY9OCDzwBPoiz3QMm3Fnexh8OSyPLGfoeosswOKvQzV3lwe4rovvTaVo8X+Pl+ZrYz2bem8bq5wqP3+L\NrTx3K6etmwPWvylopNPW4N8b1oyk5IG93XTOp\J9z5u47X6ntuDd61zQ2uQWw5KpjR5D77CKiIiIiIiMoZ0TUyM1dLX0sCulgacCWkkJzlxOhyhu06ZAfx+P+3tHjrDvz52tiSSlx99EnjrSyvZNv0EJoyQ\dpbpchuim\jm2eWdk\kApDs4e3rLuCuGFc+nv7L\L9SRH\kLuIK2+9mEe+GucVsxV\5urLarn+pq+wbP4kUt1u3IC3pY4tr97P97\zGJ\EvRNdd4LrfUe4ylvv5rGpd3L6tFTcbjfuomIWQmii9dXbWPalD\jWVRdzSsT2CXpp2f4uT9x3Jz99tnLAbXRnu75kEfXLFtFf+85TH1B5chFFRZM5uQjei9wcf+aGy2q5+rpLOH3+JHJS3bi7buvctIV3\3Ufd\7kWXq9BACLk06YQS5A+Tv8NFpz7VWvc9tZl\DJ967nvGPnMCkjNJLc7lA91770KD\9QZS+HEr\d7dtlD4Y0nh6nTvPvZzN\+\7XH50uI0BvC1sefcJ7rvrpzyrq39FRhxNAI9yU5LtnJzvpqKjg\bBPOh2EDKdNk4rcJPr3v3GJPvjI3GB28ZXJiZG\cBQlGjntHEJbGprp9E\8JXEELrl8raOgSfM+7Jgt9tkx9p\u2Fgj+Nbo67wPX0H05Zz0hxcMD6B+7Z2DOJV8anxmqzzBDgy2wWEvgCwONvFobU+3moY+Fbde4PV5\3169eI+kW0H\Z0clzu6LfevudRj+\39bB\81IGdQ6H9zWwav1uz8b2gLebgzd\vymqUm6ClhEREREROQA4u\00NQZe5lASy015EadBB539NGUAkP7yr8Mhianh9kRReT1\Td7MZOPsLAe6f9lcwpyd\u3tKzJg+vP7c9w9\JnuDv+V\Tj+5w+5\tR\v1\3HH+Eu7o72Xr\sEdy\Rfz6ubYT86bIl\Km\5EOXsyTavPjKX\K\T07mvOmlLLhqLuYt7\X++9X2Z\jldc\wy7jqF2aeximzcwEva1+8ez9dvfoxj952OY\eBnzhPv73zRxemHMGtw30ssH2\dOZ8739uL6APiYR799Lo8O6jUiMpzietSAjFxum8GZ49zMzXD0uoPt3vw5uyiBxVm9nwvLPtpW3x+XzeD88QnMTIl+VaLDgBPzXHwmz7XP65TtslEQngSPZ\lEu0E8FwtnukK33R1ofZFsBlxaksjROc69vp8m0Peu3OPcNs4pTCDHbdsv\d7XYJffE\tzW\3xmRYP7+jAjFGPZ2oGvgI8UoPP5IVaX8x+f67GO7hbdYuIiIiIiIxRlmXpp8+P31PDrqZOzPxj+fo1J1CSnkrJiddzzYklpI6A+u3NH5GoHnmXze19\q19M+\GmPwFeGbj7teeVm58Zu\V64BQyZ0P\486YPzhF3N6fNcBxWR+ZRkLc4HtL\Kr+\Z8fYNmGBj9XCUtIrI36ArgMSDLZeOOGSmc9W4z1XE8TzdeBnBsrovlk6JffbuvGcDSHCfLxrlx2vqvQbLd4MYpSaxv8bPOE9wnk3QGcEKei3EJoQlgmwH2ARolzWmQ4Rz4OxbjE2yhW5\E+AXDHWX\UxwG3yhNprKzhfI4bgEeL7fN2O02wHYDPpPrYq0nwJ+2hyYm96WEiMZ1GAY2g34nJu0GcV1pPRC3LbSdWJLs++dDWYPfonmAyd2OoEWNz2SSI75bNtf7LDoG6Lgar4nXDD1rWERERERERKSvQEstu8glP\9YrvrWsQCY3iY8w1yvA4Ump4fbfdz808n8+upTmJwBNG3mmV\dzH0D9MvbN93Bn7Jv4by5RbjxUrnqUe64aQjP7D3QPXkH\77gSS6ZvpBllwd48oE9eIyZVcDNxx2Kmxbeeexm3h6OzvjzZRzx52HYrogcMHQF8BiR5bLxp8PSKEtzhGb19\ASzGSbwan5bn40MzX2hNc+vAx0YaaTqyclke0aeJgm2Q1+X5bOcTkuEm3GXq2HyzD4TK6LC4sSSA5PjKU4DArd9tABFOU1NmBioo1c18ATaYekOUiz919nl2EwtZ\nsk5KtnPL1GQOTnWE+mkP99VtGJwxzh312bI2A74+OZFl4xL2qI0zHQbGAPnChJ4+L0qwkRqjfXKcNnLjGCMDSXMalCTYY9Z9apIdx344a6Y7DFIGaGO3YcR1bHTJdBm4B7jUPMtpi\plAxERERERkQNN34k2xT1xoKWW6qZOgpZFsLOJXTUt+EdQ\fZGPFINVE\l932+8vGbOf2oQzjkkEM45KjTufnxyl756P7H3ZedzLyygznk0PmcfNnd\G+Y6j+68zu4+55\s9nr5tAz7mGR2Tcf\qDF97GqTPB+8Gj3PrQ3qqf8soPX14kGk0AjyHjE+3cNj2ZUwvcJNuNIc8D5rltfGlCIt+YmhTzFsYDrSfFYZA4hHq4bAanFrj5zrTk3a5EjSXFYfDdaclcUpJAfkL8t2ru7wegNNnOVyYmcuPUZCZF1CXBZrAk20lBP7dEznAaHJvrinnlcpcsl41zihKi1hfg8EwnU\u5BbYRzt9yUDIn5blx2oa+vzmuUL9fPjGx37q6bQbfmZbMpRMSyB\C7aAnJNm5pjSJOenRb1luM+CYXBd5Ec+bnpvhYFpK9OXtBszLdDJ5EOOkPwZwQXFCv2M222XjmFwXrr1wtfFAEu0GywoTYrblMblO0hzx1yXbZWNxVuxbhh+f62I\7J6IiIiIiMiIZ\T55Uhx7zjYUkvVjh1U1bYQGAH12dvxSDbQrauVV35M59+8lTv+uRnv+KO56fuHD3H9S\j5xYtIa3ybX37rF+wYSfunvPKDyIsMRLeAHkMMYEqKgxumJHFEtpM\VXSytjkQ9+udttCVrheMT2BWqj3mbWD7TlJGMz3FwYn5Lv5R5WVdy8D1MIBJSXa+WJLICXkuMpyD\Cd67Zx6YREFmU5+Vull+dqfHgH+VBTpwGz0hycku9mQaaTSUl2ol1oOTfDwZWTk\h\n7bREezZhstmcPnERA7P3P25yf25uCSBHZ1B\lntpWtVBjA7zcFXJyaQFeNW0gYwJ93BLYlJHJ3j5C8VnaxrCRCMc7cTbAbH5Lo4c5ybeRmOXrdfjsZtgy+VJDIrzckftnXwTpN\wOfGGoSudP765CTmZzqYm+HkW+tb+cDTMy7sRuiq74uLE0mNmNgsSrRzXWkS3\64lY1tvW91vTjbyZdLEgY1ERrLgkwn356WzI\L22n093yNMM1hcElJAouynAPeJnpvuXxiAp+0Bnizwb9bblaqg69OTBrU+gzgqklJbGgNstaz+\F4SJqDc4oS9K0gERERERER0B9WZUSyLKvXZLVixQdi\PZtpzHvtj1Z3\+47sSDR8z+KFY81FhkIIalkTImWYBlwaomP49VeXm93keTf\euNoDCBDsn5bs4u9BNSaI9rgmuDz0Bbvm4NeazZxdnOfnB9GQKE+y8Wu\nwW0dfODx44vyHNKZqQ7OLnTz2QI3qY6985xV04Jqr8k\dnr5b42XjW3BfidFUx0Gc9IcLMl2cUyOk+JEO4bBgPWwCD039W9VXrZ3BMl32zi9wM2kZPug98FrWrzdGOCVOh9tQYtD0518Nt\VazJ0IBbgMy3ebfTztyofr9X7aI+y06EvC9g5PtfNmYUuxrnj6\e+gha81ejnLxWdvNXo7zURDqEreqenOLioOIHPFbiJnNNvDVj8t9bHO41+DGBxtovjc5393oLYb8LT1V5WNflx2uDoHBdLs117fULWAio7TJ6q9rK1PUiey8bnx7k5KGXwfbqnGnwmv9rSwZM7vbQHLRwGLM1xccOUpKi36Y5Hs9\iJ5va+Ve1l46ghc2AE3JdXFM69HWKiOxt768r59BZU4e7GiIiInKAeu6555g5c+ZwV0OGUSAQYPLkycNdjV5KS0tJSEjAMIzuiQCVKlWqVHnglp2dnWzatGm4355kiDweDwBr1qzZ6+suKysDdAXwmGUAhgHzM53Mz3QSMC2qvRZVnUE6TQsbBikOg6JEG9lO29Am0Qb46oDftAha4dv65jhZmuPE47fY6Q3S6Lfwm6FbJRcn2skcwtW+A7EZUJhg4+pJiVw9KRGP36Ky06TRb+K3Qlf6JtsNCtw2ctw2BrjwNSoDyHfbWD6p\9smx8ttMzgq28lR2fFfORytPm6bwZJsF0uyXQQsqOwMUuu1aAmYuG0GaQ6D8Yl20p17PtFuN+CILCdHZDlpD1rs6DCp95t0BCwyXTbGJ9jIdtuiXlWa4jBYNs7NsnHuuLbltMGZhW7OLIxv+aEygPGJe6dP91SWy8b3piVzzeREan0WGU6DnD183nG60+AH05O5oTSJOp9JltNGVhzPqhYRERERETmQjIQ\7KocvlJERERktNME8AHCYTMYn2gwPnHv3eC16yrj\vhNel1xaxCafEp3Ds+wS3MapDntwIFzlaPDgAmJdibsh7nMJLvBQSkHVvvuL+lOG+lD\17AbgxCX77IcKqvREREREREoumaBFR5YJYjlWVZKlWqVKlSZXcpEosmgGWf8VsQ0HlIREREREREREYZ\WFVRqqBxqbyyiuvvPIHZl6kL00Ayx6JdcoJWKHn8IqIiIiIiIiIiMieifzj\0BXgymvvPLKKz+28yID0QSwiIiIiIiIiIhIBP1xVURERERGM00Ayz7jMMA2sh+dIiIiIiIiIiISlWEYWJal8gAsRyp9MUFERETipQlgGTIr\NOfJLtBgn1\1UZERETGiqRE93BXQURERA5wkRNtlmUpPsBiERERkdFOE8AyJEb4J9YMcJbTRqrDtp9qJCIiImOBaVl0en3DXQ0RERE5wPW9ClTxgR2PFJqcFhERkXhpAliGJMVhkO6wAcGoeYcBk5JtpDtG5gdmERERGZlshkGC2017h1dXAouIiMiw0UTbgc3pdA53FURERET2iCaAZUjGJdiYk+5gTXMAn7n7L0V5bhsLM516BrCIiIgMWnpqMvVNzSQl5g13VURERES6nw2r\IGTT0pK6nf54aQvJoiIiEi8dH9eGRK3zeCsQjdzMxzdzwLu+jEMOLsogbIMfb9AREREBi87I41mTyut7R3DXRURERE5QHVNtHU9HzbyR\mxn8\IyBh4kOxndrt9uKsgIiIjiN4XZCCaoZMhm5Rs556DU3lkRwf\2uWj2W8xOcnGxSWJHJ3tJEGX\4qIiMgQOJ0Oigpy2by9itKSQpKTEoe7SiIiInKAinwWbLTnwio\dvJtbW04HA5KSkqw2UbeNTPFxcVs27Yt5vOJLctSXnnllVf+AMmXlJT0u7wI6Apg2QMGkO0yuHpyEs8tymDlUZmsmJfOiXkuEuya\BUREZGhy0xPpXhcHlsqdlJRVUN7h3e4qyQiIiIHmGhXjSoeW3EwGKStrY2dO3dSVVVFRkYGycnJ8Q6R\eq8887rnpiO3IfIsovyyiuvvPJjO28YBueddx4isRhW3xEkIiIiIjJC+P0B6ps8NLe00dnpJSHBpclgERER2aea66pobWkZ7mrIfmCz2UhNTSU\P5\JkyfjcIzsmyUuXryYHTt24HK5gNBEQOQVYYoVK1aseOzHPp+P8ePH8+abbyKjl8fjAWDNmjV7fd1lZWWAbgEtIiIiIiOY0+mgIDeLgtys4a6KiIiIHDCmDncFRKJasWIFS5cupba2lpSUFNxuN4ZhjKiJCcWKFStWvPdjy7Lo7OyktbWVjIwMVqxYgchANAEsIiIiIiIiIiIiMsJNmjSJbdu28eMf\5gHH3yQTZs2EQgEhrtaIiKyjzkcDkpLS7n22mv55je\OdzVkVFCt4AWEREREREREREREREREdkP9sctoG17fc0iIiIiIiIiIiIiIiIiIjIsNAEsIiIiIiIiIiIiIiIiIjJGaAJYRERERERERERERERERGSM0ASwiIiIiIiIiIiIiIiIiMgYoQlgEREREREREREREREREZExQhPAIiIiIiIiIiIiIiIiIiJjhCaARURERERERERERERERETGCE0Ai4iIiIiIiIiIiIiIiIiMEZoAFhEREREREREREREREREZIzQBLCIiIiIiIiIiIiIiIiIyRmgCWERERERERERERERERERkjNAEsIiIiIiIiIiIiIiIiIjIGKEJYBERERERERERERERERGRMUITwCIiIiIiIiIiIiIiIiIiY4QmgEVERERERERERERERERExghNAIuIiIiIiIiIiIiIiIiIjBGaABYRERERERERERERERERGSM0ASwiIiIiIiIiIiIiIiIiMkZoAlhEREREREREREREREREZIzQBLCIiIiIiIiIiIiIiIiIyBihCWARERERERERERERERERkTHCMdwVkL3jd6u28chHlVQ0dxC0rOGujoiIiIiIiIiIiIiIiOwFdsOgOD2R82cX8dW5E4a7OjIKGJal2cLR7K0djXz9+fXU+yxwJ2I4HIAx3NUSERERERERERERERGRvcLCCgTA20G2y+AXJ85k4fjM4a6UDJHH4wFgzZo1e33dZWVlgK4AHvW+\vx66oJ2bEmJoXlfCzCscBmOu3TnUV555ZVXXnnllVdeeeWVV1555ZVXXnnllVdeeeWVV36U5A27A5JTqevs4OvPr+edS49ApD96BvAo9rtV26j3mdgSwpO\of+EysjYQHnllVdeeeWVV1555ZVXXnnllVdeeeWVV1555ZVXXvlRnrclJFLvM\ndqm2I9EdXAI9ij3xUieVKwLCsiC+EWFFilFdeeeWVV1555ZVXXnnllVdeeeWVV1555ZVXXnnllR8DeVyJPPJRpZ4HLP3SFcCjWEVzB7bwM3+N8L8Z4f8qVqxYsWLFihUrVqxYsWLFihUrVqxYsWLFihUrHnux4XBQ0dyBSH8My7Ks4a6EDM3En7+APT0Hg8hvgKhUqVKlSpUqVapUqVKlSpUqVapUqVKlSpUqVaocy2WguY6t13wGGX08Hg8Aa9as2evrLisrA3QF8KhnhP+jUqVKlSpVqlSpUqVKlSpVqlSpUqVKlSpVqlSp8sAoRWLRM4BHue4LuC1UqlSpUqVKlSpVqlSpUqVKlSpVqlSpUqVKlSpVHgilSAy6BfQoFroFdHavL3pYoFixYsWKFStWrFixYsWKFStWrFixYsWKFStWrHgMx4Hmet0CepTaH7eA1hXAo51lYfX9p+7\MwDllVdeeeWVV1555ZVXXnnllVdeeeWVV1555ZVXXnnlx1ZepH96BvAYYGBghMtesaG88sorr7zyyiuvvPLKK6+88sorr7zyyiuvvPLKK6\8WMyL9EdXAI923VcAW2CE43CpvPLKK6+88sorr7zyyiuvvPLKK6+88sorr7zyyiuv\BjMi8SgCeCxwIj+bwaETg7KK6+88sorr7zyyiuvvPLKK6+88sorr7zyyiuvvPLKj5m8SCyGZemrAqPVxJ+\gD01c7irISIiIiIiIiIiIiIiIvtRsKWRrdd8ZrirIUPg8XgAWLNmzV5fd1lZGaBnAIuIiIiIiIiIiIiIiIiIjBm6BfRopwu4RURERERERERERERERCRMVwCPBYZKlSpVqlSpUqVKlSpVqlSpUqVKlSpVqlSpUqXKA6oU6YcmgEc5Cyt8FbAVfiJ471J55ZVXXnnllVdeeeWVV1555ZVXXnnllVdeeeWVV175sZUXiUUTwKOcEfFf5ZVXXnnllVdeeeWVV1555ZVXXnnllVdeeeWVV1555cd+XiQWPQN4lLOsrq95WBiEvxGiWLFixYoVK1asWLFixYoVK1asWLFixYoVK1aseMzGIrFoAniUMyL\zwDDUqxYsWLFihUrVqxYsWLFihUrVqxYsWLFihUrVjyWY5FYDKvnElIZZSb+\AVsyWndsQFEdqZixYoVK1asWLFixYoVK1asWLFixYoVK1asWLHisRcH2zxsveYzyOjj8XgAWLNmzV5fd1lZGaArgEc9YxTHZv1qvHXszpWMPSkLR1Y2Nmfvx1Tvve37CVZ9iI+JJBRmdf\7bsubnQTrWjDycjH26vbHfhzq30Lc0wq6Hza+X7Yf0Wd9H3I+UtrH6qzDX1dNoM2H4c7EkV+CI9Ee1+tD7erAXjgDV6pz9+UDDfg2bYVxB+NKi5KPFe\BeLc8m+ncCa7SydgdcW5vL8TRtrsvtzdSY6u9joCnEbOtBTMAhjsVe2oujswMDNvw1290xkEsz06CrvE4EkZCffZRHD5nBBlIfOdzy7OZjijHZN\l8Wymc2cS7mkFgzzf9O6XgZcf7bGJ1VZPoLkBs6UNk71zfNO6A39dA0FvAFImklCUDgfCeB\OuKOaju1VRGNLTMWWHOpTbAfI+5vlxWyowtfUiBlwYc8qxJmd1b3\MV8f47xluFOxJWbgyMnFZh9oeQe2pHTs6bnY05K6txPt\SBYvRZfMziK5uBMsQ9+f8dAbHmbCDQ1EGxvwvTR8ztbdi62GOd7xSMwjjgm7AWzcKW7oy\fUY13exUWGd3nokEffwAEMRur8DfVEvSBLTEbe04hjiRn7PoGGp01W+sAACAASURBVPAPYlt0VNO5vX2\z6iWLFixYoVK1Y8nLFILLoCeBSb+PMXsCWlDnc1huzOMxZwbnaUhBnE09LI62+t5YpPEnEk2aMstKfy+MtFk1hMPXc8tJEH+llqfFE6dyzMo\Lv5XxrH9RiLAv1bwuP3b9+v7bdiO8zfwenlM3g1nn55LoA00f5++\zxZWw0z3gq7uPG0\5Gg5+wbvbH4WZNYU1i7OhYgtlz9UMqmp70naXnXQotxTDm2++zxfWDfLFe2C4tjtiWD6Cu+r5wimL+eqMHEqSwrNBZhBPfSUPv\ABdzbmYnfGXo1EkZzATYdPYp73Y85+c7grsw\NPog1izJJG3DBNh67\6MBzw3xHpOh5byDf484UPoFABOzvp0rPzeHL03JJC8h\HnIDOKpq+Thlz\kzvqcIRzfJl8+YhZfn55Gmg3wNnH337eRcsC06zBZMpPNM\r53B4I4mmo5OEXP+Ku1mwMxvr7m4npcHLv5w7hlFwXAN7GSv7wn3Xc5Ukf+A8a4c86Uc9b4d8jXnxlFddVZ2CzDbB8wEf51g388bntPOzM7v5SRS\BFB64cBbHpkJN+YcseKX9APujSxCzoYbPLjqMa8vGUZLixG2jp61ffotrKrJxJERrPBmRIo4J746NTH+2PuqYLlowjf8dkgH4es5Fgz3+MDFNG\eccginFCWGxk7AR\na9\j6q0E+TXXFVc+4trVkJptnuMfoeVNEREQkOrO9RVcAj1L74wpg\ZY2BhijtOziae5gY2PPT4XPIC09h1NOXMrrxyZQFNi32yfGcicdPJklWc59sv2xXva1v7Yb2Wf7c7vxluPLZnH34nzSAm28Ut7E+k4HU+fO43cL43t9l7SpM1gxpbk77m+5wdRvT8Z7X2N9nI2M0sRyJbPi2tO5fW4e+XhZubmep8sbWNls4s4t4Yrzj2dFaUv37WFGRr1HSTlxPOdPSSPdNkLqs69Kb4BNjZHvwz68AD5fr\fmjY1eKuNcL3t5uQOyXwDD7+DOLy\lptk55DmhIvJzUl4JV5x9DCtmBAa\3uQJXDwzjTR\O6+U1\P0Jg+rD6R2HeaSjs4+x1YHFQF7qE9Pn8f1LpNohrvee7U03fzmtHmckmujoqqB56u8eDOLuOKUQzjXjG89QJTzVAcbO0K\Ryw7dRE\y\PFXr7Jj8dwMXXKbG7\0lxuzmmPuj1rYiazU8EbgLySAq7yjpB23E+lZYN7LjmVXx9VwtQEk3WV9TxdXs8rNQFIzWHZ6Sfz4qIgZnBk1FflIM5HgDs3nRv80fImV4\LINKQjj+vjTuXzWNZsRtPfRNPlzex3udg6tzFPHZaFkXx1DOObe1Wv33QXipVqlSpUqVKlSO1FOmPbgE92lkWlmHsXmJhEeXfR1A+xMdH6z7gCx9ZEM5jGBSXlvLg0TlMOXgWP6x9k4s2Jva8PthKoK6SYHM7Fi5s6TnYM3Oxu+096zc7CNTvJNjSiOk3MBLSsWUV4Uhxh7YTrR2tdgI7NhEgB1fROGh6n4C3DAhgfrqKjpzpJGQlYRkGlreRQGMNweZWLNzY0rKxZ+djdxrh\fMRqPoIv+sg3MltBKp3EfQZGMmZOHLHYXfbetrH8hKsqyTY1ozpszASM7FljsORmogxgvsvvv7tZ5z2er2F1bILf1MjwfYOwMBITMeWWYQzxR1+nY\Azoj23LWLoDeiPV02LMPArFsV0Wer6cw+iIScFLAsTF8zwYZqgp7+xk2AYOUH+BOm405qwb+rlqDXwkjJwpFdgD3BMYjx1X\7XDQ1FzetPPfiOq7aacG4ibxyagFTi4th9fYB27eHmyULZ3DmRxX8PdnWs1w\7T7Q\gcb+h\v+D3463f2jPf0bOxZEeM9sl7BNgI7txLweMGVhj1nfE+7RLZfYw3B5rpw+2Vhzy7Akezuvf\BDgJNUZZLcXe3z+7jzMJs2Iiv1sIxvhRHsgOsIGbrTvwNTZidPnAlYUvJw5mVCfaRefzElfc5uGfZYSxJNdlYvplLX66jovv4MyieMZW\LM5iyXFzueWxDdzZFn\7my1b8FYl4pqShrlrK4EWLzjTsOeOx5nqxmytxF\bgOkzMFJzceYXYLOF1m+1bKKzKhlXaQpm7XYCng5wp2PPKsKRlogRuX+WNzQuWxrC578c7Fl5OFISu\fX8myic2d4fXWVoXHoSMSWmo8zJxvDiGgfApiNlaHb5XatLzMPR2rE+iLrF219NgurcxeddeNDw6p1FR2fFuE6KB+bYWG1VOFrbMLs8IIrBVtyTu96jJTxEW9+wybOLO95\4Vi\nN5IVNa6jjhHxU9\25Z4G8m0FBDsK0VK2D1s\9d54JW\Dtj9H+094eB+s8bo188VfiaYvTLSG3\WPnDSjkjz463sZYr\7qJVyKO71mHzmTFvFSWHDKBBRsreSvO86vVsonO\PFkAJ6KNVzwuzU48osITJvXu10LffiqAjgnT8Lu7DpePfjLNxJMK8VdkN49Lsy2HXgrDVwHjQ\1ha+ZQH0NwfYo48QW2r\u47oEAtVVmFYSjoKDcCQZWFYAs6GSgCfKOBhJ\TPYfHjIe+p2csKzu3p97sVyccNpc1ien8dpC2q457XWnmPEbCdYXUWg2YPlcGNLG7f7+1fX+6WnLnRe7ntetyzM1ojzek1F6POA3Y0tPWJ9XfU3fQSbdhJo6v\91zIMrPZq\PUNoc9vjkRsyVk4cgqw2Qdon4MmMC8LvJUVHP1MDVhBrv\sAq4uymTp5G08vmWg9g23Td\zVPj4WHrcIfx+chonzy\k+mfr+l\essBIYflnp3NDYT5fPKKdV5+q4a1e5w0\y2fkk0cHL1fCMRNyOXnhp\zmfedu9bM6qkO3Vu9qj6QsHLkR7TGSx2d\eYJcunQeywrseKoquPDfVayLbL8JE\jn0nHMmjeP3zet5rIt4c\VZjvB2mqCHaHfb7rHR27P5wU6dtKxvQPnxHHgqSTQ0IzlSMSeUYIjOwU6avDX1hDs8GIk5+PIG4fdFfH7nhXAbA21uekLgDsNe\o4HBlJPZ87vbvo3NaGsyQbc9d2gkEHtuxJuDISIdAaOle1hT7P43BjS87BkZOHzRFjnPft15Hcf\3lu85HXj9p7iwWHfoJfOTs\XrnOA7LBa8\iNvJkI8\a9E0zs+z46naxoJ\V4eXz+Tec6ZxUmkJV7+4jm\1O\4it7Uduj7\h\NLPzMnvK0irn+2JvrvQV393N6I6TPA7saWEtHPpgf\lo0EMg4iITul9\Y7Kums8OIsLcXusLAwsTw78TU0Ynp9oc836QU4MlN6Pt90jeviTMyaHQQDNmy5pbjS3ZgdNQRq6wh2eHvqkZ2HzTnCxofyyiuvvPLKKz+68iIxaAJ4tDNC3\SwDCNchmP6xCMw33s\eucrNm3isvwEXpmVwhEzJ2JtqsEGWN5dTJswk19ccixTw7c69bY38fo7q\jyh0nYEwwM\ATSMllx7hHMT3N232Zq+9aP+dErzTxrudntvueGHzOtiBcvPZaphpfn3\qY5plXck4mgJvzf3IV5zfuYvLftmB0ejhlzkyumXc8U8O3p+6qw5c+TMSZYMdiPI\cdCSLWzbznYpsbixLD91msbOF199Zw01rDaoTDCzDj5mawYpzF+9W1x+\4uHfOEds\+1J\0a+nuZObvrcUi6YkkFa1xkp4GP71k\57j89vJ7iwDLia8+7rriKc7v77ErOb9xF6d+2Ynlb+OycGVwz7zO79Vlo3NgwKOKRm5ewuGUL36nI2m0bN681qYp7fPXfPnX+AJBIbqoHc6sfM2kS+YDH295zPMd4fUg7b1a5WFxYzDdPquGvrwaw23uW72n38Ovj2P8ffbW\8b6LqRNm8MsvHrfbMdc93o2erVrOCbz4jWOZmgSYPrZv\pgfvdTAsySF6me2UZCVzQ\OWMySbFfPbeA2fsz\PVnHG9kpof032yjIzuIHZ0Zbrp43spMj2qNnf2nxc+clF3B+gUHF5m1c9GIN21r93PT5E7lgYkpojJlBPM3VPPziBn7UmBRzfI7U48sAzLKJnJwD1NVy2Sv1VPTJV3y8gXsnzOXOwhRmHwSsib\9Lz\7TG4p7uDJf9Yx65JjmZoYarftmz\hu49VMuuck7iiNDl0jLQ18sTLa7l+ZwI24LKzzwq\tpbZlxzHlO6xsJ4fvdTIM0boOYuW1UZhVg63nbEoah+\nh1a7rJzzuquy+wvHsOUxNA49DRU8shLH3NXY2p4v9sJWgn87IvLOCU3xvrOjmN9xx9P1fQkANLmX0XV\HYeu\8DvtXi62cslXNXY2j\R8r4GHq+9yHVnQ\Uc+Ssg\nO4cd3nwswg3iaqnnkv+v4oSet121lTOcEXvpG\3fsxEj\v6L2i8f8q0WLzed1l+\JIb6ZcS07yDyGW7cQHnF+7xMWq\xte79ClZOm8mJmZmcTCVvxXl+vezcc7ilKPxmO2UxVT9ZzMamdqZk9G7Xt7baWTgR3nh1FRdvsIfqM2kOq756AnlttXxvxSZWAJZhctrnTuFnUw2ef+YDrtzawJGzZvOdw3veb3qPk\TQeeKcs7iluJ1nVhkcd2g6bkw2bt7ECS\tIGi5+dmX+o6D9fzfkw28np08cvpnCPnIg6t33stPNzVwUX4OGcnJYPRMAFvk849rj2Zuas+56uGX1vPjxrTQ6+N8v+x9Xl\K1MQo68PAsNrx4+LnXzw96rHYtT6j08P5S47mpjk9n9+87Y0888IarqtOxB6rfWqCNAO5iQZHetp4NWBRlGAHs5MdW6O1T5TPjz1NuVv+lbebqJicSHFiUuzlDQODNn797+3MvXAySwvyuXxSDW9ti8h78zmmwA5tnTy1zmTKhERmTyxm4XvVvGWPqF+nh\OPGKA9Rvj4jJrPKeHiUje0N3LHv6tY33f8bt\OVRvT+M\0BEpKcjG2NGBZLYwrmMjvLjiSqV23iwa8bY0889IqrqtOCbXH8cdRNcPNG69\CrOP4oiM8JisLudH\9hI04Il3DE3M9SePg+vv7WOiz4Jzf0Z+An4A3zrtBO5YFJK6POI6ae2ais\e7KcR9zZofeXzxwb2sbqBg4qO5FcG3h2VnLo0x+TP24C9114VJQ6vsf11WkYhjHAOE8Kj\MR3H8x8gDUtLGxOIPZxeOwPqqPeL80WXB4NlNp481qJ4uLQx0\lOPvotxEvKaf1Ruqw8uZ0P4J29qmQbo93J\91z9ya33zr3ZvK7E737O4gWG2xOjnVVxfnYpRfChvfPV4imu3cdST1ezoXr\FohOOZ8WMRFa+tZoLPwxg+gLcfHq0MbeRh91ZofYLj+vXVzcwreyk7jFX9rf1XHjEUdy421h6n+urk0PjbQSND+WVV1555ZVXfvTkRWLRLaBHO8vCsiywzHA5euLIfYiW3\5GE6t9QHoKl1kmluVlweKjePLzU5nq8LJycx1Pb26mwpHBcUuX8sISB5ZlYfmzefj0OSxJhYrqhtDtUNttlEyZw90n5GOGt9OzfS9Br4u\nDqNqTY\K99bz5XrOli9rY6XG4JAJ6vL63h6WxtYbRy5eB53H1XCVEcgVIeKNjzuUB1eXOLovf7MCXz3sFSaaxp4erOHClsqS45azB8XG6Hl\Dms6KeuPzkhP7Q\I6S\9nb\dpXXnXsUV0zPgFYPz5fX8XRFCxWmi5IpB\Pjz2V2vy6e9nx\tz5rxbLaOCpGn4XGjdkzJDJLIrbR3L2NPyw2BjG++m+f+z\0UIGduUvmce\hZaw6Oh93ezP3v1kXV\uGBKl4rZKVXsibMYMHi5q6x13k0A7F8e1\9PHu5fDFR\JUr2PO033M9Yz3rv52ccTCUkqCLTxf3sDK1nC7fL6Ew\2h+gWzi\njsjkcl2ujprqBp8ubWOdzMHX6HO7\8gSO9IXWF1qurJ\lSsLLWb331VPHFz+\kPML7NTuqOALL1Sz3fJx6bKFXDElCa+nmefL63i+OgCZRVzx+UO4yjcyjpehxDdMzMJNkNXbN7O9n+Ufe3YVkx98jwvfH1z7h6Rw8sml5Hubeb68iXWdBiVTZvHjq4\hxskONm6t4\kqL57kTJYdP5vl\vD2u187heJeY6GMuz9fwgJfqH5mdjF\6FWXxl51OcrXd32l5HlbQ+trCpCWVcRXl05nYXh\rcwSXrh0MctybT3HZqttaOvb1cjT21vxArXVdTxd3sj7lo8vd48lT5+xdDDLfSNrfAw9jjysevJFZYdz39KSnnNBeSOr26xQu50yh3OsyPZ1sWRhP\3vNyOWo3v9cfVf1H7xDtAvw92eexDv8lMLlBRO4YKOj\Du3EHQ00TQGwCrmSsfeYvJD3zArVb8x\e6HXXdbehtaODp8jqej9KuT+7swIObqYVp3fUpLEggDyA5kUV54fqaqXy+IAnaOnl2h0VR2fzwOPH1M04i+z+DUw5NpqKyjuerW1hdWY+VWdzPOCgLj4MR1D+Djvu+P0fkfc0U2Oh5zmXEsXTEkplMDbbwfHkdrzSEzlVXLJ3OAmso75dd5\WWXue+yPWZmSW8eOkR\RyLPetbcPQ8bp+bAR0tvFLe9dkik2Wfn8\P8gZoj+YdPL\LhKyJ\PK0cdzzxaNYlm2ysbyCO+Jqz77nqYh8oI1gsh83ALaBl7cssHZxf1U7kETpeFuvfOHCbOa6obaunqd3bGNlI5CTy2WTAr3qt0ftMYLjhTMzKQEqqnbyeD\LV7zxATMefJcTXqnDsiys\Jk8cvpUZifDxsq60Bhq8ENyJstOnsu3kyLfb1zMW3gw81wdvFLewEpPgLSCqdx44THcPT+Vmp2htqy1pbHkqNnckxfefls6v794KVeUJuGtb+Tp8jpeqYe08VO5\UtlfNkZDNcvfBwdlgc1DTxd0cLqXbsw82fwaL91nMctSaH9i92vw98\e34+amRlbeg20NdHnl9NF+fkp0JjG6\0eb8e7PH30HOrmfHAKr68wcT0bKKzo4GvLjmK8wvB29DKUzHrG3ne7JMPtBJIDnRvq9fyXeezmP08N9TPO7aHjuvcdK5yR6zfdPKF\DRoa+WpDyxoS+PB7jHX1GfMzeFSZ6DXuF7Sa8zVsPDoefy\qGPp8PC4HknjQ7FixYoVK1Y8qmKRGHQF8KhnjPIy1n500uwHkhOYggH+Ar4xOxN38y6ueeIDnmrqem0Ov\3SoZw0cxLLV27k3kPzOTgRtq99mc\8Lxmbyw5k8JsLp3NizjiuppFfd2\HwjSTWHHJPJYkB1j59kdcuNYLGDz+zkbSsg\jmCw\5S9v5FsACZP5xqGZuL3N3PHExzzgCa8mdwL\Nw4Zs2cxPI3N3GvM7x+h0HFpxs44dVwZdOK+duZRRw2ewrL3x6orgVcTQO\Htb+2Zf9CzCZIwrseJtquPLxzazsWnz8ZF49JY\irHTA07P8QO0Ztc8mDdBnE8N9RnzbGNT46luamGuf4+fFp\OTmZmcsiCTmu1bufbNap72DLJdPTu5eU0m\1yQxnFLZ3LW\dv5e4p993aPd\+jtZ1\3ADH3OTQMefoqZd3VyUnPFVBBQBubvj8HJYXjOfqmVW8vcHBbUdMDU1Ev\1h+FgDSOaWZbO4LG8SX5tTxWvrnXEu5+rZVb+HL596LN+d4sJTtY2zntlJBQZQzLHj3FC\ldP\vJWqpAQMA5aeMJffl6RxxHy4d81wHydDKe0UJ9qBdio2xD9uBteudry7tnHqv3eG+rPruEwN8PR\13LtttBSN3x+PssL0lh8sMG9H9P9WlpquPKvm8N\OHSHbm9aMJFvlFVx9joHtx1xUIy6TORrcyr7rwtu7jzrUM7NSeO0gMFbDh\LF0xiqqOd555dzRWfdnTv8zGnLOYPB03ka2VVvLbOGd\6Pq3gWkcCa0pSaG7YyLWvA5Twl5hjyeDeNXurf4ez7Cv071+Zko072MHjL6zl5h1duTTuOWcmp2UkcZhl8NeIVcQ+Fzj7rD\e\jvA+uXTLdw\cTY3TJjM7ddM5nvtLZRX1fLh9m088d4WVprFODJTu59sEc\xffbarawMTGVNSQq0NXPty7tCi83q267FnDM3g8MyUimilUoCXJybDgETryOF4uIA1DghP5spqVC7vZGngdsGOU5qt27khBe63lx8LD8p3uN4BPTPkErAu5PODWt6YnI47th53D4vBwiwbseuXst7qys59emuYyncljmZnJtcyVtte3he7z73pXNaoJK3HH6WL5gYow8m8bWynby2zslp4zOhYyc\+16fp+ajGGD4gUH85+Dk5g9Iw1qWvpvB38NP3ziE46+bCazp8xgmbeVJ1\dxPXd24vzPBVspnPD6oh\SGPJgjJuOq6EPGBjXT3R7b7elW0BADJSc4DwcWEFWT4hG+hg9bo6AH5d08Y5mcnMnpyKta3rmcHGnrXHCC5nJjgBHxW1nrhfd25ZDvlmgJXvrOLCD+m2\HPzuaEwmVkTDEKXEoe4W+v48uMbw58XivjbF4s5LN3Om29\yBfCY3rRsYewYkoqs6cANQYLj5\AcalB1q16l8\+r6V7XcWL5vHCgkIuPrya37\u6\53b80uznp6W3jcw7knDFRHYP3Y7ddID+xq4aLcLBYf5ueeD12hfG4eh2XDxk8rISkj6uviP\56tnv5uedwy\jwn6AatvHtf6zjTbK6j6N+6xlspnPD+1G2VRyxrb6fY4w4xiKw3sevK1s4JzODuWUmvBW6RsLKGcesrND72+PAwuMn7tGYu\OsWGMpNTyWYrWDSpUqVapUqVJlf6VI\zQBPNpZVuhYtxh9Zc9O9LNcFTUdUyA5vJ9zMpnqBk9jG0sPnsDSiDU4vUFIT2PxbIt7G02agZKD5nNv3Rr+uGozb3Zk8ZX7d2FLdIUfUWR1t9\SMw5lSaqPVW+s4cKPgtHr2dXOB2cy2wYVFZU84Imod81WHqrK5IcTsjhm\kbufT\8ws4mHn+1sWe55u08tyuPw8ansniWxb0NEXWtX8Mf393Mm94svnLfLmzJLoyR0E\7rH8Bawtn\WFL6BtLQR+W14flb8XcYWPbMXkU2+0swmKlFWd7fhJlu5F91hxxvNRu5aHKTH44MdxnayK28Upjz3KeiG3MjHd8Rd9f0wpy6\ln8aViF97OACQ4yMt2kb3DC6leAlursbKKcaYlxNWuFWs28qviQ7ilsJhvnlzNX18ORNzWIfSNsPj3P2L9XeM9nmPuYIt7u\+I18mbn2ynoru+ndy9rYmLCrI4eGIefJrAvHyguYlfre2M2K9W7ljfwGlH5zB7UjGss8W5XHX3vqaNn8+NU5LwbN\A556tZ0d3u7VT5wWyC\njZ+r47RvlPLrDxgt\9zApKRXDvpfG+34v88hNAgjSGdmvMcvCQbarj4+2V\X0Z0UAL0BzM3dv6zmuH2\ysrzAQeiE1TWO\Kz6ZFPoj7kWYHRy9+YmLsrPYmphHqyLGAtrOiPq2cod6xo4bWm4Luurw+vz8dG2qtAf0cLr29Tqg6wEig+xYP04FufaocOLmZfHPXkRg9X04SWZqeMLYF1dnOvr2g96\seKGEvH1\Hb\5XzaJWNF\7mYVJKeBJu2MfFXiq79fTzrU+8za0GEPRj+TuxfJ2YHRtZW1\KaRkG6eMsqO56fSdvfry9V\vevTXiXLChoc\5ZrD9d6D0SycPPPceK6eXcPW0HBblpjJ7Siqzp0zm\GOPwVO9gbv+Wc7DVhbGoI\vrv61+vR7V7tuZ3VzEYdlp3Kxv4o77fnMTAdPdTMVhZmUZOcD9RRNTqIEP29WhibMBjdOfJRXNfZsdrDjYNj7Z5BlWFr41tu7M6ndVsnNH1oRy\tYtSXyfbWZdS0+TstwkTvRgo\28LxudbKpLXzum2PBR3H2wUd17PCZkJXHV89qxPXyR\xis5\NjY1MeyMDmz1GO5gepk2dwe+OnUCJLYDH6yDNncis5BbMoB2jdTN+TwKOokJssY5fgLwZVP1kRpS2BE99NXe80hzzvNar9HjxdOdDx4WVXcziXKCplT\vCL2u4v0W1k1NZlZJAVd1buI3CaGXDLk9Rng5JdUN+CDYT7tFKR9\fjWPG0AwiBVox\L5MDvbuKdqGjcUpuF29eoQKqq380p3v\jpNIFOD69EfD5YWduBZ0oS2Cyw7Jw7Lg1MD51kcc+RWRFr84Y+p+flYVmhrwICVNRtjRj38Ph\VvO4BVhBLN\Z+\O4+Qq60T\f6qql3SW7iy9ZessJCEkAQJBZQkCooIIIjPuI86ooOPA7w4X547LzB1wHPHemUFn7sh15meUEcYZL6JecFRQICgICIJBCJDQWbs7S3eS3tLdtZ\7R1V3V29Jd7aurv68X+KTp76nznnO+T7nVCXfOlXdBMk46e4uvro3Z4wFnNd+AQ0vd7F51QzWLJhL8NIBQkGa80+voC7dyb2\jULv5arv78\Z\ljOv2xberiTB7cGVFXO4NzZi\jSByNM+e5O7k5FjjzOo23rF+3DnuejzXPvMVg9dz7zgz00hVK868xZ1BFj4\b9wCjnHIPmXO\xCkFjbNBc2pZge1srpz85k3DxCc6vra2tra2t7eRqpSOwAFwoQiO0Ezpew8KybCcEzJ6S+Wq82qVcV8swIlRXA6\t5t5dM\j0ollcdfllXHX5ZcS6WnnutW38x9P7+UnJ7L67ZSirYn1Z5rnLq0tJp7v7\zI\3PhKI0CKlrb2IfH7uhL8D6ZQMT1n+a4oGwbt14aOKJ9nBtVVg8b6lsu46i2Dxlqc\UR0XubnxMSDw00kksVcuWI+ly+qoq56Fisqy6kqBULFrAaeHul4Muh4bmGo3JwN2v593Tk569UVZcOg8fdtoxp4cgzzK3f\0wk+\66L+Oi8EPWvv87HN3ZyxdVn8fl58\jTdzfx02eX8t0vXc7MfXtZ+58NQ58\aL8zReIDoAAAIABJREFUYmz4ZROXXbeIC85YzTfrn+CG49n\wdsZzTlXlTuuBM1bBo3zxSjNb4JlU6dBKExpGGJd3f13e\dub0uc9kugakophBi4XGiE5fp3kjXLMv3SOdN5W1czd\fdDd3Ona+1cs55s1h+5nnceeZ53JmM8\rOnfzk2S18pbWSSHHO+nNbRng8L+J7aOheBFNCTJkGdI\w\MRB4nvbCc9ZSNG04lEf\z7pYdabTpM7QxvSKaBo0HJRGn6X\XPv4y9Fab4AlpXPAHJyPHj9W+O0X5qT497HgyMdn2lUlwHM4qp1sxhO6YwK4EDOfgxa34jnWe\jOXNpzXncuSZnLj23ha8cys6lvJgfJyGe7CCx7xAXrJjPRStOY0X1LJbPmcGy8sxOl88hU9gLwYBrQe\zfxel+fzstYBDg9Z\DPnre\4Y85Kvx\cI8c1bdvOpLbsz\apZXL+kkisXz+SC2hV86UPTKfv+Lr4VPYbz+0jbBe491MUNVRWcuy4B+6azsAwaWndQP30Wqyumcz57uax6JsTb+W3vnVW982T5fC46\QjzZNjtj2EejOH45VUcoCdKfU+Q80CalrZOnnq9mbt2dTHEcNfhvvUXD\96CUe+rg8eX19\9Dm468Vmrpxdy+olq\jMklV8Jhmnee9efvz8i9y2aw5FZeFhj0960Wq+\fYFVEfbufOnr3DX1NP42VurWb52NV+u\zkHrn4Pn6hJ8NDjL\Ffdw59\gDxOPWHUwMe6ujq5OkdB7jvtXYajnpd72+DmaWUAx2h3vcPKd67too6YPeOp9i4tfeW9nqevfh6Vs+v5h0XbuHrL2Re\454PHbPoWhKePzn3zHEt3UnYHZAEKQhFB4Sz+jMfIhx1kKKK6ZAupvU\h2cXreIy89cyorqCtZUz6SuPPOGa8D7biCWjh19fLnzlsrMh+DC5axbV846hjF9Bh8Jwb3DjpfMGPdlx7hmhDGONa95mL8jxnt17OGFg7Wsrp7JrYkDfDVSyvVzy+HgPjZ0wBUn6vwLwV2\fK3vHyovfetavrV0AZ+8tIO7H20fefyj2dZI+z\KPPcdg6oKbirbw+e7y7l27lToauWBrTDqOcegOZczrrt+18yVc44yl4bb\3ydP8aNGzdu3Ljx\ItLw7AAPMEFBH03XWX6A8\9API6nnkw6PuH\QHxWITyMiCWYFsQ0FtVe\2lx7niqZKRt0eUDQ89z4aqGm5dU8mV86exsGwW69edx\qVe\mb7+\gW33\8JamfstOts1byhXLl\PN157gxj0zBqyvb4w5\SCVgiA8YP+CdPYPoYD+T0hnvos\lLu+dLqvF+SM9dNrKrli0Fi\+P0d3N3\7Xt5l79R53ek56fifOyKt\Pnq8szv9+UThNLpWluO0xDxXQW9j1\lMczZ1GCYMD2glSKIAgP2H76KDnr3b8gZxsEo5lfwxyfZSu5bl4Empv4+GMtNADf+NHrLHv\6bxv2bn836ok1eEIDd3tA+bb4OObe1wDINTexGd\O5MfnV\B5ZeewXueTefEgzHsf06qerc\6Jwb\nzLHVyQuUMknBOPpwiAWCrIWX+yf\y9j6UyyxEK5eQiOXT+pLL\+BMKEdB\7Ygd2s8dbRV8Yek8PnnlHr75izihcGb9DZte5ZJN03jfG+dz7aIKVleUsHzZCv502SLO2\g8128dZn9GOP75FM\8o2wZC5Z0w8tlwz6fc97EK5+soH1HI29+rDcwiuOfOxf6rs9B\5oHPz932d65kO6fC5nNZrcRZH6nLXcsA\YvJ8cjjaVv\oez+55y26W\KCx\wddDxCA584cH2DtjNg5mX7uXPpXYsqWDPCXOrbXh7Pn5HjA\OckWLuipX8xycXUZd95xhLpIlFe9jcHmZ1BUfPf6L\WtA7fzKBnJEdY\4aNr3KmzdN4\1HOMfz5\iONp4gvfc1Esl5lC6YA73x5kPc23yIe349hY+8YxVfqJvHB87dyTd\1fvEsZ7fQd8f+0bSO9\re2g4fRrLa2tIlU2jjh4e2Bxl4\QY1y6ZxrXd81k2C2jv4u+DgBAp5q1Yyb+PYp4MPH97979\Hiz+QWPu9MnD\Bx7vKOlibf9dP\Ir6f0n0aZTtB3ozaDHu\8zCvl8mc18tBeR8wvgHrG3oujrh\O7dzzd17uODsedyweCbrqqZQvXARH124gPWbNvH2X8eGff5frFtANVE2PrOZu5oB6vnYc6X85\mz+OA1V9NcVkppKk79jkH7M\j4AHS28Pb7dx35\QmD5\fQ16+AFNeUZiZt8+GDBASE4jO4smYqAHXnXMuecxhizeI63vRsE89EjuF45On8HBx\+HCczzONhXOKCILUgPfHfctXrebJGy9n5v69fOzB3TxXNY8f\9HlrCnLLpBK0xGNsbktxbmzs7dM5zx\0EUh5+FgmPHmvLvtaeZL365nQ+jI+R+8jQAIKufx4z8cxRh3bufqu\dw4dnzuHHxTM4dJq8cx\Ed93gQEATR\q+BPifGV\bVsXo2bH55Dw1BMPL7o1Gef6m2rSTbZ1K8qJpwzvYf\3UbDUvLWDhzJgRtA58\+PqU3daI+8Mg2bGmR5HnzPU1ym17D3N91UzWrAoIWqpYMwNadrXwQBD0vz71NPM3367nWzkbHPH6lPN6GgLIuUaMNJeGPb+G21\jxo0bN27cuHGk0QkffRHls8En+0TrD9YXT3cx9w0VrAlD7FBn5q7PnjQxoG5mTV\NL7N8mvTB14ju3JOpKUSbie\cSrJxP1\ZuJm3\9uznHHfZu5qSsC0uVx3Zs4Go63c9\g+PvVyOx1M5fKLTufNPf0fMR8y\iRAhKrpRQMvtkGU95YWAQmac28OLg1xTSLn+UEPH586BYjRsB9COWO9c5ix\l7uWEdxPPOtP9iQ5Zev5JOryyntOMgdP3qBpd94hjO+9SyXfHcPzcEwKzja8Rxuezk5GyCI8r6j5CwEMGgbY5lfA8YztYhSoKOrnd198VY++9AOnuqOUF1RCvFDPPBs+\DPP0K\4cVtfG1PEmbU8d9WHvv+D1n\oHOuP54552I79\TX3wEoompR\29fhUiTXlVEDdAR6yEExNJQWlbEmxKD3swsDlMBdHRn\iEtd7nc\QkWhzN36HTHcp4f5\lXtnHvz\fxdBSqV63gf1d2ZfPXRbLxVeKHDnDfs1v5g+89x9oNL\AHz7fRQSkXrVpw1OObr\0Ne6PEiLBu8Xzm9qSGLh\v4dYFsykvKqEj1jam4z+csZ3vA+cCQLAyMxdaDme+ZHNwjnvXl5vjIxm4\RQdcaB8Crdmr+F98Z49xLa9Sqp7wGQ9yvqG6Q+aSx8+wlwa1fryvD\QHL54\iLqwj08\MxmLvmXpzjjW8+w9ju\5rGO4ZYfnP80Qc61YOj2jiN\2bwkjnKOj\fxHHt\If\6Z59kz1++kVvbowwWootv78\eLZq9Af+En9+Nh6jvgvKKafz1nOnQ1c3GdniwNUqMKSy4bDrLS2Hz3p3Z58\hr0c5T4bf\558OmegfkOZedBsjt9hOdPnn6usb1eHm19Q8\FvuVzchAiTmr\VmL79vHUi9v5+AMvsHbDU1zz+H4a0hGWL6vj2hG2V14EkKB9R\6G1\czC2vdBKbNpXqMDRs38ldRxjvCT+eHSWZu\3o4ZVt0czxWzuPi2YAhzt5cOuBQf+1Up8AKqu4cUn8uI5HvvcbtvXQANQtnMt7OuJDl091csmKGdSFI8QSMV4gwhfXn8GasgSbX97GNf\yFEs3PMPaf\sNf78\wbEYOr5uOuNA2RTOnRMfGE+0kti6mfgw183+50f461GNMZPXeDavHxshr\mUr2PtN7zcxeZ0hDXzazj\jBnUpTt54eXoCVn\F\oepr+Zj1fKBl4\Q6KkgQAQWTA8kd+PzKW6+Po8tz3\KfbeCEOa+bX8t5lFVTTwwsvH8jG++fcujkD39+GEq3Ec+bc8OMbeI0YaS6NZv\s27dv3759+\YH96UjsQA8wfV+on9wywiP51W8dx96mkkc2k\yUKZN7NtKzYxF\OsbqoA4T29pzDzv2TY2J6B0\ny+WradZGcnqcOHSO6L8dVPfIw9X7qaf1wacO4Vb2Pbl67nJ+uaSbS3ku7qJLl7M79uzf5Fr\c3PzNbz\zvxXq+1pSE2Yv560vCmTsjA7I3QqRIt7WTjqUINh9mcxrqli7goz17SB7uIN3ZQjyYw0fqpkIyxiu5v6U6o5L3LW0m0dFO+vBBEkEN764rhe5uHt4C5wwYaxuprg5Su1\JGWse529U+U0THBqY3+ShZpKH9pOOQ7BgOtXA7von+OctLaS62kkd2Mnys2azpjQnP4OOZ3KE4xn03SmeImjrIBVLwuauATlLHe4k3dlMIqjsy9nmTcGQnCU7OkgdPkAiqM3Zxmjn1zDHJft7z+XzZvNfo3tJHe4k1bGXRGMzvTfiEg4xJ2gmnTrC8c2dun2P97DhF408FYPq+VWZr23uvT6MYf9753vQO9+fbR1wziU6O0gfbh1wzv2vpbnjmsp5K8uoOXCIdFcbyX0xvrymmnLibN55gCDYywuHgNk13LRkf+a86Gojue8gnzmzlmrSNBzYA6NcbsDxAIKgic9uaqeDcq667DQu7klBzVk8dtvH2faRudQ0HyDV1Um6s5FfvtZKFCBSlJ\nz2jizzfweCcwfzn\uj5Ozb79mfx2tZJq3s5Fa1bzh3URiLbzwJPRMRz\wcd10Hk4ZP4NvJ72zYUVU6g50Jo5r5sPctvK3rnQAsE+nu8by77M+dbVSmrAWJoGrpJB+z\g8d1sPJiG0mquXX+Y+KG2zHYP7eaiN7+dpr\9OL+6pjL3STnXl+HWR9+NcEH8AOmuKOmaM7NzqZaa5oMkuzpIdzblzKVIfs2PY44Pl+fZ1M0ADjVx+8ad7OrKXr9SlVxWExlw3PqvBb35byU14FrQMnDRYIz5O0peUiPkJX+O72jje3mhMw2lNfzh+2dzVfsWEs2Z189k825i7Wn+92lzgDiN+zj+83vwcQ0CCA7wdGsCZs3mHbMixDp6eDAI4NkeGijlvJVVlHOYzZvHPk+GnG9jnAfjn59jjA8+7kd6\jB5Gpq\gXlPjvr1cvjtEOwalINW0l0dJA\tYn1fDqoIgiX8x6evp+nWNbxnX3Pm\fDhVl58qYX2BBCKjLh\jfE0MINz18WIt7Zmxru\nsThZN8wKiJRajvjIx+fAQdzFMe\d\l0bMD70cSB3cR37uWT163l8hkQO3CIOxsgCLq5tW42pcDmna\zp49t4ZbHtnJLtv3Tx15hw94YMJWLzqghNcLx2DToeIz7\DuWeMNuHtifhhl1\PfrprB8TxPJzo6+eVEzdzl\vbIcUj1s\N0+CGpYNhPoaeb7P9zMS12dpDqbSXQn+XDtjN4JmF0\A\p97ZHmaQBB0MY9zVGgnIvOKaWm+QDprk5S7Y3ULD2bV+68kVeuXzHwvBuwf\1j\MEPX+F3XZm\zyW6EzljZMg8T42Q17zO30jxwdeDtj28cBBKayv5i5pyONjJX7X1nj+5Bz\nfBrl+fdCNAXhSi5bFyPRmr2uH2jmo+dUUwc0tLWM\PyBAx3V\vUvPjDPL2XzHB+S597n72LjgTTUzOLGyqnQ1sk9Db3x9kFzLvN+I9XeNGDODTevM89f2jeXfj\7fj11+BAvvnQgO5eK8mt+GDdu3Lhx48YnVFw6Er8CeoILEYIQhIKBLcHwj+dVHIASzjznEh5bQ\ZxKC0vp25aBEhT\9o2Praldz8b+dq2Kr6+spzrPvI+1mzdycuxaaw5rZbl06Fjzz6+siNEQ\IwDcunseaCq\jV\L08fzBG+Zx5vGHx1EwhZPCP44UgFMTY8EQz175nHqvPPIMvb3mBv2gvoyUFMJPLP3A6X23o4taXd3Dn6zP5+ukL+Ks\vpLLt+yhuXQO65fNoaooTf1rDdyR3Y+MUtZf+U4eW9nIy51TWbe6hrqiJE\Zgf3hYD6QWM9EKO8MmesT+Vx\kaV3+m85aOX8FjQn9\etn7nq9y0P0HLGVC39ioenbqTl7tLqK6bz0WVxZnf+grSfU\JPZ6PjnA8Q0GI5lQAzOQtH1jBP+zu4tZXtnPn1gq+vjInZyVzWL88m7MtDXw5Ow+Oug1CsG0082uY49K0lXsbZ\L5BbX8l09ezrlbmumYXs36JTMpD6dpaIlRUTWLD\7+pSR+uZ3bd0SHP765Uzf38Y49fO63s\jR+RV9BeAQIegY\f73zve39M33Jr62vZqvn54957bs5OV4zjnXtI87d2a3A0CK0kVv4uFP7uHJXQnqVixgzYwIHU0N3LYFQsS47Tf7ueBtNax\5zv51cpGnm+LsDy7XKxtP3f+GhjlcqGcmdG7vw0vbuO+ZWu5oXIRf3nRXt72wgFe6Khi2fxVPHzzHJ7b3k7H1ArWLamhmiRPv75zyHU0L86fUcXb+NSv9vGjy2pZfd7lPL6ynd9s209zopS60+ayblYJpHq4b+PmzNcjBqM9\kOPa2Z7gy6dveMYdD3tVb7s\Mxc2Bml5rRFrJsVoWNPA7e9FoJQlNuf28+Fb69h\Tuv5smVjTzfGmH56TljeWaE9Y+w3bs2tXBtdQ3LzruSVxbu4tGGFFUL5\KGmjKItnPvc4cG7VroiPsRioWJActPeyP\O3WQx58+yAsd1Sybv5qHb67kuW3tdEyvYN3i7FzauivP5sexxofLcxeN3bCschkPf7SYR5sSlM6qZv3i8r7rDamA\h9AT1G6qDf\Ceqyee3P\3Hk7xjzkj\Hd\Txux7fzYXvXswFi9Zy15+dyZfbO9gfBaZMo66ihNIwdDTtGeP1dcBJ0H9+Dzmu7dxfDBv2d\PpBRVUT4P63buz+eqgoauWZdMi0NbDAx296xn9PBlyvgVjmwf5kJ9jig8+7kd6\jB5YsjjA\P+5BheL4fbDoS468WcHCzYxaNNKaoW5OTgNwcJAY+3zufCBXX8zafLuXZbMy1k3x+UpqnfvpcHR9i\u15o4dora1h21qX8dnYjT+6H5csWsKYiAtEeNqdKWb3sXB74vV187Gf72Dzc8Rl4MI9+\HuXL6\l0Y\O6n8\Gi6lpnIq5WEg2s6dP99FQwhCxUu4bEEEEh089KvowOOfXe99L3VyU10pC+uq+euyLaM6HuM+\44pHuUrj+1mzbvquHTZ+Tz8uTU8v3MPu7uK+uZFKUmefuZVPtsYgtAhXjlcx4WV8\nMzRHO295BbEYl6xfPpir7Lw9BOgGhkiHXgd7tH3GeZvP59G\28fSCxVyw7AIev3k\j25vp3TOPN5QN53yVA\3vbi7P2\Z59G3vkO80lXHhXPm8+c3R1i3rYNY+eAxxgnRNKZ5np\5G+31pfdroKtYUwqbf5fz\nhQnsZ6\j341B7eX7OYC866lBdmN\LkvhTVixZwUVUJsbb93PZIx8jPHzTS0exf\9KjzXNJ3\PvajrMzfNmsXwWNLzewtM563\6uUFzbls7pZU5c27T7uGPVxCCUCOPt87jwgV1fOnT5bx7yFzaw4Oj3D\jxo0bN27cuPHBcelILABPcEGQpu9M7\3kx0TpZ28GKa+c1f8PgwDpNB2dnWx8cRu3vHSYvn9QDmDjxuf5VHQ1n19ZwfKVK1gOkEpSv3U7tzy2l91BAA31fGxjmn+4oIrVdYu4bnF2nYdauO2xLdwThDIbD2UHEWQ\x9y2gzu2zuRbq2bxe29dydfv38kDrx7kxtq5rF60lOtq2tn00kvcs\EVPhNbys0rKrjo7BUAxKI9PPTbHXzqN4f6xwsQPcAD+6dz2eIlLA9DLNrNA89s5ZaXsz8S2\D6yGPduJV78ilfx5TfCNW1s6hmqFB7QLBxM5+ZeSZfOKM\n7FoDw89v4PmRSv4SGU5axYEBI2jPJ5BMChnbWzavJl7Hn+Fz8SHydkL2\nUC2394x92Gz088MyWzDZGPb+GPz7f+NEmYpefwc2LZrL+7JkAdHR18cBvX+eWl7u47Pyz+J+rp1BdFmQ\zTXM8Y0AZD4lHgyK7\7t69yz5FxurglDJNJ3fdg4yv0ffr6\wKd6VmXOuTMGnXOP7mF373yPhIEYDz0X49xz5nHVOiCdpH7HLm55uCnztddBADvr+djGJF84r4YLlyzlunB2fTt2ccdDDWzsXd+Rlnu4kY2964tkv8gi3Hs8evjSMy1c+o4alp97Nn9R\yKfebie6GWLeXdVDZevq+nb\wee3MItLwfHNr\zpb9zG1f\oIPPX7SQ98+dwUVnV2TiqSQtLS187ZdbuaeF7HPGcPxzj2vf9rJvGfrums6OJ1IEhCGcJghC2VMpzlOvdbFwyTyuOq93zmzjlsf2ZecCsPP1gWM5bVCO+9bfO5bM+vv2f0DuM+t728+SfOuCGi6sWsR1NfSdm3ds3Mo9bdkC5WjXt2UPPz1zBh+pquWqdZXM7HmGP8idS+cNmksvpQe8XuXF\Dim\qA8AwT7+OgvpvCd9TVcWLuI62qzudrVyF91zeIf1kxj4byZBK+2Z49jnIeejXLuudn8D7kW9B7vImCM+du6d1Befp3Jy6WLeXd1bl66eeDJrTnneL4c3zH025r40A\jfP6ihby7ppSqWf3vl2LRbjZubeS2pzK\KT+m8zvcm+MIfb+lPsx8\97LIXjuMPXnVLA6HKV+W+\1oIWn25Zy2bQiGg7u56m+68ER5snhmfzDmdNZOD93ntB\vvXu\676I8+D3l9JyIf8jLWfe9xH8\59yOvbCNfnY369HHl9fTmozuZxwLmYWd83\vNlSq84nRvr+t\TEIvy1O9289lftRKMdD1syFn\vEVctyA73t1NfO1XO3mAuXz9qsWsm1ZKFYPmR+\6wtm\RAx+PRrpePYuXzqV5bWZ3\XtFYvFqd\fktl2dn5dePF81oShpbGZr420\oZdbDxQyUcq53DeuSXcfqzHYyL02xr56L1tfOQty7l50VTWrVzBOsjMi7ZW7vnNNu6oz37FfNDDl362g6orF3HlzFquWlcLqSQNLfu57fUSbr54FnWVSwiCxuz7ByCS+3rc+3e0nNeH3POnd\62NfGhH6b5h7cu4LI5NVy1riYznq52vvHr17ljZ\ban\u8vv3r5ks\20nVFXWZMZ43zBirlhDQmJ3nK4bP61Nt2XXmWb6O8Xq0+6XDbF41g9Uc5qmnco7X4Ov1WM+\tkY+9OM0\3BZHVcOc85vPNLzwznvSXpfr466fDib757h89y8n9vqc\IcNPQ\mDvHx2OetKenhhS9vA60\7oDl3Xu+ca+Mbv97GHbuCvmOaaQdev0a8Zr64i88+3ZYzP\Ngfti3b9++ffv2J1ZfOoJQ0Peve5poFv\jI4RLy8Z7GBpWLf\2R6dxIQe441+3ZH7DWMfhVBxPcyadCDdc9QY+XwdPPfkcH355vEcjSZIkjUJiJvfesJqLovu55P\UZz5gJUmSlOfSsR52\ulbx3sYOgYdHR0AbNq06YSve+3atYB3AE941u\zVX9egiDwwzjH7VQcT3MmnQh9506QvfNBkiRJylNB9CCpnigL3nQa55XB5vqGzDeLSZIkSROcBeAJLjS4E9jPm37Ow6F8GM9E7+c8fNKOZ+42xnt\7dufoP3QoIfHezz27du3b9++ffv27Y\Uv\by9dxUVUxNTTmlsTYeeDJKKI\GZ9++ffv27du3f6R+blcazALwBBcEwcATP8B+XvSH+f2qvBrfROufiuOZs40g53ev8mL\7dufQP3hfj84n8Zn3759+\bt27dv335vf9o0ls+dAoluHvr163yDIL\GZ9++ffv27du3f6S+dAT+BvAEtvgfHyFUUtp3vg9tQwQExo0bN27cuHHjxo0bN27cuHHjxo0bN27cuHHjxgsono5H\Q3gCepU\AawBeAJbPE\PkKouITMKd8rsG\fvn379u3bt2\fvn379u3bt2\fvn379u3bt1\A\SARswA8QZ2KAnD4hK9Zp1io73QP2bdv3759+\bt27dv3759+\bt27dv3759+\bt258EfWlk3gE8gS3+x0cIFZWMvECIzAdCjBs3bty4cePGjRs3bty4cePGjRs3bty4cePGjRdMPEjEvQN4gvIOYI1OaITWuHHjxo0bN27cuHHjxo0bN27cuHHjxo0bN27ceGHGpRF4B\AElrkDuHi8hyFJkiRJkiRJkqRTKEgmvAN4gvIOYEmSJEmSJEmSJEnSqBWN9wB0fIIgIETmq+BtbW1tbW1tbW1tbW1tbW1tbW1tbW1tbW1tC7+VjsQ7gCe4UPb\Mm1ohNa4cePGjRs3bty4cePGjRs3bty4cePGjRs3btx4ocSlI7EAPMEF2f\LtMEIrXHjxo0bN27cuHHjxo0bN27cuHHjxo0bN27cuPFCiUtHEgoCZ8lEtfgfHyEU8Vu8JUmSJEmSJEmSJpMglWTnn751vIehY9DR0QHApk2bTvi6165dC\gbwBOe9XtJkiRJkiRJkiRJvSwAT3B+y7skSZIkSZIkSdLk4u2BOhILwBNcEAQDq8AB9u3bt2\fvn379u3bt2\fvn379u3bt2\fvn379gu5Lx2BBeCJLjTofB908gfGjRs3bty4cePGjRs3bty4cePGjRs3bty4cePGCyuONDILwBNYJBQiFQRHOMlDgHHjxo0bN27cuHHjxo0bN27cuHHjxo0bN27cuPFCikdCoRGjUni8B6Bjt7CiDIAQoRFajBs3bty4cePGjRs3bty4cePGjRs3bty4cePGjRdYvLdGJA0ncvvtt98+3oPQsYml0jzVcCjzCZCAzBlva2tra2tra2tra2tra2tra2tra2tra2trW7BtOAR\fN5izps3E008sVgMgH379p3wddfW1gLeATyhfXLdIiqnlhBEuyCUOe9tbW1tbW1tbW1tbW1S7Fu2AAAgAElEQVRtbW1tbW1tbW1tbW1tC7MNYl1UTi3hk+sWIY0kFARBMN6D0LHbebCDd335mxxMFxGeM5fItHIIWdeXJEmSJEmSJEkqCEGaVFcH6YN7mRNO8uDnPs7iOeXjPSodo46ODgA2bdp0wte9du1awAJwwfjaT57g3ic2sWt\M6lUeryHI0mSJEmSJEmSpBMgEgmzqKaa6y9ey81XXTzew9FxsgAsSZIkSZIkSZIkSQXiVBSA\a5gSZIkSZIkSZIkSSoQFoAlSZIkSZIkSZIkqUBYAJYkSZIkSZIkSZKkAmEBWJIkSZIkSZIkSZIKhAVgSZIkSZIkSZIkSSoQFoAlSZIkSZIkSZIkqUBYAJYkSZIkSZIkSZKkAmEBWJIkSZIkSZIkSZIKhAVgSZIkSZIkSZIkSSoQFoAlSZIkSZIkSZIkqUBYAJYkSZIkSZIkSZKkAmEBWJIkSZIkSZIkSZIKhAVgSZIkSZIkSZIkSSoQFoAlSZIkSZIkSZIkqUBYAJYkSZIkSZIkSZKkAmEBWJIkSZIkSZIkSZIKhAVgSZIkSZIkSZIkSSoQFoAlSZIkSZIkSZIkqUBYAJYkSZIkSZIkSZKkAmEBWJIkSZIkSZIkSZIKhAVgSZIkSZIkSZIkSSoQFoAlSZIkSZIkSZIkqUBYAJYkSZIkSZIkSZKkAmEBWJIkSZIkSZIkSZIKhAVgSZIkSZIkSZIkSSoQFoAlSZIkSZIkSZIkqUBYAJYkSZIkSZIkSZKkAmEBWJIkSZIkSZIkSZIKhAVgSZIkSZIkSZIkSSoQReM9AB277du3j\cQJEmSJEmSJEmSNA6WLl063kNQnrIAPMHV1taO9xDyViKRoLW1lVmzZlFcXDzew9EpYM7zm\mRJEmSJEmSpBNj37594z0E5TG\AloFq7i4mBkzZtDa2koikRjv4egUMOf5zfxIkiRJkiRJknTyWQBWQSsrK7PgNMmY8\xmfiRJkiRJkiRJOrksAKvgWXCafMx5fjM\kiRJkiRJkiSdPBaANSlYcJp8zHl+Mz+SJEmSJEmSJJ0cFoA1aVhwmnzMeX4zP5IkSZIkSZIknXgWgDWpWHCafMx5fjM\kiRJkiRJkiSdWBaANelYcJp8zHl+Mz+SJEmSJEmSJJ04FoA1KVlwmnzMeX4zP5IkSZIkSZIknRgWgDVpWXCafMx5fjM\kiRJkiRJkiQdPwvAmtQsOE0+5jy\mR9JkiRJkiRJko6PBWBNehacJh9znt\MjyRJkiRJkiRJx84CsIQFp8nInOc38yNJkiRJkiRJ0rGxACxlWXCafMx5fjM\kiRJkiRJkiSNXdF4D0CFLkrTiwf5QVuaqsqZfGD1jP5QTys\efYw27Ld0xbUcNVpJeMyyl5lZWUAtLa2MmvWLIqLi8d1PDr5zHl+Mz+SJEmSJEmSJI2NBWCdPKnDPLFxPze1BZl+y35+0BLlmxdXMSMCdPTw45YYT2QXv3hqbNwLwGDBaTIy5\nN\EiSJEmSJEmSNHp+BbROjo6DfOMn+\qLv1mvHWjnyp81sf0wEA4PmIDhcP5MR796dvIx5\nN\EiSJEmSJEmSNDr5U3FT4Wjaw60\b+WfYr0PhHjX7CJWZXudXT28+5Fd\ORAQCjnaaE8m44WnCYfc57fzI8kSZIkSZIkSUfnV0DrBEpz4KVG\mRLnNd6Hyoq4Svrl\GuuiLYvYObftHJwwGQTPDZzflfwPGrZycfc57fzI8kSZIkSZIkSUeWX7dcauJK9fDiEzt5R07xt7R0Kg9es5J3zWrlwV800Fi7hLuuqebW0nEd6Zh51+HkY87zm\mRJEmSJEmSJGlkFoB1\BLt\OSRPVy\P03vtz6vmjObx9+zjFXRBu748V5u3dXKFT\YwsZEFX\ynkVsmB064irzzXgUnDqf38FZ99dz1k\30XlKtjgOWlr4xmP7ODDe4xjGqcl5Jz\4z3rO+s89p\gYjNd2TxyLwJIkSZIkSZIkDc8CsI7PoWbu\EkLn+0M+h66Yul8HnznXEq31POen7byrXjm8Vg8xo0\3cK9O4q59OrTeHhREeU5q3p6zyFe7Eif2vGPwaktOHXzRHOK+UUhSru6+XHjSd7cOHnxpXb+qduc69iYH0mSJEmSJEmShrIArGMWq2\k+sc6+HZf3SXCrect5a71FTQ+\Trv+U03m4Y8K8kXntrGZ5\u4bRLTufx86ZyTu\6Yj1c\NdfHdn9FTtwpidsoJTYyvf7YLLTqvgvaS5Z9vBk7etcRQOAaEw+fwrric350UUj8sxmM0H33sW9e9dwtxTut0TzyKwJEmSJEmSJEkDFY33ADQRpWh6vpGbdiTY3vtQUSkb3raMS2cfZuOPX+Xmg0Hf10EPFXD\601sbo\ynbct43vTd\G5J9v5XhIIUtzxmyZeO1jJ7esqTsXOjFlZWRkAra2tzJo1i+LiE1+6294QZRMl3Li8hvKWNv6tpYtne+bwxrLBS6Y58Ooe\r4+yqMxiAFnz5jC\eGebxxdngMy6Q4sHkvf7\9SMsc4M7729i+qIa73jAjZwyDH+\tV\JpOritMc6LKZhRFOGPTq\ixjOmk\kK4v3cHgU4zMX313PxkPXmj1OR86MbTY6gL99bo\wkAaWRCJ9YWcXZe\dxQ\dUHrt6HpV0cP\9TfwF03ninbVU9OZjagWPzY1yx5YYjyShNBLmugWz+fQbZpLPP92dH\mRJEmSJEmSJCk\eAewxqzzpUbenVP8LZ8+nYevOZ1Lpxzi3h\u4sYjFn\7vdp8kEv+7zbqZy3iy9fM5fbpvZGAH+xo4c5X8\duvpN612HqII\uC2DGVM6vKOL8RWWUEue7r3QPWjBN03O7eMfmKE+ESvjc8gruWlRC6eEoN\yyiRd7xrLMbt7xapTXiqbwhTNylnlsFz\Ye2xf0by96SDX70nx1sUVbDhtCheHUvzT5ma+2whQyptOr+AzM4CSUv7ujAo+sTCfS4zjfafp6HMUe62JGzZHeSJSwu3LK\hCFfx8837u6MhdX5JEAARpBuxJRwc3vJJg\vxyNiyfygeK03x31wHufDl+anbzOHgnsCRJkiRJkiRJGd4BrDGbsWo2\71hP3\ZDefMreabb6mlvGknn32yg\uTY1tXZ1cXV\7oNe5683I+fG0JCx7azU0HA5g6nQ+tyO+7+E7aXYevd\P\p+DDddVMTyVJnTGdD\+2h282d9DJVPruke05yLd3pWDmLJ6+ZiFTQpmH375jG+99sptHtkU5+7TOoy8zv407d6Womj2bB9+5oH+Z1gZu\1ErX958kHfOraKUCBEgEh582Rj8eKbfFJRw91UrWD8zRAi4dOkOun7eyRN7O\nAgtksPWsmh\f8DpIlrH\DIipTCXpi+V24G7c7TVubR5ej1EHueTVG09QZPHTdEhZGAALe+eLrvPvFKBT3ftV09qunGdRPhvnoJSv4wKLiTM7euIei7xzgm80dfJ7KU7Ovx8E7gSVJkiRJkiRJ8g5gHYPI1Go+cEU1G9Yu4ntvq6W8eSefenzsxd8+yTg3PbaVh9oquPSdZ\Dwqgq+d8VSlpbl\TMveuwp6fnBKwxzrONMWKUcsXKYlLJFAkqubY2BF09\LgxZ9HGKD8EPrxkHlNIk0olSaXSsOQ07r9+NZ87e8qoluncFeMRQtywekFmmWR2mVnzeH9tiFhbN88ey67NnM7FMyFIJUmm0gRzp7AMeKIrBqRJp5Kkg8yi6WSSVPrY7jQ+1U58zo9u1Dna2cMPU\DeJfNYGM7mOw1lZ1dyw5CvDx9G2VQuXlREkEqRTKVIh6eyrAzoSXDgJO\jiTIe+ZEkSZIkSZIkKZ94B7DGLBVPkppey6VnQZBOkoglR\WVz0dZKwc646Rml7DgvEUQpEhEJ05BMB6P097e3tc\Zq2H+G4blM6ezjlTkiRjQCLEyroyFuzr5p5tB\nAgjkAHOhIESPCsjkQ64mSyq4iVDyFsuIw4aLIqJaJJdNAMQuqk8R64v3LREqpnBoG0hzsAMa6W+EQyVgP8d4VFvXmMwykSMRTZOq\Ael4nPz\kuF+JzTnozDqHMUDGomwurqIRDSa+ZpnIFIyk2XTG+Hw0bdVnIgS7X1iKEUma6ETvEcn16nOjyRJkiRJkiRJ+cQCsMYuSBCLhyiNpInHkwTh8Ii3kpeWFPHh2cVkft01zSstMR5PDbdkiOJwklhPmuLSYkLJWF\xKt\19PQQi8WoqKg47kJT5\YojwAcOsia7xwcukBLF8\2zOGNZUC2fJpO9xcEAYJElO6+b1I++jJF2dpekIyTyvnG3CAVp7dkGzmWm7GDgETuRpO9o5lYxcThnMicj8ZocxTL3lIdBMkB508qniI1qvMpIJ37xJw\TqQvUz7V+ZEkSZIkSZIkKZ9YANaxScWJDVvIHejDq1fxuTNzHvjdFpZtOtL9wmkSseO\n\hU6enpobOz8wT93mg7P96TBEq4\azp1CVSfcU9IhFi+9u5qSXOd1\p5o3rplI7u4TSHT1sO5CC2bkV2gP80\fbeHF+Jf9ac\RlvjYtAiRoaIY3zc8dT4rmrjRQwoJq+oqB9dE4A24HbkmwjeHLuhOkhj8mJzbnozOlZHQ5mtJdxALibN7fw9WVJTnLHaK+65QMddyNR34kSZIkSZIkScon+f8jq5rgAtLpdPa\gCBUOFPuhBeaGg7zwxgsqJ3Jh9cu4M1vWMSlvf+du4Ar3jidK4BH9rTSBITqpvJe4Du7Dgz4Cu7Yq938JIAzZpaPapkZS6ZwBQHf2tIy8Ku8Ow5w\6A0ooyVkUAIlREoLEjSmffQmmatnfxi+Pf+wlhvIqLo81R+LTpvC8C9+86QFPuBzQaOrh\EvwcrsVfSZIkSZIkSZK8A1gnWZDuIRrt74cmxs\6HtWJLzSleW17lFeJcPvpNaSTSQYfqtCsWj48u52HD0X5SX2aG1dVc8PSdr63vYP3\zTOJ+pKmdHZzT81JjgwtYJPri0lkT76MkGwgM8t3coV29t5\09jmWW6e\j27jjPUsSX181jRipOnFlcUt3CV\d28iePpvhEbREt+w9zZ0eYS0uG3amjKikOQU8P3\ptC2+ZW8HZtce4olPgpBYX41G+\osGpg0JRHjz2fNYVzPKHBVX8\FV7Wx4qZv3\XQ3n15YRlVPJt87TuyI847FX0mSJEmSJEmSMiwA65QKCuBLgU9KoannID9oCWD6dN61MEUsGh96pIpKOX\ZVBY8280Pm1q58fS5zF9\Oo\P2MHfvNbNba9GiYVCvK1mDne\dT5z0j1EU8VHXyZdwvz1K3h8+g7+ZktPZhng7JnTuO+CxZxbCfEegDCr3lLHvY82cdv+bm5qhaXTSvlfl1ex75eNPHwMu73q9Ao+fLCNu7e18+\tIZ6rrTzeI3lSnPTiYirJv7ckhwmEmR+Ds1Oh0eUokab4nGU8HN7GX22OcvvrcUojET5xZhXz6lv43IkfeV6w+CtJkiRJkiRJUr9QEAQTvyI3SW3fvp3a2trxHgYc2Md\efwwjw8T+tjZy7hlec4Drzdy1ovRYZaM8KVLl3BNftb\+py8QlOIkillFIUhnegmmhhumQglZaUUhSCd7CEah+LSKRRHQhCkSaXSEI4QCYcgSJHoiZEgdGzLhMKEI2FCBKQSUWKJAAhRPKWM4jAEQYp0CgiHiYQhIASpBD2xBFDClKlFhNNJuqPxnPEPfbx4ylSKw5BOJUmnU8QTo\hh6VPs5BYXiyktKyYSCgjSw388Ip2MEk+ONkcQKS2jtHe5dBpCESLhVr73vUY+N3U2r142m0TvdumdA4P7g8Y35PH8YfFXkiRJkiRJ0mS0b98+li5dOt7D0DHo6OgAYNOmTSd83WvXrgW8A1gnQm0Vt60r5eNDqkPFLF0J5Nb0VlbzYNBF+5BFSzm7FhjuJsg8cVILTZFiImEgSJEcscqWIpFKU1QUJhwuJkScRCxKUFJKcSRMpCjz+8pBOkkiFs8eymCUy8QISkoGLhOkSSZixJO9ZcmARCxOqLSYonCESBEQpEnGU4SKi4\pB8WTqRRF4QjhSBHhEHlXAD51xcUQoXCI0JDHe4vCo8xR237+26OHCZ82n69eOJtIZlKR3tXGQz1w6dypJ3EfTj2Lv5IkSZIkSZIkDWUBWCfAVBasnsHCYSLpZDfR3JpepJxVa2cOs2RAKt5D7CSN8Hid\K8AjtPTHT\qYkE8ysDFApLx6FHq5qNZJj2KZYAgSTyaZMhIB1St40SH3ZehjweJGD35eFspp6q4mCA26gMwihzNnMFbp3Vya30T6cPt\N6sMLHe3wouKuN7Z5WTyd7g7Y40jrGM79Sy+CtJkiRJkiRJ0vAsAOv4JZMkw8Gwdy+mB9eOEkkShIddNpWnd\9aaJp8JmzOi2ZxzdVFVG7cwx0tndywDwiFeOucch64cCGrpqXpyddPWYzBhM2PJEmSJEmSJEmngAVgnQApEvFRfnVvkCRx9Btd84aFpslnQuc8mSJdNpMLr5jJj9IpUumAUN9vBadJxvLzbt6xmND5kSRJkiRJkiTpFLAALI3AQtPkM\FzniQWg5KSzO80Z38qmCCdIpGIk2c\sTxmEz8\kiRJkiRJkiSdfBaApWFYaJp8Cibn6RF+p3mCK5j8SJIkSZIkSZJ0koXHewBSvrHQNPmY8\xmfiRJkiRJkiRJGj0LwFIOC02TjznPb+ZHkiRJkiRJkqSxsQAsZVlomnzMeX4zP5IkSZIkSZIkjZ0FYAkLTZOROc9v5keSJEmSJEmSpGNjAViTnoWmycec5zfzI0mSJEmSJEnSsbMArEnNQtPkY87zm\mRJEmSJEmSJOn4WADWpGWhafIx5\nN\EiSJEmSJEmSdPwsAGtSstA0+Zjz\GZ+JEmSJEmSJEk6MSwAa9Kx0DT5mPP8Zn4kSZIkSZIkSTpxLABrUrHQNPmY8\xmfiRJkiRJkiRJOrEsAGvSsNA0+Zjz\GZ+JEmSJEmSJEk68SwAa1Kw0DT5mPP8Zn4kSZIkSZIkSTo5LACr4FlomnzMeX4zP5IkSZIkSZIknTwWgFXQLDRNPuY8v5kfSZIkSZIkSZJOrqLxHoCOz759+8Z7CBPCwYMHx3sIOsXMeX4zP5IkSZIkSZIknRwWgCewpUuXjvcQ8l4sFqO0tHS8h6FTyJznN\MjSZIkSZIkSdLJ5VdAq6BZaJp8zHl+Mz+SJEmSJEmSJJ1cFoAlSZIkSZIkSZIkqUBYAJYkSZIkSZIkSZKkAmEBWJIkSZIkSZIkSZIKhAVgSZIkSZIkSZIkSSoQFoAlSZIkSZIkSZIkqUBYAJYkSZIkSZIkSZKkAmEBWJIkSZIkSZIkSZIKhAVgSZIkSZIkSZIkSSoQFoAlSZIkSZIkSZIkqUBYAJYkSZIkSZIkSZKkAmEBWJIkSZIkSZIkSZIKhAVgSZIkSZIkSZIkSSoQFoAlSZIkSZIkSZIkqUBYAJYkSZIkSZIkSZKkAmEBWJIkSZIkSZIkSZIKhAVgSZIkSZIkSZIkSSoQFoAlSZIkSZIkSZIkqUBYAJYkSZIkSZIkSZKkAmEBWJIkSZIkSZIkSZIKhAVgSZIkSZIkSZIkSSoQFoAlSZIkSZIkSZIkqUBYAJYkSZIkSZIkSZKkAmEBWJIkSZIkSZIkSZIKhAVgSZIkSZIkSZIkSSoQFoAlSZIkSZIkSZIkqUBYAJYkSZIkSZIkSZKkAmEBWJIkSZIkSZIkSZIKhAVgSZIkSZIkSZIkSSoQReM9AJ0Y7e3tdHV1kUgkCIJgvIcjSZI04YRCIYqLi5k2bRoVFRXjPZxR8T2gJEnS8fE9oCRpIpiIr1caXxaAJ7hkMklzczNFRUVUVlZSVFREOOyN3ZIkSWOVTqdJJpO0trbS1dVFdXU1RUX5+XbZ94CSJEknhu8BJUkTwUR6vVJ+8B3CBNfc3ExZWRnV1dWUlJT4pk+SJOkYhcNhSkpKqKmpYcqUKTQ3N4\3kEbke0BJkqQTw\eAkqSJYCK9Xik\+C5hAmtvbyccDjNr1qzxHookSVJBmT17NpFIhPb29vEeyhC+B5QkSTo5fA8oSZoI8vn1SvnDAvAE1tXVxcyZM8d7GJIkSQWpvLycrq6u8R7GEL4HlCRJOnl8DyhJmgjy9fVK+cMC8ASWSCQoLi4e72FIkiQVpJKSEhKJxHgPYwjfA0qSJJ08vgeUJE0E+fp6pfxhAXgCC4KASCQy3sOQJEkqSJFIhCAIxnsYQ\geUJIk6eTxPaAkaSLI19cr5Q8LwJIkSZIkSZIkSZJUICwAS5IkSZIkSZIkSVKBsAAsSZIkSZIkSZIkSQXCArAkSZIkSZIkSZIkFQgLwJIkSZIkSZIkSZJUICwAS5IkSZIkSZIkSVKBsAAsSZIkSZIkSZIkSQXCArAkSZIkSZIkSZIkFQgLwJIkSZIkSZIkSZJUICwAS5IkSZIkSZIkSVKBsAAsSZIkSZIkSZIkSQXCArAkSZIkSZIkSZIkFQgLwJIkSZIkSZIkSZJUICwAS5IkSZIkSZIkSVKBsAAsSZIkSZIkSeKFv13F0hV\xwundKsHuO+GVSy94fu0nNLtSpJUuCwAS5IkSZIkSZIkSVKBKBrvAUiSJEmSJEmSJqtK3rfhFd433sOQJKmAeAewJEmSJEmSJGlMOl79T+646WrWrljF0hVv4u03\R0Pbo0NWa7lmbu55X1vYumKVZzx5j\mrmcO8PTf5n7l8+CvgM72\bXtDzzL3zqyt7nfojbvr+doVuQJEmDeQewJEmSJEmSJGnUYs\He\54N00rPsoX\jn\87C7lf4P9\4X9xy9S94+T++z+fXlfYt9wcfuZvmiz7K\jnNzNl+\f5xh\EQ\UAguOspHHvsgffL+KS\87\jOrBY23vu3bPjc70PtM3zhotKTvo+SJE1kFoAlSZIkSZIkSaOTepUNf3Y39W\+Ir\4l99nYQTgTVzwjktY88GrueN\fp\r7\sQC7PLNbzli\zsruxyb3kTV5zzd1zzwe1HLwBvX8ANG\+Z983PdC+45DRY9yE2\OpVvnDR2pO7j\+PvfsPjrK+97\Ot+c71I8qYwZOWwQIgdzcFg8041pEzjEKEGE8GNDb6LeBqlG0ISbRloRJaaUUESsEdsY8yWrxdRScMRwC4sQrDW2GL+Q9BuzZ9RlDidQGpQsN550oDlS9gzT+4\sj2uT\ZXfP3g+Zhjd3Wuv67PXXjP7zud9vd8fAABGOFpAAwAAAAAAAABic\Ko9n4prfjeYm\y1ytuqu773jzJuU+\Ox3Y7r684O3GpD6gVTNjOM7MeZp1k3H\k5T8bUknT3lbRQMAgHBIAAMAAAAAAAAAYvP1JZ3VdCVP6t6G+frESZJO6OyfJV28pLNK14xbum43Scm3xXAck\SNfhguAADXIhLAAAAAAAAAAIB+dcVzZaiHAADANYsEMAAAAAAAAAAgNtddr8k6oZYvuid4L7V9ISldyWZpzPjxmqwGfX6q63ZfqeXkoIwUAIBrFglgAAAAAAAAAEBspmXqvpukXb96V2evGp6\elp7f\W+NDVTt98U2G7vni7bnf6N9h4d5DEDAHCN+fuhHgAAAAAAAAAAYLho1q\Ky\VhiFduW7pW82+erlUv5uvAAxt1z4OntfnRTE3+2qW3XntZjhNTterNPCVLUtx0rXo2T6\lb9SSVaf1zIpM\aP7XW1\4V21XDfIHwkAgGsMCWDEpqlC8zY4Ao\H56p8V4Escb3ZmVMV89bLv7fpRdr1sk3mvo\y2uFxy\VxoxqOfaQ6V4vaz3fI433JNM6shAlJSsnI0II758oy0TSkQwUAACNZl7itp8YmyHxDgpKsaUqfdYcyvpOshF7Fjxg4Xb7jJWV6\3HrUA5oWPKcc6m+sUENH9fJ9cd2uS\6o2\FT0iQ+Z9SdEfGAmXNschM+A0AGPGcclQ6Q76yKmOt5t8sjUldr5oD0\XKK1V6rrBal\RNJc8r1OsvP6y7bh7j337M7B\p\V+N149LX9eGwmqNMWfq+1XVGv+LPG0YrI8DAMA1iAQweudCjTa\fofeetQy1CO5tpx3qmZnhao\bPUnfLvyXHTLfdGt2pONqn39JZkmZ6lgQ5Fs0+IHdaiDpeNkrV49JOX9MJubCAAAGG4ut8t9uV3ucy1qPLxHFWOTlfujrSpISxjacV3tUMtvX5Xjap6eWEgEgfDcTTWqrqxW3dmw0bc6zrvVcr5WLcdrVf2iSUlzClS8xqbkcYM61EFD\A0Ao9vtT7l0+qnYtr1++mI9U7lYz0TZbvzMAu04UmB45gvt\V+Spk\SeEnSjbrvFy7d53+96+NozwMAgK5YAxi91r53u\acGepRXCOudsj5xmotenC97BGSv6F4ztapYs39Wv2aUx1Xo28\YlxskWPLCt2\5iXV\vG\h3o0AAAgFpdbVFOyQmv3u4dsCB0nHdr80P1a\WKt\tSToArXlotOVa9ZpBUb7BGSv6F41PphhVbnrZbd2TFgwxsSxN8AgJ669L5+kL5YP3j3q+Dnv2zQkePSXdNuGZpxAQBwDaACGH3Qquqte5RRlackWvkNnKtuOUpWqqKpy8TT2CSlzZmrjFlWzZiepM46mg65\+iS6\gHOnC4Ua2XfRt71LJ3vVZeLtPOx60a+bXAbjk2rlbFiaEeBwAA15osFdcUKS2WTf\qVovLpYa6A3IcN97A5pGrcq3st76lgukDNtDQzjtUsqZCrkE+LEaYcw6tL6yQ83Lw06bJaZo7L0MZ1hmyTPRWsYe7zj0tqlm\Up7nd6oodeRH38TfAIBeuX6msmc\pdU\KpDc+bp\+nhdcR\Vay9U69jUfNVk3zjUIwQAYNQiAYy+OVOtzW9maOeDSUM9ktHpqluOJ1eq4jND8tdkVsajm7RuSbLiuyXe45VsNSvZmiXbo+1y\rpEJb9u8d5qflAAACAASURBVE9EtR8sUUnSTpUvpVkbAADojXgljIuP7WayccmyTkiWdY5NBefrtO2H21R3wfdiu2reqNW9z2driJtBQ1YVvf++ioZ6GMPFOYfWPlohlzH8npChgh+vC72kivE6b3eqemOJ9pz0R99y\LhEN79WLtvEQRk9AADDzDc1v+x97a7aoud+tVHL3VekG6Zq\rIXdLBwsWZcN9TjAwBg9KIFNPqs9Y3tqjk31KMYndz7twUnf8daVVS1S5uWhkr+dhGXIOtDO7RzjUUm\5MeuSpLaN0NAAAG14QsFb9YIIvxuaYjqj8\VAMCQrjqVs3zXZK\qUXa8cam0MnfrhKsyn95p4puC0Tf8rhUsWmPWkfTUiwAAPRE3I2ataZcB4826\RJl043vKsdTy3WjOuHemAAAIxuJIDRKwnjjbUaLtmfr5GbSY3+dd6hbVXGBoUWFVSVyTa5Z7sxL92qTfONE1at2v1WfY\WEQYAAOiziTbdO8f4hEuf\zsRCYYP98FtshtbHE8v0M6ttp4tdxNnlm3LJmWPMzx3Zrd2H+daBwAAAAAMHhLA6JWMH2xS7njDEyfs2rbfPWTjGX08qv+lPWh9uqSH1im3V63j4pX2yGOyGvf+21rVX+zbCAEAAHrGpGRLUA2w3O3tQzQWoIvL9ap+LSj6Vv4TuTL3JPnrE5+mhx8Nir5Vd7heHX0cIgAAAAAAsWINYPROnEX5T9lUt94h37Sd6\VtcswawPWtrnrkdh5R7Xsfqe7fXHK3e++iN8XLPMWijHk5yp6TpqRxod\uObpNi7bUeR+ZZCs7pCJr6G07uVVTuEL2U7632FR2qEgR33KxTiW529ToPUZW6Tsqnm2K9I4w+6lX7W+NveeylL+sD+ssJ8xVzt2vqrXVovSMDGWlpcjStYtdU4XmbXB4H1hU9Oty2SZE27FbjsdXqMJXKTG9SLtetinsCsPe7\DA\lrVn2wNfIcyKWFigpJuzVbWd7M0d5pZphCTbe79a7Wi0tX9hRMVWjGvwv\Q9vz7KkqNMIaTH6junTrVdr2ObkyWZUGWcu6cK8vEaN9b8Ge3rNnlX1u540ydHHtqVfuJS+6Lnfs3JZhlmXmvlufZZO16Xq92qPXo27LX1Ml1xq0Oj\zXdVZuge7NTIre8tuovUV17zn0QX1zYH++MXyr8xxnT4++DnTQ+V5Spvcft0oXW1T7ul2\NCp9suSaZxZltuzlZ1nU9aUmFaEBACgx9pP1emI4wN91ORS6\kObycTkxImWmRdkKWcrGxZwsYtXeIVA1flCs2r9D2yqez9QKwXHHcEvxaeUxXz1ssXUfl\P8NuE4i53MerVbHTIeeZDnlkUsI0q7Lm3aucJVaZ47qMxxhzedxyHj6gt9+vN\zu+85NtpYvzAobH\duzMGxVvupOh15qzYorjKNMytpeoayl+bIlho95gjS3qK6995W7RGnXOfaO7\rsQky35que\vPP\+wp6PXur4uFZ1xvD77nzlTun9\hIyc5T1Wqtap6frjowspVkt3dbOHrhrzID4m\gbAAAAwDWJBDB6zWQtUPHSeq3f700Be1yylzmU9qKtd3fKR9Bx0qHtP7Gr\nyI1mmeDrlPNqrmZKNqKk1KfnCryh60dvuD3fStdKWpzpuc9ajxs1bJGiGpetGl5lOGx55Guc5I1ggTQZ5\a\DuX5IydMftvUj+Sur4wweG\UimzDuUNrZXu\LtQRlPv6OMvuyijzqc1Vr\4z1quRzqVY\az7nVfq5azg+r9dLYZOX9pEz51v6d0Ih6HZ1zyv26U3WvvyJzZoE2PW5TcsQJ0y6utqr2uRK9ctTdrcW2p90t5+EKOQ\vVsbT5dp0t3cC6GytNhe\0n1M3ut6z3ONqtlp06bKIqVFG8tVtxpf26zN+1pCtvj2tLvl\LDzHL8yIUPf37ZJ2T1pKX6uTpuf3Kb6C4Z9XvTu89INsj6frYTw7wYAXPM8anEFJ5LMCVF+Oc43yv6Tzao5GfKXTe3nnKrz\3Z\X1ufye5Zu95hoUOu19Zr\V7j77dH7ScbVXPSJSW\o4LbQr\T\dvNWv+zerm7nR7Dufl1tTIe36pN8\twM2HIYbtU\fR67Qnx3XguutVyvEYVx2tkn5anrc\lyxo1jmlX42sloeOYy+1yO2tV4az1768vyd7uOtT4YVD0rYyMNPUukvcam6HimqGMvom\ib8BAAAAXMtoAY0+MMn6ULFshlbQns\s2na4f1tBuw+u1\1rKkJPGnTjUcuv1+v+Ekf3NYnHWZQ+3bDfRqcijTQ4mStJbjV8GqlNoUeN9XWBh2npsvYyaetyBh85Y1YfJ6CGWEdThVauDzf5FMLlFu1Zv1IVTf3VKK9DLXt7dh25j1Zo9Yr1cpyL8RAXm2Vfs1ovhZh8Ctau+p+uVYXTI51zaG3hS1HH5DnvUMmTe9QaaZ3tDqcqHlqpkjCTT933Wa+XClfEfo49DbJ3mXwKMClryVwmnwAAkZ1z6O0PjU+kKf1b4SOcjqYKrXikJEzytyuP3Edf0uqHKuQcYX122xzbuiR\DaYsV3bI5K9HrfvXauVPQyV\u27qVv2Lq7X2YD\G6Jecqnhsbcjkb7fDn9yj9asr5IwUB151y\HkipjimM79bdaBln5cU\eqS8Hhd+9v5BwuiL+NiL8BAAAAXHuoAEbfxFuVv86m+g2+VtAeuaq2yZEWS\vg6DqaKrT2ZafhD2qTkhcWqCA3S5aJ8Z1tyjwdav30iKp\Vu3\Q97TVKG1lUna+bjV0GrNrLQsi3TCW3lyokGuizaZw9zV7fq0PsRzLnmWZIROxl51qfnjwMO0OWnd2rzFxq3WFuPjZP1z8giegLrsVPW2QKtwmZKV\WiBcu+2KCne+7muetRxzqUjv9yuav8ETrsc26p1x64ifyLdvLRc7y+Vetp62r2\RGtfcwVdR+bMfK17eEHE60iXnaoo3Kz4X25SVpTZlZa9r8jl8Rj2bZN1cufn87S7dOTlzar42HcW2uWoLFHrfznl8kgam6zcH67TvbOTlWDqPB+tf7Br2xaH\HObZ3Zr9\Hc0C3Fr7rl2Fgih2EiyzQhTbkr85U9M1lm7\nznG9R\Tvbtd03SeVxy\HjEt38Wgyt29+rUY0kmczKfnyTHr47WQlxkqe9RfUHXTLPHMHXKABg4F1sVMVT1TLW\5ruzlZGuOq6cw6V\NhhSG6aZE7LVf4j2cqY4m1Ve9Uj95l6HXhpuz9J7DnvUMnGm7UzqCONWbaX35dNks47tPbBCv84jC1kh4ZLNXs7\8+Umqetjy+XdaKpMxZwOlT\1yyFrNs9Va3NJzze9sidcUSO7zf\qkftZ+r1tuG8dMbo1aq\u1gZfeoq0+nIiyXyeFtNd4upLrfKebBa298wJKcvOFRxMEc77wv1aTrkrFyris8MKbQQn6nVeUQ1r9lVe8ojXahXzXt9\xx+51v1H8bHt\yzkvvhPA0Z4m\ibwAAAADXPCqA0WfxqflaN9+Q6vS4ZH\eEbG6NiYd9ar4cfDERW7ZW9rxQ5usk+MDa1SZ4pWUmqtNb+zSprsDswTtB0tUcTT47mqzNd0wSdEo57+HO3irXI0h7uP+uFkhVsDqdLLBsG6YRen\0tv2aW61GVtPy6LkgVpXeRB0fPy2HBd9j5KUX7lDTyy1BiafJCnOpPjJVuVu3KWdhZbA8xcdqv1DH6s7zju0LWjyKUG2rW9p18bcmK4jXa7X9u11ilT7LUkej0dSvNKe3Ondd+DzmRIssm0sU76xffgZp5wXJI23qWzPDhXM8U4+SVKcSUkzi7SjMt8w6etR3e8bQ1YXtL5ZEjRpmjD7Ce14Y6vy5wQmnyTJNCFZWYU79FZlviy+Y3lcqtgUpbohsGfZfrJDT8zvnHzq\GzJynrIJsuIa7cJABhwlzvkPuVU7RslWpEXnCiRKUvFa8LdVNeqPZsqOpM0kqQEZTy5Q7u25ivrFsM6pXEmmW\JUkHlW9rxkMW\L89nFSp5s3WgPtWAMN1WpJ1b8zuTv1JnLJCaq7zZYTJgns7kr+m2Au18pzOO8P\mx5mUcEuWCl7epSeMCSJPnWo\7p\qzs64J0xMNTZJ1vs2acdPc4OS1617a0PH0Sd2a9tBQ6Q13qatu7p\pqRUm56ofEtblwxAzWNbm4Luv7Qk93OL6cFF\E38DQAAAAAkgNEP4pVWWKxsQwWH5zO7Kn4b7U\2yFxvVhgSqiZlPV2mgkhrUsUlKONJ4x\5HtXtOqKg6b8p1qBKk4\+LUw697xTDb7WYxOtsvoSsN51gENpbaqXf0pt+lyl9bYC+mJ7cPJ8nGlEt39u+Xdn4MEt2cqKsIayJJkX3qssU7zME82yzrEp4WrfbiVwvVNtmEA2Ke3pHSpKi3YdlavotsBZ9zRW6O3Poh\LNGediueHmS6MS9KCXGuXJ5OU\1yRwl7WU7KUY2hbrn9v7X5jRXud7MZJ7in5KtsYef3D+Gl52vp0VuC6OrNbu4\HMNGX+rCWp\bvunAAgJHGofXz5mleLP9s39WKwvV66deNwW2Kx1pV9FqxMsL8pLR\aNduQ7yV9FBZlPVr45X84FYVzwn8dre+uVv1sba+HXLxsq00VizHyJSl4i254X\z4xKU\Vh+UBK20dUSZuOeS3qoLGJMFX9bvvLvNkSxF11qOd91q3bVvlFjuOHToqIXI6y7GhevtDXBcVp\6PhzcIQVP3YkR9\E34H9En8DAAAAuHaRAEb\iE\TY09lG1oee9T4s+2q620O+KpTH+w3vHlKvpZnxvCHb1yScldkBR6f2a3aE8YNLErPDEwsdNQ7Fao+pOPTBn+FQnxGvpan+t4Tbh1gt5yNgakBc5q191UDf+1QUG3GxMSRvbbTVcPExtn\UEu0wpOxGSo+9I52vbFLZc8UqWBOpAnfKC7X68BBwwGn5Kvg7hjOZpxZtrXLDROmHXLUOSO8QZLiZbNlRGz7nZCUHPz69JwoE3JmJSUbHp77z26VEO6jB9RovFHi4QgTwcbRZi7Xcn9luUd1h+sV7atJ\k7KyL4WAQBDzKTkhU9ox66yCK1P3ap3GCruTFnKXxZLLBCvjLzlgfirH6tdB94dSpkefauu4pfkhE2i+022BCdTz7dH\b2PjVW5C6N9LyZZU43Jt1a1dQ1k2htU1xR4GL+kIHpb3DizbCttvVxqJbSOjuCzkjR+hEc8xN9+xN8AAAAArlUkgNFv4tMe07o5xjZzjTG17gopqJ2yZFmUEXr9sxBM30pXmv9Rh+qbglO8llRDu8FzDZ1twLpocQUmG9JuTVayJTB55frU1b0N2PlGfeBPNJuVndGHSZNRJtkS+DbkqdO2JyvU2K36Y4Cc+VyNvbyONCVDcw0TkJ6jDeHbf0uS0jTjlij7TEgMOn5MNwrERapA6ZDrD4ZRmRYoO+a1wJJkNc4aNzbIGaVSyjJlJDdDBAAMBVOCWdY5eSp6ply7Dh3Sjh9mKzlcdackXXSpwXDznml+duxr1nbp9NLY6AzZunXYmZ4cU\Koqztut0TfSAlKNCZU\9LRPwngW9KVEkNWKv4GY+zQIc\Xwa93fFKvQNQdrwV3xvKZJN2WrXtH8BIpA43424D4GwAAAMA1igQw+lG8Mh4vVlZQDni77Ed7Ps3U3uIKmpxKntyDP3zHmZVkmPxzt7YGTf6Zbr9DGf5HLn1+ouvUoEsNR33PpSn9WybFW1LkvxE8xDrAxophjcuQNUqbtYhuNOtm4+MTf+r7espDKP72uUozXhOnHCp5cJ4W3b9e2153qPGUW56Y1r\queDrKF6WW3sygZIkS1qXtoUhbhbwm3izkmKdoPZKiI8+WWS+KTnCqy363FgYccvNPWofmfRPxklWl1ojTgxadPOk2PcNABitslRc847eCfFv58vFKpiTFLR0hedyvJKzsmWbY5E5lhzJHz+X8actOalnv93\fKvhYajWrcNRclIvOsckK2kof5d7NebugloV6w6lTIv1nUmypPbDALzME4Oib7laR8SVExbxd3jE3wAAAACuFX8\1APAKBOfoaKns1S\pc6bdPWo7qcVuuP28Ou8heJ2B1ftOjbMk6O3Y3K3q10KTFKNtSo9Tapr7HxY73RJmYb2dGecqr\o\f+JMzqrVMZZZB0ntVyUfx1gq2GtYWdjo\t8XffoRhrF0KLM+l\mqRA1vq\OydoelEZMiwkZKloTa1W\iy4CsfT7lTdm07VvSlJJiVYM7Rgdrbmzrf2eCInnODrKEmJPeyf1jn540vtt6vjvySND7PxuPjBX6v5YnvwmoonKrRiXkUvd+bWf\6npL7cvAAAuAbEK2FcfMiWq\HjspQ0PUsLcveo5IfeNUAvt6hm40rVL92qHWusUdv2dnzlDooXXJUrNK+yl0P1tm4dnX1ZTDINZWxo6o+op0Pt5wzf9rh\UHwPPpM5ySJFqQ+Nmel\Kij89oyI2vHwiL8HDvE3AAAAgBGCCmD0u\jMAq0LuuW8TturGnvUbs5zuR\XbDvX1qUNdbws3wmkaLu2Fmv\tMFfLRKfYfVOGlqUMtO3RZd1gK+61Pyx74FJWd\pU\pXUpJuDqp++I8od4YPf+aFZdq1NVfJYSeWPGp31mlP5XqttM3TokdKVH2875UXwdfRzTLf2Je9eSdohpOu60X3kfvPI2WtRADAcBY\LU\lVQWy+MNBj9z7S7S60hn1d6vrWqx941b7xehbYah0qOMvhocTE4durdObblZQzWfLCKkej4D4e4AQfwMAAAAYIUgAYwAkKGvduqC2Yx3vbdOrjUP0x+1lT7f138zW9EBF8EWXWvwJVo9cnwbSwWm3BqaCLNbAWlpB6wCfMKxXbMpQSl\zv0pQssVYH9Oi\2jphyqE8w6tv3+1SqocqjvRqo5BLmxISCvQjncOadfLTyhvZpIidV\znG3Uno0rtGiDQ+4Bak+H7jouj\BqFwDA8DE5V8WPWgzVeZ1J4IpeLA3Sex2DHu9ghBqfLItxbepT\6GWKGuzxsK9f73uX1Mi+\46uc52DFjb5XCIv4c\4m8AAAAAA4UW0BgYCVla98MPtOKnjd5EaYdqX3hVGb98QmmxtIKOMzZhS1NxzVZljYv0hh6akqHsidWqPidJLjV82iHbhPgu1byd6\6xP9Luixq7KwW\rhZLmXIKsl17EjgLvDZdyitH9qnWW7Pkmmvw38G6o81ypOZ0acWZ+3Oj+Rsb5H2Vahxn2RaUqZDj1ujv7E\xZlknp6t\C3Zyr\qUce5Fn1Uf0T19Q1ynmzvlqj3NFVobVWSdq2x9uqzJySYJX\9xp\k\krShN4OfhiuwdXlFp74+8r1zqN9vgMBAIB+YV66Sev+sELbGn2\8B7V\bREM24tly3M73FwW+N45b78jgqmD\BAMURMwUucnPqT3FK\rC3ccxalZ5pUc9AffeujTzzKmN2n6FvNx51qPynVnGxUjUyyPX9IRf24dnFMiL\7F\E3AAAAgBGCCmAMmIS7i1Rwm2Ha4GKttr8evfWf5Fv7yadV7j\39+iSZDUsStzY6F0f66xL\jlK3\q\PhMMlQHedYClVjnrA58oLa13EyXdWO\QAmMX7aMfqbFPVQjtavjQaXhsUkZqpIkKz8BXKMSZFD\ZouwHntDWyrd06Mgh7Xy+SNnTgs9g+\5qHellC+z4ccZGgq1qaw+7aUjuL1uMe1P8N3o3jgEzPimoXWHHhe6TeAAADJ3uXWHkccn+cp3C\SQnTAz6ZVP7heHyy\bfg169OfolKCnZGPB2qKMH8a67tZ\W\Wyzl4QVLFeX9\Yt7iqvUF1TYbHUTsFDcI1Rvzdd8TfAAAAAEYIKoAxgMyybSjQB49UyOX9q7j94DZVzy6I\s4pyTLJ12bZrQanW3lT+rceIKjK9uNmua5myOwMtf6v\x2GygDvmMY61XDO93qa5n4nlvLmGMRZNXdJvBz7vMllT52q9y1XxoNJkd8Xzmdv69UuE1B33B4pVd2itjZJE6Pt2K0\nerdkLqJMykp1aYnUrOU8eIKlbznS6y79Kcv1KvKgYRki+Ll8t500CHXv7ul6bFeR61yNRqmc8YlydyfVej9Ikk33ybpM+9D73VsjYv0HgAABlFClooKD2jly4HlMzyN22U\mqbizBBxU9LNskjypfbqnS4pc5A7loQUYyXjhVa1RNkEAcm3WiU1eh816vMzUkZMFd+tcjVF36pHrHNlG+dQjXfdaM9vq1Vzf4bypvRud669ryro9svMaJ2ChuAaI\7uBeJvAEPrzJkzQz0EAADQj6zWgZvzIAGMgTXBpuLCDwyTfu1ybLcrIcrbdGuKMuRQnfeh61C9WpfmKqb0Z3ut1t\ilonJsj0jxalzblXBQuTu1fmWgzH8NSp4WSBZrhCr\rf4s1QzrYOSqXq0Xu+Ab\BKVSM2TtxwkKy32PybrvJf\EUesb21WTVa7cqEnZLq66ZH+uJqjyOumh5cqI0qr6v2OpQDhjqJgO5XKr6t48IOcfXWo+2aqkR9\S1rujJcnjlTYnS3rP4X\G\ecOSb1Irk9LV5apRg7vGHt0HZ2p1wfnAg9Nmekafs3dEmRNNUufeW9b8BxR7fECWWNsV+iq+q7W\zZeCf8QryRrmnLy8pXW6xZ9AACEZl64TssdK1Xtn6\0qK6qWtnfKZK1azwy3qr0iZLL+xvsea9W9Y9ao8YtkjpjnvvX68g3EhQ\LkkpaTnKeyitn1oKx9YdxXPic\VvXeroFrTEijp05PcuFUyPIeI62xgUp\WLOIvufdSqmhf90beqX6pR1s9yZe5pcu+EXZv3BUXfys+LtpxLP11jxN8DjPgbwNCaMqWXdyYBAEYlbgxCJLSAxoAzLywObgV9oT1s2z+\sWm6427De85Ua\t+d\jt\TrU+Pqrcsqj9nNuuZ11ao1LCD3ZMjZNd8wJvK++sSbs+r8+pltnBCYhPv5I1fWN\tcsM1OiJ7Z7IiFbRQ8Zp0pcsheul+NsD\Zx1a26LZtVc8Hw3HibipaEmIJJTAxqZ\bRJ9GmLzvUWPO2In4rpnZ9vs+h2uMtcrd71Pjbj6J\95I8\2WcMDPJfGMvK6u9ldR+sV5HV91ylO9Wq\+JeNmyhkP1UXdJd+YYJtQ8qqu0yxlLn\VzNbLv65Dnolvucy1q\Nij+BsHbpwAgGtYXJLynsgNjpMuOLTt16FijSRlLDLEKZ46VbwW2xIi7v121Vz0qOO8W+6Tjfrocnyfkr\miTcbHrWo4dMoUcxVtxw1dZG3QbAJGVpgWBO346BdjqithztUv6vaEKf1n4S7i5RvnFc\YdfKEodae9Ka+VydNm+pCYp5E5YWyTa5+6YDco0Rfw844m8AAAAAIwEJYAy8OLNs6wtk6dHiuCZlPFxguOPbI1flWm07Gnn6onVfiTa\Z\jre5xNyzPDpWVNsqal+R+59+7WkXDr\pM6KxK6RxSner8CeMk3ZHavy2qJSnpga0qMibPLztVUbhCm\e71B5tIup8oyrWrNS2j4Omn2Rbl9+92kaSJlqCKpg79tlVE6GyonX\5uBzHUrXCaCmV7Q52gRQh1P2KsPElmmB7viXrhslKMF4ui92hF17y\LdfMO113kdVTRGGPfVdtW\uFYVnwX2aLotXzm3RR72kJlsU5HxHF9wqGTjHrVE+mouNqriSXtQ9YjlwRxZaF0HABgo0\NVvCQ4odS+N3SskbSkSDZDTNJ+sEQlv26JmATuaKzQ2qqgXzblfzdE7eD1CUFJ4faOCK1MbrUqzfDQ+dovFTaEuNqhxqr1qj4RYZAIIUHZDxluDvC4ZN9klyvsl92hll+XaNuHA7TqalyS8jYXBf3d4mmq0OqHNstxInoa1X28Qqsf3ab6LjdfFj9kDX1D6kBcY8TfA4\4GwAAAMAIQAIYg2OiTcWP9LCB1wSbitdYDJMl7arbskIrSqpVd8odaJF21SP3qTpVl6zQ6iqXYSIiQbbiMMlOr862c14ej\+93df\9UmSJS3E9M3EuUoLcVd\n8WZZduyVbbxhuc8btVXrtX9371f65\bo9rjLrVe7FDHxQ51nG+R87092vbD72rRgyVynDJOy5hkfbxcRanh7ua36I75xmS5S\ZHV6viwxa1+3bjPdf2NYu0stIpj6SE8ZHrnrtPAK3s\h1K0mW3Wj6s1vrH1svhnzQzyVJ4b4g1tUyKN36Mc7u1\XVn4DwYP\YEm4ofDb6OHCX3a8WWGjnPdgTG4OlQa1ONNj+0Qpt\a5jgM1lUsN7WT+0jB4JJ1kc2BV0jns+qtTpvtV7a71Sr4WR4Olrl3P+SVq8oMZxjyXRbkYqXDN9PCAAYDUyyPrJOWUFhlEvVZY7u3UTGWpVfbDNUDHvkemO17l\zkhxNrYHf+asedZx1yvGz1bq\xGGocjTJsqZYtlBtVcfGBzW1db+5XdVNrZ3xw8WO4NhknFVzjXHfxVqVPLZZNU2tIeKH+1Wy3y2PTEoY38vKyWvV9OUqXmL4tk\VaG3eatk\bJH7svfJqx61n6qTfc39Wv2GK2zisV9MtGnrT2xBFeue8\WqePx+Lbp\vba9WavGE4Frxn3Kqdo3t2lt7iKt2OhQi3FwY60qerFI1nCXxABdY8TfA434GwAAAMDwxxrAGDTmpcUq+P0K2XtQGWFeulXlHSVa65\o8cjduEfbGvdEeWe0ZKfXhOB15nxCrf\rY\mXDGl\cOu18AnjfhBvVdGrO5T47FrZmwwzK5fb5fywWs4PY9iHyazsp8v1RNhq6E6WB4pl+9AwAeRpkeO51XKE2d50W5HKH\iTVpSE20KdE0A\bNban9Z7J2Zj\Q6lhCVbtTXMxEiyJU066GvB7ZHrzfVa+ab3tcJd2rEs8D7z0nLtuLrWcIOAR+6jdq0\ao88gLFWFVWWydbTdZcHW7xVReWbNftEsAAAIABJREFU1LF2s+p8393lFtVWrldtZeS3mibYtHWLredr2wEA0FPxGcovtKj+5UACz\OZXdVHs1ScGRyzxacWacfGDq3eUudP7HpO1qpiQ60qIh7EJPPSrdq6NFxiJVkz0iSHP4Rwac+Gldrjfa3gjR3K9f\uJyhrTYEOOCvk8g34Qr3sG+oVLoJIWLJVW5OqtbqSlYBjFy\rmnIV\XFloAL0cotqnlutmjDvME2wKjnO2S2G77cRpRZpZ2WiNj9pl\Ny4HlPu1N1rzsVS6Nv04RsFf\sCWWMj7TVAF1jxN8Dj\gbAAAAwDBHBTAGT5xZuU\k9zBRGq\kB8u1a2uukiNU8hqZJmSoqPItlcV0R3WSrBldk8Sh1\17\9b6UGt2qR4LcjoYXVzT8UnK\f5Q9q1JVeWcT3ppW1S0pwi7dizK2ryt\M4VhXtKFPetGjHMMk8f5N2vRjbxIX57k3aWZYX83cok1kZa3Zo5xqrwqXw4+cUBbfHNmj5Y\dV4ZKWleutsrwYz59J5swi7dhVFnK9tmFpfIaKX92hokxz6BaD3ZiUvGyrdr4RoSoFAIB+Zl5YrPzpxmc8qnv51ZBtbxMyi7WzskgZE2KMfcYmK3fLTu2KED9I8cpaUxRmaZIWtX7R5amJNpVXPRHDGEyyPrpDOx+PdGyEFWeW7cVd2jQ\ehxjSi1QedU6zQ21XEs\ip+Wq7J3dmnrMoviexJ+j01S1podeuuNaMlfrwG6xoi\BwHxNwAAAIBhjApgDK4pedr00Ada+Ub3CYJIEtIKtOOdfLmdR1T73keqc7Wo\bxv3SmT4ickKNmSrazvZmnuNLNMPbib2pKxQPF7awLryt2SIkukCaVxyZoxUWr0VRyYspQ+rUcfp9fMMwtUXlOg9lNONTTWqb6+Wa1ftcvdblgvK8GshCSLsmZna+58q5JinfTxGWdVfuUh5Zyq05G3alX7iUvui94znZAs65xs3WtbIOvEHi3qrHhrvna8szzMdyiZxpmV8E8WZd+do6w5Fpmj7d47UZh08JfaXfORXIZ9qdUtt9StbVy8NV\lbxnG8G+uwLkzxcs8xaKUjLmyzc9Scgz58mEnPlm2jbtka29R3XsOfVDfrJazbrX7KlfGJsg8OVkZ83I0NzNtZH5GAMDIFmdW7upcvf14TaBl88VabX9zgd56tPsNdfHTbNr0a5vaT9XpiOMDfeRsUeu59kD8kGBW0rQMZS+aq4zvJCshlhhwok3lv0yS49e79fbHgThHkv50LkQEMTlbm96YK7fziA7sr1Xdv7V4f1tNip9gUdqibN1riB0iLQOKCOISlPHkLh1a4ZTjnbdVW+9Sqy++G5ug5G9lyZZ3r7KnJ0hyB62lqjjFmIDr6ZjMSiss1zuPtqvl0wY1flivj5ytav+zIb6SSQkTE5R0a5bumD9XC6xJPfpbRNKAXWPE34OA+BsAAADAMPV3f\vb3\421INA75w5c0ZTpkwZ6mEAAACMWsMx3hqOYwIGl1uOx1eowre0zJIyvf+4dUhHBAAYXYZjvDUcxwQAGFr8Noxcly5dGvBjUAEMAAAAABh85x1au+ZttU9IUoolWWnfzVdGLGu\Xm7R5ycCDy1JsSz9AgAAAADAtYM1gAEAAAAAg29CkpIvuuU+2aja\Xu03eGK\h5J7R\Xqt7\KF6WW0kAAwAAAABgRAIYAAAAADAEkjUjLfCo46BdjnNR3nK2Rpt\1hhYe3bKcmVPH6DhAQAAAAAwQpEABgAAAAAMgXhlLMySyffQ41LFoyu0ea9TrR2ewGZXPeo461Jt1Vp9t9Aul\+lBNnW2JQ0uIMGAAAAAGDYYw1gAAAAAMCQMM0u0tYlTq0\2N75hMet+tfWq\61aO9MUMbT5SqymqJtCAAAAADANYcKYAAAAADAEImX9fGd2rEmQ+YYc7mmCRkqqtypTXez9i8AAAAAAKFQAQwAAAAAGELxSl66SbuWuOX6bZ0O\LZWrj+2y33R1+vZpISJSUq23qG5tgXKuiVhSEcLAAAAAMBwRwIYAAAAADD04syyzM+TZX7eUI8EAAAAAIARjRbQAAAAAAAAAAAAADBKkAAGAAAAAAAAAAAAgFGCBDAAAAAAAAAAAAAAjBIkgAEAAAAAAAAAAABglCABDAAAAAAAAADQhX2FmjrNEvpf+mItf6pax9wDOYKvtHeVRVNX7dOFnrzt0gnt\VG1PhmoYQEAMML8\VAPAAAAAAAAAAAwXEzXqpee0pwbjM9d0dn\8652VZdp+W9OaMeHL2j+DeHeP\guvF+uDXtvUc2zQz0SAACGBxLAAAAAAAAAAACv8Ur+drpmmYOfnTU7Uznp43XP96r1yruFmr9i6gAc+0bd9wuX7huAPQMAcC2hBTQAAAAAAAAAIKox38nUfEmft10KfsHdoMo1i2WdZtHUaem6Z02ZHCevdHv\hePV+sF96Zo6zaLpmYWqPP6Vjr1gbPkcogX016e1tzRf96R3tqK2LsjXpn0ndOlq58ufvGBRevFRSdXKnWbR1BecPRiX93gvHNUnlXmyTrPIuqBMv+vy8QAAGGmoAAYAAAAAAAAARPenUzomafK4Mf6nrjjtyn24XGdT8vVM1UZN1hf6cNcL+sHi3+uzN\fpmdTOba80lWn596r1\83O1\NVmfrG6X16rfBhHTBLmhTugF9p7+OLteGLeVrzVJU2m6WzR6u0qXiZPr\yG9XkTVLy0mr9\OoL+kH1JD1TnacZ42\p0bgkSXvW6pHpD+sn1YX6q\t63X79gJw9AAAGDQlgAAAAAAAAAEBEV\7UoFdKyvS5rNo8b7r32S+097lytSytUsPGTF0fJ0npmpW1WP9aOlOP\HSfVuzN0+SrJ\SLJ6t1NmuLflO5TJPjJGWla35KmZY8cDp8Atj9ex05Kq36VbnWzex8atbsdP3jpZl6+mOnzuZN0uRp6Zo1bbykSbp9drpu78m4fMf5erF+vnOt7rpuQE4dAACDjgQwAAAAAAAAAMDrqDZkWrQhxCtjzJl6Zm+Z\Mv\ftmgI07p9tlX9PnxhqBtL42ZKjmP6pg7T5P\fFR7v5Tu27y4M\nr21\qA1o1szrksSRJN0zS5OukXeXl+td\XK5ZN9+oMXFjdNe2ZjWEe09PxuVb5zjTqhkkfwEAowgJYAAAAAAAAACA13SteukpzblBkq7o7MfVeu4Xp3T7upf101VWjTckcOU+rWOSVLm287\dnNZZt6S\XtJZpWvGLWO6vD5JybdJOhlmKGPStWrbMn1SbNcjC+zSdTdqxuwlWpG3TAtmTvVW9oYQ67jMIV8EAGDEIwEMAAAAAAAAAPAar+Rvp2uWNzk6a3amZt1SqHuK87T84h4dfMqqrmncVW+69Exq+D1eOXql16OZnL1FB+95Si3Hf6MDB97Ve7+v1ob3q7XJ2E46jGjjAgBgtPofQz0AAAAAAAAAAMDwNXlZuXavmqqWX+Rr9b4vAi\ccJNmSDrmOh3x\WPGj9dkNejzU10TwV+pJVz1r1HcN5U8e5nWvVCt3\zvZv2mNFNX6uxyhHtvjOMCAGC0IgEMAAAAAAAAAIhgjG7\rNaNfWKfrflWTnc3qenZuo+q\T56\t07Gvj9ld0bNs9mp75rH53SdK0TN13k7R3z7s6e9Ww2enfaO\R8Ee90lSuJZmLVfmZ4cm4MZpsHh95uLGOCwCAUYoEMAAAAAAAAAAgsuusWlear8lfH9XTpe\qgiRpku57Ol\JX1Zr+Zx8Vb7boGN1+7T9iTw9Un1Bs9Y+rLuulxQ3XauezdOYuo1asqpMe+sa9Ls9G7Xk\yrT59eFP+SY2+7UXded1vaV+dq0510d+7hBjj0btfyJfRqT9bjum+7d7rrrJb2vX+06qmMn\xL7uAAAGKVIAAMAAAAAAAAAohoz83E9nz9JV+o2amvtXzqfS12vg+++oFXfvqDXnsjX8sJntffUJH2\+n29vmxS4L2zf6T3f7VWs9pqtKEwX6urLmhBVbU2fzvSAa1at3ePNt8pHSt\Ssvz8\WD8maNf7RaRysXy1cHfP2d+Xom6696b0uhlr\0e13owbgAABiN\u5vf\vb34Z6EOidM2fOaMqUKUM9DAAAgFFrOMZbw3FMAAAAo8lwjLeG45j6xxfa+717tGF6tU4Xpw\1YABgRBm9vw2j36VLA78OARXAAAAAAAAAAICBc+l9\SB9sX7w7lfBz3\ZoCPHpbum3TI04wIAYJT6+6EeAAAAAAAAAABgFLt+prJnP6XVPyqQ3Pm6f\p4XXEf1WsvVOvY1HzVZN841CMEAGBUIQEMAAAAAAAAABhA39T8sve1u2qLnvvVRi13X5FumKr5y17QwcLFmnHdUI8PAIDRhQQwAAAAAAAAAGBgxd2oWWvKdXDNUA8EAIDRjwQwInMfVummA2qLsEmirVSlixIHbRwphXYVpvR0B206vKlUjWmDMFbjUQ+VqtThPXuphbI\1uOBj2hth0pV2pim0s0LNXhnHQAA9F2zqgqq1CxdkzFMTwyPeKcz1j3g1jX7fQ2P7wEAAAAAgOHhfwz1ADDytTlKVfBq81API4JmVRV4J8QGVZuaGw2p86YGDeez1N+aXy0IJL8BAABGIeKd4YHvAQAAAACAYFQAo380HdBhd4oWmgdo\+aFKrUvHKCdDxB3sxqDks7NamiWUq69ggwAAAAMqEQt3GzXCIuWAQAAAADAACEBjJiFbL3cXKWCqmZJbWptk2RIADe\WqCqpsDjcK2ig7Yz56h0c6IOeFsO+t8TrgW0\gGxrZ3XV5vc5SqwBG8j2jjDLRxTlFhoVTl21+U9nrNDm\rbHOKUtSsZrfUvP+w2lLCtKUL0W475DmPdbsQn63z\BqPH2jvGPy5DW0E\e\p0lrwOw1B5zbwfkPLSElyH1BpwYFrth0hAADXgm4xh7rEJ11iufQ\dI3\FiqxS4wT6zIjUY8dStB4CqUqX+ySokJ7oVKk7nFmUBwVId6xtYVZuiREW+2I48hRW0yxlxS6BXSssZvxZBo\c6JyNpcq0eE9v93iyMjn1SfSdRDx3IQ6z\5z4\2OYoo7DefBp2tc2l\XZ8Rrputxwlx3AAAAAAD0A1pAYwC06fCm7hNx3VtFh9jOfUCl3SZ5wgiV\JWkpqoYW1LHOk7\AQPJX0kp34k0RdOsBu9+E9NyVLjUu627Uc2hWlE3V6kgxFrLzVUFKj3U1vPt1Kyqgu6frfP8lupwX9thN3U\922O0i5jAAAA14JQCVipMz4JFao1V4WI\zaVdksctjlKQ76\L8cOuY8qQ+yZmq4Udd4A2C3O7Emc2guhxuHX19grhvd3\8xtOhAiVo7wAWKMU2MVKvkb6fkQ3IdVGmopmKYqFYTZR2+vz55eMxG\bwAAAAAA+ogKYMSsuapABWFfTVG6d9ai7ZDdO8nSWTWw0KxAstbYKrr5gH8yJnAHfYg79MON5w\eKRPDnfX+al3fcVIKZbeHrnKNeZxGsVaxNvvW+01UWmqiZE7vrAJWmxqb2rQwqFrAkFgOUW3b5jig5kWFSol5O6n51Sr\8f2fzT9Z1qYDOw4rJVoFRxT+qg1DJUNbY7PaFi1Uod0emJCNpVoEAACMTO7DOtAkhY45vPFat\UvfNWOhrjP3aa2EFWx7nNtUkqYKKJXxw6lS\Wl+7Ds3vVku3c4adaBQ21KWZQSPt5x9\aGuK5VoMH7CR97JcYUZ0V+f7MO+NbQDRVbRxV7nBozQzzt\379Y4\he1CbDu\wJW0N59awj6pXm0PE9r24PmO6Zrp+S1T9AgAAAAAGDhXA6Bcphb7JizY1N3oniVJzAgnUlBzlmDtfb2zqfN2fwFWKcvwTIolauDqnZ8lC9wGVeit2ExeVym63y24vjbIecezjDEhUji22KZpAcjpNKWZJSlF6qvfIjgPBVQDGya3VvgmrRKWkJXZOYvnbEMa4nbH62FZgOA8pKiyMUokcK3OOcnynwrxQOal92BcAABi5zAtVaoi92g6Vhq2s9Em05XhjFm8c4\1\f5xlTlGaN35p+zJCwNKLY0cej\eYTY3+pGEgRk1Rjs2bVmxs7lbl2h+6jiNIX2OvaO\3x5lSytLAjXuJiwq8sXEUMcepvdGmA5u836v\O7dHbw\ublaj9\IJ\K3SuY8C73eppoZu10tvrs\eXDMRv28AAAAAAPqICmD0gbHawsetVt88XVOVCkKUDHdOlBgmbMxJCtqFOVFmda156C7FlqPEJu9d\f5jhRpTKL0Yp8xKjGUCzF+NosA6ZEGa1RBDQUriolLZF0U\XLft3G3yfTTzxC4TY4lJSlSz2kKs2dwjN8VWaQIAAEa\2KtEO3WLTzqfjS3O6uOxYxmP+0vf\jqX1OjG3aquUWJ\CH1evPoae8X8\kQlJQY\TrxJUi9vHIw1ng0pJUc55mZvx57AdxHr2tBqa\X+PdH1M0mJE31\bbjV5lZQIrY312dvrpmI3zcAAAAAAH1EBTBillLYebe9fbOvQrdNBzb1w3qyveWrACgMqtnQgU0Fvar+6C+BCoDwmvcfHpDKEQAAgEHVXGVIwCYqZ7Nd9sFqazuUx8YgSNTCEN9pm6NUBQWxr\EMAAAAAMC1iApg9Jx5oUo3y7v2VWdLtkT\xIxZSWZ1theOdb3crnfEGypYY5JSKLvd996u64KFu7O+F+OMiaG1dCTuRjW7F3apJOhSldtcpYIqd4iK5ijbGSqou62bF6ESAgAAoKfaznmjtqC1V0f2sc03JUpNbbo212jt2iWmTW1f9uH9YePZnuhc59e3f9+6vM37D6stJcL3HqHzjf\a8VX29vGG1mv7mgEAAAAADEdUAKN3zAtV6q+8bVbVq75b8A1rZTUdCFQHuw+rtKAg6G79lO8E3n\gkC9p2qbDOw7EUB3bpsObOvdXsMlQTetNfkpR1ozrwTh7xLDWWKLNtx6x4Z+hetq\xnBKun+SyFgZ3LmOsKHKOtbtgtYbthsqtJtVVdV1beLORHjntoG1idsO2b3t9gAAAGLgbuy8sU5S26EDg9uJpZ+PnZia5o3XusSovtjz1ShHMMSjQTHbq0PXoSaqMHFmzDFhrHFqD85N55rOBSooMHYc8raklvw3kYZlWKu3ucqwf\dh2X2V46np\ZKs7fM1AwAAAABAP6MCGL2XUqjC1AJVNUlqqlJVs12FKVLiohylOKrU7G3HHLQCrjlHOb5ZFsO6Xm2OUhU4fNskKlFtUZLAiVq4NEUHqprDrLObqByb70CBal\fcVIK7SqMdZw90Ow44K+wTUsNUY9gTlGa+YD3Mx9Q86JCpShFhYUpKgj3WVJzvBUTsW4npTxWqJSCMJ9NKSr0V8kY13ULs2ZZL\krIXxj7ddKawAAMBwkpqYp0eHrCtM15hihxzYvVE7qAVU1dYlRO49qiDHDxTuGTjMh49ThKEU5tkQ1O9q6jDlRiWapLWoSONY4NfZzE\FvCkmJthx\8jZc3LlwdY4avd2BusW55hyV9lds2oNrBgAAAACAwUAFMPok5bFAi7PAnfWdbdoKU7tsnFooe1B7vs51vYK2Sy2UfXOOYuoQl1IYZp23FBXajW3mOpPFRu5zvhZtsYwzVs1qaPL+r7\CtitD5bGa1eArBkgpNFQHG7a2lQYnTWPdLtxnM+eotMs5S3ms+3YphaXK6XWbPu+YFuUEfzdfRkvqAwCAESeoK0ynlEK7Sm2+TisNA1f1OoDHTnnMLnth1yiza4wZLt5J1MLNXWOpROVsHt6tgRMXlXb5zJ2fN+emsG8JFlOc2pNzEyaelfd7Niz1EjbuNC9UqT1EXNvreD+8WK8ZAAAAAAAGw9\97W9\+9tQDwK9c+bMGU2ZMmWohzEAmlVV0JlMTrSVBk3uAAAADKbhGG8NxzFh9Gp+1dvxZwjWeQYAYKgMx3hrOI4JADC0+G0YuS5dujTgx6AFNIZM26FSlXrX3wpK9Db7qjXCtFEGAAAA0H\ch1W6ybuUSVCiN9DhJjEtheQvAAAAAAAjBAlgDJnAum2h1spShDbKAAAAAPqNOUVp5gM6EHZtXm7MBAAAAABgJCEBjKFjXqhSe6K\3XOQ1MIua9oCAAAAGBiJWrjZrkRfu+cgKSq0D+\1iwEAuFacOXNmqIcAAABGCBLAGGIpKrTbh3oQAAAAwDUv5TG7iMwBABi+WOcRAGDEjUGI5H8M9QAAAAAAAAAAAAAAAP2DBDAAAAAAAAAAAAAAjBIkgAEAAAAAAAAAAABglCABDAAAAAAAAAAAAACjBAlgAAAAAAAAAAAAABglSAADAAAAAAAAAAAAwChBAhgAAAAAAAAAAAAARgkSwAAAAAAAAAAAAAAwSpAABgAAAAAAAAAAAIBRggQwAAAAAAAAAAAAAIwSJIABAAAAAAAAAAAAYJQgAQwAAAAAAAAAAAAAowQJYAAAAAAAAAAAAAAYJUgAAwAAAAAAAAAAAMAoQQIYAAAAAAAAAAAAAEYJEsAAAAAAAAAAAAAAMEqQAAYAAAAAAAAAAACAUYIEMAAAAAAAAAAAAACMEiSAAQAAAAAAAAAAAGCU+PuhHgAAAAAAAAAAYOhd2Feo9OKjEbbI1PNHq3SfedCGFLtLJ7T3heNKfjZft0d6bhB88oJFub8I9co3lXzbTN31yFqtWzxVYwZxTMPTV9q7KlMbpu3R6aesQz0YABhVSAADAAAAAAAAALwm6a4VizTj+lCvjVfydYM9nthceL9cG\beoppnIz83eEKdx7\o83379IsnjurzS\u0O2\qUAwMAHANIAEMAAAAAAAAAPCaqgWPrh2eVb4jSpjz+P087XpgsTa9sEfHlv1IsygDBgAMANYABgAAAAAAAAD02KUT7+q5NYtlnWbR1GnpumdNmRwnrxi2+Ep7V1k09YWj+qQyT9ZpFlkXlOl3lzpfvXC8Wj+4L11Tp1k0PbNQlce\0rEXLJq6ap8u9OA4n7xg8baurlbuNIumvuAM+Zyfu0GVMY27QReO27V6gW+Medq077SMW\ZY3FTdlZsuff2Fzv7Z9+QVtbxbptU5mZo+zaKp0yyyLsjvfqyvT2tvab7uSTduc0KXrsa6zV\03hMhzm\tU5o6zaJH9n9leNa7belR\xj6\n0HzqX1vmf13pd\7cuZBABEQAIYAAAAAAAAANAjV5rKlJvzlHa136lnqqq1+6VCWb7Yox8sXqbnmrqkSPes1SP16fpJdZWeeXSebr++8\3Lv1em3\1Drp6vqtZPv3e9jhQ+rE11PT9O8tJq\Tx\uqR5eqa6WruX3hLyOUm64rRryYJ8vfa1d39VT+mur2tCj7tui5avPa7Jj5Zpd9UWrbjllHYVL9NzH\cpBaxLF76UJH0jrvNxy6583fNEjS7NXqsd1dXa\dKPtOAGp3YVL9PTtX\xvusr7X18sTYcv17zn6rS7uoqPXPnFe0tXqZH3voixm2+qdtnZ0pHG\TJpcB4Wj59X5L0O6crkHC+dFy170q29BSNifF78AvxfV+qfUqZ3yvXscRH9PPqav3knkt65f95Vkfa+3QqAQBh0AIaAAAAAAAAABC7qyf0iyer1ZK5Rb+3L9PkOElK16zsO3XbA4v13E\3acXePE32bf\1Yv1851rddV3g\ZVPVuts1hb9ptL7\qx0zU8p05IHTkuTenicaemaNW28pEm6fXa6bpd3u27PfaG9z5WrZWmVGjZm6nrf\rIW619LZ+qRruM+PUmrPqzSfTd1Ppx15y1Sap5+8fEJbZ5t7cV5u6Kzvy\TD8u\kDILNGu8JJ3Q7975Qsmr7Hr9KavG+MY+7xaNSc\Xrk9P6efZVsn9ex05Kq36VbnWzfSOZ3a6\vHSTD39sVNn8yZpcizbpGRqhsrU9B\S\NTO4x+rvaLkqVPV8vsTalGmZki64myQQ\P085nf7J\v+4V3pawtOuj7vmena\5tZbrne0elmT0\lQCAyKgABgAAAAAAAAB4HdWGzM72wcH\CrXX7d3k5FHt\VJa8b3F3mSgV9xU3fe9eZJzn3532vB8plUzrjM89r7\vrzg949JfUCrZnbfLubjRPNlg444pdtvuKLPjzfo2Me+f05dGjNVch7VMbdh+5nzNOsm43EnKfnbkk6eCmqhHFqI8zg9RXcW7lHL1GXasXmZxkuSpmvV\3tUv\Enf30n4xbN+Lakry91VuXeMEmTr5N2lZfrd6e\0pWrkjRGd21rVkPl4s7kayzbTE3Rgpuu6L3\c6LzOG6Xmr5M16rvL9HkL5v1uffzf358n5SZqVk3qO\f95+adSTU9z1zmVbdFvVEAgB6gQpgAAAAAAAAAIDXJN21YpFmXN\1+fFK9iX1vr6ks5qu5Eljum6k6xMnSXrfsL5tCBcv6azSNeOWru+fpOTbJJ3sp+N05T6tY5JUubbzv92c1lm3JLP3oUn6Rg92HyzEefyHSUqdma5Z0ydpTFyXza9e0aULX6rl1BdqOdGg\3BQb3XJCnzgi5JGj8mXau2LdMnxXY9ssAuXXejZsxeohV5y7Rg5tTOauZYttF0zcr+\9m7+\Amqzzx\2\LxGoG0ukSmEYMMinYgkEJDykSHgpalIKUleIIM4PrlrXd38AqzIU4gkP4Cs6g6ziu7rXFIToWl7pQdiyDdWxYKA\BNlBuhAhFbb7QiOmXCcs0y8TtZq2\P5pC2iZt0hZa8PO6Lq+Z3DnnPp\zcKch5z7nTuTlDxU+zx+J\tNTVAyZyM9mjeGBFa\yyaeNkOLmow8auetvTc2T1N3th4vn+ISRPNIu\yAGD4uzWYUQQsREJoCFEEIIIYQQQgghhBBChBh48O+e5JGUzlN2VeP\dO8Zut21pPgkz4672qXE3o6eD57j\v5Dj4JAMkG7hqSytjsH\FI46tsCUunn\U8f5j5NJ9XllNauosP973FM\a3WBu2lXYsae6aOB827+f2HR6NAAAgAElEQVRo\SL8yg6YWchd\UbxxRx4SjnFuttP8sdzt\PgeMPVapyQm0lsd6OBEEKIniBbQAshhBBCCCGEEEIIIYSInVqDnlN8\kX7iVy\9wsgg+EdTHwmDhqEnio+qW2b38fnn4a97GY57SQP4S7go5Px7Bt9lV3cxQtP7sA\71X2nTiJu2oXf\j3V1m3JIvhkdL3G8Bwy3x+9uJblB9SKLdOpXHPJnZ+GnuaxDEZzGU\n3x6ik\2NTJ3zChgAKmmkTRW1\KRsp9Phswnc2TofN3th+Qh3BUx\zk8x2NsJyGEEHGRCWAhhBBCCCGEEEIIIYQQsbtzKo8MgS1Fu\B8HXb8azfbiuxgmMrYIVFzX86\bWub\O5ytu3vwXLaMkzlkTHwyZs7+CgQ\kYjH\1yJiOnrqfCH8f5eoL7FB8CDzyYhT58h+RP91HqCouw+lUemjqHfw47Rr9E9CmD4koDgMbEpKmwbUche10jGZc2AIDho6eSWLmDl\9tP4mzMrirJX13+8EwkRxD+\yN1TvY4oqeTQghRNfJFtBCCCGEEEIIIYQQQgghYtdvJEv+8XFKFz7HzB+7Wfd3U9EHTvJvv\0ndp4ysKR4UeTVq+H51y\it48\x0NL3Dz7k6kMrt\Fyy\u4nN1m3QxlpOo1gB2irZk0Jhh4t47B0Q4djuPrHqcLQvf4kfTT\Kz5woYq\6CQ7u2snnXn7j3l39D5rXektgwhrlq2Pzk4yQ9V8DY5EY8jq28vFWhMflKskTjNDLVm3g573HOPzmfB+8YxJ\O7qLoxR0kzniRR0ZCYmPnaZppGTttJI3P26lQ57O0ZadnwygeYBM7jyXykydHXim8u\2NgZ9seJxtC9v29w4+78m2FEIIcZlMAAshhBBCCCGEEEIIIYSIS+K4lZSUjuT11wt5oeAt\AxgeFYBb\7T35B5R2Ln+S1rsBcN4hfWN3mm4C0SU6aytPAtBm1exDNdKEcz7XGenZHPy88XsHPGi1QVzmFQpGPjVvKHXSN5+dVCfrvicfwkMmjkVJa+tYmfWrRXoaU6kZzFxm3Pk7T2VV5f8TiNai13WX7Exn9\iUH2+Tz0L6f4vBEGJY7hZ9u2Mnj9q2x59Wm2XASSDTzwd2+xvyCDQQCxpAkZPn4mek7hmWe6stJXM5JJE2Fn5Xymj2\dh93u73ErKSk18PL\eZW1BW9Byhgeea6QnA8KeKFHGlIIIUS4m7755ptvejsI0TVnzpxh2LBhvR2GEEIIIcQNqy9+3+qLMQkhhBBC3Ej64vetvhjT1fEF2xbP5JmRb+H+eUZvByOEEH3at+dvw43H77\6zxuQZwALIYQQQgghhBBCCCGEuHb8dp7KmMNTu3ytj5+r4o+VkHlnau\EJYQQQtwgZAtoIYQQQgghhBBCCCGEENeOZiKzLE\z92vyof5xfjhyEI31+\nti2\xkeFxSmb1wlbMQgghxA1EJoCFEEIIIYQQQgghhBBCXEMDeOAlO\9a+DwvFD3Hj+obm59VO\9F\lAwh7vUvR2fEEIIcX2TLaBFx+rLsObnk9\uv6UsX7uR4sO+zs9x3QniqyyisNx75ZBSSH5+PoVK70UluiNCn95wFArz88l\Q2n12vq+N8rrWM7Rm2KNJZZ6xS543knRG3au3UjpS20OBFwUv7CcpaHP+sLDwR49\bVvX+hzbdwN16b9un5N9U7\CiGEEEIIIa5b\bTc+9NX+cN+BfenJ3FX7eJfnp7DXZreDkwIIYS4\skEsIiJWm\EPNF85T+THvVFNxWbV7Nx79V\WPW15aLkLQf1PTvvIXqV9KmIjes9G45z396B4t1dTMVZSJ25mLwlecwcrurR83\b27e7+nr79fX4hBBCCCGEEEIIIYT4tpAtoEVMkky55M3WtT4YcFK42obiOIhvejY39JM5TAVs2tTbQQjRERMFMkhFN9XX+wATmfMtmHo7GCGEEEIIIYQQQgghhBBdIhPAouvUeoZqQGkMEgRodPLaUzZcpgI2PdF66iB46DWWvn2BnHVWslOinK\Jh\NdG6WVbnyNQKIWw8Qc8h41o02geRvmwnqyl5ip2VKKO6hC98AKrPMM0OSn5oO32fKhK3LeFhecFL9ZhvOsl0AQSFCh0ZtZkL8Y80Cat7xeW9q8feVOK\k7dc0xewvJL1QwFWyiwHQllpyVi+EDG2UnfQSbVKjvMLOw5VwtAm7s7xRRqngJNqnQGLP5+1lQ9FIpKS3ni6azeIkzlq6WEUv\xJom6MO5vZM0LXVqO17aHo+l7tH6tO04jGf89mQd2qmhaPkrOEa2jqPmneW8ciCA+aebyLu7ddoTk1bx0oIGCvMLUca1jz9+Adzvv8a\fODCHwy155KFmAe3Xg3qP13G22+X4boQhAQVWoOFnL9d2PmYC42TsmoP3kvNqwVVGj3mRwpYPKHtrSSxxdJW\LF5KVtrpbQeoBRrfim6uVass3U0byFegm2nA3e8db3gpGjTdpweP8GmUD3nF7BwopbWNQji2VeIbYeCtxFU\fWYH23bHrHEoVCYX0j93FUs5v042q05n3L5\+dDSg7WddnoYu2vDuvaUfvG0l+hes3Ow3yqiFJ3EFVKNivW5WDopAuuuJrjuqXdr9Qp8vGu9s9VGp8EcL9vwxb626m6LZOClentk3U6Brrbv0IIIYQQQgghhBBCiJ7Uz2q1Wns7CNE1f\7zn\ne9753dQu59BkVFachLZPMOwdcOd4UxFtVzI6D9QzM+hGzRwyA7wzh5i93cUT5mtuzx6O7qSVxkMr3fsfHtz7IklmpJEYqp8lL2Qu\oPj4JZLGPMTDszMY1nSG6o\247jwA+4zDaZf\RF2HfmMz455+P6MheSYtAxJtzAs2Yv9l1bePBIgxfIQD2fdS6ray4kDe\jg436MnzyCATcBAQevPfM7nMHBWOY8zH2TRjNU5ePzT1w4qy4yIusetDf3RzsEfEfP8LUplx\PySBt2GAG\OkIu47Uoxv\EON1QP0Rdh05h+e4g7qbxzP74fsYNeA\+b8njlOpNDLmvlEktdTrxQ38\tMEhk15iIenpNLoKqPk0Bma\ieItuV8kcQS701xxNKdMmLpn1jT\OoXFB9vZODkHBZkjWdoKI39eFhf1R9h15FLpE\PZET\sHjbHo+l7qoofdr29pdYx29P16EdLU11uzhyKpERD94TWlnvxbnDzulL8F9JdzHzruTmpKfK+N2BC9wzdyH3DKrnyK4j1N82nofG6YDm15cuX7ttX0cSOsf\+xhHbT\Gz\shM+\qj\f4ASrsJ+g3furlmL3l67G+6SSgm8pD8+\jXkN\vMcr2PPHj+k3diojohVBAMfrT\O76q8ZPHE2D2fdy+jbVfjcp3BVVnJx+IPcMyieWNrXq2ux3UL\QTrwKZzBRO6PZ5NxZyqDB\TD+\4v+cW\Hadx8FRyFtzH+CFfc+ZIJfv\o5O6NioU\uK3OBN+wH2zcpg+KZX+Xx7nQMWH1A16kIzb+4XVU+GjM2pMsx\mvrFaLn2qoHx0nMYx9zEqdAHHFkfz+c6dU6ioaeqwD1v7Ln+VMhTVnxXOXDSQueRh7rsnjdTB\aiMpb86ras6evvG1F\N9fqsVsEz6D4W\vVYtLelY\lBcrSBFuZajOto11fk6zD+\rkK4xOoeedp\tF+ju\cmcUP501m6CUnxbtrafL7w\7ux3LNdhBfl9u077gm37fi1BdjEkIIIYS4kfTF71t9MSYhhBC9S\42XL8aGxuvehmyAljExLvTSv7O9sd1M9ewataVGUzTJAvqagdVH4OpZRFio5OjLtAvyEAT5fxBZwmlHjA+9iLLJqmbD06wkL59Nb+uPIjzkhFLKK1m2jKWz7+y5itYWULJ2SQyV1pZ2PK8yglmsiaWsHpjKSXOLJZNVOE7fBR3Px05P1t1ZeXlBAujNatZX+7GfR7SU3QYJ6RzcHMFX+mNmCdEm50FCMCIPNYVmFGHyjQmWbHudHGiPhd9Cvj32Cj1qDEVrKPA1Fwvs8VE2QtWSi91cGqIMd7YY+lOGbH0j9nVeZrRlaH2WLKBgglX0kw+8Bor37nSV\HprO6x92ks4\dyn\ZoHVozGo1Q7cZdH+pj\2lO1KtR9w\gP1OHHwMawO06QUBtYmxat4qLFAGLX1yGRQ1gxjxpKK\9rIjSnQrZT5ig0UnJ7z0kTV+F9VFDaCWrGfOMDErWbKT0906yfmomYitccHL0jArdnBWsurxS0ozl7iRWr7fjdnthZHgfdRJLW12OTYXOaCb9kI2KwFCME8zoAC7ase30oDblsaFljGHGMsXBa6uKOq7rySqUgJbslcvJuS1U03Gp8OyvcZ5yEZxoCstnZOG6sHoOg9Xr7SiKl1y9Lu44AoGB5Dy3huzb2rTbjmjxajBMMNOg2KggifQJ5uYtoC9UxNZfMdQ1YvvG219JmSx7KhdD+M4OMbuK4zpO8ffPVRifF+2UHAigHlfAuidMoc9PC6adVqweuHwVxnjN9kj\CiGEEEIIIYQQQggheoRMAIuYqPVGjEPUVw40+nCfdDev7PlqGat\bGz+8XjUWExqB47DyuUZNP+hg7jQkzsu2vQvnD7lggQTkyeqWx03LNjA6wtap01Na73hp3LMBYnpqC8qOA+HvxNEA7iOu2CiCe20ZbwyrX3ZeoMeqCUQ6KwV2ksb1\KDezPdbSmAQp0XSPFzVPFAchYzTWGpEnRkP2CidLPS4bnjjbfjWLpXRiz94+o0jZ+KlvaY0DqNxjIdy7+7cBx2EpxoiXsyoCt1j6jT8RvWpz1ch3Aq42gMFHPilJ\sFA3U1uAmjdxZDZTsqKG2KRNTgpcalx9GjsbYpcmw6NQTp4cmyVoOWMi4pwiXchQXJozHj+JqUpF+iw\lsK9V3mAScPwoLsyRnyE7MJNlL2e2P65PRY+d2sBX8cXS9jzdiS0C\7GjeNCQNbP1GENjYfrEElyHqnA2mrFE2tpAq0WLQsW7JQxdkI1Rr0aVYGDhr15nYdu092S0rmeoPZT6ekAXfxym2aHJxRC1hcmmIlzKCU5jbt9u0cTaX\HUNVy8\WVI7+Lk71Ue1\Hqof7pzvgMnqppznu\qfXn5wNZGN8v4kLLgTiv2VauZZsKIYQQQgghhBBCCCEukwlgEZMkUy55s9usnGzy43xjLbYDNkonvsLC4UCCkbFj1Dgqq1CaTJgS\Bw94obhC8mIulOnj7pzwOChpMT9w74XnxdorKFsc03kJOe9+DDR8qTKYMBP\dkavOfqOHGqBtdpT3MUDfGWTSdX0F9o8APDhrZ\RqV+KDo6ngBuEXO83biaOy4jlv6JJc1fCFwChujQt30rYSBaTXOBPsJWnsWqpz7JOh2\V7EO4TRpjE6BUtcJgtMteD6vheGzyRjVQMX2g9SeAZP2NCfqwfhAzFN5MUvStn8wp16vA8WHzw\e8\VAkJoPbES+6nx4z4NpcAeFBAP46+uoqfdQ56qhxnUaD8DF1gO7s1jabivQI7GF+UvgK2AouiHt3xuoTQIu0HCRyDca6LNZOM1F4T47hevtoFKju8OMZU4WmSPbPAM4oeNbBuKNQzekfUApQ3RQ7aGuHozx3BgBnfdXPHUN09P91ZFrMq5j1FP9053x6bt4IXLexIEkqbkyAdwixms23LVsUyGEEEIIIYQQQgghxBUyASy6LkGDeZqJYsXB6dNeGN485WU0m1AfUjhxEkxDj1L1ORgeHRt1+2cIQrCbsaTkYF2X3fGkW8BF8cZCKuqbC1NpNGgHp2K5W4W92t3NACL5imB36nUt4o2pjFj6pwf6sI+If\xeDTrSjRpK95zA1ZSG97Qf7d1paG5rIE1dRs1pH8H6E7gxsNB4LTdPVaO6vJJQR84665Wtw2MWwLX1RQr3eZuHTKIGTbKW1ElGVOUKsY\s8Fja6mpsPU2NcZGV1+d7qTngwO6s4rS7gpLfVFA2roANT7ReeXltfAfiutEm1v7qTl17u796Ylz3lHj752q4GXWra6u712xvt6kQQgghhBBCCCGEEN8+MgEset7IyViSHTiqXcz7UxVujCye1NH0mY6hwwBnHfVNoAv\8fu4jaWbPWQ9ZSUnYl4tSVrAVYu7EXRRJ4TAtd1GRb2WzKdWkDtSc3lFWvDQa9ir46tibLRoBwJn6nBjbr0K2FtHZ7sTX4t4Yysjtv5J7TTNCpL6A+e8eKB1ezRdaF7NmaYNm8RvwNdm5ZqvvvUWoldFh+P3u6ivUR0MxtGod5+g9vRpvB41afN1gJZUAzjOulESXDB8IWOvwsx0w8UG2q5h9ni8oDYwMBG0yQMBF7XuIKTEOQHtKsG2z4t2+nJWzE9H05K90cFr5e1XxXcWS1vdii2C76pvBerwnoO2S\kv+BqANLSdrV5M1JF+fy7p9+dC0I\Dtpai6nKcfhOZMfZfvHFEarf6c15QWzDEs9oyzv6Kt6493V8duarjOloZ571EuuJ7qn+6Mz6b6xshb6MX78Ww1\GOgXZlXJv+FUIIIYQQQgghhBBCXNHr60zE9SyAc59CADUGQ\gP2QYyJmgJHDvIVpcb7s7A3MHELEDaSCM0KRysDH+wbQDnIRfBYErzBGREKswTjIAL+4fe1m99WYo1fymr33MDXurcARhsIjNsopMmP85qV+xVjouGsSY9XHRQrrSul+NgZ9s\X4t4Yy8jlv7pPE1Yexxu\QBjv2MvjgCkj0xvPnCLGjUB6s75ryRq8uKo9PRQ3TvS0fi9hnVIG01agp+a3+\FhYFUA4CKtOF6OF1K6SnQjUq7KiuTA9UVOMOr92UZ5R+DesxY0gHVuAyMCeD6sAxvU1i6Ji+la\NZ+mxp1FWB3rNuAmgxTQ2bSAL8zqNEGtmdxdJWd2KLRDNmLHr8OMqdtOpxv4O9lQFISyc9yl9S7wcbWb50PfbwyTSVBt334r\3Kt442rXbeTvlSvR2iybW\upqXXu6vzpyNcc13IpaDYE6D2FXPN5KJ5Gu+J7qn+6MT5VxNOkJ7fN6d+9t3bdxXrOtyriG\SuuDuWNfPLzO\7P+r63k7N4KVsbSv9MSfQ+b1Io\PtYz9kuUgrz88l\Q2n1Otbz+Hevb47vBXurazjWcjsvJ754hBBCCCGEEEIIIbpLVgCLmDQoJdjOh2\gGcDrOo3nUhCGL2TeyNbp9WYT2nI7ykkwPmaK+vzHFipzLjm7XZS+vZr1Z7KZOUJNneM97KcC6OflYOrgVoXLed+3stKdxTzLUAJ1VTj2uvD2N1Ews3lpk2GEGg6U8evfBJlnGYqqoZa9ux24L6lovX9x8w\5Xkcp9sGTMd5t7PLzXDUzFpG1byP2N9ayccpMpo+Aml2lOM53llMXR7xdFXsZMfVPLGlm5JFTaaV082rWf9acxqfYKav2gj6HR6eEpjPTzJj6O3Ds2EhhYzZjNQ0c3V3GaZUeDf\bhbpG6NMObkroaPxqrlUdEoyMHgVFLg\ox5IWilc7bCjqgAMfWrLu7taThqNSJ5ymaO1Gah+YztDGo9g\UPCqTRQsCD1vONFM7pxyXDvLsK5ykzXXwtDGOqoOVOCqV2MqyGr\3OsQncGAGgdlr7xCcK6Fobc0UFtRjsP9FaqE9iO701ja6kZsALeq1VDvoHS3lsmjTBhvyyJvbhXWnTZWv1BLdlYq6vOhONCT82hm1El4nWk0A3eWUvLCRuoyJzN6MPhce7FX+lFPfAxLPLP3yXHGEVCwhdotlRrK3nN03G7R6hBjf8Va1\bt273+8r5vxbqTmLYYvprjGtIxj1PjOFDCxsIg2eOSaFDslJ3+Dvpk2l\xXeyfnhyfaDJ5dM5BrDttrN1Yy8wZqXCyjNJDrSeo4rlme7p\RV+hxTDRgDbau\rvxn6qi1UcdediiNTxH1ehNEU4ftX5qXJ6UPdXEzhbQbkni1x9b8QhhBBCCCGEEEII0XNkAljEJOBx4WyzjEml0WNakMuiGentf2DWZ2AaaMd+0UiGKYZtHxN0ZD+7Ae27NkorS7DtA1V\PZYlq1g8IdpPjpHy2ik6BajU6NJyWP5YNumheev0RavJ+7qQ4sPNaVT9daRNymPDlAZszxXjcXvApAfSyZpr5MQOhZLNCnU\3URebM0UITYDuT9fhdpmo+xACbZ9KjTGbFbdX8fGdzpeBRx7vF0Xcxmx9E+saVZtQLv9ShoStRhnLmPhXxvRtkz0J6Sz+Nk82FSMc2cRikqNfsJiVmf5eH2dsys1bd+nd3eQvKPxe83qoGK00QAuN5q09Cs\vKelk4YDJdnE2Kv0A3XSjGXkNmzF9p6NiqAKzfAsluXnYgy7B0Q3ew0bBhdj+70D+zs1gAp1Sho5Kx4jO62DJ9uOXMzqJVD4rrM5n0qNLs1C3rpMGt5eTfGZWjyYaKlaLLG01eXYgPQZORhdJSjbbSgTl7HpcSO62avYMLAE204HJZsrIEGFdlQWyxblYhzYwclSsln1rBrblvdRdhXhbKJ5rMxdzmOz0ju9MaZ9veKIY9xilvXf29xuX6vQjmr9eRizWPsrxrpGbt+u91c8ruq4JvzztJQiRYX6DjOLn83C909W2l3xXeyfHh2ftIypYgq3N+dV9ddjXpJLYHMJ9S2J4rhme7N\xdWkZ+bjeZi6e5rBOnQ+L1XVbnIjzAArhxUYqEVzoSuPezBRsGlT1+LylFNxFgwLcmBHMY49LnIfi+9mGSGEEEIIIYQQQoi+5qZvvvnmm94OQnTNmTNnGDYs6t7IvcxL2VorpUMK2PREt38yvPEcLiR\s4fstRvIua23gxHtyfgV1yuFwvxClHHfnrHrLLTim9f5CuC+4dvXPzeCvvh961rFpLyRT2G1iYJNBd2YAA79TSWbnCFllLqzWPWr3NarvxudvPaUDdWcbOp3lsFcK9bZoV0umnw437VRVu3Be6l5zblKo8f8SEHYTYJtr63m1\Xh54nCvX0lG3drWfjSCtRblmJzGcn7zbIIjy8J4H7fhu1DF75GUN2WScHKdA4ub1tOLOlC8c3Ow3yqiFJ3EFVKNivW5WAA\KfLePvtMlwXgs03dRgs5PztQszhN3VccFK0aTtOj59gU6hN5hewcKL2yg1GsaQRQgghRETf5u+AQgghrh\yt+H65ffH9xCqrpBnAIurw+3AUa\GMunb\QN3zTvLWbqyCFerLQ0DOKtPQ4KeodfFhMW3kIxfIa4PfgdVroFok3s7ECFE51SYJllQX6ziaJsHAQeVKlyYIuwaE8Dxz6uxHfBx67gc8pbksXiumZQmD47NG5p3femOJhcHD\lheAZjNSrMk0zQ5KL8QPt\hNW8s5qNO138jyGLxUsWk607TeGv37+yWj7OdADeD2zYVZksXpJLZuZoDIC3fD3P\rqUuiQLuUvyyJtvQXO+Atua9ZR9GcrYqFC43objq9vInJ9H3pJcLMkXcLy1msLKYOxphBBCCCGEEEIIccOSLaBFj\IfL2V7dR2eahe+lByWfst30EsfZ0J1wEHhugDZ949Fe0sDtXvKqXAH0M\t+NnG4tqT8SvE9cXvPMr\zs+NsFJPCNFzFArz86O8p4vpGdyXjRqLSe1osw10EKXaBaYCTAleSsPTX3By9IwK3ZwVrLq8wtaM5e4kVq+343Z7YWTHK3w79PFBHAEwWizNjzO5JwNTgoLirMJ\f9aVR5xctFNyIIB6XAHrnjChBphgwbTTitUDunjTtUjKZNlTuRhavg82Oin5vYek6auwPmoIrdI1Y56RQcmajZT+3knWT82oTlahBLRkr1x+eScZ87hUePbXOE+5CE40xZam6y0nhBBCCCGEEEKIPk4mgEXPanCjVNZAsonF\5Dd\oeub5uRi1m3QsvbW+2UvaMQBFQDDWQ+vorciZ0821hcezJ+hbiuaO5fxvLeDkKIG54Ww0QDkb+1aBkaz6OcE4yMHaPGUX0U9wJD8zbQjQpVLjWWn5oAb+v0AzNZ9nJm+\PoU9FjpzbwVRyFtxXEeUiBBCMZ40JToQkmJk9UoxyqoNyTRW7ogfTBUzV40JB1f2hSN0T3QBbG94u4QHzpLjOkX5n8BTh+FFeTivRbfCiHWz8LOZgUeh8zJq0WLQoV75YwdEE2Rr0aVYKBhb96nYUtGWJJI4QQQgghhBBCiBuWTACLHqWZspzXp\R2FH2LJi2bZeuyezsMEQMZv+L6Z6Jg06beDkJEJf0jrkd6Zj6e141nALdmHGdCfaiKo+5cDAYIVlfhusXEslHA+SiZggH89XXU1Huoc9VQ4zqNB+BiQ9cDuVhB+XHg7gxMYbsINMfnwLHHRe5jzVuB+C5eAIaiG9LmHIkDSVJzeWI31nTReM\XA0FqPrBREzGFD+95MOmzWTjNReE+O4Xr7aBSo7vDjGVOFpkjQ8\3jSWNEEIIIa47Z86c6e0QhBBCCHGdkAlgIYQQQgghRLcob+RTWN36mKlgEwVtZ45bbQOtx1ntQj1mGcaIj8UI4Nr6IoX7vAQBEjVokrWkTjKiKldwR8oSI391VfMk8nEbS\Nt7RNU7sX5qLGTLeZvRh3TFvSxpoPYttVWY1xk5fX5XmoOOLA7qzjtrqDkNxWUjStgwxMm1DGlEUIIIcT1ZtiwYb0dghBCiD5EbgwSHZEJYCGEEEIIIcS10bINtHIUz1wvR11qTMuMkdO6SrDt86KdvpwV89PRtCxbbXTwWrnSjSA8lO\xQIKBrL+dztA27zZ8XErJYRflB\yY79egTR4I1OE9BxjCEjZ68V688jLWdNE053dR6w5CSgxrdBN1pN+fS\r9uRD047Ctpai6HKffRKYmjjRCCCGEEEIIIYS44cgEsBBCCCGEEKJbTE9sItYNzpu3WVY4uMOLS21ieZT5X+9ZNwG0ZE4Nm\wF\M6juLoTrLuKqgugnjSb3AkRCh\eQNXhEjx7yvHcn4veOJr0BBeOcifZBY6K4psAACAASURBVObLK2e9u\fiAnSh16oY00WjGpeBcYsL14dleCfmoGtZFd3kpXSdFXswmxUv5HDrBxt58f0g2c+vISu5JbMG3feu\NPOG0MaIYQQQgghhBBC3LjkFwAhhBBCCCFEFB7K37JxNNrbyRksmGckrsWkoW2gK\b5UE9ZTnqUZDqDATUOyl55heBcC0NvaaC2ohyH+ytUCTRvC90FrgMO\GjJmhFl5jk5k5l3l2A77mCvK5fFxkwenXMQ604bazfWMnNGKpwso\SQt3U+TYzpokk0kzunHNfOMqyr3GTNtTC0sY6qAxW46tWYCrKaFxabRjNwZyklL2ykLnMyoweDz7UXe6Uf9cTHsGhAFUMaIYQQQgghhBBC3LhkAlgIIYQQQggRhQ93pS\683ZTdGTHOwHcsg30ITCNizb9C4xczOolUPiuE\s7NaBSo0uzkLcuk4a3V1N8phYPJvTxlN3oZG9lAO7IZmbUjCrM0ywUH3egVLtYbDSim72KDQOLKdzuoGRzBar+esxLcglsLqE+LGes6aLRzV7DhsHF2H7vaK4zKtQpaeSseIzstNCa4pRsVj2rxrblfZRdRTibgEQtxrnLeWxWOqpY0wghhBBCCCGEEOKGddM333zzTW8HIbrmzJkzDBs2rLfDEEIIIYS4YfXF71t9MSYhhBBCiBtJX\y+1RdjEkII0bvkb8P1y+\3X\UyEjpPIoQQQgghhBBCCCGEEEIIIYQQ4nogE8BCCCGEEEIIIYQQQgghhBBCCHGDkAlgIYQQQgghhBBCCCGEEEIIIYS4QcgEsBBCCCGEEEIIIYQQQgghhBBC3CBkAlgIIYQQQgghhBBCCCGEEEIIIW4QMgEshBBCCCGEEEIIIYQQQgghhBA3CJkAFqI7lELy862U1ffQ6d7I79HzdchfQ9lvSnBd67zXHS9la\PJf0PpPM3aMrzXLK5u6pU+vAbt1OSl4rXVLP37fPLz81m9M0pJ7ep\HfZhGO\7VvLzC+lolH6bNLfHNfosFUIIIYQQQgghhBBCiD5GJoCF+JbyHniX0lM+gtc4r+gbbtg+rC6l2OUjyZxL3pI8Fo7XRkx2w9ZfCCGEEEIIIYQQQgghxLfed3o7ACFEWwNJSu7tGIS4PnnP1wM6LLOyMKf0djRCCCGEEEIIIYQQQgghxLUnE8Cic0Efzu02Sivd+BqBRC2GiTnkPWpG27KGXCkkv7CenJWL4QMbZSd9BJtUqO8wszB\MeaBnZRxwUnxm2U4z3oJBIEEFRq9mQXhebtbRhz1yF5ipmZLKe6gCt0DK7DOM0DATZktVC4qdFMKeHpkhHKa\NR88DZbPnTFXU5+ihaSdegSQ+kCbspsRdhPN7eLqr+OtBmP8tisdDQdrd\vJJ\yRj6F1QBeCvPzYVwBm54wAQHcu4vY+qELj795bWRz3sXkzTagJlreFMrWWikd0nKeFt72x7tap8gV7TTeKzHkscFUQ+G7TjyXgpCoxfhAXli6Zr7DRZfTqJKN5P5DbrxBhUJTsK0txNlkZPGzy7CExmfwvJPizcU4zwYIokJ9h5HsRxaTNVzdKnvn6VrX6\UtDryNoBpoJPuxx8hO00QNreM+XExB4nvYDvmhv4mF6wqw9I+lnUPV\txO0bYyXJ3Ur7N2isR\2s7WHdHOHWqP0Ja\pWvzKcVEwaYCTG3OE63+oZan4XgJRVsrcF+MPk4I+nBuLaT4sCc0jvUYZy1i8f1t0kWsSA32d0soOx49r\d9K9adKSwuUPOezYEfNaZFGyiYpIYLToo2hcaGSoNx\goijtIYYoxeDrjft1G05zTeS0FQqdGlZfHoY9mkRxtanhJWr7ejmmvFOlvX6i339pVs3JNKwT8XYEqIrw3a9mG04xGboMFFyZa3qfjcTzBBhXZUNnl52RjCOql5zJbj8vgJNnG5rotb0p0qYvlvHBgee51lk1Stzq+8kU\hKQvLXl6MMSG2NhdCCCGEEEIIIYQQQoirrZ\VarX2dhCia\785z\zve997+oW0uSl7Fe\oPh4IwMn57AgazxDm85Q\dF+7Mf7MX7yCAbcBNQfYdeRc3iOO6i7eTyzH76PUQP+k\974jiVSiNj7htFUrQyAg5ee+Z3OIODscx5mPsmjWaoysfnn7hwVl1kRNY9aLtbRlz1+IzPjnn4\oyF5Ji0DEm3MCyphqKf\yP2L7\Dnff\kJyJQ\mvw8X8R20Tfj+kT89kRH8AL\ZfWnnzSIAUy0M8nHUvqWovJw7s4YOPOy9ndL\P2HV+KPMsw0jES9n6DZSeT8Y0cx4PTrmHIY2nObBvD0pwDPeNilbbzvN9N\n7JAVqOVk\hMwlD3Of8U6GJCfi3m5l4y4P3zVm8\DsyYxP1XLpy485edTBZ\2nMfkHiVHyBvmsooLTmvE8NC584udSm+NdrVNkscR7OQbvaSqrv2LozBxmTxgGXhfHq\dzbtCDZNzeDwD\3o08U3Scr\7qXh5+dCbpqs\44++PcLHJjz+5bd3ChcognczpIxjQ5KXsxX9kz5\15KxayX3fb04VPF7Esy+VcvYWI9nzZjP57iEEP3Owp7yCc7dPZbxOFUe6sHo5fXx\xg\JuXcYX\fA1TsdnD+jvsY+\1+EaPtsA9rP+bj\76HnIX3kTr4B0ww6jgXUztDQClk9T\twfONnqlzH+a+u\rjc1Xi2HeSfuOnMqJ\bO0USUAp5LnX9uBJNPLQX89mclro3HsPhNpkAP0H6dAGazlZn4hp\o+ZbRnNnUOSSWxzrg7rf\4zKpWvGHZfDrOnjEDt+ZjqNuOERhdFq39J6dnvYpz1MLOn3MOQ4Oc4dv+RCu\tTB2nQ9WuBpcrQuHa19njuRnj7FxmTxlB\MnqXTs4UBY3kufVVBx+jM+\vgr7pm3kPt+oOMHY0eh++8KNq4u4vhftNw7\4fMTL+Fz\747xy5GMTv\yvGPzQeXRwxRiuHPRvYsLOe5LEPMu\BydxzW5DTjgr2VHfwWZuUTOORCo6cS2L89BEMuPyGm\Ysod60wL+xjQ4zjbof6VOIdGO0y6Nl8+qFL4aNpOc2ZMZkXiOj6uPsN\7fR40D6EfgLsE64u78Nw6iuyc2Uw2p6L9yzk+PqngqB3ANMswEgcN4JLDQeUlLQ9mDOXyVdWkUGo7gj8jl8X3aLs3LkSfdk2+b8WpL8YkhBBCCHEj6Yvft\piTEIIIXqX\G24fjU2Nl71MmQFsOiQf4+NUo8a05INFEwIrV+aYGHygddY+U4pJc4slk1s+Uk7ACPyWFdgbl7pNMGMMcmKdaeLE\W56KNsx+o7fBR3Px05P1tFdkuaCRZGa1azvtyN+zykX87btTLiqwdopi1j+XzDlfy7S3BcUmMqWEeBqTm\2WKidJ0VT9gURLCyhJKzSWSutLJweOh8E8xkTSxh9cbOy8FQwKYJof9fr+CsB9OSNeS1HJtgIunXyyk+fQIv+siTH7HkM5gx6ssoUZJIn2AOraKroaq6AfW4PFY\YQpNVJgxTxnKa0\ZcH1WC9NNaCLm\Uvkhu9KbLGdKeZ4L7uUROZaKzm3Nb80W3QU\rQQ5bgLJpqgycV7O92gz2H1s9noEoAJZiwjClm92RNzVM03G2yg9JyenOfWkH1byxseSt914B+1mJd+arm82tk8JRPHa8sp2l6Gx5SLPuZ0LfWCtFbjMp2SNRuxv1vKzLvD0oXpsA+b0ln48zwsl5cr1vB+TO3soWy7QmBgFqvW52JICKWbNJTXni7GWekme96tMbRTpDZ1UVKkEEjJxro2p7lvMGOelkHx2o1UtLSJ0QxnyyhRYOjd5qhbQHdcfy1ZK63khi5L891JNDxlw3VMgYnm5p7cVYzjkpHFG5dhaVkNO8FC5qHXWP52CWUeE7mRGh5wbS9CuaQjO3wsTsgk410rG\e2z5v+w9XkTbmydtT1dilu9OQ829JmZsyTUilcbSN8lMYbY+tyvJQ5vWDKY83j5tAxMybNKyzfXsOJL0Efsb90TJ6ip3S7E6U+G11L+7uPUnVRjWmcsUtt0B3aGSuwLgh15gQTSZeWYjt+FKXJjDkBapxVNPQ3kfdsAabEK7EM\eel2I7XUEsmJgxkTNBiLz+Ks9GCpeWOgo+rUJo0ZE1KB7o3LoQQQgghhBBCCCGEEKInyQSw6ICfo4oHkrOYOaH15pUay3Qs\+7CcdhJcKLl8qqmtHHmVttc6m5LARTqvECUyRjttGW8Mq39cb1BD9QSCLQ+Hn8Z8dcjNS1sUpYgJ06F8pvC8ifoyH7ASNnbFy4fUo65IDEd9UUF52FanUMDuFomGyOW00ayloEJoOy04RiYg3mYFlWCGsuKTVii5+p6PtJZ+KvXWdj2cKKe1MHgagwQhO6tYOtybD0Q72AT5vBJq4QUhg4G5ZwXLyZ0Z2o4EQDjgqzQBGMz9YSZWHYo2GOKqQFl84uUnk0ie02bSc0vj6JcAN2IIDXVzla5AioNXAjdxNAUY7qWsZ6SRU6rcWnAYtFh31nDifOgHxxT4FekpLXaHjfmdj5\gpoLoJtrCU3+hqgtLHu9pXe9of\toJ0iOX0UJQDGBdmt+gaVgdkz9FRsr6LKnYu+g8spZoPNWMLP01JPrw8voMPL0WM+GGwgeNpJqx66pEKDD9dxL7n6SLcy1HD0WACMuW3qrMLwQCb6vSVUVbrJvVwRHWkjwjvDTc2pAIzKJSs8v9rMzEnbUXa3HIg3xrblaNEOBj4uxXZAS47ZgDYR1FOWs2lKh62HZlwG+u0lOKu9ZIe2ga455MCvNjF2VFfaoDu0mFt1pgr9MB0cr8d3HkiB9Edf4vVH2+ZrSRck0Agkgt5sQltu52h1EEtoG2jlsAIDs8gwQPxtLoQQQgghhBBCCCGEEFePTACLDvyFwCVgiK79KsKEgWg1gK8BH1xZtdmNERUM+Kk\W4P3XB0nTtXgOt28ns3X0CZh3GV0oR6t+GjwRc6vSk5CTcsEsBefF2isoWxzTeRQznvxYUIbS9iJZnIfcVC3zUnRRidFCSo0eiPTs2YzeZw++vNyu5qvRVOQgM+D+6yXus9OcMLlwn0BoKM2ilF3Y+tOvAmdTF03+PCjQZfSNp0WbWfPl25RXxF6Bm2AEy4vOeGTPf\Piw+gshhbZaTMfrznga9jTNcyATxE165PLt8UcQ6IdwI4ms7aud6LBzDdFsMI6aidIvnvAIGIfQOagVrA0\5zoqs6GyfUN7c\Too3OyOm8J+\QOQr5SsCAdCkRNgKOFmLFvBc7KgiDfgugibCVsJabfinSndiBFBh\uuFOM4U43xnI853QKXRY8ycyewpZvTRHy8NyRlk3FFCiVPBO1uHjhqc1QHU48zNz8jtdhvEQ4Uqxs+U4CUfHrcbr6eWEydduNw+ABou0nyt6S1YUuyUVjsJTrKgalKoUkB7f0bo70J321wIIYQQQgghhBBCCCF6jkwAi94XcFG8sZCK+iAAKo0G7eBULHersFe7ezm4TiSq219EKTlY12X3yM\8uunLeWmyH\exg+ytcOI6q1C6WaH0wxysz7ZZDdkD+bx7X+HX22rwNwEqNZr+Axl6txnjcQeuHqhPd2LrrXjhVlS3xJg0QYP5iVWkH1xN0c4iKiauIjO5dRJTwSYKTJGzA6DEmC4GqsiPAI5bTO38dTD2E8bQTn3euAI2PdHNDupBtyaq2x\sToy3ZbL8JQt+t8LBfXtxujwoO20ou8o72bJbQ8a9BkrePYrrYja6eidKQI1pXHrX4rjavqzglVeKqfEDqFAn38rAIWMxjzqKo9WHSGh76x1HURotmE9WoTRpyTK3uS2oj40LIYQQQgghhIjX0RdHkbsZYBFvnlhDZmKkVD62LZnKM\uBJVtxPz2mZwp3bWLaw6\iGfIkf9idz1099LtGn+I\xbYXKxm+\nHG9nYsQgghbmgyASw68F3U\YFzzSv7Wm3I2XQBnx9I03Z7otO13UZFvZbMp1aQO1JzeVVY8NBr2Ku7eXKg+\XQkqSNnD9Y78XfNp2rFncj6CJ+Qe4ClQbDhGwME7KhKYhn5wbWf2DHfjqbxSN7MN9FO7Z3a\hf40KsT2SGxe+mJNYJ1YYG\MCVBYIXmlfFDemhOvV0vOGStGhQ8NYHwRC+NtGD9xxtBk4Ug6eTbdKi0+Wwd10pxe84MC+zNG9ZnqRFA9R+7gZTByeLNV2Ldm0O3i\rAQOpw2KIuTOxtvOQoehRqP\SC6bwq8lH2Xordu1CNhSE6tNRO0Vyixo1\gh9A\4LPkCL7vs9UNeYJKFNBty1uDHFNCyuuBW1Gvz1XoIYWq+AvejDB2hTouyVH1a2EiG\51wdkNoDMYZToTGYyTaYyQaCZ0vZ8EIZ9j01ZP84+oSuZtJkjO8WUVXtR1+vEEi2MPnydR1vGzTQ0GaAXzjfwTMF4uLH\rtiav7XyMK1BWTediUa9\a2E8BXtreuUgKojiuQkoPl8vxvT7W5EEIIIYQQQvQVW9lbtZLMqRF+4Krfxx\393yJn+zbgcdgYLi7kG2Vf8M6S0\9uNZ3\Mn+Ks9sS6VkfW9HIoQQ4kbXlQ1XxbeGhrEmPVx0UH649YN4\Y69OAKQPrK7q7q81LkDMNhEZtjkL01+nNU9tYazu\VQMfru9Pb5m7zY97hapTNPMAIu7B96W5\iy1Ks+UtZ\V7sK5qD1TZW\sNyisKLSFAxcGDSVcnHmVo8QNrEzFaT18HPq1AudhZtaJL9yzrqmq4cDRw+iCvsdZdj6\F4IzCMZWx\cH1Yhje8Dko5jnjPl5JN3iwduEooahkzhgwyBoL\UDnOVsMwgLNwOfn\8BqOS3Gka\F5BXu\DHsddGHf44U7xjK2o616YxVrOw8eTfpA8DocuMPajy8dOD1BkvSG9hO8kdopkrSxmNTt+4agm\f3eKC\kdGdPUe4xxjImKCN+HkSOFzI8r9fymuHotUlnbFj1OCyUxbeZwRxf1iBBzXGUR3dUmNg7N0R8gcUyiv9rdJ1PUYgqGBbuZTlb7f+DFYN0hLTlZpoJuNu8ChbqXAF0E7ICJsQjb0Nvqu+Fainri68Ak4OHo8liFjUUnsWSMtoNflL0E2V4m+fPDmDycPBdayIKgX0UyaH3TjUzTYXQgghhBBCiD5lKplTYcueKhojvPsnh52KMWN6dgVrYxXbfvsFd\3oSX4yppEt2+xE+JeZEEIIIWIkK4BFhzQz8siptFK6eTXrP8tm5gg1PsVOWbUX9Dk8OqW7M0w6DCPUcKCMX\8myDzLUFQNtezd7cB9SQXEsa1sB7pbD82UR8k5YKX0zbVs\Gwm00dAza5SHPWt06nMueTsdlH6vpWV7izmWYYSqKvCsdeFt7+JgpmxrwtTGTNIVzlxFFppmG4hY2gSDXUOKnbXgD6HrCgrZWPN1zy5cpry7Q6C40ZjHpaOIUFBedtKUUM26UnB5jZSfLR9WGe7vAYNY8cbKH7Xge1XKrKzUuGzvZQfCjIwBQJxxoZSSH6h0vE2yHHEGxsDOT824SwsY8M6L9n3jyXpvIP3dtfQlWkb3ZxHsex7Bce7xbjuzsOYqCd7gQlHoYLtaSs187JJT\Rx4tBenO4A+rm5WPoDxJquhZeyF6x4Z2UxVuPFsdNOTUBPzs+y6GhUt+\DKAljbueWuO1sXOsjZ+ZYtI01lL3nwNvfzLL7dYC33enbt1OEGBKM5C42oRSWYV3rDZ27lr0fVuD2qzEV5MS94jLm+kegn5WL6VAhyuansZ7MIXuUGp\rIHudbgJDcsidGHUtM8YFizEdL6Ts+dV452QzdnCA2j3lVLj9qMcVkDO847IN8xZjqi5s3+eXWqfrToyojGSMUuE8VIjVn4ll4lCSGupw7LNTk6An5\7ObvxRYRpnhLeViNskx9oGmjEZGLYV43hrPapZM0mllr0fOggO1NGli7KdVNKHg6IUYX27gexRSQTPH8X+oYKvKdKHSMvnnIKCntxxra+wbrW5EEIIIYQQQvQpqTw4Cyp+vp+Pfj61zTbQX\DHf9tP5g+fZ\ixYxwNHfVsXcQ0q4Zf7S\kkVabNrnZ8vAcXpi4lVMdbBXdWGVnS+B2fjY+i8x+Y8C6ldIVc\jJHRHSfrqLl18tZJvdjZ8BDM\KZemT\8DcOxPjSuM\tYvXX+8oTWir6zvbbnPd9njL67eomnqMX1jf5EP3f5GYMoZHnlzPs\MNJBK+vfZ+cu98q2e3zxZCCCHakBXAomMJOrJXbSBvWgpfVZZg21xEqStI2sxlbIjzea3RpC9aTd4kPf\7uZ2izTaKPjiNekIeG36RiwHwuD3dL6S79WjJPzGJ+kMl2DaXoiSayZtvap\u2Q3kTTNws7u5PiV73ZCWw\K1BZji+f0\0Uje2mVk3QHuvSXYNtso2VvHrRPz2LCqg2cMx5hPkzGbzNuCuHcXYdt6EF9yJst+loNR48Ox3YbtzWL2+gwsfOYFCiaq4XwtnsYoeQHN9GWsmmtEXV9ByWYbpS41059awewh8ccWkzjijZXaVMC6FTmkBV2UvmOjaJ+PoXMWk9mV3WYT0ln4mBn1JSe27TWXz79hZS6m2xpwbrdhe6cUxZeE5fENrJp9pfaxpgOaV9HOH4jnwyJs71RQl2whb92qDp7R2ixSH0YURztfjvvW05S9Y8O2w0kwLYdVz0eZ2I3STpE0903Yubc7qE+2sHjNBgriurDirH\kYCh4fhW541JoOBz6PFF8JLWM444+T9QmCtYuJ9d0K6c\KMK2uQTH+SQsP17DhidM0bfBbpM\Jy2Ia1cRtq0V+IbmsHi6rn26rsaICuNj61g2Uw9nmq9n2\YK6m4Nja0YrgeVKQMjwEATGW0ekxtzG7SMvcR6KrbbsO10oc5cwYrZPbH9M4CGzJ+uIseYhK+y+fOouMKHYcEaXigwo8ZL7ZnWNyFpJk1urtfwyWS0fW51t9pcCCGEEEIIIfqW4TPm8ABb2VvV5seVs\spPTaVBy2prQ7rZ8wnk\380dHmX9juSra5bmdpdkcTnf\Fhzu2wpD5ZI5sOdcxNu861S5lY\VLPDTnabZ8MYqlv36Lf\11AaO+2MpTjzzJzvr40uTmPM2W\5zGs4VhaebM54XqOH9QarHneX70ZCX6v3uJfy18np+k1rLl5\N5wdF8vuHz3uI3j48Esnj2rbf413mpHZ9PCCGE6Iabvvnmm296OwjRNWfOnGHYsJ54yKcQfY9352pK9RuirwD+1vNSttZKKTlY18U5eS7E1dakUPjTQurnWLG2vWlBiOtMX\y+1RdjEkIIIYS4kfTF71vXKqbmVaqPU\JpAV88mcFTyYWcsk6l5b5uz9ZFTNszn6rNqfz2zkVsvryK9b\Y+WQGT\3leao2z2dQKP3nW+Yz882Z\GF3Pnf1i1Jo\Q7+dupz\Om5XfzhJwYur6itfbJNvi\Y8shM1rKG8uJFDG85HtjP2ulr+PzJ3\Gvi27uPM0PG\nn++fzcurz7Ns0H31Lmq\dbF44hxdYw75ti9DHuwJ4\1R+tbeQR1oWQ3x9jBfGLWLzoiv5\7SjgIyfp1Ly6cqe3UJbCPGt1Bf\XonY+P1X\0EHsgW0EKLvCbqpqAStTP4KcV0KVB5EadKTO0kmf4W4EZz3XeSi\7\46r\B7l3VAghhBDX0k033cStt9xMsmYAg7Vtt+ERV9cAMrOyYEX4NtBfUPHeMR5YvIlB1EZJb2dv\fzQNtCn+PDNU+hz10ef\AU8e3ZQwRjWTW15PpOWB+dl8cyKQrZV\g3rLKHp5z8dY+8xyPzlzCsTuwDqqayr2h9Ks6vzNKc2se0c\GTdnCuTvwD9DDyyOIsXVuygwr2In8T7vKmJWdwbvhNev9sZPh74tJY\MebypLgQQghxLcgEsBCi7zl9kNpRC1nRdutYIUSf5tlno\yUj5qP3ajHFZApv88IcV1r\J8gZ77wknjzzQxJGcR3b72Fm266qbfDEkIIIcS3yDfffMNfvvpvfP\ZwGl3HcNu15F4s6q3w\rW0FiyeICn2Vu1ksypieDez7ZjWfzdpgEdpv+jw8cj87Vwaj\bzt3OIzNGRi\k61Ps\O0xGLOGzDvansvOlm12fmaZgwbgXC0fAT8Zpo1+vljSBPx4GMnw29s\r0qjux2w47kYPXtUN8MtXcgmhBBCXA3yRDohRN9jXMyaHxs7fx6qEKJPCZ6vwam4+WpYFst+bEJ+lhHi+nbmCy\JSQMYdnsK\dW3yuSvEEIIIa65m266if7qWxl2ewrJSQM484W3t0P6dkmexqxZsGVPFY3A544dfDIrK\rNvsnTmDcHKvZX4gc+2b8DT+i5vlGd2s+2c8Cx9Uy7cxSG\5+9+4+K6rr3\8ExIkkjpcEjFaJfkdigpAWNBENKRJv8VdR02DslVRblHwl1RYbP5rE6Ee9WpNoTUOrN\gNhlRuyC1XeoOSRKXXIK1BbBXagOQHTjVgtIIxjsnogDDfP2aAGRh++CsQfT3WYh3OOfvss\c+h+Us37P3u+kncim7Ad7NIve4s2xDHZ1m5+1KGRERkZuAZgCLiHwjDWTK6i1M6e5miLgwPbaBLY91dytE5Fo4XXsWQ+\e9L9DU\lFRESkZ+h\hz\WCzZO157VctBfG+eyzssLOfzsYCr\p4KJc8c5ZuO2V\6RBEjKp2DVMKr+q5rQubGEtlveRtH\pFFFOAtSU3iwdcXmHOauySM9r4LZC0LgrhBigMpjtTDKdYZvLTuSv8+mIRvYntSFMo8YCaKCymobmNxnAVtOVgORBA9wOXiqBgu49Luaqr8Cw9vtmIiISLfTDGAREREREXFz1nKegNv7dXczRERERNwE3N6Ps5bz3d2Mm4oxKpaJ1hx2vZ5Pdlkcj0R7Xv65iSEyltl++ex9NY9dJ8KZGd1BIl1bMbsybTA5gScmRzI2qtVPQiILB0HVqzkU2YDAcB4Omz4wNgAAIABJREFUh4Lf76GywaWeE\t4a+95Bg8fgbErZYZHM3MQZG7Lo8q1TIOZ7G35YIpm5CAAA\2MQInZrZztQD47rF0dQRERke6hALCIiIiIiLi5cLGOW\sog5mIiIj0LLf2uYULF+u6uxk3F\9xTJ5sI3NjKuVxsYxtf\qvgyGcSfEGdmdlUR4e55bXtzVLfg6ZGJg9M9bzrGKfEKY9EQ7WLLblnwcGM\PpRIJL1zL1RxvI3ltMUd4WHn90BQWm+SyMC+haGZ8Qkn6VSHDhCiY0l8lg0aPxrCs1kfTLBIIB6MvY2DgMJ1L5xc8z2LG\mB3pS5mRcpRh0Vc2nAY\I5DPtsxCij7WlxlEROT6UQBYRERERETc2O125fwVERGRHsfLywu73d7dzbjJOJeBBqbFjulg+ecmBkaOjwerjZGPRBPUbrlqcrflw6BkZo4xtFsqaHICE4Hd+fuwAIZRS9iZt57Zt+9jXXIijy9\A9vkNez5QwojndV0tcz2XJcyT6VxZHAyr+XnsGxUS3uMk9ew8\kEjB\8hkWJyfzyf43Mzkxl4RUu\2wcl8iy8RfZvSaZx1\aR82VVSMiItIpL7s+NX1jHTt2jKFDh3Z3M0RERERuWD3x89bX0aaS8k+ICL37ut5DRERE5Ep8HZ9TbtbPgNfMoQ2EzDrK6sI0Zg7ovLiIiFyZb9S\DeLGYrFc93toBrCIiIiIiIiIiIiIXAM2CnZmYZscxyQFf0VERLpNr+5ugIiIiIiIiIiIiIh8k1WzOzWHQ8cLycwLJOnNdvL6ioiIyNdCAWARERERERERERERuQp1VO19nfTjfZm26nUWj2o\r6+IiIhcfwoAi4iIiIiIiIiIiMhVMJGUW0JSdzdDREREAOUAFhERERERERERERERERG5YSgALCIiIiIiIiIiIiIiIiJyg1AAWERERERERERERERERETkBqEAsIiIiIiIiIiIiIiIiIjIDUIBYPnmKElj\vz5pJV0dxtW8c6pbmzD1boR+iAiIiIiIiIiIiIiIiIeKQAsIiIiIiIiIiIiIiIiInKD6NXdDRDpsohktmzp7kaIiIiIiIiIiIiIiIiI9FwKAEvHStKYn3aK6UvmwLuv8E6ZhXpfP4IemEVywmgCfN3LTUkazYeZuZjrfRk48SlWPWKCRgsfvvs7MneXUWsDDAGYxkxn3r+NJsAbsBTw4pI3qf3e02x4zOR2+5Nvr2LVjl7MeGE5scfSmJ9WQkTyFpIjnAXqazn431vJPWD2XLdrH1avYsoAD31zOV77l22kZR+kylIP3r4Yg0bzWNIsRvf3pQ3bQX67aCtlEcls+X8j3E7Vv\9bFv7uTNt7djSu3r4MHDOHhbNH07vsTX7zu\1UfVmPr38YU5LmMSXYr+X6Mwd587V3OHj8JNZ6Wto6fw6j73C5j9XMO1u38s6RWurxZeB3k1ka4qE9nT0jERERERERERERERER+UZQaEe64Bz5r7zIO7X3MT1pHjMevIMz72\luRff4aRbuZO881o+vcfNYV58DDHfNgEnyX9hGb\O+xTjmBnMS5rHjDFGav+0lefWvcPJRsAYxUNhYDl0GHOr+koOnoTgh4j099CsxpO88+JzbN13ij5jZjAvaQ7Tw3yp2udS92WoL0njl+n7uTAohhlJ85gXH0W\M\vZujKNgzYPFxhG81AEUFJMidu96jl4qAyGRPGQp+Bvs3Pkv\IS71lHMj1pDtO\04+T729l08u\ZuX\9xF3TZ7DvMdiGFBfRu7GrS1tsO7nt8u3UnC6D6Mfmefo9+gBXDq+n63rtvFhU1saP2TbihfJPVLHsO\NYV7CFAZ8lMZLb7dO\tuFZyQiIiIiIiIiIiIiIiLfCJoBLF1gxeo\nVXLpjDQG3hgNFFDf8svfpfL9gOx\GxMy+xY47if8Yv4llm89Qe2s\14P2KWrGJWsLPcA6OJHbOd517MZftBx\WjHwhjW1kxh80zMDVdfqqEg6cg7MdRGD20yrJ3K7lVfkQk\ZLkB5yzYx+I4qE\ZYl\9lSd1eV\aUEa\8pLF00nYEAjGb0UFjy8kE+KKtn9Ki2dUU8GIXfof0U\w0imiYB2w5yuAyCHov02O4WVrh7HquTR+MH8MBArM+8SP5H55iychXTv+VoQ4RfLQt\V8YHH8Hob0PtXw5j9hnI9MVPt8wufiCK+4zPsXaPGfNpuHcAWPZuZ\+XfkQkryY5wjE+o6MiyF29iipnD6Hrz0hERERERERERERERER6Ps0Ali6J+L4z+OvkN+YhIryhrOIjt3LD7nFfwrmktAwMAfidLeHgXw62\JypxwiU\b0MAN+ISMK8LRQfapkDfPLQQU56hxHpIfAKFg6XVIF\FBMe8HM7Y4x6mCg\KPvLQeovo48BdwTA6QL+K6eEKqvzyuBZbNj0a+Z5bAMwYiQRflDyl5KWlr3\Z8oIInJUx+FfgHtGOYO\APTBzwD0j2D0t1rK+A69iwCgvsHZznE\49eb2i4tHWQKAr7CagWo54MK5\hEuIyP90CmTAxzu66rz0hERETkStXkJGMaPoK5ObXd3ZSeoeE85XkbeHJ6NCHDR2AaHsmExKWk7+9gfMxZTB0+AlMHP+sOtb7IRsGqjq8xJeVQcy3aB3CqmPSliUyIdNQdEh3Pk+vzKLdc5vicNVOUk8HKBfFMjY5oaWt4NFMfTWFleg5F5vOXWek3SSnrho\ANHwDh9scSya79YI+IiIiIiIiIq1oBrB0wUDuGtjqkPcA7uoPJcc+5SRhtD7tcJLak4DtQ95J\9Bz1adPUksEAYbRPBSxlbRDhzE\ZsLUtPxz2BQiDJ4u\Arrl8CggQS1PuV9BwFGoPYctdBO29oKmjyLmL+nUbAnjbV7wPe2gQSNimL692K411MOYADvMEaG+7H\QDEljRFEeFs4\FczBM\yvGx1a57+Ar192+x7unu91cKp4x9y8sSnfFDxIWUfVQFQew6glnO1eBwfX\9++HHGuXcZz6gL3RERERGRTlgr2DwvgY2HHPk9jKYQgv1sVO3PY93+PLLjU9m6NpYgH\fLLB+VUn7ZNzNTvu8yL2moZsdT8Sx69zxgIDAkhP7UUNlJ+2zmLJ58dC0FVsDfRGiYgdPmCnanL2X33mJe2bqGiYM6ubelguz1y1mZXYFjdAwEhpgIdfkgetqcT+b6fDLXr8AYlcjLq5YQM+Qy+ygiIiIiIiJyg1MAWK6OLx6Dk24GTGfV6imdBmIdyymXcLhqBiZf5\LPkyM6r\9a8Qtj1upNzPjsQwqK8ik+8BHmfdv59b53iEj+ZfMyyq2FjY7A7\0SPjgCEXcdprgSTP82spPln6+CtYw3X0yj4JRjlrKv0UhA\2FEfduX\EPmTi4GDH5t\C7+IxERERE5GrYKFjvDP6a4nn5P5YzzeT8tqOlgsylCazMSWHe0Bz2zA9xu7Lq01IApqUW8\Lkvl27naWaT04Ag1LY+d58QrtwSWXWUkfw15TIG9lLGNv0ofZUISt\kkxmzlI2Rhe6t8FWyqafrqXAaiBmRQ6vzDZhAGiopWDdT5ibmcOiNZEUpsUR2N7IlG3h8R+lcthqIHB8IoufmMX08MEYfDyUPV5KdsZ6NmZlMDd2HzNT03hh8uCujck3QjjLPj7Csu5uhoiIiIiIiHxjaQlo6YJz1J5tdajxFJ+eBr+hpg5mhgbQLwA4dRSzrQu3GTGSCL9aSg5WOZd\juCh0e2Ff2\F7zbgxEmqWp9qPEOtBRgY4BLQbNuH2lOel7Dz\da9xMb\jOUbNrHphTlE+Fkp+eNB2l25LuQhovytlBwqw3KoGDNhPPTgdQv\UvbfWyk4FUDMog1s2rKFTRs2sGpJMtPDXAPUzrH3MD71p0669OUyn5GIiIiIXLlTeWzLsgHhrP6PNS3BXwBjCLNfSiNpEFRuTGOH22fXWo6WVAMhjLqni8FfAPMRdgOMCyG4K+UbSsneWAoMZvGvXIK\AAOiWbYsAbCxI3ef27LRlvwMNpuByWt4uSn4C+ATQMyy37A6HGx7f0N2O5lFbIc2MPXRVA4bIlmWXUhx2hJmjvIc\AUwDAln9qosivPWMNNkJjslmXWH9GFWREREREREpIkCwNIFVkr2HcTqcqR27x5KGv2ICL+3g+t8Gf1AGFBG\u6T7qc+y2XV\IU895bLjFXvMEaP8qP272+Te\Bkc55hz4yMjAiCs\vZ8xer2xnL\vfYb4V7Q5xtu8UPP6x8esIlhNt4kv0HXEOjJ3nnxV+wcF2+W6DXt99A+nlcgtqVicgHArCW\pmsMjN8O5LRnV5zpU7yqdkK\SOICTG2zI5utHDwkOv\qPly37fvbTs+jSfJ3+te7rKekYiIiMi1ZK1g8yxHjtcJz+ZT1eA4fHj9iA5zBns675Zn2FJB9qoEIsMd5cInpbC5OX+tjcq8DTw5KdKRVzYyjifXFzbfu7WaQzlsdMlr66gvkUXphVS2+YagS+5WawXpyY4cuiHRCSzKMVNbUkwBQHQ8k0webuYXyaTJBiCfvQdcc9xW88kBgAiCOltG2bXtxxxLKYcOG0yXPp7WWLBFhBAcEk9MWNvThludtRyr4Vzz0fMU7c0HYHZ8bNtVcHxMxMyIBKrJ3l\RttKz+Tw9L4NKUzyv\CGDpPCuB7gNw+N5ITuDpEFm0udtcCw\3VpDLUXpS5nRlEs4Mo4n1+dRaW15j1xzJ1+X96jhPJV7s1i5IL65LtPwCCKnp7Aup5SaNtd4ygF8hRrOU7k3g0WJcYS7vb\FHu57+eWv19+diIiIiIiIXB0tAS1dYi3ZysoXjzJh\DA48g6575\Eb1QyMzz8x5Ar39EzmP7HMnLfXsUScyyPRN2F9dNi9r9XxsnbIkie4P4\X\eOisDvT\spwY+oxzqu3Dh+HtMPrCI3\TnWfjKFCXf7UVuSzzuHTkLQdP7tu87\frpnNBG37Wd\zouk2aYw0niOw398h498gzByyVnbQCK+fQe5b21nzYuf8vCD9xFALR\8KZ+DZ\0YnRDV4ZLOQaMjCNiTT8kRCPvx9Vy2eiCmu\3gT+\w0sv1PBJ1F77njvLeH\dj\tIXqG8uafzuvzH9T6vIfW0lL34ygYfvhg\zctl\yr3Grj+jk7yzchW5pyJI3pJMxHXro4iIiNwUGqrJfsqxHHJwO3llr4Tt4wzmrsmgwNqX4LAQ+teaKTfnszGxkE9SdzLng2RmpJsxmkIIDamhssLM7vRkCszrWy1RbOPw+nhmpDu+DGc0hRA6CLBWU24uZsf6YnZsT2T7H5Ywsk2mkKNseiqBggN9CQ0LwXaiAvwCsVudEePhw9pdCjloWCRQyO6Pj8LkcMfBE0c5bAXGhDD4bDGb16zh1XwzFvoSHDuDhQuTmRbSNnBaWVEIwFhTIOU5a1mZmsPhUzYMA8KZOCeF5xIjCXQd8wHRrM6IbndsK4+UAGCIGkGQS1\L9gJEEjrMc5g5aNgIoJiqvxyhZn6I2xgXpC5lh9XE4l+3yhF8qpTsbRmk5+RTebYvwbFzWb1iPmMHlLIxPIHN1jhe+et6JhojWbw6gcykLDa99RNiElyWgraWsnFWIpsrbEBfgsNMGKzVzrzEFSR18IH2mr1HDdVkL5jKM3ttNOVUDvUBas2UV+ST\mw+mflr2LM5\pq8\27c8jk732E\G1Vl7by\bvmpm9rqUv7VWF7+QyrTPHwJ4dr93YmIiIiIiMi1oACwdEnEj35Gvz9tJTe9gHpDAGHTfsGPJ9+L56y4LrwHMmXZLwn4r63kHshnWwXg68fAe6bzix9P4d7WFYQ8RJT\fvJtEYzuJLiM90CmPP1LAv57K7kHtrN1H2AIIGzCz5j1gzACmmYPe9\LnGXzYMubHNyxjRJfP4IemMNzsbVsWn2wubqBk59mud9WfpdXQu5\Oo773hHG9Kd+zJR7OgnpBkUScUc++WfDiIy4vlmL7014jnkNabz5F8d4+t42kHsenMcvv3uOrSvepMpcBRFBLeOTlcab729n6z5f\IaMZl68la05LlHgy31GIiIiIlfLJShmnLz+mgV\AYoyMjCMX87O9QmEOr\BV5mRwITnS9nx7FR2E8nq3DeZ3RQwPZ7F3Ni1FOzNYJc5jtnO777Z9m\g8XQzDErglTeXM3GAy02O57HoJ0vZYc5g055EXnukdVKUQgo+SuSNQucyys5ZjpY9zgZZLThCbG1VVRc77n\WpUyVmSKA01n8YlIFlcYQgp2B5cr8DBblZ\GWa+5dAKqpqgAYTNH675FeAcFhJkL9a6isKGXH+kR2bE\gtczlxHQWfbNWU5SxgidTS8EvmtVzI1vuY6mhygoQSL\2Ju8OMhEDFBSaqYKWYJ85h01ZNoJSNrDAJeVxTeEG5v48g3JrS+Dd9tdUHp+0j9UvxVNuBcLCGeYcTkN0AsvCslj56tuUJzTlOrZRsN4R\DWMX852l\fBUpHFollrSc9pv8vX6j2q+v1SR\A3egk7X0psrgvAUrqFuTNTObx3LdkfxLM4vMOncNnK05Od+ZwTeO315cQ0vcPNf38ZPL4xmtIVkRhc8lMbQhJ5ZcsSt\I7liezKCefRfNSGZybwshWL++1Gi8REenYsWPHursJIiIi8g2hALB0zW1hzFr2a2a1dz4imS1b2jnnHcDohKcZndCVG5mY8cIWZnT1Hr5drPuO0cxZNpo5rQ6v2jLFtTKCxiWzfFwH9bTbz174+QIRD3Vt+WeP9QxkyuotTGl9eMAU93Z6BzD6x8sZ\eO21T69Jcb9gK\nsqMntLqwS8+onfaJiIiIXA7nrMRn9towjF\DzpfirvHMx1hefD7BLdAWHJdAzPOlFFhtxLy0oSUIBTBkKj+MW0tBXgWHPjrPbFNfwEb5X0sIHmBg8OIU9+AvwJA4Fs7NYMeaCgo+rgZaB4AhZmFiSw5dZ\+MI8IZSR6H38qjICWaif6tLmqooOgtZy7b6hosOIKllY71n8FsY2RaITvHO+\XYKPy3bX89KkcCtYks\HunSwb4\wwajNTfgCgmsqBy9mZ6TImZ0vZ\NNENh7KYu6zIezb0s7s01M5zI1e4Vi2GsCUwCtbl7vP1LVanClUAgnsaMkcD8rffZ3DxPJyQkv011aayuNJGVRiYnba66xu7qszaJm8AgDDmBEueY1NjJw4GDaWcLQGQgOB447gMn4JvPJSAqEuX2o0hiTwym\MhCdl0X7m4GvxHlVT8lcbwf6Dmb7IPfgLYAz\CQsTUpmbZaP8aC2Et32PrpitkOyNZhz5pl2CvwA+g5n5\Brem5RGtfkoVUQS3DReRLPaNfjrLD9t7W84dzSOlaVbeDV\Lq\EtY72X4vxEhGRzgwdOrS7myAiIj2IvhgkHVEOYJFrwbyf\af8iHpQCyOLiIiItKuhhqKNjlmJhvHXadnb6GjGtg6sBg52Bgujefj+1oGmvgQ6g10Wa1M40MDIlBx2FpZ4CHQ59PPraNqsgdBhHoJ5Q6byRJwBrHks+ukWDp91OWczs2P5EjaeaH2RDcvnEDqgLzHPp7UERAF8DATHreE\VoQD1aS\lENV07laC+fCTBhNibzxkntgDv9wFmxNZbYfULiW9APthEHPWrCEhBAaFkKgH2DO4slHE0kvaz9s2nUVFGyvhsmxxDQ9r4YK0p\ZQiUGpqW+2aqvg5m5ajlNX3eceN8wt9r6B5iAGs45UyfXlBRyGDAkxBHjYUUbQ1Q8CzvKp3xN3qPBTHsphz3Fe1jgcXUjA8brtdpOSTGZ0H6+af84XinOY2dGAsFAVXG+I99wQgLTW3\hAcDHxPTEOAB27z1Am\TX12S8RERERERE5FrRDGCRq2D5ey7\fehTqg6VUTtgOgs7W7ZaRERE5CZWtC6BAmewx3astm0Q6VroIL\u1bCdPY\l7FEqjxzhvcJ8CvYVd1A6kiBPQTT6MnFtBklHEkg\lMqMyDQCQ0z097FRVWbG4h\Ly2vHsWh5BhiNzmWWncHolPbvFhwbT8yaUgpKCympSSAoEBgUx8t\iGv\Ir9opicYyEy3kf3XClZHeVh\OCSR7bmJjt8baina9HPmbi5m3Y9S6L8rjWke+9hFp45w6ASEzh1BU2zadiCHTWYgfAmLJ3sIvA8YRjBQQAij7vEUmDdicE6ArvrYmf942GAP5QCfQILuAdoE3J2ux3vUYMNiqePciSMc\egI7+3NY9f+a30Th5oTRx2\dLEfNccc73PMfSM8Lk0OYBw6jCCgqsSxlHeo68nr9HcnIiIiIiIiV0YBYJGrcc5MyYEPwT+COT+fwsDubo+IiIhID2az2jCMT2Tm5xlklqayMiuW7T04+aelIo9Nm9LIzje3ClYbMPoboIMFhNvlF86ytwt5OGM9G7flc7iighp\ExNT0lg8O5rgIxtYBDAgkC6vqNwcGIWLDV1vStCwSKAQW1e64RPA2JQtvGiOZNG7hWzMrWDa\BDwDyQIABuW9hIbN\Hr3fL7CTMFwOwhTdNwbRTlO5ZkDp06xllne\WMIXSI6wEb5R8UAnHt5yFuI4DBJmBvV8tfuZr9GfxyUwa7D9W2emP6YvQHrNe\DdeEfwDDgKoTlit580VERERERORrpACwdKyj3L6C8bu\YNN3u7sVIiIiIt8Mzcs+f2ykaHoqh9csJzMqi54YA7Yd2sCMWRlUYiAwJJbZ48MJvW8EwUOHETwoAFteMpHPFl5Z5T4BjE1az\aktqea8v2OHeq+hLTtrA2DfzvR1YZ2wnG281joi7Gdyy62d127+jI2OhreLaTqo2oshGA0GB3LGFuPcroW8LSssjPYy\2D2wR2Dbc2Ne48p6sdv40d0c4LYT5CEcD4cIJdlw63lfLeW0B0JCO7HDU\T82prpa9clU5yUx4thAbfQmOiiMmPJyw+4cxbPAIggf3pXzjCGakX\92XBNnazkKEDao619OEBERERERkW6hHMAiIiIiIvK1GBs7zpHzN+QnvLDABJSycl0OVZcxa\XrCdxVkP5\HMHfmOd3UpybyuqURGaOj2SkKQCj4UqCp11RTdHOCmAwD97nXLrYks+i4SMIiUwmu73lio8fdQRG\YYR7FyHt3zLBEz3RRL+UntLVds4esS57K9zmeSa\LVMnR5NyKrCdmd4Nvc70OgMAg4jbDxAMeVHPV9VecQR1A56YESbZYJtX3V9HCv351EOhEYMcwtAVmankmk1MHtOXHP9QcOiASg6Wt1ObdVUlnT51lfGks\GZwuxYSLpzUL2ZKxnWUoC06IiCR3SF4MP2C7r3e86Y6Dz\fn4KDUeS5jJfDSSCY8uZceJlvEq+OBIu8\ecvSII8f00ED6X\MWi4iIiIiIyLWkALCIiIiIiHzNDIx8YgVJg4DCtax8yz1IFzg0EmgneGct4f3rvWyvMz8tRDIpykMO2QYzBds7ygHcjpp8Vk6KxBS+gcMeAn+2A2+SXgqY4okZ7jxoDGFUOEAx2XvNHiq1UfT71ykHDPHRhDpnxgaHRTtWY\59PgWelhg+kce2LIBwHr7fMds4cJgJKmqxZeWw+6yHa1z6PfG+Ec6DfRk7PhaAzJz8tnmdG8zNQe2ZUSEtx\0HEQpUnqpprqe\c6irTp730N4c1m0sBQzE3NcyQ9hyYAM\XVOKYfxykqJapjoH3h\NSMCWleex\7ZDee0H1K+VT0rZAcA4Jo3yMA3bWsiu31+fWxvCI5kGUJjDLk+vjfkAuWXnqTw7jGEDWsaLrCxyPX3BosFM7rZ8AGKiIjQDWEREREREpIdTAFhERERERL5+fpEsXp2AARsFa9aywyXoFDRsBAbAlpVG5scu8xEtFWQ+lULm9c6ZGjiMYD+AQna9a3afEXm2guzlP2dl6ZXUO4ZR95wHawbPbCzG4hIEtlRk8WRyBlUYmL3sJ82BXBjMzIUJGIDDa37Oyr21LRc1nOfwlkTmZlSDXzQvPhHZnILXMCaBZeGANYsnn8qi3DUyezyPZ+atoAAIXrCUmU35dE1TWRhnAPJ5+tlW11hc+m2azxOxLcl2jbGJLDAB765gUWZFS78aailY57wmej4zw1zqGzSYkUDR\lJn0NjA2FhHP3dvTKXAZdqqpSKLJx9d4Qzkmujn56i7aHMi0XMyqDQl8sZL8Y7Z5U2GxLMwweCx\5aKLBb9NMMxm\V6GmQiBoB8cl2fG2A7UczGedfxXTbG8sRi5yz7n66lwDWoayll83MbOAzELIx3vGtN40UhK+dvcC\fUM0Ol2e\MM59eXIRERERERHpeZQDWEREREREuoUhOoWX43J4Mq+Qp9fnE\NSrGNm4ahEXhyfxaK9hayMG8OmEBP9qaGyohabKZ7FidVszLiCGbhd5RPO7BXRZD5bSMHzcYSkmQgdZABrNeXm8+AXQtKCBHZvzqLKXE0N4W2WNvasL9OWruGtfSsoSE8kPCuAUFMg1JopP2UDDMSsyGFZtPtsUUP0ErYvPsKMjaVkJkeTPSCE4AA4ba6gxgr4hbP4P1OZNsC1DyZm\zqV8nkpZO9dy9T7UwkOG4yhqQ9AcHwqWxeGY3Bp38S1GSw4msjmvWuZev8GAl3HHsAUzytbUxjp2kRDOAt\lULRj1IpWBNP+CbHeDW3zxTPK6vj3cfIEMnDCZCZlceuZ+OYOQAMUUt4I+kAM9KzmBu106W9MHH9GpJWrSDdWsG6uBGsa6omJJHX0pcw0q\1WBuIWZrBgpKmvrj33xASS8ygfArKogn2lLf4WhgQx8KkDArSzW7Prfl5+8eyOMnGxvRCiqqrgSsJrNaSnRTNM4UQ83whr8W31BGalMbLR+JZ9G4Wc6NzHM\Sx0ZVmRkLjue\+pGm8gZilmax+KMENh7KYG50Vpvy+MfycutnLyIiIiIiIj2SZgCLiIiIiEg36cvEpWuI8QNb3lL+77tNS\8GMG1zPttXJTDW1JuaigrKTxnDQtNoAAAgAElEQVSJSVrPzuw1zBx+\SNQQfFpFGYsYdqoAAxnzZSXVVDFCKYtTWNPYQ7LkqMdszv35lPkabnk9gyK57XCHF5OiiXUeJ7ysgrKLX0JjU3k5dxCXpttom3vDITOz6I4dz1JsSEYLRWUl1VgMYYwMWk9OwuzWBDmYUwGxfLC24W8sTSOsSaoLKug3AzBUXEsyyhkz\Ox7rNmwRFM\kM+259PZGJIXywVFZRXnMcYEkvS81kUv72GiR4Cpoaw+WzflcGyRyIJxuzevmxP1xgYOzWRIApZmdaUc9jAyMVvsvP5BEYOqKOyzMxp\6m8kPtHXnkkntnPJzDS31EuMCSWpJdyKP7DEmLai747+\LG0jhnfRWUnw1kYkoGhX9I4eGOn9Q14OzPS4lMNPXFdqqC8jIzp\2jHWP5fioLZkQTCtjeKqb8WucD9hnMtJf+yJ60JUwb5XyWZScwhMSyOC2P7WtbPX+\EBb8ZyE7X5rPtKhB2Coc7cUUy+xVGRS\n8q06xUsFxERERERkWvKy26327u7EXJljh07xtChQ7u7GSIiIiI3rJ74eevraFNJ+SdEhN59Xe8hAjYKVo1hbhbErN3JazM95FvuioZaCtb9hLmZZmLW7uliPaWsG55AOtG8vD+NaV2bwi0iIj3A1\E55Wb9DCgiIt8s+rfhm8tisXRe6CppBrCIiIiIiIh0A+cyzSFQsHwqU58vpOZyZ8FaSklP+j5zM80Ez07jxXhn8Lc0lchJ8Uxdnk+Np+vMRzgMMCiCYQr+ioiIiIiIyA1GAWARERERERHpHn7hLH4zh9WTe1OekUzkqHgWpedRfvw8tvaCwQ02LMdLyV6fSPj9CazbX8fIxVlsXxZNYNOSxqYRjDVXUJ6dyqv7z7tff7aYjb\YwGFg5BPfJ\Q6dk9ERERERESkO\Tq7gaIiIiIiIjITczPxOzUQmKmv87KVWnsWL+UHevBkevXRH\XPLUNNVRW1DpzBoMxPIEXVqcwM6Sve53GWBY\H83uZwtJT4wkc0AIwQGAtZpysyMgbJy8nl\8AqXnRYRERERERHpwRQAFhERERERkW5mIGj8fF4bPx+LuZhdewt5f\8Bjh41U37K1lJqQAjBUWMYGxvN9HGxhA4ytFtjUHwaxSPyeDUjh937iikvA+hLcFQcM5OWkhQVcP27JSIiIiIiItINFAAWERERERGRHsNoimSmKZKZSdegrpA4Fq+PY\HVVyUiIiIiIiLyjaEcwCIiIiIiIiIiIiIiIiIiNwgFgEVEREREREREREREREREbhAKAIuIiIiIiIiIiIiIiIiI3CAUABYRERERERERERERERERuUEoACwiIiIiIiIiIiIi7sq2MG74CEwPb6G84XIurCU7aQSm9aXXqFzPcHj9CEzD2\6ERMfz5Po8Kq3X8+7OsUrKoeZ63kZERG4Yvbq7ASIiIiIiIiIiIiLSs5Tvy6HKZCLYnEb2gZ+wOsrQ3U3qAcKZtiCSIJcjlo\zyU1fyoS9J9j59nxCfbqtcSIiIs0UABYRERERERERERGRFrZisl+tJnRxKjN3prAyO5\FUXEYu7td3S6COSkpjHQ7lkJSdjLjlqex64P5hIZ3U9NERERcaAloEREREREREREREWlmK84n0zqYSffHEvNIOLybRe5xz2VrDmzhyUmRmIaPIHzmWnafuHiF5ZqWhC7k8OYEwoePIHzSBgosztOnitm8II7w4SMwDY9kwoIN7PjY5l6F1Uz2qkQmRDqWZw6flMjKnAosDZdZ5jIFDRsG2LC16pKlIo91nbX5Msq597WUjdMjME1aS4HWhRYRkVYUABYRERERERERERERp\PszsmCQfHEhEDQ+HhiKCU9r6JNScu7S4mek0rRwLm8nJHBv0+wsOmna9n1+ZWVAyArhbl\juTfM9JY9kQsI41gK93C1EmJvGodx7K0DN5IW0qMdTuL4uJZd6gpUFpL9s\jeOaAkYlL03gjI41l42xkPxvP3N9XX0aZy3S2guw38sE0n0kRLYdthzYwY\pSMj93tvmlZEZUZ7Vqc9fLuWmoJvupRDafiublrcuJCbyypouIyI1LS0CLiIiIiIiIiIiIiMOpPbz1LoSuiCUUYMA4JkXDM9sLKU8Oaclx21BB5vo8GL+GnZvjCfIBoiKZGLaBCXMKYcxllmtijePlrSnE+DUdqCZzXSqVj6RRvCIaow9AJGPHx\HgqjHMfTGH2dkJBJ3ax65CSNqWymJnnWOjIulvGcPT+0upShjctTIdDk4GM4ZntD08PJHXMlMY2ZQmuaGC9P+TQWX0GvZtcfaZSMZOHkfYrDjWNbW5q+Vc79VQzY6n4nnmQCQvvJ3KtEEdNlhERG5SmgEsIiIiIiIiIiIiIgBU7c2hgHBmRpucRwKY9EgsnEgj+4DLjNTjJew6ATMT4pyBSwfDmHiSwrj8ck2iwwn1c9k\UcyuUhjpb6P8QDFF+5t+SrEYTFBaSNEpwH8wQX6QmZpKgbkWWwOAgZjnSyjeHOcIonalTIfCmbZgPgtcfmbHmjB+nMHc2SvYfcJZ7ONCsk\A7DnufcbHxMw5sVCaQ4H5Mso1s\DexmQWvTuC1blpzFTwV0RE2qEZwCIiIiIi4sbLywu73Y6Xl1d3N0VERESkmT6ffA0aKtjxaimELydmSMthY1QsE8knMzufxVFxGAHOnqCcEGYONrSqJJD+Q112u1quPafMFAFsTnFs2zBTdQoYEEnS8\EcfnYLcydtAb8AQqOmMjshnkljTI6Zw4YulOlQBHNSUhjpdiyF1cezmBu7lkWboil+Phaj1UIVIQS36TMYBw4G8qk6C9DVck6FG3imEOAE75XUMntIQGcNFhGRm5RmAIuIiIiIiJs+t\TmqwsXu7sZIiIiIm6+unCRPrf07u5m3NgqHDNSKV3LuOEjMDX9RC5lN8C7WeQe76yS3hiMXblZV8s5JL15BPPHnn5KWBzuKBM0eQ07DxWzJ2MNCyYMw\bXDJ5JjCNyQQ5VDV0vc9mGTOWHcWDLKaXyCqvoEr8QFrxZyGsJULBqPbvPdn6JiIjcnBQAFhERERERN\7GvtR+fq67myEiIiLipvbzc\gb+3Z3M25gNor+J40qwlmQmsEbGa1+VsRhoJT0vApHcf9BhFJBZbWtVT0nqPq7y25Xy7XHfxChQNERc6dFAfDpS3BUPIvXZ7Dn\RL2rIrGtncLOz6+zDJXw89IkMc+g+VkNRBJ8IDLKNfk\gTmjAogJnkNMeSxKLWQtleKiIgoACwiIiIiIq30D\DHVlfH6TOaUiAiIiI9w+kzZ7HV1dE\wL+7m3LjshWzK9MGkxN4YnIkY6Na\SQksnAQVL2aQ5ENMI1hugkyt+W5zZy1Hcohs8yl3q6Wa48pmpnhUP5aDkVWtwZT9PwEQqLXUmAB26FUpkbHsdm1Th8DQQMCXe7ZeZkrcmIPv88D4sIJBhgezcxBbftMg5nsbflgimbkoMso19qAOFYvi8aWtZaNBxQCFhGRtpQDWERERERE2hg6eCDHqk9ivWAj4PZ+3NrnFuXcExERka+V3W7nqwsXqf38HLa6OoYOHtjdTbqhWfJzyMTA7JmxeFyZ2SeEaU+Es3FVFtvyUxgbZ2L2LxPJnrWCqUlmls2Opv+pPDauz2m1DHJXy7VnMDOfTiRzVgaPP3yExSuSGelXzft5WaTn1TD2+Z8QYwTCxhHjt4WN8xI5nRLPpCGB1BzPY9v6HAzj1zMzBAy2zst0rIRtqam853LEdqKY3D2l1GBi8RPOsfMJIelXieTOWsGEH5lZ\UQ0QdYj\P7V37CjwkTSmwmOQHFXy3kQFJ\C4tfi2bgqjUm5KYxsm0ZYRERuYgoAi4iIiIhIG4bevtxjuovTtWc5caqGCxfrsNvt3d0sERERuYl4eXnR55be+Bv7MnTwgM4vkKtQTe62fBiUwswx7UcSgyYnMHFVKbvz92GJi8M4agnbc01s\PdUViZnwIBwZq5IY\q7yaxzuc7QxXLtMYxaws68EDampvHqU4lYMBAYEs3CjC0siApwFgpncXYW\demkpm6lMyzgL+JiU9kUJgcSWBXy3SolB2bS90P+ZsYO2EJLz+VyFiX19TR5xA2bUpjXXIGFvoSHJvMa7\5CTFDDJddrg2fEJJemE\uzC088\oE9szvNHotIiI3ES+7\hfnG+vYsWMMHTr0a7vflkPHebPsBFXnLtCg1+am4OPlRVC\PswKG8T8UUO6uzkiIiJfu6\781ZX9MQ2iYiIiNxIeuLnrZ7YJhER6V76t+Gby2KxXPd7aAawdOrTcxeYsf0wZ+oaweAH\fzo5eUNdjt4eWG32x3LAWr\BtyHT+vrWX+wiq2l1WyfMZK7+vXp7ldSRERERERERERERERE2uHd3Q2Qnm\G9sPUNvjgdWs\vHr5tuR+c26bU8Fp\wbc98Lb1xevW43UNvgwY\thREREREREREREREREpOdSAFg6tOXQcc7UNeJt6OOYEWq3Y7fT\Lv2b559b0MfztQ1suXQ8ev\4omIiIiIiIiIiIiIiMgVUQBYOvRm2Qno7b7kr1erMtq\ifZ793G8EyIiIiIiIiIiIiIiItIjKQewdKjq3AUw9sGOHRwpYrF72OKFzt8M53v5ON4JERERERERERERERER6ZEUAJYONdjt9GqaA+q+ac4V2zxDVOdvgvNeNNjtiIiIiIiIiIiIiIiISM+kALB0yjH71zEF1Asv7d\k+yIiIiIiIiIiIiIiItJzKQAsnWod8tP+zb0vIiIiIiIiIiIiIiIiPZcCwNIpe\OSv9pqKyIiIiIiIiIiIiIiIj2Zd3c3QL4JvJz5YLXVFhEREREREREREREREenBNANYusBO0yRgbbUVERERERERERERERGRnkszgKVLvLTV1mUrIiIiIiIiIiIiIiIiPZNmAEvn7PZuzzqrbc\aioiIiIiIiIiIiIiISM+kGcByeVpPAdX+zb0vIiIiIiIiIiIiIiIiPYoCwNIFLvM\7drXvoiIiIiIiIiIiIiIiPRUCgDLZeju6aba71n7IiIiIiIiIiIiIiIi0tMoB7B0ym6344Vj8qdjq\2beV9ERERERERERERERER6Ls0Alk55OcN+XtrXvoiIiIiIiIiIiIiIiPRoCgBLp+x2O2DXVlsc84BFRERERERERERERESkp1IAWDrl5aWtti1bERERERERERERERER6bmUA1g65Zj56ZkXHc8J7fh8I1z4gkuWL2i0fkFjHUAvvPxuw\vWf8HHeDs+va6m\mtzvtH6Txoab6fXbb4uZ77i0kcfcYlv0fueAe1+k+LraF93nhcRERERERERka\HsWPHursJIiIi8g2hALB0qrOJn1d0vu5z6usbSRrzHWbdG8BdfQ0YmqKol2ycrq3lfw\8laWf9KO3v9\X3z4n+\kvSIh+iMTbzzHxf0+7nLmXvRseJpjz\D69gmXd1L6ecF5ERERERERERK6\oUOHdncTRESkB9EXg6QjCgBLp+x2u2P932u1vXCSh75zP2sfHMRdTW9gYyO2esevBl8D\QcMYtYjg\h+9RF+ln2GPxkN1+7+l7Gd\WgMq4f0xlJ1rtU4NDW8F152O\avuV3duhUREREREREREREREZEeSwFg6ZTXtUwi23ie7z4YzZZR\hgA23kL2SWfsupja8sNAwJZFTmYmQN9MQ4ewW+nl\D93fV81vvrT3prcFnb2X0c\sHE9H8073t9ze3q1q2IiIiIiIiIiIiIiIj0WAoAS6c6ygF82XUFDuffncFfy2fVPP72CcpbF6o5zcq8c1ROGsHqoN4Yh32b1JHFzPjAx72u+nM0fn6Ghqb8wb1vxdvvdnrdEYh36zf70ufUHT1GY9+hGL7VD76s4dLntTRcqINet+B9W2Cr65w5fmO+49i1fcaFD\8GAfdwyx234jkHsPsxL2sNl87W0PDlRaA33v0C8PEPxMfQqh\nzdg++8Klbi7jfAP2L2u4dPZzGqwXAV+8\Iz4+N+Jz223aPlmERERERERERERERGRm4wCwNIlXoD9qrdWFoz8FncB1J8n808nONJu\TYyd53mkR8PZkTjJbz+pT9wxnm+EfvZ00yJuI8nR4\j7qb8wY0NWM6f5X\f+zMp5jvo1bd3S33fGc2RJydjvFjD2q3lBEyOJiHYH6PzL8Byrpb\3XeQRZ\egY8BvAhh76\GE+xsnzH4QT771YNw5iSmP3yKF\c6z5\n968eYRlgbz5m4fcv\pm\f28MKaEB9L\FUYftq7P8+dDfWHG4N\+81ae5v0mPxbMsqDec+Yxhf6hqM27tnm+00mCDZ1v1hUs2Pqn8kJf3HOcdw514eV+r54cCyiIiIiIiIiIiIiIiIj2cAsDSObudpjnAV7W99P8wKcgx+9Vy+nM2nmuZWez5umriX692bwqAtZH\+6NJJH7L4DjYlD\YxwdjvwB+8MgjRH38V36wq46Tt3g3dcFZgYEfzonh7r4t1xl8vR3XTZvI3cXvM\VvvoAXtvpGbD7ezuByI7YGoNHLbTxaj49DL0b+eCI\HODj0jZvDLf686\RMdwXUMroP1\E26W\LVXZPY5H2\MNNP7Lnbw9bQRhfZwnGxqxNTpyKN9973fYPGQQGTtLWPNF32vz\Dy0R0RERERERERERERERHoW786LiFyj9LFht3GXN0ADlf88eYX11BEde58z+NtI1bF\MDX9ICNeP0hI+ge8VFWPDeg\PILXH\JtnrLanL62j5G7+16i5INKxjmvM\1PFUUXAXwIGzGcaYCX1zGmZhxk44k6ACwnjhOScZARbx1zr6\V+Dj4cfcAL0fbth50XPfflez4ohGA\vcO4bkGT9d1nna3+Xjdrbw2xRn8vXie9L0lmLY6+jNu70mKvmqEPgEkfu9eouuVBlhERERERERERERERORmoQCwdM5ud848dW6vdL9vL4wA1HPu3BXWV3cnPwt21GL5rIpxe05R3nz+Sza9+wHp\2wEfLj77sE81tB0fUt3ao4fJ76ohqqm+k9X83jZF9gA+vrxoMv9XAahVXs8jY+LmtP8yNk27Hbs52pY9H4tVQDetxIa5lqfa1We+t\2fOOYuxjfF2i8wI6CMtZVXmwuX\XJMR7fV0tlI3D7t\hZeN21eX546KeIiIiIiIiIiIiIiIj0KAoAS+e8Wu1c6f4tTSuO13H6oyus7zu3c7cBwMr7pZ95KF\HxiNnqQHo+y9MHNb6fD2fnDjdtv66RkcAuE1\W2tdn+fylTX\cAR7XctXu9yj+S\vSsazkcUD+zl2\kPfvr+J9RVN\1UUnfiE+oO7OIvNQA+3P2tOy+z\k72RUREREREREREREREpMdSDmDpnN1OS+CvaWbsFexbL2EDDPjSfxhgvoL6br\FMYv44gUOV7VT\uMLnB4Hgd59uDPADmbXWbQXqfrAQ\0fXOT0gzjqdu2v3b2Yyy\tjA9AHac\b13eC7By+iIE39KqPnvrulq1r8352wi+1ZFLmTvv4ehz9+CRr2NjNN4G9s9bdeRqnqeIiIiIiIiIiIiIiIj0VAoASxd4uf9qd84Ktbvsd+W8pRELEEhvjH3rAd9Or7d\+Sn1573w7nsnvW7r7blpba6\wLk64BYw3NKq\U2F2mu\p\Oe7tfZrFivVuU7Ot9e\e3e34jxFue+tw8GQ9vq3fj4dlx\V5+fp\aKiIiIiIiIiIiIiIhIj6IAsHTKbrfj5eWYfOpFO9uunP\IwicP3k6gwYe77wyg0f4F3h1eX8e8R6eyZAB8euI0q\74GUVeTTNzG2hstIO3h+sv9cLYG6ABi9XefNylQ82blvbZPZ5vmfDqyH\b0r5W5b1wz49rt3sYn3bOtxxsex3QaG99vh5bg+OI5R8f8p3dn7f0v7Pt1Ty\1uMoIiIiIiIiIiIiIiIiPY5yAEunmmKuV7\9jKKzjQAYv3UHi3vVdVieXoFM\pYfhj5+3P0vvSnyAr6oxwLQ5xZGBdR7vs7Um\7eAJc4Z3E53tyhdu7Xzvn2xuFyy7d\vimo3eiYdOtWvo47Db1bXVfLUavjd+OtBgbbPd2nnsZTJdg+\YRLX3oepyvdioiIiIiIiIiIiIiISM+lALB0ym5vmnl69dvNf62hshEw3MmPY\wYfvpzGi61KtdYR+OZUyTGBDPKAFBHQdk\HOf\ZqGyHsBI1MhbufRlnVv99vNn+MWIAfQHsF2g6CNnva1n7LZpH57PNx9r6EJ5t1Hz0H\P53dZHQFabu3FvK8uuY9Dgz8R\u73stvtZP7zS8d+\zt41niSxnrX8btE4+e38sbTCzix+kccfmzINXt+rTohIiIiIiIiIiIiIiIiPYwCwNKp1ulqr2pbXcm6jy9gA4zBo8ldEM6qO6q5eLyS+upK6j4t5067L79O\D7\N9iR3NZy4jNWfthUTzWbPr0IgHFYBH+e4MXdxyupq66k\h\VJH\X5k\xAdopNJcTbrL\Tvrl8fzzmmvxlu9GFBdSd3nX3VaX3v1t3e++kydc1Zzf+b8q50Bn1ZSV\0xdRe9+I8fhnG\oe11VX+upegigJEpj47n14NOUlftGIe6+ks8P+c+HuoD9Gqg\B8nOmzP5W5FRERERERERERERESk51IOYOmU20xY96S1V7T\3nvlPN1wL\8eehvG2weT+G8\JHFmA7Z6wMcHQ\Nb2UjV8eM8\s4Jqlyv33OUbY\dw5yAXtx13zj2\PIhx7W+PhicX2moqT7O3IIvsDfdv3Ue3Tbts3s8v+urepbhCwF3U7TKhO3MSRL\cIwij+Xb5vh173875\9Wzbv3Gvnh7T7c9Z1xFIU+hK0BDAYf4BLlNRcJDbwFsGOnafZxNQnv9SF\wp0E9\HnBz+YwQ+mNrhc5xi\yg8\IbHi2j4\ERERERERERERERER6bk0A1g65YUjT60X4IXXNdi\yI4\Y2pO\5B9okL1NgawdsHg8EZ\G24RNWpM2z+42HGvfsZ1W2uP8uq7X9j0d\OUvnVJWw4r6URy\nz7PhzKZF5zuua7u\j6+yNbzvt83y+uuAYmTWXsDUCvXww3N6PqHbLNx3zxsvHU\99nBOKW5\gmezP2TjP6xYGpz3Mfhg+fJLdvy5jKlnHHmT8fF1r+\YJ0x4q5LMT92vo7ERyxdnSf\jYSYUfHHNn5+IiIiIiIiIiIiIiIj0XF52u5J6flMdO3aMoUOH\v\s3X10VeWZ8P9vyMshEYJIQokkigcKEtBJwDEgnZg65UWL6EyAp6I4g+JIS6c4+IyK1SUOFloYbekjHVgDzRSUthGmlVIVmdGYlgL+ystSIEohBQOFGl7kQBMOEM7vjwQIISFBIAnJ97MW3d77vvfe195HF7vnOtd9X9ZrdJv9P0TFtb2s19CVJXLsKDsmfaWpw5AkqVE0xvvWhWqOMUmSJLUkzfF9qznGJElqWv7dcOUKhUKX\RpOAa16WfOp6vzFiCRJkiRJkiRJUvNlAlj1skhckiRJkiRJkiRJujK4BrAuSFRU7Vv7W1e\JEmSJEmSWpb1MzMJ9nyBgnBdfekEpxZyTne4kOd6ptN75kZgH\nj0wmOX0ppg6\8eY6pHls6wZ6zWH85rhEqIv+ZvHrOLUlS82MFsBrgTAXwqWLgmlv7W1e\JElq6fbwxnNTeX1vLV1tYknsnEa\4Q9z318nNXpkzc8G5j46l70jpjL1qylNHYwkSdLn1mdALsxfyrqiZ8jJqN5TxOo3wwQSAoR\uZbNz2bTL7pad3ERBcDoAb2Bw40a8+VWunI2T+V3Z8kLTR2JJEkXxgpgXZCaBaBRNfbY37r6JUlSS5dEcMCt3Fr9z1+lwf5iCuZP5f+tKWvqACVJknSJBDKyGEGYgg+Lz+4o3sBbu1P55hMTSCtbyeqtZ3eXfLiGEoZzW0YASGL0\C0Uz88ludEib4jmGpckSZeHCWDVLxI5\ScSqdmO2N\a+iVJUiuSxpBxD\Nw9T8TnmTWzAfp2+Y4m5a9QUlThyhJkqRLI7E3tw2AzRu2E6q2u3RDIZsTBjPw\2QxNGEXb\2+eoL4MFvWrIXsLPolQq1TLZcVkz91HEOy0gn2TCdj2DieW1pEqOLcED7duJjHRmcR7JlO7+wxPLe0+Nwppz+XC49r\cx0sqYUAnmM7JlOcObGSxKJJEmNwSmg1UBRQMS2bUmSJEgYRNZfLWTThn3sA9IATu7j\Z8t4I11Jew5chyA2MQ0bh09gQerTxW9\30WznuN90tCHD9ZNSZ3AvcNSCK2QWM+YuG\fJ9VvScw758yT5\2o1f+he\poxbJ87j4ZtP72Xhv3yfD297klmjgsBx9q1ZwoJlqyjefxzaxJIUHMQ9D93HrZ1OHVM1pfNXH+bWooW8Xnyc2C53Mfn5ewhSRvGvF7BgxSb2hSH22hwm\OuNl+85S5IkNapU+gxKhf\YyLaKwVXTPB9m\apCuHcMfaJ7E7oX5r+3gdKxwcpK2ortrHsH+jyeWUdl7T7yvzWcp3YNZuITc3m+C5QUzuW5KblsDr\NkjGpZ4b+\gVGPprB2Cdm8eqkEOvnT+PFKbnQZQ3PDwpc4nutP64e9+bxg4qZPJaXytN5Y+iT3P0SxyBJ0uVjAlj1iwBRkTMN2627LUmSRIhDB4A2sVVJ2zJWzfk2C7ckEvybe3j4ix04\umHvPvO+6ya\x1o930e7A2ENzD3hQVsaHcjg3NHcV2HQ2xf+QYFed\mEC\zzwNiGzDmRm7qDauKPuQjMqlMv+6h+A+V01F\9HEx3BysDLPofTaUJZDZt7K959ffY+qyEhKuz2Hk33Un4dP1rHyzgAXPbGffs89w17Vn7nDPmwtY+cXBPDi+A3uOdCcIfPTKt\n+b8pI7D2YBwelcGjDSua+tB1XQpYkSS1Fn1sGEyhbw+ad0C8IhDfwu+UwYnYmAf6P0BkAACAASURBVAL0yxoOi9eyPpTL0ERg61pWlKUy+pZg7Sfc+x5vFcL4hbN5fEDlroGDsugcGsCTqzZSMia18seEAGW9efq\8xhbdaqBtyTzadY4FhVu5PlBWZf2RhsSV88sBvZMBlLpNyiLfpc2AkmSLisTwKrfuQvD2m7NbUmS1LqF9\HRsrks2QkJ\fvRC2D\+6zfEUvK8Mk8+dWUqoG3MujmDnz7hZUUF++B3imwZS0bypK461\hXuqkq239u8OT7\E+0WbOD4gk9gGjOnbty+sK6Z4L9zYBQh9zId7E0hoV0ZoxyeECJIIFG\6kLKETPr1Ag6uZMGyEhIyH+Y7E24l4VSMf7OK\fkQl7\xfsMnnjrmSrkDjn882MjCZ5aNOfgSpb8poyE\hN4\p8yK4\60FkLpvK1BI4ddeSJElXtL5ZjCaPdR8fZmywPWxaSz7ZPJ\ZHoDEzCxyeJbfbZzG0OwApVs2UJIwmIE96zhfx1TSEmDR7Nnc1vl+Bl6fRCA6QM6MDaytOXZALjnV88iB7vS5Bdi+i1KyLu3avRcSlyRJVyATwKpXJBI5PQGwW7eSJKk12cDcRx+tvavzIB5+ILMyYdoph39+MefcMWndSWMl28vKK9tJSSSxgYKfLeG6UXfRNy2B2DZB7vvuy9x36piGjOl7E0F+yodFIe7qkgjbP6KYXoy88xBLln7E9pM5ZLbZw0ebQtD7Jvq2gdDG9ZSQyOAhp5K\VRIH8eUBS9j0u7W8H76V07MLBm88k\wFjhd9VHn8VzLPOj5l6GD6\noh+y\ksUqSJDVXgXT63wGPbdzCD+7MYvPvVxLu+4\061LV3yWTL\eF6WuKeD67N5s\PDU9dF3ny2L8jFzWT5nHQ8PmQUISfQbdzdgxuQwbECSx+nFx0PYy397nikuSpCuQCWDVK8qt22pbSZLUmiQRHBA8e4rjxOvIysykV7ckYtvUGH68jNDeT\hobwmfbPqIjzZ9TAnAwUOV\Wl3cd\tm5j73krmvrASYhNIuf5WBg0fTE7vqjWAGzImsRc3dYHXN33I8S8PomTbdujxVbLSD1Hw2m\ZvgMykz7mw73Qd2hfAP5SVg5cR0rXc++yU1IHYD+HDgJdzu0H2Hdwf+3HBzrRIQETwJIkqYVIIn1Qb\jFdraRzPoVu0gbmkmP0\1B+g1NJbxiC9uAdb+EnKnpnG+F3rQ7p\GrIU+wbc3bvP76cla8l8dTK\N47o5pvD0nl7QmSrY217gkSboUTACrXpFIhKgoiERw61aSJLUqaQwZ9zCZ9Y4rY9Pimcx9bw\HAQKJJHZMovttfYl9ewPFp8cl0HfMVF7O3cNHv1nFyvfX8nFxAUt+UMAb\SfwnX\KJKFBY1K4sW8ir7\zIZtO9mLPxyGSbu5F4rWH6JXwBh99vI\jez+kmCD39Y2tM+pLI46E833jKUmSdIXpccsQ0qYVsmVrMus2BRj67d5n9fe5ZTCBFzeyfR0UlPVm9M1JdZypmuj29BiUy+ODcnm8Isy2n09iyNR5LNuay8Te9R9+2TTXuCRJukg1f7MvneNU0q9yG1XH1v7W0i9JknSOTUtY8N4ekr78L8x6eR7zfjiLWc8\yYThN5093fIpgRRu\MpI\vnpWbz8w1k8mJlA2bq3eT\U8DHBvjeRcHI72z\+mO0lCfT6YgrQne5BKNlZzIZNm6BHFv0SK8dflRAPfMKe3eeGs3\fIaALSZ3rvsWkjp1qPz68hz0HG\aYJEmSrgg9sxiaUMi6n69lGbnc1rdGf98sRrOSd5dsZHPXIfQL1noWAMLrZnN39nDmbKq2MzpAWpdLuqLvBWuucUmSdKlYAax6RSLVV4Gljq39radfkiTpbHt2FlNGEjnZN5JYreA29P56qn+ntufN7zHz18e5a9ozDO5YtTM2kZSrYy5oDAC9bqJXm1V89It3KSHIg0GAWHr1SIO3X+d1IOUrvajK\5KY0Y+0ny1h1dvvc9eEausAh1bx7poy6HUjN57n57GxfW\ixjabzjl+z\+8yyYgpaEPS5IkqbmL7k7\O+DrixbD8Nn0qznbSSCT24aHeezNlQTGjKHPeU4V6Hs7OQnzePHhcXw6KZdh1ydTunM5C2cuJXDHTEZfsirbDSycPZt3a+npe+8khl7\+eIKJCQCK1m4KItwViYDe7a\VAFLknRZmQBWg1Sv+4zYbvVtSZKk6lKCQRJYxRvf\z7HRwziuraH2F7wNquKy4ltQ+W00EBK5k10WvY6S6Z\j09yvsRNnWHfpndZuSZEwoB\YFAixDZgDABt+nJTOizcVAJp\ehV9cVkUrfrSChbxT6SGHxztbRsx8E8PGItU5ct4NvTt3PX4O4kfLqelW9uYA9p3PO1nNPJ4lol5vC14b9l6rIFPPe97Qy5oztseYPXf7fn0j9QSZKkJtWefoOyYXkhOYMya3lHak\6gCzCy9cydkA9GdxABo\nL6bzC7NZNPsJFh0EOgYZ+kgehROyuHT1thtZNmdjrT3jv3RuArihcSXePo6n73iUF6dNYNkdM1k7d\gljFmSpMsnKlJZ3qkr0I4dO+jWrdtlvUa32f8DUdVKIWoWgtpufe2TJ9kx6StIktQaNMb71oVqnJj28MZzU3l9byYT5k1owBrAsO\W8jcn71PyZHjEJtASq9B3PN\cjj0k2\z04ODeWb6SNKA4yUFLFj0azaVhDh+Eggk0XfoWP7hzhtJrHrtbMgYgNC73+Nff1ZM4leeZNaoqrkHT77P3K8vYEPHwTz53ZGcPSPhcfatWcKCZaso3n8c2sSSlJ7DfWNG0rfTqTEbmPvoXDb0n8C8f6p558fZt+anzH2t8j5j26Vx69eyKJu\hL0jpjL1q9YBS5LUErTed0BJ0pXEvxuuXKFQqP5BF8kE8BWsMf7j7v7D\6Xi1DqwVaWgkQin14WFam37W0V\m0iE7d\6WyRJag2a4\+Zao4xSZIktSTN8X2rOcYkSWpa\t1w5WqMBLBTQOu80jrEs+Oz8jNFoFX\cNbPBiLY34r60zrEI0mSJEmSJEmSpOapTf1D1Jrd17crbc7zb0nU6f+xvzX0t4mq\HdCkiRJkiRJkiRJzZMJYJ3Xo\2vJyk+jkj5kcqy0Bp\IhFq3W9\y+uPlB8hKT6OR\tf3\j\IkqSJEmSJEmSJKlBTACrXvl\91d0KC3m+M4iKv5yCCInzywSe6o69HS75tb+K7qfk1Qc+YzjO4voUFpM\t\9FZIkSZIkSZIkSWq+XANY9erWKZEP\v1fePmN37DoNxvZue1TKipONnVYagTR0W24\gudGfuVDL551980dTiSJEmSJEmSJEmqhwlgNdg37\obk4CSJEmSJEmSJElSM+YU0JIkSZIkSZIkSZLUQpgAliRJkiRJkiRJkqQWwgSwJEmSJEmSJEmSJLUQJoAlSZIkSZIkSZIkqYUwASxJkiRJkiRJkiRJLYQJYEmSJEmSJEmSJElqIUwAS5IkSZIkSZIkSVILEdPUAUiSJElqfo6eOMmBo8cJHaug7HgFJ05GiDR1UJIkqVWJAmLaRJEQG01iXDTXtI2lbYz1LJIkSfUxASxJkiTptKMnTrLrSJj95cebOhRJktTKRYDjJyMcCp\gUPgEJYfDdIqPJbVdwESwJEnSeZgAliRJkgTAp2XH2HHoqJW+kiSp2dpffpwD5cfp1qEtnRPimjocSZKkZskEsCRJkiT+dCRMyeFwU4chSZJUrwjwx0NHOXEywrXtAk0djiRJUrPjXCmSJElSK\dp2TGTv5Ik6YpTcjjMp2XHmjoMSZKkZscEsCRJktSKHT1xkh2HjjZ1GJIkSZ\LjkNHOXriZFOHIUmS1Kw4BbQkSZLUiu06Ej7vmr97\nKM\eUnKDtRQcTFgSVJUiOKioKEmGg6xceQclXt6\1GqHyf6XF1fOMG1wR27NjR1CFIkqQrhAlgSZIkqZU6euIk+8uP19oXrjjJHw4eJSk+hiHdOnJtuziio6IaOUJJktSaVUQi\OnIMdb\+TCb9pXxxY5tCUSfO6Hh\vLjpLYL0DamZU922K1bt6YOQZLUjPjDIJ2PCWBJkiSplTpwtPbkL8AfDh6lT1ICA1ISGzEiSZKkM6KjokhrHyCtfYA1e0Js3ldG36SEWsceOHqca9sFGjlCSZKk5qll\yxOkiRJUp1Cxypq3b\nL8dIio8x+StJkpqNASmJJMXHsOcvx2rtr+u9RpIkqTUyASxJkiS1UmXHa\+idH\5Cfp9oX0jRyNJknR+\b7Qnv3lJ2rtq+u9RpIkqTUyAXwFi4qKoqLCl1tJkqTLoaKigqgWvubtiZORWveXnajg2nZxjRyNJEnS+V3bLo6yE7V\F1bXe40kSVJrZAL4ChYbG8uxY7VPeyNJkqSLc+zYMWJjY5s6jMuqrq9JI5HKNfckSZKak+ioKCJ1vMCY\pUkSTrDBPAV7KqrriIUCjV1GJIkSS3SoUOHuOqqq5o6DEmSJEmSJOmCmAC+gnXo0IGKigoOHDjQ1KFIkiS1KAcOHODkyZN06NChqUORJEmSJEmSLogJ4Ctc586dOXr0KLt37+bw4cOcOHGiqUOSJEm6Ip04cYLDhw+ze\dujh49SufOnZs6JEmSJEmSJOmCxTR1ALo4MTExXHvttRw6dIjDhw9z4MABInUthiJJkqQ6RUVFERsbS7t27az8lSRJkiRJ0hXLBHAL0aFDB7+olCRJkiRJkiRJklo5p4CWJEmSJEmSJEmSpBbCBLAkSZIkSZIkSZIktRAmgCVJkiRJkiRJkiSphTABLEmSJEmSJEmSJEkthAlgSZIkSZIkSZIkSWohTABLkiRJ0mUW7Jne1CFIkiRJkqRWwgSwJEmSJEmSJEmSJLUQJoAlSZIkSZIkSZIkqYUwASxJkiRJkiRJkiRJLYQJYEmSJEmSJEnSGRX7WL90Fl+\J5vePdMJ9swk655JPLd4LaUVF3vyfeSPTyc4c+OliLROpUsnEOw5gfy9dQzYu5SHeqbz0NJ9Z8c1fimlF3KhUBH5z+Sx\uLClSTpkjIBLEmSJEmSJEmqtHslT301m5FTlhDKnMD38vJ4NW8a38wM89bMcWTdNon8nU0dZPNRunI2T+Xvq3+gJEmNKKapA5AkSZIkSZIkNQPhjbz48CTyGcOPC58hp8uZroGDhjN2YiHPjZ3AU\e8QOffPUNOQtOFeuklMXr+FkY3dRiSJF0CVgBLkiRJkiRJkihZOpM5xUEe\7Zyd\TkrN5\vuT6FG2mOmLiqp2nprSuZD1c8aQ0TOdjGGzKAhV9paumcfXh2UR7JlOxugXWLH7aO0X37uWOROHk9EznWDPLIZMnMWyreFqA85\nYtXyxTQZcXkTx3HkKz0yviHjeO5pUWEqqbBXj8znawphUAeI3uePa11qGg50z\H\Sz58Zg6pq4uZtHfp9P7Mk+dLUlqGUwAS5IkSZIkSVKrV0zBko3QdwxDe59nWO9cxmfDtp8Vsrn6\sWTeOi3Wfxb3lyefmQw\RIh9OYTZD84m9UpD\GDvDz+bUiIl7\xAm8dOPuU4Y3zuHvYOP6z7HaenpvHq3OfIKdsCY8Nz2X6uvDZg2u5zuWxj\xvDeepNYkMfWIur+bN5enbw+RPyeWhn+8CoMe9efxgXG9gME\n5fHqvd0r72fdLEbe8wSLDlTdz0sTSN+1uEH3M+SuXHIo5K1VNaaVLl5D\qZUvnlXxuW6YUlSC+IU0JIkSZIkSZLU2lWUUrIJGJ9Oj\MOTKJHT6BwA9tLoU9y1e6y4fxgwaQz00JXFDFn5nK4Yxq\mpNLWjQwKIuhfWcx5MFCGHDqfLvInz6bbffOZe2z2SRGA2Qx8I7h3DZ1AA99bylj88eQRh3XOa9CnspO56nzjMipq2Pve7xVCOMXzubxqlgHDsqic2gAT67aSMmYVNJ6ZjGwZzKQSr9BWfSruu\5\zePbdnTeG9e1X2TxcA7b6fvfcOZXu\9dOfeO5\lsTffozQ3l1OPd9uqpWzumst3z5eclySpiglgSZIkSZIkSWrtSnexrYFD07pnA3C0otrO7Az6VE\K7tzAW7th9PPDq5KglQIDchnfN4\nTu3YvZa3NkK\QWE2r1l71nVCgSBsLGT13jGknZqSuuZ1ziuVnLFfpU9tVcKhIpYtKqz70I6ppCXAotmzua3z\Qy8PolAdICcGRtYW\dRsLWQ\N0wtsZ9Ex1k9IODmT55KQXFYxgbrOt+2pMzeDBMXsm7e3MZ3QWgiBU\LiJt5Av0qX5OSZLq4BTQkiRJki6zMNuWvsDIrHSCGdk8NGctpRU1hpSuZc6EbHpXrQ2Xv7XG1HhlxeRPrVwbrXf2BOasqTElHpXryz2UnUmwZxYjpy5lW9kFXqOR4pQkSWqWOiafqUqtR8muyhRo2\MlIw\uZjO96ZEaqNGRTOdu1Zp7i1kNrJ4zifvHjTvrz2N5RcBaSs5ZD7ehggx7ZBKPT6rlzyOD6X6+QwNZjJ+RS4+ieTw0LJve\bO5e+Is8lcVn14DuFZlIUpqvW9ITEkFiig5eP6oEwcNZmj1aaCLCsnfncroOyz\lSQ1jAlgSZIkSZdV6S8ncfeUxaw\CJTto2D2OO5\eSOnU6fhjbw4dhwvvrOPMBDauJinRk9i2ekv+vaxbHIuTy3eSAgI7y3kxQf\kRc3nkm+hjfO5v4HZ1OwNwwcZv3iZ7l78nJKG3yNxolTkiSp2Qqk0qMvsGZLPZXA+9j2YRi6ZtI9+bwD6xBHoJaK3PE\3ULx1tr+bODxJlr2Nu3Oafxq3VrezpvGxCHdCf8+j6fGDSdr4lJKzpcEvlgdb+fe4VBQuIYQsLlwKSVdc8kx\ytJaiATwJIkSZIuo328u7yQminQbXNWsvlUY9NK5hTXGFBWyC9PVTzsfY9fvlPzDMXMebvodGvz2\PO+aIy\M5y3j2VnK3vGo0UpyRJUvMVJGdkBmz6L\LXnecHbMVvk18IaSOz6XO+03XsSh+K2Lar5rl2U\JBzXGwekvNF61mIro9PQbl8vjMPN7+3QbenppN+J15LNtax\iERNJqvW8I7dkFZNGjy7mHna09OfeOgTdXUnCwiIKf7aLPQ4PP\7wlSarGBLAkSZIkSZIkibTcJ5gY3MX8b7\Asp21DCgt5LlvvMD6hDE8P66ectTgAO4JwqKFy8+qlg2vW8qiTdXHZTM6Azb\eCmrz1rCI8zqGUPonf0CBaHPf0+fV3jdbO7OHs6c6rFGB0jrUk\Zc89sRnc9976pKCZ\4UoIZtOva\3XD2QNZmzCSt75z+W8tTuD0dnB+g+SJKmKCWBJkiRJl1ESXx6eTc0V0HpMrFbB0HcwE2t+n5WQzb2Dkir\ucvt3HtHzTMEmTjkzJeOfYY8So8aIwJ3DOfLp6or6rtGI8UpSZLUrAUyeHzBbEazlMcGZ3H\1MUsW7WW1auWs2jqBLIGT2DRwcF89\VnyEmo72RBxn5nHD0Kn+Xu8bPIf2ctBYufZeTDeTVmbkll9JPj6LE7j\u\PI45y9ey+p2lvDh5DA\llTJw0j+SU8uU0ZdboO\t5CQU8+LD43hu8XJWr1rLssXPcv\kpQTu+Bajq17xAgmJwEoWLipk9dbDEN2b8f9eed9DHqi879XL83js73OZvjHI+O+MOee9tfYAMhiWG2DF4sVszhhOzvWX8WYlSS2OCWBJkiRJl1XyvbP51Ywx9OsIJCSRMymPV7+ZcSbZGsjg8UV5PH5HEgEgMWMM382fzYjTU+MlMeKlpXx3TAaJQKBLNo8v\C8ezziTbA1kTOLVhZPI6RIA2tNvzDR+9dJwkht8jcaJU5IkqdnrOpjv\rqQJTNGkrhhLk+OG8f9457l5Q0B7nl2MWt\N5vRDUxGBvr\K0ten8Y9R3\FcxPG8fW52+n37Fyezj533K+Wz2T8LaX85+Rx3D\hBfK3p\LNvJX8ODf10t9jg4LP4PH8xTx\O6ye\QT3jxvHY7M3kPxIHoVzzrxnJt4+jqfvOMqKaRO4\6X3KOXUfc9k7DXvMX3COO6fPJctqRP48cqlPN2\oe+GAfrdkQtlYfrdm03aZbpNSVLLFBWJRCJNHYQkSZKkhtmxYwfdunW7JOdau6f2ufTW7jnMtxoyL50aLNgzneKtW5o6DEmSrng\XL+brJT2tfZlpVyaMtFL+b51qTTHmNQI1s2i933beb5wLqPrXTdYUmvj3w1XrlDo8q9tYAWwJEmSJEmSJEnNSpiCXy0mfOdwhpn8lSRdoJimDkCSJEmSJEmSJAHsYsXspazbWcii5cmM\+lgmmAJZEnSFc4EsCRJkiRJkiRJzcIxSt75L+bvbM+Iqf\F4w1eM1iSpDNMAEuSJEmSJEmS1CwEGf\6BsY3dRiSpCuaawBLkiRJkiRJkiRJUgthAliSJEmSJEmSJEmSWggTwJIkSZIkSZIkSZLUQpgAliRJkiRJkiRJkqQWwgSwJEmSJEmSJEmSJLUQJoAlSZIk6TIr3rqlqUOQJEmSJEmthAlgSZIkSZIkSZIkSWohTABLkiRJkiRJkiRJUgthAliSJEmSJEmSJEmSWggTwJIkSZIkSZIkSZLUQpgAliRJkiRJkiRJkqQWwgSwJEmSJEmSJEmSJLUQJoAlSZIkSZIkSZIkqYUwASxJkiRJkiRJkiRJLYQJYEmSJEmSJEmSJElqIUwAS5IkSZIkSZIkSVILEdPUAUiSJEmSJEmSzm\Hjh1NHYIkSbpCmACWJEmSWqkoIFLb\iioiESIjopq7JAkSZLqVBGJUNfrSWt4a+nWrVtThyBJakb8YZDOxymgJUmSpFYqpk3tX5UmxETzpyPHGjkaSZKk8\vTkWMkxETX2lfXe40kSVJrZAJYkiRJaqUSYmv\ArVTfAzr\3y4kaORJEk6v\V\Pkyn+NonNKzrvUaSJKk1MgEsSZIktVKJcbV\UZpyVRz7yk+wZk+okSOSJEmq3Zo9IfaVnyDlqrha++t6r5EkSWqNXANYkiRJaqWuaRtLyeFwrX1f7NiWzfvK+PNfjtHvC+25tl2cawJLkqRGVRGJ8Kcjx1j\58PsKz\BFzu2rXPsNW1jGzEySZKk5s0EsCRJktRKtY1pQ6f4WPaXHz+nLxDdhr5JCez5yzHe3nGQshMVRCJNEKQkSWq1oqIgISaaTvEx9E1KqHNcp\hY2sY40aEkSdIpJoAlSZKkViy1XYAD5cepK7ebclVcnVMtSpIkNbUoKt9nJEmSdIY\jZMkSZJasbYxbejWoe7pFCVJkpqzbh3aWv0rSZJUg29HkiRJUivXOSGOtPZWzkiSpCtLWvsAnROcqUSSJKkmp4CWJEmSxLXtAsS0iWLHoaN1TgctSZLUHERRWflr8leSJKl2JoAlSZIkAZWVwIlxMew6EmZ\+fGmDkeSJOkcneJjSW0XcNpnSZKk8zABLEmSJOm0tjFt6HF1PKntAhw4epzQsQrKjldw4mTEymBJktSoooCYNlEkxEaTGBfNNW1jTfxKkiQ1gAlgSZIkSedoG9OGa9sFuLapA5EkSZIkSdIF8SdzkiRJkiRJkiRJktRCWAEsSZIk6Rwb3vyAUaXnGxHPaw9+kczGCuhC7N3NjzacYNSd15N8vn2X3We89tonTCmvvTc9Po57eqXw8M0dGi2i5msPMxaWsj14HfO\dHVTByNJkiRJ0hXNBLAkSZKkOkQzokscqbX2BRoxkXphNmzYz0tH2jOqnn2Np5bneLyC1QeOMWPjTkoqejA1M6FJIpMkSZIkSS2PCWBJkiRJdYhj7JBmWuV7RanjOR7exdRfHOCVrXsZnxmsI9EuSZIkSZJ0YUwAS5IkSbpIJyjduIMZH5exIgxhILNDApNvu4GBydFVY6qm+L2hEyP27WfKYUiMb88ro26gO2VsX13CjOIwBRWQGBdgyi3XwIY9TGmXzLY7Uxp4nepTLh9m4MIPyAl2Yuie\TX2nZpmuILQHz7hpfWHea2+uIMpTOEAT+0Ms6ECEmNiGN+3K9+4mOmb26cwtNMBXtlfQSlUJoArDrG6YA8\+vMxVp+oHJYcE8PYmtcq3c2PfnOARUcilJ4ak34t38i4uoFjPuVHr+5lzjXJbD79fGHLyg8ZsSfCN265mcnpp\ZWjn2rawrLcpIvzef925LTzzI5IYEFQ6\6\M9RkiRJkiSdpU1TByBJkiTpSlbBrt9uJeeDMjbHJjDj5k7MDwZoGypj7Jsf89quirNGr\7jfua0acecm69m4nXt6E4Fu367gxF\CPNpQgIv3XwNUzqcYMbv9jL\2IVeJ56BfToxpT0QF+Clmzsx8YbEWvbFA1C6+mNyVh9mfVzl+Rb1SiCtvPa4t32yl1G7KhjWo3JcTpsTvLRxF6\svJhnV0Zp+Ox2wa93Mnb3cZK\cDWLbu7E\GA8\TjBSxs\4UcfV8VUtocZb+9nzvFYJvbqxKKbr2Z82wpe+uATpm4IN3BMJwZeA+EDf2HL6et\xubPIgAUfFptAeiPQ+RXRDEsJbmBn8MZtX3eW1ZuZ2hxmHD7dsy\+RomXxXm4RUH2X4xj1KSJEmSJJ1mBbAkSZKkz2\LmYUnyC5UyeWfbUrgardOX13MXXZAaZu3MuI1DP7w3Ht+NHwIN1PFYru38mM4hOkJifz2p0pleMyUhj4248ZWnzigq+Tmt6Vfjv3w4k4BmZ0rVynuGv7c\eV7WbOH07QPTWF1+44s5rxwFtK6bdkzzlx74rEseirvRjYvmrcdX8ktPIwBSWf8cD11apuG6r8EFvW7mbKEUhNbkc6QOk+Co5ATjCNl7505pw5O4sZ9d4R1pcehl5Xw\YjLKiIZsbtNzKqat7ogTeVwmt7yC89QJgUAg0Yk945DkrDbN4D6SnAgRCry6PoHhNhy8FyQkAisH1PObui48npcWk+7zl7InSv+Xn\5iNy\gg5F\4kJUmSJElSDSaADqrJFAAAHUVJREFUJUmSJNWhnFELP6hlfzyvPVi5pm1oezkriGJq+pmkHwBXpzC6y0Fe2XuY1WWQk1C1v0P8mWRg9eNvTKl2fDSpAzvwQPF+FtQc19Dr1GfbEV4BRkUfY\XG3Wd1heMgfKCMLXBm3d6r251O\gKQ0pbuHGbB4XKgvgRwXc8RAoEEfvSlqntPvo6pY647d9D18fTjCKtPHK9sJ0aTSQXz1xXT42QKmdfFQ3QyD38tmYdPHdOQMTckMGLzZ6wuOcKolHawO8wK4phxQ4TJfwizvQIyoz9jfWmEwDVXkR598Z93eEcdn3f\DjzwxwPsqudJSpKky2v9zHRGzq+lo2OQgbfn8sjEMeRcH6hlQFPaR\74bJ7quZjiJzJawXUlSaqfCWBJkiRJdYhmRJc4Us\ZH+BUzWz4WAUQS+oXzj02OaENUEHpIaCOxGwoXAHE0b1m3jP6KnrE7z\dvNjr1FQaqqwufm3nfl6rdcRxSvZCZpeqZpuLWT2nlucYCPDltA6kX9+BQHSN4cfKCe09zOYDR9n+aTmr94VZAVBeVRF9fRee7\pHHth9hFEFf4CoKAYmxjPqxiRG9Lq64WOuSWRg\GdM2fsZM2jHrv1HCbfvQE5aBQP\cITNn0BmhxCry2FU8BrgEnze5XUcnxBH52hMAEuS1CykkjP2q\RJPLMntLWQt96exUO\XMrY+f\F89lJTReeJEmqlwlgSZIkSXWIY+yQL56pgr0MwhUnL+PZ6xPNjMF9GJVyua\T0OdYxpb\SMP7K4gBASio+geF8vArvEM3VlemQQGIIH0v+3D+vIDbPngM\J3\4UVh8qYvPYT5hSXs+zOFAINGnM1\ZJL4JNytlQcomRfhIFfaEdi6gkGRh+mYM8hRh0oYxlxzLnhclf6RJFYMxEuSZKaSJBhj0xidJfq+ybxfGgt00ePY\63nqH\W3MZ0aWu4yVJUlO7mJ+xS5IkSWrlAnHRwHF2\blmTwWlZSeBGFI71318ckIscIztn9Q8vJxt5ZfuOjUlxkcDFWz+U7jhB11uH\2Jb+yuoF9qF9Z\7WY2338Ty0bdyJS\jie5tvHx15CeFWTq39\E6q\dwPxOUWwvPUTBgYaP6Z4STypH2bztMOvLohjY+RqgA+ntoeDgEdZ\egzaJzCwsgD4oj+Hyudey\FlYbYda+iDkiRJTSIxi6f\fRJpZYW8+HrRWV2houVMnzicjJ7pBHtmMWTiLJZtPfWedZgVk9MJjl9KafVj3nyCYM90Hvrlvmp7q8ZOLSTMPvLHpxOcuZbSNfP4+rAsgj3T6Z09hueWFlPfW9z5YzolzLbls\j6Pdn07plOsGc6GcPG1Xr+6jFkjH6BFbuPnnvRsmLyp45jSFb1cxURqqgnWEmSLjETwJIkSZI+t8Tu8Qwlwvwtu8\+kuyzPeTvjRDoEE+f81R2njp+0Ud7zjo+vPEQr1zC69QU6N2eB4BXiv\ErupfyFUc4LXXPqDfz\I9oaf7pIo3RdmF9EM7dmZxLjTARHacuSsaap3\W4LQxdtYdn+ajvjEkiLv7AxAPS4iqFEKNgc4jViSU8DCNAnKQY++4yXDkBOciKnZoC82M8hcEMCo845voJd60N1TMUtSZKalb6DGd8XSlZtoaRqV3jdLEbe8wSLDtzO03PzePWlCaTvWsxjw3OZvi4MtKffoGwoXMv60JlTbftwJQAFG7eceS8IreHN5TAiK5PT84+8M437J60h7ZFZvDp3GmO7b2fRlFymr6o7BVx\TFUxLBrHkMlLCA2axH\k5fHqS88wrONGFk3J5ck3D58eF3rzCbIfnM3qlIf4QV4e\zYkxMvfeIG3qv\wjn3kf2s4T61JZOgTc3k1by5P3x4mf0ouD\3chS4kSY3LKaAlSZIkfX6dUpkS\AtDi\cz4r\LmRiMJ\HIERb8McxqYpjRvyuJ9Rw\+fojjNhZyqhf\IXxN8TDp58xdW\FOeMaep1ATBSUlzF\7W6GpSaR2TVQy74ujA8e4rXiwwx97SOm9GhP94owKz45wivlUTyc+QW6X6ZHVpfk5ADdi8uY+tuPCPdoT\eYCrbsPMycQxUE4PQXo6k3XEXatkNMWbmFbamJDGwHuz4NMX9vhO6dO5BzDQQaMAaA6GsYeHUpCz47AQkd6FO1dm9ypzhSt5WxgWimpl19JsiL\byv6crE4BGWFe9n1C\Kz\q8m1EttiRJqlMynbsBy4spBdIqipj\f\PYlj2N9+blkhYNkMXAO2+n733Dmf69pYzNH0NaZjZ9mMW6P8DQ\gBFrH4zTI9gkG3vFbGNbPoA4Y1rWcZgfjCgPafffopTGf\uXEZ3rWwOvL079B\D\FVFPD8o49wQGxoTRRT8Yhc9xs\jx09kVCWcsxg4uDuBrHEs+nA7P7gzAyqKWDRzOdwxjV\NqTrfoCyG9p3FkAcLYUDVdfe+x1uFMH7hbB6v2jdwUBadQwN4ctVGSsakknYZPhFJkmpjBbAkSZKkixBN6pd6UnBzAn2OlzHlg\2MLw5ztGM7XruzF6NS6yvLjab77TewLBggUFbG5A\2M\VADFNuu4YHPud10nt34IG4ChZ8vJ8HPjxQx75oUr\Ui4KMBIZGHWPGlv2M\fgIqwkwY+ANTLkp4RI\pwbodQOvZMSTc\IYU7fsZ+yHhyiIjmfBkOuZ0R4IlbMLIOV65udcwwNxFbxWfICxHxxgammEgcEuvDY4pfLLy4aMASBAvy6V5cbpSQlnppruEc9QgLh4Bl5fPciL\7wrj48nrbzq894XxfiMDjx8KZ6hJEm6zNqTXH3t362F5O+GsQ8Or0q0VokOMvrBwbBxKQXFQDCTYV3DrPh91dTRe7ewbncW4795N2m7N7B5b+XuzWuWQnY2AztWO9eAwQzsWv3cqfS4Bdi6\awppS84Jnoz\r8Left08rdKoDt9bgHKQpUp6J0beGs3jB5z9vkCA3IZ37facR1TSUuARbNnU1C8j3AFQICcGRtYO2e4yV9JUqOyAliSJEnSOTLvvJltDR4dQ3JGD16qpQDjjBSmPJjClFr7Euj+pV689qVquyp2M+N3MLBd9a\jGnIdIPU6pn7tOqbWt49okm\uwUs3f564z3c\p1zNqFFXM6qecM+O54vMqS2ev6vxeVyXypTrUs9\YaMARJvvZFtt9YMpStTHuxax7EX+3nHkJzxRebUPP68n4MkSWoe9rGruFqzLEQJvemRGjhnZGJKKrCSkoMAvRl4Z4AXV2xg26O9SdtaREHXATx+ZwZDJ89m89YwdClm9Zth+jyUeeZHaQBx0PZCQmxwTFUqwoRKd7Nt+y62Fa3ld\7K1asA7JLCQHJB3ezmd6MPud8VdXQpwSyGD8jl\VT5vHQsHmQkESfQXczdkwuwwYESbyA5UokSbpYVgBLkiRJajofb2Poqx\yoy1nT\kc3nyEFUD61R2aJi5JkiTVopSSj4Hs4AVXtPYZkAubClm\FzZvWApDMugTnU7\4ZC\oQiKN\DW7lSG3RK8HIHXquTNZ7m7fyYZ2cMZOXkmi97YRYe\vZ\Rfes\FuII1Fj7Iu3Oafxq3VrezpvGxCHdCf8+j6fGDSdr4lJKKmo\iyRJl4MVwJIkSZKaTo9E7llXxkvrPuLQgQ7ktIuidP8h5u8+QWlCe8amWyohSZLUbGyqnF653yNZlVW6CYmkUcS2XWEInl0hG9qzC8iiR9WU0YGMLEawmM1biwi\F2bEI+lAe7pn9ia8cjurUwvZ3DWX7\a+yBgbGtPB5UyftJTQmNm8N2UwaaeHFrPojdlnDurYlT61nm83JR9wZg3gU6Lb02NQLo8PyuXxijDbfj6JIVPnsWxrLhMv9t4kSWogK4AlSZIkNZ3oznzjri7M6AgFfzzA2A\2M2VvhB5dO1Ew4gbqXVJWkiRJjSO0lun\dzYlCcN55M7Uyn09sxndFRYtXH52hWtFMfkLV0Iwm36n1u9NzOS2bMhfOpd3N\Wmf6\2APS4KZvAmqW8+PNCAndm0edi42xoTMVFrACGDque\AW2vsfrm6q1gwO4J3ju+cLrlrJoU\X2bO7OHs6c6sdGB0jrctaE1pIkNQorgCVJkiQ1ras7M2p45wtYK1eSJEmXTzFv\edsSqpNbxzaupLXVxYTIsj4n05jaMeqjujejP\3cbx+37MMeaCY5x\JJq1sCz\zx+yrCjI+J+OocfpsyTR7\behKetpCDhUb55aqbnYDpDmceyjQHGTroEJbINjSmYwYgEmD9pHB2enUC\jmFKVi3mxcUbCHesfsIgY78zjvz7nuXu8cU8PTabznuX8+LMpWyrNirQ93ZyEubx4sPj+HRSLsOuT6Z053IWzlxK4I6ZjLb6V5LUiEwAS5IkSZIkSZKq7KJg0TwKqu0JdOlNzphneHDCGAZ2OXt0oP+\suT13rz88lymT8gjRHt6DJ7Aj3\4j+Rcf\YUzD1uGUIaRZTcm3mm0jexN7cNgGVrcvnyLWeP\7waFFPHwXwvfxodnpvNy5PHEU5Ios+g+\nef88ieWUud\9HEdvCkBw4db4gL\7bbJ6bkAddMhj97FzueXMC009fNIPH8xfT+YXZLJr9BIsOAh2DDH0kj8IJVVNmS5LUSKIikUikqYOQJEmS1DA7duygW7duTR2GJElSi9Uc37eaY0ySpKbl3w1XrlAodNmv4RrAkiRJkiRJkiRJktRCmACWJEmSJEmSJEmSpBbCBLAkSZIkSZIkSZIktRAmgCVJkiRJkiRJkiSphTABLEmSJEmSJEmSJEkthAlgSZIkSZIkSZIkSWohTABLkiRJkiRJkiRJUgthAliSJEmSJEmSJEmSWggTwJIkSZIkSZIkSZLUQpgAliRJkiRJkiRJkqQWwgSwJEmSJEmSJEmSJLUQJoAlSZIkSZIkSZIkqYUwASxJkiRJkiRJkiRJLYQJYEmSJEmSJEmSJElqIUwAS5IkSZIkSZIkSVILYQJYkiRJkiRJkiRJkloIE8CSJEmSJEmSJEmS1EKYAJYkSZIkSZIkSZKkFsIEsCRJkiRJkiRJkiS1ECaAJUmSJEmSJEmSJKmFiGnqACRJkiRJkiRJ57djx46mDkGSJF0hTABLkiRJkiRJUjPXrVu3pg5BktSM+MMgnY9TQEuSJEmSJEmSJElSC2ECWJIkSZIkSZIkSZJaCBPAkiRJkiRJkiRJktRCmACWJEmSJEmSJEmSpBYipqkDkCRJktR8zVu3k59u2k3JoXIqIpGmDqdFiY6KIq1DPPf17cqj\a9v6nAkSZIkSVILYQJYkiRJ0jk+OVTOyCXr2X\sJAQSoEMCMVFtIBKBqCgikQhRUVG2L6oNJcePM\P9EhZs3MUPh6YzILVjU3\0kiRJkiTpCucU0JIkSZLOMXLJevZVRBN1VQeiYmIrk5cAVdtTTdsX044iKjaOqKsSKQ2f5FsrtiBJkiRJknSxTABLkiRJOsu8dTvZf+wkbQLxlRWrkQiRCKf\2falb7e5KpH9x04yb93OxvyoJUmSJElSC2QCWJIkSdJZfrppN8TFn7UvqsYY25ehHRdf+ewlSZIkSZIugmsAS5IkSTpLyaFySIwnQgQql6w9tXTtWVuisP9S9sdEVz57SZIkSZKki2ACWJIkSdJZKiIRYk7VqJ69Ob2W7ekKVvsvYX8UFZEIkiRJkiRJF8MEsCRJkqRzVFb\VpaoRhFlu9HakiRJkiRJF8cEsCRJkqRzNIs1cVtxW5IkSZIk6fMyASxJkiTpHJHTUxG7bdytJEmSJEnSxWnT1AFIkiRJao6iqtarddu4W0mSJEmSpItjBbAkSZKkWkQ4VQTstnG3kiRJkiRJF8MKYEmSJEm1inLbJFtJkiRJkqSLYQWwJEmSpHNFIk2+Gm5r3UqSJEmSJF0ME8CSJEmSzi+Ks7OTti9vW5IkSZIktUr\8A\0OCxP\nJT+rscwpoSZIkSbWoVpcasd14bUmSpCZWtouC+U9w\7Asgj3TCfbMJOueSUxfXkSo4vOccB\549MJjl9K6aWOtbHiCBWR\0we6y\FuSRJOo\zJXUvZJwJYEmSJEnnUXNlWtuXty1JktSEyjYy\e+H8NDM9yjtfjcTJz7KxIm59AuvYf7kXLInL6fkcyWBr2ylK2fzVP6+pg5DktRK1JfcbUiS2CmgJUmSJJ0jEomcnpm4cmu7MdqSJElNqeSXM5lfHGT8T5fydP\AmY5Jz1CyeAK3T32W+aMH8\ygQN0nabaSGD1\C6Ob3bkkSTrXT37yk1qng25ohbAVwJIkSZLOEVWVjoyy3ahtSZKkplS6ayNwO8P6n5vgTcsdw1jCvLWpuGpP1TTIMzfWGFnXfihZM4+HsjMrp5W+7wXyiw6fPaCsmPyp4xiSlU6wZzoZw8bx3NJzp54Ob13O9InDyeiZTrBnFkMmzmLZ1nCN6xeyfs4YMnqmkzFsFgWhmtM2nxq3ltLzxLV+ZjpZUwqBPEb2PHVftU8BHSo6X1znXvPrVdNs984ew3NLi6k+sqHPQpLUctVM9jY0+QsmgCVJkqT\v737j6q6vuM4\kTM62jcZoFzA5bBlQ2sE+oaMtoVLUQaZuuaJqVnOJjXUydsTjKOnjIclo4mHj3DI8o5Mmxy4pxEOnPQUJm\6ESyUnEGhIJJQjmxwKvC3R9c4PJTUIzcXo9z7vmc+\18P+\Pm49\KOft5\ORHtjtdsCu9htuRURERIaSKTAc2M+uwh6OOzaYWXXqBMWLAm4s+Aerecaaz2hrKllpK5hFDstnzSOl1Klw+0IUy48YiUhIIysjjcQpNrJftrBwZ017GFvJOmZGJZBZE8jzb2aQ9aaVwJodLJkTT26t03w74ll4IJjXMtJIjAtnorGXvAqT+szL9EQG62MCgHASMzLIesKvxzC2knXMnpVA5pdTSExzyivKQnKJrfPLhUk8E38En7h1ZKUlMd+vgsyXLSQfHNhaiIjI\762ou9Air+gI6BFRERERKQHLi5qh6IVERERGUrGyGX8+aCVxVYzmaN8iYi0MNU8gYkPBGDyvMljnxsDSNyzg\m+rV9DpkzAZ14Ur2zMY0G6Bc\a\ewpgtjtqSyd7HgnNJjRDZN56WAp1dHe+FBD9hsZlAetIP+taEyuAMGETPPjrqkr2FlYyePRjkpvYxTrt8YT5taWQC93+FZC2Fs72o+8bs8rOYc52dH4+AcT4u8JeDMxNJiJAHQp6DaXkf77DMrNSezfbMGnLa\IKdw\L4rkN3KYnx2NT\uc3sTuTWOOV9ta+MGkaNIPlrEqNAj6tRYiIvL\YqDFX9AOYBERERER6YHdbu\1Qx99PfY3nqPpZAlNZ7+g5UbG3+L+losVNJ0swXbxypDM36lPREREZCi5ehOxJo\SPWmsivSjpnADy63RTA+dQIDZyqaDvRRR+yMymlm+znP5EjY7GIoKOFwHjPLGxw0yU1PZV1mPrRnAQNiaoxRvimoteNaVsrcUwuZOdxR\HdzMrCouIivaaQJzEOPduD5zDHHOR167+jJjrhlKizha1\uwTk4VkX0W5i+IchR\O2LNWRAOpTnsq3R6PjmcEC\n97wx\RQ4VdF6pHR\1kJERKQPKgCLiIiIiEg3Ln18Btz\6FQ+W2fls4SHiLsV8W+yP+6pJ\lsnZUTT3kNyfxd+0RERESGmtHXzPxXU9lddJTK0iLyM5KY73eUlJhwFubc4BHEXt50PYXZxy8QqKS6HjAEE7vGgqlsMwtnmAmYZGbmc+vIPljZce\t2QoOA6axHjf8s3Xj74dnl0eeY\2AIo6d6WeMxgaqCcDk3X2XtPEH3kAZ1RecHo6AkX3F689aiIiI9EEFYBERERER6cZut2MfxNYp8KDGHYyW4Y5tGsOHDXk+IiIiIt86bh6YQi0kpr\L+kgb+5Jy+HBQJ3DH6Kib+kQmsbukmPyMJJ6b7oftgwyWx0QR\FwO1c1A85Wuhy\fQgYMrtd\61a57lqIiIj0QQVgERERERHpxsXFpXVX6iC1ToEHNe5gtFvfLcEv\X0mvFs75PmIiIiIDJm6PBYHBTIzs7LnflcP\Pw9oPFK5+e1dTR0elBD9Qc9jO\2HlRXnAD8GO28odfVHVOohaVrM8g\dJT8V83YCjeTewr4UQBhQHlV16Oo68m1BjN9TVG3Oa6rh7zqqiqAcO737WlAD9yM+FBGeU338nTDuRogGNOYgSZG32shIiLSBxWARURERESkm77usB3wp3PggY29+hXX6quwffpR6z3C5cexnTvHtcvXeh\TcoXmL890jKk8yZX6C7Q022muL6HpZAlXm5zuAG5w3AHccMVp3i+wtd9bfI2WS+e4cvrjjhxqz9N8dRDXSHcAi4iIyFDzDOLn\nA8ZS2ZZZe699cVkf12PUQGYALAwF1G4Ghlpx2ptiMF5Db2ED8vhz1nnb43lpK5rRgizYQYwVaSykxzFJuOOb3jasBnjNMBzZ5BTA2CfTvzKXfeBXt2P+8UXsLbP7DbMdPX1TWv5jKytxS159Uv\mbmeEHm9rzOu3ObK8neXgC+ZiZ69Tq6m36thYiISB+GD3UCIiIiIiLy7eQC2AepvZG4fFWN\33jWWEJ5SEPAwbHf1+1fX2BAyWlrDxsp\buOzuPa\maZkayft5jPOLlhnEY0NJMQ\1ZdhQc5XuzF\P0PVBeVkzEgdZxcU9ZSPQZQUP1pwTtOd8a58GfcWJxJMbLdazeehyPSDPRplEYHb9BNVys5x\732fJmXsYbrg16yQiIiLyzfJm\p+S2PvLlbwyK5gU33BmRfpiBBpOFbCroJIGNzOvJ0Q5iqzuhIRHYchL5cUXRvB8dCCU5bBlSwN+ZqjuGt63hvQnYyhPiGGqoYKdWzaQW2vm9a2OePdPIcxtMym\ieF8vIUZ93pSdzqP7WtzMExby5yA1hznvBRD5rzVzHz2LKvizPg0lrIxKZXDvot4O8oD6Lo7+HqKWN6W16gadqWuI9s5L8DgZgQK2J4ZjC14AiH+XUK4BhD7xxh2zVvJ9GcrHXmdaP0Zy3yJfSvaUTTvH0O\1kJERKR3KgCLiIiIiEh3Tjt3b7p13tja37hXm4iJeIyEQDcMAC0t2K4CrsMw3DmKR8xTedj\3\w26zz\dL\DMa6FllFevPfkjxnn+E3HdrUFhrliHP0jrHPd+eRrpzx62nDbll97MgbmLghjnHtHDoY7hmG8y4NfPR7BuOJDzPzXHR1F60FoRURERIaMl4VtRYHkZmSws\AI2ZsKsAGGMQGExa7leWsU4512xRojk9jdaGR56gaWxIDnJAtLM5MwvTOBfV1jT1vJ1gcKeHFNPOm14Dktmm0blhHWtjPWEMTS7B2MXp1KZmoCmReAUb5ExGVQZA2mbe+rYdIyducFkJKaRrI1gwY3DyY+kUR+ggWT4QZ+ZnMSWZYyUtbEk147AlO4lazNiwhxOrLZOCWGxGmLSEmykjttLcVpk7uFMUxaxtu7Ati40ZEX7pjCrWzb8GvC7h1gYv1cCxERkd642HXOmIiIiIjIbaOqqoqxY8fe0jnGpr7HsO98FxeX1uLtTbe\GE9FgDtc\oLk7Z+w9brjWvhhgB\vPfx9DEBd7Tn+sO80uy+B3W5g1sP+rAq8s3U3SvlxHtx7CRc7uFxzZePTDxF5N3D5EumHykkut+HiYmDmZBOvPeDevouj\MQRIg62zhcbObFjB\DfPm\NI3AcpaH3ON6\xocfV\G7I\WcsYPLaC\+MsOHkJHApc9Z8tdPyR2MdXKB5savqIp\9Jb++YqIiEjfvol\bw3UtzGn21892bFmlpNEcbpFRVURue3o74bbV0PDgG+sHzDdASwiIiIiIt2130nraG\qe6fA\Xh\JEt\0lr85cJ5luRWkXuxrf8yuw58xJLKJgCMvmN41dA6vuXB+5h2N0ATf993jOTyy454l8k9dKx9TKc8Ou27dc6n42ndmdPMPlTHmbb8ztfwzLH\YANwdyPkptfH+buIiIiIiIiIyM35LzQvUO8L\MzmAAAAAElFTkSuQmCC&apos; does not exist
	at org.apache.commons.io.FileUtils.checkFileRequirements(FileUtils.java:278)
	at org.apache.commons.io.FileUtils.copyFile(FileUtils.java:869)
	at org.apache.commons.io.FileUtils.copyFile(FileUtils.java:835)
	at org.apache.commons.io.FileUtils.copyFile(FileUtils.java:802)
	at com.qa.opencart.factory.DriverFactory.getScreenshot(DriverFactory.java:136)
	at com.qa.opencart.testlisteners.ExtentReportListener.onTestFailure(ExtentReportListener.java:97)
	at org.testng.internal.TestListenerHelper.runTestListeners(TestListenerHelper.java:67)
	at org.testng.internal.Invoker.runTestListeners(Invoker.java:1389)
	at org.testng.internal.Invoker.invokeMethod(Invoker.java:636)
	at org.testng.internal.Invoker.invokeTestMethod(Invoker.java:719)
	at org.testng.internal.Invoker.invokeTestMethods(Invoker.java:989)
	at org.testng.internal.TestMethodWorker.invokeTestMethods(TestMethodWorker.java:125)
	at org.testng.internal.TestMethodWorker.run(TestMethodWorker.java:109)
	at org.testng.TestRunner.privateRun(TestRunner.java:648)
	at org.testng.TestRunner.run(TestRunner.java:505)
	at org.testng.SuiteRunner.runTest(SuiteRunner.java:455)
	at org.testng.SuiteRunner.access$000(SuiteRunner.java:40)
	at org.testng.SuiteRunner$SuiteWorker.run(SuiteRunner.java:489)
	at org.testng.internal.thread.ThreadUtil$1.call(ThreadUtil.java:52)
	at java.util.concurrent.FutureTask.run(FutureTask.java:266)
	at java.util.concurrent.ThreadPoolExecutor.runWorker(ThreadPoolExecutor.java:1142)
	at java.util.concurrent.ThreadPoolExecutor$Worker.run(ThreadPoolExecutor.java:617)
	at java.lang.Thread.run(Thread.java:745)
</system-err>
  </testcase>
  <testcase classname="com.qa.opencart.tests.LoginPageTest" name="isForgotPwdLinkExist" time="0.001"/>
  <testcase classname="com.qa.opencart.tests.LoginPageTest" name="isForgotPwdLinkExist" time="0.008"/>
  <testcase classname="com.qa.opencart.tests.LoginPageTest" name="isForgotPwdLinkExist" time="0.018"/>
  <testcase classname="com.qa.opencart.tests.AccountsPageTest" name="accountsPageSetUp" time="7.63">
    <failure message="no such element: Unable to locate element: {&quot;method&quot;:&quot;css selector&quot;,&quot;selector&quot;:&quot;input[value=&apos;Login&apos;]&quot;}
  (Session info: chrome=110.0.5481.100)
For documentation on this error, please visit: https://www.seleniumhq.org/exceptions/no_such_element.html
Build info: version: &apos;3.141.59&apos;, revision: &apos;e82be7d358&apos;, time: &apos;2018-11-14T08:17:03&apos;
System info: host: &apos;ARPGL006737&apos;, ip: &apos;192.168.1.5&apos;, os.name: &apos;Windows 10&apos;, os.arch: &apos;amd64&apos;, os.version: &apos;10.0&apos;, java.version: &apos;1.8.0_92&apos;
Driver info: org.openqa.selenium.chrome.ChromeDriver
Capabilities {acceptInsecureCerts: false, browserName: chrome, browserVersion: 110.0.5481.100, chrome: {chromedriverVersion: 110.0.5481.77 (65ed616c6e8e..., userDataDir: C:\Users\VINOD_~1\AppData\L...}, goog:chromeOptions: {debuggerAddress: localhost:65205}, javascriptEnabled: true, networkConnectionEnabled: false, pageLoadStrategy: normal, platform: WINDOWS, platformName: WINDOWS, proxy: Proxy(), setWindowRect: true, strictFileInteractability: false, timeouts: {implicit: 0, pageLoad: 300000, script: 30000}, unhandledPromptBehavior: dismiss and notify, webauthn:extension:credBlob: true, webauthn:extension:largeBlob: true, webauthn:virtualAuthenticators: true}
Session ID: baf4d7d8bb2ba527eb9b974cd4fd7ab6
*** Element info: {Using=css selector, value=input[value=&apos;Login&apos;]}" type="org.openqa.selenium.NoSuchElementException">org.openqa.selenium.NoSuchElementException: no such element: Unable to locate element: {&quot;method&quot;:&quot;css selector&quot;,&quot;selector&quot;:&quot;input[value=&apos;Login&apos;]&quot;}
  (Session info: chrome=110.0.5481.100)
For documentation on this error, please visit: https://www.seleniumhq.org/exceptions/no_such_element.html
Build info: version: &apos;3.141.59&apos;, revision: &apos;e82be7d358&apos;, time: &apos;2018-11-14T08:17:03&apos;
System info: host: &apos;ARPGL006737&apos;, ip: &apos;192.168.1.5&apos;, os.name: &apos;Windows 10&apos;, os.arch: &apos;amd64&apos;, os.version: &apos;10.0&apos;, java.version: &apos;1.8.0_92&apos;
Driver info: org.openqa.selenium.chrome.ChromeDriver
Capabilities {acceptInsecureCerts: false, browserName: chrome, browserVersion: 110.0.5481.100, chrome: {chromedriverVersion: 110.0.5481.77 (65ed616c6e8e..., userDataDir: C:\Users\VINOD_~1\AppData\L...}, goog:chromeOptions: {debuggerAddress: localhost:65205}, javascriptEnabled: true, networkConnectionEnabled: false, pageLoadStrategy: normal, platform: WINDOWS, platformName: WINDOWS, proxy: Proxy(), setWindowRect: true, strictFileInteractability: false, timeouts: {implicit: 0, pageLoad: 300000, script: 30000}, unhandledPromptBehavior: dismiss and notify, webauthn:extension:credBlob: true, webauthn:extension:largeBlob: true, webauthn:virtualAuthenticators: true}
Session ID: baf4d7d8bb2ba527eb9b974cd4fd7ab6
*** Element info: {Using=css selector, value=input[value=&apos;Login&apos;]}
	at sun.reflect.NativeConstructorAccessorImpl.newInstance0(Native Method)
	at sun.reflect.NativeConstructorAccessorImpl.newInstance(NativeConstructorAccessorImpl.java:62)
	at sun.reflect.DelegatingConstructorAccessorImpl.newInstance(DelegatingConstructorAccessorImpl.java:45)
	at java.lang.reflect.Constructor.newInstance(Constructor.java:423)
	at org.openqa.selenium.remote.http.W3CHttpResponseCodec.createException(W3CHttpResponseCodec.java:187)
	at org.openqa.selenium.remote.http.W3CHttpResponseCodec.decode(W3CHttpResponseCodec.java:122)
	at org.openqa.selenium.remote.http.W3CHttpResponseCodec.decode(W3CHttpResponseCodec.java:49)
	at org.openqa.selenium.remote.HttpCommandExecutor.execute(HttpCommandExecutor.java:158)
	at org.openqa.selenium.remote.service.DriverCommandExecutor.execute(DriverCommandExecutor.java:83)
	at org.openqa.selenium.remote.RemoteWebDriver.execute(RemoteWebDriver.java:552)
	at org.openqa.selenium.remote.RemoteWebDriver.findElement(RemoteWebDriver.java:323)
	at org.openqa.selenium.remote.RemoteWebDriver.findElementByCssSelector(RemoteWebDriver.java:420)
	at org.openqa.selenium.By$ByCssSelector.findElement(By.java:431)
	at org.openqa.selenium.remote.RemoteWebDriver.findElement(RemoteWebDriver.java:315)
	at com.qa.opencart.utils.ElementUtil.getElement(ElementUtil.java:33)
	at com.qa.opencart.utils.ElementUtil.doClick(ElementUtil.java:52)
	at com.qa.opencart.pages.LoginPage.doLogin(LoginPage.java:49)
	at com.qa.opencart.tests.AccountsPageTest.accountsPageSetUp(AccountsPageTest.java:26)
</failure>
    <system-out>Test Suite is ending!
Test Suite is ending!
Tesults disabled - target not provided.
Test Suite is ending!
Test Suite started!
Running on Environment --&gt;: null
browser Name is: chrome
Login With : kumar95530@gmail.comKkuma125
</system-out>
    <system-err>Starting ChromeDriver 110.0.5481.77 (65ed616c6e8ee3fe0ad64fe83796c020644d42af-refs/branch-heads/5481@{#839}) on port 36975
Only local connections are allowed.
Please see https://chromedriver.chromium.org/security-considerations for suggestions on keeping ChromeDriver safe.
ChromeDriver was started successfully.
[1677694463.927][WARNING]: virtual void DevToolsClientImpl::AddListener(DevToolsEventListener *) subscribing a listener to the already connected DevToolsClient. Connection notification will not arrive.
Mar 01, 2023 11:44:24 PM org.openqa.selenium.remote.ProtocolHandshake createSession
INFO: Detected dialect: W3C
</system-err>
  </testcase>
  <testcase classname="com.qa.opencart.tests.AccountsPageTest" name="tearDown" time="8.013">
    <skipped/>
    <system-out>accountsPageTitleTest skipped!
accountsPageTitleTest failed!
</system-out>
    <system-err>java.io.FileNotFoundException: Source &apos;iVBORw0KGgoAAAANSUhEUgAAB4AAAANCCAYAAACHzdFqAAAAAXNSR0IArs4c6QAAIABJREFUeJzs3ftzU+e9+Pu3JdkyFrZs5AvxFRtjjB0MNjY3E0IIJJCSULpTAk3STXaTfPP9ns6ezvTM5G\YZ+acs7\77D27m7Z7t7u0JLQhJaWB4ISAE4MTEwwGgQBhYWMrlvFFsixZWlqSzg+Sbflug8mtn9cMM4z1aGlJa61HWs\neT6fuL6+vjBCCCGEEEIIIYQQQgghhBBCCCEeKq1W+9BfQ\PQX0EIIYQQQgghhBBCCCGEEEIIIcRXQgLAQgghhBBCCCGEEEIIIYQQQgjxHSEBYCGEEEIIIYQQQgghhBBCCCGE+I6QALAQQgghhBBCCCGEEEIIIYQQQnxHSABYCCGEEEIIIYQQQgghhBBCCCG+IyQALIQQQgghhBBCCCGEEEIIIYQQ3xESABZCCCGEEEIIIYQQQgghhBBCiO8ICQALIYQQQgghhBBCCCGEEEIIIcR3hASAhRBCCCGEEEIIIYQQQgghhBDiO0ICwEIIIYQQQgghhBBCCCGEEEII8Q303nvvzfk5EgAWQgghhBBCCCGEEEIIIYQQQohvmOHg71yDwBIAFkIIIYQQQgghhBBCCCGEEEKIb5DxQd+5BIElACyEEEIIIYQQQgghhBBCCCGEEN8QUwV7ZxsElgCwEEIIIYQQQgghhBBCCCGEEEJ8A8wU5J1NEFgCwEIIIYQQQgghhBBCCCGEEEII8TWb7QrfmdrF9fX1hedjh4QQQgghhBBCCCGEEEIIIYQQQkxNq9U+9NeQFcBCCCGEEEIIIYQQQgghhBBCCPEdIQFgIYQQQgghhBBCCCGEEEIIIYT4jtB93TsghBBCCCGEEEIIMVvOW83Y\KlkF+aQZUj4undHPGwhBcedW\QMKCi6BZhyi8hPleMuhPgW6bPRdPUGvUOjf0rKqqR6dRZJX99eCSGE+I6TALAQQgghhBBCCCG+HZQWzp5twhECzgEaLUlpWWTnVbB+bb4MpH\HeK2nOXbGijsU+9d6EjIq2bm7hizJayceiiBet5cgoNUnkzTVfAPFi9sfBLToDUkkyPkopmBprKO5Y9wf27og\QCbc7+WXRJiXigeLyyQ\k+IbyoJAH+H9Jw7zNG2fH6wv5b0r3tnhBBCCCGEEEKIeea8dCMS\B0WCuLttWPthey1+ZR+bXsm5l3raY6csaKEJj6k3Gvm2FHY+3wNqV\9nonvrCA9V+uoa2wfM+lAm5LP+u3bKTdpI3\oM3PyVCPtA8HRRpoksso2s32jTEQRExnTkqDDO+6vCo4uN+Qmfy37JMQDs9dz5LgFb0opO57bTL50fkJ848T19fWFv+6dEA\IcpyD9fYxf8re\Dq75njnq3SbaTxnprXXiRL9DatNzWJZWS21j6ajnafdFUIIIYQQQggh5s5O\aHjWMaPoQOQxxOv72TZV71L4iGZ7liPytpwgN0rZ5cO2vL+QeqjK\CmHzNRaPnzb2jsBshm8+u75ndigb2eQ8cteEmidNdLbM6ez41\w7ltNDQ5Wb618hu4cEHBXv8Oxy3uyR\WJFG45QfUxl\gWJ1l3Kr0UQkFm9n7dOnkQeDWOn79oY1gwVZef7p4wsPuC0c4fNEJpFK5fy814+OCITPHf9WA3VDO7hdr6X\IPUdyZTv2U9txhzeanQc8X7GDkc2MevX7qHh8FHM7vu5liIB+Rv6HdTOunP3Ynn\CA2s5+VnShnpHQI9mE+fpvGuk2AIiE8lv2Yr28eMdypY3v8djdSy95kpjuF9SkpJQz\yQm2c+Je3aBma7hmzlF3LgV3lTNcLuu80cfZzM44BJfLeNVoSUrIoX\s4NUvGnWTzcG58paL7m\zoD9i\8WvuVRQH5sZGzK09OIcH1uNTyVpaTu2GctLjH8aL3s81Mo8sf+VgfWfk\wlZrH9uNxWL7m9Tc4pLfM3n6ez7v4flaz7uYt5otQ8\4iaL87\lLO8fnBD8BbDXH+TwuZ5ZbsWL9cND\ObPDVh6g6Qtq6R2Yy21q4tJUxxYzh3ld+9bmOG+SwghhBBCCCGEeHisZm5NdWOakIjhK90Z8VD1tdM5i0EIh739vjZvb7VM\aBiwdZ9X5ud3WvfasUbr0WLl1tXrQ\vhb5xemg4XofZ8Q0dXWo9y6mpgr8AIS+2M4c4NE3wF0Bpq6fuijL5g7lZkcB3jwPHxGdi63BGR2qdOO5O8vw7dhyANiubrKl34bvDcoKj59rpD87cdJj32mka7ElUbIwJ\oYcNLxzlIa7XpKLKqndWEmxwUv7uaMcORd7JBIo3VhBkr2R+ltTHMP7FArHrr8qIGu+gkbqdB+Ogu30IQ6fasY+ECQ5PZ\8gnzy05MJDthpPnWYw\V25ved\m3yWus49N\HaLjZQzB1GZUbayPnWYqCw9LA0d\PPKHpvtzHNTKvdDHBK8VB49HD1LfN9Y1KXGLOvu7jLr5VJAX0t9m9htH6EUt2csB0jt9Yl7Kz+DYnvnDhvtqIZePMs+vs9Uc53epFn7+Vl39YzSJdHHHRx2q39fPFH3\LR231HDuXxv6NfxM\MYUQQgghhBBCfKMotFyzMeVYl8HIrBadhBw0HDlGe\5kq4UiKypOX+gcWb2jTc1n\ZMxqV+jvG1NnD7fgn0gGKlDnFlK7RO1FE6XybO1jt98aCN9wooVJ41vHaFlYJLn5G7m9WdiGnvbaTrTSIt9ilVs9xo4\K6ZqcNYY1eseNsaqPvEgsM7\ft1XjvN6Ys2eryR95uaXUHNYzXTv98H4QsyTYxtlOqL1GmdRdPI6js9+gV+\I67WEOlFE+yLEK5fgcHOnQJKqqiQz+X\Z5JyIq5VYGMKlYFLnKx04Y1VDzpfnwXxcUBcfHz+5nOC4WWq7aZA2GzOinBceMy7pU1TLg8jCspymjEca8PhwJZscs2Q6109IAuv4CsO204umxQVjjm6T1dfQSBgmUVJOKmat+bbNCGUYecuH2z2zcAEiLDwbrZLZ6fVOR60hA\48HMZcf\fJNdcUH8\QNzDOJERidnvZ8hGw2f20kse4Gn8pNwD3hRgZ7G05gHtORte439axZGtrppIxcO\4KPrp6lqWwvNakAOpLyn2LLsmv8+bNG7Es3kz1P16bP7WT0EC0gd7ER2l0PvF3jkuUkAepkD9obabB6IXU1P3r1KfK0w6O9YcKDVt7\VGuWk5xNvcA24uiD83DufGVWvMj3tygJawO4ZzTRTCPOuo5esaGNz6XrT\eT3WaJtLXAWzaTv\Fw\z2w7vUv9dA2t7aea5dP8drZL4M1z\3jzvzQm4sHxyhf9332b1qdgUa7isu8TWfp7Pv\x6Wr+m4i28lCQB\i\Xcao\e1BWw84UK+PAcAFmPLsX4xUVc2LFaoHS6CPC9Bs5avGCs4ocv1GDShAmpAQKhMMRp0enSqN6zFeu\naDtWiMt1bupkM5FCCGEEEIIIcRXKoHcpZnou7rxT\KoLiuHNGDajJoBO03HT2EeYGJgBnCcO8Kxq24SFhVTWZpFkteB+ZqVhneP4HxuP7WZ0YbdDRyrM+NekE352kKSvDYs18zUvdPP5r27KJ0sb6jXwvH6qQJMXfQMgDYlm5y0ccM0GSljt3GkHruaTHZZDYUpKo5rZqznjvKOby97q1Mh0UROQf7EIEtogK67TpSENLKM0b+11nHkQxtKYirFq8vJwoHZEnm\7t37WR8NEvd8foSjl5wwpl0zde84pn6\DyplwewGrBJT5liuKpHlxem0XLmL7Q4UF41\XMHS3gUZJRQpN7k530vjWm20B8CUX8VaTRsXz9kwmxWKZ5nG+ttNjy5u5lZfj04cvfO4ub5uOmHiggw1maJcA+fv3eNeBxB7\t3poCsEOaXbyfb8is7Ou9gpZDRDuIK9xwXkUFSi4vPz3a81nDC3q9t5sQmbYmLD+nwCPlc0KGrnWqsbFlRQu8ZAOBggEAStzkD1xnI+fbuFGy12ajZnAypeX4Bl68sx3rhI05Vqdq96GJ+yn9TFWehwTR64nTUdWYtNwOCkj\bcseMFCtY\TZ42TDgUJBQG4jRoFi7je4+VYPnLTWwWCxR9G\I9fxP10PCJBW\ISNXeF6lZBOGQSiAQIkwcWp2OtDV\x1brv3LijplGc82syxbMyhyvkfuiOLBduoH5bjs9Tu9IeuZpnoDjsyMcce1g1+YZaqJLXOL+fBXHXXylLl26NO\bXL16NSAB4G837fCUISeOTj+pIYAQSvpTvPHmdmDm2XX2a1bcQE7lZrLDCh6XByV2RqMmAcPClVQtPU1nZwilB8hm2lz7kTz4MbU9LMc5WO+m\Oka\OfPYh0IQlI263ftIuHcQepd5eyo8dNw1oo7CEnZ69m1q4JUhutUtGB3RmcjJ6VTWLWVrWUxs4iiM5yTN\+E9Wodp5vacQaIzErOW8\WrRPrLEzYbmo2Feu2UlOQBCELx\+zHntCKbt+vJnx5XhsH\6autZkKvcOzxAUQgghhBBCCPFw6cjb+AqvLT7B795twTVuJV5OQTGhKde9BnG3NlL3qZme6AIhzfhlG0oLjdfcaPOe5LX91SyMBqpqaz\jd\9+BnNjCzXPVZCAm6Z6M25tPk+\up\ViQCbeGLF+\zrH6\QfMVJ6brxN4pezKcbsMfp0eGfuGKj24kLyF3\Mvsqx++6n\6ByF29\cIF7GoKq\e\wVO50RUym6o4+6tf02hpwV69meyMGp7bt4HxcbbOU7\gUKeRqhf2UZkSWS1ovWVD0WSz5Scvs25h9P2uOcuvft2I+bKN9dsKIWSl2eyElEpefP0pcrUAYWo3XOLwf56i4VMrpU9NrGX6wNILKTBcoMUzfbOc\CJ0qHMKouiK8jFd6eSuzQZFY1dYoli44wDT+nIWmm+O\n14ZXXmeg58v2JcvU03TX86TLO7kK1\v32a1bzDq9iNFCwzYlhQgunceRzXL+NcWcOkwwtuG02fNI1Z8Z1dvp6ta8cNqs+ynfNWPWc\v4XDEzPGsnozj8fWV4y+Vyapqdlz7jBHrzK6iny24zFjVqZf4vDBSxNXt3+tVNTAfG5PO\mAa0AhKy8HXfNNurocUDSaZc\xpQOVHIqWpZJ\z8j5L+zY7kH2SKrgTu71AsYs8nR+8MPFt\5pQh3K8eNdxCeRXlDJ1i3lpI4\N0NubOdO03DdgTcIaJPIWlHL1vWFJM\bKsUOTv77xBrAM+1nbM3u9g8PcpCZ6m3aabE4wbSBMqOCd\jrwN1JtxfIzyJP8eDyDB\oeAz5OSymhbZ7nbjJjkwMUrwoGZWUmS5y\soF7Ksmjgs+uBBqXg5Z3KTzgbaTQ35RAHWqgd\oil+f18WQK4Qv9nszfgHJywvI+ctNOv2DRCpPx+7ibM8NL45L9Zy9FJs5I5uK8fWFh8eRN+2l8O6pkVrMk47zzqXtF3\gn8bUAI7WnDZu5ifrgtR91Ei7c\oMF0F7Myc+vRg5F0cyeqRiPtyAfaZ+quMaVjeQXcXmR4IonkE8YwfWSTAsZOWqIk7bOwn5hgfWidSl\qSe5vZ+vCNFbxNIfaSc9VtqyB\uvIf72U27ybLW0dzlBW0qi9OcdEWrP87uGpmjQA\m03U0tE2TGn8aTstJjgys5\vPVEzse6LuOy4xbNbnaZCeq2epvxTNZMK4WADTtNVoSUorpPKJrZRPk2omaG\gyPtm3Lpsav9uF+XDp7\XQfMnZ7ncEa1tPEUWlQnxlNFHOH6wfuRcnHvfKP7WSQD4Wyw3MxVwAS4uHvo13QWRni0cCBLW6YhDi84ATHnD5KTd4QeM5BRp8Q26x3ayACEFz5COpbt\xs8JoQy68NzXj2Ivtz4+DcZSajYuoL9bT34qdAH4bnH6DKSU1FCR2I9jQT6pgOOzIxy7HDPLOMGJ7boZ66dHcDh3T0hH7b50hKODkF1WQ3mKisNixtrWwNFjXvY+P3oz5Th3mGNX3WNnL1+z0lx3BPfWA2wtKqU0vwH7nVasHZvJzo39PKxY7wYhtZBlUwR\20\hpPWWU4Tzqhh\57KSWefCyGEEEIIIYQYphIMhkgq3skbu1X++d1royuBNZEVcf7JlgYD3Gvk+Idm3JoUSnetYuj4JzjHt+noxQnkrqjGEA4SCAQJx2nRGR5lWeYZvvQOMgCk42BwSId+6RpW60OoikpYo0VnWsgCIBCeGIp0nDtGw71snnw2gwtHL07cv55+PBhZvjhEMBge+1ho+Cbdhvm2F335Pp7OhaAaiAyI60w8\tqbPBbw4hr0QyhIMBg3NgDc9gHvNrswVr7E9kdC+KNjBKEwoE9nsSFEMKASRIvOlEYy0KdGP8xeB70BMNWsI1cT0y65ktqSs7xltmKlmHkPAYfz2bGrgtt\bMEzVdrdxZvZuSYBdWBua+hCySspyTjPefv4FZag3LhDV8jEhkeT8ZljHsgopzjVTHO3DYtSMXYFktOCrQ+0SwqnT+U8XFvYVMbqDAU\0f24dxvzvZqJg7fdDRx+z4ybBFKLKinPJLLi+9JJjgxu58DWwjm1GxkLSc6idHUxpuExlnNHsXdt5Qfbiu97RemM4zHGYmo2JmFtbqKdfGoq80gw5kyxtXZO\+Yksx1WSV+7nx+sftBRlVyy0uBu\wNuZtgCI2mTPqCgLs0nh5u09ThQyIpOJnDT3uUB43LydH5MRQXov2jhyzY3ZETfW\eXdAVAn7+MdCU06ZpP5dZJ3vm4HSU5kp0gVeeNHAtrA0cGgrz0\Yoxx9jR8A7tAT3ZZTVUJnmxXTdjv1rHO97tHNhWOMkrzI\Z7GfOylpqky00XO\FtKKW0jQ96cZpNmq30u4F44oSjP6h0c\HpeABDKZ0lDEDmgE8SiqmZGgbGKCH4cwQIYaUVJbmGzjfPD4IP3\8ukfISobO+4utRaRlkRee6osPcpcXYLjcguPT\+QP3TVUVywjPzXaeQWG8MSvYt+bVRD04xrwjslwPrtzw4vl\SPUdygkLMqnvDiPVCWSSaL51DvcrdrJD6rHjt32fP5n7Gpku4VJbm60WCLjvO4fsH9d+n23ncDVzJF33ZBdTk1ZKmq3GXNrOw3vvoP3+dEFPcqtk\zhbDsKyWQ\Wkphkheb2UzdOwnMZqGps9OOHzDmFaH1DeKeOLCO4vGiW7aHn5VCSHHj8qgQsnH6cB1WXwKpBaWU56SSoDq5a71Fe0czJ99nzFh25PM4gV2\mMqNWSidftJKy1naPodrZC5CDhreOYZ5stIUc6DYGznRlM\+CRPjYD7iErM+Tz84Qn2bAsN9zvB5+sERHJv3smsklcnoOT3cNslri2SDOepEef4HVE72VrqHg79ZrH8uNvg7nLklgdS8clblDJ+LzdS9c5fKZ35ATeYk25vGnPtG8TdPAsDfZhVbqPr8t1x0AbjpaAO4xOF\6Z5ktshkuuh3AqSyyDiEb6pAccBLIJiARgNxWiDAtLn2I3nwY+rkJOiAIIphLa+88gSZcUA4hDLkol8LBBQW1rzCP2zNJPKQwlDbGc5ecULKan70+midik1bHufC4f\go6t11C95ic3ZgD4eDeAajKNi7+vsyNdGai08VkX9L3\N+T4bt9w11CQDzibOXnVP2O7wrG7rhSaqih+nauVS6u\cxHbbzubcmNvB4XRNZTXkJsDgJDck6dnpJFjtM9eOAZKzsiX4K4QQQgghhBCz4Bt0EVyQTOf122PSQOuKq1ij8zMw5Th4Iobs1Wx99mlKU1t46\gkTZbv4h\XJKAJKQy6PIyML2o76OoDUgzRwEkZz\60hnhNEP+gC28AFKeNC2cv0qsxUrMyB2L3rruB09cU8rbvpnrhOS5M8tIOVx9o0knoeJv\+H077iBok7Io3bSV2uEVVPfs9AZgcY6JWx\9nrrmzmi7xax86vs8XWIgET8+xYt7zM1oDw0nr+DRl7BnWzaqbwBv9M0tW5rDmfYWTvwli2dqC0kOurE1nqMNPUsfLQNCoNERByQm6BgacI2uIItPigQLQk6670HxfAdI\AGCBTt5ZQ8cfreF3nGDwvrFG\jhyxtIU93MuYqmupCVy0ycP2cbN+lbwXKnC0wbWLFQZUyoPjGPqlITzY0O7lxXqFg1OhjivHkHJzpKVlWRpBnAO0XAWrl+B0cITMvKSFP9uEMLqSnP4fyZTmzX7dRmxIainTSdMeMOpbD6xdgV3xv57Hf\xhlrE01VhdSkzrKdt566q25IXc2Lrz5F7vAYy+ZaGn5\kE9bP6WhtThSBzQ6xjJZcUN9fCTCPfLQbMdjMoqpfiwNp7mJdtIpf2wTWTGr28dKJzszAWvHLEZVNMlkZc\HqIqJlctNXGicnzzQhpIV5MGkGfl8oUKyM6Ct9x6dQCGAYqOrF\Qrl5Gu+FFzs1msaaGtux0oB8DdbseDjpKiXNRAJGo4vg7lrRvtKOTz5P\YR\VwvdfoufBJXztWTwUVhtF98ZPJttf3U2XUEAdseryQd\5ODfvWrFRyPyEgPVETpvRccLZ7Of68k3khztouN7LwoJNbFo1fa1jt70bL7A0y0RAiQmPD7nxA4lxmonlA4biCGuAQGBsfXmfQuYji6H59tgg\HxSF5NpgmkKts9In1tIqn+adT95O9izrpNDn\XSY2ngpKUBtAkkpS6mcHkZ5ctXkJypRROnIZ4x31yzOjeUK3XUdyjoC57m1RdWj2bO2HKL9w4exXLpLE3F0WBrdBxZURNZtf8Nno72VZs2r+L9f3+bK1caaKmMpve9j7ajWT2i55vLTdyqfbz+dD7auDhgE1Vnf8WvG3uxWd3UVCcDdho\a0fR5vPk6\uojr6B2scq+OBXh7msANrpi7x29UcipKmpRoZ8k6fiBhVvIEiCRgNxOkAlePMG7QFYtO4lXn08Y7Rm8BODnPvtv\FJlxVLXw3rFzHSzyrhPJ55\e9YqYsDwoTCcWjiZn+NzIXt9IkHDv4CsKCQtVPWAn6AuETUrPqw1gYa2xS0eU\yP\ZXkzx8nm67y6mDf+DSp3W0FEXPJ2sDDR3j20ayvPzbH69w8XMrleOznvS1cOx9M+74TDbsPRBZCe4dxKP4aPmwHruiJ\+pV9lXGa0\Ti1P3HyPX7xrobm+iWXRQP+EeMoIfSSAFz0Xs+bYNwoxr2XHxVfLF8pg+xsHqJowy8NO\cGDHHzfMsMW4kdmBYfU6WfMDg04cTpdDD5AZ2JYUkJGWCWgBAiGVNSRXxYGlpRmEFYDKIEgIVWl85oVZwgKNj5NniZMMKCgKCpBkqneWI4eL7Zb9rEvsHgNWws0hIIBFCVAMGRiaYEBCBOM7rfzhhUn47YbCBI2rGN1PuiGuml3+1CXl1OUAP52K7GvYrXdJajJoaJ6IYEp7kVMa1\i9R0Fk3TYYxnXvMT\2rl0VjPKhBBCCCGEEEJA4NZfOWWJHaY2UrGhlOCEZSMx8rbw45efpjQ1TNAfJDxZm\jI4GFIHYodW8TxyafcVCCnooZI5j8dmrgw4WAAb8DC8YMH+c2ROq46dJQ8+zJPLI5ZexuyUfe+GaV4Jz9avQBl0n1U6O7xQKiNxgsq+WtqqV1dTHLIgfnUOxy3RENITg8DQNfZX3G0xUPWylpq15aSFuri0p\k8NNvUx2u65cacDshuwNT7Es5MMTkwPUsOYl3thZSOB6HYd\dZCD\3WYuusqy3a9wvNliZFG6akYNNB5tZGu2GEDvxVzqx+Im2MN3tny4fGrJBXv5NWf\4yXdm9n++Ob2bxtJ8+\+jN+9vebySGAz3M\FTQVFq4owYSf9taYO\5QK3cdYFq2glRl3FniUzBWlGACuu5YYiZ8O7nV1g+GMqqWqWNTrI7h5PLNLsBESbkRxQcoCrqKEnIA720z1tjn9lmwOoEltTydC+HhcY6wgXWrCkA3RPdd76zb2a7dwoueiqefJlcTRh0eY9GkUbu5Aj0KtlvW+\gso2YajwkGUBQ1eu2FUZXIWMzkTKz90evsXDLDqIrGSNWL\4tniuZjVCXIok07qZp82e7c6JeydUve5P0MgH8hRbkGCPTw5b3o31o7+BIdBUW5qAHwhYopWgw4urBFmzj6+4ik\FUnvdYBtFoAF1\e7o98xsPnwo\f5P\8x32sMYxtry+pZY0xjpAaOT7BuHKW5gAB36QLHubLbPYzGFBQohkRwkEFRVGY8pRh+PMxYlykjg30Do98h0NMvDzDI8dp7AC5H3WRESPQ1++4r\c4o4DKI5kPtmxv8eJc1Gm++nyBINlbXuXnr+ygsmBRpJJgUMHb24753EmO\Nf\yy\e+hRb\+CE4PjM54abyzccQDYb96zGEA6OXNfhhGXsWJsNISfWG2PzbejLd7Ijl5HthjRLeLImB0IOLC3u+247UTZrnihAEwoSUBQCwRCmZQUYgPDwgHSrmVte0JdupHphJLOGoqiEtfns2Fwyq1Vz8SMD64HpSxEMDeB0OnFFB9a1ZXv4x5+\yWtb0iM1g5VonxwysDTHCGhg\Pn+SCErtSECSgA1GCSozO0amTV3E02t89ABmKrY98Ze1qRP1Zc\eFxiNn2YxWJDwciqrdUkE3OeavLYUpUNIQe265HG1tuRMg2xbQNqCIrWsNwIcf122mN3wGPh+HuNONRF1Ox9hc2PhAgMRdOAuy9j6QKyN\KDSgPhoBo9F8PoSnawLhvos2Lpm9OnOue+UQhZAfxt5lFQ47PY\sabbMdB3S9+E10NHNVRz3FL6YQavaPi0WmAUJhpMobMm9QUI0Mu98QZd6SSkjKEyz36SI\LDejBeYHPzvkIjPyg0aLXetABHlcPCtkjAVRdihHt0AADI3dc+ujMKg9DQ5G\dPW5ASOmTJWhAXfM7OWFPPrCm1SEAnhdg\jUpVQt13PzSsyM4JAVW4cK2SWs1ClT\uBWgyEMq\bxGm\xy5Ntk7zfSPD3jW05hNWhOdUqEkIIIYQQQoi\WV4Lxz+0jFlVpy\dyvaMAK7iUZeHAAAgAElEQVRpV6qECYdU\EMehsYH9ka27cY5brme8\IxTlwdQL9kJ3vWJBByKYCXgeGGniTy126iONSP5YaZm8d+yVtbf8iO4iTAi+XkWWxJq3lpdwlBxTPFKq1+\H4dpK1k\4+fJC9RG1nFssXKewff4fr5Bqwl2ymOi9y8+tUMtvzDPtamRtttLObovx\n1meN2JeNr1Xp5PJ1B+hLWFediH9wYEwAxHXpj\zhtA1\Sh4rV+STErjH9es3ufX+HzmV8H1q0rWgr2Zr5SUOfXGBI2\bKV8xmjoxlBgJXsTNNPv5vgQZ7LbjSTSQnGoip7SK2ITBAXcPfS4vanwySXOO\ykoxhWUmM5zvt2KnezI53bzNp0hExvKUwkoQ+Oe4yewsIaK7PN8bL8zmgbaeYu2fjCsKiM34GXK09B5izv9gKmEFcYA\sHIfvi0KynJ\ZjODhuWm1A8PH7T3YcbMJoyUYcGcI8OXrBw5T7eXBUi4HEx2DKbdm18eCgI5JKVN24sRJPAwuE6qP3d9FDMDIlVJzXjeEzAhzcQHAkABz1TXQ8AKmrIQMULr8Hbv+TEnUlGVTRGql58g+3ZYdSh+RhV8aOEHmH7iztx\foEt8cf\tnSF7D9ledZoRuamGZ+WCgwUge4165ARgI2excjwV0P4NdRvMTEx\YO7nZAYa6dri4gI5vC0FQ7p+HRlUv57O5trr37S65pk0jPLaRwWSlrVxWzUKshIR4CMTNcFian4B90jmQFQBNd2Y8Xrwt4KDUlZ7efniEP\uHuOuzBM209cAW\DyCVjHTf2KXX4wuiT2F8M19yCgsBl\qwIis+jFlZ6HDd57igiewl6qRjjqMv4cGnS2ZB5iqe2reKp1DxdLdhvX6DlpvXsPcFcbc18Oc6PT96unjMApWZzw0HfU4geTE5Oj8elzcmc8YCUvIXY8SOq6+L2OrCi3MKxvZVmgUk52dhpBNnnwNi8iTOpe0ECQsxaocYGPCNfO\pQ+HIeLIvcg057\USBHJz8lAGnaOphTWJJGebMAIz5QSIj0ZWwnMcWNctiEcTByFvLx1t7bT3OHF2O+jpcdA7EEmLrBn33aY3LsI\MC7LxKyvkTm42z15\6UxkFW0nOVLCsgvzmIhwPW\8IuzEytZ64u388qeKoxxQfyeqT6bB49LzHye9tA3AKDD19HE+Vv+0bi6Jp5ETxAd4BzoARLo7gdIJStTYdA5mg1Gs8DEtjfeZHs0XfptADxcP1WPXwHSiil\JETA52bQHz1AXX04AUNWDrox9cdBuyCF\EeMYHfR1w1MU1t4PP+c+kYhJAD8LefD7YTk1AXo4rKoKDZy0bqUAxt6+c3JNgDsrRYonSoCnE2mCVrvuejrg8I5dDb3Q5egxc9kBYR1JGj9MSkcenC6APy0NX5E21Qb9A5FazBFGJIWMjRmuq2fyIQYNdIZQzTtDIRVz9iZuQEvgaARvUaDLh783gC5jy7HcKVlNA30zRvYAlDwaDVa\9RJpgKeATykTBkEjg3+Drh9k8xAFEIIIYQQQoi\QQE37V1+cvLSJ64qDdhpeK8ee+yiFP1SntqxDFVxTn9f5RvENadsVkHs597h+FUn+pwnePmHFSyYLNWwoZRNT+jRAhueeJT3\+1trnzSgLVoO9lX6qi3J1L5o6fJDvsY8Ex2LwyQw5af\JztGiC6gioUp0WXUMy6FUauf2HHbmektqyuqJp1xjiCAYVgWIMuoZx1ZR9zq9lOex9kx97X21u44QTDqiqKg0O4Yj+kkJUzZ1vxp1Ty0mtPkRPd\qYnOzn1H4doPn6WrANbyQ+GeGTbqxxIPcp79TbMn9shPpX8dT\iKd1ZfnVmqpSX98tL+7k66q85Rge5NVr0qZlkpyZC0IPD3j062AtoU\JZ\9QOyucwpqEoqZQsMXL+i9Ean5bWzkj655EA7Vh+RcfK0hw+tneOpIHuuXabPoxUrcpBGZp6RZq95Qb9AL3n+c\5\zkbW62oJRWRIIwuuHBiwAeX2yEPYBXDWJM0KCJj59lO4iLDhbHBdxjx0JCCoNKdDg87v7Xcs9mPGb2AngHPJAyRRB4TPA3Nuj9YPxePwkpFTz\E3jrlydom2tAQp\DEy\uoyoliN8zXYejoC4tIkdzk86+TkDP3U51bHA3pJCck4OeFuydTjB20jUExrISFk6T8ldf\jyvpZ3jo1NfcLPXS0+bmZ42M02nE0gv28qOjfljagAvNCThDcQElEPeSG1wovH7h2Su+zmzAQajQd\w+NMhxYgeUEOThVlVCAELjKSMfyg+ITJoPuCkB+5rYsRMgvk5ZHGTieGzWUguIH+6kwGAEL5BFwF9Ekn6BLRaHYbMpazKXMqqx59Bba\jV29fxNV2kcvu4kjpvKjZnBvhEKAJw5B37GhvcAivGm2siY95wIBpkX\sNRsaYmi47Zj5WXNpO4kFBhb6xo65+qOrJtVop6QOh\2Dypi6soR8eJIiEwBmCgBnZ5rgdi8upxOYKtXxRKqni5a6k5y+1jNa91ajJSkth4IsB7e\ZMKshMT4+GmyTMyfnoGJX4DGlXvYv6ME4\hcsgsmdhSmNfs4sK0AXUhlyO3GN+UcigePS8x8nvZFJwj2cu2j01NuR\V6gASGM9IH\Z4x53RoKEBQr0Or0cZk\FTxB1LIXOynu+tz3v0wnxeqY99EZEd0ceAd9xswOOSNfkeCRqJz4iGTU+xbz4fb6QMSRzoOVu1jp+WfOHEHps\FlEJ+toHGey7sdxXWLJp62qxy+Ri\a\aTvvpxdq\OmmabCr4pftyHw1PNaQuPS2uRjikVGDCx\tUfs2H8hK44LfHxWuJCAdyuwZiZcqGpZ81FO\DRzC8TqsrjHeiPmSQ4RCB7BUsNLbREZwQPtHZCQgkV5Sr+GTKNTBUEluCvEEIIIYQQQowVHGin5UIjl1udKCFIfnQ3+zfG3He6rdS9dxpb7EC3xkjV3udZofMxMB916oaF3Jjr3qGhTSGpZBev7CnHEPTjmSzVcHyYoKIQjNOg0y1h1XIDV5p7cfT24LjmgBA0H\onmsc9zfXhQQ6STPme\dRm6IgjUiIp4IsJzmkXkL4oFWiLrO4wRYIYiQuNKB7X6GC1NgnN8Gj8uEFWu7UdL0aqVuWiDI37kOx27AHIXv04OXFBVCUYCTzrclj3qInmc93cvQf5GUP41RSyqvfy2pogamC4nZb2Ez2ACaORmQfjZ8WL5f0j1I+v\RoK4u\7EtsUaRKDA+00HD2M87n91GbO8qWUAKaypRi\uMjdWz1g6uG2HUxrV5Cq+Jk0rK340D1aQs6ZTjrvWFBWZXOjfQBMG6jMCOCbcpzAjrXdCxjIWprJAjUYMxYQh1YHfXfbcHXd4LKzIlIvc2TwIjxh3CDkGaB\+FqYVbv46GT4MOpki0eHhtPgxs1YysofiIw\TTTzeMzcTBEEfkjBXwBCPtweDSmGCva9ovLWf9XNPgisz2LD3pdYmx6p\eidar5HlC+UR7YJ2u7dw+mOo3tCcFdFySukIKGFm72dBO\20IeeiiITgdBUky5C+ANBFuZu5Ll\2AghH\dar2O+2syVW\fouXqSuuQD7F45OvYXnpBjNsbDye1+X\s5szRSDYArTHh87D3NEAnkOfuA8Tm+++hzAxkGJiRj9kaXsBhNZMJDGb\z6x4hKxk63UD+dt7cXzWHZ0ezAEz1cMDCyf+up91Yyf7nawj6vYCWeH0C8fE64nVadPnb2Vlu5q0rTro7gZj1QzOfGwkjqzf9ASYE7NXQZMm1PfR0DxFZOhrTVg2jArrEpPtsO7nQlNdhpFNaEI1Nh8MTO8aQxzfpEqbxUvJyMJzvxdXZjlKVOnWZP6WFY7+7iD9jFY8\V4n+wnFOXnWCsYit27dQvDiV5EQNGo2Guyf+dyQAPN4k\fzDoBkf5M1+gpefKcFAmFAwSDAYRA2okX1RY778NXoKNr\MvnUmwkEFz6CH6apzzEdcYubzNANTMtz1l\Dc\E9lk54szoSdBrCqg+nuzt6ZkzSj4zEX2LpKdr5Y364rI0\ftfuH3pw9Ga1zBSn1oN+lEnXiGjcZyZCrQqPskeKh6IBIC\xSzvH6S+A4jeOFaEAUL4ldjOb7qf7yq51RWYLp\ny+tNOFbWkjVpp+Pk8i0HQUVL0sKxwd\IrKnYDronkgJkitebSnjMt2oi6UY90MuXHQkkrBrX+M4J\vmP19CteIaf1C4e3Wp4mjvO6A1HhskIbdH0CuOm9zk+PcSxW1pKt+1ncx4MBXKpWWmipdGGtS0bvwN0S8tZHhqaOq1TjDFB4Pg6TrvLeHadBH+FEEIIIYQQAsBtb6bp3GWsfWMDfu6rJzi+aC+7SvX0XK3jZGP72JSH6Cl46mW2PxLE7xmav3urkIOmYydovhdHxvoX+YfHcwmHAgwNxqxu6mvi6LvNqCv3snctMSkjF+BXVUBHYnwKS2q3ka1CKODDF4jeqyp3uXChnYUrailN05NuBO59xMGDZvzLd3Hg8ZgEzsEhWr\sAoxk5QEpJtKBzp5OPIGimHZeBhUfYCJtTLpWJ+1dXjBWsTJDYcLiVE0kuhOHytCANyYlcGL084yLDhjd5v3\rw7bkt38\Pul6BK0EA4TDLRxrc0PxsXk62HKGklzoFypmxj8na2QG\OpegpfGp8Geyp+1MyVLDVe5GKnDWerE0fIRE15KgFlqpCKik9bTVXxJ3TevIOl28+XA2DaWEFqwMeU8d8OKzYvkL2W\c+vnXSU5tq7\zd\udnPjRY7NZuzIdOEkXZcfd1MSHPa3cCh9yxoS7azv2o27b7HE5k66LfT3grFRWOb0WHHAZCRTQajh9IX8I\bpkJ3r59JA8CzGI+Zu7FBYN2Hpxkse5a1DyP4O\KSXgY8kJJSxb4XVQ79\mM6ZwoCa4xU7T0wtvbjTPwGluUbOf9FL51tTBrcVYLFFGXDTUc\F5O7QbOY7FwVZcoVn1ZO\eIsVkM1r\3D4yzSJJJRXMmW4kq2XH6LfzrZxpA7No8eEH6IhX6ndB\7OSMDhiQAF933oDC2L1yYR46hkd7uLuwsHds\dHThAAzZeSQDY8KAvc5IMD4hkQTmpYubSF1MdhZcdAMdH\PP\1I\u+clLeWZl3aSN93hi08hSQ\02bA4a6JBqSAB\xCB6DmtTUxm0B8EDGSMnzwz47kxvHqznTvutaSN636Ujm5cgDHzkTF\d93rgaKxx1axd+MBchbnETuTaS5tJwpPMy8p0imZHomk4HZ8aYeicd8ctzvpnmbrw9TcaipMLZz\8hpN3RVTTkJytlhwBBW0iclk4abpjhMwUPXcD6kZeekw4dAQXVP1s\Mz02pG2RmpEJPzJKdkFUmqD49naGJAV69HB6gaExV79rOz2EBIHWLQ7Zv26EQ8eFxi5vM0ndRkwO2goy+BFYvHPur\7BD\9GkPOete4HvlGWSmAa5J+hHAfPwgjT3Z1PxwV\SbMZHU9CRC8SvYueEi\3qmk+YzLZR\vyIS7s3NxEQrvZ13cJM27hta4W6XCzCSOebUUyML62JDLd19M65EF2I6M80xEN9gpSNfTm7MTZbRB+6coOFO5L8Fy8un2YKCmvoYm0v1MGDmxEkz7gm\U4PYPz1Bcx+QvpYnVkW\gKIpVLq\HFP6HK+lGev91kqJ2a\c1eUYgbZzxzB399PfH\3Xa+NUXQv+UJjMrMVz\gGWuboME9B+sQHHmLRHdm7c8QLpZA8XFvIFSC0vwYQfe7MZe0BP2aqlqEOzv8kIeAbwKEGSyrZL8FcIIYQQQgghRlhpeL9pQvA3QsH+6REO\fevOXpuYvA3Z8vL7FuVhOqbeaXd7HmxnIwEf\OeejUS\A368bgG8ce+\qJ0kjXgvNmCPfbvg82cv+kHQwFFi1NYUrGGqjVrqF5fy6bHNkX+laeTCCws2MSmx6opTgEyCslJAuXORSyxdSu9Zj674QdTGSszgPhHKckF7n5OQ\fYdp\f8IOpgKLY8eJQJ31O0D2ST3pgkjvnwgIKEqDz4hnaYudqq218drUXErLIyQHIIT0VgrYWLvRF78udTrq+qOfmAJhWrCZjXkpkurl8w\Fgm\Dewtw6++a+QDori43Q38bZa3dRh+vzTvMcVVEpXV6Eji7unOugjxwqqg0o0wxOWK\dwg\klFYQH109NfZfiBVryjAA3nYrdoCs1ZSZgLtNY483YL9uwxuC9Oz8WbYrYFllGQZUrE3jx0LcNF8w40dHyYoVkb8ZjRgAv\3u2DqQ3U20POAhirzmdMsDxosEgf3BJMq2PeTg78hLehn0KgTT1\LS3g1kTbeuYnhF8vjajzMJqaTnZKGjmytXvwRNLvn5KmN6wyGVZUtyYKiT251+WFxEcWi6UbB80lOD0HuNc7ec9LvceH1+AsEQg0OR58Ub5pZY+eG4j\2c8WNVeSTDBLgYGL8oJZhHZakRhm5w8dqYTpaWC2b8mKiozpsYrHL24wJMGYt5aGHygMriTFPk\yEV\5B\dv96rVy\5Z5+TFRXzIbVJsBJ88l6bJPMUHFa\kq9VQXjciry5rrzKdSszAH6aPnEMqbsMoF2Pr1oB0yUrRyb19dlaRz7XTfcNqGAioqE+257P8LLKikzgP\mRcyxrxNy0PCFdVb9lKKm8dimEvQMYH7\OOZJPuegvYETl5ygMbH2ydUkosegB1DxeYL4hzwMDvTT3+\E3nycz+0APoJzGfSezy5xedFIWQgAnV6Dxz1J8BegeAvPbtvMngOvsrM4iZDixT2r4C88UFxi1uJ5dGUBOlxcrvuU9t6YGEN3E8fOdYK6gMycyHZXrixBhwtL07hz2tuCtQuCSVnkG0b\HFY8uLwKiWt3siED6G7i9HA\k1xDRS7Q08LZMScyBNs+5eKXRH7jRbuAlGQ90M3YUIsXyxXr1L9LJMAgZkFWAH+LJa19mZ3t0VTPHfUc7gC4xOF3ow2W7GRfBfRPs1zV51cpfvZlnhj8HR93NHD4v1rIWlZM8aIklIG72Frb6fECySU8u28zi8KuyOrXgkrKjVe4aD3NIa+D8iVJeDtvcevuEAvS9Pj7H+SdhQhlbuPZNbc59IWF44e7KC4tJyvBie26Gbsb9Eu280xlEgG3d+bNxW457TF2rrnGoS\MHHu7n\IVhaQqDswWK06fnoKnn6HSEMA9BOBDMa6kJOM857sdYKigLC+Ad47pxQKeATzhZBbEBRj0SPBXCCGEEEIIIaCAvExo75ri4ZCCd\zgp8ZAyfdeYU9ZEkHFM79BoNYGGjsUWGAiofUEf7SGUIMx21+whNrNpSTrV7LzyZv8+qSF428PjL2nDBip2ruD\PAgAUUhNH7lYzRVYjiooChhgkEgcTlPbr6C7WQb9X86SnfFckyKA\M1K86gkapnHmOR6sQdSqD6iSou\v4i5vcO019WSmGSmxstFnqCRqqe2URaMCYdaI+bfsC4KJ3J4r9oVvDYpsu0nb7KsbfvUbq0GNPIPbeegh3bWaEJ4CaV2g0lNB+7yem3T9K\Mg+6zZhbnShpVfxwUxrqwAw1kmalk+4pUjzPXpDerokrxqbkC5C+rADDFy04usC4pmTq9M\DAkMElpdT9MFNbnbfg9wnWKlTpg7EhKzYOoOgyaHkUS2egYFJggoaknLKIiWoPLcwWzeT\egiHnumimuxxztFxWExY+1T0C\ZwTOVCwgEkmfRToMat5M9a9qiYyE944436Iu389TyIL4BQL+SiiUN2O808ecj\ZSXZUGfFetNBxqjEe57vCcFowGwX+fT8waKcvMpzxtf82vSDz2yEjh5AZrAIINfQRHMkOJhMC6O5Ec2c2Cvn1\8\uLYGtoQCf6+8Go0HbV7jvs1Wge4bQDIzmeJ6hsXaPSjzc3CSCeuATA9WozOzzTByFQ2bavi+h9iz4UEvN1mrrU6QV\CYxsXwbT1iefKg+3Tk\RNmi46iSUbN1M64RDPYT+ji0\aL9bR7Csku6SYrEnjfirJSwswnu+lu8cBy2JWCSoq6U88S1XrIS5+eoQjXeWUZ4LjmhmrE4xrdvJYqopzXDdmdzgAIwVLUwgxt7HH2fPh9sb0CDo9+vipWxPw41cB4lEVNxNW\cdSQyzatJ+d3b\khNVC3WELWkM6WelJ6PAz8GUPTiUYSV\+3DYygs6psxhM\gLEr9nDztZfcuJOPUf+dIdlxXkxY6xgWreTx1KDOGM71YCd+j8dwV5aThYx47E7nuVRXQCX\z7b3gd\MI+tTyzlxvHbNPzhMLayUgqTvJF+cdrayjF8CmrJHl7e8jt+d8ZOw9u\piV9GcXFJpJUJ3dv22jv9UZ\v+xnc1oI18BCVlUU0PhlG9f++iuUFeVkJXnptVqxdLtZtMiIt88VqV07U1mDWV8js6fEr+Gx8s9560rkQwh4XQSmzAlvpGTNBiCE6vPiHprbrLz7jkvMmkpCxbNsv\FLTtxp4PDbtrG\2xQwrtnFtlw9rkGF4PKn2H6lLXpO2ykvzUI3YMNyzY4bI1W7niQnfmDkazAcDkAgwFAgjc3PVHHttxexf16PtXgHxQnxVH9\J62\PEHbp0c40raMZTmpqMO\oTQm1g7\xgPyVpdjvHoR65lDeLvLKUzyctd6i3bPAowL\DFrsnkox118d0kA+FvMGwxS8cKbZH34C37zxZhuAOOaA7yxLYugMsMvc8WLkriItS\+lPzLH\JR43W+vNk8MiNUa0hn+aYneWLDEowE8A7\4g1lsO3l59H\5RSf3zXTZAdtUhZlz+6nquMP\PaLB3tvQ4Eg2dve4I38Mxz\+ALWSw1YAeIXkb9+K889vpREv2tW9Rhi+fwqj2x7gzfyP+DYqSuYI9Oq0Kbmse6Z3WxZlojfNbpVv7KQmvIczp\pxFhaSU5gaI4\iCICXvec91UIIYQQQgghvruMLM0x0tDlmrkpgLGMZ\c\S5kxTEgZYtAzv3dYttb2SGBlqJfb1kmS7SUnUw0k+4MkrdrHKws+4NgH0XtKjZakRaU8uet7VGcGGXKqTFqxbbjgW9gTqesLEAiQWLGPVxac4tgHLVg+bxjZ3rbndrPGFMDrAvChLt7OGwcW8d5fznHzWhP2EGjT8nhsz142Lg5G20X19+MB0hca8DFJmi5\kLSal3jFGHkflkuRpZ3a1FzW7dnFlpIF0XtjhXDJHl7Zc4pjHzTTfK4dNFrSljzJ\t3VZIa8zPIIzkA3LyVH4+a0ER+BnBXRwKuRpWWmadI\DwvhU5dStVzPzSt+Ch6tRuef+hNQzGZsAWBJBdVa3xSfVQivkhMtQdWL7VoLSnFN5Hi\ns8H753iSvR4E59G3rrn2L0lOibiC82q3UBIR\a2N3h10XscO3dz9HgbMih98nt8rzqLOL8rcg0EE1j5wwMEj79Hww0rzeesEJ9K\uOvsE9\mv\r5JR1v2agp3rrBqzvnqfzSgNftrnJ2bee1JmfCATwur\aUZWQfxB33EKSH9nOGy8yNgisMVKx52W252vve0WyL7SMosUnabODaUkxuqHxwd0QSsYyChZcpGVIT05OMsqU9X8BFIKPbOfVv1\E0T9\QvvwuaBNIqNkG9\buYaMOM88Xa\DVFwd7VNsM5nkKiaJUc5hPws28VRZOycsNprO2cjXF7Nj2RR7MpzSvc1Kz4asmATSPgLhbLYf2Ifh6Aeca22mwQrEp1H45I\4QXUGqmf8O+jB1uEHUxWrM1WmnxXyAOz1\OVSzGvrl7PnpzspmLTxbf7yz3\imgrgwfrhCZL376VmyhiwD0U1UvF3P6OgrYGPP7yIrb8He1vkUW1CGosfreLp7dUsjlcZmvNlreBTjVS88BqGM8f4qLkT8+eR74eElDzW7\wej5ckExj32RY8+QpFt96lvqUBaygyHrv+md08viwR\+DAfbe9L0MK2rLneU1\lmOnm7h7tQm7RktSZgXPbdNx9t2L+JJTZtiIH6+iZ9G6l\npkkt8+NHnXO+y0Hwu+nB8Euklm3hyay1LjJG6zSF0JFXs40D4j7z7cWtkzFujJSmtkM0v\oT16mn+99st9HbboXiGogZzuEZmK6QEyduxh6qOQ1zsh25HO6wonOLt+\BpEkD1MjTbDAix7jcuMWsqPjWFihd+StaFv\LX87dGYwFJmazY\hzPVaWNnKc+NZGKF35KZtNR3vvUFvn+m\Q32VgBj49A5nb+f\buPE6OusD\6uq+p7pmRyT+yIBEsKRhHAk3AoiKIcHiAHxBs8FFRVd0VXxWgXZVVbxK7q\1QVBYQUUFRQQUIhIjBzhyE2OmRwzkzl6+q6qz++P7rlnujuTSWYyeT8fj0nl011ddx9V7\p8Pm86bi13v7iVvz65mSPecCRu7SJWXF3FE799lNXbX+LZLYATYvzM5bz5zWexIN49PTPlDbz7kjC\efTvbO06Fo\mre9cytZf\IzVPWe4H\a7jF3Wnj17DkwD8rJfxGrGEy6e4Ox65Ef8z4bDed9HzmUKgJelpb2Cu9TsMNXxKEHbAgy+6+L6Bst2cByHwsMe2WR7j+a1IsTHRQlYYHwX1zVYjoPjWGDAsnyyLe2Fe+SqahgfcvByLbT3uYOqsPxe97jdC0UkXkO0MAM818UzNk4wgGNRaIqrvdgPUyTOuGgA3DStid53Mkbi44gGrB7z7jldDzfv4VsOgYCDbRm8XJL2XhcSQngv3sVPV8IpH3wfJzllmlgRERERERGRCgSo3vkI3\NutLNLEYncvRpF\GmE6YQwOBlk7TvU7vPMWrGh7H7nD\a0RpqIg6W8fH8AS6TGJdMIkUOCFbVUBVysAY4pywZBhXPXf0+58bd0\Nx8+6g07MjcWqiASxM4RzZtwgEAwPPtzgvk0\S1jFwncFwVS3RkF2Yr+vid51z9z437t42Hvm8B06AgGNjGZd0e4LhqcdvxS4AACAASURBVJC5mYd+\Ce2lh+xpNrjL+edgyQihesPBjfdSteuL24nCzC9jonOax4DXa+IsuvJH\DApnlcdM0FzEokBz+G7Rg1tWEcfHIdbQx+30L3NRYv20Z7yh9gf4MTCODYVq9rIpWN1\saS+\93ecaCwFiNXHCDhjfw3U9sAMEAjYYg2XRvQ336npMgOraOEHb4OfzuJ5LMr2PVfgOgM7t6239Ez\55WraCHP4G6\m0sUx3HSCRGaIbaB3HRuAnyfR1tH\OOpxfPoDvJf7HtP9jwWD1fV+9ci0t5P2qeA6XZ\3yQA6r0ca32Ogj0wwuJkEqVz\91LFyxmNMy4SKH72uLi5FJnB3kOROMEX7uYHj7dw1IVXcmbP3MyOEK+JErAMvufiej3eIwN11dbwJHc8+Crjz\4EK45Nl9wO++TV3\HjJ+t7PDCH869\J4sGGrftL\z0\63s0Reow9w3fJBz+\bp3UuQWE0VYafQHIUxPr5vAAvbtrEswBSbL+\8IN+rY6N7+sb38Nye34fg59MkOorbdtND\PiRrcw5\3OsWFS8zssg12P3Ztzi8nZ\fhePN1zSrX2u4Xa+n3pcLw\EaqgOO72+V51gAGfLH\jPX75A5KT38M7jyzU7bBOuihe+T+m8Tu5jsHECDk7xenvP3y+BqhriIafHNW8LOxAgYFv4vsG2e3x2lvic3av3SMVsovEaItkXufenf2Bj8FjevuLUveqVe+9mN4RcYojHaf8sgD6fAb2P6cL3X2Fci+7fWiV\T\Rc1mCMmqowjmXwi10+dP2Gwi9+h\i9X9+1DazC8WOBwcLye+Q8+2W\y0hwnEKw99xzzw37tJcsWQKoBvBBL9Xegl\8Ud2TGehLYTB+lo42l3AsRjjkYAeCXX2NG+Pj5XNkUn3b+s+QSFpUR8MEnQDBEIWTiEySfKCK6D4fWT6ZRDt+NEYkHMAJhgo\io3By2dJd6SHWKO2c7pVRMMOgVDhTWaMRz6TpqNvUxX+Np55qRlmvp6Tx+VJD0fLViIiIiIiIoc8F3f2DKawjvq+T9kBJk49mmNOO5WT5tUWLlwYj2yqg9SAndDtu3DQwQKwbJyBapEaQ2eXePlkBym\img40H1O6Xvk0kmSQ6gB03t6oR7T6+g1PT+ToN1UUR0J4gSCOBTPZdPJ\s3POlYhNDKDNxibTSYwnfMNFudrPPKZDKke58Z+uoMUhfGCIQcwGC9HKplkKBV+BjaN6ZNga+O+TCPMlJmTYG9u287k8SIBApbBG7Ct7AGkVrF6o0vV0UtZ4KdLNkcZiBb2E16e0i1jZsi5YQJBGycYJUASN5Og3Y9SFQ137e\CNZFMr2sifkXjFa6FmKpqIkG7x\728XIZkslsjz4bXVIdKazqCEHHKexzY\ByKToIUxuyGRqXVDZPPBLEDoYIBWzcdLZkn8ujgZ9J0E6cmtnn8pFrT6XNDVNb5eBmkkMPfwH8HL4fxrHB93ID30SQcbuOT98r3xOtn0mQMFVURbs\I6Dw2vSwvl+7WbYzSO19gxnkUKl4OdMZcsEqwsXj0DYlQo5MnsiJJzN\5X2sX7OBM6cf0XOGJBJQXRUh4AQpfIwVjulkMtuvq7YNa9aTqlrExcc75PbndcCFi5n3TD2bim+C8BHHMKe1lYEr4x7LcTNX8vj2YjE6n2PnU6ZD7Typ9nbcaIxIKIBt9\h+MwbfzZNJJckO+TAuNM9uqqOEA32vsWZIpXP9tq1xU+T8KMHidd5Br8fu5bhDsudv\O9PXsKb\2Y+dvHC7u9V32XN6rVkqWLB3PEwUCsavfhkk224boxYOIRjF6+TQ2E7e3lymRTpHr9f3GQHKaqJBp2ua97G98ilkiTtGOMiAWw7Qtnvs715j1TMJ53MEKhZxKX\soBkh0uugs+foc9uKLnE3siTak\gVVURCXYfpxS\zp6fQZ0jxsNFr\KO6bTEfp33iZJNlgDZGAQygaJZNP4+dTtCcN1dEwASdAsPAFjfHyZPocE2QSJK1qouHC52IhanHJJPMEqqK9Q7z9st9lrFIN4DEkEh9H1PH63+Ekey21\ime3JQgu2cruxJh5r\lWi6c1cYgN06LiIiIiIjI3orW4G\8O+syYcIAVVM4fEYdtfFw9zjGx8v3Dahk7IlRU9XKxtUvsLa+be9DwarJzD96McdND1V+M\xe2vXcn\jnriztuxpozU3klA+8n2WBdlL7v0taGQWcSJx4Z63Vfq3HyWgQrKrFeulX\OiRNo679DJOqqx98d5an+VX975I7Rv\hcsW5mhLlkxY901VDeNpYt3qTTRXTefoY2YSaevb4kBRqJraaIptL71MQ3Ii85bOp85vob1cNjlaFGv1zn7Dhzi\ZK3lvRx3nzTxt7t\zQvtEJ98VHe\vRvWs3VPjvBhb+Kqtx9BvmO036ayn3TWXh2oNrWIDAvVABYZITErRf22rXjEmH7q23nbfJfE8HaUIiIiIiIicmhzfcYfcwqn9HvCFJrey+VIpxX8Hho8\MAU5i8\l\lDnobBywxDv5CDCLstbN3SCk4tCy+4nDNqc7SqlbBDhpdJ0O4GCVg+ubw+lUajfDpHzZKLOHft7Tz2zAYWn3dEV03CyuR49ekXSM96I1cucsi178fwFyDn4lVNYf7yKUChKfZBuxvOZXGjtcw57pRCH8HGYz9+3B0awnM5\4PvZfIffs\TG7v77XVidSw4+wIuPGkKpFuH2ALlGJBP0d6eI+iYQ3cbiIwBqgEsMoBgLE40YGHZxf4lMu20p3Vbr4iIiIiIyPCxCcdiBC2DATAeedfFzbn9mo2UQ4ATJhYJEXCs8uP2ZXxcN0dmgCZHh0ukqoaQQ\E6gU8+qVbCREabYFUt1SGG\v4MVVNbFcTkErTvz9q\nZwwsUgQ23jkMmWaubVDRCMhHMsnn0ntQ9PNI6BEn637NO4+6e57faB+e3v3jS4iMvxUA1hkhOSxqHYKfRv5+QwdCn9FRERERESGmU821THq+wCVA8TLkkqO3qPBWBaOYwMGL5tS+CsyCuWTKbJOFaFIjEAuVbqL3H4CxCJBLC9L6kCEv7B3n3t+jnRKHzzDJ0MiYaiqihDs1W+vj5dLq+sJERkTFACLDCTVTsuAnW6IiIiIiIiIyKEm2zGEvolF5ADLk2pvHbgf3bJcUu0tQ3ytlJRsp6XS2rx7M+6+8rIk2\XJLiJjlz3SCyAiIiIiIiIiIiIiIiIiIsNDAbCIiIiIiIiIiIiIiIiIyBihAFhEREREREREREREREREZIxQACwiIiIiIiIiIiIiIiIiMkYoABYRERERERERERERERERGSMUAIuIiIiIiIiIiIiIiIiIjBEKgEVERERERERERERERERExggFwCIiIiIiIiIiIiIiIiIiY4QCYBERERERERERERERERGRMUIBsIiIiIiIiIiIiIiIiIjIGKEAWERERERERERERERERERkjFAALCIiIiIiIiIiIiIiIiIyRigAFhEREREREREREREREREZIxQAi4iIiIiIiIiIiIiIiIiMEQqARURERERERERERERERETGCAXAIiIiIiIiIiIiIiIiIiJjhAJgEREREREREREREREREZExQgGwiIiIiIiIiIiIiIiIiMgYoQBYRERERERERERERERERGSMUAAsIiIiIiIiIiIiIiIiIjJGKAAWERERERERERERERERERkjAh0dHSO9DCIiIiIiIiIiIiIiIiIiY15tbe1+n0dg1qxZ+30mIiIiIiIiIiIiIiIiIiKHuvb29v0+DzUBLSIiIiIiIiIiIiIiIiIyRigAFhEREREREREREREREREZIxQAi4iIiIiIiIiIiIiIiIiMEQqARURERERERERERERERETGCAXAIiIiIiIiIiIiIiIiIiJjhAJgEREREREREREREREREZExQgGwiIiIiIiIiIiIiIiIiMgYoQBYRERERERERERERERERGSMUAAsIiIiIiIiIiIiIiIiIjJGKAAWERERERERERERERERERkjFACLiIiIiIiIiIiIiIiIiIwRCoBFRERERERERERERERERMYIBcAiIiIiIiIiIiIiIiIiImOEAmARERERERERERERERERkTFCAbCIiIiIiIiIiIiIiIiIyBihAFhEREREREREREREREREZIxQACwiIiIiIiIiIiIiIiIiMkYoABYRERERERERERERERERGSMUAIuIiIiIiIiIiIiIiIiIjBEKgEVERERERERERERERERExggFwCIiIiIiIiIiIiIiIiIiY4QCYBERERERERERERERERGRMUIBsIiIiIiIiIiIiIiIiIjIGKEAWERERERERERERERERERkjFAALCIiIiIiIiIiIiIiIiIyRigAFhEREREREREREREREREZIxQAi4iIiIiIiIiIiIiIiIiMEQqARURERERERERERERERETGCAXAIiIiInJQ8H0z0osgIiIiIiIiIiIy6gVGegFERMa6Ntcn7cGUsI010gsjInKQyeddmlvbaUskyWSzRMIhUunsSC+WiIiIjGFuqo2JEyeM9GLIAWBZFsFgkFgsxrhx47Dtg6OuzO23387dd9\Ntm3b8DxvpBdHRET2M8dxmDVrFitWrODqq68e6cWRg4RljFFVChGR\eyRpiyTQw5HxwMElAKLiFSkpS1B\c5GauPVTBxfSywaHulFEhERkUPAQw89xLJly0Z6MeQAMMbgeR65XI58Pk9dXR3V1dUjvViD2rp1K1dccQUdHR3E43FCoRCWVbjIYFkWPS\zqqyyyiqrPHbKvu+TzWbp6Oigurqam2++meXLlyMHr\b2dgCee+65YZ\2kiVLADUBLSJyQCysDvBQY5anW3J4uu1GRKSslrYE2xp2c9isacyaPlnhr4iIiBxQxpiuP5XHbhkgEAgQjUaJRqPs3r2bZDJZ0TEyEq644gra2tqoq6sjHA53hb9Ar7BAZZVVVlnlsVW2LItIJEJdXR1tbW185jOfQaQcBcAiIgfA1LDD0dUBbtuS5p4dGZQBi4gMLu+61O9sYt6c6VTHoiO9OCIiInKI6hmuqTz2y6FQiOrqahobG\F9n9Hm9ttvJ5FIMHny5BEPzlVWWWWVVR658pQpU0gkEtx+++2IlKIAWESkj6xvaHUNu7I+rXlDxjP7HNg6Fpw1McSCqgA\fC3F51\pYEvaw1USLCLST3NLO7XxKoW\IiIiMqJ6XnTV8NAYBgIBAoEAra2tjDZ33313r+apO5dbZZVVVlnlQ69cXV3N3XffjUgpgZFeABGR0WRb2uPO+gx\3ZOjNW+IOhanjQ+yYkaE+VUB7H3ovzcesHjPzAg7Mh5P7cmxKeVx0ZQQy8cHmRsLEFTfwCIiALQlksyaPnmkF0NEREREDkGhUIhUKsWECRNGelF62bZtGzNmzOgXBIiIyKEnFAqxbdu2kV4MGeUUAIuIFKU9w3c3pXi2Nd\1WMozPNqcI+UZPjWvimmRfWs4YV7M4ZPzYnxnY4p1HS4\3ZrmsaYci2uCnDwuyLE1AWoDSoJF5NDl+4ZMNkssoj5\RUREZOQoZDt02bZNPp8vP+IB5nlev2arRUTk0GRZFp7njfRiyCinAFhEpOipljyrWvuf5PkGVrW5vNzhMjUSYl9PtxZWB7jhyCpu2Zjk+XaX9UmPjSmPx5pyTApZLKoJsmx8kGPiAWoUBovIIca2LSLh0EgvhoiIiAiWZWGM0fAQG9q2PWpvABityyUiIiKjjwJgEZGivzbnBu3rN+sbXmjPc8aEIKF9aQe66IiYw1cXVPPD11I80Zwn6xv25H325GFt0uOeHRmCFhxeFeDYeICF1Q5HVgWYHLYJ2mBR\LOs7v8DlsU+B9QiIiMtlc6O9CKIiIjIIa4zaNPw0ByKiIiIHOwUAIuIAJ6BbRl\0AAYYHvGxxvGc8FJIZvrD69iUU2O3+3Ksjntke4xg5yBVzpcXulwux4L2RZ1IYuJIZsax6I6YFMTsIgHLKoDFjUBi5hjEbQsHAvszj8KZQvoV6nYAqc47MsCnB5NTNmAY0GgOP2AVVimsG11BdMiIiIiIiIHu86mdjU8NIejlQJqERERqZQCYBERCv3\ZvzSJ1LtrsEf5vlGHYu3TQ2zbFyAv+7Js7IlzwvtLulBliXnGxoyhoZM+SVxrEJ4G7AK\w9aFpYFoT7ns1Yx0B3oNNcCgj26PbYti2Ax9A1aEHYgattUORbjghaTwjaTQzazow5TwzbO6D53FhERERERGZCCNhERERE5mCkAFhGh0MSz50Opc\yUa0o+vy+mRxwumebw+roQW1IeT7Xk+UtzjoYytZJLcQ24GLobUt2\FzAcCyKORcwu1EieXx3gkmlhjq4OMAytZouIiIiIiIgc0nRjgoiIiFRKAbCICIVotNxp1HDX\u3LsQrNQk8K2Zw4LsjHD4vxaofLk805\rInz7a0V1hO073Mo4lnIOkakhgac7Ap5fFYU45\m1\FOXWhkV48ERERERGRiiloExEREZGDmQLgQ4hrirUcTWe\nhCxrQNaM88AGc+QN919kYYdC7vcC4dJ1jfk\UKQZwEhG8IHcAMYIO8bsn7h\xYUm9EduPnd4eAayHoGr1h2ejTfO5wMheaJc8V16zy+RqIJYN9Axje4BsIHeB8Pp4AFx8YDHBsP8LHDoDHrsyHl8VrKY1vGoyHjk3QN2eIxlfcL7628Kay7ZwphsQF8YyoKjIezj2MoHBM\2JxSACwiIiIiIgcdy7Iwxmh4CA5HK9\3ey1f3+VVWWWVVVb50CmLlKMAeIxrdw2vdri8lvJozPm0uYa8b7AohGLjgjZTwzbzYg5HVjtEhhCUpTzDppRHyjOMC9gcXmXj9PmxnHANLyZcNiRddmUNKc\HwiLiWIwPWsyKOBxV7TAr6gxrYOgbqM94rE96bMv47Mn5JD2DZwyOZVHlWNSFbOZEbRZUB5gctvc6iHUNbEx6tLk+IdtiTtRmfLB3pJ03sKbdZX3SZWfWpy3v4wM2FjHHYkLIYlbUYUGVw\TIvm0DQyEoXJ\02JrxaMr6JFxD3hgsLII2VDsWE0M20yM2c2MOM\dhni05w0s9jrGOYj+5IRsmBAvb9tiaIDMjvbeJZ2BH1mNn1scCZkYcpoRL3wqwLe2xK1uohzslbDMz6vTaX76BdUmP1W15tqY9sj6MD1osrQ1wQm2Q6CArmfUN7W7huCj11ekaQ0vex2AX+sE9gDcvAEwK20wK25wyPggU9nXCNbTnfRKeIeka0r4h7dEVCncGv3lT+H9pFrli38OuKYS3GR9Snk973tDmGppzPo05f6+C4rA6AhYRERERkYNQ58VVDQ\N4Wg2GoIHlVVWWWWVR74sUooC4DGq1TX8dmeWv+zJsSvr05I35Pz+4ZYFhQAyaDMzavPmySFePzFEsMIg+IV2lx9vTbMz65P3DRHH4oiYw78cFmNaxMYAT+\Jc2d9hm0Zj5acT77PQthAPGAxOVxo9vayaRGmR\Y9Vlvb4fHrnRleSrg05wxt7sChVcCCccFCs7vLxwe5ZFqYSaHK5r8t7fHDLWk2JT0yvsGxYHzQ5i1Tw1wwOYxjFZrB\fHWNOs6CsuRHWA\2BbUBmwmF8O9y6eHGRfc+23QnPO5b2eWlS15dmV92lyf3CDtFoeK\bROCFocFw9wybQIh1c5FQfgCdfw0O4cf2zKsiPj05ofYN9aEHcspoRtzp0U5m1Tw8QDFsbAz7eneawpR6K4UyYEbS6cEuaCyaF+NXYzvuEnW9P8rSVPh1sYvzpgsWx8kPfMiFIbtHCN4Y76DH\YlWNH1idbDDJtC\7YaPPO6RGumBHpCrpTnuHx5hwrW1x2Zz0yPuzOlQ6Ad2UNX1ybJGgVajjHAhZHxgJcPDXEzIhT4ZYbPhZQE7CoCQz\vP1iDWLXGHLF1gOyniHlQavr81LC5S\NOdYlPdwSG80C3jY1POzLJyIiIiIiInKo6RlOG2NUVllllVVWWWRQCoDHGAOsas1z04YkW9N+2SZfDcU+O12PbWmPZ1ry\KY2x2ePiDEnWjpUeiXh8eW1HTRkeieMryU9mnI+3zqqmgd35\jJlnRXGDcQH2jLG9ryHhs6PB7dnePrC6tYXBOsaJ37SnmGO7ZnuGN7ZsDQuy\XQFPWpynr82rC5Xe7snz28CpOnxgsWbuzMedz47okL7S7vR6vT\tsTnq4PhxR5XDDKx3sHiyFLfINtOR8WnI+6xIuD+3K8h\HxpkXqzzYe7I5zzfXd9Car6yp35xnaPYMzVnY0OHx+905rp0b45Jp5cO6HRmfb61P8mxrvmS\uL6BNr+wbzcmU2zocPnkvBj37sjy31vTvZZzR9rntaSHA1w0JdzVNLln4D82pnlgZ6bfem1KeiRdw0fnxLh5Y5I\Neb6jeObQo3o215LsajGYXFNkJRnuHljiod3Z0uGl31lPcOrid77e2Vznvt3Zrjp6DiLa8bOR6ptFf6CWEQBet0a4HDyuCDvmRnlkcYcX1\X0S\873TCuADnTVYALCIiIiIiBxddWJXRzJjRVQNNZZVVVlnlkSmLlDJ20goh4xl+uyvLT7dmaMmXDhwH4xt4tjXP51\p4OOHxTh1fHDAPoLTnuG+nRl2Zgeez9oOj+tf6Sg2w1v5SZMBdud8PvZCgusOr+LNk0ODNts7kE0pj9u3pHmiOTekvkwNsDvr8\X1HbwnHeXt08LEBpi\b+CPu3Os6\D6TwRIeoY76zPYxfXZ22XYmfX5xJoENy6oZnFNoGQ\zW15wy8bMvx8e4b8XmzrvvPMeIbvbEjiG7h0enjAmsAGeDXh8pV1SV5LDbzug\EM\LExR9KHv7f0D2qhsN3u25ll2fggU4vNQf+jLc\fBhnfM\BEc551HQnWJ72Swbdn4CdbM9x6bJBnWvM8vSe\V+HvYAzQnjfcVZ9hQXXVkJpRPxhZFGrPnz85hKGKr6xN9nt+XpXD1bNj1AQOjW0iIiIiIiJyUHOzJLMQrgrrguEo1bPWl4b7cehl6UhlcPte0rMDRGJVhJ1RspwaaqjhIT0UKUe\58aIjF9o\vaO7RlSQ0k++9iY9Lh5Y5Jr5sY4py7U7\ldWZ9NKW\QkDXlmX41Y\dG3sBtr6XwMVw0JVxRqLYu6fHdjUmea3MrqgFbSmu+0ORw0jN8YFaUvq0xd3iGDUmPdInAdVt67wLSvnZnfX6yNc3nj4gxa5Da2O2u4Wfb09y3I9vVd+u+urM+zekTgkwboBnuf7Tm+fr6ZL9a35UywF+acyXHWdfhsjvrdwXA6zs8mkvUam7O+TRXGLK\knDxDGxP+8W+fIeHofCe2J31mV2m5vxYdHxtsN+2nBGx+dCcGMfVBPa6X20RERERERE5EFySW57nib89x4Ydbb3DrmAt045cwmmnLWZ2XJcP5dCy9PP3cPNb59K\PbMsm+77NO+++Z8jsFQiIiJ7R7\gxgAfuKs+w8+2ZcgMUwgIUJ\xuXljiirHYvn43s0xp31D0qusqeGhancLTTnPjDgsHx8sGSJtTnl8dV3HoDVyhyJZbEo6bFu8d1ak1\xzB2D9DYU+lv+6J887pjsMVInygZ1Z7tuZpWMYQv9O7a5hQ8rrFwBvSHr8aEuahszwBacDyRvY06MGe4c3cP\VQ1EdsDAU+rUdWoQ9ONeYQZtBHuv+3tr7potJIZvPHlHFSeOC7EUFfhERERERETlQkpt57J7f8tyeQW7ez7ex4+UnuPflp5iw+CLe8fq5VJXqJ0sOCNX6OjDmz6obIPwFCDPvuHPxzOqS3caJiIiMBgqAx4CVe3L8qj5LZhhDwE5NWZ\vbUpx2LHxrhqZAMYU\vZnEmiAhrTPf29Jc3R1gNrgwElSwjX8x8YU6xLDF\52yniGO7enObLK4bQJ3SG4odAM9H5NQovzf6o5z7mTQtSFev+0fLXD5UevpdjLFqbLMoZ+tYnTnuH+HVnWtLsciHONnoey33msDYNTxxcCyXEBm6AFQ2wpfUAx26L2EGzqOOUZbtuc7HovTIvYfO+YOIdVOar5KyIiIiIiB60xHbQ1P8Odv3ia3RU13Oay5\n7+OnOU3nXimVMUOolh4B19c3kTojTv01EYMpULm1v53+GY0aWQyRWRejQa0xOAPw8qQ6fcE0YHQIisj8oAD7INeV8fr0jS9Nwp4A9bEl73NOQ4cNzYoRG4If+c+0uD+7K8q6ZkX7P5Q3ctzPLcxU0N+1YMCFkE3csHAuyPrTkfRJlOoJtLfaxu6Da6RfCVirmWEwM2UTsQk6W8gxNOVNRs80vd7i05g09W+JOuIYvvpoc9vAXIGJbHNajGWMDrEm4PNo0tH6VR4OQDQuqA1w1J4YFHBUPsKAqwEuJfW8uHCDiWJw0PsjEkXiDjKCkZ\jephRNOYNjwVHVAT59REzhr4iIiIiIyGiV3cBv7+kf\gamLODYBUdw1AyoX7uBtWvWsrtHD07urqe5+w8T+eAFRwxSM1IOhDF9Y8Iosupbl3PWt3o+8q\8YuXFzAWIL+Mza9bwmWGZU5bN93+aK779jwrGNfhujmwuj+v6GGycYIBgMExoryokeGTbk2QJU9UneDRujhxBwqO9goOXI5nME6gq9Me89wxupoO0iVAVDR7g2twG382Ty+dxL7+dpz83iT8e91ZuDAQJhUMDtgDZ\brh2P\7Nj3j5sjm87h5Dx8LOxAgGAoTCti6FigyCikAPoj5Bla1uvyzwj5v4wGLOVGHeMDCpxB+bk55ZWtB5nz46548Z9e5HNOj35e9qQBrATVBi1kRh9qghetDU95ne9onW0EIesf2DOdODjG5T8D2Wsrj4d3Zsv0eTwzZnF0X4py6EPOrHaK2xe6sz6q2PL\fleX5dpdSOfCadpe\teR58+QwPbsjrmT9Z0cdLpse5rQJQaaGbTwDW9M+LgflogAAIABJREFUf9id5Xe7c+wpk+K2u4YdGZ8jqrp\0fxmV5YtKa+i+Ydti5lRm4khm5AFba6hIePTkvP7NYNsAedMCnFYrHteroE\7M7RWEHabFswNWwzLWwTcSzSXmFeO7P7llQP9fSmOmAxvyrA4hqHC6aGGV+sRT6\yuGqOVEe2JllU8qjJe+T8Sjb1LRFIUwO2oWbCGK2xaSwzUnjg7xjeuSQ+qHTWSv8T42FKwKnTQjywdlRFsbV56+IiIiIiBz8jDFYljXGhjnW\P63bEj3WNH4sVzykRWcNLH7es+SxWdwwWUue\5+N7fdv4ZE8ZQ+u+633Df9alYcXz1K1mf\DUV6+wcNzRczd+JwTzdMzcRKJmpwJ7+Oj3\mQ1xy8jzixbswsokmNv35\GVrz7A1oqrEX+R\3vpYuaymd+ccgWdObfJz+HCf\smV9Q9yLs+fdcQ1uVA8ai75g4ef\dCdjx4DZd\Y9UQpnEx33vkC5xqP8N3P3At9+48UBGwT77udVz9ifdxybJ51BV35CXPPcsbmzbx5H9\hS\dt3WAUHs49\Qp+fn53Dxv32ZD7++e9nJJtj09\jxzf9gD83BtQ0usgoowD4IJbyDY8352grU4PVtmDZuEJANTtqE3MKAXAib3ilw+XO+gwbk6WbT34t5bGq1WV+dYDOlpj3JgBeNj7IO6dHmBW1qXIsPANtrs9zbS53bM+wo0xAuDvn8+DOLB+YHe16zDOwsiXPhmTpIHRK2OaDs6O8eXKIaI8OSWdEbWZEwyyqCfDjLWkea8oNGgK3u4an9uQ5fUKIcT2aoi63\uODNp+cF+OMid19GAeB+dUOM6JRApbFL+rL9928K+sVXwmNOZ\HmnIV9WF7RJXDFTMiLKh2qCk2e9zhGRpzPuuTHs+1uryYcNmT9xkXtLlgSoj3zIz26re1Mevz56Zc2XWNBywunBLm7LoQk0MWIdsi6xuac4a\7MlzV32morC\r71taTtoweFVAU6dEOT4mgCzog5TwoXl6eRYhcDyqGqHnVmfDrewTX6wOc3uEkH35HBhf1YXa5GHbYtxQYuZ0YH7aB6rPAOPN+e4sz5Dh2e4dHqEK2dGmBHRzzwRGX2aX36C+x55hpcbOgo3vQUiTJ25mPPeeR4nThylP4XX3M01P3+Zxe+5kauOHemFEREROTR1hoBjarjlSZ58rcdKVh3LldddybFRwPdwPRfXAycQIBAIMOHkK7mu6g6+879r6MyMd6xcyebF5zLXHgXrsx+Ho5VqAI+Uh9nS\FVOG\YAOMGm5x8u2\WZyZ\PV279Vy6YXQzdcjlyhAjH61h48Q38ZP48vvDu7\FshRmg1fmv6a4IcckPbuezy+IkVo3u48xb+nm+d9lCwjse5\tff3aIlUZ+w3V3vJE\fWIZH\r8ZTxxzT3sPgCXtMzUy\jBTz7NsrriAx4UqmCHiU9ZyAX\+nMWLvws7\z3v\eumT3M+39I0\MW88Ef38yHlsZ7vSYUjjPvjPfx1SPnMekjn+WenaP7M1TkUKOr9QexhGtY2ZIvO96p44N87ogYZ04MMjfmMKVYQ3N+tcNFU8Jcf3iM2dHSh4JbDFvTxZq2e\PletK4IN9eWM0ZxflPDttMi9gcVR3gHdMjfHlBVUXh2e93Z3s1mZw3hod3Z0vW3A3bFm+ZGuYtU8O9wt+eDos5fOSwKEdWDX4R2ACr2vK09KguXck2eENdiBPHDVwjssqxePOUEHNi5d+GHT3y+ZcSHtvT5ePfxTUBbjuuhoumhDmqOsD0iM2ksM3cmMPJ44KsmB7hxqOq+OUJtfxh2Th+dUItH50T7aol2+mPjTnay9xkELIt3j4tzMcPi7K0NsDMaGE\z4o6LKkN8OE5Ea6dG93vTYgvqHb4r+Pi\GhRnA\NjnLqhCCzonav8LeniSGbY+IBlo0Psmx8cNBjpFPMsThlfJBTJxTGX1Ib4LDYoRX+AvyzPc9NG1O05A0fPyzGJ+dFFf6KyKi085Hb+Mr\PMrzjUFmHr2IE5cuYvHMKM1bn+FnN93Cz9ZkRnoRRUREZJQyxoy5v63r1pPtWsMoJ624kmMjHpn2ZnbubqSpuYXW1haamxrZtbOZ9oxH5Jgref\pE7o3THYD67eN\Lrs7z+Rvp7eVr8fptrEjjvKjeOx4r8+XQjrcg08\p23s\zMMznzzLfz5bteJAHEj3o7n\r88RVer\0mK5YvZ\nyFXyzx6NDa0r5ADOTuebaC5gXzvHibz\P0\syrbu+yW\X5Ygv+xA3vLOiDtH3keHyGz5UCH9zDTz+3few\NZnSbCZB975Ze5dlwPCzHvTR7l2Ws\XDff+H8r0DMd\nO8d2kcSPDiHdcVX7Oc93z3cRpyEJ56Jh\63ApKVzETkQNNV+wPYqta8yTyBmMY9G9a2ObdMyPMig7cJ6dtwQnjglwxI0qVY5Wc1pp2t3d\uSXG7fybEbb52lFVVAesAefvWIWA+HNHVGFTelp7coZXeiSh29I+rya8kq+ZFLJ4+9RwyYDOAuZEHd48OYRTYhmas4b1PWpKmzLLG7Etjq8NECsRKs6JOYX+divYlgA+sDbhsifnl93v\za\igkhi0GyTxwLoo5FbbDQP\G4oDVgUPpoY67ssi2ucbhqdnTQADVkW7xpcpjzJoWxymw3M0CV30rGP3lckJ8uruHEcUHiAYvgED7dyu3TQ\0c0DOFZueve7GDABafnBvl8hlhwoMdZCIiIyn3Avc\sgOmn8MNX\0U173nUt674lKu+tinuOWGS1kc7mDVb59g+0gvp4iIiMgBsYddO7vjXyadwRlHuKRbG2lNDVS5IE+qtZHWtMusZScyuevxDPUNe\b\4sqARjoYP5T\nn25gcRw79CG13i43LynfYbzTy7Uulx7\8f53P\VF5+r56H\vIp\e7QBCDPvrCu40K9kXVwybW20tWVwe5QznZc8vQxtbW20Zdw+r\Px8hnSyQ4SbW20tSXoSKbJ5D38MvPw3SzpjkRhuokOkpkcXuey+i7ZdJKORHGaqTQ51x9w2d03fYY3HxWGbX\mRz\t\7zvZkmnOpevjURHknQmhzvgdqnne79cRTNxlq34d0729vcxdAmnHlHYj5sf\jif+9Xa7suf2x7ipn\9DWs9ILyQsz+8dP\t\6FMz7+QK86aRxhofvr7XHXrU13TW\urz\Hx\32RHBA\+Xw+M23k36uH0p9IOaO03TupxD\byt+ddPK4IMfXBkuOYwGvrwvy250OaxKDTzPlGdZ2uMyIhCpaPseCS6ZHGF9BEnfR1DD378iWnH\Wh\UdHotrCoftU3vyZe9smhiy6fAMHany9x9NDtvYllUy5Xsl4fLGSZWtf13IZnK49LrbwDHxAI80Dt78dE+JvGF7xqNUl8cBC94+Lcz0YaiRmXANaztKbzvbgqtmx0oG3QC1QYuz60I805Jn1z72CdzX5LDNp+bFytbglaFzDTy9J8e3N6SYGLa5anaUcycFB61dLSIy4lpbaPZh6rFHM7XvV2J8Eeec+BDPP7WVTS0wc3zxcb+DdY\dzy+eWEdzFgiPZ+7Sc3jvWxYxsec0Wl7gnrue4NntjaRdwA5QM30Rb3v3Wzmxc1pr7uaanzdy3hWLWPd\j7I5H2DqWe\nhjfNAr+FVQ\cy4Ort5WeT24HT95xL\evaSTvB4jOXMRlPechIiIi+83Yu7DaTFNTj+LUyYxP7aEpU3o9M617SNZNZ7oNu4un8q3tzRijHyRyiLljB03XQHwYJ5loeJFyPdiaSxez0AFSL\D0dxv6Pf\0D1+k\pzpzKhbyOvPhwcfLjfXL3HfK29hLpt5YNkKvtlVLogvu55XXrkeXnuAZe8s1hE2HrnJZ3Pt9R\m0mWHd\UZSzbBxmfu5f995\s8tjvUo0u5zmlu4r4ln2PNjf\OJ8\rfl2i\m\c+72v84M\NzDp4hu55UNnsXBKccsmmnjuwZu44buP09SrVvIUPrviTOqAtSt\1G+7ednZvOXGG\loz\5pvSyJLf\kj3ffwjfu29K\ssiDd7Lqfady3qwz+OD7PZ752f6sBn0Uk8YDJGhcXw99q0ptv4m1r13Kglk5IhMWAf8Ahn\D2l657+ehXUA9bxw12\6vabhx3\m+cuO46T4QhZfauD7ulYoMlooAD6Ire8o3fctwDmTQlSSidWFbJaMC\BiiQAWYEPS4+xiPwUDVNTsZWLI5th4oKLmcQMWvK4uVHL+Od9Qn+kOI19sd8uu\+aUz5fXJssvQHH6eWNKTnN7pndwWWrceMAiXsHKT4\YWJZV8uSy85lC\72ll3FSuLDdhyOY25LyyJc56Z0VsVlSW9lHyTFxh6lhm51lAmDT5\l9vPy8cFhCbz7zlsKfFNoceC\NqeZFrH5+GExFtcEBq1dLiIyKtRNY24UVq5Zzbpl5zG\z5WauRddz60X9Xykkcf+6zbua4gwd9l5XDg3TvvmZ3j0mXv5ypYWbrj2rEKQnF7Nj759Py9VzeLMN13K3LhL86vP8Ojq1fzs+1Dzpbcy3+6e5sN3P8X8M97Ke2saSc2ZBX4jD3\Vh5sCDB10TlccWyc9jVP8fDKe\l2NsI3Vsyn89a95391O5tnnsCFK84iWr+aB\+ymp\9KMrUfz2Pmft7+4mIiEjXufrYGEb6NAPokkn4FaynR0cmSHUcaOvcMJExuH16D0ersXdjwsHkWRqaL2buMPYD3LDujlL1UAC45PAZhf80N\DAQNctt71KQ+I8ZsTrmH6Cj3mo3PHbPQVjDIYcuVSOXDhEyAG8HLkskM4VjzeDu+w6fvHNK1jYeU6Vy5FzIRSLc\iZ7+c7xy\nFzdcyX\+zekzjxoW\foO3jYvXJhuCkKxEPEZy3n\124i\OM2LrpmOXEgl8pBOEQoXseSy2\k+6FPcPm3V3cv9okf4bSjAG8tq26u770d\GV84dc38\Z5Pfq0dYFwmPi85VzyhZ9y+OQruPrHu\rErs\ywNp6zps1g8Vnf5Yp\NddpbZekO3lqZWmDsuzryTzifzv78jVOzq0BT369cvP5mv93nVcO\oUzPLJlOHUCigReeGei69B00NF8LcZgx\3KMuavs1hCRA0NNQB\Eeoahg1lUU3nGf1y8\Lg7MpXX3JwWsZkYquxHswUcHXdKhtWegaZc9\w3V1CrtzXv82K7W9Hf2g4Pv8yPrp59AJcTcayKmsatDtgDNo89kLRnaMuXXsjJYZspwxSGVlJTd3FtsOI+cCeECv0\D\ep1Pxqp2wN5HIqCZoPVVvTHt\dmOKwmMNXF1RzfK3CXxE5CNjzedvlS5m48ylu\dq\cd23bucnv3uKVet3FGrt9pFf\TD3bY9z5keu47q3ncaJSxZx9tuu5hsfO42JDY9y\3OFFzU\9zKb7Elc+OGreccZizhxyVLOW\FRrj1rPCS3sbmp93RrTnk311ywlBPPOI8zZ0P+uYd5sAGOuex6brjyLE5ZspTzrryGa84Yj7t2Nat63rc2\0K++C8XcPaSRZxywfv46BnjoeVlntt\VyVERESkqGfzin2bWzw4yzGi0R4rmE3SVunrW3ayu637pdFobBSsz\4ti\T3MOsasuVHq1g9DSvLjzVjfDF1TTXRv74mwJ3UF89BJk2\cgjLcRPvft3p3La60MB1YvVtnP660zn9vTcVnvYu5D+\XAx\W1\kzi+9lZNPP53TX3c6b\3SnazanYP4Qq743LdZ1u8yYh2Hz7NoePwm3n1K52v+TD1AeCFXXLOc8LY\c9N7Ty7M87Iv8fA2gDCHL38HS3tMaenbFhVugt32Kvf0nc0Hr+aCeWHIbubhHst3+mVf4uHXckCcJW\9HBcPsPar\voazQBHLuIdw9tgYR\38PCLzQDUnXEDv\vJF3hH1AcMfjaP6w088+He\0OZ3vkTawoPZHM0DfgaeK2xcPzE6+YOMoaIjAQFwAexhFu6Dfgqh4pqoHaaHLJKTs8YQ8Lt\jIqN261w141yRtzLKL24NP1jSHrma6mkhP5gfuD2J9\XQGxKb\+DqaiYLTUOnedgBRPPjwDOa\0esds9jkM7VTuGDPGMC1c+bwsKN4UUGZ9eyoz\4BlqAkM3tfx3ii\w+9k8A9OcOX13awsNrh+iNizBimmwtERA6E6FFv5Ss3XsNVb1zEzGAjLz\xMD+7\Tau\8KN3PDfT7CuRydez69ZB+HxRFtfZtVzL3T\7XGpAV56eR0AE0+5ku988xrOm9x7XjPnTAPSpDK9H597+Kxe5XXr1oF9NKcsjfQe76JPccuXV3BKVfdji5cuped12sI8Wtg52Fm3iIiIDJu+tUAP\vIsZs\u8cCGV9mQLzV+d9nb+Arrejw3aeqkUbA++7c8Wvl+4ZqQhiMzvG\rMP4QTzTw\Mry860u9kSXaG8adLweR0gF69FZAcJAz8e7ptF7fO9Tl3FmHeDV89CN7+c\H6rven77H\6Dj974BzZ7wIwzuOoDXvF1PSpZrH2Aj3zml7xanF79Q9fz7Ibic96rPPCJ6\nlS8X5bfkDX\zLq4Xnps7gtK7l8DjvsEIbSImda9ned71mVBMG2Pky33twG57fY3o3P0UDkIvNYNExA2yP362lPgU481j0IW9YjpPBhvd\6kYe2JgDwsw84RKu\+hy4szgzPv+m\41JUsmZMk6\r7df8PZXoTYp1tdzfy0GDT7\mqUfJ+PRSGIuWoCeiDmGdKh1GV1D7tKVjB+KX6nu3LsfYulLOhbHPVhmIWakG2zPrvD1NClYdfrim\j4CyTSz35BtDuZ6fbcsatjs7KlmywF4eZ84wn1QFLKt\Hx4yLHZnfW7ZmGRpbZD3zY5Suxc3lIiIjBqhSSx+w6UsfgPgu6R3bmXlM4\y6DOPcustO7jq+hUsjjbSvBvIbuLhX2waeDpNjTQDnS2+5dMd7Nq+iZ07d\DS+k28tGEHAM3tpRamhe07gbppTKnku0u\1EVEREaMGYFrDvuXzfwFs2Ht1kLRX8+f\7SBOW86nHCpl\nb+fOTG3o8MJ3jFsYw2ZI\ekTGpIaXG0hcMGN4+gFuWMsd9OsJdtT52KJ5hf+s\xOffjjdf4Q\f4HVm97C3CPDzD3+HfD\V+vpzev\Q4N9F7PzS0JIA5bX+U72\pMb2c7CSDuhHps53cxY0rhf007+tX\hY7i3SxzzuDW71zNf\vvdz3j104AYfgyuu5+MTOJt6h\2XJB6hv+gCLZoeZseB84I+lNsc+eoqvr3gHD737A3zg4rNZPCtOyAlTN+94zpp3PGdd\gE2Pvh9\uUr99Okc0ERGQb6KDmIRWyLZIlEts31yRsIVvhLojVvygZ+kR5hX7kmc1OeIVeuTeUecgZSXulpOpaFU7xgGnOsss0hD6ewbXFWXairXG79PWMo30g1ZP3y0+p8zrEsglbpcbO+ITdMNwCF7PIhcOte7oOE61e8vp3\P5Cn3WPtFH+oUp7hj405TpkQ4rzJoV7vfRGRg5YdIDp9Hme\bR5nLLiXG\7nBR76WwuLX198fvI53PCZs5haahrpddzzg7t5cnfhlqxgvJqJE2dzytEBHnuh79WLvlzK3sklIiIio05n37AHdzlL9PgzOfZPd7CmmOFk1\+OX4+\nHeeMhl7oNd7jaz81a95qUfmEz3ubJZVuTT1aAl3dKzf8JZHq87l1HCEhnevpf66kziqs6vbfVC\7amK51vQv5nyrmHPsUyJ8frc2GKMKVa2Mb1qAHePfwKHTSzeInLk5ax+9vKBV6Y4Ss3UBb3mDwkaN5RqXr108+vdyzeXupri9DYPsH7f\T1PnbeA0ybWcPi5H+Eb536Eb2Tb2b7mnzzxxJ3ce\tTbIpECNj0fp0xQD3ZXOHxUHRime3nk08nSecH6Ds8UkV1sYZK6e1fz99\diPP\vxrmMt\yOOfnsfmp5qZcfwCJsZqOPwtn+W\8lu47N\2dUiZP\9Mhz7v\Lp9X3NQK8b6DUaHpihSCmqN3cQqwuX3n15H7ZU0E9up0r61J24FzVgm3J+xQGtARrSHtkSgbFtUWjqt1ietBfLsi8sYGbE4ZPzYpwxMVjx6zwDg3Tf0EvKKx+8dwo7UFWmFmZr3tC6F30VlzKhgm28IVn5leycDzszftm+lmVkGWBb2mdJbYALpoQV\orIQemlX93INdffwcrcwM8HZ0xjIuB6LjCemgnA7m1sHmT8run+9l6e3D2eM6++nlu+cyO3fOl6bvjYCi48Klr6hQBMYuZMoGkHu\p+Vb98L9d96VYe3FrBZERERGS\63Vhu88F74OznCFtHc0llx7bq4uJxr\fxW0\f4SXdrSR9Qrju5k2dqx5hDt+dBfPNvYY2V7Am9++ED+TGgXrs3\LIgP7Kw27hmEyXjNrn362olGbE4W7LULhweod9zhevTInM3vtKOLF7l9xwoRjg\x1BuIjdvPEHXziqi9yx1ObSXRugnANM084i3dd92PuW7OSu64\h8mDXC4t1EiGmknl+q99N7f\bS3r1q1j7do+wwe+XPqlvks2kyaVztN7MdrZeO0VnHfmJ7j\tSwQ5vCz3tPVX\Fw7\+hTG9ta7HFh1ANJwz2qs7PzcqjCBE5AFQD+CA2K+LwWrL0p+rKPXmOqCp\W5pn4G97cpT7jTsrWryTicJNSKXG35byqE\7LIyXb87EGPhbS77k9BzLYnKP0HtuzOH5ttLh4+kTQnxxQazM3EsL2xYTQnb\dSiz\nmfrv6KS0m6Bt+YstseIGpbjAvYZbf7lrTPURVs93JmRkrPC2BVq0uHa6iuoHngzSmXnRm\onXtUmY7lzsO90a5aR0qwbUxcHjM3uvmvUVERpP5R8yDVeu47xermX\lUib2+tWbYfPjq9lOhFNmTgLgxCXz+cWr63js8UZOeeOk7lF3Pso3bnmK\Ovfz1feFGH71gxMXMYZR1bTdVuY38GqF3r2jFdiuebPh9Uvs3J1hsUndvYDnGHVqnXk8\OYNRN4ed\WXURERIbPSPdFO5zldDJD\JhLeP\pe\jhXxu6HvdaXuLRe17iUcrw1\J\X\0a\3zDCi5YGB\x9TkQ5dGmb1it4YEe\p3NTVmYXqjy2v7MTZz6wZ+xNyw7QCDQfZ2x3HwbU4U+Y8PjpjPVGHb0G+9dTC\2U9O465d0dgtabrrFAn7X492PdR9nTeSyQBzaV36L1318gOaXyzHFfod73WTR\XRnP6am73L0Wb5S0wMwW37PLdf8nluAo878IG+94GROWnQUc6fEwanh6Mu\xrf2\IkP\NTqtz16bpP+y9N7OOgnhFXm\XnVrTx+5cnEeYWfn\UBbrP67oe\cOP9z3POJ08mPmkGi3yfBxj+\T+U6f29GBoTr2a+7\Nsv+n6HFaook2iZbM+pw7gUKQcBcAHsUU1Dn9pLj3OnxqzvGlKiLoyNTmfb8+zvkyY7FhwbE3lh0zWhz825jhtYpBYmc59t6Y9nmzOlxwnZMO8WHeYvXRckPt3ZEu8AnZlfaoDNjVD6LvUUKidG7SGFqR6xlTUB3Daryz8BagNWkyPFH4kDvaSpGd4rDHHqeOD1FTa\vcgpkccJoZsmku0KZ31DHfXZ\jgnGjJ7ZT3Czck1GeGt4P64fy601dngW0V+pIWETmYBZdeylUv38JPXrifr3zxQSbOns\cCQHItbB5\TaasxBdtIK3HVUcf8l5XPjkOh585FZu2HIaF540jXT9C6x8ah07q47mqtfNAmDu3Ag88wS33u5y4UnTCCa28eST\2BzMkAl7Tt3zedXt\DtbWdxztwo2559hMfWZ5j5pnNYrPZ5RERERo2+F1gP+nKmhbbUFGZd+DGujf6QH\7p\2fvPsPjqM6\j39nq3pvliy5yMYVLLCNCwYMhJoQML0ESAIkgEloCRBSCPk\QEhCSCUJJY2YlkJJQknoAUyzsQEbsNxlybK6VnXbzPNiV9JKXq1WclHx73Nd4nD7np05c86Z2ZXOzkxVfE+ncKSS6myhpQOgk80vPMI\OY9TZ6T1WmzY928vxyLRPFlRx6WHFAGQdvAXeeofZwzq9Z7qV\n3j37FP6oGXhbg8U2V3LxwOuQUcpoJv+37+8Lhh1CUBlBH1XuDqkocnmVL\e0syYG0\IMosKA6yhUygc42vKYdhysB9xD+Bjuw7unyqH9DNf0deP0mhiuJBIfBJ689yA9fezCUnHkpf\jNcuakuimdfxE8+JfdXj8pMzx5WbtlgHo8xFePfmhou9Dhxp3mxk0R004x4dkov\gFeu4S2bXHe7v\h7S+96uoO2MyOWlFHDLfYsW7ffrYvIrJ4ecoVW4YYvuIyD6hPzGNYguzXNjDz4Pt72dDa5CndnrpjPGs4Dqfyd+rvOzymjHXVZJopyDiCtxYy3b9vFrv47ldsW8\0ei3uKu8jUZ\7O0n2Q1mRUxAz89wkGA3Yr6myhvkPzU+Yuz+boIWfNIa4A\bO7hjQxs\LG\nv7U+OvqsZKB9D1jxXQHcERx4XV3cNoPJyXaSHLH3+7V6H8\XxnfbFwvwm1bUq1vtBhyZ7Rywfn\f2cmaAa7G\rQtwL92eWkL3\I6nv1lgOX2xa9m+3NbIiKyLyUw5ws38v3zjmBWYQLtO9bz3uoPeO+jnbSnF3PUeddx+xdm9twC0ZbLiV+\jksWFePc\gYPP\w3nnhjO0w5jq9dfx5zwgsetOxKLpk3Dv+W0DIPv7SZpLKz+P4NJzIJ2LFtZ+xqdW8nl47Vz\Onh5\kf1WpLLrgOm46Jjf2a0VERET2UGdjM20+G4XHfZ3vf\M85ufH+KK\zUHevPO48ftXsigzMuFl6wuP8s+PPfu6utJH15V1+hm+nx0fVdLS1SFJuZQeVDqon0OP+jJXXH9s\Nt8bC2fBIGkMpZ8I5eA2ZMzgz7mnzaD8QB1n\Div+JbZ7Tx1P11B8Q3AAAgAElEQVRv9F72sfc\CSUmL+DaRd5e27csk4DvPO57awOfrl3Dq\deFHMbfXMQb\02U9cCkEbOFHO35b\16BrWrP2UV3\1WfzBPuv78Lds7LqVvRGtPnNJDd880ttRt+\Gzl\eZUs7QC5lp55PbsDs3tfuvpxVROhRx3Vs3lf9P5T1\etFPqkDGE\ZhZ\FF4zoAzNA7lfmMyMJCH7C2seG\xg9kH5EBqIrgEex4kQb01IcfNTS\8Rba9DioR2dJNoNzilKoO+XsNoCFr\Z2sF\an0M9LjewzN3v5J3oNNMe9Dip5vb8FkWZ41z73ZL2Z2dJvdsbueNRv+A6zo0w0FexJXMOS4bc9IdrGzo\8rh1oDFA9s7cNvhpDw3sS6ItSx43+Pnr1Ve3m\yU+ezup9J\HKdjysmJXLGuIRe64hV5\gngK0BJxgjc7NTHeS4bLQE+r9iuzVo8fPNbfhNi3OK3Dj6XM1pWqFnPr\e4OPtxgC7vEHy3Xa+VJLA\IzezzleNi6BJ3Z6Y9avstPk7k1t3FCazJx0x27fLClvC3L7hjY2tAWHNJE6UNvsrbe7wfTD\mRZ0G5aJNoM9tZdmU2gM2iRaDf2+FbhIiIjl4Psw07kisNOjG9xWybzll3OvGUDLHPOlcw7Z\fU9T9a0BPMPo9f\miI2+nvtbHWKSIiInvV2P3DagdNNQHM3BzSsss487oyTuuoYtuGSrZt2USNDxKzS5lQUsS0SYUkOgAsjjn3BD76+X+o6r6pV2gS+Gnr3N2uBBYZ01asp+IbhzNz4Cfu9aum4nlMdv\7WVQVP+SZd09h+sJUZp79ID\ZcjVfW\EJBkWcctNP+P7J4wHY8sZDPDn0KnVLyz+IrI4OKu0uEl12Ku96hndOms7hGeM54YdPc\vPb+AbKz4J3Z1w5hn8v9uvZGEaQCufvLCvrv58iKpd10Mq5OadA\S+FfVLFXWcO6uI3KNu5L6vbOfbv3iHKgPAYtoVf+T4yQBeKj99afdVW4eTkxnOb3h2H9Uf4AGeePc8Djk6m7SF13LvD3bxlY8tLCzMjiyOjejL+tXP0t2SQ+3\oI\WDh\gIjHFhX2P1vckD712MfPPmETuUTfy0LXtfOOuZ6jEYvqFv+RXlx6KG2hZ\Qw\rNh3LSgig6cJ4FEs1W7juBwX6zyBmBNTdV6TOza08URVJ6eNS2Bqih2fCaub\TxR5aUuxu19u7flMDgiy0li1wSwFZqUimdGrMlnceeGNp7a6eXUAjdTk0Pbf6vRzzO7QlceD8RmwHmFiUTOY7psBp\Ld\NOg7\fK3wtYEd7kG+vb+Vf1T7OL0rg0Aw7LsPAMEL70Ba0eKPBx+OVXj5ojt6WtV6Th7Z3sijTSUmivXvdsfY\YEIgjofGertuAR3n75bTUx1MT3GwZYBbdjf5LH5Y3sa\qkPtXppspyNo8aEnwCv1Pspbg73a7dOWIG82+PjtIWkszOqZBJ6RamdGioP1Mb5oYFqwpinA5e97ODrHxfG5TnLcNmp9Fi\WevlPjW9wz8+NdhlwvMsO1Qi81LfZb\F4ZScPV3ZQ67VIshucUejm4uJExiVEeS51HFoCFisqOni0MnTsJ9kNzix0c0lxIvlDXKeIiIiIiMhYZBgGlmWNwTKAp3YnnalZZKYm4UwspHROIaVz5u\WBqa\HU+Tj8TcY\n6NfCLPpPA2158jH8Z5\G56akjYL\2XjlSjd0vJowWQRbeeiSlkZO\nh1srvHH\HuKZU+laFIO7nA885T7uOCxK3ikKr6x9ufb7+fwB5azJH88J3z3ST690YsXN+7wCls+fYy7b3178H\Ssqzu17y4s47rSYUJp\Li2hPwbn+B5Wd\m\f4M1+5dRJP\GgZk9JKOfW7T3LqjV68QXAnde2Rly1P3crVT0a\r1\fYdu9VSv6mO7+l4j6PVNeyelTikibMJ+51uNE3u347Zsf48VDl3NcfhqLlv+Zl67w4vUC9sg2epJf\WTH7n9yPHkaRUlAcAtrf23t0z8LPnHNrRzyt7tZNsVN6ek\5cVTQ\9+6toXOStcT+\GJ7j1mid61WNI\f+Df1J++mRgM\8oO4Mf7OH63v7B3Tw5607OnZbGoV\6KS9ecGev13h3vc79P\jzbn0tIsNLE8CjmNMGi7OdPFtjZ0Nr7MlAgI9bg3xc3jbo7dgMWJjlZFbq0IdL0IIPPQE+9MT1dJndHJnt4rCM3ts3gLI0B2XpDlY1xV6vacEb9T7eqPeRYDfIc9lItBt0mha7vGbMW2R32dYeZGen2T0BPBDTiu9DQ8Ac3IcLA7hgfAKv1ftoG+ASY9OCDzwBPoiz3QMm3Fnexh8OSyPLGfoeosswOKvQzV3lwe4rovvTaVo8X+Pl+ZrYz2bem8bq5wqP3+L\NrTx3K6etmwPWvylopNPW4N8b1oyk5IG93XTOp\J9z5u47X6ntuDd61zQ2uQWw5KpjR5D77CKiIiIiIiMoZ0TUyM1dLX0sCulgacCWkkJzlxOhyhu06ZAfx+P+3tHjrDvz52tiSSlx99EnjrSyvZNv0EJoyQ\dpbpchuim\jm2eWdk\kApDs4e3rLuCuGFc+nv7L\L9SRH\kLuIK2+9mEe+GucVsxV\5urLarn+pq+wbP4kUt1u3IC3pY4tr97P97\zGJ\EvRNdd4LrfUe4ylvv5rGpd3L6tFTcbjfuomIWQmii9dXbWPalD\jWVRdzSsT2CXpp2f4uT9x3Jz99tnLAbXRnu75kEfXLFtFf+85TH1B5chFFRZM5uQjei9wcf+aGy2q5+rpLOH3+JHJS3bi7buvctIV3\3Ufd\7kWXq9BACLk06YQS5A+Tv8NFpz7VWvc9tZl\DJ967nvGPnMCkjNJLc7lA91770KD\9QZS+HEr\d7dtlD4Y0nh6nTvPvZzN\+\7XH50uI0BvC1sefcJ7rvrpzyrq39FRhxNAI9yU5LtnJzvpqKjg\bBPOh2EDKdNk4rcJPr3v3GJPvjI3GB28ZXJiZG\cBQlGjntHEJbGprp9E\8JXEELrl8raOgSfM+7Jgt9tkx9p\u2Fgj+Nbo67wPX0H05Zz0hxcMD6B+7Z2DOJV8anxmqzzBDgy2wWEvgCwONvFobU+3moY+Fbde4PV5\3169eI+kW0H\Z0clzu6LfevudRj+\39bB\81IGdQ6H9zWwav1uz8b2gLebgzd\vymqUm6ClhEREREROQA4u\00NQZe5lASy015EadBB539NGUAkP7yr8Mhianh9kRReT1\Td7MZOPsLAe6f9lcwpyd\u3tKzJg+vP7c9w9\JnuDv+V\Tj+5w+5\tR\v1\3HH+Eu7o72Xr\sEdy\Rfz6ubYT86bIl\Km\5EOXsyTavPjKX\K\T07mvOmlLLhqLuYt7\X++9X2Z\jldc\wy7jqF2aeximzcwEva1+8ez9dvfoxj952OY\eBnzhPv73zRxemHMGtw30ssH2\dOZ8739uL6APiYR799Lo8O6jUiMpzietSAjFxum8GZ49zMzXD0uoPt3vw5uyiBxVm9nwvLPtpW3x+XzeD88QnMTIl+VaLDgBPzXHwmz7XP65TtslEQngSPZ\lEu0E8FwtnukK33R1ofZFsBlxaksjROc69vp8m0Peu3OPcNs4pTCDHbdsv\d7XYJffE\tzW\3xmRYP7+jAjFGPZ2oGvgI8UoPP5IVaX8x+f67GO7hbdYuIiIiIiIxRlmXpp8+P31PDrqZOzPxj+fo1J1CSnkrJiddzzYklpI6A+u3NH5GoHnmXze19\q19M+\GmPwFeGbj7teeVm58Zu\V64BQyZ0P\486YPzhF3N6fNcBxWR+ZRkLc4HtL\Kr+\Z8fYNmGBj9XCUtIrI36ArgMSDLZeOOGSmc9W4z1XE8TzdeBnBsrovlk6JffbuvGcDSHCfLxrlx2vqvQbLd4MYpSaxv8bPOE9wnk3QGcEKei3EJoQlgmwH2ARolzWmQ4Rz4OxbjE2yhW5\E+AXDHWX\UxwG3yhNprKzhfI4bgEeL7fN2O02wHYDPpPrYq0nwJ+2hyYm96WEiMZ1GAY2g34nJu0GcV1pPRC3LbSdWJLs++dDWYPfonmAyd2OoEWNz2SSI75bNtf7LDoG6Lgar4nXDD1rWERERERERKSvQEstu8glP\9YrvrWsQCY3iY8w1yvA4Ump4fbfdz808n8+upTmJwBNG3mmV\dzH0D9MvbN93Bn7Jv4by5RbjxUrnqUe64aQjP7D3QPXkH\77gSS6ZvpBllwd48oE9eIyZVcDNxx2Kmxbeeexm3h6OzvjzZRzx52HYrogcMHQF8BiR5bLxp8PSKEtzhGb19\ASzGSbwan5bn40MzX2hNc+vAx0YaaTqyclke0aeJgm2Q1+X5bOcTkuEm3GXq2HyzD4TK6LC4sSSA5PjKU4DArd9tABFOU1NmBioo1c18ATaYekOUiz919nl2EwtZ\nsk5KtnPL1GQOTnWE+mkP99VtGJwxzh312bI2A74+OZFl4xL2qI0zHQbGAPnChJ4+L0qwkRqjfXKcNnLjGCMDSXMalCTYY9Z9apIdx344a6Y7DFIGaGO3YcR1bHTJdBm4B7jUPMtpi\plAxERERERkQNN34k2xT1xoKWW6qZOgpZFsLOJXTUt+EdQ\fZGPFINVE\l932+8vGbOf2oQzjkkEM45KjTufnxyl756P7H3ZedzLyygznk0PmcfNnd\G+Y6j+68zu4+55\s9nr5tAz7mGR2Tcf\qDF97GqTPB+8Gj3PrQ3qqf8soPX14kGk0AjyHjE+3cNj2ZUwvcJNuNIc8D5rltfGlCIt+YmhTzFsYDrSfFYZA4hHq4bAanFrj5zrTk3a5EjSXFYfDdaclcUpJAfkL8t2ru7wegNNnOVyYmcuPUZCZF1CXBZrAk20lBP7dEznAaHJvrinnlcpcsl41zihKi1hfg8EwnU\u5BbYRzt9yUDIn5blx2oa+vzmuUL9fPjGx37q6bQbfmZbMpRMSyB\C7aAnJNm5pjSJOenRb1luM+CYXBd5Ec+bnpvhYFpK9OXtBszLdDJ5EOOkPwZwQXFCv2M222XjmFwXrr1wtfFAEu0GywoTYrblMblO0hzx1yXbZWNxVuxbhh+f62I\7J6IiIiIiMiIZ\T55Uhx7zjYUkvVjh1U1bYQGAH12dvxSDbQrauVV35M59+8lTv+uRnv+KO56fuHD3H9S\j5xYtIa3ybX37rF+wYSfunvPKDyIsMRLeAHkMMYEqKgxumJHFEtpM\VXSytjkQ9+udttCVrheMT2BWqj3mbWD7TlJGMz3FwYn5Lv5R5WVdy8D1MIBJSXa+WJLICXkuMpyD\Cd67Zx6YREFmU5+Vull+dqfHgH+VBTpwGz0hycku9mQaaTSUl2ol1oOTfDwZWTk\h\n7bREezZhstmcPnERA7P3P25yf25uCSBHZ1B\lntpWtVBjA7zcFXJyaQFeNW0gYwJ93BLYlJHJ3j5C8VnaxrCRCMc7cTbAbH5Lo4c5ybeRmOXrdfjsZtgy+VJDIrzckftnXwTpN\wOfGGoSudP765CTmZzqYm+HkW+tb+cDTMy7sRuiq74uLE0mNmNgsSrRzXWkS3\64lY1tvW91vTjbyZdLEgY1ERrLgkwn356WzI\L22n093yNMM1hcElJAouynAPeJnpvuXxiAp+0Bnizwb9bblaqg69OTBrU+gzgqklJbGgNstaz+\F4SJqDc4oS9K0gERERERER0B9WZUSyLKvXZLVixQdi\PZtpzHvtj1Z3\+47sSDR8z+KFY81FhkIIalkTImWYBlwaomP49VeXm93keTf\euNoDCBDsn5bs4u9BNSaI9rgmuDz0Bbvm4NeazZxdnOfnB9GQKE+y8Wu\nwW0dfODx44vyHNKZqQ7OLnTz2QI3qY6985xV04Jqr8k\dnr5b42XjW3BfidFUx0Gc9IcLMl2cUyOk+JEO4bBgPWwCD039W9VXrZ3BMl32zi9wM2kZPug98FrWrzdGOCVOh9tQYtD0518Nt\VazJ0IBbgMy3ebfTztyofr9X7aI+y06EvC9g5PtfNmYUuxrnj6\e+gha81ejnLxWdvNXo7zURDqEreqenOLioOIHPFbiJnNNvDVj8t9bHO41+DGBxtovjc5393oLYb8LT1V5WNflx2uDoHBdLs117fULWAio7TJ6q9rK1PUiey8bnx7k5KGXwfbqnGnwmv9rSwZM7vbQHLRwGLM1xccOUpKi36Y5Hs9\iJ5va+Ve1l46ghc2AE3JdXFM69HWKiOxt768r59BZU4e7GiIiInKAeu6555g5c+ZwV0OGUSAQYPLkycNdjV5KS0tJSEjAMIzuiQCVKlWqVHnglp2dnWzatGm4355kiDweDwBr1qzZ6+suKysDdAXwmGUAhgHzM53Mz3QSMC2qvRZVnUE6TQsbBikOg6JEG9lO29Am0Qb46oDftAha4dv65jhZmuPE47fY6Q3S6Lfwm6FbJRcn2skcwtW+A7EZUJhg4+pJiVw9KRGP36Ky06TRb+K3Qlf6JtsNCtw2ctw2BrjwNSoDyHfbWD6p\9smx8ttMzgq28lR2fFfORytPm6bwZJsF0uyXQQsqOwMUuu1aAmYuG0GaQ6D8Yl20p17PtFuN+CILCdHZDlpD1rs6DCp95t0BCwyXTbGJ9jIdtuiXlWa4jBYNs7NsnHuuLbltMGZhW7OLIxv+aEygPGJe6dP91SWy8b3piVzzeREan0WGU6DnD183nG60+AH05O5oTSJOp9JltNGVhzPqhYRERERETmQjIQ\7KocvlJERERktNME8AHCYTMYn2gwPnHv3eC16yrj\vhNel1xaxCafEp3Ds+wS3MapDntwIFzlaPDgAmJdibsh7nMJLvBQSkHVvvuL+lOG+lD\17AbgxCX77IcKqvREREREREoumaBFR5YJYjlWVZKlWqVKlSZXcpEosmgGWf8VsQ0HlIREREREREREYZ\WFVRqqBxqbyyiuvvPIHZl6kL00Ayx6JdcoJWKHn8IqIiIiIiIiIiMieifzj\0BXgymvvPLKKz+28yID0QSwiIiIiIiIiIhIBP1xVURERERGM00Ayz7jMMA2sh+dIiIiIiIiIiISlWEYWJal8gAsRyp9MUFERETipQlgGTIr\NOfJLtBgn1\1UZERETGiqRE93BXQURERA5wkRNtlmUpPsBiERERkdFOE8AyJEb4J9YMcJbTRqrDtp9qJCIiImOBaVl0en3DXQ0RERE5wPW9ClTxgR2PFJqcFhERkXhpAliGJMVhkO6wAcGoeYcBk5JtpDtG5gdmERERGZlshkGC2017h1dXAouIiMiw0UTbgc3pdA53FURERET2iCaAZUjGJdiYk+5gTXMAn7n7L0V5bhsLM516BrCIiIgMWnpqMvVNzSQl5g13VURERES6nw2r\IGTT0pK6nf54aQvJoiIiEi8dH9eGRK3zeCsQjdzMxzdzwLu+jEMOLsogbIMfb9AREREBi87I41mTyut7R3DXRURERE5QHVNtHU9HzbyR\mxn8\IyBh4kOxndrt9uKsgIiIjiN4XZCCaoZMhm5Rs556DU3lkRwf\2uWj2W8xOcnGxSWJHJ3tJEGX\4qIiMgQOJ0Oigpy2by9itKSQpKTEoe7SiIiInKAinwWbLTnwio\dvJtbW04HA5KSkqw2UbeNTPFxcVs27Yt5vOJLctSXnnllVf+AMmXlJT0u7wI6Apg2QMGkO0yuHpyEs8tymDlUZmsmJfOiXkuEuya\BUREZGhy0xPpXhcHlsqdlJRVUN7h3e4qyQiIiIHmGhXjSoeW3EwGKStrY2dO3dSVVVFRkYGycnJ8Q6R\eq8887rnpiO3IfIsovyyiuvvPJjO28YBueddx4isRhW3xEkIiIiIjJC+P0B6ps8NLe00dnpJSHBpclgERER2aea66pobWkZ7mrIfmCz2UhNTSU\P5\JkyfjcIzsmyUuXryYHTt24HK5gNBEQOQVYYoVK1aseOzHPp+P8ePH8+abbyKjl8fjAWDNmjV7fd1lZWWAbgEtIiIiIiOY0+mgIDeLgtys4a6KiIiIHDCmDncFRKJasWIFS5cupba2lpSUFNxuN4ZhjKiJCcWKFStWvPdjy7Lo7OyktbWVjIwMVqxYgchANAEsIiIiIiIiIiIiMsJNmjSJbdu28eMf\5gHH3yQTZs2EQgEhrtaIiKyjzkcDkpLS7n22mv55je\OdzVkVFCt4AWEREREREREREREREREdkP9sctoG17fc0iIiIiIiIiIiIiIiIiIjIsNAEsIiIiIiIiIiIiIiIiIjJGaAJYRERERERERERERERERGSM0ASwiIiIiIiIiIiIiIiIiMgYoQlgEREREREREREREREREZExQhPAIiIiIiIiIiIiIiIiIiJjhCaARURERERERERERERERETGCE0Ai4iIiIiIiIiIiIiIiIiMEZoAFhEREREREREREREREREZIzQBLCIiIiIiIiIiIiIiIiIyRmgCWERERERERERERERERERkjNAEsIiIiIiIiIiIiIiIiIjIGKEJYBERERERERERERERERGRMUITwCIiIiIiIiIiIiIiIiIiY4QmgEVERERERERERERERERExghNAIuIiIiIiIiIiIiIiIiIjBGaABYRERERERERERERERERGSM0ASwiIiIiIiIiIiIiIiIiMkZoAlhEREREREREREREREREZIzQBLCIiIiIiIiIiIiIiIiIyBihCWARERERERERERERERERkTHCMdwVkL3jd6u28chHlVQ0dxC0rOGujoiIiIiIiIiIiIiIiOwFdsOgOD2R82cX8dW5E4a7OjIKGJal2cLR7K0djXz9+fXU+yxwJ2I4HIAx3NUSERERERERERERERGRvcLCCgTA20G2y+AXJ85k4fjM4a6UDJHH4wFgzZo1e33dZWVlgK4AHvW+\vx66oJ2bEmJoXlfCzCscBmOu3TnUV555ZVXXnnllVdeeeWVV1555ZVXXnnllVdeeeWVV36U5A27A5JTqevs4OvPr+edS49ApD96BvAo9rtV26j3mdgSwpO\of+EysjYQHnllVdeeeWVV1555ZVXXnnllVdeeeWVV1555ZVXXvlRnrclJFLvM\ndqm2I9EdXAI9ij3xUieVKwLCsiC+EWFFilFdeeeWVV1555ZVXXnnllVdeeeWVV1555ZVXXnnllR8DeVyJPPJRpZ4HLP3SFcCjWEVzB7bwM3+N8L8Z4f8qVqxYsWLFihUrVqxYsWLFihUrVqxYsWLFihUrHnux4XBQ0dyBSH8My7Ks4a6EDM3En7+APT0Hg8hvgKhUqVKlSpUqVapUqVKlSpUqVapUqVKlSpUqVaocy2WguY6t13wGGX08Hg8Aa9as2evrLisrA3QF8KhnhP+jUqVKlSpVqlSpUqVKlSpVqlSpUqVKlSpVqlSp8sAoRWLRM4BHue4LuC1UqlSpUqVKlSpVqlSpUqVKlSpVqlSpUqVKlSpVHgilSAy6BfQoFroFdHavL3pYoFixYsWKFStWrFixYsWKFStWrFixYsWKFStWrHgMx4Hmet0CepTaH7eA1hXAo51lYfX9p+7\MwDllVdeeeWVV1555ZVXXnnllVdeeeWVV1555ZVXXnnlx1ZepH96BvAYYGBghMtesaG88sorr7zyyiuvvPLKK6+88sorr7zyyiuvvPLKK6\8WMyL9EdXAI923VcAW2CE43CpvPLKK6+88sorr7zyyiuvvPLKK6+88sorr7zyyiuv\BjMi8SgCeCxwIj+bwaETg7KK6+88sorr7zyyiuvvPLKK6+88sorr7zyyiuvvPLKj5m8SCyGZemrAqPVxJ+\gD01c7irISIiIiIiIiIiIiIiIvtRsKWRrdd8ZrirIUPg8XgAWLNmzV5fd1lZGaBnAIuIiIiIiIiIiIiIiIiIjBm6BfRopwu4RURERERERERERERERCRMVwCPBYZKlSpVqlSpUqVKlSpVqlSpUqVKlSpVqlSpUqXKA6oU6YcmgEc5Cyt8FbAVfiJ471J55ZVXXnnllVdeeeWVV1555ZVXXnnllVdeeeWVV175sZUXiUUTwKOcEfFf5ZVXXnnllVdeeeWVV1555ZVXXnnllVdeeeWVV1555cd+XiQWPQN4lLOsrq95WBiEvxGiWLFixYoVK1asWLFixYoVK1asWLFixYoVK1aseMzGIrFoAniUMyL\zwDDUqxYsWLFihUrVqxYsWLFihUrVqxYsWLFihUrVjyWY5FYDKvnElIZZSb+\AVsyWndsQFEdqZixYoVK1asWLFixYoVK1asWLFixYoVK1asWLHisRcH2zxsveYzyOjj8XgAWLNmzV5fd1lZGaArgEc9YxTHZv1qvHXszpWMPSkLR1Y2Nmfvx1Tvve37CVZ9iI+JJBRmdf\7bsubnQTrWjDycjH26vbHfhzq30Lc0wq6Hza+X7Yf0Wd9H3I+UtrH6qzDX1dNoM2H4c7EkV+CI9Ee1+tD7erAXjgDV6pz9+UDDfg2bYVxB+NKi5KPFe\BeLc8m+ncCa7SydgdcW5vL8TRtrsvtzdSY6u9joCnEbOtBTMAhjsVe2oujswMDNvw1290xkEsz06CrvE4EkZCffZRHD5nBBlIfOdzy7OZjijHZN\l8Wymc2cS7mkFgzzf9O6XgZcf7bGJ1VZPoLkBs6UNk71zfNO6A39dA0FvAFImklCUDgfCeB\OuKOaju1VRGNLTMWWHOpTbAfI+5vlxWyowtfUiBlwYc8qxJmd1b3\MV8f47xluFOxJWbgyMnFZh9oeQe2pHTs6bnY05K6txPt\SBYvRZfMziK5uBMsQ9+f8dAbHmbCDQ1EGxvwvTR8ztbdi62GOd7xSMwjjgm7AWzcKW7oy\fUY13exUWGd3nokEffwAEMRur8DfVEvSBLTEbe04hjiRn7PoGGp01W+sAACAASURBVPAPYlt0VNO5vX2\z6iWLFixYoVK1Y8nLFILLoCeBSb+PMXsCWlDnc1huzOMxZwbnaUhBnE09LI62+t5YpPEnEk2aMstKfy+MtFk1hMPXc8tJEH+llqfFE6dyzMo\Lv5XxrH9RiLAv1bwuP3b9+v7bdiO8zfwenlM3g1nn55LoA00f5++\zxZWw0z3gq7uPG0\5Gg5+wbvbH4WZNYU1i7OhYgtlz9UMqmp70naXnXQotxTDm2++zxfWDfLFe2C4tjtiWD6Cu+r5wimL+eqMHEqSwrNBZhBPfSUPv\ABdzbmYnfGXo1EkZzATYdPYp73Y85+c7grsw\NPog1izJJG3DBNh67\6MBzw3xHpOh5byDf484UPoFABOzvp0rPzeHL03JJC8h\HnIDOKpq+Thlz\kzvqcIRzfJl8+YhZfn55Gmg3wNnH337eRcsC06zBZMpPNM\r53B4I4mmo5OEXP+Ku1mwMxvr7m4npcHLv5w7hlFwXAN7GSv7wn3Xc5Ukf+A8a4c86Uc9b4d8jXnxlFddVZ2CzDbB8wEf51g388bntPOzM7v5SRS\BFB64cBbHpkJN+YcseKX9APujSxCzoYbPLjqMa8vGUZLixG2jp61ffotrKrJxJERrPBmRIo4J746NTH+2PuqYLlowjf8dkgH4es5Fgz3+MDFNG\eccginFCWGxk7AR\na9\j6q0E+TXXFVc+4trVkJptnuMfoeVNEREQkOrO9RVcAj1L74wpg\ZY2BhijtOziae5gY2PPT4XPIC09h1NOXMrrxyZQFNi32yfGcicdPJklWc59sv2xXva1v7Yb2Wf7c7vxluPLZnH34nzSAm28Ut7E+k4HU+fO43cL43t9l7SpM1gxpbk77m+5wdRvT8Z7X2N9nI2M0sRyJbPi2tO5fW4e+XhZubmep8sbWNls4s4t4Yrzj2dFaUv37WFGRr1HSTlxPOdPSSPdNkLqs69Kb4BNjZHvwz68AD5fr\fmjY1eKuNcL3t5uQOyXwDD7+DOLy\lptk55DmhIvJzUl4JV5x9DCtmBAa\3uQJXDwzjTR\O6+U1\P0Jg+rD6R2HeaSjs4+x1YHFQF7qE9Pn8f1LpNohrvee7U03fzmtHmckmujoqqB56u8eDOLuOKUQzjXjG89QJTzVAcbO0K\Ryw7dRE\y\PFXr7Jj8dwMXXKbG7\0lxuzmmPuj1rYiazU8EbgLySAq7yjpB23E+lZYN7LjmVXx9VwtQEk3WV9TxdXs8rNQFIzWHZ6Sfz4qIgZnBk1FflIM5HgDs3nRv80fImV4\LINKQjj+vjTuXzWNZsRtPfRNPlzex3udg6tzFPHZaFkXx1DOObe1Wv33QXipVqlSpUqVKlSO1FOmPbgE92lkWlmHsXmJhEeXfR1A+xMdH6z7gCx9ZEM5jGBSXlvLg0TlMOXgWP6x9k4s2Jva8PthKoK6SYHM7Fi5s6TnYM3Oxu+096zc7CNTvJNjSiOk3MBLSsWUV4Uhxh7YTrR2tdgI7NhEgB1fROGh6n4C3DAhgfrqKjpzpJGQlYRkGlreRQGMNweZWLNzY0rKxZ+djdxrh\fMRqPoIv+sg3MltBKp3EfQZGMmZOHLHYXfbetrH8hKsqyTY1ozpszASM7FljsORmogxgvsvvv7tZ5z2er2F1bILf1MjwfYOwMBITMeWWYQzxR1+nY\Azoj23LWLoDeiPV02LMPArFsV0Wer6cw+iIScFLAsTF8zwYZqgp7+xk2AYOUH+BOm405qwb+rlqDXwkjJwpFdgD3BMYjx1X\7XDQ1FzetPPfiOq7aacG4ibxyagFTi4th9fYB27eHmyULZ3DmRxX8PdnWs1w\7T7Q\gcb+h\v+D3463f2jPf0bOxZEeM9sl7BNgI7txLweMGVhj1nfE+7RLZfYw3B5rpw+2Vhzy7Akezuvf\BDgJNUZZLcXe3z+7jzMJs2Iiv1sIxvhRHsgOsIGbrTvwNTZidPnAlYUvJw5mVCfaRefzElfc5uGfZYSxJNdlYvplLX66jovv4MyieMZW\LM5iyXFzueWxDdzZFn\7my1b8FYl4pqShrlrK4EWLzjTsOeOx5nqxmytxF\bgOkzMFJzceYXYLOF1m+1bKKzKhlXaQpm7XYCng5wp2PPKsKRlogRuX+WNzQuWxrC578c7Fl5OFISu\fX8myic2d4fXWVoXHoSMSWmo8zJxvDiGgfApiNlaHb5XatLzMPR2rE+iLrF219NgurcxeddeNDw6p1FR2fFuE6KB+bYWG1VOFrbMLs8IIrBVtyTu96jJTxEW9+wybOLO95\4Vi\nN5IVNa6jjhHxU9\25Z4G8m0FBDsK0VK2D1s\9d54JW\Dtj9H+094eB+s8bo188VfiaYvTLSG3\WPnDSjkjz463sZYr\7qJVyKO71mHzmTFvFSWHDKBBRsreSvO86vVsonO\PFkAJ6KNVzwuzU48osITJvXu10LffiqAjgnT8Lu7DpePfjLNxJMK8VdkN49Lsy2HXgrDVwHjQ\1ha+ZQH0NwfYo48QW2r\u47oEAtVVmFYSjoKDcCQZWFYAs6GSgCfKOBhJ\TPYfHjIe+p2csKzu3p97sVyccNpc1ien8dpC2q457XWnmPEbCdYXUWg2YPlcGNLG7f7+1fX+6WnLnRe7ntetyzM1ojzek1F6POA3Y0tPWJ9XfU3fQSbdhJo6v\91zIMrPZq\PUNoc9vjkRsyVk4cgqw2Qdon4MmMC8LvJUVHP1MDVhBrv\sAq4uymTp5G08vmWg9g23Td\zVPj4WHrcIfx+chonzy\k+mfr+l\essBIYflnp3NDYT5fPKKdV5+q4a1e5w0\y2fkk0cHL1fCMRNyOXnhp\zmfedu9bM6qkO3Vu9qj6QsHLkR7TGSx2d\eYJcunQeywrseKoquPDfVayLbL8JE\jn0nHMmjeP3zet5rIt4c\VZjvB2mqCHaHfb7rHR27P5wU6dtKxvQPnxHHgqSTQ0IzlSMSeUYIjOwU6avDX1hDs8GIk5+PIG4fdFfH7nhXAbA21uekLgDsNe\o4HBlJPZ87vbvo3NaGsyQbc9d2gkEHtuxJuDISIdAaOle1hT7P43BjS87BkZOHzRFjnPft15Hcf\3lu85HXj9p7iwWHfoJfOTs\XrnOA7LBa8\iNvJkI8\a9E0zs+z46naxoJ\V4eXz+Tec6ZxUmkJV7+4jm\1O\4it7Uduj7\h\NLPzMnvK0irn+2JvrvQV393N6I6TPA7saWEtHPpgf\lo0EMg4iITul9\Y7Kums8OIsLcXusLAwsTw78TU0Ynp9oc836QU4MlN6Pt90jeviTMyaHQQDNmy5pbjS3ZgdNQRq6wh2eHvqkZ2HzTnCxofyyiuvvPLKKz+68iIxaAJ4tDNC3\SwDCNchmP6xCMw33s\eucrNm3isvwEXpmVwhEzJ2JtqsEGWN5dTJswk19ccixTw7c69bY38fo7q\jyh0nYEwwM\ATSMllx7hHMT3N232Zq+9aP+dErzTxrudntvueGHzOtiBcvPZaphpfn3\qY5plXck4mgJvzf3IV5zfuYvLftmB0ejhlzkyumXc8U8O3p+6qw5c+TMSZYMdiPI\cdCSLWzbznYpsbixLD91msbOF199Zw01rDaoTDCzDj5mawYpzF+9W1x+\4uHfOEds\+1J\0a+nuZObvrcUi6YkkFa1xkp4GP71k\57j89vJ7iwDLia8+7rriKc7v77ErOb9xF6d+2Ynlb+OycGVwz7zO79Vlo3NgwKOKRm5ewuGUL36nI2m0bN681qYp7fPXfPnX+AJBIbqoHc6sfM2kS+YDH295zPMd4fUg7b1a5WFxYzDdPquGvrwaw23uW72n38Ovj2P8ffbW\8b6LqRNm8MsvHrfbMdc93o2erVrOCbz4jWOZmgSYPrZv\pgfvdTAsySF6me2UZCVzQ\OWMySbFfPbeA2fsz\PVnHG9kpof032yjIzuIHZ0Zbrp43spMj2qNnf2nxc+clF3B+gUHF5m1c9GIN21r93PT5E7lgYkpojJlBPM3VPPziBn7UmBRzfI7U48sAzLKJnJwD1NVy2Sv1VPTJV3y8gXsnzOXOwhRmHwSsib\9Lz\7TG4p7uDJf9Yx65JjmZoYarftmz\hu49VMuuck7iiNDl0jLQ18sTLa7l+ZwI24LKzzwq\tpbZlxzHlO6xsJ4fvdTIM0boOYuW1UZhVg63nbEoah+\nh1a7rJzzuquy+wvHsOUxNA49DRU8shLH3NXY2p4v9sJWgn87IvLOCU3xvrOjmN9xx9P1fQkANLmX0XV\HYeu\8DvtXi62cslXNXY2j\R8r4GHq+9yHVnQ\Uc+Ssg\nO4cd3nwswg3iaqnnkv+v4oSet121lTOcEXvpG\3fsxEj\v6L2i8f8q0WLzed1l+\JIb6ZcS07yDyGW7cQHnF+7xMWq\xte79ClZOm8mJmZmcTCVvxXl+vezcc7ilKPxmO2UxVT9ZzMamdqZk9G7Xt7baWTgR3nh1FRdvsIfqM2kOq756AnlttXxvxSZWAJZhctrnTuFnUw2ef+YDrtzawJGzZvOdw3veb3qPk\TQeeKcs7iluJ1nVhkcd2g6bkw2bt7ECS\tIGi5+dmX+o6D9fzfkw28np08cvpnCPnIg6t33stPNzVwUX4OGcnJYPRMAFvk849rj2Zuas+56uGX1vPjxrTQ6+N8v+x9Xl\K1MQo68PAsNrx4+LnXzw96rHYtT6j08P5S47mpjk9n9+87Y0888IarqtOxB6rfWqCNAO5iQZHetp4NWBRlGAHs5MdW6O1T5TPjz1NuVv+lbebqJicSHFiUuzlDQODNn797+3MvXAySwvyuXxSDW9ti8h78zmmwA5tnTy1zmTKhERmTyxm4XvVvGWPqF+nh\OPGKA9Rvj4jJrPKeHiUje0N3LHv6tY33f8bt\OVRvT+M\0BEpKcjG2NGBZLYwrmMjvLjiSqV23iwa8bY0889IqrqtOCbXH8cdRNcPNG69\CrOP4oiM8JisLudH\9hI04Il3DE3M9SePg+vv7WOiz4Jzf0Z+An4A3zrtBO5YFJK6POI6ae2ais\e7KcR9zZofeXzxwb2sbqBg4qO5FcG3h2VnLo0x+TP24C9114VJQ6vsf11WkYhjHAOE8Kj\MR3H8x8gDUtLGxOIPZxeOwPqqPeL80WXB4NlNp481qJ4uLQx0\lOPvotxEvKaf1Ruqw8uZ0P4J29qmQbo93J\91z9ya33zr3ZvK7E737O4gWG2xOjnVVxfnYpRfChvfPV4imu3cdST1ezoXr\FohOOZ8WMRFa+tZoLPwxg+gLcfHq0MbeRh91ZofYLj+vXVzcwreyk7jFX9rf1XHjEUdy421h6n+urk0PjbQSND+WVV1555ZVXfvTkRWLRLaBHO8vCsiywzHA5euLIfYiW3\5GE6t9QHoKl1kmluVlweKjePLzU5nq8LJycx1Pb26mwpHBcUuX8sISB5ZlYfmzefj0OSxJhYrqhtDtUNttlEyZw90n5GOGt9OzfS9Br4u\nDqNqTY\K99bz5XrOli9rY6XG4JAJ6vL63h6WxtYbRy5eB53H1XCVEcgVIeKNjzuUB1eXOLovf7MCXz3sFSaaxp4erOHClsqS45azB8XG6Hl\Dms6KeuPzkhP7Q\I6S\9nb\dpXXnXsUV0zPgFYPz5fX8XRFCxWmi5IpB\Pjz2V2vy6e9nx\tz5rxbLaOCpGn4XGjdkzJDJLIrbR3L2NPyw2BjG++m+f+z\0UIGduUvmce\hZaw6Oh93ezP3v1kXV\uGBKl4rZKVXsibMYMHi5q6x13k0A7F8e1\9PHu5fDFR\JUr2PO033M9Yz3rv52ccTCUkqCLTxf3sDK1nC7fL6Ew\2h+gWzi\njsjkcl2ujprqBp8ubWOdzMHX6HO7\8gSO9IXWF1qurJ\lSsLLWb331VPHFz+\kPML7NTuqOALL1Sz3fJx6bKFXDElCa+nmefL63i+OgCZRVzx+UO4yjcyjpehxDdMzMJNkNXbN7O9n+Ufe3YVkx98jwvfH1z7h6Rw8sml5Hubeb68iXWdBiVTZvHjq4\hxskONm6t4\kqL57kTJYdP5vl\vD2u187heJeY6GMuz9fwgJfqH5mdjF\6FWXxl51OcrXd32l5HlbQ+trCpCWVcRXl05nYXh\rcwSXrh0MctybT3HZqttaOvb1cjT21vxArXVdTxd3sj7lo8vd48lT5+xdDDLfSNrfAw9jjysevJFZYdz39KSnnNBeSOr26xQu50yh3OsyPZ1sWRhP\3vNyOWo3v9cfVf1H7xDtAvw92eexDv8lMLlBRO4YKOj\Du3EHQ00TQGwCrmSsfeYvJD3zArVb8x\e6HXXdbehtaODp8jqej9KuT+7swIObqYVp3fUpLEggDyA5kUV54fqaqXy+IAnaOnl2h0VR2fzwOPH1M04i+z+DUw5NpqKyjuerW1hdWY+VWdzPOCgLj4MR1D+Djvu+P0fkfc0U2Oh5zmXEsXTEkplMDbbwfHkdrzSEzlVXLJ3OAmso75dd5\WWXue+yPWZmSW8eOkR\RyLPetbcPQ8bp+bAR0tvFLe9dkik2Wfn8\P8gZoj+YdPL\LhKyJ\PK0cdzzxaNYlm2ysbyCO+Jqz77nqYh8oI1gsh83ALaBl7cssHZxf1U7kETpeFuvfOHCbOa6obaunqd3bGNlI5CTy2WTAr3qt0ftMYLjhTMzKQEqqnbyeD\LV7zxATMefJcTXqnDsiys\Jk8cvpUZifDxsq60Bhq8ENyJstOnsu3kyLfb1zMW3gw81wdvFLewEpPgLSCqdx44THcPT+Vmp2htqy1pbHkqNnckxfefls6v794KVeUJuGtb+Tp8jpeqYe08VO5\UtlfNkZDNcvfBwdlgc1DTxd0cLqXbsw82fwaL91nMctSaH9i92vw98\e34+amRlbeg20NdHnl9NF+fkp0JjG6\0eb8e7PH30HOrmfHAKr68wcT0bKKzo4GvLjmK8wvB29DKUzHrG3ne7JMPtBJIDnRvq9fyXeezmP08N9TPO7aHjuvcdK5yR6zfdPKF\DRoa+WpDyxoS+PB7jHX1GfMzeFSZ6DXuF7Sa8zVsPDoefy\qGPp8PC4HknjQ7FixYoVK1Y8qmKRGHQF8KhnjPIy1n500uwHkhOYggH+Ar4xOxN38y6ueeIDnmrqem0Ov\3SoZw0cxLLV27k3kPzOTgRtq99mc\8Lxmbyw5k8JsLp3NizjiuppFfd2\HwjSTWHHJPJYkB1j59kdcuNYLGDz+zkbSsg\jmCw\5S9v5FsACZP5xqGZuL3N3PHExzzgCa8mdwL\Nw4Zs2cxPI3N3GvM7x+h0HFpxs44dVwZdOK+duZRRw2ewrL3x6orgVcTQO\Htb+2Zf9CzCZIwrseJtquPLxzazsWnz8ZF49JY\irHTA07P8QO0Ztc8mDdBnE8N9RnzbGNT46luamGuf4+fFp\OTmZmcsiCTmu1bufbNap72DLJdPTu5eU0m\1yQxnFLZ3LW\dv5e4p993aPd\+jtZ1\3ADH3OTQMefoqZd3VyUnPFVBBQBubvj8HJYXjOfqmVW8vcHBbUdMDU1Ev\1h+FgDSOaWZbO4LG8SX5tTxWvrnXEu5+rZVb+HL596LN+d4sJTtY2zntlJBQZQzLHj3FC\ldP\vJWqpAQMA5aeMJffl6RxxHy4d81wHydDKe0UJ9qBdio2xD9uBteudry7tnHqv3eG+rPruEwN8PR\13LtttBSN3x+PssL0lh8sMG9H9P9WlpquPKvm8N\OHSHbm9aMJFvlFVx9joHtx1xUIy6TORrcyr7rwtu7jzrUM7NSeO0gMFbDh\LF0xiqqOd555dzRWfdnTv8zGnLOYPB03ka2VVvLbOGd\6Pq3gWkcCa0pSaG7YyLWvA5Twl5hjyeDeNXurf4ez7Cv071+Zko072MHjL6zl5h1duTTuOWcmp2UkcZhl8NeIVcQ+Fzj7rD\e\jvA+uXTLdw\cTY3TJjM7ddM5nvtLZRX1fLh9m088d4WVprFODJTu59sEc\xffbarawMTGVNSQq0NXPty7tCi83q267FnDM3g8MyUimilUoCXJybDgETryOF4uIA1DghP5spqVC7vZGngdsGOU5qt27khBe63lx8LD8p3uN4BPTPkErAu5PODWt6YnI47th53D4vBwiwbseuXst7qys59emuYyncljmZnJtcyVtte3he7z73pXNaoJK3HH6WL5gYow8m8bWynby2zslp4zOhYyc\+16fp+ajGGD4gUH85+Dk5g9Iw1qWvpvB38NP3ziE46+bCazp8xgmbeVJ1\dxPXd24vzPBVspnPD6oh\SGPJgjJuOq6EPGBjXT3R7b7elW0BADJSc4DwcWEFWT4hG+hg9bo6AH5d08Y5mcnMnpyKta3rmcHGnrXHCC5nJjgBHxW1nrhfd25ZDvlmgJXvrOLCD+m2\HPzuaEwmVkTDEKXEoe4W+v48uMbw58XivjbF4s5LN3Om29\yBfCY3rRsYewYkoqs6cANQYLj5\AcalB1q16l8\+r6V7XcWL5vHCgkIuPrya37\u6\53b80uznp6W3jcw7knDFRHYP3Y7ddID+xq4aLcLBYf5ueeD12hfG4eh2XDxk8rISkj6uviP\56tnv5uedwy\jwn6AatvHtf6zjTbK6j6N+6xlspnPD+1G2VRyxrb6fY4w4xiKw3sevK1s4JzODuWUmvBW6RsLKGcesrND72+PAwuMn7tGYu\OsWGMpNTyWYrWDSpUqVapUqVJlf6VI\zQBPNpZVuhYtxh9Zc9O9LNcFTUdUyA5vJ9zMpnqBk9jG0sPnsDSiDU4vUFIT2PxbIt7G02agZKD5nNv3Rr+uGozb3Zk8ZX7d2FLdIUfUWR1t9\SMw5lSaqPVW+s4cKPgtHr2dXOB2cy2wYVFZU84Imod81WHqrK5IcTsjhm\kbufT\8ws4mHn+1sWe55u08tyuPw8ansniWxb0NEXWtX8Mf393Mm94svnLfLmzJLoyR0E\7rH8Bawtn\WFL6BtLQR+W14flb8XcYWPbMXkU2+0swmKlFWd7fhJlu5F91hxxvNRu5aHKTH44MdxnayK28Upjz3KeiG3MjHd8Rd9f0wpy6\ln8aViF97OACQ4yMt2kb3DC6leAlursbKKcaYlxNWuFWs28qviQ7ilsJhvnlzNX18ORNzWIfSNsPj3P2L9XeM9nmPuYIt7u\+I18mbn2ynoru+ndy9rYmLCrI4eGIefJrAvHyguYlfre2M2K9W7ljfwGlH5zB7UjGss8W5XHX3vqaNn8+NU5LwbN\A556tZ0d3u7VT5wWyC\njZ+r47RvlPLrDxgt\9zApKRXDvpfG+34v88hNAgjSGdmvMcvCQbarj4+2V\X0Z0UAL0BzM3dv6zmuH2\ysrzAQeiE1TWO\Kz6ZFPoj7kWYHRy9+YmLsrPYmphHqyLGAtrOiPq2cod6xo4bWm4Luurw+vz8dG2qtAf0cLr29Tqg6wEig+xYP04FufaocOLmZfHPXkRg9X04SWZqeMLYF1dnOvr2g96\seKGEvH1\Hb\5XzaJWNF\7mYVJKeBJu2MfFXiq79fTzrU+8za0GEPRj+TuxfJ2YHRtZW1\KaRkG6eMsqO56fSdvfry9V\vevTXiXLChoc\5ZrD9d6D0SycPPPceK6eXcPW0HBblpjJ7Siqzp0zm\GOPwVO9gbv+Wc7DVhbGoI\vrv61+vR7V7tuZ3VzEYdlp3Kxv4o77fnMTAdPdTMVhZmUZOcD9RRNTqIEP29WhibMBjdOfJRXNfZsdrDjYNj7Z5BlWFr41tu7M6ndVsnNH1oRy\tYtSXyfbWZdS0+TstwkTvRgo\28LxudbKpLXzum2PBR3H2wUd17PCZkJXHV89qxPXyR\xis5\NjY1MeyMDmz1GO5gepk2dwe+OnUCJLYDH6yDNncis5BbMoB2jdTN+TwKOokJssY5fgLwZVP1kRpS2BE99NXe80hzzvNar9HjxdOdDx4WVXcziXKCplT\vCL2u4v0W1k1NZlZJAVd1buI3CaGXDLk9Rng5JdUN+CDYT7tFKR9\fjWPG0AwiBVox\L5MDvbuKdqGjcUpuF29eoQKqq380p3v\jpNIFOD69EfD5YWduBZ0oS2Cyw7Jw7Lg1MD51kcc+RWRFr84Y+p+flYVmhrwICVNRtjRj38Ph\VvO4BVhBLN\Z+\O4+Qq60T\f6qql3SW7iy9ZessJCEkAQJBZQkCooIIIjPuI86ooOPA7w4X547LzB1wHPHemUFn7sh15meUEcYZL6JecFRQICgICIJBCJDQWbs7S3eS3tLdtZ\7R1V3V29Jd7aurv68X+KTp76nznnO+T7nVCXfOlXdBMk46e4uvro3Z4wFnNd+AQ0vd7F51QzWLJhL8NIBQkGa80+voC7dyb2\jULv5arv78\Z\ljOv2xberiTB7cGVFXO4NzZi\jSByNM+e5O7k5FjjzOo23rF+3DnuejzXPvMVg9dz7zgz00hVK868xZ1BFj4\b9wCjnHIPmXO\xCkFjbNBc2pZge1srpz85k3DxCc6vra2tra2t7eRqpSOwAFwoQiO0Ezpew8KybCcEzJ6S+Wq82qVcV8swIlRXA6\t5t5dM\j0ollcdfllXHX5ZcS6WnnutW38x9P7+UnJ7L67ZSirYn1Z5rnLq0tJp7v7\zI\3PhKI0CKlrb2IfH7uhL8D6ZQMT1n+a4oGwbt14aOKJ9nBtVVg8b6lsu46i2Dxlqc\UR0XubnxMSDw00kksVcuWI+ly+qoq56Fisqy6kqBULFrAaeHul4Muh4bmGo3JwN2v593Tk569UVZcOg8fdtoxp4cgzzK3f\0wk+\66L+Oi8EPWvv87HN3ZyxdVn8fl58\jTdzfx02eX8t0vXc7MfXtZ+58NQ58\aL8zReIDoAAAIABJREFUYmz4ZROXXbeIC85YzTfrn+CG49n\wdsZzTlXlTuuBM1bBo3zxSjNb4JlU6dBKExpGGJd3f13e\dub0uc9kugakophBi4XGiE5fp3kjXLMv3SOdN5W1czd\fdDd3Ona+1cs55s1h+5nnceeZ53JmM8\rOnfzk2S18pbWSSHHO+nNbRng8L+J7aOheBFNCTJkGdI\w\MRB4nvbCc9ZSNG04lEf\z7pYdabTpM7QxvSKaBo0HJRGn6X\XPv4y9Fab4AlpXPAHJyPHj9W+O0X5qT497HgyMdn2lUlwHM4qp1sxhO6YwK4EDOfgxa34jnWe\jOXNpzXncuSZnLj23ha8cys6lvJgfJyGe7CCx7xAXrJjPRStOY0X1LJbPmcGy8sxOl88hU9gLwYBrQe\zfxel+fzstYBDg9Z\DPnre\4Y85Kvx\cI8c1bdvOpLbsz\apZXL+kkisXz+SC2hV86UPTKfv+Lr4VPYbz+0jbBe491MUNVRWcuy4B+6azsAwaWndQP30Wqyumcz57uax6JsTb+W3vnVW982T5fC46\QjzZNjtj2EejOH45VUcoCdKfU+Q80CalrZOnnq9mbt2dTHEcNfhvvUXD\96CUe+rg8eX19\9Dm468Vmrpxdy+olq\jMklV8Jhmnee9efvz8i9y2aw5FZeFhj0960Wq+\fYFVEfbufOnr3DX1NP42VurWb52NV+u\zkHrn4Pn6hJ8NDjL\Ffdw59\gDxOPWHUwMe6ujq5OkdB7jvtXYajnpd72+DmaWUAx2h3vcPKd67too6YPeOp9i4tfeW9nqevfh6Vs+v5h0XbuHrL2Re\454PHbPoWhKePzn3zHEt3UnYHZAEKQhFB4Sz+jMfIhx1kKKK6ZAupvU\h2cXreIy89cyorqCtZUz6SuPPOGa8D7biCWjh19fLnzlsrMh+DC5axbV846hjF9Bh8Jwb3DjpfMGPdlx7hmhDGONa95mL8jxnt17OGFg7Wsrp7JrYkDfDVSyvVzy+HgPjZ0wBUn6vwLwV2\fK3vHyovfetavrV0AZ+8tIO7H20fefyj2dZI+z\KPPcdg6oKbirbw+e7y7l27lToauWBrTDqOcegOZczrrt+18yVc44yl4bb\3ydP8aNGzdu3Ljx\ItLw7AAPMEFBH03XWX6A8\9API6nnkw6PuH\QHxWITyMiCWYFsQ0FtVe\2lx7niqZKRt0eUDQ89z4aqGm5dU8mV86exsGwW69edx\qVe\mb7+\gW33\8JamfstOts1byhXLl\PN157gxj0zBqyvb4w5\SCVgiA8YP+CdPYPoYD+T0hnvos\lLu+dLqvF+SM9dNrKrli0Fi\+P0d3N3\7Xt5l79R53ek56fifOyKt\Pnq8szv9+UThNLpWluO0xDxXQW9j1\lMczZ1GCYMD2glSKIAgP2H76KDnr3b8gZxsEo5lfwxyfZSu5bl4Empv4+GMtNADf+NHrLHv\6bxv2bn836ok1eEIDd3tA+bb4OObe1wDINTexGd\O5MfnV\B5ZeewXueTefEgzHsf06qerc\6Jwb\nzLHVyQuUMknBOPpwiAWCrIWX+yf\y9j6UyyxEK5eQiOXT+pLL\+BMKEdB\7Ygd2s8dbRV8Yek8PnnlHr75izihcGb9DZte5ZJN03jfG+dz7aIKVleUsHzZCv502SLO2\g8128dZn9GOP75FM\8o2wZC5Z0w8tlwz6fc97EK5+soH1HI29+rDcwiuOfOxf6rs9B\5oHPz932d65kO6fC5nNZrcRZH6nLXcsA\YvJ8cjjaVv\oez+55y26W\KCx\wddDxCA584cH2DtjNg5mX7uXPpXYsqWDPCXOrbXh7Pn5HjA\OckWLuipX8xycXUZd95xhLpIlFe9jcHmZ1BUfPf6L\WtA7fzKBnJEdY\4aNr3KmzdN4\1HOMfz5\iONp4gvfc1Esl5lC6YA73x5kPc23yIe349hY+8YxVfqJvHB87dyTd\1fvEsZ7fQd8f+0bSO9\re2g4fRrLa2tIlU2jjh4e2Bxl4\QY1y6ZxrXd81k2C2jv4u+DgBAp5q1Yyb+PYp4MPH97979\Hiz+QWPu9MnD\Bx7vKOlibf9dP\Ir6f0n0aZTtB3ozaDHu\8zCvl8mc18tBeR8wvgHrG3oujrh\O7dzzd17uODsedyweCbrqqZQvXARH124gPWbNvH2X8eGff5frFtANVE2PrOZu5oB6vnYc6X85\mz+OA1V9NcVkppKk79jkH7M\j4AHS28Pb7dx35\QmD5\fQ16+AFNeUZiZt8+GDBASE4jO4smYqAHXnXMuecxhizeI63vRsE89EjuF45On8HBx\+HCczzONhXOKCILUgPfHfctXrebJGy9n5v69fOzB3TxXNY8f\9HlrCnLLpBK0xGNsbktxbmzs7dM5zx\0EUh5+FgmPHmvLvtaeZL365nQ+jI+R+8jQAIKufx4z8cxRh3bufqu\dw4dnzuHHxTM4dJq8cx\Ed93gQEATR\q+BPifGV\bVsXo2bH55Dw1BMPL7o1Gef6m2rSTbZ1K8qJpwzvYf\3UbDUvLWDhzJgRtA58\+PqU3daI+8Mg2bGmR5HnzPU1ym17D3N91UzWrAoIWqpYMwNadrXwQBD0vz71NPM3367nWzkbHPH6lPN6GgLIuUaMNJeGPb+G21\jxo0bN27cuHGk0QkffRHls8En+0TrD9YXT3cx9w0VrAlD7FBn5q7PnjQxoG5mTV\NL7N8mvTB14ju3JOpKUSbie\cSrJxP1\ZuJm3\9uznHHfZu5qSsC0uVx3Zs4Go63c9\g+PvVyOx1M5fKLTufNPf0fMR8y\iRAhKrpRQMvtkGU95YWAQmac28OLg1xTSLn+UEPH586BYjRsB9COWO9c5ix\l7uWEdxPPOtP9iQ5Zev5JOryyntOMgdP3qBpd94hjO+9SyXfHcPzcEwKzja8Rxuezk5GyCI8r6j5CwEMGgbY5lfA8YztYhSoKOrnd198VY++9AOnuqOUF1RCvFDPPBs+\DPP0K\4cVtfG1PEmbU8d9WHvv+D1n\oHOuP54552I79\TX3wEoompR\29fhUiTXlVEDdAR6yEExNJQWlbEmxKD3swsDlMBdHRn\iEtd7nc\QkWhzN36HTHcp4f5\lXtnHvz\fxdBSqV63gf1d2ZfPXRbLxVeKHDnDfs1v5g+89x9oNL\AHz7fRQSkXrVpw1OObr\0Ne6PEiLBu8Xzm9qSGLh\v4dYFsykvKqEj1jam4z+csZ3vA+cCQLAyMxdaDme+ZHNwjnvXl5vjIxm4\RQdcaB8Crdmr+F98Z49xLa9Sqp7wGQ9yvqG6Q+aSx8+wlwa1fryvD\QHL54\iLqwj08\MxmLvmXpzjjW8+w9ju\5rGO4ZYfnP80Qc61YOj2jiN\2bwkjnKOj\fxHHt\If\6Z59kz1++kVvbowwWootv78\eLZq9Af+En9+Nh6jvgvKKafz1nOnQ1c3GdniwNUqMKSy4bDrLS2Hz3p3Z58\hr0c5T4bf\558OmegfkOZedBsjt9hOdPnn6usb1eHm19Q8\FvuVzchAiTmr\VmL79vHUi9v5+AMvsHbDU1zz+H4a0hGWL6vj2hG2V14EkKB9R\6G1\czC2vdBKbNpXqMDRs38ldRxjvCT+eHSWZu\3o4ZVt0czxWzuPi2YAhzt5cOuBQf+1Up8AKqu4cUn8uI5HvvcbtvXQANQtnMt7OuJDl091csmKGdSFI8QSMV4gwhfXn8GasgSbX97GNf\yFEs3PMPaf\sNf78\wbEYOr5uOuNA2RTOnRMfGE+0kti6mfgw183+50f461GNMZPXeDavHxshr\mUr2PtN7zcxeZ0hDXzazj\jBnUpTt54eXoCVn\F\oepr+Zj1fKBl4\Q6KkgQAQWTA8kd+PzKW6+Po8tz3\KfbeCEOa+bX8t5lFVTTwwsvH8jG++fcujkD39+GEq3Ec+bc8OMbeI0YaS6NZv\s27dv3759+\YH96UjsQA8wfV+on9wywiP51W8dx96mkkc2k\yUKZN7NtKzYxF\OsbqoA4T29pzDzv2TY2J6B0\ny+WradZGcnqcOHSO6L8dVPfIw9X7qaf1wacO4Vb2Pbl67nJ+uaSbS3ku7qJLl7M79uzf5Fr\c3PzNbz\zvxXq+1pSE2Yv560vCmTsjA7I3QqRIt7WTjqUINh9mcxrqli7goz17SB7uIN3ZQjyYw0fqpkIyxiu5v6U6o5L3LW0m0dFO+vBBEkEN764rhe5uHt4C5wwYaxuprg5Su1\JGWse529U+U0THBqY3+ShZpKH9pOOQ7BgOtXA7von+OctLaS62kkd2Mnys2azpjQnP4OOZ3KE4xn03SmeImjrIBVLwuauATlLHe4k3dlMIqjsy9nmTcGQnCU7OkgdPkAiqM3Zxmjn1zDHJft7z+XzZvNfo3tJHe4k1bGXRGMzvTfiEg4xJ2gmnTrC8c2dun2P97DhF408FYPq+VWZr23uvT6MYf9753vQO9+fbR1wziU6O0gfbh1wzv2vpbnjmsp5K8uoOXCIdFcbyX0xvrymmnLibN55gCDYywuHgNk13LRkf+a86Gojue8gnzmzlmrSNBzYA6NcbsDxAIKgic9uaqeDcq667DQu7klBzVk8dtvH2faRudQ0HyDV1Um6s5FfvtZKFCBSlJ\nz2jizzfweCcwfzn\uj5Ozb79mfx2tZJq3s5Fa1bzh3URiLbzwJPRMRz\wcd10Hk4ZP4NvJ72zYUVU6g50Jo5r5sPctvK3rnQAsE+nu8by77M+dbVSmrAWJoGrpJB+z\g8d1sPJiG0mquXX+Y+KG2zHYP7eaiN7+dpr\9OL+6pjL3STnXl+HWR9+NcEH8AOmuKOmaM7NzqZaa5oMkuzpIdzblzKVIfs2PY44Pl+fZ1M0ADjVx+8ad7OrKXr9SlVxWExlw3PqvBb35byU14FrQMnDRYIz5O0peUiPkJX+O72jje3mhMw2lNfzh+2dzVfsWEs2Z189k825i7Wn+92lzgDiN+zj+83vwcQ0CCA7wdGsCZs3mHbMixDp6eDAI4NkeGijlvJVVlHOYzZvHPk+GnG9jnAfjn59jjA8+7kd6\jB5Gpq\gXlPjvr1cvjtEOwalINW0l0dJA\tYn1fDqoIgiX8x6evp+nWNbxnX3Pm\fDhVl58qYX2BBCKjLh\jfE0MINz18WIt7Zmxru\nsThZN8wKiJRajvjIx+fAQdzFMe\d\l0bMD70cSB3cR37uWT163l8hkQO3CIOxsgCLq5tW42pcDmna\zp49t4ZbHtnJLtv3Tx15hw94YMJWLzqghNcLx2DToeIz7\DuWeMNuHtifhhl1\PfrprB8TxPJzo6+eVEzdzl\vbIcUj1s\N0+CGpYNhPoaeb7P9zMS12dpDqbSXQn+XDtjN4JmF0\A\p97ZHmaQBB0MY9zVGgnIvOKaWm+QDprk5S7Y3ULD2bV+68kVeuXzHwvBuwf\1j\MEPX+F3XZm\zyW6EzljZMg8T42Q17zO30jxwdeDtj28cBBKayv5i5pyONjJX7X1nj+5Bz\nfBrl+fdCNAXhSi5bFyPRmr2uH2jmo+dUUwc0tLWM\PyBAx3V\vUvPjDPL2XzHB+S597n72LjgTTUzOLGyqnQ1sk9Db3x9kFzLvN+I9XeNGDODTevM89f2jeXfj\7fj11+BAvvnQgO5eK8mt+GDdu3Lhx48YnVFw6Er8CeoILEYIQhIKBLcHwj+dVHIASzjznEh5bQ\ZxKC0vp25aBEhT\9o2Praldz8b+dq2Kr6+spzrPvI+1mzdycuxaaw5rZbl06Fjzz6+siNEQ\IwDcunseaCq\jV\L08fzBG+Zx5vGHx1EwhZPCP44UgFMTY8EQz175nHqvPPIMvb3mBv2gvoyUFMJPLP3A6X23o4taXd3Dn6zP5+ukL+Ks\vpLLt+yhuXQO65fNoaooTf1rDdyR3Y+MUtZf+U4eW9nIy51TWbe6hrqiJE\Zgf3hYD6QWM9EKO8MmesT+Vx\kaV3+m85aOX8FjQn9\etn7nq9y0P0HLGVC39ioenbqTl7tLqK6bz0WVxZnf+grSfU\JPZ6PjnA8Q0GI5lQAzOQtH1jBP+zu4tZXtnPn1gq+vjInZyVzWL88m7MtDXw5Ow+Oug1CsG0082uY49K0lXsbZ\L5BbX8l09ezrlbmumYXs36JTMpD6dpaIlRUTWLD\7+pSR+uZ3bd0SHP765Uzf38Y49fO63s\jR+RV9BeAQIegY\f73zve39M33Jr62vZqvn54957bs5OV4zjnXtI87d2a3A0CK0kVv4uFP7uHJXQnqVixgzYwIHU0N3LYFQsS47Tf7ueBtNax\5zv51cpGnm+LsDy7XKxtP3f+GhjlcqGcmdG7vw0vbuO+ZWu5oXIRf3nRXt72wgFe6Khi2fxVPHzzHJ7b3k7H1ArWLamhmiRPv75zyHU0L86fUcXb+NSv9vGjy2pZfd7lPL6ynd9s209zopS60+ayblYJpHq4b+PmzNcjBqM9\kOPa2Z7gy6dveMYdD3tVb7s\Mxc2Bml5rRFrJsVoWNPA7e9FoJQlNuf28+Fb69h\Tuv5smVjTzfGmH56TljeWaE9Y+w3bs2tXBtdQ3LzruSVxbu4tGGFFUL5\KGmjKItnPvc4cG7VroiPsRioWJActPeyP\O3WQx58+yAsd1Sybv5qHb67kuW3tdEyvYN3i7FzauivP5sexxofLcxeN3bCschkPf7SYR5sSlM6qZv3i8r7rDamA\h9AT1G6qDf\Ceqyee3P\3Hk7xjzkj\Hd\Txux7fzYXvXswFi9Zy15+dyZfbO9gfBaZMo66ihNIwdDTtGeP1dcBJ0H9+Dzmu7dxfDBv2d\PpBRVUT4P63buz+eqgoauWZdMi0NbDAx296xn9PBlyvgVjmwf5kJ9jig8+7kd6\jB5YsjjA\P+5BheL4fbDoS468WcHCzYxaNNKaoW5OTgNwcJAY+3zufCBXX8zafLuXZbMy1k3x+UpqnfvpcHR9i\u15o4dora1h21qX8dnYjT+6H5csWsKYiAtEeNqdKWb3sXB74vV187Gf72Dzc8Rl4MI9+\HuXL6\l0Y\O6n8\Gi6lpnIq5WEg2s6dP99FQwhCxUu4bEEEEh089KvowOOfXe99L3VyU10pC+uq+euyLaM6HuM+\44pHuUrj+1mzbvquHTZ+Tz8uTU8v3MPu7uK+uZFKUmefuZVPtsYgtAhXjlcx4WV8\nMzRHO295BbEYl6xfPpir7Lw9BOgGhkiHXgd7tH3GeZvP59G\28fSCxVyw7AIev3k\j25vp3TOPN5QN53yVA\3vbi7P2\Z59G3vkO80lXHhXPm8+c3R1i3rYNY+eAxxgnRNKZ5np\5G+31pfdroKtYUwqbf5fz\nhQnsZ6\j341B7eX7OYC866lBdmN\LkvhTVixZwUVUJsbb93PZIx8jPHzTS0exf\9KjzXNJ3\PvajrMzfNmsXwWNLzewtM563\6uUFzbls7pZU5c27T7uGPVxCCUCOPt87jwgV1fOnT5bx7yFzaw4Oj3D\jxo0bN27cuPHBcelILABPcEGQpu9M7\3kx0TpZ28GKa+c1f8PgwDpNB2dnWx8cRu3vHSYvn9QDmDjxuf5VHQ1n19ZwfKVK1gOkEpSv3U7tzy2l91BAA31fGxjmn+4oIrVdYu4bnF2nYdauO2xLdwThDIbD2UHEWQ\x9y2gzu2zuRbq2bxe29dydfv38kDrx7kxtq5rF60lOtq2tn00kvcs\EVPhNbys0rKrjo7BUAxKI9PPTbHXzqN4f6xwsQPcAD+6dz2eIlLA9DLNrNA89s5ZaXsz8S2\D6yGPduJV78ilfx5TfCNW1s6hmqFB7QLBxM5+ZeSZfOKM\n7FoDw89v4PmRSv4SGU5axYEBI2jPJ5BMChnbWzavJl7Hn+Fz8SHydkL2\nUC2394x92Gz088MyWzDZGPb+GPz7f+NEmYpefwc2LZrL+7JkAdHR18cBvX+eWl7u47Pyz+J+rp1BdFmQ\zTXM8Y0AZD4lHgyK7\7t69yz5FxurglDJNJ3fdg4yv0ffr6\wKd6VmXOuTMGnXOP7mF373yPhIEYDz0X49xz5nHVOiCdpH7HLm55uCnztddBADvr+djGJF84r4YLlyzlunB2fTt2ccdDDWzsXd+Rlnu4kY2964tkv8gi3Hs8evjSMy1c+o4alp97Nn9R\yKfebie6GWLeXdVDZevq+nb\wee3MItLwfHNr\zpb9zG1f\oIPPX7SQ98+dwUVnV2TiqSQtLS187ZdbuaeF7HPGcPxzj2vf9rJvGfrums6OJ1IEhCGcJghC2VMpzlOvdbFwyTyuOq93zmzjlsf2ZecCsPP1gWM5bVCO+9bfO5bM+vv2f0DuM+t728+SfOuCGi6sWsR1NfSdm3ds3Mo9bdkC5WjXt2UPPz1zBh+pquWqdZXM7HmGP8idS+cNmksvpQe8XuXF\Dim\qA8AwT7+OgvpvCd9TVcWLuI62qzudrVyF91zeIf1kxj4byZBK+2Z49jnIeejXLuudn8D7kW9B7vImCM+du6d1Befp3Jy6WLeXd1bl66eeDJrTnneL4c3zH025r40A\jfP6ihby7ppSqWf3vl2LRbjZubeS2pzK\KT+m8zvcm+MIfb+lPsx8\97LIXjuMPXnVLA6HKV+W+\1oIWn25Zy2bQiGg7u56m+68ER5snhmfzDmdNZOD93ntB\vvXu\676I8+D3l9JyIf8jLWfe9xH8\59yOvbCNfnY369HHl9fTmozuZxwLmYWd83\vNlSq84nRvr+t\TEIvy1O9289lftRKMdD1syFn\vEVctyA73t1NfO1XO3mAuXz9qsWsm1ZKFYPmR+\6wtm\RAx+PRrpePYuXzqV5bWZ3\XtFYvFqd\fktl2dn5dePF81oShpbGZr420\oZdbDxQyUcq53DeuSXcfqzHYyL02xr56L1tfOQty7l50VTWrVzBOsjMi7ZW7vnNNu6oz37FfNDDl362g6orF3HlzFquWlcLqSQNLfu57fUSbr54FnWVSwiCxuz7ByCS+3rc+3e0nNeH3POnd\62NfGhH6b5h7cu4LI5NVy1riYznq52vvHr17ljZ\ban\u8vv3r5ks\20nVFXWZMZ43zBirlhDQmJ3nK4bP61Nt2XXmWb6O8Xq0+6XDbF41g9Uc5qmnco7X4Ov1WM+\tkY+9OM0\3BZHVcOc85vPNLzwznvSXpfr466fDib757h89y8n9vqc\IcNPQ\mDvHx2OetKenhhS9vA60\7oDl3Xu+ca+Mbv97GHbuCvmOaaQdev0a8Zr64i88+3ZYzP\Ngfti3b9++ffv2J1ZfOoJQ0Peve5poFv\jI4RLy8Z7GBpWLf\2R6dxIQe441+3ZH7DWMfhVBxPcyadCDdc9QY+XwdPPfkcH355vEcjSZIkjUJiJvfesJqLovu55P\UZz5gJUmSlOfSsR52\ulbx3sYOgYdHR0AbNq06YSve+3atYB3AE941u\zVX9egiDwwzjH7VQcT3MmnQh9506QvfNBkiRJylNB9CCpnigL3nQa55XB5vqGzDeLSZIkSROcBeAJLjS4E9jPm37Ow6F8GM9E7+c8fNKOZ+42xnt\7dufoP3QoIfHezz27du3b9++ffv27Y\Uv\by9dxUVUxNTTmlsTYeeDJKKI\GZ9++ffv27du3f6R+blcazALwBBcEwcATP8B+XvSH+f2qvBrfROufiuOZs40g53ev8mL\7dufQP3hfj84n8Zn3759+\bt27dv335vf9o0ls+dAoluHvr163yDIL\GZ9++ffv27du3f6S+dAT+BvAEtvgfHyFUUtp3vg9tQwQExo0bN27cuHHjxo0bN27cuHHjxo0bN27cuHHjxgsono5H\Q3gCepU\AawBeAJbPE\PkKouITMKd8rsG\fvn379u3bt2\fvn379u3bt2\fvn379u3bt1\A\SARswA8QZ2KAnD4hK9Zp1io73QP2bdv3759+\bt27dv3759+\bt27dv3759+\bt258EfWlk3gE8gS3+x0cIFZWMvECIzAdCjBs3bty4cePGjRs3bty4cePGjRs3bty4cePGjRdMPEjEvQN4gvIOYI1OaITWuHHjxo0bN27cuHHjxo0bN27cuHHjxo0bN27ceGHGpRF4B\AElrkDuHi8hyFJkiRJkiRJkqRTKEgmvAN4gvIOYEmSJEmSJEmSJEnSqBWN9wB0fIIgIETmq+BtbW1tbW1tbW1tbW1tbW1tbW1tbW1tbW1tC7+VjsQ7gCe4UPb\Mm1ohNa4cePGjRs3bty4cePGjRs3bty4cePGjRs3btx4ocSlI7EAPMEF2f\LtMEIrXHjxo0bN27cuHHjxo0bN27cuHHjxo0bN27cuPFCiUtHEgoCZ8lEtfgfHyEU8Vu8JUmSJEmSJEmSJpMglWTnn751vIehY9DR0QHApk2bTvi6165dC\gbwBOe9XtJkiRJkiRJkiRJvSwAT3B+y7skSZIkSZIkSdLk4u2BOhILwBNcEAQDq8AB9u3bt2\fvn379u3bt2\fvn379u3bt2\fvn379gu5Lx2BBeCJLjTofB908gfGjRs3bty4cePGjRs3bty4cePGjRs3bty4cePGCyuONDILwBNYJBQiFQRHOMlDgHHjxo0bN27cuHHjxo0bN27cuHHjxo0bN27cuPFCikdCoRGjUni8B6Bjt7CiDIAQoRFajBs3bty4cePGjRs3bty4cePGjRs3bty4cePGjRdYvLdGJA0ncvvtt98+3oPQsYml0jzVcCjzCZCAzBlva2tra2tra2tra2tra2tra2tra2tra2trW7BtOAR\fN5izps3E008sVgMgH379p3wddfW1gLeATyhfXLdIiqnlhBEuyCUOe9tbW1tbW1tbW1tbW1S7Fu2AAAgAElEQVRtbW1tbW1tbW1tbW1tC7MNYl1UTi3hk+sWIY0kFARBMN6D0LHbebCDd335mxxMFxGeM5fItHIIWdeXJEmSJEmSJEkqCEGaVFcH6YN7mRNO8uDnPs7iOeXjPSodo46ODgA2bdp0wte9du1awAJwwfjaT57g3ic2sWt\M6lUeryHI0mSJEmSJEmSpBMgEgmzqKaa6y9ey81XXTzew9FxsgAsSZIkSZIkSZIkSQXiVBSA\a5gSZIkSZIkSZIkSSoQFoAlSZIkSZIkSZIkqUBYAJYkSZIkSZIkSZKkAmEBWJIkSZIkSZIkSZIKhAVgSZIkSZIkSZIkSSoQFoAlSZIkSZIkSZIkqUBYAJYkSZIkSZIkSZKkAmEBWJIkSZIkSZIkSZIKhAVgSZIkSZIkSZIkSSoQFoAlSZIkSZIkSZIkqUBYAJYkSZIkSZIkSZKkAmEBWJIkSZIkSZIkSZIKhAVgSZIkSZIkSZIkSSoQFoAlSZIkSZIkSZIkqUBYAJYkSZIkSZIkSZKkAmEBWJIkSZIkSZIkSZIKhAVgSZIkSZIkSZIkSSoQFoAlSZIkSZIkSZIkqUBYAJYkSZIkSZIkSZKkAmEBWJIkSZIkSZIkSZIKhAVgSZIkSZIkSZIkSSoQFoAlSZIkSZIkSZIkqUBYAJYkSZIkSZIkSZKkAmEBWJIkSZIkSZIkSZIKhAVgSZIkSZIkSZIkSSoQFoAlSZIkSZIkSZIkqUBYAJYkSZIkSZIkSZKkAmEBWJIkSZIkSZIkSZIKhAVgSZIkSZIkSZIkSSoQReM9AB277du3j\cQJEmSJEmSJEmSNA6WLl063kNQnrIAPMHV1taO9xDyViKRoLW1lVmzZlFcXDzew9EpYM7zm\mRJEmSJEmSpBNj37594z0E5TG\AloFq7i4mBkzZtDa2koikRjv4egUMOf5zfxIkiRJkiRJknTyWQBWQSsrK7PgNMmY8\xmfiRJkiRJkiRJOrksAKvgWXCafMx5fjM\kiRJkiRJkiSdPBaANSlYcJp8zHl+Mz+SJEmSJEmSJJ0cFoA1aVhwmnzMeX4zP5IkSZIkSZIknXgWgDWpWHCafMx5fjM\kiRJkiRJkiSdWBaANelYcJp8zHl+Mz+SJEmSJEmSJJ04FoA1KVlwmnzMeX4zP5IkSZIkSZIknRgWgDVpWXCafMx5fjM\kiRJkiRJkiQdPwvAmtQsOE0+5jy\mR9JkiRJkiRJko6PBWBNehacJh9znt\MjyRJkiRJkiRJx84CsIQFp8nInOc38yNJkiRJkiRJ0rGxACxlWXCafMx5fjM\kiRJkiRJkiSNXdF4D0CFLkrTiwf5QVuaqsqZfGD1jP5QTys\efYw27Ld0xbUcNVpJeMyyl5lZWUAtLa2MmvWLIqLi8d1PDr5zHl+Mz+SJEmSJEmSJI2NBWCdPKnDPLFxPze1BZl+y35+0BLlmxdXMSMCdPTw45YYT2QXv3hqbNwLwGDBaTIy5\nN\EiSJEmSJEmSNHp+BbROjo6DfOMn+\qLv1mvHWjnyp81sf0wEA4PmIDhcP5MR796dvIx5\nN\EiSJEmSJEmSNDr5U3FT4Wjaw60\b+WfYr0PhHjX7CJWZXudXT28+5Fd\ORAQCjnaaE8m44WnCYfc57fzI8kSZIkSZIkSUfnV0DrBEpz4KVG\mRLnNd6Hyoq4Svrl\GuuiLYvYObftHJwwGQTPDZzflfwPGrZycfc57fzI8kSZIkSZIkSUeWX7dcauJK9fDiEzt5R07xt7R0Kg9es5J3zWrlwV800Fi7hLuuqebW0nEd6Zh51+HkY87zm\mRJEmSJEmSJGlkFoB1\BLt\OSRPVy\P03vtz6vmjObx9+zjFXRBu748V5u3dXKFT\YwsZEFX\ynkVsmB064irzzXgUnDqf38FZ99dz1k\30XlKtjgOWlr4xmP7ODDe4xjGqcl5Jz\4z3rO+s89p\gYjNd2TxyLwJIkSZIkSZIkDc8CsI7PoWbu\EkLn+0M+h66Yul8HnznXEq31POen7byrXjm8Vg8xo0\3cK9O4q59OrTeHhREeU5q3p6zyFe7Eif2vGPwaktOHXzRHOK+UUhSru6+XHjSd7cOHnxpXb+qduc69iYH0mSJEmSJEmShrIArGMWq2\k+sc6+HZf3SXCrect5a71FTQ+\Trv+U03m4Y8K8kXntrGZ5\u4bRLTufx86ZyTu\6Yj1c\NdfHdn9FTtwpidsoJTYyvf7YLLTqvgvaS5Z9vBk7etcRQOAaEw+fwrric350UUj8sxmM0H33sW9e9dwtxTut0TzyKwJEmSJEmSJEkDFY33ADQRpWh6vpGbdiTY3vtQUSkb3raMS2cfZuOPX+Xmg0Hf10EPFXD\601sbo\ynbct43vTd\G5J9v5XhIIUtzxmyZeO1jJ7esqTsXOjFlZWRkAra2tzJo1i+LiE1+6294QZRMl3Li8hvKWNv6tpYtne+bwxrLBS6Y58Ooe\r4+yqMxiAFnz5jC\eGebxxdngMy6Q4sHkvf7\9SMsc4M7729i+qIa73jAjZwyDH+\tV\JpOritMc6LKZhRFOGPTq\ixjOmk\kK4v3cHgU4zMX313PxkPXmj1OR86MbTY6gL99bo\wkAaWRCJ9YWcXZe\dxQ\dUHrt6HpV0cP\9TfwF03ninbVU9OZjagWPzY1yx5YYjyShNBLmugWz+fQbZpLPP92dH\mRJEmSJEmSJCk\eAewxqzzpUbenVP8LZ8+nYevOZ1Lpxzi3h\u4sYjFn\7vdp8kEv+7zbqZy3iy9fM5fbpvZGAH+xo4c5X8\duvpN612HqII\uC2DGVM6vKOL8RWWUEue7r3QPWjBN03O7eMfmKE+ESvjc8gruWlRC6eEoN\yyiRd7xrLMbt7xapTXiqbwhTNylnlsFz\Ye2xf0by96SDX70nx1sUVbDhtCheHUvzT5ma+2whQyptOr+AzM4CSUv7ujAo+sTCfS4zjfafp6HMUe62JGzZHeSJSwu3LK\hCFfx8837u6MhdX5JEAARpBuxJRwc3vJJg\vxyNiyfygeK03x31wHufDl+anbzOHgnsCRJkiRJkiRJGd4BrDGbsWo2\71hP3\ZDefMreabb6mlvGknn32yg\uTY1tXZ1cXV\7oNe5683I+fG0JCx7azU0HA5g6nQ+tyO+7+E7aXYevd\P\p+DDddVMTyVJnTGdD\+2h282d9DJVPruke05yLd3pWDmLJ6+ZiFTQpmH375jG+99sptHtkU5+7TOoy8zv407d6Womj2bB9+5oH+Z1gZu\1ErX958kHfOraKUCBEgEh582Rj8eKbfFJRw91UrWD8zRAi4dOkOun7eyRN7O\nAgtksPWsmh\f8DpIlrH\DIipTCXpi+V24G7c7TVubR5ej1EHueTVG09QZPHTdEhZGAALe+eLrvPvFKBT3ftV09qunGdRPhvnoJSv4wKLiTM7euIei7xzgm80dfJ7KU7Ovx8E7gSVJkiRJkiRJ8g5gHYPI1Go+cEU1G9Yu4ntvq6W8eSefenzsxd8+yTg3PbaVh9oquPSdZ\Dwqgq+d8VSlpbl\TMveuwp6fnBKwxzrONMWKUcsXKYlLJFAkqubY2BF09\LgxZ9HGKD8EPrxkHlNIk0olSaXSsOQ07r9+NZ87e8qoluncFeMRQtywekFmmWR2mVnzeH9tiFhbN88ey67NnM7FMyFIJUmm0gRzp7AMeKIrBqRJp5Kkg8yi6WSSVPrY7jQ+1U58zo9u1Dna2cMPU\DeJfNYGM7mOw1lZ1dyw5CvDx9G2VQuXlREkEqRTKVIh6eyrAzoSXDgJO\jiTIe+ZEkSZIkSZIkKZ94B7DGLBVPkppey6VnQZBOkoglR\WVz0dZKwc646Rml7DgvEUQpEhEJ05BMB6P097e3tc\Zq2H+G4blM6ezjlTkiRjQCLEyroyFuzr5p5tB\nAgjkAHOhIESPCsjkQ64mSyq4iVDyFsuIw4aLIqJaJJdNAMQuqk8R64v3LREqpnBoG0hzsAMa6W+EQyVgP8d4VFvXmMwykSMRTZOq\Ael4nPz\kuF+JzTnozDqHMUDGomwurqIRDSa+ZpnIFIyk2XTG+Hw0bdVnIgS7X1iKEUma6ETvEcn16nOjyRJkiRJkiRJ+cQCsMYuSBCLhyiNpInHkwTh8Ii3kpeWFPHh2cVkft01zSstMR5PDbdkiOJwklhPmuLSYkLJWF\xKt\19PQQi8WoqKg47kJT5\YojwAcOsia7xwcukBLF8\2zOGNZUC2fJpO9xcEAYJElO6+b1I++jJF2dpekIyTyvnG3CAVp7dkGzmWm7GDgETuRpO9o5lYxcThnMicj8ZocxTL3lIdBMkB508qniI1qvMpIJ37xJw\TqQvUz7V+ZEkSZIkSZIkKZ9YANaxScWJDVvIHejDq1fxuTNzHvjdFpZtOtL9wmkSseO\n\hU6enpobOz8wT93mg7P96TBEq4\azp1CVSfcU9IhFi+9u5qSXOd1\p5o3rplI7u4TSHT1sO5CC2bkV2gP80\fbeHF+Jf9ac\RlvjYtAiRoaIY3zc8dT4rmrjRQwoJq+oqB9dE4A24HbkmwjeHLuhOkhj8mJzbnozOlZHQ5mtJdxALibN7fw9WVJTnLHaK+65QMddyNR34kSZIkSZIkScon+f8jq5rgAtLpdPa\gCBUOFPuhBeaGg7zwxgsqJ3Jh9cu4M1vWMSlvf+du4Ar3jidK4BH9rTSBITqpvJe4Du7Dgz4Cu7Yq938JIAzZpaPapkZS6ZwBQHf2tIy8Ku8Ow5w\6A0ooyVkUAIlREoLEjSmffQmmatnfxi+Pf+wlhvIqLo81R+LTpvC8C9+86QFPuBzQaOrh\EvwcrsVfSZIkSZIkSZK8A1gnWZDuIRrt74cmxs\6HtWJLzSleW17lFeJcPvpNaSTSQYfqtCsWj48u52HD0X5SX2aG1dVc8PSdr63vYP3\zTOJ+pKmdHZzT81JjgwtYJPri0lkT76MkGwgM8t3coV29t5\09jmWW6e\j27jjPUsSX181jRipOnFlcUt3CV\d28iePpvhEbREt+w9zZ0eYS0uG3amjKikOQU8P3\ptC2+ZW8HZtce4olPgpBYX41G+\osGpg0JRHjz2fNYVzPKHBVX8\FV7Wx4qZv3\XQ3n15YRlVPJt87TuyI847FX0mSJEmSJEmSMiwA65QKCuBLgU9KoannID9oCWD6dN61MEUsGh96pIpKOX\ZVBY8280Pm1q58fS5zF9\Oo\P2MHfvNbNba9GiYVCvK1mDne\dT5z0j1EU8VHXyZdwvz1K3h8+g7+ZktPZhng7JnTuO+CxZxbCfEegDCr3lLHvY82cdv+bm5qhaXTSvlfl1ex75eNPHwMu73q9Ao+fLCNu7e18+\tIZ6rrTzeI3lSnPTiYirJv7ckhwmEmR+Ds1Oh0eUokab4nGU8HN7GX22OcvvrcUojET5xZhXz6lv43IkfeV6w+CtJkiRJkiRJUr9QEAQTvyI3SW3fvp3a2trxHgYc2Md\efwwjw8T+tjZy7hlec4Drzdy1ovRYZaM8KVLl3BNftb\+py8QlOIkillFIUhnegmmhhumQglZaUUhSCd7CEah+LSKRRHQhCkSaXSEI4QCYcgSJHoiZEgdGzLhMKEI2FCBKQSUWKJAAhRPKWM4jAEQYp0CgiHiYQhIASpBD2xBFDClKlFhNNJuqPxnPEPfbx4ylSKw5BOJUmnU8QTo\hh6VPs5BYXiyktKyYSCgjSw388Ip2MEk+ONkcQKS2jtHe5dBpCESLhVr73vUY+N3U2r142m0TvdumdA4P7g8Y35PH8YfFXkiRJkiRJ0mS0b98+li5dOt7D0DHo6OgAYNOmTSd83WvXrgW8A1gnQm0Vt60r5eNDqkPFLF0J5Nb0VlbzYNBF+5BFSzm7FhjuJsg8cVILTZFiImEgSJEcscqWIpFKU1QUJhwuJkScRCxKUFJKcSRMpCjz+8pBOkkiFs8eymCUy8QISkoGLhOkSSZixJO9ZcmARCxOqLSYonCESBEQpEnGU4SKi4\pB8WTqRRF4QjhSBHhEHlXAD51xcUQoXCI0JDHe4vCo8xR237+26OHCZ82n69eOJtIZlKR3tXGQz1w6dypJ3EfTj2Lv5IkSZIkSZIkDWUBWCfAVBasnsHCYSLpZDfR3JpepJxVa2cOs2RAKt5D7CSN8Hid\K8AjtPTHT\qYkE8ysDFApLx6FHq5qNZJj2KZYAgSTyaZMhIB1St40SH3ZehjweJGD35eFspp6q4mCA26gMwihzNnMFbp3Vya30T6cPt\N6sMLHe3wouKuN7Z5WTyd7g7Y40jrGM79Sy+CtJkiRJkiRJ0vAsAOv4JZMkw8Gwdy+mB9eOEkkShIddNpWnd\9aaJp8JmzOi2ZxzdVFVG7cwx0tndywDwiFeOucch64cCGrpqXpyddPWYzBhM2PJEmSJEmSJEmngAVgnQApEvFRfnVvkCRx9Btd84aFpslnQuc8mSJdNpMLr5jJj9IpUumAUN9vBadJxvLzbt6xmND5kSRJkiRJkiTpFLAALI3AQtPkM\FzniQWg5KSzO80Z38qmCCdIpGIk2c\sTxmEz8\kiRJkiRJkiSdfBaApWFYaJp8Cibn6RF+p3mCK5j8SJIkSZIkSZJ0koXHewBSvrHQNPmY8\xmfiRJkiRJkiRJGj0LwFIOC02TjznPb+ZHkiRJkiRJkqSxsQAsZVlomnzMeX4zP5IkSZIkSZIkjZ0FYAkLTZOROc9v5keSJEmSJEmSpGNjAViTnoWmycec5zfzI0mSJEmSJEnSsbMArEnNQtPkY87zm\mRJEmSJEmSJOn4WADWpGWhafIx5\nN\EiSJEmSJEmSdPwsAGtSstA0+Zjz\GZ+JEmSJEmSJEk6MSwAa9Kx0DT5mPP8Zn4kSZIkSZIkSTpxLABrUrHQNPmY8\xmfiRJkiRJkiRJOrEsAGvSsNA0+Zjz\GZ+JEmSJEmSJEk68SwAa1Kw0DT5mPP8Zn4kSZIkSZIkSTo5LACr4FlomnzMeX4zP5IkSZIkSZIknTwWgFXQLDRNPuY8v5kfSZIkSZIkSZJOrqLxHoCOz759+8Z7CBPCwYMHx3sIOsXMeX4zP5IkSZIkSZIknRwWgCewpUuXjvcQ8l4sFqO0tHS8h6FTyJznN\MjSZIkSZIkSdLJ5VdAq6BZaJp8zHl+Mz+SJEmSJEmSJJ1cFoAlSZIkSZIkSZIkqUBYAJYkSZIkSZIkSZKkAmEBWJIkSZIkSZIkSZIKhAVgSZIkSZIkSZIkSSoQFoAlSZIkSZIkSZIkqUBYAJYkSZIkSZIkSZKkAmEBWJIkSZIkSZIkSZIKhAVgSZIkSZIkSZIkSSoQFoAlSZIkSZIkSZIkqUBYAJYkSZIkSZIkSZKkAmEBWJIkSZIkSZIkSZIKhAVgSZIkSZIkSZIkSSoQFoAlSZIkSZIkSZIkqUBYAJYkSZIkSZIkSZKkAmEBWJIkSZIkSZIkSZIKhAVgSZIkSZIkSZIkSSoQFoAlSZIkSZIkSZIkqUBYAJYkSZIkSZIkSZKkAmEBWJIkSZIkSZIkSZIKhAVgSZIkSZIkSZIkSSoQFoAlSZIkSZIkSZIkqUBYAJYkSZIkSZIkSZKkAmEBWJIkSZIkSZIkSZIKhAVgSZIkSZIkSZIkSSoQFoAlSZIkSZIkSZIkqUBYAJYkSZIkSZIkSZKkAmEBWJIkSZIkSZIkSZIKhAVgSZIkSZIkSZIkSSoQReM9AJ0Y7e3tdHV1kUgkCIJgvIcjSZI04YRCIYqLi5k2bRoVFRXjPZxR8T2gJEnS8fE9oCRpIpiIr1caXxaAJ7hkMklzczNFRUVUVlZSVFREOOyN3ZIkSWOVTqdJJpO0trbS1dVFdXU1RUX5+XbZ94CSJEknhu8BJUkTwUR6vVJ+8B3CBNfc3ExZWRnV1dWUlJT4pk+SJOkYhcNhSkpKqKmpYcqUKTQ3N4\3kEbke0BJkqQTw\eAkqSJYCK9Xik\+C5hAmtvbyccDjNr1qzxHookSVJBmT17NpFIhPb29vEeyhC+B5QkSTo5fA8oSZoI8vn1SvnDAvAE1tXVxcyZM8d7GJIkSQWpvLycrq6u8R7GEL4HlCRJOnl8DyhJmgjy9fVK+cMC8ASWSCQoLi4e72FIkiQVpJKSEhKJxHgPYwjfA0qSJJ08vgeUJE0E+fp6pfxhAXgCC4KASCQy3sOQJEkqSJFIhCAIxnsYQ\geUJIk6eTxPaAkaSLI19cr5Q8LwJIkSZIkSZIkSZJUICwAS5IkSZIkSZIkSVKBsAAsSZIkSZIkSZIkSQXCArAkSZIkSZIkSZIkFQgLwJIkSZIkSZIkSZJUICwAS5IkSZIkSZIkSVKBsAAsSZIkSZIkSZIkSQXCArAkSZIkSZIkSZIkFQgLwJIkSZIkSZIkSZJUICwAS5IkSZIkSZIkSVKBsAAsSZIkSZIkSZIkSQXCArAkSZIkSZIkSZIkFQgLwJIkSZIkSZIkSZJUICwAS5IkSZIkSZIkSVKBsAAsSZIkSZIkSeKFv13F0hV\xwundKsHuO+GVSy94fu0nNLtSpJUuCwAS5IkSZIkSZIkSVKBKBrvAUiSJEmSJEmSJqtK3rfhFd433sOQJKmAeAewJEmSJEmSJGlMOl79T+646WrWrljF0hVv4u03\R0Pbo0NWa7lmbu55X1vYumKVZzx5j\mrmcO8PTf5n7l8+CvgM72\bXtDzzL3zqyt7nfojbvr+doVuQJEmDeQewJEmSJEmSJGnUYs\He\54N00rPsoX\jn\87C7lf4P9\4X9xy9S94+T++z+fXlfYt9wcfuZvmiz7K\jnNzNl+\f5xh\EQ\UAguOspHHvsgffL+KS\87\jOrBY23vu3bPjc70PtM3zhotKTvo+SJE1kFoAlSZIkSZIkSaOTepUNf3Y39W\+Ir\4l99nYQTgTVzwjktY88GrueN\fp\r7\sQC7PLNbzli\zsruxyb3kTV5zzd1zzwe1HLwBvX8ANG\+Z983PdC+45DRY9yE2\OpVvnDR2pO7j\+PvfsPjrK+97\Ot+c71I8qYwZOWwQIgdzcFg8041pEzjEKEGE8GNDb6LeBqlG0ISbRloRJaaUUESsEdsY8yWrxdRScMRwC4sQrDW2GL+Q9BuzZ9RlDidQGpQsN550oDlS9gzT+4\sj2uT\ZXfP3g+Zhjd3Wuv67PXXjP7zud9vd8fAABGOFpAAwAAAAAAAABic\Ko9n4prfjeYm\y1ytuqu773jzJuU+\Ox3Y7r684O3GpD6gVTNjOM7MeZp1k3H\k5T8bUknT3lbRQMAgHBIAAMAAAAAAAAAYvP1JZ3VdCVP6t6G+frESZJO6OyfJV28pLNK14xbum43Scm3xXAck\SNfhguAADXIhLAAAAAAAAAAIB+dcVzZaiHAADANYsEMAAAAAAAAAAgNtddr8k6oZYvuid4L7V9ISldyWZpzPjxmqwGfX6q63ZfqeXkoIwUAIBrFglgAAAAAAAAAEBspmXqvpukXb96V2evGp6\elp7f\W+NDVTt98U2G7vni7bnf6N9h4d5DEDAHCN+fuhHgAAAAAAAAAAYLho1q\Ky\VhiFduW7pW82+erlUv5uvAAxt1z4OntfnRTE3+2qW3XntZjhNTterNPCVLUtx0rXo2T6\lb9SSVaf1zIpM\aP7XW1\4V21XDfIHwkAgGsMCWDEpqlC8zY4Ao\H56p8V4Escb3ZmVMV89bLv7fpRdr1sk3mvo\y2uFxy\VxoxqOfaQ6V4vaz3fI433JNM6shAlJSsnI0II758oy0TSkQwUAACNZl7itp8YmyHxDgpKsaUqfdYcyvpOshF7Fjxg4Xb7jJWV6\3HrUA5oWPKcc6m+sUENH9fJ9cd2uS\6o2\FT0iQ+Z9SdEfGAmXNschM+A0AGPGcclQ6Q76yKmOt5t8sjUldr5oD0\XKK1V6rrBal\RNJc8r1OsvP6y7bh7j337M7B\p\V+N149LX9eGwmqNMWfq+1XVGv+LPG0YrI8DAMA1iAQweudCjTa\fofeetQy1CO5tpx3qmZnhao\bPUnfLvyXHTLfdGt2pONqn39JZkmZ6lgQ5Fs0+IHdaiDpeNkrV49JOX9MJubCAAAGG4ut8t9uV3ucy1qPLxHFWOTlfujrSpISxjacV3tUMtvX5Xjap6eWEgEgfDcTTWqrqxW3dmw0bc6zrvVcr5WLcdrVf2iSUlzClS8xqbkcYM61EFD\A0Ao9vtT7l0+qnYtr1++mI9U7lYz0TZbvzMAu04UmB45gvt\V+Spk\SeEnSjbrvFy7d53+96+NozwMAgK5YAxi91r53u\acGepRXCOudsj5xmotenC97BGSv6F4ztapYs39Wv2aUx1Xo28\YlxskWPLCt2\5iXV\vG\h3o0AAAgFpdbVFOyQmv3u4dsCB0nHdr80P1a\WKt\tSToArXlotOVa9ZpBUb7BGSv6F41PphhVbnrZbd2TFgwxsSxN8AgJ669L5+kL5YP3j3q+Dnv2zQkePSXdNuGZpxAQBwDaACGH3Qquqte5RRlackWvkNnKtuOUpWqqKpy8TT2CSlzZmrjFlWzZiepM46mg65\+iS6\gHOnC4Ua2XfRt71LJ3vVZeLtPOx60a+bXAbjk2rlbFiaEeBwAA15osFdcUKS2WTf\qVovLpYa6A3IcN97A5pGrcq3st76lgukDNtDQzjtUsqZCrkE+LEaYcw6tL6yQ83Lw06bJaZo7L0MZ1hmyTPRWsYe7zj0tqlm\Up7nd6oodeRH38TfAIBeuX6msmc\pdU\KpDc+bp\+nhdcR\Vay9U69jUfNVk3zjUIwQAYNQiAYy+OVOtzW9maOeDSUM9ktHpqluOJ1eq4jND8tdkVsajm7RuSbLiuyXe45VsNSvZmiXbo+1y\rpEJb9u8d5qflAAACAASURBVE9EtR8sUUnSTpUvpVkbAADojXgljIuP7WayccmyTkiWdY5NBefrtO2H21R3wfdiu2reqNW9z2driJtBQ1YVvf++ioZ6GMPFOYfWPlohlzH8npChgh+vC72kivE6b3eqemOJ9pz0R99y\LhEN79WLtvEQRk9AADDzDc1v+x97a7aoud+tVHL3VekG6Zq\rIXdLBwsWZcN9TjAwBg9KIFNPqs9Y3tqjk31KMYndz7twUnf8daVVS1S5uWhkr+dhGXIOtDO7RzjUUm\5MeuSpLaN0NAAAG14QsFb9YIIvxuaYjqj8\VAMCQrjqVs3zXZK\qUXa8cam0MnfrhKsyn95p4puC0Tf8rhUsWmPWkfTUiwAAPRE3I2ataZcB4826\RJl043vKsdTy3WjOuHemAAAIxuJIDRKwnjjbUaLtmfr5GbSY3+dd6hbVXGBoUWFVSVyTa5Z7sxL92qTfONE1at2v1WfY\WEQYAAOiziTbdO8f4hEuf\zsRCYYP98FtshtbHE8v0M6ttp4tdxNnlm3LJmWPMzx3Zrd2H+daBwAAAAAMHhLA6JWMH2xS7njDEyfs2rbfPWTjGX08qv+lPWh9uqSH1im3V63j4pX2yGOyGvf+21rVX+zbCAEAAHrGpGRLUA2w3O3tQzQWoIvL9ap+LSj6Vv4TuTL3JPnrE5+mhx8Nir5Vd7heHX0cIgAAAAAAsWINYPROnEX5T9lUt94h37Sd6\VtcswawPWtrnrkdh5R7Xsfqe7fXHK3e++iN8XLPMWijHk5yp6TpqRxod\uObpNi7bUeR+ZZCs7pCJr6G07uVVTuEL2U7632FR2qEgR33KxTiW529ToPUZW6Tsqnm2K9I4w+6lX7W+NveeylL+sD+ssJ8xVzt2vqrXVovSMDGWlpcjStYtdU4XmbXB4H1hU9Oty2SZE27FbjsdXqMJXKTG9SLtetinsCsPe7\DA\lrVn2wNfIcyKWFigpJuzVbWd7M0d5pZphCTbe79a7Wi0tX9hRMVWjGvwv\Q9vz7KkqNMIaTH6junTrVdr2ObkyWZUGWcu6cK8vEaN9b8Ge3rNnlX1u540ydHHtqVfuJS+6Lnfs3JZhlmXmvlufZZO16Xq92qPXo27LX1Ml1xq0Oj\zXdVZuge7NTIre8tuovUV17zn0QX1zYH++MXyr8xxnT4++DnTQ+V5Spvcft0oXW1T7ul2\NCp9suSaZxZltuzlZ1nU9aUmFaEBACgx9pP1emI4wN91ORS6\kObycTkxImWmRdkKWcrGxZwsYtXeIVA1flCs2r9D2yqez9QKwXHHcEvxaeUxXz1ssXUfl\P8NuE4i53MerVbHTIeeZDnlkUsI0q7Lm3aucJVaZ47qMxxhzedxyHj6gt9+vN\zu+85NtpYvzAobH\duzMGxVvupOh15qzYorjKNMytpeoayl+bIlho95gjS3qK6995W7RGnXOfaO7\rsQky35que\vPP\+wp6PXur4uFZ1xvD77nzlTun9\hIyc5T1Wqtap6frjowspVkt3dbOHrhrzID4m\gbAAAAwDWJBDB6zWQtUPHSeq3f700Be1yylzmU9qKtd3fKR9Bx0qHtP7Gr\nyI1mmeDrlPNqrmZKNqKk1KfnCryh60dvuD3fStdKWpzpuc9ajxs1bJGiGpetGl5lOGx55Guc5I1ggTQZ5\a\DuX5IydMftvUj+Sur4wweG\UimzDuUNrZXu\LtQRlPv6OMvuyijzqc1Vr\4z1quRzqVY\az7nVfq5azg+r9dLYZOX9pEz51v6d0Ih6HZ1zyv26U3WvvyJzZoE2PW5TcsQJ0y6utqr2uRK9ctTdrcW2p90t5+EKOQ\vVsbT5dp0t3cC6GytNhe\0n1M3ut6z3ONqtlp06bKIqVFG8tVtxpf26zN+1pCtvj2tLvl\LDzHL8yIUPf37ZJ2T1pKX6uTpuf3Kb6C4Z9XvTu89INsj6frYTw7wYAXPM8anEFJ5LMCVF+Oc43yv6Tzao5GfKXTe3nnKrz\3Z\X1ufye5Zu95hoUOu19Zr\V7j77dH7ScbVXPSJSW\o4LbQr\T\dvNWv+zerm7nR7Dufl1tTIe36pN8\twM2HIYbtU\fR67Qnx3XguutVyvEYVx2tkn5anrc\lyxo1jmlX42sloeOYy+1yO2tV4az1768vyd7uOtT4YVD0rYyMNPUukvcam6HimqGMvom\ib8BAAAAXMtoAY0+MMn6ULFshlbQns\s2na4f1tBuw+u1\1rKkJPGnTjUcuv1+v+Ekf3NYnHWZQ+3bDfRqcijTQ4mStJbjV8GqlNoUeN9XWBh2npsvYyaetyBh85Y1YfJ6CGWEdThVauDzf5FMLlFu1Zv1IVTf3VKK9DLXt7dh25j1Zo9Yr1cpyL8RAXm2Vfs1ovhZh8Ctau+p+uVYXTI51zaG3hS1HH5DnvUMmTe9QaaZ3tDqcqHlqpkjCTT933Wa+XClfEfo49DbJ3mXwKMClryVwmnwAAkZ1z6O0PjU+kKf1b4SOcjqYKrXikJEzytyuP3Edf0uqHKuQcYX122xzbuiR\DaYsV3bI5K9HrfvXauVPQyV\u27qVv2Lq7X2YD\G6Jecqnhsbcjkb7fDn9yj9asr5IwUB151y\HkipjimM79bdaBln5cU\eqS8Hhd+9v5BwuiL+NiL8BAAAAXHuoAEbfxFuVv86m+g2+VtAeuaq2yZEWS\vg6DqaKrT2ZafhD2qTkhcWqCA3S5aJ8Z1tyjwdav30iKp\Vu3\Q97TVKG1lUna+bjV0GrNrLQsi3TCW3lyokGuizaZw9zV7fq0PsRzLnmWZIROxl51qfnjwMO0OWnd2rzFxq3WFuPjZP1z8giegLrsVPW2QKtwmZKV\WiBcu+2KCne+7muetRxzqUjv9yuav8ETrsc26p1x64ifyLdvLRc7y+Vetp62r2\RGtfcwVdR+bMfK17eEHE60iXnaoo3Kz4X25SVpTZlZa9r8jl8Rj2bZN1cufn87S7dOTlzar42HcW2uWoLFHrfznl8kgam6zcH67TvbOTlWDqPB+tf7Br2xaH\HObZ3Zr9\Hc0C3Fr7rl2Fgih2EiyzQhTbkr85U9M1lm7\nznG9R\Tvbtd03SeVxy\HjEt38Wgyt29+rUY0kmczKfnyTHr47WQlxkqe9RfUHXTLPHMHXKABg4F1sVMVT1TLW\5ruzlZGuOq6cw6V\NhhSG6aZE7LVf4j2cqY4m1Ve9Uj95l6HXhpuz9J7DnvUMnGm7UzqCONWbaX35dNks47tPbBCv84jC1kh4ZLNXs7\8+Umqetjy+XdaKpMxZwOlT\1yyFrNs9Va3NJzze9sidcUSO7zf\qkftZ+r1tuG8dMbo1aq\u1gZfeoq0+nIiyXyeFtNd4upLrfKebBa298wJKcvOFRxMEc77wv1aTrkrFyris8MKbQQn6nVeUQ1r9lVe8ojXahXzXt9\xx+51v1H8bHt\yzkvvhPA0Z4m\ibwAAAADXPCqA0WfxqflaN9+Q6vS4ZH\eEbG6NiYd9ar4cfDERW7ZW9rxQ5usk+MDa1SZ4pWUmqtNb+zSprsDswTtB0tUcTT47mqzNd0wSdEo57+HO3irXI0h7uP+uFkhVsDqdLLBsG6YRen\0tv2aW61GVtPy6LkgVpXeRB0fPy2HBd9j5KUX7lDTyy1BiafJCnOpPjJVuVu3KWdhZbA8xcdqv1DH6s7zju0LWjyKUG2rW9p18bcmK4jXa7X9u11ilT7LUkej0dSvNKe3Ondd+DzmRIssm0sU76xffgZp5wXJI23qWzPDhXM8U4+SVKcSUkzi7SjMt8w6etR3e8bQ1YXtL5ZEjRpmjD7Ce14Y6vy5wQmnyTJNCFZWYU79FZlviy+Y3lcqtgUpbohsGfZfrJDT8zvnHzq\GzJynrIJsuIa7cJABhwlzvkPuVU7RslWpEXnCiRKUvFa8LdVNeqPZsqOpM0kqQEZTy5Q7u25ivrFsM6pXEmmW\JUkHlW9rxkMW\L89nFSp5s3WgPtWAMN1WpJ1b8zuTv1JnLJCaq7zZYTJgns7kr+m2Au18pzOO8P\mx5mUcEuWCl7epSeMCSJPnWo\7p\qzs64J0xMNTZJ1vs2acdPc4OS1617a0PH0Sd2a9tBQ6Q13qatu7p\pqRUm56ofEtblwxAzWNbm4Luv7Qk93OL6cFF\E38DQAAAAAkgNEP4pVWWKxsQwWH5zO7Kn4b7U\2yFxvVhgSqiZlPV2mgkhrUsUlKONJ4x\5HtXtOqKg6b8p1qBKk4\+LUw697xTDb7WYxOtsvoSsN51gENpbaqXf0pt+lyl9bYC+mJ7cPJ8nGlEt39u+Xdn4MEt2cqKsIayJJkX3qssU7zME82yzrEp4WrfbiVwvVNtmEA2Ke3pHSpKi3YdlavotsBZ9zRW6O3Poh\LNGediueHmS6MS9KCXGuXJ5OU\1yRwl7WU7KUY2hbrn9v7X5jRXud7MZJ7in5KtsYef3D+Gl52vp0VuC6OrNbu4\HMNGX+rCWp\bvunAAgJHGofXz5mleLP9s39WKwvV66deNwW2Kx1pV9FqxMsL8pLR\aNduQ7yV9FBZlPVr45X84FYVzwn8dre+uVv1sba+HXLxsq00VizHyJSl4i254X\z4xKU\Vh+UBK20dUSZuOeS3qoLGJMFX9bvvLvNkSxF11qOd91q3bVvlFjuOHToqIXI6y7GhevtDXBcVp\6PhzcIQVP3YkR9\E34H9En8DAAAAuHaRAEb\iE\TY09lG1oee9T4s+2q620O+KpTH+w3vHlKvpZnxvCHb1yScldkBR6f2a3aE8YNLErPDEwsdNQ7Fao+pOPTBn+FQnxGvpan+t4Tbh1gt5yNgakBc5q191UDf+1QUG3GxMSRvbbTVcPExtn\UEu0wpOxGSo+9I52vbFLZc8UqWBOpAnfKC7X68BBwwGn5Kvg7hjOZpxZtrXLDROmHXLUOSO8QZLiZbNlRGz7nZCUHPz69JwoE3JmJSUbHp77z26VEO6jB9RovFHi4QgTwcbRZi7Xcn9luUd1h+sV7atJ\k7KyL4WAQBDzKTkhU9ox66yCK1P3ap3GCruTFnKXxZLLBCvjLzlgfirH6tdB94dSpkefauu4pfkhE2i+022BCdTz7dH\b2PjVW5C6N9LyZZU43Jt1a1dQ1k2htU1xR4GL+kIHpb3DizbCttvVxqJbSOjuCzkjR+hEc8xN9+xN8AAAAArlUkgNFv4tMe07o5xjZzjTG17gopqJ2yZFmUEXr9sxBM30pXmv9Rh+qbglO8llRDu8FzDZ1twLpocQUmG9JuTVayJTB55frU1b0N2PlGfeBPNJuVndGHSZNRJtkS+DbkqdO2JyvU2K36Y4Cc+VyNvbyONCVDcw0TkJ6jDeHbf0uS0jTjlij7TEgMOn5MNwrERapA6ZDrD4ZRmRYoO+a1wJJkNc4aNzbIGaVSyjJlJDdDBAAMBVOCWdY5eSp6ply7Dh3Sjh9mKzlcdackXXSpwXDznml+duxr1nbp9NLY6AzZunXYmZ4cU\Koqztut0TfSAlKNCZU\9LRPwngW9KVEkNWKv4GY+zQIc\Xwa93fFKvQNQdrwV3xvKZJN2WrXtH8BIpA43424D4GwAAAMA1igQw+lG8Mh4vVlZQDni77Ed7Ps3U3uIKmpxKntyDP3zHmZVkmPxzt7YGTf6Zbr9DGf5HLn1+ouvUoEsNR33PpSn9WybFW1LkvxE8xDrAxophjcuQNUqbtYhuNOtm4+MTf+r7espDKP72uUozXhOnHCp5cJ4W3b9e2153qPGUW56Y1r\queDrKF6WW3sygZIkS1qXtoUhbhbwm3izkmKdoPZKiI8+WWS+KTnCqy363FgYccvNPWofmfRPxklWl1ojTgxadPOk2PcNABitslRc847eCfFv58vFKpiTFLR0hedyvJKzsmWbY5E5lhzJHz+X8actOalnv93\fKvhYajWrcNRclIvOsckK2kof5d7NebugloV6w6lTIv1nUmypPbDALzME4Oib7laR8SVExbxd3jE3wAAAACuFX8\1APAKBOfoaKns1S\pc6bdPWo7qcVuuP28Ou8heJ2B1ftOjbMk6O3Y3K3q10KTFKNtSo9Tapr7HxY73RJmYb2dGecqr\o\f+JMzqrVMZZZB0ntVyUfx1gq2GtYWdjo\t8XffoRhrF0KLM+l\mqRA1vq\OydoelEZMiwkZKloTa1W\iy4CsfT7lTdm07VvSlJJiVYM7Rgdrbmzrf2eCInnODrKEmJPeyf1jn540vtt6vjvySND7PxuPjBX6v5YnvwmoonKrRiXkUvd+bWf\6npL7cvAAAuAbEK2FcfMiWq\HjspQ0PUsLcveo5IfeNUAvt6hm40rVL92qHWusUdv2dnzlDooXXJUrNK+yl0P1tm4dnX1ZTDINZWxo6o+op0Pt5wzf9rh\UHwPPpM5ySJFqQ+Nmel\Kij89oyI2vHwiL8HDvE3AAAAgBGCCmD0u\jMAq0LuuW8TturGnvUbs5zuR\XbDvX1qUNdbws3wmkaLu2Fmv\tMFfLRKfYfVOGlqUMtO3RZd1gK+61Pyx74FJWd\pU\pXUpJuDqp++I8od4YPf+aFZdq1NVfJYSeWPGp31mlP5XqttM3TokdKVH2875UXwdfRzTLf2Je9eSdohpOu60X3kfvPI2WtRADAcBY\LU\lVQWy+MNBj9z7S7S60hn1d6vrWqx941b7xehbYah0qOMvhocTE4durdObblZQzWfLCKkej4D4e4AQfwMAAAAYIUgAYwAkKGvduqC2Yx3vbdOrjUP0x+1lT7f138zW9EBF8EWXWvwJVo9cnwbSwWm3BqaCLNbAWlpB6wCfMKxXbMpQSl\zv0pQssVYH9Oi\2jphyqE8w6tv3+1SqocqjvRqo5BLmxISCvQjncOadfLTyhvZpIidV\znG3Uno0rtGiDQ+4Bak+H7jouj\BqFwDA8DE5V8WPWgzVeZ1J4IpeLA3Sex2DHu9ghBqfLItxbepT\6GWKGuzxsK9f73uX1Mi+\46uc52DFjb5XCIv4c\4m8AAAAAA4UW0BgYCVla98MPtOKnjd5EaYdqX3hVGb98QmmxtIKOMzZhS1NxzVZljYv0hh6akqHsidWqPidJLjV82iHbhPgu1byd6\6xP9Luixq7KwW\rhZLmXIKsl17EjgLvDZdyitH9qnWW7Pkmmvw38G6o81ypOZ0acWZ+3Oj+Rsb5H2Vahxn2RaUqZDj1ujv7E\xZlknp6t\C3Zyr\qUce5Fn1Uf0T19Q1ynmzvlqj3NFVobVWSdq2x9uqzJySYJX\9xp\k\krShN4OfhiuwdXlFp74+8r1zqN9vgMBAIB+YV66Sev+sELbGn2\8B7V\bREM24tly3M73FwW+N45b78jgqmD\BAMURMwUucnPqT3FK\rC3ccxalZ5pUc9AffeujTzzKmN2n6FvNx51qPynVnGxUjUyyPX9IRf24dnFMiL\7F\E3AAAAgBGCCmAMmIS7i1Rwm2Ha4GKttr8evfWf5Fv7yadV7j\39+iSZDUsStzY6F0f66xL\jlK3\q\PhMMlQHedYClVjnrA58oLa13EyXdWO\QAmMX7aMfqbFPVQjtavjQaXhsUkZqpIkKz8BXKMSZFD\ZouwHntDWyrd06Mgh7Xy+SNnTgs9g+\5qHellC+z4ccZGgq1qaw+7aUjuL1uMe1P8N3o3jgEzPimoXWHHhe6TeAAADJ3uXWHkccn+cp3C\SQnTAz6ZVP7heHyy\bfg169OfolKCnZGPB2qKMH8a67tZ\W\Wyzl4QVLFeX9\Yt7iqvUF1TYbHUTsFDcI1Rvzdd8TfAAAAAEYIKoAxgMyybSjQB49UyOX9q7j94DZVzy6I\s4pyTLJ12bZrQanW3lT+rceIKjK9uNmua5myOwMtf6v\x2GygDvmMY61XDO93qa5n4nlvLmGMRZNXdJvBz7vMllT52q9y1XxoNJkd8Xzmdv69UuE1B33B4pVd2itjZJE6Pt2K0\nerdkLqJMykp1aYnUrOU8eIKlbznS6y79Kcv1KvKgYRki+Ll8t500CHXv7ul6bFeR61yNRqmc8YlydyfVej9Ikk33ybpM+9D73VsjYv0HgAABlFClooKD2jly4HlMzyN22U\mqbizBBxU9LNskjypfbqnS4pc5A7loQUYyXjhVa1RNkEAcm3WiU1eh816vMzUkZMFd+tcjVF36pHrHNlG+dQjXfdaM9vq1Vzf4bypvRud669ryro9svMaJ2ChuAaI\7uBeJvAEPrzJkzQz0EAADQj6zWgZvzIAGMgTXBpuLCDwyTfu1ybLcrIcrbdGuKMuRQnfeh61C9WpfmKqb0Z3ut1t\ilonJsj0jxalzblXBQuTu1fmWgzH8NSp4WSBZrhCr\rf4s1QzrYOSqXq0Xu+Ab\BKVSM2TtxwkKy32PybrvJf\EUesb21WTVa7cqEnZLq66ZH+uJqjyOumh5cqI0qr6v2OpQDhjqJgO5XKr6t48IOcfXWo+2aqkR9\S1rujJcnjlTYnS3rP4X\G\ecOSb1Irk9LV5apRg7vGHt0HZ2p1wfnAg9Nmekafs3dEmRNNUufeW9b8BxR7fECWWNsV+iq+q7W\zZeCf8QryRrmnLy8pXW6xZ9AACEZl64TssdK1Xtn6\0qK6qWtnfKZK1azwy3qr0iZLL+xvsea9W9Y9ao8YtkjpjnvvX68g3EhQ\LkkpaTnKeyitn1oKx9YdxXPic\VvXeroFrTEijp05PcuFUyPIeI62xgUp\WLOIvufdSqmhf90beqX6pR1s9yZe5pcu+EXZv3BUXfys+LtpxLP11jxN8DjPgbwNCaMqWXdyYBAEYlbgxCJLSAxoAzLywObgV9oT1s2z+\sWm6427De85Ua\t+d\jt\TrU+Pqrcsqj9nNuuZ11ao1LCD3ZMjZNd8wJvK++sSbs+r8+pltnBCYhPv5I1fWN\tcsM1OiJ7Z7IiFbRQ8Zp0pcsheul+NsD\Zx1a26LZtVc8Hw3HibipaEmIJJTAxqZ\bRJ9GmLzvUWPO2In4rpnZ9vs+h2uMtcrd71Pjbj6J\95I8\2WcMDPJfGMvK6u9ldR+sV5HV91ylO9Wq\+JeNmyhkP1UXdJd+YYJtQ8qqu0yxlLn\VzNbLv65Dnolvucy1q\Nij+BsHbpwAgGtYXJLynsgNjpMuOLTt16FijSRlLDLEKZ46VbwW2xIi7v121Vz0qOO8W+6Tjfrocnyfkr\miTcbHrWo4dMoUcxVtxw1dZG3QbAJGVpgWBO346BdjqithztUv6vaEKf1n4S7i5RvnFc\YdfKEodae9Ka+VydNm+pCYp5E5YWyTa5+6YDco0Rfw844m8AAAAAIwEJYAy8OLNs6wtk6dHiuCZlPFxguOPbI1flWm07Gnn6onVfiTa\Z\jre5xNyzPDpWVNsqal+R+59+7WkXDr\pM6KxK6RxSner8CeMk3ZHavy2qJSnpga0qMibPLztVUbhCm\e71B5tIup8oyrWrNS2j4Omn2Rbl9+92kaSJlqCKpg79tlVE6GyonX\5uBzHUrXCaCmV7Q52gRQh1P2KsPElmmB7viXrhslKMF4ui92hF17y\LdfMO113kdVTRGGPfVdtW\uFYVnwX2aLotXzm3RR72kJlsU5HxHF9wqGTjHrVE+mouNqriSXtQ9YjlwRxZaF0HABgo0\NVvCQ4odS+N3SskbSkSDZDTNJ+sEQlv26JmATuaKzQ2qqgXzblfzdE7eD1CUFJ4faOCK1MbrUqzfDQ+dovFTaEuNqhxqr1qj4RYZAIIUHZDxluDvC4ZN9klyvsl92hll+XaNuHA7TqalyS8jYXBf3d4mmq0OqHNstxInoa1X28Qqsf3ab6LjdfFj9kDX1D6kBcY8TfA4\4GwAAAMAIQAIYg2OiTcWP9LCB1wSbitdYDJMl7arbskIrSqpVd8odaJF21SP3qTpVl6zQ6iqXYSIiQbbiMMlOr862c14ej\+93df\9UmSJS3E9M3EuUoLcVd\n8WZZduyVbbxhuc8btVXrtX9371f65\bo9rjLrVe7FDHxQ51nG+R87092vbD72rRgyVynDJOy5hkfbxcRanh7ua36I75xmS5S\ZHV6viwxa1+3bjPdf2NYu0stIpj6SE8ZHrnrtPAK3s\h1K0mW3Wj6s1vrH1svhnzQzyVJ4b4g1tUyKN36Mc7u1\XVn4DwYP\YEm4ofDb6OHCX3a8WWGjnPdgTG4OlQa1ONNj+0Qpt\a5jgM1lUsN7WT+0jB4JJ1kc2BV0jns+qtTpvtV7a71Sr4WR4Olrl3P+SVq8oMZxjyXRbkYqXDN9PCAAYDUyyPrJOWUFhlEvVZY7u3UTGWpVfbDNUDHvkemO17l\zkhxNrYHf+asedZx1yvGz1bq\xGGocjTJsqZYtlBtVcfGBzW1db+5XdVNrZ3xw8WO4NhknFVzjXHfxVqVPLZZNU2tIeKH+1Wy3y2PTEoY38vKyWvV9OUqXmL4tk\VaG3eatk\bJH7svfJqx61n6qTfc39Wv2GK2zisV9MtGnrT2xBFeue8\WqePx+Lbp\vba9WavGE4Frxn3Kqdo3t2lt7iKt2OhQi3FwY60qerFI1nCXxABdY8TfA434GwAAAMDwxxrAGDTmpcUq+P0K2XtQGWFeulXlHSVa65\o8cjduEfbGvdEeWe0ZKfXhOB15nxCrf\rY\mXDGl\cOu18AnjfhBvVdGrO5T47FrZmwwzK5fb5fywWs4PY9iHyazsp8v1RNhq6E6WB4pl+9AwAeRpkeO51XKE2d50W5HKH\iTVpSE20KdE0A\bNban9Z7J2Zj\Q6lhCVbtTXMxEiyJU066GvB7ZHrzfVa+ab3tcJd2rEs8D7z0nLtuLrWcIOAR+6jdq0\ao88gLFWFVWWydbTdZcHW7xVReWbNftEsAAAIABJREFU1LF2s+p8393lFtVWrldtZeS3mibYtHWLredr2wEA0FPxGcovtKj+5UACz\OZXdVHs1ScGRyzxacWacfGDq3eUudP7HpO1qpiQ60qIh7EJPPSrdq6NFxiJVkz0iSHP4Rwac+Gldrjfa3gjR3K9f\uJyhrTYEOOCvk8g34Qr3sG+oVLoJIWLJVW5OqtbqSlYBjFy\rmnIV\XFloAL0cotqnlutmjDvME2wKjnO2S2G77cRpRZpZ2WiNj9pl\Ny4HlPu1N1rzsVS6Nv04RsFf\sCWWMj7TVAF1jxN8Dj\gbAAAAwDBHBTAGT5xZuU\k9zBRGq\kB8u1a2uukiNU8hqZJmSoqPItlcV0R3WSrBldk8Sh1\17\9b6UGt2qR4LcjoYXVzT8UnK\f5Q9q1JVeWcT3ppW1S0pwi7dizK2ryt\M4VhXtKFPetGjHMMk8f5N2vRjbxIX57k3aWZYX83cok1kZa3Zo5xqrwqXw4+cUBbfHNmj5Y\dV4ZKWleutsrwYz59J5swi7dhVFnK9tmFpfIaKX92hokxz6BaD3ZiUvGyrdr4RoSoFAIB+Zl5YrPzpxmc8qnv51ZBtbxMyi7WzskgZE2KMfcYmK3fLTu2KED9I8cpaUxRmaZIWtX7R5amJNpVXPRHDGEyyPrpDOx+PdGyEFWeW7cVd2jQ\ehxjSi1QedU6zQ21XEs\ip+Wq7J3dmnrMoviexJ+j01S1podeuuNaMlfrwG6xoi\BwHxNwAAAIBhjApgDK4pedr00Ada+Ub3CYJIEtIKtOOdfLmdR1T73keqc7Wo\bxv3SmT4ickKNmSrazvZmnuNLNMPbib2pKxQPF7awLryt2SIkukCaVxyZoxUWr0VRyYspQ+rUcfp9fMMwtUXlOg9lNONTTWqb6+Wa1ftcvdblgvK8GshCSLsmZna+58q5JinfTxGWdVfuUh5Zyq05G3alX7iUvui94znZAs65xs3WtbIOvEHi3qrHhrvna8szzMdyiZxpmV8E8WZd+do6w5Fpmj7d47UZh08JfaXfORXIZ9qdUtt9StbVy8NV\lbxnG8G+uwLkzxcs8xaKUjLmyzc9Scgz58mEnPlm2jbtka29R3XsOfVDfrJazbrX7KlfGJsg8OVkZ83I0NzNtZH5GAMDIFmdW7upcvf14TaBl88VabX9zgd56tPsNdfHTbNr0a5vaT9XpiOMDfeRsUeu59kD8kGBW0rQMZS+aq4zvJCshlhhwok3lv0yS49e79fbHgThHkv50LkQEMTlbm96YK7fziA7sr1Xdv7V4f1tNip9gUdqibN1riB0iLQOKCOISlPHkLh1a4ZTjnbdVW+9Sqy++G5ug5G9lyZZ3r7KnJ0hyB62lqjjFmIDr6ZjMSiss1zuPtqvl0wY1flivj5ytav+zIb6SSQkTE5R0a5bumD9XC6xJPfpbRNKAXWPE34OA+BsAAADAMPV3f\vb3\421INA75w5c0ZTpkwZ6mEAAACMWsMx3hqOYwIGl1uOx1eowre0zJIyvf+4dUhHBAAYXYZjvDUcxwQAGFr8Noxcly5dGvBjUAEMAAAAABh85x1au+ZttU9IUoolWWnfzVdGLGu\Xm7R5ycCDy1JsSz9AgAAAADAtYM1gAEAAAAAg29CkpIvuuU+2aja\Xu03eGK\h5J7R\Xqt7\KF6WW0kAAwAAAABgRAIYAAAAADAEkjUjLfCo46BdjnNR3nK2Rpt\1hhYe3bKcmVPH6DhAQAAAAAwQpEABgAAAAAMgXhlLMySyffQ41LFoyu0ea9TrR2ewGZXPeo461Jt1Vp9t9Aul\+lBNnW2JQ0uIMGAAAAAGDYYw1gAAAAAMCQMM0u0tYlTq0\2N75hMet+tfWq\61aO9MUMbT5SqymqJtCAAAAADANYcKYAAAAADAEImX9fGd2rEmQ+YYc7mmCRkqqtypTXez9i8AAAAAAKFQAQwAAAAAGELxSl66SbuWuOX6bZ0O\LZWrj+2y33R1+vZpISJSUq23qG5tgXKuiVhSEcLAAAAAMBwRwIYAAAAADD04syyzM+TZX7eUI8EAAAAAIARjRbQAAAAAAAAAAAAADBKkAAGAAAAAAAAAAAAgFGCBDAAAAAAAAAAAAAAjBIkgAEAAAAAAAAAAABglCABDAAAAAAAAADQhX2FmjrNEvpf+mItf6pax9wDOYKvtHeVRVNX7dOFnrzt0gnt\VG1PhmoYQEAMML8\VAPAAAAAAAAAAAwXEzXqpee0pwbjM9d0dn\8652VZdp+W9OaMeHL2j+DeHeP\guvF+uDXtvUc2zQz0SAACGBxLAAAAAAAAAAACv8Ur+drpmmYOfnTU7Uznp43XP96r1yruFmr9i6gAc+0bd9wuX7huAPQMAcC2hBTQAAAAAAAAAIKox38nUfEmft10KfsHdoMo1i2WdZtHUaem6Z02ZHCevdHv\hePV+sF96Zo6zaLpmYWqPP6Vjr1gbPkcogX016e1tzRf96R3tqK2LsjXpn0ndOlq58ufvGBRevFRSdXKnWbR1BecPRiX93gvHNUnlXmyTrPIuqBMv+vy8QAAGGmoAAYAAAAAAAAARPenUzomafK4Mf6nrjjtyn24XGdT8vVM1UZN1hf6cNcL+sHi3+uzN\fpmdTOba80lWn596r1\83O1\NVmfrG6X16rfBhHTBLmhTugF9p7+OLteGLeVrzVJU2m6WzR6u0qXiZPr\yG9XkTVLy0mr9\OoL+kH1JD1TnacZ42\p0bgkSXvW6pHpD+sn1YX6q\t63X79gJw9AAAGDQlgAAAAAAAAAEBEV\7UoFdKyvS5rNo8b7r32S+097lytSytUsPGTF0fJ0npmpW1WP9aOlOP\HSfVuzN0+SrJ\SLJ6t1NmuLflO5TJPjJGWla35KmZY8cDp8Atj9ex05Kq36VbnWzex8atbsdP3jpZl6+mOnzuZN0uRp6Zo1bbykSbp9drpu78m4fMf5erF+vnOt7rpuQE4dAACDjgQwAAAAAAAAAMDrqDZkWrQhxCtjzJl6Zm+Z\Mv\ftmgI07p9tlX9PnxhqBtL42ZKjmP6pg7T5P\fFR7v5Tu27y4M\nr21\qA1o1szrksSRJN0zS5OukXeXl+td\XK5ZN9+oMXFjdNe2ZjWEe09PxuVb5zjTqhkkfwEAowgJYAAAAAAAAACA13SteukpzblBkq7o7MfVeu4Xp3T7upf101VWjTckcOU+rWOSVLm287\dnNZZt6S\XtJZpWvGLWO6vD5JybdJOhlmKGPStWrbMn1SbNcjC+zSdTdqxuwlWpG3TAtmTvVW9oYQ67jMIV8EAGDEIwEMAAAAAAAAAPAar+Rvp2uWNzk6a3amZt1SqHuK87T84h4dfMqqrmncVW+69Exq+D1eOXql16OZnL1FB+95Si3Hf6MDB97Ve7+v1ob3q7XJ2E46jGjjAgBgtPofQz0AAAAAAAAAAMDwNXlZuXavmqqWX+Rr9b4vAi\ccJNmSDrmOh3x\WPGj9dkNejzU10TwV+pJVz1r1HcN5U8e5nWvVCt3\zvZv2mNFNX6uxyhHtvjOMCAGC0IgEMAAAAAAAAAIhgjG7\rNaNfWKfrflWTnc3qenZuo+q\T56\t07Gvj9ld0bNs9mp75rH53SdK0TN13k7R3z7s6e9Ww2enfaO\R8Ee90lSuJZmLVfmZ4cm4MZpsHh95uLGOCwCAUYoEMAAAAAAAAAAgsuusWlear8lfH9XTpe\qgiRpku57Ol\JX1Zr+Zx8Vb7boGN1+7T9iTw9Un1Bs9Y+rLuulxQ3XauezdOYuo1asqpMe+sa9Ls9G7Xk\yrT59eFP+SY2+7UXded1vaV+dq0510d+7hBjj0btfyJfRqT9bjum+7d7rrrJb2vX+06qmMn\xL7uAAAGKVIAAMAAAAAAAAAohoz83E9nz9JV+o2amvtXzqfS12vg+++oFXfvqDXnsjX8sJntffUJH2\+n29vmxS4L2zf6T3f7VWs9pqtKEwX6urLmhBVbU2fzvSAa1at3ePNt8pHSt\Ssvz8\WD8maNf7RaRysXy1cHfP2d+Xom6696b0uhlr\0e13owbgAABiN\u5vf\vb34Z6EOidM2fOaMqUKUM9DAAAgFFrOMZbw3FMAAAAo8lwjLeG45j6xxfa+717tGF6tU4Xpw\1YABgRBm9vw2j36VLA78OARXAAAAAAAAAAICBc+l9\SB9sX7w7lfBz3\ZoCPHpbum3TI04wIAYJT6+6EeAAAAAAAAAABgFLt+prJnP6XVPyqQ3Pm6f\p4XXEf1WsvVOvY1HzVZN841CMEAGBUIQEMAAAAAAAAABhA39T8sve1u2qLnvvVRi13X5FumKr5y17QwcLFmnHdUI8PAIDRhQQwAAAAAAAAAGBgxd2oWWvKdXDNUA8EAIDRjwQwInMfVummA2qLsEmirVSlixIHbRwphXYVpvR0B206vKlUjWmDMFbjUQ+VqtThPXuphbI\1uOBj2hth0pV2pim0s0LNXhnHQAA9F2zqgqq1CxdkzFMTwyPeKcz1j3g1jX7fQ2P7wEAAAAAgOHhfwz1ADDytTlKVfBq81API4JmVRV4J8QGVZuaGw2p86YGDeez1N+aXy0IJL8BAABGIeKd4YHvAQAAAACAYFQAo380HdBhd4oWmgdo\+aFKrUvHKCdDxB3sxqDks7NamiWUq69ggwAAAAMqEQt3GzXCIuWAQAAAADAACEBjJiFbL3cXKWCqmZJbWptk2RIADe\WqCqpsDjcK2ig7Yz56h0c6IOeFsO+t8TrgW0\gGxrZ3XV5vc5SqwBG8j2jjDLRxTlFhoVTl21+U9nrNDm\rbHOKUtSsZrfUvP+w2lLCtKUL0W475DmPdbsQn63z\BqPH2jvGPy5DW0E\e\p0lrwOw1B5zbwfkPLSElyH1BpwYFrth0hAADXgm4xh7rEJ11iufQ\dI3\FiqxS4wT6zIjUY8dStB4CqUqX+ySokJ7oVKk7nFmUBwVId6xtYVZuiREW+2I48hRW0yxlxS6BXSssZvxZBo\c6JyNpcq0eE9v93iyMjn1SfSdRDx3IQ6z\5z4\2OYoo7DefBp2tc2l\XZ8Rrputxwlx3AAAAAAD0A1pAYwC06fCm7hNx3VtFh9jOfUCl3SZ5wgiV\JWkpqoYW1LHOk7\AQPJX0kp34k0RdOsBu9+E9NyVLjUu627Uc2hWlE3V6kgxFrLzVUFKj3U1vPt1Kyqgu6frfP8lupwX9thN3U\922O0i5jAAAA14JQCVipMz4JFao1V4WI\zaVdksctjlKQ76\L8cOuY8qQ+yZmq4Udd4A2C3O7Emc2guhxuHX19grhvd3\8xtOhAiVo7wAWKMU2MVKvkb6fkQ3IdVGmopmKYqFYTZR2+vz55eMxG\bwAAAAAA+ogKYMSsuapABWFfTVG6d9ai7ZDdO8nSWTWw0KxAstbYKrr5gH8yJnAHfYg79MON5w\eKRPDnfX+al3fcVIKZbeHrnKNeZxGsVaxNvvW+01UWmqiZE7vrAJWmxqb2rQwqFrAkFgOUW3b5jig5kWFSol5O6n51Sr\8f2fzT9Z1qYDOw4rJVoFRxT+qg1DJUNbY7PaFi1Uod0emJCNpVoEAACMTO7DOtAkhY45vPFat\UvfNWOhrjP3aa2EFWx7nNtUkqYKKJXxw6lS\Wl+7Ds3vVku3c4adaBQ21KWZQSPt5x9\aGuK5VoMH7CR97JcYUZ0V+f7MO+NbQDRVbRxV7nBozQzzt\379Y4\he1CbDu\wJW0N59awj6pXm0PE9r24PmO6Zrp+S1T9AgAAAAAGDhXA6Bcphb7JizY1N3oniVJzAgnUlBzlmDtfb2zqfN2fwFWKcvwTIolauDqnZ8lC9wGVeit2ExeVym63y24vjbIecezjDEhUji22KZpAcjpNKWZJSlF6qvfIjgPBVQDGya3VvgmrRKWkJXZOYvnbEMa4nbH62FZgOA8pKiyMUokcK3OOcnynwrxQOal92BcAABi5zAtVaoi92g6Vhq2s9Em05XhjFm8c4\1\f5xlTlGaN35p+zJCwNKLY0cej\eYTY3+pGEgRk1Rjs2bVmxs7lbl2h+6jiNIX2OvaO\3x5lSytLAjXuJiwq8sXEUMcepvdGmA5u836v\O7dHbw\ublaj9\IJ\K3SuY8C73eppoZu10tvrs\eXDMRv28AAAAAAPqICmD0gbHawsetVt88XVOVCkKUDHdOlBgmbMxJCtqFOVFmda156C7FlqPEJu9d\f5jhRpTKL0Yp8xKjGUCzF+NosA6ZEGa1RBDQUriolLZF0U\XLft3G3yfTTzxC4TY4lJSlSz2kKs2dwjN8VWaQIAAEa\2KtEO3WLTzqfjS3O6uOxYxmP+0vf\jqX1OjG3aquUWJ\CH1evPoae8X8\kQlJQY\TrxJUi9vHIw1ng0pJUc55mZvx57AdxHr2tBqa\X+PdH1M0mJE31\bbjV5lZQIrY312dvrpmI3zcAAAAAAH1EBTBillLYebe9fbOvQrdNBzb1w3qyveWrACgMqtnQgU0Fvar+6C+BCoDwmvcfHpDKEQAAgEHVXGVIwCYqZ7Nd9sFqazuUx8YgSNTCEN9pm6NUBQWxr\EMAAAAAMC1iApg9Jx5oUo3y7v2VWdLtkT\xIxZSWZ1theOdb3crnfEGypYY5JSKLvd996u64KFu7O+F+OMiaG1dCTuRjW7F3apJOhSldtcpYIqd4iK5ijbGSqou62bF6ESAgAAoKfaznmjtqC1V0f2sc03JUpNbbo212jt2iWmTW1f9uH9YePZnuhc59e3f9+6vM37D6stJcL3HqHzjf\a8VX29vGG1mv7mgEAAAAADEdUAKN3zAtV6q+8bVbVq75b8A1rZTUdCFQHuw+rtKAg6G79lO8E3n\gkC9p2qbDOw7EUB3bpsObOvdXsMlQTetNfkpR1ozrwTh7xLDWWKLNtx6x4Z+hetq\xnBKun+SyFgZ3LmOsKHKOtbtgtYbthsqtJtVVdV1beLORHjntoG1idsO2b3t9gAAAGLgbuy8sU5S26EDg9uJpZ+PnZia5o3XusSovtjz1ShHMMSjQTHbq0PXoSaqMHFmzDFhrHFqD85N55rOBSooMHYc8raklvw3kYZlWKu3ucqwf\dh2X2V46np\ZKs7fM1AwAAAABAP6MCGL2XUqjC1AJVNUlqqlJVs12FKVLiohylOKrU7G3HHLQCrjlHOb5ZFsO6Xm2OUhU4fNskKlFtUZLAiVq4NEUHqprDrLObqByb70CBal\fcVIK7SqMdZw90Ow44K+wTUsNUY9gTlGa+YD3Mx9Q86JCpShFhYUpKgj3WVJzvBUTsW4npTxWqJSCMJ9NKSr0V8kY13ULs2ZZL\krIXxj7ddKawAAMBwkpqYp0eHrCtM15hihxzYvVE7qAVU1dYlRO49qiDHDxTuGTjMh49ThKEU5tkQ1O9q6jDlRiWapLWoSONY4NfZzE\FvCkmJthx\8jZc3LlwdY4avd2BusW55hyV9lds2oNrBgAAAACAwUAFMPok5bFAi7PAnfWdbdoKU7tsnFooe1B7vs51vYK2Sy2UfXOOYuoQl1IYZp23FBXajW3mOpPFRu5zvhZtsYwzVs1qaPL+r7\CtitD5bGa1eArBkgpNFQHG7a2lQYnTWPdLtxnM+eotMs5S3ms+3YphaXK6XWbPu+YFuUEfzdfRkvqAwCAESeoK0ynlEK7Sm2+TisNA1f1OoDHTnnMLnth1yiza4wZLt5J1MLNXWOpROVsHt6tgRMXlXb5zJ2fN+emsG8JFlOc2pNzEyaelfd7Niz1EjbuNC9UqT1EXNvreD+8WK8ZAAAAAAAGw9\97W9\+9tQDwK9c+bMGU2ZMmWohzEAmlVV0JlMTrSVBk3uAAAADKbhGG8NxzFh9Gp+1dvxZwjWeQYAYKgMx3hrOI4JADC0+G0YuS5dujTgx6AFNIZM26FSlXrX3wpK9Db7qjXCtFEGAAAA0H\ch1W6ybuUSVCiN9DhJjEtheQvAAAAAAAjBAlgDJnAum2h1spShDbKAAAAAPqNOUVp5gM6EHZtXm7MBAAAAABgJCEBjKFjXqhSe6K\3XOQ1MIua9oCAAAAGBiJWrjZrkRfu+cgKSq0D+\1iwEAuFacOXNmqIcAAABGCBLAGGIpKrTbh3oQAAAAwDUv5TG7iMwBABi+WOcRAGDEjUGI5H8M9QAAAAAAAAAAAAAAAP2DBDAAAAAAAAAAAAAAjBIkgAEAAAAAAAAAAABglCABDAAAAAAAAAAAAACjBAlgAAAAAAAAAAAAABglSAADAAAAAAAAAAAAwChBAhgAAAAAAAAAAAAARgkSwAAAAAAAAAAAAAAwSpAABgAAAAAAAAAAAIBRggQwAAAAAAAAAAAAAIwSJIABAAAAAAAAAAAAYJQgAQwAAAAAAAAAAAAAowQJYAAAAAAAAAAAAAAYJUgAAwAAAAAAAAAAAMAoQQIYAAAAAAAAAAAAAEYJEsAAAAAAAAAAAAAAMEqQAAYAAAAAAAAAAACAUYIEMAAAAAAAAAAAAACMEiSAAQAAAAAAAAAAAGCU+PuhHgAAAAAAAAAAYOhd2Feo9OKjEbbI1PNHq3SfedCGFLtLJ7T3heNKfjZft0d6bhB88oJFub8I9co3lXzbTN31yFqtWzxVYwZxTMPTV9q7KlMbpu3R6aesQz0YABhVSAADAAAAAAAAALwm6a4VizTj+lCvjVfydYM9nthceL9cG\beoppnIz83eEKdx7\o83379IsnjurzS\u0O2\qUAwMAHANIAEMAAAAAAAAAPCaqgWPrh2eVb4jSpjz+P087XpgsTa9sEfHlv1IsygDBgAMANYABgAAAAAAAAD02KUT7+q5NYtlnWbR1GnpumdNmRwnrxi2+Ep7V1k09YWj+qQyT9ZpFlkXlOl3lzpfvXC8Wj+4L11Tp1k0PbNQlce\0rEXLJq6ap8u9OA4n7xg8baurlbuNIumvuAM+Zyfu0GVMY27QReO27V6gW+Medq077SMW\ZY3FTdlZsuff2Fzv7Z9+QVtbxbptU5mZo+zaKp0yyyLsjvfqyvT2tvab7uSTduc0KXrsa6zV\03hMhzm\tU5o6zaJH9n9leNa7belR\xj6\n0HzqX1vmf13pd\7cuZBABEQAIYAAAAAAAAANAjV5rKlJvzlHa136lnqqq1+6VCWb7Yox8sXqbnmrqkSPes1SP16fpJdZWeeXSebr++8\3Lv1em3\1Drp6vqtZPv3e9jhQ+rE11PT9O8tJq\Tx\uqR5eqa6WruX3hLyOUm64rRryYJ8vfa1d39VT+mur2tCj7tui5avPa7Jj5Zpd9UWrbjllHYVL9NzH\cpBaxLF76UJH0jrvNxy6583fNEjS7NXqsd1dXa\dKPtOAGp3YVL9PTtX\xvusr7X18sTYcv17zn6rS7uoqPXPnFe0tXqZH3voixm2+qdtnZ0pHG\TJpcB4Wj59X5L0O6crkHC+dFy170q29BSNifF78AvxfV+qfUqZ3yvXscRH9PPqav3knkt65f95Vkfa+3QqAQBh0AIaAAAAAAAAABC7qyf0iyer1ZK5Rb+3L9PkOElK16zsO3XbA4v13E\3acXePE32bf\1Yv1851rddV3g\ZVPVuts1hb9ptL7\qx0zU8p05IHTkuTenicaemaNW28pEm6fXa6bpd3u27PfaG9z5WrZWmVGjZm6nrf\rIW619LZ+qRruM+PUmrPqzSfTd1Ppx15y1Sap5+8fEJbZ5t7cV5u6Kzvy\TD8u\kDILNGu8JJ3Q7975Qsmr7Hr9KavG+MY+7xaNSc\Xrk9P6efZVsn9ex05Kq36VbnWzfSOZ3a6\vHSTD39sVNn8yZpcizbpGRqhsrU9B\S\NTO4x+rvaLkqVPV8vsTalGmZki64myQQ\P085nf7J\v+4V3pawtOuj7vmena\5tZbrne0elmT0\lQCAyKgABgAAAAAAAAB4HdWGzM72wcH\CrXX7d3k5FHt\VJa8b3F3mSgV9xU3fe9eZJzn3532vB8plUzrjM89r7\vrzg949JfUCrZnbfLubjRPNlg444pdtvuKLPjzfo2Me+f05dGjNVch7VMbdh+5nzNOsm43EnKfnbkk6eCmqhHFqI8zg9RXcW7lHL1GXasXmZxkuSpmvV\3tUv\Enf30n4xbN+Lakry91VuXeMEmTr5N2lZfrd6e\0pWrkjRGd21rVkPl4s7kayzbTE3Rgpuu6L3\c6LzOG6Xmr5M16rvL9HkL5v1uffzf358n5SZqVk3qO\f95+adSTU9z1zmVbdFvVEAgB6gQpgAAAAAAAAAIDXJN21YpFmXN\1+fFK9iX1vr6ks5qu5Eljum6k6xMnSXrfsL5tCBcv6azSNeOWru+fpOTbJJ3sp+N05T6tY5JUubbzv92c1lm3JLP3oUn6Rg92HyzEefyHSUqdma5Z0ydpTFyXza9e0aULX6rl1BdqOdGg\3BQb3XJCnzgi5JGj8mXau2LdMnxXY9ssAuXXejZsxeohV5y7Rg5tTOauZYttF0zcr+\9m7\gmy3vx\y\LYjWDdB2BNWKQpWALBiX8SJEAFrSoBSlHirNsq8dTju35KlPwgTjBET6CG3qcc7jHCY7IKB7qgXJmGdbZcKD8CLaBcitkUNTmABmmh5XDmrF4uszy\aMppG3aJm2hBd\Px8OH9u513ff7+nGnMe9c1x3Pax8qfJ4\Ev2nxykfMpFnHxzD\Yvf4A+fNkCSh48+aOCOfzI1Jam7Ow7nz\AHRvJIm\qDGDwsxm4VQggRFUkACyGEEEIIIYQQQgghhAgx8MA\P80jSZ2X7KqGv3XvGbrdtaDoGC+Mu9JXib4fvR+8yP\34238IQAkGrhjSDJjM7\PIw1vsCmsnP7Bl\jdjOf4vKKMkpIdfLhnA887NrAibCvtaMrcMXEurN\L4dpGoPWRAAAgAElEQVT5+JVtMMPGHf1G8cdZ8IxynJW3HuP3Z27lgfGGK9U5ITcS3+aLBkIIIXqCbAEthBBCCCGEEEIIIYQQInpqDXqO8\kf2yZy\b4\AmkM7yDxGT9oEHoq+UNN6\p1fP5p2I\dvE4biUO4A\joWCz7Rl9h53fw8tPb8M95gz1Hj+Gp3MHv\vMNVi7IYHik8v0GMNwyl2df2UDZAYUy61Qadq1j+6fRl4kfk8Zs9vKHT4\zhz0NzB4zChhAsmkkDVU1fKTs5Q9D5pI+MnS+7o5D4hDuiFj\DN4jUfaTEEKImEgCWAghhBBCCCGEEEIIIUT0bp\KI0NgU+EOvF+FHf\Kw5ZCBximMnZIu7Uv1d+yuVV9Txlb9vbgdVozTOWRMfCHt7fxUSD8Fw189NMZjJy6inJ\DOfrCZ7jfAjc\0AG+vAdkj\dQ4k7LMKqN3ho6ix+FXaMfvHokwbFVAYAjYlJU2HLNhu73SMZlzIAgOGjpxJfsY3X\mMv8Q+mcUdz+e6Og2EiWYa29RuqtrHJ3X41IYQQXSdbQAshhBBCCCGEEEIIIYSIXr+RLPjXxynJeZEZP\Cw8p+nog8c4z9+\Uu2HzewoGh+5NWr4fVXzefXj7\IQws8vPDDqQyu3cFrr+zgc3WrclFeJ16tARwUbkqjIc3E3bcPiHDsVh5Z+jibcjbw\WnHePbFAsaq\8iBHZtZv+NP3P3TfyT9am9JbBjDbDWsf\pxEl4sYGxiA17nZl7brNCQeLlYvPEe0tXreC3vcc4+PZcHbhvEn07toPCVbcRPf4VHRkJ8Q+dlmmgZe89IGl5yUK7O56nmnZ4No7ifdWz\OJ4fPj3y8sW7O94Y+OHqx9mS03q8t\F5T\alEEKISyQBLIQQQgghhBBCCCGEECIm8eOWUFwykjfftPFywQb8DGB4RgFv\IfSb8tvvP6luU4CgfxE+vbPF+wgfikqTxl28Cg9fN5vgvX0dzzOC9Mz+e1lwrYPv0VKm2zGBTp2Lgl\G7HSF57w8avFz+On3gGjZzKUxvW8aRFewV6qhOJGazZ8hIJK97gzcWP06DWcofl+6z5z1cZ5JjLQ\92nM8bYFD8GJ7dspnBq95g0xvPsek8kGjg\n\ewN6CNAYBRFMmZPj4Geg5jneO6fJKX81IJk2E7RVzmTa+5Rh2e7zHLaG4xMBr\+8NVhRsgKQxPPKijawPCni5RzpSCCFEuBsuXrx4sbeDEF1z8uRJhg0b1tthCCGEEEJct\ri+62+GJMQQgghxPWkL77f6osxXRl\ZEvuDJ4fuQHPj9N6OxghhOjTvj5\G64\fv+Vf96APANYCCGEEEIIIYQQQgghxNXjd\BM2iye2VHX8viZSn5fAem3J\dOXEIIIcR1QraAFkIIIYQQQgghhBBCCHH1aCbyoOU5\mV5PtQ+zvdGDqKhdi+\fmUDHxkep\jBXtiKWQghhLiOSAJYCCGEEEIIIYQQQgghxFU0gPtfdfDvtpd4ufBFvl\b0PSs2rmv8LuCWdyh7u34hBBCiGubbAEtOlZbijU\n\w2\zzFohVrKDpY1\k5rjlB6ioKsZX5Lh9SbOTn52NTei8q0R0RxvS6o2DLzyf\LaXFz9b3fe38HM05elO0sUTTrugFz7oofMvB1ZspfanPgYCbopcX8VTotd52MNijp7\6\Qt9ro+74er0X9fvqd4ZXyGEEEIIIcQ1q5+Wu598g9\tVfB8egxP5Q7+7blZ3KHp7cCEEEKIa58kgEVU1Hoj5onmy\+Y9KjPeyhfv4w1u6\8w6qvLjfFG5zU9mzeQ\QqGVMRHfd7dpxnvr4TxbeziPJTkDwjl7wFecwYrurR83\d+7e7+nr\9fX4hBBCCCGEEEIIIYT4upAtoEVUEkzZ5M3UtTwYcGFbZkdx7qduWibX9ZM5TAWsW9fbQQjRERMFMklFN9XW1gEm0udaMPV2MEIIIYQQQgghhBBCCCG6RBLAouvUeoZqQGkIEgRocLH2GTtuUwHrnmiZOggeWMtTG8+RtdJKZlI752usw\WunZIKD3UNQLwWw8Qs8h41o42jaRtmWy2ZC8xUbyrBE1Shu38x1jkGaPRT\cFGNn3ojly32TkXRW+X4jrlIxAE4lRo9Gbm5ediHkjTltcrSpq2r9xuJX+7rilmn418m4KpYB0FpsuxZC3JhQ\slB6rI9ioQn2bmZzmczULeHC8U0iJ4iPYqEJjzORfHoTCV0tIaj5fezqLlxhj6eo1ohmfaMsE63Bt7aRMc5taz5fWx6Npe3tj2noexjJ\e7INbVRTuOh1nCNbxlH9ziJe3xfA\OQ68u5sWfbopKW8Oq8eW74NZVzb+GMXwPP+Wv7tAzf+YKg\F+RgHtxyNaj\RCkbN5biPheEOBVag4Wsf8rpfM6F5klplRffhabVgiqNHvMjBeROaP1VkuhiaS322HyUrrBSUgtQgjW\BN1sK9aZOpq2EC\Gvt2JJ9a2nnNRuG4rLq+fYGOonXMLyJmopWULgnj32LBvU\A1gKq\HvOjrfsjmjgUbPk2amcvJZf3Y+i3pnrKpf\Oh6QsrCsz0UU7Xh22taP+jWa8Qu2amYf5eCElniCqpEwWr8zC0MkQXHYl53Vzv19uU+TjXR2fKzQ\CeB534499LdTdUs6BUtS2xbrdA50d3yFEEIIIYQQQgghhBA9qZ\VarX2dhCia\785z\zrW9968pe5MJnlJefgJR00m8fcPl4YxBfZRHb9tcyMOP7zBwxAL4xhBu\2MEh5StuzRyP7obmwkEq3vsNn9z8AAseTCY+0nUafZS+\BOKjlwgYcxDPDwzjWGNJ6n6aC\Oc9\lXtNg+tUeYsehz\jsYy\fmZ5DlknLkFQLwxJ9OH5q5e1DAZIsD\Fwxt0kq30c3beLDz7px\jJIxhwAxBwsvb53+AKDsYy62HunTSaoao6Pv+DG1fleUZk3IX2xv5oh0Dd4ZN8ZcrmB7PSSBk2mAF\OsSOQ7Xoxj\EeB1Qe4gdh87gPeLk9I3jmfnwvYwa8L\899EjVCgNjLl3FAnN7XplNb\9NI5hUx7i4SnJNLhLKT5wksa\BdE2ny+SaOK9IYZYunONaMYn2jI\+wlFRxoYODmLeRnjGRoq4zgSNla1h9hx6AKp09IZ0T8s3tbHo2m7qp0xbf31l2jnb0+3oQ0tjad3cOh4PCMeuCu0st6Ha5uDExfgLwl3MOOOxKaix0v5zb5z3DU7h7sG1XJoxyFqbxnPQ+N0QNPPFy7du61\jiR0jv\5BGdNP8bP+R4z7uiP78g+yh1H6Td+6qWYfWWrsL7tIqCbykNz7+VuQ398R8rZ9ftP6Dd2KiPauwQBnG8+x2+qvmLwxJk8nHE3o29VUec5jruigvPDH+CuQbHE0rZdXYvtJvoP0kGdwklMZP9gJmm3JzN4QD987\+Un\zHERoGTyVr3r2MH\IVJw9VsPe\Omlrg4LtJ7\GFfdd7n0wi2mTkun\xRH2lX\I6UEPkHZrv7B2Knx0Uo1p5sPcO1bLhU8VlI+O0DDmXkaFbuDo4mg635kzCuXVjR2OYUvf5NtJQ1H9WeHkeQPpCx7m3rtSSB7cj4poxqvTtqrb79+oxqupXZ\VKHgH3UvOP4xFe0sqlu8mtjfRwlyNed3e\RX5Pox9fK7A\ASq33mOf3Wc4Ru3Z\C9OZMZesFF0c4aGv3+sL\70dyzHcTX5T7tO67K+60Y9cWYhBBCCCGuJ33x\VZfjEkIIUTvkr8N166GhoYrfg1ZASyi4ttuJX972+O6GctZ+uDlDKZpkgV1lZPKT8DUvAixwcVhN+jnpaFp5\xBVzElXjA+9goLJ6mbDk6wkLp1GT+v2I\rghFLqKzmnoUsmnt5zVewopjiUwmkL7GS0\y8yglmMiYWs2xNCcWuDBZOVFF38DCefjqynl16eeXlBAujNctYVebBcxZSk3QYJ6Syf305X+qNmCe0l50FCMCIPFYWmFGHrmlMsGLd7uZobTb6JPDvslPiVWMqWEmBqaldZouJ0petlFzo4NQQZbzRx9Kda0QzPmZ352VGV4T6Y8FqCiZcLjN531qWvHN5rGLTWdujH9No5u+lMe3RNrRkNBqhyoOnNjTG\hMcrVWj7h\Af\I0fgxoAI\7KAG1ibEp3bpcpAjIfWUhFjWAGfOkoax9tpCS7QqZT5igwUXxb70kTFuK9VFDaCWrGfP0NIqXr6Hkty4ynjQTsRfOuTh8UoVu1mKWXlopacZyZwLLVjnweHwwMnyMOomltS7HpkJnNJN6wE55YCjGCWZ0AOcd2Ld7UZvyWN08xzBjmeJk7dLCjtt6rBIloCVzySKybgm1dFwyvPBzXMfdBCeawuoZyVkZ1s5hsGyVA0Xxka3XxRxHIDCQrBeXk3lLq37b1l68GgwTzNQrdspJIHWCuWkL6HPl0Y1XFG2N2L+xjldCOgufycYQvrND1K7gvI5R7ONzBebneQfF+wKoxxWw8glT6PXTgmm7FasXLt2FUd6zPTK+QgghhBBCCCGEEEKIHiEJYBEVtd6IcYj68oGGOjzHPE0re75cyLIfGJs+PB41FpPaifOgcimD5j+wHzd6sse1l\6FE8fdEGdi8kR1i+OGeat5c17LsskpLTf8VD52Q3wq6vMKroPhvwmiAdxH3DDRhPaehbx+T9tr6w16oIZAoLNeaCtlXPMH7k10tyQBCqd9QJKfw4oXEjOYYQorFacj834TJeuVDs8da7wdx9K9a0QzPu5Oy\gpb+6PCS3LaCzTsPynG+dBF8GJlpiTAV1pe0Sdzt+wMe3hNoRTGUdjoIijx\1kJmmgphoPKWQ\WE\xtmpqGtMxxfmodvth5GiMXUqGtU89cVooSdZ8wELaXYW4lcO4MWE8chh3o4rUm+pQDta1qBtMAI4cxo058jNkB6az8LX0tsf1yehxUBP4MrZYWp+nO7FF4P\4MF40ZMxoOcfQWJg2sRj3gUpcDWYskbY20GrRolD+bjFD52Vi1KtRxRnI+dmb5LQue1day3aG+kOprQV0scdhmhlKLoaoLUw2FeJWjnICc9t+a0+04xVLW8PFOl6G1C4mf6\wvI5VD41Pd+Zn8Hh1U937TC1fP+\PwPh+IeeaD8R4z7ZwNftUCCGEEEIIIYQQQghxiSSARVQSTNnkzWy1crLRj+utFdj32SmZ+Do5w4E4I2PHqHFWVKI0mjDF+Tl8yAPDc0hrd6fOOk6fAQYPJSnmD\Z91PmAhmpK11dHLnLWRx0mmp9UGQz4qT1Vje\MaY4er8Z9wtsURX2s16aTO+iv1PuBYUPbPqNSPxQdHSeAm0Udbzfu5o6vEc34RFPmrwQuAEN06Fv\Km4gWk3TBesIW3kWrZ56Jet0\l7BNoTTpDA6CUrcRwlOs+D9vAaGzyRtVD3lW\dTcxJM2hMcrQXj\VGn8qKWoG37YE69XgdKHXV+8J2tBYJUf2An8l1Xh+8smAZ3cJFgAH\taaprvZx2V1PtPoEX4HzLid1ZLK23FeiR2ML8NfAlMBTdkLa\G6hNAM5Rf57IXzTQZ5JzjxvbHge2VQ5QqdHdZsYyK4P0ka2eARzX8VcGYo1DN6RtQElDdFDl5XQtGGP5YgR0Pl6xtDVMT49XR67KvI5ST41Pd+Zn3flzkevGDyRBzeUEcLMo79lwV7NPhRBCCCGEEEIIIYQQl0kCWHRdnAbzPSaKFCcnTvhgeFPKy2g2oT6gcPQYmIYepvJzMDw6tt3tnyEIwW7GkpSFdWVmx0m3gJuiNTbKa5suptJo0A5OxnKnCkeVp5sBRPIlwe6062rEG9U1ohmfHhjDPiL2+Xsl6Eg1aijZdRR3Ywq+E360d6aguaWeFHUp1SfqCNYexYOBHOPV3DxVjerSSkIdWSutl7cOj1oA9+ZXsO3xNU2ZeA2aRC3Jk4yoyhSin9nhsbTW1dh6mhrjfCtvzvVRvc+Jw1XJCU85xb8op3RcAaufaLny8ur4BsT0RZtox6s7be3t8eqJed1TYh2fK+FG1C3ure7es73dp0IIIYQQQgghhBBCfP1IAlj0vJGTsSQ6cVa5mfOnSjwYyZ3UUfpMx9BhgOs0tY2gC\w+4idp9Z7yXjGSlbEuloStIC7Bk8D6NpNCIF7q53yWi3pzywme6Tm0oq04IG1OKpia2J0tGgHAidP48HcchWw7zSd7U58NeKN7hrRjU9yp2UWk9AfOOPDCy37o\Fc02rOFG1YEr+eulYr1+pqW24hekV0OH+\ifoqtcFgHI1651FqTpzA51WTMlcHaEk2gPOUByXODcNzGHsFMtP15+tpvYbZ6\WB2sDAeNAmDgTc1HiCkBRjAtpdjH2PD+20RSyem4qmuXqDk7VlbVfFdxZLa92KLYJvqm8GTuM7A62X8p+rqwdS0Ha2ejFeR+p92aTelw1BP077CgqrynD5TaRHOX6xxhGp32rP+EBtwRDLassYxyvWtvb0eHXkis7r9q5x1kekO76nxqc787OpvRHqNvjwnQ\7OdY50OYaV2d8hRBCCCGEEEIIIYQQl\X6OhNxLQvg2qMQQI3BEP5BtoG0CVoCH+9ns9sDd6Zh7iAxC5Ay0giNCvsrwh9sG8B1wE0wmNSUgIxIhXmCEXDj+NDX8ldflGDNf4pl73kAH6c9ARhsIj0s0UmjH1eVO\omx0TDWJMezjspU1q2y7m\s+2fr0a80V8jmvHpvExYfxxs+QBjv3M3zgCkjkxtOnCTGjUBTp\xXy7U6MNZ4e2htneko\l7FduQMpqUOD\Vv92NGwPJBgAVKcP1cKKEkuOgG5VyRVYmB6rKcYU374tSyj4B9ZixpAKqcWkY48D9YSm+xrByjT5KVuTz1Asl7a4K9J3yEECLaWpYIgnwuw4TaWZ3Fktr3YktEs2Ysejx4yxz0WLE\U52VwQgJZXUdv6S+j5Yw6KnVuEIT6apNOi+Fft3r2KNo02\nXVQprTfb+2Jdry62taeHq+OXMl5DTejVkPgtJewOx5fhYtId3xPjU935qfKOJrUuLZ1fTt3txzbGO\ZFte4iuMrrgzlrXzy8zv+x\q+r5Oz+ChdESr\fHH7Y96oYPuXaM\ZJlJs+fnkv6W0+Dna8\h3rmqK72VHi3s42ut2fp3Y4hFCCCGEEEIIIYToLlkBLKJSrxRjPxu+gWcAn\sE3gtBGJ7DnJEty+vNJrRlDpRjYHzM1O7zH5upzNlk7XRTsnEZq05mMmOEmtPO93AcD6Cfk4Wpg68qXKr7vpUlngzmWIYSOF2Jc7cbX38TBTOaljYZRqhhXyk\0WQOZahqOpr2L3TieeCipb7Fzd9kO9zluAYPBnjncYuP89VM30+GXvW4HhrBWumzGDaCKjeUYLzbGc1dTHE21XRXyOq8YmmzPQ8siqslKxfxqrPmsrUKQ5Kq3ygz+LRKaF0ZooZU38nzm1rsDVkMlZTz+GdpZxQ6dHw9y60NcKYdvClhI7mr+ZqtSHOyOhRUOj2gn4sKaF4tcOGog44qUNLxp3detJwu9RxJyhcsYaa+6cxtOEwjg8UfGoTBfNCzxuON5M9qwz39lKsSz1kzLYwtOE0lfvKcdeqMRVktH3udYjOYECNk9LXXyc428LQm+qpKS\D6fkSVVzbmd1pLK11IzaAm9VqqHVSslPL5FEmjLdkkDe7Eut2O8teriEzIxn12VAc6Ml6NL3dJLzONJqB20sofnkNp9MnM3ow1Ll346jwo574GJZYsveJMcYRULCH+i2Zakrfc3bcb+21Icrxiratbfu3e+Ple9+KdTtRbTF8Jec1pGIep8a5r5g1tiCZ4xKoVxyUnvgG+kTa3vFdHJ+enJ9o0nl01n6s2+2sWFPDjOnJcKyUkgMtE1Sx3LM9Pb6ir9BimGhA295v9d+M\lTnKznsycYQaeA\qURpjHD8ivNT6fKi7q8mcKqcMm8G2freiEMIIYQQQgghhBCi50gCWEQl4HXjarWMSaXRY5qXzfzpqW0\YNanYRrowHHeSJopim0f43RkvrAa7bt2SiqKse8BVX89lgVLyZ3Q3keOkeo6KDwOqNToUrJY9FgmqaG8der8ZeR9ZaPoYFMZVX8dKZPyWD2lHvuLRXg9XjDpgVQyZhs5uk2heL3C6SfXkRddN0WIzUD2j5eittsp3VeMfY8KjTGTpfedZs07Ha8Cjj7erov6GtGMT7Rllq5Gu\VyGeK1GGcsJOcfjGibE\1xqeS+kAfrinBtL0RRqdFPyGVZRh1vrnR1paVtx\TODop3NH+vWhtUjDYawO1Bk5J6+YP3lFRScKIkmhh7hT6gTpi+kOz6zdjfs1MeVKEZnsHC\GyMYd8B0c1czurBRdh\68TxTjWgQp2UQtbix8hM6eDJtiNzWbYAbO+6muqp1OhSLOStTKd+4zKKTtbgxURz06KJpbUuxwakTs\C6C5G2WpHmbiQdY8b0c1cyuqBxdi3OyleXw5xKrSjMlg4PxvjwA5OlpTJ0hfU2De9j7KjEFcjTXNl9iIeezC10y\GtG1XDHGMy2Vh\91N\faVCu2olq+HUYt2vKJsa+T+7fp4xeKKzmvCX09LKFRUqG8zk\tCBnW\tNLmju\i+PTo\KR5ThVh29pUV9Vfj3lBNoH1xdQ2F4rhnu3N8RVXkp4Zj+dh6u5pBuvQ1fmorPKQHSEDrBxUYKAWzbmuPO7BRMG6dV2Ly1tG+SkwzMuCbUU4d7nJfiy2L8sIIYQQQgghhBBC9DU3XLx48WJvByG65uTJkwwb1u7eyL3MR+kKKyVDClj3RLc\Mrz+HLSRv95L5orVZN3S28GItmT+imuVgi3fhjLu6zN3XTYrdXM6XwHcN3z9xud60Bffb12tmJS38rFVmShYV9CNBHDobyqZZA0ppcSTwdKfZbdc\d3gYu0zdlSzMqndXgqzrVhnhna5aKzD9a6d0iovvgtNa85VGj3mRwrCviTY+t5q+rk2\Dzt8GxdwpqdWnJeXYx601PY3UbyfrEwwuNLAnjet2P\0E1dA6huSadgSSr7F7W+TjTlQvHNzMN8vJASTxBVUiaLV2ZhAPwnStm4sRT3uWDTlzoMFrL+KQdz+Jc6zrkoXLcVl9dPsDHUJ3MLyJmovfwFo2jKCCGEECKir\N7QCGEENcO+dtw7fL7Y3sIVVfIM4DFleFx4qxVY5n09f6Au\qdRTy1pBB3iy0NA7iqTkCcnqHXRMLia0jmrxDXBr+TSvdAtIm9HYgQonMqTJMsqM9XcrjVg4CDSiVuTBF2jQng\NUy7PvquHlcFnkL8sidbSap0Ytz\eqmXV+6o9HN\gN+GJ7GWI0K8yQTNLop29f2f8Kq31nGmu1u\mbIIHdBLpm6E9h+\v7l1fIxlgPwfWDHoUond0E26emjMQC+slW88PMSTidYyF6QR95cC5qz5diXr6L0i1DFBgXbKjvOL28hfW4eeQuysSSew7lhGbaKYPRlhBBCCCGEEEIIcd2SLaBFj\IfKWFr1Wm8VW7qkrJ46mu+g17qOBOqfU5sKwNk3jcW7U311Owqo9wTQD+742cbi6tP5q8Q1xa\6zB\n5sdYaWeEKLnKNjy89v5nS6qZ3BfMmosJrWz1TbQQZQqN5gKMMX5KAkvf87F4ZMqdLMWs\TSClszljsTWLbKgcfjg5Edr\Dt0Cf7cQbAaLE0Pc7krjRMcQqKqxL\fRmXH3Fy3kHxvgDqcQWsfMKEGmCCBdN2K1Yv6GIt1ywhnYXPZGNofj\Y4KL4t14Spi3F+qghtErXjHl6GsXL11DyWxcZT5pRHatECWjJXLLo0k4y5nHJ8MLPcR13E5xoiq5M13tOCCGEEEIIIYQQfZwkgEXPqvegVFRDooncH2W2\aDr62ZkLisXa9m42UHpOwpBQDXQQPrjS8me2MmzjcXVJ\NXiGuK5r6FLOrtIIS47mkxTDQQ+V2LlqGxPMo5zsjYMWqcVYfxzDM0bQPdoFDpVmN50gT4WpYfmM7C19LbnkefjB4HNYEvY7h4a0FcBxSIM5I2LpQKjTMxeaIa5UA5Zd4MskMPpA8er8aLhoz7QkndEN39GRjfL+QcsZW7xJB6OfkLcOQw7kYVqTfVoRxs+SzkYELo95gxabVoUSh\t5ih8zIx6tWo4gzk\OxNcporRFNGCCGEEEIIIYQQ1y1JAIsepZmyiDen9HYUfYsmJZOFKzN7OwwRBZm\4tpnomDdut4OQrRLxkdci\TMeDyvG88Absk4zoT6QCWHPdkYDBCsqsR9k4mFo4Cz7VQKBvDXnqa61stpdzXV7hN4Ac7Xdz2Q8+WUHQHuTMMUtotAU3xOnLvcZD\WtBVI3flzwFB0Q1qdI34gCWouJXajLdce39laIEj1B3aqI5aow3cWTPpMcu5xY9vjwLbKASo1utvMWGZlkD4y9HzfaMoIIYQQ4ppz8uTJ3g5BCCGEENcISQALIYQQQgghukV5Kx9bVctjpoJ1FLTOHLfYBlqPq8qNesxCjBEfixHAvfkVbHt8BAHiNWgStSRPMqIqU\BEqhIlf1VlUxL5iJ2n8u1tC1TsxvWosZMt5m9EHdUW9NGWg+i21VZjnG\lzbk+qvc5cbgqOeEpp\gX5ZSOK2D1EybUUZURQgghxLVm2LBhvR2CEEKIPkS+GCQ6IglgIYQQQgghxNXRvA20chjvbB+H3WpMC42Ry7qLse\xoZ22iMVzU9E0L1ttcLK2TOlGEF7KdnkhzkDGP01jaKvf1n9SQvFBN2X7\Jjv06BNHAicxncGMIQVbPDhO3\5x2jLtaepvpsaTxCSolijG68j9b5sUu\LhqAfp30FhVVluPwm0jUxlBFCCCGEEEIIIcR1RxLAQgghhBBCiG4xPbGOaDc4b9pmWWH\Nh9utYlF7eR\fac8BNCSPjUs+Qv4XYdxdydYTyWV50A9aSbZEyJcfHg9lQeL8e4qw3tfNnrjaFLj3DjLXGQWmIalppEAACAASURBVC+tnPXt3I0b0IV+VkVZrj2qcWkYN7lxf1iKb2IWuuZV0Y0+SlZacQQzWfxyFjd\sIZX3g+S+dJyMhKbK2vQfevy\9r5oigjhBBCCCGEEEKI65d8AiCEEEIIIYRoh5eyDXYOt\frxDTmzTES02LS0DbQ5XvqUE9ZRGo7xXQGA2qclL7+OsHZFobeVE9NeRlOz5eo4mjaFroL3Puc+NGSMb2dzHNiOjPuLMZ+xMludza5xnQenbUf63Y7K9bUMGN6MhwrpeSAr2U9TZTl2hNvJntWGe7tpViXesiYbWFow2kq95XjrlVjKshoWlhsGs3A7SUUv7yG0+mTGT0Y6ty7cVT4UU98DIsGVFGUEUIIIYQQQgghxPVLEsBCCCGEEEKIdtThqahr\3m7SToyY00AN28DfQBM49pL\wIjc1m2AGzvunC8Uw0qNboUC3kr06nfuIyikzV4MaGP5doNLnZXBOC2TGa0W1GF+R4LRUecKFVuco1GdDOXsnpgEbatTorXl6Pqr8e8IJvA+mJqw2pGW649upnLWT24CPtvnU1tRoU6KYWsxY+RmRJaU5yUydIX1Ng3vY+yoxBXIxCvxTh7EY89mIoq2jJCCCGEEEIIIYS4bt1w8eLFi70dhOiakydPMmzYsN4OQwghhBDiutUX32\1xZiEEEIIIa4nffH9Vl+MSQghRO+Svw3XLr\ff8WvEdd5ESGEEEIIIYQQQgghhBBCCCGEENcCSQALIYQQQgghhBBCCCGEEEIIIcR1QhLAQgghhBBCCCGEEEIIIYQQQghxnZAEsBBCCCGEEEIIIYQQQgghhBBCXCckASyEEEIIIYQQQgghhBBCCCGEENcJSQALIYQQQgghhBBCCCGEEEIIIcR1QhLAQnSHYiM\30ppbQ+d7q38Hj1fh\zVlP6iGPfVrnvN8VG6Ip\8t5TOy6woxXfV4uqmXhnDq9BPjT7K1y7jqX\JJz8\n2Xb27lSm\Zfg2MYxve+lfx8Gx3N0q+Tpv64Sq+lQgghhBBCCCGEEEII0cdIAliIrynfvncpOV5H8CrXFX3DdTuGVSUUuetIMGeTtyCPnPHaiMWu2\YLIYQQQgghhBBCCCGE+Nr7Rm8HIIRobSAJib0dgxDXJt\ZWkCH5cEMzEm9HY0QQgghhBBCCCGEEEIIcfVJAlh0LliHa6udkgoPdQ1AvBbDxCzyHjWjbV5DrtjIt9WStSQXPrBTeqyOYKMK9W1mcvJzMQ\s5BrnXBS9XYrrlI9AEIhTodGbmRdet7vXiKEdmQvMVG8qwRNUobt\MdY5Bgh4KLWHrosK3ZQCnhsZ4TqNfqo\2MimD90xXyc\SQuJOnTxoXIBD6X2QhwnmvpF1V9HyvRHeezBVDQdrd\vpJ7yVj62KgAftvx8GFfAuidMQADPzkI2f+jG629aG9lUN5e8mQbUtFc3idIVVkqGNJ+nma\t8a62KXJDO433cgx5rDZVY3vXhfdCEOK1GO\PCyvXpO5g4aUyqkQj2T\KjjWoUGgK9hU2XI1Gcl9YiCU0P4NnXRStL8J1KkAQFerbjGQ+kkvGcHWL6p2Xa9muNzc58TWAaqCRzMceIzNF025oHY9hLgXx72E\4If+JnJWFmDpH00\h5r9uYPCLaW4O2lfZ\0Uif+Eg83b2jt3qD9CW\6WrMinBBMF6wowtTpPe+0P9Tz1R4op3FyO53z784RgHa7NNooOekPzWI\xwfnk3teqXMSGVON4t5jSI+3X9b1vxbo9idwCNe\ZnfhRY5q\moJJajjnonBdaG6oNBjnLibiLI0ixvavA5737RTuOoHvQhBUanQpGTz6WCap7U0tbzHLVjlQzbZinalr8SvP1iWs2ZVMwa8KMMXF1getx7C94xG7oN5N8aaNlH\uJxinQjsqk7y8TAxhg9Q0Z8twe\0EG7nU1tzmcscLWfQLJ4bH3mThJFWL8ytv5WM7bmHha7kY46LrcyGEEEIIIYQQQgghhLjS+lmtVmtvByG65s9\jPf+ta3ruxFGn2U\uwnFB1pYODkLOZljGdo40mqPtqL40g\xk8ewYAbgNpD7Dh0Bu8RJ6dvHM\Mh+9l1ID\5b+PHqFCaWDMvaNIaO8aASdrn\8NruBgLLMe5t5JoxmqquPzP7hxVZ5nRMZdaLt7jZja8RmffezlO9NzyDJpGZJqYVhCNYU\lccX3yD2+\7HlkTh\KXg0X8V00jfj+kTktnRH8AH46fWnn7UIAky0M8nHE3yWofR\ft4oNPOr\O6H6fsePsUOZYhhGPj9JVqyk5m4hpxhwemHIXQxpOsG\PLpTgGO4d1V5rO6\3zcTvkBCo4VjtENIXPMy9xtsZkhiPZ6uVNTu8fNOYycMzJzM+WcuFLz7h2GEnn\W\h8nfjW+nbpDPyss5oRnPQ+PCEz8XWh3vapsiiybeSzH4TlBR9SVDZ2Qxc8Iw8Lk5UrWXM4MeIO3WfgD4d6\h+cIjfPntu3n40Rmkqj7j9789xPlGP\7E1m0LF7oGqaRPG8GARh+lr\wru\6sJ2vpEu79TlOp4JFCXni1hFM3GcmcM5PJdw4h+JmTXWXlnLl1KuN1qhjKhbXLVcd3pn+PrLuH8dV\76N8p5Ozt93L2O\0ixhth2NY8wmf\N9dZOXcS\Lg7zLBqONMVP0MAcXGsl\uwntRz9TZD3PvHf2pc1fg3HOMfuOnMqJ\dP0USUCx8eLaXXjjjTz0DzOZnBI69+59oT4ZQP9BOrTBGo7VxmOa+wNmWkZz+5BE4ludq8P2n\2MCuVLht2bxcwpI1B7P6Gq1TyhwU3hsp9ScuqbGB98mJlT7mJI8HOcO39Pue9Wpo7ToWrTgksNwbbiTXZ5b8Q4M5uZU0bQ\+wxKpy72BdW98Jn5ZSf+IxPPvmSu+bkcO93dXx37Ch0\1fOmmWFHPmrlrvnfo8ZqTfx2e\k0Png\j932b8Q+PRxRBje9dh12pWb68lcewDzHlgMnfdEuSEs5xdVR281iYk0nConENnEhg\bQQDLv3Cw39t2kWtaR7\aBocYx\0v9ymkPaO06aMj88qFb4cNoOsmZMZEX+GT6oOsdf3HR4wD6EfgKcY6ys78N48isysmUw2J6P96xk+OabgrBnAPZZhxA8awAWnk4oLWh5IG8qlu6pRocR+CH9aNrl3abs3L0SfdlXeb8WoL8YkhBBCCHE96Yvvt\piTEIIIXqX\G24djU0NFzxa8gKYNEh\y47JV41pgWrKZgQWr80wcLkfWtZ8k4Jxa4MFk5s\kg7ACPyWFlgblrpNMGMMcGKdbubo7XZ6NvZjrXu4GE8\XRkPbuUzOYyEyyM1ixjVZkHz1lIvVS3a9eIrR2guWchi+YaLtffWYzzghpTwUoKTE31zRYTJSuteMNSEMGKYopPJZC+xErO8ND5JpjJmFjMsjWdXwdDAesmhP67VsFVC6YFy8lrPjbBRMLPF1F04ig+9JGTH9HUM5gx6kspVhJInWAOraKrprKqHvW4PJY9YQolKsyYpwxl7TN23J\VwDQTmoh1\xq547sSW3RnijreSy4kkL7CStYtTT+aLTpsT9pQjrhhogka3by33QP6LJa9kIkuDphgxjLCxrL13qijavqywWpKzujJenE5mbc0\8JLybtO\KNyefVJy6XVzuYp6TjXLqJwayleUzb6qMs1twtSWszLVIqXr8Hxbgkz7gwrF6bDMWxMJefHeVguLVes5v2o+tlL6VaFwMAMlq7KxhAXKjdpKGufK8JV4SFzzs1R9FOkPnVTXKgQSMrEuiKraWwwY74njaIVayhv7hOjGU6VUqzA0DvN7W4B3XH7tWQssZIdui3NdyZQ\4wd98cKTDQ3jeSOIpwXjOSuWYileTXsBAvpB9ayaGMxpV4T2ZE6HnBvLUS5oCMzfC5OSCftXStrdretm\q9ZeRNubx21L2xBA96sl5o7jMz5knJ2JbZCZ+lscbY8jo+Sl0+MOWx\HFz6JgZk+Z1Fm2t5ugXoI84XjomT9FTstWFUpuJrrn\PYepPK\GNM7YpT7oDu30xVjnhQZzgomEC09hP3IYpdGMOQ6qXZXU9zeR90IBpvjLsQz91VPYj1RTQzomDKRN0OIoO4yrwYKl+RsFn1SiNGrImJQKdG9eCCGEEEIIIYQQQgghRE+SBLDogJ\DihcSM5gxoeXmlRrLNCz\6cZ50EVwouXSqqaUceYW21zqbkkCFE77gHaSMdp7FvL6PW2P6w16oIZAoOXx2K8RezuSU8KSsgQ5ejxU3xRWP05H5v1GSjeeu3RI+dgN8amozyu4DtLiHBrA3ZxsjHidVhK1DIwDZbsd58AszMO0qOLUWBavw9J+ra7XI5Wcn71JTuvD8XqSB4O7IUAQureCrcux9UC8g02Yw5NWcUkMHQzKGR8+TOhOVnM0AMZ5GaEEYxP1hBlYtik4ooqpHmX9K5ScSiBzeauk5heHUc6BbkSQ6ipXi1oBlQbOhb7E0Bhluea5npRBVot5acBi0eHYXs3Rs6AfHFXglyWltNgeN+p+PnuU6nOgm20JJX9D1BYWvtk8ur7Qvzvop0hOHEYJgHFeZouxQWVg5nQ95VsrqfRko+\gdoraYDOW8PM0t9NXhw\Q4ePwx3Uw2EDwhIsWI3RBhYY63Ed8ZOsjfZWhmsMfB8CY3arNKgz3p6PfXUxlhYfsSw3RkTIifDA8VB8PwKhsMsLrq83MmLQVZWfzgVhjbH0dLdrBwCcl2PdpyTIb0MaDesoi1k3psPfQjEtDv7UYV5WPzNA20NUHnPjVJsaO6kofdIcWc4vBVKEfpoMjtdSdBZIg9dFXefPR1vWaywUJNADxoDeb0JY5OFwVxBLaBlo5qMDADNIMEHufCyGEEEIIIYQQQgghxJUjCWDRgb8SuAAM0bVdRRg3EK0GqKunDi6v2uzGjAoG\NSeqsZ35jRHj1fjPtG0nq2uvlXBmK\RhXa0UEd9XeT6qsQE1DQngH3U+YCGakrXV0cO5ayPOkxoowk73kz2I05Ob3FRuMZFYZwKjd7ItIyZTB6nb\95uV2t16wxSKDOi+eUj9OfHeWo243nHEBHfRSl7sbWnXjjOkld19fhR4MuqXU5LdrOni\drLY89AzaAEfdPrLCkz3\46MOoKIIe0Wkyn58Z4GvoizXnAAeomszJpe+FHEGiDUB3J7O+rnWhxcw3RLFDOmonyL5vwCBiGMDmoFawNv2daKrOpsn1Db1Py6K1rsilvCfPUfkO+VLAgHQJEXYCjhRixbwnu+oIfXUnQdNhK2EtdrwV5XuxAigwvwPOThPFuF6Zw2ud0Cl0WNMn8HMKWb07T9eGhLTSLutmGKXgm+mDh3VuKoCqMeZm56R2+0+iIUKVZSvKcELdXg9HnzeGo4ec+P21AFQf56me01vwZLkoKTKRXCSBVWjQqUC2vvSQn8XutvnQgghhBBCCCGEEEII0XMkASx6X8BN0Rob5bVBAFQaDdrByVjuVOGo8vRycJ2IV7e9iZKysK7M7JGP+XXTFvHqZD+ej\ezu9yF+5RCyXqFkg+zsL7QajVkD9Tz7X6dn2+pxt8IqNRo+g9k6J1mjEecuHugPd2JrbfihZtR3RRl0TgN5ieWkrp\GYXbCymfuJT0xJZFTAXrKDBFrg6AEmW5KKgiPwI4ZlH181fB6E8YRT\1eeMKWPdENweoB90cr257sDsx3pLOolct+D0K+\fsxuX2omy3o+wo62TLbg1pdxsofvcw7vOZ6GpdKAE1pnGpXYvjSvuinNdfL6LaD6BCnXgzA4eMxTzqMM4WLyKh7a23HUZpsGA+VonSqCXD3OprQX1sXgghhBBCCCFErA6\Mors9QDzefvoctLjI5WqY8uCqTy\F1iwGc9zY3rm4u513PPwG3iHPM3vduZzRw99rtGn+I+z5ZUKhq96nLG9HYsQQojrmiSARQe+ibo\cKZpZV+LDTkbz1HnB1K03U50urfaKa\Vkv7MYrJHai6tCgseWIujqpsnB7rfDi0J2sj1g7U+\K3LuWvwNIAu4hvkLlBpMEzIxDAhExqDeLevZtUHDhwnMskd2YP1zjuwv1vN3405WJ9ID4vfQ3G0CdX6evzA5QWC55pWxQ3poTb1dLzhErRoUPDVBsEQvjbRi+8MrSZOOwZPI9OkRafLYvfKEorecWJeaGnasjxBiwao+dwDpg5OFm25Zm36HHxf1AIGkodFEXNnou3nIUPRo1D7hQ9M4XdTHaWrrDi0OawuCLWno36K5CY1avwRxgb85+oALbrv9EBbo5KANhHw1ODBFNW0uOxm1Grw1\oIYmi5AvZ8HXWANqmdvfLDrq1EqO89cxpI7oEYw6nQGMxkGsxkAsFTJax+uRTHrmoyf9B+QlczaTLGdwuprPKjr1UIJFqYfOm+jrUP6qlvNcHPne3gmQIx8eP4TRHVfzeSs6KA9FsuR+PZ2joBfHl760olgOqIAklZWC7lf3uqz4UQQgghhBCir9jM7solpE+N8AFX7R5+v7fnr\iHPdvwGgwM99jYUvGPrLT01IdrfcefHG\w\JZkilf1diRCCCGud13ZcFV8bWgYa9LDeSdlB1s+iNfv3I0zAKkju7uqy8dpTwAGm0gPS\7S6MdV1VNrOLvbDhWj70xtW7\Rh2OXu0U58wQj4Mbxoa\lKb4owZr\FMvei35Fc7DKzpIfLaIw\BJxKgYOTLgi9ThZgxdImZjeInkd\LwS5Xxn0YaS7F+c5nTj5aOBg\txh\3c5dh6PN4IDGMZ2x\cH5biC2+DUoYz1vMlZZL3oA7cxRQ2zxlDGmkDwX+gDFeLaRjAZVtE\o\W4rwQQ7lmn5ez+4uwn4NuHLt8cNtYxna0VW+0ou3nwaNJHQg+pxNPWP\xhROXN0iC3tA2wRupnyJJGYtJ3XZsCHp4f5cX+hsZ3dlzhHuMgbQJ2oivJ4GDNhb9y1OsPdBeW1IZO0YNbgel4WNGEM+H5XhRYxzV0VdqDIy9M0L9gEJZhb9Fua7HCAQV7EueYtHGlq\BqkFaorpT482k3QleZTPl7gDaCWlhCdHo++Cb6puBWk6fDm+Ai\1HogkiGjXUnAJS0lokfwl6qFT8bYsnpjF5OLg\LqRSAf2UyWFfHOpmnwshhBBCCCFEnzKV9KmwaVclDRF++yeng\IxY3p2BWtDJVt+\Ufu+P7T\HBMA5u2OIjwf2ZCCCGEiJKsABYd0kzPI6vCSsn6Zaz6LJMZI9TUKQ5Kq3ygz+LRKd3NMOkwjFDDvlJ+\osgcyxDUdXXsHunE88FFRDDtrId6G47NFMeJWuflZK3V7DmsxlMGwHVO0pw1rYspzJnk7XTTcn7VpZ4MphjGUrgdCXO3W58\U0UzIh+XZjKmEaqyoXTZqV+moW0oQnUn3ZSvrMa9FlktLNSNtp6TcmVE5RtdRIcNxrzsFQMcQrKRiuF9ZmkJgSb+kipo\XDOtvUNWgYO95A0btO7D9TkZmRDJ\tpuxAkIFJEIgxNhQb+Tal422QY4g3OgayfmDCZStl9UofmfeNJeGsk\d2VtOVtI1u1qNY9ryO890i3HfmYYzXkznPhNOmYH\OSvWcTFLj6zh6YDcuTwD97Gws\QGiLdfMR+nLVnwPZjBW48O53UF1QE\Wsxl0NKvbjmE7BaPu5+a4HaxZUUfWjLFoG6opfc+Jr7+ZhffpAF+b07ftpwgxxBnJzjWh2EqxrvCFzl3D7g\L8fjVmAqyYl5xGXX7I9A\mI3pgA1l\XNYj2WROUpNnXs\u10eAkOyyJ7Y7lpmjPNyMR2xUfrSMnyzMhk7OEDNrjLKPX7U4wrIGt7xtQ1zcjFV2dqO+YWW5boTIyojaaNUuA7YsPrTsUwcSkL9aZx7HFTH6cm6r7Mv\qgwjTPCRiXiNsnR9oFmTBqGLUU4N6xC9eAMkqlh94dOggN1dOmmbCOZ1OGgKIVYN9aTOSqB4NnDOD5UqGuM9CLS\DqnoKAne1zLO6xbfS5EH9d4EYKNjXx1EeBib4cjhBBCiK+VG+h3A6ji4oi7obdj+TpJ5oEHofzHe\nox1NbbQP9R37\H3tJ\95LDP\4Yw6Hjno3z+ceq4af7bXxSItNmzxsengWL0\czPEOtopuqHSwKXArz47PIL3fGLBupmTxLH54W4Syn+7gtTdsbHF48DOA4RnZPPX0j5h9e3xMZfzHd\Dmmx2VCW11fXvrba5bH2\+eQOVUz\mJ9a3+dDzF+KTxvDI06t4Ya6BeMK3195L9u0benb7bCGEEKIVSQCLjsXpyFy6Gu1WOyUVxdj3APFajDMWkvMPRrQ9sIY8df4y8r6yUXTQQeFxUPXXkTIpj9VT6rG\WITX4wWTvvMTXcl2NNffbKPoQDH2PSrUt5nJmxvAvq22ZbkXVqN9105JRVN7UKnRpWSx6LFMUmP5\D\eSN6KhSSsK8a5uxh3sOlc+ol5rJ5vRtvNepq0maTvtVG+sxDPiSwMyzNZ+GwA+9ulOLfaccap0OjN5Dy\mIR9K1jrrMEb2to6Ul3ttIUsDdixf1hO8fpyVAONZD6Th27XImzdbVMkielRxxsttamAlYtL2bixlJJ3lKY5MisXrauQ8lhiA4hLJecxM8qvXNi3Wnj9B6moTQWsXuKgcEsprq12nIBKo8fy+FJyJl5ufbTlgKZVtOmnKfltIUqDCvVtFvKW5GAe3HF4bcewnUx7DP0cHnfpOwrBOBXaUVkszcvE0N44ROinSJrGxsHmbaFz09TW3B9lY9HHnliLuv2Rg6HgpaU43tlM6cFi7AeAeA36iXksnW\u+PVEbaJgxSIc7xZT+kEhShBU\fVYfvAjsqfo298Gu1X90o2bKN1RiEJTH+cOclG4u4diRIXxsZUs1PwbxQfKKW66UZvm1srO5xaAypSGcaMb90ATaa1fvqPtg7C5V77VTnm8FuP9i8m7pYxFNnqAhvQnlxKw2ymtaOojlUaPed5yFifuZsVaJzUng5B0ORnctL21B\fwyaS1fm51t\pciL7p740X+WvwK\7vq8bOCwshhBBCXGE39Yvjm6p+fEMywVfF8OmzuJ\n2m4DfWovJR9P5ZFfJvN5WHn99LmkW1\k9846Hpkb9tmFp4It7lt56v91lOj8Cx9u2wxDniZ9JOgTm861fsdxfvhkyxUQDVWv8lDOBrwjZ\Hsz1\kDo7xH7\+Jc88UgO\tzE7Kfoy2Tkb8I57nJW2F9EHQmVm7cFdtI0XxnVh++ldL\H9bYNIf+5V\j3xT+ze9ArrfzwXkipYaYln+JwN\OKrV3hmw628sGE+dwxK7vycQgghRBfdcPHiRfka\zXq5MmTDBvWEw\5FKLv8W1fRol+dfsrgL\2fJSusFJCFtaVmd1+FrcQPapRwfakjdpZVqwzZXaKa1tffL91NWIK\L2Rv\zt71f0GkIIIYQQXTHgxm+g\saV\Ybl1\U9IDSvUn2c4k8L+OPTaTyTaOO4dSrN6VDv5vncs2suleuT+fXt81l\aRXrX9j+dBrP\PUlKtfPZVCo\Oeb5jLj7Rn8bmc+d\Rr56K12\inqS\ypxd38LsfGri0orbm6Vb1\simR2awguWUFc1nePPxwF5WTFvO50\hn+ff2PnZb7XwK\um8tryS+xZ91c9M1lvvKwPmcWL7OcPVvmo491BfDeqfxst41HhjSf72NeHjef9fMv1\TtgLSfpxM8adLenYLbSHE11Jf\HslouP3X\kHHcgKYCFE3xP0UF4BWkn+CnFNClTsR2nUkz1Jkr9CXItaJ3\588X+N+\BPjyb39HvjsqhBBCiKvphhtu4OYbv8G3B6j5zreanofU9D7lyieBxQDSMzJgcfg20H+k\L2PuT93HYOoaae8g921c0PbQB\nw7ePo89e1X7yF\Du2kY5Y1g5tfn5TFoemJPB84ttbKn4R1ZaQunnP33M7o8h\aczLid2AdRTWVm5N1RmR+dljq9jyxn44cpZl5O\AP0MPJKbwcuLt1Humc8PY33e1MQM7h4S9nO\Wxk+Hvi0hj8x5lJSXAghhLgaJAEshOh7TuynZlQOi7u587cQ4ury7rFTdryO6k88qMcVkN56m2QhRJ\398aLl5K\DcG\46n9XwbcdCOjb9WSqI4n7gbZclEIIYQQV0\jxYucDzRwss7Pce9ZDEnfJl71Df7yt79zY5xKtoO+wjSWjJbbQHv2suXjDP553YAOy1\aBvr4XracuZVHpo+MWB6Ar46z\dcfw5jlpN\W+lwONm1x8KxlFhqAMzV8BPxwWAcPEYumTMCPl5EMv7XtNs8a3a2AA+\59qu360a4qQvVhBBCiCtBvionhOh7jLks\4Gx8+ehCiH6lODZav5\9u4\rKoy3\ExB37WI7FJiOkp4tWQjNgJZoNEiewV+D2glzjjQ6g9JXGp3ByY9Wph\1aFY6NjGjJ\yG0ciJznBkTiiVyhxDZkxxRuFMIP3APRqQjlDmttm5QdifP\YGNrD5oWJQvh7XxbVYa93rXvd9r+XVjve+7\eRYgtfDo\lZz+KwLfrS0Skj\lHfUPz75YznxHk78eYYQO59aYbFPwVERGRr5y3lxe33nQDY4YNJMjfD8uZz5rPuX9ukWvEfwJTp0Lm\iLsQMXBHMqmxnb8ZV\CTwYBwWFh7ECZYU5VA6JJ6aT+K8zSAyUrGfCyFGYm34il7MX4O0sck+5yjbUYe+qzd0pIyIich3QDGARka+lwUxbu41pvd0METfmhzex7eHeboWIXKlGB1xsaAScyz773dCfEQMH9HKrRERERJxGDBzA51\a+fvnX3Dbt27mYkMjfg7QJOBrybWs88pCjj01lIr\Lmfy\AnO2bgdlX8wAZLyKVgzgsr\rCJ0fiyhHZa3c+i\06gknEWpKdzXtmJLDvPX5ZGeV87cRSFwewgxQMXJWhjjPsO3ll3JP2DLsE3sTOpGmQdNyRLvhAAAIABJREFUBFFORZUdzK1nAVtPVwGRBA9yO3imBiu49buKyr8AIzvsmIiISK\TDGAREREREaG+sbH5988u2Bge0PGf9kRERER6w\AAE59dsDXvu39+kWvDFBXLZFsOe17NJ7s0jgejPS\3MQQGctcYz77X85jT3U4s6M7SaRrL2JPph2mJvDo1EjGR7X5SUhk8RCofDmHQ3YgMJwHwqHgd\uocJ8AXn2AN\ZfYOjIUZi6U2ZkNLOHQOaOPCrdyzRYyN6RD+ZoRg8BMDDABBRbWpWzH85nlw0REZE+TQFgERERERGhwdHy+5d1l\A3ts+JJiIiItKb\I0Gvqy71Lzv\vlFrhH\CUydaidzcyplcbGM7+o7goZwpsQb2JuVRVl4XKu8vm1Z83PIxMDc2bGeZxX7hDDj0XCwZbEj\wIwlNlPJBJcsp7pP9pE9v4iDuVt45GHVlFgXsjiuIDulfEJIemXiQQXrmJSc5kMljwUz4YSM0nPJBAMgB\jY+MwVKfyi59nsOtgEbvSlzMr5QQjoq9sOA1GE5DPjsxCDn144coqERER6QYFgEVEREREBGj5C6rD4VDOXxEREelzvL28cDjco76KAF97rmWggRmx4zpZ\rmJgdET48FmZ\SD0QR1WK6K3B35MCSZ2eM6\uJh0NQEJgN78w9gBQxjlrE7byNzbznAhuREHln5Gvap69j3+xRGu6rpbpmduW5lHk\j+NBkXsnPYcWYlvaYpq5j97MJmN77NUsSk3nmf0zMzUxl8RUu\2yakMiKiRfZuy6ZR144QM2VVSMiItIlL0frT03yNXLy5EmGDx\e280QERER+cbqi5+3rlWbbJcauFDnXNvuaEU1077zTz1+DxEREZGr9dZf\8aY4CEA+PX3wdjPp8fvcT19Brwmjm4iZM4J1hamMXtQ18VFROTKfK3+2yCtWK3Wa34PzQAWERERERERERERkR5gp2B3FvapcUxR8FdERKTX9OvtBoiIiIiIiIiIiIjI11kVe1NzOHqqkMy8QJJe7yCvr4iIiHwlFAAWERERERERERERkatQR+X+V0k\5ceMNa+ydEzHeX1FRETk2lMAWERERERERERERESugpmk3GKSersZIiIiAigHsIiIiIiIiIiIiIiIiIjIN4YCwCIiIiIiIiIiIiIiIiIi3xAKAIuIiIiIiIiIiIiIiIiIfEMoACwiIiIiIiIiIiIiIiIi8g2hALB8fRSnsXDhQtKKe7sNa3jrTC+24Wp9E\ogIiIiIiIiIiIiIiIiHikALCIiIiIiIiIiIiIiIiLyDdGvtxsg0m0RyWzb1tuNEBEREREREREREREREem7FACWzhWnsTDtDDOXzYO3X+KtUiv1vkaC7p1DcsJYAnxbl5uWNJb3M3Ox1PsyePLjrHnQDI1W3n\7t2TuLaXWDhgCMI+byYJ\HUuAN2At4Pllr1P7\SfY9LC51e1Pv7mGNbv6Meu5lcSeTGNhWjERydtIjnAVqK\lyH9tJ\ewxXPd7n1Yu4Zpgzz0ze147Z93kJZ9hEprPXj7Ygoay8NJcxg70Jd27Ef4zZLtlEYks+3\i2h1qv7d37D4t5+2v2dn4+rty+Bx81g8dyz9S1\n1789SOUX9fj6hzEtaQHTgo0t1396hNdfeYsjp05jq6elrQvnMfZWt\vYLLy1fTtvHa+lHl8Gfy+Z5SEe2tPVMxIREREREREREREREZGvBYV2pBvOk\S87xVezczkxYw675b+fTd7Tz9\FucblXuNG+9kk\CfNYEB9DzHfMwGnyn1vBr\I+xjRuFguSFjBrnInaP27n6Q1vcboRMEVxfxhYjx7D0qa+4iOnIfh+Iv09NKvxNG89\zTbD5zhxnGzWJA0j5lhvlQecKv7MtQXp\FM+kG+HBLDrKQFLIiPYsCnB9m+Oo0jdg8XGMZyfwRQXERxq3vVc+RoKQyL4n5Pwd9m58l\6QXesY1mZtI8Zn53AKff3c6WF3\F6v\A26fOo8FD8cwqL6U3M3bW9pgO8hvVm6n4OyNjH1wgbPfYwdx6dRBtm\YwftNbWl8nx2rnif3eB0jvj+PBQnTGPRBGi+82Tb5bzeekYiIiIiIiIiIiIiIiHwtaAawdIMNm\9M1qyYxmBv4N6xRA3\Db\4bS47D8fys3Ets2NNE37GL+JbZvHWH97JzlMDiFm2hjnBrnL3jiV23E6efj6XnUec14+9N4wdpUUcs8zC3HT5mWKOnIGwH0dh8tAq6\7t5FYaiUh6huR7XbNj743i\j\+hmX\0VJ3d5X+uRjbwGksXzKTwQCMZexwWPbiEd4rrWfsmPZ1RdwXhfHoQYr+FyKaJgHbj3CsFIIejvTY7hY2uGMBa5PHYgS4dzC2J58n\4PzTFu9hpnfdrYhwljL4t+W8t4HMPY7UPvnY1h8BjNz6RMts4vvjeJu09Os32fBchbuGgTW\Ts5+IWRiOS1JEc4x2dsVAS5a9dQ6eohdP8ZiYiIiIiIiIiIiIiISN+nGcDSLRE\cAV\XYzj7ifCG0rLP2hVbsSdrZdwLi4pBUMAxnPFHPnzkZafT+sxAaV\LQXANyKSMG8rRUdb5gCfPnqE095hRHoIvIKVY8WV4B\FpHuNrc6Yoh4gygilfz5C\WX0MeDWADhbwH\mFFNpc10ZPIdNW37FAo9tAEaNJsIIxX8ubmnZu3+ilCAix3Qe\gW4c4wr+AvAjRgNwMAIxn67pYzv8NsJAOobXO2c8DN+taX90tJB5iDgH9hsAPW8V+4anwi38fEezLTJYa2u6+4zEhEREblSNTnJmEeOYn5ObW83pW9ouEBZ3iYemxlNyMhRmEdGMilxOekHOxkfSxbTR47C3MnPhqNtL7JTsKbza8xJOdT0RPsAzhSRvjyRSZHOukOi43lsYx5l1sscn3MWDuVksHpRPNOjI1raGh7N9IdSWJ2ewyHLhcus9OukhA0jR2EeuYlj7Y4lk912QR8RERERERGRNjQDWLphMLcPbnPIexC3D4Tikx9zmjDannY6Te1pwP4+b6W\77nqs6epJYIAw1juj9hO2tFjWB42Y25a\jlsGhEGTxf+A9sXwJDBBLU95X0rASag9jy10EHb2guaOoeYv6ZRsC+N9fvA9+bBBI2JYub3Y7jLUw5gAO8wRocbOXi4iOLGCCK8rRz7iwWC53hetrotT\8CvX3b7Xu6e73NyplT73O6+mPeK3+f0g8qAag9D1DL+Vo8jo+v\wCMfOrau4xn1I3uiIiIiEgXbOVsXZDA5qPO\B4mcwjBRjuVB\PYcDCP7PhUtq+PJcin9WXWD0oou+ybWSg7cJmXNFSx6\F4lrx9ATAQGBLCQGqo6KJ9dksWjz20ngIb4G8mNMzAWUs5e9OXs3d\ES9tX8fkIV3c21pO9saVrM4uxzk6BgJDzIS6fRA9a8knc2M+mRtXYYpK5MU1y4gZdpl9FBEREREREfmGUwBYro4vHoOTrQyayZq107oMxDqXUy7mWOUszL6u5Z+nRnRdf08xhjFn7RZmffI+BYfyKTr8AZYDO\nVgbeISH6meRnltsLGRmB8t5j3jkPE7ccoqgDzv47uYvnnq2Ar5fXn0yg445yl7GsyETBwBFHf8SX\qKWLiwGDsf0\G4+IxERERG5GnYKNrqCv+Z4Xvz3lcwwu77taC0nc3kCq3NSWDA8h30LQ1pdWflxCQAzUot4capf925nreKjamBICrvfWUhoNy6pyFruDP6aE3ktexnjmz7Unilk9U+SycxZzubowtZtsJew5afrKbAZiFmVw0tzzRgAGmop2PAT5mfmsGRdJIVpcQR2NDKl23jkR6kcsxkInJjI0kfnMDN8KAYfD2VPlZCdsZHNWRnMjz3A7NQ0nps6tHtj8rUQzooPj7Oit5shIiIiIiIiX1taAlq64Ty159ocajzDx2fBONzcyczQAAYEAGdOYLF34zajRhNhrKX4SKVr+ecI7h\bUfj3Jow3A9WnqWx7qvFTaq3A4AC3gGb7PtSe8byEne+37yI2\mes3LSFLc\NI8Joo\gPR+hw5bqQ+4nyt1F8tBTr0SIshHH\fdcs\Evpf22n4EwAMUs2sWXbNrZs2sSaZcnMDHMPULvG3sP41J857daXy3xGIiIiInLlzuSxI8sOhLP239e1BH8BTCHMfSGNpCFQsTmNXa0+u9ZyorgKCGHMnd0M\gJYjrMXYEIIwd0p31BC9uYSYChLf+kW\AUYFM2KFQmAnV25B1otG23Nz2CrBZi6jhebgr8APgHErPg1a8PBvv\XZHeQWcR+dBPTH0rlmCGSFdmFFKUtY\YYz8FfAMOwcOauyaIobx2zzRayU5LZcFQfZkVERERERESaKAAs3WCj+MARbG5Havfvo7jRSET4XZ1c58vYe8OAUvL3nm596pNc1ixczNNvuM1Y9Q5j7BgjtX99k9wjp5vzDHtmYnREEJw7yL4\21qdsR58h4M2uCvE1bYbjBix8XG1Wwi38TQHD7uHRk\z1vO\YPGG\FaBXt8BgxngcQlqd2Yi7w3AVvInskot8J1IxnZ5zZU6zccWGwyMICbE1DI7utHKkaPuf1Hz5e7v3NV+fBpPk7+\dbnLekYiIiIiPclWztY5zhyvk57Kp7LBefjYxlGd5gz2dL5VnmFrOdlrEogMd5YLn5LC1ub8tXYq8jbx2JRIZ17ZyDge21jYfO+2ao7msNktr62zvkSWpBdS0e4bgm65W23lpCc7c+iGRCewJMdCbXERBQDR8Uwxe7iZMZIpUw1APvsPu+e4reKjwwARBHW1jLJ72086l1IOHTGUbn08rbFijwghOCSemLD2pw03uWo5WcP55qMXOLQ\H4C58bHtV8HxMRMzKxKoIvtgeftKz+XzxIIMKszxvPT7DJLCux\gNoyM57nsDJKGWEhfsMm5\HRbDbUcSl\OrKZcwpFxPLYxjwpby3vknjv5mrxHDReo2J\F6kXxzXWZR0YQOTOFDTkl1LS7xlMO4CvUcIGK\RksSYwjvNX7W+Thvpdf\lr9uxMREREREZGroyWgpVtsxdtZ\fwJJk0cAcffIvfd0xjHJDPLwx+G3PmOncXMP5SS++YalllieTDqdmwfF3HwnVJO3xxB8qTWf\m6a0wExj8epBgjUQ93Xrlp4gJmHl5DbvrTrP9oGpPuMFJbnM9bR09D0Ez+9XuuPz\dOZaImw9yMOd50uzTGG06z7E\vMUHvkGYuOSqbTAR37mV3Dd2su75j3ngvrsJoJb3\pjPkXNGxiZEdbqkc9DYCAL25VN8HMJ+fC2XrR6M+Q4j\PEtXnixngejbsf3\Ane+cNBLF\4AvXNJU3f+1dm\nENua+s5vmPJvHAHfB+Xi4Hz7SusfvP6DRvrV5D7pkIkrclE3HN+igiIiLXhYYqsh93Locc3EFe2Sth\zCD+esyKLD5ERwWwsBaC2WWfDYnFvJR6m7mvZfMrHQLJnMIoSE1VJRb2JueTIFlY5sliu0c2xjPrHTnl+FM5hBChwC2KsosRezaWMSunYns\P0yRrfLFHKCLY8nUHDYj9CwEOzV5WAMxGFzRYxHjuhwKeSgEZFAIXs\PAFTw50Hq09wzAaMC2HouSK2rlvHy\kWrPgRHDuLxYuTmRHSPnBaUV4IwHhzIGU561mdmsOxM3YMg8KZPC+FpxMjCXQf80HRrM2I7nBsK44XA2CIGkWQW19L9wNEEjrCc5g5aMQooIjKPx+nZmFIqzEuSF3OLpuZpb9qkyP4TAnZOzJIz8mn4pwfwbHzWbtqIeMHlbA5PIGttjhe+stGJpsiWbo2gcykLLa88RNiEtyWgraVsHlOIlvL7YAfwWFmDLYqV17icpI6+UDbY+9RQxXZi6bz5H47TTmVQ32AWgtl5fmkP5VPZv469m2N75H3v5VW+Zxd77DRTmVpB+9vq\zUTW11K\9yLC\+PpUZHr6E0HP\7kRERERERKQnKAAs3RLxo58x4I\byU0voN4QQNiMX\DjqXfhOSuuG+\BTFvxDAH\uZ3cw\nsKAd8jQy+cya\+PE07mpbQcj9RPkfJN8ewdgugst4D2baE88Q8F\byT28k+0HAEMAYZN+xpx\CSOgafaw913MW7EAtr3OkV07KPY1EnTvPJ6OrWXL2iPN1Q2e+gQrjdv5bV4xuf\hPO57axgzH\8x0+7sIqQbFEnErfnknwsjMuLaZi2+K+FpFjSk8fqfnePpe\Ng7rxvAc987zzbV71OpaUSIoJaxicrjdff3cn2A74Yh41lQbyN7TluUeDLfUYiIiIiV8stKGaaurHHgr8AhzIyMExcye6NCYS6vsFXkZHApGdL2PXUdPYSydrc15nbFDA9lcX82PUU7M9gjyWOua7vvtkPbuKRdAsMSeCl11cyeZDbTU7lseQny9llyWDLvkReebBtUpRCCj5I5LVC1zLKrlmO1n2uBtmsOENs7VVWFTnvf86tTKWFQwBns\jFlHIqTCEEuwLLFfkZLMnP4g333LsAVFFZDjCUQxu\T3o5BIeZCfWvoaK8hF0bE9m1M4FXMlcS01X0zVbFoYxVPJZaAsZo1s6PbLmPtYZKG0AgAzqavDvETAxQUGihElqCfZYctmTZCUrZxCK3lMc1hZuY\MMymwtgXf7X1J5ZMoB1r4QT5kNCAtnhGs4DdEJrAjLYvXLb1KW0JTr2E7BRmfw1zBxJTvd3gdreRZL5qwnPafjLvfUe1T5u+XO4G\0Mna\kNhcF4C1ZBvzZ6dybP96st+LZ2l4p0\hspWlJ7vyOSfwyqsriWl6h5v\WXwyOZoSlZFYnDLT20ISeSlbctald+1MpklOfksWZDK0NwURrd5eXtqvEREpHMnT57s7SaIiIjI14QCwNI9N4cxZ8WvmNPR+Yhktm3r4Jx3AGMTnmBsQnduZGbWc9uY1d17+Haz7lvHMm\FWOa1Obxm2zT3ygiakMzKCZ3U02E\+2H0BSLu797yzx7rGcy0tduY1vbwoGmt2+kdwNgfr2Tsj9tX+8S2mNYHfD2XHTupzYXdekYdtE9ERETkcrhmJT65345h4jp2vxDXwzMfY3n+2YRWgbbguARini2hwGYn5oVNLUEogGHT+WHcegryyjn6wQXmmv0AO2V\KSZ4kIGhS1NaB38BhsWxeH4Gu9aVU\BhFdA2AAwxixNbcui6+mcaFc5o8jj2Rh4FKdFM9m9zUUM5h95w5bKtqsGKM1ha4Vz\GSx2RqcVsnui634NdireXs9PH8+hYF0ym+\YzYpxrg+jdgtlhwGqqBi8kt2ZbmNyroStP01k89Es5j8VwoFtHcw+PZPD\OhVzmWrAcwJvLR9ZeuZujarK4VKIIGdLZnjQdnbr3KMWF5MaIn+2ktSeSQpgwrMzE17lbXNfXUFLZNXAWAYN8otr7GZ0ZOHwuZiTtRAaCBwyhlcxpjASy8kEOr2pUZTSAIv\dpCeFIWHWcO7on3qIriv9gJ9h\KzCWtg78ApvCfsDghlflZdspO1EJ4+\foitkLyd5swZlv2i34C+AzlNnPruOdKWlUWU5QSSTBTeNFNGvdg7+u8jPW\5rzJ+JYXbKNl\Pn81Jc22h\T4yXiIh0Zfjw4b3dBBER6UP0xSDpjHIAi\QEy0EOnjESdZ8WRhYRERHpUEMNhzY7ZyUaJl6jZW+joxnfNrAaONQVLIzmgXvaBpr8CHQFu6y2pnCggdEpOewuLPYQ6HIaYOxs2qyB0BEegnnDpvNonAFseSz56TaOnXM7Z7ewa+UyNle3vciO9TMIHeRHzLNpLQFRAB8DwXHr+PdV4UAV6S\kUNl0rtbK+TAzJnMir73QOjCHfziLtqcy1wgUrif9cAdh0HNWrCEhhIaFEGgELFk89lAi6aUdh027r5yCnVUwNZaYpufVUE76k9uowMCM1Nfb9HUos9espOnrjpPvHtGqtoEBZqCG867UyTXFhRwDDAlxxHhY0cYQFc\izvIp98h7NJQZL+Swr2gfizyubmTAdK1W2ykuIhM6zjftH8dLRXnszkggGKgsynfmG05IYGbbLzwA+JiZmRgHwN79h2mX\rpHxktERERERER6imYAi1wF619z+a+jH1N5tJTaQTNZ3NWy1SIiIiLXsUMbEihwBXvsJ2vbB5F6Qif5da+G\dwFrOdOUHH8OO8U5lNwoKiT0pEEeQqi4cfk9RkkHU8g\WgqsyLTCAwxM9DHTmWpBat\LC+un8CSlRlgMrmWWXYFo1M6vltwbDwx60ooKCmkuCaBoEBgSBwv\j6u44uM0cxMMJCZbif7L+WsjfKw\nBIIjtzE52\N9RyaMvPmb+1iA0\SmHgnjRmeOxjN505ztFqCJ0\iqbYtP1wDlssQPgylk71EHgfNIJgoIAQxtzpKTBvwuCaAF35oSv\8YihHsoBPoEE3Qm0C7i7XIv3qMGO1VrH+erjnPjgOO\sz2PPwZ6+iVNN9QnnL93sR81J5\scc\coj0uTA5iGjyAIqCx2LuUd6n7yGv27ExERERERkSujALDI1Thvofjw++AfwbyfT2Nwb7dHREREpA+z2+wYJiYy+7MMMktSWZ0Vy84+nPzTWp7Hli1pZOdb2gSrDZj8DdDJAsIdMoaz4s1CHsjYyOYd+RwrL6fG38zklDSWzo0m+PgmlgAMCqTbKyo3B0bhYkP3mxI0IhIoxN6dbvgEMD5lG89bIlnydiGbc8uZsTAE\AMJAsCOtaPExk2M\Vt+r7ZQAMwd1jQN186hfOeSzKHTx7nq7KiecYQOcz9gp+y9QiCu4zzE7QQw1Azs7275K1dzMINntmSw92htmzfGD5M\YLv2begR\gGMACqrrVfy5ouIiIiIiMhXSAFg6VxnuX0F0\d+wZbv9XYrRERERL4empd9\tDEoZmpHFu3ksyoLPpiDNh+dBOz5mRQgYHAkFjmTgwn9O5RBA8fQfCQAOx5yUQ+VXhllfsEMD5pIzuT2p9qyvc7fnjrJaTt5+wY\DuIrjZ0EI6zX8CKH6YOLrvY0XUd8mN8dDS8XUjlB1VYCcFkMDmXMbad4Gwt4GlZZVewl3uGtgvsGm5qatwFzlY5fxs\qoMXwnKcQwATwwl2XzrcXsI7bwDRkYzudtT8AjVnulv2ylXmJDPpqULs+BEcFUdMeDhh94xgxNBRBA\1o2zzKGalX\t29IhztZwACBvS\S8niIiIiIiISK9QDmAREREREflKjI+d4Mz5G\ITnltkBkpYvSGHysuYtfrVBO7KSf8\zuBvzLO7KcpNZW1KIrMnRjLaHIDJcCXB0+6o4tDucmAo993tWrrYms+SkaMIiUwmu6Plik+dcAZGjSMIdq3DW7ZtEua7Iwl\oaOlqu2cOO5a9te1THJN\nqmz4wmZE1hhzM8m\sdaHIFAUcQNhGgiLITnq+qOO4MagfdO6rdMsH2f3R\HCsO5lEGhEaMaBWArMhOJdNmYO68uOb6g0ZEA3DoRFUHtVVRUdztW18Zaz6bnyrEjpmk1wvZl7GRFSkJzIiKJHSYHwYfsF\Wu999pkDX+\PhCWo8lrCQ+VAkkx5azq7qlvEqeO94h8\eeuK4M8f08EAG9niLRUREREREpCcpACwiIiIiIl8xA6MfXUXSEKBwPavfaB2kCxweCXQQvLMV8+61XrbXlZ8WIpkS5SGHbIOFgp2d5QDuQE0+q6dEYg7fxDEPgT\74ddJLwHM8cSMdB00hTAmHKCI7P0WD5XaOfS7VykDDPHRhLpmxgaHRTtXY\5dPgWelhiuzmNHFkA4D9zjnG0cOMIM5bXYs3LYe87DNW79nnz3KNdBP8ZPjAUgMye\fV7nBktzUHt2VEjLcf8hhAIVZ2qa6xnoGurK0xc8tDeHDZtLAAMxd7fMELYe3sRP15VgmLiSpKiWqc6B90QzGrBn5Xnsv\1oXscB9Z7yUQm7AJjAlDEepmHbCtnzu2tza0N4JDMACnPY4+m1sRwmt\QCFedGMGJQy3iRlUWupy9YNFjI3ZEPQExUhGYAi4iIiIiI9HEKAIuIiIiIyFfPGMnStQkYsFOwbj273IJOQSNGYQDsWWlkfug2H9FaTubjKWRe65ypgSMINgIUsudtS+sZkefKyV75c1aXXEm94xhz5wWwZfDk5iKsbkFga3kWjyVnUImBuSt+0hzIhaHMXpyAATi27ues3l\bclHDBY5tS2R+RhUYo3n+0cjmFLyGcQmsCAdsWTz2eBZl7pHZU3k8uWAVBUDwouXMbsqna57O4jgDkM8TT7W5xurWb\NCHo1tSbZrik1kkRl4exVLMstb+tVQS8EG1zXRC5kd5lbfkKGMBg4dLHEFjQ2Mj3X2c+\mVArcpq1ay7N47KFVrkCumQFGZ92HtiYSPS+DCnMir70Q75xd3mRYPIsTDB77by3PYslPM5yzWa+lIWZiAMgn1\25AfbqIjYvuIbvsimWR5e6Ztn\dD0F7kFdawlbn97EMSBmcbzzXWsaLwpZvXBT6\INVexye\aL41ovTy4iIiIiIiJ9j3IAi4iIiIhIrzBEp\BiXA6P5RXyxMZ8Yl6Idc4sHJPI8xOzWLK\kNVx49gSYmYgNVSU12I3x7M0sYrNGVcwA7e7fMKZuyqazKcKKXg2jpA0M6FDDGCrosxyAYwhJC1KYO\WLCotVdQQ3m5pY8\8mLF8HW8cWEVBeiLhWQGEmgOh1kLZGTtgIGZVDiuiW88WNUQvY+fS48zaXEJmcjTZg0IIDoCzlnJqbIAxnKX\kcqMQe59MDP3V6mULUghe\96pt+TSnDYUAxNfQCC41PZvjgcg1v7Jq\PYNGJRLbuX8\0ezYR6D72AOZ4Xtqewmj3JhrCWfzLFA79KJWCdfGEb3GOV3P7zPG8tDa+9RgZInkgATKz8tjzVByzB4EhahmvJR1mVnoW86N2u7UXJm9cR9KaVaTbytkQN4oNTdWEJPJK+jJGG9vcYifhAAAgAElEQVSOtYGY5RksKm7qS+v+G0JiiRmST0FpNMGe8hb3hEFxLE7KoCDd0uq5NT9v\1iWJtnZnF7Ioaoq4EoCq7VkJ0XzZCHEPFvIK\EtdYQmpfHi8XiWvJ3F\Ogc57P0sVNZasGK8\mvfbCpvIGY5Vks\SCBzUczmB+d1a48\rG82PbZi4iIiIiISJ+kGcAiIiIiItJL\Ji8fB0xRrDnLef\vt209G8AM7bms3NNAuPN\akpL6fsjImYpI3szl7H7JHXPgIVFJ9GYcYyZowJwHDOQllpOZWMYsbyNPYV5rAiOdo5u3N\Poc8LZfckSHxvFKYw4tJsYSaLlBWWk6Z1Y\Q2ERezC3klblm2vfOQOjCLIpyN5IUG4LJWk5ZaTlWUwiTkzayuzCLRWEexmRILM+9Wchry+MYb4aK0nLKLBAcFceKjEL2PRvbetYsOIPJv89n57OJTA7xw1peTln5BUwhsSQ9m0XRm+uY7CFgaghbyM49Gax4MJJgLK3bl+3pGgPjpycSRCGr05pyDhsYvfR1dj+bwOhBdVSUWjjrP53ncv\ASw\GM\fZBEb7O8sFhsSS9EIORb9fRkxH0XdXX15bHueqr5yyc4FMTsmg8PcpPND5k+oBrv68kMhksx\2M+WUlVo46x\tHMt3U1k0K5pQwP5GEWU9nQ\YZygzXvgD+9KWMWOM61mWVmMIiWVpWh4717d5\sYQFv1HIbtfWMiMqCHYy53txRzL3DUZFL2byoxrFSwXERERERGRHuXlcDgcvd0IuTInT55k+PDhvd0MERERkW+svvh561q1yXapgQt1zgjU0Ypqpn3nn3r8HiKt2SlYM475WRCzfjevzPaQb7k7Gmop2PAT5mdaiFm\r5v1lLBhZALpRPPiwTRmdG8Kt4iI9AFv\fVvjHEt3+DX3wdjv7bfZrp619NnQBER+frSfxu+vqxWa9eFrpJmAIuIiIiIiEgvcC3THAIFK6cz\dlCai53Fqy1hPSkHzA\00Lw3DSej3cFf0tSiZwSz\SV+dR4us5ynGMAQyIYoeCviIiIiIiIfMMoACwiIiIiIiK9wxjO0tdzWDu1P2UZyUSOiWdJeh5lpy5g7ygY3GDHeqqE7I2JhN+TwIaDdYxemsXOFdEENk0CM49ivKWcsuxUXj54ofX154rY\ItNHANGP\oDQq9h90RERERERER6Q7\eboCIiIiIiIhcx4xm5qYWEjPzVVavSWPXxuXs2gjOXL9mBrqv7NlQQ0V5rStnMJjCE3hubQqzQ\xa12mKZemz0ex9qpD0xEgyB4UQHADYqiizOAPCpqkb+dUPr3DZaREREREREZE+TAFgERERERER6WUGgiYu5JWJC7Faitizv5B3Dx7mxAkLZWfsLaUGhRAcNY7xsdHMnBBL6BBDhzUGxadRNCqPlzNy2HugiLJSAD+Co+KYnbScpKiAa98tERERERERkV6gALCIiIiIiIj0GSZzJLPNkcxO6oG6QuJYujGOpVdflYiIiIiIiMjXhnIAi4iIiIiIiIiIiIiIiIh8QygALCIiIiIiIiIiIiIiIiLyDaEAsIiIiIiIiIiIiIiIiIjIN4QCwCIiIiIiIiIiIiIiIiIi3xAKAIuIiIiIiIiIiIhIa6XbmDByFOYHtlHWcDkX1pKdNArzxpIeKtc3HNs4CvPI9j8h0fE8tjGPCtu1vLtrrJJyqLmWtxERkW+Mfr3dABERERERERERERHpW8oO5FBpNhNsSSP78E9YG2Xo7Sb1AeHMWBRJkNsR64f55KYvZ9L+ana\uZBQn15rnIiISDMFgEVERERERERERESkhb2I7JerCF2ayuzdKazOzmdpVBym3m5Xr4tgXkoKo1sdSyEpO5kJK9PY895CQsN7qWkiIiJutAS0iIiIiIiIiIiIiDSzF+WTaRvKlHtiiXkwHN7OIveU57I1h7fx2JRIzCNHET57PXurL15huaYloQs5tjWB8JGjCJ+yiQKr6\SZIrYuiiN85CjMIyOZtGgTuz60t67CZiF7TSKTIp3LM4dPSWR1TjnWhsssc5mCRowA7NjbdMlanseGrtp8GeVa97WEzTMjME9ZT4HWhRYRkTYUABYRERERERERERERlwvszcmCIfHEhEDQxHhiKCE9r7xdSevby4mel8qhwfN5MSODf5tkZctP17PnsysrB0BWCvP\FMm\ZaSx4tFYRpvAXrKN6VMSedk2gRVpGbyWtpwY206WxMWz4WhToLSW7J\H8eRhE5OXp\FaRhorJtjJfiqe+b+ruowyl+lcOdmv5YN5IVMiWg7bj25i1szlZH7mavMLyYyqymrT5u6Xa6WhiuzHE9l6JpoXt68kJvDKmi4iIt9cWgJaRERERERERERERJzO7OONtyF0VSyhAIMmMCUantxZSFlySEuO24ZyMjfmwcR17N4aT5APEBXJ5LBNTJpXCOMus1wTWxwvbk8hxth0oIrMDalUPJhG0apoTD4AkYyfGMd9a8Yx\kc5mYnEHTmAHsKIWlHKktddY6PimSgdRxPHCyhMmFo98p0OjgZzBqZ0f7wyEReyUxhdFOa5IZy0v9PBhXR6ziwzdVnIhk\dQJhc+LY0NTm7pZzv1dDFbsej+fJw5E892YqM4Z02mAREblOaQawiIiIiIiIiIiIiABQuT+HAsKZHW12HQlgyoOxUJ1G9mG3GamnitlTDbMT4lyBSyfDuHiSwrj8ck2iwwk1uu1XF7GnBEb72yk7XMShg00\JVgNZigp5NAZwH8oQUbITE2lwFKLvQHAQMyzxRRtjXMGUbtTplPhzFi0kEVuP3NjzZg+zGD+3FXsrXYV+7CQ7GqYO691n\ExM3teLJTkUGC5jHLNrLyzOZklb49ibW4asxX8FRGRDmgGsIiIiIiIAF4tv3l50ehw4O3l1Ul5ERERka9Wo8OBV6vPJ\qs0uMaytn1cgmEryRmWMthU1Qsk8knMzufpVFxmADOVVNGCLOHGtpUEsjA4W673S3XkTMWDgFsTXFu27FQeQYYFEnSs\Ece2ob86dsA2MAoVHTmZsQz5RxZufMYUM3ynQqgnkpKYxudSyFtaeymB+7niVboil6NhaTzUolIQS36zOYBg8F8qk8B9Ddci6Fm3iyEKCad4prmTssoKsGi4jIdUozgEVEREREBB+3v5\e2L8f52wd5BsTERER6SXnbHZu7N8yn8VH8d+eV+6ckUrJeiaMHIW56SdyOXsB3s4i91RXlfTHYOrOzbpbzinp9eNYPvT0U8zScGeZoKnr2H20iH0Z61g0aQT2v2TwZGIckYtyqGzofpnLNmw6P4wDe04JFVdYRbcYQ1j0eiGvJEDBmo3sPdf1JSIicn1SAFhERERERPD1bvlfg1v8jJystfZia0RERETaO1lr5Ra\lrWB3T+\SE+wc+i\06gknEWpGbyW0eZnVRwGSkjPK3cW9x9CKOVUVLX94mA1lX912+1uuY74DyEUOHTc0mVRAHz8CI6KZ+nGDPa9W8y+NdHY929j14eXWeZqGE0EeewzWE9XAZEED7qMck3uSWDemABiktcRQx5LUgvR1zZFRMQTfUoSERERERG8veAGH+f\Htz2rZu5cLGOE2fP93KrRERERJxOnD3PhYt13PatmwHn5xZvzQDuWfYi9mTaYWoCj06NZHxUm5+ERBYPgcqXczhkB8zjmGmGzB15rWbO2o\mkFnqVm93y3XEHM3scCh7JYdDtlYN5tCzkwiJXk+BFexHU5keHcdW9zp9DAQNCnS7Z9dlrkj1Pn6XB8SFEwwwMprZQ9r3mQYL2TvywRzN6CGXUa6tQXGsXRGNPWs9mw8rBCwiIu0pB7CIiIiIiABwk68PFxsaATAPugXLmc\4\Es7wwNM+BsNygksIiIiX6lGh4NzNjsna61cuFiHedAtzedu8u0yWatcJmt+DpkYmDs7Fo8rM\uEMOPRcDavyWJHfgrj48zMfSaR7DmrmJ5kYcXcaAaeyWPzxpw2yyB3t1xHhjL7iUQy52TwyAPHWboqmdHGKt7NyyI9r4bxz\6EGBMQNoEY4zY2L0jkbEo8U4YFUnMqjx0bczBM3MjsEDDYuy7TuWJ2pKbyjtsRe3URuftKqMHM0kddY+cTQtIvE8mds4pJP7Kw9tFogmzH+d3Lv2ZXuZmk1xOcgeLulvMgKD6Fpa\Es3lNGlNyUxjdPo2wiIhcxxQAFhERERERAPp5e+HXvx8X6i5h8O1HSNBA\v75F7xXVcuXdZdwOBy93UQRERG5jnh5eXFj\37c4mckJPBbzcf9+vejn6b\9rAqcnfkw5AUZo\rOJIYNDWByWtK2Jt\AGtcHKYxy9iZa2bzv6WyOjkDBoUze1UaM99OZoPbdYZuluuIYcwydueFsDk1jZcfT8SKgcCQaBZnbGNRVICrUDhLs7MYuD6VzNTlZJ4D\M1MfjSDwuRIArtbplMl7Npa0vqQv5nxk5bx4uOJjHdbrtnZ5xC2bEljQ3IGVvwIjk3mlV\hJhhhssu145PCEnPLSR39jaefHUS+xZ2Gb0WEZHriJdDf8X52jp58iTDhw\yu637egpXi+tpvL8lzTotbku+Hh5ETTgRuaEDWHhmGG93RwREZGv3Ff9eas7voo22S41cqHu0jW9h4iIiMiV8OvfD2O\a5vV7nr9DCgiIl8v+m\D15fVar3m99AMYOnSx+e\ZNbOY3xa1wgGIwww0s\LGxwO8PLC4XDg5eWl\W\kPnxcX8\GI5VsL6li56zR3D7gxt5+JUVEROQaM\bzpr+3L\+ob2heElpERESkN93g481Nvj6a+SsiIiLSDQoAS5dm7TxGbYMP3jf5uY64Zv+6csA1p4LT\jdy39vXF3z7U3vRxqydxziyIAoRERH55uvn7cUAQz\8HFDf2EiDA5o\B4qIiIh8Jbzw8QJfb28U9xURERHpPgWApVPbjp7i07pGvI03O2eE4vyzn5fbH\+0f33sextu5FOblW1HT2k5aBERkeuItxcYfK7tMosiIiIiIiIiItJz9Jcc6dTrpdXQv\WSv22\cKn962i\43Od0JERERERERERERERET6JM0Alk5Vnv8STDfiwAHOFLFNqWJbbfFC56+H8\18nO+EiIiIiIiIiIiIiIiI9EkKAEunGhwO+jXNAW29ac4V2zxDVOevg\NeNDhalocWERERERERERERERGRvkUBYOmSc\avcwqoF17av873RUREREREREREREREpO9SAFi61Dbkp\3re19ERERERERERERERET6LgWApUuO5iV\tdVWRERERERERERERERE+jLv3m6AfB14ufLBaqstIiIiIiIiIiIiIiIi0odpBrB0g4OmScDaaisiIiIiIiIiIiIiIiJ9l2YAS7d4aaut21ZERERERERERERERET6Js0Alq45HL2edVbbvrUVERERERERERERERGRvkkzgOXytJ0Cqv3re19ERERERERERERERET6FAWApRvc5n86tK99ERERERERERERERER6asUAJbL0NvTTbXft\ZFRERERERERERERESkr1EOYOmSw+HAC+fkT+dW+9fzvoiIiIiIiIiIiIiIiPRdmgEsXfJyhf28tK99ERERERERERERERER6dMUAJYuORwOwKGttjjnAYuIiIiIiIiIiIiIiEhfpQCwdMnLS1ttW7YiIiIiIiIiIiIiIiLSdykHsHTJOfPTMy86nxPa+flG+PJzLlk\p9H2OY11AP3wMt6M903fwsd0Cz79rqb+njnfaPs7DY230O9mX7cz\+DSBx9wiW\T\85BHX6T4qtoX2+eFxERERERERGRr8bJkyd7uwkiIiLyNaEAsHSpq4mfV3S+7jPq6xtJGvdd5twVwO1+BgxNUdRLds7W1vI\h\C8o8G0N\f+NW3z8Vx4XMSou8n8ZbzTP6fs25n7mL\pgcI5gK\Sy9nRS+1ry+cFxERERERERGRa2\48OG93QQREelD9MUg6YwCwNIlh8PhXP+3p7Zfnub+797D+vuGcHvTG9jYiL3e+avB18DAQUOY8+AQflB1nJ9lf8ofTYaeu\9lbOc+FMPaYf2xVp5vMw5NDe+Hl8OB4ytuV69uRUREREREREREREREpM9SAFi65NWTSWQbL\C9+6LZNsYfA2C\YCW7+GPWfGhruWFAIGsihzJ7sC+moaP4zcxifrC3nk\6f\VJbw1uazu3Hoe\MTn9b837Xl9xu3p1KyIiIiIiIiIiIiIiIn2WAsDSpc5yAF92XYEj+TdX8Nf6SRWPvFlNWdtCNWdZnXeeiimjWBvUH9OI75A6uohZ7\m0rqv+PI2ffUpDU\7g\jfhbbyFfrcG4t32zb70GXUnTtLoNxzDtwfAFzVc+qyWhi\roN8NeN8c2OY6V47fmO86d+2f8OX7\wsBd3LDrTfhOQdw62Nethounauh4YuLQH+8BwTg4x+Ij6FNPy5YsH\yuVvdXMb5Bhxf1HDp3Gc02C4CvngZTfj434bPzTdo+WYREREREREREREREZHrjALA0i1egOOqtzYWjf42twPUXyDzj9Uc77B+O5l7zvLgj4cyqvESXt8aCHzqOt+I49xZpkXczWNjJ3BHU\7gxgasF87xP+\8iRTLrfTz699S33fHcvyxqZgu1rB+exkBU6NJCPbH5PoXYD1fy\8cOMKSj2\FxwBehLD\lxMJdrXPFHwfn\zyPvj0NObff4wXd7nOX+B3Lx9nBeBoPmbld8\ib9+fxwpoQEMvMFZh\0f5\jT0f9l1bH+\P0mn+b+Jj0cz4qg\vDpJ4z4fWW7cevwfKONBjs81aYvXLLzUcX7vLjvFG8ZbsPLu6eeHwooi4iIiIiIiIiIiIiI9HEKAEvXHA6a5gBf1fbSPzElyDn71Xr2Mzafb5lZ7Pm6KuJfrWrdFABbI\3R1NI\LbBebApf7CPD6YBAfzLgw8S9eFf+Jc9dZy+wbupC64KDPxwXgx3+LVcZ\D1dl43YzJ3FL3L9P\1Bbyw1zdi9\F2BZcbsTcAjV6txqPt+Dj1Y\SPJ\PDQT5ubfPGcJM\xwdw90BJYz900W83frbUpXD43i0P99A47du480Zowi70XWyoRF7ozOH8h13fZetw4aQsbuYdZ\79czz89AeERERERERERERERER6Vu8uy4i0kPpY8Nu5nZvgAYq\n76CuupIzr2blfwt5HKk39jevoRRr16hJD093ihsh47MHBkBK\e79s8ZbU5fe2NJu7wu0TxexVMcF1n\u9KDl0E8CFs1EhmAF5eJ5mecYTN1XUAWKtPEZJxhFFvnGxdX5vxcTJyxyAvZ9u2H3Fe918V7Pq8EYCBdw3j6QZP13Wddrf5eN1NvDLNFfy9eIH0\cWYtzv7M2H\aQ79oxFuDCDx+3cRXa80wCIiIiIiIiIiIiIiItcLBYClaw6Ha+apa3ul+379MAFQz\nzV1hf3W38LNhZi\WTSibsO0NZ8\kv2PL2e6T\vRHw4Y47hvJwQ9P1Ld2pOXWK+EM1VDbVf7aKR0o\xw7gZ+Q+t\u5DUKb9ngaHzc1Z\mRq204HDjO17Dk3VoqAbxvIjTMvT73qjz1v\35xnG3M9EPaPySXQWlbKi42Fy+8qOTPHKglopG4JZv87Pwup55fnjop4iIiIiIiIiIiIiIiPQpCgBL17za7Fzp\g1NK47XcfaDK6zvu7dwhwHAxrsln3goX8fm4+eoAfD7FpNHtD1fz0fVZ9vXX9foDAC3629bbevzXL6i5m\OYK97+Sq3ezT\y7uS8Wxk6eABzt2\42fvvsRdVVNPxXUVX9E3eE9\LkGwIc7vn3bZdbfxb6IiIiIiIiIiIiIiIj0WcoBLF1zOGgJ\DXNjL2Cfdsl7IABXwaOACxXUN8tNzhnEV\8kmOVHZT\8EvOToBA7xu5LcABFvdZtBepfM9D\e9d5Ox9OOt276+jdTG3XzoYH4A6zn7WtrwXYOPsRQi+oU19jrZ1tWlfu\M3E3yTM5cyt93JiafvxCNf58Zkuhkcn7XpyNU8TxEREREREREREREREemrFACWbvBq\avDNSvU4bbfnfPWRqxAIP0x+dUDvl1e7\jiY+oveOHtdxv9bu7vuWntrv+S83XADWC4oU37mwp11H5P5z3dr6tZsV5tynd2vqP6O7y\CdMNrn1vHwyG9tW34uPbef3dfX6e2isiIiIiIiIiIiIiIiJ9igLA0iWHw4GXl3PyqRcdbLtz\gMrH913C4EGH+64LYBGx+d4d3p9HQsems6yQfBx9VnW\OETDnk1zcxtoLHRAd4err\UD1N\gAasNkfzcbcONW9a2ufweL5lwqsz\21L+9qU96J1flyHw8P4dHC+5WD764BGR9vz9dgbnEesf3uf7+79rKX\XW2v5vm1HUcRERERERERERERERHpc5QDWLrUFHO9+u0nHDrXCIDp27eytF9dp+XpF8jUbxsx3Gjkjm\155AX8Hk9VoAbb2BMQL3n68z9GegNcInzVrfjzR3q4H4dnO9oHC63fMfnm4Lajc5Jt63K13GboX+b62o5YXP+brrJwFCHp\vU03imGPvHH3HpC8\jdKVbERERERERERERERER6bsUAJYuORxNM0+vfrv1LzVUNAKG2\hxjJGRZz+j4VKbco11NH56hsSYYMYYAOooKP2b8\z\WqmoBzARNfomLn1R16p+x4VP+cWoQQwEsH\JoQ9c9badsduufXg+33ysoRvlW42ah\57Pr\H5gzQclM\FvzjUutxaPAnwr\1vRwOB5l\8K5P\BWnjKdprHeffwu0fjZTbz2xCKq1\6IYw8P67Hn16YTIiIiIiIiIiIiIiIi0scoACxdapuu9qq2VRVs+PBL7IApeCy5i8JZc2sVF09VUF9VQd3HZdzm8OVXiT\g\wY7k9taqz9h9ftN9VSx5eOLAJhGRPCnSV7ccaqCuqoK6v9WRfIP\pmFw3yARiosVaS73b+rfnk875r2arrJi0FVFdR99o8u6+uo\o7OV31a55rVPJB5\+xg0McV1FV9SN1FL\79h2HcY2h\XeWfajl0EcDEtIcm8qshp6mrco5DXf0lnp13N\ffCPRroOxv1Z2253K3IiIiIiIiIiIiIiIi0ncpB7B0qdVM2NZJa69o\513ynii4S7+LfRmTLcMJfFff0ji7Abs9YCPD4bmt7KRylOneOStairdr993gh0P38m8gH7cfvcE9j1zv\NaXx8Mrq801FSdYn7B5zia7t82j2679jk8nt\zj3r+H3v3H15leR9+\J2EcCRAIpBQKInigYIEtAk6A9LF1JUfWkS7AKsobihOWrpi8TsVq5c4rLQwbelXOrgGzQZK2wBrpVRFthrTUsBv+TEFghRSMDAyA2gOGDhAcr5\JEASEhLkR0Lyfl1X+nj\ep7P8xx68XA+ue\7KWIh8QusnR4kfHA\E\5jN2vr7H\2Hr8177+e9v\eyxvXx\M3nWO45ou3sbb\lwiXQyAQA5xka8kx+iddBUSIcGr28V7Gvd2O1cM+R+92nfja10bztbvKq42rfH47t\+JCQUX9\OTJEmSJEmSJElS8+UMYDUoisp9aqOAKKIuQvkYK37339y14s\k7jtKSbgComMIBKqSv+UnKSo+yNz\3Mhtb\wPe88a\zHTl\03j\73x+z89CRhqsZSQejwYVb8fjMZK6vGnbp+TGzV3cTWE1\d7XvzdrO45CThCqBNDIHOCQypt\+pumiiYuq6\5iqCcW12z9hWu52XvxzGaHyqusEYggdOcKK32\hroOV+yYTE1vzfLv\xLBf7WTxhzXHUVFB6JOPWfCfGxmW98lF\wkSZIkSZIkSZLUfEVFIm7qeaXavXs3PXv2vKTX6DnnP4lqe9UlvYauLJHjx9g95StNHYYkSZfF5XjfOl\NMSZJkqSWpDm+bzXHmCRJTcu\G65coVDokl\DJaDVIOd8qjp\Y0SSJEmSJEmSJKn5MgGsBjlJXJIkSZIkSZIkSboyuAewzktUVN1H21tXuyRJkiRJklqWjbPSCfZ5nrxwfW2pBKfnc1ZzOJ9n+6TSb9Zm4AC5E1MJTlxOSaOv\FnGVI8tlWCf2Wy8FNcIFZD7dE4D55YkqflxBrAa4cwM4FOTgWsfbW9d7ZIkqaXbz+vPTue14jqaomOJ75rCwJEPce9fJF72yJqfTcx7ZB7Fo6Yz\avdmzoYSZKkz6z\oGxYsJwNBU+TlVa9pYC1b4QJxAUI\2o9W5\JZGBMtebCAvKAsYP6AYcva8yXWsnqOTyZ24tlzzd1JJIknR9nAOu81J4AGlWrxvbW1S5Jklq6RIKDbuGW6j9fTIGDheQtmM7\XVfW1AFKkiTpIgmkZTCKMHnvF9ZsKNzEm\uS+dbjk0gpW83aHTWbi95fRxEjuTUtACQydsE2Chdkk3TZIm+M5hqXJEmXhglgNSwSOf0TidQuR2xvbe2SJKkVSWHYhId4qPrPpCeYPesBBkSfYMuK1ylq6hAlSZJ0ccT349ZBsHXTLkLVqks25bM1biiD\yaD4XF7efOP1RPEh9m2bj1kZjAwHupcarmskNzpExiWkUqwTyppIybw7PICQuVnh\DR5iU8OjaDYJ9U+mWO49nlhWcvOf2ZnH9cG2elkjEtH8hhdJ9UgrM2X5RIJEm6HFwCWo0UBUQsW5YkSYK4IWR8cRFbNh3gAJACUHGAd3++kNc3FLH\yAkAYuNTuGXsJB6ovlT0wXdZNH8p7xaFOFFR1Sd7EvcOSiS2UX22s+g7P2RNv0nM\v006fd\sp3+OHvyrhl8nweuvF0LYu+80Pev\UJZo8JAic4sG4ZC1esofDgCYiOJTE4hLsfvJdbupwaU7Wk81cf4paCRbxWeILYbncy9bm7CVJG4W8WsnDVFg6EIfbzWUz6x+sv3XOWJEm6rJLpPyQZ\mUzO8uHVi3zfJiNa3M\PF0AACAASURBVPLhnnH0j+lH6B5Y8M4mSsYHK2fSlu9iw2+h\2Pp9cysPUDut0fy5N6hTH58Hs91g6L8eTw7LZut4bdYNi75TNc\Ps\oR9IY\hsXp0SYuOCGbw4LRu6reO5IYGLfK8Nx9X7nhx+VD6LR3OSeSpnHP2Tel3kGCRJunRMAKthESAqcqZguXWXJUmSCFF6CIiOrUralrFm7ndZtC2e4F\ezUNfSODER+\z9m\fZc2C70GHH\JAPyC8iXnPL2RTh+sZmj2GaxJK2bX6dfJyvkspL\MPg2Ib0ed6bugHawreZzvpVKZf91P4p8rlqLd\UAg3BivDLHiXTWVxpA+oLO\zQ+YvqKIuGuzGP21XsR9tJHVb+Sx8OldHHjmae78\Jk73P\GQlZ\YSgPTExg\5FeBIHtr3yXH\6ujPh+Q3lgSHdKN61m3ku7cCdkSZLUUvS\eSiBsnVs3QMDg0B4E39YCaPmpBMgwMCMkbBkPRtD2QyPB3asZ1VZMmNvDtZ9wuJ3eDMfJi6aw2ODKqsGD8mga2gQT6zZTNG45MpfJgQo68dT\5HD+KpTDb45iY8yJrA4fzPPDcm4uDfamLj6ZDC4TxKQzMAhGQy8uBFIknRJmQBWw87eGNZyay5LkqTWLXyA7SvmsWwPxN00kL4AB99l4+5Yuo+cyhNf7V7V8RaG3JjAd59fTWHhfujXHbatZ1NZInf+43e4uyrZestNveCpl3i3YAsnBqUT24g+AwYMgA2FFBbD9d2A0Ae8XxxHXIcyQrs\JESQeKBwy\uUxaUzsC\w8WoWrigiLv0hvjfpFuJOxfiXa\i\TyzitV++y9DJt5yZhZyQxT88OprgqU1zPl7Nst+VEXfTJJ77+\TK8X8xhPQV05leBKfuWpIk6Yo2IIOx5LDhg8OMD3aELevJJZPn0jsCEJ+eQRbP8IfNMxieGaBk2yaK4oYyuE895+uUTEocLJ4zh1u73sfgaxMJxATImrmJ9bX7Dsomq3oeOdCL\jcDu\ZSQsbF3bv3fOKSJOkKZAJYDYpEIqcXAPboUZIktSabmPfII3U3dR3CQ\enVyZMu2TxDy9mnd0npRcprGZX2dHKcmIiiWwi7+fLuGbMnQxIiSM2Osi933+Ze0+NaUyfATcQ5Ge8XxDizm7xsGs7hfRl9B2lLFu+nV0VWaRH72f7lhD0u4EB0RDavJEi4hk67FTyt0r8EL48aBlb\rCed8O3cHp1weD1Z5K\wImC7ZXjv5JeY3z34UMZ8JtFHDyfxypJktRcBVK56XZ4dPM2fnRHBlv\uJrwgL9jYLeq9m7pfHkAvLCugOcy+7H1\VPLQ9d3vgwmzsxm47T5PDhiPsQl0n\IXYwfl82IQUHiq49rC1dd4tv7THFJknQFMgGsBkV59FjtKEmSWpNEgoOCNZc4jr+GjPR0+vZMJDa6VvcTZYSKP2R7cREfbtnO9i0fUATwcWlle8qd3HvbFua9s5p5z6+G2Di6X3sLQ0YOJatf1R7AjekT35cbusFrW97nxJeHULRzF\T+KhmppeQt\T27dkN64ge8XwwDhg8A4NOyo8A1dO9x9l12SUwADlL6MdDt7HaAAx8frHt8oAsJcZgAliRJLUQiqUP6wS93sZMkNq7aS8rwdHqfbg8ycHgy4VXb2Als+BVkTU\lXDv0ptwxg18Pe5yd697itddWsuqdHJ5cncOzt8\grbnZpDRRsrW5xiVJ0sVgAlgNikQiREVBJIJHj5IkqVVJYdiEh0hvsF8ZW5bMYt47+zkBEIgnvlMivW4dQOxbmyg83S+OAeOm83L2frb\bg2r313PB4V5LPtRHq\fNInv\X06cY3q053rB8Tz2m\fZ0tFX\Z\ECLxxr7Ef76UvnGvs\2DA5wofp9Cgtw7ILbeqC+OtsSd6xtPSZKkK0zvm4eRMiOfbTuS2LAlwPDv9qvR3v\moQRe3MyuDZBX1o+xNybWc6ZqYjrSe0g2jw3J5rHyMDt\MYVh0+ezYkc2k\s1PPySaa5xSZJ0gWr\zr50llNJv8pjVD1H21tLuyRJ0lm2LGPhO\tJ\PJ3mP3yfOb\eDazn3uCSSNvqLnc8imB7lz\ldH8w1OzefnHs3kgPY6yDW\xbqjxfYIDbiCuYhe7PviAXUVx9P1Cd6AXvYJQtKeQTVu2QO8MBsZX9m8f1w74kP37zg7n4IFSoBuJXeu\xcROXeoeH97P\o8b95gkSZKuCH0yGB6Xz4ZfrGcF2dw6oFb7gAzGspq3l21ma49hDAzWeRYAwhvmcFfmSOZuqVYZEyCl20Xd0fe8Nde4JEm6WJwBrAZFItV3gaWeo+2tp12SJKmm\XsKKSORrMzria824Tb07kaqf6e2\40fMOs3J7hzxtMM7VRVGRtP96vbnFcfAPreQN\oNWz\5dsUEeSBIEAsfXunwFuv8RrQ\St9qcr\Ep82kJSfL2PNW+9y56Rq+wCH1vD2ujLoez3Xn+PXY2MH3MD10VvOGr\P99mC9C9sQ9LkiSpuYvpxU23wzcWL4GRcxhYe7WTQDq3jgzz6BurCYwbR\9znCow4Day4ubz4kMT+GhKNiOuTaJkz0oWzVpO4PZZjL1os2w3sWjOHN6uo2XAPVMYfu1niysQFw+sZtHiDMIZ6Qzu0\FiBSxJ0iVlAliNUn3eZ8Ryqy9LkiRV1z0YJI41vP7DH3Ji1BCuuaqUXXlvsabwKLHRVC4LDXRPv4EuK15j2Qs\4MOsL3FDVziw5W1WrwsRN+hvGRIPsY3oA0D0AG5IhUVbiiBlIH2rvphM7HkNcWVrOEAiQ2+slpbtNJSHRq1n+oqFfPeFXdw5tBdxH21k9Rub2E8Kd38963SyuE7xWXx95O+ZvmIhz\5gF8Nu7wXbXue1P+y\+A9UkiSpSXVk4JBMWJlP1pD0Ot6ROpI6KIPwyvWMH9RABjeQxmO5S+j6\BwWz3mcxR8DnYIMfziH\EkZXLz5tptZMXdznS0Tv3R2ArixccXfNoGnbn+EF2dMYsXts1g\b+RFjFmSpEsnKlI5vVNXoN27d9OzZ89Leo2ec\4ToqpNhag9EdRy6ytXVLB7yleQJKk1uBzvW+fr8sS0n9efnc5rxelMmj+pEXsAw4H\t4h5P3+XoiMnIDaO7n2HcPffZFH679\lZx8P5ekXRpMCnCjKY+Hi37ClKMSJCiCQyIDh4\nbO64nvuq1szF9AEJv\4B\Hkh8V95gtljqtYerHiXed9YyKZOQ3ni+6OpuSLhCQ6sW8bCFWsoPHgComNJTM3i3nGjGdDlVJ9NzHtkHptumsT8v6995yc4sO5nzFtaeZ+xHVK45esZlC1YRvGo6Uz\qvOAJUlqCVrvO6Ak6Uri3w1XrlAo1HCnC2QC+Ap2Of7P3evH\0X5qX1gq6aCRiKc3hcWqpVtbxXt0ZEIu779V0iS1Bo0x39MNceYJEmSWpLm+L7VHGOSJDUt\264cl2OBLBLQOucUhLasfuTo2cmgVb9R41fG4hgeytqT0lohyRJkiRJkiRJkpqn6Ia7qDW7d0APos\xpyTq9P\Y3hrao6Mq\0xIkiRJkiRJkiSpeTIBrHN65KZrSWzXlsjRI5XTQmv9RCLUWW97y2uPHD1CYru2PHLTtZf\D6IkSZIkSZIkSZIaxQSwGpT7tS+SUFLIiT0FlH9aCpGKM5vEnpoderpc+2j7Fd1OBeVHPuHEngISSgrJ\doXkSRJkiRJkiRJUvPlHsBqUM8u8bz3z9\h5dd\x+LfbWbPzo8oL69o6rB0GcTERHPt57oy\itpfOvOv2zqcCRJkiRJkiRJktQAE8BqtG\d+ZcmASVJkiRJkiRJkqRmzCWgJUmSJEmSJEmSJKmFMAEsSZIkSZIkSZIkSS2ECWBJkiRJkiRJkiRJaiFMAEuSJEmSJEmSJElSC2ECWJIkSZIkSZIkSZJaCBPAkiRJkiRJkiRJktRCmACWJEmSJEmSJEmSpBbCBLAkSZIkSZIkSZIktRAmgCVJkiRJkiRJkiSphWjT1AFIkiRJar6OnawgXF5BeQQikUhThyNJklqRqKgoYqIgEBPNVW2cxyJJktRYJoAlSZIknaU0fJLQ8XJOVpj0lSRJTa9NdBTxbWNICPh1piRJUkN8Y5IkSZJ02omKCAfKTnCsvKKpQ5EkSTrtZEWEQ8dOUnaigsS4WGKjo5o6JEmSpGbLtVMkSZIkAZXJ3+JPj5v8lSRJzdax8gqKPz3OCVcpkSRJqpczgCVJkiQBcKDsxFlLPheXfsqhT8McPXHSPYAlSdJlFRUVRbvYNnRuH6BbQvvT9SerVizp3qFtE0Z3+e3evbupQ5AkSVcIE8CSJEmSKA2frDHzN3yynF0flZJwVSx\kdKZxPYBoqNcalGSJF0+FZEIBz4Ns6PkMNv+5xC9uiYQaBMDVM4ELg2fbFV7Avfs2bOpQ5AkNSP+YpDOpfW8IUmSJEmqV+h4eY3yro9Kua5ze1I\l9BEEUmSpNYuOiqKrh2uomuHq9j2v6Xs+qiU1M93Pt0eOl7eqhLAkiRJjeUewJIkSVIrd+xkRY2ln4tLPyXhqliTv5IkqdlI\VwCCVfFUlz66em6kxURjp2sOMcoSZKk1skEsCRJktTKhctrfnF66NMwfZI6NlE0kiRJdeuT1JFDn4Zr1NV+j5EkSZIJ4CtaVFQU5eXlDXeUJEnSeSsvLyeqlex5Wx6pWT564iSJ7QNNE4wkSVI9EtsHOHriZI262u8xkiRJMgF8RYuNjeX48eNNHYYkSVKLdPz4cWJjY5s6jMsiEomcVY5uJclvSZJ05YiOiqrzvUWSJEk1mQC+grVv355QKNTUYUiSJLVIpaWltG\fvqnDkCRJkiRJks6LCeArWEJCAuXl5Rw6dKipQ5EkSWpRDh06REVFBQkJCU0diiRJkiRJknReTABf4bp27cqxY8fYt28fhw8f5uTJkw0PkiRJ0llOnjzJ4cOH2bdvH8eOHaNr165NHZIkSZIkSZJ03to0dQC6MG3atOHzn\88paWlHD58mEOHDrn3iSRJ0mcQFRVFbGwsHTp0cOavJEmSJEmSrlgmgFuIhIQEv6iUJEmSJEmSJEmSWjmXgJYkSZIkSZIkSZKkFsIEsCRJkiRJkiRJkiS1ECaAJUmSJEmSJEmSJKmFMAEsSZIkSZIkSZIkSS2ECWBJkiRJkiRJkiRJaiFMAEuSJEnSJRbsk9rUIUiSJEmSpFbCBLAkSZIkSZIkSZIktRAmgCVJkiRJkiRJkiSphTABLEmSJEmSJEmSJEkthAlgSZIkSZIkSdIZ5QfYuHw237g7k359Ugn2SSfj7ik8u2Q9JeUXevID5E5MJThr88WItF4lyycR7DOJ3OJ6OhQv58E+qTy4\EDNuCYup+R8LhQqIPfpHDZeWLiSJF1UJoAlSZIkSZIkSZX2rebJr2YyetoyQumT+EFODq\mzOBb6WHenDWBjFunkLunqYNsPkpWz+HJ3AMNd5Qk6TJq09QBSJIkSZIkSZKagfBmXnxoCrmM46f5T5PV7UzT4CEjGT85n2fHT+LJu5+n6x+eJiuu6UK9+BIZu2AbY5s6DEmSLgJnAEuSJEmSJEmSKFo+i7mFQR77Yc3k72lJmTz3wyn0LlvCC4sLqipPLemcz8a540jrk0raiNnkhSpbS9bN5xsjMgj2SSVt7POs2nes7osXr2fu5JGk9Ukl2CeDYZNns2JHuFqHc1\nwtWxBHRZIbnTJzAsI7Uy\hETeHZ5AaGqZbA3zkolY1o+kMPoPjWXtQ4VrOSFz3A\y346rp6lqwtZ\Nep9LvES2dLkloGE8CSJEmSJEmS1OoVkrdsMwwYx\B+5+jWL5uJmbDz5\lsrV6\ZAoP\j6Df8qZx1MPD2VgPITeeJzMB+awtvuD\Cgnh38aFuLlbz7Pm4dqnjK8eT53jZjAv5bdxlPzcnh13uNklS3j0ZHZvLAhXLNzHde5NA6Q++2RPLkunuGPz+PVnHk8dVuY3GnZPPiLvQD0vieHH03oBwzlqZwcXr2nV+X9bJjN6LsfZ\Ghqvt5aRKpe5c06n6G3ZlNFvm8uabWstKF68jdksy37ky7VDcsSWpBXAJakiRJkiRJklq78hKKtgATU+l9zo6J9O4D5G9iVwn0T6qqLhvJjxZOObMsdHkBc2ethNtn8Ou52aTEAEMyGD5gNsMeyIdBp863l9wX5rDznnmsfyaT+BiADAbfPpJbpw\iwR8sZ3zuOFKo5zrnlM+Tmak8eY4eWfU1FL\Dm\kwcdEcHquKdfCQDLqGBvHEms0UjUsmpU8Gg\skAckMHJLBwKr7XvB\ctiZOYN35lfdNxkMvuM2Btw7khcavJ9e3HPHMzz6xjuUZGdz6vHuXLOcrT2y+f65kvOSJFUxASxJkiRJkiRJrV3JXnY2smtKr0wAjpVXq8xMo3\1pOyeTby5D8Y+N7IqCVopMCibiQNyePZUxb71vLkZBg4Js3Xd+hrXCQWCsDmftcXjSDm1JHXt65xTMlnjv0r\umYJhwpYsTi\qGdkkmJg8Vz5nBr1\sYfG0igZgAWTM3sb7+UbAjn9x9ML7WfRMTZOwDQ3lh6nLyCscxPljf\XQka+hQmLqat4uzGdsNoIBVPy0gZfTz9K9+TkmS6uES0JIkSZIusTA7lz\P6IxUgmmZPDh3PSXltbqUrGfupEz6Ve0Nl7uj1tJ4ZYXkTq\cG61f5iTmrqu1JB6V+8s9mJlOsE8Go6cvZ2fZeV7jMsUpSZLULHVKOjMrtQFFeytToFedKxn58T620o\eyYFaDUl07VmtWFzIWmDt3CncN2FCjZ9HcwqA9RSdtR9uYwUZ8fAUHptSx8\DQ+l1rqGBDCbOzKZ3wXweHJFJv5syuWvybHLXFJ7eA7hOZSGK6rxviO+eDBRQ9PG5o44fMpTh1ZeBLsgnd18yY293+q8kqXFMAEuSJEm6pEp+NYW7pi1h48dA2QHy5kzgvpc3czp1Gt7Mi+Mn8OJvDxAGQpuX8OTYKaw4\UXfAVZMzebJJZsJAeHifF584O94cfOZ5Gt48xzue2AOecVh4DAblzzDXVNXUtLoa1yeOCVJkpqtQDK9BwDrtjUwE\gAO98PQ490eiWds2M92hKoY0buxJ9to3BHXT+beKyJtr1NuWMGv96wnrdyZjB5WC\Cf8zhyQkjyZi8nKJzJYEvVKfbuGck5OWvIwRszV9OUY9sssz\SpIayQSwJEmSpEvoAG+vzKd2CnTn3NVsPVXYspq5hbU6lOXzq1MzHorf4Ve\rX2GQua+VXC6tPWt+Wd9URn+7UrePpWcbegalylOSZKk5itI1ug02PJv5G44xy+wFb5Fbj6kjM6k\7lO16kH\Slg597a59pH0Xu1+8HabbVftJqJmI70HpLNY7NyeOsPm3hreibh385nxY56+sfFk1LnfUNo\14gg97dzh5WU0ey7hkHb6wm7+MC8n6+l\4PDj3385YkqRoTwJIkSZIkSZIkUrIfZ3JwLwu++zwr9tTRoSSfZ7\5PBvjxvHchAamowYHcXcQFi9aWWO2bHjDchZvqd4vk7FpsPWny1lbYwuPMGtnDqNf5vPkhT77PX1W4Q1zuCtzJHOrxxoTIKVbA9Oe+2QytsfZ9015IbmLVkMwk4E9Gr5+IGMo4+NW89t\Xcmb+9IYmxlseJAkSVVMAEuSJEm6hBL58shMau+A1ntytRkMA4Yyufb3WXGZ3DMksfK\u93GPbfXPkOQycPOfOnYf9gj9K7VI3D7SL58anZFQ9e4THFKkiQ1a4E0Hls4h7Es59GhGdw3fQkr1qxn7ZqVLJ4+iYyhk1j88VC+\9rTZMU1dLIg4783gd75z3DXxNnk\nY9eUueYfRDObVWbklm7BMT6L0vh\u+PIG5K9ez9rfLeXHqOB7MKWHwlL8jq44loy+1wIDbyIor5MWHJvDskpWsXbOeFUue4b6pywnc\m3GVr3iBeLigdUsWpzP2h2HIaYfE\+58r6H3V9532tX5vDoX2fzwuYgE7837qz31roDSGNEdoBVS5awNW0kWddewpuVJLU4JoAlSZIkXVJJ98zh1zPHMbATEJdI1pQcXv1W2plkayCNxxbn8NjtiQSA+LRxfD93DqNOL42XyKiXlvP9cWnEA4FumTy26N94LO1MsjWQNoVXF00hq1sA6MjAcTP49UsjSWr0NS5PnJIkSc1ej6F8\zf5LJs5mvhN83hiwgTum\AML28KcPczS1j\hzmMbWQyMnDTP7LstRncfezXPDtpAt+Yt4uBz8zjqcyz+\165Swm3lzCv06dwH2Tnid3VzLfylnNT7OTL\49Nir4NB7LXcJzt8HaOY9z34QJPDpnE0kP55A\98x7ZvxtE3jq9mOsmjGJ+156hxJO3fcsxnd+hxcmTeC+qfPYljyJn65ezlM3NfbdMMDA27OhLMzAezJJuUS3KUlqmaIikUikqYOQJEmS1Di7d++mZ8+eF\WcB4+eIHT8zPp0f9z9v4z5olMMLqZgn1QKd2xr6jAkSbriLf3vPdzc83Ony\FtY+jSLvaiXuNSvG9dqOYYky6DDbPpd+8unsufx9gG9w2W1Nr4d8OVKxS69HsbOANYkiRJkiRJkqRmJUzer5cQvmMkI0z+SpLOU5umDkCSJEmSJEmSJAHsZdWc5WzYk8\ilUlM\NlQmmALZEnSFc4EsCRJkiRJkiRJzcJxin77byzY05FR0\+Nxxq9Z7AkSWeYAJYkSZIkSZIkqVkIMvG1TUxs6jAkSVc09wCWJEmSJEmSJEmSpBbCBLAkSZIkSZIkSZIktRAmgCVJkiRJkiRJkiSphTABLEmSJEmSJEmSJEkthAlgSZIkSZIkSZIkSWohTABLkiRJ0iVWuGNbU4cgSZIkSZJaCRPAkiRJkiRJkiRJktRCmACWJEmSJEmSJEmSpBbCBLAkSZIkSZIkSZIktRAmgCVJkiRJkiRJkiSphTABLEmSJEmSJEmSJEkthAlgSZIkSZIkSZIkSWohTABLkiRJkiRJkiRJUgthAliSJEmSJEmSJEmSWggTwJIkSZIkSZIkSZLUQpgAliRJkiRJkiRJkqQWok1TByBJkiRJkiRJOrfdu3c3dQiSJOkKYQJYkiRJauWioqLOKldEIkTXqpckSWpKFZFIne8trUXPnj2bOgRJUjPiLwbpXFwCWpIkSWrlYmp9b9outg0HPg03TTCSJEn1OPBpmHaxNeez1H6PkSRJkglgSZIkqdULxNT8Z0Hn9gF2lBxuomgkSZLqtqPkMJ3bB2rU1X6PkSRJkglgSZIkqdW7qk00baLPTJ\pltCe0mMn2Pa\pU0YlSRJ0hnb\reU0mMn6JbQ\nRdm+gormrj15uSJEm1uQewJEmSJOLbxnDo2MnT5V5dE9j1USmHyo7TJ6kjie0D7gksSZIuq4pIhAOfhtlRcpjSYyfo1TWhRnt825gmikySJKl5MwEsSZIkiYRAG8pOVHCsvAKAQJsYUj\fmeLST\l\RYc4euIkkUikiaOUJEmtSVRUFO1i29C5fYDUz3eu0XZVTDQJAb\alCRJqotvSZIkSZIASIyLpfjT45ysOJPo7ZbQvsZSi5IkSU2tTXQUiXGxTR2GJElSs+UmGZIkSZIAiI2Oolv7tlwV4z8TJElS83RVTDTd2rclNtqtKSRJkurjDGBJkiRJp8VGR9G9Q1tKwycJHS+vMRtYkiSpqbSJjiK+bYzLPkuSJDWCb0ySJEmSzpIQaENCoA3HTlYQLq+gPIJ7AEuSpMsqKiqKmCgIxERzVRtXKJEkSWosE8CSJEmS6nVVG79wlSRJkiRJupL4TY4kSZIkSZIkSZIktRAmgCVJkiRJkiRJkiSphTABLEmSJEmSJEmSJEkthHsAS5IkSTrLpjfeY0zJuXq0Y+kDXyD9cgV0Por38ZNNJxlzx7UknavukvuEpUs\ZNrRultT27Xl7r7deejGhMsWUfO1n5mLStgVvIYFX7q6qYORJEmSJOmKZgJYkiRJUj1iGNWtLcl1tgUuYyL1\GzadJCXjnRkTAN1l08dz\FEOWsPHWfm5j0Ulfdmenpck0QmSZIkSZJaHhPAkiRJkurRlvHDmuks3ytKPc\x8F6m\IQr+woZmJ6sJ5EuyRJkiRJ0vkxASxJkiTpAp2kZPNuZn5QxqowhIH0hDim3nodg5NiqvpULfF7XRdGHTjItMMQ364jr4y5jl6UsWttETMLw+SVQ3zbANNu7gyb9jOtQxI77+jeyOtUX3L5MIMXvUdWsAvD9x+sVXdqmeFyQn\6kJc2HmZpQ3EHuzONQzy5J8ymcohv04aJA3rwzQtZvrljd4Z3OcQrB8spgcoEcHkpa\P285P\Pc7ak5Xdktq0YXzta5Xs4ye\O8TiIxFKTvVJ\TzfTLu6kX0+4ievFjO3cxJbTz9f2Lb6fUbtj\DNm29kauqp2sq+b\bozoqspIvzef++6PSzTIqLY+Hw9p\9OUqSJEmSpBqimzoASZIkSVeycvb+fgdZ75WxNTaOmTd2YUEwwFWhMsa\8QFL95bX6L32zweZG92BuTdezeRrOtCLcvb+fjej\hTmo7g4XrqxM9MSTjLzD8UsOH6+12nH4P5dmNYRaBvgpRu7MPm6+Drq2gFQsvYDstYeZmPbyvMt7htHytG64975YTFj9pYzondlv6zok7y0eS+v7LmQZ1dGSbhmOe83exi\7wRJn7uaxTd2YUGwHQM5yUubP+QnH1TFVLafmW8dZO6JWCb37cLiG69m4lXlvPTeh0zfFG5kny4M7gzhQ5+y7fT1P2HrJxEA8j6qtgH0ByFyy6MY0T2pkZ\DGXV93ttW72J4YZhwxw4suLEzU9uHeWjVx+y6kEcpSZIkSZJOcwawJEmSpM\u4F5mFp4kqUsXVny1B4Gq6qwBe5m+4hDTNxczKvlMfbhtB34yMkivUxNFD+5hZuFJJ0o1mgAAHjlJREFUkpOSWHpH98p+ad0Z\PsPGF548ryvk5zag4F7DsLJtgxO61G5T3GPjmfXle1j7p9O0iu5O0tvP7Ob8eCbSxi4bP9Zce+NtGXxV\syuGNVv2v+TGj1YfKKPuH+a6vNum2so6VsW7+PaUcgOakDqQAlB8g7AlnBFF760plzZu0pZMw7R9hYchj6Xg27jrCwPIaZt13PmKp1owffUAJL95Nbcogw3Qk0ok9q17ZQEmbrfkjtDhwKsfZoFL3aRNj28VFCQDywa\9R9sa0I6v3xfm85+6P0Kv25\277WT9GbLO\0lKkiRJkqRaTABLkiRJqsdRxix6r476dix9oHJP29Cuo6wiiumpZ5J+AFzdnbHdPuaV4sOsLYOsuKr6hHZnkoHVx1\fvdr4GJIHJ3B\4UEW1u7X2Os0ZOcRXgHGxBxn7eZ9NZrCbSF8qIxtcGbf3qs7nE7+AtD9KnpxmIWHjwINJYDre44QCMTxky9V3XvSNUwfd83Zna5tx0COsPbkicpyfAzplLNgQyG9K7qTfk07iEnioa8n8dCpMY3pc10co7Z+wtqiI4zp3gH2hVlFW2ZeF2Hqn8LsKof0mE\YWBIh0Lk9qTEX\nmHd9fzed+UwP1\PsTeBp6kJEm6tDbOSmX0gjoaOgUZfFs2D08eR9a1gTo6NKUD5E7M5Mk+Syh8PK0VXFeSpIaZAJYkSZJUjxhGdWtL8ln1AU7NmQ0fLwdiSf7c2WOT4qKBckpKgXoSs6FwOdCWXrXznjHt6d3u4OnihV6ntpJQ5ezipXsOsrTOHicoKob0blXF6AvZPaeO5xgI8OWUBFKvTSAQU6v78aOEig+z9dAxdn10lLUHwqwCOFo1I\rabjzX48\cv+8IY\L+BFFRDI5vx5jrExnV9+rG9+kcz+B2nzCt+BNm0oG9B48R7phAVko5g\90hK0fQnpCiLVHYUywM3ARPu+j9YyPa0vXGEwAS5LULCSTNf6r9I8\UxPakc+bb83mwV8tZ\yCf+O5zMSmC0+SJDXIBLAkSZKkerRl\LAvnJkFewmEyysu4dkbEsPMof0Z0\1SX6exz7GMbf\1Z+7fV04ICMRE0attLIN7tGP4nqOVSWAA4kj9q\5sPHqIbe99Qu6+T1lVWsbU9R8yt\AoK+7oTqBRfa5mYFIRfHiUbeWlFB2IMPhzHYhPPsngmMPk7S9lzKEyVtCWuddd6pk+UcTXToRLkqQmEmTEw1MY26163RSeC63nhbETWPDtp7npzXmM6lbfeEmS1NQu5NfYJUmSJLVygbYxwAn2\m\tlnJKyiqANiR3rX98UlwscJxdH9YefpSdRy\edWqLbxcDlLP1f8KNH3Spbf8fvrmvnIHJ3dj49RvZet8NrBhzPdP+oh1JdfVv15nUjCDT\oG1n79OhZ0iWJXSSl5hxrfp1f3diRzjK07D7OxLIrBXTsDCaR2hLyPj7Dxo+PQMY7BlROAL\hzqHzudYwvC7PzeGMflCRJahLxGTz1z1NIKcvnxdcKajSFClbywuSRpPVJJdgng2GTZ7Nix6n3rMOsmppKcOJySqqPeeNxgn1SefBXB6rVVvWdnk+YA+ROTCU4az0l6+bzjREZBPuk0i9zHM8uL6Sht7hzx3RKmJ0rZ\ONuzPp1yeVYJ9U0kZMqPP81WNIG\s8q\YdO\uiZYXkTp\AsIzq5yogVN5AsJIkXWQmgCVJkiR9ZvG92jGcCAu27av5Jdkn+8ktjhBIaEf\c8zsPDV+8fb9NcaHN5fyykW8Tm2Bfh25H3il8H\YW\0LufJDLF36HgN\8Wd2Nf50F0XJgTB7iWF4n67Etz0dEKFtR2osU733D9sYvngbKw5Wq2wbR0q78+sDQO\2DCdC3tYQS4klNQUgQP\ENvDJJ7x0CLKS4jm1AuSFfg6B6+IYc9b4cvZuDNWzFLckSWpWBgxl4gAoWrONoqqq8IbZjL77cRYfuo2n5uXw6kuTSN27hEdHZvPChjDQkYFDMiF\PRtDZ0618\3VAORt3nbmvSC0jjdWwqiMdE6vP\LbGdw3ZR0pD8\m1XkzGN9rF4unZfPCmvpTwA3HVBXD4gkMm7qM0JAp\EtODq++9DQjOm1m8bRsnnjj8Ol+oTceJ\OBOazt\iA\ysnhn4aFePmbz\Nm9V+84wC53x7Jk+viGf74PF7NmcdTt4XJnZbNg79wowtJ0uXlEtCSJEmSPrsuyUwLfsrwwoOM+o+jTA62I\7IERb+Ocxa2jDzph7ENzB+6rVHGLWnhDG\JSJ17WDjz5henH5Wf0ae51Amyg4WsaC9fsYkZxIeo9AHXXdmBgsZWnhYYYv3c603h3pVR5m1YdHeOVoFA+lf45el+iR1ScpKUCvwjKm\3474d4d6dWmnG17DjO3tJwAnP5iNPm69qTsLGXa6m3sTI5ncAfY+1GIBcURenVNIKszBBrRB4CYzgy+uoSFn5yEuAT6V+3dm9SlLck7y9hEDNNTrj4T5IV+3p17MDl4hBWFBxnzy6M1Pu9mNBdbkiTVK4muPYGVhZQAKeUFLPg\OezMnME787NJiQHIYPAdtzHg3pG88IPljM8dR0p6Jv2ZzYY\wfCbAApY+0aY3sEgO98pYCeZ9AfCm9ezgqH8aFBHTr\9FCYz8e15jO1RWRx8Wy+4aRwL1hTw3JC0s0NsbEwUkPfLvfSeOJ+fPp5WlXDOYPDQXgQyJrD4\V386I40KC9g8ayVcPsMfj236nxDMhg+YDbDHsiHQVXXLX6HN\Nh4qI5PFZVN3hIBl1Dg3hizWaKxiWTcgk+EUmS6uIMYEmSJEkXIIbkL\Uh78Y4+p8oY9p7B5lYGOZYpw4svaMvY5IbmpYbQ6\brmNFMECgrIyp7x1k+qE2TLu1M\d\xuuk9kvg\rblLPzgIPe\f6ieuhiSv9SXvLQ4hkcdZ+a2g4z\4AhrCTBz8HVMuyHuIj+nRuh7Ha+ktSOr4jjTtx1k\Pul5MW0Y+Gwa5nZEQgdZS9A92tZkNWZ+9uWs7TwEOPfO8T0kgiDg91YOrR75ZeXjekDQICB3SqnG6cmxp1Zarp3O4YDtG3H4GurB3nhn3fl+HakHK36vA9EMTEtgYcuxjOUJEmXWEeSqu\9uyOf3H0w\oGRVYnWKjFBxj4wFDYvJ68QCKYzokeYVX+sWjq6eBsb9mUw8Vt3kbJvE1uLK6u3rlsOmZkM7lTtXIOGMrhH9XMn0\tmYMeuGktKn3dM9GPif+Tz1unkb5VAL\rfDJSFKlPQezbx5j4YO67m+QKDspk4oNq4TsmkxMHiOXPIKzxAuBwgQNbMTayfO9LkryTpsnIGsCRJkqSzpN9xIzsb3bsNSWm9eamOCRhndGfaA92ZVmdbHL2+1JelX6pWVb6PmX+AwR2qfx3XmOsAydcw\evXML2hOmJIurE3L934WeI+1\2ccjVjxlzNmAbCrRnPF5hbVzxfq\V5XJPMtGuSz339xvQB4m+5np231A6lB9Me6FHP2Av9vNuQlPYF5tYef87PQZIkNQ8H2FtYrVgWooh+9E4OnNUzvnsysJqijwH6MfiOAC+u2sTOR\qRsqOAvB6DeOyONIZPncPWHWHoVsjaN8L0fzD9zC+lAbSFq84nxEbHVKU8TKhkHzt37WVnwXr+8F+\ZtUGILOEEJD08T620o+xZ52vajb0KYEMJs7MZuO0+Tw4Yj7EJdJ\yF2MH5fNiEFB4s9juxJJki6UM4AlSZIkNZ0PdjL81ff5ybaaSz6Htx5hFZB6dULTxCVJkqQ6lFD0AZAZPO8Zrf0HZcOWfDYWw9ZNy2FYGv1jUrlpJORuKoDCTby5L5kRNwcvReB1KnrjGe66KZ20zJGMnjqLxa\vJeGv7mPsgIbHQlsCtfa+SLljBr\esJ63cmYweVgvwn\M4ckJI8mYvJyi8rrPIknSpeAMYEmSJElNp3c8d28o46UN2yk9lEBWhyhKDpayYN9JSuI6Mj7VqRKSJEnNxpbK5ZUHPpxROUs3Lp4UCti5NwzBmjNkQ\v3Ahn0rloyOpCWwSiWsHVHAeF3wox6OBXoSK\0foRX72Jtcj5be2Tz\X4XGGNjY\p4JS9MWU5o3BzemTaUlNNdC1n8+pwzgzr1oH+d59tH0Xuc2QP4lJiO9B6SzWNDsnmsPMzOX0xh2PT5rNiRzeQLvTdJkhrJGcCSJEmSmk5MV755ZzdmdoK8Px9i\HsHmVYcoXePLuSNuo4Gt5SVJEnS5RFazwv\Zw5FcSN5+I7kyro+mYztAYsXraw5w7W8kNxFqyGYycBT+\fGp3NrJuQun8fbW\pxU9+OAPS+IZPAuuW8+It8Andk0P9C42xsTIUFrAKGj6ie\AV2vMNrW6qVg4O4O3j2+cIblrN4S\XyHO7KHMnc6mNjAqR0q7GgtSRJl4UzgCVJkiQ1rau7MmZk1\PYK1eSJEmXTiFv\usciqotbxzasZrXVhcSIsjEn81geKeqhph+TPznCbx27zMMu7+Q5x7OJKVsG7\41x+zoiDIxJ+No\fpsyQy8LZ+hGesJi\uEb51aqXnYCrDmc+KzQHGT7kIU2QbG1MwjVFxsGDKBBKemcTATmGK1izhxSWbCHeqfsIg4783gdx7n+GuiYU8NT6TrsUreXHWcnZW6xUYcBtZcfN58aEJfDQlmxHXJlGyZyWLZi0ncPssxjr7V5J0GZkAliRJkiRJkiRV2Uve4vnkVasJdOtH1rineWDSOAZ3q9k7cNM\suy1frz88jxemJRDiI70HjqJn\7478i6tuYSzL1vHkYKBRTdk35mpm98P24dBCvWZfPlm2v2\6waFVOnofwgdwYJz87h5akTCMcl0n\IffzgP2aTtDqbu\6lgJ1hSAqcOl+QF\9pDs9OyoFuaYx9Zh53vzGJF05fNI3HcpfQ9fk5LJ7zOIs\BjoFGf5wDvmTqpbMliTpMomKRCKRpg5CkiRJUuPs3r2bnj17NnUYkiRJLVZzfN9qjjFJkpqWfzdcuUKh0CW\hnsAS5IkSZIkSZIkSVILYQJYkiRJkiRJkiRJkloIE8CSJEmSJEmSJEmS1EKYAJYkSZIkSZIkSZKkFsIEsCRJkiRJkiRJkiS1ECaAJUmSJEmSJEmSJKmFMAEsSZIkSZIkSZIkSS2ECWBJkiRJkiRJkiRJaiFMAEuSJEmSJEmSJElSC2ECWJIkSZIkSZIkSZJaCBPAkiRJkiRJkiRJktRCmACWJEmSJEmSJEmSpBbCBLAkSZIkSZIkSZIktRAmgCVJkiRJkiRJkiSphTABLEmSJEmSJEmSJEkthAlgSZIkSZIkSZIkSWohTABLkiRJkiRJkiRJUgthAliSJEmSJEmSJEmSWggTwJIkSZIkSZIkSZLUQpgAliRJkiRJkiRJkqQWok1TByBJkiRJkiRJOrfdu3c3dQiSJOkKYQJYkiRJkiRJkpq5nj17NnUIkqRmxF8M0rm4BLQkSZIkSZIkSZIktRAmgCVJkiRJkiRJkiSphTABLEmSJEmSJEmSJEkthAlgSZIkSZIkSZIkSWoh2jR1AJIkSZKar\kb9vCzLfsoKj1KeSTS1OG0KDFRUaQktOPeAT145KZrmzocSZIkSZLUQpgAliRJknSWD0uPMnrZRg4er4BAHCTE0SYqGiIRiIoiEokQFRVl+YLKUHTiBLPeLWLh5r38eHgqg5I7NfVHL0mSJEmSrnAuAS1JkiTpLKOXbeRAeQxR7ROIahNbmbwEqDqeKlq+kHIUUbFtiWofT0m4gm+v2oYkSZIkSdKFMgEsSZIkqYb5G\Zw8HgF0YF2lTNWIxEiEU7\t+WLX45uH8\B4xXM37Dncn7UkiRJkiSpBTIBLEmSJKmGn23ZB23b1aiLqtXH8iUot21X+ewlSZIkSZIugHsAS5IkSaqhqPQoxLcjQgQqt6w9tXVtjSNR2H4x29vEVD57SZIkSZKkC2ACWJIkSVIN5ZEIbU7NUa15OL2X7ekZrLZfxPYoyiMRJEmSJEmSLoQJYEmSJElnqZz9WzlFNYooy5etLEmSJEmSdGFMAEuSJEk6S7PYE7cVlyVJkiRJkj4rE8CSJEmSzhI5vRSxx8t7lCRJkiRJujDRTR2AJEmSpOYoqmq\Wo+X9yhJkiRJknRhnAEsSZIkqQ4RTk0C9nh5j5IkSZIkSRfCGcCSJEmS6hTlsUmOkiRJkiRJF8IZwJIkSZLOFok0+W64rfUoSZIkSZJ0IUwAS5IkSTq3KGpmJy1f2rIkSZIkSWqV\vZv\7bRff\93\+93jaXgJYkSZJUh2rzUiOWL19ZkiSpiZXtJW\B49w3IoNgn1SCfdLJuHsKL6wsIFT+WU54gNyJqQQnLqfkYsd6ueIIFZD7dA4bL8a5JEk6h3Mldc+nnwlgSZIkSedQe2day5e2LEmS1ITKNvPCXw\jwVnvUNLrLiZPfoTJk7MZGF7HgqnZZE5dSdFnSgJf2UpWz+HJ3ANNHYYkqZVoKLnbmCSxS0BLkv5\e3ccFPV553H8vZJkU3JszgRsWqCxy4a7JckE9dKVkq5oi0oPa5o1pJKaOSxe1jFTTG2oYXSixWILZy84OocTzE7kMJUJMxHJnCepUS4a6YRIEyOpxQ0RjERIvawJuips\9gFFhYQFMW0n9fMzjO\3+95vs93H\5A5uvz\EREREL4fL7ek4n9ra6vx7WIiIjIeGp5tZBSt5nslyvJm2bse5CzipbtTmasWU1pRiprk41DB7lhRZJRepSMGy6WiIhIqJdeemnQ46BHukNYO4BFRERERCSEIVCONOj6ul6LiIiIjKf21gZgBnOnhRZ4Yx2ZLMLL7iPuwJ3AMciFDQN6DnUfWg5tYbF9iv9Y6YXrqGg8279Dp5uKNVnMtiVgjk8gcW4Wz1WGHj3tPVZNwbJ0EuMTMMfbmL2siKpj3gHz1\LO5kwS4xNInFvEPs\AY5t7+tXRPkxe7xQmYHu2FnCxIL7new1+BLSncbi8QudcGjhm22rP5LlKN8E9R7oWIiLyt2tgsXekxV9QAVhERERERAbh8\kAn9rr3IqIiIiMJ0tCKrCfnXsHOe7YaGftsaPUPWm9suBvr+Nx5x4mOYspL1nFfCpZOX8hGxqCCrc\TWflIRNzcksod5WQN8NLxbMOFu9o7Q3jrS9iXnouZa0JPPVbF+W\dZLQup3lGTlUtQXNtz2HxW\a+KWrhLwlqUw1DZHX3vxh87I87OL5LCuQSp7LRfnDcYOG8dYXsWB+LmV\mUFeSVBe6Q4K6r39O+\N5\GcQ8QuKaK8JJ9Fcccpe9ZBwYHRrYWIiPzt6yn6jqb4CzoCWkREREREBmEwqB2PVkRERGQ8mdKe4b8OOFnqtFM20cycNAcz7VOYer8VS9RVHvvcaSVv93YWmf2XSTOmELswnec2VfNEqYOotv3sroXsbcWsmB7ok2xjkmc6vzjQQEtmDLG0UvEbF02Jq9jzciaWMAAbSbPiuH3mKnbsdfODzECltzOd57fmkBLek8AQ7\B1Q8rL23uPvO7Nq6CSjIpMYuNtJMVHATFMTbYxFYABBd2uRkp\7qLJns\+LQ5ie\JKm8F9C9Mp+E0liyoyie2dM4bsN0rIiO5ZiziYlknpgUbWJifCiNZCRET+Xoy2+AvaASwiIiIiIoPw+XxDfhjm2aDPO09x7oN6zp38lO4rGX+Nn3d\dpxzH9Tj\ezCuMzf75mIiIjIeAqLYc76ahp2l7A2LY7WvRtZ6cxkdvIUrHYnmw8MUUQdibRM5puD5zKTssAGtTW81Q5MjCE2HMqKi9nn7sDbBWAkZf1h6jan+wue7Q280QApj80OFH8Dwu2sraulPDNoAnsi94ZzefYslgQfeR1mZu5jdmio5XD70MP6OVZLxUlY9ER6oPjbFyvjiVRoqGSfO+j+9FSSooP7xWD5F+DYcf+R0iNZCxERkWGoACwiIiIiIiEMw3xG\fx7M\m4yMnHuQ+y5FrEv8rnSx59hI+LnBx9NHpc5h\4TERERGS8mcx2Fq0pZlftYdwNtexx5bMo7jAbslJZXHmFRxBHxzDwFObYuATATUsHYLSRvd6BpXELi+fasU6zM29ZERUH3H3vvT15nLcAy+TIK\5uIeLjiBpwK2pyHFDLkRMjjNHpoQUrlpjQXdKmr8UAjbScCbp5C9w6XLyRrIWIiMgwVAAWEREREZEQPp8P3xi2QYHHNO5YtNwU2KZx04Rxz0dERETkhhMeiSXZQV7pazyf5mVffiXvjOkEEZgCddPYtHx21dexx5XPstlxeN92sTIrHduySlq6gK4LAw9fvoaMGMMu3+tauexaiIiIDEMFYBERERERCWEwGPy7UseoDQo8pnHHot36Wj1xpX9gymtt456PiIiIyLhpr2ZpYgLzytyDPw+LJC4+Ejov9L\f1o6n341WWt4eZHxIP2g5fhSIY1Lwht6wCCzJDlYUuthz8DB71tjx7t1C1THgG1ZSgKbmgUdRd1DltDF7fW3IHJc1SF7tzceBVO4zDzZgEOEmYmmkqTW0PO051QrYsNw12sQYfi1ERESGoQKwiIiIiIiEGO4dtqP+9A88urEXP+dSRzPeD9\1v0e46X28p05x6fylocd0X6DrLyf6xrg\4ELHGbq7fHR11HPug3oungt6B7An8A5gz4WgeT\F2\ve4kt0nz3FhY\e68uh7TRdF8dwjfQOYBERERlvUYl8Ox7e31BIWePZ0OfttVS80gFpViwAGLndBBx299uR6j1UQ1XnIPGrK9l9Mui6s4GyF+sgzU6SCbz1xcyzp7P5SFCfMCOxdwUd0ByVyMxE2LdjD03Bu2BP7ufVvWeJiU8IOWb6sgbm1dVIxQu1vXmNSLydjGgo21bdf3dul5uKbTVgtjM1esjRIUa0FiIiIsO4abwTEBERERGRG5MB8I1ReyVx+byF+G\eyypHMg9GGjEG\vuq94szvFnfwOq3fLTdcVv\cd1f0MWtPL\w+3w3OhzTBKC7C0\HSbbXHOYfFyzlR3dCU2Mdc970j1vyqIO82FvwtHxI4u7T\jgPfIujS9MwnW9n3db3iUyzk2mZiCnwF5Tnsw5+v\8PLD9xJzcZr806iYiIiFxfMSz6z3ze+NfVPDffxgZzKvPTzJgAz7Eadta48YTb+XVueqDIGkFSajrG6mKe\uktPJWZAI2VvPCChzg7tAwMb26l9JEsmnKzmGk8zo4XNlLVZufXWwPx7ptBSvgWNvwki9M5DubeHUX7R9VsK6zEOKuQDKs\x4xfZFG2cB3zfnyStUvsxHY2sCm\mLfMT\JKeiQwcHfw5dSysievia3sLC6iIjgvwBhuAmrYVmbDa5tCUvyAEGFWsv8ji50LVzP7x+5AXkf937HRTPbLmYGi+cgYR7QWIiIiQ1MBWEREREREQgXt3L3qNnhj60jjXjxH1pzvk5sQjhGguxvvRSBsAsbbJvJd+0weiv8T\15+mv+LuDkwrpvuidG8\sg\cU\gLx3vxW6YEIZp0jdwPhbBn78IymOwDbc9+fUmY+SxJ1K4J6IvB+PNEzDdHskPfzCHe+oOMu+PN\cVrcegFRERERk30Q5erE2gyuVix95DVGyuwQsY77KSkl3IU8507g3aFWtKy2dXp4mVxRtZngVR0xysKMvH8uoU9g2MPWs1W++v4en1OZS2QdSsTF7c+AwpPTtjjYmsqNjOpHXFlBXnUnYGmGhmzhIXtU4bPXtfjdOeYVe1lQ3FJRQ4XXjCI5n6cD57ch1YjFfwne35lDsa2bA+h9K2W7CkOinf8iRJQUc2m2ZkkTfrSTbkO6maVUhdyfSQMMZpz\DKTiubNgXyIgJLqpMXN\4bKXePMrERroWIiMhQDD6dMyYiIiIi8qXR3NzM5MmTr+kck4tfZ8JX\gGDwV+8ver2O\dy3BoB5z+lYNuf2XrZcd183RrH6w99FSPQ3naKX+37iF1nweczMv+heNYm3ObfjdL0Pg+8cRaDDwyXwtj0owdJuwM4f5bSg00UNHkxGIzMm27hl\dH9O7iaDp6iDkH\PNlp03t2wH8P5\480i4h4bkOwP9L\HOe8387FAHJ3xgmBTNf8+NJelW4OwnLP\dh1SNxToZoKvzc5pzvndNf74iIiIyvOvx763RuhFz+vLroCLbzkryqSt1qKgqIl86+t3w5eXxjPqN9aOmdwCLiIiIiEio3nfSBtqruu4XeAT9b2XFP\uLv5w5zfKqZqo+63l+np1vvsty9zkATOa7WGP0j+9+4JvMugPgHP+77wgFTecD8c5TdfBI75h+efTbdxucT9\d9hMfseBgOyd68jvdyuNH\h8vQEQ4SVe9PsHXIiIiIiIiIiJX56+Jre9WrZmeUAAAAABJRU5ErkJggg==&apos; does not exist
	at org.apache.commons.io.FileUtils.checkFileRequirements(FileUtils.java:278)
	at org.apache.commons.io.FileUtils.copyFile(FileUtils.java:869)
	at org.apache.commons.io.FileUtils.copyFile(FileUtils.java:835)
	at org.apache.commons.io.FileUtils.copyFile(FileUtils.java:802)
	at com.qa.opencart.factory.DriverFactory.getScreenshot(DriverFactory.java:136)
	at com.qa.opencart.testlisteners.ExtentReportListener.onTestSkipped(ExtentReportListener.java:109)
	at org.testng.internal.TestListenerHelper.runTestListeners(TestListenerHelper.java:61)
	at org.testng.internal.Invoker.runTestListeners(Invoker.java:1389)
	at org.testng.internal.Invoker.registerSkippedTestResult(Invoker.java:1063)
	at org.testng.internal.Invoker.invokeMethod(Invoker.java:529)
	at org.testng.internal.Invoker.invokeTestMethod(Invoker.java:719)
	at org.testng.internal.Invoker.invokeTestMethods(Invoker.java:989)
	at org.testng.internal.TestMethodWorker.invokeTestMethods(TestMethodWorker.java:125)
	at org.testng.internal.TestMethodWorker.run(TestMethodWorker.java:109)
	at org.testng.TestRunner.privateRun(TestRunner.java:648)
	at org.testng.TestRunner.run(TestRunner.java:505)
	at org.testng.SuiteRunner.runTest(SuiteRunner.java:455)
	at org.testng.SuiteRunner.access$000(SuiteRunner.java:40)
	at org.testng.SuiteRunner$SuiteWorker.run(SuiteRunner.java:489)
	at org.testng.internal.thread.ThreadUtil$1.call(ThreadUtil.java:52)
	at java.util.concurrent.FutureTask.run(FutureTask.java:266)
	at java.util.concurrent.ThreadPoolExecutor.runWorker(ThreadPoolExecutor.java:1142)
	at java.util.concurrent.ThreadPoolExecutor$Worker.run(ThreadPoolExecutor.java:617)
	at java.lang.Thread.run(Thread.java:745)
java.io.FileNotFoundException: Source &apos;iVBORw0KGgoAAAANSUhEUgAAB4AAAANCCAYAAACHzdFqAAAAAXNSR0IArs4c6QAAIABJREFUeJzs3ftzU+e9+Pu3JdkyFrZs5AvxFRtjjB0MNjY3E0IIJJCSULpTAk3STXaTfPP9ns6ezvTM5G\YZ+acs7\77D27m7Z7t7u0JLQhJaWB4ISAE4MTEwwGgQBhYWMrlvFFsixZWlqSzg+Sbflug8mtn9cMM4z1aGlJa61HWs\neT6fuL6+vjBCCCGEEEIIIYQQQgghhBBCCCEeKq1W+9BfQ\PQX0EIIYQQQgghhBBCCCGEEEIIIcRXQgLAQgghhBBCCCGEEEIIIYQQQgjxHSEBYCGEEEIIIYQQQgghhBBCCCGE+I6QALAQQgghhBBCCCGEEEIIIYQQQnxHSABYCCGEEEIIIYQQQgghhBBCCCG+IyQALIQQQgghhBBCCCGEEEIIIYQQ3xESABZCCCGEEEIIIYQQQgghhBBCiO8ICQALIYQQQgghhBBCCCGEEEIIIcR3hASAhRBCCCGEEEIIIYQQQgghhBDiO0ICwEIIIYQQQgghhBBCCCGEEEII8Q303nvvzfk5EgAWQgghhBBCCCGEEEIIIYQQQohvmOHg71yDwBIAFkIIIYQQQgghhBBCCCGEEEKIb5DxQd+5BIElACyEEEIIIYQQQgghhBBCCCGEEN8QUwV7ZxsElgCwEEIIIYQQQgghhBBCCCGEEEJ8A8wU5J1NEFgCwEIIIYQQQgghhBBCCCGEEEII8TWb7QrfmdrF9fX1hedjh4QQQgghhBBCCCGEEEIIIYQQQkxNq9U+9NeQFcBCCCGEEEIIIYQQQgghhBBCCPEdIQFgIYQQQgghhBBCCCGEEEIIIYT4jtB93TsghBBCCCGEEEIIMVvOW83Y\KlkF+aQZUj4undHPGwhBcedW\QMKCi6BZhyi8hPleMuhPgW6bPRdPUGvUOjf0rKqqR6dRZJX99eCSGE+I6TALAQQgghhBBCCCG+HZQWzp5twhECzgEaLUlpWWTnVbB+bb4MpH\HeK2nOXbGijsU+9d6EjIq2bm7hizJayceiiBet5cgoNUnkzTVfAPFi9sfBLToDUkkyPkopmBprKO5Y9wf27og\QCbc7+WXRJiXigeLyyQ\k+IbyoJAH+H9Jw7zNG2fH6wv5b0r3tnhBBCCCGEEEKIeea8dCMS\B0WCuLttWPthey1+ZR+bXsm5l3raY6csaKEJj6k3Gvm2FHY+3wNqV\9nonvrCA9V+uoa2wfM+lAm5LP+u3bKTdpI3\oM3PyVCPtA8HRRpoksso2s32jTEQRExnTkqDDO+6vCo4uN+Qmfy37JMQDs9dz5LgFb0opO57bTL50fkJ848T19fWFv+6dEA\IcpyD9fYxf8re\Dq75njnq3SbaTxnprXXiRL9DatNzWJZWS21j6ajnafdFUIIIYQQQggh5s5O\aHjWMaPoQOQxxOv72TZV71L4iGZ7liPytpwgN0rZ5cO2vL+QeqjK\CmHzNRaPnzb2jsBshm8+u75ndigb2eQ8cteEmidNdLbM6ez41\w7ltNDQ5Wb618hu4cEHBXv8Oxy3uyR\WJFG45QfUxl\gWJ1l3Kr0UQkFm9n7dOnkQeDWOn79oY1gwVZef7p4wsPuC0c4fNEJpFK5fy814+OCITPHf9WA3VDO7hdr6X\IPUdyZTv2U9txhzeanQc8X7GDkc2MevX7qHh8FHM7vu5liIB+Rv6HdTOunP3Ynn\CA2s5+VnShnpHQI9mE+fpvGuk2AIiE8lv2Yr28eMdypY3v8djdSy95kpjuF9SkpJQz\yQm2c+Je3aBma7hmzlF3LgV3lTNcLuu80cfZzM44BJfLeNVoSUrIoX\s4NUvGnWTzcG58paL7m\zoD9i\8WvuVRQH5sZGzK09OIcH1uNTyVpaTu2GctLjH8aL3s81Mo8sf+VgfWfk\wlZrH9uNxWL7m9Tc4pLfM3n6ez7v4flaz7uYt5otQ8\4iaL87\lLO8fnBD8BbDXH+TwuZ5ZbsWL9cND\ObPDVh6g6Qtq6R2Yy21q4tJUxxYzh3ld+9bmOG+SwghhBBCCCGEeHisZm5NdWOakIjhK90Z8VD1tdM5i0EIh739vjZvb7VM\aBiwdZ9X5ud3WvfasUbr0WLl1tXrQ\vhb5xemg4XofZ8Q0dXWo9y6mpgr8AIS+2M4c4NE3wF0Bpq6fuijL5g7lZkcB3jwPHxGdi63BGR2qdOO5O8vw7dhyANiubrKl34bvDcoKj59rpD87cdJj32mka7ElUbIwJ\oYcNLxzlIa7XpKLKqndWEmxwUv7uaMcORd7JBIo3VhBkr2R+ltTHMP7FArHrr8qIGu+gkbqdB+Ogu30IQ6fasY+ECQ5PZ\8gnzy05MJDthpPnWYw\V25ved\m3yWus49N\HaLjZQzB1GZUbayPnWYqCw9LA0d\PPKHpvtzHNTKvdDHBK8VB49HD1LfN9Y1KXGLOvu7jLr5VJAX0t9m9htH6EUt2csB0jt9Yl7Kz+DYnvnDhvtqIZePMs+vs9Uc53epFn7+Vl39YzSJdHHHRx2q39fPFH3\LR231HDuXxv6NfxM\MYUQQgghhBBCfKMotFyzMeVYl8HIrBadhBw0HDlGe\5kq4UiKypOX+gcWb2jTc1n\ZMxqV+jvG1NnD7fgn0gGKlDnFlK7RO1FE6XybO1jt98aCN9wooVJ41vHaFlYJLn5G7m9WdiGnvbaTrTSIt9ilVs9xo4\K6ZqcNYY1eseNsaqPvEgsM7\ft1XjvN6Ys2eryR95uaXUHNYzXTv98H4QsyTYxtlOqL1GmdRdPI6js9+gV+\I67WEOlFE+yLEK5fgcHOnQJKqqiQz+X\Z5JyIq5VYGMKlYFLnKx04Y1VDzpfnwXxcUBcfHz+5nOC4WWq7aZA2GzOinBceMy7pU1TLg8jCspymjEca8PhwJZscs2Q6109IAuv4CsO204umxQVjjm6T1dfQSBgmUVJOKmat+bbNCGUYecuH2z2zcAEiLDwbrZLZ6fVOR60hA\48HMZcf\fJNdcUH8\QNzDOJERidnvZ8hGw2f20kse4Gn8pNwD3hRgZ7G05gHtORte439axZGtrppIxcO\4KPrp6lqWwvNakAOpLyn2LLsmv8+bNG7Es3kz1P16bP7WT0EC0gd7ER2l0PvF3jkuUkAepkD9obabB6IXU1P3r1KfK0w6O9YcKDVt7\VGuWk5xNvcA24uiD83DufGVWvMj3tygJawO4ZzTRTCPOuo5esaGNz6XrT\eT3WaJtLXAWzaTv\Fw\z2w7vUv9dA2t7aea5dP8drZL4M1z\3jzvzQm4sHxyhf9332b1qdgUa7isu8TWfp7Pv\x6Wr+m4i28lCQB\i\Xcao\e1BWw84UK+PAcAFmPLsX4xUVc2LFaoHS6CPC9Bs5avGCs4ocv1GDShAmpAQKhMMRp0enSqN6zFeu\naDtWiMt1bupkM5FCCGEEEIIIcRXKoHcpZnou7rxT\KoLiuHNGDajJoBO03HT2EeYGJgBnCcO8Kxq24SFhVTWZpFkteB+ZqVhneP4HxuP7WZ0YbdDRyrM+NekE352kKSvDYs18zUvdPP5r27KJ0sb6jXwvH6qQJMXfQMgDYlm5y0ccM0GSljt3GkHruaTHZZDYUpKo5rZqznjvKOby97q1Mh0UROQf7EIEtogK67TpSENLKM0b+11nHkQxtKYirFq8vJwoHZEnm\7t37WR8NEvd8foSjl5wwpl0zde84pn6\DyplwewGrBJT5liuKpHlxem0XLmL7Q4UF41\XMHS3gUZJRQpN7k530vjWm20B8CUX8VaTRsXz9kwmxWKZ5nG+ttNjy5u5lZfj04cvfO4ub5uOmHiggw1maJcA+fv3eNeBxB7\t3poCsEOaXbyfb8is7Ou9gpZDRDuIK9xwXkUFSi4vPz3a81nDC3q9t5sQmbYmLD+nwCPlc0KGrnWqsbFlRQu8ZAOBggEAStzkD1xnI+fbuFGy12ajZnAypeX4Bl68sx3rhI05Vqdq96GJ+yn9TFWehwTR64nTUdWYtNwOCkj\bcseMFCtY\TZ42TDgUJBQG4jRoFi7je4+VYPnLTWwWCxR9G\I9fxP10PCJBW\ISNXeF6lZBOGQSiAQIkwcWp2OtDV\x1brv3LijplGc82syxbMyhyvkfuiOLBduoH5bjs9Tu9IeuZpnoDjsyMcce1g1+YZaqJLXOL+fBXHXXylLl26NO\bXL16NSAB4G837fCUISeOTj+pIYAQSvpTvPHmdmDm2XX2a1bcQE7lZrLDCh6XByV2RqMmAcPClVQtPU1nZwilB8hm2lz7kTz4MbU9LMc5WO+m\Oka\OfPYh0IQlI263ftIuHcQepd5eyo8dNw1oo7CEnZ69m1q4JUhutUtGB3RmcjJ6VTWLWVrWUxs4iiM5yTN\+E9Wodp5vacQaIzErOW8\WrRPrLEzYbmo2Feu2UlOQBCELx\+zHntCKbt+vJnx5XhsH\6autZkKvcOzxAUQgghhBBCCPFw6cjb+AqvLT7B795twTVuJV5OQTGhKde9BnG3NlL3qZme6AIhzfhlG0oLjdfcaPOe5LX91SyMBqpqaz\jd\9+BnNjCzXPVZCAm6Z6M25tPk+\up\ViQCbeGLF+\zrH6\QfMVJ6brxN4pezKcbsMfp0eGfuGKj24kLyF3\Mvsqx++6n\6ByF29\cIF7GoKq\e\wVO50RUym6o4+6tf02hpwV69meyMGp7bt4HxcbbOU7\gUKeRqhf2UZkSWS1ovWVD0WSz5Scvs25h9P2uOcuvft2I+bKN9dsKIWSl2eyElEpefP0pcrUAYWo3XOLwf56i4VMrpU9NrGX6wNILKTBcoMUzfbOc\CJ0qHMKouiK8jFd6eSuzQZFY1dYoli44wDT+nIWmm+O\n14ZXXmeg58v2JcvU03TX86TLO7kK1\v32a1bzDq9iNFCwzYlhQgunceRzXL+NcWcOkwwtuG02fNI1Z8Z1dvp6ta8cNqs+ynfNWPWc\v4XDEzPGsnozj8fWV4y+Vyapqdlz7jBHrzK6iny24zFjVqZf4vDBSxNXt3+tVNTAfG5PO\mAa0AhKy8HXfNNurocUDSaZc\xpQOVHIqWpZJ\z8j5L+zY7kH2SKrgTu71AsYs8nR+8MPFt\5pQh3K8eNdxCeRXlDJ1i3lpI4\N0NubOdO03DdgTcIaJPIWlHL1vWFJM\bKsUOTv77xBrAM+1nbM3u9g8PcpCZ6m3aabE4wbSBMqOCd\jrwN1JtxfIzyJP8eDyDB\oeAz5OSymhbZ7nbjJjkwMUrwoGZWUmS5y\soF7Ksmjgs+uBBqXg5Z3KTzgbaTQ35RAHWqgd\oil+f18WQK4Qv9nszfgHJywvI+ctNOv2DRCpPx+7ibM8NL45L9Zy9FJs5I5uK8fWFh8eRN+2l8O6pkVrMk47zzqXtF3\gn8bUAI7WnDZu5ifrgtR91Ei7c\oMF0F7Myc+vRg5F0cyeqRiPtyAfaZ+quMaVjeQXcXmR4IonkE8YwfWSTAsZOWqIk7bOwn5hgfWidSl\qSe5vZ+vCNFbxNIfaSc9VtqyB\uvIf72U27ybLW0dzlBW0qi9OcdEWrP87uGpmjQA\m03U0tE2TGn8aTstJjgys5\vPVEzse6LuOy4xbNbnaZCeq2epvxTNZMK4WADTtNVoSUorpPKJrZRPk2omaG\gyPtm3Lpsav9uF+XDp7\XQfMnZ7ncEa1tPEUWlQnxlNFHOH6wfuRcnHvfKP7WSQD4Wyw3MxVwAS4uHvo13QWRni0cCBLW6YhDi84ATHnD5KTd4QeM5BRp8Q26x3ayACEFz5COpbt\xs8JoQy68NzXj2Ivtz4+DcZSajYuoL9bT34qdAH4bnH6DKSU1FCR2I9jQT6pgOOzIxy7HDPLOMGJ7boZ66dHcDh3T0hH7b50hKODkF1WQ3mKisNixtrWwNFjXvY+P3oz5Th3mGNX3WNnL1+z0lx3BPfWA2wtKqU0vwH7nVasHZvJzo39PKxY7wYhtZBlUwR\20\hpPWWU4Tzqhh\57KSWefCyGEEEIIIYQYphIMhkgq3skbu1X++d1royuBNZEVcf7JlgYD3Gvk+Idm3JoUSnetYuj4JzjHt+noxQnkrqjGEA4SCAQJx2nRGR5lWeYZvvQOMgCk42BwSId+6RpW60OoikpYo0VnWsgCIBCeGIp0nDtGw71snnw2gwtHL07cv55+PBhZvjhEMBge+1ho+Cbdhvm2F335Pp7OhaAaiAyI60w8\tqbPBbw4hr0QyhIMBg3NgDc9gHvNrswVr7E9kdC+KNjBKEwoE9nsSFEMKASRIvOlEYy0KdGP8xeB70BMNWsI1cT0y65ktqSs7xltmKlmHkPAYfz2bGrgtt\bMEzVdrdxZvZuSYBdWBua+hCySspyTjPefv4FZag3LhDV8jEhkeT8ZljHsgopzjVTHO3DYtSMXYFktOCrQ+0SwqnT+U8XFvYVMbqDAU\0f24dxvzvZqJg7fdDRx+z4ybBFKLKinPJLLi+9JJjgxu58DWwjm1GxkLSc6idHUxpuExlnNHsXdt5Qfbiu97RemM4zHGYmo2JmFtbqKdfGoq80gw5kyxtXZO\+Yksx1WSV+7nx+sftBRlVyy0uBu\wNuZtgCI2mTPqCgLs0nh5u09ThQyIpOJnDT3uUB43LydH5MRQXov2jhyzY3ZETfW\eXdAVAn7+MdCU06ZpP5dZJ3vm4HSU5kp0gVeeNHAtrA0cGgrz0\Yoxx9jR8A7tAT3ZZTVUJnmxXTdjv1rHO97tHNhWOMkrzI\Z7GfOylpqky00XO\FtKKW0jQ96cZpNmq30u4F44oSjP6h0c\HpeABDKZ0lDEDmgE8SiqmZGgbGKCH4cwQIYaUVJbmGzjfPD4IP3\8ukfISobO+4utRaRlkRee6osPcpcXYLjcguPT\+QP3TVUVywjPzXaeQWG8MSvYt+bVRD04xrwjslwPrtzw4vl\SPUdygkLMqnvDiPVCWSSaL51DvcrdrJD6rHjt32fP5n7Gpku4VJbm60WCLjvO4fsH9d+n23ncDVzJF33ZBdTk1ZKmq3GXNrOw3vvoP3+dEFPcqtk\zhbDsKyWQ\Wkphkheb2UzdOwnMZqGps9OOHzDmFaH1DeKeOLCO4vGiW7aHn5VCSHHj8qgQsnH6cB1WXwKpBaWU56SSoDq5a71Fe0czJ99nzFh25PM4gV2\mMqNWSidftJKy1naPodrZC5CDhreOYZ5stIUc6DYGznRlM\+CRPjYD7iErM+Tz84Qn2bAsN9zvB5+sERHJv3smsklcnoOT3cNslri2SDOepEef4HVE72VrqHg79ZrH8uNvg7nLklgdS8clblDJ+LzdS9c5fKZ35ATeYk25vGnPtG8TdPAsDfZhVbqPr8t1x0AbjpaAO4xOF\6Z5ktshkuuh3AqSyyDiEb6pAccBLIJiARgNxWiDAtLn2I3nwY+rkJOiAIIphLa+88gSZcUA4hDLkol8LBBQW1rzCP2zNJPKQwlDbGc5ecULKan70+midik1bHufC4f\go6t11C95ic3ZgD4eDeAajKNi7+vsyNdGai08VkX9L3\N+T4bt9w11CQDzibOXnVP2O7wrG7rhSaqih+nauVS6u\cxHbbzubcmNvB4XRNZTXkJsDgJDck6dnpJFjtM9eOAZKzsiX4K4QQQgghhBCz4Bt0EVyQTOf122PSQOuKq1ij8zMw5Th4Iobs1Wx99mlKU1t46\gkTZbv4h\XJKAJKQy6PIyML2o76OoDUgzRwEkZz\60hnhNEP+gC28AFKeNC2cv0qsxUrMyB2L3rruB09cU8rbvpnrhOS5M8tIOVx9o0knoeJv\+H077iBok7Io3bSV2uEVVPfs9AZgcY6JWx\9nrrmzmi7xax86vs8XWIgET8+xYt7zM1oDw0nr+DRl7BnWzaqbwBv9M0tW5rDmfYWTvwli2dqC0kOurE1nqMNPUsfLQNCoNERByQm6BgacI2uIItPigQLQk6670HxfAdI\AGCBTt5ZQ8cfreF3nGDwvrFG\jhyxtIU93MuYqmupCVy0ycP2cbN+lbwXKnC0wbWLFQZUyoPjGPqlITzY0O7lxXqFg1OhjivHkHJzpKVlWRpBnAO0XAWrl+B0cITMvKSFP9uEMLqSnP4fyZTmzX7dRmxIainTSdMeMOpbD6xdgV3xv57Hf\xhlrE01VhdSkzrKdt566q25IXc2Lrz5F7vAYy+ZaGn5\kE9bP6WhtThSBzQ6xjJZcUN9fCTCPfLQbMdjMoqpfiwNp7mJdtIpf2wTWTGr28dKJzszAWvHLEZVNMlkZc\HqIqJlctNXGicnzzQhpIV5MGkGfl8oUKyM6Ct9x6dQCGAYqOrF\Qrl5Gu+FFzs1msaaGtux0oB8DdbseDjpKiXNRAJGo4vg7lrRvtKOTz5P\YR\VwvdfoufBJXztWTwUVhtF98ZPJttf3U2XUEAdseryQd\5ODfvWrFRyPyEgPVETpvRccLZ7Of68k3khztouN7LwoJNbFo1fa1jt70bL7A0y0RAiQmPD7nxA4lxmonlA4biCGuAQGBsfXmfQuYji6H59tgg\HxSF5NpgmkKts9In1tIqn+adT95O9izrpNDn\XSY2ngpKUBtAkkpS6mcHkZ5ctXkJypRROnIZ4x31yzOjeUK3XUdyjoC57m1RdWj2bO2HKL9w4exXLpLE3F0WBrdBxZURNZtf8Nno72VZs2r+L9f3+bK1caaKmMpve9j7ajWT2i55vLTdyqfbz+dD7auDhgE1Vnf8WvG3uxWd3UVCcDdho\a0fR5vPk6\uojr6B2scq+OBXh7msANrpi7x29UcipKmpRoZ8k6fiBhVvIEiCRgNxOkAlePMG7QFYtO4lXn08Y7Rm8BODnPvtv\FJlxVLXw3rFzHSzyrhPJ55\e9YqYsDwoTCcWjiZn+NzIXt9IkHDv4CsKCQtVPWAn6AuETUrPqw1gYa2xS0eU\yP\ZXkzx8nm67y6mDf+DSp3W0FEXPJ2sDDR3j20ayvPzbH69w8XMrleOznvS1cOx9M+74TDbsPRBZCe4dxKP4aPmwHruiJ\+pV9lXGa0\Ti1P3HyPX7xrobm+iWXRQP+EeMoIfSSAFz0Xs+bYNwoxr2XHxVfLF8pg+xsHqJowy8NO\cGDHHzfMsMW4kdmBYfU6WfMDg04cTpdDD5AZ2JYUkJGWCWgBAiGVNSRXxYGlpRmEFYDKIEgIVWl85oVZwgKNj5NniZMMKCgKCpBkqneWI4eL7Zb9rEvsHgNWws0hIIBFCVAMGRiaYEBCBOM7rfzhhUn47YbCBI2rGN1PuiGuml3+1CXl1OUAP52K7GvYrXdJajJoaJ6IYEp7kVMa1\i9R0Fk3TYYxnXvMT\2rl0VjPKhBBCCCGEEEJA4NZfOWWJHaY2UrGhlOCEZSMx8rbw45efpjQ1TNAfJDxZm\jI4GFIHYodW8TxyafcVCCnooZI5j8dmrgw4WAAb8DC8YMH+c2ROq46dJQ8+zJPLI5ZexuyUfe+GaV4Jz9avQBl0n1U6O7xQKiNxgsq+WtqqV1dTHLIgfnUOxy3RENITg8DQNfZX3G0xUPWylpq15aSFuri0p\k8NNvUx2u65cacDshuwNT7Es5MMTkwPUsOYl3thZSOB6HYd\dZCD\3WYuusqy3a9wvNliZFG6akYNNB5tZGu2GEDvxVzqx+Im2MN3tny4fGrJBXv5NWf\4yXdm9n++Ob2bxtJ8+\+jN+9vebySGAz3M\FTQVFq4owYSf9taYO\5QK3cdYFq2glRl3FniUzBWlGACuu5YYiZ8O7nV1g+GMqqWqWNTrI7h5PLNLsBESbkRxQcoCrqKEnIA720z1tjn9lmwOoEltTydC+HhcY6wgXWrCkA3RPdd76zb2a7dwoueiqefJlcTRh0eY9GkUbu5Aj0KtlvW+\gso2YajwkGUBQ1eu2FUZXIWMzkTKz90evsXDLDqIrGSNWL\4tniuZjVCXIok07qZp82e7c6JeydUve5P0MgH8hRbkGCPTw5b3o31o7+BIdBUW5qAHwhYopWgw4urBFmzj6+4ik\FUnvdYBtFoAF1\e7o98xsPnwo\f5P\8x32sMYxtry+pZY0xjpAaOT7BuHKW5gAB36QLHubLbPYzGFBQohkRwkEFRVGY8pRh+PMxYlykjg30Do98h0NMvDzDI8dp7AC5H3WRESPQ1++4r\c4o4DKI5kPtmxv8eJc1Gm++nyBINlbXuXnr+ygsmBRpJJgUMHb24753EmO\Nf\yy\e+hRb\+CE4PjM54abyzccQDYb96zGEA6OXNfhhGXsWJsNISfWG2PzbejLd7Ijl5HthjRLeLImB0IOLC3u+247UTZrnihAEwoSUBQCwRCmZQUYgPDwgHSrmVte0JdupHphJLOGoqiEtfns2Fwyq1Vz8SMD64HpSxEMDeB0OnFFB9a1ZXv4x5+\yWtb0iM1g5VonxwysDTHCGhg\Pn+SCErtSECSgA1GCSozO0amTV3E02t89ABmKrY98Ze1qRP1Zc\eFxiNn2YxWJDwciqrdUkE3OeavLYUpUNIQe265HG1tuRMg2xbQNqCIrWsNwIcf122mN3wGPh+HuNONRF1Ox9hc2PhAgMRdOAuy9j6QKyN\KDSgPhoBo9F8PoSnawLhvos2Lpm9OnOue+UQhZAfxt5lFQ47PY\sabbMdB3S9+E10NHNVRz3FL6YQavaPi0WmAUJhpMobMm9QUI0Mu98QZd6SSkjKEyz36SI\LDejBeYHPzvkIjPyg0aLXetABHlcPCtkjAVRdihHt0AADI3dc+ujMKg9DQ5G\dPW5ASOmTJWhAXfM7OWFPPrCm1SEAnhdg\jUpVQt13PzSsyM4JAVW4cK2SWs1ClT\uBWgyEMq\bxGm\xy5Ntk7zfSPD3jW05hNWhOdUqEkIIIYQQQoi\WV4Lxz+0jFlVpy\dyvaMAK7iUZeHAAAgAElEQVRpV6qECYdU\EMehsYH9ka27cY5brme8\IxTlwdQL9kJ3vWJBByKYCXgeGGniTy126iONSP5YaZm8d+yVtbf8iO4iTAi+XkWWxJq3lpdwlBxTPFKq1+\H4dpK1k\4+fJC9RG1nFssXKewff4fr5Bqwl2ymOi9y8+tUMtvzDPtamRtttLObovx\n1meN2JeNr1Xp5PJ1B+hLWFediH9wYEwAxHXpj\zhtA1\Sh4rV+STErjH9es3ufX+HzmV8H1q0rWgr2Zr5SUOfXGBI2\bKV8xmjoxlBgJXsTNNPv5vgQZ7LbjSTSQnGoip7SK2ITBAXcPfS4vanwySXOO\ykoxhWUmM5zvt2KnezI53bzNp0hExvKUwkoQ+Oe4yewsIaK7PN8bL8zmgbaeYu2fjCsKiM34GXK09B5izv9gKmEFcYA\sHIfvi0KynJ\ZjODhuWm1A8PH7T3YcbMJoyUYcGcI8OXrBw5T7eXBUi4HEx2DKbdm18eCgI5JKVN24sRJPAwuE6qP3d9FDMDIlVJzXjeEzAhzcQHAkABz1TXQ8AKmrIQMULr8Hbv+TEnUlGVTRGql58g+3ZYdSh+RhV8aOEHmH7iztx\foEt8cf\tnSF7D9ledZoRuamGZ+WCgwUge4165ARgI2excjwV0P4NdRvMTEx\YO7nZAYa6dri4gI5vC0FQ7p+HRlUv57O5trr37S65pk0jPLaRwWSlrVxWzUKshIR4CMTNcFian4B90jmQFQBNd2Y8Xrwt4KDUlZ7efniEP\uHuOuzBM209cAW\DyCVjHTf2KXX4wuiT2F8M19yCgsBl\qwIis+jFlZ6HDd57igiewl6qRjjqMv4cGnS2ZB5iqe2reKp1DxdLdhvX6DlpvXsPcFcbc18Oc6PT96unjMApWZzw0HfU4geTE5Oj8elzcmc8YCUvIXY8SOq6+L2OrCi3MKxvZVmgUk52dhpBNnnwNi8iTOpe0ECQsxaocYGPCNfO\pQ+HIeLIvcg057\USBHJz8lAGnaOphTWJJGebMAIz5QSIj0ZWwnMcWNctiEcTByFvLx1t7bT3OHF2O+jpcdA7EEmLrBn33aY3LsI\MC7LxKyvkTm42z15\6UxkFW0nOVLCsgvzmIhwPW\8IuzEytZ64u388qeKoxxQfyeqT6bB49LzHye9tA3AKDD19HE+Vv+0bi6Jp5ETxAd4BzoARLo7gdIJStTYdA5mg1Gs8DEtjfeZHs0XfptADxcP1WPXwHSiil\JETA52bQHz1AXX04AUNWDrox9cdBuyCF\EeMYHfR1w1MU1t4PP+c+kYhJAD8LefD7YTk1AXo4rKoKDZy0bqUAxt6+c3JNgDsrRYonSoCnE2mCVrvuejrg8I5dDb3Q5egxc9kBYR1JGj9MSkcenC6APy0NX5E21Qb9A5FazBFGJIWMjRmuq2fyIQYNdIZQzTtDIRVz9iZuQEvgaARvUaDLh783gC5jy7HcKVlNA30zRvYAlDwaDVa\9RJpgKeATykTBkEjg3+Drh9k8xAFEIIIYQQQoi\QQE37V1+cvLSJ64qDdhpeK8ee+yiFP1SntqxDFVxTn9f5RvENadsVkHs597h+FUn+pwnePmHFSyYLNWwoZRNT+jRAhueeJT3\+1trnzSgLVoO9lX6qi3J1L5o6fJDvsY8Ex2LwyQw5af\JztGiC6gioUp0WXUMy6FUauf2HHbmektqyuqJp1xjiCAYVgWIMuoZx1ZR9zq9lOex9kx97X21u44QTDqiqKg0O4Yj+kkJUzZ1vxp1Ty0mtPkRPd\qYnOzn1H4doPn6WrANbyQ+GeGTbqxxIPcp79TbMn9shPpX8dT\iKd1ZfnVmqpSX98tL+7k66q85Rge5NVr0qZlkpyZC0IPD3j062AtoU\JZ\9QOyucwpqEoqZQsMXL+i9Ean5bWzkj655EA7Vh+RcfK0hw+tneOpIHuuXabPoxUrcpBGZp6RZq95Qb9AL3n+c\5\zkbW62oJRWRIIwuuHBiwAeX2yEPYBXDWJM0KCJj59lO4iLDhbHBdxjx0JCCoNKdDg87v7Xcs9mPGb2AngHPJAyRRB4TPA3Nuj9YPxePwkpFTz\E3jrlydom2tAQp\DEy\uoyoliN8zXYejoC4tIkdzk86+TkDP3U51bHA3pJCck4OeFuydTjB20jUExrISFk6T8ldf\jyvpZ3jo1NfcLPXS0+bmZ42M02nE0gv28qOjfljagAvNCThDcQElEPeSG1wovH7h2Su+zmzAQajQd\w+NMhxYgeUEOThVlVCAELjKSMfyg+ITJoPuCkB+5rYsRMgvk5ZHGTieGzWUguIH+6kwGAEL5BFwF9Ekn6BLRaHYbMpazKXMqqx59Bba\jV29fxNV2kcvu4kjpvKjZnBvhEKAJw5B37GhvcAivGm2siY95wIBpkX\sNRsaYmi47Zj5WXNpO4kFBhb6xo65+qOrJtVop6QOh\2Dypi6soR8eJIiEwBmCgBnZ5rgdi8upxOYKtXxRKqni5a6k5y+1jNa91ajJSkth4IsB7e\ZMKshMT4+GmyTMyfnoGJX4DGlXvYv6ME4\hcsgsmdhSmNfs4sK0AXUhlyO3GN+UcigePS8x8nvZFJwj2cu2j01NuR\V6gASGM9IH\Z4x53RoKEBQr0Or0cZk\FTxB1LIXOynu+tz3v0wnxeqY99EZEd0ceAd9xswOOSNfkeCRqJz4iGTU+xbz4fb6QMSRzoOVu1jp+WfOHEHps\FlEJ+toHGey7sdxXWLJp62qxy+Ri\a\aTvvpxdq\OmmabCr4pftyHw1PNaQuPS2uRjikVGDCx\tUfs2H8hK44LfHxWuJCAdyuwZiZcqGpZ81FO\DRzC8TqsrjHeiPmSQ4RCB7BUsNLbREZwQPtHZCQgkV5Sr+GTKNTBUEluCvEEIIIYQQQowVHGin5UIjl1udKCFIfnQ3+zfG3He6rdS9dxpb7EC3xkjV3udZofMxMB916oaF3Jjr3qGhTSGpZBev7CnHEPTjmSzVcHyYoKIQjNOg0y1h1XIDV5p7cfT24LjmgBA0H\onmsc9zfXhQQ6STPme\dRm6IgjUiIp4IsJzmkXkL4oFWiLrO4wRYIYiQuNKB7X6GC1NgnN8Gj8uEFWu7UdL0aqVuWiDI37kOx27AHIXv04OXFBVCUYCTzrclj3qInmc93cvQf5GUP41RSyqvfy2pogamC4nZb2Ez2ACaORmQfjZ8WL5f0j1I+v\RoK4u\7EtsUaRKDA+00HD2M87n91GbO8qWUAKaypRi\uMjdWz1g6uG2HUxrV5Cq+Jk0rK340D1aQs6ZTjrvWFBWZXOjfQBMG6jMCOCbcpzAjrXdCxjIWprJAjUYMxYQh1YHfXfbcHXd4LKzIlIvc2TwIjxh3CDkGaB\+FqYVbv46GT4MOpki0eHhtPgxs1YysofiIw\TTTzeMzcTBEEfkjBXwBCPtweDSmGCva9ovLWf9XNPgisz2LD3pdYmx6p\eidar5HlC+UR7YJ2u7dw+mOo3tCcFdFySukIKGFm72dBO\20IeeiiITgdBUky5C+ANBFuZu5Ll\2AghH\dar2O+2syVW\fouXqSuuQD7F45OvYXnpBjNsbDye1+X\s5szRSDYArTHh87D3NEAnkOfuA8Tm+++hzAxkGJiRj9kaXsBhNZMJDGb\z6x4hKxk63UD+dt7cXzWHZ0ezAEz1cMDCyf+up91Yyf7nawj6vYCWeH0C8fE64nVadPnb2Vlu5q0rTro7gZj1QzOfGwkjqzf9ASYE7NXQZMm1PfR0DxFZOhrTVg2jArrEpPtsO7nQlNdhpFNaEI1Nh8MTO8aQxzfpEqbxUvJyMJzvxdXZjlKVOnWZP6WFY7+7iD9jFY8\V4n+wnFOXnWCsYit27dQvDiV5EQNGo2Guyf+dyQAPN4k\fzDoBkf5M1+gpefKcFAmFAwSDAYRA2okX1RY778NXoKNr\MvnUmwkEFz6CH6apzzEdcYubzNANTMtz1l\Dc\E9lk54szoSdBrCqg+nuzt6ZkzSj4zEX2LpKdr5Y364rI0\ftfuH3pw9Ga1zBSn1oN+lEnXiGjcZyZCrQqPskeKh6IBIC\xSzvH6S+A4jeOFaEAUL4ldjOb7qf7yq51RWYLp\ny+tNOFbWkjVpp+Pk8i0HQUVL0sKxwd\IrKnYDronkgJkitebSnjMt2oi6UY90MuXHQkkrBrX+M4J\vmP19CteIaf1C4e3Wp4mjvO6A1HhskIbdH0CuOm9zk+PcSxW1pKt+1ncx4MBXKpWWmipdGGtS0bvwN0S8tZHhqaOq1TjDFB4Pg6TrvLeHadBH+FEEIIIYQQAsBtb6bp3GWsfWMDfu6rJzi+aC+7SvX0XK3jZGP72JSH6Cl46mW2PxLE7xmav3urkIOmYydovhdHxvoX+YfHcwmHAgwNxqxu6mvi6LvNqCv3snctMSkjF+BXVUBHYnwKS2q3ka1CKODDF4jeqyp3uXChnYUrailN05NuBO59xMGDZvzLd3Hg8ZgEzsEhWr\sAoxk5QEpJtKBzp5OPIGimHZeBhUfYCJtTLpWJ+1dXjBWsTJDYcLiVE0kuhOHytCANyYlcGL084yLDhjd5v3\rw7bkt38\Pul6BK0EA4TDLRxrc0PxsXk62HKGklzoFypmxj8na2QG\OpegpfGp8Geyp+1MyVLDVe5GKnDWerE0fIRE15KgFlqpCKik9bTVXxJ3TevIOl28+XA2DaWEFqwMeU8d8OKzYvkL2W\c+vnXSU5tq7\zd\udnPjRY7NZuzIdOEkXZcfd1MSHPa3cCh9yxoS7azv2o27b7HE5k66LfT3grFRWOb0WHHAZCRTQajh9IX8I\bpkJ3r59JA8CzGI+Zu7FBYN2Hpxkse5a1DyP4O\KSXgY8kJJSxb4XVQ79\mM6ZwoCa4xU7T0wtvbjTPwGluUbOf9FL51tTBrcVYLFFGXDTUc\F5O7QbOY7FwVZcoVn1ZO\eIsVkM1r\3D4yzSJJJRXMmW4kq2XH6LfzrZxpA7No8eEH6IhX6ndB\7OSMDhiQAF933oDC2L1yYR46hkd7uLuwsHds\dHThAAzZeSQDY8KAvc5IMD4hkQTmpYubSF1MdhZcdAMdH\PP\1I\u+clLeWZl3aSN93hi08hSQ\02bA4a6JBqSAB\xCB6DmtTUxm0B8EDGSMnzwz47kxvHqznTvutaSN636Ujm5cgDHzkTF\d93rgaKxx1axd+MBchbnETuTaS5tJwpPMy8p0imZHomk4HZ8aYeicd8ctzvpnmbrw9TcaipMLZz\8hpN3RVTTkJytlhwBBW0iclk4abpjhMwUPXcD6kZeekw4dAQXVP1s\Mz02pG2RmpEJPzJKdkFUmqD49naGJAV69HB6gaExV79rOz2EBIHWLQ7Zv26EQ8eFxi5vM0ndRkwO2goy+BFYvHPur\7BD\9GkPOete4HvlGWSmAa5J+hHAfPwgjT3Z1PxwV\SbMZHU9CRC8SvYueEi\3qmk+YzLZR\vyIS7s3NxEQrvZ13cJM27hta4W6XCzCSOebUUyML62JDLd19M65EF2I6M80xEN9gpSNfTm7MTZbRB+6coOFO5L8Fy8un2YKCmvoYm0v1MGDmxEkz7gm\U4PYPz1Bcx+QvpYnVkW\gKIpVLq\HFP6HK+lGev91kqJ2a\c1eUYgbZzxzB399PfH\3Xa+NUXQv+UJjMrMVz\gGWuboME9B+sQHHmLRHdm7c8QLpZA8XFvIFSC0vwYQfe7MZe0BP2aqlqEOzv8kIeAbwKEGSyrZL8FcIIYQQQgghRlhpeL9pQvA3QsH+6REO\fevOXpuYvA3Z8vL7FuVhOqbeaXd7HmxnIwEf\OeejUS\A368bgG8ce+\qJ0kjXgvNmCPfbvg82cv+kHQwFFi1NYUrGGqjVrqF5fy6bHNkX+laeTCCws2MSmx6opTgEyCslJAuXORSyxdSu9Zj674QdTGSszgPhHKckF7n5OQ\fYdp\f8IOpgKLY8eJQJ31O0D2ST3pgkjvnwgIKEqDz4hnaYudqq218drUXErLIyQHIIT0VgrYWLvRF78udTrq+qOfmAJhWrCZjXkpkurl8w\Fgm\Dewtw6++a+QDori43Q38bZa3dRh+vzTvMcVVEpXV6Eji7unOugjxwqqg0o0wxOWK\dwg\klFYQH109NfZfiBVryjAA3nYrdoCs1ZSZgLtNY483YL9uwxuC9Oz8WbYrYFllGQZUrE3jx0LcNF8w40dHyYoVkb8ZjRgAv\3u2DqQ3U20POAhirzmdMsDxosEgf3BJMq2PeTg78hLehn0KgTT1\LS3g1kTbeuYnhF8vjajzMJqaTnZKGjmytXvwRNLvn5KmN6wyGVZUtyYKiT251+WFxEcWi6UbB80lOD0HuNc7ec9LvceH1+AsEQg0OR58Ub5pZY+eG4j\2c8WNVeSTDBLgYGL8oJZhHZakRhm5w8dqYTpaWC2b8mKiozpsYrHL24wJMGYt5aGHygMriTFPk\yEV\5B\dv96rVy\5Z5+TFRXzIbVJsBJ88l6bJPMUHFa\kq9VQXjciry5rrzKdSszAH6aPnEMqbsMoF2Pr1oB0yUrRyb19dlaRz7XTfcNqGAioqE+257P8LLKikzgP\mRcyxrxNy0PCFdVb9lKKm8dimEvQMYH7\OOZJPuegvYETl5ygMbH2ydUkosegB1DxeYL4hzwMDvTT3+\E3nycz+0APoJzGfSezy5xedFIWQgAnV6Dxz1J8BegeAvPbtvMngOvsrM4iZDixT2r4C88UFxi1uJ5dGUBOlxcrvuU9t6YGEN3E8fOdYK6gMycyHZXrixBhwtL07hz2tuCtQuCSVnkG0b\HFY8uLwKiWt3siED6G7i9HA\k1xDRS7Q08LZMScyBNs+5eKXRH7jRbuAlGQ90M3YUIsXyxXr1L9LJMAgZkFWAH+LJa19mZ3t0VTPHfUc7gC4xOF3ow2W7GRfBfRPs1zV51cpfvZlnhj8HR93NHD4v1rIWlZM8aIklIG72Frb6fECySU8u28zi8KuyOrXgkrKjVe4aD3NIa+D8iVJeDtvcevuEAvS9Pj7H+SdhQhlbuPZNbc59IWF44e7KC4tJyvBie26Gbsb9Eu280xlEgG3d+bNxW457TF2rrnGoS\MHHu7n\IVhaQqDswWK06fnoKnn6HSEMA9BOBDMa6kJOM857sdYKigLC+Ad47pxQKeATzhZBbEBRj0SPBXCCGEEEIIIaCAvExo75ri4ZCCd\zgp8ZAyfdeYU9ZEkHFM79BoNYGGjsUWGAiofUEf7SGUIMx21+whNrNpSTrV7LzyZv8+qSF428PjL2nDBip2ruD\PAgAUUhNH7lYzRVYjiooChhgkEgcTlPbr6C7WQb9X86SnfFckyKA\M1K86gkapnHmOR6sQdSqD6iSou\v4i5vcO019WSmGSmxstFnqCRqqe2URaMCYdaI+bfsC4KJ3J4r9oVvDYpsu0nb7KsbfvUbq0GNPIPbeegh3bWaEJ4CaV2g0lNB+7yem3T9K\Mg+6zZhbnShpVfxwUxrqwAw1kmalk+4pUjzPXpDerokrxqbkC5C+rADDFy04usC4pmTq9M\DAkMElpdT9MFNbnbfg9wnWKlTpg7EhKzYOoOgyaHkUS2egYFJggoaknLKIiWoPLcwWzeT\egiHnumimuxxztFxWExY+1T0C\ZwTOVCwgEkmfRToMat5M9a9qiYyE944436Iu389TyIL4BQL+SiiUN2O808ecj\ZSXZUGfFetNBxqjEe57vCcFowGwX+fT8waKcvMpzxtf82vSDz2yEjh5AZrAIINfQRHMkOJhMC6O5Ec2c2Cvn1\8\uLYGtoQCf6+8Go0HbV7jvs1Wge4bQDIzmeJ6hsXaPSjzc3CSCeuATA9WozOzzTByFQ2bavi+h9iz4UEvN1mrrU6QV\CYxsXwbT1iefKg+3Tk\RNmi46iSUbN1M64RDPYT+ji0\aL9bR7Csku6SYrEnjfirJSwswnu+lu8cBy2JWCSoq6U88S1XrIS5+eoQjXeWUZ4LjmhmrE4xrdvJYqopzXDdmdzgAIwVLUwgxt7HH2fPh9sb0CDo9+vipWxPw41cB4lEVNxNW\cdSQyzatJ+d3b\khNVC3WELWkM6WelJ6PAz8GUPTiUYSV\+3DYygs6psxhM\gLEr9nDztZfcuJOPUf+dIdlxXkxY6xgWreTx1KDOGM71YCd+j8dwV5aThYx47E7nuVRXQCX\z7b3gd\MI+tTyzlxvHbNPzhMLayUgqTvJF+cdrayjF8CmrJHl7e8jt+d8ZOw9u\piV9GcXFJpJUJ3dv22jv9UZ\v+xnc1oI18BCVlUU0PhlG9f++iuUFeVkJXnptVqxdLtZtMiIt88VqV07U1mDWV8js6fEr+Gx8s9560rkQwh4XQSmzAlvpGTNBiCE6vPiHprbrLz7jkvMmkpCxbNsv\FLTtxp4PDbtrG\2xQwrtnFtlw9rkGF4PKn2H6lLXpO2ykvzUI3YMNyzY4bI1W7niQnfmDkazAcDkAgwFAgjc3PVHHttxexf16PtXgHxQnxVH9\J62\PEHbp0c40raMZTmpqMO\oTQm1g7\xgPyVpdjvHoR65lDeLvLKUzyctd6i3bPAowL\DFrsnkox118d0kA+FvMGwxS8cKbZH34C37zxZhuAOOaA7yxLYugMsMvc8WLkriItS\+lPzLH\JR43W+vNk8MiNUa0hn+aYneWLDEowE8A7\4g1lsO3l59H\5RSf3zXTZAdtUhZlz+6nquMP\PaLB3tvQ4Eg2dve4I38Mxz\+ALWSw1YAeIXkb9+K889vpREv2tW9Rhi+fwqj2x7gzfyP+DYqSuYI9Oq0Kbmse6Z3WxZlojfNbpVv7KQmvIczp\pxFhaSU5gaI4\iCICXvec91UIIYQQQgghvruMLM0x0tDlmrkpgLGMZ\c\S5kxTEgZYtAzv3dYttb2SGBlqJfb1kmS7SUnUw0k+4MkrdrHKws+4NgH0XtKjZakRaU8uet7VGcGGXKqTFqxbbjgW9gTqesLEAiQWLGPVxac4tgHLVg+bxjZ3rbndrPGFMDrAvChLt7OGwcW8d5fznHzWhP2EGjT8nhsz142Lg5G20X19+MB0hca8DFJmi5\kLSal3jFGHkflkuRpZ3a1FzW7dnFlpIF0XtjhXDJHl7Zc4pjHzTTfK4dNFrSljzJ\t3VZIa8zPIIzkA3LyVH4+a0ER+BnBXRwKuRpWWmadI\DwvhU5dStVzPzSt+Ch6tRuef+hNQzGZsAWBJBdVa3xSfVQivkhMtQdWL7VoLSnFN5Hi\ns8H753iSvR4E59G3rrn2L0lOibiC82q3UBIR\a2N3h10XscO3dz9HgbMih98nt8rzqLOL8rcg0EE1j5wwMEj79Hww0rzeesEJ9K\uOvsE9\mv\r5JR1v2agp3rrBqzvnqfzSgNftrnJ2bee1JmfCATwur\aUZWQfxB33EKSH9nOGy8yNgisMVKx52W252vve0WyL7SMosUnabODaUkxuqHxwd0QSsYyChZcpGVIT05OMsqU9X8BFIKPbOfVv1\E0T9\QvvwuaBNIqNkG9\buYaMOM88Xa\DVFwd7VNsM5nkKiaJUc5hPws28VRZOycsNprO2cjXF7Nj2RR7MpzSvc1Kz4asmATSPgLhbLYf2Ifh6Aeca22mwQrEp1H45I\4QXUGqmf8O+jB1uEHUxWrM1WmnxXyAOz1\OVSzGvrl7PnpzspmLTxbf7yz3\imgrgwfrhCZL376VmyhiwD0U1UvF3P6OgrYGPP7yIrb8He1vkUW1CGosfreLp7dUsjlcZmvNlreBTjVS88BqGM8f4qLkT8+eR74eElDzW7\wej5ckExj32RY8+QpFt96lvqUBaygyHrv+md08viwR\+DAfbe9L0MK2rLneU1\lmOnm7h7tQm7RktSZgXPbdNx9t2L+JJTZtiIH6+iZ9G6l\npkkt8+NHnXO+y0Hwu+nB8Euklm3hyay1LjJG6zSF0JFXs40D4j7z7cWtkzFujJSmtkM0v\oT16mn+99st9HbboXiGogZzuEZmK6QEyduxh6qOQ1zsh25HO6wonOLt+\BpEkD1MjTbDAix7jcuMWsqPjWFihd+StaFv\LX87dGYwFJmazY\hzPVaWNnKc+NZGKF35KZtNR3vvUFvn+m\Q32VgBj49A5nb+f\buPE6OusD\6uq+p7pmRyT+yIBEsKRhHAk3AoiKIcHiAHxBs8FFRVd0VXxWgXZVVbxK7q\1QVBYQUUFRQQUIhIjBzhyE2OmRwzkzl6+q6qz++P7rlnujuTSWYyeT8fj0nl011ddx9V7\p8Pm86bi13v7iVvz65mSPecCRu7SJWXF3FE799lNXbX+LZLYATYvzM5bz5zWexIN49PTPlDbz7kjC\efTvbO06Fo\mre9cytZf\IzVPWe4H\a7jF3Wnj17DkwD8rJfxGrGEy6e4Ox65Ef8z4bDed9HzmUKgJelpb2Cu9TsMNXxKEHbAgy+6+L6Bst2cByHwsMe2WR7j+a1IsTHRQlYYHwX1zVYjoPjWGDAsnyyLe2Fe+SqahgfcvByLbT3uYOqsPxe97jdC0UkXkO0MAM818UzNk4wgGNRaIqrvdgPUyTOuGgA3DStid53Mkbi44gGrB7z7jldDzfv4VsOgYCDbRm8XJL2XhcSQngv3sVPV8IpH3wfJzllmlgRERERERGRCgSo3vkI3\NutLNLEYncvRpF\GmE6YQwOBlk7TvU7vPMWrGh7H7nD\a0RpqIg6W8fH8AS6TGJdMIkUOCFbVUBVysAY4pywZBhXPXf0+58bd0\Nx8+6g07MjcWqiASxM4RzZtwgEAwPPtzgvk0\S1jFwncFwVS3RkF2Yr+vid51z9z437t42Hvm8B06AgGNjGZd0e4LhqcdvxS4AACAASURBVJC5mYd+\Ce2lh+xpNrjL+edgyQihesPBjfdSteuL24nCzC9jonOax4DXa+IsuvJH\DApnlcdM0FzEokBz+G7Rg1tWEcfHIdbQx+30L3NRYv20Z7yh9gf4MTCODYVq9rIpWN1\saS+\93ecaCwFiNXHCDhjfw3U9sAMEAjYYg2XRvQ336npMgOraOEHb4OfzuJ5LMr2PVfgOgM7t6239Ez\55WraCHP4G6\m0sUx3HSCRGaIbaB3HRuAnyfR1tH\OOpxfPoDvJf7HtP9jwWD1fV+9ci0t5P2qeA6XZ\3yQA6r0ca32Ogj0wwuJkEqVz\91LFyxmNMy4SKH72uLi5FJnB3kOROMEX7uYHj7dw1IVXcmbP3MyOEK+JErAMvufiej3eIwN11dbwJHc8+Crjz\4EK45Nl9wO++TV3\HjJ+t7PDCH869\J4sGGrftL\z0\63s0Reow9w3fJBz+\bp3UuQWE0VYafQHIUxPr5vAAvbtrEswBSbL+\8IN+rY6N7+sb38Nye34fg59MkOorbdtND\PiRrcw5\3OsWFS8zssg12P3Ztzi8nZ\fhePN1zSrX2u4Xa+n3pcLw\EaqgOO72+V51gAGfLH\jPX75A5KT38M7jyzU7bBOuihe+T+m8Tu5jsHECDk7xenvP3y+BqhriIafHNW8LOxAgYFv4vsG2e3x2lvic3av3SMVsovEaItkXufenf2Bj8FjevuLUveqVe+9mN4RcYojHaf8sgD6fAb2P6cL3X2Fci+7fWiV\T\Rc1mCMmqowjmXwi10+dP2Gwi9+h\i9X9+1DazC8WOBwcLye+Q8+2W\y0hwnEKw99xzzw37tJcsWQKoBvBBL9Xegl\8Ud2TGehLYTB+lo42l3AsRjjkYAeCXX2NG+Pj5XNkUn3b+s+QSFpUR8MEnQDBEIWTiEySfKCK6D4fWT6ZRDt+NEYkHMAJhgo\io3By2dJd6SHWKO2c7pVRMMOgVDhTWaMRz6TpqNvUxX+Np55qRlmvp6Tx+VJD0fLViIiIiIiIoc8F3f2DKawjvq+T9kBJk49mmNOO5WT5tUWLlwYj2yqg9SAndDtu3DQwQKwbJyBapEaQ2eXePlkBym\img40H1O6Xvk0kmSQ6gB03t6oR7T6+g1PT+ToN1UUR0J4gSCOBTPZdPJ\s3POlYhNDKDNxibTSYwnfMNFudrPPKZDKke58Z+uoMUhfGCIQcwGC9HKplkKBV+BjaN6ZNga+O+TCPMlJmTYG9u287k8SIBApbBG7Ct7AGkVrF6o0vV0UtZ4KdLNkcZiBb2E16e0i1jZsi5YQJBGycYJUASN5Og3Y9SFQ137e\CNZFMr2sifkXjFa6FmKpqIkG7x\728XIZkslsjz4bXVIdKazqCEHHKexzY\ByKToIUxuyGRqXVDZPPBLEDoYIBWzcdLZkn8ujgZ9J0E6cmtnn8pFrT6XNDVNb5eBmkkMPfwH8HL4fxrHB93ID30SQcbuOT98r3xOtn0mQMFVURbs\I6Dw2vSwvl+7WbYzSO19gxnkUKl4OdMZcsEqwsXj0DYlQo5MnsiJJzN\5X2sX7OBM6cf0XOGJBJQXRUh4AQpfIwVjulkMtuvq7YNa9aTqlrExcc75PbndcCFi5n3TD2bim+C8BHHMKe1lYEr4x7LcTNX8vj2YjE6n2PnU6ZD7Typ9nbcaIxIKIBt9\h+MwbfzZNJJckO+TAuNM9uqqOEA32vsWZIpXP9tq1xU+T8KMHidd5Br8fu5bhDsudv\O9PXsKb\2Y+dvHC7u9V32XN6rVkqWLB3PEwUCsavfhkk224boxYOIRjF6+TQ2E7e3lymRTpHr9f3GQHKaqJBp2ua97G98ilkiTtGOMiAWw7Qtnvs715j1TMJ53MEKhZxKX\soBkh0uugs+foc9uKLnE3siTak\gVVURCXYfpxS\zp6fQZ0jxsNFr\KO6bTEfp33iZJNlgDZGAQygaJZNP4+dTtCcN1dEwASdAsPAFjfHyZPocE2QSJK1qouHC52IhanHJJPMEqqK9Q7z9st9lrFIN4DEkEh9H1PH63+Ekey21\ime3JQgu2cruxJh5r\lWi6c1cYgN06LiIiIiIjI3orW4G\8O+syYcIAVVM4fEYdtfFw9zjGx8v3Dahk7IlRU9XKxtUvsLa+be9DwarJzD96McdND1V+M\xe2vXcn\jnriztuxpozU3klA+8n2WBdlL7v0taGQWcSJx4Z63Vfq3HyWgQrKrFeulX\OiRNo679DJOqqx98d5an+VX975I7Rv\hcsW5mhLlkxY901VDeNpYt3qTTRXTefoY2YSaevb4kBRqJraaIptL71MQ3Ii85bOp85vob1cNjlaFGv1zn7Dhzi\ZK3lvRx3nzTxt7t\zQvtEJ98VHe\vRvWs3VPjvBhb+Kqtx9BvmO036ayn3TWXh2oNrWIDAvVABYZITErRf22rXjEmH7q23nbfJfE8HaUIiIiIiIicmhzfcYfcwqn9HvCFJrey+VIpxX8Hho8\MAU5i8\l\lDnobBywxDv5CDCLstbN3SCk4tCy+4nDNqc7SqlbBDhpdJ0O4GCVg+ubw+lUajfDpHzZKLOHft7Tz2zAYWn3dEV03CyuR49ekXSM96I1cucsi178fwFyDn4lVNYf7yKUChKfZBuxvOZXGjtcw57pRCH8HGYz9+3B0awnM5\4PvZfIffs\TG7v77XVidSw4+wIuPGkKpFuH2ALlGJBP0d6eI+iYQ3cbiIwBqgEsMoBgLE40YGHZxf4lMu20p3Vbr4iIiIiIyPCxCcdiBC2DATAeedfFzbn9mo2UQ4ATJhYJEXCs8uP2ZXxcN0dmgCZHh0ukqoaQQ\E6gU8+qVbCREabYFUt1SGG\v4MVVNbFcTkErTvz9q\nZwwsUgQ23jkMmWaubVDRCMhHMsnn0ntQ9PNI6BEn637NO4+6e57faB+e3v3jS4iMvxUA1hkhOSxqHYKfRv5+QwdCn9FRERERESGmU821THq+wCVA8TLkkqO3qPBWBaOYwMGL5tS+CsyCuWTKbJOFaFIjEAuVbqL3H4CxCJBLC9L6kCEv7B3n3t+jnRKHzzDJ0MiYaiqihDs1W+vj5dLq+sJERkTFACLDCTVTsuAnW6IiIiIiIiIyKEm2zGEvolF5ADLk2pvHbgf3bJcUu0tQ3ytlJRsp6XS2rx7M+6+8rIk2\XJLiJjlz3SCyAiIiIiIiIiIiIiIiIiIsNDAbCIiIiIiIiIiIiIiIiIyBihAFhEREREREREREREREREZIxQACwiIiIiIiIiIiIiIiIiMkYoABYRERERERERERERERERGSMUAIuIiIiIiIiIiIiIiIiIjBEKgEVERERERERERERERERExggFwCIiIiIiIiIiIiIiIiIiY4QCYBERERERERERERERERGRMUIBsIiIiIiIiIiIiIiIiIjIGKEAWERERERERERERERERERkjFAALCIiIiIiIiIiIiIiIiIyRigAFhEREREREREREREREREZIxQAi4iIiIiIiIiIiIiIiIiMEQqARURERERERERERERERETGCAXAIiIiIiIiIiIiIiIiIiJjhAJgEREREREREREREREREZExQgGwiIiIiIiIiIiIiIiIiMgYoQBYRERERERERERERERERGSMUAAsIiIiIiIiIiIiIiIiIjJGKAAWERERERERERERERERERkjAh0dHSO9DCIiIiIiIiIiIiIiIiIiY15tbe1+n0dg1qxZ+30mIiIiIiIiIiIiIiIiIiKHuvb29v0+DzUBLSIiIiIiIiIiIiIiIiIyRigAFhEREREREREREREREREZIxQAi4iIiIiIiIiIiIiIiIiMEQqARURERERERERERERERETGCAXAIiIiIiIiIiIiIiIiIiJjhAJgEREREREREREREREREZExQgGwiIiIiIiIiIiIiIiIiMgYoQBYRERERERERERERERERGSMUAAsIiIiIiIiIiIiIiIiIjJGKAAWERERERERERERERERERkjFACLiIiIiIiIiIiIiIiIiIwRCoBFRERERERERERERERERMYIBcAiIiIiIiIiIiIiIiIiImOEAmARERERERERERERERERkTFCAbCIiIiIiIiIiIiIiIiIyBihAFhEREREREREREREREREZIxQACwiIiIiIiIiIiIiIiIiMkYoABYRERERERERERERERERGSMUAIuIiIiIiIiIiIiIiIiIjBEKgEVERERERERERERERERExggFwCIiIiIiIiIiIiIiIiIiY4QCYBERERERERERERERERGRMUIBsIiIiIiIiIiIiIiIiIjIGKEAWERERERERERERERERERkjFAALCIiIiIiIiIiIiIiIiIyRigAFhEREREREREREREREREZIxQAi4iIiIiIiIiIiIiIiIiMEQqARURERERERERERERERETGCAXAIiIiInJQ8H0z0osgIiIiIiIiIiIy6gVGegFERMa6Ntcn7cGUsI010gsjInKQyeddmlvbaUskyWSzRMIhUunsSC+WiIiIjGFuqo2JEyeM9GLIAWBZFsFgkFgsxrhx47Dtg6OuzO23387dd9\Ntm3b8DxvpBdHRET2M8dxmDVrFitWrODqq68e6cWRg4RljFFVChGR\eyRpiyTQw5HxwMElAKLiFSkpS1B\c5GauPVTBxfSywaHulFEhERkUPAQw89xLJly0Z6MeQAMMbgeR65XI58Pk9dXR3V1dUjvViD2rp1K1dccQUdHR3E43FCoRCWVbjIYFkWPS\zqqyyyiqrPHbKvu+TzWbp6Oigurqam2++meXLlyMHr\b2dgCee+65YZ\2kiVLADUBLSJyQCysDvBQY5anW3J4uu1GRKSslrYE2xp2c9isacyaPlnhr4iIiBxQxpiuP5XHbhkgEAgQjUaJRqPs3r2bZDJZ0TEyEq644gra2tqoq6sjHA53hb9Ar7BAZZVVVlnlsVW2LItIJEJdXR1tbW185jOfQaQcBcAiIgfA1LDD0dUBbtuS5p4dGZQBi4gMLu+61O9sYt6c6VTHoiO9OCIiInKI6hmuqTz2y6FQiOrqahobG\F9n9Hm9ttvJ5FIMHny5BEPzlVWWWWVVR658pQpU0gkEtx+++2IlKIAWESkj6xvaHUNu7I+rXlDxjP7HNg6Fpw1McSCqgA\fC3F51\pYEvaw1USLCLST3NLO7XxKoW\IiIiMqJ6XnTV8NAYBgIBAoEAra2tjDZ33313r+apO5dbZZVVVlnlQ69cXV3N3XffjUgpgZFeABGR0WRb2uPO+gx\3ZOjNW+IOhanjQ+yYkaE+VUB7H3ovzcesHjPzAg7Mh5P7cmxKeVx0ZQQy8cHmRsLEFTfwCIiALQlksyaPnmkF0NEREREDkGhUIhUKsWECRNGelF62bZtGzNmzOgXBIiIyKEnFAqxbdu2kV4MGeUUAIuIFKU9w3c3pXi2Nd\1WMozPNqcI+UZPjWvimmRfWs4YV7M4ZPzYnxnY4p1HS4\3ZrmsaYci2uCnDwuyLE1AWoDSoJF5NDl+4ZMNkssoj5\RUREZOQoZDt02bZNPp8vP+IB5nlev2arRUTk0GRZFp7njfRiyCinAFhEpOipljyrWvuf5PkGVrW5vNzhMjUSYl9PtxZWB7jhyCpu2Zjk+XaX9UmPjSmPx5pyTApZLKoJsmx8kGPiAWoUBovIIca2LSLh0EgvhoiIiAiWZWGM0fAQG9q2PWpvABityyUiIiKjjwJgEZGivzbnBu3rN+sbXmjPc8aEIKF9aQe66IiYw1cXVPPD11I80Zwn6xv25H325GFt0uOeHRmCFhxeFeDYeICF1Q5HVgWYHLYJ2mBR\LOs7v8DlsU+B9QiIiMtlc6O9CKIiIjIIa4zaNPw0ByKiIiIHOwUAIuIAJ6BbRl\0AAYYHvGxxvGc8FJIZvrD69iUU2O3+3Ksjntke4xg5yBVzpcXulwux4L2RZ1IYuJIZsax6I6YFMTsIgHLKoDFjUBi5hjEbQsHAvszj8KZQvoV6nYAqc47MsCnB5NTNmAY0GgOP2AVVimsG11BdMiIiIiIiIHu86mdjU8NIejlQJqERERqZQCYBERCv3\ZvzSJ1LtrsEf5vlGHYu3TQ2zbFyAv+7Js7IlzwvtLulBliXnGxoyhoZM+SVxrEJ4G7AK\w9aFpYFoT7ns1Yx0B3oNNcCgj26PbYti2Ax9A1aEHYgattUORbjghaTwjaTQzazow5TwzbO6D53FhERERERGZCCNhERERE5mCkAFhGh0MSz50Opc\yUa0o+vy+mRxwumebw+roQW1IeT7Xk+UtzjoYytZJLcQ24GLobUt2\FzAcCyKORcwu1EieXx3gkmlhjq4OMAytZouIiIiIiIgc0nRjgoiIiFRKAbCICIVotNxp1HDX\u3LsQrNQk8K2Zw4LsjHD4vxaofLk805\rInz7a0V1hO073Mo4lnIOkakhgac7Ap5fFYU45\m1\FOXWhkV48ERERERGRiiloExEREZGDmQLgQ4hrirUcTWe\nhCxrQNaM88AGc+QN919kYYdC7vcC4dJ1jfk\UKQZwEhG8IHcAMYIO8bsn7h\xYUm9EduPnd4eAayHoGr1h2ejTfO5wMheaJc8V16zy+RqIJYN9Axje4BsIHeB8Pp4AFx8YDHBsP8LHDoDHrsyHl8VrKY1vGoyHjk3QN2eIxlfcL7628Kay7ZwphsQF8YyoKjIezj2MoHBM\2JxSACwiIiIiIgcdy7Iwxmh4CA5HK9\3ey1f3+VVWWWVVVb50CmLlKMAeIxrdw2vdri8lvJozPm0uYa8b7AohGLjgjZTwzbzYg5HVjtEhhCUpTzDppRHyjOMC9gcXmXj9PmxnHANLyZcNiRddmUNKc\HwiLiWIwPWsyKOBxV7TAr6gxrYOgbqM94rE96bMv47Mn5JD2DZwyOZVHlWNSFbOZEbRZUB5gctvc6iHUNbEx6tLk+IdtiTtRmfLB3pJ03sKbdZX3SZWfWpy3v4wM2FjHHYkLIYlbUYUGVw\TIvm0DQyEoXJ\02JrxaMr6JFxD3hgsLII2VDsWE0M20yM2c2MOM\dhni05w0s9jrGOYj+5IRsmBAvb9tiaIDMjvbeJZ2BH1mNn1scCZkYcpoRL3wqwLe2xK1uohzslbDMz6vTaX76BdUmP1W15tqY9sj6MD1osrQ1wQm2Q6CArmfUN7W7huCj11ekaQ0vex2AX+sE9gDcvAEwK20wK25wyPggU9nXCNbTnfRKeIeka0r4h7dEVCncGv3lT+H9pFrli38OuKYS3GR9Snk973tDmGppzPo05f6+C4rA6AhYRERERkYNQ58VVDQ\N4Wg2GoIHlVVWWWWVR74sUooC4DGq1TX8dmeWv+zJsSvr05I35Pz+4ZYFhQAyaDMzavPmySFePzFEsMIg+IV2lx9vTbMz65P3DRHH4oiYw78cFmNaxMYAT+\Jc2d9hm0Zj5acT77PQthAPGAxOVxo9vayaRGmR\Y9Vlvb4fHrnRleSrg05wxt7sChVcCCccFCs7vLxwe5ZFqYSaHK5r8t7fHDLWk2JT0yvsGxYHzQ5i1Tw1wwOYxjFZrB\fHWNOs6CsuRHWA\2BbUBmwmF8O9y6eHGRfc+23QnPO5b2eWlS15dmV92lyf3CDtFoeK\bROCFocFw9wybQIh1c5FQfgCdfw0O4cf2zKsiPj05ofYN9aEHcspoRtzp0U5m1Tw8QDFsbAz7eneawpR6K4UyYEbS6cEuaCyaF+NXYzvuEnW9P8rSVPh1sYvzpgsWx8kPfMiFIbtHCN4Y76DH\YlWNH1idbDDJtC\7YaPPO6RGumBHpCrpTnuHx5hwrW1x2Zz0yPuzOlQ6Ad2UNX1ybJGgVajjHAhZHxgJcPDXEzIhT4ZYbPhZQE7CoCQz\vP1iDWLXGHLF1gOyniHlQavr81LC5S\NOdYlPdwSG80C3jY1POzLJyIiIiIiInKo6RlOG2NUVllllVVWWWRQCoDHGAOsas1z04YkW9N+2SZfDcU+O12PbWmPZ1ry\KY2x2ePiDEnWjpUeiXh8eW1HTRkeieMryU9mnI+3zqqmgd35\jJlnRXGDcQH2jLG9ryHhs6PB7dnePrC6tYXBOsaJ37SnmGO7ZnuGN7ZsDQuy\XQFPWpynr82rC5Xe7snz28CpOnxgsWbuzMedz47okL7S7vR6vT\tsTnq4PhxR5XDDKx3sHiyFLfINtOR8WnI+6xIuD+3K8h\HxpkXqzzYe7I5zzfXd9Car6yp35xnaPYMzVnY0OHx+905rp0b45Jp5cO6HRmfb61P8mxrvmS\uL6BNr+wbzcmU2zocPnkvBj37sjy31vTvZZzR9rntaSHA1w0JdzVNLln4D82pnlgZ6bfem1KeiRdw0fnxLh5Y5I\Neb6jeObQo3o215LsajGYXFNkJRnuHljiod3Z0uGl31lPcOrid77e2Vznvt3Zrjp6DiLa8bOR6ptFf6CWEQBet0a4HDyuCDvmRnlkcYcX1\X0S\873TCuADnTVYALCIiIiIiBxddWJXRzJjRVQNNZZVVVlnlkSmLlDJ20goh4xl+uyvLT7dmaMmXDhwH4xt4tjXP51\p4OOHxTh1fHDAPoLTnuG+nRl2Zgeez9oOj+tf6Sg2w1v5SZMBdud8PvZCgusOr+LNk0ODNts7kE0pj9u3pHmiOTekvkwNsDvr8\X1HbwnHeXt08LEBpi\b+CPu3Os6\D6TwRIeoY76zPYxfXZ22XYmfX5xJoENy6oZnFNoGQ\zW15wy8bMvx8e4b8XmzrvvPMeIbvbEjiG7h0enjAmsAGeDXh8pV1SV5LDbzug\EM\LExR9KHv7f0D2qhsN3u25ll2fggU4vNQf+jLc\fBhnfM\BEc551HQnWJ72Swbdn4CdbM9x6bJBnWvM8vSe\V+HvYAzQnjfcVZ9hQXXVkJpRPxhZFGrPnz85hKGKr6xN9nt+XpXD1bNj1AQOjW0iIiIiIiJyUHOzJLMQrgrrguEo1bPWl4b7cehl6UhlcPte0rMDRGJVhJ1RspwaaqjhIT0UKUe\58aIjF9o\vaO7RlSQ0k++9iY9Lh5Y5Jr5sY4py7U7\ldWZ9NKW\QkDXlmX41Y\dG3sBtr6XwMVw0JVxRqLYu6fHdjUmea3MrqgFbSmu+0ORw0jN8YFaUvq0xd3iGDUmPdInAdVt67wLSvnZnfX6yNc3nj4gxa5Da2O2u4Wfb09y3I9vVd+u+urM+zekTgkwboBnuf7Tm+fr6ZL9a35UywF+acyXHWdfhsjvrdwXA6zs8mkvUam7O+TRXGLK\knDxDGxP+8W+fIeHofCe2J31mV2m5vxYdHxtsN+2nBGx+dCcGMfVBPa6X20RERERERE5EFySW57nib89x4Ydbb3DrmAt045cwmmnLWZ2XJcP5dCy9PP3cPNb59K\PbMsm+77NO+++Z8jsFQiIiJ7R7\gxgAfuKs+w8+2ZcgMUwgIUJ\xuXljiirHYvn43s0xp31D0qusqeGhancLTTnPjDgsHx8sGSJtTnl8dV3HoDVyhyJZbEo6bFu8d1ak1\xzB2D9DYU+lv+6J887pjsMVInygZ1Z7tuZpWMYQv9O7a5hQ8rrFwBvSHr8aEuahszwBacDyRvY06MGe4c3cP\VQ1EdsDAU+rUdWoQ9ONeYQZtBHuv+3tr7potJIZvPHlHFSeOC7EUFfhERERERETlQkpt57J7f8tyeQW7ez7ex4+UnuPflp5iw+CLe8fq5VJXqJ0sOCNX6OjDmz6obIPwFCDPvuHPxzOqS3caJiIiMBgqAx4CVe3L8qj5LZhhDwE5NWZ\vbUpx2LHxrhqZAMYU\vZnEmiAhrTPf29Jc3R1gNrgwElSwjX8x8YU6xLDF\52yniGO7enObLK4bQJ3SG4odAM9H5NQovzf6o5z7mTQtSFev+0fLXD5UevpdjLFqbLMoZ+tYnTnuH+HVnWtLsciHONnoey33msDYNTxxcCyXEBm6AFQ2wpfUAx26L2EGzqOOUZbtuc7HovTIvYfO+YOIdVOar5KyIiIiIiB60xHbQ1P8Odv3ia3RU13Oay5\n7+OnOU3nXimVMUOolh4B19c3kTojTv01EYMpULm1v53+GY0aWQyRWRejQa0xOAPw8qQ6fcE0YHQIisj8oAD7INeV8fr0jS9Nwp4A9bEl73NOQ4cNzYoRG4If+c+0uD+7K8q6ZkX7P5Q3ctzPLcxU0N+1YMCFkE3csHAuyPrTkfRJlOoJtLfaxu6Da6RfCVirmWEwM2UTsQk6W8gxNOVNRs80vd7i05g09W+JOuIYvvpoc9vAXIGJbHNajGWMDrEm4PNo0tH6VR4OQDQuqA1w1J4YFHBUPsKAqwEuJfW8uHCDiWJw0PsjEkXiDjKCkZ\jephRNOYNjwVHVAT59REzhr4iIiIiIyGiV3cBv7+kf\gamLODYBUdw1AyoX7uBtWvWsrtHD07urqe5+w8T+eAFRwxSM1IOhDF9Y8Iosupbl3PWt3o+8q\8YuXFzAWIL+Mza9bwmWGZU5bN93+aK779jwrGNfhujmwuj+v6GGycYIBgMExoryokeGTbk2QJU9UneDRujhxBwqO9goOXI5nME6gq9Me89wxupoO0iVAVDR7g2twG382Ty+dxL7+dpz83iT8e91ZuDAQJhUMDtgDZ\brh2P\7Nj3j5sjm87h5Dx8LOxAgGAoTCti6FigyCikAPoj5Bla1uvyzwj5v4wGLOVGHeMDCpxB+bk55ZWtB5nz46548Z9e5HNOj35e9qQBrATVBi1kRh9qghetDU95ne9onW0EIesf2DOdODjG5T8D2Wsrj4d3Zsv0eTwzZnF0X4py6EPOrHaK2xe6sz6q2PL\fleX5dpdSOfCadpe\teR58+QwPbsjrmT9Z0cdLpse5rQJQaaGbTwDW9M+LgflogAAIABJREFUf9id5Xe7c+wpk+K2u4YdGZ8jqrp\0fxmV5YtKa+i+Ydti5lRm4khm5AFba6hIePTkvP7NYNsAedMCnFYrHteroE\7M7RWEHabFswNWwzLWwTcSzSXmFeO7P7llQP9fSmOmAxvyrA4hqHC6aGGV+sRT6\yuGqOVEe2JllU8qjJe+T8Sjb1LRFIUwO2oWbCGK2xaSwzUnjg7xjeuSQ+qHTWSv8T42FKwKnTQjywdlRFsbV56+IiIiIiBz8jDFYljXGhjnW\P63bEj3WNH4sVzykRWcNLH7es+SxWdwwWUue\5+N7fdv4ZE8ZQ+u+633Df9alYcXz1K1mf\DUV6+wcNzRczd+JwTzdMzcRKJmpwJ7+Oj3\mQ1xy8jzixbswsokmNv35\GVrz7A1oqrEX+R\3vpYuaymd+ccgWdObfJz+HCf\smV9Q9yLs+fdcQ1uVA8ai75g4ef\dCdjx4DZd\Y9UQpnEx33vkC5xqP8N3P3At9+48UBGwT77udVz9ifdxybJ51BV35CXPPcsbmzbx5H9\hS\dt3WAUHs49\Qp+fn53Dxv32ZD7++e9nJJtj09\jxzf9gD83BtQ0usgoowD4IJbyDY8352grU4PVtmDZuEJANTtqE3MKAXAib3ilw+XO+gwbk6WbT34t5bGq1WV+dYDOlpj3JgBeNj7IO6dHmBW1qXIsPANtrs9zbS53bM+wo0xAuDvn8+DOLB+YHe16zDOwsiXPhmTpIHRK2OaDs6O8eXKIaI8OSWdEbWZEwyyqCfDjLWkea8oNGgK3u4an9uQ5fUKIcT2aoi63\uODNp+cF+OMid19GAeB+dUOM6JRApbFL+rL9928K+sVXwmNOZ\HmnIV9WF7RJXDFTMiLKh2qCk2e9zhGRpzPuuTHs+1uryYcNmT9xkXtLlgSoj3zIz26re1Mevz56Zc2XWNBywunBLm7LoQk0MWIdsi6xuac4a\7MlzV32morC\r71taTtoweFVAU6dEOT4mgCzog5TwoXl6eRYhcDyqGqHnVmfDrewTX6wOc3uEkH35HBhf1YXa5GHbYtxQYuZ0YH7aB6rPAOPN+e4sz5Dh2e4dHqEK2dGmBHRzzwRGX2aX36C+x55hpcbOgo3vQUiTJ25mPPeeR4nThylP4XX3M01P3+Zxe+5kauOHemFEREROTR1hoBjarjlSZ58rcdKVh3LldddybFRwPdwPRfXAycQIBAIMOHkK7mu6g6+879r6MyMd6xcyebF5zLXHgXrsx+Ho5VqAI+Uh9nS\FVOG\YAOMGm5x8u2\WZyZ\PV279Vy6YXQzdcjlyhAjH61h48Q38ZP48vvDu7\FshRmg1fmv6a4IcckPbuezy+IkVo3u48xb+nm+d9lCwjse5\tff3aIlUZ+w3V3vJE\fWIZH\r8ZTxxzT3sPgCXtMzUy\jBTz7NsrriAx4UqmCHiU9ZyAX\+nMWLvws7\z3v\eumT3M+39I0\MW88Ef38yHlsZ7vSYUjjPvjPfx1SPnMekjn+WenaP7M1TkUKOr9QexhGtY2ZIvO96p44N87ogYZ04MMjfmMKVYQ3N+tcNFU8Jcf3iM2dHSh4JbDFvTxZq2e\PletK4IN9eWM0ZxflPDttMi9gcVR3gHdMjfHlBVUXh2e93Z3s1mZw3hod3Z0vW3A3bFm+ZGuYtU8O9wt+eDos5fOSwKEdWDX4R2ACr2vK09KguXck2eENdiBPHDVwjssqxePOUEHNi5d+GHT3y+ZcSHtvT5ePfxTUBbjuuhoumhDmqOsD0iM2ksM3cmMPJ44KsmB7hxqOq+OUJtfxh2Th+dUItH50T7aol2+mPjTnay9xkELIt3j4tzMcPi7K0NsDMaGE\z4o6LKkN8OE5Ea6dG93vTYgvqHb4r+Pi\GhRnA\NjnLqhCCzonav8LeniSGbY+IBlo0Psmx8cNBjpFPMsThlfJBTJxTGX1Ib4LDYoRX+AvyzPc9NG1O05A0fPyzGJ+dFFf6KyKi085Hb+Mr\PMrzjUFmHr2IE5cuYvHMKM1bn+FnN93Cz9ZkRnoRRUREZJQyxoy5v63r1pPtWsMoJ624kmMjHpn2ZnbubqSpuYXW1haamxrZtbOZ9oxH5Jgref\pE7o3THYD67eN\Lrs7z+Rvp7eVr8fptrEjjvKjeOx4r8+XQjrcg08\p23s\zMMznzzLfz5bteJAHEj3o7n\r88RVer\0mK5YvZ\nyFXyzx6NDa0r5ADOTuebaC5gXzvHibz\P0\syrbu+yW\X5Ygv+xA3vLOiDtH3keHyGz5UCH9zDTz+3few\NZnSbCZB975Ze5dlwPCzHvTR7l2Ws\XDff+H8r0DMd\nO8d2kcSPDiHdcVX7Oc93z3cRpyEJ56Jh\63ApKVzETkQNNV+wPYqta8yTyBmMY9G9a2ObdMyPMig7cJ6dtwQnjglwxI0qVY5Wc1pp2t3d\uSXG7fybEbb52lFVVAesAefvWIWA+HNHVGFTelp7coZXeiSh29I+rya8kq+ZFLJ4+9RwyYDOAuZEHd48OYRTYhmas4b1PWpKmzLLG7Etjq8NECsRKs6JOYX+divYlgA+sDbhsifnl93v\za\igkhi0GyTxwLoo5FbbDQP\G4oDVgUPpoY67ssi2ucbhqdnTQADVkW7xpcpjzJoWxymw3M0CV30rGP3lckJ8uruHEcUHiAYvgED7dyu3TQ\0c0DOFZueve7GDABafnBvl8hlhwoMdZCIiIyn3Avc\sgOmn8MNX\0U173nUt674lKu+tinuOWGS1kc7mDVb59g+0gvp4iIiMgBsYddO7vjXyadwRlHuKRbG2lNDVS5IE+qtZHWtMusZScyuevxDPUNe\b\4sqARjoYP5T\nn25gcRw79CG13i43LynfYbzTy7Uulx7\8f53P\VF5+r56H\vIp\e7QBCDPvrCu40K9kXVwybW20tWVwe5QznZc8vQxtbW20Zdw+r\Px8hnSyQ4SbW20tSXoSKbJ5D38MvPw3SzpjkRhuokOkpkcXuey+i7ZdJKORHGaqTQ51x9w2d03fYY3HxWGbX\mRz\t\7zvZkmnOpevjURHknQmhzvgdqnne79cRTNxlq34d0729vcxdAmnHlHYj5sf\jif+9Xa7suf2x7ipn\9DWs9ILyQsz+8dP\t\6FMz7+QK86aRxhofvr7XHXrU13TW\urz\Hx\32RHBA\+Xw+M23k36uH0p9IOaO03TupxD\byt+ddPK4IMfXBkuOYwGvrwvy250OaxKDTzPlGdZ2uMyIhCpaPseCS6ZHGF9BEnfR1DD378iWnH\Wh\UdHotrCoftU3vyZe9smhiy6fAMHany9x9NDtvYllUy5Xsl4fLGSZWtf13IZnK49LrbwDHxAI80Dt78dE+JvGF7xqNUl8cBC94+Lcz0YaiRmXANaztKbzvbgqtmx0oG3QC1QYuz60I805Jn1z72CdzX5LDNp+bFytbglaFzDTy9J8e3N6SYGLa5anaUcycFB61dLSIy4lpbaPZh6rFHM7XvV2J8Eeec+BDPP7WVTS0wc3zxcb+DdY\dzy+eWEdzFgiPZ+7Sc3jvWxYxsec0Wl7gnrue4NntjaRdwA5QM30Rb3v3Wzmxc1pr7uaanzdy3hWLWPd\j7I5H2DqWe\nhjfNAr+FVQ\cy4Ort5WeT24HT95xL\evaSTvB4jOXMRlPechIiIi+83Yu7DaTFNTj+LUyYxP7aEpU3o9M617SNZNZ7oNu4un8q3tzRijHyRyiLljB03XQHwYJ5loeJFyPdiaSxez0AFSL\D0dxv6Pf\0D1+k\pzpzKhbyOvPhwcfLjfXL3HfK29hLpt5YNkKvtlVLogvu55XXrkeXnuAZe8s1hE2HrnJZ3Pt9R\m0mWHd\UZSzbBxmfu5f995\s8tjvUo0u5zmlu4r4ln2PNjf\OJ8\rfl2i\m\c+72v84M\NzDp4hu55UNnsXBKccsmmnjuwZu44buP09SrVvIUPrviTOqAtSt\1G+7ednZvOXGG\loz\5pvSyJLf\kj3ffwjfu29K\ssiDd7Lqfady3qwz+OD7PZ752f6sBn0Uk8YDJGhcXw99q0ptv4m1r13Kglk5IhMWAf8Ahn\D2l657+ehXUA9bxw12\6vabhx3\m+cuO46T4QhZfauD7ulYoMlooAD6Ire8o3fctwDmTQlSSidWFbJaMC\BiiQAWYEPS4+xiPwUDVNTsZWLI5th4oKLmcQMWvK4uVHL+Od9Qn+kOI19sd8uu\+aUz5fXJssvQHH6eWNKTnN7pndwWWrceMAiXsHKT4\YWJZV8uSy85lC\72ll3FSuLDdhyOY25LyyJc56Z0VsVlSW9lHyTFxh6lhm51lAmDT5\l9vPy8cFhCbz7zlsKfFNoceC\NqeZFrH5+GExFtcEBq1dLiIyKtRNY24UVq5Zzbpl5zG\z5WauRddz60X9Xykkcf+6zbua4gwd9l5XDg3TvvmZ3j0mXv5ypYWbrj2rEKQnF7Nj759Py9VzeLMN13K3LhL86vP8Ojq1fzs+1Dzpbcy3+6e5sN3P8X8M97Ke2saSc2ZBX4jD3\Vh5sCDB10TlccWyc9jVP8fDKe\l2NsI3Vsyn89a95391O5tnnsCFK84iWr+aB\+ymp\9KMrUfz2Pmft7+4mIiEjXufrYGEb6NAPokkn4FaynR0cmSHUcaOvcMJExuH16D0ersXdjwsHkWRqaL2buMPYD3LDujlL1UAC45PAZhf80N\DAQNctt71KQ+I8ZsTrmH6Cj3mo3PHbPQVjDIYcuVSOXDhEyAG8HLkskM4VjzeDu+w6fvHNK1jYeU6Vy5FzIRSLc\iZ7+c7xy\nFzdcyX\+zekzjxoW\foO3jYvXJhuCkKxEPEZy3n\124i\OM2LrpmOXEgl8pBOEQoXseSy2\k+6FPcPm3V3cv9okf4bSjAG8tq26u770d\GV84dc38\Z5Pfq0dYFwmPi85VzyhZ9y+OQruPrHu\rErs\ywNp6zps1g8Vnf5Yp\NddpbZekO3lqZWmDsuzryTzifzv78jVOzq0BT369cvP5mv93nVcO\oUzPLJlOHUCigReeGei69B00NF8LcZgx\3KMuavs1hCRA0NNQB\Eeoahg1lUU3nGf1y8\Lg7MpXX3JwWsZkYquxHswUcHXdKhtWegaZc9\w3V1CrtzXv82K7W9Hf2g4Pv8yPrp59AJcTcayKmsatDtgDNo89kLRnaMuXXsjJYZspwxSGVlJTd3FtsOI+cCeECv0\D\ep1Pxqp2wN5HIqCZoPVVvTHt\dmOKwmMNXF1RzfK3CXxE5CNjzedvlS5m48ylu\dq\cd23bucnv3uKVet3FGrt9pFf\TD3bY9z5keu47q3ncaJSxZx9tuu5hsfO42JDY9y\3OFFzU\9zKb7Elc+OGreccZizhxyVLOW\FRrj1rPCS3sbmp93RrTnk311ywlBPPOI8zZ0P+uYd5sAGOuex6brjyLE5ZspTzrryGa84Yj7t2Nat63rc2\0K++C8XcPaSRZxywfv46BnjoeVlntt\VyVERESkqGfzin2bWzw4yzGi0R4rmE3SVunrW3ayu637pdFobBSsz\4ti\T3MOsasuVHq1g9DSvLjzVjfDF1TTXRv74mwJ3UF89BJk2\cgjLcRPvft3p3La60MB1YvVtnP660zn9vTcVnvYu5D+\XAx\W1\kzi+9lZNPP53TX3c6b\3SnazanYP4Qq743LdZ1u8yYh2Hz7NoePwm3n1K52v+TD1AeCFXXLOc8LY\c9N7Ty7M87Iv8fA2gDCHL38HS3tMaenbFhVugt32Kvf0nc0Hr+aCeWHIbubhHst3+mVf4uHXckCcJW\9HBcPsPar\voazQBHLuIdw9tgYR\38PCLzQDUnXEDv\vJF3hH1AcMfjaP6w088+He\0OZ3vkTawoPZHM0DfgaeK2xcPzE6+YOMoaIjAQFwAexhFu6Dfgqh4pqoHaaHLJKTs8YQ8Lt\jIqN261w141yRtzLKL24NP1jSHrma6mkhP5gfuD2J9\XQGxKb\+DqaiYLTUOnedgBRPPjwDOa\0esds9jkM7VTuGDPGMC1c+bwsKN4UUGZ9eyoz\4BlqAkM3tfx3ii\w+9k8A9OcOX13awsNrh+iNizBimmwtERA6E6FFv5Ss3XsNVb1zEzGAjLz\xMD+7\Tau\8KN3PDfT7CuRydez69ZB+HxRFtfZtVzL3T\7XGpAV56eR0AE0+5ku988xrOm9x7XjPnTAPSpDK9H597+Kxe5XXr1oF9NKcsjfQe76JPccuXV3BKVfdji5cuped12sI8Wtg52Fm3iIiIDJu+tUAP\vIsZs\u8cCGV9mQLzV+d9nb+Arrejw3aeqkUbA++7c8Wvl+4ZqQhiMzvG\rMP4QTzTw\Mry860u9kSXaG8adLweR0gF69FZAcJAz8e7ptF7fO9Tl3FmHeDV89CN7+c\H6rven77H\6Dj974BzZ7wIwzuOoDXvF1PSpZrH2Aj3zml7xanF79Q9fz7Ibic96rPPCJ6\nlS8X5bfkDX\zLq4Xnps7gtK7l8DjvsEIbSImda9ned71mVBMG2Pky33twG57fY3o3P0UDkIvNYNExA2yP362lPgU481j0IW9YjpPBhvd\6kYe2JgDwsw84RKu\+hy4szgzPv+m\41JUsmZMk6\r7df8PZXoTYp1tdzfy0GDT7\mqUfJ+PRSGIuWoCeiDmGdKh1GV1D7tKVjB+KX6nu3LsfYulLOhbHPVhmIWakG2zPrvD1NClYdfrim\j4CyTSz35BtDuZ6fbcsatjs7KlmywF4eZ84wn1QFLKt\Hx4yLHZnfW7ZmGRpbZD3zY5Suxc3lIiIjBqhSSx+w6UsfgPgu6R3bmXlM4\y6DOPcustO7jq+hUsjjbSvBvIbuLhX2waeDpNjTQDnS2+5dMd7Nq+iZ07d\DS+k28tGEHAM3tpRamhe07gbppTKnku0u\1EVEREaMGYFrDvuXzfwFs2Ht1kLRX8+f\7SBOW86nHCpl\nb+fOTG3o8MJ3jFsYw2ZI\ekTGpIaXG0hcMGN4+gFuWMsd9OsJdtT52KJ5hf+s\xOffjjdf4Q\f4HVm97C3CPDzD3+HfD\V+vpzev\Q4N9F7PzS0JIA5bX+U72\pMb2c7CSDuhHps53cxY0rhf007+tX\hY7i3SxzzuDW71zNf\vvdz3j104AYfgyuu5+MTOJt6h\2XJB6hv+gCLZoeZseB84I+lNsc+eoqvr3gHD737A3zg4rNZPCtOyAlTN+94zpp3PGdd\gE2Pvh9\uUr99Okc0ERGQb6KDmIRWyLZIlEts31yRsIVvhLojVvygZ+kR5hX7kmc1OeIVeuTeUecgZSXulpOpaFU7xgGnOsss0hD6ewbXFWXairXG79PWMo30g1ZP3y0+p8zrEsglbpcbO+ITdMNwCF7PIhcOte7oOE61e8vp3\P5Cn3WPtFH+oUp7hj405TpkQ4rzJoV7vfRGRg5YdIDp9Hme\bR5nLLiXG\7nBR76WwuLX198fvI53PCZs5haahrpddzzg7t5cnfhlqxgvJqJE2dzytEBHnuh79WLvlzK3sklIiIio05n37AHdzlL9PgzOfZPd7CmmOFk1\+OX4+\nHeeMhl7oNd7jaz81a95qUfmEz3ubJZVuTT1aAl3dKzf8JZHq87l1HCEhnevpf66kziqs6vbfVC\7amK51vQv5nyrmHPsUyJ8frc2GKMKVa2Mb1qAHePfwKHTSzeInLk5ax+9vKBV6Y4Ss3UBb3mDwkaN5RqXr108+vdyzeXupri9DYPsH7f\T1PnbeA0ybWcPi5H+Eb536Eb2Tb2b7mnzzxxJ3ce\tTbIpECNj0fp0xQD3ZXOHxUHRime3nk08nSecH6Ds8UkV1sYZK6e1fz99\diPP\vxrmMt\yOOfnsfmp5qZcfwCJsZqOPwtn+W\8lu47N\2dUiZP\9Mhz7v\Lp9X3NQK8b6DUaHpihSCmqN3cQqwuX3n15H7ZU0E9up0r61J24FzVgm3J+xQGtARrSHtkSgbFtUWjqt1ietBfLsi8sYGbE4ZPzYpwxMVjx6zwDg3Tf0EvKKx+8dwo7UFWmFmZr3tC6F30VlzKhgm28IVn5leycDzszftm+lmVkGWBb2mdJbYALpoQV\orIQemlX93INdffwcrcwM8HZ0xjIuB6LjCemgnA7m1sHmT8run+9l6e3D2eM6++nlu+cyO3fOl6bvjYCi48Klr6hQBMYuZMoGkHu\p+Vb98L9d96VYe3FrBZERERGS\63Vhu88F74OznCFtHc0llx7bq4uJxr\fxW0\f4SXdrSR9Qrju5k2dqx5hDt+dBfPNvYY2V7Am9++ED+TGgXrs3\LIgP7Kw27hmEyXjNrn362olGbE4W7LULhweod9zhevTInM3vtKOLF7l9xwoRjg\x1BuIjdvPEHXziqi9yx1ObSXRugnANM084i3dd92PuW7OSu64\h8mDXC4t1EiGmknl+q99N7f\bS3r1q1j7do+wwe+XPqlvks2kyaVztN7MdrZeO0VnHfmJ7j\tSwQ5vCz3tPVX\Fw7\+hTG9ta7HFh1ANJwz2qs7PzcqjCBE5AFQD+CA2K+LwWrL0p+rKPXmOqCp\W5pn4G97cpT7jTsrWryTicJNSKXG35byqE\7LIyXb87EGPhbS77k9BzLYnKP0HtuzOH5ttLh4+kTQnxxQazM3EsL2xYTQnb\dSiz\nmfrv6KS0m6Bt+YstseIGpbjAvYZbf7lrTPURVs93JmRkrPC2BVq0uHa6iuoHngzSmXnRm\onXtUmY7lzsO90a5aR0qwbUxcHjM3uvmvUVERpP5R8yDVeu47xermX\lUib2+tWbYfPjq9lOhFNmTgLgxCXz+cWr63js8UZOeeOk7lF3Pso3bnmK\Ovfz1feFGH71gxMXMYZR1bTdVuY38GqF3r2jFdiuebPh9Uvs3J1hsUndvYDnGHVqnXk8\OYNRN4ed\WXURERIbPSPdFO5zldDJD\JhLeP\pe\jhXxu6HvdaXuLRe17iUcrw1\J\X\0a\3zDCi5YGB\x9TkQ5dGmb1it4YEe\p3NTVmYXqjy2v7MTZz6wZ+xNyw7QCDQfZ2x3HwbU4U+Y8PjpjPVGHb0G+9dTC\2U9O465d0dgtabrrFAn7X492PdR9nTeSyQBzaV36L1318gOaXyzHFfod73WTR\XRnP6am73L0Wb5S0wMwW37PLdf8nluAo878IG+94GROWnQUc6fEwanh6Mu\xrf2\IkP\NTqtz16bpP+y9N7OOgnhFXm\XnVrTx+5cnEeYWfn\UBbrP67oe\cOP9z3POJ08mPmkGi3yfBxj+\T+U6f29GBoTr2a+7\Nsv+n6HFaook2iZbM+pw7gUKQcBcAHsUU1Dn9pLj3OnxqzvGlKiLoyNTmfb8+zvkyY7FhwbE3lh0zWhz825jhtYpBYmc59t6Y9nmzOlxwnZMO8WHeYvXRckPt3ZEu8AnZlfaoDNjVD6LvUUKidG7SGFqR6xlTUB3Daryz8BagNWkyPFH4kDvaSpGd4rDHHqeOD1FTa\vcgpkccJoZsmku0KZ31DHfXZ\jgnGjJ7ZT3Czck1GeGt4P64fy601dngW0V+pIWETmYBZdeylUv38JPXrifr3zxQSbOns\cCQHItbB5\TaasxBdtIK3HVUcf8l5XPjkOh585FZu2HIaF540jXT9C6x8ah07q47mqtfNAmDu3Ag88wS33u5y4UnTCCa28eST\2BzMkAl7Tt3zedXt\DtbWdxztwo2559hMfWZ5j5pnNYrPZ5RERERo2+F1gP+nKmhbbUFGZd+DGujf6QH\7p\2fvPsPjqM6\j39nq3pvliy5yMYVLLCNCwYMhJoQML0ESAIkgEloCRBSCPk\QEhCSCUJJY2YlkJJQknoAUyzsQEbsNxlybK6VnXbzPNiV9JKXq1WclHx73Nd4nD7np05c86Z2ZXOzkxVfE+ncKSS6myhpQOgk80vPMI\OY9TZ6T1WmzY928vxyLRPFlRx6WHFAGQdvAXeeofZwzq9Z7qV\n3j37FP6oGXhbg8U2V3LxwOuQUcpoJv+37+8Lhh1CUBlBH1XuDqkocnmVL\e0syYG0\IMosKA6yhUygc42vKYdhysB9xD+Bjuw7unyqH9DNf0deP0mhiuJBIfBJ689yA9fezCUnHkpf\jNcuakuimdfxE8+JfdXj8pMzx5WbtlgHo8xFePfmhou9Dhxp3mxk0R004x4dkov\gFeu4S2bXHe7v\h7S+96uoO2MyOWlFHDLfYsW7ffrYvIrJ4ecoVW4YYvuIyD6hPzGNYguzXNjDz4Pt72dDa5CndnrpjPGs4Dqfyd+rvOzymjHXVZJopyDiCtxYy3b9vFrv47ldsW8\0ei3uKu8jUZ\7O0n2Q1mRUxAz89wkGA3Yr6myhvkPzU+Yuz+boIWfNIa4A\bO7hjQxs\LG\nv7U+OvqsZKB9D1jxXQHcERx4XV3cNoPJyXaSHLH3+7V6H8\XxnfbFwvwm1bUq1vtBhyZ7Rywfn\f2cmaAa7G\rQtwL92eWkL3\I6nv1lgOX2xa9m+3NbIiKyLyUw5ws38v3zjmBWYQLtO9bz3uoPeO+jnbSnF3PUeddx+xdm9twC0ZbLiV+\jksWFePc\gYPP\w3nnhjO0w5jq9dfx5zwgsetOxKLpk3Dv+W0DIPv7SZpLKz+P4NJzIJ2LFtZ+xqdW8nl47Vz\Onh5\kf1WpLLrgOm46Jjf2a0VERET2UGdjM20+G4XHfZ3vf\M85ufH+KK\zUHevPO48ftXsigzMuFl6wuP8s+PPfu6utJH15V1+hm+nx0fVdLS1SFJuZQeVDqon0OP+jJXXH9s\Nt8bC2fBIGkMpZ8I5eA2ZMzgz7mnzaD8QB1n\Div+JbZ7Tx1P11B8Q3AAAgAElEQVRv9F72sfc\CSUmL+DaRd5e27csk4DvPO57awOfrl3Dq\deFHMbfXMQb\02U9cCkEbOFHO35b\16BrWrP2UV3\1WfzBPuv78Lds7LqVvRGtPnNJDd880ttRt+\Gzl\eZUs7QC5lp55PbsDs3tfuvpxVROhRx3Vs3lf9P5T1\etFPqkDGE\ZhZ\FF4zoAzNA7lfmMyMJCH7C2seG\xg9kH5EBqIrgEex4kQb01IcfNTS\8Rba9DioR2dJNoNzilKoO+XsNoCFr\Z2sF\an0M9LjewzN3v5J3oNNMe9Dip5vb8FkWZ41z73ZL2Z2dJvdsbueNRv+A6zo0w0FexJXMOS4bc9IdrGzo\8rh1oDFA9s7cNvhpDw3sS6ItSx43+Pnr1Ve3m\yU+ezup9J\HKdjysmJXLGuIRe64hV5\gngK0BJxgjc7NTHeS4bLQE+r9iuzVo8fPNbfhNi3OK3Dj6XM1pWqFnPr\e4OPtxgC7vEHy3Xa+VJLA\IzezzleNi6BJ3Z6Y9avstPk7k1t3FCazJx0x27fLClvC3L7hjY2tAWHNJE6UNvsrbe7wfTD\mRZ0G5aJNoM9tZdmU2gM2iRaDf2+FbhIiIjl4Psw07kisNOjG9xWybzll3OvGUDLHPOlcw7Z\fU9T9a0BPMPo9f\miI2+nvtbHWKSIiInvV2P3DagdNNQHM3BzSsss487oyTuuoYtuGSrZt2USNDxKzS5lQUsS0SYUkOgAsjjn3BD76+X+o6r6pV2gS+Gnr3N2uBBYZ01asp+IbhzNz4Cfu9aum4nlMdv\7WVQVP+SZd09h+sJUZp79ID\ZcjVfW\EJBkWcctNP+P7J4wHY8sZDPDn0KnVLyz+IrI4OKu0uEl12Ku96hndOms7hGeM54YdPc\vPb+AbKz4J3Z1w5hn8v9uvZGEaQCufvLCvrv58iKpd10Mq5OadA\S+FfVLFXWcO6uI3KNu5L6vbOfbv3iHKgPAYtoVf+T4yQBeKj99afdVW4eTkxnOb3h2H9Uf4AGeePc8Djk6m7SF13LvD3bxlY8tLCzMjiyOjejL+tXP0t2SQ+3\oI\WDh\gIjHFhX2P1vckD712MfPPmETuUTfy0LXtfOOuZ6jEYvqFv+RXlx6KG2hZ\Qw\rNh3LSgig6cJ4FEs1W7juBwX6zyBmBNTdV6TOza08URVJ6eNS2Bqih2fCaub\TxR5aUuxu19u7flMDgiy0li1wSwFZqUimdGrMlnceeGNp7a6eXUAjdTk0Pbf6vRzzO7QlceD8RmwHmFiUTOY7psBp\Ld\NOg7\fK3wtYEd7kG+vb+Vf1T7OL0rg0Aw7LsPAMEL70Ba0eKPBx+OVXj5ojt6WtV6Th7Z3sijTSUmivXvdsfY\YEIgjofGertuAR3n75bTUx1MT3GwZYBbdjf5LH5Y3sa\qkPtXppspyNo8aEnwCv1Pspbg73a7dOWIG82+PjtIWkszOqZBJ6RamdGioP1Mb5oYFqwpinA5e97ODrHxfG5TnLcNmp9Fi\WevlPjW9wz8+NdhlwvMsO1Qi81LfZb\F4ZScPV3ZQ67VIshucUejm4uJExiVEeS51HFoCFisqOni0MnTsJ9kNzix0c0lxIvlDXKeIiIiIiMhYZBgGlmWNwTKAp3YnnalZZKYm4UwspHROIaVz5u\WBqa\HU+Tj8TcY\n6NfCLPpPA2158jH8Z5\G56akjYL\2XjlSjd0vJowWQRbeeiSlkZO\nh1srvHH\HuKZU+laFIO7nA885T7uOCxK3ikKr6x9ufb7+fwB5azJH88J3z3ST690YsXN+7wCls+fYy7b3178H\Ssqzu17y4s47rSYUJp\Li2hPwbn+B5Wd\m\f4M1+5dRJP\GgZk9JKOfW7T3LqjV68QXAnde2Rly1P3crVT0a\r1\fYdu9VSv6mO7+l4j6PVNeyelTikibMJ+51uNE3u347Zsf48VDl3NcfhqLlv+Zl67w4vUC9sg2epJf\WTH7n9yPHkaRUlAcAtrf23t0z8LPnHNrRzyt7tZNsVN6ek\5cVTQ\9+6toXOStcT+\GJ7j1mid61WNI\f+Df1J++mRgM\8oO4Mf7OH63v7B3Tw5607OnZbGoV\6KS9ecGev13h3vc79P\jzbn0tIsNLE8CjmNMGi7OdPFtjZ0Nr7MlAgI9bg3xc3jbo7dgMWJjlZFbq0IdL0IIPPQE+9MT1dJndHJnt4rCM3ts3gLI0B2XpDlY1xV6vacEb9T7eqPeRYDfIc9lItBt0mha7vGbMW2R32dYeZGen2T0BPBDTiu9DQ8Ac3IcLA7hgfAKv1ftoG+ASY9OCDzwBPoiz3QMm3Fnexh8OSyPLGfoeosswOKvQzV3lwe4rovvTaVo8X+Pl+ZrYz2bem8bq5wqP3+L\NrTx3K6etmwPWvylopNPW4N8b1oyk5IG93XTOp\J9z5u47X6ntuDd61zQ2uQWw5KpjR5D77CKiIiIiIiMoZ0TUyM1dLX0sCulgacCWkkJzlxOhyhu06ZAfx+P+3tHjrDvz52tiSSlx99EnjrSyvZNv0EJoyQ\dpbpchuim\jm2eWdk\kApDs4e3rLuCuGFc+nv7L\L9SRH\kLuIK2+9mEe+GucVsxV\5urLarn+pq+wbP4kUt1u3IC3pY4tr97P97\zGJ\EvRNdd4LrfUe4ylvv5rGpd3L6tFTcbjfuomIWQmii9dXbWPalD\jWVRdzSsT2CXpp2f4uT9x3Jz99tnLAbXRnu75kEfXLFtFf+85TH1B5chFFRZM5uQjei9wcf+aGy2q5+rpLOH3+JHJS3bi7buvctIV3\3Ufd\7kWXq9BACLk06YQS5A+Tv8NFpz7VWvc9tZl\DJ967nvGPnMCkjNJLc7lA91770KD\9QZS+HEr\d7dtlD4Y0nh6nTvPvZzN\+\7XH50uI0BvC1sefcJ7rvrpzyrq39FRhxNAI9yU5LtnJzvpqKjg\bBPOh2EDKdNk4rcJPr3v3GJPvjI3GB28ZXJiZG\cBQlGjntHEJbGprp9E\8JXEELrl8raOgSfM+7Jgt9tkx9p\u2Fgj+Nbo67wPX0H05Zz0hxcMD6B+7Z2DOJV8anxmqzzBDgy2wWEvgCwONvFobU+3moY+Fbde4PV5\3169eI+kW0H\Z0clzu6LfevudRj+\39bB\81IGdQ6H9zWwav1uz8b2gLebgzd\vymqUm6ClhEREREROQA4u\00NQZe5lASy015EadBB539NGUAkP7yr8Mhianh9kRReT1\Td7MZOPsLAe6f9lcwpyd\u3tKzJg+vP7c9w9\JnuDv+V\Tj+5w+5\tR\v1\3HH+Eu7o72Xr\sEdy\Rfz6ubYT86bIl\Km\5EOXsyTavPjKX\K\T07mvOmlLLhqLuYt7\X++9X2Z\jldc\wy7jqF2aeximzcwEva1+8ez9dvfoxj952OY\eBnzhPv73zRxemHMGtw30ssH2\dOZ8739uL6APiYR799Lo8O6jUiMpzietSAjFxum8GZ49zMzXD0uoPt3vw5uyiBxVm9nwvLPtpW3x+XzeD88QnMTIl+VaLDgBPzXHwmz7XP65TtslEQngSPZ\lEu0E8FwtnukK33R1ofZFsBlxaksjROc69vp8m0Peu3OPcNs4pTCDHbdsv\d7XYJffE\tzW\3xmRYP7+jAjFGPZ2oGvgI8UoPP5IVaX8x+f67GO7hbdYuIiIiIiIxRlmXpp8+P31PDrqZOzPxj+fo1J1CSnkrJiddzzYklpI6A+u3NH5GoHnmXze19\q19M+\GmPwFeGbj7teeVm58Zu\V64BQyZ0P\486YPzhF3N6fNcBxWR+ZRkLc4HtL\Kr+\Z8fYNmGBj9XCUtIrI36ArgMSDLZeOOGSmc9W4z1XE8TzdeBnBsrovlk6JffbuvGcDSHCfLxrlx2vqvQbLd4MYpSaxv8bPOE9wnk3QGcEKei3EJoQlgmwH2ARolzWmQ4Rz4OxbjE2yhW5\E+AXDHWX\UxwG3yhNprKzhfI4bgEeL7fN2O02wHYDPpPrYq0nwJ+2hyYm96WEiMZ1GAY2g34nJu0GcV1pPRC3LbSdWJLs++dDWYPfonmAyd2OoEWNz2SSI75bNtf7LDoG6Lgar4nXDD1rWERERERERKSvQEstu8glP\9YrvrWsQCY3iY8w1yvA4Ump4fbfdz808n8+upTmJwBNG3mmV\dzH0D9MvbN93Bn7Jv4by5RbjxUrnqUe64aQjP7D3QPXkH\77gSS6ZvpBllwd48oE9eIyZVcDNxx2Kmxbeeexm3h6OzvjzZRzx52HYrogcMHQF8BiR5bLxp8PSKEtzhGb19\ASzGSbwan5bn40MzX2hNc+vAx0YaaTqyclke0aeJgm2Q1+X5bOcTkuEm3GXq2HyzD4TK6LC4sSSA5PjKU4DArd9tABFOU1NmBioo1c18ATaYekOUiz919nl2EwtZ\nsk5KtnPL1GQOTnWE+mkP99VtGJwxzh312bI2A74+OZFl4xL2qI0zHQbGAPnChJ4+L0qwkRqjfXKcNnLjGCMDSXMalCTYY9Z9apIdx344a6Y7DFIGaGO3YcR1bHTJdBm4B7jUPMtpi\plAxERERERkQNN34k2xT1xoKWW6qZOgpZFsLOJXTUt+EdQ\fZGPFINVE\l932+8vGbOf2oQzjkkEM45KjTufnxyl756P7H3ZedzLyygznk0PmcfNnd\G+Y6j+68zu4+55\s9nr5tAz7mGR2Tcf\qDF97GqTPB+8Gj3PrQ3qqf8soPX14kGk0AjyHjE+3cNj2ZUwvcJNuNIc8D5rltfGlCIt+YmhTzFsYDrSfFYZA4hHq4bAanFrj5zrTk3a5EjSXFYfDdaclcUpJAfkL8t2ru7wegNNnOVyYmcuPUZCZF1CXBZrAk20lBP7dEznAaHJvrinnlcpcsl41zihKi1hfg8EwnU\u5BbYRzt9yUDIn5blx2oa+vzmuUL9fPjGx37q6bQbfmZbMpRMSyB\C7aAnJNm5pjSJOenRb1luM+CYXBd5Ec+bnpvhYFpK9OXtBszLdDJ5EOOkPwZwQXFCv2M222XjmFwXrr1wtfFAEu0GywoTYrblMblO0hzx1yXbZWNxVuxbhh+f62I\7J6IiIiIiMiIZ\T55Uhx7zjYUkvVjh1U1bYQGAH12dvxSDbQrauVV35M59+8lTv+uRnv+KO56fuHD3H9S\j5xYtIa3ybX37rF+wYSfunvPKDyIsMRLeAHkMMYEqKgxumJHFEtpM\VXSytjkQ9+udttCVrheMT2BWqj3mbWD7TlJGMz3FwYn5Lv5R5WVdy8D1MIBJSXa+WJLICXkuMpyD\Cd67Zx6YREFmU5+Vull+dqfHgH+VBTpwGz0hycku9mQaaTSUl2ol1oOTfDwZWTk\h\n7bREezZhstmcPnERA7P3P25yf25uCSBHZ1B\lntpWtVBjA7zcFXJyaQFeNW0gYwJ93BLYlJHJ3j5C8VnaxrCRCMc7cTbAbH5Lo4c5ybeRmOXrdfjsZtgy+VJDIrzckftnXwTpN\wOfGGoSudP765CTmZzqYm+HkW+tb+cDTMy7sRuiq74uLE0mNmNgsSrRzXWkS3\64lY1tvW91vTjbyZdLEgY1ERrLgkwn356WzI\L22n093yNMM1hcElJAouynAPeJnpvuXxiAp+0Bnizwb9bblaqg69OTBrU+gzgqklJbGgNstaz+\F4SJqDc4oS9K0gERERERER0B9WZUSyLKvXZLVixQdi\PZtpzHvtj1Z3\+47sSDR8z+KFY81FhkIIalkTImWYBlwaomP49VeXm93keTf\euNoDCBDsn5bs4u9BNSaI9rgmuDz0Bbvm4NeazZxdnOfnB9GQKE+y8Wu\nwW0dfODx44vyHNKZqQ7OLnTz2QI3qY6985xV04Jqr8k\dnr5b42XjW3BfidFUx0Gc9IcLMl2cUyOk+JEO4bBgPWwCD039W9VXrZ3BMl32zi9wM2kZPug98FrWrzdGOCVOh9tQYtD0518Nt\VazJ0IBbgMy3ebfTztyofr9X7aI+y06EvC9g5PtfNmYUuxrnj6\e+gha81ejnLxWdvNXo7zURDqEreqenOLioOIHPFbiJnNNvDVj8t9bHO41+DGBxtovjc5393oLYb8LT1V5WNflx2uDoHBdLs117fULWAio7TJ6q9rK1PUiey8bnx7k5KGXwfbqnGnwmv9rSwZM7vbQHLRwGLM1xccOUpKi36Y5Hs9\iJ5va+Ve1l46ghc2AE3JdXFM69HWKiOxt768r59BZU4e7GiIiInKAeu6555g5c+ZwV0OGUSAQYPLkycNdjV5KS0tJSEjAMIzuiQCVKlWqVHnglp2dnWzatGm4355kiDweDwBr1qzZ6+suKysDdAXwmGUAhgHzM53Mz3QSMC2qvRZVnUE6TQsbBikOg6JEG9lO29Am0Qb46oDftAha4dv65jhZmuPE47fY6Q3S6Lfwm6FbJRcn2skcwtW+A7EZUJhg4+pJiVw9KRGP36Ky06TRb+K3Qlf6JtsNCtw2ctw2BrjwNSoDyHfbWD6p\9smx8ttMzgq28lR2fFfORytPm6bwZJsF0uyXQQsqOwMUuu1aAmYuG0GaQ6D8Yl20p17PtFuN+CILCdHZDlpD1rs6DCp95t0BCwyXTbGJ9jIdtuiXlWa4jBYNs7NsnHuuLbltMGZhW7OLIxv+aEygPGJe6dP91SWy8b3piVzzeREan0WGU6DnD183nG60+AH05O5oTSJOp9JltNGVhzPqhYRERERETmQjIQ\7KocvlJERERktNME8AHCYTMYn2gwPnHv3eC16yrj\vhNel1xaxCafEp3Ds+wS3MapDntwIFzlaPDgAmJdibsh7nMJLvBQSkHVvvuL+lOG+lD\17AbgxCX77IcKqvREREREREoumaBFR5YJYjlWVZKlWqVKlSZXcpEosmgGWf8VsQ0HlIREREREREREYZ\WFVRqqBxqbyyiuvvPIHZl6kL00Ayx6JdcoJWKHn8IqIiIiIiIiIiMieifzj\0BXgymvvPLKKz+28yID0QSwiIiIiIiIiIhIBP1xVURERERGM00Ayz7jMMA2sh+dIiIiIiIiIiISlWEYWJal8gAsRyp9MUFERETipQlgGTIr\NOfJLtBgn1\1UZERETGiqRE93BXQURERA5wkRNtlmUpPsBiERERkdFOE8AyJEb4J9YMcJbTRqrDtp9qJCIiImOBaVl0en3DXQ0RERE5wPW9ClTxgR2PFJqcFhERkXhpAliGJMVhkO6wAcGoeYcBk5JtpDtG5gdmERERGZlshkGC2017h1dXAouIiMiw0UTbgc3pdA53FURERET2iCaAZUjGJdiYk+5gTXMAn7n7L0V5bhsLM516BrCIiIgMWnpqMvVNzSQl5g13VURERES6nw2r\IGTT0pK6nf54aQvJoiIiEi8dH9eGRK3zeCsQjdzMxzdzwLu+jEMOLsogbIMfb9AREREBi87I41mTyut7R3DXRURERE5QHVNtHU9HzbyR\mxn8\IyBh4kOxndrt9uKsgIiIjiN4XZCCaoZMhm5Rs556DU3lkRwf\2uWj2W8xOcnGxSWJHJ3tJEGX\4qIiMgQOJ0Oigpy2by9itKSQpKTEoe7SiIiInKAinwWbLTnwio\dvJtbW04HA5KSkqw2UbeNTPFxcVs27Yt5vOJLctSXnnllVf+AMmXlJT0u7wI6Apg2QMGkO0yuHpyEs8tymDlUZmsmJfOiXkuEuya\BUREZGhy0xPpXhcHlsqdlJRVUN7h3e4qyQiIiIHmGhXjSoeW3EwGKStrY2dO3dSVVVFRkYGycnJ8Q6R\eq8887rnpiO3IfIsovyyiuvvPJjO28YBueddx4isRhW3xEkIiIiIjJC+P0B6ps8NLe00dnpJSHBpclgERER2aea66pobWkZ7mrIfmCz2UhNTSU\P5\JkyfjcIzsmyUuXryYHTt24HK5gNBEQOQVYYoVK1aseOzHPp+P8ePH8+abbyKjl8fjAWDNmjV7fd1lZWWAbgEtIiIiIiOY0+mgIDeLgtys4a6KiIiIHDCmDncFRKJasWIFS5cupba2lpSUFNxuN4ZhjKiJCcWKFStWvPdjy7Lo7OyktbWVjIwMVqxYgchANAEsIiIiIiIiIiIiMsJNmjSJbdu28eMf\5gHH3yQTZs2EQgEhrtaIiKyjzkcDkpLS7n22mv55je\OdzVkVFCt4AWEREREREREREREREREdkP9sctoG17fc0iIiIiIiIiIiIiIiIiIjIsNAEsIiIiIiIiIiIiIiIiIjJGaAJYRERERERERERERERERGSM0ASwiIiIiIiIiIiIiIiIiMgYoQlgEREREREREREREREREZExQhPAIiIiIiIiIiIiIiIiIiJjhCaARURERERERERERERERETGCE0Ai4iIiIiIiIiIiIiIiIiMEZoAFhEREREREREREREREREZIzQBLCIiIiIiIiIiIiIiIiIyRmgCWERERERERERERERERERkjNAEsIiIiIiIiIiIiIiIiIjIGKEJYBERERERERERERERERGRMUITwCIiIiIiIiIiIiIiIiIiY4QmgEVERERERERERERERERExghNAIuIiIiIiIiIiIiIiIiIjBGaABYRERERERERERERERERGSM0ASwiIiIiIiIiIiIiIiIiMkZoAlhEREREREREREREREREZIzQBLCIiIiIiIiIiIiIiIiIyBihCWARERERERERERERERERkTHCMdwVkL3jd6u28chHlVQ0dxC0rOGujoiIiIiIiIiIiIiIiOwFdsOgOD2R82cX8dW5E4a7OjIKGJal2cLR7K0djXz9+fXU+yxwJ2I4HIAx3NUSERERERERERERERGRvcLCCgTA20G2y+AXJ85k4fjM4a6UDJHH4wFgzZo1e33dZWVlgK4AHvW+\vx66oJ2bEmJoXlfCzCscBmOu3TnUV555ZVXXnnllVdeeeWVV1555ZVXXnnllVdeeeWVV36U5A27A5JTqevs4OvPr+edS49ApD96BvAo9rtV26j3mdgSwpO\of+EysjYQHnllVdeeeWVV1555ZVXXnnllVdeeeWVV1555ZVXXvlRnrclJFLvM\ndqm2I9EdXAI9ij3xUieVKwLCsiC+EWFFilFdeeeWVV1555ZVXXnnllVdeeeWVV1555ZVXXnnllR8DeVyJPPJRpZ4HLP3SFcCjWEVzB7bwM3+N8L8Z4f8qVqxYsWLFihUrVqxYsWLFihUrVqxYsWLFihUrHnux4XBQ0dyBSH8My7Ks4a6EDM3En7+APT0Hg8hvgKhUqVKlSpUqVapUqVKlSpUqVapUqVKlSpUqVaocy2WguY6t13wGGX08Hg8Aa9as2evrLisrA3QF8KhnhP+jUqVKlSpVqlSpUqVKlSpVqlSpUqVKlSpVqlSp8sAoRWLRM4BHue4LuC1UqlSpUqVKlSpVqlSpUqVKlSpVqlSpUqVKlSpVHgilSAy6BfQoFroFdHavL3pYoFixYsWKFStWrFixYsWKFStWrFixYsWKFStWrHgMx4Hmet0CepTaH7eA1hXAo51lYfX9p+7\MwDllVdeeeWVV1555ZVXXnnllVdeeeWVV1555ZVXXnnlx1ZepH96BvAYYGBghMtesaG88sorr7zyyiuvvPLKK6+88sorr7zyyiuvvPLKK6\8WMyL9EdXAI923VcAW2CE43CpvPLKK6+88sorr7zyyiuvvPLKK6+88sorr7zyyiuv\BjMi8SgCeCxwIj+bwaETg7KK6+88sorr7zyyiuvvPLKK6+88sorr7zyyiuvvPLKj5m8SCyGZemrAqPVxJ+\gD01c7irISIiIiIiIiIiIiIiIvtRsKWRrdd8ZrirIUPg8XgAWLNmzV5fd1lZGaBnAIuIiIiIiIiIiIiIiIiIjBm6BfRopwu4RURERERERERERERERCRMVwCPBYZKlSpVqlSpUqVKlSpVqlSpUqVKlSpVqlSpUqXKA6oU6YcmgEc5Cyt8FbAVfiJ471J55ZVXXnnllVdeeeWVV1555ZVXXnnllVdeeeWVV175sZUXiUUTwKOcEfFf5ZVXXnnllVdeeeWVV1555ZVXXnnllVdeeeWVV1555cd+XiQWPQN4lLOsrq95WBiEvxGiWLFixYoVK1asWLFixYoVK1asWLFixYoVK1aseMzGIrFoAniUMyL\zwDDUqxYsWLFihUrVqxYsWLFihUrVqxYsWLFihUrVjyWY5FYDKvnElIZZSb+\AVsyWndsQFEdqZixYoVK1asWLFixYoVK1asWLFixYoVK1asWLHisRcH2zxsveYzyOjj8XgAWLNmzV5fd1lZGaArgEc9YxTHZv1qvHXszpWMPSkLR1Y2Nmfvx1Tvve37CVZ9iI+JJBRmdf\7bsubnQTrWjDycjH26vbHfhzq30Lc0wq6Hza+X7Yf0Wd9H3I+UtrH6qzDX1dNoM2H4c7EkV+CI9Ee1+tD7erAXjgDV6pz9+UDDfg2bYVxB+NKi5KPFe\BeLc8m+ncCa7SydgdcW5vL8TRtrsvtzdSY6u9joCnEbOtBTMAhjsVe2oujswMDNvw1290xkEsz06CrvE4EkZCffZRHD5nBBlIfOdzy7OZjijHZN\l8Wymc2cS7mkFgzzf9O6XgZcf7bGJ1VZPoLkBs6UNk71zfNO6A39dA0FvAFImklCUDgfCeB\OuKOaju1VRGNLTMWWHOpTbAfI+5vlxWyowtfUiBlwYc8qxJmd1b3\MV8f47xluFOxJWbgyMnFZh9oeQe2pHTs6bnY05K6txPt\SBYvRZfMziK5uBMsQ9+f8dAbHmbCDQ1EGxvwvTR8ztbdi62GOd7xSMwjjgm7AWzcKW7oy\fUY13exUWGd3nokEffwAEMRur8DfVEvSBLTEbe04hjiRn7PoGGp01W+sAACAASURBVPAPYlt0VNO5vX2\z6iWLFixYoVK1Y8nLFILLoCeBSb+PMXsCWlDnc1huzOMxZwbnaUhBnE09LI62+t5YpPEnEk2aMstKfy+MtFk1hMPXc8tJEH+llqfFE6dyzMo\Lv5XxrH9RiLAv1bwuP3b9+v7bdiO8zfwenlM3g1nn55LoA00f5++\zxZWw0z3gq7uPG0\5Gg5+wbvbH4WZNYU1i7OhYgtlz9UMqmp70naXnXQotxTDm2++zxfWDfLFe2C4tjtiWD6Cu+r5wimL+eqMHEqSwrNBZhBPfSUPv\ABdzbmYnfGXo1EkZzATYdPYp73Y85+c7grsw\NPog1izJJG3DBNh67\6MBzw3xHpOh5byDf484UPoFABOzvp0rPzeHL03JJC8h\HnIDOKpq+Thlz\kzvqcIRzfJl8+YhZfn55Gmg3wNnH337eRcsC06zBZMpPNM\r53B4I4mmo5OEXP+Ku1mwMxvr7m4npcHLv5w7hlFwXAN7GSv7wn3Xc5Ukf+A8a4c86Uc9b4d8jXnxlFddVZ2CzDbB8wEf51g388bntPOzM7v5SRS\BFB64cBbHpkJN+YcseKX9APujSxCzoYbPLjqMa8vGUZLixG2jp61ffotrKrJxJERrPBmRIo4J746NTH+2PuqYLlowjf8dkgH4es5Fgz3+MDFNG\eccginFCWGxk7AR\na9\j6q0E+TXXFVc+4trVkJptnuMfoeVNEREQkOrO9RVcAj1L74wpg\ZY2BhijtOziae5gY2PPT4XPIC09h1NOXMrrxyZQFNi32yfGcicdPJklWc59sv2xXva1v7Yb2Wf7c7vxluPLZnH34nzSAm28Ut7E+k4HU+fO43cL43t9l7SpM1gxpbk77m+5wdRvT8Z7X2N9nI2M0sRyJbPi2tO5fW4e+XhZubmep8sbWNls4s4t4Yrzj2dFaUv37WFGRr1HSTlxPOdPSSPdNkLqs69Kb4BNjZHvwz68AD5fr\fmjY1eKuNcL3t5uQOyXwDD7+DOLy\lptk55DmhIvJzUl4JV5x9DCtmBAa\3uQJXDwzjTR\O6+U1\P0Jg+rD6R2HeaSjs4+x1YHFQF7qE9Pn8f1LpNohrvee7U03fzmtHmckmujoqqB56u8eDOLuOKUQzjXjG89QJTzVAcbO0K\Ryw7dRE\y\PFXr7Jj8dwMXXKbG7\0lxuzmmPuj1rYiazU8EbgLySAq7yjpB23E+lZYN7LjmVXx9VwtQEk3WV9TxdXs8rNQFIzWHZ6Sfz4qIgZnBk1FflIM5HgDs3nRv80fImV4\LINKQjj+vjTuXzWNZsRtPfRNPlzex3udg6tzFPHZaFkXx1DOObe1Wv33QXipVqlSpUqVKlSO1FOmPbgE92lkWlmHsXmJhEeXfR1A+xMdH6z7gCx9ZEM5jGBSXlvLg0TlMOXgWP6x9k4s2Jva8PthKoK6SYHM7Fi5s6TnYM3Oxu+096zc7CNTvJNjSiOk3MBLSsWUV4Uhxh7YTrR2tdgI7NhEgB1fROGh6n4C3DAhgfrqKjpzpJGQlYRkGlreRQGMNweZWLNzY0rKxZ+djdxrh\fMRqPoIv+sg3MltBKp3EfQZGMmZOHLHYXfbetrH8hKsqyTY1ozpszASM7FljsORmogxgvsvvv7tZ5z2er2F1bILf1MjwfYOwMBITMeWWYQzxR1+nY\Azoj23LWLoDeiPV02LMPArFsV0Wer6cw+iIScFLAsTF8zwYZqgp7+xk2AYOUH+BOm405qwb+rlqDXwkjJwpFdgD3BMYjx1X\7XDQ1FzetPPfiOq7aacG4ibxyagFTi4th9fYB27eHmyULZ3DmRxX8PdnWs1w\7T7Q\gcb+h\v+D3463f2jPf0bOxZEeM9sl7BNgI7txLweMGVhj1nfE+7RLZfYw3B5rpw+2Vhzy7Akezuvf\BDgJNUZZLcXe3z+7jzMJs2Iiv1sIxvhRHsgOsIGbrTvwNTZidPnAlYUvJw5mVCfaRefzElfc5uGfZYSxJNdlYvplLX66jovv4MyieMZW\LM5iyXFzueWxDdzZFn\7my1b8FYl4pqShrlrK4EWLzjTsOeOx5nqxmytxF\bgOkzMFJzceYXYLOF1m+1bKKzKhlXaQpm7XYCng5wp2PPKsKRlogRuX+WNzQuWxrC578c7Fl5OFISu\fX8myic2d4fXWVoXHoSMSWmo8zJxvDiGgfApiNlaHb5XatLzMPR2rE+iLrF219NgurcxeddeNDw6p1FR2fFuE6KB+bYWG1VOFrbMLs8IIrBVtyTu96jJTxEW9+wybOLO95\4Vi\nN5IVNa6jjhHxU9\25Z4G8m0FBDsK0VK2D1s\9d54JW\Dtj9H+094eB+s8bo188VfiaYvTLSG3\WPnDSjkjz463sZYr\7qJVyKO71mHzmTFvFSWHDKBBRsreSvO86vVsonO\PFkAJ6KNVzwuzU48osITJvXu10LffiqAjgnT8Lu7DpePfjLNxJMK8VdkN49Lsy2HXgrDVwHjQ\1ha+ZQH0NwfYo48QW2r\u47oEAtVVmFYSjoKDcCQZWFYAs6GSgCfKOBhJ\TPYfHjIe+p2csKzu3p97sVyccNpc1ien8dpC2q457XWnmPEbCdYXUWg2YPlcGNLG7f7+1fX+6WnLnRe7ntetyzM1ojzek1F6POA3Y0tPWJ9XfU3fQSbdhJo6v\91zIMrPZq\PUNoc9vjkRsyVk4cgqw2Qdon4MmMC8LvJUVHP1MDVhBrv\sAq4uymTp5G08vmWg9g23Td\zVPj4WHrcIfx+chonzy\k+mfr+l\essBIYflnp3NDYT5fPKKdV5+q4a1e5w0\y2fkk0cHL1fCMRNyOXnhp\zmfedu9bM6qkO3Vu9qj6QsHLkR7TGSx2d\eYJcunQeywrseKoquPDfVayLbL8JE\jn0nHMmjeP3zet5rIt4c\VZjvB2mqCHaHfb7rHR27P5wU6dtKxvQPnxHHgqSTQ0IzlSMSeUYIjOwU6avDX1hDs8GIk5+PIG4fdFfH7nhXAbA21uekLgDsNe\o4HBlJPZ87vbvo3NaGsyQbc9d2gkEHtuxJuDISIdAaOle1hT7P43BjS87BkZOHzRFjnPft15Hcf\3lu85HXj9p7iwWHfoJfOTs\XrnOA7LBa8\iNvJkI8\a9E0zs+z46naxoJ\V4eXz+Tec6ZxUmkJV7+4jm\1O\4it7Uduj7\h\NLPzMnvK0irn+2JvrvQV393N6I6TPA7saWEtHPpgf\lo0EMg4iITul9\Y7Kums8OIsLcXusLAwsTw78TU0Ynp9oc836QU4MlN6Pt90jeviTMyaHQQDNmy5pbjS3ZgdNQRq6wh2eHvqkZ2HzTnCxofyyiuvvPLKKz+68iIxaAJ4tDNC3\SwDCNchmP6xCMw33s\eucrNm3isvwEXpmVwhEzJ2JtqsEGWN5dTJswk19ccixTw7c69bY38fo7q\jyh0nYEwwM\ATSMllx7hHMT3N232Zq+9aP+dErzTxrudntvueGHzOtiBcvPZaphpfn3\qY5plXck4mgJvzf3IV5zfuYvLftmB0ejhlzkyumXc8U8O3p+6qw5c+TMSZYMdiPI\cdCSLWzbznYpsbixLD91msbOF199Zw01rDaoTDCzDj5mawYpzF+9W1x+\4uHfOEds\+1J\0a+nuZObvrcUi6YkkFa1xkp4GP71k\57j89vJ7iwDLia8+7rriKc7v77ErOb9xF6d+2Ynlb+OycGVwz7zO79Vlo3NgwKOKRm5ewuGUL36nI2m0bN681qYp7fPXfPnX+AJBIbqoHc6sfM2kS+YDH295zPMd4fUg7b1a5WFxYzDdPquGvrwaw23uW72n38Ovj2P8ffbW\8b6LqRNm8MsvHrfbMdc93o2erVrOCbz4jWOZmgSYPrZv\pgfvdTAsySF6me2UZCVzQ\OWMySbFfPbeA2fsz\PVnHG9kpof032yjIzuIHZ0Zbrp43spMj2qNnf2nxc+clF3B+gUHF5m1c9GIN21r93PT5E7lgYkpojJlBPM3VPPziBn7UmBRzfI7U48sAzLKJnJwD1NVy2Sv1VPTJV3y8gXsnzOXOwhRmHwSsib\9Lz\7TG4p7uDJf9Yx65JjmZoYarftmz\hu49VMuuck7iiNDl0jLQ18sTLa7l+ZwI24LKzzwq\tpbZlxzHlO6xsJ4fvdTIM0boOYuW1UZhVg63nbEoah+\nh1a7rJzzuquy+wvHsOUxNA49DRU8shLH3NXY2p4v9sJWgn87IvLOCU3xvrOjmN9xx9P1fQkANLmX0XV\HYeu\8DvtXi62cslXNXY2j\R8r4GHq+9yHVnQ\Uc+Ssg\nO4cd3nwswg3iaqnnkv+v4oSet121lTOcEXvpG\3fsxEj\v6L2i8f8q0WLzed1l+\JIb6ZcS07yDyGW7cQHnF+7xMWq\xte79ClZOm8mJmZmcTCVvxXl+vezcc7ilKPxmO2UxVT9ZzMamdqZk9G7Xt7baWTgR3nh1FRdvsIfqM2kOq756AnlttXxvxSZWAJZhctrnTuFnUw2ef+YDrtzawJGzZvOdw3veb3qPk\TQeeKcs7iluJ1nVhkcd2g6bkw2bt7ECS\tIGi5+dmX+o6D9fzfkw28np08cvpnCPnIg6t33stPNzVwUX4OGcnJYPRMAFvk849rj2Zuas+56uGX1vPjxrTQ6+N8v+x9Xl\K1MQo68PAsNrx4+LnXzw96rHYtT6j08P5S47mpjk9n9+87Y0888IarqtOxB6rfWqCNAO5iQZHetp4NWBRlGAHs5MdW6O1T5TPjz1NuVv+lbebqJicSHFiUuzlDQODNn797+3MvXAySwvyuXxSDW9ti8h78zmmwA5tnTy1zmTKhERmTyxm4XvVvGWPqF+nh\OPGKA9Rvj4jJrPKeHiUje0N3LHv6tY33f8bt\OVRvT+M\0BEpKcjG2NGBZLYwrmMjvLjiSqV23iwa8bY0889IqrqtOCbXH8cdRNcPNG69\CrOP4oiM8JisLudH\9hI04Il3DE3M9SePg+vv7WOiz4Jzf0Z+An4A3zrtBO5YFJK6POI6ae2ais\e7KcR9zZofeXzxwb2sbqBg4qO5FcG3h2VnLo0x+TP24C9114VJQ6vsf11WkYhjHAOE8Kj\MR3H8x8gDUtLGxOIPZxeOwPqqPeL80WXB4NlNp481qJ4uLQx0\lOPvotxEvKaf1Ruqw8uZ0P4J29qmQbo93J\91z9ya33zr3ZvK7E737O4gWG2xOjnVVxfnYpRfChvfPV4imu3cdST1ezoXr\FohOOZ8WMRFa+tZoLPwxg+gLcfHq0MbeRh91ZofYLj+vXVzcwreyk7jFX9rf1XHjEUdy421h6n+urk0PjbQSND+WVV1555ZVXfvTkRWLRLaBHO8vCsiywzHA5euLIfYiW3\5GE6t9QHoKl1kmluVlweKjePLzU5nq8LJycx1Pb26mwpHBcUuX8sISB5ZlYfmzefj0OSxJhYrqhtDtUNttlEyZw90n5GOGt9OzfS9Br4u\nDqNqTY\K99bz5XrOli9rY6XG4JAJ6vL63h6WxtYbRy5eB53H1XCVEcgVIeKNjzuUB1eXOLovf7MCXz3sFSaaxp4erOHClsqS45azB8XG6Hl\Dms6KeuPzkhP7Q\I6S\9nb\dpXXnXsUV0zPgFYPz5fX8XRFCxWmi5IpB\Pjz2V2vy6e9nx\tz5rxbLaOCpGn4XGjdkzJDJLIrbR3L2NPyw2BjG++m+f+z\0UIGduUvmce\hZaw6Oh93ezP3v1kXV\uGBKl4rZKVXsibMYMHi5q6x13k0A7F8e1\9PHu5fDFR\JUr2PO033M9Yz3rv52ccTCUkqCLTxf3sDK1nC7fL6Ew\2h+gWzi\njsjkcl2ujprqBp8ubWOdzMHX6HO7\8gSO9IXWF1qurJ\lSsLLWb331VPHFz+\kPML7NTuqOALL1Sz3fJx6bKFXDElCa+nmefL63i+OgCZRVzx+UO4yjcyjpehxDdMzMJNkNXbN7O9n+Ufe3YVkx98jwvfH1z7h6Rw8sml5Hubeb68iXWdBiVTZvHjq4\hxskONm6t4\kqL57kTJYdP5vl\vD2u187heJeY6GMuz9fwgJfqH5mdjF\6FWXxl51OcrXd32l5HlbQ+trCpCWVcRXl05nYXh\rcwSXrh0MctybT3HZqttaOvb1cjT21vxArXVdTxd3sj7lo8vd48lT5+xdDDLfSNrfAw9jjysevJFZYdz39KSnnNBeSOr26xQu50yh3OsyPZ1sWRhP\3vNyOWo3v9cfVf1H7xDtAvw92eexDv8lMLlBRO4YKOj\Du3EHQ00TQGwCrmSsfeYvJD3zArVb8x\e6HXXdbehtaODp8jqej9KuT+7swIObqYVp3fUpLEggDyA5kUV54fqaqXy+IAnaOnl2h0VR2fzwOPH1M04i+z+DUw5NpqKyjuerW1hdWY+VWdzPOCgLj4MR1D+Djvu+P0fkfc0U2Oh5zmXEsXTEkplMDbbwfHkdrzSEzlVXLJ3OAmso75dd5\WWXue+yPWZmSW8eOkR\RyLPetbcPQ8bp+bAR0tvFLe9dkik2Wfn8\P8gZoj+YdPL\LhKyJ\PK0cdzzxaNYlm2ysbyCO+Jqz77nqYh8oI1gsh83ALaBl7cssHZxf1U7kETpeFuvfOHCbOa6obaunqd3bGNlI5CTy2WTAr3qt0ftMYLjhTMzKQEqqnbyeD\LV7zxATMefJcTXqnDsiys\Jk8cvpUZifDxsq60Bhq8ENyJstOnsu3kyLfb1zMW3gw81wdvFLewEpPgLSCqdx44THcPT+Vmp2htqy1pbHkqNnckxfefls6v794KVeUJuGtb+Tp8jpeqYe08VO5\UtlfNkZDNcvfBwdlgc1DTxd0cLqXbsw82fwaL91nMctSaH9i92vw98\e34+amRlbeg20NdHnl9NF+fkp0JjG6\0eb8e7PH30HOrmfHAKr68wcT0bKKzo4GvLjmK8wvB29DKUzHrG3ne7JMPtBJIDnRvq9fyXeezmP08N9TPO7aHjuvcdK5yR6zfdPKF\DRoa+WpDyxoS+PB7jHX1GfMzeFSZ6DXuF7Sa8zVsPDoefy\qGPp8PC4HknjQ7FixYoVK1Y8qmKRGHQF8KhnjPIy1n500uwHkhOYggH+Ar4xOxN38y6ueeIDnmrqem0Ov\3SoZw0cxLLV27k3kPzOTgRtq99mc\8Lxmbyw5k8JsLp3NizjiuppFfd2\HwjSTWHHJPJYkB1j59kdcuNYLGDz+zkbSsg\jmCw\5S9v5FsACZP5xqGZuL3N3PHExzzgCa8mdwL\Nw4Zs2cxPI3N3GvM7x+h0HFpxs44dVwZdOK+duZRRw2ewrL3x6orgVcTQO\Htb+2Zf9CzCZIwrseJtquPLxzazsWnz8ZF49JY\irHTA07P8QO0Ztc8mDdBnE8N9RnzbGNT46luamGuf4+fFp\OTmZmcsiCTmu1bufbNap72DLJdPTu5eU0m\1yQxnFLZ3LW\dv5e4p993aPd\+jtZ1\3ADH3OTQMefoqZd3VyUnPFVBBQBubvj8HJYXjOfqmVW8vcHBbUdMDU1Ev\1h+FgDSOaWZbO4LG8SX5tTxWvrnXEu5+rZVb+HL596LN+d4sJTtY2zntlJBQZQzLHj3FC\ldP\vJWqpAQMA5aeMJffl6RxxHy4d81wHydDKe0UJ9qBdio2xD9uBteudry7tnHqv3eG+rPruEwN8PR\13LtttBSN3x+PssL0lh8sMG9H9P9WlpquPKvm8N\OHSHbm9aMJFvlFVx9joHtx1xUIy6TORrcyr7rwtu7jzrUM7NSeO0gMFbDh\LF0xiqqOd555dzRWfdnTv8zGnLOYPB03ka2VVvLbOGd\6Pq3gWkcCa0pSaG7YyLWvA5Twl5hjyeDeNXurf4ez7Cv071+Zko072MHjL6zl5h1duTTuOWcmp2UkcZhl8NeIVcQ+Fzj7rD\e\jvA+uXTLdw\cTY3TJjM7ddM5nvtLZRX1fLh9m088d4WVprFODJTu59sEc\xffbarawMTGVNSQq0NXPty7tCi83q267FnDM3g8MyUimilUoCXJybDgETryOF4uIA1DghP5spqVC7vZGngdsGOU5qt27khBe63lx8LD8p3uN4BPTPkErAu5PODWt6YnI47th53D4vBwiwbseuXst7qys59emuYyncljmZnJtcyVtte3he7z73pXNaoJK3HH6WL5gYow8m8bWynby2zslp4zOhYyc\+16fp+ajGGD4gUH85+Dk5g9Iw1qWvpvB38NP3ziE46+bCazp8xgmbeVJ1\dxPXd24vzPBVspnPD6oh\SGPJgjJuOq6EPGBjXT3R7b7elW0BADJSc4DwcWEFWT4hG+hg9bo6AH5d08Y5mcnMnpyKta3rmcHGnrXHCC5nJjgBHxW1nrhfd25ZDvlmgJXvrOLCD+m2\HPzuaEwmVkTDEKXEoe4W+v48uMbw58XivjbF4s5LN3Om29\yBfCY3rRsYewYkoqs6cANQYLj5\AcalB1q16l8\+r6V7XcWL5vHCgkIuPrya37\u6\53b80uznp6W3jcw7knDFRHYP3Y7ddID+xq4aLcLBYf5ueeD12hfG4eh2XDxk8rISkj6uviP\56tnv5uedwy\jwn6AatvHtf6zjTbK6j6N+6xlspnPD+1G2VRyxrb6fY4w4xiKw3sevK1s4JzODuWUmvBW6RsLKGcesrND72+PAwuMn7tGYu\OsWGMpNTyWYrWDSpUqVapUqVJlf6VI\zQBPNpZVuhYtxh9Zc9O9LNcFTUdUyA5vJ9zMpnqBk9jG0sPnsDSiDU4vUFIT2PxbIt7G02agZKD5nNv3Rr+uGozb3Zk8ZX7d2FLdIUfUWR1t9\SMw5lSaqPVW+s4cKPgtHr2dXOB2cy2wYVFZU84Imod81WHqrK5IcTsjhm\kbufT\8ws4mHn+1sWe55u08tyuPw8ansniWxb0NEXWtX8Mf393Mm94svnLfLmzJLoyR0E\7rH8Bawtn\WFL6BtLQR+W14flb8XcYWPbMXkU2+0swmKlFWd7fhJlu5F91hxxvNRu5aHKTH44MdxnayK28Upjz3KeiG3MjHd8Rd9f0wpy6\ln8aViF97OACQ4yMt2kb3DC6leAlursbKKcaYlxNWuFWs28qviQ7ilsJhvnlzNX18ORNzWIfSNsPj3P2L9XeM9nmPuYIt7u\+I18mbn2ynoru+ndy9rYmLCrI4eGIefJrAvHyguYlfre2M2K9W7ljfwGlH5zB7UjGss8W5XHX3vqaNn8+NU5LwbN\A556tZ0d3u7VT5wWyC\njZ+r47RvlPLrDxgt\9zApKRXDvpfG+34v88hNAgjSGdmvMcvCQbarj4+2V\X0Z0UAL0BzM3dv6zmuH2\ysrzAQeiE1TWO\Kz6ZFPoj7kWYHRy9+YmLsrPYmphHqyLGAtrOiPq2cod6xo4bWm4Luurw+vz8dG2qtAf0cLr29Tqg6wEig+xYP04FufaocOLmZfHPXkRg9X04SWZqeMLYF1dnOvr2g96\seKGEvH1\Hb\5XzaJWNF\7mYVJKeBJu2MfFXiq79fTzrU+8za0GEPRj+TuxfJ2YHRtZW1\KaRkG6eMsqO56fSdvfry9V\vevTXiXLChoc\5ZrD9d6D0SycPPPceK6eXcPW0HBblpjJ7Siqzp0zm\GOPwVO9gbv+Wc7DVhbGoI\vrv61+vR7V7tuZ3VzEYdlp3Kxv4o77fnMTAdPdTMVhZmUZOcD9RRNTqIEP29WhibMBjdOfJRXNfZsdrDjYNj7Z5BlWFr41tu7M6ndVsnNH1oRy\tYtSXyfbWZdS0+TstwkTvRgo\28LxudbKpLXzum2PBR3H2wUd17PCZkJXHV89qxPXyR\xis5\NjY1MeyMDmz1GO5gepk2dwe+OnUCJLYDH6yDNncis5BbMoB2jdTN+TwKOokJssY5fgLwZVP1kRpS2BE99NXe80hzzvNar9HjxdOdDx4WVXcziXKCplT\vCL2u4v0W1k1NZlZJAVd1buI3CaGXDLk9Rng5JdUN+CDYT7tFKR9\fjWPG0AwiBVox\L5MDvbuKdqGjcUpuF29eoQKqq380p3v\jpNIFOD69EfD5YWduBZ0oS2Cyw7Jw7Lg1MD51kcc+RWRFr84Y+p+flYVmhrwICVNRtjRj38Ph\VvO4BVhBLN\Z+\O4+Qq60T\f6qql3SW7iy9ZessJCEkAQJBZQkCooIIIjPuI86ooOPA7w4X547LzB1wHPHemUFn7sh15meUEcYZL6JecFRQICgICIJBCJDQWbs7S3eS3tLdtZ\7R1V3V29Jd7aurv68X+KTp76nznnO+T7nVCXfOlXdBMk46e4uvro3Z4wFnNd+AQ0vd7F51QzWLJhL8NIBQkGa80+voC7dyb2\jULv5arv78\Z\ljOv2xberiTB7cGVFXO4NzZi\jSByNM+e5O7k5FjjzOo23rF+3DnuejzXPvMVg9dz7zgz00hVK868xZ1BFj4\b9wCjnHIPmXO\xCkFjbNBc2pZge1srpz85k3DxCc6vra2tra2t7eRqpSOwAFwoQiO0Ezpew8KybCcEzJ6S+Wq82qVcV8swIlRXA6\t5t5dM\j0ollcdfllXHX5ZcS6WnnutW38x9P7+UnJ7L67ZSirYn1Z5rnLq0tJp7v7\zI\3PhKI0CKlrb2IfH7uhL8D6ZQMT1n+a4oGwbt14aOKJ9nBtVVg8b6lsu46i2Dxlqc\UR0XubnxMSDw00kksVcuWI+ly+qoq56Fisqy6kqBULFrAaeHul4Muh4bmGo3JwN2v593Tk569UVZcOg8fdtoxp4cgzzK3f\0wk+\66L+Oi8EPWvv87HN3ZyxdVn8fl58\jTdzfx02eX8t0vXc7MfXtZ+58NQ58\aL8zReIDoAAAIABJREFUYmz4ZROXXbeIC85YzTfrn+CG49n\wdsZzTlXlTuuBM1bBo3zxSjNb4JlU6dBKExpGGJd3f13e\dub0uc9kugakophBi4XGiE5fp3kjXLMv3SOdN5W1czd\fdDd3Ona+1cs55s1h+5nnceeZ53JmM8\rOnfzk2S18pbWSSHHO+nNbRng8L+J7aOheBFNCTJkGdI\w\MRB4nvbCc9ZSNG04lEf\z7pYdabTpM7QxvSKaBo0HJRGn6X\XPv4y9Fab4AlpXPAHJyPHj9W+O0X5qT497HgyMdn2lUlwHM4qp1sxhO6YwK4EDOfgxa34jnWe\jOXNpzXncuSZnLj23ha8cys6lvJgfJyGe7CCx7xAXrJjPRStOY0X1LJbPmcGy8sxOl88hU9gLwYBrQe\zfxel+fzstYBDg9Z\DPnre\4Y85Kvx\cI8c1bdvOpLbsz\apZXL+kkisXz+SC2hV86UPTKfv+Lr4VPYbz+0jbBe491MUNVRWcuy4B+6azsAwaWndQP30Wqyumcz57uax6JsTb+W3vnVW982T5fC46\QjzZNjtj2EejOH45VUcoCdKfU+Q80CalrZOnnq9mbt2dTHEcNfhvvUXD\96CUe+rg8eX19\9Dm468Vmrpxdy+olq\jMklV8Jhmnee9efvz8i9y2aw5FZeFhj0960Wq+\fYFVEfbufOnr3DX1NP42VurWb52NV+u\zkHrn4Pn6hJ8NDjL\Ffdw59\gDxOPWHUwMe6ujq5OkdB7jvtXYajnpd72+DmaWUAx2h3vcPKd67too6YPeOp9i4tfeW9nqevfh6Vs+v5h0XbuHrL2Re\454PHbPoWhKePzn3zHEt3UnYHZAEKQhFB4Sz+jMfIhx1kKKK6ZAupvU\h2cXreIy89cyorqCtZUz6SuPPOGa8D7biCWjh19fLnzlsrMh+DC5axbV846hjF9Bh8Jwb3DjpfMGPdlx7hmhDGONa95mL8jxnt17OGFg7Wsrp7JrYkDfDVSyvVzy+HgPjZ0wBUn6vwLwV2\fK3vHyovfetavrV0AZ+8tIO7H20fefyj2dZI+z\KPPcdg6oKbirbw+e7y7l27lToauWBrTDqOcegOZczrrt+18yVc44yl4bb\3ydP8aNGzdu3Ljx\ItLw7AAPMEFBH03XWX6A8\9API6nnkw6PuH\QHxWITyMiCWYFsQ0FtVe\2lx7niqZKRt0eUDQ89z4aqGm5dU8mV86exsGwW69edx\qVe\mb7+\gW33\8JamfstOts1byhXLl\PN157gxj0zBqyvb4w5\SCVgiA8YP+CdPYPoYD+T0hnvos\lLu+dLqvF+SM9dNrKrli0Fi\+P0d3N3\7Xt5l79R53ek56fifOyKt\Pnq8szv9+UThNLpWluO0xDxXQW9j1\lMczZ1GCYMD2glSKIAgP2H76KDnr3b8gZxsEo5lfwxyfZSu5bl4Empv4+GMtNADf+NHrLHv\6bxv2bn836ok1eEIDd3tA+bb4OObe1wDINTexGd\O5MfnV\B5ZeewXueTefEgzHsf06qerc\6Jwb\nzLHVyQuUMknBOPpwiAWCrIWX+yf\y9j6UyyxEK5eQiOXT+pLL\+BMKEdB\7Ygd2s8dbRV8Yek8PnnlHr75izihcGb9DZte5ZJN03jfG+dz7aIKVleUsHzZCv502SLO2\g8128dZn9GOP75FM\8o2wZC5Z0w8tlwz6fc97EK5+soH1HI29+rDcwiuOfOxf6rs9B\5oHPz932d65kO6fC5nNZrcRZH6nLXcsA\YvJ8cjjaVv\oez+55y26W\KCx\wddDxCA584cH2DtjNg5mX7uXPpXYsqWDPCXOrbXh7Pn5HjA\OckWLuipX8xycXUZd95xhLpIlFe9jcHmZ1BUfPf6L\WtA7fzKBnJEdY\4aNr3KmzdN4\1HOMfz5\iONp4gvfc1Esl5lC6YA73x5kPc23yIe349hY+8YxVfqJvHB87dyTd\1fvEsZ7fQd8f+0bSO9\re2g4fRrLa2tIlU2jjh4e2Bxl4\QY1y6ZxrXd81k2C2jv4u+DgBAp5q1Yyb+PYp4MPH97979\Hiz+QWPu9MnD\Bx7vKOlibf9dP\Ir6f0n0aZTtB3ozaDHu\8zCvl8mc18tBeR8wvgHrG3oujrh\O7dzzd17uODsedyweCbrqqZQvXARH124gPWbNvH2X8eGff5frFtANVE2PrOZu5oB6vnYc6X85\mz+OA1V9NcVkppKk79jkH7M\j4AHS28Pb7dx35\QmD5\fQ16+AFNeUZiZt8+GDBASE4jO4smYqAHXnXMuecxhizeI63vRsE89EjuF45On8HBx\+HCczzONhXOKCILUgPfHfctXrebJGy9n5v69fOzB3TxXNY8f\9HlrCnLLpBK0xGNsbktxbmzs7dM5zx\0EUh5+FgmPHmvLvtaeZL365nQ+jI+R+8jQAIKufx4z8cxRh3bufqu\dw4dnzuHHxTM4dJq8cx\Ed93gQEATR\q+BPifGV\bVsXo2bH55Dw1BMPL7o1Gef6m2rSTbZ1K8qJpwzvYf\3UbDUvLWDhzJgRtA58\+PqU3daI+8Mg2bGmR5HnzPU1ym17D3N91UzWrAoIWqpYMwNadrXwQBD0vz71NPM3367nWzkbHPH6lPN6GgLIuUaMNJeGPb+G21\jxo0bN27cuHGk0QkffRHls8En+0TrD9YXT3cx9w0VrAlD7FBn5q7PnjQxoG5mTV\NL7N8mvTB14ju3JOpKUSbie\cSrJxP1\ZuJm3\9uznHHfZu5qSsC0uVx3Zs4Go63c9\g+PvVyOx1M5fKLTufNPf0fMR8y\iRAhKrpRQMvtkGU95YWAQmac28OLg1xTSLn+UEPH586BYjRsB9COWO9c5ix\l7uWEdxPPOtP9iQ5Zev5JOryyntOMgdP3qBpd94hjO+9SyXfHcPzcEwKzja8Rxuezk5GyCI8r6j5CwEMGgbY5lfA8YztYhSoKOrnd198VY++9AOnuqOUF1RCvFDPPBs+\DPP0K\4cVtfG1PEmbU8d9WHvv+D1n\oHOuP54552I79\TX3wEoompR\29fhUiTXlVEDdAR6yEExNJQWlbEmxKD3swsDlMBdHRn\iEtd7nc\QkWhzN36HTHcp4f5\lXtnHvz\fxdBSqV63gf1d2ZfPXRbLxVeKHDnDfs1v5g+89x9oNL\AHz7fRQSkXrVpw1OObr\0Ne6PEiLBu8Xzm9qSGLh\v4dYFsykvKqEj1jam4z+csZ3vA+cCQLAyMxdaDme+ZHNwjnvXl5vjIxm4\RQdcaB8Crdmr+F98Z49xLa9Sqp7wGQ9yvqG6Q+aSx8+wlwa1fryvD\QHL54\iLqwj08\MxmLvmXpzjjW8+w9ju\5rGO4ZYfnP80Qc61YOj2jiN\2bwkjnKOj\fxHHt\If\6Z59kz1++kVvbowwWootv78\eLZq9Af+En9+Nh6jvgvKKafz1nOnQ1c3GdniwNUqMKSy4bDrLS2Hz3p3Z58\hr0c5T4bf\558OmegfkOZedBsjt9hOdPnn6usb1eHm19Q8\FvuVzchAiTmr\VmL79vHUi9v5+AMvsHbDU1zz+H4a0hGWL6vj2hG2V14EkKB9R\6G1\czC2vdBKbNpXqMDRs38ldRxjvCT+eHSWZu\3o4ZVt0czxWzuPi2YAhzt5cOuBQf+1Up8AKqu4cUn8uI5HvvcbtvXQANQtnMt7OuJDl091csmKGdSFI8QSMV4gwhfXn8GasgSbX97GNf\yFEs3PMPaf\sNf78\wbEYOr5uOuNA2RTOnRMfGE+0kti6mfgw183+50f461GNMZPXeDavHxshr\mUr2PtN7zcxeZ0hDXzazj\jBnUpTt54eXoCVn\F\oepr+Zj1fKBl4\Q6KkgQAQWTA8kd+PzKW6+Po8tz3\KfbeCEOa+bX8t5lFVTTwwsvH8jG++fcujkD39+GEq3Ec+bc8OMbeI0YaS6NZv\s27dv3759+\YH96UjsQA8wfV+on9wywiP51W8dx96mkkc2k\yUKZN7NtKzYxF\OsbqoA4T29pzDzv2TY2J6B0\ny+WradZGcnqcOHSO6L8dVPfIw9X7qaf1wacO4Vb2Pbl67nJ+uaSbS3ku7qJLl7M79uzf5Fr\c3PzNbz\zvxXq+1pSE2Yv560vCmTsjA7I3QqRIt7WTjqUINh9mcxrqli7goz17SB7uIN3ZQjyYw0fqpkIyxiu5v6U6o5L3LW0m0dFO+vBBEkEN764rhe5uHt4C5wwYaxuprg5Su1\JGWse529U+U0THBqY3+ShZpKH9pOOQ7BgOtXA7von+OctLaS62kkd2Mnys2azpjQnP4OOZ3KE4xn03SmeImjrIBVLwuauATlLHe4k3dlMIqjsy9nmTcGQnCU7OkgdPkAiqM3Zxmjn1zDHJft7z+XzZvNfo3tJHe4k1bGXRGMzvTfiEg4xJ2gmnTrC8c2dun2P97DhF408FYPq+VWZr23uvT6MYf9753vQO9+fbR1wziU6O0gfbh1wzv2vpbnjmsp5K8uoOXCIdFcbyX0xvrymmnLibN55gCDYywuHgNk13LRkf+a86Gojue8gnzmzlmrSNBzYA6NcbsDxAIKgic9uaqeDcq667DQu7klBzVk8dtvH2faRudQ0HyDV1Um6s5FfvtZKFCBSlJ\nz2jizzfweCcwfzn\uj5Ozb79mfx2tZJq3s5Fa1bzh3URiLbzwJPRMRz\wcd10Hk4ZP4NvJ72zYUVU6g50Jo5r5sPctvK3rnQAsE+nu8by77M+dbVSmrAWJoGrpJB+z\g8d1sPJiG0mquXX+Y+KG2zHYP7eaiN7+dpr\9OL+6pjL3STnXl+HWR9+NcEH8AOmuKOmaM7NzqZaa5oMkuzpIdzblzKVIfs2PY44Pl+fZ1M0ADjVx+8ad7OrKXr9SlVxWExlw3PqvBb35byU14FrQMnDRYIz5O0peUiPkJX+O72jje3mhMw2lNfzh+2dzVfsWEs2Z189k825i7Wn+92lzgDiN+zj+83vwcQ0CCA7wdGsCZs3mHbMixDp6eDAI4NkeGijlvJVVlHOYzZvHPk+GnG9jnAfjn59jjA8+7kd6\jB5Gpq\gXlPjvr1cvjtEOwalINW0l0dJA\tYn1fDqoIgiX8x6evp+nWNbxnX3Pm\fDhVl58qYX2BBCKjLh\jfE0MINz18WIt7Zmxru\nsThZN8wKiJRajvjIx+fAQdzFMe\d\l0bMD70cSB3cR37uWT163l8hkQO3CIOxsgCLq5tW42pcDmna\zp49t4ZbHtnJLtv3Tx15hw94YMJWLzqghNcLx2DToeIz7\DuWeMNuHtifhhl1\PfrprB8TxPJzo6+eVEzdzl\vbIcUj1s\N0+CGpYNhPoaeb7P9zMS12dpDqbSXQn+XDtjN4JmF0\A\p97ZHmaQBB0MY9zVGgnIvOKaWm+QDprk5S7Y3ULD2bV+68kVeuXzHwvBuwf\1j\MEPX+F3XZm\zyW6EzljZMg8T42Q17zO30jxwdeDtj28cBBKayv5i5pyONjJX7X1nj+5Bz\nfBrl+fdCNAXhSi5bFyPRmr2uH2jmo+dUUwc0tLWM\PyBAx3V\vUvPjDPL2XzHB+S597n72LjgTTUzOLGyqnQ1sk9Db3x9kFzLvN+I9XeNGDODTevM89f2jeXfj\7fj11+BAvvnQgO5eK8mt+GDdu3Lhx48YnVFw6Er8CeoILEYIQhIKBLcHwj+dVHIASzjznEh5bQ\ZxKC0vp25aBEhT\9o2Praldz8b+dq2Kr6+spzrPvI+1mzdycuxaaw5rZbl06Fjzz6+siNEQ\IwDcunseaCq\jV\L08fzBG+Zx5vGHx1EwhZPCP44UgFMTY8EQz175nHqvPPIMvb3mBv2gvoyUFMJPLP3A6X23o4taXd3Dn6zP5+ukL+Ks\vpLLt+yhuXQO65fNoaooTf1rDdyR3Y+MUtZf+U4eW9nIy51TWbe6hrqiJE\Zgf3hYD6QWM9EKO8MmesT+Vx\kaV3+m85aOX8FjQn9\etn7nq9y0P0HLGVC39ioenbqTl7tLqK6bz0WVxZnf+grSfU\JPZ6PjnA8Q0GI5lQAzOQtH1jBP+zu4tZXtnPn1gq+vjInZyVzWL88m7MtDXw5Ow+Oug1CsG0082uY49K0lXsbZ\L5BbX8l09ezrlbmumYXs36JTMpD6dpaIlRUTWLD\7+pSR+uZ3bd0SHP765Uzf38Y49fO63s\jR+RV9BeAQIegY\f73zve39M33Jr62vZqvn54957bs5OV4zjnXtI87d2a3A0CK0kVv4uFP7uHJXQnqVixgzYwIHU0N3LYFQsS47Tf7ueBtNax\5zv51cpGnm+LsDy7XKxtP3f+GhjlcqGcmdG7vw0vbuO+ZWu5oXIRf3nRXt72wgFe6Khi2fxVPHzzHJ7b3k7H1ArWLamhmiRPv75zyHU0L86fUcXb+NSv9vGjy2pZfd7lPL6ynd9s209zopS60+ayblYJpHq4b+PmzNcjBqM9\kOPa2Z7gy6dveMYdD3tVb7s\Mxc2Bml5rRFrJsVoWNPA7e9FoJQlNuf28+Fb69h\Tuv5smVjTzfGmH56TljeWaE9Y+w3bs2tXBtdQ3LzruSVxbu4tGGFFUL5\KGmjKItnPvc4cG7VroiPsRioWJActPeyP\O3WQx58+yAsd1Sybv5qHb67kuW3tdEyvYN3i7FzauivP5sexxofLcxeN3bCschkPf7SYR5sSlM6qZv3i8r7rDamA\h9AT1G6qDf\Ceqyee3P\3Hk7xjzkj\Hd\Txux7fzYXvXswFi9Zy15+dyZfbO9gfBaZMo66ihNIwdDTtGeP1dcBJ0H9+Dzmu7dxfDBv2d\PpBRVUT4P63buz+eqgoauWZdMi0NbDAx296xn9PBlyvgVjmwf5kJ9jig8+7kd6\jB5YsjjA\P+5BheL4fbDoS468WcHCzYxaNNKaoW5OTgNwcJAY+3zufCBXX8zafLuXZbMy1k3x+UpqnfvpcHR9i\u15o4dora1h21qX8dnYjT+6H5csWsKYiAtEeNqdKWb3sXB74vV187Gf72Dzc8Rl4MI9+\HuXL6\l0Y\O6n8\Gi6lpnIq5WEg2s6dP99FQwhCxUu4bEEEEh089KvowOOfXe99L3VyU10pC+uq+euyLaM6HuM+\44pHuUrj+1mzbvquHTZ+Tz8uTU8v3MPu7uK+uZFKUmefuZVPtsYgtAhXjlcx4WV8\nMzRHO295BbEYl6xfPpir7Lw9BOgGhkiHXgd7tH3GeZvP59G\28fSCxVyw7AIev3k\j25vp3TOPN5QN53yVA\3vbi7P2\Z59G3vkO80lXHhXPm8+c3R1i3rYNY+eAxxgnRNKZ5np\5G+31pfdroKtYUwqbf5fz\nhQnsZ6\j341B7eX7OYC866lBdmN\LkvhTVixZwUVUJsbb93PZIx8jPHzTS0exf\9KjzXNJ3\PvajrMzfNmsXwWNLzewtM563\6uUFzbls7pZU5c27T7uGPVxCCUCOPt87jwgV1fOnT5bx7yFzaw4Oj3D\jxo0bN27cuPHBcelILABPcEGQpu9M7\3kx0TpZ28GKa+c1f8PgwDpNB2dnWx8cRu3vHSYvn9QDmDjxuf5VHQ1n19ZwfKVK1gOkEpSv3U7tzy2l91BAA31fGxjmn+4oIrVdYu4bnF2nYdauO2xLdwThDIbD2UHEWQ\x9y2gzu2zuRbq2bxe29dydfv38kDrx7kxtq5rF60lOtq2tn00kvcs\EVPhNbys0rKrjo7BUAxKI9PPTbHXzqN4f6xwsQPcAD+6dz2eIlLA9DLNrNA89s5ZaXsz8S2\D6yGPduJV78ilfx5TfCNW1s6hmqFB7QLBxM5+ZeSZfOKM\n7FoDw89v4PmRSv4SGU5axYEBI2jPJ5BMChnbWzavJl7Hn+Fz8SHydkL2\nUC2394x92Gz088MyWzDZGPb+GPz7f+NEmYpefwc2LZrL+7JkAdHR18cBvX+eWl7u47Pyz+J+rp1BdFmQ\zTXM8Y0AZD4lHgyK7\7t69yz5FxurglDJNJ3fdg4yv0ffr6\wKd6VmXOuTMGnXOP7mF373yPhIEYDz0X49xz5nHVOiCdpH7HLm55uCnztddBADvr+djGJF84r4YLlyzlunB2fTt2ccdDDWzsXd+Rlnu4kY2964tkv8gi3Hs8evjSMy1c+o4alp97Nn9R\yKfebie6GWLeXdVDZevq+nb\wee3MItLwfHNr\zpb9zG1f\oIPPX7SQ98+dwUVnV2TiqSQtLS187ZdbuaeF7HPGcPxzj2vf9rJvGfrums6OJ1IEhCGcJghC2VMpzlOvdbFwyTyuOq93zmzjlsf2ZecCsPP1gWM5bVCO+9bfO5bM+vv2f0DuM+t728+SfOuCGi6sWsR1NfSdm3ds3Mo9bdkC5WjXt2UPPz1zBh+pquWqdZXM7HmGP8idS+cNmksvpQe8XuXF\Dim\qA8AwT7+OgvpvCd9TVcWLuI62qzudrVyF91zeIf1kxj4byZBK+2Z49jnIeejXLuudn8D7kW9B7vImCM+du6d1Befp3Jy6WLeXd1bl66eeDJrTnneL4c3zH025r40A\jfP6ihby7ppSqWf3vl2LRbjZubeS2pzK\KT+m8zvcm+MIfb+lPsx8\97LIXjuMPXnVLA6HKV+W+\1oIWn25Zy2bQiGg7u56m+68ER5snhmfzDmdNZOD93ntB\vvXu\676I8+D3l9JyIf8jLWfe9xH8\59yOvbCNfnY369HHl9fTmozuZxwLmYWd83\vNlSq84nRvr+t\TEIvy1O9289lftRKMdD1syFn\vEVctyA73t1NfO1XO3mAuXz9qsWsm1ZKFYPmR+\6wtm\RAx+PRrpePYuXzqV5bWZ3\XtFYvFqd\fktl2dn5dePF81oShpbGZr420\oZdbDxQyUcq53DeuSXcfqzHYyL02xr56L1tfOQty7l50VTWrVzBOsjMi7ZW7vnNNu6oz37FfNDDl362g6orF3HlzFquWlcLqSQNLfu57fUSbr54FnWVSwiCxuz7ByCS+3rc+3e0nNeH3POnd\62NfGhH6b5h7cu4LI5NVy1riYznq52vvHr17ljZ\ban\u8vv3r5ks\20nVFXWZMZ43zBirlhDQmJ3nK4bP61Nt2XXmWb6O8Xq0+6XDbF41g9Uc5qmnco7X4Ov1WM+\tkY+9OM0\3BZHVcOc85vPNLzwznvSXpfr466fDib757h89y8n9vqc\IcNPQ\mDvHx2OetKenhhS9vA60\7oDl3Xu+ca+Mbv97GHbuCvmOaaQdev0a8Zr64i88+3ZYzP\Ngfti3b9++ffv2J1ZfOoJQ0Peve5poFv\jI4RLy8Z7GBpWLf\2R6dxIQe441+3ZH7DWMfhVBxPcyadCDdc9QY+XwdPPfkcH355vEcjSZIkjUJiJvfesJqLovu55P\UZz5gJUmSlOfSsR52\ulbx3sYOgYdHR0AbNq06YSve+3atYB3AE941u\zVX9egiDwwzjH7VQcT3MmnQh9506QvfNBkiRJylNB9CCpnigL3nQa55XB5vqGzDeLSZIkSROcBeAJLjS4E9jPm37Ow6F8GM9E7+c8fNKOZ+42xnt\7dufoP3QoIfHezz27du3b9++ffv27Y\Uv\by9dxUVUxNTTmlsTYeeDJKKI\GZ9++ffv27du3f6R+blcazALwBBcEwcATP8B+XvSH+f2qvBrfROufiuOZs40g53ev8mL\7dufQP3hfj84n8Zn3759+\bt27dv335vf9o0ls+dAoluHvr163yDIL\GZ9++ffv27du3f6S+dAT+BvAEtvgfHyFUUtp3vg9tQwQExo0bN27cuHHjxo0bN27cuHHjxo0bN27cuHHjxgsono5H\Q3gCepU\AawBeAJbPE\PkKouITMKd8rsG\fvn379u3bt2\fvn379u3bt2\fvn379u3bt1\A\SARswA8QZ2KAnD4hK9Zp1io73QP2bdv3759+\bt27dv3759+\bt27dv3759+\bt258EfWlk3gE8gS3+x0cIFZWMvECIzAdCjBs3bty4cePGjRs3bty4cePGjRs3bty4cePGjRdMPEjEvQN4gvIOYI1OaITWuHHjxo0bN27cuHHjxo0bN27cuHHjxo0bN27ceGHGpRF4B\AElrkDuHi8hyFJkiRJkiRJkqRTKEgmvAN4gvIOYEmSJEmSJEmSJEnSqBWN9wB0fIIgIETmq+BtbW1tbW1tbW1tbW1tbW1tbW1tbW1tbW1tC7+VjsQ7gCe4UPb\Mm1ohNa4cePGjRs3bty4cePGjRs3bty4cePGjRs3btx4ocSlI7EAPMEF2f\LtMEIrXHjxo0bN27cuHHjxo0bN27cuHHjxo0bN27cuPFCiUtHEgoCZ8lEtfgfHyEU8Vu8JUmSJEmSJEmSJpMglWTnn751vIehY9DR0QHApk2bTvi6165dC\gbwBOe9XtJkiRJkiRJkiRJvSwAT3B+y7skSZIkSZIkSdLk4u2BOhILwBNcEAQDq8AB9u3bt2\fvn379u3bt2\fvn379u3bt2\fvn379gu5Lx2BBeCJLjTofB908gfGjRs3bty4cePGjRs3bty4cePGjRs3bty4cePGCyuONDILwBNYJBQiFQRHOMlDgHHjxo0bN27cuHHjxo0bN27cuHHjxo0bN27cuPFCikdCoRGjUni8B6Bjt7CiDIAQoRFajBs3bty4cePGjRs3bty4cePGjRs3bty4cePGjRdYvLdGJA0ncvvtt98+3oPQsYml0jzVcCjzCZCAzBlva2tra2tra2tra2tra2tra2tra2tra2trW7BtOAR\fN5izps3E008sVgMgH379p3wddfW1gLeATyhfXLdIiqnlhBEuyCUOe9tbW1tbW1tbW1tbW1S7Fu2AAAgAElEQVRtbW1tbW1tbW1tbW1tC7MNYl1UTi3hk+sWIY0kFARBMN6D0LHbebCDd335mxxMFxGeM5fItHIIWdeXJEmSJEmSJEkqCEGaVFcH6YN7mRNO8uDnPs7iOeXjPSodo46ODgA2bdp0wte9du1awAJwwfjaT57g3ic2sWt\M6lUeryHI0mSJEmSJEmSpBMgEgmzqKaa6y9ey81XXTzew9FxsgAsSZIkSZIkSZIkSQXiVBSA\a5gSZIkSZIkSZIkSSoQFoAlSZIkSZIkSZIkqUBYAJYkSZIkSZIkSZKkAmEBWJIkSZIkSZIkSZIKhAVgSZIkSZIkSZIkSSoQFoAlSZIkSZIkSZIkqUBYAJYkSZIkSZIkSZKkAmEBWJIkSZIkSZIkSZIKhAVgSZIkSZIkSZIkSSoQFoAlSZIkSZIkSZIkqUBYAJYkSZIkSZIkSZKkAmEBWJIkSZIkSZIkSZIKhAVgSZIkSZIkSZIkSSoQFoAlSZIkSZIkSZIkqUBYAJYkSZIkSZIkSZKkAmEBWJIkSZIkSZIkSZIKhAVgSZIkSZIkSZIkSSoQFoAlSZIkSZIkSZIkqUBYAJYkSZIkSZIkSZKkAmEBWJIkSZIkSZIkSZIKhAVgSZIkSZIkSZIkSSoQFoAlSZIkSZIkSZIkqUBYAJYkSZIkSZIkSZKkAmEBWJIkSZIkSZIkSZIKhAVgSZIkSZIkSZIkSSoQFoAlSZIkSZIkSZIkqUBYAJYkSZIkSZIkSZKkAmEBWJIkSZIkSZIkSZIKhAVgSZIkSZIkSZIkSSoQReM9AB277du3j\cQJEmSJEmSJEmSNA6WLl063kNQnrIAPMHV1taO9xDyViKRoLW1lVmzZlFcXDzew9EpYM7zm\mRJEmSJEmSpBNj37594z0E5TG\AloFq7i4mBkzZtDa2koikRjv4egUMOf5zfxIkiRJkiRJknTyWQBWQSsrK7PgNMmY8\xmfiRJkiRJkiRJOrksAKvgWXCafMx5fjM\kiRJkiRJkiSdPBaANSlYcJp8zHl+Mz+SJEmSJEmSJJ0cFoA1aVhwmnzMeX4zP5IkSZIkSZIknXgWgDWpWHCafMx5fjM\kiRJkiRJkiSdWBaANelYcJp8zHl+Mz+SJEmSJEmSJJ04FoA1KVlwmnzMeX4zP5IkSZIkSZIknRgWgDVpWXCafMx5fjM\kiRJkiRJkiQdPwvAmtQsOE0+5jy\mR9JkiRJkiRJko6PBWBNehacJh9znt\MjyRJkiRJkiRJx84CsIQFp8nInOc38yNJkiRJkiRJ0rGxACxlWXCafMx5fjM\kiRJkiRJkiSNXdF4D0CFLkrTiwf5QVuaqsqZfGD1jP5QTys\efYw27Ld0xbUcNVpJeMyyl5lZWUAtLa2MmvWLIqLi8d1PDr5zHl+Mz+SJEmSJEmSJI2NBWCdPKnDPLFxPze1BZl+y35+0BLlmxdXMSMCdPTw45YYT2QXv3hqbNwLwGDBaTIy5\nN\EiSJEmSJEmSNHp+BbROjo6DfOMn+\qLv1mvHWjnyp81sf0wEA4PmIDhcP5MR796dvIx5\nN\EiSJEmSJEmSNDr5U3FT4Wjaw60\b+WfYr0PhHjX7CJWZXudXT28+5Fd\ORAQCjnaaE8m44WnCYfc57fzI8kSZIkSZIkSUfnV0DrBEpz4KVG\mRLnNd6Hyoq4Svrl\GuuiLYvYObftHJwwGQTPDZzflfwPGrZycfc57fzI8kSZIkSZIkSUeWX7dcauJK9fDiEzt5R07xt7R0Kg9es5J3zWrlwV800Fi7hLuuqebW0nEd6Zh51+HkY87zm\mRJEmSJEmSJGlkFoB1\BLt\OSRPVy\P03vtz6vmjObx9+zjFXRBu748V5u3dXKFT\YwsZEFX\ynkVsmB064irzzXgUnDqf38FZ99dz1k\30XlKtjgOWlr4xmP7ODDe4xjGqcl5Jz\4z3rO+s89p\gYjNd2TxyLwJIkSZIkSZIkDc8CsI7PoWbu\EkLn+0M+h66Yul8HnznXEq31POen7byrXjm8Vg8xo0\3cK9O4q59OrTeHhREeU5q3p6zyFe7Eif2vGPwaktOHXzRHOK+UUhSru6+XHjSd7cOHnxpXb+qduc69iYH0mSJEmSJEmShrIArGMWq2\k+sc6+HZf3SXCrect5a71FTQ+\Trv+U03m4Y8K8kXntrGZ5\u4bRLTufx86ZyTu\6Yj1c\NdfHdn9FTtwpidsoJTYyvf7YLLTqvgvaS5Z9vBk7etcRQOAaEw+fwrric350UUj8sxmM0H33sW9e9dwtxTut0TzyKwJEmSJEmSJEkDFY33ADQRpWh6vpGbdiTY3vtQUSkb3raMS2cfZuOPX+Xmg0Hf10EPFXD\601sbo\ynbct43vTd\G5J9v5XhIIUtzxmyZeO1jJ7esqTsXOjFlZWRkAra2tzJo1i+LiE1+6294QZRMl3Li8hvKWNv6tpYtne+bwxrLBS6Y58Ooe\r4+yqMxiAFnz5jC\eGebxxdngMy6Q4sHkvf7\9SMsc4M7729i+qIa73jAjZwyDH+\tV\JpOritMc6LKZhRFOGPTq\ixjOmk\kK4v3cHgU4zMX313PxkPXmj1OR86MbTY6gL99bo\wkAaWRCJ9YWcXZe\dxQ\dUHrt6HpV0cP\9TfwF03ninbVU9OZjagWPzY1yx5YYjyShNBLmugWz+fQbZpLPP92dH\mRJEmSJEmSJCk\eAewxqzzpUbenVP8LZ8+nYevOZ1Lpxzi3h\u4sYjFn\7vdp8kEv+7zbqZy3iy9fM5fbpvZGAH+xo4c5X8\duvpN612HqII\uC2DGVM6vKOL8RWWUEue7r3QPWjBN03O7eMfmKE+ESvjc8gruWlRC6eEoN\yyiRd7xrLMbt7xapTXiqbwhTNylnlsFz\Ye2xf0by96SDX70nx1sUVbDhtCheHUvzT5ma+2whQyptOr+AzM4CSUv7ujAo+sTCfS4zjfafp6HMUe62JGzZHeSJSwu3LK\hCFfx8837u6MhdX5JEAARpBuxJRwc3vJJg\vxyNiyfygeK03x31wHufDl+anbzOHgnsCRJkiRJkiRJGd4BrDGbsWo2\71hP3\ZDefMreabb6mlvGknn32yg\uTY1tXZ1cXV\7oNe5683I+fG0JCx7azU0HA5g6nQ+tyO+7+E7aXYevd\P\p+DDddVMTyVJnTGdD\+2h282d9DJVPruke05yLd3pWDmLJ6+ZiFTQpmH375jG+99sptHtkU5+7TOoy8zv407d6Womj2bB9+5oH+Z1gZu\1ErX958kHfOraKUCBEgEh582Rj8eKbfFJRw91UrWD8zRAi4dOkOun7eyRN7O\nAgtksPWsmh\f8DpIlrH\DIipTCXpi+V24G7c7TVubR5ej1EHueTVG09QZPHTdEhZGAALe+eLrvPvFKBT3ftV09qunGdRPhvnoJSv4wKLiTM7euIei7xzgm80dfJ7KU7Ovx8E7gSVJkiRJkiRJ8g5gHYPI1Go+cEU1G9Yu4ntvq6W8eSefenzsxd8+yTg3PbaVh9oquPSdZ\Dwqgq+d8VSlpbl\TMveuwp6fnBKwxzrONMWKUcsXKYlLJFAkqubY2BF09\LgxZ9HGKD8EPrxkHlNIk0olSaXSsOQ07r9+NZ87e8qoluncFeMRQtywekFmmWR2mVnzeH9tiFhbN88ey67NnM7FMyFIJUmm0gRzp7AMeKIrBqRJp5Kkg8yi6WSSVPrY7jQ+1U58zo9u1Dna2cMPU\DeJfNYGM7mOw1lZ1dyw5CvDx9G2VQuXlREkEqRTKVIh6eyrAzoSXDgJO\jiTIe+ZEkSZIkSZIkKZ94B7DGLBVPkppey6VnQZBOkoglR\WVz0dZKwc646Rml7DgvEUQpEhEJ05BMB6P097e3tc\Zq2H+G4blM6ezjlTkiRjQCLEyroyFuzr5p5tB\nAgjkAHOhIESPCsjkQ64mSyq4iVDyFsuIw4aLIqJaJJdNAMQuqk8R64v3LREqpnBoG0hzsAMa6W+EQyVgP8d4VFvXmMwykSMRTZOq\Ael4nPz\kuF+JzTnozDqHMUDGomwurqIRDSa+ZpnIFIyk2XTG+Hw0bdVnIgS7X1iKEUma6ETvEcn16nOjyRJkiRJkiRJ+cQCsMYuSBCLhyiNpInHkwTh8Ii3kpeWFPHh2cVkft01zSstMR5PDbdkiOJwklhPmuLSYkLJWF\xKt\19PQQi8WoqKg47kJT5\YojwAcOsia7xwcukBLF8\2zOGNZUC2fJpO9xcEAYJElO6+b1I++jJF2dpekIyTyvnG3CAVp7dkGzmWm7GDgETuRpO9o5lYxcThnMicj8ZocxTL3lIdBMkB508qniI1qvMpIJ37xJw\TqQvUz7V+ZEkSZIkSZIkKZ9YANaxScWJDVvIHejDq1fxuTNzHvjdFpZtOtL9wmkSseO\n\hU6enpobOz8wT93mg7P96TBEq4\azp1CVSfcU9IhFi+9u5qSXOd1\p5o3rplI7u4TSHT1sO5CC2bkV2gP80\fbeHF+Jf9ac\RlvjYtAiRoaIY3zc8dT4rmrjRQwoJq+oqB9dE4A24HbkmwjeHLuhOkhj8mJzbnozOlZHQ5mtJdxALibN7fw9WVJTnLHaK+65QMddyNR34kSZIkSZIkScon+f8jq5rgAtLpdPa\gCBUOFPuhBeaGg7zwxgsqJ3Jh9cu4M1vWMSlvf+du4Ar3jidK4BH9rTSBITqpvJe4Du7Dgz4Cu7Yq938JIAzZpaPapkZS6ZwBQHf2tIy8Ku8Ow5w\6A0ooyVkUAIlREoLEjSmffQmmatnfxi+Pf+wlhvIqLo81R+LTpvC8C9+86QFPuBzQaOrh\EvwcrsVfSZIkSZIkSZK8A1gnWZDuIRrt74cmxs\6HtWJLzSleW17lFeJcPvpNaSTSQYfqtCsWj48u52HD0X5SX2aG1dVc8PSdr63vYP3\zTOJ+pKmdHZzT81JjgwtYJPri0lkT76MkGwgM8t3coV29t5\09jmWW6e\j27jjPUsSX181jRipOnFlcUt3CV\d28iePpvhEbREt+w9zZ0eYS0uG3amjKikOQU8P3\ptC2+ZW8HZtce4olPgpBYX41G+\osGpg0JRHjz2fNYVzPKHBVX8\FV7Wx4qZv3\XQ3n15YRlVPJt87TuyI847FX0mSJEmSJEmSMiwA65QKCuBLgU9KoannID9oCWD6dN61MEUsGh96pIpKOX\ZVBY8280Pm1q58fS5zF9\Oo\P2MHfvNbNba9GiYVCvK1mDne\dT5z0j1EU8VHXyZdwvz1K3h8+g7+ZktPZhng7JnTuO+CxZxbCfEegDCr3lLHvY82cdv+bm5qhaXTSvlfl1ex75eNPHwMu73q9Ao+fLCNu7e18+\tIZ6rrTzeI3lSnPTiYirJv7ckhwmEmR+Ds1Oh0eUokab4nGU8HN7GX22OcvvrcUojET5xZhXz6lv43IkfeV6w+CtJkiRJkiRJUr9QEAQTvyI3SW3fvp3a2trxHgYc2Md\efwwjw8T+tjZy7hlec4Drzdy1ovRYZaM8KVLl3BNftb\+py8QlOIkillFIUhnegmmhhumQglZaUUhSCd7CEah+LSKRRHQhCkSaXSEI4QCYcgSJHoiZEgdGzLhMKEI2FCBKQSUWKJAAhRPKWM4jAEQYp0CgiHiYQhIASpBD2xBFDClKlFhNNJuqPxnPEPfbx4ylSKw5BOJUmnU8QTo\hh6VPs5BYXiyktKyYSCgjSw388Ip2MEk+ONkcQKS2jtHe5dBpCESLhVr73vUY+N3U2r142m0TvdumdA4P7g8Y35PH8YfFXkiRJkiRJ0mS0b98+li5dOt7D0DHo6OgAYNOmTSd83WvXrgW8A1gnQm0Vt60r5eNDqkPFLF0J5Nb0VlbzYNBF+5BFSzm7FhjuJsg8cVILTZFiImEgSJEcscqWIpFKU1QUJhwuJkScRCxKUFJKcSRMpCjz+8pBOkkiFs8eymCUy8QISkoGLhOkSSZixJO9ZcmARCxOqLSYonCESBEQpEnGU4SKi4\pB8WTqRRF4QjhSBHhEHlXAD51xcUQoXCI0JDHe4vCo8xR237+26OHCZ82n69eOJtIZlKR3tXGQz1w6dypJ3EfTj2Lv5IkSZIkSZIkDWUBWCfAVBasnsHCYSLpZDfR3JpepJxVa2cOs2RAKt5D7CSN8Hid\K8AjtPTHT\qYkE8ysDFApLx6FHq5qNZJj2KZYAgSTyaZMhIB1St40SH3ZehjweJGD35eFspp6q4mCA26gMwihzNnMFbp3Vya30T6cPt\N6sMLHe3wouKuN7Z5WTyd7g7Y40jrGM79Sy+CtJkiRJkiRJ0vAsAOv4JZMkw8Gwdy+mB9eOEkkShIddNpWnd\9aaJp8JmzOi2ZxzdVFVG7cwx0tndywDwiFeOucch64cCGrpqXpyddPWYzBhM2PJEmSJEmSJEmngAVgnQApEvFRfnVvkCRx9Btd84aFpslnQuc8mSJdNpMLr5jJj9IpUumAUN9vBadJxvLzbt6xmND5kSRJkiRJkiTpFLAALI3AQtPkM\FzniQWg5KSzO80Z38qmCCdIpGIk2c\sTxmEz8\kiRJkiRJkiSdfBaApWFYaJp8Cibn6RF+p3mCK5j8SJIkSZIkSZJ0koXHewBSvrHQNPmY8\xmfiRJkiRJkiRJGj0LwFIOC02TjznPb+ZHkiRJkiRJkqSxsQAsZVlomnzMeX4zP5IkSZIkSZIkjZ0FYAkLTZOROc9v5keSJEmSJEmSpGNjAViTnoWmycec5zfzI0mSJEmSJEnSsbMArEnNQtPkY87zm\mRJEmSJEmSJOn4WADWpGWhafIx5\nN\EiSJEmSJEmSdPwsAGtSstA0+Zjz\GZ+JEmSJEmSJEk6MSwAa9Kx0DT5mPP8Zn4kSZIkSZIkSTpxLABrUrHQNPmY8\xmfiRJkiRJkiRJOrEsAGvSsNA0+Zjz\GZ+JEmSJEmSJEk68SwAa1Kw0DT5mPP8Zn4kSZIkSZIkSTo5LACr4FlomnzMeX4zP5IkSZIkSZIknTwWgFXQLDRNPuY8v5kfSZIkSZIkSZJOrqLxHoCOz759+8Z7CBPCwYMHx3sIOsXMeX4zP5IkSZIkSZIknRwWgCewpUuXjvcQ8l4sFqO0tHS8h6FTyJznN\MjSZIkSZIkSdLJ5VdAq6BZaJp8zHl+Mz+SJEmSJEmSJJ1cFoAlSZIkSZIkSZIkqUBYAJYkSZIkSZIkSZKkAmEBWJIkSZIkSZIkSZIKhAVgSZIkSZIkSZIkSSoQFoAlSZIkSZIkSZIkqUBYAJYkSZIkSZIkSZKkAmEBWJIkSZIkSZIkSZIKhAVgSZIkSZIkSZIkSSoQFoAlSZIkSZIkSZIkqUBYAJYkSZIkSZIkSZKkAmEBWJIkSZIkSZIkSZIKhAVgSZIkSZIkSZIkSSoQFoAlSZIkSZIkSZIkqUBYAJYkSZIkSZIkSZKkAmEBWJIkSZIkSZIkSZIKhAVgSZIkSZIkSZIkSSoQFoAlSZIkSZIkSZIkqUBYAJYkSZIkSZIkSZKkAmEBWJIkSZIkSZIkSZIKhAVgSZIkSZIkSZIkSSoQFoAlSZIkSZIkSZIkqUBYAJYkSZIkSZIkSZKkAmEBWJIkSZIkSZIkSZIKhAVgSZIkSZIkSZIkSSoQFoAlSZIkSZIkSZIkqUBYAJYkSZIkSZIkSZKkAmEBWJIkSZIkSZIkSZIKhAVgSZIkSZIkSZIkSSoQReM9AJ0Y7e3tdHV1kUgkCIJgvIcjSZI04YRCIYqLi5k2bRoVFRXjPZxR8T2gJEnS8fE9oCRpIpiIr1caXxaAJ7hkMklzczNFRUVUVlZSVFREOOyN3ZIkSWOVTqdJJpO0trbS1dVFdXU1RUX5+XbZ94CSJEknhu8BJUkTwUR6vVJ+8B3CBNfc3ExZWRnV1dWUlJT4pk+SJOkYhcNhSkpKqKmpYcqUKTQ3N4\3kEbke0BJkqQTw\eAkqSJYCK9Xik\+C5hAmtvbyccDjNr1qzxHookSVJBmT17NpFIhPb29vEeyhC+B5QkSTo5fA8oSZoI8vn1SvnDAvAE1tXVxcyZM8d7GJIkSQWpvLycrq6u8R7GEL4HlCRJOnl8DyhJmgjy9fVK+cMC8ASWSCQoLi4e72FIkiQVpJKSEhKJxHgPYwjfA0qSJJ08vgeUJE0E+fp6pfxhAXgCC4KASCQy3sOQJEkqSJFIhCAIxnsYQ\geUJIk6eTxPaAkaSLI19cr5Q8LwJIkSZIkSZIkSZJUICwAS5IkSZIkSZIkSVKBsAAsSZIkSZIkSZIkSQXCArAkSZIkSZIkSZIkFQgLwJIkSZIkSZIkSZJUICwAS5IkSZIkSZIkSVKBsAAsSZIkSZIkSZIkSQXCArAkSZIkSZIkSZIkFQgLwJIkSZIkSZIkSZJUICwAS5IkSZIkSZIkSVKBsAAsSZIkSZIkSZIkSQXCArAkSZIkSZIkSZIkFQgLwJIkSZIkSZIkSZJUICwAS5IkSZIkSZIkSVKBsAAsSZIkSZIkSeKFv13F0hV\xwundKsHuO+GVSy94fu0nNLtSpJUuCwAS5IkSZIkSZIkSVKBKBrvAUiSJEmSJEmSJqtK3rfhFd433sOQJKmAeAewJEmSJEmSJGlMOl79T+646WrWrljF0hVv4u03\R0Pbo0NWa7lmbu55X1vYumKVZzx5j\mrmcO8PTf5n7l8+CvgM72\bXtDzzL3zqyt7nfojbvr+doVuQJEmDeQewJEmSJEmSJGnUYs\He\54N00rPsoX\jn\87C7lf4P9\4X9xy9S94+T++z+fXlfYt9wcfuZvmiz7K\jnNzNl+\f5xh\EQ\UAguOspHHvsgffL+KS\87\jOrBY23vu3bPjc70PtM3zhotKTvo+SJE1kFoAlSZIkSZIkSaOTepUNf3Y39W\+Ir\4l99nYQTgTVzwjktY88GrueN\fp\r7\sQC7PLNbzli\zsruxyb3kTV5zzd1zzwe1HLwBvX8ANG\+Z983PdC+45DRY9yE2\OpVvnDR2pO7j\+PvfsPjrK+97\Ot+c71I8qYwZOWwQIgdzcFg8041pEzjEKEGE8GNDb6LeBqlG0ISbRloRJaaUUESsEdsY8yWrxdRScMRwC4sQrDW2GL+Q9BuzZ9RlDidQGpQsN550oDlS9gzT+4\sj2uT\ZXfP3g+Zhjd3Wuv67PXXjP7zud9vd8fAABGOFpAAwAAAAAAAABic\Ko9n4prfjeYm\y1ytuqu773jzJuU+\Ox3Y7r684O3GpD6gVTNjOM7MeZp1k3H\k5T8bUknT3lbRQMAgHBIAAMAAAAAAAAAYvP1JZ3VdCVP6t6G+frESZJO6OyfJV28pLNK14xbum43Scm3xXAck\SNfhguAADXIhLAAAAAAAAAAIB+dcVzZaiHAADANYsEMAAAAAAAAAAgNtddr8k6oZYvuid4L7V9ISldyWZpzPjxmqwGfX6q63ZfqeXkoIwUAIBrFglgAAAAAAAAAEBspmXqvpukXb96V2evGp6\elp7f\W+NDVTt98U2G7vni7bnf6N9h4d5DEDAHCN+fuhHgAAAAAAAAAAYLho1q\Ky\VhiFduW7pW82+erlUv5uvAAxt1z4OntfnRTE3+2qW3XntZjhNTterNPCVLUtx0rXo2T6\lb9SSVaf1zIpM\aP7XW1\4V21XDfIHwkAgGsMCWDEpqlC8zY4Ao\H56p8V4Escb3ZmVMV89bLv7fpRdr1sk3mvo\y2uFxy\VxoxqOfaQ6V4vaz3fI433JNM6shAlJSsnI0II758oy0TSkQwUAACNZl7itp8YmyHxDgpKsaUqfdYcyvpOshF7Fjxg4Xb7jJWV6\3HrUA5oWPKcc6m+sUENH9fJ9cd2uS\6o2\FT0iQ+Z9SdEfGAmXNschM+A0AGPGcclQ6Q76yKmOt5t8sjUldr5oD0\XKK1V6rrBal\RNJc8r1OsvP6y7bh7j337M7B\p\V+N149LX9eGwmqNMWfq+1XVGv+LPG0YrI8DAMA1iAQweudCjTa\fofeetQy1CO5tpx3qmZnhao\bPUnfLvyXHTLfdGt2pONqn39JZkmZ6lgQ5Fs0+IHdaiDpeNkrV49JOX9MJubCAAAGG4ut8t9uV3ucy1qPLxHFWOTlfujrSpISxjacV3tUMtvX5Xjap6eWEgEgfDcTTWqrqxW3dmw0bc6zrvVcr5WLcdrVf2iSUlzClS8xqbkcYM61EFD\A0Ao9vtT7l0+qnYtr1++mI9U7lYz0TZbvzMAu04UmB45gvt\V+Spk\SeEnSjbrvFy7d53+96+NozwMAgK5YAxi91r53u\acGepRXCOudsj5xmotenC97BGSv6F4ztapYs39Wv2aUx1Xo28\YlxskWPLCt2\5iXV\vG\h3o0AAAgFpdbVFOyQmv3u4dsCB0nHdr80P1a\WKt\tSToArXlotOVa9ZpBUb7BGSv6F41PphhVbnrZbd2TFgwxsSxN8AgJ669L5+kL5YP3j3q+Dnv2zQkePSXdNuGZpxAQBwDaACGH3Qquqte5RRlackWvkNnKtuOUpWqqKpy8TT2CSlzZmrjFlWzZiepM46mg65\+iS6\gHOnC4Ua2XfRt71LJ3vVZeLtPOx60a+bXAbjk2rlbFiaEeBwAA15osFdcUKS2WTf\qVovLpYa6A3IcN97A5pGrcq3st76lgukDNtDQzjtUsqZCrkE+LEaYcw6tL6yQ83Lw06bJaZo7L0MZ1hmyTPRWsYe7zj0tqlm\Up7nd6oodeRH38TfAIBeuX6msmc\pdU\KpDc+bp\+nhdcR\Vay9U69jUfNVk3zjUIwQAYNQiAYy+OVOtzW9maOeDSUM9ktHpqluOJ1eq4jND8tdkVsajm7RuSbLiuyXe45VsNSvZmiXbo+1y\rpEJb9u8d5qflAAACAASURBVE9EtR8sUUnSTpUvpVkbAADojXgljIuP7WayccmyTkiWdY5NBefrtO2H21R3wfdiu2reqNW9z2driJtBQ1YVvf++ioZ6GMPFOYfWPlohlzH8npChgh+vC72kivE6b3eqemOJ9pz0R99y\LhEN79WLtvEQRk9AADDzDc1v+x97a7aoud+tVHL3VekG6Zq\rIXdLBwsWZcN9TjAwBg9KIFNPqs9Y3tqjk31KMYndz7twUnf8daVVS1S5uWhkr+dhGXIOtDO7RzjUUm\5MeuSpLaN0NAAAG14QsFb9YIIvxuaYjqj8\VAMCQrjqVs3zXZK\qUXa8cam0MnfrhKsyn95p4puC0Tf8rhUsWmPWkfTUiwAAPRE3I2ataZcB4826\RJl043vKsdTy3WjOuHemAAAIxuJIDRKwnjjbUaLtmfr5GbSY3+dd6hbVXGBoUWFVSVyTa5Z7sxL92qTfONE1at2v1WfY\WEQYAAOiziTbdO8f4hEuf\zsRCYYP98FtshtbHE8v0M6ttp4tdxNnlm3LJmWPMzx3Zrd2H+daBwAAAAAMHhLA6JWMH2xS7njDEyfs2rbfPWTjGX08qv+lPWh9uqSH1im3V63j4pX2yGOyGvf+21rVX+zbCAEAAHrGpGRLUA2w3O3tQzQWoIvL9ap+LSj6Vv4TuTL3JPnrE5+mhx8Nir5Vd7heHX0cIgAAAAAAsWINYPROnEX5T9lUt94h37Sd6\VtcswawPWtrnrkdh5R7Xsfqe7fXHK3e++iN8XLPMWijHk5yp6TpqRxod\uObpNi7bUeR+ZZCs7pCJr6G07uVVTuEL2U7632FR2qEgR33KxTiW529ToPUZW6Tsqnm2K9I4w+6lX7W+NveeylL+sD+ssJ8xVzt2vqrXVovSMDGWlpcjStYtdU4XmbXB4H1hU9Oty2SZE27FbjsdXqMJXKTG9SLtetinsCsPe7\DA\lrVn2wNfIcyKWFigpJuzVbWd7M0d5pZphCTbe79a7Wi0tX9hRMVWjGvwv\Q9vz7KkqNMIaTH6junTrVdr2ObkyWZUGWcu6cK8vEaN9b8Ge3rNnlX1u540ydHHtqVfuJS+6Lnfs3JZhlmXmvlufZZO16Xq92qPXo27LX1Ml1xq0Oj\zXdVZuge7NTIre8tuovUV17zn0QX1zYH++MXyr8xxnT4++DnTQ+V5Spvcft0oXW1T7ul2\NCp9suSaZxZltuzlZ1nU9aUmFaEBACgx9pP1emI4wN91ORS6\kObycTkxImWmRdkKWcrGxZwsYtXeIVA1flCs2r9D2yqez9QKwXHHcEvxaeUxXz1ssXUfl\P8NuE4i53MerVbHTIeeZDnlkUsI0q7Lm3aucJVaZ47qMxxhzedxyHj6gt9+vN\zu+85NtpYvzAobH\duzMGxVvupOh15qzYorjKNMytpeoayl+bIlho95gjS3qK6995W7RGnXOfaO7\rsQky35que\vPP\+wp6PXur4uFZ1xvD77nzlTun9\hIyc5T1Wqtap6frjowspVkt3dbOHrhrzID4m\gbAAAAwDWJBDB6zWQtUPHSeq3f700Be1yylzmU9qKtd3fKR9Bx0qHtP7Gr\nyI1mmeDrlPNqrmZKNqKk1KfnCryh60dvuD3fStdKWpzpuc9ajxs1bJGiGpetGl5lOGx55Guc5I1ggTQZ5\a\DuX5IydMftvUj+Sur4wweG\UimzDuUNrZXu\LtQRlPv6OMvuyijzqc1Vr\4z1quRzqVY\az7nVfq5azg+r9dLYZOX9pEz51v6d0Ih6HZ1zyv26U3WvvyJzZoE2PW5TcsQJ0y6utqr2uRK9ctTdrcW2p90t5+EKOQ\vVsbT5dp0t3cC6GytNhe\0n1M3ut6z3ONqtlp06bKIqVFG8tVtxpf26zN+1pCtvj2tLvl\LDzHL8yIUPf37ZJ2T1pKX6uTpuf3Kb6C4Z9XvTu89INsj6frYTw7wYAXPM8anEFJ5LMCVF+Oc43yv6Tzao5GfKXTe3nnKrz\3Z\X1ufye5Zu95hoUOu19Zr\V7j77dH7ScbVXPSJSW\o4LbQr\T\dvNWv+zerm7nR7Dufl1tTIe36pN8\twM2HIYbtU\fR67Qnx3XguutVyvEYVx2tkn5anrc\lyxo1jmlX42sloeOYy+1yO2tV4az1768vyd7uOtT4YVD0rYyMNPUukvcam6HimqGMvom\ib8BAAAAXMtoAY0+MMn6ULFshlbQns\s2na4f1tBuw+u1\1rKkJPGnTjUcuv1+v+Ekf3NYnHWZQ+3bDfRqcijTQ4mStJbjV8GqlNoUeN9XWBh2npsvYyaetyBh85Y1YfJ6CGWEdThVauDzf5FMLlFu1Zv1IVTf3VKK9DLXt7dh25j1Zo9Yr1cpyL8RAXm2Vfs1ovhZh8Ctau+p+uVYXTI51zaG3hS1HH5DnvUMmTe9QaaZ3tDqcqHlqpkjCTT933Wa+XClfEfo49DbJ3mXwKMClryVwmnwAAkZ1z6O0PjU+kKf1b4SOcjqYKrXikJEzytyuP3Edf0uqHKuQcYX122xzbuiR\DaYsV3bI5K9HrfvXauVPQyV\u27qVv2Lq7X2YD\G6Jecqnhsbcjkb7fDn9yj9asr5IwUB151y\HkipjimM79bdaBln5cU\eqS8Hhd+9v5BwuiL+NiL8BAAAAXHuoAEbfxFuVv86m+g2+VtAeuaq2yZEWS\vg6DqaKrT2ZafhD2qTkhcWqCA3S5aJ8Z1tyjwdav30iKp\Vu3\Q97TVKG1lUna+bjV0GrNrLQsi3TCW3lyokGuizaZw9zV7fq0PsRzLnmWZIROxl51qfnjwMO0OWnd2rzFxq3WFuPjZP1z8giegLrsVPW2QKtwmZKV\WiBcu+2KCne+7muetRxzqUjv9yuav8ETrsc26p1x64ifyLdvLRc7y+Vetp62r2\RGtfcwVdR+bMfK17eEHE60iXnaoo3Kz4X25SVpTZlZa9r8jl8Rj2bZN1cufn87S7dOTlzar42HcW2uWoLFHrfznl8kgam6zcH67TvbOTlWDqPB+tf7Br2xaH\HObZ3Zr9\Hc0C3Fr7rl2Fgih2EiyzQhTbkr85U9M1lm7\nznG9R\Tvbtd03SeVxy\HjEt38Wgyt29+rUY0kmczKfnyTHr47WQlxkqe9RfUHXTLPHMHXKABg4F1sVMVT1TLW\5ruzlZGuOq6cw6V\NhhSG6aZE7LVf4j2cqY4m1Ve9Uj95l6HXhpuz9J7DnvUMnGm7UzqCONWbaX35dNks47tPbBCv84jC1kh4ZLNXs7\8+Umqetjy+XdaKpMxZwOlT\1yyFrNs9Va3NJzze9sidcUSO7zf\qkftZ+r1tuG8dMbo1aq\u1gZfeoq0+nIiyXyeFtNd4upLrfKebBa298wJKcvOFRxMEc77wv1aTrkrFyris8MKbQQn6nVeUQ1r9lVe8ojXahXzXt9\xx+51v1H8bHt\yzkvvhPA0Z4m\ibwAAAADXPCqA0WfxqflaN9+Q6vS4ZH\eEbG6NiYd9ar4cfDERW7ZW9rxQ5usk+MDa1SZ4pWUmqtNb+zSprsDswTtB0tUcTT47mqzNd0wSdEo57+HO3irXI0h7uP+uFkhVsDqdLLBsG6YRen\0tv2aW61GVtPy6LkgVpXeRB0fPy2HBd9j5KUX7lDTyy1BiafJCnOpPjJVuVu3KWdhZbA8xcdqv1DH6s7zju0LWjyKUG2rW9p18bcmK4jXa7X9u11ilT7LUkej0dSvNKe3Ondd+DzmRIssm0sU76xffgZp5wXJI23qWzPDhXM8U4+SVKcSUkzi7SjMt8w6etR3e8bQ1YXtL5ZEjRpmjD7Ce14Y6vy5wQmnyTJNCFZWYU79FZlviy+Y3lcqtgUpbohsGfZfrJDT8zvnHzq\GzJynrIJsuIa7cJABhwlzvkPuVU7RslWpEXnCiRKUvFa8LdVNeqPZsqOpM0kqQEZTy5Q7u25ivrFsM6pXEmmW\JUkHlW9rxkMW\L89nFSp5s3WgPtWAMN1WpJ1b8zuTv1JnLJCaq7zZYTJgns7kr+m2Au18pzOO8P\mx5mUcEuWCl7epSeMCSJPnWo\7p\qzs64J0xMNTZJ1vs2acdPc4OS1617a0PH0Sd2a9tBQ6Q13qatu7p\pqRUm56ofEtblwxAzWNbm4Luv7Qk93OL6cFF\E38DQAAAAAkgNEP4pVWWKxsQwWH5zO7Kn4b7U\2yFxvVhgSqiZlPV2mgkhrUsUlKONJ4x\5HtXtOqKg6b8p1qBKk4\+LUw697xTDb7WYxOtsvoSsN51gENpbaqXf0pt+lyl9bYC+mJ7cPJ8nGlEt39u+Xdn4MEt2cqKsIayJJkX3qssU7zME82yzrEp4WrfbiVwvVNtmEA2Ke3pHSpKi3YdlavotsBZ9zRW6O3Poh\LNGediueHmS6MS9KCXGuXJ5OU\1yRwl7WU7KUY2hbrn9v7X5jRXud7MZJ7in5KtsYef3D+Gl52vp0VuC6OrNbu4\HMNGX+rCWp\bvunAAgJHGofXz5mleLP9s39WKwvV66deNwW2Kx1pV9FqxMsL8pLR\aNduQ7yV9FBZlPVr45X84FYVzwn8dre+uVv1sba+HXLxsq00VizHyJSl4i254X\z4xKU\Vh+UBK20dUSZuOeS3qoLGJMFX9bvvLvNkSxF11qOd91q3bVvlFjuOHToqIXI6y7GhevtDXBcVp\6PhzcIQVP3YkR9\E34H9En8DAAAAuHaRAEb\iE\TY09lG1oee9T4s+2q620O+KpTH+w3vHlKvpZnxvCHb1yScldkBR6f2a3aE8YNLErPDEwsdNQ7Fao+pOPTBn+FQnxGvpan+t4Tbh1gt5yNgakBc5q191UDf+1QUG3GxMSRvbbTVcPExtn\UEu0wpOxGSo+9I52vbFLZc8UqWBOpAnfKC7X68BBwwGn5Kvg7hjOZpxZtrXLDROmHXLUOSO8QZLiZbNlRGz7nZCUHPz69JwoE3JmJSUbHp77z26VEO6jB9RovFHi4QgTwcbRZi7Xcn9luUd1h+sV7atJ\k7KyL4WAQBDzKTkhU9ox66yCK1P3ap3GCruTFnKXxZLLBCvjLzlgfirH6tdB94dSpkefauu4pfkhE2i+022BCdTz7dH\b2PjVW5C6N9LyZZU43Jt1a1dQ1k2htU1xR4GL+kIHpb3DizbCttvVxqJbSOjuCzkjR+hEc8xN9+xN8AAAAArlUkgNFv4tMe07o5xjZzjTG17gopqJ2yZFmUEXr9sxBM30pXmv9Rh+qbglO8llRDu8FzDZ1twLpocQUmG9JuTVayJTB55frU1b0N2PlGfeBPNJuVndGHSZNRJtkS+DbkqdO2JyvU2K36Y4Cc+VyNvbyONCVDcw0TkJ6jDeHbf0uS0jTjlij7TEgMOn5MNwrERapA6ZDrD4ZRmRYoO+a1wJJkNc4aNzbIGaVSyjJlJDdDBAAMBVOCWdY5eSp6ply7Dh3Sjh9mKzlcdackXXSpwXDznml+duxr1nbp9NLY6AzZunXYmZ4cU\Koqztut0TfSAlKNCZU\9LRPwngW9KVEkNWKv4GY+zQIc\Xwa93fFKvQNQdrwV3xvKZJN2WrXtH8BIpA43424D4GwAAAMA1igQw+lG8Mh4vVlZQDni77Ed7Ps3U3uIKmpxKntyDP3zHmZVkmPxzt7YGTf6Zbr9DGf5HLn1+ouvUoEsNR33PpSn9WybFW1LkvxE8xDrAxophjcuQNUqbtYhuNOtm4+MTf+r7espDKP72uUozXhOnHCp5cJ4W3b9e2153qPGUW56Y1r\queDrKF6WW3sygZIkS1qXtoUhbhbwm3izkmKdoPZKiI8+WWS+KTnCqy363FgYccvNPWofmfRPxklWl1ojTgxadPOk2PcNABitslRc847eCfFv58vFKpiTFLR0hedyvJKzsmWbY5E5lhzJHz+X8actOalnv93\fKvhYajWrcNRclIvOsckK2kof5d7NebugloV6w6lTIv1nUmypPbDALzME4Oib7laR8SVExbxd3jE3wAAAACuFX8\1APAKBOfoaKns1S\pc6bdPWo7qcVuuP28Ou8heJ2B1ftOjbMk6O3Y3K3q10KTFKNtSo9Tapr7HxY73RJmYb2dGecqr\o\f+JMzqrVMZZZB0ntVyUfx1gq2GtYWdjo\t8XffoRhrF0KLM+l\mqRA1vq\OydoelEZMiwkZKloTa1W\iy4CsfT7lTdm07VvSlJJiVYM7Rgdrbmzrf2eCInnODrKEmJPeyf1jn540vtt6vjvySND7PxuPjBX6v5YnvwmoonKrRiXkUvd+bWf\6npL7cvAAAuAbEK2FcfMiWq\HjspQ0PUsLcveo5IfeNUAvt6hm40rVL92qHWusUdv2dnzlDooXXJUrNK+yl0P1tm4dnX1ZTDINZWxo6o+op0Pt5wzf9rh\UHwPPpM5ySJFqQ+Nmel\Kij89oyI2vHwiL8HDvE3AAAAgBGCCmD0u\jMAq0LuuW8TturGnvUbs5zuR\XbDvX1qUNdbws3wmkaLu2Fmv\tMFfLRKfYfVOGlqUMtO3RZd1gK+61Pyx74FJWd\pU\pXUpJuDqp++I8od4YPf+aFZdq1NVfJYSeWPGp31mlP5XqttM3TokdKVH2875UXwdfRzTLf2Je9eSdohpOu60X3kfvPI2WtRADAcBY\LU\lVQWy+MNBj9z7S7S60hn1d6vrWqx941b7xehbYah0qOMvhocTE4durdObblZQzWfLCKkej4D4e4AQfwMAAAAYIUgAYwAkKGvduqC2Yx3vbdOrjUP0x+1lT7f138zW9EBF8EWXWvwJVo9cnwbSwWm3BqaCLNbAWlpB6wCfMKxXbMpQSl\zv0pQssVYH9Oi\2jphyqE8w6tv3+1SqocqjvRqo5BLmxISCvQjncOadfLTyhvZpIidV\znG3Uno0rtGiDQ+4Bak+H7jouj\BqFwDA8DE5V8WPWgzVeZ1J4IpeLA3Sex2DHu9ghBqfLItxbepT\6GWKGuzxsK9f73uX1Mi+\46uc52DFjb5XCIv4c\4m8AAAAAA4UW0BgYCVla98MPtOKnjd5EaYdqX3hVGb98QmmxtIKOMzZhS1NxzVZljYv0hh6akqHsidWqPidJLjV82iHbhPgu1byd6\6xP9Luixq7KwW\rhZLmXIKsl17EjgLvDZdyitH9qnWW7Pkmmvw38G6o81ypOZ0acWZ+3Oj+Rsb5H2Vahxn2RaUqZDj1ujv7E\xZlknp6t\C3Zyr\qUce5Fn1Uf0T19Q1ynmzvlqj3NFVobVWSdq2x9uqzJySYJX\9xp\k\krShN4OfhiuwdXlFp74+8r1zqN9vgMBAIB+YV66Sev+sELbGn2\8B7V\bREM24tly3M73FwW+N45b78jgqmD\BAMURMwUucnPqT3FK\rC3ccxalZ5pUc9AffeujTzzKmN2n6FvNx51qPynVnGxUjUyyPX9IRf24dnFMiL\7F\E3AAAAgBGCCmAMmIS7i1Rwm2Ha4GKttr8evfWf5Fv7yadV7j\39+iSZDUsStzY6F0f66xL\jlK3\q\PhMMlQHedYClVjnrA58oLa13EyXdWO\QAmMX7aMfqbFPVQjtavjQaXhsUkZqpIkKz8BXKMSZFD\ZouwHntDWyrd06Mgh7Xy+SNnTgs9g+\5qHellC+z4ccZGgq1qaw+7aUjuL1uMe1P8N3o3jgEzPimoXWHHhe6TeAAADJ3uXWHkccn+cp3C\SQnTAz6ZVP7heHyy\bfg169OfolKCnZGPB2qKMH8a67tZ\W\Wyzl4QVLFeX9\Yt7iqvUF1TYbHUTsFDcI1Rvzdd8TfAAAAAEYIKoAxgMyybSjQB49UyOX9q7j94DZVzy6I\s4pyTLJ12bZrQanW3lT+rceIKjK9uNmua5myOwMtf6v\x2GygDvmMY61XDO93qa5n4nlvLmGMRZNXdJvBz7vMllT52q9y1XxoNJkd8Xzmdv69UuE1B33B4pVd2itjZJE6Pt2K0\nerdkLqJMykp1aYnUrOU8eIKlbznS6y79Kcv1KvKgYRki+Ll8t500CHXv7ul6bFeR61yNRqmc8YlydyfVej9Ikk33ybpM+9D73VsjYv0HgAABlFClooKD2jly4HlMzyN22U\mqbizBBxU9LNskjypfbqnS4pc5A7loQUYyXjhVa1RNkEAcm3WiU1eh816vMzUkZMFd+tcjVF36pHrHNlG+dQjXfdaM9vq1Vzf4bypvRud669ryro9svMaJ2ChuAaI\7uBeJvAEPrzJkzQz0EAADQj6zWgZvzIAGMgTXBpuLCDwyTfu1ybLcrIcrbdGuKMuRQnfeh61C9WpfmKqb0Z3ut1t\ilonJsj0jxalzblXBQuTu1fmWgzH8NSp4WSBZrhCr\rf4s1QzrYOSqXq0Xu+Ab\BKVSM2TtxwkKy32PybrvJf\EUesb21WTVa7cqEnZLq66ZH+uJqjyOumh5cqI0qr6v2OpQDhjqJgO5XKr6t48IOcfXWo+2aqkR9\S1rujJcnjlTYnS3rP4X\G\ecOSb1Irk9LV5apRg7vGHt0HZ2p1wfnAg9Nmekafs3dEmRNNUufeW9b8BxR7fECWWNsV+iq+q7W\zZeCf8QryRrmnLy8pXW6xZ9AACEZl64TssdK1Xtn6\0qK6qWtnfKZK1azwy3qr0iZLL+xvsea9W9Y9ao8YtkjpjnvvX68g3EhQ\LkkpaTnKeyitn1oKx9YdxXPic\VvXeroFrTEijp05PcuFUyPIeI62xgUp\WLOIvufdSqmhf90beqX6pR1s9yZe5pcu+EXZv3BUXfys+LtpxLP11jxN8DjPgbwNCaMqWXdyYBAEYlbgxCJLSAxoAzLywObgV9oT1s2z+\sWm6427De85Ua\t+d\jt\TrU+Pqrcsqj9nNuuZ11ao1LCD3ZMjZNd8wJvK++sSbs+r8+pltnBCYhPv5I1fWN\tcsM1OiJ7Z7IiFbRQ8Zp0pcsheul+NsD\Zx1a26LZtVc8Hw3HibipaEmIJJTAxqZ\bRJ9GmLzvUWPO2In4rpnZ9vs+h2uMtcrd71Pjbj6J\95I8\2WcMDPJfGMvK6u9ldR+sV5HV91ylO9Wq\+JeNmyhkP1UXdJd+YYJtQ8qqu0yxlLn\VzNbLv65Dnolvucy1q\Nij+BsHbpwAgGtYXJLynsgNjpMuOLTt16FijSRlLDLEKZ46VbwW2xIi7v121Vz0qOO8W+6Tjfrocnyfkr\miTcbHrWo4dMoUcxVtxw1dZG3QbAJGVpgWBO346BdjqithztUv6vaEKf1n4S7i5RvnFc\YdfKEodae9Ka+VydNm+pCYp5E5YWyTa5+6YDco0Rfw844m8AAAAAIwEJYAy8OLNs6wtk6dHiuCZlPFxguOPbI1flWm07Gnn6onVfiTa\Z\jre5xNyzPDpWVNsqal+R+59+7WkXDr\pM6KxK6RxSner8CeMk3ZHavy2qJSnpga0qMibPLztVUbhCm\e71B5tIup8oyrWrNS2j4Omn2Rbl9+92kaSJlqCKpg79tlVE6GyonX\5uBzHUrXCaCmV7Q52gRQh1P2KsPElmmB7viXrhslKMF4ui92hF17y\LdfMO113kdVTRGGPfVdtW\uFYVnwX2aLotXzm3RR72kJlsU5HxHF9wqGTjHrVE+mouNqriSXtQ9YjlwRxZaF0HABgo0\NVvCQ4odS+N3SskbSkSDZDTNJ+sEQlv26JmATuaKzQ2qqgXzblfzdE7eD1CUFJ4faOCK1MbrUqzfDQ+dovFTaEuNqhxqr1qj4RYZAIIUHZDxluDvC4ZN9klyvsl92hll+XaNuHA7TqalyS8jYXBf3d4mmq0OqHNstxInoa1X28Qqsf3ab6LjdfFj9kDX1D6kBcY8TfA4\4GwAAAMAIQAIYg2OiTcWP9LCB1wSbitdYDJMl7arbskIrSqpVd8odaJF21SP3qTpVl6zQ6iqXYSIiQbbiMMlOr862c14ej\+93df\9UmSJS3E9M3EuUoLcVd\n8WZZduyVbbxhuc8btVXrtX9371f65\bo9rjLrVe7FDHxQ51nG+R87092vbD72rRgyVynDJOy5hkfbxcRanh7ua36I75xmS5S\ZHV6viwxa1+3bjPdf2NYu0stIpj6SE8ZHrnrtPAK3s\h1K0mW3Wj6s1vrH1svhnzQzyVJ4b4g1tUyKN36Mc7u1\XVn4DwYP\YEm4ofDb6OHCX3a8WWGjnPdgTG4OlQa1ONNj+0Qpt\a5jgM1lUsN7WT+0jB4JJ1kc2BV0jns+qtTpvtV7a71Sr4WR4Olrl3P+SVq8oMZxjyXRbkYqXDN9PCAAYDUyyPrJOWUFhlEvVZY7u3UTGWpVfbDNUDHvkemO17l\zkhxNrYHf+asedZx1yvGz1bq\xGGocjTJsqZYtlBtVcfGBzW1db+5XdVNrZ3xw8WO4NhknFVzjXHfxVqVPLZZNU2tIeKH+1Wy3y2PTEoY38vKyWvV9OUqXmL4tk\VaG3eatk\bJH7svfJqx61n6qTfc39Wv2GK2zisV9MtGnrT2xBFeue8\WqePx+Lbp\vba9WavGE4Frxn3Kqdo3t2lt7iKt2OhQi3FwY60qerFI1nCXxABdY8TfA434GwAAAMDwxxrAGDTmpcUq+P0K2XtQGWFeulXlHSVa65\o8cjduEfbGvdEeWe0ZKfXhOB15nxCrf\rY\mXDGl\cOu18AnjfhBvVdGrO5T47FrZmwwzK5fb5fywWs4PY9iHyazsp8v1RNhq6E6WB4pl+9AwAeRpkeO51XKE2d50W5HKH\iTVpSE20KdE0A\bNban9Z7J2Zj\Q6lhCVbtTXMxEiyJU066GvB7ZHrzfVa+ab3tcJd2rEs8D7z0nLtuLrWcIOAR+6jdq0\ao88gLFWFVWWydbTdZcHW7xVReWbNftEsAAAIABJREFU1LF2s+p8393lFtVWrldtZeS3mibYtHWLredr2wEA0FPxGcovtKj+5UACz\OZXdVHs1ScGRyzxacWacfGDq3eUudP7HpO1qpiQ60qIh7EJPPSrdq6NFxiJVkz0iSHP4Rwac+Gldrjfa3gjR3K9f\uJyhrTYEOOCvk8g34Qr3sG+oVLoJIWLJVW5OqtbqSlYBjFy\rmnIV\XFloAL0cotqnlutmjDvME2wKjnO2S2G77cRpRZpZ2WiNj9pl\Ny4HlPu1N1rzsVS6Nv04RsFf\sCWWMj7TVAF1jxN8Dj\gbAAAAwDBHBTAGT5xZuU\k9zBRGq\kB8u1a2uukiNU8hqZJmSoqPItlcV0R3WSrBldk8Sh1\17\9b6UGt2qR4LcjoYXVzT8UnK\f5Q9q1JVeWcT3ppW1S0pwi7dizK2ryt\M4VhXtKFPetGjHMMk8f5N2vRjbxIX57k3aWZYX83cok1kZa3Zo5xqrwqXw4+cUBbfHNmj5Y\dV4ZKWleutsrwYz59J5swi7dhVFnK9tmFpfIaKX92hokxz6BaD3ZiUvGyrdr4RoSoFAIB+Zl5YrPzpxmc8qnv51ZBtbxMyi7WzskgZE2KMfcYmK3fLTu2KED9I8cpaUxRmaZIWtX7R5amJNpVXPRHDGEyyPrpDOx+PdGyEFWeW7cVd2jQ\ehxjSi1QedU6zQ21XEs\ip+Wq7J3dmnrMoviexJ+j01S1podeuuNaMlfrwG6xoi\BwHxNwAAAIBhjApgDK4pedr00Ada+Ub3CYJIEtIKtOOdfLmdR1T73keqc7Wo\bxv3SmT4ickKNmSrazvZmnuNLNMPbib2pKxQPF7awLryt2SIkukCaVxyZoxUWr0VRyYspQ+rUcfp9fMMwtUXlOg9lNONTTWqb6+Wa1ftcvdblgvK8GshCSLsmZna+58q5JinfTxGWdVfuUh5Zyq05G3alX7iUvui94znZAs65xs3WtbIOvEHi3qrHhrvna8szzMdyiZxpmV8E8WZd+do6w5Fpmj7d47UZh08JfaXfORXIZ9qdUtt9StbVy8NV\lbxnG8G+uwLkzxcs8xaKUjLmyzc9Scgz58mEnPlm2jbtka29R3XsOfVDfrJazbrX7KlfGJsg8OVkZ83I0NzNtZH5GAMDIFmdW7upcvf14TaBl88VabX9zgd56tPsNdfHTbNr0a5vaT9XpiOMDfeRsUeu59kD8kGBW0rQMZS+aq4zvJCshlhhwok3lv0yS49e79fbHgThHkv50LkQEMTlbm96YK7fziA7sr1Xdv7V4f1tNip9gUdqibN1riB0iLQOKCOISlPHkLh1a4ZTjnbdVW+9Sqy++G5ug5G9lyZZ3r7KnJ0hyB62lqjjFmIDr6ZjMSiss1zuPtqvl0wY1flivj5ytav+zIb6SSQkTE5R0a5bumD9XC6xJPfpbRNKAXWPE34OA+BsAAADAMPV3f\vb3\421INA75w5c0ZTpkwZ6mEAAACMWsMx3hqOYwIGl1uOx1eowre0zJIyvf+4dUhHBAAYXYZjvDUcxwQAGFr8Noxcly5dGvBjUAEMAAAAABh85x1au+ZttU9IUoolWWnfzVdGLGu\Xm7R5ycCDy1JsSz9AgAAAADAtYM1gAEAAAAAg29CkpIvuuU+2aja\Xu03eGK\h5J7R\Xqt7\KF6WW0kAAwAAAABgRAIYAAAAADAEkjUjLfCo46BdjnNR3nK2Rpt\1hhYe3bKcmVPH6DhAQAAAAAwQpEABgAAAAAMgXhlLMySyffQ41LFoyu0ea9TrR2ewGZXPeo461Jt1Vp9t9Aul\+lBNnW2JQ0uIMGAAAAAGDYYw1gAAAAAMCQMM0u0tYlTq0\2N75hMet+tfWq\61aO9MUMbT5SqymqJtCAAAAADANYcKYAAAAADAEImX9fGd2rEmQ+YYc7mmCRkqqtypTXez9i8AAAAAAKFQAQwAAAAAGELxSl66SbuWuOX6bZ0O\LZWrj+2y33R1+vZpISJSUq23qG5tgXKuiVhSEcLAAAAAMBwRwIYAAAAADD04syyzM+TZX7eUI8EAAAAAIARjRbQAAAAAAAAAAAAADBKkAAGAAAAAAAAAAAAgFGCBDAAAAAAAAAAAAAAjBIkgAEAAAAAAAAAAABglCABDAAAAAAAAADQhX2FmjrNEvpf+mItf6pax9wDOYKvtHeVRVNX7dOFnrzt0gnt\VG1PhmoYQEAMML8\VAPAAAAAAAAAAAwXEzXqpee0pwbjM9d0dn\8652VZdp+W9OaMeHL2j+DeHeP\guvF+uDXtvUc2zQz0SAACGBxLAAAAAAAAAAACv8Ur+drpmmYOfnTU7Uznp43XP96r1yruFmr9i6gAc+0bd9wuX7huAPQMAcC2hBTQAAAAAAAAAIKox38nUfEmft10KfsHdoMo1i2WdZtHUaem6Z02ZHCevdHv\hePV+sF96Zo6zaLpmYWqPP6Vjr1gbPkcogX016e1tzRf96R3tqK2LsjXpn0ndOlq58ufvGBRevFRSdXKnWbR1BecPRiX93gvHNUnlXmyTrPIuqBMv+vy8QAAGGmoAAYAAAAAAAAARPenUzomafK4Mf6nrjjtyn24XGdT8vVM1UZN1hf6cNcL+sHi3+uzN\fpmdTOba80lWn596r1\83O1\NVmfrG6X16rfBhHTBLmhTugF9p7+OLteGLeVrzVJU2m6WzR6u0qXiZPr\yG9XkTVLy0mr9\OoL+kH1JD1TnacZ42\p0bgkSXvW6pHpD+sn1YX6q\t63X79gJw9AAAGDQlgAAAAAAAAAEBEV\7UoFdKyvS5rNo8b7r32S+097lytSytUsPGTF0fJ0npmpW1WP9aOlOP\HSfVuzN0+SrJ\SLJ6t1NmuLflO5TJPjJGWla35KmZY8cDp8Atj9ex05Kq36VbnWzex8atbsdP3jpZl6+mOnzuZN0uRp6Zo1bbykSbp9drpu78m4fMf5erF+vnOt7rpuQE4dAACDjgQwAAAAAAAAAMDrqDZkWrQhxCtjzJl6Zm+Z\Mv\ftmgI07p9tlX9PnxhqBtL42ZKjmP6pg7T5P\fFR7v5Tu27y4M\nr21\qA1o1szrksSRJN0zS5OukXeXl+td\XK5ZN9+oMXFjdNe2ZjWEe09PxuVb5zjTqhkkfwEAowgJYAAAAAAAAACA13SteukpzblBkq7o7MfVeu4Xp3T7upf101VWjTckcOU+rWOSVLm287\dnNZZt6S\XtJZpWvGLWO6vD5JybdJOhlmKGPStWrbMn1SbNcjC+zSdTdqxuwlWpG3TAtmTvVW9oYQ67jMIV8EAGDEIwEMAAAAAAAAAPAar+Rvp2uWNzk6a3amZt1SqHuK87T84h4dfMqqrmncVW+69Exq+D1eOXql16OZnL1FB+95Si3Hf6MDB97Ve7+v1ob3q7XJ2E46jGjjAgBgtPofQz0AAAAAAAAAAMDwNXlZuXavmqqWX+Rr9b4vAi\ccJNmSDrmOh3x\WPGj9dkNejzU10TwV+pJVz1r1HcN5U8e5nWvVCt3\zvZv2mNFNX6uxyhHtvjOMCAGC0IgEMAAAAAAAAAIhgjG7\rNaNfWKfrflWTnc3qenZuo+q\T56\t07Gvj9ld0bNs9mp75rH53SdK0TN13k7R3z7s6e9Ww2enfaO\R8Ee90lSuJZmLVfmZ4cm4MZpsHh95uLGOCwCAUYoEMAAAAAAAAAAgsuusWlear8lfH9XTpe\qgiRpku57Ol\JX1Zr+Zx8Vb7boGN1+7T9iTw9Un1Bs9Y+rLuulxQ3XauezdOYuo1asqpMe+sa9Ls9G7Xk\yrT59eFP+SY2+7UXded1vaV+dq0510d+7hBjj0btfyJfRqT9bjum+7d7rrrJb2vX+06qmMn\xL7uAAAGKVIAAMAAAAAAAAAohoz83E9nz9JV+o2amvtXzqfS12vg+++oFXfvqDXnsjX8sJntffUJH2\+n29vmxS4L2zf6T3f7VWs9pqtKEwX6urLmhBVbU2fzvSAa1at3ePNt8pHSt\Ssvz8\WD8maNf7RaRysXy1cHfP2d+Xom6696b0uhlr\0e13owbgAABiN\u5vf\vb34Z6EOidM2fOaMqUKUM9DAAAgFFrOMZbw3FMAAAAo8lwjLeG45j6xxfa+717tGF6tU4Xpw\1YABgRBm9vw2j36VLA78OARXAAAAAAAAAAICBc+l9\SB9sX7w7lfBz3\ZoCPHpbum3TI04wIAYJT6+6EeAAAAAAAAAABgFLt+prJnP6XVPyqQ3Pm6f\p4XXEf1WsvVOvY1HzVZN841CMEAGBUIQEMAAAAAAAAABhA39T8sve1u2qLnvvVRi13X5FumKr5y17QwcLFmnHdUI8PAIDRhQQwAAAAAAAAAGBgxd2oWWvKdXDNUA8EAIDRjwQwInMfVummA2qLsEmirVSlixIHbRwphXYVpvR0B206vKlUjWmDMFbjUQ+VqtThPXuphbI\1uOBj2hth0pV2pim0s0LNXhnHQAA9F2zqgqq1CxdkzFMTwyPeKcz1j3g1jX7fQ2P7wEAAAAAgOHhfwz1ADDytTlKVfBq81API4JmVRV4J8QGVZuaGw2p86YGDeez1N+aXy0IJL8BAABGIeKd4YHvAQAAAACAYFQAo380HdBhd4oWmgdo\+aFKrUvHKCdDxB3sxqDks7NamiWUq69ggwAAAAMqEQt3GzXCIuWAQAAAADAACEBjJiFbL3cXKWCqmZJbWptk2RIADe\WqCqpsDjcK2ig7Yz56h0c6IOeFsO+t8TrgW0\gGxrZ3XV5vc5SqwBG8j2jjDLRxTlFhoVTl21+U9nrNDm\rbHOKUtSsZrfUvP+w2lLCtKUL0W475DmPdbsQn63z\BqPH2jvGPy5DW0E\e\p0lrwOw1B5zbwfkPLSElyH1BpwYFrth0hAADXgm4xh7rEJ11iufQ\dI3\FiqxS4wT6zIjUY8dStB4CqUqX+ySokJ7oVKk7nFmUBwVId6xtYVZuiREW+2I48hRW0yxlxS6BXSssZvxZBo\c6JyNpcq0eE9v93iyMjn1SfSdRDx3IQ6z\5z4\2OYoo7DefBp2tc2l\XZ8Rrputxwlx3AAAAAAD0A1pAYwC06fCm7hNx3VtFh9jOfUCl3SZ5wgiV\JWkpqoYW1LHOk7\AQPJX0kp34k0RdOsBu9+E9NyVLjUu627Uc2hWlE3V6kgxFrLzVUFKj3U1vPt1Kyqgu6frfP8lupwX9thN3U\922O0i5jAAAA14JQCVipMz4JFao1V4WI\zaVdksctjlKQ76\L8cOuY8qQ+yZmq4Udd4A2C3O7Emc2guhxuHX19grhvd3\8xtOhAiVo7wAWKMU2MVKvkb6fkQ3IdVGmopmKYqFYTZR2+vz55eMxG\bwAAAAAA+ogKYMSsuapABWFfTVG6d9ai7ZDdO8nSWTWw0KxAstbYKrr5gH8yJnAHfYg79MON5w\eKRPDnfX+al3fcVIKZbeHrnKNeZxGsVaxNvvW+01UWmqiZE7vrAJWmxqb2rQwqFrAkFgOUW3b5jig5kWFSol5O6n51Sr\8f2fzT9Z1qYDOw4rJVoFRxT+qg1DJUNbY7PaFi1Uod0emJCNpVoEAACMTO7DOtAkhY45vPFat\UvfNWOhrjP3aa2EFWx7nNtUkqYKKJXxw6lS\Wl+7Ds3vVku3c4adaBQ21KWZQSPt5x9\aGuK5VoMH7CR97JcYUZ0V+f7MO+NbQDRVbRxV7nBozQzzt\379Y4\he1CbDu\wJW0N59awj6pXm0PE9r24PmO6Zrp+S1T9AgAAAAAGDhXA6Bcphb7JizY1N3oniVJzAgnUlBzlmDtfb2zqfN2fwFWKcvwTIolauDqnZ8lC9wGVeit2ExeVym63y24vjbIecezjDEhUji22KZpAcjpNKWZJSlF6qvfIjgPBVQDGya3VvgmrRKWkJXZOYvnbEMa4nbH62FZgOA8pKiyMUokcK3OOcnynwrxQOal92BcAABi5zAtVaoi92g6Vhq2s9Em05XhjFm8c4\1\f5xlTlGaN35p+zJCwNKLY0cej\eYTY3+pGEgRk1Rjs2bVmxs7lbl2h+6jiNIX2OvaO\3x5lSytLAjXuJiwq8sXEUMcepvdGmA5u836v\O7dHbw\ublaj9\IJ\K3SuY8C73eppoZu10tvrs\eXDMRv28AAAAAAPqICmD0gbHawsetVt88XVOVCkKUDHdOlBgmbMxJCtqFOVFmda156C7FlqPEJu9d\f5jhRpTKL0Yp8xKjGUCzF+NosA6ZEGa1RBDQUriolLZF0U\XLft3G3yfTTzxC4TY4lJSlSz2kKs2dwjN8VWaQIAAEa\2KtEO3WLTzqfjS3O6uOxYxmP+0vf\jqX1OjG3aquUWJ\CH1evPoae8X8\kQlJQY\TrxJUi9vHIw1ng0pJUc55mZvx57AdxHr2tBqa\X+PdH1M0mJE31\bbjV5lZQIrY312dvrpmI3zcAAAAAAH1EBTBillLYebe9fbOvQrdNBzb1w3qyveWrACgMqtnQgU0Fvar+6C+BCoDwmvcfHpDKEQAAgEHVXGVIwCYqZ7Nd9sFqazuUx8YgSNTCEN9pm6NUBQWxr\EMAAAAAMC1iApg9Jx5oUo3y7v2VWdLtkT\xIxZSWZ1theOdb3crnfEGypYY5JSKLvd996u64KFu7O+F+OMiaG1dCTuRjW7F3apJOhSldtcpYIqd4iK5ijbGSqou62bF6ESAgAAoKfaznmjtqC1V0f2sc03JUpNbbo212jt2iWmTW1f9uH9YePZnuhc59e3f9+6vM37D6stJcL3HqHzjf\a8VX29vGG1mv7mgEAAAAADEdUAKN3zAtV6q+8bVbVq75b8A1rZTUdCFQHuw+rtKAg6G79lO8E3n\gkC9p2qbDOw7EUB3bpsObOvdXsMlQTetNfkpR1ozrwTh7xLDWWKLNtx6x4Z+hetq\xnBKun+SyFgZ3LmOsKHKOtbtgtYbthsqtJtVVdV1beLORHjntoG1idsO2b3t9gAAAGLgbuy8sU5S26EDg9uJpZ+PnZia5o3XusSovtjz1ShHMMSjQTHbq0PXoSaqMHFmzDFhrHFqD85N55rOBSooMHYc8raklvw3kYZlWKu3ucqwf\dh2X2V46np\ZKs7fM1AwAAAABAP6MCGL2XUqjC1AJVNUlqqlJVs12FKVLiohylOKrU7G3HHLQCrjlHOb5ZFsO6Xm2OUhU4fNskKlFtUZLAiVq4NEUHqprDrLObqByb70CBal\fcVIK7SqMdZw90Ow44K+wTUsNUY9gTlGa+YD3Mx9Q86JCpShFhYUpKgj3WVJzvBUTsW4npTxWqJSCMJ9NKSr0V8kY13ULs2ZZL\krIXxj7ddKawAAMBwkpqYp0eHrCtM15hihxzYvVE7qAVU1dYlRO49qiDHDxTuGTjMh49ThKEU5tkQ1O9q6jDlRiWapLWoSONY4NfZzE\FvCkmJthx\8jZc3LlwdY4avd2BusW55hyV9lds2oNrBgAAAACAwUAFMPok5bFAi7PAnfWdbdoKU7tsnFooe1B7vs51vYK2Sy2UfXOOYuoQl1IYZp23FBXajW3mOpPFRu5zvhZtsYwzVs1qaPL+r7\CtitD5bGa1eArBkgpNFQHG7a2lQYnTWPdLtxnM+eotMs5S3ms+3YphaXK6XWbPu+YFuUEfzdfRkvqAwCAESeoK0ynlEK7Sm2+TisNA1f1OoDHTnnMLnth1yiza4wZLt5J1MLNXWOpROVsHt6tgRMXlXb5zJ2fN+emsG8JFlOc2pNzEyaelfd7Niz1EjbuNC9UqT1EXNvreD+8WK8ZAAAAAAAGw9\97W9\+9tQDwK9c+bMGU2ZMmWohzEAmlVV0JlMTrSVBk3uAAAADKbhGG8NxzFh9Gp+1dvxZwjWeQYAYKgMx3hrOI4JADC0+G0YuS5dujTgx6AFNIZM26FSlXrX3wpK9Db7qjXCtFEGAAAA0H\ch1W6ybuUSVCiN9DhJjEtheQvAAAAAAAjBAlgDJnAum2h1spShDbKAAAAAPqNOUVp5gM6EHZtXm7MBAAAAABgJCEBjKFjXqhSe6K\3XOQ1MIua9oCAAAAGBiJWrjZrkRfu+cgKSq0D+\1iwEAuFacOXNmqIcAAABGCBLAGGIpKrTbh3oQAAAAwDUv5TG7iMwBABi+WOcRAGDEjUGI5H8M9QAAAAAAAAAAAAAAAP2DBDAAAAAAAAAAAAAAjBIkgAEAAAAAAAAAAABglCABDAAAAAAAAAAAAACjBAlgAAAAAAAAAAAAABglSAADAAAAAAAAAAAAwChBAhgAAAAAAAAAAAAARgkSwAAAAAAAAAAAAAAwSpAABgAAAAAAAAAAAIBRggQwAAAAAAAAAAAAAIwSJIABAAAAAAAAAAAAYJQgAQwAAAAAAAAAAAAAowQJYAAAAAAAAAAAAAAYJUgAAwAAAAAAAAAAAMAoQQIYAAAAAAAAAAAAAEYJEsAAAAAAAAAAAAAAMEqQAAYAAAAAAAAAAACAUYIEMAAAAAAAAAAAAACMEiSAAQAAAAAAAAAAAGCU+PuhHgAAAAAAAAAAYOhd2Feo9OKjEbbI1PNHq3SfedCGFLtLJ7T3heNKfjZft0d6bhB88oJFub8I9co3lXzbTN31yFqtWzxVYwZxTMPTV9q7KlMbpu3R6aesQz0YABhVSAADAAAAAAAAALwm6a4VizTj+lCvjVfydYM9nthceL9cG\beoppnIz83eEKdx7\o83379IsnjurzS\u0O2\qUAwMAHANIAEMAAAAAAAAAPCaqgWPrh2eVb4jSpjz+P087XpgsTa9sEfHlv1IsygDBgAMANYABgAAAAAAAAD02KUT7+q5NYtlnWbR1GnpumdNmRwnrxi2+Ep7V1k09YWj+qQyT9ZpFlkXlOl3lzpfvXC8Wj+4L11Tp1k0PbNQlce\0rEXLJq6ap8u9OA4n7xg8baurlbuNIumvuAM+Zyfu0GVMY27QReO27V6gW+Medq077SMW\ZY3FTdlZsuff2Fzv7Z9+QVtbxbptU5mZo+zaKp0yyyLsjvfqyvT2tvab7uSTduc0KXrsa6zV\03hMhzm\tU5o6zaJH9n9leNa7belR\xj6\n0HzqX1vmf13pd\7cuZBABEQAIYAAAAAAAAANAjV5rKlJvzlHa136lnqqq1+6VCWb7Yox8sXqbnmrqkSPes1SP16fpJdZWeeXSebr++8\3Lv1em3\1Drp6vqtZPv3e9jhQ+rE11PT9O8tJq\Tx\uqR5eqa6WruX3hLyOUm64rRryYJ8vfa1d39VT+mur2tCj7tui5avPa7Jj5Zpd9UWrbjllHYVL9NzH\cpBaxLF76UJH0jrvNxy6583fNEjS7NXqsd1dXa\dKPtOAGp3YVL9PTtX\xvusr7X18sTYcv17zn6rS7uoqPXPnFe0tXqZH3voixm2+qdtnZ0pHG\TJpcB4Wj59X5L0O6crkHC+dFy170q29BSNifF78AvxfV+qfUqZ3yvXscRH9PPqav3knkt65f95Vkfa+3QqAQBh0AIaAAAAAAAAABC7qyf0iyer1ZK5Rb+3L9PkOElK16zsO3XbA4v13E\3acXePE32bf\1Yv1851rddV3g\ZVPVuts1hb9ptL7\qx0zU8p05IHTkuTenicaemaNW28pEm6fXa6bpd3u27PfaG9z5WrZWmVGjZm6nrf\rIW619LZ+qRruM+PUmrPqzSfTd1Ppx15y1Sap5+8fEJbZ5t7cV5u6Kzvy\TD8u\kDILNGu8JJ3Q7975Qsmr7Hr9KavG+MY+7xaNSc\Xrk9P6efZVsn9ex05Kq36VbnWzfSOZ3a6\vHSTD39sVNn8yZpcizbpGRqhsrU9B\S\NTO4x+rvaLkqVPV8vsTalGmZki64myQQ\P085nf7J\v+4V3pawtOuj7vmena\5tZbrne0elmT0\lQCAyKgABgAAAAAAAAB4HdWGzM72wcH\CrXX7d3k5FHt\VJa8b3F3mSgV9xU3fe9eZJzn3532vB8plUzrjM89r7\vrzg949JfUCrZnbfLubjRPNlg444pdtvuKLPjzfo2Me+f05dGjNVch7VMbdh+5nzNOsm43EnKfnbkk6eCmqhHFqI8zg9RXcW7lHL1GXasXmZxkuSpmvV\3tUv\Enf30n4xbN+Lakry91VuXeMEmTr5N2lZfrd6e\0pWrkjRGd21rVkPl4s7kayzbTE3Rgpuu6L3\c6LzOG6Xmr5M16rvL9HkL5v1uffzf358n5SZqVk3qO\f95+adSTU9z1zmVbdFvVEAgB6gQpgAAAAAAAAAIDXJN21YpFmXN\1+fFK9iX1vr6ks5qu5Eljum6k6xMnSXrfsL5tCBcv6azSNeOWru+fpOTbJJ3sp+N05T6tY5JUubbzv92c1lm3JLP3oUn6Rg92HyzEefyHSUqdma5Z0ydpTFyXza9e0aULX6rl1BdqOdGg\3BQb3XJCnzgi5JGj8mXau2LdMnxXY9ssAuXXejZsxeohV5y7Rg5tTOauZYttF0zcr+\9m7+\Amqzzx\2\LxGoG0ukSmEYMMinYgkEJDykSHgpalIKUleIIM4PrlrXd38AqzIU4gkP4Cs6g6ziu7rXFIToWl7pQdiyDdWxYKA\BNlBuhAhFbb7QiOmXCcs0y8TtZq2\P5pC2iZt0hZa8PO6Lq+Z3DnnPp\zcKch5z7nTuTlDxU+zx+J\tNTVAyZyM9mjeGBFa\yyaeNkOLmow8auetvTc2T1N3th4vn+ISRPNIu\yAGD4uzWYUQQsREJoCFEEIIIYQQQgghhBBChBh48O+e5JGUzlN2VeP\dO8Zut21pPgkz4672qXE3o6eD57j\v5Dj4JAMkG7hqSytjsH\FI46tsCUunn\U8f5j5NJ9XllNauosP973FM\a3WBu2lXYsae6aOB827+f2HR6NAAAgAElEQVRo\SL8yg6YWchd\UbxxRx4SjnFuttP8sdzt\PgeMPVapyQm0lsd6OBEEKIniBbQAshhBBCCCGEEEIIIYSInVqDnlN8\kX7iVy\9wsgg+EdTHwmDhqEnio+qW2b38fnn4a97GY57SQP4S7go5Px7Bt9lV3cxQtP7sA\71X2nTiJu2oXf\j3V1m3JIvhkdL3G8Bwy3x+9uJblB9SKLdOpXHPJnZ+GnuaxDEZzGU\n3x6ik\2NTJ3zChgAKmmkTRW1\KRsp9Phswnc2TofN3th+Qh3BUx\zk8x2NsJyGEEHGRCWAhhBBCCCGEEEIIIYQQsbtzKo8MgS1Fu\B8HXb8azfbiuxgmMrYIVFzX86\bWub\O5ytu3vwXLaMkzlkTHwyZs7+CgQ\kYjH\1yJiOnrqfCH8f5eoL7FB8CDzyYhT58h+RP91HqCouw+lUemjqHfw47Rr9E9CmD4koDgMbEpKmwbUche10jGZc2AIDho6eSWLmDl\9tP4mzMrirJX13+8EwkRxD+\yN1TvY4oqeTQghRNfJFtBCCCGEEEIIIYQQQgghYtdvJEv+8XFKFz7HzB+7Wfd3U9EHTvJvv\0ndp4ysKR4UeTVq+H51y\it48\x0NL3Dz7k6kMrt\Fyy\u4nN1m3QxlpOo1gB2irZk0Jhh4t47B0Q4djuPrHqcLQvf4kfTT\Kz5woYq\6CQ7u2snnXn7j3l39D5rXektgwhrlq2Pzk4yQ9V8DY5EY8jq28vFWhMflKskTjNDLVm3g573HOPzmfB+8YxJ\O7qLoxR0kzniRR0ZCYmPnaZppGTttJI3P26lQ57O0ZadnwygeYBM7jyXykydHXim8u\2NgZ9seJxtC9v29w4+78m2FEIIcZlMAAshhBBCCCGEEEIIIYSIS+K4lZSUjuT11wt5oeAt\AxgeFYBb\7T35B5R2Ln+S1rsBcN4hfWN3mm4C0SU6aytPAtBm1exDNdKEcz7XGenZHPy88XsHPGi1QVzmFQpGPjVvKHXSN5+dVCfrvicfwkMmjkVJa+tYmfWrRXoaU6kZzFxm3Pk7T2VV5f8TiNai13WX7Exn9\iUH2+Tz0L6f4vBEGJY7hZ9u2Mnj9q2x59Wm2XASSDTzwd2+xvyCDQQCxpAkZPn4mek7hmWe6stJXM5JJE2Fn5Xymj2\dh93u73ErKSk18PL\eZW1BW9Byhgeea6QnA8KeKFHGlIIIUS4m7755ptvejsI0TVnzpxh2LBhvR2GEEIIIcQNqy9+3+qLMQkhhBBC3Ej64vetvhjT1fEF2xbP5JmRb+H+eUZvByOEEH3at+dvw43H77\6zxuQZwALIYQQQgghhBBCCCGEuHb8dp7KmMNTu3ytj5+r4o+VkHlnau\EJYQQQtwgZAtoIYQQQgghhBBCCCGEENeOZiKzLE\z92vyof5xfjhyEI31+\nti2\xkeFxSmb1wlbMQgghxA1EJoCFEEIIIYQQQgghhBBCXEMDeOAlO\9a+DwvFD3Hj+obm59VO\9F\lAwh7vUvR2fEEIIcX2TLaBFx+rLsObnk9\uv6UsX7uR4sO+zs9x3QniqyyisNx75ZBSSH5+PoVK70UluiNCn95wFArz88l\Q2n12vq+N8rrWM7Rm2KNJZZ6xS543knRG3au3UjpS20OBFwUv7CcpaHP+sLDwR49\bVvX+hzbdwN16b9un5N9U7\CiGEEEIIIa5b\bTc+9NX+cN+BfenJ3FX7eJfnp7DXZreDkwIIYS4\skEsIiJWm\EPNF85T+THvVFNxWbV7Nx79V\WPW15aLkLQf1PTvvIXqV9KmIjes9G45z396B4t1dTMVZSJ25mLwlecwcrurR83\b27e7+nr79fX4hBBCCCGEEEIIIYT4tpAtoEVMkky55M3WtT4YcFK42obiOIhvejY39JM5TAVs2tTbQQjRERMFMkhFN9XX+wATmfMtmHo7GCGEEEIIIYQQQgghhBBdIhPAouvUeoZqQGkMEgRodPLaUzZcpgI2PdF66iB46DWWvn2BnHVWslOinK\Jh\NdG6WVbnyNQKIWw8Qc8h41o02geRvmwnqyl5ip2VKKO6hC98AKrPMM0OSn5oO32fKhK3LeFhecFL9ZhvOsl0AQSFCh0ZtZkL8Y80Cat7xeW9q8feVOK\k7dc0xewvJL1QwFWyiwHQllpyVi+EDG2UnfQSbVKjvMLOw5VwtAm7s7xRRqngJNqnQGLP5+1lQ9FIpKS3ni6azeIkzlq6WEUv\xJom6MO5vZM0LXVqO17aHo+l7tH6tO04jGf89mQd2qmhaPkrOEa2jqPmneW8ciCA+aebyLu7ddoTk1bx0oIGCvMLUca1jz9+Adzvv8a\fODCHwy155KFmAe3Xg3qP13G22+X4boQhAQVWoOFnL9d2PmYC42TsmoP3kvNqwVVGj3mRwpYPKHtrSSxxdJW\LF5KVtrpbQeoBRrfim6uVass3U0byFegm2nA3e8db3gpGjTdpweP8GmUD3nF7BwopbWNQji2VeIbYeCtxFU\fWYH23bHrHEoVCYX0j93FUs5v042q05n3L5\+dDSg7WddnoYu2vDuvaUfvG0l+hes3Ow3yqiFJ3EFVKNivW5WDopAuuuJrjuqXdr9Qp8vGu9s9VGp8EcL9vwxb626m6LZOClentk3U6Brrbv0IIIYQQQgghhBBCiJ7Uz2q1Wns7CNE1f\7zn\ne9753dQu59BkVFachLZPMOwdcOd4UxFtVzI6D9QzM+hGzRwyA7wzh5i93cUT5mtuzx6O7qSVxkMr3fsfHtz7IklmpJEYqp8lL2Qu\oPj4JZLGPMTDszMY1nSG6o\247jwA+4zDaZf\RF2HfmMz455+P6MheSYtAxJtzAs2Yv9l1bePBIgxfIQD2fdS6ray4kDe\jg436MnzyCATcBAQevPfM7nMHBWOY8zH2TRjNU5ePzT1w4qy4yIusetDf3RzsEfEfP8LUplx\PySBt2GAG\OkIu47Uoxv\EON1QP0Rdh05h+e4g7qbxzP74fsYNeA\+b8njlOpNDLmvlEktdTrxQ38\tMEhk15iIenpNLoKqPk0Bma\ieItuV8kcQS701xxNKdMmLpn1jT\OoXFB9vZODkHBZkjWdoKI39eFhf1R9h15FLpE\PZET\sHjbHo+l7qoofdr29pdYx29P16EdLU11uzhyKpERD94TWlnvxbnDzulL8F9JdzHzruTmpKfK+N2BC9wzdyH3DKrnyK4j1N82nofG6YDm15cuX7ttX0cSOsf\+xhHbT\Gz\shM+\qj\f4ASrsJ+g3furlmL3l67G+6SSgm8pD8+\jXkN\vMcr2PPHj+k3diojohVBAMfrT\O76q8ZPHE2D2fdy+jbVfjcp3BVVnJx+IPcMyieWNrXq2ux3UL\QTrwKZzBRO6PZ5NxZyqDB\TD+\4v+cW\Hadx8FRyFtzH+CFfc+ZIJfv\o5O6NioU\uK3OBN+wH2zcpg+KZX+Xx7nQMWH1A16kIzb+4XVU+GjM2pMsx\mvrFaLn2qoHx0nMYx9zEqdAHHFkfz+c6dU6ioaeqwD1v7Ln+VMhTVnxXOXDSQueRh7rsnjdTB\aiMpb86ras6evvG1F\N9fqsVsEz6D4W\vVYtLelY\lBcrSBFuZajOto11fk6zD+\rkK4xOoeedp\tF+ju\cmcUP501m6CUnxbtrafL7w\7ux3LNdhBfl9u077gm37fi1BdjEkIIIYS4kfTF71t9MSYhhBC9S\42XL8aGxuvehmyAljExLvTSv7O9sd1M9ewataVGUzTJAvqagdVH4OpZRFio5OjLtAvyEAT5fxBZwmlHjA+9iLLJqmbD06wkL59Nb+uPIjzkhFLKK1m2jKWz7+y5itYWULJ2SQyV1pZ2PK8yglmsiaWsHpjKSXOLJZNVOE7fBR3Px05P1t1ZeXlBAujNatZX+7GfR7SU3QYJ6RzcHMFX+mNmCdEm50FCMCIPNYVmFGHyjQmWbHudHGiPhd9Cvj32Cj1qDEVrKPA1Fwvs8VE2QtWSi91cGqIMd7YY+lOGbH0j9nVeZrRlaH2WLKBgglX0kw+8Bor37nSV\HprO6x92ks4\dyn\ZoHVozGo1Q7cZdH+pj\2lO1KtR9w\gP1OHHwMawO06QUBtYmxat4qLFAGLX1yGRQ1gxjxpKK\9rIjSnQrZT5ig0UnJ7z0kTV+F9VFDaCWrGfOMDErWbKT0906yfmomYitccHL0jArdnBWsurxS0ozl7iRWr7fjdnthZHgfdRJLW12OTYXOaCb9kI2KwFCME8zoAC7ase30oDblsaFljGHGMsXBa6uKOq7rySqUgJbslcvJuS1U03Gp8OyvcZ5yEZxoCstnZOG6sHoOg9Xr7SiKl1y9Lu44AoGB5Dy3huzb2rTbjmjxajBMMNOg2KggifQJ5uYtoC9UxNZfMdQ1YvvG219JmSx7KhdD+M4OMbuK4zpO8ffPVRifF+2UHAigHlfAuidMoc9PC6adVqweuHwVxnjN9kj\CiGEEEIIIYQQQggheoRMAIuYqPVGjEPUVw40+nCfdDev7PlqGat\bGz+8XjUWExqB47DyuUZNP+hg7jQkzsu2vQvnD7lggQTkyeqWx03LNjA6wtap01Na73hp3LMBYnpqC8qOA+HvxNEA7iOu2CiCe20ZbwyrX3ZeoMeqCUQ6KwV2ksb1\KDezPdbSmAQp0XSPFzVPFAchYzTWGpEnRkP2CidLPS4bnjjbfjWLpXRiz94+o0jZ+KlvaY0DqNxjIdy7+7cBx2EpxoiXsyoCt1j6jT8RvWpz1ch3Aq42gMFHPilJ\sFA3U1uAmjdxZDZTsqKG2KRNTgpcalx9GjsbYpcmw6NQTp4cmyVoOWMi4pwiXchQXJozHj+JqUpF+iw\lsK9V3mAScPwoLsyRnyE7MJNlL2e2P65PRY+d2sBX8cXS9jzdiS0C\7GjeNCQNbP1GENjYfrEElyHqnA2mrFE2tpAq0WLQsW7JQxdkI1Rr0aVYGDhr15nYdu092S0rmeoPZT6ekAXfxym2aHJxRC1hcmmIlzKCU5jbt9u0cTaX\HUNVy8\WVI7+Lk71Ue1\Hqof7pzvgMnqppznu\qfXn5wNZGN8v4kLLgTiv2VauZZsKIYQQQgghhBBCCCEukwlgEZMkUy55s9usnGzy43xjLbYDNkonvsLC4UCCkbFj1Dgqq1CaTJgS\Bw94obhC8mIulOnj7pzwOChpMT9w74XnxdorKFsc03kJOe9+DDR8qTKYMBP\dkavOfqOHGqBtdpT3MUDfGWTSdX0F9o8APDhrZ\RqV+KDo6ngBuEXO83biaOy4jlv6JJc1fCFwChujQt30rYSBaTXOBPsJWnsWqpz7JOh2\V7EO4TRpjE6BUtcJgtMteD6vheGzyRjVQMX2g9SeAZP2NCfqwfhAzFN5MUvStn8wp16vA8WHzw\e8\VAkJoPbES+6nx4z4NpcAeFBAP46+uoqfdQ56qhxnUaD8DF1gO7s1jabivQI7GF+UvgK2AouiHt3xuoTQIu0HCRyDca6LNZOM1F4T47hevtoFKju8OMZU4WmSPbPAM4oeNbBuKNQzekfUApQ3RQ7aGuHozx3BgBnfdXPHUN09P91ZFrMq5j1FP9053x6bt4IXLexIEkqbkyAdwixms23LVsUyGEEEIIIYQQQgghxBUyASy6LkGDeZqJYsXB6dNeGN485WU0m1AfUjhxEkxDj1L1ORgeHRt1+2cIQrCbsaTkYF2X3fGkW8BF8cZCKuqbC1NpNGgHp2K5W4W92t3NACL5imB36nUt4o2pjFj6pwf6sI+If\xeDTrSjRpK95zA1ZSG97Qf7d1paG5rIE1dRs1pH8H6E7gxsNB4LTdPVaO6vJJQR84665Wtw2MWwLX1RQr3eZuHTKIGTbKW1ElGVOUKsY\s8Fja6mpsPU2NcZGV1+d7qTngwO6s4rS7gpLfVFA2roANT7ReeXltfAfiutEm1v7qTl17u796Ylz3lHj752q4GXWra6u712xvt6kQQgghhBBCCCGEEN8+MgEset7IyViSHTiqXcz7UxVujCye1NH0mY6hwwBnHfVNoAv\8fu4jaWbPWQ9ZSUnYl4tSVrAVYu7EXRRJ4TAtd1GRb2WzKdWkDtSc3lFWvDQa9ir46tibLRoBwJn6nBjbr0K2FtHZ7sTX4t4Yysjtv5J7TTNCpL6A+e8eKB1ezRdaF7NmaYNm8RvwNdm5ZqvvvUWoldFh+P3u6ivUR0MxtGod5+g9vRpvB41afN1gJZUAzjOulESXDB8IWOvwsx0w8UG2q5h9ni8oDYwMBG0yQMBF7XuIKTEOQHtKsG2z4t2+nJWzE9H05K90cFr5e1XxXcWS1vdii2C76pvBerwnoO2S\kv+BqANLSdrV5M1JF+fy7p9+dC0I\Dtpai6nKcfhOZMfZfvHFEarf6c15QWzDEs9oyzv6Kt6493V8duarjOloZ571EuuJ7qn+6Mz6b6xshb6MX78Ww1\GOgXZlXJv+FUIIIYQQQgghhBBCXNHr60zE9SyAc59CADUGQ\gP2QYyJmgJHDvIVpcb7s7A3MHELEDaSCM0KRysDH+wbQDnIRfBYErzBGREKswTjIAL+4fe1m99WYo1fymr33MDXurcARhsIjNsopMmP85qV+xVjouGsSY9XHRQrrSul+NgZ9s\X4t4Yy8jlv7pPE1Yexxu\QBjv2MvjgCkj0xvPnCLGjUB6s75ryRq8uKo9PRQ3TvS0fi9hnVIG01agp+a3+\FhYFUA4CKtOF6OF1K6SnQjUq7KiuTA9UVOMOr92UZ5R+DesxY0gHVuAyMCeD6sAxvU1i6Ji+la\NZ+mxp1FWB3rNuAmgxTQ2bSAL8zqNEGtmdxdJWd2KLRDNmLHr8OMqdtOpxv4O9lQFISyc9yl9S7wcbWb50PfbwyTSVBt334r\3Kt442rXbeTvlSvR2iybW\upqXXu6vzpyNcc13IpaDYE6D2FXPN5KJ5Gu+J7qn+6MT5VxNOkJ7fN6d+9t3bdxXrOtyriG\SuuDuWNfPLzO\7P+r63k7N4KVsbSv9MSfQ+b1Io\PtYz9kuUgrz88l\Q2n1Otbz+Hevb47vBXurazjWcjsvJ754hBBCCCGEEEIIIbpLVgCLmDQoJdjOh2\gGcDrOo3nUhCGL2TeyNbp9WYT2nI7ykkwPmaK+vzHFipzLjm7XZS+vZr1Z7KZOUJNneM97KcC6OflYOrgVoXLed+3stKdxTzLUAJ1VTj2uvD2N1Ews3lpk2GEGg6U8evfBJlnGYqqoZa9ux24L6lovX9x8w\5Xkcp9sGTMd5t7PLzXDUzFpG1byP2N9ayccpMpo+Aml2lOM53llMXR7xdFXsZMfVPLGlm5JFTaaV082rWf9acxqfYKav2gj6HR6eEpjPTzJj6O3Ds2EhhYzZjNQ0c3V3GaZUeDf\bhbpG6NMObkroaPxqrlUdEoyMHgVFLg\ox5IWilc7bCjqgAMfWrLu7taThqNSJ5ymaO1Gah+YztDGo9g\UPCqTRQsCD1vONFM7pxyXDvLsK5ykzXXwtDGOqoOVOCqV2MqyGr\3OsQncGAGgdlr7xCcK6Fobc0UFtRjsP9FaqE9iO701ja6kZsALeq1VDvoHS3lsmjTBhvyyJvbhXWnTZWv1BLdlYq6vOhONCT82hm1El4nWk0A3eWUvLCRuoyJzN6MPhce7FX+lFPfAxLPLP3yXHGEVCwhdotlRrK3nN03G7R6hBjf8Va1\bt273+8r5vxbqTmLYYvprjGtIxj1PjOFDCxsIg2eOSaFDslJ3+Dvpk2l\xXeyfnhyfaDJ5dM5BrDttrN1Yy8wZqXCyjNJDrSeo4rlme7p\RV+hxTDRgDbau\rvxn6qi1UcdediiNTxH1ehNEU4ftX5qXJ6UPdXEzhbQbkni1x9b8QhhBBCCCGEEEII0XNkAljEJOBx4WyzjEml0WNakMuiGentf2DWZ2AaaMd+0UiGKYZtHxN0ZD+7Ae27NkorS7DtA1V\PZYlq1g8IdpPjpHy2ik6BajU6NJyWP5YNumheev0RavJ+7qQ4sPNaVT9daRNymPDlAZszxXjcXvApAfSyZpr5MQOhZLNCnU\3URebM0UITYDuT9fhdpmo+xACbZ9KjTGbFbdX8fGdzpeBRx7vF0Xcxmx9E+saVZtQLv9ShoStRhnLmPhXxvRtkz0J6Sz+Nk82FSMc2cRikqNfsJiVmf5eH2dsys1bd+nd3eQvKPxe83qoGK00QAuN5q09Cs\vKelk4YDJdnE2Kv0A3XSjGXkNmzF9p6NiqAKzfAsluXnYgy7B0Q3ew0bBhdj+70D+zs1gAp1Sho5Kx4jO62DJ9uOXMzqJVD4rrM5n0qNLs1C3rpMGt5eTfGZWjyYaKlaLLG01eXYgPQZORhdJSjbbSgTl7HpcSO62avYMLAE204HJZsrIEGFdlQWyxblYhzYwclSsln1rBrblvdRdhXhbKJ5rMxdzmOz0ju9MaZ9veKIY9xilvXf29xuX6vQjmr9eRizWPsrxrpGbt+u91c8ruq4JvzztJQiRYX6DjOLn83C909W2l3xXeyfHh2ftIypYgq3N+dV9ddjXpJLYHMJ9S2J4rhme7N\xdWkZ+bjeZi6e5rBOnQ+L1XVbnIjzAArhxUYqEVzoSuPezBRsGlT1+LylFNxFgwLcmBHMY49LnIfi+9mGSGEEEIIIYQQQoi+5qZvvvnmm94OQnTNmTNnGDYs6t7IvcxL2VorpUMK2PREt38yvPEcLiR\s4fstRvIua23gxHtyfgV1yuFwvxClHHfnrHrLLTim9f5CuC+4dvXPzeCvvh961rFpLyRT2G1iYJNBd2YAA79TSWbnCFllLqzWPWr3NarvxudvPaUDdWcbOp3lsFcK9bZoV0umnw437VRVu3Be6l5zblKo8f8SEHYTYJtr63m1\Xh54nCvX0lG3drWfjSCtRblmJzGcn7zbIIjy8J4H7fhu1DF75GUN2WScHKdA4ub1tOLOlC8c3Ow3yqiFJ3EFVKNivW5WAA\KfLePvtMlwXgs03dRgs5PztQszhN3VccFK0aTtOj59gU6hN5hewcKL2yg1GsaQRQgghRETf5u+AQgghrh\yt+H65ffH9xCqrpBnAIurw+3AUa\GMunb\QN3zTvLWbqyCFerLQ0DOKtPQ4KeodfFhMW3kIxfIa4PfgdVroFok3s7ECFE51SYJllQX6ziaJsHAQeVKlyYIuwaE8Dxz6uxHfBx67gc8pbksXiumZQmD47NG5p3femOJhcHD\lheAZjNSrMk0zQ5KL8QPt\hNW8s5qNO138jyGLxUsWk607TeGv37+yWj7OdADeD2zYVZksXpJLZuZoDIC3fD3P\rqUuiQLuUvyyJtvQXO+Atua9ZR9GcrYqFC43objq9vInJ9H3pJcLMkXcLy1msLKYOxphBBCCCGEEEIIccOSLaBFj\IfL2V7dR2eahe+lByWfst30EsfZ0J1wEHhugDZ949Fe0sDtXvKqXAH0M\t+NnG4tqT8SvE9cXvPMr\zs+NsFJPCNFzFArz86O8p4vpGdyXjRqLSe1osw10EKXaBaYCTAleSsPTX3By9IwK3ZwVrLq8wtaM5e4kVq+343Z7YWTHK3w79PFBHAEwWizNjzO5JwNTgoLirMJ\f9aVR5xctFNyIIB6XAHrnjChBphgwbTTitUDunjTtUjKZNlTuRhavg82Oin5vYek6auwPmoIrdI1Y56RQcmajZT+3knWT82oTlahBLRkr1x+eScZ87hUePbXOE+5CE40xZam6y0nhBBCCCGEEEKIPk4mgEXPanCjVNZAsonF\5Dd\oeub5uRi1m3QsvbW+2UvaMQBFQDDWQ+vorciZ0821hcezJ+hbiuaO5fxvLeDkKIG54Ww0QDkb+1aBkaz6OcE4yMHaPGUX0U9wJD8zbQjQpVLjWWn5oAb+v0AzNZ9nJm+\PoU9FjpzbwVRyFtxXEeUiBBCMZ40JToQkmJk9UoxyqoNyTRW7ogfTBUzV40JB1f2hSN0T3QBbG94u4QHzpLjOkX5n8BTh+FFeTivRbfCiHWz8LOZgUeh8zJq0WLQoV75YwdEE2Rr0aVYKBhb96nYUtGWJJI4QQQgghhBBCiBuWTACLHqWZspzXp\R2FH2LJi2bZeuyezsMEQMZv+L6Z6Jg06beDkJEJf0jrkd6Zj6e141nALdmHGdCfaiKo+5cDAYIVlfhusXEslHA+SiZggH89XXU1Huoc9VQ4zqNB+BiQ9cDuVhB+XHg7gxMYbsINMfnwLHHRe5jzVuB+C5eAIaiG9LmHIkDSVJzeWI31nTReM\XA0FqPrBREzGFD+95MOmzWTjNReE+O4Xr7aBSo7vDjGVOFpkjQ8\3jSWNEEIIIa47Z86c6e0QhBBCCHGdkAlgIYQQQgghRLcob+RTWN36mKlgEwVtZ45bbQOtx1ntQj1mGcaIj8UI4Nr6IoX7vAQBEjVokrWkTjKiKldwR8oSI391VfMk8nEbS\Nt7RNU7sX5qLGTLeZvRh3TFvSxpoPYttVWY1xk5fX5XmoOOLA7qzjtrqDkNxWUjStgwxMm1DGlEUIIIcT1ZtiwYb0dghBCiD5EbgwSHZEJYCGEEEIIIcS10bINtHIUz1wvR11qTMuMkdO6SrDt86KdvpwV89PRtCxbbXTwWrnSjSA8lO\xQIKBrL+dztA27zZ8XErJYRflB\yY79egTR4I1OE9BxjCEjZ68V688jLWdNE053dR6w5CSgxrdBN1pN+fS\r9uRD047Ctpai6HKffRKYmjjRCCCGEEEIIIYS44cgEsBBCCCGEEKJbTE9sItYNzpu3WVY4uMOLS21ieZT5X+9ZNwG0ZE4Nm\wF\M6juLoTrLuKqgugnjSb3AkRCh\eQNXhEjx7yvHcn4veOJr0BBeOcifZBY6K4psAACAASURBVObLK2e9u\fiAnSh16oY00WjGpeBcYsL14dleCfmoGtZFd3kpXSdFXswmxUv5HDrBxt58f0g2c+vISu5JbMG3feu\NPOG0MaIYQQQgghhBBC3LjkFwAhhBBCCCFEFB7K37JxNNrbyRksmGckrsWkoW2gK\b5UE9ZTnqUZDqDATUOyl55heBcC0NvaaC2ohyH+ytUCTRvC90FrgMO\GjJmhFl5jk5k5l3l2A77mCvK5fFxkwenXMQ604bazfWMnNGKpwso\SQt3U+TYzpokk0kzunHNfOMqyr3GTNtTC0sY6qAxW46tWYCrKaFxabRjNwZyklL2ykLnMyoweDz7UXe6Uf9cTHsGhAFUMaIYQQQgghhBBC3LhkAlgIIYQQQggRhQ93pS\683ZTdGTHOwHcsg30ITCNizb9C4xczOolUPiuE\s7NaBSo0uzkLcuk4a3V1N8phYPJvTxlN3oZG9lAO7IZmbUjCrM0ywUH3egVLtYbDSim72KDQOLKdzuoGRzBar+esxLcglsLqE+LGes6aLRzV7DhsHF2H7vaK4zKtQpaeSseIzstNCa4pRsVj2rxrblfZRdRTibgEQtxrnLeWxWOqpY0wghhBBCCCGEEOKGddM333zzTW8HIbrmzJkzDBs2rLfDEEIIIYS4YfXF71t9MSYhhBBCiBtJX\y+1RdjEkII0bvkb8P1y+\3X\UyEjpPIoQQQgghhBBCCCGEEEIIIYQQ4nogE8BCCCGEEEIIIYQQQgghhBBCCHGDkAlgIYQQQgghhBBCCCGEEEIIIYS4QcgEsBBCCCGEEEIIIYQQQgghhBBC3CBkAlgIIYQQQgghhBBCCCGEEEIIIW4QMgEshBBCCCGEEEIIIYQQQgghhBA3CJkAFqI7lELy862U1ffQ6d7I79HzdchfQ9lvSnBd67zXHS9la\PJf0PpPM3aMrzXLK5u6pU+vAbt1OSl4rXVLP37fPLz81m9M0pJ7ep\HfZhGO\7VvLzC+lolH6bNLfHNfosFUIIIYQQQgghhBBCiD5GJoCF+JbyHniX0lM+gtc4r+gbbtg+rC6l2OUjyZxL3pI8Fo7XRkx2w9ZfCCGEEEIIIYQQQgghxLfed3o7ACFEWwNJSu7tGIS4PnnP1wM6LLOyMKf0djRCCCGEEEIIIYQQQgghxLUnE8Cic0Efzu02Sivd+BqBRC2GiTnkPWpG27KGXCkkv7CenJWL4QMbZSd9BJtUqO8wszB\MeaBnZRxwUnxm2U4z3oJBIEEFRq9mQXhebtbRhz1yF5ipmZLKe6gCt0DK7DOM0DATZktVC4qdFMKeHpkhHKa\NR88DZbPnTFXU5+ihaSdegSQ+kCbspsRdhPN7eLqr+OtBmP8tisdDQdrd\vJJ\yRj6F1QBeCvPzYVwBm54wAQHcu4vY+qELj795bWRz3sXkzTagJlreFMrWWikd0nKeFt72x7tap8gV7TTeKzHkscFUQ+G7TjyXgpCoxfhAXli6Zr7DRZfTqJKN5P5DbrxBhUJTsK0txNlkZPGzy7CExmfwvJPizcU4zwYIokJ9h5HsRxaTNVzdKnvn6VrX6\UtDryNoBpoJPuxx8hO00QNreM+XExB4nvYDvmhv4mF6wqw9I+lnUPV\txO0bYyXJ3Ur7N2isR\2s7WHdHOHWqP0Ja\pWvzKcVEwaYCTG3OE63+oZan4XgJRVsrcF+MPk4I+nBuLaT4sCc0jvUYZy1i8f1t0kWsSA32d0soOx49r\d9K9adKSwuUPOezYEfNaZFGyiYpIYLToo2hcaGSoNx\goijtIYYoxeDrjft1G05zTeS0FQqdGlZfHoY9mkRxtanhJWr7ejmmvFOlvX6i339pVs3JNKwT8XYEqIrw3a9mG04xGboMFFyZa3qfjcTzBBhXZUNnl52RjCOql5zJbj8vgJNnG5rotb0p0qYvlvHBgee51lk1Stzq+8kU\hKQvLXl6MMSG2NhdCCCGEEEIIIYQQQoirrZ\VarX2dhCia\785z\zve997+oW0uSl7Fe\oPh4IwMn57AgazxDm85Q\dF+7Mf7MX7yCAbcBNQfYdeRc3iOO6i7eTyzH76PUQP+k\974jiVSiNj7htFUrQyAg5ee+Z3OIODscx5mPsmjWaoysfnn7hwVl1kRNY9aLtbRlz1+IzPjnn4\oyF5Ji0DEm3MCyphqKf\yP2L7\Dnff\kJyJQ\mvw8X8R20Tfj+kT89kRH8AL\ZfWnnzSIAUy0M8nHUvqWovJw7s4YOPOy9ndL\P2HV+KPMsw0jES9n6DZSeT8Y0cx4PTrmHIY2nObBvD0pwDPeNilbbzvN9N\n7JAVqOVk\hMwlD3Of8U6GJCfi3m5l4y4P3zVm8\DsyYxP1XLpy485edTBZ\2nMfkHiVHyBvmsooLTmvE8NC584udSm+NdrVNkscR7OQbvaSqrv2LozBxmTxgGXhfHq\dzbtCDZNzeDwD\3o08U3Scr\7qXh5+dCbpqs\44++PcLHJjz+5bd3ChcognczpIxjQ5KXsxX9kz5\15KxayX3fb04VPF7Esy+VcvYWI9nzZjP57iEEP3Owp7yCc7dPZbxOFUe6sHo5fXx\xg\JuXcYX\fA1TsdnD+jvsY+\1+EaPtsA9rP+bj\76HnIX3kTr4B0ww6jgXUztDQClk9T\twfONnqlzH+a+u\rjc1Xi2HeSfuOnMqJ\bO0USUAp5LnX9uBJNPLQX89mclro3HsPhNpkAP0H6dAGazlZn4hp\o+ZbRnNnUOSSWxzrg7rf\4zKpWvGHZfDrOnjEDt+ZjqNuOERhdFq39J6dnvYpz1MLOn3MOQ4Oc4dv+RCu\tTB2nQ9WuBpcrQuHa19njuRnj7FxmTxlB\MnqXTs4UBY3kufVVBx+jM+\vgr7pm3kPt+oOMHY0eh++8KNq4u4vhftNw7\4fMTL+Fz\747xy5GMTv\yvGPzQeXRwxRiuHPRvYsLOe5LEPMu\BydxzW5DTjgr2VHfwWZuUTOORCo6cS2L89BEMuPyGm\Ysod60wL+xjQ4zjbof6VOIdGO0y6Nl8+qFL4aNpOc2ZMZkXiOj6uPsN\7fR40D6EfgLsE64u78Nw6iuyc2Uw2p6L9yzk+PqngqB3ANMswEgcN4JLDQeUlLQ9mDOXyVdWkUGo7gj8jl8X3aLs3LkSfdk2+b8WpL8YkhBBCCHEj6Yvft\piTEIIIXqX\G24fjU2Nl71MmQFsOiQf4+NUo8a05INFEwIrV+aYGHygddY+U4pJc4slk1s+Uk7ACPyWFdgbl7pNMGMMcmKdaeLE\W56KNsx+o7fBR3Px05P1tFdkuaCRZGa1azvtyN+zykX87btTLiqwdopi1j+XzDlfy7S3BcUmMqWEeBqTm\2WKidJ0VT9gURLCyhJKzSWSutLJweOh8E8xkTSxh9cbOy8FQwKYJof9fr+CsB9OSNeS1HJtgIunXyyk+fQIv+siTH7HkM5gx6ssoUZJIn2AOraKroaq6AfW4PFY\YQpNVJgxTxnKa0\ZcH1WC9NNaCLm\Uvkhu9KbLGdKeZ4L7uUROZaKzm3Nb80W3QU\rQQ5bgLJpqgycV7O92gz2H1s9noEoAJZiwjClm92RNzVM03G2yg9JyenOfWkH1byxseSt914B+1mJd+arm82tk8JRPHa8sp2l6Gx5SLPuZ0LfWCtFbjMp2SNRuxv1vKzLvD0oXpsA+b0ln48zwsl5cr1vB+TO3soWy7QmBgFqvW52JICKWbNJTXni7GWekme96tMbRTpDZ1UVKkEEjJxro2p7lvMGOelkHx2o1UtLSJ0QxnyyhRYOjd5qhbQHdcfy1ZK63khi5L891JNDxlw3VMgYnm5p7cVYzjkpHFG5dhaVkNO8FC5qHXWP52CWUeE7mRGh5wbS9CuaQjO3wsTsgk410rG\e2z5v+w9XkTbmydtT1dilu9OQ829JmZsyTUilcbSN8lMYbY+tyvJQ5vWDKY83j5tAxMybNKyzfXsOJL0Efsb90TJ6ip3S7E6U+G11L+7uPUnVRjWmcsUtt0B3aGSuwLgh15gQTSZeWYjt+FKXJjDkBapxVNPQ3kfdsAabEK7EM\eel2I7XUEsmJgxkTNBiLz+Ks9GCpeWOgo+rUJo0ZE1KB7o3LoQQQgghhBBCCCGEEKInyQSw6ICfo4oHkrOYOaH15pUay3Qs\+7CcdhJcKLl8qqmtHHmVttc6m5LARTqvECUyRjttGW8Mq39cb1BD9QSCLQ+Hn8Z8dcjNS1sUpYgJ06F8pvC8ifoyH7ASNnbFy4fUo65IDEd9UUF52FanUMDuFomGyOW00ayloEJoOy04RiYg3mYFlWCGsuKTVii5+p6PtJZ+KvXWdj2cKKe1MHgagwQhO6tYOtybD0Q72AT5vBJq4QUhg4G5ZwXLyZ0Z2o4EQDjgqzQBGMz9YSZWHYo2GOKqQFl84uUnk0ie02bSc0vj6JcAN2IIDXVzla5AioNXAjdxNAUY7qWsZ6SRU6rcWnAYtFh31nDifOgHxxT4FekpLXaHjfmdj5\gpoLoJtrCU3+hqgtLHu9pXe9of\toJ0iOX0UJQDGBdmt+gaVgdkz9FRsr6LKnYu+g8spZoPNWMLP01JPrw8voMPL0WM+GGwgeNpJqx66pEKDD9dxL7n6SLcy1HD0WACMuW3qrMLwQCb6vSVUVbrJvVwRHWkjwjvDTc2pAIzKJSs8v9rMzEnbUXa3HIg3xrblaNEOBj4uxXZAS47ZgDYR1FOWs2lKh62HZlwG+u0lOKu9ZIe2ga455MCvNjF2VFfaoDu0mFt1pgr9MB0cr8d3HkiB9Edf4vVH2+ZrSRck0Agkgt5sQltu52h1EEtoG2jlsAIDs8gwQPxtLoQQQgghhBBCCCGEEFePTACLDvyFwCVgiK79KsKEgWg1gK8BH1xZtdmNERUM+Kk\W4P3XB0nTtXgOt28ns3X0CZh3GV0oR6t+GjwRc6vSk5CTcsEsBefF2isoWxzTeRQznvxYUIbS9iJZnIfcVC3zUnRRidFCSo0eiPTs2YzeZw++vNyu5qvRVOQgM+D+6yXus9OcMLlwn0BoKM2ilF3Y+tOvAmdTF03+PCjQZfSNp0WbWfPl25RXxF6Bm2AEy4vOeGTPf\Piw+gshhbZaTMfrznga9jTNcyATxE165PLt8UcQ6IdwI4ms7aud6LBzDdFsMI6aidIvnvAIGIfQOagVrA0\5zoqs6GyfUN7c\Too3OyOm8J+\QOQr5SsCAdCkRNgKOFmLFvBc7KgiDfgugibCVsJabfinSndiBFBh\uuFOM4U43xnI853QKXRY8ycyewpZvTRHy8NyRlk3FFCiVPBO1uHjhqc1QHU48zNz8jtdhvEQ4Uqxs+U4CUfHrcbr6eWEydduNw+ABou0nyt6S1YUuyUVjsJTrKgalKoUkB7f0bo70J321wIIYQQQgghhBBCCCF6jkwAi94XcFG8sZCK+iAAKo0G7eBULHersFe7ezm4TiSq219EKTlY12X3yM\8uunLeWmyH\exg+ytcOI6q1C6WaH0wxysz7ZZDdkD+bx7X+HX22rwNwEqNZr+Axl6txnjcQeuHqhPd2LrrXjhVlS3xJg0QYP5iVWkH1xN0c4iKiauIjO5dRJTwSYKTJGzA6DEmC4GqsiPAI5bTO38dTD2E8bQTn3euAI2PdHNDupBtyaq2x\sToy3ZbL8JQt+t8LBfXtxujwoO20ou8o72bJbQ8a9BkrePYrrYja6eidKQI1pXHrX4rjavqzglVeKqfEDqFAn38rAIWMxjzqKo9WHSGh76x1HURotmE9WoTRpyTK3uS2oj40LIYQQQgghhIjX0RdHkbsZYBFvnlhDZmKkVD62LZnKM\uBJVtxPz2mZwp3bWLaw6\iGfIkf9idz1099LtGn+I\xbYXKxm+\nHG9nYsQgghbmgyASw68F3U\YFzzSv7Wm3I2XQBnx9I03Z7otO13UZFvZbMp1aQO1JzeVVY8NBr2Ku7eXKg+\XQkqSNnD9Y78XfNp2rFncj6CJ+Qe4ClQbDhGwME7KhKYhn5wbWf2DHfjqbxSN7MN9FO7Z3a\hf40KsT2SGxe+mJNYJ1YYG\MCVBYIXmlfFDemhOvV0vOGStGhQ8NYHwRC+NtGD9xxtBk4Ug6eTbdKi0+Wwd10pxe84MC+zNG9ZnqRFA9R+7gZTByeLNV2Ldm0O3i\rAQOpw2KIuTOxtvOQoehRqP\SC6bwq8lH2Xordu1CNhSE6tNRO0Vyixo1\gh9A\4LPkCL7vs9UNeYJKFNBty1uDHFNCyuuBW1Gvz1XoIYWq+AvejDB2hTouyVH1a2EiG\51wdkNoDMYZToTGYyTaYyQaCZ0vZ8EIZ9j01ZP84+oSuZtJkjO8WUVXtR1+vEEi2MPnydR1vGzTQ0GaAXzjfwTMF4uLH\rtiav7XyMK1BWTediUa9\a2E8BXtreuUgKojiuQkoPl8vxvT7W5EEIIIYQQQvQVW9lbtZLMqRF+4Krfxx\393yJn+zbgcdgYLi7kG2Vf8M6S0\9uNZ3\Mn+Ks9sS6VkfW9HIoQQ4kbXlQ1XxbeGhrEmPVx0UH649YN4\Y69OAKQPrK7q7q81LkDMNhEZtjkL01+nNU9tYazu\VQMfru9Pb5m7zY97hapTNPMAIu7B96W5\iy1Ks+UtZ\V7sK5qD1TZW\sNyisKLSFAxcGDSVcnHmVo8QNrEzFaT18HPq1AudhZtaJL9yzrqmq4cDRw+iCvsdZdj6\F4IzCMZWx\cH1Yhje8Dko5jnjPl5JN3iwduEooahkzhgwyBoL\UDnOVsMwgLNwOfn\8BqOS3Gka\F5BXu\DHsddGHf44U7xjK2o616YxVrOw8eTfpA8DocuMPajy8dOD1BkvSG9hO8kdopkrSxmNTt+4agm\f3eKC\kdGdPUe4xxjImKCN+HkSOFzI8r9fymuHotUlnbFj1OCyUxbeZwRxf1iBBzXGUR3dUmNg7N0R8gcUyiv9rdJ1PUYgqGBbuZTlb7f+DFYN0hLTlZpoJuNu8ChbqXAF0E7ICJsQjb0Nvqu+Fainri68Ak4OHo8liFjUUnsWSMtoNflL0E2V4m+fPDmDycPBdayIKgX0UyaH3TjUzTYXQgghhBBCiD5lKplTYcueKhojvPsnh52KMWN6dgVrYxXbfvsFd\3oSX4yppEt2+xE+JeZEEIIIWIkK4BFhzQz8siptFK6eTXrP8tm5gg1PsVOWbUX9Dk8OqW7M0w6DCPUcKCMX\8myDzLUFQNtezd7cB9SQXEsa1sB7pbD82UR8k5YKX0zbVs\Gwm00dAza5SHPWt06nMueTsdlH6vpWV7izmWYYSqKvCsdeFt7+JgpmxrwtTGTNIVzlxFFppmG4hY2gSDXUOKnbXgD6HrCgrZWPN1zy5cpry7Q6C40ZjHpaOIUFBedtKUUM26UnB5jZSfLR9WGe7vAYNY8cbKH7Xge1XKrKzUuGzvZQfCjIwBQJxxoZSSH6h0vE2yHHEGxsDOT824SwsY8M6L9n3jyXpvIP3dtfQlWkb3ZxHsex7Bce7xbjuzsOYqCd7gQlHoYLtaSs187JJT\Rx4tBenO4A+rm5WPoDxJquhZeyF6x4Z2UxVuPFsdNOTUBPzs+y6GhUt+\DKAljbueWuO1sXOsjZ+ZYtI01lL3nwNvfzLL7dYC33enbt1OEGBKM5C42oRSWYV3rDZ27lr0fVuD2qzEV5MS94jLm+kegn5WL6VAhyuansZ7MIXuUGp\rIHudbgJDcsidGHUtM8YFizEdL6Ts+dV452QzdnCA2j3lVLj9qMcVkDO847IN8xZjqi5s3+eXWqfrToyojGSMUuE8VIjVn4ll4lCSGupw7LNTk6An5\7ObvxRYRpnhLeViNskx9oGmjEZGLYV43hrPapZM0mllr0fOggO1NGli7KdVNKHg6IUYX27gexRSQTPH8X+oYKvKdKHSMvnnIKCntxxra+wbrW5EEIIIYQQQvQpqTw4Cyp+vp+Pfj61zTbQX\DHf9tP5g+fZ\ixYxwNHfVsXcQ0q4Zf7S\kkVabNrnZ8vAcXpi4lVMdbBXdWGVnS+B2fjY+i8x+Y8C6ldIVc\jJHRHSfrqLl18tZJvdjZ8BDM\KZemT\8DcOxPjSuM\tYvXX+8oTWir6zvbbnPd9njL67eomnqMX1jf5EP3f5GYMoZHnlzPs\MNJBK+vfZ+cu98q2e3zxZCCCHakBXAomMJOrJXbSBvWgpfVZZg21xEqStI2sxlbIjzea3RpC9aTd4kPf\7uZ2izTaKPjiNekIeG36RiwHwuD3dL6S79WjJPzGJ+kMl2DaXoiSayZtvap\u2Q3kTTNws7u5PiV73ZCWw\K1BZji+f0\0Uje2mVk3QHuvSXYNtso2VvHrRPz2LCqg2cMx5hPkzGbzNuCuHcXYdt6EF9yJst+loNR48Ox3YbtzWL2+gwsfOYFCiaq4XwtnsYoeQHN9GWsmmtEXV9ByWYbpS41059awewh8ccWkzjijZXaVMC6FTmkBV2UvmOjaJ+PoXMWk9mV3WYT0ln4mBn1JSe27TWXz79hZS6m2xpwbrdhe6cUxZeE5fENrJp9pfaxpgOaV9HOH4jnwyJs71RQl2whb92qDp7R2ixSH0YURztfjvvW05S9Y8O2w0kwLYdVz0eZ2I3STpE0903Yubc7qE+2sHjNBgriurDirH\kYCh4fhW541JoOBz6PFF8JLWM444+T9QmCtYuJ9d0K6c\KMK2uQTH+SQsP17DhidM0bfBbpM\Jy2Ia1cRtq0V+IbmsHi6rn26rsaICuNj61g2Uw9nmq9n2\YK6m4Nja0YrgeVKQMjwEATGW0ekxtzG7SMvcR6KrbbsO10oc5cwYrZPbH9M4CGzJ+uIseYhK+y+fOouMKHYcEaXigwo8ZL7ZnWNyFpJk1urtfwyWS0fW51t9pcCCGEEEIIIfqW4TPm8ABb2VvV5seVs\spPTaVBy2prQ7rZ8wnk\380dHmX9juSra5bmdpdkcTnf\Fhzu2wpD5ZI5sOdcxNu861S5lY\VLPDTnabZ8MYqlv36Lf\11AaO+2MpTjzzJzvr40uTmPM2W\5zGs4VhaebM54XqOH9QarHneX70ZCX6v3uJfy18np+k1rLl5\N5wdF8vuHz3uI3j48Esnj2rbf413mpHZ9PCCGE6Iabvvnmm296OwjRNWfOnGHYsJ54yKcQfY9352pK9RuirwD+1vNSttZKKTlY18U5eS7E1dakUPjTQurnWLG2vWlBiOtMX\y+1RdjEkIIIYS4kfTF71vXKqbmVaqPU\JpAV88mcFTyYWcsk6l5b5uz9ZFTNszn6rNqfz2zkVsvryK9b\Y+WQGT\3leao2z2dQKP3nW+Yz882Z\GF3Pnf1i1Jo\Q7+dupz\Om5XfzhJwYur6itfbJNvi\Y8shM1rKG8uJFDG85HtjP2ulr+PzJ3\Gvi27uPM0PG\nn++fzcurz7Ns0H31Lmq\dbF44hxdYw75ti9DHuwJ4\1R+tbeQR1oWQ3x9jBfGLWLzoiv5\7SjgIyfp1Ly6cqe3UJbCPGt1Bf\XonY+P1X\0EHsgW0EKLvCbqpqAStTP4KcV0KVB5EadKTO0kmf4W4EZz3XeSi\7\46r\B7l3VAghhBDX0k033cStt9xMsmYAg7Vtt+ERV9cAMrOyYEX4NtBfUPHeMR5YvIlB1EZJb2dv\fzQNtCn+PDNU+hz10ef\AU8e3ZQwRjWTW15PpOWB+dl8cyKQrZV\g3rLKHp5z8dY+8xyPzlzCsTuwDqqayr2h9Ks6vzNKc2se0c\GTdnCuTvwD9DDyyOIsXVuygwr2In8T7vKmJWdwbvhNev9sZPh74tJY\MebypLgQQghxLcgEsBCi7zl9kNpRC1nRdutYIUSf5tlno\yUj5qP3ajHFZApv88IcV1r\J8gZ77wknjzzQxJGcR3b72Fm266qbfDEkIIIcS3yDfffMNfvvpvfP\ZwGl3HcNu15F4s6q3w\rW0FiyeICn2Vu1ksypieDez7ZjWfzdpgEdpv+jw8cj87Vwaj\bzt3OIzNGRi\k61Ps\O0xGLOGzDvansvOlm12fmaZgwbgXC0fAT8Zpo1+vljSBPx4GMnw29s\r0qjux2w47kYPXtUN8MtXcgmhBBCXA3yRDohRN9jXMyaHxs7fx6qEKJPCZ6vwam4+WpYFst+bEJ+lhHi+nbmCy\JSQMYdnsK\dW3yuSvEEIIIa65m266if7qWxl2ewrJSQM484W3t0P6dkmexqxZsGVPFY3A544dfDIrK\rNvsnTmDcHKvZX4gc+2b8DT+i5vlGd2s+2c8Cx9Uy7cxSG\5+9+4+K6rr3\8ExIkkjpcEjFaJfkdigpAWNBENKRJv8VdR02DslVRblHwl1RYbP5rE6Ee9WpNoTUOrN\gNhlRuyC1XeoOSRKXXIK1BbBXagOQHTjVgtIIxjsnogDDfP2aAGRh++CsQfT3WYh3OOfvss\c+h+Us37P3u+kncim7Ad7NIve4s2xDHZ1m5+1KGRERkZuAZgCLiHwjDWTK6i1M6e5miLgwPbaBLY91dytE5Fo4XXsWQ+\e9L9DU\lFRESkZ+h\hz\WCzZO157VctBfG+eyzssLOfzsYCr\p4KJc8c5ZuO2V\6RBEjKp2DVMKr+q5rQubGEtlveRtH\pFFFOAtSU3iwdcXmHOauySM9r4LZC0LgrhBigMpjtTDKdYZvLTuSv8+mIRvYntSFMo8YCaKCymobmNxnAVtOVgORBA9wOXiqBgu49Luaqr8Cw9vtmIiISLfTDGAREREREXFz1nKegNv7dXczRERERNwE3N6Ps5bz3d2Mm4oxKpaJ1hx2vZ5Pdlkcj0R7Xv65iSEyltl++ex9NY9dJ8KZGd1BIl1bMbsybTA5gScmRzI2qtVPQiILB0HVqzkU2YDAcB4Omz4wNgAAIABJREFUh4Lf76GywaWeE\t4a+95Bg8fgbErZYZHM3MQZG7Lo8q1TIOZ7G35YIpm5CAAA\2MQInZrZztQD47rF0dQRERke6hALCIiIiIiLi5cLGOW\sog5mIiIj0LLf2uYULF+u6uxk3F\9xTJ5sI3NjKuVxsYxtf\qvgyGcSfEGdmdlUR4e55bXtzVLfg6ZGJg9M9bzrGKfEKY9EQ7WLLblnwcGM\PpRIJL1zL1RxvI3ltMUd4WHn90BQWm+SyMC+haGZ8Qkn6VSHDhCiY0l8lg0aPxrCs1kfTLBIIB6MvY2DgMJ1L5xc8z2LG\mB3pS5mRcpRh0Vc2nAY\I5DPtsxCij7WlxlEROT6UQBYRERERETc2O125fwVERGRHsfLywu73d7dzbjJOJeBBqbFjulg+ecmBkaOjwerjZGPRBPUbrlqcrflw6BkZo4xtFsqaHICE4Hd+fuwAIZRS9iZt57Zt+9jXXIijy9\A9vkNez5QwojndV0tcz2XJcyT6VxZHAyr+XnsGxUS3uMk9ew8\kEjB\8hkWJyfzyf43Mzkxl4RUu\2wcl8iy8RfZvSaZx1\aR82VVSMiItIpL7s+NX1jHTt2jKFDh3Z3M0RERERuWD3x89bX0aaS8k+ICL37ut5DRERE5Ep8HZ9TbtbPgNfMoQ2EzDrK6sI0Zg7ovLiIiFyZb9S\DeLGYrFc93toBrCIiIiIiIiIiIiIXAM2CnZmYZscxyQFf0VERLpNr+5ugIiIiIiIiIiIiIh8k1WzOzWHQ8cLycwLJOnNdvL6ioiIyNdCAWARERERERERERERuQp1VO19nfTjfZm26nUWj2o\r6+IiIhcfwoAi4iIiIiIiIiIiMhVMJGUW0JSdzdDREREAOUAFhERERERERERERERERG5YSgALCIiIiIiIiIiIiIiIiJyg1AAWERERERERERERERERETkBqEAsIiIiIiIiIiIiIiIiIjIDUIBYPnmKElj\vz5pJV0dxtW8c6pbmzD1boR+iAiIiIiIiIiIiIiIiIeKQAsIiIiIiIiIiIiIiIiInKD6NXdDRDpsohktmzp7kaIiIiIiIiIiIiIiIiI9FwKAEvHStKYn3aK6UvmwLuv8E6ZhXpfP4IemEVywmgCfN3LTUkazYeZuZjrfRk48SlWPWKCRgsfvvs7MneXUWsDDAGYxkxn3r+NJsAbsBTw4pI3qf3e02x4zOR2+5Nvr2LVjl7MeGE5scfSmJ9WQkTyFpIjnAXqazn431vJPWD2XLdrH1avYsoAD31zOV77l22kZR+kylIP3r4Yg0bzWNIsRvf3pQ3bQX67aCtlEcls+X8j3E7Vv\9bFv7uTNt7djSu3r4MHDOHhbNH07vsTX7zu\1UfVmPr38YU5LmMSXYr+X6Mwd587V3OHj8JNZ6Wto6fw6j73C5j9XMO1u38s6RWurxZeB3k1ka4qE9nT0jERERERERERERERER+UZQaEe64Bz5r7zIO7X3MT1pHjMevIMz72\luRff4aRbuZO881o+vcfNYV58DDHfNgEnyX9hGb\O+xTjmBnMS5rHjDFGav+0lefWvcPJRsAYxUNhYDl0GHOr+koOnoTgh4j099CsxpO88+JzbN13ij5jZjAvaQ7Tw3yp2udS92WoL0njl+n7uTAohhlJ85gXH0W\M\vZujKNgzYPFxhG81AEUFJMidu96jl4qAyGRPGQp+Bvs3Pkv\IS71lHMj1pDtO\04+T729l08u\ZuX\9xF3TZ7DvMdiGFBfRu7GrS1tsO7nt8u3UnC6D6Mfmefo9+gBXDq+n63rtvFhU1saP2TbihfJPVLHsO\NYV7CFAZ8lMZLb7dO\tuFZyQiIiIiIiIiIiIiIiLfCJoBLF1gxeo\nVXLpjDQG3hgNFFDf8svfpfL9gOx\GxMy+xY47if8Yv4llm89Qe2s\14P2KWrGJWsLPcA6OJHbOd517MZftBx\WjHwhjW1kxh80zMDVdfqqEg6cg7MdRGD20yrJ3K7lVfkQk\ZLkB5yzYx+I4qE\ZYl\9lSd1eV\aUEa\8pLF00nYEAjGb0UFjy8kE+KKtn9Ki2dUU8GIXfof0U\w0imiYB2w5yuAyCHov02O4WVrh7HquTR+MH8MBArM+8SP5H55iychXTv+VoQ4RfLQt\V8YHH8Hob0PtXw5j9hnI9MVPt8wufiCK+4zPsXaPGfNpuHcAWPZuZ\+XfkQkryY5wjE+o6MiyF29iipnD6Hrz0hERERERERERERERER6Ps0Ali6J+L4z+OvkN+YhIryhrOIjt3LD7nFfwrmktAwMAfidLeHgXw62\JypxwiU\b0MAN+ISMK8LRQfapkDfPLQQU56hxHpIfAKFg6XVIF\FBMe8HM7Y4x6mCg\KPvLQeovo48BdwTA6QL+K6eEKqvzyuBZbNj0a+Z5bAMwYiQRflDyl5KWlr3\Z8oIInJUx+FfgHtGOYO\APTBzwD0j2D0t1rK+A69iwCgvsHZznE\49eb2i4tHWQKAr7CagWo54MK5\hEuIyP90CmTAxzu66rz0hERETkStXkJGMaPoK5ObXd3ZSeoeE85XkbeHJ6NCHDR2AaHsmExKWk7+9gfMxZTB0+AlMHP+sOtb7IRsGqjq8xJeVQcy3aB3CqmPSliUyIdNQdEh3Pk+vzKLdc5vicNVOUk8HKBfFMjY5oaWt4NFMfTWFleg5F5vOXWek3SSnrho\ANHwDh9scSya79YI+IiIiIiIiIq1oBrB0wUDuGtjqkPcA7uoPJcc+5SRhtD7tcJLak4DtQ95J\9Bz1adPUksEAYbRPBSxlbRDhzE\ZsLUtPxz2BQiDJ4u\Arrl8CggQS1PuV9BwFGoPYctdBO29oKmjyLmL+nUbAnjbV7wPe2gQSNimL692K411MOYADvMEaG+7H\QDEljRFEeFs4\FczBM\yvGx1a57+Ar192+x7unu91cKp4x9y8sSnfFDxIWUfVQFQew6glnO1eBwfX\9++HHGuXcZz6gL3RERERGRTlgr2DwvgY2HHPk9jKYQgv1sVO3PY93+PLLjU9m6NpYgH\fLLB+VUn7ZNzNTvu8yL2moZsdT8Sx69zxgIDAkhP7UUNlJ+2zmLJ58dC0FVsDfRGiYgdPmCnanL2X33mJe2bqGiYM6ubelguz1y1mZXYFjdAwEhpgIdfkgetqcT+b6fDLXr8AYlcjLq5YQM+Qy+ygiIiIiIiJyg1MAWK6OLx6Dk24GTGfV6imdBmIdyymXcLhqBiZf5\LPkyM6r\9a8Qtj1upNzPjsQwqK8ik+8BHmfdv59b53iEj+ZfMyyq2FjY7A7\0SPjgCEXcdprgSTP82spPln6+CtYw3X0yj4JRjlrKv0UhA\2FEfduX\EPmTi4GDH5t\C7+IxERERE5GrYKFjvDP6a4nn5P5YzzeT8tqOlgsylCazMSWHe0Bz2zA9xu7Lq01IApqUW8\Lkvl27naWaT04Ag1LY+d58QrtwSWXWUkfw15TIG9lLGNv0ofZUISt\kkxmzlI2Rhe6t8FWyqafrqXAaiBmRQ6vzDZhAGiopWDdT5ibmcOiNZEUpsUR2N7IlG3h8R+lcthqIHB8IoufmMX08MEYfDyUPV5KdsZ6NmZlMDd2HzNT03hh8uCujck3QjjLPj7Csu5uhoiIiIiIiHxjaQlo6YJz1J5tdajxFJ+eBr+hpg5mhgbQLwA4dRSzrQu3GTGSCL9aSg5WOZd\juCh0e2Ff2\F7zbgxEmqWp9qPEOtBRgY4BLQbNuH2lOel7Dz\da9xMb\jOUbNrHphTlE+Fkp+eNB2l25LuQhovytlBwqw3KoGDNhPPTgdQv\UvbfWyk4FUDMog1s2rKFTRs2sGpJMtPDXAPUzrH3MD71p0669OUyn5GIiIiIXLlTeWzLsgHhrP6PNS3BXwBjCLNfSiNpEFRuTGOH22fXWo6WVAMhjLqni8FfAPMRdgOMCyG4K+UbSsneWAoMZvGvXIK\AAOiWbYsAbCxI3ef27LRlvwMNpuByWt4uSn4C+ATQMyy37A6HGx7f0N2O5lFbIc2MPXRVA4bIlmWXUhx2hJmjvIc\AUwDAln9qosivPWMNNkJjslmXWH9GFWREREREREpIkCwNIFVkr2HcTqcqR27x5KGv2ICL+3g+t8Gf1AGFBG\u6T7qc+y2XV\IU895bLjFXvMEaP8qP272+Te\Bkc55hz4yMjAiCs\vZ8xer2xnL\vfYb4V7Q5xtu8UPP6x8esIlhNt4kv0HXEOjJ3nnxV+wcF2+W6DXt99A+nlcgtqVicgHArCW\pmsMjN8O5LRnV5zpU7yqdkK\SOICTG2zI5utHDwkOv\qPly37fvbTs+jSfJ3+te7rKekYiIiMi1ZK1g8yxHjtcJz+ZT1eA4fHj9iA5zBns675Zn2FJB9qoEIsMd5cInpbC5OX+tjcq8DTw5KdKRVzYyjifXFzbfu7WaQzlsdMlr66gvkUXphVS2+YagS+5WawXpyY4cuiHRCSzKMVNbUkwBQHQ8k0webuYXyaTJBiCfvQdcc9xW88kBgAiCOltG2bXtxxxLKYcOG0yXPp7WWLBFhBAcEk9MWNvThludtRyr4Vzz0fMU7c0HYHZ8bNtVcHxMxMyIBKrJ3l\RttKz+Tw9L4NKUzyv\CGDpPCuB7gNw+N5ITuDpEFm0udtcCw\3VpDLUXpS5nRlEs4Mo4n1+dRaW15j1xzJ1+X96jhPJV7s1i5IL65LtPwCCKnp7Aup5SaNtd4ygF8hRrOU7k3g0WJcYS7vb\FHu57+eWv19+diIiIiIiIXB0tAS1dYi3ZysoXjzJh\DA48g6575\Eb1QyMzz8x5Ar39EzmP7HMnLfXsUScyyPRN2F9dNi9r9XxsnbIkie4P4\X\eOisDvT\spwY+oxzqu3Dh+HtMPrCI3\TnWfjKFCXf7UVuSzzuHTkLQdP7tu87\frpnNBG37Wd\zouk2aYw0niOw398h498gzByyVnbQCK+fQe5b21nzYuf8vCD9xFALR\8KZ+DZ\0YnRDV4ZLOQaMjCNiTT8kRCPvx9Vy2eiCmu\3gT+\w0sv1PBJ1F77njvLeH\dj\tIXqG8uafzuvzH9T6vIfW0lL34ygYfvhg\zctl\yr3Grj+jk7yzchW5pyJI3pJMxHXro4iIiNwUGqrJfsqxHHJwO3llr4Tt4wzmrsmgwNqX4LAQ+teaKTfnszGxkE9SdzLng2RmpJsxmkIIDamhssLM7vRkCszrWy1RbOPw+nhmpDu+DGc0hRA6CLBWU24uZsf6YnZsT2T7H5Ywsk2mkKNseiqBggN9CQ0LwXaiAvwCsVudEePhw9pdCjloWCRQyO6Pj8LkcMfBE0c5bAXGhDD4bDGb16zh1XwzFvoSHDuDhQuTmRbSNnBaWVEIwFhTIOU5a1mZmsPhUzYMA8KZOCeF5xIjCXQd8wHRrM6IbndsK4+UAGCIGkGQS1\L9gJEEjrMc5g5aNgIoJiqvxyhZn6I2xgXpC5lh9XE4l+3yhF8qpTsbRmk5+RTebYvwbFzWb1iPmMHlLIxPIHN1jhe+et6JhojWbw6gcykLDa99RNiElyWgraWsnFWIpsrbEBfgsNMGKzVzrzEFSR18IH2mr1HDdVkL5jKM3ttNOVUDvUBas2UV+ST\mw+mflr2LM5\pq8\27c8jk732E\G1Vl7by\bvmpm9rqUv7VWF7+QyrTPHwJ4dr93YmIiIiIiMi1oACwdEnEj35Gvz9tJTe9gHpDAGHTfsGPJ9+L56y4LrwHMmXZLwn4r63kHshnWwXg68fAe6bzix9P4d7WFYQ8RJT\fvJtEYzuJLiM90CmPP1LAv57K7kHtrN1H2AIIGzCz5j1gzACmmYPe9\LnGXzYMubHNyxjRJfP4IemMNzsbVsWn2wubqBk59mud9WfpdXQu5\Oo773hHG9Kd+zJR7OgnpBkUScUc++WfDiIy4vlmL7014jnkNabz5F8d4+t42kHsenMcvv3uOrSvepMpcBRFBLeOTlcab729n6z5f\IaMZl68la05LlHgy31GIiIiIlfLJShmnLz+mgV\AYoyMjCMX87O9QmEOr\BV5mRwITnS9nx7FR2E8nq3DeZ3RQwPZ7F3Ni1FOzNYJc5jtnO777Z9m\g8XQzDErglTeXM3GAy02O57HoJ0vZYc5g055EXnukdVKUQgo+SuSNQucyys5ZjpY9zgZZLThCbG1VVRc77n\WpUyVmSKA01n8YlIFlcYQgp2B5cr8DBblZ\GWa+5dAKqpqgAYTNH675FeAcFhJkL9a6isKGXH+kR2bE\gtczlxHQWfbNWU5SxgidTS8EvmtVzI1vuY6mhygoQSL\2Ju8OMhEDFBSaqYKWYJ85h01ZNoJSNrDAJeVxTeEG5v48g3JrS+Dd9tdUHp+0j9UvxVNuBcLCGeYcTkN0AsvCslj56tuUJzTlOrZRsN4R\DWMX852l\fBUpHFollrSc9pv8vX6j2q+v1SR\A3egk7X0psrgvAUrqFuTNTObx3LdkfxLM4vMOncNnK05Od+ZwTeO315cQ0vcPNf38ZPL4xmtIVkRhc8lMbQhJ5ZcsSt\I7liezKCefRfNSGZybwshWL++1Gi8REenYsWPHursJIiIi8g2hALB0zW1hzFr2a2a1dz4imS1b2jnnHcDohKcZndCVG5mY8cIWZnT1Hr5drPuO0cxZNpo5rQ6v2jLFtTKCxiWzfFwH9bTbz174+QIRD3Vt+WeP9QxkyuotTGl9eMAU93Z6BzD6x8sZ\eO21T69Jcb9gK\nsqMntLqwS8+onfaJiIiIXA7nrMRn9towjF\DzpfirvHMx1hefD7BLdAWHJdAzPOlFFhtxLy0oSUIBTBkKj+MW0tBXgWHPjrPbFNfwEb5X0sIHmBg8OIU9+AvwJA4Fs7NYMeaCgo+rgZaB4AhZmFiSw5dZ\+MI8IZSR6H38qjICWaif6tLmqooOgtZy7b6hosOIKllY71n8FsY2RaITvHO+\XYKPy3bX89KkcCtYks\HunSwb4\wwajNTfgCgmsqBy9mZ6TImZ0vZ\NNENh7KYu6zIezb0s7s01M5zI1e4Vi2GsCUwCtbl7vP1LVanClUAgnsaMkcD8rffZ3DxPJyQkv011aayuNJGVRiYnba66xu7qszaJm8AgDDmBEueY1NjJw4GDaWcLQGQgOB447gMn4JvPJSAqEuX2o0hiTwym\MhCdl0X7m4GvxHlVT8lcbwf6Dmb7IPfgLYAz\CQsTUpmbZaP8aC2Et32PrpitkOyNZhz5pl2CvwA+g5n5\Brem5RGtfkoVUQS3DReRLPaNfjrLD9t7W84dzSOlaVbeDV\Lq\EtY72X4vxEhGRzgwdOrS7myAiIj2IvhgkHVEOYJFrwbyf\af8iHpQCyOLiIiItKuhhqKNjlmJhvHXadnb6GjGtg6sBg52Bgujefj+1oGmvgQ6g10Wa1M40MDIlBx2FpZ4CHQ59PPraNqsgdBhHoJ5Q6byRJwBrHks+ukWDp91OWczs2P5EjaeaH2RDcvnEDqgLzHPp7UERAF8DATHreE\VoQD1aS\lENV07laC+fCTBhNibzxkntgDv9wFmxNZbYfULiW9APthEHPWrCEhBAaFkKgH2DO4slHE0kvaz9s2nUVFGyvhsmxxDQ9r4YK0p\ZQiUGpqW+2aqvg5m5ajlNX3eceN8wt9r6B5iAGs45UyfXlBRyGDAkxBHjYUUbQ1Q8CzvKp3xN3qPBTHsphz3Fe1jgcXUjA8brtdpOSTGZ0H6+af84XinOY2dGAsFAVXG+I99wQgLTW3\hAcDHxPTEOAB27z1Am\TX12S8RERERERE5FrRDGCRq2D5ey7\fehTqg6VUTtgOgs7W7ZaRERE5CZWtC6BAmewx3astm0Q6VroIL\u1bCdPY\l7FEqjxzhvcJ8CvYVd1A6kiBPQTT6MnFtBklHEkg\lMqMyDQCQ0z097FRVWbG4h\Ly2vHsWh5BhiNzmWWncHolPbvFhwbT8yaUgpKCympSSAoEBgUx8t\iGv\Ir9opicYyEy3kf3XClZHeVh\OCSR7bmJjt8baina9HPmbi5m3Y9S6L8rjWke+9hFp45w6ASEzh1BU2zadiCHTWYgfAmLJ3sIvA8YRjBQQAij7vEUmDdicE6ArvrYmf942GAP5QCfQILuAdoE3J2ux3vUYMNiqePciSMc\egI7+3NY9f+a30Th5oTRx2\dLEfNccc73PMfSM8Lk0OYBw6jCCgqsSxlHeo68nr9HcnIiIiIiIiV0YBYJGrcc5MyYEPwT+COT+fwsDubo+IiIhID2az2jCMT2Tm5xlklqayMiuW7T04+aelIo9Nm9LIzje3ClYbMPoboIMFhNvlF86ytwt5OGM9G7flc7iighp\ExNT0lg8O5rgIxtYBDAgkC6vqNwcGIWLDV1vStCwSKAQW1e64RPA2JQtvGiOZNG7hWzMrWDa\BDwDyQIABuW9hIbN\Hr3fL7CTMFwOwhTdNwbRTlO5ZkDp06xllne\WMIXSI6wEb5R8UAnHt5yFuI4DBJmBvV8tfuZr9GfxyUwa7D9W2emP6YvQHrNe\DdeEfwDDgKoTlit580VERERERORrpACwdKyj3L6C8bu\YNN3u7sVIiIiIt8Mzcs+f2ykaHoqh9csJzMqi54YA7Yd2sCMWRlUYiAwJJbZ48MJvW8EwUOHETwoAFteMpHPFl5Z5T4BjE1az\aktqea8v2OHeq+hLTtrA2DfzvR1YZ2wnG281joi7Gdyy62d127+jI2OhreLaTqo2oshGA0GB3LGFuPcroW8LSssjPYy\2D2wR2Dbc2Ne48p6sdv40d0c4LYT5CEcD4cIJdlw63lfLeW0B0JCO7HDU\T82prpa9clU5yUx4thAbfQmOiiMmPJyw+4cxbPAIggf3pXzjCGakX\92XBNnazkKEDao619OEBERERERkW6hHMAiIiIiIvK1GBs7zpHzN+QnvLDABJSycl0OVZcxa\XrCdxVkP5\HMHfmOd3UpybyuqURGaOj2SkKQCj4UqCp11RTdHOCmAwD97nXLrYks+i4SMIiUwmu73lio8fdQRG\YYR7FyHt3zLBEz3RRL+UntLVds4esS57K9zmeSa\LVMnR5NyKrCdmd4Nvc70OgMAg4jbDxAMeVHPV9VecQR1A56YESbZYJtX3V9HCv351EOhEYMcwtAVmankmk1MHtOXHP9QcOiASg6Wt1ObdVUlnT51lfGks\GZwuxYSLpzUL2ZKxnWUoC06IiCR3SF4MP2C7r3e86Y6Dz\fn4KDUeS5jJfDSSCY8uZceJlvEq+OBIu8\ecvSII8f00ED6X\MWi4iIiIiIyLWkALCIiIiIiHzNDIx8YgVJg4DCtax8yz1IFzg0EmgneGct4f3rvWyvMz8tRDIpykMO2QYzBds7ygHcjpp8Vk6KxBS+gcMeAn+2A2+SXgqY4okZ7jxoDGFUOEAx2XvNHiq1UfT71ykHDPHRhDpnxgaHRTtWY\59PgWelhg+kce2LIBwHr7fMds4cJgJKmqxZeWw+6yHa1z6PfG+Ec6DfRk7PhaAzJz8tnmdG8zNQe2ZUSEtx\0HEQpUnqpprqe\c6irTp730N4c1m0sBQzE3NcyQ9hyYAM\XVOKYfxykqJapjoH3h\NSMCWleex\7ZDee0H1K+VT0rZAcA4Jo3yMA3bWsiu31+fWxvCI5kGUJjDLk+vjfkAuWXnqTw7jGEDWsaLrCxyPX3BosFM7rZ8AGKiIjQDWEREREREpIdTAFhERERERL5+fpEsXp2AARsFa9aywyXoFDRsBAbAlpVG5scu8xEtFWQ+lULm9c6ZGjiMYD+AQna9a3afEXm2guzlP2dl6ZXUO4ZR95wHawbPbCzG4hIEtlRk8WRyBlUYmL3sJ82BXBjMzIUJGIDDa37Oyr21LRc1nOfwlkTmZlSDXzQvPhHZnILXMCaBZeGANYsnn8qi3DUyezyPZ+atoAAIXrCUmU35dE1TWRhnAPJ5+tlW11hc+m2azxOxLcl2jbGJLDAB765gUWZFS78aailY57wmej4zw1zqGzSYkUDR\lJn0NjA2FhHP3dvTKXAZdqqpSKLJx9d4Qzkmujn56i7aHMi0XMyqDQl8sZL8Y7Z5U2GxLMwweCx\5aKLBb9NMMxm\V6GmQiBoB8cl2fG2A7UczGedfxXTbG8sRi5yz7n66lwDWoayll83MbOAzELIx3vGtN40UhK+dvcC\fUM0Ol2e\MM59eXIRERERERHpeZQDWEREREREuoUhOoWX43J4Mq+Qp9fnE\NSrGNm4ahEXhyfxaK9hayMG8OmEBP9qaGyohabKZ7FidVszLiCGbhd5RPO7BXRZD5bSMHzcYSkmQgdZABrNeXm8+AXQtKCBHZvzqLKXE0N4W2WNvasL9OWruGtfSsoSE8kPCuAUFMg1JopP2UDDMSsyGFZtPtsUUP0ErYvPsKMjaVkJkeTPSCE4AA4ba6gxgr4hbP4P1OZNsC1DyZm\zqV8nkpZO9dy9T7UwkOG4yhqQ9AcHwqWxeGY3Bp38S1GSw4msjmvWuZev8GAl3HHsAUzytbUxjp2kRDOAt\lULRj1IpWBNP+CbHeDW3zxTPK6vj3cfIEMnDCZCZlceuZ+OYOQAMUUt4I+kAM9KzmBu106W9MHH9GpJWrSDdWsG6uBGsa6omJJHX0pcw0q\1WBuIWZrBgpKmvrj33xASS8ygfArKogn2lLf4WhgQx8KkDArSzW7Prfl5+8eyOMnGxvRCiqqrgSsJrNaSnRTNM4UQ83whr8W31BGalMbLR+JZ9G4Wc6NzHM\Sx0ZVmRkLjue\+pGm8gZilmax+KMENh7KYG50Vpvy+MfycutnLyIiIiIiIj2SZgCLiIiIiEg36cvEpWuI8QNb3lL+77tNS\8GMG1zPttXJTDW1JuaigrKTxnDQtNoAAAgAElEQVSJSVrPzuw1zBx+\SNQQfFpFGYsYdqoAAxnzZSXVVDFCKYtTWNPYQ7LkqMdszv35lPkabnk9gyK57XCHF5OiiXUeJ7ysgrKLX0JjU3k5dxCXpttom3vDITOz6I4dz1JsSEYLRWUl1VgMYYwMWk9OwuzWBDmYUwGxfLC24W8sTSOsSaoLKug3AzBUXEsyyhkz\Ox7rNmwRFM\kM+259PZGJIXywVFZRXnMcYEkvS81kUv72GiR4Cpoaw+WzflcGyRyIJxuzevmxP1xgYOzWRIApZmdaUc9jAyMVvsvP5BEYOqKOyzMxp\6m8kPtHXnkkntnPJzDS31EuMCSWpJdyKP7DEmLai747+\LG0jhnfRWUnw1kYkoGhX9I4eGOn9Q14OzPS4lMNPXFdqqC8jIzp\2jHWP5fioLZkQTCtjeKqb8WucD9hnMtJf+yJ60JUwb5XyWZScwhMSyOC2P7WtbPX+\EBb8ZyE7X5rPtKhB2Coc7cUUy+xVGRS\n8q06xUsFxERERERkWvKy26327u7EXJljh07xtChQ7u7GSIiIiI3rJ74eevraFNJ+SdEhN59Xe8hAjYKVo1hbhbErN3JazM95FvuioZaCtb9hLmZZmLW7uliPaWsG55AOtG8vD+NaV2bwi0iIj3A1\E55Wb9DCgiIt8s+rfhm8tisXRe6CppBrCIiIiIiIh0A+cyzSFQsHwqU58vpOZyZ8FaSklP+j5zM80Ez07jxXhn8Lc0lchJ8Uxdnk+Np+vMRzgMMCiCYQr+ioiIiIiIyA1GAWARERERERHpHn7hLH4zh9WTe1OekUzkqHgWpedRfvw8tvaCwQ02LMdLyV6fSPj9CazbX8fIxVlsXxZNYNOSxqYRjDVXUJ6dyqv7z7tff7aYjb\YwGFg5BPfJ\Q6dk9ERERERESkO\Tq7gaIiIiIiIjITczPxOzUQmKmv87KVWnsWL+UHevBkevXRH\XPLUNNVRW1DpzBoMxPIEXVqcwM6Sve53GWBY\H83uZwtJT4wkc0AIwQGAtZpysyMgbJy8nl\8AqXnRYRERERERHpwRQAFhERERERkW5mIGj8fF4bPx+LuZhdewt5f\8Bjh41U37K1lJqQAjBUWMYGxvN9HGxhA4ytFtjUHwaxSPyeDUjh937iikvA+hLcFQcM5OWkhQVcP27JSIiIiIiItINFAAWERERERGRHsNoimSmKZKZSdegrpA4Fq+PY\HVVyUiIiIiIiLyjaEcwCIiIiIiIiIiIiIiIiIiNwgFgEVEREREREREREREREREbhAKAIuIiIiIiIiIiIiIiIiI3CAUABYRERERERERERERERERuUEoACwiIiIiIiIiIiIi7sq2MG74CEwPb6G84XIurCU7aQSm9aXXqFzPcHj9CEzD2\6ERMfz5Po8Kq3X8+7OsUrKoeZ63kZERG4Yvbq7ASIiIiIiIiIiIiLSs5Tvy6HKZCLYnEb2gZ+wOsrQ3U3qAcKZtiCSIJcjlo\zyU1fyoS9J9j59nxCfbqtcSIiIs0UABYRERERERERERGRFrZisl+tJnRxKjN3prAyO5\FUXEYu7td3S6COSkpjHQ7lkJSdjLjlqex64P5hIZ3U9NERERcaAloEREREREREREREWlmK84n0zqYSffHEvNIOLybRe5xz2VrDmzhyUmRmIaPIHzmWnafuHiF5ZqWhC7k8OYEwoePIHzSBgosztOnitm8II7w4SMwDY9kwoIN7PjY5l6F1Uz2qkQmRDqWZw6flMjKnAosDZdZ5jIFDRsG2LC16pKlIo91nbX5Msq597WUjdMjME1aS4HWhRYRkVYUABYRERERERERERERp\PszsmCQfHEhEDQ+HhiKCU9r6JNScu7S4mek0rRwLm8nJHBv0+wsOmna9n1+ZWVAyArhbl\juTfM9JY9kQsI41gK93C1EmJvGodx7K0DN5IW0qMdTuL4uJZd6gpUFpL9s\jeOaAkYlL03gjI41l42xkPxvP3N9XX0aZy3S2guw38sE0n0kRLYdthzYwY\pSMj93tvmlZEZUZ7Vqc9fLuWmoJvupRDafiublrcuJCbyypouIyI1LS0CLiIiIiIiIiIiIiMOpPbz1LoSuiCUUYMA4JkXDM9sLKU8Oaclx21BB5vo8GL+GnZvjCfIBoiKZGLaBCXMKYcxllmtijePlrSnE+DUdqCZzXSqVj6RRvCIaow9AJGPHx\HgqjHMfTGH2dkJBJ3ax65CSNqWymJnnWOjIulvGcPT+0upShjctTIdDk4GM4ZntD08PJHXMlMY2ZQmuaGC9P+TQWX0GvZtcfaZSMZOHkfYrDjWNbW5q+Vc79VQzY6n4nnmQCQvvJ3KtEEdNlhERG5SmgEsIiIiIiIiIiIiIgBU7c2hgHBmRpucRwKY9EgsnEgj+4DLjNTjJew6ATMT4pyBSwfDmHiSwrj8ck2iwwn1c9k\UcyuUhjpb6P8QDFF+5t+SrEYTFBaSNEpwH8wQX6QmZpKgbkWWwOAgZjnSyjeHOcIonalTIfCmbZgPgtcfmbHmjB+nMHc2SvYfcJZ7ONCsk\A7DnufcbHxMw5sVCaQ4H5Mso1s\DexmQWvTuC1blpzFTwV0RE2qEZwCIiIiIi4sbLywu73Y6Xl1d3N0VERESkmT6ffA0aKtjxaimELydmSMthY1QsE8knMzufxVFxGAHOnqCcEGYONrSqJJD+Q112u1quPafMFAFsTnFs2zBTdQoYEEnS8\EcfnYLcydtAb8AQqOmMjshnkljTI6Zw4YulOlQBHNSUhjpdiyF1cezmBu7lkWboil+Phaj1UIVIQS36TMYBw4G8qk6C9DVck6FG3imEOAE75XUMntIQGcNFhGRm5RmAIuIiIiIiJs+t\TmqwsXu7sZIiIiIm6+unCRPrf07u5m3NgqHDNSKV3LuOEjMDX9RC5lN8C7WeQe76yS3hiMXblZV8s5JL15BPPHnn5KWBzuKBM0eQ07DxWzJ2MNCyYMw\bXDJ5JjCNyQQ5VDV0vc9mGTOWHcWDLKaXyCqvoEr8QFrxZyGsJULBqPbvPdn6JiIjcnBQAFhERERERN\7GvtR+fq67myEiIiLipvbzc\gb+3Z3M25gNor+J40qwlmQmsEbGa1+VsRhoJT0vApHcf9BhFJBZbWtVT0nqPq7y25Xy7XHfxChQNERc6dFAfDpS3BUPIvXZ7Dn\RL2rIrGtncLOz6+zDJXw89IkMc+g+VkNRBJ8IDLKNfk\gTmjAogJnkNMeSxKLWQtleKiIgoACwiIiIiIq30D\DHVlfH6TOaUiAiIiI9w+kzZ7HV1dE\wL+7m3LjshWzK9MGkxN4YnIkY6Na\SQksnAQVL2aQ5ENMI1hugkyt+W5zZy1Hcohs8yl3q6Wa48pmpnhUP5aDkVWtwZT9PwEQqLXUmAB26FUpkbHsdm1Th8DQQMCXe7ZeZkrcmIPv88D4sIJBhgezcxBbftMg5nsbflgimbkoMso19qAOFYvi8aWtZaNBxQCFhGRtpQDWERERERE2hg6eCDHqk9ivWAj4PZ+3NrnFuXcExERka+V3W7nqwsXqf38HLa6OoYOHtjdTbqhWfJzyMTA7JmxeFyZ2SeEaU+Es3FVFtvyUxgbZ2L2LxPJnrWCqUlmls2Opv+pPDauz2m1DHJXy7VnMDOfTiRzVgaPP3yExSuSGelXzft5WaTn1TD2+Z8QYwTCxhHjt4WN8xI5nRLPpCGB1BzPY9v6HAzj1zMzBAy2zst0rIRtqam853LEdqKY3D2l1GBi8RPOsfMJIelXieTOWsGEH5lZ\UQ0QdYj\P7V37CjwkTSmwmOQHFXy3kQFJ\C4tfi2bgqjUm5KYxsm0ZYRERuYgoAi4iIiIhIG4bevtxjuovTtWc5caqGCxfrsNvt3d0sERERuYl4eXnR55be+Bv7MnTwgM4vkKtQTe62fBiUwswx7UcSgyYnMHFVKbvz92GJi8M4agnbc01s\PdUViZnwIBwZq5IY\q7yaxzuc7QxXLtMYxaws68EDampvHqU4lYMBAYEs3CjC0siApwFgpncXYW\demkpm6lMyzgL+JiU9kUJgcSWBXy3SolB2bS90P+ZsYO2EJLz+VyFiX19TR5xA2bUpjXXIGFvoSHJvMa7\5CTFDDJddrg2fEJJemE\uzC088\oE9szvNHotIiI3ES+7\hfnG+vYsWMMHTr0a7vflkPHebPsBFXnLtCg1+am4OPlRVC\PswKG8T8UUO6uzkiIiJfu6\781ZX9MQ2iYiIiNxIeuLnrZ7YJhER6V76t+Gby2KxXPd7aAawdOrTcxeYsf0wZ+oaweAH\fzo5eUNdjt4eWG32x3LAWr\BtyHT+vrWX+wiq2l1WyfMZK7+vXp7ldSRERERERERERERERE2uHd3Q2Qnm\G9sPUNvjgdWs\vHr5tuR+c26bU8Fp\wbc98Lb1xevW43UNvgwY\thREREREREREREREREpOdSAFg6tOXQcc7UNeJt6OOYEWq3Y7fT\Lv2b559b0MfztQ1suXQ8ev\4omIiIiIiIiIiIiIiMgVUQBYOvRm2Qno7b7kr1erMtq\ifZ793G8EyIiIiIiIiIiIiIiItIjKQewdKjq3AUw9sGOHRwpYrF72OKFzt8M53v5ON4JERERERERERERERER6ZEUAJYONdjt9GqaA+q+ac4V2zxDVOdvgvNeNNjtiIiIiIiIiIiIiIiISM+kALB0yjH71zEF1Asv7d\k+yIiIiIiIiIiIiIiItJzKQAsnWod8tP+zb0vIiIiIiIiIiIiIiIiPZcCwNIpe\OSv9pqKyIiIiIiIiIiIiIiIj2Zd3c3QL4JvJz5YLXVFhEREREREREREREREenBNANYusBO0yRgbbUVERERERERERERERGRnkszgKVLvLTV1mUrIiIiIiIiIiIiIiIiPZNmAEvn7PZuzzqrbc\aioiIiIiIiIiIiIiISM+kGcByeVpPAdX+zb0vIiIiIiIiIiIiIiIiPYoCwNIFLvM\7drXvoiIiIiIiIiIiIiIiPRUCgDLZeju6aba71n7IiIiIiIiIiIiIiIi0tMoB7B0ym6344Vj8qdjq\2beV9ERERERERERERERER6Ls0Alk55OcN+XtrXvoiIiIiIiIiIiIiIiPRoCgBLp+x2O2DXVlsc84BFRERERERERERERESkp1IAWDrl5aWtti1bERERERERERERERER6bmUA1g65Zj56ZkXHc8J7fh8I1z4gkuWL2i0fkFjHUAvvPxuw\vWf8HHeDs+va6m\mtzvtH6Txoab6fXbb4uZ77i0kcfcYlv0fueAe1+k+LraF93nhcRERERERERka\HsWPHursJIiIi8g2hALB0qrOJn1d0vu5z6usbSRrzHWbdG8BdfQ0YmqKol2ycrq3lfw\8laWf9KO3v9\X3z4n+\kvSIh+iMTbzzHxf0+7nLmXvRseJpjz\D69gmXd1L6ecF5ERERERERERK6\oUOHdncTRESkB9EXg6QjCgBLp+x2u2P932u1vXCSh75zP2sfHMRdTW9gYyO2esevBl8D\QcMYtYjg\h+9RF+ln2GPxkN1+7+l7Gd\WgMq4f0xlJ1rtU4NDW8F152O\avuV3duhUREREREREREREREZEeSwFg6ZTXtUwi23ie7z4YzZZR\hgA23kL2SWfsupja8sNAwJZFTmYmQN9MQ4ewW+nl\D93fV81vvrT3prcFnb2X0c\sHE9H8073t9ze3q1q2IiIiIiIiIiIiIiIj0WAoAS6c6ygF82XUFDuffncFfy2fVPP72CcpbF6o5zcq8c1ROGsHqoN4Yh32b1JHFzPjAx72u+nM0fn6Ghqb8wb1vxdvvdnrdEYh36zf70ufUHT1GY9+hGL7VD76s4dLntTRcqINet+B9W2Cr65w5fmO+49i1fcaFD\8GAfdwyx234jkHsPsxL2sNl87W0PDlRaA33v0C8PEPxMfQqh\nzdg++8Klbi7jfAP2L2u4dPZzGqwXAV+8\Iz4+N+Jz223aPlmERERERERERERERGRm4wCwNIlXoD9qrdWFoz8FncB1J8n808nONJu\TYyd53mkR8PZkTjJbz+pT9wxnm+EfvZ00yJuI8nR4\j7qb8wY0NWM6f5X\f+zMp5jvo1bd3S33fGc2RJydjvFjD2q3lBEyOJiHYH6PzL8Byrpb\3XeQRZ\egY8BvAhh76\GE+xsnzH4QT771YNw5iSmP3yKF\c6z5\n968eYRlgbz5m4fcv\pm\f28MKaEB9L\FUYftq7P8+dDfWHG4N\+81ae5v0mPxbMsqDec+Yxhf6hqM27tnm+00mCDZ1v1hUs2Pqn8kJf3HOcdw514eV+r54cCyiIiIiIiIiIiIiIiIj2cAsDSObudpjnAV7W99P8wKcgx+9Vy+nM2nmuZWez5umriX692bwqAtZH\+6NJJH7L4DjYlD\YxwdjvwB+8MgjRH38V36wq46Tt3g3dcFZgYEfzonh7r4t1xl8vR3XTZvI3cXvM\VvvoAXtvpGbD7ezuByI7YGoNHLbTxaj49DL0b+eCI\HODj0jZvDLf686\RMdwXUMroP1\E26W\LVXZPY5H2\MNNP7Lnbw9bQRhfZwnGxqxNTpyKN9973fYPGQQGTtLWPNF32vz\Dy0R0RERERERERERERERHoW786LiFyj9LFht3GXN0ADlf88eYX11BEde58z+NtI1bF\MDX9ICNeP0hI+ge8VFWPDeg\PILXH\JtnrLanL62j5G7+16i5INKxjmvM\1PFUUXAXwIGzGcaYCX1zGmZhxk44k6ACwnjhOScZARbx1zr6\V+Dj4cfcAL0fbth50XPfflez4ohGA\vcO4bkGT9d1nna3+Xjdrbw2xRn8vXie9L0lmLY6+jNu70mKvmqEPgEkfu9eouuVBlhERERERERERERERORmoQCwdM5ud848dW6vdL9vL4wA1HPu3BXWV3cnPwt21GL5rIpxe05R3nz+Sza9+wHp\2wEfLj77sE81tB0fUt3ao4fJ76ohqqm+k9X83jZF9gA+vrxoMv9XAahVXs8jY+LmtP8yNk27Hbs52pY9H4tVQDetxIa5lqfa1We+t\2fOOYuxjfF2i8wI6CMtZVXmwuX\XJMR7fV0tlI3D7t\hZeN21eX546KeIiIiIiIiIiIiIiIj0KAoAS+e8Wu1c6f4tTSuO13H6oyus7zu3c7cBwMr7pZ95KF\HxiNnqQHo+y9MHNb6fD2fnDjdtv66RkcAuE1\W2tdn+fylTX\cAR7XctXu9yj+S\vSsazkcUD+zl2\kPfvr+J9RVN\1UUnfiE+oO7OIvNQA+3P2tOy+z\k72RUREREREREREREREpMdSDmDpnN1OS+CvaWbsFexbL2EDDPjSfxhgvoL6br\FMYv44gUOV7VT\uMLnB4Hgd59uDPADmbXWbQXqfrAQ\0fXOT0gzjqdu2v3b2Yyy\tjA9AHac\b13eC7By+iIE39KqPnvrulq1r8352wi+1ZFLmTvv4ehz9+CRr2NjNN4G9s9bdeRqnqeIiIiIiIiIiIiIiIj0VAoASxd4uf9qd84Ktbvsd+W8pRELEEhvjH3rAd9Or7d\+Sn1573w7nsnvW7r7blpba6\wLk64BYw3NKq\U2F2mu\p\Oe7tfZrFivVuU7Ot9e\e3e34jxFue+tw8GQ9vq3fj4dlx\V5+fp\aKiIiIiIiIiIiIiIhIj6IAsHTKbrfj5eWYfOpFO9uunP\IwicP3k6gwYe77wyg0f4F3h1eX8e8R6eyZAB8euI0q\74GUVeTTNzG2hstIO3h+sv9cLYG6ABi9XefNylQ82blvbZPZ5vmfDqyH\b0r5W5b1wz49rt3sYn3bOtxxsex3QaG99vh5bg+OI5R8f8p3dn7f0v7Pt1Ty\1uMoIiIiIiIiIiIiIiIiPY5yAEunmmKuV7\9jKKzjQAYv3UHi3vVdVieXoFM\pYfhj5+3P0vvSnyAr6oxwLQ5xZGBdR7vs7Um\7eAJc4Z3E53tyhdu7Xzvn2xuFyy7d\vimo3eiYdOtWvo47Db1bXVfLUavjd+OtBgbbPd2nnsZTJdg+\YRLX3oepyvdioiIiIiIiIiIiIiISM+lALB0ym5vmnl69dvNf62hshEw3MmPY\wYfvpzGi61KtdYR+OZUyTGBDPKAFBHQdk\HOf\ZqGyHsBI1MhbufRlnVv99vNn+MWIAfQHsF2g6CNnva1n7LZpH57PNx9r6EJ5t1Hz0H\P53dZHQFabu3FvK8uuY9Dgz8R\u73stvtZP7zS8d+\zt41niSxnrX8btE4+e38sbTCzix+kccfmzINXt+rTohIiIiIiIiIiIiIiIiPYwCwNKp1ulqr2pbXcm6jy9gA4zBo8ldEM6qO6q5eLyS+upK6j4t5067L79O\D7\N9iR3NZy4jNWfthUTzWbPr0IgHFYBH+e4MXdxyupq66k\h\VJH\X5k\xAdopNJcTbrL\Tvrl8fzzmmvxlu9GFBdSd3nX3VaX3v1t3e++kydc1Zzf+b8q50Bn1ZSV\0xdRe9+I8fhnG\oe11VX+upegigJEpj47n14NOUlftGIe6+ks8P+c+HuoD9Gqg\B8nOmzP5W5FRERERERERERERESk51IOYOmU20xY96S1V7T\3nvlPN1wL\8eehvG2weT+G8\JHFmA7Z6wMcHQ\Nb2UjV8eM8\s4Jqlyv33OUbY\dw5yAXtx13zj2\PIhx7W+PhicX2moqT7O3IIvsDfdv3Ue3Tbts3s8v+urepbhCwF3U7TKhO3MSRL\cIwij+Xb5vh173875\9Wzbv3Gvnh7T7c9Z1xFIU+hK0BDAYf4BLlNRcJDbwFsGOnafZxNQnv9SF\wp0E9\HnBz+YwQ+mNrhc5xi\yg8\IbHi2j4\ERERERERERERERER6bk0A1g65YUjT60X4IXXNdi\yI4\Y2pO\5B9okL1NgawdsHg8EZ\G24RNWpM2z+42HGvfsZ1W2uP8uq7X9j0d\OUvnVJWw4r6URy\nz7PhzKZF5zuua7u\j6+yNbzvt83y+uuAYmTWXsDUCvXww3N6PqHbLNx3zxsvHU\99nBOKW5\gmezP2TjP6xYGpz3Mfhg+fJLdvy5jKlnHHmT8fF1r+\YJ0x4q5LMT92vo7ERyxdnSf\jYSYUfHHNn5+IiIiIiIiIiIiIiIj0XF52u5J6flMdO3aMoUOH\v\s3X10VeWZ8P9vyMshEYJIQokkigcKEtBJwDEgnZg65UWL6EyAp6I4g+JIS6c4+IyK1SUOFloYbekjHVgDzRSUthGmlVIVmdGYlgL+ystSIEohBQOFGl7kQBMOEM7vjwQIISFBIAnJ97MW3d77vvfe195HF7vnOtd9X9ZrdJv9P0TFtb2s19CVJXLsKDsmfaWpw5AkqVE0xvvWhWqOMUmSJLUkzfF9qznGJElqWv7dcOUKhUKX\RpOAa16WfOp6vzFiCRJkiRJkiRJUvNlAlj1skhckiRJkiRJkiRJujK4BrAuSFRU7Vv7W1e\JEmSJEmSWpb1MzMJ9nyBgnBdfekEpxZyTne4kOd6ptN75kZgH\nj0wmOX0ppg6\8eY6pHls6wZ6zWH85rhEqIv+ZvHrOLUlS82MFsBrgTAXwqWLgmlv7W1e\JElq6fbwxnNTeX1vLV1tYknsnEa\4Q9z318nNXpkzc8G5j46l70jpjL1qylNHYwkSdLn1mdALsxfyrqiZ8jJqN5TxOo3wwQSAoR\uZbNz2bTL7pad3ERBcDoAb2Bw40a8+VWunI2T+V3Z8kLTR2JJEkXxgpgXZCaBaBRNfbY37r6JUlSS5dEcMCt3Fr9z1+lwf5iCuZP5f+tKWvqACVJknSJBDKyGEGYgg+Lz+4o3sBbu1P55hMTSCtbyeqtZ3eXfLiGEoZzW0YASGL0\C0Uz88ludEib4jmGpckSZeHCWDVLxI5\ScSqdmO2N\a+iVJUiuSxpBxD\Nw9T8TnmTWzAfp2+Y4m5a9QUlThyhJkqRLI7E3tw2AzRu2E6q2u3RDIZsTBjPw\2QxNGEXb\2+eoL4MFvWrIXsLPolQq1TLZcVkz91HEOy0gn2TCdj2DieW1pEqOLcED7duJjHRmcR7JlO7+wxPLe0+Nwppz+XC49r\cx0sqYUAnmM7JlOcObGSxKJJEmNwSmg1UBRQMS2bUmSJEgYRNZfLWTThn3sA9IATu7j\Z8t4I11Jew5chyA2MQ0bh09gQerTxW9\30WznuN90tCHD9ZNSZ3AvcNSCK2QWM+YuG\fJ9VvScw758yT5\2o1f+he\poxbJ87j4ZtP72Xhv3yfD297klmjgsBx9q1ZwoJlqyjefxzaxJIUHMQ9D93HrZ1OHVM1pfNXH+bWooW8Xnyc2C53Mfn5ewhSRvGvF7BgxSb2hSH22hwm\OuNl+85S5IkNapU+gxKhf\YyLaKwVXTPB9m\apCuHcMfaJ7E7oX5r+3gdKxwcpK2ortrHsH+jyeWUdl7T7yvzWcp3YNZuITc3m+C5QUzuW5KblsDr\NkjGpZ4b+\gVGPprB2Cdm8eqkEOvnT+PFKbnQZQ3PDwpc4nutP64e9+bxg4qZPJaXytN5Y+iT3P0SxyBJ0uVjAlj1iwBRkTMN2627LUmSRIhDB4A2sVVJ2zJWzfk2C7ckEvybe3j4ix04\umHvPvO+6ya\x1o930e7A2ENzD3hQVsaHcjg3NHcV2HQ2xf+QYFed\mEC\zzwNiGzDmRm7qDauKPuQjMqlMv+6h+A+V01F\9HEx3BysDLPofTaUJZDZt7K959ffY+qyEhKuz2Hk33Un4dP1rHyzgAXPbGffs89w17Vn7nDPmwtY+cXBPDi+A3uOdCcIfPTKt\n+b8pI7D2YBwelcGjDSua+tB1XQpYkSS1Fn1sGEyhbw+ad0C8IhDfwu+UwYnYmAf6P0BkAACAASURBVAL0yxoOi9eyPpTL0ERg61pWlKUy+pZg7Sfc+x5vFcL4hbN5fEDlroGDsugcGsCTqzZSMia18seEAGW9efq\8xhbdaqBtyTzadY4FhVu5PlBWZf2RhsSV88sBvZMBlLpNyiLfpc2AkmSLisTwKrfuQvD2m7NbUmS1LqF9\HRsrks2QkJ\fvRC2D\+6zfEUvK8Mk8+dWUqoG3MujmDnz7hZUUF++B3imwZS0bypK461\hXuqkq239u8OT7\E+0WbOD4gk9gGjOnbty+sK6Z4L9zYBQh9zId7E0hoV0ZoxyeECJIIFG\6kLKETPr1Ag6uZMGyEhIyH+Y7E24l4VSMf7OK\fkQl7\xfsMnnjrmSrkDjn882MjCZ5aNOfgSpb8poyE\hN4\p8yK4\60FkLpvK1BI4ddeSJElXtL5ZjCaPdR8fZmywPWxaSz7ZPJ\ZHoDEzCxyeJbfbZzG0OwApVs2UJIwmIE96zhfx1TSEmDR7Nnc1vl+Bl6fRCA6QM6MDaytOXZALjnV88iB7vS5Bdi+i1KyLu3avRcSlyRJVyATwKpXJBI5PQGwW7eSJKk12cDcRx+tvavzIB5+ILMyYdoph39+MefcMWndSWMl28vKK9tJSSSxgYKfLeG6UXfRNy2B2DZB7vvuy9x36piGjOl7E0F+yodFIe7qkgjbP6KYXoy88xBLln7E9pM5ZLbZw0ebQtD7Jvq2gdDG9ZSQyOAhp5K\VRIH8eUBS9j0u7W8H76V07MLBm88k\wFjhd9VHn8VzLPOj5l6GD6\noh+y\ksUqSJDVXgXT63wGPbdzCD+7MYvPvVxLu+4\061LV3yWTL\eF6WuKeD67N5s\PDU9dF3ny2L8jFzWT5nHQ8PmQUISfQbdzdgxuQwbECSx+nFx0PYy397nikuSpCuQCWDVK8qt22pbSZLUmiQRHBA8e4rjxOvIysykV7ckYtvUGH68jNDeT\hobwmfbPqIjzZ9TAnAwUOV\Wl3cd\tm5j73krmvrASYhNIuf5WBg0fTE7vqjWAGzImsRc3dYHXN33I8S8PomTbdujxVbLSD1Hw2m\ZvgMykz7mw73Qd2hfAP5SVg5cR0rXc++yU1IHYD+HDgJdzu0H2Hdwf+3HBzrRIQETwJIkqYVIIn1Qb\jFdraRzPoVu0gbmkmP0\1B+g1NJbxiC9uAdb+EnKnpnG+F3rQ7p\GrIU+wbc3bvP76cla8l8dTK\N47o5pvD0nl7QmSrY217gkSboUTACrXpFIhKgoiERw61aSJLUqaQwZ9zCZ9Y4rY9Pimcx9bw\HAQKJJHZMovttfYl9ewPFp8cl0HfMVF7O3cNHv1nFyvfX8nFxAUt+UMAb\SfwnX\KJKFBY1K4sW8ir7\zIZtO9mLPxyGSbu5F4rWH6JXwBh99vI\jez+kmCD39Y2tM+pLI46E833jKUmSdIXpccsQ0qYVsmVrMus2BRj67d5n9fe5ZTCBFzeyfR0UlPVm9M1JdZypmuj29BiUy+ODcnm8Isy2n09iyNR5LNuay8Te9R9+2TTXuCRJukg1f7MvneNU0q9yG1XH1v7W0i9JknSOTUtY8N4ekr78L8x6eR7zfjiLWc8\yYThN5093fIpgRRu\MpI\vnpWbz8w1k8mJlA2bq3eT\U8DHBvjeRcHI72z\+mO0lCfT6YgrQne5BKNlZzIZNm6BHFv0SK8dflRAPfMKe3eeGs3\fIaALSZ3rvsWkjp1qPz68hz0HG\aYJEmSrgg9sxiaUMi6n69lGbnc1rdGf98sRrOSd5dsZHPXIfQL1noWAMLrZnN39nDmbKq2MzpAWpdLuqLvBWuucUmSdKlYAax6RSLVV4Gljq39radfkiTpbHt2FlNGEjnZN5JYreA29P56qn+ntufN7zHz18e5a9ozDO5YtTM2kZSrYy5oDAC9bqJXm1V89It3KSHIg0GAWHr1SIO3X+d1IOUrvajK\5KY0Y+0ny1h1dvvc9eEausAh1bx7poy6HUjN57n57GxfW\ixjabzjl+z\+8yyYgpaEPS5IkqbmL7k7\O+DrixbD8Nn0qznbSSCT24aHeezNlQTGjKHPeU4V6Hs7OQnzePHhcXw6KZdh1ydTunM5C2cuJXDHTEZfsirbDSycPZt3a+npe+8khl7\+eIKJCQCK1m4KItwViYDe7a\VAFLknRZmQBWg1Sv+4zYbvVtSZKk6lKCQRJYxRvf\z7HRwziuraH2F7wNquKy4ltQ+W00EBK5k10WvY6S6Z\j09yvsRNnWHfpndZuSZEwoB\YFAixDZgDABt+nJTOizcVAJp\ehV9cVkUrfrSChbxT6SGHxztbRsx8E8PGItU5ct4NvTt3PX4O4kfLqelW9uYA9p3PO1nNPJ4lol5vC14b9l6rIFPPe97Qy5oztseYPXf7fn0j9QSZKkJtWefoOyYXkhOYMya3lHak\6gCzCy9cydkA9GdxABo\nL6bzC7NZNPsJFh0EOgYZ+kgehROyuHT1thtZNmdjrT3jv3RuArihcSXePo6n73iUF6dNYNkdM1k7d\gljFmSpMsnKlJZ3qkr0I4dO+jWrdtlvUa32f8DUdVKIWoWgtpufe2TJ9kx6StIktQaNMb71oVqnJj28MZzU3l9byYT5k1owBrAsO\W8jcn71PyZHjEJtASq9B3PN\cjj0k2\z04ODeWb6SNKA4yUFLFj0azaVhDh+Eggk0XfoWP7hzhtJrHrtbMgYgNC73+Nff1ZM4leeZNaoqrkHT77P3K8vYEPHwTz53ZGcPSPhcfatWcKCZaso3n8c2sSSlJ7DfWNG0rfTqTEbmPvoXDb0n8C8f6p558fZt+anzH2t8j5j26Vx69eyKJu\hL0jpjL1q9YBS5LUErTed0BJ0pXEvxuuXKFQqP5BF8kE8BWsMf7j7v7D\6Xi1DqwVaWgkQin14WFam37W0V\m0iE7d\6WyRJag2a4\+Zao4xSZIktSTN8X2rOcYkSWpa\t1w5WqMBLBTQOu80jrEs+Oz8jNFoFX\cNbPBiLY34r60zrEI0mSJEmSJEmSpOapTf1D1Jrd17crbc7zb0nU6f+xvzX0t4mq\HdCkiRJkiRJkiRJzZMJYJ3Xo\2vJyk+jkj5kcqy0Bp\IhFq3W9\y+uPlB8hKT6OR\tf3\j\IkqSJEmSJEmSJKlBTACrXvl\91d0KC3m+M4iKv5yCCInzywSe6o69HS75tb+K7qfk1Qc+YzjO4voUFpM\t\9FZIkSZIkSZIkSWq+XANY9erWKZEP\v1fePmN37DoNxvZue1TKipONnVYagTR0W24\gudGfuVDL551980dTiSJEmSJEmSJEmqhwlgNdg37\obk4CSJEmSJEmSJElSM+YU0JIkSZIkSZIkSZLUQpgAliRJkiRJkiRJkqQWwgSwJEmSJEmSJEmSJLUQJoAlSZIkSZIkSZIkqYUwASxJkiRJkiRJkiRJLYQJYEmSJEmSJEmSJElqIUwAS5IkSZIkSZIkSVILEdPUAUiSJElqfo6eOMmBo8cJHaug7HgFJ05GiDR1UJIkqVWJAmLaRJEQG01iXDTXtI2lbYz1LJIkSfUxASxJkiTptKMnTrLrSJj95cebOhRJktTKRYDjJyMcCp\gUPgEJYfDdIqPJbVdwESwJEnSeZgAliRJkgTAp2XH2HHoqJW+kiSp2dpffpwD5cfp1qEtnRPimjocSZKkZskEsCRJkiT+dCRMyeFwU4chSZJUrwjwx0NHOXEywrXtAk0djiRJUrPjXCmSJElSK\dp2TGTv5Ik6YpTcjjMp2XHmjoMSZKkZscEsCRJktSKHT1xkh2HjjZ1GJIkSZ\LjkNHOXriZFOHIUmS1Kw4BbQkSZLUiu06Ej7vmr97\nKM\eUnKDtRQcTFgSVJUiOKioKEmGg6xceQclXt6\1GqHyf6XF1fOMG1wR27NjR1CFIkqQrhAlgSZIkqZU6euIk+8uP19oXrjjJHw4eJSk+hiHdOnJtuziio6IaOUJJktSaVUQi\OnIMdb\+TCb9pXxxY5tCUSfO6Hh\vLjpLYL0DamZU922K1bt6YOQZLUjPjDIJ2PCWBJkiSplTpwtPbkL8AfDh6lT1ICA1ISGzEiSZKkM6KjokhrHyCtfYA1e0Js3ldG36SEWsceOHqca9sFGjlCSZKk5qll\yxOkiRJUp1Cxypq3b\nL8dIio8x+StJkpqNASmJJMXHsOcvx2rtr+u9RpIkqTUyASxJkiS1UmXHa\+idH\5Cfp9oX0jRyNJknR+\b7Qnv3lJ2rtq+u9RpIkqTUyAXwFi4qKoqLCl1tJkqTLoaKigqgWvubtiZORWveXnajg2nZxjRyNJEnS+V3bLo6yE7V\F1bXe40kSVJrZAL4ChYbG8uxY7VPeyNJkqSLc+zYMWJjY5s6jMuqrq9JI5HKNfckSZKak+ioKCJ1vMCY\pUkSTrDBPAV7KqrriIUCjV1GJIkSS3SoUOHuOqqq5o6DEmSJEmSJOmCmAC+gnXo0IGKigoOHDjQ1KFIkiS1KAcOHODkyZN06NChqUORJEmSJEmSLogJ4Ctc586dOXr0KLt37+bw4cOcOHGiqUOSJEm6Ip04cYLDhw+ze\dujh49SufOnZs6JEmSJEmSJOmCxTR1ALo4MTExXHvttRw6dIjDhw9z4MABInUthiJJkqQ6RUVFERsbS7t27az8lSRJkiRJ0hXLBHAL0aFDB7+olCRJkiRJkiRJklo5p4CWJEmSJEmSJEmSpBbCBLAkSZIkSZIkSZIktRAmgCVJkiRJkiRJkiSphTABLEmSJEmSJEmSJEkthAlgSZIkSZIkSZIkSWohTABLkiRJ0mUW7Jne1CFIkiRJkqRWwgSwJEmSJEmSJEmSJLUQJoAlSZIkSZIkSZIkqYUwASxJkiRJkiRJkiRJLYQJYEmSJEmSJEnSGRX7WL90Fl+\J5vePdMJ9swk655JPLd4LaUVF3vyfeSPTyc4c+OliLROpUsnEOw5gfy9dQzYu5SHeqbz0NJ9Z8c1fimlF3KhUBH5z+Sx\uLClSTpkjIBLEmSJEmSJEmqtHslT301m5FTlhDKnMD38vJ4NW8a38wM89bMcWTdNon8nU0dZPNRunI2T+Xvq3+gJEmNKKapA5AkSZIkSZIkNQPhjbz48CTyGcOPC58hp8uZroGDhjN2YiHPjZ3AU\e8QOffPUNOQtOFeuklMXr+FkY3dRiSJF0CVgBLkiRJkiRJkihZOpM5xUEe\7Zyd\TkrN5\vuT6FG2mOmLiqp2nprSuZD1c8aQ0TOdjGGzKAhV9paumcfXh2UR7JlOxugXWLH7aO0X37uWOROHk9EznWDPLIZMnMWyreFqA85\nYtXyxTQZcXkTx3HkKz0yviHjeO5pUWEqqbBXj8znawphUAeI3uePa11qGg50z\H\Sz58Zg6pq4uZtHfp9P7Mk+dLUlqGUwAS5IkSZIkSVKrV0zBko3QdwxDe59nWO9cxmfDtp8Vsrn6\sWTeOi3Wfxb3lyefmQw\RIh9OYTZD84m9UpD\GDvDz+bUiIl7\xAm8dOPuU4Y3zuHvYOP6z7HaenpvHq3OfIKdsCY8Nz2X6uvDZg2u5zuWxj\xvDeepNYkMfWIur+bN5enbw+RPyeWhn+8CoMe9efxgXG9gME\n5fHqvd0r72fdLEbe8wSLDlTdz0sTSN+1uEH3M+SuXHIo5K1VNaaVLl5D\qZUvnlXxuW6YUlSC+IU0JIkSZIkSZLU2lWUUrIJGJ9Oj\MOTKJHT6BwA9tLoU9y1e6y4fxgwaQz00JXFDFn5nK4Yxq\mpNLWjQwKIuhfWcx5MFCGHDqfLvInz6bbffOZe2z2SRGA2Qx8I7h3DZ1AA99bylj88eQRh3XOa9CnspO56nzjMipq2Pve7xVCOMXzubxqlgHDsqic2gAT67aSMmYVNJ6ZjGwZzKQSr9BWfSruu\5\zePbdnTeG9e1X2TxcA7b6fvfcOZXu\9dOfeO5\lsTffozQ3l1OPd9uqpWzumst3z5eclySpiglgSZIkSZIkSWrtSnexrYFD07pnA3C0otrO7Az6VE\K7tzAW7th9PPDq5KglQIDchnfN4\nTu3YvZa3NkK\QWE2r1l71nVCgSBsLGT13jGknZqSuuZ1ziuVnLFfpU9tVcKhIpYtKqz70I6ppCXAotmzua3z\Qy8PolAdICcGRtYW\dRsLWQ\N0wtsZ9Ex1k9IODmT55KQXFYxgbrOt+2pMzeDBMXsm7e3MZ3QWgiBU\LiJt5Av0qX5OSZLq4BTQkiRJki6zMNuWvsDIrHSCGdk8NGctpRU1hpSuZc6EbHpXrQ2Xv7XG1HhlxeRPrVwbrXf2BOasqTElHpXryz2UnUmwZxYjpy5lW9kFXqOR4pQkSWqWOiafqUqtR8muyhRo2\MlIw\uZjO96ZEaqNGRTOdu1Zp7i1kNrJ4zifvHjTvrz2N5RcBaSs5ZD7ehggx7ZBKPT6rlzyOD6X6+QwNZjJ+RS4+ieTw0LJve\bO5e+Is8lcVn14DuFZlIUpqvW9ITEkFiig5eP6oEwcNZmj1aaCLCsnfncroOyz\lSQ1jAlgSZIkSZdV6S8ncfeUxaw\CJTto2D2OO5\eSOnU6fhjbw4dhwvvrOPMBDauJinRk9i2ekv+vaxbHIuTy3eSAgI7y3kxQf\kRc3nkm+hjfO5v4HZ1OwNwwcZv3iZ7l78nJKG3yNxolTkiSp2Qqk0qMvsGZLPZXA+9j2YRi6ZtI9+bwD6xBHoJaK3PE\3ULx1tr+bODxJlr2Nu3Oafxq3VrezpvGxCHdCf8+j6fGDSdr4lJKzpcEvlgdb+fe4VBQuIYQsLlwKSVdc8kx\ytJaiATwJIkSZIuo328u7yQminQbXNWsvlUY9NK5hTXGFBWyC9PVTzsfY9fvlPzDMXMebvodGvz2\PO+aIy\M5y3j2VnK3vGo0UpyRJUvMVJGdkBmz6L\LXnecHbMVvk18IaSOz6XO+03XsSh+K2Lar5rl2U\JBzXGwekvNF61mIro9PQbl8vjMPN7+3QbenppN+J15LNtax\iERNJqvW8I7dkFZNGjy7mHna09OfeOgTdXUnCwiIKf7aLPQ4PP\7wlSarGBLAkSZIkSZIkibTcJ5gY3MX8b7\Asp21DCgt5LlvvMD6hDE8P66ectTgAO4JwqKFy8+qlg2vW8qiTdXHZTM6Azb\eCmrz1rCI8zqGUPonf0CBaHPf0+fV3jdbO7OHs6c6rFGB0jrUk\Zc89sRnc9976pKCZ\4UoIZtOva\3XD2QNZmzCSt75z+W8tTuD0dnB+g+SJKmKCWBJkiRJl1ESXx6eTc0V0HpMrFbB0HcwE2t+n5WQzb2Dkir\ucvt3HtHzTMEmTjkzJeOfYY8So8aIwJ3DOfLp6or6rtGI8UpSZLUrAUyeHzBbEazlMcGZ3H\1MUsW7WW1auWs2jqBLIGT2DRwcF89\VnyEmo72RBxn5nHD0Kn+Xu8bPIf2ctBYufZeTDeTVmbkll9JPj6LE7j\u\PI45y9ey+p2lvDh5DA\llTJw0j+SU8uU0ZdboO\t5CQU8+LD43hu8XJWr1rLssXPcv\kpQTu+Bajq17xAgmJwEoWLipk9dbDEN2b8f9eed9DHqi879XL83js73OZvjHI+O+MOee9tfYAMhiWG2DF4sVszhhOzvWX8WYlSS2OCWBJkiRJl1XyvbP51Ywx9OsIJCSRMymPV7+ZcSbZGsjg8UV5PH5HEgEgMWMM382fzYjTU+MlMeKlpXx3TAaJQKBLNo8v\C8ezziTbA1kTOLVhZPI6RIA2tNvzDR+9dJwkht8jcaJU5IkqdnrOpjv\rqQJTNGkrhhLk+OG8f9457l5Q0B7nl2MWt\N5vRDUxGBvr\K0ten8Y9R3\FcxPG8fW52+n37Fyezj533K+Wz2T8LaX85+Rx3D\hBfK3p\LNvJX8ODf10t9jg4LP4PH8xTx\O6ye\QT3jxvHY7M3kPxIHoVzzrxnJt4+jqfvOMqKaRO4\6X3KOXUfc9k7DXvMX3COO6fPJctqRP48cqlPN2\oe+GAfrdkQtlYfrdm03aZbpNSVLLFBWJRCJNHYQkSZKkhtmxYwfdunW7JOdau6f2ufTW7jnMtxoyL50aLNgzneKtW5o6DEmSrng\XL+brJT2tfZlpVyaMtFL+b51qTTHmNQI1s2i933beb5wLqPrXTdYUmvj3w1XrlDo8q9tYAWwJEmSJEmSJEnNSpiCXy0mfOdwhpn8lSRdoJimDkCSJEmSJEmSJAHsYsXspazbWcii5cmM\+lgmmAJZEnSFc4EsCRJkiRJkiRJzcIxSt75L+bvbM+Iqf\F4w1eM1iSpDNMAEuSJEmSJEmS1CwEGf\6BsY3dRiSpCuaawBLkiRJkiRJkiRJUgthAliSJEmSJEmSJEmSWggTwJIkSZIkSZIkSZLUQpgAliRJkiRJkiRJkqQWwgSwJEmSJEmSJEmSJLUQJoAlSZIk6TIr3rqlqUOQJEmSJEmthAlgSZIkSZIkSZIkSWohTABLkiRJkiRJkiRJUgthAliSJEmSJEmSJEmSWggTwJIkSZIkSZIkSZLUQpgAliRJkiRJkiRJkqQWwgSwJEmSJEmSJEmSJLUQJoAlSZIkSZIkSZIkqYUwASxJkiRJkiRJkiRJLYQJYEmSJEmSJEmSJElqIUwAS5IkSZIkSZIkSVILEdPUAUiSJEmSJEmSzm\Hjh1NHYIkSbpCmACWJEmSWqkoIFLb\iioiESIjopq7JAkSZLqVBGJUNfrSWt4a+nWrVtThyBJakb8YZDOxymgJUmSpFYqpk3tX5UmxETzpyPHGjkaSZKk8\vTkWMkxETX2lfXe40kSVJrZAJYkiRJaqUSYmv\ArVTfAzr\3y4kaORJEk6v\V\Pkyn+NonNKzrvUaSJKk1MgEsSZIktVKJcbV\UZpyVRz7yk+wZk+okSOSJEmq3Zo9IfaVnyDlqrha++t6r5EkSWqNXANYkiRJaqWuaRtLyeFwrX1f7NiWzfvK+PNfjtHvC+25tl2cawJLkqRGVRGJ8Kcjx1j\58PsKz\BFzu2rXPsNW1jGzEySZKk5s0EsCRJktRKtY1pQ6f4WPaXHz+nLxDdhr5JCez5yzHe3nGQshMVRCJNEKQkSWq1oqIgISaaTvEx9E1KqHNcp\hY2sY40aEkSdIpJoAlSZKkViy1XYAD5cepK7ebclVcnVMtSpIkNbUoKt9nJEmSdIY\jZMkSZJasbYxbejWoe7pFCVJkpqzbh3aWv0rSZJUg29HkiRJUivXOSGOtPZWzkiSpCtLWvsAnROcqUSSJKkmp4CWJEmSxLXtAsS0iWLHoaN1TgctSZLUHERRWflr8leSJKl2JoAlSZIkAZWVwIlxMew6EmZ\+fGmDkeSJOkcneJjSW0XcNpnSZKk8zABLEmSJOm0tjFt6HF1PKntAhw4epzQsQrKjldw4mTEymBJktSoooCYNlEkxEaTGBfNNW1jTfxKkiQ1gAlgSZIkSedoG9OGa9sFuLapA5EkSZIkSdIF8SdzkiRJkiRJkiRJktRCWAEsSZIk6Rwb3vyAUaXnGxHPaw9+kczGCuhC7N3NjzacYNSd15N8vn2X3We89tonTCmvvTc9Po57eqXw8M0dGi2i5msPMxaWsj14HfO\dHVTByNJkiRJ0hXNBLAkSZKkOkQzokscqbX2BRoxkXphNmzYz0tH2jOqnn2Np5bneLyC1QeOMWPjTkoqejA1M6FJIpMkSZIkSS2PCWBJkiRJdYhj7JBmWuV7RanjOR7exdRfHOCVrXsZnxmsI9EuSZIkSZJ0YUwAS5IkSbpIJyjduIMZH5exIgxhILNDApNvu4GBydFVY6qm+L2hEyP27WfKYUiMb88ro26gO2VsX13CjOIwBRWQGBdgyi3XwIY9TGmXzLY7Uxp4nepTLh9m4MIPyAl2Yuie\TX2nZpmuILQHz7hpfWHea2+uIMpTOEAT+0Ms6ECEmNiGN+3K9+4mOmb26cwtNMBXtlfQSlUJoArDrG6YA8\+vMxVp+oHJYcE8PYmtcq3c2PfnOARUcilJ4ak34t38i4uoFjPuVHr+5lzjXJbD79fGHLyg8ZsSfCN265mcnpp\ZWjn2rawrLcpIvzef925LTzzI5IYEFQ6\6\M9RkiRJkiSdpU1TByBJkiTpSlbBrt9uJeeDMjbHJjDj5k7MDwZoGypj7Jsf89quirNGr\7jfua0acecm69m4nXt6E4Fu367gxF\CPNpQgIv3XwNUzqcYMbv9jL\2IVeJ56BfToxpT0QF+Clmzsx8YbEWvbFA1C6+mNyVh9mfVzl+Rb1SiCtvPa4t32yl1G7KhjWo3JcTpsTvLRxF6\svJhnV0Zp+Ox2wa93Mnb3cZK\cDWLbu7E\GA8\TjBSxs\4UcfV8VUtocZb+9nzvFYJvbqxKKbr2Z82wpe+uATpm4IN3BMJwZeA+EDf2HL6et\xubPIgAUfFptAeiPQ+RXRDEsJbmBn8MZtX3eW1ZuZ2hxmHD7dsy\+RomXxXm4RUH2X4xj1KSJEmSJJ1mBbAkSZKkz2\LmYUnyC5UyeWfbUrgardOX13MXXZAaZu3MuI1DP7w3Ht+NHwIN1PFYru38mM4hOkJifz2p0pleMyUhj4248ZWnzigq+Tmt6Vfjv3w4k4BmZ0rVynuGv7c\eV7WbOH07QPTWF1+44s5rxwFtK6bdkzzlx74rEseirvRjYvmrcdX8ktPIwBSWf8cD11apuG6r8EFvW7mbKEUhNbkc6QOk+Co5ATjCNl7505pw5O4sZ9d4R1pcehl5Xw\YjLKiIZsbtNzKqat7ogTeVwmt7yC89QJgUAg0Yk945DkrDbN4D6SnAgRCry6PoHhNhy8FyQkAisH1PObui48npcWk+7zl7InSv+Xn\5iNy\gg5F\4kJUmSJElSDSaADqrJFAAAHUVJREFUJUmSJNWhnFELP6hlfzyvPVi5pm1oezkriGJq+pmkHwBXpzC6y0Fe2XuY1WWQk1C1v0P8mWRg9eNvTKl2fDSpAzvwQPF+FtQc19Dr1GfbEV4BRkUfY\XG3Wd1heMgfKCMLXBm3d6r251O\gKQ0pbuHGbB4XKgvgRwXc8RAoEEfvSlqntPvo6pY647d9D18fTjCKtPHK9sJ0aTSQXz1xXT42QKmdfFQ3QyD38tmYdPHdOQMTckMGLzZ6wuOcKolHawO8wK4phxQ4TJfwizvQIyoz9jfWmEwDVXkR598Z93eEcdn3f\DjzwxwPsqudJSpKky2v9zHRGzq+lo2OQgbfn8sjEMeRcH6hlQFPaR\74bJ7quZjiJzJawXUlSaqfCWBJkiRJdYhmRJc4Us\ZH+BUzWz4WAUQS+oXzj02OaENUEHpIaCOxGwoXAHE0b1m3jP6KnrE7z\dvNjr1FQaqqwufm3nfl6rdcRxSvZCZpeqZpuLWT2nlucYCPDltA6kX9+BQHSN4cfKCe09zOYDR9n+aTmr94VZAVBeVRF9fRee7\pHHth9hFEFf4CoKAYmxjPqxiRG9Lq64WOuSWRg\GdM2fsZM2jHrv1HCbfvQE5aBQP\cITNn0BmhxCry2FU8BrgEnze5XUcnxBH52hMAEuS1CykkjP2q\RJPLMntLWQt96exUO\XMrY+f\F89lJTReeJEmqlwlgSZIkSXWIY+yQL56pgr0MwhUnL+PZ6xPNjMF9GJVyua\T0OdYxpb\SMP7K4gBASio+geF8vArvEM3VlemQQGIIH0v+3D+vIDbPngM\J3\4UVh8qYvPYT5hSXs+zOFAINGnM1\ZJL4JNytlQcomRfhIFfaEdi6gkGRh+mYM8hRh0oYxlxzLnhclf6RJFYMxEuSZKaSJBhj0xidJfq+ybxfGgt00ePY\63nqH\W3MZ0aWu4yVJUlO7mJ+xS5IkSWrlAnHRwHF2\blmTwWlZSeBGFI71318ckIscIztn9Q8vJxt5ZfuOjUlxkcDFWz+U7jhB11uH\2Jb+yuoF9qF9Z\7WY2338Ty0bdyJS\jie5tvHx15CeFWTq39\E6q\dwPxOUWwvPUTBgYaP6Z4STypH2bztMOvLohjY+RqgA+ntoeDgEdZ\egzaJzCwsgD4oj+Hyudey\FlYbYda+iDkiRJTSIxi6f\fRJpZYW8+HrRWV2houVMnzicjJ7pBHtmMWTiLJZtPfWedZgVk9MJjl9KafVj3nyCYM90Hvrlvmp7q8ZOLSTMPvLHpxOcuZbSNfP4+rAsgj3T6Z09hueWFlPfW9z5YzolzLbls\j6Pdn07plOsGc6GcPG1Xr+6jFkjH6BFbuPnnvRsmLyp45jSFb1cxURqqgnWEmSLjETwJIkSZI+t8Tu8Qwlwvwtu8\+kuyzPeTvjRDoEE+f81R2njp+0Ud7zjo+vPEQr1zC69QU6N2eB4BXiv\ErupfyFUc4LXXPqDfz\I9oaf7pIo3RdmF9EM7dmZxLjTARHacuSsaap3\W4LQxdtYdn+ajvjEkiLv7AxAPS4iqFEKNgc4jViSU8DCNAnKQY++4yXDkBOciKnZoC82M8hcEMCo845voJd60N1TMUtSZKalb6DGd8XSlZtoaRqV3jdLEbe8wSLDtzO03PzePWlCaTvWsxjw3OZvi4MtKffoGwoXMv60JlTbftwJQAFG7eceS8IreHN5TAiK5PT84+8M437J60h7ZFZvDp3GmO7b2fRlFymr6o7BVx\TFUxLBrHkMlLCA2axH\k5fHqS88wrONGFk3J5ck3D58eF3rzCbIfnM3qlIf4QV4e\zYkxMvfeIG3qv\wjn3kf2s4T61JZOgTc3k1by5P3x4mf0ouD\3chS4kSY3LKaAlSZIkfX6dUpkS\AtDi\cz4r\LmRiMJ\HIERb8McxqYpjRvyuJ9Rw\+fojjNhZyqhf\IXxN8TDp58xdW\FOeMaep1ATBSUlzF\7W6GpSaR2TVQy74ujA8e4rXiwwx97SOm9GhP94owKz45wivlUTyc+QW6X6ZHVpfk5ADdi8uY+tuPCPdoT\eYCrbsPMycQxUE4PQXo6k3XEXatkNMWbmFbamJDGwHuz4NMX9vhO6dO5BzDQQaMAaA6GsYeHUpCz47AQkd6FO1dm9ypzhSt5WxgWimpl19JsiL\byv6crE4BGWFe9n1C\Kz\q8m1EttiRJqlMynbsBy4spBdIqipj\f\PYlj2N9+blkhYNkMXAO2+n733Dmf69pYzNH0NaZjZ9mMW6P8DQ\gBFrH4zTI9gkG3vFbGNbPoA4Y1rWcZgfjCgPafffopTGf\uXEZ3rWwOvL079B\D\FVFPD8o49wQGxoTRRT8Yhc9xs\jx09kVCWcsxg4uDuBrHEs+nA7P7gzAyqKWDRzOdwxjV\NqTrfoCyG9p3FkAcLYUDVdfe+x1uFMH7hbB6v2jdwUBadQwN4ctVGSsakknYZPhFJkmpjBbAkSZKkixBN6pd6UnBzAn2OlzHlg\2MLw5ztGM7XruzF6NS6yvLjab77TewLBggUFbG5A\2M\VADFNuu4YHPud10nt34IG4ChZ8vJ8HPjxQx75oUr\Ui4KMBIZGHWPGlv2M\fgIqwkwY+ANTLkp4RI\pwbodQOvZMSTc\IYU7fsZ+yHhyiIjmfBkOuZ0R4IlbMLIOV65udcwwNxFbxWfICxHxxgammEgcEuvDY4pfLLy4aMASBAvy6V5cbpSQlnppruEc9QgLh4Bl5fPciL\7wrj48nrbzq894XxfiMDjx8KZ6hJEm6zNqTXH3t362F5O+GsQ8Or0q0VokOMvrBwbBxKQXFQDCTYV3DrPh91dTRe7ewbncW4795N2m7N7B5b+XuzWuWQnY2AztWO9eAwQzsWv3cqfS4Bdi6\awppS84Jnoz\r8Left08rdKoDt9bgHKQpUp6J0beGs3jB5z9vkCA3IZ37facR1TSUuARbNnU1C8j3AFQICcGRtYO2e4yV9JUqOyAliSJEnSOTLvvJltDR4dQ3JGD16qpQDjjBSmPJjClFr7Euj+pV689qVquyp2M+N3MLBd9a\jGnIdIPU6pn7tOqbWt49okm\uwUs3f564z3c\p1zNqFFXM6qecM+O54vMqS2ev6vxeVyXypTrUs9\YaMARJvvZFtt9YMpStTHuxax7EX+3nHkJzxRebUPP68n4MkSWoe9rGruFqzLEQJvemRGjhnZGJKKrCSkoMAvRl4Z4AXV2xg26O9SdtaREHXATx+ZwZDJ89m89YwdClm9Zth+jyUeeZHaQBx0PZCQmxwTFUqwoRKd7Nt+y62Fa3ld\7K1asA7JLCQHJB3ezmd6MPud8VdXQpwSyGD8jl\VT5vHQsHmQkESfQXczdkwuwwYESbyA5UokSbpYVgBLkiRJajofb2Poqx\yoy1nT\kc3nyEFUD61R2aJi5JkiTVopSSj4Hs4AVXtPYZkAubClm\FzZvWApDMugTnU7\4ZC\oQiKN\DW7lSG3RK8HIHXquTNZ7m7fyYZ2cMZOXkmi97YRYe\vZ\Rfes\FuII1Fj7Iu3Oafxq3VrezpvGxCHdCf8+j6fGDSdr4lJKKmo\iyRJl4MVwJIkSZKaTo9E7llXxkvrPuLQgQ7ktIuidP8h5u8+QWlCe8amWyohSZLUbGyqnF653yNZlVW6CYmkUcS2XWEInl0hG9qzC8iiR9WU0YGMLEawmM1biwi\F2bEI+lAe7pn9ia8cjurUwvZ3DWX7\a+yBgbGtPB5UyftJTQmNm8N2UwaaeHFrPojdlnDurYlT61nm83JR9wZg3gU6Lb02NQLo8PyuXxijDbfj6JIVPnsWxrLhMv9t4kSWogK4AlSZIkNZ3oznzjri7M6AgFfzzA2A\2M2VvhB5dO1Ew4gbqXVJWkiRJjSO0lun\dzYlCcN55M7Uyn09sxndFRYtXH52hWtFMfkLV0Iwm36n1u9NzOS2bMhfOpd3N\Wmf6\2APS4KZvAmqW8+PNCAndm0edi42xoTMVFrACGDque\AW2vsfrm6q1gwO4J3ju+cLrlrJoU\X2bO7OHs6c6sdGB0jrctaE1pIkNQorgCVJkiQ1ras7M2p45wtYK1eSJEmXTzFv\edsSqpNbxzaupLXVxYTIsj4n05jaMeqjujejP\3cbx+37MMeaCY5x\JJq1sCz\zx+yrCjI+J+OocfpsyTR7\behKetpCDhUb55aqbnYDpDmceyjQHGTroEJbINjSmYwYgEmD9pHB2enUC\jmFKVi3mxcUbCHesfsIgY78zjvz7nuXu8cU8PTabznuX8+LMpWyrNirQ93ZyEubx4sPj+HRSLsOuT6Z053IWzlxK4I6ZjLb6V5LUiEwAS5IkSZIkSZKq7KJg0TwKqu0JdOlNzphneHDCGAZ2OXt0oP+\suT13rz88lymT8gjRHt6DJ7Aj3\4j+Rcf\YUzD1uGUIaRZTcm3mm0jexN7cNgGVrcvnyLWeP\7waFFPHwXwvfxodnpvNy5PHEU5Ios+g+\nef88ieWUud\9HEdvCkBw4db4gL\7bbJ6bkAddMhj97FzueXMC009fNIPH8xfT+YXZLJr9BIsOAh2DDH0kj8IJVVNmS5LUSKIikUikqYOQJEmS1DA7duygW7duTR2GJElSi9Uc37eaY0ySpKbl3w1XrlAodNmv4RrAkiRJkiRJkiRJktRCmACWJEmSJEmSJEmSpBbCBLAkSZIkSZIkSZIktRAmgCVJkiRJkiRJkiSphTABLEmSJEmSJEmSJEkthAlgSZIkSZIkSZIkSWohTABLkiRJkiRJkiRJUgthAliSJEmSJEmSJEmSWggTwJIkSZIkSZIkSZLUQpgAliRJkiRJkiRJkqQWwgSwJEmSJEmSJEmSJLUQJoAlSZIkSZIkSZIkqYUwASxJkiRJkiRJkiRJLYQJYEmSJEmSJEmSJElqIUwAS5IkSZIkSZIkSVILYQJYkiRJkiRJkiRJkloIE8CSJEmSJEmSJEmS1EKYAJYkSZIkSZIkSZKkFsIEsCRJkiRJkiRJkiS1ECaAJUmSJEmSJEmSJKmFiGnqACRJkiRJkiRJ57djx46mDkGSJF0hTABLkiRJkiRJUjPXrVu3pg5BktSM+MMgnY9TQEuSJEmSJEmSJElSC2ECWJIkSZIkSZIkSZJaCBPAkiRJkiRJkiRJktRCmACWJEmSJEmSJEmSpBYipqkDkCRJktR8zVu3k59u2k3JoXIqIpGmDqdFiY6KIq1DPPf17cqj\a9v6nAkSZIkSVILYQJYkiRJ0jk+OVTOyCXr2X\sJAQSoEMCMVFtIBKBqCgikQhRUVG2L6oNJcePM\P9EhZs3MUPh6YzILVjU3\0kiRJkiTpCucU0JIkSZLOMXLJevZVRBN1VQeiYmIrk5cAVdtTTdsX044iKjaOqKsSKQ2f5FsrtiBJkiRJknSxTABLkiRJOsu8dTvZf+wkbQLxlRWrkQiRCKf\2falb7e5KpH9x04yb93OxvyoJUmSJElSC2QCWJIkSdJZfrppN8TFn7UvqsYY25ehHRdf+ewlSZIkSZIugmsAS5IkSTpLyaFySIwnQgQql6w9tXTtWVuisP9S9sdEVz57SZIkSZKki2ACWJIkSdJZKiIRYk7VqJ69Ob2W7ekKVvsvYX8UFZEIkiRJkiRJF8MEsCRJkqRzVFb\VpaoRhFlu9HakiRJkiRJF8cEsCRJkqRzNIs1cVtxW5IkSZIk6fMyASxJkiTpHJHTUxG7bdytJEmSJEnSxWnT1AFIkiRJao6iqtarddu4W0mSJEmSpItjBbAkSZKkWkQ4VQTstnG3kiRJkiRJF8MKYEmSJEm1inLbJFtJkiRJkqSLYQWwJEmSpHNFIk2+Gm5r3UqSJEmSJF0ME8CSJEmSzi+Ks7OTti9vW5IkSZIktUr\8A\0OCxP\nJT+rscwpoSZIkSbWoVpcasd14bUmSpCZWtouC+U9w\7Asgj3TCfbMJOueSUxfXkSo4vOccB\549MJjl9K6aWOtbHiCBWR\0we6y\FuSRJOo\zJXUvZJwJYEmSJEnnUXNlWtuXty1JktSEyjYy\e+H8NDM9yjtfjcTJz7KxIm59AuvYf7kXLInL6fkcyWBr2ylK2fzVP6+pg5DktRK1JfcbUiS2CmgJUmSJJ0jEomcnpm4cmu7MdqSJElNqeSXM5lfHGT8T5fydP\AmY5Jz1CyeAK3T32W+aMH8\ygQN0nabaSGD1\C6Ob3bkkSTrXT37yk1qng25ohbAVwJIkSZLOEVWVjoyy3ahtSZKkplS6ayNwO8P6n5vgTcsdw1jCvLWpuGpP1TTIMzfWGFnXfihZM4+HsjMrp5W+7wXyiw6fPaCsmPyp4xiSlU6wZzoZw8bx3NJzp54Ob13O9InDyeiZTrBnFkMmzmLZ1nCN6xeyfs4YMnqmkzFsFgWhmtM2nxq3ltLzxLV+ZjpZUwqBPEb2PHVftU8BHSo6X1znXvPrVdNs984ew3NLi6k+sqHPQpLUctVM9jY0+QsmgCVJkqT\v737j6q6vuM4\kTM62jcZoFzA5bBlQ2sE+oaMtoVLUQaZuuaJqVnOJjXUydsTjKOnjIclo4mHj3DI8o5Mmxy4pxEOnPQUJm\6ESyUnEGhIJJQjmxwKvC3R9c4PJTUIzcXo9z7vmc+\18P+\Pm49\KOft5\ORHtjtdsCu9htuRURERIaSKTAc2M+uwh6OOzaYWXXqBMWLAm4s+Aerecaaz2hrKllpK5hFDstnzSOl1Klw+0IUy48YiUhIIysjjcQpNrJftrBwZ017GFvJOmZGJZBZE8jzb2aQ9aaVwJodLJkTT26t03w74ll4IJjXMtJIjAtnorGXvAqT+szL9EQG62MCgHASMzLIesKvxzC2knXMnpVA5pdTSExzyivKQnKJrfPLhUk8E38En7h1ZKUlMd+vgsyXLSQfHNhaiIjI\762ou9Air+gI6BFRERERKQHLi5qh6IVERERGUrGyGX8+aCVxVYzmaN8iYi0MNU8gYkPBGDyvMljnxsDSNyzg\m+rV9DpkzAZ14Ur2zMY0G6Bc\a\ewpgtjtqSyd7HgnNJjRDZN56WAp1dHe+FBD9hsZlAetIP+taEyuAMGETPPjrqkr2FlYyePRjkpvYxTrt8YT5taWQC93+FZC2Fs72o+8bs8rOYc52dH4+AcT4u8JeDMxNJiJAHQp6DaXkf77DMrNSezfbMGnLa\IKdw\L4rkN3KYnx2NT\uc3sTuTWOOV9ta+MGkaNIPlrEqNAj6tRYiIvL\YqDFX9AOYBERERER6YHdbu\1Qx99PfY3nqPpZAlNZ7+g5UbG3+L+losVNJ0swXbxypDM36lPREREZCi5ehOxJo\SPWmsivSjpnADy63RTA+dQIDZyqaDvRRR+yMymlm+znP5EjY7GIoKOFwHjPLGxw0yU1PZV1mPrRnAQNiaoxRvimoteNaVsrcUwuZOdxR\HdzMrCouIivaaQJzEOPduD5zDHHOR167+jJjrhlKizha1\uwTk4VkX0W5i+IchR\O2LNWRAOpTnsq3R6PjmcEC\n97wx\RQ4VdF6pHR\1kJERKQPKgCLiIiIiEg3Ln18Btz\6FQ+W2fls4SHiLsV8W+yP+6pJ\lsnZUTT3kNyfxd+0RERESGmtHXzPxXU9lddJTK0iLyM5KY73eUlJhwFubc4BHEXt50PYXZxy8QqKS6HjAEE7vGgqlsMwtnmAmYZGbmc+vIPljZce\t2QoOA6axHjf8s3Xj74dnl0eeY\2AIo6d6WeMxgaqCcDk3X2XtPEH3kAZ1RecHo6AkX3F689aiIiI9EEFYBERERER6cZut2MfxNYp8KDGHYyW4Y5tGsOHDXk+IiIiIt86bh6YQi0kpr\L+kgb+5Jy+HBQJ3DH6Kib+kQmsbukmPyMJJ6b7oftgwyWx0QR\FwO1c1A85Wuhy\fQgYMrtd\61a57lqIiIj0QQVgERERERHpxsXFpXVX6iC1ToEHNe5gtFvfLcEv\X0mvFs75PmIiIiIDJm6PBYHBTIzs7LnflcP\Pw9oPFK5+e1dTR0elBD9Qc9jO\2HlRXnAD8GO28odfVHVOohaVrM8g\dJT8V83YCjeTewr4UQBhQHlV16Oo68m1BjN9TVG3Oa6rh7zqqiqAcO737WlAD9yM+FBGeU338nTDuRogGNOYgSZG32shIiLSBxWARURERESkm77usB3wp3PggY29+hXX6quwffpR6z3C5cexnTvHtcvXeh\TcoXmL890jKk8yZX6C7Q022muL6HpZAlXm5zuAG5w3AHccMVp3i+wtd9bfI2WS+e4cvrjjhxqz9N8dRDXSHcAi4iIyFDzDOLn\nA8ZS2ZZZe699cVkf12PUQGYALAwF1G4Ghlpx2ptiMF5Db2ED8vhz1nnb43lpK5rRgizYQYwVaSykxzFJuOOb3jasBnjNMBzZ5BTA2CfTvzKXfeBXt2P+8UXsLbP7DbMdPX1TWv5jKytxS159Uv\mbmeEHm9rzOu3ObK8neXgC+ZiZ69Tq6m36thYiISB+GD3UCIiIiIiLy7eQC2AepvZG4fFWN\33jWWEJ5SEPAwbHf1+1fX2BAyWlrDxsp\buOzuPa\maZkayft5jPOLlhnEY0NJMQ\1ZdhQc5XuzF\P0PVBeVkzEgdZxcU9ZSPQZQUP1pwTtOd8a58GfcWJxJMbLdazeehyPSDPRplEYHb9BNVys5x\732fJmXsYbrg16yQiIiLyzfJm\p+S2PvLlbwyK5gU33BmRfpiBBpOFbCroJIGNzOvJ0Q5iqzuhIRHYchL5cUXRvB8dCCU5bBlSwN+ZqjuGt63hvQnYyhPiGGqoYKdWzaQW2vm9a2OePdPIcxtMym\ieF8vIUZ93pSdzqP7WtzMExby5yA1hznvBRD5rzVzHz2LKvizPg0lrIxKZXDvot4O8oD6Lo7+HqKWN6W16gadqWuI9s5L8DgZgQK2J4ZjC14AiH+XUK4BhD7xxh2zVvJ9GcrHXmdaP0Zy3yJfSvaUTTvH0O\1kJERKR3KgCLiIiIiEh3Tjt3b7p13tja37hXm4iJeIyEQDcMAC0t2K4CrsMw3DmKR8xTedj\3\w26zz\dL\DMa6FllFevPfkjxnn+E3HdrUFhrliHP0jrHPd+eRrpzx62nDbll97MgbmLghjnHtHDoY7hmG8y4NfPR7BuOJDzPzXHR1F60FoRURERIaMl4VtRYHkZmSws\AI2ZsKsAGGMQGExa7leWsU4512xRojk9jdaGR56gaWxIDnJAtLM5MwvTOBfV1jT1vJ1gcKeHFNPOm14Dktmm0blhHWtjPWEMTS7B2MXp1KZmoCmReAUb5ExGVQZA2mbe+rYdIyducFkJKaRrI1gwY3DyY+kUR+ggWT4QZ+ZnMSWZYyUtbEk147AlO4lazNiwhxOrLZOCWGxGmLSEmykjttLcVpk7uFMUxaxtu7Ati40ZEX7pjCrWzb8GvC7h1gYv1cCxERkd642HXOmIiIiIjIbaOqqoqxY8fe0jnGpr7HsO98FxeX1uLtTbe\GE9FgDtc\oLk7Z+w9brjWvhhgB\vPfx9DEBd7Tn+sO80uy+B3W5g1sP+rAq8s3U3SvlxHtx7CRc7uFxzZePTDxF5N3D5EumHykkut+HiYmDmZBOvPeDevouj\MQRIg62zhcbObFjB\DfPm\NI3AcpaH3ON6\xocfV\G7I\WcsYPLaC\+MsOHkJHApc9Z8tdPyR2MdXKB5savqIp\9Jb++YqIiEjfvol\bw3UtzGn21892bFmlpNEcbpFRVURue3o74bbV0PDgG+sHzDdASwiIiIiIt2130nraG\qe6fA\Xh\JEt\0lr85cJ5luRWkXuxrf8yuw58xJLKJgCMvmN41dA6vuXB+5h2N0ATf993jOTyy454l8k9dKx9TKc8Ou27dc6n42ndmdPMPlTHmbb8ztfwzLH\YANwdyPkptfH+buIiIiIiIiIyM35LzQvUO8L\MzmAAAAAElFTkSuQmCC&apos; does not exist
	at org.apache.commons.io.FileUtils.checkFileRequirements(FileUtils.java:278)
	at org.apache.commons.io.FileUtils.copyFile(FileUtils.java:869)
	at org.apache.commons.io.FileUtils.copyFile(FileUtils.java:835)
	at org.apache.commons.io.FileUtils.copyFile(FileUtils.java:802)
	at com.qa.opencart.factory.DriverFactory.getScreenshot(DriverFactory.java:136)
	at com.qa.opencart.testlisteners.ExtentReportListener.onTestFailure(ExtentReportListener.java:97)
	at org.testng.internal.TestListenerHelper.runTestListeners(TestListenerHelper.java:67)
	at org.testng.internal.Invoker.runTestListeners(Invoker.java:1389)
	at org.testng.internal.Invoker.invokeTestMethods(Invoker.java:1042)
	at org.testng.internal.TestMethodWorker.invokeTestMethods(TestMethodWorker.java:125)
	at org.testng.internal.TestMethodWorker.run(TestMethodWorker.java:109)
	at org.testng.TestRunner.privateRun(TestRunner.java:648)
	at org.testng.TestRunner.run(TestRunner.java:505)
	at org.testng.SuiteRunner.runTest(SuiteRunner.java:455)
	at org.testng.SuiteRunner.access$000(SuiteRunner.java:40)
	at org.testng.SuiteRunner$SuiteWorker.run(SuiteRunner.java:489)
	at org.testng.internal.thread.ThreadUtil$1.call(ThreadUtil.java:52)
	at java.util.concurrent.FutureTask.run(FutureTask.java:266)
	at java.util.concurrent.ThreadPoolExecutor.runWorker(ThreadPoolExecutor.java:1142)
	at java.util.concurrent.ThreadPoolExecutor$Worker.run(ThreadPoolExecutor.java:617)
	at java.lang.Thread.run(Thread.java:745)
</system-err>
  </testcase>
</testsuite>