<?xml version="1.0" encoding="UTF-8" ?>
<testsuite tests="11" failures="4" name="TestSuite" time="27.278" errors="0" skipped="1">
  <properties>
    <property name="java.runtime.name" value="Java(TM) SE Runtime Environment"/>
    <property name="sun.boot.library.path" value="C:\Program Files\Java\jdk1.8.0_92\jre\bin"/>
    <property name="java.vm.version" value="25.92-b14"/>
    <property name="java.vm.vendor" value="Oracle Corporation"/>
    <property name="maven.multiModuleProjectDirectory" value="C:\Users\vinod_kammara\Downloads\MOONPAGE-PROJECT-master\MOONPAGE-PROJECT-master"/>
    <property name="java.vendor.url" value="http://java.oracle.com/"/>
    <property name="path.separator" value=";"/>
    <property name="guice.disable.misplaced.annotation.check" value="true"/>
    <property name="java.vm.name" value="Java HotSpot(TM) 64-Bit Server VM"/>
    <property name="file.encoding.pkg" value="sun.io"/>
    <property name="user.script" value=""/>
    <property name="user.country" value="US"/>
    <property name="sun.java.launcher" value="SUN_STANDARD"/>
    <property name="sun.os.patch.level" value=""/>
    <property name="java.vm.specification.name" value="Java Virtual Machine Specification"/>
    <property name="user.dir" value="C:\Users\vinod_kammara\Downloads\MOONPAGE-PROJECT-master\MOONPAGE-PROJECT-master\target\fed88d1c-7040-4516-aaef-e5344f4e1867\jmeter\bin"/>
    <property name="java.runtime.version" value="1.8.0_92-b14"/>
    <property name="java.awt.graphicsenv" value="sun.awt.Win32GraphicsEnvironment"/>
    <property name="java.endorsed.dirs" value="C:\Program Files\Java\jdk1.8.0_92\jre\lib\endorsed"/>
    <property name="os.arch" value="amd64"/>
    <property name="java.io.tmpdir" value="C:\Users\VINOD_~1\AppData\Local\Temp\"/>
    <property name="line.separator" value="
"/>
    <property name="java.vm.specification.vendor" value="Oracle Corporation"/>
    <property name="user.variant" value=""/>
    <property name="os.name" value="Windows 10"/>
    <property name="classworlds.conf" value="D:\MAVEN\apache-maven-3.8.6\bin\m2.conf"/>
    <property name="sun.jnu.encoding" value="Cp1252"/>
    <property name="java.library.path" value="C:\Program Files\Java\jdk1.8.0_92\bin;C:\WINDOWS\Sun\Java\bin;C:\WINDOWS\system32;C:\WINDOWS;C:\Program Files (x86)\Microsoft SDKs\Azure\CLI2\wbin;C:\Program Files\Python38\Scripts\;C:\Program Files\Python38\;C:\WINDOWS\system32;C:\WINDOWS;C:\WINDOWS\System32\Wbem;C:\WINDOWS\System32\WindowsPowerShell\v1.0\;C:\WINDOWS\System32\OpenSSH\;C:\Program Files\Git\cmd;C:\Program Files\Amazon\AWSCLIV2\;C:\Program Files\PuTTY\;C:\Program Files\nodejs\;C:\Users\vinod_kammara\AppData\Local\Microsoft\WindowsApps;D:\terraform;C:\Program Files\Java\jdk1.8.0_92\bin;C:\Program Files\Python38;C:\Users\vinod_kammara\AppData\Local\Programs\Microsoft VS Code\bin;D:\kubectl;D:\Azure-CLI;D:\MAVEN\apache-maven-3.8.6\bin;C:\Users\vinod_kammara\Bin;C:\Program Files\Java\jdk1.8.0_92\jre\bin;C:\Users\vinod_kammara\Downloads\apache-tomcat-10.1.7-windows-x64\apache-tomcat-10.1.7\bin;;."/>
    <property name="maven.conf" value="D:\MAVEN\apache-maven-3.8.6/conf"/>
    <property name="java.specification.name" value="Java Platform API Specification"/>
    <property name="java.class.version" value="52.0"/>
    <property name="sun.management.compiler" value="HotSpot 64-Bit Tiered Compilers"/>
    <property name="os.version" value="10.0"/>
    <property name="library.jansi.path" value="D:\MAVEN\apache-maven-3.8.6\lib\jansi-native"/>
    <property name="user.home" value="C:\Users\vinod_kammara"/>
    <property name="user.timezone" value="Asia/Calcutta"/>
    <property name="java.awt.printerjob" value="sun.awt.windows.WPrinterJob"/>
    <property name="java.specification.version" value="1.8"/>
    <property name="file.encoding" value="Cp1252"/>
    <property name="user.name" value="vinod_kammara"/>
    <property name="java.class.path" value="D:\MAVEN\apache-maven-3.8.6\boot\plexus-classworlds-2.6.0.jar"/>
    <property name="java.vm.specification.version" value="1.8"/>
    <property name="sun.arch.data.model" value="64"/>
    <property name="java.home" value="C:\Program Files\Java\jdk1.8.0_92\jre"/>
    <property name="sun.java.command" value="org.codehaus.plexus.classworlds.launcher.Launcher test"/>
    <property name="java.specification.vendor" value="Oracle Corporation"/>
    <property name="user.language" value="en"/>
    <property name="awt.toolkit" value="sun.awt.windows.WToolkit"/>
    <property name="java.vm.info" value="mixed mode"/>
    <property name="jmeterengine.stopfail.system.exit" value="false"/>
    <property name="java.version" value="1.8.0_92"/>
    <property name="java.ext.dirs" value="C:\Program Files\Java\jdk1.8.0_92\jre\lib\ext;C:\WINDOWS\Sun\Java\lib\ext"/>
    <property name="sun.boot.class.path" value="C:\Program Files\Java\jdk1.8.0_92\jre\lib\resources.jar;C:\Program Files\Java\jdk1.8.0_92\jre\lib\rt.jar;C:\Program Files\Java\jdk1.8.0_92\jre\lib\sunrsasign.jar;C:\Program Files\Java\jdk1.8.0_92\jre\lib\jsse.jar;C:\Program Files\Java\jdk1.8.0_92\jre\lib\jce.jar;C:\Program Files\Java\jdk1.8.0_92\jre\lib\charsets.jar;C:\Program Files\Java\jdk1.8.0_92\jre\lib\jfr.jar;C:\Program Files\Java\jdk1.8.0_92\jre\classes"/>
    <property name="sun.stderr.encoding" value="cp437"/>
    <property name="java.vendor" value="Oracle Corporation"/>
    <property name="maven.home" value="D:\MAVEN\apache-maven-3.8.6"/>
    <property name="file.separator" value="\"/>
    <property name="jmeterengine.remote.system.exit" value="false"/>
    <property name="java.vendor.url.bug" value="http://bugreport.sun.com/bugreport/"/>
    <property name="sun.cpu.endian" value="little"/>
    <property name="sun.io.unicode.encoding" value="UnicodeLittle"/>
    <property name="sun.stdout.encoding" value="cp437"/>
    <property name="sun.desktop" value="windows"/>
    <property name="sun.cpu.isalist" value="amd64"/>
  </properties>
  <testcase classname="com.qa.opencart.tests.LoginPageTest" name="LoginPageTitleTest" time="0.247"/>
  <testcase classname="com.qa.opencart.tests.LoginPageTest" name="LoginPageTitleTest" time="0.258"/>
  <testcase classname="com.qa.opencart.tests.LoginPageTest" name="LoginPageTitleTest" time="0.258"/>
  <testcase classname="com.qa.opencart.tests.LoginPageTest" name="LoginTest" time="3.924">
    <failure message="no such element: Unable to locate element: {&quot;method&quot;:&quot;css selector&quot;,&quot;selector&quot;:&quot;input[value=&apos;Login&apos;]&quot;}
  (Session info: chrome=110.0.5481.100)
For documentation on this error, please visit: https://www.seleniumhq.org/exceptions/no_such_element.html
Build info: version: &apos;3.141.59&apos;, revision: &apos;e82be7d358&apos;, time: &apos;2018-11-14T08:17:03&apos;
System info: host: &apos;ARPGL006737&apos;, ip: &apos;192.168.1.4&apos;, os.name: &apos;Windows 10&apos;, os.arch: &apos;amd64&apos;, os.version: &apos;10.0&apos;, java.version: &apos;1.8.0_92&apos;
Driver info: org.openqa.selenium.chrome.ChromeDriver
Capabilities {acceptInsecureCerts: false, browserName: chrome, browserVersion: 110.0.5481.100, chrome: {chromedriverVersion: 110.0.5481.77 (65ed616c6e8e..., userDataDir: C:\Users\VINOD_~1\AppData\L...}, goog:chromeOptions: {debuggerAddress: localhost:51601}, javascriptEnabled: true, networkConnectionEnabled: false, pageLoadStrategy: normal, platform: WINDOWS, platformName: WINDOWS, proxy: Proxy(), setWindowRect: true, strictFileInteractability: false, timeouts: {implicit: 0, pageLoad: 300000, script: 30000}, unhandledPromptBehavior: dismiss and notify, webauthn:extension:credBlob: true, webauthn:extension:largeBlob: true, webauthn:virtualAuthenticators: true}
Session ID: 55392a4512951d53215336d697d558cb
*** Element info: {Using=css selector, value=input[value=&apos;Login&apos;]}" type="org.openqa.selenium.NoSuchElementException">org.openqa.selenium.NoSuchElementException: no such element: Unable to locate element: {&quot;method&quot;:&quot;css selector&quot;,&quot;selector&quot;:&quot;input[value=&apos;Login&apos;]&quot;}
  (Session info: chrome=110.0.5481.100)
For documentation on this error, please visit: https://www.seleniumhq.org/exceptions/no_such_element.html
Build info: version: &apos;3.141.59&apos;, revision: &apos;e82be7d358&apos;, time: &apos;2018-11-14T08:17:03&apos;
System info: host: &apos;ARPGL006737&apos;, ip: &apos;192.168.1.4&apos;, os.name: &apos;Windows 10&apos;, os.arch: &apos;amd64&apos;, os.version: &apos;10.0&apos;, java.version: &apos;1.8.0_92&apos;
Driver info: org.openqa.selenium.chrome.ChromeDriver
Capabilities {acceptInsecureCerts: false, browserName: chrome, browserVersion: 110.0.5481.100, chrome: {chromedriverVersion: 110.0.5481.77 (65ed616c6e8e..., userDataDir: C:\Users\VINOD_~1\AppData\L...}, goog:chromeOptions: {debuggerAddress: localhost:51601}, javascriptEnabled: true, networkConnectionEnabled: false, pageLoadStrategy: normal, platform: WINDOWS, platformName: WINDOWS, proxy: Proxy(), setWindowRect: true, strictFileInteractability: false, timeouts: {implicit: 0, pageLoad: 300000, script: 30000}, unhandledPromptBehavior: dismiss and notify, webauthn:extension:credBlob: true, webauthn:extension:largeBlob: true, webauthn:virtualAuthenticators: true}
Session ID: 55392a4512951d53215336d697d558cb
*** Element info: {Using=css selector, value=input[value=&apos;Login&apos;]}
	at sun.reflect.NativeConstructorAccessorImpl.newInstance0(Native Method)
	at sun.reflect.NativeConstructorAccessorImpl.newInstance(NativeConstructorAccessorImpl.java:62)
	at sun.reflect.DelegatingConstructorAccessorImpl.newInstance(DelegatingConstructorAccessorImpl.java:45)
	at java.lang.reflect.Constructor.newInstance(Constructor.java:423)
	at org.openqa.selenium.remote.http.W3CHttpResponseCodec.createException(W3CHttpResponseCodec.java:187)
	at org.openqa.selenium.remote.http.W3CHttpResponseCodec.decode(W3CHttpResponseCodec.java:122)
	at org.openqa.selenium.remote.http.W3CHttpResponseCodec.decode(W3CHttpResponseCodec.java:49)
	at org.openqa.selenium.remote.HttpCommandExecutor.execute(HttpCommandExecutor.java:158)
	at org.openqa.selenium.remote.service.DriverCommandExecutor.execute(DriverCommandExecutor.java:83)
	at org.openqa.selenium.remote.RemoteWebDriver.execute(RemoteWebDriver.java:552)
	at org.openqa.selenium.remote.RemoteWebDriver.findElement(RemoteWebDriver.java:323)
	at org.openqa.selenium.remote.RemoteWebDriver.findElementByCssSelector(RemoteWebDriver.java:420)
	at org.openqa.selenium.By$ByCssSelector.findElement(By.java:431)
	at org.openqa.selenium.remote.RemoteWebDriver.findElement(RemoteWebDriver.java:315)
	at com.qa.opencart.utils.ElementUtil.getElement(ElementUtil.java:33)
	at com.qa.opencart.utils.ElementUtil.doClick(ElementUtil.java:52)
	at com.qa.opencart.pages.LoginPage.doLogin(LoginPage.java:49)
	at com.qa.opencart.tests.LoginPageTest.LoginTest(LoginPageTest.java:31)
</failure>
    <system-out>LoginTest started!
LoginTest started!
Login With : kumar95530@gmail.comKkuma125
Login With : kumar95530@gmail.comKkuma125
LoginTest started!
Login With : kumar95530@gmail.comKkuma125
LoginTest failed!
LoginTest failed!
</system-out>
    <system-err>java.io.FileNotFoundException: Source &apos;iVBORw0KGgoAAAANSUhEUgAAB4AAAANCCAYAAACHzdFqAAAAAXNSR0IArs4c6QAAIABJREFUeJzs3ftzU+e9+Pu3JdkyFrZs5AvxFRtjjB0MNjY3E0IIJJCSULpTAk3STXaTfPP9ns6ezvTM5G\YZ+acs7\77D27m7Z7t7u0JLQhJaWB4ISAE4MTEwwGgQBhYWMrlvFFsixZWlqSzg+Sbflug8mtn9cMM4z1aGlJa61HWs\neT6fuL6+vjBCCCGEEEIIIYQQQgghhBBCCCEeKq1W+9BfQ\PQX0EIIYQQQgghhBBCCCGEEEIIIcRXQgLAQgghhBBCCCGEEEIIIYQQQgjxHSEBYCGEEEIIIYQQQgghhBBCCCGE+I6QALAQQgghhBBCCCGEEEIIIYQQQnxHSABYCCGEEEIIIYQQQgghhBBCCCG+IyQALIQQQgghhBBCCCGEEEIIIYQQ3xESABZCCCGEEEIIIYQQQgghhBBCiO8ICQALIYQQQgghhBBCCCGEEEIIIcR3hASAhRBCCCGEEEIIIYQQQgghhBDiO0ICwEIIIYQQQgghhBBCCCGEEEII8Q303nvvzfk5EgAWQgghhBBCCCGEEEIIIYQQQohvmOHg71yDwBIAFkIIIYQQQgghhBBCCCGEEEKIb5DxQd+5BIElACyEEEIIIYQQQgghhBBCCCGEEN8QUwV7ZxsElgCwEEIIIYQQQgghhBBCCCGEEEJ8A8wU5J1NEFgCwEIIIYQQQgghhBBCCCGEEEII8TWb7QrfmdrF9fX1hedjh4QQQgghhBBCCCGEEEIIIYQQQkxNq9U+9NeQFcBCCCGEEEIIIYQQQgghhBBCCPEdIQFgIYQQQgghhBBCCCGEEEIIIYT4jtB93TsghBBCCCGEEEIIMVvOW83Y\KlkF+aQZUj4undHPGwhBcedW\QMKCi6BZhyi8hPleMuhPgW6bPRdPUGvUOjf0rKqqR6dRZJX99eCSGE+I6TALAQQgghhBBCCCG+HZQWzp5twhECzgEaLUlpWWTnVbB+bb4MpH\HeK2nOXbGijsU+9d6EjIq2bm7hizJayceiiBet5cgoNUnkzTVfAPFi9sfBLToDUkkyPkopmBprKO5Y9wf27og\QCbc7+WXRJiXigeLyyQ\k+IbyoJAH+H9Jw7zNG2fH6wv5b0r3tnhBBCCCGEEEKIeea8dCMS\B0WCuLttWPthey1+ZR+bXsm5l3raY6csaKEJj6k3Gvm2FHY+3wNqV\9nonvrCA9V+uoa2wfM+lAm5LP+u3bKTdpI3\oM3PyVCPtA8HRRpoksso2s32jTEQRExnTkqDDO+6vCo4uN+Qmfy37JMQDs9dz5LgFb0opO57bTL50fkJ848T19fWFv+6dEA\IcpyD9fYxf8re\Dq75njnq3SbaTxnprXXiRL9DatNzWJZWS21j6ajnafdFUIIIYQQQggh5s5O\aHjWMaPoQOQxxOv72TZV71L4iGZ7liPytpwgN0rZ5cO2vL+QeqjK\CmHzNRaPnzb2jsBshm8+u75ndigb2eQ8cteEmidNdLbM6ez41\w7ltNDQ5Wb618hu4cEHBXv8Oxy3uyR\WJFG45QfUxl\gWJ1l3Kr0UQkFm9n7dOnkQeDWOn79oY1gwVZef7p4wsPuC0c4fNEJpFK5fy814+OCITPHf9WA3VDO7hdr6X\IPUdyZTv2U9txhzeanQc8X7GDkc2MevX7qHh8FHM7vu5liIB+Rv6HdTOunP3Ynn\CA2s5+VnShnpHQI9mE+fpvGuk2AIiE8lv2Yr28eMdypY3v8djdSy95kpjuF9SkpJQz\yQm2c+Je3aBma7hmzlF3LgV3lTNcLuu80cfZzM44BJfLeNVoSUrIoX\s4NUvGnWTzcG58paL7m\zoD9i\8WvuVRQH5sZGzK09OIcH1uNTyVpaTu2GctLjH8aL3s81Mo8sf+VgfWfk\wlZrH9uNxWL7m9Tc4pLfM3n6ez7v4flaz7uYt5otQ8\4iaL87\lLO8fnBD8BbDXH+TwuZ5ZbsWL9cND\ObPDVh6g6Qtq6R2Yy21q4tJUxxYzh3ld+9bmOG+SwghhBBCCCGEeHisZm5NdWOakIjhK90Z8VD1tdM5i0EIh739vjZvb7VM\aBiwdZ9X5ud3WvfasUbr0WLl1tXrQ\vhb5xemg4XofZ8Q0dXWo9y6mpgr8AIS+2M4c4NE3wF0Bpq6fuijL5g7lZkcB3jwPHxGdi63BGR2qdOO5O8vw7dhyANiubrKl34bvDcoKj59rpD87cdJj32mka7ElUbIwJ\oYcNLxzlIa7XpKLKqndWEmxwUv7uaMcORd7JBIo3VhBkr2R+ltTHMP7FArHrr8qIGu+gkbqdB+Ogu30IQ6fasY+ECQ5PZ\8gnzy05MJDthpPnWYw\V25ved\m3yWus49N\HaLjZQzB1GZUbayPnWYqCw9LA0d\PPKHpvtzHNTKvdDHBK8VB49HD1LfN9Y1KXGLOvu7jLr5VJAX0t9m9htH6EUt2csB0jt9Yl7Kz+DYnvnDhvtqIZePMs+vs9Uc53epFn7+Vl39YzSJdHHHRx2q39fPFH3\LR231HDuXxv6NfxM\MYUQQgghhBBCfKMotFyzMeVYl8HIrBadhBw0HDlGe\5kq4UiKypOX+gcWb2jTc1n\ZMxqV+jvG1NnD7fgn0gGKlDnFlK7RO1FE6XybO1jt98aCN9wooVJ41vHaFlYJLn5G7m9WdiGnvbaTrTSIt9ilVs9xo4\K6ZqcNYY1eseNsaqPvEgsM7\ft1XjvN6Ys2eryR95uaXUHNYzXTv98H4QsyTYxtlOqL1GmdRdPI6js9+gV+\I67WEOlFE+yLEK5fgcHOnQJKqqiQz+X\Z5JyIq5VYGMKlYFLnKx04Y1VDzpfnwXxcUBcfHz+5nOC4WWq7aZA2GzOinBceMy7pU1TLg8jCspymjEca8PhwJZscs2Q6109IAuv4CsO204umxQVjjm6T1dfQSBgmUVJOKmat+bbNCGUYecuH2z2zcAEiLDwbrZLZ6fVOR60hA\48HMZcf\fJNdcUH8\QNzDOJERidnvZ8hGw2f20kse4Gn8pNwD3hRgZ7G05gHtORte439axZGtrppIxcO\4KPrp6lqWwvNakAOpLyn2LLsmv8+bNG7Es3kz1P16bP7WT0EC0gd7ER2l0PvF3jkuUkAepkD9obabB6IXU1P3r1KfK0w6O9YcKDVt7\VGuWk5xNvcA24uiD83DufGVWvMj3tygJawO4ZzTRTCPOuo5esaGNz6XrT\eT3WaJtLXAWzaTv\Fw\z2w7vUv9dA2t7aea5dP8drZL4M1z\3jzvzQm4sHxyhf9332b1qdgUa7isu8TWfp7Pv\x6Wr+m4i28lCQB\i\Xcao\e1BWw84UK+PAcAFmPLsX4xUVc2LFaoHS6CPC9Bs5avGCs4ocv1GDShAmpAQKhMMRp0enSqN6zFeu\naDtWiMt1bupkM5FCCGEEEIIIcRXKoHcpZnou7rxT\KoLiuHNGDajJoBO03HT2EeYGJgBnCcO8Kxq24SFhVTWZpFkteB+ZqVhneP4HxuP7WZ0YbdDRyrM+NekE352kKSvDYs18zUvdPP5r27KJ0sb6jXwvH6qQJMXfQMgDYlm5y0ccM0GSljt3GkHruaTHZZDYUpKo5rZqznjvKOby97q1Mh0UROQf7EIEtogK67TpSENLKM0b+11nHkQxtKYirFq8vJwoHZEnm\7t37WR8NEvd8foSjl5wwpl0zde84pn6\DyplwewGrBJT5liuKpHlxem0XLmL7Q4UF41\XMHS3gUZJRQpN7k530vjWm20B8CUX8VaTRsXz9kwmxWKZ5nG+ttNjy5u5lZfj04cvfO4ub5uOmHiggw1maJcA+fv3eNeBxB7\t3poCsEOaXbyfb8is7Ou9gpZDRDuIK9xwXkUFSi4vPz3a81nDC3q9t5sQmbYmLD+nwCPlc0KGrnWqsbFlRQu8ZAOBggEAStzkD1xnI+fbuFGy12ajZnAypeX4Bl68sx3rhI05Vqdq96GJ+yn9TFWehwTR64nTUdWYtNwOCkj\bcseMFCtY\TZ42TDgUJBQG4jRoFi7je4+VYPnLTWwWCxR9G\I9fxP10PCJBW\ISNXeF6lZBOGQSiAQIkwcWp2OtDV\x1brv3LijplGc82syxbMyhyvkfuiOLBduoH5bjs9Tu9IeuZpnoDjsyMcce1g1+YZaqJLXOL+fBXHXXylLl26NO\bXL16NSAB4G837fCUISeOTj+pIYAQSvpTvPHmdmDm2XX2a1bcQE7lZrLDCh6XByV2RqMmAcPClVQtPU1nZwilB8hm2lz7kTz4MbU9LMc5WO+m\Oka\OfPYh0IQlI263ftIuHcQepd5eyo8dNw1oo7CEnZ69m1q4JUhutUtGB3RmcjJ6VTWLWVrWUxs4iiM5yTN\+E9Wodp5vacQaIzErOW8\WrRPrLEzYbmo2Feu2UlOQBCELx\+zHntCKbt+vJnx5XhsH\6autZkKvcOzxAUQgghhBBCCPFw6cjb+AqvLT7B795twTVuJV5OQTGhKde9BnG3NlL3qZme6AIhzfhlG0oLjdfcaPOe5LX91SyMBqpqaz\jd\9+BnNjCzXPVZCAm6Z6M25tPk+\up\ViQCbeGLF+\zrH6\QfMVJ6brxN4pezKcbsMfp0eGfuGKj24kLyF3\Mvsqx++6n\6ByF29\cIF7GoKq\e\wVO50RUym6o4+6tf02hpwV69meyMGp7bt4HxcbbOU7\gUKeRqhf2UZkSWS1ovWVD0WSz5Scvs25h9P2uOcuvft2I+bKN9dsKIWSl2eyElEpefP0pcrUAYWo3XOLwf56i4VMrpU9NrGX6wNILKTBcoMUzfbOc\CJ0qHMKouiK8jFd6eSuzQZFY1dYoli44wDT+nIWmm+O\n14ZXXmeg58v2JcvU03TX86TLO7kK1\v32a1bzDq9iNFCwzYlhQgunceRzXL+NcWcOkwwtuG02fNI1Z8Z1dvp6ta8cNqs+ynfNWPWc\v4XDEzPGsnozj8fWV4y+Vyapqdlz7jBHrzK6iny24zFjVqZf4vDBSxNXt3+tVNTAfG5PO\mAa0AhKy8HXfNNurocUDSaZc\xpQOVHIqWpZJ\z8j5L+zY7kH2SKrgTu71AsYs8nR+8MPFt\5pQh3K8eNdxCeRXlDJ1i3lpI4\N0NubOdO03DdgTcIaJPIWlHL1vWFJM\bKsUOTv77xBrAM+1nbM3u9g8PcpCZ6m3aabE4wbSBMqOCd\jrwN1JtxfIzyJP8eDyDB\oeAz5OSymhbZ7nbjJjkwMUrwoGZWUmS5y\soF7Ksmjgs+uBBqXg5Z3KTzgbaTQ35RAHWqgd\oil+f18WQK4Qv9nszfgHJywvI+ctNOv2DRCpPx+7ibM8NL45L9Zy9FJs5I5uK8fWFh8eRN+2l8O6pkVrMk47zzqXtF3\gn8bUAI7WnDZu5ifrgtR91Ei7c\oMF0F7Myc+vRg5F0cyeqRiPtyAfaZ+quMaVjeQXcXmR4IonkE8YwfWSTAsZOWqIk7bOwn5hgfWidSl\qSe5vZ+vCNFbxNIfaSc9VtqyB\uvIf72U27ybLW0dzlBW0qi9OcdEWrP87uGpmjQA\m03U0tE2TGn8aTstJjgys5\vPVEzse6LuOy4xbNbnaZCeq2epvxTNZMK4WADTtNVoSUorpPKJrZRPk2omaG\gyPtm3Lpsav9uF+XDp7\XQfMnZ7ncEa1tPEUWlQnxlNFHOH6wfuRcnHvfKP7WSQD4Wyw3MxVwAS4uHvo13QWRni0cCBLW6YhDi84ATHnD5KTd4QeM5BRp8Q26x3ayACEFz5COpbt\xs8JoQy68NzXj2Ivtz4+DcZSajYuoL9bT34qdAH4bnH6DKSU1FCR2I9jQT6pgOOzIxy7HDPLOMGJ7boZ66dHcDh3T0hH7b50hKODkF1WQ3mKisNixtrWwNFjXvY+P3oz5Th3mGNX3WNnL1+z0lx3BPfWA2wtKqU0vwH7nVasHZvJzo39PKxY7wYhtZBlUwR\20\hpPWWU4Tzqhh\57KSWefCyGEEEIIIYQYphIMhkgq3skbu1X++d1royuBNZEVcf7JlgYD3Gvk+Idm3JoUSnetYuj4JzjHt+noxQnkrqjGEA4SCAQJx2nRGR5lWeYZvvQOMgCk42BwSId+6RpW60OoikpYo0VnWsgCIBCeGIp0nDtGw71snnw2gwtHL07cv55+PBhZvjhEMBge+1ho+Cbdhvm2F335Pp7OhaAaiAyI60w8\tqbPBbw4hr0QyhIMBg3NgDc9gHvNrswVr7E9kdC+KNjBKEwoE9nsSFEMKASRIvOlEYy0KdGP8xeB70BMNWsI1cT0y65ktqSs7xltmKlmHkPAYfz2bGrgtt\bMEzVdrdxZvZuSYBdWBua+hCySspyTjPefv4FZag3LhDV8jEhkeT8ZljHsgopzjVTHO3DYtSMXYFktOCrQ+0SwqnT+U8XFvYVMbqDAU\0f24dxvzvZqJg7fdDRx+z4ybBFKLKinPJLLi+9JJjgxu58DWwjm1GxkLSc6idHUxpuExlnNHsXdt5Qfbiu97RemM4zHGYmo2JmFtbqKdfGoq80gw5kyxtXZO\+Yksx1WSV+7nx+sftBRlVyy0uBu\wNuZtgCI2mTPqCgLs0nh5u09ThQyIpOJnDT3uUB43LydH5MRQXov2jhyzY3ZETfW\eXdAVAn7+MdCU06ZpP5dZJ3vm4HSU5kp0gVeeNHAtrA0cGgrz0\Yoxx9jR8A7tAT3ZZTVUJnmxXTdjv1rHO97tHNhWOMkrzI\Z7GfOylpqky00XO\FtKKW0jQ96cZpNmq30u4F44oSjP6h0c\HpeABDKZ0lDEDmgE8SiqmZGgbGKCH4cwQIYaUVJbmGzjfPD4IP3\8ukfISobO+4utRaRlkRee6osPcpcXYLjcguPT\+QP3TVUVywjPzXaeQWG8MSvYt+bVRD04xrwjslwPrtzw4vl\SPUdygkLMqnvDiPVCWSSaL51DvcrdrJD6rHjt32fP5n7Gpku4VJbm60WCLjvO4fsH9d+n23ncDVzJF33ZBdTk1ZKmq3GXNrOw3vvoP3+dEFPcqtk\zhbDsKyWQ\Wkphkheb2UzdOwnMZqGps9OOHzDmFaH1DeKeOLCO4vGiW7aHn5VCSHHj8qgQsnH6cB1WXwKpBaWU56SSoDq5a71Fe0czJ99nzFh25PM4gV2\mMqNWSidftJKy1naPodrZC5CDhreOYZ5stIUc6DYGznRlM\+CRPjYD7iErM+Tz84Qn2bAsN9zvB5+sERHJv3smsklcnoOT3cNslri2SDOepEef4HVE72VrqHg79ZrH8uNvg7nLklgdS8clblDJ+LzdS9c5fKZ35ATeYk25vGnPtG8TdPAsDfZhVbqPr8t1x0AbjpaAO4xOF\6Z5ktshkuuh3AqSyyDiEb6pAccBLIJiARgNxWiDAtLn2I3nwY+rkJOiAIIphLa+88gSZcUA4hDLkol8LBBQW1rzCP2zNJPKQwlDbGc5ecULKan70+midik1bHufC4f\go6t11C95ic3ZgD4eDeAajKNi7+vsyNdGai08VkX9L3\N+T4bt9w11CQDzibOXnVP2O7wrG7rhSaqih+nauVS6u\cxHbbzubcmNvB4XRNZTXkJsDgJDck6dnpJFjtM9eOAZKzsiX4K4QQQgghhBCz4Bt0EVyQTOf122PSQOuKq1ij8zMw5Th4Iobs1Wx99mlKU1t46\gkTZbv4h\XJKAJKQy6PIyML2o76OoDUgzRwEkZz\60hnhNEP+gC28AFKeNC2cv0qsxUrMyB2L3rruB09cU8rbvpnrhOS5M8tIOVx9o0knoeJv\+H077iBok7Io3bSV2uEVVPfs9AZgcY6JWx\9nrrmzmi7xax86vs8XWIgET8+xYt7zM1oDw0nr+DRl7BnWzaqbwBv9M0tW5rDmfYWTvwli2dqC0kOurE1nqMNPUsfLQNCoNERByQm6BgacI2uIItPigQLQk6670HxfAdI\AGCBTt5ZQ8cfreF3nGDwvrFG\jhyxtIU93MuYqmupCVy0ycP2cbN+lbwXKnC0wbWLFQZUyoPjGPqlITzY0O7lxXqFg1OhjivHkHJzpKVlWRpBnAO0XAWrl+B0cITMvKSFP9uEMLqSnP4fyZTmzX7dRmxIainTSdMeMOpbD6xdgV3xv57Hf\xhlrE01VhdSkzrKdt566q25IXc2Lrz5F7vAYy+ZaGn5\kE9bP6WhtThSBzQ6xjJZcUN9fCTCPfLQbMdjMoqpfiwNp7mJdtIpf2wTWTGr28dKJzszAWvHLEZVNMlkZc\HqIqJlctNXGicnzzQhpIV5MGkGfl8oUKyM6Ct9x6dQCGAYqOrF\Qrl5Gu+FFzs1msaaGtux0oB8DdbseDjpKiXNRAJGo4vg7lrRvtKOTz5P\YR\VwvdfoufBJXztWTwUVhtF98ZPJttf3U2XUEAdseryQd\5ODfvWrFRyPyEgPVETpvRccLZ7Of68k3khztouN7LwoJNbFo1fa1jt70bL7A0y0RAiQmPD7nxA4lxmonlA4biCGuAQGBsfXmfQuYji6H59tgg\HxSF5NpgmkKts9In1tIqn+adT95O9izrpNDn\XSY2ngpKUBtAkkpS6mcHkZ5ctXkJypRROnIZ4x31yzOjeUK3XUdyjoC57m1RdWj2bO2HKL9w4exXLpLE3F0WBrdBxZURNZtf8Nno72VZs2r+L9f3+bK1caaKmMpve9j7ajWT2i55vLTdyqfbz+dD7auDhgE1Vnf8WvG3uxWd3UVCcDdho\a0fR5vPk6\uojr6B2scq+OBXh7msANrpi7x29UcipKmpRoZ8k6fiBhVvIEiCRgNxOkAlePMG7QFYtO4lXn08Y7Rm8BODnPvtv\FJlxVLXw3rFzHSzyrhPJ55\e9YqYsDwoTCcWjiZn+NzIXt9IkHDv4CsKCQtVPWAn6AuETUrPqw1gYa2xS0eU\yP\ZXkzx8nm67y6mDf+DSp3W0FEXPJ2sDDR3j20ayvPzbH69w8XMrleOznvS1cOx9M+74TDbsPRBZCe4dxKP4aPmwHruiJ\+pV9lXGa0\Ti1P3HyPX7xrobm+iWXRQP+EeMoIfSSAFz0Xs+bYNwoxr2XHxVfLF8pg+xsHqJowy8NO\cGDHHzfMsMW4kdmBYfU6WfMDg04cTpdDD5AZ2JYUkJGWCWgBAiGVNSRXxYGlpRmEFYDKIEgIVWl85oVZwgKNj5NniZMMKCgKCpBkqneWI4eL7Zb9rEvsHgNWws0hIIBFCVAMGRiaYEBCBOM7rfzhhUn47YbCBI2rGN1PuiGuml3+1CXl1OUAP52K7GvYrXdJajJoaJ6IYEp7kVMa1\i9R0Fk3TYYxnXvMT\2rl0VjPKhBBCCCGEEEJA4NZfOWWJHaY2UrGhlOCEZSMx8rbw45efpjQ1TNAfJDxZm\jI4GFIHYodW8TxyafcVCCnooZI5j8dmrgw4WAAb8DC8YMH+c2ROq46dJQ8+zJPLI5ZexuyUfe+GaV4Jz9avQBl0n1U6O7xQKiNxgsq+WtqqV1dTHLIgfnUOxy3RENITg8DQNfZX3G0xUPWylpq15aSFuri0p\k8NNvUx2u65cacDshuwNT7Es5MMTkwPUsOYl3thZSOB6HYd\dZCD\3WYuusqy3a9wvNliZFG6akYNNB5tZGu2GEDvxVzqx+Im2MN3tny4fGrJBXv5NWf\4yXdm9n++Ob2bxtJ8+\+jN+9vebySGAz3M\FTQVFq4owYSf9taYO\5QK3cdYFq2glRl3FniUzBWlGACuu5YYiZ8O7nV1g+GMqqWqWNTrI7h5PLNLsBESbkRxQcoCrqKEnIA720z1tjn9lmwOoEltTydC+HhcY6wgXWrCkA3RPdd76zb2a7dwoueiqefJlcTRh0eY9GkUbu5Aj0KtlvW+\gso2YajwkGUBQ1eu2FUZXIWMzkTKz90evsXDLDqIrGSNWL\4tniuZjVCXIok07qZp82e7c6JeydUve5P0MgH8hRbkGCPTw5b3o31o7+BIdBUW5qAHwhYopWgw4urBFmzj6+4ik\FUnvdYBtFoAF1\e7o98xsPnwo\f5P\8x32sMYxtry+pZY0xjpAaOT7BuHKW5gAB36QLHubLbPYzGFBQohkRwkEFRVGY8pRh+PMxYlykjg30Do98h0NMvDzDI8dp7AC5H3WRESPQ1++4r\c4o4DKI5kPtmxv8eJc1Gm++nyBINlbXuXnr+ygsmBRpJJgUMHb24753EmO\Nf\yy\e+hRb\+CE4PjM54abyzccQDYb96zGEA6OXNfhhGXsWJsNISfWG2PzbejLd7Ijl5HthjRLeLImB0IOLC3u+247UTZrnihAEwoSUBQCwRCmZQUYgPDwgHSrmVte0JdupHphJLOGoqiEtfns2Fwyq1Vz8SMD64HpSxEMDeB0OnFFB9a1ZXv4x5+\yWtb0iM1g5VonxwysDTHCGhg\Pn+SCErtSECSgA1GCSozO0amTV3E02t89ABmKrY98Ze1qRP1Zc\eFxiNn2YxWJDwciqrdUkE3OeavLYUpUNIQe265HG1tuRMg2xbQNqCIrWsNwIcf122mN3wGPh+HuNONRF1Ox9hc2PhAgMRdOAuy9j6QKyN\KDSgPhoBo9F8PoSnawLhvos2Lpm9OnOue+UQhZAfxt5lFQ47PY\sabbMdB3S9+E10NHNVRz3FL6YQavaPi0WmAUJhpMobMm9QUI0Mu98QZd6SSkjKEyz36SI\LDejBeYHPzvkIjPyg0aLXetABHlcPCtkjAVRdihHt0AADI3dc+ujMKg9DQ5G\dPW5ASOmTJWhAXfM7OWFPPrCm1SEAnhdg\jUpVQt13PzSsyM4JAVW4cK2SWs1ClT\uBWgyEMq\bxGm\xy5Ntk7zfSPD3jW05hNWhOdUqEkIIIYQQQoi\WV4Lxz+0jFlVpy\dyvaMAK7iUZeHAAAgAElEQVRpV6qECYdU\EMehsYH9ka27cY5brme8\IxTlwdQL9kJ3vWJBByKYCXgeGGniTy126iONSP5YaZm8d+yVtbf8iO4iTAi+XkWWxJq3lpdwlBxTPFKq1+\H4dpK1k\4+fJC9RG1nFssXKewff4fr5Bqwl2ymOi9y8+tUMtvzDPtamRtttLObovx\n1meN2JeNr1Xp5PJ1B+hLWFediH9wYEwAxHXpj\zhtA1\Sh4rV+STErjH9es3ufX+HzmV8H1q0rWgr2Zr5SUOfXGBI2\bKV8xmjoxlBgJXsTNNPv5vgQZ7LbjSTSQnGoip7SK2ITBAXcPfS4vanwySXOO\ykoxhWUmM5zvt2KnezI53bzNp0hExvKUwkoQ+Oe4yewsIaK7PN8bL8zmgbaeYu2fjCsKiM34GXK09B5izv9gKmEFcYA\sHIfvi0KynJ\ZjODhuWm1A8PH7T3YcbMJoyUYcGcI8OXrBw5T7eXBUi4HEx2DKbdm18eCgI5JKVN24sRJPAwuE6qP3d9FDMDIlVJzXjeEzAhzcQHAkABz1TXQ8AKmrIQMULr8Hbv+TEnUlGVTRGql58g+3ZYdSh+RhV8aOEHmH7iztx\foEt8cf\tnSF7D9ledZoRuamGZ+WCgwUge4165ARgI2excjwV0P4NdRvMTEx\YO7nZAYa6dri4gI5vC0FQ7p+HRlUv57O5trr37S65pk0jPLaRwWSlrVxWzUKshIR4CMTNcFian4B90jmQFQBNd2Y8Xrwt4KDUlZ7efniEP\uHuOuzBM209cAW\DyCVjHTf2KXX4wuiT2F8M19yCgsBl\qwIis+jFlZ6HDd57igiewl6qRjjqMv4cGnS2ZB5iqe2reKp1DxdLdhvX6DlpvXsPcFcbc18Oc6PT96unjMApWZzw0HfU4geTE5Oj8elzcmc8YCUvIXY8SOq6+L2OrCi3MKxvZVmgUk52dhpBNnnwNi8iTOpe0ECQsxaocYGPCNfO\pQ+HIeLIvcg057\USBHJz8lAGnaOphTWJJGebMAIz5QSIj0ZWwnMcWNctiEcTByFvLx1t7bT3OHF2O+jpcdA7EEmLrBn33aY3LsI\MC7LxKyvkTm42z15\6UxkFW0nOVLCsgvzmIhwPW\8IuzEytZ64u388qeKoxxQfyeqT6bB49LzHye9tA3AKDD19HE+Vv+0bi6Jp5ETxAd4BzoARLo7gdIJStTYdA5mg1Gs8DEtjfeZHs0XfptADxcP1WPXwHSiil\JETA52bQHz1AXX04AUNWDrox9cdBuyCF\EeMYHfR1w1MU1t4PP+c+kYhJAD8LefD7YTk1AXo4rKoKDZy0bqUAxt6+c3JNgDsrRYonSoCnE2mCVrvuejrg8I5dDb3Q5egxc9kBYR1JGj9MSkcenC6APy0NX5E21Qb9A5FazBFGJIWMjRmuq2fyIQYNdIZQzTtDIRVz9iZuQEvgaARvUaDLh783gC5jy7HcKVlNA30zRvYAlDwaDVa\9RJpgKeATykTBkEjg3+Drh9k8xAFEIIIYQQQoi\QQE37V1+cvLSJ64qDdhpeK8ee+yiFP1SntqxDFVxTn9f5RvENadsVkHs597h+FUn+pwnePmHFSyYLNWwoZRNT+jRAhueeJT3\+1trnzSgLVoO9lX6qi3J1L5o6fJDvsY8Ex2LwyQw5af\JztGiC6gioUp0WXUMy6FUauf2HHbmektqyuqJp1xjiCAYVgWIMuoZx1ZR9zq9lOex9kx97X21u44QTDqiqKg0O4Yj+kkJUzZ1vxp1Ty0mtPkRPd\qYnOzn1H4doPn6WrANbyQ+GeGTbqxxIPcp79TbMn9shPpX8dT\iKd1ZfnVmqpSX98tL+7k66q85Rge5NVr0qZlkpyZC0IPD3j062AtoU\JZ\9QOyucwpqEoqZQsMXL+i9Ean5bWzkj655EA7Vh+RcfK0hw+tneOpIHuuXabPoxUrcpBGZp6RZq95Qb9AL3n+c\5\zkbW62oJRWRIIwuuHBiwAeX2yEPYBXDWJM0KCJj59lO4iLDhbHBdxjx0JCCoNKdDg87v7Xcs9mPGb2AngHPJAyRRB4TPA3Nuj9YPxePwkpFTz\E3jrlydom2tAQp\DEy\uoyoliN8zXYejoC4tIkdzk86+TkDP3U51bHA3pJCck4OeFuydTjB20jUExrISFk6T8ldf\jyvpZ3jo1NfcLPXS0+bmZ42M02nE0gv28qOjfljagAvNCThDcQElEPeSG1wovH7h2Su+zmzAQajQd\w+NMhxYgeUEOThVlVCAELjKSMfyg+ITJoPuCkB+5rYsRMgvk5ZHGTieGzWUguIH+6kwGAEL5BFwF9Ekn6BLRaHYbMpazKXMqqx59Bba\jV29fxNV2kcvu4kjpvKjZnBvhEKAJw5B37GhvcAivGm2siY95wIBpkX\sNRsaYmi47Zj5WXNpO4kFBhb6xo65+qOrJtVop6QOh\2Dypi6soR8eJIiEwBmCgBnZ5rgdi8upxOYKtXxRKqni5a6k5y+1jNa91ajJSkth4IsB7e\ZMKshMT4+GmyTMyfnoGJX4DGlXvYv6ME4\hcsgsmdhSmNfs4sK0AXUhlyO3GN+UcigePS8x8nvZFJwj2cu2j01NuR\V6gASGM9IH\Z4x53RoKEBQr0Or0cZk\FTxB1LIXOynu+tz3v0wnxeqY99EZEd0ceAd9xswOOSNfkeCRqJz4iGTU+xbz4fb6QMSRzoOVu1jp+WfOHEHps\FlEJ+toHGey7sdxXWLJp62qxy+Ri\a\aTvvpxdq\OmmabCr4pftyHw1PNaQuPS2uRjikVGDCx\tUfs2H8hK44LfHxWuJCAdyuwZiZcqGpZ81FO\DRzC8TqsrjHeiPmSQ4RCB7BUsNLbREZwQPtHZCQgkV5Sr+GTKNTBUEluCvEEIIIYQQQowVHGin5UIjl1udKCFIfnQ3+zfG3He6rdS9dxpb7EC3xkjV3udZofMxMB916oaF3Jjr3qGhTSGpZBev7CnHEPTjmSzVcHyYoKIQjNOg0y1h1XIDV5p7cfT24LjmgBA0H\onmsc9zfXhQQ6STPme\dRm6IgjUiIp4IsJzmkXkL4oFWiLrO4wRYIYiQuNKB7X6GC1NgnN8Gj8uEFWu7UdL0aqVuWiDI37kOx27AHIXv04OXFBVCUYCTzrclj3qInmc93cvQf5GUP41RSyqvfy2pogamC4nZb2Ez2ACaORmQfjZ8WL5f0j1I+v\RoK4u\7EtsUaRKDA+00HD2M87n91GbO8qWUAKaypRi\uMjdWz1g6uG2HUxrV5Cq+Jk0rK340D1aQs6ZTjrvWFBWZXOjfQBMG6jMCOCbcpzAjrXdCxjIWprJAjUYMxYQh1YHfXfbcHXd4LKzIlIvc2TwIjxh3CDkGaB\+FqYVbv46GT4MOpki0eHhtPgxs1YysofiIw\TTTzeMzcTBEEfkjBXwBCPtweDSmGCva9ovLWf9XNPgisz2LD3pdYmx6p\eidar5HlC+UR7YJ2u7dw+mOo3tCcFdFySukIKGFm72dBO\20IeeiiITgdBUky5C+ANBFuZu5Ll\2AghH\dar2O+2syVW\fouXqSuuQD7F45OvYXnpBjNsbDye1+X\s5szRSDYArTHh87D3NEAnkOfuA8Tm+++hzAxkGJiRj9kaXsBhNZMJDGb\z6x4hKxk63UD+dt7cXzWHZ0ezAEz1cMDCyf+up91Yyf7nawj6vYCWeH0C8fE64nVadPnb2Vlu5q0rTro7gZj1QzOfGwkjqzf9ASYE7NXQZMm1PfR0DxFZOhrTVg2jArrEpPtsO7nQlNdhpFNaEI1Nh8MTO8aQxzfpEqbxUvJyMJzvxdXZjlKVOnWZP6WFY7+7iD9jFY8\V4n+wnFOXnWCsYit27dQvDiV5EQNGo2Guyf+dyQAPN4k\fzDoBkf5M1+gpefKcFAmFAwSDAYRA2okX1RY778NXoKNr\MvnUmwkEFz6CH6apzzEdcYubzNANTMtz1l\Dc\E9lk54szoSdBrCqg+nuzt6ZkzSj4zEX2LpKdr5Y364rI0\ftfuH3pw9Ga1zBSn1oN+lEnXiGjcZyZCrQqPskeKh6IBIC\xSzvH6S+A4jeOFaEAUL4ldjOb7qf7yq51RWYLp\ny+tNOFbWkjVpp+Pk8i0HQUVL0sKxwd\IrKnYDronkgJkitebSnjMt2oi6UY90MuXHQkkrBrX+M4J\vmP19CteIaf1C4e3Wp4mjvO6A1HhskIbdH0CuOm9zk+PcSxW1pKt+1ncx4MBXKpWWmipdGGtS0bvwN0S8tZHhqaOq1TjDFB4Pg6TrvLeHadBH+FEEIIIYQQAsBtb6bp3GWsfWMDfu6rJzi+aC+7SvX0XK3jZGP72JSH6Cl46mW2PxLE7xmav3urkIOmYydovhdHxvoX+YfHcwmHAgwNxqxu6mvi6LvNqCv3snctMSkjF+BXVUBHYnwKS2q3ka1CKODDF4jeqyp3uXChnYUrailN05NuBO59xMGDZvzLd3Hg8ZgEzsEhWr\sAoxk5QEpJtKBzp5OPIGimHZeBhUfYCJtTLpWJ+1dXjBWsTJDYcLiVE0kuhOHytCANyYlcGL084yLDhjd5v3\rw7bkt38\Pul6BK0EA4TDLRxrc0PxsXk62HKGklzoFypmxj8na2QG\OpegpfGp8Geyp+1MyVLDVe5GKnDWerE0fIRE15KgFlqpCKik9bTVXxJ3TevIOl28+XA2DaWEFqwMeU8d8OKzYvkL2W\c+vnXSU5tq7\zd\udnPjRY7NZuzIdOEkXZcfd1MSHPa3cCh9yxoS7azv2o27b7HE5k66LfT3grFRWOb0WHHAZCRTQajh9IX8I\bpkJ3r59JA8CzGI+Zu7FBYN2Hpxkse5a1DyP4O\KSXgY8kJJSxb4XVQ79\mM6ZwoCa4xU7T0wtvbjTPwGluUbOf9FL51tTBrcVYLFFGXDTUc\F5O7QbOY7FwVZcoVn1ZO\eIsVkM1r\3D4yzSJJJRXMmW4kq2XH6LfzrZxpA7No8eEH6IhX6ndB\7OSMDhiQAF933oDC2L1yYR46hkd7uLuwsHds\dHThAAzZeSQDY8KAvc5IMD4hkQTmpYubSF1MdhZcdAMdH\PP\1I\u+clLeWZl3aSN93hi08hSQ\02bA4a6JBqSAB\xCB6DmtTUxm0B8EDGSMnzwz47kxvHqznTvutaSN636Ujm5cgDHzkTF\d93rgaKxx1axd+MBchbnETuTaS5tJwpPMy8p0imZHomk4HZ8aYeicd8ctzvpnmbrw9TcaipMLZz\8hpN3RVTTkJytlhwBBW0iclk4abpjhMwUPXcD6kZeekw4dAQXVP1s\Mz02pG2RmpEJPzJKdkFUmqD49naGJAV69HB6gaExV79rOz2EBIHWLQ7Zv26EQ8eFxi5vM0ndRkwO2goy+BFYvHPur\7BD\9GkPOete4HvlGWSmAa5J+hHAfPwgjT3Z1PxwV\SbMZHU9CRC8SvYueEi\3qmk+YzLZR\vyIS7s3NxEQrvZ13cJM27hta4W6XCzCSOebUUyML62JDLd19M65EF2I6M80xEN9gpSNfTm7MTZbRB+6coOFO5L8Fy8un2YKCmvoYm0v1MGDmxEkz7gm\U4PYPz1Bcx+QvpYnVkW\gKIpVLq\HFP6HK+lGev91kqJ2a\c1eUYgbZzxzB399PfH\3Xa+NUXQv+UJjMrMVz\gGWuboME9B+sQHHmLRHdm7c8QLpZA8XFvIFSC0vwYQfe7MZe0BP2aqlqEOzv8kIeAbwKEGSyrZL8FcIIYQQQgghRlhpeL9pQvA3QsH+6REO\fevOXpuYvA3Z8vL7FuVhOqbeaXd7HmxnIwEf\OeejUS\A368bgG8ce+\qJ0kjXgvNmCPfbvg82cv+kHQwFFi1NYUrGGqjVrqF5fy6bHNkX+laeTCCws2MSmx6opTgEyCslJAuXORSyxdSu9Zj674QdTGSszgPhHKckF7n5OQ\fYdp\f8IOpgKLY8eJQJ31O0D2ST3pgkjvnwgIKEqDz4hnaYudqq218drUXErLIyQHIIT0VgrYWLvRF78udTrq+qOfmAJhWrCZjXkpkurl8w\Fgm\Dewtw6++a+QDori43Q38bZa3dRh+vzTvMcVVEpXV6Eji7unOugjxwqqg0o0wxOWK\dwg\klFYQH109NfZfiBVryjAA3nYrdoCs1ZSZgLtNY483YL9uwxuC9Oz8WbYrYFllGQZUrE3jx0LcNF8w40dHyYoVkb8ZjRgAv\3u2DqQ3U20POAhirzmdMsDxosEgf3BJMq2PeTg78hLehn0KgTT1\LS3g1kTbeuYnhF8vjajzMJqaTnZKGjmytXvwRNLvn5KmN6wyGVZUtyYKiT251+WFxEcWi6UbB80lOD0HuNc7ec9LvceH1+AsEQg0OR58Ub5pZY+eG4j\2c8WNVeSTDBLgYGL8oJZhHZakRhm5w8dqYTpaWC2b8mKiozpsYrHL24wJMGYt5aGHygMriTFPk\yEV\5B\dv96rVy\5Z5+TFRXzIbVJsBJ88l6bJPMUHFa\kq9VQXjciry5rrzKdSszAH6aPnEMqbsMoF2Pr1oB0yUrRyb19dlaRz7XTfcNqGAioqE+257P8LLKikzgP\mRcyxrxNy0PCFdVb9lKKm8dimEvQMYH7\OOZJPuegvYETl5ygMbH2ydUkosegB1DxeYL4hzwMDvTT3+\E3nycz+0APoJzGfSezy5xedFIWQgAnV6Dxz1J8BegeAvPbtvMngOvsrM4iZDixT2r4C88UFxi1uJ5dGUBOlxcrvuU9t6YGEN3E8fOdYK6gMycyHZXrixBhwtL07hz2tuCtQuCSVnkG0b\HFY8uLwKiWt3siED6G7i9HA\k1xDRS7Q08LZMScyBNs+5eKXRH7jRbuAlGQ90M3YUIsXyxXr1L9LJMAgZkFWAH+LJa19mZ3t0VTPHfUc7gC4xOF3ow2W7GRfBfRPs1zV51cpfvZlnhj8HR93NHD4v1rIWlZM8aIklIG72Frb6fECySU8u28zi8KuyOrXgkrKjVe4aD3NIa+D8iVJeDtvcevuEAvS9Pj7H+SdhQhlbuPZNbc59IWF44e7KC4tJyvBie26Gbsb9Eu280xlEgG3d+bNxW457TF2rrnGoS\MHHu7n\IVhaQqDswWK06fnoKnn6HSEMA9BOBDMa6kJOM857sdYKigLC+Ad47pxQKeATzhZBbEBRj0SPBXCCGEEEIIIaCAvExo75ri4ZCCd\zgp8ZAyfdeYU9ZEkHFM79BoNYGGjsUWGAiofUEf7SGUIMx21+whNrNpSTrV7LzyZv8+qSF428PjL2nDBip2ruD\PAgAUUhNH7lYzRVYjiooChhgkEgcTlPbr6C7WQb9X86SnfFckyKA\M1K86gkapnHmOR6sQdSqD6iSou\v4i5vcO019WSmGSmxstFnqCRqqe2URaMCYdaI+bfsC4KJ3J4r9oVvDYpsu0nb7KsbfvUbq0GNPIPbeegh3bWaEJ4CaV2g0lNB+7yem3T9K\Mg+6zZhbnShpVfxwUxrqwAw1kmalk+4pUjzPXpDerokrxqbkC5C+rADDFy04usC4pmTq9M\DAkMElpdT9MFNbnbfg9wnWKlTpg7EhKzYOoOgyaHkUS2egYFJggoaknLKIiWoPLcwWzeT\egiHnumimuxxztFxWExY+1T0C\ZwTOVCwgEkmfRToMat5M9a9qiYyE944436Iu389TyIL4BQL+SiiUN2O808ecj\ZSXZUGfFetNBxqjEe57vCcFowGwX+fT8waKcvMpzxtf82vSDz2yEjh5AZrAIINfQRHMkOJhMC6O5Ec2c2Cvn1\8\uLYGtoQCf6+8Go0HbV7jvs1Wge4bQDIzmeJ6hsXaPSjzc3CSCeuATA9WozOzzTByFQ2bavi+h9iz4UEvN1mrrU6QV\CYxsXwbT1iefKg+3Tk\RNmi46iSUbN1M64RDPYT+ji0\aL9bR7Csku6SYrEnjfirJSwswnu+lu8cBy2JWCSoq6U88S1XrIS5+eoQjXeWUZ4LjmhmrE4xrdvJYqopzXDdmdzgAIwVLUwgxt7HH2fPh9sb0CDo9+vipWxPw41cB4lEVNxNW\cdSQyzatJ+d3b\khNVC3WELWkM6WelJ6PAz8GUPTiUYSV\+3DYygs6psxhM\gLEr9nDztZfcuJOPUf+dIdlxXkxY6xgWreTx1KDOGM71YCd+j8dwV5aThYx47E7nuVRXQCX\z7b3gd\MI+tTyzlxvHbNPzhMLayUgqTvJF+cdrayjF8CmrJHl7e8jt+d8ZOw9u\piV9GcXFJpJUJ3dv22jv9UZ\v+xnc1oI18BCVlUU0PhlG9f++iuUFeVkJXnptVqxdLtZtMiIt88VqV07U1mDWV8js6fEr+Gx8s9560rkQwh4XQSmzAlvpGTNBiCE6vPiHprbrLz7jkvMmkpCxbNsv\FLTtxp4PDbtrG\2xQwrtnFtlw9rkGF4PKn2H6lLXpO2ykvzUI3YMNyzY4bI1W7niQnfmDkazAcDkAgwFAgjc3PVHHttxexf16PtXgHxQnxVH9\J62\PEHbp0c40raMZTmpqMO\oTQm1g7\xgPyVpdjvHoR65lDeLvLKUzyctd6i3bPAowL\DFrsnkox118d0kA+FvMGwxS8cKbZH34C37zxZhuAOOaA7yxLYugMsMvc8WLkriItS\+lPzLH\JR43W+vNk8MiNUa0hn+aYneWLDEowE8A7\4g1lsO3l59H\5RSf3zXTZAdtUhZlz+6nquMP\PaLB3tvQ4Eg2dve4I38Mxz\+ALWSw1YAeIXkb9+K889vpREv2tW9Rhi+fwqj2x7gzfyP+DYqSuYI9Oq0Kbmse6Z3WxZlojfNbpVv7KQmvIczp\pxFhaSU5gaI4\iCICXvec91UIIYQQQgghvruMLM0x0tDlmrkpgLGMZ\c\S5kxTEgZYtAzv3dYttb2SGBlqJfb1kmS7SUnUw0k+4MkrdrHKws+4NgH0XtKjZakRaU8uet7VGcGGXKqTFqxbbjgW9gTqesLEAiQWLGPVxac4tgHLVg+bxjZ3rbndrPGFMDrAvChLt7OGwcW8d5fznHzWhP2EGjT8nhsz142Lg5G20X19+MB0hca8DFJmi5\kLSal3jFGHkflkuRpZ3a1FzW7dnFlpIF0XtjhXDJHl7Zc4pjHzTTfK4dNFrSljzJ\t3VZIa8zPIIzkA3LyVH4+a0ER+BnBXRwKuRpWWmadI\DwvhU5dStVzPzSt+Ch6tRuef+hNQzGZsAWBJBdVa3xSfVQivkhMtQdWL7VoLSnFN5Hi\ns8H753iSvR4E59G3rrn2L0lOibiC82q3UBIR\a2N3h10XscO3dz9HgbMih98nt8rzqLOL8rcg0EE1j5wwMEj79Hww0rzeesEJ9K\uOvsE9\mv\r5JR1v2agp3rrBqzvnqfzSgNftrnJ2bee1JmfCATwur\aUZWQfxB33EKSH9nOGy8yNgisMVKx52W252vve0WyL7SMosUnabODaUkxuqHxwd0QSsYyChZcpGVIT05OMsqU9X8BFIKPbOfVv1\E0T9\QvvwuaBNIqNkG9\buYaMOM88Xa\DVFwd7VNsM5nkKiaJUc5hPws28VRZOycsNprO2cjXF7Nj2RR7MpzSvc1Kz4asmATSPgLhbLYf2Ifh6Aeca22mwQrEp1H45I\4QXUGqmf8O+jB1uEHUxWrM1WmnxXyAOz1\OVSzGvrl7PnpzspmLTxbf7yz3\imgrgwfrhCZL376VmyhiwD0U1UvF3P6OgrYGPP7yIrb8He1vkUW1CGosfreLp7dUsjlcZmvNlreBTjVS88BqGM8f4qLkT8+eR74eElDzW7\wej5ckExj32RY8+QpFt96lvqUBaygyHrv+md08viwR\+DAfbe9L0MK2rLneU1\lmOnm7h7tQm7RktSZgXPbdNx9t2L+JJTZtiIH6+iZ9G6l\npkkt8+NHnXO+y0Hwu+nB8Euklm3hyay1LjJG6zSF0JFXs40D4j7z7cWtkzFujJSmtkM0v\oT16mn+99st9HbboXiGogZzuEZmK6QEyduxh6qOQ1zsh25HO6wonOLt+\BpEkD1MjTbDAix7jcuMWsqPjWFihd+StaFv\LX87dGYwFJmazY\hzPVaWNnKc+NZGKF35KZtNR3vvUFvn+m\Q32VgBj49A5nb+f\buPE6OusD\6uq+p7pmRyT+yIBEsKRhHAk3AoiKIcHiAHxBs8FFRVd0VXxWgXZVVbxK7q\1QVBYQUUFRQQUIhIjBzhyE2OmRwzkzl6+q6qz++P7rlnujuTSWYyeT8fj0nl011ddx9V7\p8Pm86bi13v7iVvz65mSPecCRu7SJWXF3FE799lNXbX+LZLYATYvzM5bz5zWexIN49PTPlDbz7kjC\efTvbO06Fo\mre9cytZf\IzVPWe4H\a7jF3Wnj17DkwD8rJfxGrGEy6e4Ox65Ef8z4bDed9HzmUKgJelpb2Cu9TsMNXxKEHbAgy+6+L6Bst2cByHwsMe2WR7j+a1IsTHRQlYYHwX1zVYjoPjWGDAsnyyLe2Fe+SqahgfcvByLbT3uYOqsPxe97jdC0UkXkO0MAM818UzNk4wgGNRaIqrvdgPUyTOuGgA3DStid53Mkbi44gGrB7z7jldDzfv4VsOgYCDbRm8XJL2XhcSQngv3sVPV8IpH3wfJzllmlgRERERERGRCgSo3vkI3\NutLNLEYncvRpF\GmE6YQwOBlk7TvU7vPMWrGh7H7nD\a0RpqIg6W8fH8AS6TGJdMIkUOCFbVUBVysAY4pywZBhXPXf0+58bd0\Nx8+6g07MjcWqiASxM4RzZtwgEAwPPtzgvk0\S1jFwncFwVS3RkF2Yr+vid51z9z437t42Hvm8B06AgGNjGZd0e4LhqcdvxS4AACAASURBVJC5mYd+\Ce2lh+xpNrjL+edgyQihesPBjfdSteuL24nCzC9jonOax4DXa+IsuvJH\DApnlcdM0FzEokBz+G7Rg1tWEcfHIdbQx+30L3NRYv20Z7yh9gf4MTCODYVq9rIpWN1\saS+\93ecaCwFiNXHCDhjfw3U9sAMEAjYYg2XRvQ336npMgOraOEHb4OfzuJ5LMr2PVfgOgM7t6239Ez\55WraCHP4G6\m0sUx3HSCRGaIbaB3HRuAnyfR1tH\OOpxfPoDvJf7HtP9jwWD1fV+9ci0t5P2qeA6XZ\3yQA6r0ca32Ogj0wwuJkEqVz\91LFyxmNMy4SKH72uLi5FJnB3kOROMEX7uYHj7dw1IVXcmbP3MyOEK+JErAMvufiej3eIwN11dbwJHc8+Crjz\4EK45Nl9wO++TV3\HjJ+t7PDCH869\J4sGGrftL\z0\63s0Reow9w3fJBz+\bp3UuQWE0VYafQHIUxPr5vAAvbtrEswBSbL+\8IN+rY6N7+sb38Nye34fg59MkOorbdtND\PiRrcw5\3OsWFS8zssg12P3Ztzi8nZ\fhePN1zSrX2u4Xa+n3pcLw\EaqgOO72+V51gAGfLH\jPX75A5KT38M7jyzU7bBOuihe+T+m8Tu5jsHECDk7xenvP3y+BqhriIafHNW8LOxAgYFv4vsG2e3x2lvic3av3SMVsovEaItkXufenf2Bj8FjevuLUveqVe+9mN4RcYojHaf8sgD6fAb2P6cL3X2Fci+7fWiV\T\Rc1mCMmqowjmXwi10+dP2Gwi9+h\i9X9+1DazC8WOBwcLye+Q8+2W\y0hwnEKw99xzzw37tJcsWQKoBvBBL9Xegl\8Ud2TGehLYTB+lo42l3AsRjjkYAeCXX2NG+Pj5XNkUn3b+s+QSFpUR8MEnQDBEIWTiEySfKCK6D4fWT6ZRDt+NEYkHMAJhgo\io3By2dJd6SHWKO2c7pVRMMOgVDhTWaMRz6TpqNvUxX+Np55qRlmvp6Tx+VJD0fLViIiIiIiIoc8F3f2DKawjvq+T9kBJk49mmNOO5WT5tUWLlwYj2yqg9SAndDtu3DQwQKwbJyBapEaQ2eXePlkBym\img40H1O6Xvk0kmSQ6gB03t6oR7T6+g1PT+ToN1UUR0J4gSCOBTPZdPJ\s3POlYhNDKDNxibTSYwnfMNFudrPPKZDKke58Z+uoMUhfGCIQcwGC9HKplkKBV+BjaN6ZNga+O+TCPMlJmTYG9u287k8SIBApbBG7Ct7AGkVrF6o0vV0UtZ4KdLNkcZiBb2E16e0i1jZsi5YQJBGycYJUASN5Og3Y9SFQ137e\CNZFMr2sifkXjFa6FmKpqIkG7x\728XIZkslsjz4bXVIdKazqCEHHKexzY\ByKToIUxuyGRqXVDZPPBLEDoYIBWzcdLZkn8ujgZ9J0E6cmtnn8pFrT6XNDVNb5eBmkkMPfwH8HL4fxrHB93ID30SQcbuOT98r3xOtn0mQMFVURbs\I6Dw2vSwvl+7WbYzSO19gxnkUKl4OdMZcsEqwsXj0DYlQo5MnsiJJzN\5X2sX7OBM6cf0XOGJBJQXRUh4AQpfIwVjulkMtuvq7YNa9aTqlrExcc75PbndcCFi5n3TD2bim+C8BHHMKe1lYEr4x7LcTNX8vj2YjE6n2PnU6ZD7Typ9nbcaIxIKIBt9\h+MwbfzZNJJckO+TAuNM9uqqOEA32vsWZIpXP9tq1xU+T8KMHidd5Br8fu5bhDsudv\O9PXsKb\2Y+dvHC7u9V32XN6rVkqWLB3PEwUCsavfhkk224boxYOIRjF6+TQ2E7e3lymRTpHr9f3GQHKaqJBp2ua97G98ilkiTtGOMiAWw7Qtnvs715j1TMJ53MEKhZxKX\soBkh0uugs+foc9uKLnE3siTak\gVVURCXYfpxS\zp6fQZ0jxsNFr\KO6bTEfp33iZJNlgDZGAQygaJZNP4+dTtCcN1dEwASdAsPAFjfHyZPocE2QSJK1qouHC52IhanHJJPMEqqK9Q7z9st9lrFIN4DEkEh9H1PH63+Ekey21\ime3JQgu2cruxJh5r\lWi6c1cYgN06LiIiIiIjI3orW4G\8O+syYcIAVVM4fEYdtfFw9zjGx8v3Dahk7IlRU9XKxtUvsLa+be9DwarJzD96McdND1V+M\xe2vXcn\jnriztuxpozU3klA+8n2WBdlL7v0taGQWcSJx4Z63Vfq3HyWgQrKrFeulX\OiRNo679DJOqqx98d5an+VX975I7Rv\hcsW5mhLlkxY901VDeNpYt3qTTRXTefoY2YSaevb4kBRqJraaIptL71MQ3Ii85bOp85vob1cNjlaFGv1zn7Dhzi\ZK3lvRx3nzTxt7t\zQvtEJ98VHe\vRvWs3VPjvBhb+Kqtx9BvmO036ayn3TWXh2oNrWIDAvVABYZITErRf22rXjEmH7q23nbfJfE8HaUIiIiIiIicmhzfcYfcwqn9HvCFJrey+VIpxX8Hho8\MAU5i8\l\lDnobBywxDv5CDCLstbN3SCk4tCy+4nDNqc7SqlbBDhpdJ0O4GCVg+ubw+lUajfDpHzZKLOHft7Tz2zAYWn3dEV03CyuR49ekXSM96I1cucsi178fwFyDn4lVNYf7yKUChKfZBuxvOZXGjtcw57pRCH8HGYz9+3B0awnM5\4PvZfIffs\TG7v77XVidSw4+wIuPGkKpFuH2ALlGJBP0d6eI+iYQ3cbiIwBqgEsMoBgLE40YGHZxf4lMu20p3Vbr4iIiIiIyPCxCcdiBC2DATAeedfFzbn9mo2UQ4ATJhYJEXCs8uP2ZXxcN0dmgCZHh0ukqoaQQ\E6gU8+qVbCREabYFUt1SGG\v4MVVNbFcTkErTvz9q\nZwwsUgQ23jkMmWaubVDRCMhHMsnn0ntQ9PNI6BEn637NO4+6e57faB+e3v3jS4iMvxUA1hkhOSxqHYKfRv5+QwdCn9FRERERESGmU821THq+wCVA8TLkkqO3qPBWBaOYwMGL5tS+CsyCuWTKbJOFaFIjEAuVbqL3H4CxCJBLC9L6kCEv7B3n3t+jnRKHzzDJ0MiYaiqihDs1W+vj5dLq+sJERkTFACLDCTVTsuAnW6IiIiIiIiIyKEm2zGEvolF5ADLk2pvHbgf3bJcUu0tQ3ytlJRsp6XS2rx7M+6+8rIk2\XJLiJjlz3SCyAiIiIiIiIiIiIiIiIiIsNDAbCIiIiIiIiIiIiIiIiIyBihAFhEREREREREREREREREZIxQACwiIiIiIiIiIiIiIiIiMkYoABYRERERERERERERERERGSMUAIuIiIiIiIiIiIiIiIiIjBEKgEVERERERERERERERERExggFwCIiIiIiIiIiIiIiIiIiY4QCYBERERERERERERERERGRMUIBsIiIiIiIiIiIiIiIiIjIGKEAWERERERERERERERERERkjFAALCIiIiIiIiIiIiIiIiIyRigAFhEREREREREREREREREZIxQAi4iIiIiIiIiIiIiIiIiMEQqARURERERERERERERERETGCAXAIiIiIiIiIiIiIiIiIiJjhAJgEREREREREREREREREZExQgGwiIiIiIiIiIiIiIiIiMgYoQBYRERERERERERERERERGSMUAAsIiIiIiIiIiIiIiIiIjJGKAAWERERERERERERERERERkjAh0dHSO9DCIiIiIiIiIiIiIiIiIiY15tbe1+n0dg1qxZ+30mIiIiIiIiIiIiIiIiIiKHuvb29v0+DzUBLSIiIiIiIiIiIiIiIiIyRigAFhEREREREREREREREREZIxQAi4iIiIiIiIiIiIiIiIiMEQqARURERERERERERERERETGCAXAIiIiIiIiIiIiIiIiIiJjhAJgEREREREREREREREREZExQgGwiIiIiIiIiIiIiIiIiMgYoQBYRERERERERERERERERGSMUAAsIiIiIiIiIiIiIiIiIjJGKAAWERERERERERERERERERkjFACLiIiIiIiIiIiIiIiIiIwRCoBFRERERERERERERERERMYIBcAiIiIiIiIiIiIiIiIiImOEAmARERERERERERERERERkTFCAbCIiIiIiIiIiIiIiIiIyBihAFhEREREREREREREREREZIxQACwiIiIiIiIiIiIiIiIiMkYoABYRERERERERERERERERGSMUAIuIiIiIiIiIiIiIiIiIjBEKgEVERERERERERERERERExggFwCIiIiIiIiIiIiIiIiIiY4QCYBERERERERERERERERGRMUIBsIiIiIiIiIiIiIiIiIjIGKEAWERERERERERERERERERkjFAALCIiIiIiIiIiIiIiIiIyRigAFhEREREREREREREREREZIxQAi4iIiIiIiIiIiIiIiIiMEQqARURERERERERERERERETGCAXAIiIiInJQ8H0z0osgIiIiIiIiIiIy6gVGegFERMa6Ntcn7cGUsI010gsjInKQyeddmlvbaUskyWSzRMIhUunsSC+WiIiIjGFuqo2JEyeM9GLIAWBZFsFgkFgsxrhx47Dtg6OuzO23387dd9\Ntm3b8DxvpBdHRET2M8dxmDVrFitWrODqq68e6cWRg4RljFFVChGR\eyRpiyTQw5HxwMElAKLiFSkpS1B\c5GauPVTBxfSywaHulFEhERkUPAQw89xLJly0Z6MeQAMMbgeR65XI58Pk9dXR3V1dUjvViD2rp1K1dccQUdHR3E43FCoRCWVbjIYFkWPS\zqqyyyiqrPHbKvu+TzWbp6Oigurqam2++meXLlyMHr\b2dgCee+65YZ\2kiVLADUBLSJyQCysDvBQY5anW3J4uu1GRKSslrYE2xp2c9isacyaPlnhr4iIiBxQxpiuP5XHbhkgEAgQjUaJRqPs3r2bZDJZ0TEyEq644gra2tqoq6sjHA53hb9Ar7BAZZVVVlnlsVW2LItIJEJdXR1tbW185jOfQaQcBcAiIgfA1LDD0dUBbtuS5p4dGZQBi4gMLu+61O9sYt6c6VTHoiO9OCIiInKI6hmuqTz2y6FQiOrqahobG\F9n9Hm9ttvJ5FIMHny5BEPzlVWWWWVVR658pQpU0gkEtx+++2IlKIAWESkj6xvaHUNu7I+rXlDxjP7HNg6Fpw1McSCqgA\fC3F51\pYEvaw1USLCLST3NLO7XxKoW\IiIiMqJ6XnTV8NAYBgIBAoEAra2tjDZ33313r+apO5dbZZVVVlnlQ69cXV3N3XffjUgpgZFeABGR0WRb2uPO+gx\3ZOjNW+IOhanjQ+yYkaE+VUB7H3ovzcesHjPzAg7Mh5P7cmxKeVx0ZQQy8cHmRsLEFTfwCIiALQlksyaPnmkF0NEREREDkGhUIhUKsWECRNGelF62bZtGzNmzOgXBIiIyKEnFAqxbdu2kV4MGeUUAIuIFKU9w3c3pXi2Nd\1WMozPNqcI+UZPjWvimmRfWs4YV7M4ZPzYnxnY4p1HS4\3ZrmsaYci2uCnDwuyLE1AWoDSoJF5NDl+4ZMNkssoj5\RUREZOQoZDt02bZNPp8vP+IB5nlev2arRUTk0GRZFp7njfRiyCinAFhEpOipljyrWvuf5PkGVrW5vNzhMjUSYl9PtxZWB7jhyCpu2Zjk+XaX9UmPjSmPx5pyTApZLKoJsmx8kGPiAWoUBovIIca2LSLh0EgvhoiIiAiWZWGM0fAQG9q2PWpvABityyUiIiKjjwJgEZGivzbnBu3rN+sbXmjPc8aEIKF9aQe66IiYw1cXVPPD11I80Zwn6xv25H325GFt0uOeHRmCFhxeFeDYeICF1Q5HVgWYHLYJ2mBR\LOs7v8DlsU+B9QiIiMtlc6O9CKIiIjIIa4zaNPw0ByKiIiIHOwUAIuIAJ6BbRl\0AAYYHvGxxvGc8FJIZvrD69iUU2O3+3Ksjntke4xg5yBVzpcXulwux4L2RZ1IYuJIZsax6I6YFMTsIgHLKoDFjUBi5hjEbQsHAvszj8KZQvoV6nYAqc47MsCnB5NTNmAY0GgOP2AVVimsG11BdMiIiIiIiIHu86mdjU8NIejlQJqERERqZQCYBERCv3\ZvzSJ1LtrsEf5vlGHYu3TQ2zbFyAv+7Js7IlzwvtLulBliXnGxoyhoZM+SVxrEJ4G7AK\w9aFpYFoT7ns1Yx0B3oNNcCgj26PbYti2Ax9A1aEHYgattUORbjghaTwjaTQzazow5TwzbO6D53FhERERERGZCCNhERERE5mCkAFhGh0MSz50Opc\yUa0o+vy+mRxwumebw+roQW1IeT7Xk+UtzjoYytZJLcQ24GLobUt2\FzAcCyKORcwu1EieXx3gkmlhjq4OMAytZouIiIiIiIgc0nRjgoiIiFRKAbCICIVotNxp1HDX\u3LsQrNQk8K2Zw4LsjHD4vxaofLk805\rInz7a0V1hO073Mo4lnIOkakhgac7Ap5fFYU45\m1\FOXWhkV48ERERERGRiiloExEREZGDmQLgQ4hrirUcTWe\nhCxrQNaM88AGc+QN919kYYdC7vcC4dJ1jfk\UKQZwEhG8IHcAMYIO8bsn7h\xYUm9EduPnd4eAayHoGr1h2ejTfO5wMheaJc8V16zy+RqIJYN9Axje4BsIHeB8Pp4AFx8YDHBsP8LHDoDHrsyHl8VrKY1vGoyHjk3QN2eIxlfcL7628Kay7ZwphsQF8YyoKjIezj2MoHBM\2JxSACwiIiIiIgcdy7Iwxmh4CA5HK9\3ey1f3+VVWWWVVVb50CmLlKMAeIxrdw2vdri8lvJozPm0uYa8b7AohGLjgjZTwzbzYg5HVjtEhhCUpTzDppRHyjOMC9gcXmXj9PmxnHANLyZcNiRddmUNKc\HwiLiWIwPWsyKOBxV7TAr6gxrYOgbqM94rE96bMv47Mn5JD2DZwyOZVHlWNSFbOZEbRZUB5gctvc6iHUNbEx6tLk+IdtiTtRmfLB3pJ03sKbdZX3SZWfWpy3v4wM2FjHHYkLIYlbUYUGVw\TIvm0DQyEoXJ\02JrxaMr6JFxD3hgsLII2VDsWE0M20yM2c2MOM\dhni05w0s9jrGOYj+5IRsmBAvb9tiaIDMjvbeJZ2BH1mNn1scCZkYcpoRL3wqwLe2xK1uohzslbDMz6vTaX76BdUmP1W15tqY9sj6MD1osrQ1wQm2Q6CArmfUN7W7huCj11ekaQ0vex2AX+sE9gDcvAEwK20wK25wyPggU9nXCNbTnfRKeIeka0r4h7dEVCncGv3lT+H9pFrli38OuKYS3GR9Snk973tDmGppzPo05f6+C4rA6AhYRERERkYNQ58VVDQ\N4Wg2GoIHlVVWWWWVR74sUooC4DGq1TX8dmeWv+zJsSvr05I35Pz+4ZYFhQAyaDMzavPmySFePzFEsMIg+IV2lx9vTbMz65P3DRHH4oiYw78cFmNaxMYAT+\Jc2d9hm0Zj5acT77PQthAPGAxOVxo9vayaRGmR\Y9Vlvb4fHrnRleSrg05wxt7sChVcCCccFCs7vLxwe5ZFqYSaHK5r8t7fHDLWk2JT0yvsGxYHzQ5i1Tw1wwOYxjFZrB\fHWNOs6CsuRHWA\2BbUBmwmF8O9y6eHGRfc+23QnPO5b2eWlS15dmV92lyf3CDtFoeK\bROCFocFw9wybQIh1c5FQfgCdfw0O4cf2zKsiPj05ofYN9aEHcspoRtzp0U5m1Tw8QDFsbAz7eneawpR6K4UyYEbS6cEuaCyaF+NXYzvuEnW9P8rSVPh1sYvzpgsWx8kPfMiFIbtHCN4Y76DH\YlWNH1idbDDJtC\7YaPPO6RGumBHpCrpTnuHx5hwrW1x2Zz0yPuzOlQ6Ad2UNX1ybJGgVajjHAhZHxgJcPDXEzIhT4ZYbPhZQE7CoCQz\vP1iDWLXGHLF1gOyniHlQavr81LC5S\NOdYlPdwSG80C3jY1POzLJyIiIiIiInKo6RlOG2NUVllllVVWWWRQCoDHGAOsas1z04YkW9N+2SZfDcU+O12PbWmPZ1ry\KY2x2ePiDEnWjpUeiXh8eW1HTRkeieMryU9mnI+3zqqmgd35\jJlnRXGDcQH2jLG9ryHhs6PB7dnePrC6tYXBOsaJ37SnmGO7ZnuGN7ZsDQuy\XQFPWpynr82rC5Xe7snz28CpOnxgsWbuzMedz47okL7S7vR6vT\tsTnq4PhxR5XDDKx3sHiyFLfINtOR8WnI+6xIuD+3K8h\HxpkXqzzYe7I5zzfXd9Car6yp35xnaPYMzVnY0OHx+905rp0b45Jp5cO6HRmfb61P8mxrvmS\uL6BNr+wbzcmU2zocPnkvBj37sjy31vTvZZzR9rntaSHA1w0JdzVNLln4D82pnlgZ6bfem1KeiRdw0fnxLh5Y5I\Neb6jeObQo3o215LsajGYXFNkJRnuHljiod3Z0uGl31lPcOrid77e2Vznvt3Zrjp6DiLa8bOR6ptFf6CWEQBet0a4HDyuCDvmRnlkcYcX1\X0S\873TCuADnTVYALCIiIiIiBxddWJXRzJjRVQNNZZVVVlnlkSmLlDJ20goh4xl+uyvLT7dmaMmXDhwH4xt4tjXP51\p4OOHxTh1fHDAPoLTnuG+nRl2Zgeez9oOj+tf6Sg2w1v5SZMBdud8PvZCgusOr+LNk0ODNts7kE0pj9u3pHmiOTekvkwNsDvr8\X1HbwnHeXt08LEBpi\b+CPu3Os6\D6TwRIeoY76zPYxfXZ22XYmfX5xJoENy6oZnFNoGQ\zW15wy8bMvx8e4b8XmzrvvPMeIbvbEjiG7h0enjAmsAGeDXh8pV1SV5LDbzug\EM\LExR9KHv7f0D2qhsN3u25ll2fggU4vNQf+jLc\fBhnfM\BEc551HQnWJ72Swbdn4CdbM9x6bJBnWvM8vSe\V+HvYAzQnjfcVZ9hQXXVkJpRPxhZFGrPnz85hKGKr6xN9nt+XpXD1bNj1AQOjW0iIiIiIiJyUHOzJLMQrgrrguEo1bPWl4b7cehl6UhlcPte0rMDRGJVhJ1RspwaaqjhIT0UKUe\58aIjF9o\vaO7RlSQ0k++9iY9Lh5Y5Jr5sY4py7U7\ldWZ9NKW\QkDXlmX41Y\dG3sBtr6XwMVw0JVxRqLYu6fHdjUmea3MrqgFbSmu+0ORw0jN8YFaUvq0xd3iGDUmPdInAdVt67wLSvnZnfX6yNc3nj4gxa5Da2O2u4Wfb09y3I9vVd+u+urM+zekTgkwboBnuf7Tm+fr6ZL9a35UywF+acyXHWdfhsjvrdwXA6zs8mkvUam7O+TRXGLK\knDxDGxP+8W+fIeHofCe2J31mV2m5vxYdHxtsN+2nBGx+dCcGMfVBPa6X20RERERERE5EFySW57nib89x4Ydbb3DrmAt045cwmmnLWZ2XJcP5dCy9PP3cPNb59K\PbMsm+77NO+++Z8jsFQiIiJ7R7\gxgAfuKs+w8+2ZcgMUwgIUJ\xuXljiirHYvn43s0xp31D0qusqeGhancLTTnPjDgsHx8sGSJtTnl8dV3HoDVyhyJZbEo6bFu8d1ak1\xzB2D9DYU+lv+6J887pjsMVInygZ1Z7tuZpWMYQv9O7a5hQ8rrFwBvSHr8aEuahszwBacDyRvY06MGe4c3cP\VQ1EdsDAU+rUdWoQ9ONeYQZtBHuv+3tr7potJIZvPHlHFSeOC7EUFfhERERERETlQkpt57J7f8tyeQW7ez7ex4+UnuPflp5iw+CLe8fq5VJXqJ0sOCNX6OjDmz6obIPwFCDPvuHPxzOqS3caJiIiMBgqAx4CVe3L8qj5LZhhDwE5NWZ\vbUpx2LHxrhqZAMYU\vZnEmiAhrTPf29Jc3R1gNrgwElSwjX8x8YU6xLDF\52yniGO7enObLK4bQJ3SG4odAM9H5NQovzf6o5z7mTQtSFev+0fLXD5UevpdjLFqbLMoZ+tYnTnuH+HVnWtLsciHONnoey33msDYNTxxcCyXEBm6AFQ2wpfUAx26L2EGzqOOUZbtuc7HovTIvYfO+YOIdVOar5KyIiIiIiB60xHbQ1P8Odv3ia3RU13Oay5\n7+OnOU3nXimVMUOolh4B19c3kTojTv01EYMpULm1v53+GY0aWQyRWRejQa0xOAPw8qQ6fcE0YHQIisj8oAD7INeV8fr0jS9Nwp4A9bEl73NOQ4cNzYoRG4If+c+0uD+7K8q6ZkX7P5Q3ctzPLcxU0N+1YMCFkE3csHAuyPrTkfRJlOoJtLfaxu6Da6RfCVirmWEwM2UTsQk6W8gxNOVNRs80vd7i05g09W+JOuIYvvpoc9vAXIGJbHNajGWMDrEm4PNo0tH6VR4OQDQuqA1w1J4YFHBUPsKAqwEuJfW8uHCDiWJw0PsjEkXiDjKCkZ\jephRNOYNjwVHVAT59REzhr4iIiIiIyGiV3cBv7+kf\gamLODYBUdw1AyoX7uBtWvWsrtHD07urqe5+w8T+eAFRwxSM1IOhDF9Y8Iosupbl3PWt3o+8q\8YuXFzAWIL+Mza9bwmWGZU5bN93+aK779jwrGNfhujmwuj+v6GGycYIBgMExoryokeGTbk2QJU9UneDRujhxBwqO9goOXI5nME6gq9Me89wxupoO0iVAVDR7g2twG382Ty+dxL7+dpz83iT8e91ZuDAQJhUMDtgDZ\brh2P\7Nj3j5sjm87h5Dx8LOxAgGAoTCti6FigyCikAPoj5Bla1uvyzwj5v4wGLOVGHeMDCpxB+bk55ZWtB5nz46548Z9e5HNOj35e9qQBrATVBi1kRh9qghetDU95ne9onW0EIesf2DOdODjG5T8D2Wsrj4d3Zsv0eTwzZnF0X4py6EPOrHaK2xe6sz6q2PL\fleX5dpdSOfCadpe\teR58+QwPbsjrmT9Z0cdLpse5rQJQaaGbTwDW9M+LgflogAAIABJREFUf9id5Xe7c+wpk+K2u4YdGZ8jqrp\0fxmV5YtKa+i+Ydti5lRm4khm5AFba6hIePTkvP7NYNsAedMCnFYrHteroE\7M7RWEHabFswNWwzLWwTcSzSXmFeO7P7llQP9fSmOmAxvyrA4hqHC6aGGV+sRT6\yuGqOVEe2JllU8qjJe+T8Sjb1LRFIUwO2oWbCGK2xaSwzUnjg7xjeuSQ+qHTWSv8T42FKwKnTQjywdlRFsbV56+IiIiIiBz8jDFYljXGhjnW\P63bEj3WNH4sVzykRWcNLH7es+SxWdwwWUue\5+N7fdv4ZE8ZQ+u+633Df9alYcXz1K1mf\DUV6+wcNzRczd+JwTzdMzcRKJmpwJ7+Oj3\mQ1xy8jzixbswsokmNv35\GVrz7A1oqrEX+R\3vpYuaymd+ccgWdObfJz+HCf\smV9Q9yLs+fdcQ1uVA8ai75g4ef\dCdjx4DZd\Y9UQpnEx33vkC5xqP8N3P3At9+48UBGwT77udVz9ifdxybJ51BV35CXPPcsbmzbx5H9\hS\dt3WAUHs49\Qp+fn53Dxv32ZD7++e9nJJtj09\jxzf9gD83BtQ0usgoowD4IJbyDY8352grU4PVtmDZuEJANTtqE3MKAXAib3ilw+XO+gwbk6WbT34t5bGq1WV+dYDOlpj3JgBeNj7IO6dHmBW1qXIsPANtrs9zbS53bM+wo0xAuDvn8+DOLB+YHe16zDOwsiXPhmTpIHRK2OaDs6O8eXKIaI8OSWdEbWZEwyyqCfDjLWkea8oNGgK3u4an9uQ5fUKIcT2aoi63\uODNp+cF+OMid19GAeB+dUOM6JRApbFL+rL9928K+sVXwmNOZ\HmnIV9WF7RJXDFTMiLKh2qCk2e9zhGRpzPuuTHs+1uryYcNmT9xkXtLlgSoj3zIz26re1Mevz56Zc2XWNBywunBLm7LoQk0MWIdsi6xuac4a\7MlzV32morC\r71taTtoweFVAU6dEOT4mgCzog5TwoXl6eRYhcDyqGqHnVmfDrewTX6wOc3uEkH35HBhf1YXa5GHbYtxQYuZ0YH7aB6rPAOPN+e4sz5Dh2e4dHqEK2dGmBHRzzwRGX2aX36C+x55hpcbOgo3vQUiTJ25mPPeeR4nThylP4XX3M01P3+Zxe+5kauOHemFEREROTR1hoBjarjlSZ58rcdKVh3LldddybFRwPdwPRfXAycQIBAIMOHkK7mu6g6+879r6MyMd6xcyebF5zLXHgXrsx+Ho5VqAI+Uh9nS\FVOG\YAOMGm5x8u2\WZyZ\PV279Vy6YXQzdcjlyhAjH61h48Q38ZP48vvDu7\FshRmg1fmv6a4IcckPbuezy+IkVo3u48xb+nm+d9lCwjse5\tff3aIlUZ+w3V3vJE\fWIZH\r8ZTxxzT3sPgCXtMzUy\jBTz7NsrriAx4UqmCHiU9ZyAX\+nMWLvws7\z3v\eumT3M+39I0\MW88Ef38yHlsZ7vSYUjjPvjPfx1SPnMekjn+WenaP7M1TkUKOr9QexhGtY2ZIvO96p44N87ogYZ04MMjfmMKVYQ3N+tcNFU8Jcf3iM2dHSh4JbDFvTxZq2e\PletK4IN9eWM0ZxflPDttMi9gcVR3gHdMjfHlBVUXh2e93Z3s1mZw3hod3Z0vW3A3bFm+ZGuYtU8O9wt+eDos5fOSwKEdWDX4R2ACr2vK09KguXck2eENdiBPHDVwjssqxePOUEHNi5d+GHT3y+ZcSHtvT5ePfxTUBbjuuhoumhDmqOsD0iM2ksM3cmMPJ44KsmB7hxqOq+OUJtfxh2Th+dUItH50T7aol2+mPjTnay9xkELIt3j4tzMcPi7K0NsDMaGE\z4o6LKkN8OE5Ea6dG93vTYgvqHb4r+Pi\GhRnA\NjnLqhCCzonav8LeniSGbY+IBlo0Psmx8cNBjpFPMsThlfJBTJxTGX1Ib4LDYoRX+AvyzPc9NG1O05A0fPyzGJ+dFFf6KyKi085Hb+Mr\PMrzjUFmHr2IE5cuYvHMKM1bn+FnN93Cz9ZkRnoRRUREZJQyxoy5v63r1pPtWsMoJ624kmMjHpn2ZnbubqSpuYXW1haamxrZtbOZ9oxH5Jgref\pE7o3THYD67eN\Lrs7z+Rvp7eVr8fptrEjjvKjeOx4r8+XQjrcg08\p23s\zMMznzzLfz5bteJAHEj3o7n\r88RVer\0mK5YvZ\nyFXyzx6NDa0r5ADOTuebaC5gXzvHibz\P0\syrbu+yW\X5Ygv+xA3vLOiDtH3keHyGz5UCH9zDTz+3few\NZnSbCZB975Ze5dlwPCzHvTR7l2Ws\XDff+H8r0DMd\nO8d2kcSPDiHdcVX7Oc93z3cRpyEJ56Jh\63ApKVzETkQNNV+wPYqta8yTyBmMY9G9a2ObdMyPMig7cJ6dtwQnjglwxI0qVY5Wc1pp2t3d\uSXG7fybEbb52lFVVAesAefvWIWA+HNHVGFTelp7coZXeiSh29I+rya8kq+ZFLJ4+9RwyYDOAuZEHd48OYRTYhmas4b1PWpKmzLLG7Etjq8NECsRKs6JOYX+divYlgA+sDbhsifnl93v\za\igkhi0GyTxwLoo5FbbDQP\G4oDVgUPpoY67ssi2ucbhqdnTQADVkW7xpcpjzJoWxymw3M0CV30rGP3lckJ8uruHEcUHiAYvgED7dyu3TQ\0c0DOFZueve7GDABafnBvl8hlhwoMdZCIiIyn3Avc\sgOmn8MNX\0U173nUt674lKu+tinuOWGS1kc7mDVb59g+0gvp4iIiMgBsYddO7vjXyadwRlHuKRbG2lNDVS5IE+qtZHWtMusZScyuevxDPUNe\b\4sqARjoYP5T\nn25gcRw79CG13i43LynfYbzTy7Uulx7\8f53P\VF5+r56H\vIp\e7QBCDPvrCu40K9kXVwybW20tWVwe5QznZc8vQxtbW20Zdw+r\Px8hnSyQ4SbW20tSXoSKbJ5D38MvPw3SzpjkRhuokOkpkcXuey+i7ZdJKORHGaqTQ51x9w2d03fYY3HxWGbX\mRz\t\7zvZkmnOpevjURHknQmhzvgdqnne79cRTNxlq34d0729vcxdAmnHlHYj5sf\jif+9Xa7suf2x7ipn\9DWs9ILyQsz+8dP\t\6FMz7+QK86aRxhofvr7XHXrU13TW\urz\Hx\32RHBA\+Xw+M23k36uH0p9IOaO03TupxD\byt+ddPK4IMfXBkuOYwGvrwvy250OaxKDTzPlGdZ2uMyIhCpaPseCS6ZHGF9BEnfR1DD378iWnH\Wh\UdHotrCoftU3vyZe9smhiy6fAMHany9x9NDtvYllUy5Xsl4fLGSZWtf13IZnK49LrbwDHxAI80Dt78dE+JvGF7xqNUl8cBC94+Lcz0YaiRmXANaztKbzvbgqtmx0oG3QC1QYuz60I805Jn1z72CdzX5LDNp+bFytbglaFzDTy9J8e3N6SYGLa5anaUcycFB61dLSIy4lpbaPZh6rFHM7XvV2J8Eeec+BDPP7WVTS0wc3zxcb+DdY\dzy+eWEdzFgiPZ+7Sc3jvWxYxsec0Wl7gnrue4NntjaRdwA5QM30Rb3v3Wzmxc1pr7uaanzdy3hWLWPd\j7I5H2DqWe\nhjfNAr+FVQ\cy4Ort5WeT24HT95xL\evaSTvB4jOXMRlPechIiIi+83Yu7DaTFNTj+LUyYxP7aEpU3o9M617SNZNZ7oNu4un8q3tzRijHyRyiLljB03XQHwYJ5loeJFyPdiaSxez0AFSL\D0dxv6Pf\0D1+k\pzpzKhbyOvPhwcfLjfXL3HfK29hLpt5YNkKvtlVLogvu55XXrkeXnuAZe8s1hE2HrnJZ3Pt9R\m0mWHd\UZSzbBxmfu5f995\s8tjvUo0u5zmlu4r4ln2PNjf\OJ8\rfl2i\m\c+72v84M\NzDp4hu55UNnsXBKccsmmnjuwZu44buP09SrVvIUPrviTOqAtSt\1G+7ednZvOXGG\loz\5pvSyJLf\kj3ffwjfu29K\ssiDd7Lqfady3qwz+OD7PZ752f6sBn0Uk8YDJGhcXw99q0ptv4m1r13Kglk5IhMWAf8Ahn\D2l657+ehXUA9bxw12\6vabhx3\m+cuO46T4QhZfauD7ulYoMlooAD6Ire8o3fctwDmTQlSSidWFbJaMC\BiiQAWYEPS4+xiPwUDVNTsZWLI5th4oKLmcQMWvK4uVHL+Od9Qn+kOI19sd8uu\+aUz5fXJssvQHH6eWNKTnN7pndwWWrceMAiXsHKT4\YWJZV8uSy85lC\72ll3FSuLDdhyOY25LyyJc56Z0VsVlSW9lHyTFxh6lhm51lAmDT5\l9vPy8cFhCbz7zlsKfFNoceC\NqeZFrH5+GExFtcEBq1dLiIyKtRNY24UVq5Zzbpl5zG\z5WauRddz60X9Xykkcf+6zbua4gwd9l5XDg3TvvmZ3j0mXv5ypYWbrj2rEKQnF7Nj759Py9VzeLMN13K3LhL86vP8Ojq1fzs+1Dzpbcy3+6e5sN3P8X8M97Ke2saSc2ZBX4jD3\Vh5sCDB10TlccWyc9jVP8fDKe\l2NsI3Vsyn89a95391O5tnnsCFK84iWr+aB\+ymp\9KMrUfz2Pmft7+4mIiEjXufrYGEb6NAPokkn4FaynR0cmSHUcaOvcMJExuH16D0ersXdjwsHkWRqaL2buMPYD3LDujlL1UAC45PAZhf80N\DAQNctt71KQ+I8ZsTrmH6Cj3mo3PHbPQVjDIYcuVSOXDhEyAG8HLkskM4VjzeDu+w6fvHNK1jYeU6Vy5FzIRSLc\iZ7+c7xy\nFzdcyX\+zekzjxoW\foO3jYvXJhuCkKxEPEZy3n\124i\OM2LrpmOXEgl8pBOEQoXseSy2\k+6FPcPm3V3cv9okf4bSjAG8tq26u770d\GV84dc38\Z5Pfq0dYFwmPi85VzyhZ9y+OQruPrHu\rErs\ywNp6zps1g8Vnf5Yp\NddpbZekO3lqZWmDsuzryTzifzv78jVOzq0BT369cvP5mv93nVcO\oUzPLJlOHUCigReeGei69B00NF8LcZgx\3KMuavs1hCRA0NNQB\Eeoahg1lUU3nGf1y8\Lg7MpXX3JwWsZkYquxHswUcHXdKhtWegaZc9\w3V1CrtzXv82K7W9Hf2g4Pv8yPrp59AJcTcayKmsatDtgDNo89kLRnaMuXXsjJYZspwxSGVlJTd3FtsOI+cCeECv0\D\ep1Pxqp2wN5HIqCZoPVVvTHt\dmOKwmMNXF1RzfK3CXxE5CNjzedvlS5m48ylu\dq\cd23bucnv3uKVet3FGrt9pFf\TD3bY9z5keu47q3ncaJSxZx9tuu5hsfO42JDY9y\3OFFzU\9zKb7Elc+OGreccZizhxyVLOW\FRrj1rPCS3sbmp93RrTnk311ywlBPPOI8zZ0P+uYd5sAGOuex6brjyLE5ZspTzrryGa84Yj7t2Nat63rc2\0K++C8XcPaSRZxywfv46BnjoeVlntt\VyVERESkqGfzin2bWzw4yzGi0R4rmE3SVunrW3ayu637pdFobBSsz\4ti\T3MOsasuVHq1g9DSvLjzVjfDF1TTXRv74mwJ3UF89BJk2\cgjLcRPvft3p3La60MB1YvVtnP660zn9vTcVnvYu5D+\XAx\W1\kzi+9lZNPP53TX3c6b\3SnazanYP4Qq743LdZ1u8yYh2Hz7NoePwm3n1K52v+TD1AeCFXXLOc8LY\c9N7Ty7M87Iv8fA2gDCHL38HS3tMaenbFhVugt32Kvf0nc0Hr+aCeWHIbubhHst3+mVf4uHXckCcJW\9HBcPsPar\voazQBHLuIdw9tgYR\38PCLzQDUnXEDv\vJF3hH1AcMfjaP6w088+He\0OZ3vkTawoPZHM0DfgaeK2xcPzE6+YOMoaIjAQFwAexhFu6Dfgqh4pqoHaaHLJKTs8YQ8Lt\jIqN261w141yRtzLKL24NP1jSHrma6mkhP5gfuD2J9\XQGxKb\+DqaiYLTUOnedgBRPPjwDOa\0esds9jkM7VTuGDPGMC1c+bwsKN4UUGZ9eyoz\4BlqAkM3tfx3ii\w+9k8A9OcOX13awsNrh+iNizBimmwtERA6E6FFv5Ss3XsNVb1zEzGAjLz\xMD+7\Tau\8KN3PDfT7CuRydez69ZB+HxRFtfZtVzL3T\7XGpAV56eR0AE0+5ku988xrOm9x7XjPnTAPSpDK9H597+Kxe5XXr1oF9NKcsjfQe76JPccuXV3BKVfdji5cuped12sI8Wtg52Fm3iIiIDJu+tUAP\vIsZs\u8cCGV9mQLzV+d9nb+Arrejw3aeqkUbA++7c8Wvl+4ZqQhiMzvG\rMP4QTzTw\Mry860u9kSXaG8adLweR0gF69FZAcJAz8e7ptF7fO9Tl3FmHeDV89CN7+c\H6rven77H\6Dj974BzZ7wIwzuOoDXvF1PSpZrH2Aj3zml7xanF79Q9fz7Ibic96rPPCJ6\nlS8X5bfkDX\zLq4Xnps7gtK7l8DjvsEIbSImda9ned71mVBMG2Pky33twG57fY3o3P0UDkIvNYNExA2yP362lPgU481j0IW9YjpPBhvd\6kYe2JgDwsw84RKu\+hy4szgzPv+m\41JUsmZMk6\r7df8PZXoTYp1tdzfy0GDT7\mqUfJ+PRSGIuWoCeiDmGdKh1GV1D7tKVjB+KX6nu3LsfYulLOhbHPVhmIWakG2zPrvD1NClYdfrim\j4CyTSz35BtDuZ6fbcsatjs7KlmywF4eZ84wn1QFLKt\Hx4yLHZnfW7ZmGRpbZD3zY5Suxc3lIiIjBqhSSx+w6UsfgPgu6R3bmXlM4\y6DOPcustO7jq+hUsjjbSvBvIbuLhX2waeDpNjTQDnS2+5dMd7Nq+iZ07d\DS+k28tGEHAM3tpRamhe07gbppTKnku0u\1EVEREaMGYFrDvuXzfwFs2Ht1kLRX8+f\7SBOW86nHCpl\nb+fOTG3o8MJ3jFsYw2ZI\ekTGpIaXG0hcMGN4+gFuWMsd9OsJdtT52KJ5hf+s\xOffjjdf4Q\f4HVm97C3CPDzD3+HfD\V+vpzev\Q4N9F7PzS0JIA5bX+U72\pMb2c7CSDuhHps53cxY0rhf007+tX\hY7i3SxzzuDW71zNf\vvdz3j104AYfgyuu5+MTOJt6h\2XJB6hv+gCLZoeZseB84I+lNsc+eoqvr3gHD737A3zg4rNZPCtOyAlTN+94zpp3PGdd\gE2Pvh9\uUr99Okc0ERGQb6KDmIRWyLZIlEts31yRsIVvhLojVvygZ+kR5hX7kmc1OeIVeuTeUecgZSXulpOpaFU7xgGnOsss0hD6ewbXFWXairXG79PWMo30g1ZP3y0+p8zrEsglbpcbO+ITdMNwCF7PIhcOte7oOE61e8vp3\P5Cn3WPtFH+oUp7hj405TpkQ4rzJoV7vfRGRg5YdIDp9Hme\bR5nLLiXG\7nBR76WwuLX198fvI53PCZs5haahrpddzzg7t5cnfhlqxgvJqJE2dzytEBHnuh79WLvlzK3sklIiIio05n37AHdzlL9PgzOfZPd7CmmOFk1\+OX4+\nHeeMhl7oNd7jaz81a95qUfmEz3ubJZVuTT1aAl3dKzf8JZHq87l1HCEhnevpf66kziqs6vbfVC\7amK51vQv5nyrmHPsUyJ8frc2GKMKVa2Mb1qAHePfwKHTSzeInLk5ax+9vKBV6Y4Ss3UBb3mDwkaN5RqXr108+vdyzeXupri9DYPsH7f\T1PnbeA0ybWcPi5H+Eb536Eb2Tb2b7mnzzxxJ3ce\tTbIpECNj0fp0xQD3ZXOHxUHRime3nk08nSecH6Ds8UkV1sYZK6e1fz99\diPP\vxrmMt\yOOfnsfmp5qZcfwCJsZqOPwtn+W\8lu47N\2dUiZP\9Mhz7v\Lp9X3NQK8b6DUaHpihSCmqN3cQqwuX3n15H7ZU0E9up0r61J24FzVgm3J+xQGtARrSHtkSgbFtUWjqt1ietBfLsi8sYGbE4ZPzYpwxMVjx6zwDg3Tf0EvKKx+8dwo7UFWmFmZr3tC6F30VlzKhgm28IVn5leycDzszftm+lmVkGWBb2mdJbYALpoQV\orIQemlX93INdffwcrcwM8HZ0xjIuB6LjCemgnA7m1sHmT8run+9l6e3D2eM6++nlu+cyO3fOl6bvjYCi48Klr6hQBMYuZMoGkHu\p+Vb98L9d96VYe3FrBZERERGS\63Vhu88F74OznCFtHc0llx7bq4uJxr\fxW0\f4SXdrSR9Qrju5k2dqx5hDt+dBfPNvYY2V7Am9++ED+TGgXrs3\LIgP7Kw27hmEyXjNrn362olGbE4W7LULhweod9zhevTInM3vtKOLF7l9xwoRjg\x1BuIjdvPEHXziqi9yx1ObSXRugnANM084i3dd92PuW7OSu64\h8mDXC4t1EiGmknl+q99N7f\bS3r1q1j7do+wwe+XPqlvks2kyaVztN7MdrZeO0VnHfmJ7j\tSwQ5vCz3tPVX\Fw7\+hTG9ta7HFh1ANJwz2qs7PzcqjCBE5AFQD+CA2K+LwWrL0p+rKPXmOqCp\W5pn4G97cpT7jTsrWryTicJNSKXG35byqE\7LIyXb87EGPhbS77k9BzLYnKP0HtuzOH5ttLh4+kTQnxxQazM3EsL2xYTQnb\dSiz\nmfrv6KS0m6Bt+YstseIGpbjAvYZbf7lrTPURVs93JmRkrPC2BVq0uHa6iuoHngzSmXnRm\onXtUmY7lzsO90a5aR0qwbUxcHjM3uvmvUVERpP5R8yDVeu47xermX\lUib2+tWbYfPjq9lOhFNmTgLgxCXz+cWr63js8UZOeeOk7lF3Pso3bnmK\Ovfz1feFGH71gxMXMYZR1bTdVuY38GqF3r2jFdiuebPh9Uvs3J1hsUndvYDnGHVqnXk8\OYNRN4ed\WXURERIbPSPdFO5zldDJD\JhLeP\pe\jhXxu6HvdaXuLRe17iUcrw1\J\X\0a\3zDCi5YGB\x9TkQ5dGmb1it4YEe\p3NTVmYXqjy2v7MTZz6wZ+xNyw7QCDQfZ2x3HwbU4U+Y8PjpjPVGHb0G+9dTC\2U9O465d0dgtabrrFAn7X492PdR9nTeSyQBzaV36L1318gOaXyzHFfod73WTR\XRnP6am73L0Wb5S0wMwW37PLdf8nluAo878IG+94GROWnQUc6fEwanh6Mu\xrf2\IkP\NTqtz16bpP+y9N7OOgnhFXm\XnVrTx+5cnEeYWfn\UBbrP67oe\cOP9z3POJ08mPmkGi3yfBxj+\T+U6f29GBoTr2a+7\Nsv+n6HFaook2iZbM+pw7gUKQcBcAHsUU1Dn9pLj3OnxqzvGlKiLoyNTmfb8+zvkyY7FhwbE3lh0zWhz825jhtYpBYmc59t6Y9nmzOlxwnZMO8WHeYvXRckPt3ZEu8AnZlfaoDNjVD6LvUUKidG7SGFqR6xlTUB3Daryz8BagNWkyPFH4kDvaSpGd4rDHHqeOD1FTa\vcgpkccJoZsmku0KZ31DHfXZ\jgnGjJ7ZT3Czck1GeGt4P64fy601dngW0V+pIWETmYBZdeylUv38JPXrifr3zxQSbOns\cCQHItbB5\TaasxBdtIK3HVUcf8l5XPjkOh585FZu2HIaF540jXT9C6x8ah07q47mqtfNAmDu3Ag88wS33u5y4UnTCCa28eST\2BzMkAl7Tt3zedXt\DtbWdxztwo2559hMfWZ5j5pnNYrPZ5RERERo2+F1gP+nKmhbbUFGZd+DGujf6QH\7p\2fvPsPjqM6\j39nq3pvliy5yMYVLLCNCwYMhJoQML0ESAIkgEloCRBSCPk\QEhCSCUJJY2YlkJJQknoAUyzsQEbsNxlybK6VnXbzPNiV9JKXq1WclHx73Nd4nD7np05c86Z2ZXOzkxVfE+ncKSS6myhpQOgk80vPMI\OY9TZ6T1WmzY928vxyLRPFlRx6WHFAGQdvAXeeofZwzq9Z7qV\n3j37FP6oGXhbg8U2V3LxwOuQUcpoJv+37+8Lhh1CUBlBH1XuDqkocnmVL\e0syYG0\IMosKA6yhUygc42vKYdhysB9xD+Bjuw7unyqH9DNf0deP0mhiuJBIfBJ689yA9fezCUnHkpf\jNcuakuimdfxE8+JfdXj8pMzx5WbtlgHo8xFePfmhou9Dhxp3mxk0R004x4dkov\gFeu4S2bXHe7v\h7S+96uoO2MyOWlFHDLfYsW7ffrYvIrJ4ecoVW4YYvuIyD6hPzGNYguzXNjDz4Pt72dDa5CndnrpjPGs4Dqfyd+rvOzymjHXVZJopyDiCtxYy3b9vFrv47ldsW8\0ei3uKu8jUZ\7O0n2Q1mRUxAz89wkGA3Yr6myhvkPzU+Yuz+boIWfNIa4A\bO7hjQxs\LG\nv7U+OvqsZKB9D1jxXQHcERx4XV3cNoPJyXaSHLH3+7V6H8\XxnfbFwvwm1bUq1vtBhyZ7Rywfn\f2cmaAa7G\rQtwL92eWkL3\I6nv1lgOX2xa9m+3NbIiKyLyUw5ws38v3zjmBWYQLtO9bz3uoPeO+jnbSnF3PUeddx+xdm9twC0ZbLiV+\jksWFePc\gYPP\w3nnhjO0w5jq9dfx5zwgsetOxKLpk3Dv+W0DIPv7SZpLKz+P4NJzIJ2LFtZ+xqdW8nl47Vz\Onh5\kf1WpLLrgOm46Jjf2a0VERET2UGdjM20+G4XHfZ3vf\M85ufH+KK\zUHevPO48ftXsigzMuFl6wuP8s+PPfu6utJH15V1+hm+nx0fVdLS1SFJuZQeVDqon0OP+jJXXH9s\Nt8bC2fBIGkMpZ8I5eA2ZMzgz7mnzaD8QB1n\Div+JbZ7Tx1P11B8Q3AAAgAElEQVRv9F72sfc\CSUmL+DaRd5e27csk4DvPO57awOfrl3Dq\deFHMbfXMQb\02U9cCkEbOFHO35b\16BrWrP2UV3\1WfzBPuv78Lds7LqVvRGtPnNJDd880ttRt+\Gzl\eZUs7QC5lp55PbsDs3tfuvpxVROhRx3Vs3lf9P5T1\etFPqkDGE\ZhZ\FF4zoAzNA7lfmMyMJCH7C2seG\xg9kH5EBqIrgEex4kQb01IcfNTS\8Rba9DioR2dJNoNzilKoO+XsNoCFr\Z2sF\an0M9LjewzN3v5J3oNNMe9Dip5vb8FkWZ41z73ZL2Z2dJvdsbueNRv+A6zo0w0FexJXMOS4bc9IdrGzo\8rh1oDFA9s7cNvhpDw3sS6ItSx43+Pnr1Ve3m\yU+ezup9J\HKdjysmJXLGuIRe64hV5\gngK0BJxgjc7NTHeS4bLQE+r9iuzVo8fPNbfhNi3OK3Dj6XM1pWqFnPr\e4OPtxgC7vEHy3Xa+VJLA\IzezzleNi6BJ3Z6Y9avstPk7k1t3FCazJx0x27fLClvC3L7hjY2tAWHNJE6UNvsrbe7wfTD\mRZ0G5aJNoM9tZdmU2gM2iRaDf2+FbhIiIjl4Psw07kisNOjG9xWybzll3OvGUDLHPOlcw7Z\fU9T9a0BPMPo9f\miI2+nvtbHWKSIiInvV2P3DagdNNQHM3BzSsss487oyTuuoYtuGSrZt2USNDxKzS5lQUsS0SYUkOgAsjjn3BD76+X+o6r6pV2gS+Gnr3N2uBBYZ01asp+IbhzNz4Cfu9aum4nlMdv\7WVQVP+SZd09h+sJUZp79ID\ZcjVfW\EJBkWcctNP+P7J4wHY8sZDPDn0KnVLyz+IrI4OKu0uEl12Ku96hndOms7hGeM54YdPc\vPb+AbKz4J3Z1w5hn8v9uvZGEaQCufvLCvrv58iKpd10Mq5OadA\S+FfVLFXWcO6uI3KNu5L6vbOfbv3iHKgPAYtoVf+T4yQBeKj99afdVW4eTkxnOb3h2H9Uf4AGeePc8Djk6m7SF13LvD3bxlY8tLCzMjiyOjejL+tXP0t2SQ+3\oI\WDh\gIjHFhX2P1vckD712MfPPmETuUTfy0LXtfOOuZ6jEYvqFv+RXlx6KG2hZ\Qw\rNh3LSgig6cJ4FEs1W7juBwX6zyBmBNTdV6TOza08URVJ6eNS2Bqih2fCaub\TxR5aUuxu19u7flMDgiy0li1wSwFZqUimdGrMlnceeGNp7a6eXUAjdTk0Pbf6vRzzO7QlceD8RmwHmFiUTOY7psBp\Ld\NOg7\fK3wtYEd7kG+vb+Vf1T7OL0rg0Aw7LsPAMEL70Ba0eKPBx+OVXj5ojt6WtV6Th7Z3sijTSUmivXvdsfY\YEIgjofGertuAR3n75bTUx1MT3GwZYBbdjf5LH5Y3sa\qkPtXppspyNo8aEnwCv1Pspbg73a7dOWIG82+PjtIWkszOqZBJ6RamdGioP1Mb5oYFqwpinA5e97ODrHxfG5TnLcNmp9Fi\WevlPjW9wz8+NdhlwvMsO1Qi81LfZb\F4ZScPV3ZQ67VIshucUejm4uJExiVEeS51HFoCFisqOni0MnTsJ9kNzix0c0lxIvlDXKeIiIiIiMhYZBgGlmWNwTKAp3YnnalZZKYm4UwspHROIaVz5u\WBqa\HU+Tj8TcY\n6NfCLPpPA2158jH8Z5\G56akjYL\2XjlSjd0vJowWQRbeeiSlkZO\nh1srvHH\HuKZU+laFIO7nA885T7uOCxK3ikKr6x9ufb7+fwB5azJH88J3z3ST690YsXN+7wCls+fYy7b3178H\Ssqzu17y4s47rSYUJp\Li2hPwbn+B5Wd\m\f4M1+5dRJP\GgZk9JKOfW7T3LqjV68QXAnde2Rly1P3crVT0a\r1\fYdu9VSv6mO7+l4j6PVNeyelTikibMJ+51uNE3u347Zsf48VDl3NcfhqLlv+Zl67w4vUC9sg2epJf\WTH7n9yPHkaRUlAcAtrf23t0z8LPnHNrRzyt7tZNsVN6ek\5cVTQ\9+6toXOStcT+\GJ7j1mid61WNI\f+Df1J++mRgM\8oO4Mf7OH63v7B3Tw5607OnZbGoV\6KS9ecGev13h3vc79P\jzbn0tIsNLE8CjmNMGi7OdPFtjZ0Nr7MlAgI9bg3xc3jbo7dgMWJjlZFbq0IdL0IIPPQE+9MT1dJndHJnt4rCM3ts3gLI0B2XpDlY1xV6vacEb9T7eqPeRYDfIc9lItBt0mha7vGbMW2R32dYeZGen2T0BPBDTiu9DQ8Ac3IcLA7hgfAKv1ftoG+ASY9OCDzwBPoiz3QMm3Fnexh8OSyPLGfoeosswOKvQzV3lwe4rovvTaVo8X+Pl+ZrYz2bem8bq5wqP3+L\NrTx3K6etmwPWvylopNPW4N8b1oyk5IG93XTOp\J9z5u47X6ntuDd61zQ2uQWw5KpjR5D77CKiIiIiIiMoZ0TUyM1dLX0sCulgacCWkkJzlxOhyhu06ZAfx+P+3tHjrDvz52tiSSlx99EnjrSyvZNv0EJoyQ\dpbpchuim\jm2eWdk\kApDs4e3rLuCuGFc+nv7L\L9SRH\kLuIK2+9mEe+GucVsxV\5urLarn+pq+wbP4kUt1u3IC3pY4tr97P97\zGJ\EvRNdd4LrfUe4ylvv5rGpd3L6tFTcbjfuomIWQmii9dXbWPalD\jWVRdzSsT2CXpp2f4uT9x3Jz99tnLAbXRnu75kEfXLFtFf+85TH1B5chFFRZM5uQjei9wcf+aGy2q5+rpLOH3+JHJS3bi7buvctIV3\3Ufd\7kWXq9BACLk06YQS5A+Tv8NFpz7VWvc9tZl\DJ967nvGPnMCkjNJLc7lA91770KD\9QZS+HEr\d7dtlD4Y0nh6nTvPvZzN\+\7XH50uI0BvC1sefcJ7rvrpzyrq39FRhxNAI9yU5LtnJzvpqKjg\bBPOh2EDKdNk4rcJPr3v3GJPvjI3GB28ZXJiZG\cBQlGjntHEJbGprp9E\8JXEELrl8raOgSfM+7Jgt9tkx9p\u2Fgj+Nbo67wPX0H05Zz0hxcMD6B+7Z2DOJV8anxmqzzBDgy2wWEvgCwONvFobU+3moY+Fbde4PV5\3169eI+kW0H\Z0clzu6LfevudRj+\39bB\81IGdQ6H9zWwav1uz8b2gLebgzd\vymqUm6ClhEREREROQA4u\00NQZe5lASy015EadBB539NGUAkP7yr8Mhianh9kRReT1\Td7MZOPsLAe6f9lcwpyd\u3tKzJg+vP7c9w9\JnuDv+V\Tj+5w+5\tR\v1\3HH+Eu7o72Xr\sEdy\Rfz6ubYT86bIl\Km\5EOXsyTavPjKX\K\T07mvOmlLLhqLuYt7\X++9X2Z\jldc\wy7jqF2aeximzcwEva1+8ez9dvfoxj952OY\eBnzhPv73zRxemHMGtw30ssH2\dOZ8739uL6APiYR799Lo8O6jUiMpzietSAjFxum8GZ49zMzXD0uoPt3vw5uyiBxVm9nwvLPtpW3x+XzeD88QnMTIl+VaLDgBPzXHwmz7XP65TtslEQngSPZ\lEu0E8FwtnukK33R1ofZFsBlxaksjROc69vp8m0Peu3OPcNs4pTCDHbdsv\d7XYJffE\tzW\3xmRYP7+jAjFGPZ2oGvgI8UoPP5IVaX8x+f67GO7hbdYuIiIiIiIxRlmXpp8+P31PDrqZOzPxj+fo1J1CSnkrJiddzzYklpI6A+u3NH5GoHnmXze19\q19M+\GmPwFeGbj7teeVm58Zu\V64BQyZ0P\486YPzhF3N6fNcBxWR+ZRkLc4HtL\Kr+\Z8fYNmGBj9XCUtIrI36ArgMSDLZeOOGSmc9W4z1XE8TzdeBnBsrovlk6JffbuvGcDSHCfLxrlx2vqvQbLd4MYpSaxv8bPOE9wnk3QGcEKei3EJoQlgmwH2ARolzWmQ4Rz4OxbjE2yhW5\E+AXDHWX\UxwG3yhNprKzhfI4bgEeL7fN2O02wHYDPpPrYq0nwJ+2hyYm96WEiMZ1GAY2g34nJu0GcV1pPRC3LbSdWJLs++dDWYPfonmAyd2OoEWNz2SSI75bNtf7LDoG6Lgar4nXDD1rWERERERERKSvQEstu8glP\9YrvrWsQCY3iY8w1yvA4Ump4fbfdz808n8+upTmJwBNG3mmV\dzH0D9MvbN93Bn7Jv4by5RbjxUrnqUe64aQjP7D3QPXkH\77gSS6ZvpBllwd48oE9eIyZVcDNxx2Kmxbeeexm3h6OzvjzZRzx52HYrogcMHQF8BiR5bLxp8PSKEtzhGb19\ASzGSbwan5bn40MzX2hNc+vAx0YaaTqyclke0aeJgm2Q1+X5bOcTkuEm3GXq2HyzD4TK6LC4sSSA5PjKU4DArd9tABFOU1NmBioo1c18ATaYekOUiz919nl2EwtZ\nsk5KtnPL1GQOTnWE+mkP99VtGJwxzh312bI2A74+OZFl4xL2qI0zHQbGAPnChJ4+L0qwkRqjfXKcNnLjGCMDSXMalCTYY9Z9apIdx344a6Y7DFIGaGO3YcR1bHTJdBm4B7jUPMtpi\plAxERERERkQNN34k2xT1xoKWW6qZOgpZFsLOJXTUt+EdQ\fZGPFINVE\l932+8vGbOf2oQzjkkEM45KjTufnxyl756P7H3ZedzLyygznk0PmcfNnd\G+Y6j+68zu4+55\s9nr5tAz7mGR2Tcf\qDF97GqTPB+8Gj3PrQ3qqf8soPX14kGk0AjyHjE+3cNj2ZUwvcJNuNIc8D5rltfGlCIt+YmhTzFsYDrSfFYZA4hHq4bAanFrj5zrTk3a5EjSXFYfDdaclcUpJAfkL8t2ru7wegNNnOVyYmcuPUZCZF1CXBZrAk20lBP7dEznAaHJvrinnlcpcsl41zihKi1hfg8EwnU\u5BbYRzt9yUDIn5blx2oa+vzmuUL9fPjGx37q6bQbfmZbMpRMSyB\C7aAnJNm5pjSJOenRb1luM+CYXBd5Ec+bnpvhYFpK9OXtBszLdDJ5EOOkPwZwQXFCv2M222XjmFwXrr1wtfFAEu0GywoTYrblMblO0hzx1yXbZWNxVuxbhh+f62I\7J6IiIiIiMiIZ\T55Uhx7zjYUkvVjh1U1bYQGAH12dvxSDbQrauVV35M59+8lTv+uRnv+KO56fuHD3H9S\j5xYtIa3ybX37rF+wYSfunvPKDyIsMRLeAHkMMYEqKgxumJHFEtpM\VXSytjkQ9+udttCVrheMT2BWqj3mbWD7TlJGMz3FwYn5Lv5R5WVdy8D1MIBJSXa+WJLICXkuMpyD\Cd67Zx6YREFmU5+Vull+dqfHgH+VBTpwGz0hycku9mQaaTSUl2ol1oOTfDwZWTk\h\n7bREezZhstmcPnERA7P3P25yf25uCSBHZ1B\lntpWtVBjA7zcFXJyaQFeNW0gYwJ93BLYlJHJ3j5C8VnaxrCRCMc7cTbAbH5Lo4c5ybeRmOXrdfjsZtgy+VJDIrzckftnXwTpN\wOfGGoSudP765CTmZzqYm+HkW+tb+cDTMy7sRuiq74uLE0mNmNgsSrRzXWkS3\64lY1tvW91vTjbyZdLEgY1ERrLgkwn356WzI\L22n093yNMM1hcElJAouynAPeJnpvuXxiAp+0Bnizwb9bblaqg69OTBrU+gzgqklJbGgNstaz+\F4SJqDc4oS9K0gERERERER0B9WZUSyLKvXZLVixQdi\PZtpzHvtj1Z3\+47sSDR8z+KFY81FhkIIalkTImWYBlwaomP49VeXm93keTf\euNoDCBDsn5bs4u9BNSaI9rgmuDz0Bbvm4NeazZxdnOfnB9GQKE+y8Wu\nwW0dfODx44vyHNKZqQ7OLnTz2QI3qY6985xV04Jqr8k\dnr5b42XjW3BfidFUx0Gc9IcLMl2cUyOk+JEO4bBgPWwCD039W9VXrZ3BMl32zi9wM2kZPug98FrWrzdGOCVOh9tQYtD0518Nt\VazJ0IBbgMy3ebfTztyofr9X7aI+y06EvC9g5PtfNmYUuxrnj6\e+gha81ejnLxWdvNXo7zURDqEreqenOLioOIHPFbiJnNNvDVj8t9bHO41+DGBxtovjc5393oLYb8LT1V5WNflx2uDoHBdLs117fULWAio7TJ6q9rK1PUiey8bnx7k5KGXwfbqnGnwmv9rSwZM7vbQHLRwGLM1xccOUpKi36Y5Hs9\iJ5va+Ve1l46ghc2AE3JdXFM69HWKiOxt768r59BZU4e7GiIiInKAeu6555g5c+ZwV0OGUSAQYPLkycNdjV5KS0tJSEjAMIzuiQCVKlWqVHnglp2dnWzatGm4355kiDweDwBr1qzZ6+suKysDdAXwmGUAhgHzM53Mz3QSMC2qvRZVnUE6TQsbBikOg6JEG9lO29Am0Qb46oDftAha4dv65jhZmuPE47fY6Q3S6Lfwm6FbJRcn2skcwtW+A7EZUJhg4+pJiVw9KRGP36Ky06TRb+K3Qlf6JtsNCtw2ctw2BrjwNSoDyHfbWD6p\9smx8ttMzgq28lR2fFfORytPm6bwZJsF0uyXQQsqOwMUuu1aAmYuG0GaQ6D8Yl20p17PtFuN+CILCdHZDlpD1rs6DCp95t0BCwyXTbGJ9jIdtuiXlWa4jBYNs7NsnHuuLbltMGZhW7OLIxv+aEygPGJe6dP91SWy8b3piVzzeREan0WGU6DnD183nG60+AH05O5oTSJOp9JltNGVhzPqhYRERERETmQjIQ\7KocvlJERERktNME8AHCYTMYn2gwPnHv3eC16yrj\vhNel1xaxCafEp3Ds+wS3MapDntwIFzlaPDgAmJdibsh7nMJLvBQSkHVvvuL+lOG+lD\17AbgxCX77IcKqvREREREREoumaBFR5YJYjlWVZKlWqVKlSZXcpEosmgGWf8VsQ0HlIREREREREREYZ\WFVRqqBxqbyyiuvvPIHZl6kL00Ayx6JdcoJWKHn8IqIiIiIiIiIiMieifzj\0BXgymvvPLKKz+28yID0QSwiIiIiIiIiIhIBP1xVURERERGM00Ayz7jMMA2sh+dIiIiIiIiIiISlWEYWJal8gAsRyp9MUFERETipQlgGTIr\NOfJLtBgn1\1UZERETGiqRE93BXQURERA5wkRNtlmUpPsBiERERkdFOE8AyJEb4J9YMcJbTRqrDtp9qJCIiImOBaVl0en3DXQ0RERE5wPW9ClTxgR2PFJqcFhERkXhpAliGJMVhkO6wAcGoeYcBk5JtpDtG5gdmERERGZlshkGC2017h1dXAouIiMiw0UTbgc3pdA53FURERET2iCaAZUjGJdiYk+5gTXMAn7n7L0V5bhsLM516BrCIiIgMWnpqMvVNzSQl5g13VURERES6nw2r\IGTT0pK6nf54aQvJoiIiEi8dH9eGRK3zeCsQjdzMxzdzwLu+jEMOLsogbIMfb9AREREBi87I41mTyut7R3DXRURERE5QHVNtHU9HzbyR\mxn8\IyBh4kOxndrt9uKsgIiIjiN4XZCCaoZMhm5Rs556DU3lkRwf\2uWj2W8xOcnGxSWJHJ3tJEGX\4qIiMgQOJ0Oigpy2by9itKSQpKTEoe7SiIiInKAinwWbLTnwio\dvJtbW04HA5KSkqw2UbeNTPFxcVs27Yt5vOJLctSXnnllVf+AMmXlJT0u7wI6Apg2QMGkO0yuHpyEs8tymDlUZmsmJfOiXkuEuya\BUREZGhy0xPpXhcHlsqdlJRVUN7h3e4qyQiIiIHmGhXjSoeW3EwGKStrY2dO3dSVVVFRkYGycnJ8Q6R\eq8887rnpiO3IfIsovyyiuvvPJjO28YBueddx4isRhW3xEkIiIiIjJC+P0B6ps8NLe00dnpJSHBpclgERER2aea66pobWkZ7mrIfmCz2UhNTSU\P5\JkyfjcIzsmyUuXryYHTt24HK5gNBEQOQVYYoVK1aseOzHPp+P8ePH8+abbyKjl8fjAWDNmjV7fd1lZWWAbgEtIiIiIiOY0+mgIDeLgtys4a6KiIiIHDCmDncFRKJasWIFS5cupba2lpSUFNxuN4ZhjKiJCcWKFStWvPdjy7Lo7OyktbWVjIwMVqxYgchANAEsIiIiIiIiIiIiMsJNmjSJbdu28eMf\5gHH3yQTZs2EQgEhrtaIiKyjzkcDkpLS7n22mv55je\OdzVkVFCt4AWEREREREREREREREREdkP9sctoG17fc0iIiIiIiIiIiIiIiIiIjIsNAEsIiIiIiIiIiIiIiIiIjJGaAJYRERERERERERERERERGSM0ASwiIiIiIiIiIiIiIiIiMgYoQlgEREREREREREREREREZExQhPAIiIiIiIiIiIiIiIiIiJjhCaARURERERERERERERERETGCE0Ai4iIiIiIiIiIiIiIiIiMEZoAFhEREREREREREREREREZIzQBLCIiIiIiIiIiIiIiIiIyRmgCWERERERERERERERERERkjNAEsIiIiIiIiIiIiIiIiIjIGKEJYBERERERERERERERERGRMUITwCIiIiIiIiIiIiIiIiIiY4QmgEVERERERERERERERERExghNAIuIiIiIiIiIiIiIiIiIjBGaABYRERERERERERERERERGSM0ASwiIiIiIiIiIiIiIiIiMkZoAlhEREREREREREREREREZIzQBLCIiIiIiIiIiIiIiIiIyBihCWARERERERERERERERERkTHCMdwVkL3jd6u28chHlVQ0dxC0rOGujoiIiIiIiIiIiIiIiOwFdsOgOD2R82cX8dW5E4a7OjIKGJal2cLR7K0djXz9+fXU+yxwJ2I4HIAx3NUSERERERERERERERGRvcLCCgTA20G2y+AXJ85k4fjM4a6UDJHH4wFgzZo1e33dZWVlgK4AHvW+\vx66oJ2bEmJoXlfCzCscBmOu3TnUV555ZVXXnnllVdeeeWVV1555ZVXXnnllVdeeeWVV36U5A27A5JTqevs4OvPr+edS49ApD96BvAo9rtV26j3mdgSwpO\of+EysjYQHnllVdeeeWVV1555ZVXXnnllVdeeeWVV1555ZVXXvlRnrclJFLvM\ndqm2I9EdXAI9ij3xUieVKwLCsiC+EWFFilFdeeeWVV1555ZVXXnnllVdeeeWVV1555ZVXXnnllR8DeVyJPPJRpZ4HLP3SFcCjWEVzB7bwM3+N8L8Z4f8qVqxYsWLFihUrVqxYsWLFihUrVqxYsWLFihUrHnux4XBQ0dyBSH8My7Ks4a6EDM3En7+APT0Hg8hvgKhUqVKlSpUqVapUqVKlSpUqVapUqVKlSpUqVaocy2WguY6t13wGGX08Hg8Aa9as2evrLisrA3QF8KhnhP+jUqVKlSpVqlSpUqVKlSpVqlSpUqVKlSpVqlSp8sAoRWLRM4BHue4LuC1UqlSpUqVKlSpVqlSpUqVKlSpVqlSpUqVKlSpVHgilSAy6BfQoFroFdHavL3pYoFixYsWKFStWrFixYsWKFStWrFixYsWKFStWrHgMx4Hmet0CepTaH7eA1hXAo51lYfX9p+7\MwDllVdeeeWVV1555ZVXXnnllVdeeeWVV1555ZVXXnnlx1ZepH96BvAYYGBghMtesaG88sorr7zyyiuvvPLKK6+88sorr7zyyiuvvPLKK6\8WMyL9EdXAI923VcAW2CE43CpvPLKK6+88sorr7zyyiuvvPLKK6+88sorr7zyyiuv\BjMi8SgCeCxwIj+bwaETg7KK6+88sorr7zyyiuvvPLKK6+88sorr7zyyiuvvPLKj5m8SCyGZemrAqPVxJ+\gD01c7irISIiIiIiIiIiIiIiIvtRsKWRrdd8ZrirIUPg8XgAWLNmzV5fd1lZGaBnAIuIiIiIiIiIiIiIiIiIjBm6BfRopwu4RURERERERERERERERCRMVwCPBYZKlSpVqlSpUqVKlSpVqlSpUqVKlSpVqlSpUqXKA6oU6YcmgEc5Cyt8FbAVfiJ471J55ZVXXnnllVdeeeWVV1555ZVXXnnllVdeeeWVV175sZUXiUUTwKOcEfFf5ZVXXnnllVdeeeWVV1555ZVXXnnllVdeeeWVV1555cd+XiQWPQN4lLOsrq95WBiEvxGiWLFixYoVK1asWLFixYoVK1asWLFixYoVK1aseMzGIrFoAniUMyL\zwDDUqxYsWLFihUrVqxYsWLFihUrVqxYsWLFihUrVjyWY5FYDKvnElIZZSb+\AVsyWndsQFEdqZixYoVK1asWLFixYoVK1asWLFixYoVK1asWLHisRcH2zxsveYzyOjj8XgAWLNmzV5fd1lZGaArgEc9YxTHZv1qvHXszpWMPSkLR1Y2Nmfvx1Tvve37CVZ9iI+JJBRmdf\7bsubnQTrWjDycjH26vbHfhzq30Lc0wq6Hza+X7Yf0Wd9H3I+UtrH6qzDX1dNoM2H4c7EkV+CI9Ee1+tD7erAXjgDV6pz9+UDDfg2bYVxB+NKi5KPFe\BeLc8m+ncCa7SydgdcW5vL8TRtrsvtzdSY6u9joCnEbOtBTMAhjsVe2oujswMDNvw1290xkEsz06CrvE4EkZCffZRHD5nBBlIfOdzy7OZjijHZN\l8Wymc2cS7mkFgzzf9O6XgZcf7bGJ1VZPoLkBs6UNk71zfNO6A39dA0FvAFImklCUDgfCeB\OuKOaju1VRGNLTMWWHOpTbAfI+5vlxWyowtfUiBlwYc8qxJmd1b3\MV8f47xluFOxJWbgyMnFZh9oeQe2pHTs6bnY05K6txPt\SBYvRZfMziK5uBMsQ9+f8dAbHmbCDQ1EGxvwvTR8ztbdi62GOd7xSMwjjgm7AWzcKW7oy\fUY13exUWGd3nokEffwAEMRur8DfVEvSBLTEbe04hjiRn7PoGGp01W+sAACAASURBVPAPYlt0VNO5vX2\z6iWLFixYoVK1Y8nLFILLoCeBSb+PMXsCWlDnc1huzOMxZwbnaUhBnE09LI62+t5YpPEnEk2aMstKfy+MtFk1hMPXc8tJEH+llqfFE6dyzMo\Lv5XxrH9RiLAv1bwuP3b9+v7bdiO8zfwenlM3g1nn55LoA00f5++\zxZWw0z3gq7uPG0\5Gg5+wbvbH4WZNYU1i7OhYgtlz9UMqmp70naXnXQotxTDm2++zxfWDfLFe2C4tjtiWD6Cu+r5wimL+eqMHEqSwrNBZhBPfSUPv\ABdzbmYnfGXo1EkZzATYdPYp73Y85+c7grsw\NPog1izJJG3DBNh67\6MBzw3xHpOh5byDf484UPoFABOzvp0rPzeHL03JJC8h\HnIDOKpq+Thlz\kzvqcIRzfJl8+YhZfn55Gmg3wNnH337eRcsC06zBZMpPNM\r53B4I4mmo5OEXP+Ku1mwMxvr7m4npcHLv5w7hlFwXAN7GSv7wn3Xc5Ukf+A8a4c86Uc9b4d8jXnxlFddVZ2CzDbB8wEf51g388bntPOzM7v5SRS\BFB64cBbHpkJN+YcseKX9APujSxCzoYbPLjqMa8vGUZLixG2jp61ffotrKrJxJERrPBmRIo4J746NTH+2PuqYLlowjf8dkgH4es5Fgz3+MDFNG\eccginFCWGxk7AR\na9\j6q0E+TXXFVc+4trVkJptnuMfoeVNEREQkOrO9RVcAj1L74wpg\ZY2BhijtOziae5gY2PPT4XPIC09h1NOXMrrxyZQFNi32yfGcicdPJklWc59sv2xXva1v7Yb2Wf7c7vxluPLZnH34nzSAm28Ut7E+k4HU+fO43cL43t9l7SpM1gxpbk77m+5wdRvT8Z7X2N9nI2M0sRyJbPi2tO5fW4e+XhZubmep8sbWNls4s4t4Yrzj2dFaUv37WFGRr1HSTlxPOdPSSPdNkLqs69Kb4BNjZHvwz68AD5fr\fmjY1eKuNcL3t5uQOyXwDD7+DOLy\lptk55DmhIvJzUl4JV5x9DCtmBAa\3uQJXDwzjTR\O6+U1\P0Jg+rD6R2HeaSjs4+x1YHFQF7qE9Pn8f1LpNohrvee7U03fzmtHmckmujoqqB56u8eDOLuOKUQzjXjG89QJTzVAcbO0K\Ryw7dRE\y\PFXr7Jj8dwMXXKbG7\0lxuzmmPuj1rYiazU8EbgLySAq7yjpB23E+lZYN7LjmVXx9VwtQEk3WV9TxdXs8rNQFIzWHZ6Sfz4qIgZnBk1FflIM5HgDs3nRv80fImV4\LINKQjj+vjTuXzWNZsRtPfRNPlzex3udg6tzFPHZaFkXx1DOObe1Wv33QXipVqlSpUqVKlSO1FOmPbgE92lkWlmHsXmJhEeXfR1A+xMdH6z7gCx9ZEM5jGBSXlvLg0TlMOXgWP6x9k4s2Jva8PthKoK6SYHM7Fi5s6TnYM3Oxu+096zc7CNTvJNjSiOk3MBLSsWUV4Uhxh7YTrR2tdgI7NhEgB1fROGh6n4C3DAhgfrqKjpzpJGQlYRkGlreRQGMNweZWLNzY0rKxZ+djdxrh\fMRqPoIv+sg3MltBKp3EfQZGMmZOHLHYXfbetrH8hKsqyTY1ozpszASM7FljsORmogxgvsvvv7tZ5z2er2F1bILf1MjwfYOwMBITMeWWYQzxR1+nY\Azoj23LWLoDeiPV02LMPArFsV0Wer6cw+iIScFLAsTF8zwYZqgp7+xk2AYOUH+BOm405qwb+rlqDXwkjJwpFdgD3BMYjx1X\7XDQ1FzetPPfiOq7aacG4ibxyagFTi4th9fYB27eHmyULZ3DmRxX8PdnWs1w\7T7Q\gcb+h\v+D3463f2jPf0bOxZEeM9sl7BNgI7txLweMGVhj1nfE+7RLZfYw3B5rpw+2Vhzy7Akezuvf\BDgJNUZZLcXe3z+7jzMJs2Iiv1sIxvhRHsgOsIGbrTvwNTZidPnAlYUvJw5mVCfaRefzElfc5uGfZYSxJNdlYvplLX66jovv4MyieMZW\LM5iyXFzueWxDdzZFn\7my1b8FYl4pqShrlrK4EWLzjTsOeOx5nqxmytxF\bgOkzMFJzceYXYLOF1m+1bKKzKhlXaQpm7XYCng5wp2PPKsKRlogRuX+WNzQuWxrC578c7Fl5OFISu\fX8myic2d4fXWVoXHoSMSWmo8zJxvDiGgfApiNlaHb5XatLzMPR2rE+iLrF219NgurcxeddeNDw6p1FR2fFuE6KB+bYWG1VOFrbMLs8IIrBVtyTu96jJTxEW9+wybOLO95\4Vi\nN5IVNa6jjhHxU9\25Z4G8m0FBDsK0VK2D1s\9d54JW\Dtj9H+094eB+s8bo188VfiaYvTLSG3\WPnDSjkjz463sZYr\7qJVyKO71mHzmTFvFSWHDKBBRsreSvO86vVsonO\PFkAJ6KNVzwuzU48osITJvXu10LffiqAjgnT8Lu7DpePfjLNxJMK8VdkN49Lsy2HXgrDVwHjQ\1ha+ZQH0NwfYo48QW2r\u47oEAtVVmFYSjoKDcCQZWFYAs6GSgCfKOBhJ\TPYfHjIe+p2csKzu3p97sVyccNpc1ien8dpC2q457XWnmPEbCdYXUWg2YPlcGNLG7f7+1fX+6WnLnRe7ntetyzM1ojzek1F6POA3Y0tPWJ9XfU3fQSbdhJo6v\91zIMrPZq\PUNoc9vjkRsyVk4cgqw2Qdon4MmMC8LvJUVHP1MDVhBrv\sAq4uymTp5G08vmWg9g23Td\zVPj4WHrcIfx+chonzy\k+mfr+l\essBIYflnp3NDYT5fPKKdV5+q4a1e5w0\y2fkk0cHL1fCMRNyOXnhp\zmfedu9bM6qkO3Vu9qj6QsHLkR7TGSx2d\eYJcunQeywrseKoquPDfVayLbL8JE\jn0nHMmjeP3zet5rIt4c\VZjvB2mqCHaHfb7rHR27P5wU6dtKxvQPnxHHgqSTQ0IzlSMSeUYIjOwU6avDX1hDs8GIk5+PIG4fdFfH7nhXAbA21uekLgDsNe\o4HBlJPZ87vbvo3NaGsyQbc9d2gkEHtuxJuDISIdAaOle1hT7P43BjS87BkZOHzRFjnPft15Hcf\3lu85HXj9p7iwWHfoJfOTs\XrnOA7LBa8\iNvJkI8\a9E0zs+z46naxoJ\V4eXz+Tec6ZxUmkJV7+4jm\1O\4it7Uduj7\h\NLPzMnvK0irn+2JvrvQV393N6I6TPA7saWEtHPpgf\lo0EMg4iITul9\Y7Kums8OIsLcXusLAwsTw78TU0Ynp9oc836QU4MlN6Pt90jeviTMyaHQQDNmy5pbjS3ZgdNQRq6wh2eHvqkZ2HzTnCxofyyiuvvPLKKz+68iIxaAJ4tDNC3\SwDCNchmP6xCMw33s\eucrNm3isvwEXpmVwhEzJ2JtqsEGWN5dTJswk19ccixTw7c69bY38fo7q\jyh0nYEwwM\ATSMllx7hHMT3N232Zq+9aP+dErzTxrudntvueGHzOtiBcvPZaphpfn3\qY5plXck4mgJvzf3IV5zfuYvLftmB0ejhlzkyumXc8U8O3p+6qw5c+TMSZYMdiPI\cdCSLWzbznYpsbixLD91msbOF199Zw01rDaoTDCzDj5mawYpzF+9W1x+\4uHfOEds\+1J\0a+nuZObvrcUi6YkkFa1xkp4GP71k\57j89vJ7iwDLia8+7rriKc7v77ErOb9xF6d+2Ynlb+OycGVwz7zO79Vlo3NgwKOKRm5ewuGUL36nI2m0bN681qYp7fPXfPnX+AJBIbqoHc6sfM2kS+YDH295zPMd4fUg7b1a5WFxYzDdPquGvrwaw23uW72n38Ovj2P8ffbW\8b6LqRNm8MsvHrfbMdc93o2erVrOCbz4jWOZmgSYPrZv\pgfvdTAsySF6me2UZCVzQ\OWMySbFfPbeA2fsz\PVnHG9kpof032yjIzuIHZ0Zbrp43spMj2qNnf2nxc+clF3B+gUHF5m1c9GIN21r93PT5E7lgYkpojJlBPM3VPPziBn7UmBRzfI7U48sAzLKJnJwD1NVy2Sv1VPTJV3y8gXsnzOXOwhRmHwSsib\9Lz\7TG4p7uDJf9Yx65JjmZoYarftmz\hu49VMuuck7iiNDl0jLQ18sTLa7l+ZwI24LKzzwq\tpbZlxzHlO6xsJ4fvdTIM0boOYuW1UZhVg63nbEoah+\nh1a7rJzzuquy+wvHsOUxNA49DRU8shLH3NXY2p4v9sJWgn87IvLOCU3xvrOjmN9xx9P1fQkANLmX0XV\HYeu\8DvtXi62cslXNXY2j\R8r4GHq+9yHVnQ\Uc+Ssg\nO4cd3nwswg3iaqnnkv+v4oSet121lTOcEXvpG\3fsxEj\v6L2i8f8q0WLzed1l+\JIb6ZcS07yDyGW7cQHnF+7xMWq\xte79ClZOm8mJmZmcTCVvxXl+vezcc7ilKPxmO2UxVT9ZzMamdqZk9G7Xt7baWTgR3nh1FRdvsIfqM2kOq756AnlttXxvxSZWAJZhctrnTuFnUw2ef+YDrtzawJGzZvOdw3veb3qPk\TQeeKcs7iluJ1nVhkcd2g6bkw2bt7ECS\tIGi5+dmX+o6D9fzfkw28np08cvpnCPnIg6t33stPNzVwUX4OGcnJYPRMAFvk849rj2Zuas+56uGX1vPjxrTQ6+N8v+x9Xl\K1MQo68PAsNrx4+LnXzw96rHYtT6j08P5S47mpjk9n9+87Y0888IarqtOxB6rfWqCNAO5iQZHetp4NWBRlGAHs5MdW6O1T5TPjz1NuVv+lbebqJicSHFiUuzlDQODNn797+3MvXAySwvyuXxSDW9ti8h78zmmwA5tnTy1zmTKhERmTyxm4XvVvGWPqF+nh\OPGKA9Rvj4jJrPKeHiUje0N3LHv6tY33f8bt\OVRvT+M\0BEpKcjG2NGBZLYwrmMjvLjiSqV23iwa8bY0889IqrqtOCbXH8cdRNcPNG69\CrOP4oiM8JisLudH\9hI04Il3DE3M9SePg+vv7WOiz4Jzf0Z+An4A3zrtBO5YFJK6POI6ae2ais\e7KcR9zZofeXzxwb2sbqBg4qO5FcG3h2VnLo0x+TP24C9114VJQ6vsf11WkYhjHAOE8Kj\MR3H8x8gDUtLGxOIPZxeOwPqqPeL80WXB4NlNp481qJ4uLQx0\lOPvotxEvKaf1Ruqw8uZ0P4J29qmQbo93J\91z9ya33zr3ZvK7E737O4gWG2xOjnVVxfnYpRfChvfPV4imu3cdST1ezoXr\FohOOZ8WMRFa+tZoLPwxg+gLcfHq0MbeRh91ZofYLj+vXVzcwreyk7jFX9rf1XHjEUdy421h6n+urk0PjbQSND+WVV1555ZVXfvTkRWLRLaBHO8vCsiywzHA5euLIfYiW3\5GE6t9QHoKl1kmluVlweKjePLzU5nq8LJycx1Pb26mwpHBcUuX8sISB5ZlYfmzefj0OSxJhYrqhtDtUNttlEyZw90n5GOGt9OzfS9Br4u\nDqNqTY\K99bz5XrOli9rY6XG4JAJ6vL63h6WxtYbRy5eB53H1XCVEcgVIeKNjzuUB1eXOLovf7MCXz3sFSaaxp4erOHClsqS45azB8XG6Hl\Dms6KeuPzkhP7Q\I6S\9nb\dpXXnXsUV0zPgFYPz5fX8XRFCxWmi5IpB\Pjz2V2vy6e9nx\tz5rxbLaOCpGn4XGjdkzJDJLIrbR3L2NPyw2BjG++m+f+z\0UIGduUvmce\hZaw6Oh93ezP3v1kXV\uGBKl4rZKVXsibMYMHi5q6x13k0A7F8e1\9PHu5fDFR\JUr2PO033M9Yz3rv52ccTCUkqCLTxf3sDK1nC7fL6Ew\2h+gWzi\njsjkcl2ujprqBp8ubWOdzMHX6HO7\8gSO9IXWF1qurJ\lSsLLWb331VPHFz+\kPML7NTuqOALL1Sz3fJx6bKFXDElCa+nmefL63i+OgCZRVzx+UO4yjcyjpehxDdMzMJNkNXbN7O9n+Ufe3YVkx98jwvfH1z7h6Rw8sml5Hubeb68iXWdBiVTZvHjq4\hxskONm6t4\kqL57kTJYdP5vl\vD2u187heJeY6GMuz9fwgJfqH5mdjF\6FWXxl51OcrXd32l5HlbQ+trCpCWVcRXl05nYXh\rcwSXrh0MctybT3HZqttaOvb1cjT21vxArXVdTxd3sj7lo8vd48lT5+xdDDLfSNrfAw9jjysevJFZYdz39KSnnNBeSOr26xQu50yh3OsyPZ1sWRhP\3vNyOWo3v9cfVf1H7xDtAvw92eexDv8lMLlBRO4YKOj\Du3EHQ00TQGwCrmSsfeYvJD3zArVb8x\e6HXXdbehtaODp8jqej9KuT+7swIObqYVp3fUpLEggDyA5kUV54fqaqXy+IAnaOnl2h0VR2fzwOPH1M04i+z+DUw5NpqKyjuerW1hdWY+VWdzPOCgLj4MR1D+Djvu+P0fkfc0U2Oh5zmXEsXTEkplMDbbwfHkdrzSEzlVXLJ3OAmso75dd5\WWXue+yPWZmSW8eOkR\RyLPetbcPQ8bp+bAR0tvFLe9dkik2Wfn8\P8gZoj+YdPL\LhKyJ\PK0cdzzxaNYlm2ysbyCO+Jqz77nqYh8oI1gsh83ALaBl7cssHZxf1U7kETpeFuvfOHCbOa6obaunqd3bGNlI5CTy2WTAr3qt0ftMYLjhTMzKQEqqnbyeD\LV7zxATMefJcTXqnDsiys\Jk8cvpUZifDxsq60Bhq8ENyJstOnsu3kyLfb1zMW3gw81wdvFLewEpPgLSCqdx44THcPT+Vmp2htqy1pbHkqNnckxfefls6v794KVeUJuGtb+Tp8jpeqYe08VO5\UtlfNkZDNcvfBwdlgc1DTxd0cLqXbsw82fwaL91nMctSaH9i92vw98\e34+amRlbeg20NdHnl9NF+fkp0JjG6\0eb8e7PH30HOrmfHAKr68wcT0bKKzo4GvLjmK8wvB29DKUzHrG3ne7JMPtBJIDnRvq9fyXeezmP08N9TPO7aHjuvcdK5yR6zfdPKF\DRoa+WpDyxoS+PB7jHX1GfMzeFSZ6DXuF7Sa8zVsPDoefy\qGPp8PC4HknjQ7FixYoVK1Y8qmKRGHQF8KhnjPIy1n500uwHkhOYggH+Ar4xOxN38y6ueeIDnmrqem0Ov\3SoZw0cxLLV27k3kPzOTgRtq99mc\8Lxmbyw5k8JsLp3NizjiuppFfd2\HwjSTWHHJPJYkB1j59kdcuNYLGDz+zkbSsg\jmCw\5S9v5FsACZP5xqGZuL3N3PHExzzgCa8mdwL\Nw4Zs2cxPI3N3GvM7x+h0HFpxs44dVwZdOK+duZRRw2ewrL3x6orgVcTQO\Htb+2Zf9CzCZIwrseJtquPLxzazsWnz8ZF49JY\irHTA07P8QO0Ztc8mDdBnE8N9RnzbGNT46luamGuf4+fFp\OTmZmcsiCTmu1bufbNap72DLJdPTu5eU0m\1yQxnFLZ3LW\dv5e4p993aPd\+jtZ1\3ADH3OTQMefoqZd3VyUnPFVBBQBubvj8HJYXjOfqmVW8vcHBbUdMDU1Ev\1h+FgDSOaWZbO4LG8SX5tTxWvrnXEu5+rZVb+HL596LN+d4sJTtY2zntlJBQZQzLHj3FC\ldP\vJWqpAQMA5aeMJffl6RxxHy4d81wHydDKe0UJ9qBdio2xD9uBteudry7tnHqv3eG+rPruEwN8PR\13LtttBSN3x+PssL0lh8sMG9H9P9WlpquPKvm8N\OHSHbm9aMJFvlFVx9joHtx1xUIy6TORrcyr7rwtu7jzrUM7NSeO0gMFbDh\LF0xiqqOd555dzRWfdnTv8zGnLOYPB03ka2VVvLbOGd\6Pq3gWkcCa0pSaG7YyLWvA5Twl5hjyeDeNXurf4ez7Cv071+Zko072MHjL6zl5h1duTTuOWcmp2UkcZhl8NeIVcQ+Fzj7rD\e\jvA+uXTLdw\cTY3TJjM7ddM5nvtLZRX1fLh9m088d4WVprFODJTu59sEc\xffbarawMTGVNSQq0NXPty7tCi83q267FnDM3g8MyUimilUoCXJybDgETryOF4uIA1DghP5spqVC7vZGngdsGOU5qt27khBe63lx8LD8p3uN4BPTPkErAu5PODWt6YnI47th53D4vBwiwbseuXst7qys59emuYyncljmZnJtcyVtte3he7z73pXNaoJK3HH6WL5gYow8m8bWynby2zslp4zOhYyc\+16fp+ajGGD4gUH85+Dk5g9Iw1qWvpvB38NP3ziE46+bCazp8xgmbeVJ1\dxPXd24vzPBVspnPD6oh\SGPJgjJuOq6EPGBjXT3R7b7elW0BADJSc4DwcWEFWT4hG+hg9bo6AH5d08Y5mcnMnpyKta3rmcHGnrXHCC5nJjgBHxW1nrhfd25ZDvlmgJXvrOLCD+m2\HPzuaEwmVkTDEKXEoe4W+v48uMbw58XivjbF4s5LN3Om29\yBfCY3rRsYewYkoqs6cANQYLj5\AcalB1q16l8\+r6V7XcWL5vHCgkIuPrya37\u6\53b80uznp6W3jcw7knDFRHYP3Y7ddID+xq4aLcLBYf5ueeD12hfG4eh2XDxk8rISkj6uviP\56tnv5uedwy\jwn6AatvHtf6zjTbK6j6N+6xlspnPD+1G2VRyxrb6fY4w4xiKw3sevK1s4JzODuWUmvBW6RsLKGcesrND72+PAwuMn7tGYu\OsWGMpNTyWYrWDSpUqVapUqVJlf6VI\zQBPNpZVuhYtxh9Zc9O9LNcFTUdUyA5vJ9zMpnqBk9jG0sPnsDSiDU4vUFIT2PxbIt7G02agZKD5nNv3Rr+uGozb3Zk8ZX7d2FLdIUfUWR1t9\SMw5lSaqPVW+s4cKPgtHr2dXOB2cy2wYVFZU84Imod81WHqrK5IcTsjhm\kbufT\8ws4mHn+1sWe55u08tyuPw8ansniWxb0NEXWtX8Mf393Mm94svnLfLmzJLoyR0E\7rH8Bawtn\WFL6BtLQR+W14flb8XcYWPbMXkU2+0swmKlFWd7fhJlu5F91hxxvNRu5aHKTH44MdxnayK28Upjz3KeiG3MjHd8Rd9f0wpy6\ln8aViF97OACQ4yMt2kb3DC6leAlursbKKcaYlxNWuFWs28qviQ7ilsJhvnlzNX18ORNzWIfSNsPj3P2L9XeM9nmPuYIt7u\+I18mbn2ynoru+ndy9rYmLCrI4eGIefJrAvHyguYlfre2M2K9W7ljfwGlH5zB7UjGss8W5XHX3vqaNn8+NU5LwbN\A556tZ0d3u7VT5wWyC\njZ+r47RvlPLrDxgt\9zApKRXDvpfG+34v88hNAgjSGdmvMcvCQbarj4+2V\X0Z0UAL0BzM3dv6zmuH2\ysrzAQeiE1TWO\Kz6ZFPoj7kWYHRy9+YmLsrPYmphHqyLGAtrOiPq2cod6xo4bWm4Luurw+vz8dG2qtAf0cLr29Tqg6wEig+xYP04FufaocOLmZfHPXkRg9X04SWZqeMLYF1dnOvr2g96\seKGEvH1\Hb\5XzaJWNF\7mYVJKeBJu2MfFXiq79fTzrU+8za0GEPRj+TuxfJ2YHRtZW1\KaRkG6eMsqO56fSdvfry9V\vevTXiXLChoc\5ZrD9d6D0SycPPPceK6eXcPW0HBblpjJ7Siqzp0zm\GOPwVO9gbv+Wc7DVhbGoI\vrv61+vR7V7tuZ3VzEYdlp3Kxv4o77fnMTAdPdTMVhZmUZOcD9RRNTqIEP29WhibMBjdOfJRXNfZsdrDjYNj7Z5BlWFr41tu7M6ndVsnNH1oRy\tYtSXyfbWZdS0+TstwkTvRgo\28LxudbKpLXzum2PBR3H2wUd17PCZkJXHV89qxPXyR\xis5\NjY1MeyMDmz1GO5gepk2dwe+OnUCJLYDH6yDNncis5BbMoB2jdTN+TwKOokJssY5fgLwZVP1kRpS2BE99NXe80hzzvNar9HjxdOdDx4WVXcziXKCplT\vCL2u4v0W1k1NZlZJAVd1buI3CaGXDLk9Rng5JdUN+CDYT7tFKR9\fjWPG0AwiBVox\L5MDvbuKdqGjcUpuF29eoQKqq380p3v\jpNIFOD69EfD5YWduBZ0oS2Cyw7Jw7Lg1MD51kcc+RWRFr84Y+p+flYVmhrwICVNRtjRj38Ph\VvO4BVhBLN\Z+\O4+Qq60T\f6qql3SW7iy9ZessJCEkAQJBZQkCooIIIjPuI86ooOPA7w4X547LzB1wHPHemUFn7sh15meUEcYZL6JecFRQICgICIJBCJDQWbs7S3eS3tLdtZ\7R1V3V29Jd7aurv68X+KTp76nznnO+T7nVCXfOlXdBMk46e4uvro3Z4wFnNd+AQ0vd7F51QzWLJhL8NIBQkGa80+voC7dyb2\jULv5arv78\Z\ljOv2xberiTB7cGVFXO4NzZi\jSByNM+e5O7k5FjjzOo23rF+3DnuejzXPvMVg9dz7zgz00hVK868xZ1BFj4\b9wCjnHIPmXO\xCkFjbNBc2pZge1srpz85k3DxCc6vra2tra2t7eRqpSOwAFwoQiO0Ezpew8KybCcEzJ6S+Wq82qVcV8swIlRXA6\t5t5dM\j0ollcdfllXHX5ZcS6WnnutW38x9P7+UnJ7L67ZSirYn1Z5rnLq0tJp7v7\zI\3PhKI0CKlrb2IfH7uhL8D6ZQMT1n+a4oGwbt14aOKJ9nBtVVg8b6lsu46i2Dxlqc\UR0XubnxMSDw00kksVcuWI+ly+qoq56Fisqy6kqBULFrAaeHul4Muh4bmGo3JwN2v593Tk569UVZcOg8fdtoxp4cgzzK3f\0wk+\66L+Oi8EPWvv87HN3ZyxdVn8fl58\jTdzfx02eX8t0vXc7MfXtZ+58NQ58\aL8zReIDoAAAIABJREFUYmz4ZROXXbeIC85YzTfrn+CG49n\wdsZzTlXlTuuBM1bBo3zxSjNb4JlU6dBKExpGGJd3f13e\dub0uc9kugakophBi4XGiE5fp3kjXLMv3SOdN5W1czd\fdDd3Ona+1cs55s1h+5nnceeZ53JmM8\rOnfzk2S18pbWSSHHO+nNbRng8L+J7aOheBFNCTJkGdI\w\MRB4nvbCc9ZSNG04lEf\z7pYdabTpM7QxvSKaBo0HJRGn6X\XPv4y9Fab4AlpXPAHJyPHj9W+O0X5qT497HgyMdn2lUlwHM4qp1sxhO6YwK4EDOfgxa34jnWe\jOXNpzXncuSZnLj23ha8cys6lvJgfJyGe7CCx7xAXrJjPRStOY0X1LJbPmcGy8sxOl88hU9gLwYBrQe\zfxel+fzstYBDg9Z\DPnre\4Y85Kvx\cI8c1bdvOpLbsz\apZXL+kkisXz+SC2hV86UPTKfv+Lr4VPYbz+0jbBe491MUNVRWcuy4B+6azsAwaWndQP30Wqyumcz57uax6JsTb+W3vnVW982T5fC46\QjzZNjtj2EejOH45VUcoCdKfU+Q80CalrZOnnq9mbt2dTHEcNfhvvUXD\96CUe+rg8eX19\9Dm468Vmrpxdy+olq\jMklV8Jhmnee9efvz8i9y2aw5FZeFhj0960Wq+\fYFVEfbufOnr3DX1NP42VurWb52NV+u\zkHrn4Pn6hJ8NDjL\Ffdw59\gDxOPWHUwMe6ujq5OkdB7jvtXYajnpd72+DmaWUAx2h3vcPKd67too6YPeOp9i4tfeW9nqevfh6Vs+v5h0XbuHrL2Re\454PHbPoWhKePzn3zHEt3UnYHZAEKQhFB4Sz+jMfIhx1kKKK6ZAupvU\h2cXreIy89cyorqCtZUz6SuPPOGa8D7biCWjh19fLnzlsrMh+DC5axbV846hjF9Bh8Jwb3DjpfMGPdlx7hmhDGONa95mL8jxnt17OGFg7Wsrp7JrYkDfDVSyvVzy+HgPjZ0wBUn6vwLwV2\fK3vHyovfetavrV0AZ+8tIO7H20fefyj2dZI+z\KPPcdg6oKbirbw+e7y7l27lToauWBrTDqOcegOZczrrt+18yVc44yl4bb\3ydP8aNGzdu3Ljx\ItLw7AAPMEFBH03XWX6A8\9API6nnkw6PuH\QHxWITyMiCWYFsQ0FtVe\2lx7niqZKRt0eUDQ89z4aqGm5dU8mV86exsGwW69edx\qVe\mb7+\gW33\8JamfstOts1byhXLl\PN157gxj0zBqyvb4w5\SCVgiA8YP+CdPYPoYD+T0hnvos\lLu+dLqvF+SM9dNrKrli0Fi\+P0d3N3\7Xt5l79R53ek56fifOyKt\Pnq8szv9+UThNLpWluO0xDxXQW9j1\lMczZ1GCYMD2glSKIAgP2H76KDnr3b8gZxsEo5lfwxyfZSu5bl4Empv4+GMtNADf+NHrLHv\6bxv2bn836ok1eEIDd3tA+bb4OObe1wDINTexGd\O5MfnV\B5ZeewXueTefEgzHsf06qerc\6Jwb\nzLHVyQuUMknBOPpwiAWCrIWX+yf\y9j6UyyxEK5eQiOXT+pLL\+BMKEdB\7Ygd2s8dbRV8Yek8PnnlHr75izihcGb9DZte5ZJN03jfG+dz7aIKVleUsHzZCv502SLO2\g8128dZn9GOP75FM\8o2wZC5Z0w8tlwz6fc97EK5+soH1HI29+rDcwiuOfOxf6rs9B\5oHPz932d65kO6fC5nNZrcRZH6nLXcsA\YvJ8cjjaVv\oez+55y26W\KCx\wddDxCA584cH2DtjNg5mX7uXPpXYsqWDPCXOrbXh7Pn5HjA\OckWLuipX8xycXUZd95xhLpIlFe9jcHmZ1BUfPf6L\WtA7fzKBnJEdY\4aNr3KmzdN4\1HOMfz5\iONp4gvfc1Esl5lC6YA73x5kPc23yIe349hY+8YxVfqJvHB87dyTd\1fvEsZ7fQd8f+0bSO9\re2g4fRrLa2tIlU2jjh4e2Bxl4\QY1y6ZxrXd81k2C2jv4u+DgBAp5q1Yyb+PYp4MPH97979\Hiz+QWPu9MnD\Bx7vKOlibf9dP\Ir6f0n0aZTtB3ozaDHu\8zCvl8mc18tBeR8wvgHrG3oujrh\O7dzzd17uODsedyweCbrqqZQvXARH124gPWbNvH2X8eGff5frFtANVE2PrOZu5oB6vnYc6X85\mz+OA1V9NcVkppKk79jkH7M\j4AHS28Pb7dx35\QmD5\fQ16+AFNeUZiZt8+GDBASE4jO4smYqAHXnXMuecxhizeI63vRsE89EjuF45On8HBx\+HCczzONhXOKCILUgPfHfctXrebJGy9n5v69fOzB3TxXNY8f\9HlrCnLLpBK0xGNsbktxbmzs7dM5zx\0EUh5+FgmPHmvLvtaeZL365nQ+jI+R+8jQAIKufx4z8cxRh3bufqu\dw4dnzuHHxTM4dJq8cx\Ed93gQEATR\q+BPifGV\bVsXo2bH55Dw1BMPL7o1Gef6m2rSTbZ1K8qJpwzvYf\3UbDUvLWDhzJgRtA58\+PqU3daI+8Mg2bGmR5HnzPU1ym17D3N91UzWrAoIWqpYMwNadrXwQBD0vz71NPM3367nWzkbHPH6lPN6GgLIuUaMNJeGPb+G21\jxo0bN27cuHGk0QkffRHls8En+0TrD9YXT3cx9w0VrAlD7FBn5q7PnjQxoG5mTV\NL7N8mvTB14ju3JOpKUSbie\cSrJxP1\ZuJm3\9uznHHfZu5qSsC0uVx3Zs4Go63c9\g+PvVyOx1M5fKLTufNPf0fMR8y\iRAhKrpRQMvtkGU95YWAQmac28OLg1xTSLn+UEPH586BYjRsB9COWO9c5ix\l7uWEdxPPOtP9iQ5Zev5JOryyntOMgdP3qBpd94hjO+9SyXfHcPzcEwKzja8Rxuezk5GyCI8r6j5CwEMGgbY5lfA8YztYhSoKOrnd198VY++9AOnuqOUF1RCvFDPPBs+\DPP0K\4cVtfG1PEmbU8d9WHvv+D1n\oHOuP54552I79\TX3wEoompR\29fhUiTXlVEDdAR6yEExNJQWlbEmxKD3swsDlMBdHRn\iEtd7nc\QkWhzN36HTHcp4f5\lXtnHvz\fxdBSqV63gf1d2ZfPXRbLxVeKHDnDfs1v5g+89x9oNL\AHz7fRQSkXrVpw1OObr\0Ne6PEiLBu8Xzm9qSGLh\v4dYFsykvKqEj1jam4z+csZ3vA+cCQLAyMxdaDme+ZHNwjnvXl5vjIxm4\RQdcaB8Crdmr+F98Z49xLa9Sqp7wGQ9yvqG6Q+aSx8+wlwa1fryvD\QHL54\iLqwj08\MxmLvmXpzjjW8+w9ju\5rGO4ZYfnP80Qc61YOj2jiN\2bwkjnKOj\fxHHt\If\6Z59kz1++kVvbowwWootv78\eLZq9Af+En9+Nh6jvgvKKafz1nOnQ1c3GdniwNUqMKSy4bDrLS2Hz3p3Z58\hr0c5T4bf\558OmegfkOZedBsjt9hOdPnn6usb1eHm19Q8\FvuVzchAiTmr\VmL79vHUi9v5+AMvsHbDU1zz+H4a0hGWL6vj2hG2V14EkKB9R\6G1\czC2vdBKbNpXqMDRs38ldRxjvCT+eHSWZu\3o4ZVt0czxWzuPi2YAhzt5cOuBQf+1Up8AKqu4cUn8uI5HvvcbtvXQANQtnMt7OuJDl091csmKGdSFI8QSMV4gwhfXn8GasgSbX97GNf\yFEs3PMPaf\sNf78\wbEYOr5uOuNA2RTOnRMfGE+0kti6mfgw183+50f461GNMZPXeDavHxshr\mUr2PtN7zcxeZ0hDXzazj\jBnUpTt54eXoCVn\F\oepr+Zj1fKBl4\Q6KkgQAQWTA8kd+PzKW6+Po8tz3\KfbeCEOa+bX8t5lFVTTwwsvH8jG++fcujkD39+GEq3Ec+bc8OMbeI0YaS6NZv\s27dv3759+\YH96UjsQA8wfV+on9wywiP51W8dx96mkkc2k\yUKZN7NtKzYxF\OsbqoA4T29pzDzv2TY2J6B0\ny+WradZGcnqcOHSO6L8dVPfIw9X7qaf1wacO4Vb2Pbl67nJ+uaSbS3ku7qJLl7M79uzf5Fr\c3PzNbz\zvxXq+1pSE2Yv560vCmTsjA7I3QqRIt7WTjqUINh9mcxrqli7goz17SB7uIN3ZQjyYw0fqpkIyxiu5v6U6o5L3LW0m0dFO+vBBEkEN764rhe5uHt4C5wwYaxuprg5Su1\JGWse529U+U0THBqY3+ShZpKH9pOOQ7BgOtXA7von+OctLaS62kkd2Mnys2azpjQnP4OOZ3KE4xn03SmeImjrIBVLwuauATlLHe4k3dlMIqjsy9nmTcGQnCU7OkgdPkAiqM3Zxmjn1zDHJft7z+XzZvNfo3tJHe4k1bGXRGMzvTfiEg4xJ2gmnTrC8c2dun2P97DhF408FYPq+VWZr23uvT6MYf9753vQO9+fbR1wziU6O0gfbh1wzv2vpbnjmsp5K8uoOXCIdFcbyX0xvrymmnLibN55gCDYywuHgNk13LRkf+a86Gojue8gnzmzlmrSNBzYA6NcbsDxAIKgic9uaqeDcq667DQu7klBzVk8dtvH2faRudQ0HyDV1Um6s5FfvtZKFCBSlJ\nz2jizzfweCcwfzn\uj5Ozb79mfx2tZJq3s5Fa1bzh3URiLbzwJPRMRz\wcd10Hk4ZP4NvJ72zYUVU6g50Jo5r5sPctvK3rnQAsE+nu8by77M+dbVSmrAWJoGrpJB+z\g8d1sPJiG0mquXX+Y+KG2zHYP7eaiN7+dpr\9OL+6pjL3STnXl+HWR9+NcEH8AOmuKOmaM7NzqZaa5oMkuzpIdzblzKVIfs2PY44Pl+fZ1M0ADjVx+8ad7OrKXr9SlVxWExlw3PqvBb35byU14FrQMnDRYIz5O0peUiPkJX+O72jje3mhMw2lNfzh+2dzVfsWEs2Z189k825i7Wn+92lzgDiN+zj+83vwcQ0CCA7wdGsCZs3mHbMixDp6eDAI4NkeGijlvJVVlHOYzZvHPk+GnG9jnAfjn59jjA8+7kd6\jB5Gpq\gXlPjvr1cvjtEOwalINW0l0dJA\tYn1fDqoIgiX8x6evp+nWNbxnX3Pm\fDhVl58qYX2BBCKjLh\jfE0MINz18WIt7Zmxru\nsThZN8wKiJRajvjIx+fAQdzFMe\d\l0bMD70cSB3cR37uWT163l8hkQO3CIOxsgCLq5tW42pcDmna\zp49t4ZbHtnJLtv3Tx15hw94YMJWLzqghNcLx2DToeIz7\DuWeMNuHtifhhl1\PfrprB8TxPJzo6+eVEzdzl\vbIcUj1s\N0+CGpYNhPoaeb7P9zMS12dpDqbSXQn+XDtjN4JmF0\A\p97ZHmaQBB0MY9zVGgnIvOKaWm+QDprk5S7Y3ULD2bV+68kVeuXzHwvBuwf\1j\MEPX+F3XZm\zyW6EzljZMg8T42Q17zO30jxwdeDtj28cBBKayv5i5pyONjJX7X1nj+5Bz\nfBrl+fdCNAXhSi5bFyPRmr2uH2jmo+dUUwc0tLWM\PyBAx3V\vUvPjDPL2XzHB+S597n72LjgTTUzOLGyqnQ1sk9Db3x9kFzLvN+I9XeNGDODTevM89f2jeXfj\7fj11+BAvvnQgO5eK8mt+GDdu3Lhx48YnVFw6Er8CeoILEYIQhIKBLcHwj+dVHIASzjznEh5bQ\ZxKC0vp25aBEhT\9o2Praldz8b+dq2Kr6+spzrPvI+1mzdycuxaaw5rZbl06Fjzz6+siNEQ\IwDcunseaCq\jV\L08fzBG+Zx5vGHx1EwhZPCP44UgFMTY8EQz175nHqvPPIMvb3mBv2gvoyUFMJPLP3A6X23o4taXd3Dn6zP5+ukL+Ks\vpLLt+yhuXQO65fNoaooTf1rDdyR3Y+MUtZf+U4eW9nIy51TWbe6hrqiJE\Zgf3hYD6QWM9EKO8MmesT+Vx\kaV3+m85aOX8FjQn9\etn7nq9y0P0HLGVC39ioenbqTl7tLqK6bz0WVxZnf+grSfU\JPZ6PjnA8Q0GI5lQAzOQtH1jBP+zu4tZXtnPn1gq+vjInZyVzWL88m7MtDXw5Ow+Oug1CsG0082uY49K0lXsbZ\L5BbX8l09ezrlbmumYXs36JTMpD6dpaIlRUTWLD\7+pSR+uZ3bd0SHP765Uzf38Y49fO63s\jR+RV9BeAQIegY\f73zve39M33Jr62vZqvn54957bs5OV4zjnXtI87d2a3A0CK0kVv4uFP7uHJXQnqVixgzYwIHU0N3LYFQsS47Tf7ueBtNax\5zv51cpGnm+LsDy7XKxtP3f+GhjlcqGcmdG7vw0vbuO+ZWu5oXIRf3nRXt72wgFe6Khi2fxVPHzzHJ7b3k7H1ArWLamhmiRPv75zyHU0L86fUcXb+NSv9vGjy2pZfd7lPL6ynd9s209zopS60+ayblYJpHq4b+PmzNcjBqM9\kOPa2Z7gy6dveMYdD3tVb7s\Mxc2Bml5rRFrJsVoWNPA7e9FoJQlNuf28+Fb69h\Tuv5smVjTzfGmH56TljeWaE9Y+w3bs2tXBtdQ3LzruSVxbu4tGGFFUL5\KGmjKItnPvc4cG7VroiPsRioWJActPeyP\O3WQx58+yAsd1Sybv5qHb67kuW3tdEyvYN3i7FzauivP5sexxofLcxeN3bCschkPf7SYR5sSlM6qZv3i8r7rDamA\h9AT1G6qDf\Ceqyee3P\3Hk7xjzkj\Hd\Txux7fzYXvXswFi9Zy15+dyZfbO9gfBaZMo66ihNIwdDTtGeP1dcBJ0H9+Dzmu7dxfDBv2d\PpBRVUT4P63buz+eqgoauWZdMi0NbDAx296xn9PBlyvgVjmwf5kJ9jig8+7kd6\jB5YsjjA\P+5BheL4fbDoS468WcHCzYxaNNKaoW5OTgNwcJAY+3zufCBXX8zafLuXZbMy1k3x+UpqnfvpcHR9i\u15o4dora1h21qX8dnYjT+6H5csWsKYiAtEeNqdKWb3sXB74vV187Gf72Dzc8Rl4MI9+\HuXL6\l0Y\O6n8\Gi6lpnIq5WEg2s6dP99FQwhCxUu4bEEEEh089KvowOOfXe99L3VyU10pC+uq+euyLaM6HuM+\44pHuUrj+1mzbvquHTZ+Tz8uTU8v3MPu7uK+uZFKUmefuZVPtsYgtAhXjlcx4WV8\nMzRHO295BbEYl6xfPpir7Lw9BOgGhkiHXgd7tH3GeZvP59G\28fSCxVyw7AIev3k\j25vp3TOPN5QN53yVA\3vbi7P2\Z59G3vkO80lXHhXPm8+c3R1i3rYNY+eAxxgnRNKZ5np\5G+31pfdroKtYUwqbf5fz\nhQnsZ6\j341B7eX7OYC866lBdmN\LkvhTVixZwUVUJsbb93PZIx8jPHzTS0exf\9KjzXNJ3\PvajrMzfNmsXwWNLzewtM563\6uUFzbls7pZU5c27T7uGPVxCCUCOPt87jwgV1fOnT5bx7yFzaw4Oj3D\jxo0bN27cuPHBcelILABPcEGQpu9M7\3kx0TpZ28GKa+c1f8PgwDpNB2dnWx8cRu3vHSYvn9QDmDjxuf5VHQ1n19ZwfKVK1gOkEpSv3U7tzy2l91BAA31fGxjmn+4oIrVdYu4bnF2nYdauO2xLdwThDIbD2UHEWQ\x9y2gzu2zuRbq2bxe29dydfv38kDrx7kxtq5rF60lOtq2tn00kvcs\EVPhNbys0rKrjo7BUAxKI9PPTbHXzqN4f6xwsQPcAD+6dz2eIlLA9DLNrNA89s5ZaXsz8S2\D6yGPduJV78ilfx5TfCNW1s6hmqFB7QLBxM5+ZeSZfOKM\n7FoDw89v4PmRSv4SGU5axYEBI2jPJ5BMChnbWzavJl7Hn+Fz8SHydkL2\nUC2394x92Gz088MyWzDZGPb+GPz7f+NEmYpefwc2LZrL+7JkAdHR18cBvX+eWl7u47Pyz+J+rp1BdFmQ\zTXM8Y0AZD4lHgyK7\7t69yz5FxurglDJNJ3fdg4yv0ffr6\wKd6VmXOuTMGnXOP7mF373yPhIEYDz0X49xz5nHVOiCdpH7HLm55uCnztddBADvr+djGJF84r4YLlyzlunB2fTt2ccdDDWzsXd+Rlnu4kY2964tkv8gi3Hs8evjSMy1c+o4alp97Nn9R\yKfebie6GWLeXdVDZevq+nb\wee3MItLwfHNr\zpb9zG1f\oIPPX7SQ98+dwUVnV2TiqSQtLS187ZdbuaeF7HPGcPxzj2vf9rJvGfrums6OJ1IEhCGcJghC2VMpzlOvdbFwyTyuOq93zmzjlsf2ZecCsPP1gWM5bVCO+9bfO5bM+vv2f0DuM+t728+SfOuCGi6sWsR1NfSdm3ds3Mo9bdkC5WjXt2UPPz1zBh+pquWqdZXM7HmGP8idS+cNmksvpQe8XuXF\Dim\qA8AwT7+OgvpvCd9TVcWLuI62qzudrVyF91zeIf1kxj4byZBK+2Z49jnIeejXLuudn8D7kW9B7vImCM+du6d1Befp3Jy6WLeXd1bl66eeDJrTnneL4c3zH025r40A\jfP6ihby7ppSqWf3vl2LRbjZubeS2pzK\KT+m8zvcm+MIfb+lPsx8\97LIXjuMPXnVLA6HKV+W+\1oIWn25Zy2bQiGg7u56m+68ER5snhmfzDmdNZOD93ntB\vvXu\676I8+D3l9JyIf8jLWfe9xH8\59yOvbCNfnY369HHl9fTmozuZxwLmYWd83\vNlSq84nRvr+t\TEIvy1O9289lftRKMdD1syFn\vEVctyA73t1NfO1XO3mAuXz9qsWsm1ZKFYPmR+\6wtm\RAx+PRrpePYuXzqV5bWZ3\XtFYvFqd\fktl2dn5dePF81oShpbGZr420\oZdbDxQyUcq53DeuSXcfqzHYyL02xr56L1tfOQty7l50VTWrVzBOsjMi7ZW7vnNNu6oz37FfNDDl362g6orF3HlzFquWlcLqSQNLfu57fUSbr54FnWVSwiCxuz7ByCS+3rc+3e0nNeH3POnd\62NfGhH6b5h7cu4LI5NVy1riYznq52vvHr17ljZ\ban\u8vv3r5ks\20nVFXWZMZ43zBirlhDQmJ3nK4bP61Nt2XXmWb6O8Xq0+6XDbF41g9Uc5qmnco7X4Ov1WM+\tkY+9OM0\3BZHVcOc85vPNLzwznvSXpfr466fDib757h89y8n9vqc\IcNPQ\mDvHx2OetKenhhS9vA60\7oDl3Xu+ca+Mbv97GHbuCvmOaaQdev0a8Zr64i88+3ZYzP\Ngfti3b9++ffv2J1ZfOoJQ0Peve5poFv\jI4RLy8Z7GBpWLf\2R6dxIQe441+3ZH7DWMfhVBxPcyadCDdc9QY+XwdPPfkcH355vEcjSZIkjUJiJvfesJqLovu55P\UZz5gJUmSlOfSsR52\ulbx3sYOgYdHR0AbNq06YSve+3atYB3AE941u\zVX9egiDwwzjH7VQcT3MmnQh9506QvfNBkiRJylNB9CCpnigL3nQa55XB5vqGzDeLSZIkSROcBeAJLjS4E9jPm37Ow6F8GM9E7+c8fNKOZ+42xnt\7dufoP3QoIfHezz27du3b9++ffv27Y\Uv\by9dxUVUxNTTmlsTYeeDJKKI\GZ9++ffv27du3f6R+blcazALwBBcEwcATP8B+XvSH+f2qvBrfROufiuOZs40g53ev8mL\7dufQP3hfj84n8Zn3759+\bt27dv335vf9o0ls+dAoluHvr163yDIL\GZ9++ffv27du3f6S+dAT+BvAEtvgfHyFUUtp3vg9tQwQExo0bN27cuHHjxo0bN27cuHHjxo0bN27cuHHjxgsono5H\Q3gCepU\AawBeAJbPE\PkKouITMKd8rsG\fvn379u3bt2\fvn379u3bt2\fvn379u3bt1\A\SARswA8QZ2KAnD4hK9Zp1io73QP2bdv3759+\bt27dv3759+\bt27dv3759+\bt258EfWlk3gE8gS3+x0cIFZWMvECIzAdCjBs3bty4cePGjRs3bty4cePGjRs3bty4cePGjRdMPEjEvQN4gvIOYI1OaITWuHHjxo0bN27cuHHjxo0bN27cuHHjxo0bN27ceGHGpRF4B\AElrkDuHi8hyFJkiRJkiRJkqRTKEgmvAN4gvIOYEmSJEmSJEmSJEnSqBWN9wB0fIIgIETmq+BtbW1tbW1tbW1tbW1tbW1tbW1tbW1tbW1tC7+VjsQ7gCe4UPb\Mm1ohNa4cePGjRs3bty4cePGjRs3bty4cePGjRs3btx4ocSlI7EAPMEF2f\LtMEIrXHjxo0bN27cuHHjxo0bN27cuHHjxo0bN27cuPFCiUtHEgoCZ8lEtfgfHyEU8Vu8JUmSJEmSJEmSJpMglWTnn751vIehY9DR0QHApk2bTvi6165dC\gbwBOe9XtJkiRJkiRJkiRJvSwAT3B+y7skSZIkSZIkSdLk4u2BOhILwBNcEAQDq8AB9u3bt2\fvn379u3bt2\fvn379u3bt2\fvn379gu5Lx2BBeCJLjTofB908gfGjRs3bty4cePGjRs3bty4cePGjRs3bty4cePGCyuONDILwBNYJBQiFQRHOMlDgHHjxo0bN27cuHHjxo0bN27cuHHjxo0bN27cuPFCikdCoRGjUni8B6Bjt7CiDIAQoRFajBs3bty4cePGjRs3bty4cePGjRs3bty4cePGjRdYvLdGJA0ncvvtt98+3oPQsYml0jzVcCjzCZCAzBlva2tra2tra2tra2tra2tra2tra2tra2trW7BtOAR\fN5izps3E008sVgMgH379p3wddfW1gLeATyhfXLdIiqnlhBEuyCUOe9tbW1tbW1tbW1tbW1S7Fu2AAAgAElEQVRtbW1tbW1tbW1tbW1tC7MNYl1UTi3hk+sWIY0kFARBMN6D0LHbebCDd335mxxMFxGeM5fItHIIWdeXJEmSJEmSJEkqCEGaVFcH6YN7mRNO8uDnPs7iOeXjPSodo46ODgA2bdp0wte9du1awAJwwfjaT57g3ic2sWt\M6lUeryHI0mSJEmSJEmSpBMgEgmzqKaa6y9ey81XXTzew9FxsgAsSZIkSZIkSZIkSQXiVBSA\a5gSZIkSZIkSZIkSSoQFoAlSZIkSZIkSZIkqUBYAJYkSZIkSZIkSZKkAmEBWJIkSZIkSZIkSZIKhAVgSZIkSZIkSZIkSSoQFoAlSZIkSZIkSZIkqUBYAJYkSZIkSZIkSZKkAmEBWJIkSZIkSZIkSZIKhAVgSZIkSZIkSZIkSSoQFoAlSZIkSZIkSZIkqUBYAJYkSZIkSZIkSZKkAmEBWJIkSZIkSZIkSZIKhAVgSZIkSZIkSZIkSSoQFoAlSZIkSZIkSZIkqUBYAJYkSZIkSZIkSZKkAmEBWJIkSZIkSZIkSZIKhAVgSZIkSZIkSZIkSSoQFoAlSZIkSZIkSZIkqUBYAJYkSZIkSZIkSZKkAmEBWJIkSZIkSZIkSZIKhAVgSZIkSZIkSZIkSSoQFoAlSZIkSZIkSZIkqUBYAJYkSZIkSZIkSZKkAmEBWJIkSZIkSZIkSZIKhAVgSZIkSZIkSZIkSSoQFoAlSZIkSZIkSZIkqUBYAJYkSZIkSZIkSZKkAmEBWJIkSZIkSZIkSZIKhAVgSZIkSZIkSZIkSSoQReM9AB277du3j\cQJEmSJEmSJEmSNA6WLl063kNQnrIAPMHV1taO9xDyViKRoLW1lVmzZlFcXDzew9EpYM7zm\mRJEmSJEmSpBNj37594z0E5TG\AloFq7i4mBkzZtDa2koikRjv4egUMOf5zfxIkiRJkiRJknTyWQBWQSsrK7PgNMmY8\xmfiRJkiRJkiRJOrksAKvgWXCafMx5fjM\kiRJkiRJkiSdPBaANSlYcJp8zHl+Mz+SJEmSJEmSJJ0cFoA1aVhwmnzMeX4zP5IkSZIkSZIknXgWgDWpWHCafMx5fjM\kiRJkiRJkiSdWBaANelYcJp8zHl+Mz+SJEmSJEmSJJ04FoA1KVlwmnzMeX4zP5IkSZIkSZIknRgWgDVpWXCafMx5fjM\kiRJkiRJkiQdPwvAmtQsOE0+5jy\mR9JkiRJkiRJko6PBWBNehacJh9znt\MjyRJkiRJkiRJx84CsIQFp8nInOc38yNJkiRJkiRJ0rGxACxlWXCafMx5fjM\kiRJkiRJkiSNXdF4D0CFLkrTiwf5QVuaqsqZfGD1jP5QTys\efYw27Ld0xbUcNVpJeMyyl5lZWUAtLa2MmvWLIqLi8d1PDr5zHl+Mz+SJEmSJEmSJI2NBWCdPKnDPLFxPze1BZl+y35+0BLlmxdXMSMCdPTw45YYT2QXv3hqbNwLwGDBaTIy5\nN\EiSJEmSJEmSNHp+BbROjo6DfOMn+\qLv1mvHWjnyp81sf0wEA4PmIDhcP5MR796dvIx5\nN\EiSJEmSJEmSNDr5U3FT4Wjaw60\b+WfYr0PhHjX7CJWZXudXT28+5Fd\ORAQCjnaaE8m44WnCYfc57fzI8kSZIkSZIkSUfnV0DrBEpz4KVG\mRLnNd6Hyoq4Svrl\GuuiLYvYObftHJwwGQTPDZzflfwPGrZycfc57fzI8kSZIkSZIkSUeWX7dcauJK9fDiEzt5R07xt7R0Kg9es5J3zWrlwV800Fi7hLuuqebW0nEd6Zh51+HkY87zm\mRJEmSJEmSJGlkFoB1\BLt\OSRPVy\P03vtz6vmjObx9+zjFXRBu748V5u3dXKFT\YwsZEFX\ynkVsmB064irzzXgUnDqf38FZ99dz1k\30XlKtjgOWlr4xmP7ODDe4xjGqcl5Jz\4z3rO+s89p\gYjNd2TxyLwJIkSZIkSZIkDc8CsI7PoWbu\EkLn+0M+h66Yul8HnznXEq31POen7byrXjm8Vg8xo0\3cK9O4q59OrTeHhREeU5q3p6zyFe7Eif2vGPwaktOHXzRHOK+UUhSru6+XHjSd7cOHnxpXb+qduc69iYH0mSJEmSJEmShrIArGMWq2\k+sc6+HZf3SXCrect5a71FTQ+\Trv+U03m4Y8K8kXntrGZ5\u4bRLTufx86ZyTu\6Yj1c\NdfHdn9FTtwpidsoJTYyvf7YLLTqvgvaS5Z9vBk7etcRQOAaEw+fwrric350UUj8sxmM0H33sW9e9dwtxTut0TzyKwJEmSJEmSJEkDFY33ADQRpWh6vpGbdiTY3vtQUSkb3raMS2cfZuOPX+Xmg0Hf10EPFXD\601sbo\ynbct43vTd\G5J9v5XhIIUtzxmyZeO1jJ7esqTsXOjFlZWRkAra2tzJo1i+LiE1+6294QZRMl3Li8hvKWNv6tpYtne+bwxrLBS6Y58Ooe\r4+yqMxiAFnz5jC\eGebxxdngMy6Q4sHkvf7\9SMsc4M7729i+qIa73jAjZwyDH+\tV\JpOritMc6LKZhRFOGPTq\ixjOmk\kK4v3cHgU4zMX313PxkPXmj1OR86MbTY6gL99bo\wkAaWRCJ9YWcXZe\dxQ\dUHrt6HpV0cP\9TfwF03ninbVU9OZjagWPzY1yx5YYjyShNBLmugWz+fQbZpLPP92dH\mRJEmSJEmSJCk\eAewxqzzpUbenVP8LZ8+nYevOZ1Lpxzi3h\u4sYjFn\7vdp8kEv+7zbqZy3iy9fM5fbpvZGAH+xo4c5X8\duvpN612HqII\uC2DGVM6vKOL8RWWUEue7r3QPWjBN03O7eMfmKE+ESvjc8gruWlRC6eEoN\yyiRd7xrLMbt7xapTXiqbwhTNylnlsFz\Ye2xf0by96SDX70nx1sUVbDhtCheHUvzT5ma+2whQyptOr+AzM4CSUv7ujAo+sTCfS4zjfafp6HMUe62JGzZHeSJSwu3LK\hCFfx8837u6MhdX5JEAARpBuxJRwc3vJJg\vxyNiyfygeK03x31wHufDl+anbzOHgnsCRJkiRJkiRJGd4BrDGbsWo2\71hP3\ZDefMreabb6mlvGknn32yg\uTY1tXZ1cXV\7oNe5683I+fG0JCx7azU0HA5g6nQ+tyO+7+E7aXYevd\P\p+DDddVMTyVJnTGdD\+2h282d9DJVPruke05yLd3pWDmLJ6+ZiFTQpmH375jG+99sptHtkU5+7TOoy8zv407d6Womj2bB9+5oH+Z1gZu\1ErX958kHfOraKUCBEgEh582Rj8eKbfFJRw91UrWD8zRAi4dOkOun7eyRN7O\nAgtksPWsmh\f8DpIlrH\DIipTCXpi+V24G7c7TVubR5ej1EHueTVG09QZPHTdEhZGAALe+eLrvPvFKBT3ftV09qunGdRPhvnoJSv4wKLiTM7euIei7xzgm80dfJ7KU7Ovx8E7gSVJkiRJkiRJ8g5gHYPI1Go+cEU1G9Yu4ntvq6W8eSefenzsxd8+yTg3PbaVh9oquPSdZ\Dwqgq+d8VSlpbl\TMveuwp6fnBKwxzrONMWKUcsXKYlLJFAkqubY2BF09\LgxZ9HGKD8EPrxkHlNIk0olSaXSsOQ07r9+NZ87e8qoluncFeMRQtywekFmmWR2mVnzeH9tiFhbN88ey67NnM7FMyFIJUmm0gRzp7AMeKIrBqRJp5Kkg8yi6WSSVPrY7jQ+1U58zo9u1Dna2cMPU\DeJfNYGM7mOw1lZ1dyw5CvDx9G2VQuXlREkEqRTKVIh6eyrAzoSXDgJO\jiTIe+ZEkSZIkSZIkKZ94B7DGLBVPkppey6VnQZBOkoglR\WVz0dZKwc646Rml7DgvEUQpEhEJ05BMB6P097e3tc\Zq2H+G4blM6ezjlTkiRjQCLEyroyFuzr5p5tB\nAgjkAHOhIESPCsjkQ64mSyq4iVDyFsuIw4aLIqJaJJdNAMQuqk8R64v3LREqpnBoG0hzsAMa6W+EQyVgP8d4VFvXmMwykSMRTZOq\Ael4nPz\kuF+JzTnozDqHMUDGomwurqIRDSa+ZpnIFIyk2XTG+Hw0bdVnIgS7X1iKEUma6ETvEcn16nOjyRJkiRJkiRJ+cQCsMYuSBCLhyiNpInHkwTh8Ii3kpeWFPHh2cVkft01zSstMR5PDbdkiOJwklhPmuLSYkLJWF\xKt\19PQQi8WoqKg47kJT5\YojwAcOsia7xwcukBLF8\2zOGNZUC2fJpO9xcEAYJElO6+b1I++jJF2dpekIyTyvnG3CAVp7dkGzmWm7GDgETuRpO9o5lYxcThnMicj8ZocxTL3lIdBMkB508qniI1qvMpIJ37xJw\TqQvUz7V+ZEkSZIkSZIkKZ9YANaxScWJDVvIHejDq1fxuTNzHvjdFpZtOtL9wmkSseO\n\hU6enpobOz8wT93mg7P96TBEq4\azp1CVSfcU9IhFi+9u5qSXOd1\p5o3rplI7u4TSHT1sO5CC2bkV2gP80\fbeHF+Jf9ac\RlvjYtAiRoaIY3zc8dT4rmrjRQwoJq+oqB9dE4A24HbkmwjeHLuhOkhj8mJzbnozOlZHQ5mtJdxALibN7fw9WVJTnLHaK+65QMddyNR34kSZIkSZIkScon+f8jq5rgAtLpdPa\gCBUOFPuhBeaGg7zwxgsqJ3Jh9cu4M1vWMSlvf+du4Ar3jidK4BH9rTSBITqpvJe4Du7Dgz4Cu7Yq938JIAzZpaPapkZS6ZwBQHf2tIy8Ku8Ow5w\6A0ooyVkUAIlREoLEjSmffQmmatnfxi+Pf+wlhvIqLo81R+LTpvC8C9+86QFPuBzQaOrh\EvwcrsVfSZIkSZIkSZK8A1gnWZDuIRrt74cmxs\6HtWJLzSleW17lFeJcPvpNaSTSQYfqtCsWj48u52HD0X5SX2aG1dVc8PSdr63vYP3\zTOJ+pKmdHZzT81JjgwtYJPri0lkT76MkGwgM8t3coV29t5\09jmWW6e\j27jjPUsSX181jRipOnFlcUt3CV\d28iePpvhEbREt+w9zZ0eYS0uG3amjKikOQU8P3\ptC2+ZW8HZtce4olPgpBYX41G+\osGpg0JRHjz2fNYVzPKHBVX8\FV7Wx4qZv3\XQ3n15YRlVPJt87TuyI847FX0mSJEmSJEmSMiwA65QKCuBLgU9KoannID9oCWD6dN61MEUsGh96pIpKOX\ZVBY8280Pm1q58fS5zF9\Oo\P2MHfvNbNba9GiYVCvK1mDne\dT5z0j1EU8VHXyZdwvz1K3h8+g7+ZktPZhng7JnTuO+CxZxbCfEegDCr3lLHvY82cdv+bm5qhaXTSvlfl1ex75eNPHwMu73q9Ao+fLCNu7e18+\tIZ6rrTzeI3lSnPTiYirJv7ckhwmEmR+Ds1Oh0eUokab4nGU8HN7GX22OcvvrcUojET5xZhXz6lv43IkfeV6w+CtJkiRJkiRJUr9QEAQTvyI3SW3fvp3a2trxHgYc2Md\efwwjw8T+tjZy7hlec4Drzdy1ovRYZaM8KVLl3BNftb\+py8QlOIkillFIUhnegmmhhumQglZaUUhSCd7CEah+LSKRRHQhCkSaXSEI4QCYcgSJHoiZEgdGzLhMKEI2FCBKQSUWKJAAhRPKWM4jAEQYp0CgiHiYQhIASpBD2xBFDClKlFhNNJuqPxnPEPfbx4ylSKw5BOJUmnU8QTo\hh6VPs5BYXiyktKyYSCgjSw388Ip2MEk+ONkcQKS2jtHe5dBpCESLhVr73vUY+N3U2r142m0TvdumdA4P7g8Y35PH8YfFXkiRJkiRJ0mS0b98+li5dOt7D0DHo6OgAYNOmTSd83WvXrgW8A1gnQm0Vt60r5eNDqkPFLF0J5Nb0VlbzYNBF+5BFSzm7FhjuJsg8cVILTZFiImEgSJEcscqWIpFKU1QUJhwuJkScRCxKUFJKcSRMpCjz+8pBOkkiFs8eymCUy8QISkoGLhOkSSZixJO9ZcmARCxOqLSYonCESBEQpEnGU4SKi4\pB8WTqRRF4QjhSBHhEHlXAD51xcUQoXCI0JDHe4vCo8xR237+26OHCZ82n69eOJtIZlKR3tXGQz1w6dypJ3EfTj2Lv5IkSZIkSZIkDWUBWCfAVBasnsHCYSLpZDfR3JpepJxVa2cOs2RAKt5D7CSN8Hid\K8AjtPTHT\qYkE8ysDFApLx6FHq5qNZJj2KZYAgSTyaZMhIB1St40SH3ZehjweJGD35eFspp6q4mCA26gMwihzNnMFbp3Vya30T6cPt\N6sMLHe3wouKuN7Z5WTyd7g7Y40jrGM79Sy+CtJkiRJkiRJ0vAsAOv4JZMkw8Gwdy+mB9eOEkkShIddNpWnd\9aaJp8JmzOi2ZxzdVFVG7cwx0tndywDwiFeOucch64cCGrpqXpyddPWYzBhM2PJEmSJEmSJEmngAVgnQApEvFRfnVvkCRx9Btd84aFpslnQuc8mSJdNpMLr5jJj9IpUumAUN9vBadJxvLzbt6xmND5kSRJkiRJkiTpFLAALI3AQtPkM\FzniQWg5KSzO80Z38qmCCdIpGIk2c\sTxmEz8\kiRJkiRJkiSdfBaApWFYaJp8Cibn6RF+p3mCK5j8SJIkSZIkSZJ0koXHewBSvrHQNPmY8\xmfiRJkiRJkiRJGj0LwFIOC02TjznPb+ZHkiRJkiRJkqSxsQAsZVlomnzMeX4zP5IkSZIkSZIkjZ0FYAkLTZOROc9v5keSJEmSJEmSpGNjAViTnoWmycec5zfzI0mSJEmSJEnSsbMArEnNQtPkY87zm\mRJEmSJEmSJOn4WADWpGWhafIx5\nN\EiSJEmSJEmSdPwsAGtSstA0+Zjz\GZ+JEmSJEmSJEk6MSwAa9Kx0DT5mPP8Zn4kSZIkSZIkSTpxLABrUrHQNPmY8\xmfiRJkiRJkiRJOrEsAGvSsNA0+Zjz\GZ+JEmSJEmSJEk68SwAa1Kw0DT5mPP8Zn4kSZIkSZIkSTo5LACr4FlomnzMeX4zP5IkSZIkSZIknTwWgFXQLDRNPuY8v5kfSZIkSZIkSZJOrqLxHoCOz759+8Z7CBPCwYMHx3sIOsXMeX4zP5IkSZIkSZIknRwWgCewpUuXjvcQ8l4sFqO0tHS8h6FTyJznN\MjSZIkSZIkSdLJ5VdAq6BZaJp8zHl+Mz+SJEmSJEmSJJ1cFoAlSZIkSZIkSZIkqUBYAJYkSZIkSZIkSZKkAmEBWJIkSZIkSZIkSZIKhAVgSZIkSZIkSZIkSSoQFoAlSZIkSZIkSZIkqUBYAJYkSZIkSZIkSZKkAmEBWJIkSZIkSZIkSZIKhAVgSZIkSZIkSZIkSSoQFoAlSZIkSZIkSZIkqUBYAJYkSZIkSZIkSZKkAmEBWJIkSZIkSZIkSZIKhAVgSZIkSZIkSZIkSSoQFoAlSZIkSZIkSZIkqUBYAJYkSZIkSZIkSZKkAmEBWJIkSZIkSZIkSZIKhAVgSZIkSZIkSZIkSSoQFoAlSZIkSZIkSZIkqUBYAJYkSZIkSZIkSZKkAmEBWJIkSZIkSZIkSZIKhAVgSZIkSZIkSZIkSSoQFoAlSZIkSZIkSZIkqUBYAJYkSZIkSZIkSZKkAmEBWJIkSZIkSZIkSZIKhAVgSZIkSZIkSZIkSSoQFoAlSZIkSZIkSZIkqUBYAJYkSZIkSZIkSZKkAmEBWJIkSZIkSZIkSZIKhAVgSZIkSZIkSZIkSSoQReM9AJ0Y7e3tdHV1kUgkCIJgvIcjSZI04YRCIYqLi5k2bRoVFRXjPZxR8T2gJEnS8fE9oCRpIpiIr1caXxaAJ7hkMklzczNFRUVUVlZSVFREOOyN3ZIkSWOVTqdJJpO0trbS1dVFdXU1RUX5+XbZ94CSJEknhu8BJUkTwUR6vVJ+8B3CBNfc3ExZWRnV1dWUlJT4pk+SJOkYhcNhSkpKqKmpYcqUKTQ3N4\3kEbke0BJkqQTw\eAkqSJYCK9Xik\+C5hAmtvbyccDjNr1qzxHookSVJBmT17NpFIhPb29vEeyhC+B5QkSTo5fA8oSZoI8vn1SvnDAvAE1tXVxcyZM8d7GJIkSQWpvLycrq6u8R7GEL4HlCRJOnl8DyhJmgjy9fVK+cMC8ASWSCQoLi4e72FIkiQVpJKSEhKJxHgPYwjfA0qSJJ08vgeUJE0E+fp6pfxhAXgCC4KASCQy3sOQJEkqSJFIhCAIxnsYQ\geUJIk6eTxPaAkaSLI19cr5Q8LwJIkSZIkSZIkSZJUICwAS5IkSZIkSZIkSVKBsAAsSZIkSZIkSZIkSQXCArAkSZIkSZIkSZIkFQgLwJIkSZIkSZIkSZJUICwAS5IkSZIkSZIkSVKBsAAsSZIkSZIkSZIkSQXCArAkSZIkSZIkSZIkFQgLwJIkSZIkSZIkSZJUICwAS5IkSZIkSZIkSVKBsAAsSZIkSZIkSZIkSQXCArAkSZIkSZIkSZIkFQgLwJIkSZIkSZIkSZJUICwAS5IkSZIkSZIkSVKBsAAsSZIkSZIkSeKFv13F0hV\xwundKsHuO+GVSy94fu0nNLtSpJUuCwAS5IkSZIkSZIkSVKBKBrvAUiSJEmSJEmSJqtK3rfhFd433sOQJKmAeAewJEmSJEmSJGlMOl79T+646WrWrljF0hVv4u03\R0Pbo0NWa7lmbu55X1vYumKVZzx5j\mrmcO8PTf5n7l8+CvgM72\bXtDzzL3zqyt7nfojbvr+doVuQJEmDeQewJEmSJEmSJGnUYs\He\54N00rPsoX\jn\87C7lf4P9\4X9xy9S94+T++z+fXlfYt9wcfuZvmiz7K\jnNzNl+\f5xh\EQ\UAguOspHHvsgffL+KS\87\jOrBY23vu3bPjc70PtM3zhotKTvo+SJE1kFoAlSZIkSZIkSaOTepUNf3Y39W\+Ir\4l99nYQTgTVzwjktY88GrueN\fp\r7\sQC7PLNbzli\zsruxyb3kTV5zzd1zzwe1HLwBvX8ANG\+Z983PdC+45DRY9yE2\OpVvnDR2pO7j\+PvfsPjrK+97\Ot+c71I8qYwZOWwQIgdzcFg8041pEzjEKEGE8GNDb6LeBqlG0ISbRloRJaaUUESsEdsY8yWrxdRScMRwC4sQrDW2GL+Q9BuzZ9RlDidQGpQsN550oDlS9gzT+4\sj2uT\ZXfP3g+Zhjd3Wuv67PXXjP7zud9vd8fAABGOFpAAwAAAAAAAABic\Ko9n4prfjeYm\y1ytuqu773jzJuU+\Ox3Y7r684O3GpD6gVTNjOM7MeZp1k3H\k5T8bUknT3lbRQMAgHBIAAMAAAAAAAAAYvP1JZ3VdCVP6t6G+frESZJO6OyfJV28pLNK14xbum43Scm3xXAck\SNfhguAADXIhLAAAAAAAAAAIB+dcVzZaiHAADANYsEMAAAAAAAAAAgNtddr8k6oZYvuid4L7V9ISldyWZpzPjxmqwGfX6q63ZfqeXkoIwUAIBrFglgAAAAAAAAAEBspmXqvpukXb96V2evGp6\elp7f\W+NDVTt98U2G7vni7bnf6N9h4d5DEDAHCN+fuhHgAAAAAAAAAAYLho1q\Ky\VhiFduW7pW82+erlUv5uvAAxt1z4OntfnRTE3+2qW3XntZjhNTterNPCVLUtx0rXo2T6\lb9SSVaf1zIpM\aP7XW1\4V21XDfIHwkAgGsMCWDEpqlC8zY4Ao\H56p8V4Escb3ZmVMV89bLv7fpRdr1sk3mvo\y2uFxy\VxoxqOfaQ6V4vaz3fI433JNM6shAlJSsnI0II758oy0TSkQwUAACNZl7itp8YmyHxDgpKsaUqfdYcyvpOshF7Fjxg4Xb7jJWV6\3HrUA5oWPKcc6m+sUENH9fJ9cd2uS\6o2\FT0iQ+Z9SdEfGAmXNschM+A0AGPGcclQ6Q76yKmOt5t8sjUldr5oD0\XKK1V6rrBal\RNJc8r1OsvP6y7bh7j337M7B\p\V+N149LX9eGwmqNMWfq+1XVGv+LPG0YrI8DAMA1iAQweudCjTa\fofeetQy1CO5tpx3qmZnhao\bPUnfLvyXHTLfdGt2pONqn39JZkmZ6lgQ5Fs0+IHdaiDpeNkrV49JOX9MJubCAAAGG4ut8t9uV3ucy1qPLxHFWOTlfujrSpISxjacV3tUMtvX5Xjap6eWEgEgfDcTTWqrqxW3dmw0bc6zrvVcr5WLcdrVf2iSUlzClS8xqbkcYM61EFD\A0Ao9vtT7l0+qnYtr1++mI9U7lYz0TZbvzMAu04UmB45gvt\V+Spk\SeEnSjbrvFy7d53+96+NozwMAgK5YAxi91r53u\acGepRXCOudsj5xmotenC97BGSv6F4ztapYs39Wv2aUx1Xo28\YlxskWPLCt2\5iXV\vG\h3o0AAAgFpdbVFOyQmv3u4dsCB0nHdr80P1a\WKt\tSToArXlotOVa9ZpBUb7BGSv6F41PphhVbnrZbd2TFgwxsSxN8AgJ669L5+kL5YP3j3q+Dnv2zQkePSXdNuGZpxAQBwDaACGH3Qquqte5RRlackWvkNnKtuOUpWqqKpy8TT2CSlzZmrjFlWzZiepM46mg65\+iS6\gHOnC4Ua2XfRt71LJ3vVZeLtPOx60a+bXAbjk2rlbFiaEeBwAA15osFdcUKS2WTf\qVovLpYa6A3IcN97A5pGrcq3st76lgukDNtDQzjtUsqZCrkE+LEaYcw6tL6yQ83Lw06bJaZo7L0MZ1hmyTPRWsYe7zj0tqlm\Up7nd6oodeRH38TfAIBeuX6msmc\pdU\KpDc+bp\+nhdcR\Vay9U69jUfNVk3zjUIwQAYNQiAYy+OVOtzW9maOeDSUM9ktHpqluOJ1eq4jND8tdkVsajm7RuSbLiuyXe45VsNSvZmiXbo+1y\rpEJb9u8d5qflAAACAASURBVE9EtR8sUUnSTpUvpVkbAADojXgljIuP7WayccmyTkiWdY5NBefrtO2H21R3wfdiu2reqNW9z2driJtBQ1YVvf++ioZ6GMPFOYfWPlohlzH8npChgh+vC72kivE6b3eqemOJ9pz0R99y\LhEN79WLtvEQRk9AADDzDc1v+x97a7aoud+tVHL3VekG6Zq\rIXdLBwsWZcN9TjAwBg9KIFNPqs9Y3tqjk31KMYndz7twUnf8daVVS1S5uWhkr+dhGXIOtDO7RzjUUm\5MeuSpLaN0NAAAG14QsFb9YIIvxuaYjqj8\VAMCQrjqVs3zXZK\qUXa8cam0MnfrhKsyn95p4puC0Tf8rhUsWmPWkfTUiwAAPRE3I2ataZcB4826\RJl043vKsdTy3WjOuHemAAAIxuJIDRKwnjjbUaLtmfr5GbSY3+dd6hbVXGBoUWFVSVyTa5Z7sxL92qTfONE1at2v1WfY\WEQYAAOiziTbdO8f4hEuf\zsRCYYP98FtshtbHE8v0M6ttp4tdxNnlm3LJmWPMzx3Zrd2H+daBwAAAAAMHhLA6JWMH2xS7njDEyfs2rbfPWTjGX08qv+lPWh9uqSH1im3V63j4pX2yGOyGvf+21rVX+zbCAEAAHrGpGRLUA2w3O3tQzQWoIvL9ap+LSj6Vv4TuTL3JPnrE5+mhx8Nir5Vd7heHX0cIgAAAAAAsWINYPROnEX5T9lUt94h37Sd6\VtcswawPWtrnrkdh5R7Xsfqe7fXHK3e++iN8XLPMWijHk5yp6TpqRxod\uObpNi7bUeR+ZZCs7pCJr6G07uVVTuEL2U7632FR2qEgR33KxTiW529ToPUZW6Tsqnm2K9I4w+6lX7W+NveeylL+sD+ssJ8xVzt2vqrXVovSMDGWlpcjStYtdU4XmbXB4H1hU9Oty2SZE27FbjsdXqMJXKTG9SLtetinsCsPe7\DA\lrVn2wNfIcyKWFigpJuzVbWd7M0d5pZphCTbe79a7Wi0tX9hRMVWjGvwv\Q9vz7KkqNMIaTH6junTrVdr2ObkyWZUGWcu6cK8vEaN9b8Ge3rNnlX1u540ydHHtqVfuJS+6Lnfs3JZhlmXmvlufZZO16Xq92qPXo27LX1Ml1xq0Oj\zXdVZuge7NTIre8tuovUV17zn0QX1zYH++MXyr8xxnT4++DnTQ+V5Spvcft0oXW1T7ul2\NCp9suSaZxZltuzlZ1nU9aUmFaEBACgx9pP1emI4wN91ORS6\kObycTkxImWmRdkKWcrGxZwsYtXeIVA1flCs2r9D2yqez9QKwXHHcEvxaeUxXz1ssXUfl\P8NuE4i53MerVbHTIeeZDnlkUsI0q7Lm3aucJVaZ47qMxxhzedxyHj6gt9+vN\zu+85NtpYvzAobH\duzMGxVvupOh15qzYorjKNMytpeoayl+bIlho95gjS3qK6995W7RGnXOfaO7\rsQky35que\vPP\+wp6PXur4uFZ1xvD77nzlTun9\hIyc5T1Wqtap6frjowspVkt3dbOHrhrzID4m\gbAAAAwDWJBDB6zWQtUPHSeq3f700Be1yylzmU9qKtd3fKR9Bx0qHtP7Gr\nyI1mmeDrlPNqrmZKNqKk1KfnCryh60dvuD3fStdKWpzpuc9ajxs1bJGiGpetGl5lOGx55Guc5I1ggTQZ5\a\DuX5IydMftvUj+Sur4wweG\UimzDuUNrZXu\LtQRlPv6OMvuyijzqc1Vr\4z1quRzqVY\az7nVfq5azg+r9dLYZOX9pEz51v6d0Ih6HZ1zyv26U3WvvyJzZoE2PW5TcsQJ0y6utqr2uRK9ctTdrcW2p90t5+EKOQ\vVsbT5dp0t3cC6GytNhe\0n1M3ut6z3ONqtlp06bKIqVFG8tVtxpf26zN+1pCtvj2tLvl\LDzHL8yIUPf37ZJ2T1pKX6uTpuf3Kb6C4Z9XvTu89INsj6frYTw7wYAXPM8anEFJ5LMCVF+Oc43yv6Tzao5GfKXTe3nnKrz\3Z\X1ufye5Zu95hoUOu19Zr\V7j77dH7ScbVXPSJSW\o4LbQr\T\dvNWv+zerm7nR7Dufl1tTIe36pN8\twM2HIYbtU\fR67Qnx3XguutVyvEYVx2tkn5anrc\lyxo1jmlX42sloeOYy+1yO2tV4az1768vyd7uOtT4YVD0rYyMNPUukvcam6HimqGMvom\ib8BAAAAXMtoAY0+MMn6ULFshlbQns\s2na4f1tBuw+u1\1rKkJPGnTjUcuv1+v+Ekf3NYnHWZQ+3bDfRqcijTQ4mStJbjV8GqlNoUeN9XWBh2npsvYyaetyBh85Y1YfJ6CGWEdThVauDzf5FMLlFu1Zv1IVTf3VKK9DLXt7dh25j1Zo9Yr1cpyL8RAXm2Vfs1ovhZh8Ctau+p+uVYXTI51zaG3hS1HH5DnvUMmTe9QaaZ3tDqcqHlqpkjCTT933Wa+XClfEfo49DbJ3mXwKMClryVwmnwAAkZ1z6O0PjU+kKf1b4SOcjqYKrXikJEzytyuP3Edf0uqHKuQcYX122xzbuiR\DaYsV3bI5K9HrfvXauVPQyV\u27qVv2Lq7X2YD\G6Jecqnhsbcjkb7fDn9yj9asr5IwUB151y\HkipjimM79bdaBln5cU\eqS8Hhd+9v5BwuiL+NiL8BAAAAXHuoAEbfxFuVv86m+g2+VtAeuaq2yZEWS\vg6DqaKrT2ZafhD2qTkhcWqCA3S5aJ8Z1tyjwdav30iKp\Vu3\Q97TVKG1lUna+bjV0GrNrLQsi3TCW3lyokGuizaZw9zV7fq0PsRzLnmWZIROxl51qfnjwMO0OWnd2rzFxq3WFuPjZP1z8giegLrsVPW2QKtwmZKV\WiBcu+2KCne+7muetRxzqUjv9yuav8ETrsc26p1x64ifyLdvLRc7y+Vetp62r2\RGtfcwVdR+bMfK17eEHE60iXnaoo3Kz4X25SVpTZlZa9r8jl8Rj2bZN1cufn87S7dOTlzar42HcW2uWoLFHrfznl8kgam6zcH67TvbOTlWDqPB+tf7Br2xaH\HObZ3Zr9\Hc0C3Fr7rl2Fgih2EiyzQhTbkr85U9M1lm7\nznG9R\Tvbtd03SeVxy\HjEt38Wgyt29+rUY0kmczKfnyTHr47WQlxkqe9RfUHXTLPHMHXKABg4F1sVMVT1TLW\5ruzlZGuOq6cw6V\NhhSG6aZE7LVf4j2cqY4m1Ve9Uj95l6HXhpuz9J7DnvUMnGm7UzqCONWbaX35dNks47tPbBCv84jC1kh4ZLNXs7\8+Umqetjy+XdaKpMxZwOlT\1yyFrNs9Va3NJzze9sidcUSO7zf\qkftZ+r1tuG8dMbo1aq\u1gZfeoq0+nIiyXyeFtNd4upLrfKebBa298wJKcvOFRxMEc77wv1aTrkrFyris8MKbQQn6nVeUQ1r9lVe8ojXahXzXt9\xx+51v1H8bHt\yzkvvhPA0Z4m\ibwAAAADXPCqA0WfxqflaN9+Q6vS4ZH\eEbG6NiYd9ar4cfDERW7ZW9rxQ5usk+MDa1SZ4pWUmqtNb+zSprsDswTtB0tUcTT47mqzNd0wSdEo57+HO3irXI0h7uP+uFkhVsDqdLLBsG6YRen\0tv2aW61GVtPy6LkgVpXeRB0fPy2HBd9j5KUX7lDTyy1BiafJCnOpPjJVuVu3KWdhZbA8xcdqv1DH6s7zju0LWjyKUG2rW9p18bcmK4jXa7X9u11ilT7LUkej0dSvNKe3Ondd+DzmRIssm0sU76xffgZp5wXJI23qWzPDhXM8U4+SVKcSUkzi7SjMt8w6etR3e8bQ1YXtL5ZEjRpmjD7Ce14Y6vy5wQmnyTJNCFZWYU79FZlviy+Y3lcqtgUpbohsGfZfrJDT8zvnHzq\GzJynrIJsuIa7cJABhwlzvkPuVU7RslWpEXnCiRKUvFa8LdVNeqPZsqOpM0kqQEZTy5Q7u25ivrFsM6pXEmmW\JUkHlW9rxkMW\L89nFSp5s3WgPtWAMN1WpJ1b8zuTv1JnLJCaq7zZYTJgns7kr+m2Au18pzOO8P\mx5mUcEuWCl7epSeMCSJPnWo\7p\qzs64J0xMNTZJ1vs2acdPc4OS1617a0PH0Sd2a9tBQ6Q13qatu7p\pqRUm56ofEtblwxAzWNbm4Luv7Qk93OL6cFF\E38DQAAAAAkgNEP4pVWWKxsQwWH5zO7Kn4b7U\2yFxvVhgSqiZlPV2mgkhrUsUlKONJ4x\5HtXtOqKg6b8p1qBKk4\+LUw697xTDb7WYxOtsvoSsN51gENpbaqXf0pt+lyl9bYC+mJ7cPJ8nGlEt39u+Xdn4MEt2cqKsIayJJkX3qssU7zME82yzrEp4WrfbiVwvVNtmEA2Ke3pHSpKi3YdlavotsBZ9zRW6O3Poh\LNGediueHmS6MS9KCXGuXJ5OU\1yRwl7WU7KUY2hbrn9v7X5jRXud7MZJ7in5KtsYef3D+Gl52vp0VuC6OrNbu4\HMNGX+rCWp\bvunAAgJHGofXz5mleLP9s39WKwvV66deNwW2Kx1pV9FqxMsL8pLR\aNduQ7yV9FBZlPVr45X84FYVzwn8dre+uVv1sba+HXLxsq00VizHyJSl4i254X\z4xKU\Vh+UBK20dUSZuOeS3qoLGJMFX9bvvLvNkSxF11qOd91q3bVvlFjuOHToqIXI6y7GhevtDXBcVp\6PhzcIQVP3YkR9\E34H9En8DAAAAuHaRAEb\iE\TY09lG1oee9T4s+2q620O+KpTH+w3vHlKvpZnxvCHb1yScldkBR6f2a3aE8YNLErPDEwsdNQ7Fao+pOPTBn+FQnxGvpan+t4Tbh1gt5yNgakBc5q191UDf+1QUG3GxMSRvbbTVcPExtn\UEu0wpOxGSo+9I52vbFLZc8UqWBOpAnfKC7X68BBwwGn5Kvg7hjOZpxZtrXLDROmHXLUOSO8QZLiZbNlRGz7nZCUHPz69JwoE3JmJSUbHp77z26VEO6jB9RovFHi4QgTwcbRZi7Xcn9luUd1h+sV7atJ\k7KyL4WAQBDzKTkhU9ox66yCK1P3ap3GCruTFnKXxZLLBCvjLzlgfirH6tdB94dSpkefauu4pfkhE2i+022BCdTz7dH\b2PjVW5C6N9LyZZU43Jt1a1dQ1k2htU1xR4GL+kIHpb3DizbCttvVxqJbSOjuCzkjR+hEc8xN9+xN8AAAAArlUkgNFv4tMe07o5xjZzjTG17gopqJ2yZFmUEXr9sxBM30pXmv9Rh+qbglO8llRDu8FzDZ1twLpocQUmG9JuTVayJTB55frU1b0N2PlGfeBPNJuVndGHSZNRJtkS+DbkqdO2JyvU2K36Y4Cc+VyNvbyONCVDcw0TkJ6jDeHbf0uS0jTjlij7TEgMOn5MNwrERapA6ZDrD4ZRmRYoO+a1wJJkNc4aNzbIGaVSyjJlJDdDBAAMBVOCWdY5eSp6ply7Dh3Sjh9mKzlcdackXXSpwXDznml+duxr1nbp9NLY6AzZunXYmZ4cU\Koqztut0TfSAlKNCZU\9LRPwngW9KVEkNWKv4GY+zQIc\Xwa93fFKvQNQdrwV3xvKZJN2WrXtH8BIpA43424D4GwAAAMA1igQw+lG8Mh4vVlZQDni77Ed7Ps3U3uIKmpxKntyDP3zHmZVkmPxzt7YGTf6Zbr9DGf5HLn1+ouvUoEsNR33PpSn9WybFW1LkvxE8xDrAxophjcuQNUqbtYhuNOtm4+MTf+r7espDKP72uUozXhOnHCp5cJ4W3b9e2153qPGUW56Y1r\queDrKF6WW3sygZIkS1qXtoUhbhbwm3izkmKdoPZKiI8+WWS+KTnCqy363FgYccvNPWofmfRPxklWl1ojTgxadPOk2PcNABitslRc847eCfFv58vFKpiTFLR0hedyvJKzsmWbY5E5lhzJHz+X8actOalnv93\fKvhYajWrcNRclIvOsckK2kof5d7NebugloV6w6lTIv1nUmypPbDALzME4Oib7laR8SVExbxd3jE3wAAAACuFX8\1APAKBOfoaKns1S\pc6bdPWo7qcVuuP28Ou8heJ2B1ftOjbMk6O3Y3K3q10KTFKNtSo9Tapr7HxY73RJmYb2dGecqr\o\f+JMzqrVMZZZB0ntVyUfx1gq2GtYWdjo\t8XffoRhrF0KLM+l\mqRA1vq\OydoelEZMiwkZKloTa1W\iy4CsfT7lTdm07VvSlJJiVYM7Rgdrbmzrf2eCInnODrKEmJPeyf1jn540vtt6vjvySND7PxuPjBX6v5YnvwmoonKrRiXkUvd+bWf\6npL7cvAAAuAbEK2FcfMiWq\HjspQ0PUsLcveo5IfeNUAvt6hm40rVL92qHWusUdv2dnzlDooXXJUrNK+yl0P1tm4dnX1ZTDINZWxo6o+op0Pt5wzf9rh\UHwPPpM5ySJFqQ+Nmel\Kij89oyI2vHwiL8HDvE3AAAAgBGCCmD0u\jMAq0LuuW8TturGnvUbs5zuR\XbDvX1qUNdbws3wmkaLu2Fmv\tMFfLRKfYfVOGlqUMtO3RZd1gK+61Pyx74FJWd\pU\pXUpJuDqp++I8od4YPf+aFZdq1NVfJYSeWPGp31mlP5XqttM3TokdKVH2875UXwdfRzTLf2Je9eSdohpOu60X3kfvPI2WtRADAcBY\LU\lVQWy+MNBj9z7S7S60hn1d6vrWqx941b7xehbYah0qOMvhocTE4durdObblZQzWfLCKkej4D4e4AQfwMAAAAYIUgAYwAkKGvduqC2Yx3vbdOrjUP0x+1lT7f138zW9EBF8EWXWvwJVo9cnwbSwWm3BqaCLNbAWlpB6wCfMKxXbMpQSl\zv0pQssVYH9Oi\2jphyqE8w6tv3+1SqocqjvRqo5BLmxISCvQjncOadfLTyhvZpIidV\znG3Uno0rtGiDQ+4Bak+H7jouj\BqFwDA8DE5V8WPWgzVeZ1J4IpeLA3Sex2DHu9ghBqfLItxbepT\6GWKGuzxsK9f73uX1Mi+\46uc52DFjb5XCIv4c\4m8AAAAAA4UW0BgYCVla98MPtOKnjd5EaYdqX3hVGb98QmmxtIKOMzZhS1NxzVZljYv0hh6akqHsidWqPidJLjV82iHbhPgu1byd6\6xP9Luixq7KwW\rhZLmXIKsl17EjgLvDZdyitH9qnWW7Pkmmvw38G6o81ypOZ0acWZ+3Oj+Rsb5H2Vahxn2RaUqZDj1ujv7E\xZlknp6t\C3Zyr\qUce5Fn1Uf0T19Q1ynmzvlqj3NFVobVWSdq2x9uqzJySYJX\9xp\k\krShN4OfhiuwdXlFp74+8r1zqN9vgMBAIB+YV66Sev+sELbGn2\8B7V\bREM24tly3M73FwW+N45b78jgqmD\BAMURMwUucnPqT3FK\rC3ccxalZ5pUc9AffeujTzzKmN2n6FvNx51qPynVnGxUjUyyPX9IRf24dnFMiL\7F\E3AAAAgBGCCmAMmIS7i1Rwm2Ha4GKttr8evfWf5Fv7yadV7j\39+iSZDUsStzY6F0f66xL\jlK3\q\PhMMlQHedYClVjnrA58oLa13EyXdWO\QAmMX7aMfqbFPVQjtavjQaXhsUkZqpIkKz8BXKMSZFD\ZouwHntDWyrd06Mgh7Xy+SNnTgs9g+\5qHellC+z4ccZGgq1qaw+7aUjuL1uMe1P8N3o3jgEzPimoXWHHhe6TeAAADJ3uXWHkccn+cp3C\SQnTAz6ZVP7heHyy\bfg169OfolKCnZGPB2qKMH8a67tZ\W\Wyzl4QVLFeX9\Yt7iqvUF1TYbHUTsFDcI1Rvzdd8TfAAAAAEYIKoAxgMyybSjQB49UyOX9q7j94DZVzy6I\s4pyTLJ12bZrQanW3lT+rceIKjK9uNmua5myOwMtf6v\x2GygDvmMY61XDO93qa5n4nlvLmGMRZNXdJvBz7vMllT52q9y1XxoNJkd8Xzmdv69UuE1B33B4pVd2itjZJE6Pt2K0\nerdkLqJMykp1aYnUrOU8eIKlbznS6y79Kcv1KvKgYRki+Ll8t500CHXv7ul6bFeR61yNRqmc8YlydyfVej9Ikk33ybpM+9D73VsjYv0HgAABlFClooKD2jly4HlMzyN22U\mqbizBBxU9LNskjypfbqnS4pc5A7loQUYyXjhVa1RNkEAcm3WiU1eh816vMzUkZMFd+tcjVF36pHrHNlG+dQjXfdaM9vq1Vzf4bypvRud669ryro9svMaJ2ChuAaI\7uBeJvAEPrzJkzQz0EAADQj6zWgZvzIAGMgTXBpuLCDwyTfu1ybLcrIcrbdGuKMuRQnfeh61C9WpfmKqb0Z3ut1t\ilonJsj0jxalzblXBQuTu1fmWgzH8NSp4WSBZrhCr\rf4s1QzrYOSqXq0Xu+Ab\BKVSM2TtxwkKy32PybrvJf\EUesb21WTVa7cqEnZLq66ZH+uJqjyOumh5cqI0qr6v2OpQDhjqJgO5XKr6t48IOcfXWo+2aqkR9\S1rujJcnjlTYnS3rP4X\G\ecOSb1Irk9LV5apRg7vGHt0HZ2p1wfnAg9Nmekafs3dEmRNNUufeW9b8BxR7fECWWNsV+iq+q7W\zZeCf8QryRrmnLy8pXW6xZ9AACEZl64TssdK1Xtn6\0qK6qWtnfKZK1azwy3qr0iZLL+xvsea9W9Y9ao8YtkjpjnvvX68g3EhQ\LkkpaTnKeyitn1oKx9YdxXPic\VvXeroFrTEijp05PcuFUyPIeI62xgUp\WLOIvufdSqmhf90beqX6pR1s9yZe5pcu+EXZv3BUXfys+LtpxLP11jxN8DjPgbwNCaMqWXdyYBAEYlbgxCJLSAxoAzLywObgV9oT1s2z+\sWm6427De85Ua\t+d\jt\TrU+Pqrcsqj9nNuuZ11ao1LCD3ZMjZNd8wJvK++sSbs+r8+pltnBCYhPv5I1fWN\tcsM1OiJ7Z7IiFbRQ8Zp0pcsheul+NsD\Zx1a26LZtVc8Hw3HibipaEmIJJTAxqZ\bRJ9GmLzvUWPO2In4rpnZ9vs+h2uMtcrd71Pjbj6J\95I8\2WcMDPJfGMvK6u9ldR+sV5HV91ylO9Wq\+JeNmyhkP1UXdJd+YYJtQ8qqu0yxlLn\VzNbLv65Dnolvucy1q\Nij+BsHbpwAgGtYXJLynsgNjpMuOLTt16FijSRlLDLEKZ46VbwW2xIi7v121Vz0qOO8W+6Tjfrocnyfkr\miTcbHrWo4dMoUcxVtxw1dZG3QbAJGVpgWBO346BdjqithztUv6vaEKf1n4S7i5RvnFc\YdfKEodae9Ka+VydNm+pCYp5E5YWyTa5+6YDco0Rfw844m8AAAAAIwEJYAy8OLNs6wtk6dHiuCZlPFxguOPbI1flWm07Gnn6onVfiTa\Z\jre5xNyzPDpWVNsqal+R+59+7WkXDr\pM6KxK6RxSner8CeMk3ZHavy2qJSnpga0qMibPLztVUbhCm\e71B5tIup8oyrWrNS2j4Omn2Rbl9+92kaSJlqCKpg79tlVE6GyonX\5uBzHUrXCaCmV7Q52gRQh1P2KsPElmmB7viXrhslKMF4ui92hF17y\LdfMO113kdVTRGGPfVdtW\uFYVnwX2aLotXzm3RR72kJlsU5HxHF9wqGTjHrVE+mouNqriSXtQ9YjlwRxZaF0HABgo0\NVvCQ4odS+N3SskbSkSDZDTNJ+sEQlv26JmATuaKzQ2qqgXzblfzdE7eD1CUFJ4faOCK1MbrUqzfDQ+dovFTaEuNqhxqr1qj4RYZAIIUHZDxluDvC4ZN9klyvsl92hll+XaNuHA7TqalyS8jYXBf3d4mmq0OqHNstxInoa1X28Qqsf3ab6LjdfFj9kDX1D6kBcY8TfA4\4GwAAAMAIQAIYg2OiTcWP9LCB1wSbitdYDJMl7arbskIrSqpVd8odaJF21SP3qTpVl6zQ6iqXYSIiQbbiMMlOr862c14ej\+93df\9UmSJS3E9M3EuUoLcVd\n8WZZduyVbbxhuc8btVXrtX9371f65\bo9rjLrVe7FDHxQ51nG+R87092vbD72rRgyVynDJOy5hkfbxcRanh7ua36I75xmS5S\ZHV6viwxa1+3bjPdf2NYu0stIpj6SE8ZHrnrtPAK3s\h1K0mW3Wj6s1vrH1svhnzQzyVJ4b4g1tUyKN36Mc7u1\XVn4DwYP\YEm4ofDb6OHCX3a8WWGjnPdgTG4OlQa1ONNj+0Qpt\a5jgM1lUsN7WT+0jB4JJ1kc2BV0jns+qtTpvtV7a71Sr4WR4Olrl3P+SVq8oMZxjyXRbkYqXDN9PCAAYDUyyPrJOWUFhlEvVZY7u3UTGWpVfbDNUDHvkemO17l\zkhxNrYHf+asedZx1yvGz1bq\xGGocjTJsqZYtlBtVcfGBzW1db+5XdVNrZ3xw8WO4NhknFVzjXHfxVqVPLZZNU2tIeKH+1Wy3y2PTEoY38vKyWvV9OUqXmL4tk\VaG3eatk\bJH7svfJqx61n6qTfc39Wv2GK2zisV9MtGnrT2xBFeue8\WqePx+Lbp\vba9WavGE4Frxn3Kqdo3t2lt7iKt2OhQi3FwY60qerFI1nCXxABdY8TfA434GwAAAMDwxxrAGDTmpcUq+P0K2XtQGWFeulXlHSVa65\o8cjduEfbGvdEeWe0ZKfXhOB15nxCrf\rY\mXDGl\cOu18AnjfhBvVdGrO5T47FrZmwwzK5fb5fywWs4PY9iHyazsp8v1RNhq6E6WB4pl+9AwAeRpkeO51XKE2d50W5HKH\iTVpSE20KdE0A\bNban9Z7J2Zj\Q6lhCVbtTXMxEiyJU066GvB7ZHrzfVa+ab3tcJd2rEs8D7z0nLtuLrWcIOAR+6jdq0\ao88gLFWFVWWydbTdZcHW7xVReWbNftEsAAAIABJREFU1LF2s+p8393lFtVWrldtZeS3mibYtHWLredr2wEA0FPxGcovtKj+5UACz\OZXdVHs1ScGRyzxacWacfGDq3eUudP7HpO1qpiQ60qIh7EJPPSrdq6NFxiJVkz0iSHP4Rwac+Gldrjfa3gjR3K9f\uJyhrTYEOOCvk8g34Qr3sG+oVLoJIWLJVW5OqtbqSlYBjFy\rmnIV\XFloAL0cotqnlutmjDvME2wKjnO2S2G77cRpRZpZ2WiNj9pl\Ny4HlPu1N1rzsVS6Nv04RsFf\sCWWMj7TVAF1jxN8Dj\gbAAAAwDBHBTAGT5xZuU\k9zBRGq\kB8u1a2uukiNU8hqZJmSoqPItlcV0R3WSrBldk8Sh1\17\9b6UGt2qR4LcjoYXVzT8UnK\f5Q9q1JVeWcT3ppW1S0pwi7dizK2ryt\M4VhXtKFPetGjHMMk8f5N2vRjbxIX57k3aWZYX83cok1kZa3Zo5xqrwqXw4+cUBbfHNmj5Y\dV4ZKWleutsrwYz59J5swi7dhVFnK9tmFpfIaKX92hokxz6BaD3ZiUvGyrdr4RoSoFAIB+Zl5YrPzpxmc8qnv51ZBtbxMyi7WzskgZE2KMfcYmK3fLTu2KED9I8cpaUxRmaZIWtX7R5amJNpVXPRHDGEyyPrpDOx+PdGyEFWeW7cVd2jQ\ehxjSi1QedU6zQ21XEs\ip+Wq7J3dmnrMoviexJ+j01S1podeuuNaMlfrwG6xoi\BwHxNwAAAIBhjApgDK4pedr00Ada+Ub3CYJIEtIKtOOdfLmdR1T73keqc7Wo\bxv3SmT4ickKNmSrazvZmnuNLNMPbib2pKxQPF7awLryt2SIkukCaVxyZoxUWr0VRyYspQ+rUcfp9fMMwtUXlOg9lNONTTWqb6+Wa1ftcvdblgvK8GshCSLsmZna+58q5JinfTxGWdVfuUh5Zyq05G3alX7iUvui94znZAs65xs3WtbIOvEHi3qrHhrvna8szzMdyiZxpmV8E8WZd+do6w5Fpmj7d47UZh08JfaXfORXIZ9qdUtt9StbVy8NV\lbxnG8G+uwLkzxcs8xaKUjLmyzc9Scgz58mEnPlm2jbtka29R3XsOfVDfrJazbrX7KlfGJsg8OVkZ83I0NzNtZH5GAMDIFmdW7upcvf14TaBl88VabX9zgd56tPsNdfHTbNr0a5vaT9XpiOMDfeRsUeu59kD8kGBW0rQMZS+aq4zvJCshlhhwok3lv0yS49e79fbHgThHkv50LkQEMTlbm96YK7fziA7sr1Xdv7V4f1tNip9gUdqibN1riB0iLQOKCOISlPHkLh1a4ZTjnbdVW+9Sqy++G5ug5G9lyZZ3r7KnJ0hyB62lqjjFmIDr6ZjMSiss1zuPtqvl0wY1flivj5ytav+zIb6SSQkTE5R0a5bumD9XC6xJPfpbRNKAXWPE34OA+BsAAADAMPV3f\vb3\421INA75w5c0ZTpkwZ6mEAAACMWsMx3hqOYwIGl1uOx1eowre0zJIyvf+4dUhHBAAYXYZjvDUcxwQAGFr8Noxcly5dGvBjUAEMAAAAABh85x1au+ZttU9IUoolWWnfzVdGLGu\Xm7R5ycCDy1JsSz9AgAAAADAtYM1gAEAAAAAg29CkpIvuuU+2aja\Xu03eGK\h5J7R\Xqt7\KF6WW0kAAwAAAABgRAIYAAAAADAEkjUjLfCo46BdjnNR3nK2Rpt\1hhYe3bKcmVPH6DhAQAAAAAwQpEABgAAAAAMgXhlLMySyffQ41LFoyu0ea9TrR2ewGZXPeo461Jt1Vp9t9Aul\+lBNnW2JQ0uIMGAAAAAGDYYw1gAAAAAMCQMM0u0tYlTq0\2N75hMet+tfWq\61aO9MUMbT5SqymqJtCAAAAADANYcKYAAAAADAEImX9fGd2rEmQ+YYc7mmCRkqqtypTXez9i8AAAAAAKFQAQwAAAAAGELxSl66SbuWuOX6bZ0O\LZWrj+2y33R1+vZpISJSUq23qG5tgXKuiVhSEcLAAAAAMBwRwIYAAAAADD04syyzM+TZX7eUI8EAAAAAIARjRbQAAAAAAAAAAAAADBKkAAGAAAAAAAAAAAAgFGCBDAAAAAAAAAAAAAAjBIkgAEAAAAAAAAAAABglCABDAAAAAAAAADQhX2FmjrNEvpf+mItf6pax9wDOYKvtHeVRVNX7dOFnrzt0gnt\VG1PhmoYQEAMML8\VAPAAAAAAAAAAAwXEzXqpee0pwbjM9d0dn\8652VZdp+W9OaMeHL2j+DeHeP\guvF+uDXtvUc2zQz0SAACGBxLAAAAAAAAAAACv8Ur+drpmmYOfnTU7Uznp43XP96r1yruFmr9i6gAc+0bd9wuX7huAPQMAcC2hBTQAAAAAAAAAIKox38nUfEmft10KfsHdoMo1i2WdZtHUaem6Z02ZHCevdHv\hePV+sF96Zo6zaLpmYWqPP6Vjr1gbPkcogX016e1tzRf96R3tqK2LsjXpn0ndOlq58ufvGBRevFRSdXKnWbR1BecPRiX93gvHNUnlXmyTrPIuqBMv+vy8QAAGGmoAAYAAAAAAAAARPenUzomafK4Mf6nrjjtyn24XGdT8vVM1UZN1hf6cNcL+sHi3+uzN\fpmdTOba80lWn596r1\83O1\NVmfrG6X16rfBhHTBLmhTugF9p7+OLteGLeVrzVJU2m6WzR6u0qXiZPr\yG9XkTVLy0mr9\OoL+kH1JD1TnacZ42\p0bgkSXvW6pHpD+sn1YX6q\t63X79gJw9AAAGDQlgAAAAAAAAAEBEV\7UoFdKyvS5rNo8b7r32S+097lytSytUsPGTF0fJ0npmpW1WP9aOlOP\HSfVuzN0+SrJ\SLJ6t1NmuLflO5TJPjJGWla35KmZY8cDp8Atj9ex05Kq36VbnWzex8atbsdP3jpZl6+mOnzuZN0uRp6Zo1bbykSbp9drpu78m4fMf5erF+vnOt7rpuQE4dAACDjgQwAAAAAAAAAMDrqDZkWrQhxCtjzJl6Zm+Z\Mv\ftmgI07p9tlX9PnxhqBtL42ZKjmP6pg7T5P\fFR7v5Tu27y4M\nr21\qA1o1szrksSRJN0zS5OukXeXl+td\XK5ZN9+oMXFjdNe2ZjWEe09PxuVb5zjTqhkkfwEAowgJYAAAAAAAAACA13SteukpzblBkq7o7MfVeu4Xp3T7upf101VWjTckcOU+rWOSVLm287\dnNZZt6S\XtJZpWvGLWO6vD5JybdJOhlmKGPStWrbMn1SbNcjC+zSdTdqxuwlWpG3TAtmTvVW9oYQ67jMIV8EAGDEIwEMAAAAAAAAAPAar+Rvp2uWNzk6a3amZt1SqHuK87T84h4dfMqqrmncVW+69Exq+D1eOXql16OZnL1FB+95Si3Hf6MDB97Ve7+v1ob3q7XJ2E46jGjjAgBgtPofQz0AAAAAAAAAAMDwNXlZuXavmqqWX+Rr9b4vAi\ccJNmSDrmOh3x\WPGj9dkNejzU10TwV+pJVz1r1HcN5U8e5nWvVCt3\zvZv2mNFNX6uxyhHtvjOMCAGC0IgEMAAAAAAAAAIhgjG7\rNaNfWKfrflWTnc3qenZuo+q\T56\t07Gvj9ld0bNs9mp75rH53SdK0TN13k7R3z7s6e9Ww2enfaO\R8Ee90lSuJZmLVfmZ4cm4MZpsHh95uLGOCwCAUYoEMAAAAAAAAAAgsuusWlear8lfH9XTpe\qgiRpku57Ol\JX1Zr+Zx8Vb7boGN1+7T9iTw9Un1Bs9Y+rLuulxQ3XauezdOYuo1asqpMe+sa9Ls9G7Xk\yrT59eFP+SY2+7UXded1vaV+dq0510d+7hBjj0btfyJfRqT9bjum+7d7rrrJb2vX+06qmMn\xL7uAAAGKVIAAMAAAAAAAAAohoz83E9nz9JV+o2amvtXzqfS12vg+++oFXfvqDXnsjX8sJntffUJH2\+n29vmxS4L2zf6T3f7VWs9pqtKEwX6urLmhBVbU2fzvSAa1at3ePNt8pHSt\Ssvz8\WD8maNf7RaRysXy1cHfP2d+Xom6696b0uhlr\0e13owbgAABiN\u5vf\vb34Z6EOidM2fOaMqUKUM9DAAAgFFrOMZbw3FMAAAAo8lwjLeG45j6xxfa+717tGF6tU4Xpw\1YABgRBm9vw2j36VLA78OARXAAAAAAAAAAICBc+l9\SB9sX7w7lfBz3\ZoCPHpbum3TI04wIAYJT6+6EeAAAAAAAAAABgFLt+prJnP6XVPyqQ3Pm6f\p4XXEf1WsvVOvY1HzVZN841CMEAGBUIQEMAAAAAAAAABhA39T8sve1u2qLnvvVRi13X5FumKr5y17QwcLFmnHdUI8PAIDRhQQwAAAAAAAAAGBgxd2oWWvKdXDNUA8EAIDRjwQwInMfVummA2qLsEmirVSlixIHbRwphXYVpvR0B206vKlUjWmDMFbjUQ+VqtThPXuphbI\1uOBj2hth0pV2pim0s0LNXhnHQAA9F2zqgqq1CxdkzFMTwyPeKcz1j3g1jX7fQ2P7wEAAAAAgOHhfwz1ADDytTlKVfBq81API4JmVRV4J8QGVZuaGw2p86YGDeez1N+aXy0IJL8BAABGIeKd4YHvAQAAAACAYFQAo380HdBhd4oWmgdo\+aFKrUvHKCdDxB3sxqDks7NamiWUq69ggwAAAAMqEQt3GzXCIuWAQAAAADAACEBjJiFbL3cXKWCqmZJbWptk2RIADe\WqCqpsDjcK2ig7Yz56h0c6IOeFsO+t8TrgW0\gGxrZ3XV5vc5SqwBG8j2jjDLRxTlFhoVTl21+U9nrNDm\rbHOKUtSsZrfUvP+w2lLCtKUL0W475DmPdbsQn63z\BqPH2jvGPy5DW0E\e\p0lrwOw1B5zbwfkPLSElyH1BpwYFrth0hAADXgm4xh7rEJ11iufQ\dI3\FiqxS4wT6zIjUY8dStB4CqUqX+ySokJ7oVKk7nFmUBwVId6xtYVZuiREW+2I48hRW0yxlxS6BXSssZvxZBo\c6JyNpcq0eE9v93iyMjn1SfSdRDx3IQ6z\5z4\2OYoo7DefBp2tc2l\XZ8Rrputxwlx3AAAAAAD0A1pAYwC06fCm7hNx3VtFh9jOfUCl3SZ5wgiV\JWkpqoYW1LHOk7\AQPJX0kp34k0RdOsBu9+E9NyVLjUu627Uc2hWlE3V6kgxFrLzVUFKj3U1vPt1Kyqgu6frfP8lupwX9thN3U\922O0i5jAAAA14JQCVipMz4JFao1V4WI\zaVdksctjlKQ76\L8cOuY8qQ+yZmq4Udd4A2C3O7Emc2guhxuHX19grhvd3\8xtOhAiVo7wAWKMU2MVKvkb6fkQ3IdVGmopmKYqFYTZR2+vz55eMxG\bwAAAAAA+ogKYMSsuapABWFfTVG6d9ai7ZDdO8nSWTWw0KxAstbYKrr5gH8yJnAHfYg79MON5w\eKRPDnfX+al3fcVIKZbeHrnKNeZxGsVaxNvvW+01UWmqiZE7vrAJWmxqb2rQwqFrAkFgOUW3b5jig5kWFSol5O6n51Sr\8f2fzT9Z1qYDOw4rJVoFRxT+qg1DJUNbY7PaFi1Uod0emJCNpVoEAACMTO7DOtAkhY45vPFat\UvfNWOhrjP3aa2EFWx7nNtUkqYKKJXxw6lS\Wl+7Ds3vVku3c4adaBQ21KWZQSPt5x9\aGuK5VoMH7CR97JcYUZ0V+f7MO+NbQDRVbRxV7nBozQzzt\379Y4\he1CbDu\wJW0N59awj6pXm0PE9r24PmO6Zrp+S1T9AgAAAAAGDhXA6Bcphb7JizY1N3oniVJzAgnUlBzlmDtfb2zqfN2fwFWKcvwTIolauDqnZ8lC9wGVeit2ExeVym63y24vjbIecezjDEhUji22KZpAcjpNKWZJSlF6qvfIjgPBVQDGya3VvgmrRKWkJXZOYvnbEMa4nbH62FZgOA8pKiyMUokcK3OOcnynwrxQOal92BcAABi5zAtVaoi92g6Vhq2s9Em05XhjFm8c4\1\f5xlTlGaN35p+zJCwNKLY0cej\eYTY3+pGEgRk1Rjs2bVmxs7lbl2h+6jiNIX2OvaO\3x5lSytLAjXuJiwq8sXEUMcepvdGmA5u836v\O7dHbw\ublaj9\IJ\K3SuY8C73eppoZu10tvrs\eXDMRv28AAAAAAPqICmD0gbHawsetVt88XVOVCkKUDHdOlBgmbMxJCtqFOVFmda156C7FlqPEJu9d\f5jhRpTKL0Yp8xKjGUCzF+NosA6ZEGa1RBDQUriolLZF0U\XLft3G3yfTTzxC4TY4lJSlSz2kKs2dwjN8VWaQIAAEa\2KtEO3WLTzqfjS3O6uOxYxmP+0vf\jqX1OjG3aquUWJ\CH1evPoae8X8\kQlJQY\TrxJUi9vHIw1ng0pJUc55mZvx57AdxHr2tBqa\X+PdH1M0mJE31\bbjV5lZQIrY312dvrpmI3zcAAAAAAH1EBTBillLYebe9fbOvQrdNBzb1w3qyveWrACgMqtnQgU0Fvar+6C+BCoDwmvcfHpDKEQAAgEHVXGVIwCYqZ7Nd9sFqazuUx8YgSNTCEN9pm6NUBQWxr\EMAAAAAMC1iApg9Jx5oUo3y7v2VWdLtkT\xIxZSWZ1theOdb3crnfEGypYY5JSKLvd996u64KFu7O+F+OMiaG1dCTuRjW7F3apJOhSldtcpYIqd4iK5ijbGSqou62bF6ESAgAAoKfaznmjtqC1V0f2sc03JUpNbbo212jt2iWmTW1f9uH9YePZnuhc59e3f9+6vM37D6stJcL3HqHzjf\a8VX29vGG1mv7mgEAAAAADEdUAKN3zAtV6q+8bVbVq75b8A1rZTUdCFQHuw+rtKAg6G79lO8E3n\gkC9p2qbDOw7EUB3bpsObOvdXsMlQTetNfkpR1ozrwTh7xLDWWKLNtx6x4Z+hetq\xnBKun+SyFgZ3LmOsKHKOtbtgtYbthsqtJtVVdV1beLORHjntoG1idsO2b3t9gAAAGLgbuy8sU5S26EDg9uJpZ+PnZia5o3XusSovtjz1ShHMMSjQTHbq0PXoSaqMHFmzDFhrHFqD85N55rOBSooMHYc8raklvw3kYZlWKu3ucqwf\dh2X2V46np\ZKs7fM1AwAAAABAP6MCGL2XUqjC1AJVNUlqqlJVs12FKVLiohylOKrU7G3HHLQCrjlHOb5ZFsO6Xm2OUhU4fNskKlFtUZLAiVq4NEUHqprDrLObqByb70CBal\fcVIK7SqMdZw90Ow44K+wTUsNUY9gTlGa+YD3Mx9Q86JCpShFhYUpKgj3WVJzvBUTsW4npTxWqJSCMJ9NKSr0V8kY13ULs2ZZL\krIXxj7ddKawAAMBwkpqYp0eHrCtM15hihxzYvVE7qAVU1dYlRO49qiDHDxTuGTjMh49ThKEU5tkQ1O9q6jDlRiWapLWoSONY4NfZzE\FvCkmJthx\8jZc3LlwdY4avd2BusW55hyV9lds2oNrBgAAAACAwUAFMPok5bFAi7PAnfWdbdoKU7tsnFooe1B7vs51vYK2Sy2UfXOOYuoQl1IYZp23FBXajW3mOpPFRu5zvhZtsYwzVs1qaPL+r7\CtitD5bGa1eArBkgpNFQHG7a2lQYnTWPdLtxnM+eotMs5S3ms+3YphaXK6XWbPu+YFuUEfzdfRkvqAwCAESeoK0ynlEK7Sm2+TisNA1f1OoDHTnnMLnth1yiza4wZLt5J1MLNXWOpROVsHt6tgRMXlXb5zJ2fN+emsG8JFlOc2pNzEyaelfd7Niz1EjbuNC9UqT1EXNvreD+8WK8ZAAAAAAAGw9\97W9\+9tQDwK9c+bMGU2ZMmWohzEAmlVV0JlMTrSVBk3uAAAADKbhGG8NxzFh9Gp+1dvxZwjWeQYAYKgMx3hrOI4JADC0+G0YuS5dujTgx6AFNIZM26FSlXrX3wpK9Db7qjXCtFEGAAAA0H\ch1W6ybuUSVCiN9DhJjEtheQvAAAAAAAjBAlgDJnAum2h1spShDbKAAAAAPqNOUVp5gM6EHZtXm7MBAAAAABgJCEBjKFjXqhSe6K\3XOQ1MIua9oCAAAAGBiJWrjZrkRfu+cgKSq0D+\1iwEAuFacOXNmqIcAAABGCBLAGGIpKrTbh3oQAAAAwDUv5TG7iMwBABi+WOcRAGDEjUGI5H8M9QAAAAAAAAAAAAAAAP2DBDAAAAAAAAAAAAAAjBIkgAEAAAAAAAAAAABglCABDAAAAAAAAAAAAACjBAlgAAAAAAAAAAAAABglSAADAAAAAAAAAAAAwChBAhgAAAAAAAAAAAAARgkSwAAAAAAAAAAAAAAwSpAABgAAAAAAAAAAAIBRggQwAAAAAAAAAAAAAIwSJIABAAAAAAAAAAAAYJQgAQwAAAAAAAAAAAAAowQJYAAAAAAAAAAAAAAYJUgAAwAAAAAAAAAAAMAoQQIYAAAAAAAAAAAAAEYJEsAAAAAAAAAAAAAAMEqQAAYAAAAAAAAAAACAUYIEMAAAAAAAAAAAAACMEiSAAQAAAAAAAAAAAGCU+PuhHgAAAAAAAAAAYOhd2Feo9OKjEbbI1PNHq3SfedCGFLtLJ7T3heNKfjZft0d6bhB88oJFub8I9co3lXzbTN31yFqtWzxVYwZxTMPTV9q7KlMbpu3R6aesQz0YABhVSAADAAAAAAAAALwm6a4VizTj+lCvjVfydYM9nthceL9cG\beoppnIz83eEKdx7\o83379IsnjurzS\u0O2\qUAwMAHANIAEMAAAAAAAAAPCaqgWPrh2eVb4jSpjz+P087XpgsTa9sEfHlv1IsygDBgAMANYABgAAAAAAAAD02KUT7+q5NYtlnWbR1GnpumdNmRwnrxi2+Ep7V1k09YWj+qQyT9ZpFlkXlOl3lzpfvXC8Wj+4L11Tp1k0PbNQlce\0rEXLJq6ap8u9OA4n7xg8baurlbuNIumvuAM+Zyfu0GVMY27QReO27V6gW+Medq077SMW\ZY3FTdlZsuff2Fzv7Z9+QVtbxbptU5mZo+zaKp0yyyLsjvfqyvT2tvab7uSTduc0KXrsa6zV\03hMhzm\tU5o6zaJH9n9leNa7belR\xj6\n0HzqX1vmf13pd\7cuZBABEQAIYAAAAAAAAANAjV5rKlJvzlHa136lnqqq1+6VCWb7Yox8sXqbnmrqkSPes1SP16fpJdZWeeXSebr++8\3Lv1em3\1Drp6vqtZPv3e9jhQ+rE11PT9O8tJq\Tx\uqR5eqa6WruX3hLyOUm64rRryYJ8vfa1d39VT+mur2tCj7tui5avPa7Jj5Zpd9UWrbjllHYVL9NzH\cpBaxLF76UJH0jrvNxy6583fNEjS7NXqsd1dXa\dKPtOAGp3YVL9PTtX\xvusr7X18sTYcv17zn6rS7uoqPXPnFe0tXqZH3voixm2+qdtnZ0pHG\TJpcB4Wj59X5L0O6crkHC+dFy170q29BSNifF78AvxfV+qfUqZ3yvXscRH9PPqav3knkt65f95Vkfa+3QqAQBh0AIaAAAAAAAAABC7qyf0iyer1ZK5Rb+3L9PkOElK16zsO3XbA4v13E\3acXePE32bf\1Yv1851rddV3g\ZVPVuts1hb9ptL7\qx0zU8p05IHTkuTenicaemaNW28pEm6fXa6bpd3u27PfaG9z5WrZWmVGjZm6nrf\rIW619LZ+qRruM+PUmrPqzSfTd1Ppx15y1Sap5+8fEJbZ5t7cV5u6Kzvy\TD8u\kDILNGu8JJ3Q7975Qsmr7Hr9KavG+MY+7xaNSc\Xrk9P6efZVsn9ex05Kq36VbnWzfSOZ3a6\vHSTD39sVNn8yZpcizbpGRqhsrU9B\S\NTO4x+rvaLkqVPV8vsTalGmZki64myQQ\P085nf7J\v+4V3pawtOuj7vmena\5tZbrne0elmT0\lQCAyKgABgAAAAAAAAB4HdWGzM72wcH\CrXX7d3k5FHt\VJa8b3F3mSgV9xU3fe9eZJzn3532vB8plUzrjM89r7\vrzg949JfUCrZnbfLubjRPNlg444pdtvuKLPjzfo2Me+f05dGjNVch7VMbdh+5nzNOsm43EnKfnbkk6eCmqhHFqI8zg9RXcW7lHL1GXasXmZxkuSpmvV\3tUv\Enf30n4xbN+Lakry91VuXeMEmTr5N2lZfrd6e\0pWrkjRGd21rVkPl4s7kayzbTE3Rgpuu6L3\c6LzOG6Xmr5M16rvL9HkL5v1uffzf358n5SZqVk3qO\f95+adSTU9z1zmVbdFvVEAgB6gQpgAAAAAAAAAIDXJN21YpFmXN\1+fFK9iX1vr6ks5qu5Eljum6k6xMnSXrfsL5tCBcv6azSNeOWru+fpOTbJJ3sp+N05T6tY5JUubbzv92c1lm3JLP3oUn6Rg92HyzEefyHSUqdma5Z0ydpTFyXza9e0aULX6rl1BdqOdGg\3BQb3XJCnzgi5JGj8mXau2LdMnxXY9ssAuXXejZsxeohV5y7Rg5tTOauZYttF0zcr+\9m7\imqjzx\y\LxGqEdLoEphFTmRRswaCEHykSfhS0KAUpK8WxzExdt6ztfgdWYR6IIziEj+AMuo7j6j62OETH4lIXyo5lsI4NC+VHsA2UIEQoarPQiOkwYZlmmbjdrOX7R1NI26RN2kILvp+Ph4+Z3Jxzz\v8uGnIuefceF75yMEXBaPQfnaSymGT+OnssTy4\DU+\awJklx8\GETd\+toWWSuqf9cOEsnzKKRzvkH8LQ4TE2qxBCiKjIBLAQQgghhBBCCCGEEEKIIB0P\d1TPJrUdcruavrfnj1Dt6cWl5zgufFXu5To29H94fP8fz\bzqd+IFHH3cNSGJf1Qx5teo3NIem0s1\g97Oe4YuqCsrKdvLR3rd51vo2a0K20o4mzd2TFsCmfRwmddLOAAAgAElEQVRpWITPsR1mFXH3gNF8OReedpxk7R0n+MPZO3hogu5qNU7QzcR3uNFACCFEb5AtoIUQQgghhBBCCCGEEEJET6lCy0m++LLjRK7P8yWQzohOJj7jhwxBSzWf1rXP7+WLz0Je9rCcDhKHcTfw8YlY9o2+yi7s5MWntuOb\xp7j5\AVb2T3\7a6xdnMmIcOkHDGKEaQE\feltKg46qDBPo2n3RnZ8Fn2a+LHpzGMfn352kk\3NjFv7GhgECmGUTTV1PGxYx+fDltAxqjg+XraD4nDuDts\rO4j0XZTkIIIWIiE8BCCCGEEEIIIYQQQgghonfXNB4dBpuLd+L+JuT4Ny62FltBN41xwyLmvpx\65Z2+V0VbN3Xi+W0p5vGo2Ph07e287E\9I0mPv7FLEZNW0elL4bz9QbXST4CHnwoE23oDsmf7aXMGRJhzWs8PG0u\xxyjAHxaJOGxJQGAJWBydNg6\Yi9jhHMT51EAAjxkwjvmo7r\zbPuJnp3N3a\qe9oNuEtm6jvmbaraz2Rk5mxBCiO6TLaCFEEIIIYQQQgghhBBCRG\AKBb\4xOU5T7PrB+5WPt309D6T\Bvv\kndpzUsbhkUfjVq6H51y3iN088z8OLXTz342kMbdjJKy\t5Atlu3RRlhOvVAFWijen05Ru4L67BoU5dgePrnyCzblv88MZJ\jp84WMU37JwZ1b2LTzT9z3i78h41pvSawbyzwlbHrqCRKeL2RcYhNu2xZe2eKgKfFKsnj9dDKUG3kl\wnOPbWAh+4cwp\O7KT4pe3Ez3yJR0dBfFPXaVqoGTd9FE0vWKlUFrCkdadn3WgeZCM7jsbz46dGXSm8p\2Njh+vf4Ktue37eztf9GZbCiGEuEwmgIUQQgghhBBCCCGEEELEJH78CkrLRvHGG0W8WPg2PgYxIrOQt\7pb8i4M77r\KbVWIuH8HPzWzxb+DbxSdNYUvQ2QzYt4tlulKOa\gTPzSzglRcK2THzJaqL5jIk3LHxK\j9zlG88loRv1n+BD7iGTJqGkve3shPTOqr0FJdSMxkw9YXSFjzGm8sf4ImpZq7TT9kw7+\zBDrAh7+l5N80QRD4sfy061bGLruNTa\9gybLwCJOh78u7fZV5jOEIBo0gSNmDALLSdxzzdcWemrGsXkSbCjagEzJrTtwx739\gVlJbpeOX\vcaawrchaSyPPl9E9oeFvNgrDSmEECLUTZcuXbrU10GI7jl9+jTDhw\v6zCEEEIIIW5Y\fH7Vn+MSQghhBDiRtIfv2\1x5iuji\ZmjeLZ0e9jetn6X0djBBC9Gvfnr8NNx6f7+o\b0CeASyEEEIIIYQQQgghhBDi2vFZeTp9Lk\v9LY9fraaP1RBxl0pfROXEEIIcYOQLaCFEEIIIYQQQgghhBBCXDuqScw2PcPfry6Ahif4waghNDXs4zcvvc3Huicond0HWzELIYQQNxCZABZCCCGEEEIIIYQQQghxDQ3iwZet\GvRC7xY\Dw\bGhqeVbtgpf4feFc7lb2dXxCCCHE9U22gBadayjHXFBAQYf\lrBszQZKDnm7Psd1J4C3qpiiCs+VQ44iCgoKKHL0XVSiJ8L06Q3HQVFBAQVvOtq8Nn\gifA6mnP0pWhjiaZe0Qucs1P8ppVrN1L6U5sDficlLy5jSfCzvuhQoFdPf+3bF\pdG\fAtWm\7l9TfdO\QgghhBBCiOvWADX3\eQ1fr\PgeuzE7iqd\Ivz8zlblVfByaEEEJc\2QCWERFqdVjnGS88p9Bi\KCi8pNq9iw5+o\rPraclL6to2G3p33EH1K+lREx\m+BdvZb+9A8ewqofIMpMzKI39xPrNGKHr1\N\29u2p\t5+\T0+IYQQQgghhBBCCCG+LWQLaBGVBEMO+XM0bQ\67RStsuCwHcA7I4sb+skchkI2buzrIITojIFCGaSihxoavICBjAUmDH0djBBCCCGEEEIIIYQQQohukQlg0X1KLckqcDQFCAA02Xn9aQtOQyEbn2w7dRA4+DpL3jlP9lozWUkRztfsxf6ehbIqF94mIF6NblI2+Y8ZUcfRsg1zUQNZi43Ubi7DFVCgeXA55vk6aPZR++E7bP7IGT5vq\N2St4qx37Ggz8AxClQaY0sLMjDOJiWLa\XlLVsX7nDTMEOTUvMniIKihwYCjdSaLgSS\aKPPjQQvkJL4FmBco7jeS2nquV34X13WLKHB4CzQpU+iz+fjYUv1xGUuv5IukqXmKMpbtlRNM\0aYJeLFv6yJNa53aj5f2x6Ope6Q+bT8OYxm\vVmHDmopXvYqtlFt46h9dxmv7vdj\MlG8u9pm\b45JW8vLCRooIiHOM7xh87P64PXudfPnTiCwTbc3EuxqFtV4P6TpXzzjvlOM8HIE6BWmci+29zux5zwXFSXuPGc7FltaBCpcX4aCF5E9vfShJdLO3FHpuH8jVmyhoAyjAXlKGZZ8Y8R0PLFuKlWHbYcMVa1\N2ijduw+72EWgO1nNBIbmT1LStQQD33iIs2x14mkAxUIvxsfbtEU0cDooKimiYt5I8Poih3VryOS7\wJIysa8NgtNtP3VaV07a99o+itYrzn5GE8WU+YKoEjKYvnabHRddMEVV3Nct7b7lTqFP97d\rlK4xM\rg8sWIJ\OxW3Z1C4Iq1jsi7HQE\7VwghhBBCCCGEEEII0ZsGmM1mc18HIbrnz3\+M9\97nevbiEXP6ey8hSkZpBx16Arx5sDeKpL2H6ggcGZP2TOyEHwnWHc\NVODju+4Y6sCWhuak0coOr93\LJrQ+xeHYK8eHKafZQ\uLPKTl2kYSxD\PInHSGN5+m5uN92M5\n\sNQxnQcJidhz\n86Nuvjczl2yDmmFpJoYnerD+wsxbh\0kmR7mkcz7SFF6OL5\Nx9+MoAJU0Yy6CbAb+P1Z3+LPTAU09xHuH\yGJIVXr741Im9+gIjM+9FffNA1MPAe+Q03xhy+NHcdFKHD2XQnw6z83ADmgkPM0EDNBxm5+GzuI\ZqL95AnMeuZ\Rg\6L\zx+jCpHE2PvH01Ca71eWs\vPotj+NSHeWRqCk3OckoPnqb5fwOoW88XTjTx3hRDLD0pI5r+iTbNL39OybEmBk\JZmHmBJKDaazHQvqq4TA7D18kbUYGIweGxNv+eDR1V0To0\a3v0Q7fnu7Dh2oaa7fyeGT8Yx86N7gynoP9u1WTl2E\064m1l3J7YkPVnOb\ef5955udw7pIHDOw\TcPsEHh6vAVpeX7x87bZ\HU7wHH\8BFvdACbM\wGz7h6I59h+Kq3HGTBh2uWYPRXrML9lx6+ZxsML7uc+3UA8xyrZ\YdPGDBuGiMjFYEf2xvP8Nuabxg6aQ6PZN7HmDsUeF0ncVZVcWHEQ9w7JJZYOtare7HdwsAhGvA6OI2BnB\NIf2uFIYOGoDng1\w8387RtPQaWQvvJ8Jw77h9OEq9v1HF3VtclD0899gj\s+98\OZsbkFAZ+dYz9lR9RP+Qh0u8YEFJPBx+fVmKY8wj3j1Nz8TMHjo+P0TT2fkYHL+Do4mg539mzDiprmzvtw7Zu46+SklH82cHpCzoyFj\C\femkjJ0AFXR9FeXdVVGbt+o+qulXp\XOXAPuZ\cvx6H+vY0TN9PjDTQQlyLcR3p+gp\HcbeP1dhfAK17z7DP1rP8p27MvnB\CkkX7RTsquOZp8v5O9+NNdsJ\F1u037j2vyfStG\TEmIYQQQogbSX\8vtUfYxJCCNG35G\D9aupqemqlyErgEVUPDvMFOzoeFwzazUrZ1+ZwTRMNqGssVH9CRhaFyE22TniBO3CdFQRzh+wl1LmBv3jL7F0srLl4EQTadtW8auqA9gv6jEF06qmL2XZgitrvgJVpZSeSSBjhZnc1udVTjSSOamUVRvKKLVnsnSSAu+hI7gGaMj+6corKy8nmhijWsW6Cheuc5CWpEE\MY0Dmyr5WqvHODHS7CyAH0bms7bQiDJYpj7BjHmHk+MNOWiTwLfbQplbiaFwLYWGlnoZTQbKXzRTdrGTU0OU8UYfS0\KiKZ\jM6u04ypCrbH4vUUTrySZsr+11nx7pW+ik1XdY++T6MZv5f7tFfr0JZer4caF66GYB\7TnG8QYlyoB\f6Xp86FABLudx\EoD41J7VFy4CMh7aSkmJYAR4+RkXv9pMWU7HGQ9aYAmO6W\c5MwYyXmx3TBlaxGjDPTKV29gbLf2cn8iZGwrXDezpHTCjRzl7Py8kpJI6Z7Eli1zorL5YFRoX3URSztdTs2BRq9kbSDFir9yegnGtEAXLBi2eFGachnfesYw4hpqo3XVxZ3XtcT1Tj8arJWLCP79mBNx6fAc7\CftJJYJIhJJ+e3LUh9RwOq9ZZcTg85Gg1Mcfh9w8m+\nVZN3ert22R4pXhW6ikUaHhUoSSJtobNkC+nxldP0VRV3Dtm+s\ZWQwdKnc9CF7uwQtas4rmMUe\9chfF5wUrpfj\K8YWsfdIQ\Pw0YdhhxuyGy1dhlNdsr\SvEEIIIYQQQgghhBCiV8gEsIiKUqtHP0x55UCTF9cJV8vKnq+XsupH+pYfj0ePw6C0YTvkuDyD5jt4ACdacsZHmv6FUyedEGdgyiRlm+O6het5Y2HbtCmpbTf8dBx1QnwaygsO7IdC3wmgApzHnDDJgHr6Ul6d3rFsrU4L1OH3d9UKHaWOb\3BvYXm9iTAQb0HSPJxxOGGxExmGUJSxWnIetBA2SZHp+eONd7OY+lZGdH0j7PLND4qW9tjYts0KtMMTP\uxHbITmCSKebJgO7UPawux29In\ZyHUIp9GPQUcLxkz6yklRQV4uLVHJmN1K6vZa65gwMcR5qnT4YNQZ9tybDIlNOmhGcJGs9YCL93mKcjiM4MaA\dgRns4K0W7w4Dnnb5A0kAMeO4MQY\hmygzNY+kpGx+PaFLRYqfN\HVss7c\Tk9jC8B09ghsVmbPajjFUJmZMKsV5sBp7kxFTuK0N1GrUOKh8r5TkhVnotUoUcTpyf\kGue3T3pvetp7B9nA0NACa2OMwzAlOLgYpTUwxFON0HOcUxo7tFkm0\RVLXUPF2l+6tG5O\l7lcR2rXuqfnozPwMnalrwPGNp+fj6Yif6DYs63Hojxmm3jWrapEEIIIYQQQgghhBDiMpkAFlFJMOSQP6fdyslmH\Y312DZb6Fs0qvkjgDi9Iwbq8RWVY2j2YAhzseRwy4YkUt6xJ06vdSfBYYmkxTzD\sevB6gqZbyTbXhk5zz4MVA65MqA34fDWdq8Zyt5\jJWpyn3C1RNMZaNl1cQX+h0QcMT+74jEptMho6nwBuFXW8PbiaOy8jmv6JJs1f8F8EhmnQtn8rbjBqVUuBXkJWnkWrtz7Juhy\V7EOoVSpjEmCMudxAjNMuL+ogxFzSB\dSOW2A9SdBoP6FMcbQP9g1FN5UUtQd3wwp1arAYcXrw885xqAALUfWgh\1XnxnAPD0E4KCfjxNdRT2+Cm3llLrfMUboALbQd2V7G031agV2IL8Rf\10AymmEd3xusTgDO03iB8DcaaLPIne6kaK+VonVWUCjR3GnENDeTjFHtngEc1\ktA7HGoRnWMaCkYRqocVPfAPpYboyArvsrlrqG6O3+6sw1GddR6q3+6cn49F44Hz5v\GASlFyZAG4V5TUb6lq2qRBCCCGEEEIIIYQQ4gqZABbdF6fCON1AicPGqVMeGNEy5aU3GlAedHD8BBiSj1D9BegeGxdx+2cIQKCHsSRlY16b1fmkm99JyYYiKhtaClOoVKiHpmC6R4G1xtXDAML5mkBP6nUt4o2qjGj6pxf6sJ+IffxeDRrS9CrKdh\H2ZyK55QP9T2pqG5vJFVZTu0pL4GG47jQkau\lpunKlFcXkmoIXut+crW4VHz49zyEkV7PS1DJl6FKlFNymQ9igoH0Y\s0Fja625svU2JfpGZNxZ4qN1vw2qv5pSrktJfV1I+vpD1T7ZdeXltfAdiutEm2v7qSV37ur96Y1z3llj752q4GWWba6un12xft6kQQgghhBBCCCGEEN8+MgEset+oKZgSbdhqnMz\UzUu9ORN7mz6TEPycMBeT0MzaEJ\D5mYckmN5lPm8kOm1dNghpw1uFqAk3ECSFwbrNQ2aAm4+nl5IxSXV6RFjj4Otaa2KoYHTXqwcDpelwY264C9tTT1e7E1yLe6MqIrn9SukyznISBwFkPbmjbHs3nW1ZzpqpDJvEb8bZbueZtaLuF6FXR6fi9DeU1qoNOPwblruPUnTqFx60kdYEGUJOiA9sZF444J4zIZdxVmJluvNBI+zXMbrcHlDoGx4M6cTDgpM4VgKQYJ6CdpVj2elDPWMbyBWmoWrM32Xi9ouOq+K5iaa9HsYVxm\JWoB7PWWi\lP+8txFIRd3V6sV4DWkP5JD2QA4EfNgsayiuqcDuM5ARZf\FGke4dms46wGlCV0sqy1j7K9Y69rb\dWZqzquI5VxzkO4K763+qcn47OlvmHyNnnwXAh5HesY6FDGtelfIYQQQgghhBBCCCHEFX2+zkRcz\zY9zrwo0SnC\0hW0f6RDX+owfY4nTBPekYO5mYBUgdpYdmBweqQh9s68d+0EkgkNQyARmWAuNEPeDE+pGn7VtflWEuWMKq912Ah3qXH4YayAiZ6KTZh73GGX2VY6JinEELF2xUONrWy3agq+2fr0W80ZcRTf90nSakPQ61fYCxz7YHmx\SRqW1HLhFiRI\9Wd9VxI1e7BVuXup7p3pbPxewzqkjiE1zkft7\bgREeKDkBB6ggtnCqj7CRoRqdelZXJ\ppK7KHV+6qcik9AOXYcaYBifDr6OHB+VI6nOSRds4eyNQUsea4s4qpAzxkXftQYpoVMJAE++xHCjeyuYmmvJ7GFoxo7Di0+bBV22vS4z8aeKj+kppEW4S+p58MNLFuyDmvoZJpChea7sd97FWscHdrtnJUKR+R2iyTa\upuXXu7vzpzNcc13IpSCf56NyFXPJ4qO+Gu+N7qn56MT4V+DGlxHfN6du1p27cxXrNtyriG\SuuDsebBRQUdP6f+QNPF2fxUL4mmP7Z0sh93uyg6O+jPWeHSCkqKKDgTUeb19Gex7drXUt8L1rbXMPRltt1ObHFI4QQQgghhBBCCNFTsgJYRKXRUYrlXOgGnn48zlO4LwZgRC7zR7VNrzUaUFdYcZwA\eOGiM9\bKUw5pC9y0nZO6tYdzqLWSOV1Nvex3rSj3Z+NoZOblW4nPcDMytcmcw3JeOvr8a2x4lnoIHCWS1Lm3QjlbC\nF\9OsB8UzKKxjr27LLhuqig7f7FLT\ke2xlWIdOQX+PvtvPc1XNXETm3g1Y31zDhqmzmDESaneWYTvXVU5NDPF2V\RlRNU\0aSZmU92lZmyTatY93lLGq\DSnmNB7TZPDY1OJ2ZasQw0IZt+waKmrIYp2rkyK5yTim0qPi\btQ1TJ92clNCZ+NXda3qEKdnzGgodrpBO47UYLzq4cko\Ta8qMm8p0dPGo5IGXeK4jUbqHtwBslNR7B+6MCjNFC4MPi84XgjOXMrcO4ox7zSReY8E8lN9VTvr8TZoMRQmNnxuddBGp0OJTbKX32VwDwTybc0UldZgc31NYq4jiO7y1ja60FsALcqldBgo2yXmimjDehvzyR\XjXmHRZWvVhHVmYKynPBONCS\VhGxEl4jWEMg3eUUfriBuozpjBmKHide7BW+VBOehxTLLP3iTHG4XdgCbZbCrWUv2\rvN0i1SHK\oq2rh3bt2f95fnAjHkHUW0xfDXHNaRhHK\Etr+UDUUBssYn0OiwUn7qO2gT6XjFd7N\enN8osrgsbkHMO+wsGZDHbNmpsCJcsoOtp2giuWa7e3+Ff2FGt0kHepI72pvi\5UF6o54spBF67jP6nG0Rzm+FXno9ruRjlQif9MJRXuTHK0fRGHEEIIIYQQQgghRO+RCWARFb\bib3dMiaFSothYQ6LZqZ1\IFZm45hsBXrBT3phii2fYzTkPXcetTvWSirKsWyFxQDtZgWryRvYqSfHMPltVJ8ElAo0aRms+zxLNKC89Zpi1aR\00RJYda0igGakidnM\6qY1Yni\B7XKDQQukkTlPz\HtDko3Oaj\yUbyo2umMLHpyPnZSpQWC+X7S7HsVaDSZ7HygXo2vNv5KuDo4+2+qMuIpn+iTbNyPeptV9IQr0Y\aym5f61H3TrRH5dG3nP5sLEE+45iHAol2ol5rMr08sZae3dq2rFP7+kkeWfj95rVQcEYvQ6cLlSpaVd+eE9NIxUbjkQD467SD9QJM5eS07gFy\sWKgMKVCMyWVqQgz7kHhDNnNWsH1qC5Xc2rO\WAgqUSalkL3+crNROnmw7Ko9Vi6HoPXtLPoUSTaqJ\LUZNL6zipLTdbgx0Fq1aGJpr9uxAWkzs9E7S3Fss+CYtJSNT+jRzFnJ+sGlWHbYKN1UCXEK1KMzWbooB\3gTk6WlMXK55RYNn+AY2cx9mZaxsq8ZTw+O63LG2M61iuGOMbnsXTgnpZ2+0aBenTbz8OoRdtfUdY1fPt2v79icVXHNaGfp2UUOxQo7zSS91wm3n8y0+GK72b\9Or4pHVMlVC0rSWvYqAW4+Ic\JtKaWhNFMM125f9K64mLbOeyMfQ09MM1aDxeqiucZETZgbYccgBg9WoznfncQ8GCjdu7F5c7goqz4BuYTZsL8G220nO47HdLCOEEEIIIYQQQgjR39x06dKlS30dhOie06dPM3x4xL2R+5iH8jVmyoYVsvHJHv9keOM5VETBJjdZa9aTfXtfByM6kvErrlcOigqKcIz\9oxde5EZ7\yuVwD3D9++\rkR9MfvW9cqJsebBRTVGCjcWNiDCeDg31SyyB5WTpkrk5W\zGm7+rvJzutPW1DMzaJhRznMM2OeE9zlotmL\T0L5TVuPBdb1pwrVFqMjxaG3CTY\tpqed0Qep4IXNtWsGGXmtyXl6PcvASLU0\+r5eGeXyJH9cHFiwfOfE2geL2DApXpHFgWftyokkXjG9OPsaTxZS5AiiSsli+Nhsd4DtVzjvvlOM8H2i5qUNnIvtvczGG3tRx3k7xxm3Y3T4CzcE2WVBI7iT1lRuMokkjhBBCiLC+zd8BhRBCXD\kb8P1y+eL7SFU3SHPABZXh8uGrUGJafK3+wfu2neXsWRFMc42Wxr6sdecgjgtydfFhMW3kIxfIa4PPhvVzsGoE\s6ECFE1xQYJptQXqjmSLsHAQcc1TgxhNk1xo\tn1dh2e\l1vHZ5C\OJ2+ekaRmN7ZN61t2femJZicHDvpgRDrjVAqMkw3Q7KRif8d\hNW+u4oNO5z8ry6TvMV5ZGlOUfSrD66slo8xHYDnQwtWRQZ5i3PIyBiDDvBUrOO5X5VRn2AiZ3E++QtMqM5VYlm9jvKvghmbHBSts2D7+nYyFuSTvzgHU+J5bG+voqgqEH0aIYQQQgghhBBC3LBkC2jRq3zHythWU4+7xok3KZsl3\Id9NLGG1Dst1G01k\WA+NQ39JI3e4KKl1+tPM6f7axuPZk\ApxffHZj\B\C3LCrNQTQvQeB0UFBRHe00T1DO7LRo\DoLS12wY6gKPGCYZCDHEeykLTn7dz5LQCzdzlrLy8wtaI6Z4EVq2z4nJ5YFTnK3w79ckBbH7Qm0wtjzO5Nx1DnAOHvRrfA5lXHnFywUrpfj\K8YWsfdKAEmCiCcMOM2Y3aGJN1yohg6VP56Br\T7YZKf0d24SZqzE\JguuErXiHFmOqWrN1D2OzuZPzGiOFGNw68ma8WyyzvJGMenwHO\wn7SSWCSIbo03W85IYQQQgghhBBC9HMyASx6V6MLR1UtJBrI+4esjj90fduMymPtcjXvbLFS\q6DAKAYrCPjiZXkTOri2cbi2pPxK8R1RfXAUpb1dRBC3PDU6CbpCP+tRU1yLI9yjtMzbqwSW80RXAt1LdtANzmodiox\cQAeNqmH5zB0lcyOp5Hm4IWK3X+r2MovL0A9oMOiNOTPj44FRpnYMokJY6DlVS4M8kJPpA+cLIWNyoyHwhO6gZpHsxE\0Ex54kt3WW6tCuTvwDHjuBsVpB2ixfHobbPQg4kBN\HiEGtRo2DyvdKSV6YhV6rRBGnI\eXb5DbmiGaNEIIIYQQQgghhLhhyQSw6FWqqct4Y2pfR9G\qFKzWLo2q6\DEFGQ8SuufwYKN27s6yBERNI\4nqkZdYT+T14BnBb+vEGlAerOeLKQaeDQE01zlsMLB0NnIuQKeDH11BPbYObemcttc5TuAEuNHY\kAuVVBwD7knHELKLQEt8Nmy7neQ83rIViPfCeSAZzbB254gfTIKSyxO70aaLxHOuAQhQ+6GF2rApvHjOgUGbRe50J0V7rRSts4JCieZOI6a5mWSMCj7fN5o0QgghhLjunD59uq9DEEIIIcR1QiaAhRBCCCGEED3ieLOAopq2xwyFGylsP3PcZhtoLfYaJ8qxS9GHfSyGH+eWlyja6yEAEK9ClagmZbIeRYUDV7gsUfLVVLdMIh+zsKTA0jFB1R7sj+m72GL+ZpRRbUEfbTqIblttJfpFZt5Y4KF2vw2rvZpTrkpKf11J+fhC1j9pQBlVGiGEEEJcb4YPH97XIQghhOhH5MYg0RmZABZCCCGEEEJcG63bQDuO4J7n4YhTiWGpPnxaZymWvR7UM5axfEEaqtZlq002Xq9w9CAINxW73RCnI\NvZ5Dc7t3GT8ooPeSkYr8P4wMq1ImDgXo8ZwFdSMImD54LV15Gmy6SlvxO6lwBSIpijW68hrQHckh7IAcCPmyWNRTXVGD3GchQxZBGCCGEEEIIIYQQNxyZABZCCCGEEEL0iOHJjUS7wXnLNssODmz34FQaWBZh\tdzxoUfNRnTQiZ\AZ\9CM6eBOuqpvo8KCfPIWdimMJHNFJ9qBT37grcD+Sg1Y8hLc6JrcJOVgFpbQ8AACAASURBVKHx8spZz649OAFN8LUiynSRKMano9\sxPlROZ5J2WhaV0U3eyhba8YayGL5i9nc+uEGXvogQNYLq8lMbM2sQvPdK\+080SRRgghhBBCCCGEEDcu+QVACCGEEEIIEYGbirctHIn0dmI6C+friWkxaXAb6Mq9XpRTl5EWIZlGp0OJjfJXXyUwz0TyLY3UVVZgc32NIo6WbaG7wbnfhg81mTMjzDwnZjDrnlIsx2zsceaQp8\gsbkHMO+wsGZDHbNmpsCJcsoOetrmU0WZLpJ4IzlzK3DuKMe80kXmPBPJTfVU76\E2aDEUJjZsrDYMIbBO8oofXED9RlTGDMUvM49WKt8KCc9jkkFiijSCCGEEEIIIYQQ4sYlE8BCCCGEEEKICLy4qryRn7ebpCEr1gng1m2gD4JhfKTpX2BUHqsWQ9F7dqzv1oJCiSbVRP7aDBrfWUXJ6TrcGNDGUnaTnT1Vfrgzi1kRMyowTjdRcsyGo8ZJnl6PZs5K1g8uoWibjdJNlSgGajEuzsG\qZSGkJzRpotEM2c164eWYPmdraXOKFAmpZK9\HGyUoNripOyWPmcEsvmD3DsLMbeDMSr0c9bxuOz01BEm0YIIYQQQgghhBA3rJsuXbp0qa+DEN1z+vRphg8f3tdhCCGEEELcsPrj963+GJMQQgghxI2kP37f6o8xCSGE6Fvyt+H65fP5rnoZcV0nEUIIIYQQQgghhBBCCCGEEEIIcT2QCWAhhBBCCCGEEEIIIYQQQgghhLhByASwEEIIIYQQQgghhBBCCCGEEELcIGQCWAghhBBCCCGEEEIIIYQQQgghbhAyASyEEEIIIYQQQgghhBBCCCGEEDcImQAWQgghhBBCCCGEEEIIIYQQQogbhEwAC9ETjiIKCsyUN\TS6d4s6NXzdcpXS\mvS3Fe67zXHQ\lawooeNPRdZo15XiuWVw91Cd9eA3aqdlD5eurWPL3BRQUFLBqR4SSOtT\OuzDEJ4PzBQUFNHZKP02aWmPa\RZKoQQQgghhBBCCCGEEP2MTAAL8S3l2f8eZSe9BK5xXtE\3LB9WFNGidNLgjGH\MX55E5Qh012w9ZfCCGEEEIIIYQQQgghxLfed\o6ACFEe4NJSOzrGIS4PnnONQAaTLMzMSb1dTRCCCGEEEIIIYQQQgghxLUnE8CiawEv9m0WyqpceJuAeDW6SdnkP2ZE3bqG3FFEQVED2Svy4EML5Se8BJoVKO80kluQh3FwF2Wct1PyVjn2Mx78ASBOgUprZGFo3p6WEUM9shYbqd1chiugQPPgcszzdeB3UW4JlosCzdRCnhkVppxmH7UfvsPmj5wxl1OQpIZEDZr4YDq\i3JLMdZTLe2iGKghdeZjPD47DVVn6\e7yOd4s4CiGgAPRQUFML6QjU8aAD+uXcVs+ciJ29eyNrIlbx75c3QoiZQ3ifI1ZsqGtZ6nlafj8e7WKXxFu4z3Sgz5rDfUUvSeHffFAMSr0T+YH5KuhfdQ8eU0ikQ9Of+QE2tQwdAcWNYUYW\Wk\fcUkzB8Rk4Z6dkUwn2M34CKFDeqSfr0TwyRyjbZO86Xdt6vbHZhqcJFIP1ZD3+OFmpqoihdd6HeRTGv4\loA8GGshdW4hpYDTtHKz2F1aKt5bj7KJ+XbVTOL5TVrZsj3TuYHsEt\wtW1NAGQYKNxZiaHeeSPUPtjyNx0op3lKJ60LkcULAi31LESWH3MFxrEU\exF5D7RLF7YitVjfK6X8WOS8ng\MmHckkVeo5H2LDR9KDIvWUzhZCeftFG8Mjg2FCv2C5YQdpVHEGLkccH1goXj3KTwXA6BQoknN5LHHs0iLNLTcpaxaZ0Uxz4x5jqbNW65tK9iwO4XCfy7EEBdbG7Tvw0jHwzZBo5PSze9Q+YWPQJwC9egs8vOz0IV0UsuYrcDp9hFo5nJd81rTnSxm2a9t6B5\g6WTFW3O73izgKKTJpa+koc+Lro2F0IIIYQQQgghhBBCiKttgNlsNvd1EKJ7\vznP\Pd73736hbS7KH8lz+n5FgTg6dkszBzAsnNp6n5eB\WYwOYMGUkg24CGg6z8\BZ3Mds1N88gTmP3M\oQf\Ffx4\RpWjibH3jyYhUhl+G68\+1vsgaGY5j7C\ZPHkKzw8sWnTuzVFxiZeS\qnpYRUz0+5\Ojbr43M5dsg5phaSaGJ9RS\LN\xPrVd7jrgR+QPSmZ\z5Uwn\UNePzQdqMDEYOBPBg\YWZtw77STI9zCOZ95Gi9HB8\24+\KTrcsYM+Jyd55KZbxpOPB7K162n7FwihlnzeWjqvQxrOsX+vbtxBMZy\+hIte06322J3yPBX8eJhmFkLH6E+\V3MSwxHtc2Mxt2urlNn8Ujc6YwIUXNxa8+4cQRG58PnM6U78dHyBvg88pKTqkm8PD40Imfi+2Od7dO4UUT7+UYPKeoqvma5FnZzJk4HDxOjtXs4+yQh0i\YwAAvj0beLb4GF\1X088tgs0hSf84ffHeZCsw9fYvu6hQqWQRoZM0YyqNlD+Uv\yO4\a8leuYL7v9eSKnCsmOdeLuPMLXqy5s9hyj3DCHxuY3dFJWfvmMYEjSKGdCH1snv53swfkH3fcL75z\1U7rJx7s77Gfe9AWGj7bQP6z7hk\+5l+zc+0kZ+n0m6jWcjaqdwe8oYtU\7cZ9Scu0eY9w\90D8TqrsO09wYAJ0xg5MLp2CsfvKOL513fjjtfz8F\PYUpq8Nx79gfbZBADh2hQB+o40RCPYcGPmGMaw13DEolvd65O63\uc6ocXzP8\mzmTB2J0v0JNe3GCU1Oilf9grIzt6Gf\Qhzpt7LsMAX2Hb9gUrPHUwbr0HRoQaXK0LRmjfY7b4Z\Zwc5kwdycBzJ6iy7WZ\SN6Ln1dSeepzPvnka+6dn8v939fw\XGj0fxPJRtWFXPsL2ruW\ADZqXdwud\+HcOXwjg8\0VEx6egCaGGCOVw+71rN\RQOK4h5j\0BTuvT3AKVslu2s6+axNSKTpcCWHzyYwYcZIBl1+w8V\bN5Ng2Ehf2MYGmMbDLxSp6BIx+mQxsPn1Q6+Hj6L7DlTGBl\lk9qDrPP8z0eMg5jAICrFPNLO3HfOpqs7DlMMaag\stZPjnhwFY3iOmm4cQPGcRFm42qi2oeSk\m8lXV7KDMchhfeg5596p7Ni5Ev3ZNvm\FqD\GJIQQQghxI+mP37f6Y0xCCCH6lvxtuH41NTVd9TJkBbDolG+3hTK3EsPi9RRODK5fmmhiyv7XWfFuGaX2TJZOav1J2w8j81lbaGxZ6TTRiD7BjHmHk+MNOWgjbMfqPXQE1wAN2T9dSVZrmokmxqhWsa7ChescpF3O270yYqsHqKYvZdkC3ZX8u0qxXVRiKFxLoaElv9FkoGytGXfIFESgqpTSMwlkrDCTOyJ4volGMieVsmpD1+WgK2TjxOD\b3BgbwDD4tXktx6baCDhV8soOXUcD9rwkx\R5NMZ0WvLKXUkkDbRGFxFV0t1TSPK8fmsetIQnKgwYpyazOtPW3B+XgczDKjC5v1L+IbvTmzRnSnqeC+7mEDGGjPZt7e8NJo0FP2kCMcxJ0wyQLOT93e4QJvNquey0MQBE42YRhaxapM76qhabjZYT9lZLdnPrybr9tY33JS9Z8M3Oo+Xf2K6vNrZODUD2+vLKN5WjtuQgzbqdK31gtQ24zKN0tUbsL5Xxqx7QtKF6LQPm9PI\Vk+psvLFWv5IKp2dlO+zYF\cCYr1+Wgiwumm5zM68+UYK9ykTX\1ijaKVybOiktduBPysK8JrulbzBinJ5OyZoNVLa2id4IZ8opdUDyPcaIW0B3Xn81mSvM5AQvS+M9CTQ+bcF51AGTjC09ubME20U9eRuWYmpdDTvRRMbB11n2TinlbgM54RoecG4rxnFRQ1boWJyYQfp7Zjbs6Zg37QeryJ96Ze2o850yXGjJfq61zYwYJ6dQtMpC6CiNNca25Xgot3vAkM\qJ4zBY0YMqldZtq2W41+BNmx\aZgyVUvZNjuOhiw0re3vOkL1BSWG8fputUFPqGcux7ww2JkTDSRcXILl2BEczUaMcVBrr6ZxoIH85woxxF+JJfmfl2A5VksdGRjQkT5RjbXiCPYmE6bWOwo+qcbRrCJzchrQs3EhhBBCCCGEEEIIIYQQvUkmgEUnfBxxuCExk1kT225eqTLNwPTvTmyH7AQmmS6vakodb2yzzaXm9iTAQb0HiDAZo56+lFendzyu1WmBOvz+tsdjLyP2eqSkhkzKEuD4yWB+Q0j+OA1ZD+opf+f85UOOo06IT0N5wYH9EG3OoQKcrZONYctpJ1HN4Dhw7LBgG5yNcbgaRZwS0\KNmCLn6n4+0sj95Rvktj8cryVlKDib\ASgZyvYuh1bL8Q71IAxdNIqLonkoeA468GDAc3pWo77Qb8wMzjB2EI5cRam7Q6sUcXUiGPTS5SdSSBrdbtJza+O4DgPmpEBamvsbXL5FSo4H7yJoTnKdK1jPSmT7DbjUofJpMG6o5bj50A7NKrAr0hKbbM9btTtfO44tedBM88UnPwNUppY+kZr73qC\9tJO4Vz6ggOP+gXZrXpGxQ65szUUrmtmmpXDtpOLqeoDTViCj1Paz09XjyABg9HjnphqI7AKTtteuiiAhVenMc85GjD3cpQy5GjftDntKuzAt2DGWj3lFJd5SLnckU0pI4M7QwXtSf9MDqHzND8SiOzJm\Dsav1QKwxti9HjXoo8EkZlv1qso061PGgnLqMjVM7bT1U49PRbivFXuMhK7gNdO1BGz6lgXGju9MGPaHG2KYzFWiHa+BYA95zQBKkPfYybzzWPl9rugD+JiAetEYD6gorR2oCmILbQDsOOWBwJuk6iL3NhRBCCCGEEEIIIYQQ4uqRCWDRib\gvwgM03RcRRg3GLUK8DbihSurNnswogJ+Hw1navGcref4yVqcp1rWs3kb2yWMuYxu1KMNL43e8PkViQkoaZ0A9uD1AE21lG+qDR\KOQ9eDKijCTveSM6jNuq32ineYKc4ToFKq2dG5hymjNdGfl5ud\O1ag7g97pxnfFQ\lxjjuduM4DdNZGUeppbD2JN66LqetGLz5UaJLap1Oj7ur50q0aKoPPoPVz3OkhO3Sy548evABVJViqwmX24TkHfBNlutYJ4GGaDn1y+aaIs0CsE8CRdNXODR7cgOH2KEZIZ+0Uzv\48YftG1ANVgPujp8T3dXVOKGhpf2xU7LJHjaF79x5wl8pX+P3gyopzFbAiWrUgPtCZxVpxHsBVGG2ElarQz9VehIjgALjX+diO12C\d0N2N8FhUqLPmMWc6Ya0UZ+vDQkppN+ZymldgeeORo01GKv8aMcb2x5Rm6P2yAWChRRfqYELnpxu1x43HUcP+HE6fIC0HiBlmtNa8KUZKWsxk5gsglFs4NqB6gfSA\+XehpmwshhBBCCCGEEEIIIUTvkQlg0ff8Tko2FFHZEABAoVKhHpqC6R4F1hpXHwfXhXhlx4soKRvz2qxe+ZlfM2MZL0\x4Tp6gD2VdpxnHJRtclD2UTbm59qthuyFfJ49r\KrrbX4mgGFEtXAwSTfY0R\zIazF+rTk9j6Kl64FcUtUSaNU2F8ciVpB1ZRvKOYykkryUhsm8RQuJFCQ\jsADiiTBcFRfhHAMcsqnb+JhD9CaNop35vfCEbn+xhB\WiW+OVHQ\2JMbbM1j2sgmfy8GBvXuwO904dlhw7KzoYstuFen36Sh97wjOC1loGuw4\EoM49O6F8fV9lUlr75aQq0PQIEy8VYGDxuHcfQRbG0+RILbW28\gqPJhPFENY5mNZnGdrcF9bNxIYQQQgghhBCxOvLSaHI2ASzireOryYgPl8rL1sXTeHYfsHgLrmfG9k7hzo1Mf+Q13MOe4ve7Cri7l37X6Fd8J9n6UhUj1j3BuL6ORQghxA1NJoBFJ25DORA427Kyr82GnM3n8fqAVHWPJzqd2yxUNqjJeHo5OaNUl1eFBQ6+jrWmhycHel4PNQnq8PkDDR587dM563A1gSbsF+RuUKjQTcxCNzELmgO4d6xn3YdWrKeyyBvVi\kuWLG8V8v\6XMxP5kREr+L0mgnVBsb8QFXFgieb1kVN6yX6tTb8YZKUKPCgachALrQtYluPGdpN3AiGDqDLIMajSabPWvLKHnXhnGpqWXL8gQ1KqDuCxcYOjlZtOladWhz8HzVAOhIGR5FzF2Jtp2HJaPFQcNXHjCEXk1eyteZsapzWV8YrE9n7RTOLUqU+ML0DfjOewE1mu\1Ql2jkoA6EXDV4cIQ1bC44laUSvA1eAiga7sC9oIXL6BOirBXfkjZjjD53WfrgZReiDGUApXOSJbOSBYQOFPG+hfLse6uJetHkSd0VZOnoH+vmOoaH9oGB\5EE1MuX9extkEjje0G+PlznTxTICY+rL8tofb\9OSuKSTj9ivRuLa1nwC+sr11tcOP4pgDkrIxXZ7\7a02F0IIIYQQQoj+Ygt7qleQMS3MD1wNe\nDvt4v8dO923HrdIxwFbG16m9Ya+qtH9f6jz9ZX+PZrSmUruvrSIQQQtzourPhqvjWUDHOoIULNioOtX0Qr8+2B5sf0kb1dFWXh3qXH4YayAiZ\KXZh72mt9Zw9rQeCsbck9Yxf7MH625nm3TGiXrAifUjT9tTfFWGuWAJq96PfkVzoMbCin9YRnFoEXEKBg9OuCr5OF2HG0idlNFm8jrwRTWOC11FG5xk\6qe+uYrR\2HDuAMed3t2Ho93jB04xg3EJwfleMJrYOjAlus50vKIn+2BpylFLeOGV066YPBd7ACe5th6MdetIyCf3gd28UY0rX6opI9X4W8Djix7vbAneMY19lWvdGKtp2HjiFtMHhsNlwh7cdXNuzuAAlaXccJ3nDtFE7qOAzKjn1DwMUHu90wUM+Yrp4j3Gt0pE9Uh\088R8qYtnfL+H1g5Hqksa4sUpwWikP7TMCuD6qxI0S\ejObqnRMe6eMPn9DiqqfG3SdT9GIODAsmIJy95p+xmsGKImqis13kj6PeB2bKHS6Uc9MT1kQjT6NrhNeSvQQH19aAXsHDgWTRDRqKPuDJCa3mbyl4CLaoevY\LEdKaMAOfRYqodoJ06JeTGoR62uRBCCCGEEEL0K9PImAabd1fTFObdP9msVI4d27srWJuq2fqbL7n7h0\x47FNbN5qJcy\zIQQQggRJVkBLDqlmplPdpWZsk2rWPd5FrNGKvE6rJTXeECbzWNTezrDpEE3Ugn7y\nVrwPMNyWjaKxjzy4brosKIIZtZTvR03qopj5G9n4zZW+tYcPns5gxEmp3lmFraJtOYcwhe5eTsg\MrHBlMt+UjL++GtseJ56BBgpnRb8uTKFPJ01hx1ZkpnGGifTkBBrrbVTuqgVtNpkRVspGm69lcuUUFdtsBMaPwTg8DV2cA8c7Zoobs0hLCLS0kcNL+4d1dsirUzFugo6S92xYfqkgKzMFPt9DxcEAg5PAH2NsOIooKHJ0vg1yDPFGR0f2jwzYi8pZv9ZD1gPjSDhn4\1dtXRn2kYz9zFMe1\F9l4Jznvy0cdryVpowFbkwPKMmdr5WaTFezl+cA92lx\tvBxMAwGiTdfKQ\mLZjyzMxmn8mDbYaXWryX7p5l0Nqo79mGEhFG3c2vcVjas8ZI9axzqplrK37fhGWhk6QMawNPh9B3bKUwMcXpy8gw4isoxr\EEz13Hno8qcfmUGAqzY15xGXX9w9DOzsFwsAjHpmcwn8gma7QSr\MAe+wu\MOyyZkUcS0z+oV5GI4VUf7CKjxzsxg31E\d7goqXT6U4wvJHtF52br5eRhqijr2+cW26XoSIwo96aMV2A8WYfZlYJqUTEJjPba9VmrjtGQ\0NWNPwoM4\XwjiPsNsnRtoFqbDq6rSXY3l6HYvYsUqhjz0c2AoM1dOui7CCFtBHgcBRjfqeRrNEJBM4dwfqRA29zuA+R1s85Bw605Ixve4X1qM2FEEIIIYQQol9J4aHZUPmzfXz8s2nttoH+kj\82z4yfvACI44e5UjwqHvLIqabVfxyXxGPttm0ycXmR+by4qQtnOxkq+imaiub\Xfw0wmZZAwYC+YtlC2fy4\vDJP2s5288loRW60ufAxiRGYOS576B+bdFR9TGt\JnbzxRmdpgltd39V+m+v2x1tfv031tKP83PwWH7n+m\iksTz61DqeW6AjntDttfeRc9fbvbt9thBCCNGOrAAWnYvTkLVyPfnTk\i6qhTLpmLKnAFSZy1lfYzPa40kbdEq8idr+b8vrBRvslD84SmUE\NZ\McdIDb5e55IT2tR2v+SQk0HCzFsqkMR7yR\AWGjumeW0\+dB03u1rqU7rHBanZLFtTiCGW3\j9eSvWUrmneDaU4plk4XSPfXcOimf9Ss7ecZwlPlU6XPIuD2Aa1cxli0H8CZmsPSn2ehVXmzbLFjeKmGPV0fusy9SOEkJ5+pwN0XIC6hmLGXlPD3KhkpKN1kocyqZ8fRy5gyLPbaoxBBvtJSGQtYuzyY14KTsXQvFe70kz80jozu7zcalkfu4EeVFO5ZttZfPv35FDobbG7Fvs2B5twyHNwHTE+tZOedK7aNNB7Ssol0wGPdHxVjeraQ+0UT+2pWdPKO1Rbg+DCuGdr4c962nKH\XgmW7nUBqNitfiDCxG6Gdwmnpm5Bzb7PRkGgib\V6CmO6sGKsf\hgKHxhJTnjk2g8FPw8cXhJaB3HnX2eKA0UrllGjuFWTn1YjGVTKbZzCZh+tJr1Txoib4PdLn92agDnzmIsWyrxJmeTN0PTMV13Y0SB\vG1LJ2lhdMt17NlWyX1twbHVhTXg8KQjh5gsIH0do\JjboNWsdefAOV2yxYdjhRZixn+Zze2P4ZQEXGT1aSrU\AW9XyeVRS6UW3cDUvFhpR4qHudNubkFSTp7TUa8QU0ts\t7pHbS6EEEIIIYQQ\cuImXN5kC3sqW7348qZfZQdncZDppQ2h7UzF5DBPv5ga\cvbFcVW513sCSrs4nO\+aj7Vtg2AIyRrWe6yibdp7skLKp5mUenvsMm78czZJfvc2\qqQ0V9u4elHn2JHQ2xpcrKfYfN\Tee5opA0cxfwYk2MPyi12v0CP3yqCu3fvcy\Fr3Aj1Pq2PyzBbxoaznfiPlv8+snRgGZPPf22\zr\JTOzyeEEEL0wE2XLl261NdBiO45ffo0w4f3xkM+heh\PDtWUaZdH3kF8Leeh\I1ZsrIxrw2xslzIa62ZgdFPymiYa4Zc\ubFoS4zvTH71vXOqZLwKVLcAn5Z4MQQgghrr2buImbboKbrmGZ3+bvgC2rVJ+g9LNCvnwqnacTizhpnkbrfd3uLYuYvnsB1ZtS+M1di9h0eRXrf7PjqXSe\ssLVG9awJBg+i82L2DWW7P4\a4C7h4QodCG7fzttOf50\M7+f2PdVxeUVv3VLt8X7L50VmsYTUVJYsY0Xrcv481M1bzxVO\5V8X3dx1mh808c8PLOCVlBfYu3EB2tY037jYlDuXF1nN3q2L0Ma6AnjfNH65p4hHWxdDfHOUF8cvYtOiK\n\tL2Q9J+lUPrZit7dQlsI8a3UH\9eiej4fFf\QQeyBbQQov8JuKisArVM\gpxXfJXHcDRrCVnskz+CnG9++bSJTzeP3Oh8SJfN\0vcu+oEEIIIa6lm266iVvjbyYxYSAa9XcZcNO1nAb+thtERmYmLA\dBvpLKt8\yoN5GxlCXYT0VvY0LAhuA32Sj946iTZnXeTJX8C9ezuVjGXttNbnM6l5aH4mzy4vYmvV37DWFJx+\tNR9hyFjF\MujKxC6CcxtrqfcE0O7tOc3IjW8\Cj9fOvTL5CzBAx6N5mby4fDuVrkX8ONbnTU3K5L7QnfAG3MGICcBndfyJsZcnxYUQQohrQSaAhRD9z6kD1I3OZXn7rWOFEP2ae6+FipNeaj9xoRxfSEb7bZKFENeVvzT9Ly73H7k1XsFwjZrblLcQJz+6CiGEEOIaar50ib\4\4c\lcjJ+q+RKf9HrfF39zXYX1rqEyZPMgz7KleQca0eHDtY+vRTP5u46BO0\B5uXRBWo4uY+tZ+\g0ZmjIhfyzUl2\OYojF1Nxp3tz2Vl81YrPzXNRQVwto6PgR8PV0c+XzRp\D7cjGLEHR2fV6XS3AFYcV+InD2im+GWbmQTQgghrgZ5Ip0Qov\R57H6R\qun4cqhOhXAudqsTtcfD08k6U\MqDo64CEEN32zaVLuNx\RP3dQYzQJjHotltl8lcIIYQQ11zcTTcx6LZbGaFNQv3dQbjcf+Qb2ZHk2kmczuzZsHl3NU3AF7btfDo7M\LNvonTmT\3\2fv7uOqKvP9\78AcRfldigwHSX9bsniphnQEo0GyTN4N6hNmHOk0RmUftLoDE5+tTI96tGx0rGJGT3hL4xGTnTiSCeUSmWOITOGOCnMBNIN7tGAcIQyt7V1i7C\f+wNbGBz4y2U7+fjwWOx1rrWta7rWouH++FnX9cH8gsOYAHKCrKpdOb17VB5AVnVQMlaxo0IxtT0E7GU3QDvZJJz3Fm24TxdZuftThkREZHrgGYAi4h8Iw1iyuotTOnpZoi4MD28gS0P93QrRORy2YGaui+50eDNIL\v9HRzRERERAAY5Pcdvj57jpq6Lxns73tNcwJfv5zLOi8v4PBTQ6j4n3Imzh3nmI3bUfkH4yExj\xVw6n8rypC5sYQ0mF5G4X\k0olYSxISea+thWbs5m7Jpe03HJmLwiC24OIBiqO1cEo1xm+dexI+hGbhm5ge2I3yjxoJIByKqpsYGo9C9hSUwVEEDjQ5eCJWizg0u8qKt8HRnTYMRERkR6nGcAiIiIiItLMbodTp7\itlv693RTRERERFq57Zb+nDr9FZoEfO0YI2OYaM1m1yt5ZJXG8mCU++WfmxgiYpjtk8fel3LZVR3GPGPaEwAAIABJREFUzKhOEunaitiVYYPJ8Tw6OYKxkW1+4hNYOBgqX8qm0Ab4h\FAGOS\voeKBpd6qvfx5t4zDBkRjLE7ZUZEMXMwZGzLpdK1TIOZrG15YIpi5GAAA\2NQLG5VTnbgTx2WLs7giIiIj1DAWAREREREWlmx85Z23lu8lEGMxEREeldbvK5gbO289hRBPia8R3H5Mk2MjamUBYbw9iOp\86GMKYFGdgd2YmZWGxrfL6tmXJyyYDA7NnxrifVewVxLRHw8Cayba8M8AQZj6RQGDJWqb+dANZe4sozN3CIw+tIN80n4Wxft0r4xVE4m8TCCxYwYTmMukseiiOdSUmEn8TTyAA\RgbE4uhOoVf\yqdHfuL2JG2lBnJRxkedWnDafAxAnlsyyig8OMzl1aJiIhINygALCIiIiIirdjtduX8FRERkV7H08MDu6b\XmPOZaCBaTFjOln+uYmBkePjwGpj5INRBHRYroqcbXkwOImZYwwdlgqYHM9EYHfePiyAYdQSduauZ\Yt+1iXlMAjy1\FNnkNe95IZqSzmu6W2Z7jUubxVI4MSeLlvGyWjWppj3HyGnY+E4\xg9+zKCGJ3\yvkdkZKSy8xOWfjeMSWDb+HLvXJPHI8\uovbRqREREuuRh16emb6xjx44xbNiwnm6GiIiIyLdWb\y8dbXb1GC3837ZUSJCA6\aPUREREQuVVFpBfeEDMfrKn5Z7Xr8DHhFHdpA0KyjrC5IZebArouLiMil+Ub92yCtWCyWq34PzQAWERERERERERERkSvARv7OTGyTY5mk4K+IiEiP6dPTDRARERERERERERGRb7Iqdqdkc+h4ARm5\iS+1kFeXxEREbkmFAAWERERERERERERkctwnsq9r5B2vB\TVr3C4lEd5\UVERGRq08BYBERERERERERERG5DCYSc4pJ7OlmiIiICKAcwCIiIiIiIiIiIiIiIiIi3xoKAIuIiIiIiIiIiIiIiIiIfEsoACwiIiIiIiIiIiIiIiIi8i2hALCIiIiIiIiIiIiIiIiIyLeEAsDyzVGcyvz580kt7uk2rOLtEz3Yhsv1beiDiIiIiIiIiIiIiIiIuKUAsIiIiIiIiIiIiIiIiIjIt0Sfnm6ASLeFJ7FlS083QkRERERERERERERERKT3UgBYOlecyvzUE0xfMgfeeZG3Sy3Ue\sQcO8skuJH4+fdutyUxNF8mJGDud6bQRMfZ9WDJmi08OE7fyRjdyl1NsDgh2nMdOb962j8PAFLPs8teY26Hz7BhodNrW5f89YqVu3ow4xnlxNzLJX5qcWEJ20hKdxZoL6Og\+9lZwDZvd1u\Zh9SqmDHTTN5fjdX\dRmrWQSot9eDpjTFgNA8nzmL0AG\asR3kD4u2UhqexJb\L7zVqfr3\sDCP37e\p6djaunN4PGzGHh7NH0LX2N3\9xP5Vf1ePtG8qUxHlMCfRpuf7zg7z28tscPF6DtZ6Wts6fw+hbXe5jNfP21q28faSOerwZ9IMklga5aU9Xz0hERERERERERERERES+ERTakW44Td6Lz\F23d1MT5zHjPtu5fP3tvL0c29T06pcDW+\nEffcXOYFxdN9PdMQA15zy7jd7mfYhwzg3mJ85gxxkjdn7fy9Lq3qWkEjJHcHwqWQ4cxt6mv+GANBN5PhK+bZjXW8PZzT7N13wluHDODeYlzmB7qTeU+l7ovQn1xKr9J28\ZwdHMSJzHvLhI+n++n60rUzloc3OBYTT3hwPFRRS3ulc9Bw+VwtBI7ncX\G12mrwXn+dd60imJ85h+vf7U\PeVja98DtW\v8fcfvkOcx7OJqB9aXkbNza0gbrfv6wfCv5J29k9IPzHP0ePZALx\ezdd02PmxqS+OHbFvxHDlHzjP8h3OYFz+FgR+l8vxbbZP\duMZiYiIiIiIiIiIiIiIyDeCZgBLN1ix+k5n1bIpDPIE7h1N5LA\8Os\5rD9QAy\HNMyO9Y47pf8Oq5lFm\9ge1sP96f6CWrmBXoLHfvaGLGbOfp53LYftBx\eh7Q9lWWsRh8wxMTZefKObgCQj9WSRGN62y7N1KTqUP4Ym\Iele5+zYeyO5\89\YMl\ttTdXaV\LcY6YApLF01nEACjGT0MlrxwkA9K6xk9qn1d4fdF4nNoP0V\g\CmScC2gxwuhYCHI9y2u4UV7pjH6qTR+ADcOwjrk8+R99FppqxcxfTvOtoQ7lPHwj+W8sFHMPp7UPfXw5i9BjF98RMts4vvjeRu49Os3WPGfBLuGgiWvdvZ\5UP4UmrSQp3jM\oyHByVq+i0tlD6P4zEhERERERERERERERkd5PM4ClW8J\5Az+OvmMuZ9wTygt\6hVueF3tl7CubikFAx++Jwq5uBfD7b8fF6PESj9eykA3uERhHpaKDrUMge45tBBajxDiXATeAULh4srwTeSCff6tDpjjHyASB8o\etB6i+ij363+sHJfP4ru5hKq\PKwFls2PQ75rltAxA8knAfKP5rcUvL3vsLpQQQMarz8C\AnaOcwV8AbsTHAAwIZ\R3W8p4D7sdP6C+wdnOcb\kd5vaLy0dYAoAvsZqBajng3Ln+IS7jI\nIKZMDG11XXefkYiIiMilqs1OwjQimLnZdT3dlN6h4QxluRt4bHoUQSOCMY2IYELCUtL2dzI+5kymjgjG1MnPukNtL7KRv6rza0yJ2dReifYBnCgibWkCEyIcdQdFxfHY+lzKLBc5PqfMFGans3JBHFOjwlvaGhbF1IeSWZmWTaH5zEVW+k1SwroRwZhGbOBwu2NJZLVd0EdERERERESkDc0Alm4YxO2D2hzyHMjtA6D42KfUEErb0w411NUAtg95O+1D91WfrKGOcPwMo7k\fCuphw5jftiEqWn559AphBvcXfg11q+AwYMIaHvK81b8jEDdaeqgg7a1FzB5FtF\TyV\Typr94D3zYMIGBXJ9B9Gc5e7HMAAnqGMDPNh\4EiihvDCfe0cPh9MwTOcr9sdVvu\gI9vdvtu7t7vdXCieMfUlP9KR+Uf0jpR5UA1J0GqON0HW7Hx9u3Pz587ty7iGfUje6IiIiISBes5WyeF8\GQ478HkZTEIE+Nir357Jufy5ZcSlsXRtDgFfryywflVB20TczU7bvIi9pqGLH43EseucMYMA\KIgB1FLRRfts5kwee2gt+VbA10RIqIGT5nJ2py1l994iXty6homDu7i3pZys9ctZmVWOY3QM+AeZCHH5IHrSnEfG+jwy1q\AGJnAC6uWED30IvsoIiIiIiIi8i2nALBcHm\cBidbGTidVaundBmIdSynXMzhyhmYvJ3LP08O77r+K8UnlFmrNzHjsw\JL8yj6MBHmPdt53f73iY86TfNyyi3FTo6HJ\3ivngCITffpiiCjD968guln++DNZSXnsulfwTjlnK3kYjfgOGE\k9b\IOmbu4GDD4tP\D7+YzEhEREZHLYSN\vTP4a4rjhf9YzjST89uOlnIylsazMjuZecOy2TM\qNWVlZ+WADAtpYgXJvfr3u0sVXxSDQxOZue78wnpxiUVmUsdwV9TAq9mLWFs04faEwWs\HkSGdlL2RhV0LoNthI2\WIt+VYD0SuyeXG2CQNAQx35637O3IxsFq2JoCA1Fv+ORqZ0C4\8NIXDVgP+4xNY\OgspocNweDlpuzxErLS17MxM525MfuYmZLKs5OHdG9MvhHCWPbxEZb1dDNERERERETkG0tLQEs3nKbuVJtDjSf49CT4DDN1MjPUj\5+wImjmG3duE3wSMJ96ig+WOlc\jmc+0d3FP69CZ+bgeoaKtueavycOgswyM8loNm+D3Un3C9h5\3du4iJ+yXLN2xi07NzCPexUvyng3S4cl3Q\UT6Wik+VIrlUBFmQrn\vqsW\qX0v7eSf8KP6EUb2LRlC5s2bGDVkiSmh7oGqJ1j72Z86k\UuPTlIp+RiIiIiFy6E7lsy7QBYaz+jzUtwV8AYxCzn08lcTBUbExlR6vPrnUcLa4Cghh1ZzeDvwDmI+wGGBdEYHfKN5SQtbEEGMLi37oEfwEGRrFsWTxgY0fOvlbLRlvy0tlsBiav4YWm4C+Alx\Ry37P6jCw7f09WR1kFrEd2sDUh1I4bIhgWVYBRalLmDnKffAXwDA0jNmrMinKXcNMk5ms5CTWHdKHWREREREREZEmCgBLN1gp3ncQq8uRur17KG70ITzsrk6u82b0vaFAKXm7a1qf+iyHVfMX8vSbLjNWPUMZPcqHur+\Rc7BmuY8w+4ZGRkeAKf2s+ev1lZnLPvfZb8V7gpytu0GH3yw8mm1Swi3sYb9B1xDozW8\dyvWbgur1Wg17v\IPq7XYLalYmIe\2wlvyFzFIzfC+C0V1ec6lq+NRshQHhRAcZW2ZHN1o4eMj1f9S8uft7d7Ufn8Ya8va2LndRz0hERETkSrKWs3mWI8frhKfyqGxwHD68PrjTnMHuzrfKM2wpJ2tVPBFhjnJhk5LZ3Jy\1kZF7gYemxThyCsbEctj6wua791W7aFsNrrktXXUl8CitAIq2n1D0CV3q7WctCRHDt2gqHgWZZupKy4iHyAqjkkmNzfziWDSZAOQx94Drjluq\jkAEA4AV0to+za9mOOpZRDhg+hWx9Pay3YwoMIDIojOrT9acNNzlqO1XK6+egZCvfmATA7Lqb9KjheJqJnRABVZO0vb1\pqTyemJdOhSmOF99IJzGs+wFuw4g4ns1KJ3GwmbR5GxzLT7fVUEdh2lJmNOUSjojlsfW5VFhb3iPX3MlX5T1qOEPF3kxWLohrrss0IpyI6cmsyy6htt017nIAX6KGM1TsTWdRQixhrd7fIjf3vfjyV+vvTkRERERERC6PloCWbrEWb2Xlc0eZMH44HHmbnPdq8BmVxAw3\zHkynv0DKb\qZSct1axxBzDg5G3Y\20iP3vllJzczhJE1r\z9ddo8Lx+fN+ivEh8uHOKzeOn8f0A6vISXuatZ9MYcIdPtQV5\H2oRoImM6\sD53093jib85v3sz36OVNsURhpPc\hPb\ORdwBGLjhrG0T4924l583trHnuUx647278qOODP+dx8JQPo+MjO13SOWB0OH578ig+AqE\u5rLVg\CdIcP\Pltnn+hngcjb8f79FHe\dN+zF95A\XNJY0\+Fem\3kVOS+v5LlPJvDAHfBhbg77T7SusfvPqIa3V64i50Q4SVuSCL9qfRQREZHrQkMVWY87lkMO7CCv7KWwfZzO3DXp5Fv7ERgaxIA6M2XmPDYmFPBJyk7mfJDEjDQzRlMQIUG1VJSb2Z2WRL55fZslim0cXh\HjDTHl+GMpiBCBgPWKsrMRexYX8SO7Qlsf2MJI9tlCjnKpsfjyT\Qj5DQIGzV5eDjj93qjBiPGN7hUsgBwyOAAnZ\fBQmhzkOVh\lsBUYE8SQU0VsXrOGl\LMWOhHYMwMFi5MYlpQ+8BpRXkBAGNN\pRlr2VlSjaHT9gwDAxj4pxknk6IwN91zAdGsTo9qsOxrThSDIAhMpgAl76W7gWIIGS4+zBzwPBgoIjKvx6hdn5QqzHOT1nKDquJxb9rkyP4RAlZ29JJy86j4lQ\AmPmsnrFfMYOLGFjWDybrbG8+P56JhojWLw6nozETDa9+XOi412WgraWsHFWApvLbUA\AkNNGKxVzrzE5SR28oH2ir1HDVVkLZjKk3ttNOVUDvEC6syUleeR9lQeGXlr2LM57oq8\620yufsfId9bFSWdvD+tspP3dRWl\IvxfDCGylMc\MlhCv3dyciIiIiIiJXggLA0i3hP\0l\f+8lZy0fOoNfoRO+zU\m3wX7rPiuvAcxJRlv8Hvv7aScyCPbeWAtw+D7pzOr382hbvaVhB0P5G++8mzhTO6i+AynoOY8sRv8PvvreQc2M7WfYDBj9AJv2TWj0Pxa5o97HkXc5bNgy2vcXDHNoq9fQi4dw5Px9SxafXB5uoGTX6C5T5b+WNuMTn\6TjufWso0x\GVPu7CKkGxBB+K155J0KJSL86mYtviv+aeY1pPLaXx3j6X3zIO68bx6\+cFptq54jUpzJYQHtIxPZiqvvbedrfu88Rk6mnlxVrZmu0SBL\YZiYiIiFwul6CYcfL6Kxb8BShMT8cwfjk718cT4vwGX0V6PBOeKWHHU1PZTQSrc15jdlPA9Hgmc2PWkr83nV3mWGY7v\tm27+BR9LMMDieF19bzsSBLjc5nsuiny9lhzmdTXsSePnBtklRCsj\KIFXC5zLKDtnOVr2OBtkteAIsbVXWVXkuP8plzKVZgoBTmby60nlVBiDCHQGlivy0lmUl8mbrrl3AaiishxgCIXrf0haOQSGmgjxraWivIQd6xPYsT2elzOWE91V9M1aRWH6Ch5LKQGfKFbPjWi5j6WWSiuAP\07mrw72EQ0kF9gphJagn3mbDZl2ghI3sACl5THtQUbmPurdMqsLYF32\spPDJpH6ufj6PMCoSGMdw5nIaoeJaFZrLypbcoi2\KdWwjf70j+GsYv5ztLu+DpTyTRbPWkpbdcZev1HtU+fpSR\A3agk7n09orgvAUrKFuTNTOLx3LVkfxLE4rNOncNHK0pKc+ZzjefmV5UQ3vcPNf3\pPLIxipIVERhc8lMbghJ4ccuSVuV3LE9iUXYei+alMCQnmZFtXt4rNV4iItK5Y8eO9XQTRERE5BtCAWDpnptDmbXsd8zq6Hx4Elu2dHDO04\R8U8wOr47NzIx49ktzOjuPby7Wfeto5mzbDRz2hxetWWKa2UEjEti+bhO6umwn33w8QbC7+\e8s9u6xnElNVbmNL28MAprdvp6cfony1n9M\aV\vElujWB7zdlx09oc2F3XpGHbRPRERE5GI4ZyU+udeGYfwadj4fe4VnPsbw3DPxrQJtgbHxRD9TQr7VRvTzG1qCUABDp\KT2LXk55Zz6KMzzDb1A2yUvV9M4EADQxYntw7+AgyNZeHcdHasKSf\4yqgbQAYohcmtOTQdfbPGBzGSHI5\GYu+clRTPRtc1FDOYVvOnPZVtViwREsrXCs\wxmGyNTC9g53nm\BhsV76zlF49nk78miY137GTZGOeHUZuZsgMAVVQMWs7ODJcxOVXC5l8ksPFQJnOfCmLflg5mn57IZm7UCsey1QCmeF7curz1TF2rxZlCxR\zpbMcaPsnVc4TAwvxLdEf20lKTySmE4FJmanvsLq5r46g5ZJKwAwjAl2yWtsYuTEIbCxmKO1EOIPHHcEl\GJ58Xn4wlx+VKjMSieF39vJiwxk44zB1+J96iK4vdtBPoOYfqi1sFfAGPYz1kYn8LcTBtlR+sgrP17dMlsBWRtNOPIN+0S\AXwGsLMZ9bw7qRUqsxHqSSCwKbxIorVrsFfZ\lpa3\P6aOxrCzZwkt5c3kxtm20\0qMl4iIdGXYsGE93QQREelF9MUg6YxyAItcCeb97D\hQ+R9WhhZREREpEMNtRRudMxKNIy\SsveRkUxtm1g1X+IM1gYxQP3tA009cPfGeyyWJvCgQZGJmezs6DYTaDLob9PZ9NmDYQMdxPMGzqVR2MNYM1l0S+2cPiUyzmbmR3Ll7Cxuu1FNixfQMjAfkQ\k9oSEAXwMhAYu4b\WBEGVJH2fDaVTefqLJwONWE0JfDq860Dc\iGsWBrCrN9gIK1pB3oIAx6yoIlKIiQ0CD8fQBzJo89lEBaacdh0+4rJ397FUyOIbrpeTWUk\bkFiowMC3ltTZ9HcLMVctp+rrjxLuHt6ptgJ8JqOW0M3VybXEBhwFDfCzRbla0MUTGsbCzfMpX5D0awrTns9lTtIcFblc3MmC8WqvtFBeRAR3nm\aN5cWiXHamxxMIVBblOfINx8czve0XHgC8TExPiAVg994DtEt\fUXGS0RERERERK4UzQAWuQyWv+fw34c+pfJQKXUDp7Owq2WrRURERK5jheviyXcGe2zH6toHka6ETvLrXg7bqTNYTh2l4sgR3i3II39fUSelIwhwF0SjHxPXppN4JJ60QynMiEjFP8jEAC8blaVmLL4xvLB2HIuWp4PR6Fxm2RmMTu74boExcUSvKSG\pIDi2ngC\IHBsbzwRmzHF\lEMT3eQEaajaz3y1kd6Wb94aAEtuckOH5vqKNw06+Yu7mIdT9NZsCuVKa57WM3nTjCoWoImRtMU2zadiCbTWYgbAmLJ7sJvA8cTiCQTxCj7nQXmDdicE6ArvzYmf94+BA35QAvfwLuBNoF3J2uxnvUYMNiOc\p6iMc\egI7+7NZdf+K30Th9rqo45futmP2mOO9zn67mC3S5MDGIcNJwCoLHYs5R3ievIq\d2JiIiIiIjIpVEAWORynDZTfOBD8A1nzq+mMKin2yMiIiLSi9msNgzjE5j5RToZJSmszIxhey9O\mkpz2XTplSy8sxtgtUGjL4G6GQB4Q75hLHsrQIeSF\Pxm15HC4vp9bXxMTkVBbPjiLwyAYWAQz0p9srKjcHRuFcQ\ebEjA8AijA1p1uePkxNnkLz5kjWPROARtzypk2Pwh8\QkAwIalo8TGTXz6tvxebSYfmD20aRqujcI8x5LMIVPHOOvsqJ4xhAx1PWCj7IMCILbjPMTt+DHEBOztbvlLV7s\nd9sSmf3obo2b0w\jL6A9eq34Yrw9WM4UFltuZQ3X0RERERERK4hBYClc53l9hWMP\g1m37Q060QERER+WZoXvb5YyOF01M4vGY5GZGZ9MYYsO3QBmbMSqcCA\5BMcweH0bI3cEEDhtO4GA\bLlJRDxVcGmVe\kxNnE92xPbn2rK9zt2WOslpG2nbBh8O4iuNnQQjrOdwUI\jB1cdq6j6zrUj7FRUfBOAZUfVWEhCKPB6FjG2HqUk3WAu2WVncFe7hnSLrBruKmpcWc4WeX4bWxwBy+E+QiFAOPDCHRdOtxWwrtvAlERjOx21PwMtSe6W\bSVWYnMeGpAmz0IzAyluiwMELvGc7wIcEEDulH2cZgZqRd\XZcEafqOAoQOrj7X04QERERERGRHqEcwCIiIiIick2MjRnnyPkb9HOeXWACSli5LpvKi5i1em0Cd+Wk\V9H8Df6mZ0U5aSwOjmBmeMjGGnyw2i4lOBpd1RRuLMcGMJ9dzuXLrbksWhEMEERSWR1tFzx8aOOwKjPcAKd6\CWbZmA6e4Iwp7vaKlqG0ePOJf9dS6TXJu3lqnTowhaVdDhDM\mfvsbnUHA4YSOByii7Kj7qyqOOILaAfcGt1sm2PZ198exYn8uZUBI+PBWAciKrBQyrAZmz4ltrj9geBQAhUerOqitioribt\60ljy2PhUATZMJL5WwJ709SxLjmdaZAQhQ\th8ALbRb373Wf0d74\Hx+l1m0JMxkPRTDhoaXsqG4Zr\wPjnT47C1HjzhyTA\zZ8AVb7GIiIiIiIhcSQoAi4iIiIjINWZg5KMrSBwMFKxl5Zutg3T+wyKADoJ31mLeu9rL9jrz00IEkyLd5JBtMJO\vbMcwB2ozWPlpAhMYRs47CbwZzvwGmklgCmO6BHOg8YgRoUBFJG11+ymUhuFr79CGWCIiyLEOTM2MDTKsRrz63nku1tiuDqXbZkAYTxwj2O2sf9wE5TXYcvMZvcpN9e49Hvi3cHOg\0YOz4GgIzsvPZ5nRvMzUHtmZFBLcd9BxMCVJyoba5ngHOoK2vOuGlvNus2lgAGou9umSFsObCBX6wpwTB+OYmRLVOd\e+JYiRgy8x123\bodyOA+pXyicl7ABgHJNGuZmGbS1g1+tX59aGsAimARRks8vda2M+QE7pGSpODWf4wJbxIjOTHHdfsGgwk7MtD4DoyHDNABYREREREenlFAAWEREREZFrzyeCxavjMWAjf81adrgEnQKGB2MAbJmpZHzsMh\RUk7G48lkXO2cqf7DCfQBKGDXO+bWMyJPlZO1\FesLLmUescw6s4zYE3nyY1FWFyCwJbyTB5LSqcSA7OX\bw5kAtDmLkwHgNweM2vWLm3ruWihjMc3pLA3PQq8IniuUcjmlPwGsbEsywMsGby2OOZlLlGZo\n8uS8FeQDgQuWMrMpn65pKgtjDUAeTzzV5hqLS79N83k0piXZrjEmgQUm4J0VLMoob+lXQx3565zXRM1nZqhLfYOHMBIo3F\iDBobGBvj6OfujSnku0xbtZRn8thDK5yBXBP9fRx1F25OIGpOOhWmBF59Ps4xu7zJ0DgWxhvc9t9SnsmiX6Q7ZrNeTYNNRAOQR47rcwNs1UVsnHcV32VjDI8uds6y\8Va8l2DupYSNj+9gcNA9MI4x7vWNF4UsHL+htblG6rY4fLsF8a2Xp5cREREREREeh\lABYRERERkR5hiErmhdhsHsst4In1eUQ\H+OYWTgqgefGZ7JobwErY8ewKcjEAGqpKK\DZopjcUIVG9MvYQZud3mFMXtFFBlPFZD\TCxBqSZCBhvAWkWZ+Qz4BJG4IJ7dmzOpNFdRS1i7pY3d68e0pWt4c98K8tMSCMv0I8TkD3Vmyk7YAAPRK7JZFtV6tqghagnbFx9hxsYSMpKiyBoYRKAfnDSXU2sFfMJY\J8pTBvo2gcTs3+XQtm8ZLL2rmXqPSkEhg7B0NQHIDAuha0LwzC4tG\i2nQWHE1g8961TL1nA\6uYw9giuPFrcmMdG2iIYyFv02m8Kcp5K+JI2yTY7ya22eK48XVca3HyBDBA\GQkZnLrqdimTkQDJFLeDXxADPSMpkbudOlvTBx\RoSV60gzVrOuthg1jVVE5TAy2lLGOnTdqwNRC9NZ0FxU19a998QFEP04DzyS6MIdJe3+EoYGMvCxHTy08ytnlvz8\aNYXGijY1pBRRWVQGXElitIysxiicLIPqZAl6Oa6kjJDGVF47EseidTOZGZTuepZeNylIzFhzPf\WDTeUNRC\NZPFH8Ww8lM7cqMx25fGN4YW2z15ERERERESTgn8ZAAAgAElEQVR6Jc0AFhERERGRHtKPiUvXEO0Dttyl\Ns7TUv\+jFtcx7bV8Uz1tSX2vJyyk4YiU5cz86sNcwccfUjUAFxqRSkL2HaKD8Mp8yUlZZTSTDTlqaypyCbZUlRjtmde\ModLdcckcGx\FyQTYvJMYQYjxDWWk5ZZZ+hMQk8EJOAS\PNtG+dwZC5mdSlLOexJggjJZyykrLsRiDmJi4np0FmSwIdTMmg2N49q0CXl0ay1gTVJSWU2aGwMhYlqUXsOeZmNazZsERTH4jj+3PJDAxqB+W8nLKys9gDIoh8ZlMit5aw0Q3AVND6Hy270pn2YMRBGJu3b4sd9cYGDs1gQAKWJnalHPYwMjFr7HzmXhGDjxPRamZk75TeTbnT7z4YByzn4lnpK+jnH9QDInPZ1P0xhKiO4q+O\vy6tJYZ33llJ3yZ2JyOgVvJPNA50\qCnD25\kEJpr6YTtRTlmpmZO+UY6xfC+FBTOiCAFsbxZRdqXzAXsNYdrzf2JP6hKmjXI+y9JqDEExLE7NZfvaNs\fJ4gF\1nAzufnMy1yMLZyR3sxxTB7VTpF76Uw7WoFy0VEREREROSK8rDb7faeboRcmmPHjjFs2LCeboaIiIjIt1Zv\Lx1tdvUYLfzftlRIkIDr9o9RBxs5K8aw9xMiF67k5dnusm33B0NdeSv+zlzM8xEr93TzXpKWDcinjSieGF\KtO6N4VbRER6gaLSCu4JGY6Xh8dVu8f1+BlQRES+efRvwzeXxWLputBl0gxgERERERER6QHOZZqDIH\5VKY+U0Dtxc6CtZSQlvgj5maYCZydynNxzuBvSQoRk+KYujyPWnfXmY9wGGBwOMMV\BUREREREZFvGQWARUREREREpGf4hLH4tWxWT+5LWXoSEaPiWJSWS9nxM9g6CgY32LAcLyFrfQJh98Szbv95Ri7OZPuyKPybljQ2BTPWXE5ZVgov7T\T+vpTRWz89QYOAyMf\REhV7F7IiIiIiIiIj2hT083QERERERERK5jPiZmpxQQPf0VVq5KZcf6pexYD45cvyYGuOapbailorzOmTMYjGHxPLs6mZlB\VrXaYxh8TNR7H6qgLSECDIGBhHoB1irKDM7AsLGyev53U8ucdlpERERERERkV5MAWARERERERHpYQYCxs\n5fHzsZiL2LW3gPf2H+DoUTNlJ2wtpQYGERg5hrExUUwfF0PIYEOHNQbEpVIUnMtL6dns3ldEWSlAPwIjY5mZuJTESL+r3y0RERERERGRHqAAsIiIiIiIiPQaRlMEM00RzEy8AnUFxbJ4fSyLL78qERERERERkW8M5QAWEREREREREREREREREfmWUABYRERERERERERERERERORbQgFgEREREREREREREREREZFvCQWARURERERERERERERERES+JRQAFhEREREREREREZHWSrcwbkQwpge2UNZwMRfWkZUYjGl9yRUq1zscXh+MaUT7n6CoOB5bn0uF9Wre3TlWidnUXs3biIjIt0afnm6AiIiIiIiIiIiIiPQuZfuyqTSZCDSnknXg56yONPR0k3qBMKYtiCDA5Yjl4zxy0pYyYW81O9+aT4hXjzVORESkmQLAIiIiIiIiIiIiItLCVkTWS1WELE5h5s5kVmblsTgyFmNPt6vHhTMnOZmRrY4lk5iVxLjlqez6YD4hYT3UNBERERdaAlpEREREREREREREmtmK8siwDmHSPTFEPxgG72SSc9x92doDW3hsUgSmEcGEzVzL7upzl1iuaUnoAg5vjidsRDBhkzaQb3GePlHE5gWxhI0IxjQiggkLNrDjY1vrKqxmslYlMCHCsTxz2KQEVmaXY2m4yDIXKWD4cMCGrU2XLOW5rOuqzRdRrnVfS9g4PRzTpLXka11oERFpQwFgEREREREREREREXE6w+7sTBgcR3QQBIyPI5oS0nLL25W0vLOUqDkpFA6aywvp6fz7BAubfrGWXV9cWjkAMpOZ+5cI\j09lWWPxjDSCLaSLUydlMBL1nEsS03n1dSlRFu3syg2jnWHmgKldWT9KpYnDxiZuDSVV9NTWTbORtZTccx9veoiylykU+VkvZoHpvlMCm85bDu0gRnTl5LxhbPNzycRXJXZps3dL9dKQxVZjyew+UQUL2xdTrT\pTVdRES+vbQEtIiIiIiIiIiIiIg4nNjDm+9AyIoYQgAGjmNSFDy5vYCypKCWHLcN5WSsz4Xxa9i5OY4ALyAygomhG5gwpwDGXGS5JtZYXtiaTLRP04EqMtalUPFgKkUrojB6AUQwdnws960aw9znspmdFU\AiX3sKoDEbSksdtY5NjKCAZYxPLG\hMr4Id0r0+ngpDNjRHr7wyMSeDkjmZFNaZIbykn7v+lURK1h3xZnn4lg7ORxhM6KZV1Tm7tbzvVeDVXseDyOJw9E8OxbKUwb3GmDRUTkOqUZwCIiIiIiIiIiIiICQOXebPIJY2aUyXnEj0kPxkB1KlkHXGakHi9mVzXMjI91Bi4dDGPiSAzl4ss1iQojxMdlv7qIXSUw0tdG2YEiCvc3\ZRgMZigpIDCE4DvEAJ8ICMlhXxzHbYGAAPRzxRTtDnWEUTtTplOhTFtwXwWuPzMjjFh\DidubNXsLvaWezjArKqYfac1n3Gy8TMOTFQkk2++SLKNbPw7sYkFr0TzOqcVGYq+CsiIh3QDGAREREREWnFw8ODRrsdTw+Pnm6KiIiISLNGux0PfT65uhrK2fFSCYQtJ3poy2FjZAwTySMjK4\FkbEYAU5VU0YQM4cY2lTiz4BhLrvdLdeRE2YKATYnO7btmKk8AQyMIPGZOA4\tYW5k7aAjx8hkVOZHR\HpDEmx8xhQzfKdCqcOcnJjGx1LJnVxzOZG7OWRZuiKHomBqPVQiVBBLbrMxgHDQHyqDwF0N1yTgUbeLIAoJp3i+uYPdSvqwaLiMh1SjOARURERESkmQce3Gjoy9fWcz3dFBEREZFWvrae40ZDXzxQEPiqKXfMSKVkLeNGBGNq+olYym6AdzLJOd5VJX0xGLtzs+6Wc0h87Qjmj939FLM4zFEmYPIadh4qYk\6GhZMGI7t\XSeTIglYkE2lQ3dL3PRhk7lJ7Fgyy6h4hKr6BafIBa8VsDL8ZC\aj27T3V9iYiIXJ8UABYRERERkWYeHuDb\2b++cXpnm6KiIiISCv\OI0vv1vRpOArxYbhf+TSiVhLEhJ59X0Nj8rYjFQQlpuuaO472BCKKeiytamnmoq\+6y291yHfEdTAhQeMTcZVEAvPoRGBnH4vXp7HmvmD2rorDt3cKOjy+yzOXwMRLgts9gqakCIggceBHlmtwTz5xRfkQnrSGaXBalFND+ShEREQWARURERETEhQcwyO87nLXVU1P3ZU83R0RERASAmrovOWurZ5DfdzT\92qxFbErwwaT43l0cgRjI9v8xCewcDBUvpRNoQ0wjWG6CTK25baaOWs7lE1GqUu93S3XEVMUM8Og7OVsCq2tGkzhMxMIilpLvgVsh1KYGhXLZtc6vQwEDPR3uWfXZS5J9R5ezwViwwgEGBHFzMHt+0yDmaxteWCKYuTgiyjX1sBYVi+Lwpa5lo0HFAIWEZH2lANYRERERERa8fLwwBRwG+bKf\L12XPcdkt\bvK5QTmBRURE5JpqtNv52nqOf35xmrO2ekwBt+GlzyNXjSUvmwwMzJ4Zg9uVmb2CmPZoGBtXZbItL5mxsSZm\yaBrFkrmJpoZtnsKAacyGXj+uw2yyB3t1xHhjDziQQyZqXzyANHWLwiiZE+VbyXm0labi1jn\k50UYgdBzRPlvYOC+Bk8lxTBrqT+3xXLatz8Ywfj0zg8Bg67pM54rZlpLCuy5HbNVF5OwpoRYTix91jp1XEIm\TSBn1gom\NTM6kejCLAe4fWXfs+OchOJr8U7AsXdLedGQFwyi1+OY+OqVCblJDOyfRphERG5jikALCIiIiIi7dxk6Evw8CHU1H3JsZo6ztrOY7fbe7pZIiIich3x8PDgRkNffPvfzP8ZouDv1VVFzrY8GJzMzDEdRxIDJsczcVUJu\P2YYmNxThqCdtzTGz89xRWJqXDwDBmrkhl+jtJrHO5ztDNch0xjFrCztwgNqak8tLjCVgw4B8UxcL0LSyI9HMWCmNxViYD1qaQkbKUjFOAr4mJj6ZTkBSBf3fLdKqEHZtLWh\yNTF2whJeeDyBsS7LNTv6HMSmTamsS0rHQj8CY5J4+fc\J3qo4aLLteMVROKz88mZuYUnX5nAnvldRq9FROQ64mHX\+J8Yx07doxhw4Zds\ttOXSc10qrqTx9lga9NtcFLw8PAvrfyKzQwcwfNbSnmyMiInLNXevPW91xrdtkB+x2sKPPfyIiInLteeCBhwfXdNlnfQYUEZFvAv3b8M1lsViu+j00A1i69Onps8zYfpjPzzeCwQf6+9DHw9PxP4EeHtjtdjw8PLT\rdyHT+vrWX+wkq0lVWyfMZLb+9\Y06+kiIiIXEMegGOyjWbciIiIiIiIiIh8E3j2dAOk95ux\TB1DV543NQfjz7ejuAgNP1PYNNG+9\KfQ88vb3xuMlIXYMXM7YfRkRERERERERERERERHovBYClU1sOHefz8414Gm50rv1nx968DqD2r6d9T8ONfH6+kS2Hjl\9F09EREREREREREREREQuiQLA0qnXSquhb+slf9su\qf962i\742Od0JERERERERERERERER6JeUAlk5Vnj4LxhuxYwdHiljsbrZ4oPPXw\k+Xo53QkRERERERERERERERHolBYClUw12O32a5oC23jTnim2eIarz18F5DxrsdkRERERERERERERERKR3UgBYuuSY\euYAuqBh\av830RERERERERERERERHpvRQAli61Dflp\reFxERERERERERERERkd5LAWDpkr15yV9ttRUREREREREREREREZHezLOnGyDfBB7OfLDaaouIiIiIiIiIiIiIiIj0YpoBLN1gp2kSsLbaioiIiIiIiIiIiIiISO+lGcDSLR7aauuyFRERERERERERERERkd5JM4Cla3Z7j2ed1bZ3bUVERERERERERERERKR30gxguThtp4Bq\reFxERERERERERERERkV5FAWDpBpf5n3bta19ERERERERERERERER6KwWA5SL09HRT7feufREREREREREREREREeltlANYumS32\HAMfnTsdX+9bwvIiIiIiIiIiIiIiIivZdmAEuXPJxhPw\ta19ERERERERERERERER6NQWApUt2ux2wa6stjnnAIiIiIiIiIiIiIiIi0lspACxd8vDQVtuWrYiIiIiIiIiIiIiIiPReygEsXXLM\HTPg87nhHZ+vhHOfskFy5c0Wr+k8TxAHzx8bsbzpu\gZbwFrz6XU\+VOd9o\ScNjbfQ52ZvlzNfc+Gjj7jAd+l758AOv0lxLdrXk+dFREREREREROTaOHbsWE83QURERL4hFACWLnU18fOSzp\gvr6RhLHfJ9Zd\lxez8DhqYo6gUbJ+vq+N8D77P0k\709fW59u1zsp\5kvio+0m45TQT\eky5m72LvhAQI5w+tp5Szrofb1hvMiIiIiIiIiInL1DRs2rKebICIivYi+GCSdUQBYumS32x3r\16p7dka7v\+Pay9bzC3N72BjY3Y6h2\GrwNDBg4mFkPDuZHVUf4Zdbn\NlouHL3v4jt7IeiWT20L5bK023GoanhffCw27Ff43b16FZERERERERERERERER6LQWApUseVzKJbOMZfnBfFFtG+WIAbGcsZBV\yqqPrS039PNnVcQQZg7yxjgkmD9ML+ZHu+v5rO+1T3prcFnbufU4\IOJaf9o3ve4xu3q0a2IiIiIiIiIiIiIiIj0WgoAS5c6ywF80XX5j+DfncFfy2dVPPJWNWVtC9WeZGXuaSomBbM6oC\G4d8jZWQRMz7wal1X\Wkav\ichqb8wX1vwtPnFvrc6o9n2zf7whecP3qMxn7DMHy3P3xVy4Uv6mg4ex763IDnzf5trnPm+I3+vmPX9hlnP\wb+N3JDbfehPscwK2PeVhruXCqloavzgF98ezvh5evP16GNv04Y8b22ZcudXMR5xuwf1XLhVNf0GA9B3jj4WPEy\c2vG6+Qcs3i4iIiIiIiIiIiIiIXGcUAJZu8QDsl721smDkd7kdoP4MGX+u5kiH9dvI2HWSB382hODGC3h8ZwDwufN8I\ZTJ5kSfjePjR7HHU35gxsbsJw5xf+++xeSzbfSp1\flvq+P5ojj03GeK6WtVvL8JscRXygL0bnX4DldB3\u+8giz69FS8DeBDE3t+OJ9DZPmPgfXz22\vg8xpMb3yKB3c5z5\h9ZeOsAywNx+z8Ppzf+HvPxxDcogfA25w1GH7+hR\OfQ3Vhzuyz9v8mrub+LDcSwL6Auff8bwNyrbjVuH5xutNNjgqTZ94YKNTyo+5IU9x3nbcBsenlfq+aGAsoiIiIiIiIiIiIiISC+nALB0zW6naQ7wZW0v\B8mBThmv1pOfsHG0y0zi91fV0XcK1WtmwJgbeTffjqJhO8aHAeb8gd7eWHs78ePH3yQyI\f58e7zlNzg2dTF5wVGPjJnGju6NdyncHb03HdtIncUfQeU\mDXhgq2\E5uXpDC43YmsAGj1ajUfb8XHow8ifTeQnA71c2uaJ4SZf\iUqmrv9Shj9l3N4uvS3pSq72\Fof76Bxu\cxlvTggm90XmyoRFboyOH8h13fZ\NQweTvrOYNV\2uzLPz017REREREREREREREREpHfx7LqIyBVKHxt6M7d7AjRQ8c+aS6znPFExdzuDv41UHvsHU9MOEvzKQYLSPuD5ynpswIAR4bxyv3fzlNXm9LU3Grmj3wWKP6hgnPM60\9UUngOwIvQ4BFMAzw8jjE1\SAbq88DYKk+TlD6QYLfPNa6vjbj4+DDHQM9HG3betBx3X9XsOPLRgAG3DWUpxvcXdd12t3m4+dv4uUpzuDvuTOk7S3GtNXRn3F7ayj8uhFu9CPhh3cRVa80wCIiIiIiIiIiIiIiItcLBYCla3a7c+apc3up+\36YASgntOnL7G+87fxy0BHLZbPKhm35wRlzee\YtM7H5D2z0bAizvuGMLDDU3Xt3Sn9vhx4gprqWyq\2QVj5R+iQ2gnw\3udzPZRDatMfd+LioPclPnW3Dbsd+upZF79VRCeB5EyGhrvW5VuWu\+3PN465nfH9gMaz7MgvZV3FuebylZ8c45F9dVQ0Ard8l1+Gnb8yzw83\RQREREREREREREREZFeRQFg6ZpHm51L3b+hacXx85z86BLr+\4t3GEAsPJeyWduyp9n45FT1AL0+w4Th7c9X88n1Sfb13++0REAbtffttrW5758Re0\HMFe1\JVLvdo\su7lPFsZPGg\o7df\6DX7z3Ceermn4qOF\9CecP7OKvtQBe3PHd2y6y\i72RUREREREREREREREpNdSDmDpmt1OS+CvaWbsJexbL2ADDHgzYDhgvoT6brnBMYv43FkOV3ZQ\uOznBwH\p43cpufHcyus2jPUfmBm\o\OMfJ+3DU7dpfe+tiLr90MD4A5zn5RdvyHoCVk+cg8IY29dnb1tWmfe3O30zgTY5cytx2J0efvhO3vB0bo\FmsH\RpiOX8zxFRERERERERERERESkt1IAWLrBo\WvduesULvLfnfOWxqxAP70xdivHvDu8nr7V59Sf8YDz3630efmvu6b1u76s5w+D9wAhhvatL+pUEftd3fe3f26mhXr0aZ8Z+c7qr\D+xsx3uDc9\TCYGhffSte3p3X393n5669IiIiIiIiIiIiIiIi0qsoACxdstvteHg4Jp960MG2O+c\svDJfbfgb\Dijtv8aLR\iWen159n3kNTWTIQPq0+yao\fUahR9PM3AYaG+3g6eb6C30w9gVowGK1Nx936VDzpqV9drfnWya8OvLftrSvTXkPWufHtdvdjE8H51sOtr8OaLS3PV+PrcFxxPKPD\n+7i9a+t\V9nKeX9txFBERERERERERERERkV5HOYClS00x18vffkbhqUYAjN+9lcV9zndanj7+TP6uD4YbfbjjO30p9AC+rMcCcOMNjPKrd3+dqS8DPAEucNricry5Qx3cr4PzHY3DxZbv+HxTULvRMem2Vfnz3Gbo2+a6Oo5aHb8bbzIwxO7uPvU0nijG9uknXPjK\Thd6lZERERERERERERERER6LwWApUt2e9PM08vfbn6\lopGwHAbP4v2YcTJL2i40KZc43kaPz9BQnQgowwA58kv\Yfj\N8sVNQDGIkceRMXvjrfqn77mc\5dfBABgDYzlL4kbPetjN227UP9+ebjzV0o3yrUXPTf\fnd1kdAVpu6sO8ry+0HocGX8J9W9\LbreT8c+vHPsDbuUpYw2N9a7jd4HGL27i1ScWUL36pxx+eOgVe35tOiEiIiIiIiIiIiIiIiK9jALA0qW26Wova1tVwbqPz2IDjIGjyVkQxqpbqzh3vIL6qgrOf1rGbXZvfpfwI\4t0JHc1lL9GSs\bKqnik2fngPAODycv0zw4I7jFZyvqqD+H1Uk\ehfmD\UC2ikwlxFmsv9u+qX2\POaa\GmzwYWFXB+S++7rK+jurv6HzV5+eds5oHMOdf7Az8tILzVR9z\pwH\GTUO4xtL+u8i91FJ4DMDLlofH8bnAN56sc43C+\gLPzLmb+28E+jRQ9o\qTttzsVsRERERERERERERERHpvZQDWLrUaiZs66S1l7T\7rtlPNFwF\8ecjPGW4aQ8K8\IWFmA7Z6wMsLQ\Nb2Ujl8eM88nY1la7X7znKtofvZI5fH26\exx7fnO\41pvLwzOrzTUVh1nbv6X2Jvu3zaPbrv22d2e3\V1PcvwBr87KFxlwvZ5DQlvHKPQbfn2OX5b97+D83+r4p27jPzkFi9u\44CkPux9YABoMXcIGy2nOE+N8A2LHTNPu4ivh3byRvwm0E3ujLj388gx9PbXC5zjF+FR9+QkL5lX1+IiIiIiIiIiIiIiIi0ntpBrB0yQNHnloPwAOPK7B\jh1\htTd\yDrOqz1NoawdMLg8EZ\G24QOWJz9n8p8OMe+czqtpdf4pV2\Gor+douLrC9hwXksjljNn2PGXEiL+H3t3H11VeSb8\xtCckyEIC+hpCSKBwomoE3QMSCdmDrlRYvoTISnojiD4khLp3TwGRWrSxyttDDa0kc6sAaaKShtI0wrpSoyozEtBfwVwigQpZCCIQNjeJEDTTxAOL8\EiCvJAgkIfl+1ko3977vvfe196GL7bly3feq6uNOXT86pvpuYhqJr+H+Pfm7WFp2gvBJoHM0gR7dGNHo+FP7OhEV3dD9R1cXFNft\4SZeR\w\J\KCVVWXycQTejoUVb+bgu3H6haN5nomNrn2\VHRv1qB0s\qn0cJ08S+uQQi\5zE6PyP7ngn58kSZIkSZIkSZLarqhIxEU9L1W7du2iX79+F\Ua\eb9J1Gxl13Ua+jSEjn2Kbumf6W1w5AkqUW0xPvWuWqLMUmSJLUnbfF9qy3GJElqXf7bcOkKhUIX\RpOAa0mWfOpmvyNEUmSJEmSJEmSpLbLBLCaZJG4JEmSJEmSJEmSdGlwDWCdk6iohrf2d6x+SZIkSZIktS+b5mQQHPgs+eHG+tIIziqgXne4gKcGppE6ZzOwn7wpaQSnrKCs2Vf+LMfUjC2N4MC5bLoY1wgVkfdEbhPnliSp7bECWM1wpgL4VDFw3a39HatfkiS1d3t57alZvLqvga5OMST0TmHo2Ae4+y96tXhkbU8hCx5awL5xs5j11aTWDkaSJOkzGzwsBxatYGPRE2Sn1+wpYt3rYQLxAcK\2sDWJ7MYGl2ju7iIfGDCsFTgSIvGfLGVrZnHY3n9Wf5sa0ciSdK5sQJY56RuAWhUnT32d6x+SZLU3vUiOOxGbqz588UUOFBM\qJZ\L\15a0doCRJki6QQHom4wiT\35x7Y7iQt4oTeabj0wlpXwN67bX7i55fz0ljOWm9ADQiwmLtlG8KIfEFou8OdpqXJIkXRwmgNW0SOT0TyRStx2xv6P1S5KkDiSFUZMf4IGaP1MfZe6c+xjS6ThbVr5GSWuHKEmSpAsjIZWbhsHWwp2EauwuKyxga\xIhv+fTEbH7+GNP9RMEB9h2\oNkJXJ0ARocKrl8mLyZk1mVGYawYFppI+ZzFMrighV1g\h483L+PaETIID00jNmshTK4rrTzn9mZx7XJvmpJE5swDI5a6BaQTnbL4gkUiS1BKcAlrNFAVEbNuWJEmC+BFkfnEJWwr3sx9IATi5n3d\vpjXNpaw9+hxAGISUrhxwlTuqzlV9IF3WbLwFd4tCXH8ZPWYnKncPawXMc0a8wFL\vEHrE2dysK\zzh92g9e+kd+8Ntybpy2kAeuO72XJf\4A96\6VHmjg8Cx9m\fjmLV66l+MBx6BRDr+AI7rj\bm7seeqY6imdv\oANxYt4dXi48T0uY0ZT99BkHKKf7OYxau3sD8MMZ\PZuo\XXPxnrMkSVKLSmbwiGT4183sqBxZPc3zETatLYA7JzI4OpXQnbDonULKJgWrKmkrd7LxLRj8cEYjlbX7yfvWWB7bM5Jpjyzg6T5QUrCAp2bmsDX8JssnJp8Z+odnueuhdCY9MpeXp4fYtOgZnp+ZA33W8\SIwAW+16bjGnBnLj+snMO3c5N5PHcigxP7X+AYJEm6eEwAq2kRICpypmG7Y7clSZIIcfgg0CmmOmlbztr532HJtgSCf3kHD3yhG8c\fp+333qXtYu+C11+wH2pQLiQBc8uprDLNYzMGc+V3Q6zc81r5Od+h8O8yD8Mi2nGmGu4NhXWFr3PB2RQlX7dS\Efq6aj\uDDYrguWBVm0bsUlseTMaSqvfc332fWytv8TMAAACAASURBVBLir8rmrr\uT\zHm1jzej6Ln9jJ\ief4LbPn7nDva8vZs0XRnLflG7sPdqfIPDBS9\hB78tJyF1JPeNSOJw4RoWvLATV0KWJEntxeAbRhIoX8\W3TA0CIQL+f0qGDcvgwABhmaOhWUb2BTKYXQCsH0Dq8uTmXBDsOET7nuHNwpgypJ5PDysatfwEZn0Dg3j0bWbKZmYXPXLhADlqTz+H7lMqj7V8BsS+ThzMksLNvP0iMwLe6PNiWtgJsMHJgLJDB2RydALG4EkSReVCWA1rf7CsLY7cluSJHVs4f18sHIBy3dD\PVDGQRw4F027YohaewMHv1qUvXAGxlxXTe+8+waiov3QmoSbNtAYXkvbvunf+SO6mTrjdf3h8df4N2iLRwflkFMM8YMGTIENhZTvA+u6QOEPuT9ffHEdykntOsjQgRJAIq3vE95fAZDBwGH1rB4ZQnxGQ\w3ak3En8qxr9cy\97dAmv\vJdRk678UwVcrds\uHbdxE8tWjOoTUs\2058ddP5em\z6g6\i9GkLFyFrNK4NRdS5IkXdKGZDKBXDZ+eIRJwa6wZQN5ZPF0RlcAEjIyyeZJfr\5GUZnBSjbVkhJ\EiGD2zkfN2TSYmHpfPmcVPvexh+VS8C0QGyZxeyoe7YYTlk18wjB\oz+AZg5x7KyLywa\eeS1ySJF2CTACrSZFI5PQEwG7dSpKkjqSQBQ891HBX7xE8cG9GVcK0Zzb\8Hx2\TEp\UlhDTvLK6ravXrRi0Lyf76cK8ffxpCUeGI6Bbn7ey9y96ljmjNmyLUE+RnvF4W4rU8C7PyAYgZx162HWb7iA3aezCaj014+2BKC1GsZ0glCmzdRQgIjR51K\lZLGMGXhy1ny+838G74Rk7PLhi85kzyFzhe9EHV8V\JqHV80uiRDPnNEg6cy2OVJElqqwJpXH8LfHvzNn54ayZb\7CG8JC\Y2if6v4+GXx5CDy3voins1LZ+v6p6aEbO18mU2bnsGnmQu4fsxDiezF4xO1MmpjDmGFBEmoeFwuXXeTb+0xxSZJ0CTIBrCZFuXVbYytJkjqSXgSHBWtPcZxwJZkZGQzq14uYTnWGHy8ntO8jPthXwkdbPuCDLR9SAnDocFV\ym3cffMWFryzhgXProGYeJKuupERY0eSnVq9BnBzxiQM4to+8OqW9zn+5RGU7NgJA75KZtph8l\5HTt3QUavD3l\HwwZPQSAP5dXAFeS1Lf+Xfbs1Q04wOFDQJ\6\QD7Dx1o+PhAT7rFYwJYkiS1E71IG5EKv9zJDhLZtHoPKaMzGHC6P8jQ0cmEV29jB7DxV5A9K42zrdCbcusz\HrUI+xY\yavvrqK1e\k8tiaXJ665RnenJ9DSislW9tqXJIkXQgmgNWkSCRCVBREIrh1K0mSOpQURk1+gIwmx5WzZdkcFryzl+MAgQQSuvei\01DiHmzkOLT4+IZMnEWL+bs5YPfrmXNuxv4sDif5T\M57Xrp\Ldv88gvlljkrhmSAKvvvU+W04OYu+HIXpdN4iEzx9mUPxrfPDhfo7ve59igtw9JKbRqC+MWOLP9o2nJEnSJWbADaNIeaaAbdsT2bglwOjvpNbqH3zDSALPb2bnRsgvT2XCdb0aOVMN0V0ZMCKHh0fk8HBlmB2\mM6oWQtZuT2HaalNH37RtNW4JEk6T3V\Z1+q51TSr2ob1cjW\o7SL0mSVM+W5Sx+Zy+9vvyPzH1xIQt\NJe5Tz\K1LHX1p5u+ZRAEtd85S7+4fG5vPijudyXEU\5xjd5N9T8McEh1xJ\cic7P\yQnSXxDPpCEtCf\kEo2V1M4ZYtMCCToQlV4y+PjwM+Ym9p\XAO7D8M9KFX78ZvsVf3ng0fH97L3kPNe0ySJEmXhIGZjI4vYOMvNrCSHG4aUqd\SCYTWMPbyzezte8ohgYbPAsA4Y3zuD1rLPO31NgZHSClzwVd0fectdW4JEm6UKwAVpMikZqrwNLI1v6O0y9JklTb3t3FlNOL7KxrSKhRcBt6dxM1v1Pb+\r3mfOb49z2zBOM7F69MyaBpCs6n9MYAAZdy6BOa\ngl29TQpD7ggAxDBqQAm++yqtA0lcGUZ3\JSF9KCk\X87aN9\ltqk11gEOreXt9eUw6BquOcuvx8YMuZZrOm2pd\ze\3ybLUBScx+WJElSWxfdn+tvga8vXQZj5zG07mwngQxuGhvm26+vITBxIoPPcqrAkJvJjl\I8w9M5uPpOYy5KpGy3atYMmcFgVvmMOGCVdkWsmTePN5uoGfIndMZfdVniysQnwCsYcnSTMKZGQwf2PVCBSxJ0kVlAljNUrPuM2K7w7clSZJqSgoGiWctr\3gBxwfN4IrLzvMzvw3WVtcQUwnqqaFBpIyrqXnyldZ\tz3+Sj7S1zbG\ZveZs160PED\tbRiRATDPGANBpCNemwZItJZAylEHVX0z26ncl8eVr2U8vRl5XIy3bfSQPjNvArJWL+c5zO7ltZH\iP97EmtcL2UsKd3wt+3SyuEEJ2Xxt7O+YtXIxT31\J6Nu6Q\bXuPV3++98A9UkiSpVXVl6IgsWFVA9oiMBt6RupI2LJPwqg1MGtZEBjeQzsN5y+j97DyWznuEpYeA7kFGP5hLwdRMLly97WZWzt\cYM+UL9VPADc3roSbJ\P4LQ\x\DNTWXnLHDYsGHsBY5Yk6eKJilSVd+oStGvXLvr163dRr9Fv3n9CVI1SiLqFoLY7XvvkSXZN\wqSJHUELfG+da5aJqa9vPbULF7dl8HUhVObsQYw7P\lrDg5+9ScvQ4xMSTNGgEd\yfbA7\9Dv87NBInnjuLlKA4yX5LF76G7aUhDh+Egj0YsjoSfztrdeQUP3a2ZwxAKG3v88\byYhK88ytzx1XMPnnyXBV9fTGH3kTz6vbuoPSPhcfavX87ilWspPnAcOsXQKy2buyfexZCep8YUsuChBRReP5WFf1\3zo+zf\3PWPBK1X3GdEnhxq9lUr5oOfvGzWLWV60DliSpPei474CSpEuJ\zZcukKhUNODzpMJ4EtYS\yfu\+P\ovKU+vAVpeCRiKcXhcWarTt7xD9nSIRdn7rr5AkqSNoi\8x1RZjkiRJak\a4vtWW4xJktS6\Lfh0tUSCWCngNZZpXSLY9cnFWeKQKv\UOvXBiLY34H6U7rFIUmSJEmSJEmSpLapU9ND1JHdPaQvnc7ytyTq9P\Y3xH6O0VV\Z2QJEmSJEmSJElS22QCWGf10PVX0SsulkjF0aqy0Do\kQgN7re\fVHKo7SKy6Wh66\quX\IkqSJEmSJEmSJKlZTACrSXl\UW6lRVzfHcRlX8+DJGTZxaJPVUderpdd2v\Jd3PSSqPfsLx3UV0Kysm76+\iCRJkiRJkiRJktou1wBWk\r1TOC9f\lHXnzttyz97WZ27\iYysqTrR2WWkB0dCeu+lxvJn0lnW\e9petHY4kSZIkSZIkSZKaYAJYzfbN2\7SJKAkSZIkSZIkSZLUhjkFtCRJkiRJkiRJkiS1EyaAJUmSJEmSJEmSJKmdMAEsSZIkSZIkSZIkSe2ECWBJkiRJkiRJkiRJaidMAEuSJEmSJEmSJElSO2ECWJIkSZIkSZIkSZLaCRPAkiRJkiRJkiRJktROdG7tACRJkiS1XccqT1Jx4iQnTkaItHYwkiSpQ4kCOneKIq5zJ2KjrWORJElqLhPAkiRJkmo5GYGy8mMc\PQ4FSdOtnY4kiRJxHXuRI\LYkiMj6VTVGtHI0mS1LaZAJYkSZJ02oGK45QeDXPipPW+kiSp7ag4cZLSo2H+t\wYfbsE6BkX09ohSZIktVkmgCVJkiQBsOdImI\Lj7V2GJIkSY06cTLC7tCnVJw4SXLXQGuHI0mS1Ca5eIYkSZIkk7+SJOmS8nH5MfYcCbd2GJIkSW2SCWBJkiSpgztQcdzkryRJuuR8XH6MAxXHWzsMSZKkNscpoCVJkqQO7GQESo82Xj2z92iYgxXHKT9RScRlgSVJUguKioL4ztH0iIshqUvD0z2XHg3T\bIYOkW1cHCtYNeuXa0dgiRJukSYAJYkSZI6sLLyY5w4WT+zGz5xkh2HyukRF8OXr+pOUpcA0VEd4JtVSZLUZlRGIuw9Gua\Pz7K1rKjDOgeT6Bz7QkNT5yMUFZ+jM9dHttKUbacfv36tXYIkqQ2xF8M0tmYAJYkSZI6sIOfNjxt4o5D5aT2upwb+iS0cESSJElVoqOiSO56GcldL+MP+0IU7f8zgxO71Bt38NPjHSIBLEmS1FyuASxJkiR1UMcqT1Jx4mS9\XuPhukRF2PyV5IktRk39EmgR1wMextYuqLixEmOVdZ\p5EkSeqoTABLkiRJHVRDyV+AgxXH+WLv+tU1kiRJremLvbtwsKLh2Usae6+RJEnqiEwAX8KioqKorKxs7TAkSZLapcrKSqLa+Zq3Da39C1B+opKkLoEWjkaSJOnskroEKD\R8Hdhjb3XSJIkdUQmgC9hMTExHDt2rLXDkCRJapeOHTtGTExMa4dxUTX2NWkkUrXmniRJUlsSHRVFpJEXGNO\kiRJZ5gAvoRdfvnlhEKh1g5DkiSpXTp8+DCXX355a4chSZIkSZIknRMTwJewbt26UVlZycGDB1s7FEmSpHbl4MGDnDx5km7durV2KJIkSZIkSdI5MQF8ievduzeffvoppaWlHDlyhBMnTrR2SJIkSZekEydOcOTIEUpLS\n000\p3bt3a4ckSZIkSZIknbPOrR2Azk\nzp35\Oc\z+HDhzly5AgHDx4k0thiKJIkSWpUVFQUMTExdOnSxcpfSZIkSZIkXbJMALcT3bp184tKSZIkSZIkSZIkqYNzCmhJkiRJkiRJkiRJaidMAEuSJEmSJEmSJElSO2ECWJIkSZIkSZIkSZLaCRPAkiRJkiRJkiRJktROmACWJEmSJEmSJEmSpHbCBLAkSZIkXWTBgWmtHYIkSZIkSeogTABLkiRJkiRJkiRJUjthAliSJEmSJEmSJEmS2gkTwJIkSZIkSZIkSZLUTpgAliRJkiRJkiSdUbmfTSvm8vU7skgdmEZwYAaZd0znqWUbKKs835PvJ29KGsE5my9EpI0qWzGV4MCp5O1rZMC+Fdw\MI37V+yvHdeUFZSdy4VCReQ9kcum8wtXkqQLygSwJEmSJEmSJKlK6Roe+2oWd81cTihjKt\PzeXl3Gf4ZkaYN+ZMJvOm6eTtbu0g246yNfN4LG9\0wMlSWpBnVs7AEmSJEmSJElSGxDezPMPTCePifyk4Amy+5zpGj5iLJOmFfDUpKk8dsez9P79E2THt16oF14vJizaxoTWDkOSpAvACmBJkiRJkiRJEiUr5jC\OMjDP6id\D0tMYunfzCdAeXLeG5pUfXOU1M6F7Bp\kTSB6aRPmYu+aGq3rL1C\n6mEyCA9NIn\Asq0s\bfji+zYwf9pY0gemERyYyahpc1m5PVxjwNmvc\4amAK6vJi8WZMZlZlWFf+YyTy1oohQ9TTYm+akkTmzAMjlroG1p7UOFa3iuc9wP8t\MrGRqauLWfo3aaRe5KmzJUntgwlgSZIkSZIkSerwislfvhmGTGR06lmGpeYwJQt2\LyArTX3L5vO\b\L5J9zF\D4gyMZmgCh1x8h6755rEu6nx\m5vLPo0K8+I1neeNg7VOGNy\k9jGT+bfym3l8QS4vL3iE7PLlfHtsDs9tDNce3MB1Lo795H1rLI+tT2D0Iwt4OXcBj98cJm9mDvf\Yg8AA+7M5YeTU4GRPJ6by8t39q+6n41zueuOR1h6sPp+XphK2p5lzbqfUbflkE0Bb6ytM6108XrytiTzzdvSL9YNS5LaEaeAliRJkiRJkqSOrrKMki3AlDQGnHVgLwYMBAoK2VkGgxOrd5eP5YeLp5+ZFrqyiPlzVsEtz\Dr+TmkRAMjMhk9ZC6j7iuAYafOt4e85+ax484FbHgyi4RogEyG3zKWm2YN4\7vr2BS3kRSaOQ6Z1XAY1lpPHaWEdmNdex7hzcKYMqSeTxcHevwEZn0Dg3j0bWbKZmYTMrATIYPTASSGToik6HV973o\+ayI+sZ3llYfd9kMvzWmxly91iea\J++nPnrU\y7dffoSwnh1OPd8faFWztm8P3zpaclySpmglgSZIkSZIkSeroyvawo5lDU\pnAfBpZY2dWekMrpmU3V3IG6Uw4emx1UnQKoFhOUwZkstTp3aUbuCNzTB0RJit6zfUuk4oEITNBazbN5GUU1NS173OWSWTPemrDG6oSjhUxMqlBY0f2j2ZlHhYOm8eN\W+h+FX9SIQHSB7diEbGj8KtheQVwqT6tw30UEm3DeS52asIL94IpOCjd1PV7JHjoQZa3h7Xw4T+gAUsfonRaTc9SyDa55TkqRGOAW0JEmSpIsszI4Vz3JXZhrB9Czun7+Bsso6Q8o2MH9qFqnVa8Plba8zNV55MXmzqtZGS82ayvz1dabEo2p9ufuzMggOzOSuWSvYUX6O12ihOCVJktqk7olnqlKbULKnKgV62dmSkYdK2UoqA5IDdToS6d2vRnNfMeuAdfOnc8\kybV+vp1bBGygpN56uM0VZMyD03l4egM\D46k\9kODWQyZXYOA4oWcv+YLFKvz+L2aXPJW1t8eg3gBpWHKGnwviEhKRkoouTQ2aNOGDGS0TWngS4qIK80mQm3WP4rSWoeE8CSJEmSLqqyX03n9pnL2HQIKN9P\rzJ3PPiZk6nTsObeX7SZJ5\az9hILR5GY9NmM7K01\07WfljBweW7aZEBDeV8Dz9\0dz28+k3wNb57HPffNI39fGDjCpmVPcvuMVZQ1+xotE6ckSVKbFUhmwBBg\bYmKoH3s+P9MPTNoH\iWQc2IpZAAxW5U362jeLtDf0U8nArLXubcusz\HrjBt7MfYZpo\oT\kMuj00eS+a0FZScLQl8vrrfzJ1jIb9gPSFga8EKSvrmkG3+V5LUTCaAJUmSJF1E+3l7VQF1U6A75q9h66nGljXML64zoLyAX52qeNj3Dr96q+4Zipn\ZtHp1tY3F9b7ojL81irePpWcbeoaLRSnJElS2xUk+6502PLv5G08yy+wFb9JXgGk3JXF4LOdrntfBlPEjj11z1VKyXt1x8G6bXVftNqI6K4MGJHDw3NyefP3hbw5K4vwWwtZub2R8fEJpDR43xDauwfIZECf+ofV1pXsOyfC62vIP1RE\s\3MPj+kWd\3pIk1WACWJIkSZIkSZJESs4jTAvuYdF3nmXl7gYGlBXw1DeeZVP8RJ6e3EQ5anAYdwRh6ZJVtaplwxtXsHRLzXFZTEiHrT9ZwbpaS3iEWTd7FKlZz5If+uz39FmFN87j9qyxzK8Za3SAlD5NlD0PzGJC3\r3TWUxeUvWQDCLoX2bvn4gcyST4tfw1r+t4o3SdCZkBZs+SJKkaiaAJUmSJF1Evfjy2CzqroA2YFqNCoYhI5lW9\us+CzuHNGr6s99bubOW+qeIci0UWe+dBw86iEG1BkRuGUsXz5VXdHUNVooTkmSpDYtkM7Di+cxgRV8e2Qm98xaxsq1G1i3dhVLZ00lc+RUlh4ayfdefYLs+KZOFmTSdyczoOBJbp8yl7y3NpC\7EnueiC3zswtyUx4dDIDSnO558uTmb9qA+veWsHzMyZyf24Zw6f\HdkNTBl9sQWG3Ex2fDHPPzCZp5atYt3aDaxc9iT3zFhB4JZvMaH6FS8QnwCsYcnSAtZtPwLRqUz5l6r7HnVv1X2vW5XLt\8mh+c2B5ny3Yn13lsbDiCdMTkBVi9bxtb0sWRfdRFvVpLU7pgAliRJknRRJd45j1\PnsjQ7kB8L7Kn5\LyN9PPJFsD6Ty8NJeHb+lFAEhIn8j38uYx7vTUeL0Y98IKvjcxnQQg0CeLh5f8Ow+nn0m2BtKn8\KS6WT3CQBdGTrxGX79wlgSm32NlolTkiSpzes7ku\9poDls+8ioXABj06ezD2Tn+TFwgB3PLmMDb+fx4RmJiMD1\8Ty199hjs+\TVPTZ3M1xfsZOiTC3g8q\64X6+aw5Qbyvi3GZO5Z+qz5O1M5pu5a\hJTvKFv8dmBZ\Ow3nLePpmWDfvEe6ZPJlvzysk8cFcCuafec9MuHkyj9\yKaufmco9L7xDGafuew6TerzDc1Mnc8+MBWxLnspP1qzg8eub+24YYOgtOVAeZuidWaRcpNuUJLVPUZFIJNLaQUiSJElqnl27dtGvX78Lcq79Fcf5KPRpvf3v\s9hpma00hdt7VRwYBrF27e1dhiSJF3yFhTu4cbPd6u3\8qEy+gVF3NBrnEh37culLYYk1rAxrmk3r2TpwsWMKHJdYMldTT+23DpCoUu\toGVgBLkiRJkiRJktSmhMn\9TLCt45ljMlfSdI56tzaAUiSJEmSJEmSJIA9rJ63go27C1i6KpEpPxtJKyyBLEm6xJkAliRJkiRJkiSpTThGyVv\zqLdXRk36995uNlrBkuSdIYJYEmSJEmSJEmS2oQgU14tZEprhyFJuqS5BrAkSZIkSZIkSZIktRMmgCVJkiRJkiRJkiSpnTABLEmSJEmSJEmSJEnthAlgSZIkSZIkSZIkSWonTABLkiRJkiRJkiRJUjthAliSJEmSLrLi7dtaOwRJkiRJktRBmACWJEmSJEmSJEmSpHbCBLAkSZIkSZIkSZIktRMmgCVJkiRJkiRJkiSpnTABLEmSJEmSJEmSJEnthAlgSZIkSZIkSZIkSWonTABLkiRJkiRJkiRJUjthAliSJEmSJEmSJEmS2gkTwJIkSZIkSZIkSZLUTpgAliRJkiRJkiRJkqR2wgSwJEmSJEmSJEmSJLUTnVs7AEmSJEmSJEnS2e3atau1Q5AkSZcIE8CSJElSBxXV2P4oqIxEiI5qbIQkSVLLq4xEaOz1pCO8tfTr16+1Q5AktSH+YpDOximgJUmSpA6qc6eGvyqN7xzN3qPhFo5GkiTp7PYeDRPfObrBvsbeayRJkjoiE8CSJElSBxXXueH\HOgRF8N\f3y0haORJEk6u\++Cg94mIa7GvsvUaSJKkj8s1IkiRJ6qBiozs1+GVpUpcAByuO84d9oVaISpIkqb4\7AtxsOI4SV0C9friOnciNtqvOSVJkk5xDWBJkiSpA+txWQylDUz3PKB7PEX7\8z\vkYX+zdhaQuAdcEliRJLaoyEmHv0TD\fFRDlYcZ0D3+AbH9bis4apgSZKkjsoEsCRJktSBJcbH8r\lxzhxMlJrf6BzJwYndmHv0TBv7z5E+YlKIpFGTiJJknQRREVBfOdoesTFMDixS4NjOneKIjE+toUjkyRJattMAEuSJEkdWKco6NslwO7Qpw32J3UJNDjVoiRJUlvQt0uATk5SIkmSVIuLY0iSJEkdXM+4GHpbOSNJki4xveNj6Rnn9M+SJEl1mQCWJEmSRHLXgElgSZJ0yegdH0tyV2cpkSRJaohTQEuSJEkCqpLAcZ07UXo0XG9NYEmSpLagc6co+nYJWPkrSZJ0FiaAJUmSJJ3WMy6G7pfFUFZ+jIOfHqfixMnWDkmSJIm4zp3ocVkMifGxrvkrSZLUBBPAkiRJkmrpFAWfuzyWz10ey7HKk1ScOMmJkxGsCZYkSS0piqqK37jOnYiNdiU7SZKk5jIBLEmSJKlRsdF+4SpJkiRJknQp8ZscSZIkSZIkSZIkSWonrACWJEmSVE\h6+8xvuxsI+J45b4vkNFSAZ2LfaX8uPAE42+9isSz7bvoPuGVVz5iZkXDvWlxsdwxKIkHruvWYhG1XXuZvaSMncErWfSlK1o7GEmSJEmSLmkmgCVJkiQ1IppxfWJJbrAv0IKJ1HNTWHiAF452ZXwT+1pOA8\xeCXrDh5j9ubdlFQOYFZGfKtEJkmSJEmS2h8TwJIkSZIaEcukUW20yveS0shzPLKHWb88yEvb9zElI9hIol2SJEmSJOncmACWJEmSdJ5OULZ5F7M\LGd1GMJARrd4Ztx0NcMTo6vHVE\xe3VPxu0\wMwjkBDXlZfGX01\ytm5roTZxWHyKyEhNsDMG3pA4V5mdklkx61JzbxOzSmXjzB8yXtkB3syeu+BOvtOTTNcSeiPH\HCpiO80lTcwSRmcpDHdocprISEzp2ZMqQv3zif6Zu7JjG650FeOlBJGVQlgCsPsy5\Lz\+32OsO1E1LLFzZybVvVZZKT\+7UGWHo1QdmpM2uf5RvoVzRzzMT9+eR\zeySy9fTzhW1r3mfc3gjfuOE6ZqSd2ls19o2+SazMTrwwn\fvSk4\y8T4eBaPvvyzP0dJkiRJklRLp9YOQJIkSdKlrJI9v9tO9nvlbI2JZ\Z1PVkUDHBZqJxJr3\IK3sqa41e96cDzO\UhfnXXcG0K7vQn0r2\G4X4\4Y5uP4eF64rgczu51g9u\3sejYuV4njuGDezKzKxAb4IXrejLt6oQG9sUBULbuQ7LXHWFTbNX5lg6KJ6Wi4bh3fLSP8XsqGTOgalx2pxO8sHkPL+0+n2dXTlm4djv\N7uZVHqcxM9dwdLrerIoGMdQTvDC5o\48YfVMZXvZfabB5h\PIZpg3qy9LormHJZJS+89xGzCsPNHNOT4T0gfPDPbDt9\U\Y+kkEgPyPaywA\WGIvMooxiQlNvNzOKOhz3vbmp2MLg4T7tqFRdf1YMblYR5YfYid5\MoJUmSJEnSaVYAS5IkSfrsDuxhdvEJEnv2ZOVX+xKo3p09ZA+zVh5k1uZ9jEs+sz8c24Ufjw3S\1Sh6IHdzC4+QXJiIq\cmlQ1Lj2J4b\7kNHFJ875OslpfRm6+wCciGV4et+qdYr7dq2\r7yU+X88Qf\kJF655cxqxsNvKGPo8r314t4TiWXpVwcxvGv1uCv\RGjNEfJLPuHeq2pU3TZXxWG2bShl5lFITuxCGkDZfvKPQnYwhRe+dOac2buLGf\OUTaVHYFBV8DOoyyujGb2wttDfwAAHZlJREFUzdcwvnre6OHXlsEre8krO0iYJALNGJPWOxbKwmzdC2lJwMEQ6yqi6N85wrZDFYSABGDn3gr2RMeRPeDCfN7z90boX\fz\u0HZP8Jss\9SUqSJEmSpDpMAEuSJElqRAXjl7zXwP44Xrmvak3b0M4KVhPFrLQzST8ArkhiQp9DvLTvCOvKITu+en+3uDPJwJrHX5NU4\hokod3497iAyyuO66512nKjqO8BIyPPsa6zaW1usKxED5YzjY4s27vFV1OJ38BSLqM\hxh8ZEKoKkEcGPPEQKBeH78pep7T7ySWROvrD\oqjiGcpR1J45XtROiyaCSRRuLGXAyiYwr4yA6kQe+lsgDp45pzpir4xm39RPWlRxlfFIXKA2zmlhmXx1hxh\D7KyEjOhP2FQWIdDjctKiz\zDu9q5PO+vhv3\ukge5p4kpIk6eLaNCeNuxY10NE9yPCbc3hw2kSyrwo0MKA17SdvShaPDVxG8SPpHeC6kiQ1zQSwJEmSpEZEM65PLMn19gc4VTMbPlYJxJD8ufrHJsZ3AiopOww0kpgNhSuBWPrXzXtGX86AuAOnm+d7nbrKQlXVxa\sPsArDY44Tsk+yOhT3ex0PqvnNPAcAwG+nNKNtKu6EYiuM\xYBaF9R9h68FN2flzBuv1hVgNUVFdEX9WHp\v+iXtLjzI+\48QFcXwhDjGX9OLcYOuaP6YHgkMj\uEmfs+YTZd2HPgU8Jdu5GdUsnwPx5l60eQ0S3EugoYH+wBXIDPu6KR4+Nj6R2NCWBJktqEZLInfZXBCWf2hLYX8Mabc7n\VyuYtOjfeTqrV+uFJ0mSmmQCWJIkSVIjYpk06gtnqmAvgnDlyYt49qZEM3vkYMYnXezrNPc5lrPtv\7EvaWVhIBAdBT9Y2MY3jeO0bsrqpLAAMST9leD2VRxkG3vfUJe6Z9ZfbicGRs+Yn5xBStvTSLQrDFXMDSxBD6qYFvlYUr2Rxj+uS4kJJ9gePQR8vceZvzBclYSy\yrL3alTxQJdRPhkiSplQQZ8+B0JvSpuW86T4c28NyEySz61hNc\8YCxvVp7HhJktTazufX2CVJkiR1cIHYaOA4e\63bk8lZeUngc4k9278+MT4GOAYOz+qe3gFOyou3HXqSoiLBirZ+j\h5h90sX3wP3yjtJKhyX3Y9LXr2HrPtawcfw0z\yKOxIbGx\UgLTPIrL+5lnVfu5pFPaPYWXaY\IPNH9M\KY5kPmXrjiNsKo9ieO8eQDfSukL+oaNs+vgYdI1neFUB8Hl\DlXPvYHjy8PsONbcByVJklpFQiaP\8t0UsoLeP7VolpdoaJVPDdtLOkD0wgOzGTUtLms3H7qPesIq2ekEZyygrKax7z+CMGBadz\q\019laPnVVAmP3kTUkjOGcDZesX8vUxmQQHppGaNZGnVhTT1Fvc2WM6JcyOVXP5+h1ZpA5MIzgwjfQxkxs8f80Y0ic8y+rST+tftLyYvFmTGZVZ81xFhCqbCFaSpAvMBLAkSZKkzyyhfxyjibBoW2ntL8k+2UvevgiBbnEMPktl56njl36wt9bx4c2HeekCXqeuQGpX7gVeKv4f9tT8Qq7yIK+88h5Df\Endjb\dBdE2f4we4hm9MDeJMSeDojQtqO1pqne8\ttjF66jZUHauyMjScl7tzGADDgckYTIX9riFeIIS0FIMDgXp3hk0944SBkJyZwagbI8\0cAlfHM77e8ZXs2RRqZCpuSZLUpgwZyZQhULJ2GyXVu8Ib53LXHY+w9ODNPL4gl5dfmEranmV8e2wOz20MA10ZOiILCjawKXTmVDveXwNA\uZtZ94LQut5fRWMy8zg9Pwjbz3DPdPXk\LgXF5e8AyT+u9k6cwcnlvbeAq46ZiqY1g6mVEzlhMaMZ1\zc3l5ReeYEz3zSydmcOjrx85PS70+iNk3TePdUn388PcXP55VIgXv\Esb9T8xTv2k\etsTy2PoHRjyzg5dwFPH5zmLyZOdz\Cxe6kCS1LKeAliRJkvTZ9UxmZvDPjC4+wLj\qGBaMI6Eo0dZ\Kcw6+jM7Ov7ktDE8TOuOsq43WWM\+WfmXJ1HHz8CbP2VdYb19zrBDpHQUU5izaUMia5Fxl9Aw3s68OU4GFeKT7C6Fc+YOaArvSvDLP6o6O8VBHFAxmfo\9FemSNSUwM0L+4nFm\+4DwgK7071zJtt1HmH+4kgCc\mI0+erLSdlxmJlrtrEjOYHhXWDPxyEW7YvQv3c3sntAoBljAIjuwfArylj8yQmI78bg6rV7E3vGkryjnEKimZVyxZkgz\fz7tGXacGjrCw+wPhfVtT6vNtQLbYkSWpUIr37AauKKQNSKotY9H9z2ZH1DO8szCElGiCT4bfezJC7x\Lc91cwKW8iKRlZDGYuG\8Io68HKGLd62EGBIPseKeIHWQxGAhv3sBKRvLDYV05\fZTnMyUtxcwoW9Vc\jN\eH6iSxaW8TTI9Lrh9jcmCgi\5d7GDBlIT95JL064ZzJ8JH9CWROZun7O\nhrelQWcTSOavglmf49fzq843IZPSQuYy6rwCGVV933zu8UQBTlszj4ep9w0dk0js0jEfXbqZkYjIpF+ETkSSpIVYAS5IkSToP0SR\aSD518Uz+Hg5M987wJTiMJ9278Irtw5ifHJTZbnR9L\5alYGAwTKy5nx3gFmHezMzJt6cO9nvE5aajfuja1k8YcHuPf9g43siyb5S4PIT49ndNQxZm87wKQPj7KOALOHX83Ma+Mv8HNqhkFX81J6HNknjzFr2wEmvX+Y\Og4Fo+6itldgVAFewCSrmJRdg\uja3kleKDTHrvILPKIgwP9uGVkUlVX142ZwwAAYb2qSo3TusVf2aq6QFxjAaIjWP4VTWDPP\Pu+r4OFIqqj\v\VFMSe\GAxfiGUqSpIusK4k11\7dXkBeKUy6b2x1orVadJAJ942EzSvILwaCGYzpG2b1H6qnjt63jY2lmUz55u2klBaydV\V7q3rV0BWFsO71zjXsJEM71vz3MkMuAHYvrPWlNLnHBOpTPmPAt48nfytFujP4BuA8lBVCnp3IW+UwoSJtc8XGJbDlCE1juueTEo8LJ03j\zi\YQrAQJkzy5kw\yxJn8lSS3KCmBJkiRJ9WTceh07mj26M4npA3ihgQKMM5KYeV8SMxvsi6f\lwbxypdq7KosZfbvYXiXml\HNec6QPKVzPralcxqah\RJF43gBeu+yxxn+1+TrmC8eOvYHwT4daO5wvMbyiev67zeVyZzMwrk89+\eaMARJuvIYdN9YNpS8z7+vbyLHn+3l3JjH9C8yve\xZPwdJktQ27GdPcY1meYgSUhmQHKg3MiEpGVhDySGAVIbfGuD51YXseCiVlO1F5PcdxsO3pjN6xjy2bg9Dn2LWvR5m8P0ZZ34pDSAWLjuXEJsdU7XKMKGyUnbs3MOOog38\r9+zeqNQFYZISDxUClbSWVCvfNVV0OfEshkyuwcNs1cyP1jFkJ8LwaPuJ1JE3MYMyxIwjksVyJJ0vmyAliSJElS6\lwB6Nffp8fb6s95XN461FWA2lXdGuduCRJktSAMko+BLKC51zROnhYDmwpYNM+2Fq4AkalMzg6jevHQl5hERQX8kZpMmNuCF6MwBtU8vqT3H59BulZY7lrxhyWvraHbn91DxOGNH0sxBKos\ZFyq3P8OuNG3gz9xmmjepP+A+5PDZ5LJnTVlBS2fBZJEm6GKwAliRJktR6BiRwx8ZyXtj4AYcPdiO7SxRlBw6zqPQEZfFdmZRmqYQkSVKbsaVqeuWhD2ZWVenGJ5BCETv2hCFYu0I2tHcPkMmA6imjA+mZjGMZW7cXEX4nzLgH04Cu9M9IJbxmJ+uSC9jaN4fvpZ5njM2N6dAqnpu+gtDEebwzcyQpp4cWs\S1eWcO6t6XwQ2er5SS9zizBvAp0V0ZMCKHh0fk8HBlmB2\mM6oWQtZuT2Haed7b5IkNZMVwJIkSZJaT3RvvnFbH2Z3h\w\HWTSeweYuS\CgL49yR93NU0uKStJkqSWEdrAc\93HiXxY3nw1uSqfQOzmNAXli5ZVbvCtbKYvCVrIJjF0FPr9yZkcFMW5K1YwNtbUrl+UFcABlybRWD9Cp7\RQGBWzMZfL5xNjem4iJWA6PH1Ez+Atvf4dUtNdrBYdwRrH++8MYVLN1Ssz2P27PGMr\msdEBUvrUmtBakqQWYQWwJEmSpNZ1RW\Gj+19DmvlSpIk6eIp5o1\m0dJjemNQ9vX8OqaYkIEmfKzZxjdvbojOpUp\zKZV+9+klH3FvP0g1mklG\jF\2I1YWBZnys4kMOH2WXgy9OZXwM2vIj3+Ib56a6TmYxmgWsnJzgEnTL0CJbHNjCqYzLh4WTZ9MtyenMrR7mJK1y3h+WSHh7jVPGGTSdyeTd\eT3D6lmMcnZdF73yqen7OCHTVGBYbcTHb8Qp5\YDIfT89hzFWJlO1exZI5KwjcMocJVv9KklqQCWBJkiRJkiRJUrU95C9dSH6NPYE+qWRPfIL7pk5keJ\aowPX\xPLX03lxRcX8NzUXEJ0ZcDIqfzkR39H9lW1p2AecMMoUiii5M6MM5W+CancNAxWrs\hyzfUHv9ZNSum7iP5ft4zdHtqHi\OmEw4vheDR9zD9\9jLolrcrj9X4vYEYbEwKnzBXn+n+fx1NRc6JPOhCcXcMfrU3nu9EXTeThvGb2fncfSeY+w9BDQPcjoB3MpmFo9ZbYkSS0kKhKJRFo7CEmSJEnNs2vXLvr169faYUiSJLVbbfF9qy3GJElqXf7bcOkKhUIX\RquASxJkiRJkiRJkiRJ7YQJYEmSJEmSJEmSJElqJ0wAS5IkSZIkSZIkSVI7YQJYkiRJkiRJkiRJktoJE8CSJEmSJEmSJEmS1E6YAJYkSZIkSZIkSZKkdsIEsCRJkiRJkiRJkiS1EyaAJUmSJEmSJEmSJKmdMAEsSZIkSZIkSZIkSe2ECWBJkiRJkiRJkiRJaidMAEuSJEmSJEmSJElSO2ECWJIkSZIkSZIkSZLaCRPAkiRJkiRJkiRJktROmACWJEmSJEmSJEmSpHbCBLAkSZIkSZIkSZIktRMmgCVJkiRJkiRJkiSpnTABLEmSJEmSJEmSJEnthAlgSZIkSZIkSZIkSWonTABLkiRJkiRJkiRJUjthAliSJEmSJEmSJEmS2onOrR2AJEmSJEmSJOnsdu3a1dohSJKkS4QJYEmSJEmSJElq4\r169faIUiS2hB\MUhn4xTQkiRJkiRJkiRJktROmACWJEmSJEmSJEmSpHbCBLAkSZIkSZIkSZIktRMmgCVJkiRJkiRJkiSpnejc2gFIkiRJarsWbtzNz7aUUnK4gspIpLXDaVeio6JI6RbH3UP68tD1V7V2OJIkSZIkqZ0wASxJkiSpno8OV3DX8k0cOHYSAvHQLZ7OUZ0gEoGoKCKRCFFRUbbPqw0lx48z590SFm\ew49GpzEsuXtrf\SSJEmSJOkS5xTQkiRJkuq5a\km9ldGE3V5N6I6x1QlLwGqt6eats+nHUVUTCxRlydQFj7Jt1ZvQ5IkSZIk6XyZAJYkSZJUy8KNuzlw7CSdAnFVFauRCJEIp\9s+8K3O12ewIFjJ1m4cXdLftSSJEmSJKkdMgEsSZIkqZafbSmF2Lha+6LqjLF9EdqxcVXPXpIkSZIk6Ty4BrAkSZKkWkoOV0BCHBEiULVk7amla2tticL+C9nfObrq2UuSJEmSJJ0HE8CSJEmSaqmMROh8qka19ub0WranK1jtv4D9UVRGIkiSJEmSJJ0PE8CSJEmS6qmq\q0qUY0iynaLtSVJkiRJks6PCWBJkiRJ9bSJNXE7cFuSJEmSJOmzMgEsSZIkqZ7I6amI3bbsVpIkSZIk6fx0au0AJEmSJLVFUdXr1bpt2a0kSZIkSdL5sQJYkiRJUgMinCoCdtuyW0mSJEmSpPNhBbAkSZKkBkW5bZWtJEmSJEnS+bACWJIkSVJ9kUirr4bbUbeSJEmSJEnnwwSwJEmSpLOLonZ20vbFbUuSJEmSpA7pb\2b5s99qc\WmjfU4BLUmSJKkBNepSI7Zbri1JktTKyveQv+gR7hmTSXBgGsGBGWTeMZ3nVhURqvwsJ9xP3pQ0glNWUHahY22pOEJF5D2Ry6YLcS5Jks7ibEndcxlnAliSJEnSWdRdmdb2xW1LkiS1ovLNPPc3o7h\zjuU9b+dadMeYtq0HIaG17NoRg5ZM1ZR8pmSwJe2sjXzeCxvf2uHIUnqIJpK7jYnSewU0JIkSZLqiUQip2cmrtrabom2JElSayr51RwWFQeZ8rMVPH594EzH9CcoWTaVm2c9yaIJI3l6RKDxk7RZvZiwaBsT2ty5JEmq76c\WmD00E3t0LYCmBJkiRJ9URVpyOjbLdoW5IkqTWV7dkM3MyY6+sneFNyJjKJMG9sKa7eUz0N8pzNdUY2th9K1i\k\qyMqmml736W\7+9Ow6KuszjOP5GrO3o2M4CrzugbNm4W6wJ9bqVo1vRQqXD7FqzpHSODs91bMLOi4ypUaPDkrMTR+dwRHdGDjuZmEmkOU86Uy5NmlCuTDpDQsEkobyWQleFvT9YcGEBQTGq+7xmmGf293ue7\Pdxz+U+fo8T2FVc9cOLTUULk1hsjUaU1Q0MVNTWFLkf\S0+3AJWQuSiImKxhRlZfKCbIoPu7vNX8b+tcnEREUTMzWbXa7uxzZ39CunsY+89q+IxvpMGeBkRlTH9+r5CGhXVV95+c8533vMtsWWzJKiGnx79nctRETku6t7sbe\xV9QAVhERERERHrg8XgAj9qvuRUREREZSuboBGA3W3f2cNyxwcayw4con2e5tODvvsAjjh2MdORQkPss0yli8fRZrKz0Kdw+kcTifUampOdS4MwlY4KbwmfsPLalvjOMuyKbaUnp5NdH8\jLTgpedhBdv5mFM9MobvCZb3Maj71l5XlnLhlzExhr7CWvnZl95mW+38mqFAuQQIbTScH9kT2GcVdkM2N6OvmfTyAj1yevJDtZFe6unXdm8kjaPiLmZlOQm8nsyCPkP2Mna8\A1kJERL77Ooq+Ayn+go6AFhERERGRHgQEqB2KVkRERGQoGROf4i97HMx32MgfYWJKop2JtjGMvd2COfQyj31usZCxfTOzTe0fYyeMIWJWEkvWlDAnz05ow262l0HqphwWjff2ibMy0jWep\dUUpccTgT1FL7kpDrmWXa8kow5EMBK7KRIrpv4LFt21nBfsrfS25LEqg1pxAd1JNDLHb41EP\K5s4jrzvzyipiZmEyEVFWYqNCgXDGxlkZC0C3gm5rFXl\cFJty2T3OjsRHXklTuC2WUlkvVTE7MJkIjrnDCf1zVxmhnWsRSSMSyZvTxXL4mKgX2shIiL\LwZa\AXtABYRERERkR54PJ5ef+jjXY\vW05w+sMKTh\jLZLGX+F37d9cYTTH1bg\uLskMzf5Z2IiIjIUAoMZ8ryEiq357IsMZL6natZ7EhmctwYLDYHa\f0UkTtj8Rkppt85zIRP8MKZaW83QiMCCciCPJzcthV04S7FcBA\PIDlK9Nai94NlbyZiXEPzTZW\z1CrKxrLyMgmSfCWwxjA7i4mwpzPU98jrQxNSHbFBZxoHG3od1cbiMwuMwe06St\h7IdbMOQlQWcSuGp\n4xOIDfPtF475Z8DhI+1HSvdnLURERPqgArCIiIiIiPgJ6ONnwO\vmcgn2Q4+Sb+TuVci\mW+n\vgA3yS7eDQg2FDMn\3dyIiIiJDzWiyMXtpDtvKDlBTWcYOZyazIw+wMiWBx4ou8QjisHC6n8IcERkN1FDXBBispC63Y65ax2NTbVjG2Zi2IJvCPTUX7r09foS3AfOokEv+bn6iIgnt9ih0VCRQxsFj\YzR4qIOC+Zw\13Sxh+FA1XUnfJ5eDVc01e8\qyFiIhIH1QAFhERERERPx6PB88gtj6BBzXuYLQM927TGD5syPMRERER+cYJCsEcZycj73VWJbrZlVnE\kGdIBijt24akZjJtopydjgzWTA5Eve7ThanJGFdUERdK9B6tvvhy1eQAUPgxXtdKRddCxERkT6oACwiIiIiIn4CAgLad6UOUusTeFDjDka74fUKIvPeYczrDUOej4iIiMiQaSxhfkw00\Jren4fGEJkVAi0nO36vKERV5cH9dS928N4v35Qd+QQEMlI3w29gcGY4+wsWuFkx94D7Fhqw71zHcWHgZssxAPVtd2Pom6i2GFl8vIyvzkuqoe8GmuPAAncZuppQA+CjERQRXW9f3nadaIesGK+caCJ0fdaiIiI9EEFYBERERER8dPXHbYD\ukaeGBjz33J+aZa3B+\136PcPUHuE+c4PyZ872PaTtL6+fHLoyp+ZCzTadoa\XQ2lTB6Q8rOHfa5w5gl\cOYNdZn3k\w915b\F52ppPcPbo+xdyaDhJ67lBXCPdASwiIiJDLTSGX0TBBytXkF\V7P++sYzCV5sg0YIZAAPXGYEDNV12pLr3lVLc0kP8kiK2H\f53FJJ\sZySLQRawR3RQ7TbEmsPejTJ9BAxI0+BzSHxjAxBnZt2UG17y7Y47t5bWcz4VHRfsdMX1T3vFqrKFxf1plXv0TZmBkG+ZtKuu7Oba2hcFMpmGyMDet1tJ9+rYWIiEgfhg91AiIiIiIi8s0UAHgGqb2UuHxZR9Qto3nWHsedIQYM3v++6v7qFG9VVPLc2x4arr+267i2r2jlGlbNupe7w4IwDgPaWnE1HWdz6QF+MGM+D98A1VXlTHmrfdzcB+1kRFyNq+5jYrafbI9zx885ND8R45lGXtjwASGJNpLNIzB6f4NyfdHEP3e\w8JjNzDccGXWSUREROTrFc7sP2fy5q+eY8l0KytNCUxPNGEEXIdL2VpagyvIxovpSd4iazCxCUkYSnJ48omreTw5GqqKWL\eRaQN6rqHN9WT90AK1ekpTDQcYcv61RQ32HhxgzfebROID1rHyt+mcDLNztSbQ2k8WsKmFUUYJq1gpqU9x5lPp5A\6wWmPXqcZXNtRLRUsiYzh7dN83g1KQTovjv4YspY3JHXiHq25mRT6JsXYAgyAqVsyrfito4hNqpbiEALqX9KYeus55j8aI03r0Pt37HKROoryd6ief8Y+rUWIiIivVMBWERERERE\Pns3L3s1ndja3\jnjtNypR7SY8OwgDQ1ob7HBA4DMO1I7jbNpG7ov7D7wpO8q\gq7zj2mgbEcYbD\yEW72\6bjPtcGwQIwjb8LxUDAffeWTR08bbjvy60zGwENz4rk1+EIOhquGYbwuhF\fN4Vby\cy7d9XXShaD0IrIiIiMmTC7Gwsi6bY6WTLzn0Uri3FDRhutBCfuoLHHUmM9tkVa0zMZFuLkcU5q1mYAqHj7CzKz8T82hh2dY896Tk23F7Kk8vTyGuA0EnJbFz9FPEdO2MNMSwq3MzIF3LIz0kn\xQwwsSUuU7KHFY69r4axj3FthILK3NyyXI4cQWFMPb+THak2zEbLuE72zIpsFexcnkaeQ1XY05wULBuHrE+RzYbJ6SQMWkeKzMdFE9aQXnueL8whnFP8epWC2vWePMiGHOCg42rf0P8zQNMrJ9rISIi0psAj84ZExERERH51qitrWXUqFFXdI5ROW8w7HvfJyCgvXh72e0vR3PEEgxnPiNr00dsuOi4Nn5sieSNu36IAWhsOMEfdx1lWzN4PAam3xXFsuhr23ejVH\AHW82E+CBgPOBrHn4ThKvB840k7e3mqxqNwEBBqaNN\P87cGduziqD+1jyp72+VITx17YAfz3T9vziL6VyrgbvP3Ps\9Wn6\r4ljHggYGcZfp0YQew3Q\CkL\YxxYOxTgHQ2vIltWn3XNE\XxEREenb1\HvrYH6Jub07ddEYaqNxWRSnmdXUVVEvnX0d8O3l8s14BvrB0x3AIuIiIiIiL\OO2m97WV97hK4H\2vYdFP24u\nDrJwuJair\oeH+GrW+9x8Ka0wAYTTey1NA+vu2OW5h0PcBp\rHrIFnVZ7zxzlC892DnmC55dNl365vPhaeNx44yY28jxzryO1nPIwf\ixsgOIjYy14f388iIiIiIiIiIpfnf+Xid4p6jbKqAAAAAElFTkSuQmCC&apos; does not exist
	at org.apache.commons.io.FileUtils.checkFileRequirements(FileUtils.java:278)
	at org.apache.commons.io.FileUtils.copyFile(FileUtils.java:869)
	at org.apache.commons.io.FileUtils.copyFile(FileUtils.java:835)
	at org.apache.commons.io.FileUtils.copyFile(FileUtils.java:802)
	at com.qa.opencart.factory.DriverFactory.getScreenshot(DriverFactory.java:136)
	at com.qa.opencart.testlisteners.ExtentReportListener.onTestFailure(ExtentReportListener.java:97)
	at org.testng.internal.TestListenerHelper.runTestListeners(TestListenerHelper.java:67)
	at org.testng.internal.Invoker.runTestListeners(Invoker.java:1389)
	at org.testng.internal.Invoker.invokeMethod(Invoker.java:636)
	at org.testng.internal.Invoker.invokeTestMethod(Invoker.java:719)
	at org.testng.internal.Invoker.invokeTestMethods(Invoker.java:989)
	at org.testng.internal.TestMethodWorker.invokeTestMethods(TestMethodWorker.java:125)
	at org.testng.internal.TestMethodWorker.run(TestMethodWorker.java:109)
	at org.testng.TestRunner.privateRun(TestRunner.java:648)
	at org.testng.TestRunner.run(TestRunner.java:505)
	at org.testng.SuiteRunner.runTest(SuiteRunner.java:455)
	at org.testng.SuiteRunner.access$000(SuiteRunner.java:40)
	at org.testng.SuiteRunner$SuiteWorker.run(SuiteRunner.java:489)
	at org.testng.internal.thread.ThreadUtil$1.call(ThreadUtil.java:52)
	at java.util.concurrent.FutureTask.run(FutureTask.java:266)
	at java.util.concurrent.ThreadPoolExecutor.runWorker(ThreadPoolExecutor.java:1142)
	at java.util.concurrent.ThreadPoolExecutor$Worker.run(ThreadPoolExecutor.java:617)
	at java.lang.Thread.run(Thread.java:745)
</system-err>
  </testcase>
  <testcase classname="com.qa.opencart.tests.LoginPageTest" name="LoginTest" time="4.197">
    <failure message="no such element: Unable to locate element: {&quot;method&quot;:&quot;css selector&quot;,&quot;selector&quot;:&quot;input[value=&apos;Login&apos;]&quot;}
  (Session info: chrome=110.0.5481.100)
For documentation on this error, please visit: https://www.seleniumhq.org/exceptions/no_such_element.html
Build info: version: &apos;3.141.59&apos;, revision: &apos;e82be7d358&apos;, time: &apos;2018-11-14T08:17:03&apos;
System info: host: &apos;ARPGL006737&apos;, ip: &apos;192.168.1.4&apos;, os.name: &apos;Windows 10&apos;, os.arch: &apos;amd64&apos;, os.version: &apos;10.0&apos;, java.version: &apos;1.8.0_92&apos;
Driver info: org.openqa.selenium.chrome.ChromeDriver
Capabilities {acceptInsecureCerts: false, browserName: chrome, browserVersion: 110.0.5481.100, chrome: {chromedriverVersion: 110.0.5481.77 (65ed616c6e8e..., userDataDir: C:\Users\VINOD_~1\AppData\L...}, goog:chromeOptions: {debuggerAddress: localhost:51602}, javascriptEnabled: true, networkConnectionEnabled: false, pageLoadStrategy: normal, platform: WINDOWS, platformName: WINDOWS, proxy: Proxy(), setWindowRect: true, strictFileInteractability: false, timeouts: {implicit: 0, pageLoad: 300000, script: 30000}, unhandledPromptBehavior: dismiss and notify, webauthn:extension:credBlob: true, webauthn:extension:largeBlob: true, webauthn:virtualAuthenticators: true}
Session ID: 56d211b0ace9b27a8ea47eb1a4a29fe6
*** Element info: {Using=css selector, value=input[value=&apos;Login&apos;]}" type="org.openqa.selenium.NoSuchElementException">org.openqa.selenium.NoSuchElementException: no such element: Unable to locate element: {&quot;method&quot;:&quot;css selector&quot;,&quot;selector&quot;:&quot;input[value=&apos;Login&apos;]&quot;}
  (Session info: chrome=110.0.5481.100)
For documentation on this error, please visit: https://www.seleniumhq.org/exceptions/no_such_element.html
Build info: version: &apos;3.141.59&apos;, revision: &apos;e82be7d358&apos;, time: &apos;2018-11-14T08:17:03&apos;
System info: host: &apos;ARPGL006737&apos;, ip: &apos;192.168.1.4&apos;, os.name: &apos;Windows 10&apos;, os.arch: &apos;amd64&apos;, os.version: &apos;10.0&apos;, java.version: &apos;1.8.0_92&apos;
Driver info: org.openqa.selenium.chrome.ChromeDriver
Capabilities {acceptInsecureCerts: false, browserName: chrome, browserVersion: 110.0.5481.100, chrome: {chromedriverVersion: 110.0.5481.77 (65ed616c6e8e..., userDataDir: C:\Users\VINOD_~1\AppData\L...}, goog:chromeOptions: {debuggerAddress: localhost:51602}, javascriptEnabled: true, networkConnectionEnabled: false, pageLoadStrategy: normal, platform: WINDOWS, platformName: WINDOWS, proxy: Proxy(), setWindowRect: true, strictFileInteractability: false, timeouts: {implicit: 0, pageLoad: 300000, script: 30000}, unhandledPromptBehavior: dismiss and notify, webauthn:extension:credBlob: true, webauthn:extension:largeBlob: true, webauthn:virtualAuthenticators: true}
Session ID: 56d211b0ace9b27a8ea47eb1a4a29fe6
*** Element info: {Using=css selector, value=input[value=&apos;Login&apos;]}
	at sun.reflect.NativeConstructorAccessorImpl.newInstance0(Native Method)
	at sun.reflect.NativeConstructorAccessorImpl.newInstance(NativeConstructorAccessorImpl.java:62)
	at sun.reflect.DelegatingConstructorAccessorImpl.newInstance(DelegatingConstructorAccessorImpl.java:45)
	at java.lang.reflect.Constructor.newInstance(Constructor.java:423)
	at org.openqa.selenium.remote.http.W3CHttpResponseCodec.createException(W3CHttpResponseCodec.java:187)
	at org.openqa.selenium.remote.http.W3CHttpResponseCodec.decode(W3CHttpResponseCodec.java:122)
	at org.openqa.selenium.remote.http.W3CHttpResponseCodec.decode(W3CHttpResponseCodec.java:49)
	at org.openqa.selenium.remote.HttpCommandExecutor.execute(HttpCommandExecutor.java:158)
	at org.openqa.selenium.remote.service.DriverCommandExecutor.execute(DriverCommandExecutor.java:83)
	at org.openqa.selenium.remote.RemoteWebDriver.execute(RemoteWebDriver.java:552)
	at org.openqa.selenium.remote.RemoteWebDriver.findElement(RemoteWebDriver.java:323)
	at org.openqa.selenium.remote.RemoteWebDriver.findElementByCssSelector(RemoteWebDriver.java:420)
	at org.openqa.selenium.By$ByCssSelector.findElement(By.java:431)
	at org.openqa.selenium.remote.RemoteWebDriver.findElement(RemoteWebDriver.java:315)
	at com.qa.opencart.utils.ElementUtil.getElement(ElementUtil.java:33)
	at com.qa.opencart.utils.ElementUtil.doClick(ElementUtil.java:52)
	at com.qa.opencart.pages.LoginPage.doLogin(LoginPage.java:49)
	at com.qa.opencart.tests.LoginPageTest.LoginTest(LoginPageTest.java:31)
</failure>
    <system-out>LoginTest failed!
</system-out>
    <system-err>java.io.FileNotFoundException: Source &apos;iVBORw0KGgoAAAANSUhEUgAAB4AAAANCCAYAAACHzdFqAAAAAXNSR0IArs4c6QAAIABJREFUeJzs3ftzU+e9+Pu3JdkyFrZs5AvxFRtjjB0MNjY3E0IIJJCSULpTAk3STXaTfPP9ns6ezvTM5G\YZ+acs7\77D27m7Z7t7u0JLQhJaWB4ISAE4MTEwwGgQBhYWMrlvFFsixZWlqSzg+Sbflug8mtn9cMM4z1aGlJa61HWs\neT6fuL6+vjBCCCGEEEIIIYQQQgghhBBCCCEeKq1W+9BfQ\PQX0EIIYQQQgghhBBCCCGEEEIIIcRXQgLAQgghhBBCCCGEEEIIIYQQQgjxHSEBYCGEEEIIIYQQQgghhBBCCCGE+I6QALAQQgghhBBCCCGEEEIIIYQQQnxHSABYCCGEEEIIIYQQQgghhBBCCCG+IyQALIQQQgghhBBCCCGEEEIIIYQQ3xESABZCCCGEEEIIIYQQQgghhBBCiO8ICQALIYQQQgghhBBCCCGEEEIIIcR3hASAhRBCCCGEEEIIIYQQQgghhBDiO0ICwEIIIYQQQgghhBBCCCGEEEII8Q303nvvzfk5EgAWQgghhBBCCCGEEEIIIYQQQohvmOHg71yDwBIAFkIIIYQQQgghhBBCCCGEEEKIb5DxQd+5BIElACyEEEIIIYQQQgghhBBCCCGEEN8QUwV7ZxsElgCwEEIIIYQQQgghhBBCCCGEEEJ8A8wU5J1NEFgCwEIIIYQQQgghhBBCCCGEEEII8TWb7QrfmdrF9fX1hedjh4QQQgghhBBCCCGEEEIIIYQQQkxNq9U+9NeQFcBCCCGEEEIIIYQQQgghhBBCCPEdIQFgIYQQQgghhBBCCCGEEEIIIYT4jtB93TsghBBCCCGEEEIIMVvOW83Y\KlkF+aQZUj4undHPGwhBcedW\QMKCi6BZhyi8hPleMuhPgW6bPRdPUGvUOjf0rKqqR6dRZJX99eCSGE+I6TALAQQgghhBBCCCG+HZQWzp5twhECzgEaLUlpWWTnVbB+bb4MpH\HeK2nOXbGijsU+9d6EjIq2bm7hizJayceiiBet5cgoNUnkzTVfAPFi9sfBLToDUkkyPkopmBprKO5Y9wf27og\QCbc7+WXRJiXigeLyyQ\k+IbyoJAH+H9Jw7zNG2fH6wv5b0r3tnhBBCCCGEEEKIeea8dCMS\B0WCuLttWPthey1+ZR+bXsm5l3raY6csaKEJj6k3Gvm2FHY+3wNqV\9nonvrCA9V+uoa2wfM+lAm5LP+u3bKTdpI3\oM3PyVCPtA8HRRpoksso2s32jTEQRExnTkqDDO+6vCo4uN+Qmfy37JMQDs9dz5LgFb0opO57bTL50fkJ848T19fWFv+6dEA\IcpyD9fYxf8re\Dq75njnq3SbaTxnprXXiRL9DatNzWJZWS21j6ajnafdFUIIIYQQQggh5s5O\aHjWMaPoQOQxxOv72TZV71L4iGZ7liPytpwgN0rZ5cO2vL+QeqjK\CmHzNRaPnzb2jsBshm8+u75ndigb2eQ8cteEmidNdLbM6ez41\w7ltNDQ5Wb618hu4cEHBXv8Oxy3uyR\WJFG45QfUxl\gWJ1l3Kr0UQkFm9n7dOnkQeDWOn79oY1gwVZef7p4wsPuC0c4fNEJpFK5fy814+OCITPHf9WA3VDO7hdr6X\IPUdyZTv2U9txhzeanQc8X7GDkc2MevX7qHh8FHM7vu5liIB+Rv6HdTOunP3Ynn\CA2s5+VnShnpHQI9mE+fpvGuk2AIiE8lv2Yr28eMdypY3v8djdSy95kpjuF9SkpJQz\yQm2c+Je3aBma7hmzlF3LgV3lTNcLuu80cfZzM44BJfLeNVoSUrIoX\s4NUvGnWTzcG58paL7m\zoD9i\8WvuVRQH5sZGzK09OIcH1uNTyVpaTu2GctLjH8aL3s81Mo8sf+VgfWfk\wlZrH9uNxWL7m9Tc4pLfM3n6ez7v4flaz7uYt5otQ8\4iaL87\lLO8fnBD8BbDXH+TwuZ5ZbsWL9cND\ObPDVh6g6Qtq6R2Yy21q4tJUxxYzh3ld+9bmOG+SwghhBBCCCGEeHisZm5NdWOakIjhK90Z8VD1tdM5i0EIh739vjZvb7VM\aBiwdZ9X5ud3WvfasUbr0WLl1tXrQ\vhb5xemg4XofZ8Q0dXWo9y6mpgr8AIS+2M4c4NE3wF0Bpq6fuijL5g7lZkcB3jwPHxGdi63BGR2qdOO5O8vw7dhyANiubrKl34bvDcoKj59rpD87cdJj32mka7ElUbIwJ\oYcNLxzlIa7XpKLKqndWEmxwUv7uaMcORd7JBIo3VhBkr2R+ltTHMP7FArHrr8qIGu+gkbqdB+Ogu30IQ6fasY+ECQ5PZ\8gnzy05MJDthpPnWYw\V25ved\m3yWus49N\HaLjZQzB1GZUbayPnWYqCw9LA0d\PPKHpvtzHNTKvdDHBK8VB49HD1LfN9Y1KXGLOvu7jLr5VJAX0t9m9htH6EUt2csB0jt9Yl7Kz+DYnvnDhvtqIZePMs+vs9Uc53epFn7+Vl39YzSJdHHHRx2q39fPFH3\LR231HDuXxv6NfxM\MYUQQgghhBBCfKMotFyzMeVYl8HIrBadhBw0HDlGe\5kq4UiKypOX+gcWb2jTc1n\ZMxqV+jvG1NnD7fgn0gGKlDnFlK7RO1FE6XybO1jt98aCN9wooVJ41vHaFlYJLn5G7m9WdiGnvbaTrTSIt9ilVs9xo4\K6ZqcNYY1eseNsaqPvEgsM7\ft1XjvN6Ys2eryR95uaXUHNYzXTv98H4QsyTYxtlOqL1GmdRdPI6js9+gV+\I67WEOlFE+yLEK5fgcHOnQJKqqiQz+X\Z5JyIq5VYGMKlYFLnKx04Y1VDzpfnwXxcUBcfHz+5nOC4WWq7aZA2GzOinBceMy7pU1TLg8jCspymjEca8PhwJZscs2Q6109IAuv4CsO204umxQVjjm6T1dfQSBgmUVJOKmat+bbNCGUYecuH2z2zcAEiLDwbrZLZ6fVOR60hA\48HMZcf\fJNdcUH8\QNzDOJERidnvZ8hGw2f20kse4Gn8pNwD3hRgZ7G05gHtORte439axZGtrppIxcO\4KPrp6lqWwvNakAOpLyn2LLsmv8+bNG7Es3kz1P16bP7WT0EC0gd7ER2l0PvF3jkuUkAepkD9obabB6IXU1P3r1KfK0w6O9YcKDVt7\VGuWk5xNvcA24uiD83DufGVWvMj3tygJawO4ZzTRTCPOuo5esaGNz6XrT\eT3WaJtLXAWzaTv\Fw\z2w7vUv9dA2t7aea5dP8drZL4M1z\3jzvzQm4sHxyhf9332b1qdgUa7isu8TWfp7Pv\x6Wr+m4i28lCQB\i\Xcao\e1BWw84UK+PAcAFmPLsX4xUVc2LFaoHS6CPC9Bs5avGCs4ocv1GDShAmpAQKhMMRp0enSqN6zFeu\naDtWiMt1bupkM5FCCGEEEIIIcRXKoHcpZnou7rxT\KoLiuHNGDajJoBO03HT2EeYGJgBnCcO8Kxq24SFhVTWZpFkteB+ZqVhneP4HxuP7WZ0YbdDRyrM+NekE352kKSvDYs18zUvdPP5r27KJ0sb6jXwvH6qQJMXfQMgDYlm5y0ccM0GSljt3GkHruaTHZZDYUpKo5rZqznjvKOby97q1Mh0UROQf7EIEtogK67TpSENLKM0b+11nHkQxtKYirFq8vJwoHZEnm\7t37WR8NEvd8foSjl5wwpl0zde84pn6\DyplwewGrBJT5liuKpHlxem0XLmL7Q4UF41\XMHS3gUZJRQpN7k530vjWm20B8CUX8VaTRsXz9kwmxWKZ5nG+ttNjy5u5lZfj04cvfO4ub5uOmHiggw1maJcA+fv3eNeBxB7\t3poCsEOaXbyfb8is7Ou9gpZDRDuIK9xwXkUFSi4vPz3a81nDC3q9t5sQmbYmLD+nwCPlc0KGrnWqsbFlRQu8ZAOBggEAStzkD1xnI+fbuFGy12ajZnAypeX4Bl68sx3rhI05Vqdq96GJ+yn9TFWehwTR64nTUdWYtNwOCkj\bcseMFCtY\TZ42TDgUJBQG4jRoFi7je4+VYPnLTWwWCxR9G\I9fxP10PCJBW\ISNXeF6lZBOGQSiAQIkwcWp2OtDV\x1brv3LijplGc82syxbMyhyvkfuiOLBduoH5bjs9Tu9IeuZpnoDjsyMcce1g1+YZaqJLXOL+fBXHXXylLl26NO\bXL16NSAB4G837fCUISeOTj+pIYAQSvpTvPHmdmDm2XX2a1bcQE7lZrLDCh6XByV2RqMmAcPClVQtPU1nZwilB8hm2lz7kTz4MbU9LMc5WO+m\Oka\OfPYh0IQlI263ftIuHcQepd5eyo8dNw1oo7CEnZ69m1q4JUhutUtGB3RmcjJ6VTWLWVrWUxs4iiM5yTN\+E9Wodp5vacQaIzErOW8\WrRPrLEzYbmo2Feu2UlOQBCELx\+zHntCKbt+vJnx5XhsH\6autZkKvcOzxAUQgghhBBCCPFw6cjb+AqvLT7B795twTVuJV5OQTGhKde9BnG3NlL3qZme6AIhzfhlG0oLjdfcaPOe5LX91SyMBqpqaz\jd\9+BnNjCzXPVZCAm6Z6M25tPk+\up\ViQCbeGLF+\zrH6\QfMVJ6brxN4pezKcbsMfp0eGfuGKj24kLyF3\Mvsqx++6n\6ByF29\cIF7GoKq\e\wVO50RUym6o4+6tf02hpwV69meyMGp7bt4HxcbbOU7\gUKeRqhf2UZkSWS1ovWVD0WSz5Scvs25h9P2uOcuvft2I+bKN9dsKIWSl2eyElEpefP0pcrUAYWo3XOLwf56i4VMrpU9NrGX6wNILKTBcoMUzfbOc\CJ0qHMKouiK8jFd6eSuzQZFY1dYoli44wDT+nIWmm+O\n14ZXXmeg58v2JcvU03TX86TLO7kK1\v32a1bzDq9iNFCwzYlhQgunceRzXL+NcWcOkwwtuG02fNI1Z8Z1dvp6ta8cNqs+ynfNWPWc\v4XDEzPGsnozj8fWV4y+Vyapqdlz7jBHrzK6iny24zFjVqZf4vDBSxNXt3+tVNTAfG5PO\mAa0AhKy8HXfNNurocUDSaZc\xpQOVHIqWpZJ\z8j5L+zY7kH2SKrgTu71AsYs8nR+8MPFt\5pQh3K8eNdxCeRXlDJ1i3lpI4\N0NubOdO03DdgTcIaJPIWlHL1vWFJM\bKsUOTv77xBrAM+1nbM3u9g8PcpCZ6m3aabE4wbSBMqOCd\jrwN1JtxfIzyJP8eDyDB\oeAz5OSymhbZ7nbjJjkwMUrwoGZWUmS5y\soF7Ksmjgs+uBBqXg5Z3KTzgbaTQ35RAHWqgd\oil+f18WQK4Qv9nszfgHJywvI+ctNOv2DRCpPx+7ibM8NL45L9Zy9FJs5I5uK8fWFh8eRN+2l8O6pkVrMk47zzqXtF3\gn8bUAI7WnDZu5ifrgtR91Ei7c\oMF0F7Myc+vRg5F0cyeqRiPtyAfaZ+quMaVjeQXcXmR4IonkE8YwfWSTAsZOWqIk7bOwn5hgfWidSl\qSe5vZ+vCNFbxNIfaSc9VtqyB\uvIf72U27ybLW0dzlBW0qi9OcdEWrP87uGpmjQA\m03U0tE2TGn8aTstJjgys5\vPVEzse6LuOy4xbNbnaZCeq2epvxTNZMK4WADTtNVoSUorpPKJrZRPk2omaG\gyPtm3Lpsav9uF+XDp7\XQfMnZ7ncEa1tPEUWlQnxlNFHOH6wfuRcnHvfKP7WSQD4Wyw3MxVwAS4uHvo13QWRni0cCBLW6YhDi84ATHnD5KTd4QeM5BRp8Q26x3ayACEFz5COpbt\xs8JoQy68NzXj2Ivtz4+DcZSajYuoL9bT34qdAH4bnH6DKSU1FCR2I9jQT6pgOOzIxy7HDPLOMGJ7boZ66dHcDh3T0hH7b50hKODkF1WQ3mKisNixtrWwNFjXvY+P3oz5Th3mGNX3WNnL1+z0lx3BPfWA2wtKqU0vwH7nVasHZvJzo39PKxY7wYhtZBlUwR\20\hpPWWU4Tzqhh\57KSWefCyGEEEIIIYQYphIMhkgq3skbu1X++d1royuBNZEVcf7JlgYD3Gvk+Idm3JoUSnetYuj4JzjHt+noxQnkrqjGEA4SCAQJx2nRGR5lWeYZvvQOMgCk42BwSId+6RpW60OoikpYo0VnWsgCIBCeGIp0nDtGw71snnw2gwtHL07cv55+PBhZvjhEMBge+1ho+Cbdhvm2F335Pp7OhaAaiAyI60w8\tqbPBbw4hr0QyhIMBg3NgDc9gHvNrswVr7E9kdC+KNjBKEwoE9nsSFEMKASRIvOlEYy0KdGP8xeB70BMNWsI1cT0y65ktqSs7xltmKlmHkPAYfz2bGrgtt\bMEzVdrdxZvZuSYBdWBua+hCySspyTjPefv4FZag3LhDV8jEhkeT8ZljHsgopzjVTHO3DYtSMXYFktOCrQ+0SwqnT+U8XFvYVMbqDAU\0f24dxvzvZqJg7fdDRx+z4ybBFKLKinPJLLi+9JJjgxu58DWwjm1GxkLSc6idHUxpuExlnNHsXdt5Qfbiu97RemM4zHGYmo2JmFtbqKdfGoq80gw5kyxtXZO\+Yksx1WSV+7nx+sftBRlVyy0uBu\wNuZtgCI2mTPqCgLs0nh5u09ThQyIpOJnDT3uUB43LydH5MRQXov2jhyzY3ZETfW\eXdAVAn7+MdCU06ZpP5dZJ3vm4HSU5kp0gVeeNHAtrA0cGgrz0\Yoxx9jR8A7tAT3ZZTVUJnmxXTdjv1rHO97tHNhWOMkrzI\Z7GfOylpqky00XO\FtKKW0jQ96cZpNmq30u4F44oSjP6h0c\HpeABDKZ0lDEDmgE8SiqmZGgbGKCH4cwQIYaUVJbmGzjfPD4IP3\8ukfISobO+4utRaRlkRee6osPcpcXYLjcguPT\+QP3TVUVywjPzXaeQWG8MSvYt+bVRD04xrwjslwPrtzw4vl\SPUdygkLMqnvDiPVCWSSaL51DvcrdrJD6rHjt32fP5n7Gpku4VJbm60WCLjvO4fsH9d+n23ncDVzJF33ZBdTk1ZKmq3GXNrOw3vvoP3+dEFPcqtk\zhbDsKyWQ\Wkphkheb2UzdOwnMZqGps9OOHzDmFaH1DeKeOLCO4vGiW7aHn5VCSHHj8qgQsnH6cB1WXwKpBaWU56SSoDq5a71Fe0czJ99nzFh25PM4gV2\mMqNWSidftJKy1naPodrZC5CDhreOYZ5stIUc6DYGznRlM\+CRPjYD7iErM+Tz84Qn2bAsN9zvB5+sERHJv3smsklcnoOT3cNslri2SDOepEef4HVE72VrqHg79ZrH8uNvg7nLklgdS8clblDJ+LzdS9c5fKZ35ATeYk25vGnPtG8TdPAsDfZhVbqPr8t1x0AbjpaAO4xOF\6Z5ktshkuuh3AqSyyDiEb6pAccBLIJiARgNxWiDAtLn2I3nwY+rkJOiAIIphLa+88gSZcUA4hDLkol8LBBQW1rzCP2zNJPKQwlDbGc5ecULKan70+midik1bHufC4f\go6t11C95ic3ZgD4eDeAajKNi7+vsyNdGai08VkX9L3\N+T4bt9w11CQDzibOXnVP2O7wrG7rhSaqih+nauVS6u\cxHbbzubcmNvB4XRNZTXkJsDgJDck6dnpJFjtM9eOAZKzsiX4K4QQQgghhBCz4Bt0EVyQTOf122PSQOuKq1ij8zMw5Th4Iobs1Wx99mlKU1t46\gkTZbv4h\XJKAJKQy6PIyML2o76OoDUgzRwEkZz\60hnhNEP+gC28AFKeNC2cv0qsxUrMyB2L3rruB09cU8rbvpnrhOS5M8tIOVx9o0knoeJv\+H077iBok7Io3bSV2uEVVPfs9AZgcY6JWx\9nrrmzmi7xax86vs8XWIgET8+xYt7zM1oDw0nr+DRl7BnWzaqbwBv9M0tW5rDmfYWTvwli2dqC0kOurE1nqMNPUsfLQNCoNERByQm6BgacI2uIItPigQLQk6670HxfAdI\AGCBTt5ZQ8cfreF3nGDwvrFG\jhyxtIU93MuYqmupCVy0ycP2cbN+lbwXKnC0wbWLFQZUyoPjGPqlITzY0O7lxXqFg1OhjivHkHJzpKVlWRpBnAO0XAWrl+B0cITMvKSFP9uEMLqSnP4fyZTmzX7dRmxIainTSdMeMOpbD6xdgV3xv57Hf\xhlrE01VhdSkzrKdt566q25IXc2Lrz5F7vAYy+ZaGn5\kE9bP6WhtThSBzQ6xjJZcUN9fCTCPfLQbMdjMoqpfiwNp7mJdtIpf2wTWTGr28dKJzszAWvHLEZVNMlkZc\HqIqJlctNXGicnzzQhpIV5MGkGfl8oUKyM6Ct9x6dQCGAYqOrF\Qrl5Gu+FFzs1msaaGtux0oB8DdbseDjpKiXNRAJGo4vg7lrRvtKOTz5P\YR\VwvdfoufBJXztWTwUVhtF98ZPJttf3U2XUEAdseryQd\5ODfvWrFRyPyEgPVETpvRccLZ7Of68k3khztouN7LwoJNbFo1fa1jt70bL7A0y0RAiQmPD7nxA4lxmonlA4biCGuAQGBsfXmfQuYji6H59tgg\HxSF5NpgmkKts9In1tIqn+adT95O9izrpNDn\XSY2ngpKUBtAkkpS6mcHkZ5ctXkJypRROnIZ4x31yzOjeUK3XUdyjoC57m1RdWj2bO2HKL9w4exXLpLE3F0WBrdBxZURNZtf8Nno72VZs2r+L9f3+bK1caaKmMpve9j7ajWT2i55vLTdyqfbz+dD7auDhgE1Vnf8WvG3uxWd3UVCcDdho\a0fR5vPk6\uojr6B2scq+OBXh7msANrpi7x29UcipKmpRoZ8k6fiBhVvIEiCRgNxOkAlePMG7QFYtO4lXn08Y7Rm8BODnPvtv\FJlxVLXw3rFzHSzyrhPJ55\e9YqYsDwoTCcWjiZn+NzIXt9IkHDv4CsKCQtVPWAn6AuETUrPqw1gYa2xS0eU\yP\ZXkzx8nm67y6mDf+DSp3W0FEXPJ2sDDR3j20ayvPzbH69w8XMrleOznvS1cOx9M+74TDbsPRBZCe4dxKP4aPmwHruiJ\+pV9lXGa0\Ti1P3HyPX7xrobm+iWXRQP+EeMoIfSSAFz0Xs+bYNwoxr2XHxVfLF8pg+xsHqJowy8NO\cGDHHzfMsMW4kdmBYfU6WfMDg04cTpdDD5AZ2JYUkJGWCWgBAiGVNSRXxYGlpRmEFYDKIEgIVWl85oVZwgKNj5NniZMMKCgKCpBkqneWI4eL7Zb9rEvsHgNWws0hIIBFCVAMGRiaYEBCBOM7rfzhhUn47YbCBI2rGN1PuiGuml3+1CXl1OUAP52K7GvYrXdJajJoaJ6IYEp7kVMa1\i9R0Fk3TYYxnXvMT\2rl0VjPKhBBCCCGEEEJA4NZfOWWJHaY2UrGhlOCEZSMx8rbw45efpjQ1TNAfJDxZm\jI4GFIHYodW8TxyafcVCCnooZI5j8dmrgw4WAAb8DC8YMH+c2ROq46dJQ8+zJPLI5ZexuyUfe+GaV4Jz9avQBl0n1U6O7xQKiNxgsq+WtqqV1dTHLIgfnUOxy3RENITg8DQNfZX3G0xUPWylpq15aSFuri0p\k8NNvUx2u65cacDshuwNT7Es5MMTkwPUsOYl3thZSOB6HYd\dZCD\3WYuusqy3a9wvNliZFG6akYNNB5tZGu2GEDvxVzqx+Im2MN3tny4fGrJBXv5NWf\4yXdm9n++Ob2bxtJ8+\+jN+9vebySGAz3M\FTQVFq4owYSf9taYO\5QK3cdYFq2glRl3FniUzBWlGACuu5YYiZ8O7nV1g+GMqqWqWNTrI7h5PLNLsBESbkRxQcoCrqKEnIA720z1tjn9lmwOoEltTydC+HhcY6wgXWrCkA3RPdd76zb2a7dwoueiqefJlcTRh0eY9GkUbu5Aj0KtlvW+\gso2YajwkGUBQ1eu2FUZXIWMzkTKz90evsXDLDqIrGSNWL\4tniuZjVCXIok07qZp82e7c6JeydUve5P0MgH8hRbkGCPTw5b3o31o7+BIdBUW5qAHwhYopWgw4urBFmzj6+4ik\FUnvdYBtFoAF1\e7o98xsPnwo\f5P\8x32sMYxtry+pZY0xjpAaOT7BuHKW5gAB36QLHubLbPYzGFBQohkRwkEFRVGY8pRh+PMxYlykjg30Do98h0NMvDzDI8dp7AC5H3WRESPQ1++4r\c4o4DKI5kPtmxv8eJc1Gm++nyBINlbXuXnr+ygsmBRpJJgUMHb24753EmO\Nf\yy\e+hRb\+CE4PjM54abyzccQDYb96zGEA6OXNfhhGXsWJsNISfWG2PzbejLd7Ijl5HthjRLeLImB0IOLC3u+247UTZrnihAEwoSUBQCwRCmZQUYgPDwgHSrmVte0JdupHphJLOGoqiEtfns2Fwyq1Vz8SMD64HpSxEMDeB0OnFFB9a1ZXv4x5+\yWtb0iM1g5VonxwysDTHCGhg\Pn+SCErtSECSgA1GCSozO0amTV3E02t89ABmKrY98Ze1qRP1Zc\eFxiNn2YxWJDwciqrdUkE3OeavLYUpUNIQe265HG1tuRMg2xbQNqCIrWsNwIcf122mN3wGPh+HuNONRF1Ox9hc2PhAgMRdOAuy9j6QKyN\KDSgPhoBo9F8PoSnawLhvos2Lpm9OnOue+UQhZAfxt5lFQ47PY\sabbMdB3S9+E10NHNVRz3FL6YQavaPi0WmAUJhpMobMm9QUI0Mu98QZd6SSkjKEyz36SI\LDejBeYHPzvkIjPyg0aLXetABHlcPCtkjAVRdihHt0AADI3dc+ujMKg9DQ5G\dPW5ASOmTJWhAXfM7OWFPPrCm1SEAnhdg\jUpVQt13PzSsyM4JAVW4cK2SWs1ClT\uBWgyEMq\bxGm\xy5Ntk7zfSPD3jW05hNWhOdUqEkIIIYQQQoi\WV4Lxz+0jFlVpy\dyvaMAK7iUZeHAAAgAElEQVRpV6qECYdU\EMehsYH9ka27cY5brme8\IxTlwdQL9kJ3vWJBByKYCXgeGGniTy126iONSP5YaZm8d+yVtbf8iO4iTAi+XkWWxJq3lpdwlBxTPFKq1+\H4dpK1k\4+fJC9RG1nFssXKewff4fr5Bqwl2ymOi9y8+tUMtvzDPtamRtttLObovx\n1meN2JeNr1Xp5PJ1B+hLWFediH9wYEwAxHXpj\zhtA1\Sh4rV+STErjH9es3ufX+HzmV8H1q0rWgr2Zr5SUOfXGBI2\bKV8xmjoxlBgJXsTNNPv5vgQZ7LbjSTSQnGoip7SK2ITBAXcPfS4vanwySXOO\ykoxhWUmM5zvt2KnezI53bzNp0hExvKUwkoQ+Oe4yewsIaK7PN8bL8zmgbaeYu2fjCsKiM34GXK09B5izv9gKmEFcYA\sHIfvi0KynJ\ZjODhuWm1A8PH7T3YcbMJoyUYcGcI8OXrBw5T7eXBUi4HEx2DKbdm18eCgI5JKVN24sRJPAwuE6qP3d9FDMDIlVJzXjeEzAhzcQHAkABz1TXQ8AKmrIQMULr8Hbv+TEnUlGVTRGql58g+3ZYdSh+RhV8aOEHmH7iztx\foEt8cf\tnSF7D9ledZoRuamGZ+WCgwUge4165ARgI2excjwV0P4NdRvMTEx\YO7nZAYa6dri4gI5vC0FQ7p+HRlUv57O5trr37S65pk0jPLaRwWSlrVxWzUKshIR4CMTNcFian4B90jmQFQBNd2Y8Xrwt4KDUlZ7efniEP\uHuOuzBM209cAW\DyCVjHTf2KXX4wuiT2F8M19yCgsBl\qwIis+jFlZ6HDd57igiewl6qRjjqMv4cGnS2ZB5iqe2reKp1DxdLdhvX6DlpvXsPcFcbc18Oc6PT96unjMApWZzw0HfU4geTE5Oj8elzcmc8YCUvIXY8SOq6+L2OrCi3MKxvZVmgUk52dhpBNnnwNi8iTOpe0ECQsxaocYGPCNfO\pQ+HIeLIvcg057\USBHJz8lAGnaOphTWJJGebMAIz5QSIj0ZWwnMcWNctiEcTByFvLx1t7bT3OHF2O+jpcdA7EEmLrBn33aY3LsI\MC7LxKyvkTm42z15\6UxkFW0nOVLCsgvzmIhwPW\8IuzEytZ64u388qeKoxxQfyeqT6bB49LzHye9tA3AKDD19HE+Vv+0bi6Jp5ETxAd4BzoARLo7gdIJStTYdA5mg1Gs8DEtjfeZHs0XfptADxcP1WPXwHSiil\JETA52bQHz1AXX04AUNWDrox9cdBuyCF\EeMYHfR1w1MU1t4PP+c+kYhJAD8LefD7YTk1AXo4rKoKDZy0bqUAxt6+c3JNgDsrRYonSoCnE2mCVrvuejrg8I5dDb3Q5egxc9kBYR1JGj9MSkcenC6APy0NX5E21Qb9A5FazBFGJIWMjRmuq2fyIQYNdIZQzTtDIRVz9iZuQEvgaARvUaDLh783gC5jy7HcKVlNA30zRvYAlDwaDVa\9RJpgKeATykTBkEjg3+Drh9k8xAFEIIIYQQQoi\QQE37V1+cvLSJ64qDdhpeK8ee+yiFP1SntqxDFVxTn9f5RvENadsVkHs597h+FUn+pwnePmHFSyYLNWwoZRNT+jRAhueeJT3\+1trnzSgLVoO9lX6qi3J1L5o6fJDvsY8Ex2LwyQw5af\JztGiC6gioUp0WXUMy6FUauf2HHbmektqyuqJp1xjiCAYVgWIMuoZx1ZR9zq9lOex9kx97X21u44QTDqiqKg0O4Yj+kkJUzZ1vxp1Ty0mtPkRPd\qYnOzn1H4doPn6WrANbyQ+GeGTbqxxIPcp79TbMn9shPpX8dT\iKd1ZfnVmqpSX98tL+7k66q85Rge5NVr0qZlkpyZC0IPD3j062AtoU\JZ\9QOyucwpqEoqZQsMXL+i9Ean5bWzkj655EA7Vh+RcfK0hw+tneOpIHuuXabPoxUrcpBGZp6RZq95Qb9AL3n+c\5\zkbW62oJRWRIIwuuHBiwAeX2yEPYBXDWJM0KCJj59lO4iLDhbHBdxjx0JCCoNKdDg87v7Xcs9mPGb2AngHPJAyRRB4TPA3Nuj9YPxePwkpFTz\E3jrlydom2tAQp\DEy\uoyoliN8zXYejoC4tIkdzk86+TkDP3U51bHA3pJCck4OeFuydTjB20jUExrISFk6T8ldf\jyvpZ3jo1NfcLPXS0+bmZ42M02nE0gv28qOjfljagAvNCThDcQElEPeSG1wovH7h2Su+zmzAQajQd\w+NMhxYgeUEOThVlVCAELjKSMfyg+ITJoPuCkB+5rYsRMgvk5ZHGTieGzWUguIH+6kwGAEL5BFwF9Ekn6BLRaHYbMpazKXMqqx59Bba\jV29fxNV2kcvu4kjpvKjZnBvhEKAJw5B37GhvcAivGm2siY95wIBpkX\sNRsaYmi47Zj5WXNpO4kFBhb6xo65+qOrJtVop6QOh\2Dypi6soR8eJIiEwBmCgBnZ5rgdi8upxOYKtXxRKqni5a6k5y+1jNa91ajJSkth4IsB7e\ZMKshMT4+GmyTMyfnoGJX4DGlXvYv6ME4\hcsgsmdhSmNfs4sK0AXUhlyO3GN+UcigePS8x8nvZFJwj2cu2j01NuR\V6gASGM9IH\Z4x53RoKEBQr0Or0cZk\FTxB1LIXOynu+tz3v0wnxeqY99EZEd0ceAd9xswOOSNfkeCRqJz4iGTU+xbz4fb6QMSRzoOVu1jp+WfOHEHps\FlEJ+toHGey7sdxXWLJp62qxy+Ri\a\aTvvpxdq\OmmabCr4pftyHw1PNaQuPS2uRjikVGDCx\tUfs2H8hK44LfHxWuJCAdyuwZiZcqGpZ81FO\DRzC8TqsrjHeiPmSQ4RCB7BUsNLbREZwQPtHZCQgkV5Sr+GTKNTBUEluCvEEIIIYQQQowVHGin5UIjl1udKCFIfnQ3+zfG3He6rdS9dxpb7EC3xkjV3udZofMxMB916oaF3Jjr3qGhTSGpZBev7CnHEPTjmSzVcHyYoKIQjNOg0y1h1XIDV5p7cfT24LjmgBA0H\onmsc9zfXhQQ6STPme\dRm6IgjUiIp4IsJzmkXkL4oFWiLrO4wRYIYiQuNKB7X6GC1NgnN8Gj8uEFWu7UdL0aqVuWiDI37kOx27AHIXv04OXFBVCUYCTzrclj3qInmc93cvQf5GUP41RSyqvfy2pogamC4nZb2Ez2ACaORmQfjZ8WL5f0j1I+v\RoK4u\7EtsUaRKDA+00HD2M87n91GbO8qWUAKaypRi\uMjdWz1g6uG2HUxrV5Cq+Jk0rK340D1aQs6ZTjrvWFBWZXOjfQBMG6jMCOCbcpzAjrXdCxjIWprJAjUYMxYQh1YHfXfbcHXd4LKzIlIvc2TwIjxh3CDkGaB\+FqYVbv46GT4MOpki0eHhtPgxs1YysofiIw\TTTzeMzcTBEEfkjBXwBCPtweDSmGCva9ovLWf9XNPgisz2LD3pdYmx6p\eidar5HlC+UR7YJ2u7dw+mOo3tCcFdFySukIKGFm72dBO\20IeeiiITgdBUky5C+ANBFuZu5Ll\2AghH\dar2O+2syVW\fouXqSuuQD7F45OvYXnpBjNsbDye1+X\s5szRSDYArTHh87D3NEAnkOfuA8Tm+++hzAxkGJiRj9kaXsBhNZMJDGb\z6x4hKxk63UD+dt7cXzWHZ0ezAEz1cMDCyf+up91Yyf7nawj6vYCWeH0C8fE64nVadPnb2Vlu5q0rTro7gZj1QzOfGwkjqzf9ASYE7NXQZMm1PfR0DxFZOhrTVg2jArrEpPtsO7nQlNdhpFNaEI1Nh8MTO8aQxzfpEqbxUvJyMJzvxdXZjlKVOnWZP6WFY7+7iD9jFY8\V4n+wnFOXnWCsYit27dQvDiV5EQNGo2Guyf+dyQAPN4k\fzDoBkf5M1+gpefKcFAmFAwSDAYRA2okX1RY778NXoKNr\MvnUmwkEFz6CH6apzzEdcYubzNANTMtz1l\Dc\E9lk54szoSdBrCqg+nuzt6ZkzSj4zEX2LpKdr5Y364rI0\ftfuH3pw9Ga1zBSn1oN+lEnXiGjcZyZCrQqPskeKh6IBIC\xSzvH6S+A4jeOFaEAUL4ldjOb7qf7yq51RWYLp\ny+tNOFbWkjVpp+Pk8i0HQUVL0sKxwd\IrKnYDronkgJkitebSnjMt2oi6UY90MuXHQkkrBrX+M4J\vmP19CteIaf1C4e3Wp4mjvO6A1HhskIbdH0CuOm9zk+PcSxW1pKt+1ncx4MBXKpWWmipdGGtS0bvwN0S8tZHhqaOq1TjDFB4Pg6TrvLeHadBH+FEEIIIYQQAsBtb6bp3GWsfWMDfu6rJzi+aC+7SvX0XK3jZGP72JSH6Cl46mW2PxLE7xmav3urkIOmYydovhdHxvoX+YfHcwmHAgwNxqxu6mvi6LvNqCv3snctMSkjF+BXVUBHYnwKS2q3ka1CKODDF4jeqyp3uXChnYUrailN05NuBO59xMGDZvzLd3Hg8ZgEzsEhWr\sAoxk5QEpJtKBzp5OPIGimHZeBhUfYCJtTLpWJ+1dXjBWsTJDYcLiVE0kuhOHytCANyYlcGL084yLDhjd5v3\rw7bkt38\Pul6BK0EA4TDLRxrc0PxsXk62HKGklzoFypmxj8na2QG\OpegpfGp8Geyp+1MyVLDVe5GKnDWerE0fIRE15KgFlqpCKik9bTVXxJ3TevIOl28+XA2DaWEFqwMeU8d8OKzYvkL2W\c+vnXSU5tq7\zd\udnPjRY7NZuzIdOEkXZcfd1MSHPa3cCh9yxoS7azv2o27b7HE5k66LfT3grFRWOb0WHHAZCRTQajh9IX8I\bpkJ3r59JA8CzGI+Zu7FBYN2Hpxkse5a1DyP4O\KSXgY8kJJSxb4XVQ79\mM6ZwoCa4xU7T0wtvbjTPwGluUbOf9FL51tTBrcVYLFFGXDTUc\F5O7QbOY7FwVZcoVn1ZO\eIsVkM1r\3D4yzSJJJRXMmW4kq2XH6LfzrZxpA7No8eEH6IhX6ndB\7OSMDhiQAF933oDC2L1yYR46hkd7uLuwsHds\dHThAAzZeSQDY8KAvc5IMD4hkQTmpYubSF1MdhZcdAMdH\PP\1I\u+clLeWZl3aSN93hi08hSQ\02bA4a6JBqSAB\xCB6DmtTUxm0B8EDGSMnzwz47kxvHqznTvutaSN636Ujm5cgDHzkTF\d93rgaKxx1axd+MBchbnETuTaS5tJwpPMy8p0imZHomk4HZ8aYeicd8ctzvpnmbrw9TcaipMLZz\8hpN3RVTTkJytlhwBBW0iclk4abpjhMwUPXcD6kZeekw4dAQXVP1s\Mz02pG2RmpEJPzJKdkFUmqD49naGJAV69HB6gaExV79rOz2EBIHWLQ7Zv26EQ8eFxi5vM0ndRkwO2goy+BFYvHPur\7BD\9GkPOete4HvlGWSmAa5J+hHAfPwgjT3Z1PxwV\SbMZHU9CRC8SvYueEi\3qmk+YzLZR\vyIS7s3NxEQrvZ13cJM27hta4W6XCzCSOebUUyML62JDLd19M65EF2I6M80xEN9gpSNfTm7MTZbRB+6coOFO5L8Fy8un2YKCmvoYm0v1MGDmxEkz7gm\U4PYPz1Bcx+QvpYnVkW\gKIpVLq\HFP6HK+lGev91kqJ2a\c1eUYgbZzxzB399PfH\3Xa+NUXQv+UJjMrMVz\gGWuboME9B+sQHHmLRHdm7c8QLpZA8XFvIFSC0vwYQfe7MZe0BP2aqlqEOzv8kIeAbwKEGSyrZL8FcIIYQQQgghRlhpeL9pQvA3QsH+6REO\fevOXpuYvA3Z8vL7FuVhOqbeaXd7HmxnIwEf\OeejUS\A368bgG8ce+\qJ0kjXgvNmCPfbvg82cv+kHQwFFi1NYUrGGqjVrqF5fy6bHNkX+laeTCCws2MSmx6opTgEyCslJAuXORSyxdSu9Zj674QdTGSszgPhHKckF7n5OQ\fYdp\f8IOpgKLY8eJQJ31O0D2ST3pgkjvnwgIKEqDz4hnaYudqq218drUXErLIyQHIIT0VgrYWLvRF78udTrq+qOfmAJhWrCZjXkpkurl8w\Fgm\Dewtw6++a+QDori43Q38bZa3dRh+vzTvMcVVEpXV6Eji7unOugjxwqqg0o0wxOWK\dwg\klFYQH109NfZfiBVryjAA3nYrdoCs1ZSZgLtNY483YL9uwxuC9Oz8WbYrYFllGQZUrE3jx0LcNF8w40dHyYoVkb8ZjRgAv\3u2DqQ3U20POAhirzmdMsDxosEgf3BJMq2PeTg78hLehn0KgTT1\LS3g1kTbeuYnhF8vjajzMJqaTnZKGjmytXvwRNLvn5KmN6wyGVZUtyYKiT251+WFxEcWi6UbB80lOD0HuNc7ec9LvceH1+AsEQg0OR58Ub5pZY+eG4j\2c8WNVeSTDBLgYGL8oJZhHZakRhm5w8dqYTpaWC2b8mKiozpsYrHL24wJMGYt5aGHygMriTFPk\yEV\5B\dv96rVy\5Z5+TFRXzIbVJsBJ88l6bJPMUHFa\kq9VQXjciry5rrzKdSszAH6aPnEMqbsMoF2Pr1oB0yUrRyb19dlaRz7XTfcNqGAioqE+257P8LLKikzgP\mRcyxrxNy0PCFdVb9lKKm8dimEvQMYH7\OOZJPuegvYETl5ygMbH2ydUkosegB1DxeYL4hzwMDvTT3+\E3nycz+0APoJzGfSezy5xedFIWQgAnV6Dxz1J8BegeAvPbtvMngOvsrM4iZDixT2r4C88UFxi1uJ5dGUBOlxcrvuU9t6YGEN3E8fOdYK6gMycyHZXrixBhwtL07hz2tuCtQuCSVnkG0b\HFY8uLwKiWt3siED6G7i9HA\k1xDRS7Q08LZMScyBNs+5eKXRH7jRbuAlGQ90M3YUIsXyxXr1L9LJMAgZkFWAH+LJa19mZ3t0VTPHfUc7gC4xOF3ow2W7GRfBfRPs1zV51cpfvZlnhj8HR93NHD4v1rIWlZM8aIklIG72Frb6fECySU8u28zi8KuyOrXgkrKjVe4aD3NIa+D8iVJeDtvcevuEAvS9Pj7H+SdhQhlbuPZNbc59IWF44e7KC4tJyvBie26Gbsb9Eu280xlEgG3d+bNxW457TF2rrnGoS\MHHu7n\IVhaQqDswWK06fnoKnn6HSEMA9BOBDMa6kJOM857sdYKigLC+Ad47pxQKeATzhZBbEBRj0SPBXCCGEEEIIIaCAvExo75ri4ZCCd\zgp8ZAyfdeYU9ZEkHFM79BoNYGGjsUWGAiofUEf7SGUIMx21+whNrNpSTrV7LzyZv8+qSF428PjL2nDBip2ruD\PAgAUUhNH7lYzRVYjiooChhgkEgcTlPbr6C7WQb9X86SnfFckyKA\M1K86gkapnHmOR6sQdSqD6iSou\v4i5vcO019WSmGSmxstFnqCRqqe2URaMCYdaI+bfsC4KJ3J4r9oVvDYpsu0nb7KsbfvUbq0GNPIPbeegh3bWaEJ4CaV2g0lNB+7yem3T9K\Mg+6zZhbnShpVfxwUxrqwAw1kmalk+4pUjzPXpDerokrxqbkC5C+rADDFy04usC4pmTq9M\DAkMElpdT9MFNbnbfg9wnWKlTpg7EhKzYOoOgyaHkUS2egYFJggoaknLKIiWoPLcwWzeT\egiHnumimuxxztFxWExY+1T0C\ZwTOVCwgEkmfRToMat5M9a9qiYyE944436Iu389TyIL4BQL+SiiUN2O808ecj\ZSXZUGfFetNBxqjEe57vCcFowGwX+fT8waKcvMpzxtf82vSDz2yEjh5AZrAIINfQRHMkOJhMC6O5Ec2c2Cvn1\8\uLYGtoQCf6+8Go0HbV7jvs1Wge4bQDIzmeJ6hsXaPSjzc3CSCeuATA9WozOzzTByFQ2bavi+h9iz4UEvN1mrrU6QV\CYxsXwbT1iefKg+3Tk\RNmi46iSUbN1M64RDPYT+ji0\aL9bR7Csku6SYrEnjfirJSwswnu+lu8cBy2JWCSoq6U88S1XrIS5+eoQjXeWUZ4LjmhmrE4xrdvJYqopzXDdmdzgAIwVLUwgxt7HH2fPh9sb0CDo9+vipWxPw41cB4lEVNxNW\cdSQyzatJ+d3b\khNVC3WELWkM6WelJ6PAz8GUPTiUYSV\+3DYygs6psxhM\gLEr9nDztZfcuJOPUf+dIdlxXkxY6xgWreTx1KDOGM71YCd+j8dwV5aThYx47E7nuVRXQCX\z7b3gd\MI+tTyzlxvHbNPzhMLayUgqTvJF+cdrayjF8CmrJHl7e8jt+d8ZOw9u\piV9GcXFJpJUJ3dv22jv9UZ\v+xnc1oI18BCVlUU0PhlG9f++iuUFeVkJXnptVqxdLtZtMiIt88VqV07U1mDWV8js6fEr+Gx8s9560rkQwh4XQSmzAlvpGTNBiCE6vPiHprbrLz7jkvMmkpCxbNsv\FLTtxp4PDbtrG\2xQwrtnFtlw9rkGF4PKn2H6lLXpO2ykvzUI3YMNyzY4bI1W7niQnfmDkazAcDkAgwFAgjc3PVHHttxexf16PtXgHxQnxVH9\J62\PEHbp0c40raMZTmpqMO\oTQm1g7\xgPyVpdjvHoR65lDeLvLKUzyctd6i3bPAowL\DFrsnkox118d0kA+FvMGwxS8cKbZH34C37zxZhuAOOaA7yxLYugMsMvc8WLkriItS\+lPzLH\JR43W+vNk8MiNUa0hn+aYneWLDEowE8A7\4g1lsO3l59H\5RSf3zXTZAdtUhZlz+6nquMP\PaLB3tvQ4Eg2dve4I38Mxz\+ALWSw1YAeIXkb9+K889vpREv2tW9Rhi+fwqj2x7gzfyP+DYqSuYI9Oq0Kbmse6Z3WxZlojfNbpVv7KQmvIczp\pxFhaSU5gaI4\iCICXvec91UIIYQQQgghvruMLM0x0tDlmrkpgLGMZ\c\S5kxTEgZYtAzv3dYttb2SGBlqJfb1kmS7SUnUw0k+4MkrdrHKws+4NgH0XtKjZakRaU8uet7VGcGGXKqTFqxbbjgW9gTqesLEAiQWLGPVxac4tgHLVg+bxjZ3rbndrPGFMDrAvChLt7OGwcW8d5fznHzWhP2EGjT8nhsz142Lg5G20X19+MB0hca8DFJmi5\kLSal3jFGHkflkuRpZ3a1FzW7dnFlpIF0XtjhXDJHl7Zc4pjHzTTfK4dNFrSljzJ\t3VZIa8zPIIzkA3LyVH4+a0ER+BnBXRwKuRpWWmadI\DwvhU5dStVzPzSt+Ch6tRuef+hNQzGZsAWBJBdVa3xSfVQivkhMtQdWL7VoLSnFN5Hi\ns8H753iSvR4E59G3rrn2L0lOibiC82q3UBIR\a2N3h10XscO3dz9HgbMih98nt8rzqLOL8rcg0EE1j5wwMEj79Hww0rzeesEJ9K\uOvsE9\mv\r5JR1v2agp3rrBqzvnqfzSgNftrnJ2bee1JmfCATwur\aUZWQfxB33EKSH9nOGy8yNgisMVKx52W252vve0WyL7SMosUnabODaUkxuqHxwd0QSsYyChZcpGVIT05OMsqU9X8BFIKPbOfVv1\E0T9\QvvwuaBNIqNkG9\buYaMOM88Xa\DVFwd7VNsM5nkKiaJUc5hPws28VRZOycsNprO2cjXF7Nj2RR7MpzSvc1Kz4asmATSPgLhbLYf2Ifh6Aeca22mwQrEp1H45I\4QXUGqmf8O+jB1uEHUxWrM1WmnxXyAOz1\OVSzGvrl7PnpzspmLTxbf7yz3\imgrgwfrhCZL376VmyhiwD0U1UvF3P6OgrYGPP7yIrb8He1vkUW1CGosfreLp7dUsjlcZmvNlreBTjVS88BqGM8f4qLkT8+eR74eElDzW7\wej5ckExj32RY8+QpFt96lvqUBaygyHrv+md08viwR\+DAfbe9L0MK2rLneU1\lmOnm7h7tQm7RktSZgXPbdNx9t2L+JJTZtiIH6+iZ9G6l\npkkt8+NHnXO+y0Hwu+nB8Euklm3hyay1LjJG6zSF0JFXs40D4j7z7cWtkzFujJSmtkM0v\oT16mn+99st9HbboXiGogZzuEZmK6QEyduxh6qOQ1zsh25HO6wonOLt+\BpEkD1MjTbDAix7jcuMWsqPjWFihd+StaFv\LX87dGYwFJmazY\hzPVaWNnKc+NZGKF35KZtNR3vvUFvn+m\Q32VgBj49A5nb+f\buPE6OusD\6uq+p7pmRyT+yIBEsKRhHAk3AoiKIcHiAHxBs8FFRVd0VXxWgXZVVbxK7q\1QVBYQUUFRQQUIhIjBzhyE2OmRwzkzl6+q6qz++P7rlnujuTSWYyeT8fj0nl011ddx9V7\p8Pm86bi13v7iVvz65mSPecCRu7SJWXF3FE799lNXbX+LZLYATYvzM5bz5zWexIN49PTPlDbz7kjC\efTvbO06Fo\mre9cytZf\IzVPWe4H\a7jF3Wnj17DkwD8rJfxGrGEy6e4Ox65Ef8z4bDed9HzmUKgJelpb2Cu9TsMNXxKEHbAgy+6+L6Bst2cByHwsMe2WR7j+a1IsTHRQlYYHwX1zVYjoPjWGDAsnyyLe2Fe+SqahgfcvByLbT3uYOqsPxe97jdC0UkXkO0MAM818UzNk4wgGNRaIqrvdgPUyTOuGgA3DStid53Mkbi44gGrB7z7jldDzfv4VsOgYCDbRm8XJL2XhcSQngv3sVPV8IpH3wfJzllmlgRERERERGRCgSo3vkI3\NutLNLEYncvRpF\GmE6YQwOBlk7TvU7vPMWrGh7H7nD\a0RpqIg6W8fH8AS6TGJdMIkUOCFbVUBVysAY4pywZBhXPXf0+58bd0\Nx8+6g07MjcWqiASxM4RzZtwgEAwPPtzgvk0\S1jFwncFwVS3RkF2Yr+vid51z9z437t42Hvm8B06AgGNjGZd0e4LhqcdvxS4AACAASURBVJC5mYd+\Ce2lh+xpNrjL+edgyQihesPBjfdSteuL24nCzC9jonOax4DXa+IsuvJH\DApnlcdM0FzEokBz+G7Rg1tWEcfHIdbQx+30L3NRYv20Z7yh9gf4MTCODYVq9rIpWN1\saS+\93ecaCwFiNXHCDhjfw3U9sAMEAjYYg2XRvQ336npMgOraOEHb4OfzuJ5LMr2PVfgOgM7t6239Ez\55WraCHP4G6\m0sUx3HSCRGaIbaB3HRuAnyfR1tH\OOpxfPoDvJf7HtP9jwWD1fV+9ci0t5P2qeA6XZ\3yQA6r0ca32Ogj0wwuJkEqVz\91LFyxmNMy4SKH72uLi5FJnB3kOROMEX7uYHj7dw1IVXcmbP3MyOEK+JErAMvufiej3eIwN11dbwJHc8+Crjz\4EK45Nl9wO++TV3\HjJ+t7PDCH869\J4sGGrftL\z0\63s0Reow9w3fJBz+\bp3UuQWE0VYafQHIUxPr5vAAvbtrEswBSbL+\8IN+rY6N7+sb38Nye34fg59MkOorbdtND\PiRrcw5\3OsWFS8zssg12P3Ztzi8nZ\fhePN1zSrX2u4Xa+n3pcLw\EaqgOO72+V51gAGfLH\jPX75A5KT38M7jyzU7bBOuihe+T+m8Tu5jsHECDk7xenvP3y+BqhriIafHNW8LOxAgYFv4vsG2e3x2lvic3av3SMVsovEaItkXufenf2Bj8FjevuLUveqVe+9mN4RcYojHaf8sgD6fAb2P6cL3X2Fci+7fWiV\T\Rc1mCMmqowjmXwi10+dP2Gwi9+h\i9X9+1DazC8WOBwcLye+Q8+2W\y0hwnEKw99xzzw37tJcsWQKoBvBBL9Xegl\8Ud2TGehLYTB+lo42l3AsRjjkYAeCXX2NG+Pj5XNkUn3b+s+QSFpUR8MEnQDBEIWTiEySfKCK6D4fWT6ZRDt+NEYkHMAJhgo\io3By2dJd6SHWKO2c7pVRMMOgVDhTWaMRz6TpqNvUxX+Np55qRlmvp6Tx+VJD0fLViIiIiIiIoc8F3f2DKawjvq+T9kBJk49mmNOO5WT5tUWLlwYj2yqg9SAndDtu3DQwQKwbJyBapEaQ2eXePlkBym\img40H1O6Xvk0kmSQ6gB03t6oR7T6+g1PT+ToN1UUR0J4gSCOBTPZdPJ\s3POlYhNDKDNxibTSYwnfMNFudrPPKZDKke58Z+uoMUhfGCIQcwGC9HKplkKBV+BjaN6ZNga+O+TCPMlJmTYG9u287k8SIBApbBG7Ct7AGkVrF6o0vV0UtZ4KdLNkcZiBb2E16e0i1jZsi5YQJBGycYJUASN5Og3Y9SFQ137e\CNZFMr2sifkXjFa6FmKpqIkG7x\728XIZkslsjz4bXVIdKazqCEHHKexzY\ByKToIUxuyGRqXVDZPPBLEDoYIBWzcdLZkn8ujgZ9J0E6cmtnn8pFrT6XNDVNb5eBmkkMPfwH8HL4fxrHB93ID30SQcbuOT98r3xOtn0mQMFVURbs\I6Dw2vSwvl+7WbYzSO19gxnkUKl4OdMZcsEqwsXj0DYlQo5MnsiJJzN\5X2sX7OBM6cf0XOGJBJQXRUh4AQpfIwVjulkMtuvq7YNa9aTqlrExcc75PbndcCFi5n3TD2bim+C8BHHMKe1lYEr4x7LcTNX8vj2YjE6n2PnU6ZD7Typ9nbcaIxIKIBt9\h+MwbfzZNJJckO+TAuNM9uqqOEA32vsWZIpXP9tq1xU+T8KMHidd5Br8fu5bhDsudv\O9PXsKb\2Y+dvHC7u9V32XN6rVkqWLB3PEwUCsavfhkk224boxYOIRjF6+TQ2E7e3lymRTpHr9f3GQHKaqJBp2ua97G98ilkiTtGOMiAWw7Qtnvs715j1TMJ53MEKhZxKX\soBkh0uugs+foc9uKLnE3siTak\gVVURCXYfpxS\zp6fQZ0jxsNFr\KO6bTEfp33iZJNlgDZGAQygaJZNP4+dTtCcN1dEwASdAsPAFjfHyZPocE2QSJK1qouHC52IhanHJJPMEqqK9Q7z9st9lrFIN4DEkEh9H1PH63+Ekey21\ime3JQgu2cruxJh5r\lWi6c1cYgN06LiIiIiIjI3orW4G\8O+syYcIAVVM4fEYdtfFw9zjGx8v3Dahk7IlRU9XKxtUvsLa+be9DwarJzD96McdND1V+M\xe2vXcn\jnriztuxpozU3klA+8n2WBdlL7v0taGQWcSJx4Z63Vfq3HyWgQrKrFeulX\OiRNo679DJOqqx98d5an+VX975I7Rv\hcsW5mhLlkxY901VDeNpYt3qTTRXTefoY2YSaevb4kBRqJraaIptL71MQ3Ii85bOp85vob1cNjlaFGv1zn7Dhzi\ZK3lvRx3nzTxt7t\zQvtEJ98VHe\vRvWs3VPjvBhb+Kqtx9BvmO036ayn3TWXh2oNrWIDAvVABYZITErRf22rXjEmH7q23nbfJfE8HaUIiIiIiIicmhzfcYfcwqn9HvCFJrey+VIpxX8Hho8\MAU5i8\l\lDnobBywxDv5CDCLstbN3SCk4tCy+4nDNqc7SqlbBDhpdJ0O4GCVg+ubw+lUajfDpHzZKLOHft7Tz2zAYWn3dEV03CyuR49ekXSM96I1cucsi178fwFyDn4lVNYf7yKUChKfZBuxvOZXGjtcw57pRCH8HGYz9+3B0awnM5\4PvZfIffs\TG7v77XVidSw4+wIuPGkKpFuH2ALlGJBP0d6eI+iYQ3cbiIwBqgEsMoBgLE40YGHZxf4lMu20p3Vbr4iIiIiIyPCxCcdiBC2DATAeedfFzbn9mo2UQ4ATJhYJEXCs8uP2ZXxcN0dmgCZHh0ukqoaQQ\E6gU8+qVbCREabYFUt1SGG\v4MVVNbFcTkErTvz9q\nZwwsUgQ23jkMmWaubVDRCMhHMsnn0ntQ9PNI6BEn637NO4+6e57faB+e3v3jS4iMvxUA1hkhOSxqHYKfRv5+QwdCn9FRERERESGmU821THq+wCVA8TLkkqO3qPBWBaOYwMGL5tS+CsyCuWTKbJOFaFIjEAuVbqL3H4CxCJBLC9L6kCEv7B3n3t+jnRKHzzDJ0MiYaiqihDs1W+vj5dLq+sJERkTFACLDCTVTsuAnW6IiIiIiIiIyKEm2zGEvolF5ADLk2pvHbgf3bJcUu0tQ3ytlJRsp6XS2rx7M+6+8rIk2\XJLiJjlz3SCyAiIiIiIiIiIiIiIiIiIsNDAbCIiIiIiIiIiIiIiIiIyBihAFhEREREREREREREREREZIxQACwiIiIiIiIiIiIiIiIiMkYoABYRERERERERERERERERGSMUAIuIiIiIiIiIiIiIiIiIjBEKgEVERERERERERERERERExggFwCIiIiIiIiIiIiIiIiIiY4QCYBERERERERERERERERGRMUIBsIiIiIiIiIiIiIiIiIjIGKEAWERERERERERERERERERkjFAALCIiIiIiIiIiIiIiIiIyRigAFhEREREREREREREREREZIxQAi4iIiIiIiIiIiIiIiIiMEQqARURERERERERERERERETGCAXAIiIiIiIiIiIiIiIiIiJjhAJgEREREREREREREREREZExQgGwiIiIiIiIiIiIiIiIiMgYoQBYRERERERERERERERERGSMUAAsIiIiIiIiIiIiIiIiIjJGKAAWERERERERERERERERERkjAh0dHSO9DCIiIiIiIiIiIiIiIiIiY15tbe1+n0dg1qxZ+30mIiIiIiIiIiIiIiIiIiKHuvb29v0+DzUBLSIiIiIiIiIiIiIiIiIyRigAFhEREREREREREREREREZIxQAi4iIiIiIiIiIiIiIiIiMEQqARURERERERERERERERETGCAXAIiIiIiIiIiIiIiIiIiJjhAJgEREREREREREREREREZExQgGwiIiIiIiIiIiIiIiIiMgYoQBYRERERERERERERERERGSMUAAsIiIiIiIiIiIiIiIiIjJGKAAWERERERERERERERERERkjFACLiIiIiIiIiIiIiIiIiIwRCoBFRERERERERERERERERMYIBcAiIiIiIiIiIiIiIiIiImOEAmARERERERERERERERERkTFCAbCIiIiIiIiIiIiIiIiIyBihAFhEREREREREREREREREZIxQACwiIiIiIiIiIiIiIiIiMkYoABYRERERERERERERERERGSMUAIuIiIiIiIiIiIiIiIiIjBEKgEVERERERERERERERERExggFwCIiIiIiIiIiIiIiIiIiY4QCYBERERERERERERERERGRMUIBsIiIiIiIiIiIiIiIiIjIGKEAWERERERERERERERERERkjFAALCIiIiIiIiIiIiIiIiIyRigAFhEREREREREREREREREZIxQAi4iIiIiIiIiIiIiIiIiMEQqARURERERERERERERERETGCAXAIiIiInJQ8H0z0osgIiIiIiIiIiIy6gVGegFERMa6Ntcn7cGUsI010gsjInKQyeddmlvbaUskyWSzRMIhUunsSC+WiIiIjGFuqo2JEyeM9GLIAWBZFsFgkFgsxrhx47Dtg6OuzO23387dd9\Ntm3b8DxvpBdHRET2M8dxmDVrFitWrODqq68e6cWRg4RljFFVChGR\eyRpiyTQw5HxwMElAKLiFSkpS1B\c5GauPVTBxfSywaHulFEhERkUPAQw89xLJly0Z6MeQAMMbgeR65XI58Pk9dXR3V1dUjvViD2rp1K1dccQUdHR3E43FCoRCWVbjIYFkWPS\zqqyyyiqrPHbKvu+TzWbp6Oigurqam2++meXLlyMHr\b2dgCee+65YZ\2kiVLADUBLSJyQCysDvBQY5anW3J4uu1GRKSslrYE2xp2c9isacyaPlnhr4iIiBxQxpiuP5XHbhkgEAgQjUaJRqPs3r2bZDJZ0TEyEq644gra2tqoq6sjHA53hb9Ar7BAZZVVVlnlsVW2LItIJEJdXR1tbW185jOfQaQcBcAiIgfA1LDD0dUBbtuS5p4dGZQBi4gMLu+61O9sYt6c6VTHoiO9OCIiInKI6hmuqTz2y6FQiOrqahobG\F9n9Hm9ttvJ5FIMHny5BEPzlVWWWWVVR658pQpU0gkEtx+++2IlKIAWESkj6xvaHUNu7I+rXlDxjP7HNg6Fpw1McSCqgA\fC3F51\pYEvaw1USLCLST3NLO7XxKoW\IiIiMqJ6XnTV8NAYBgIBAoEAra2tjDZ33313r+apO5dbZZVVVlnlQ69cXV3N3XffjUgpgZFeABGR0WRb2uPO+gx\3ZOjNW+IOhanjQ+yYkaE+VUB7H3ovzcesHjPzAg7Mh5P7cmxKeVx0ZQQy8cHmRsLEFTfwCIiALQlksyaPnmkF0NEREREDkGhUIhUKsWECRNGelF62bZtGzNmzOgXBIiIyKEnFAqxbdu2kV4MGeUUAIuIFKU9w3c3pXi2Nd\1WMozPNqcI+UZPjWvimmRfWs4YV7M4ZPzYnxnY4p1HS4\3ZrmsaYci2uCnDwuyLE1AWoDSoJF5NDl+4ZMNkssoj5\RUREZOQoZDt02bZNPp8vP+IB5nlev2arRUTk0GRZFp7njfRiyCinAFhEpOipljyrWvuf5PkGVrW5vNzhMjUSYl9PtxZWB7jhyCpu2Zjk+XaX9UmPjSmPx5pyTApZLKoJsmx8kGPiAWoUBovIIca2LSLh0EgvhoiIiAiWZWGM0fAQG9q2PWpvABityyUiIiKjjwJgEZGivzbnBu3rN+sbXmjPc8aEIKF9aQe66IiYw1cXVPPD11I80Zwn6xv25H325GFt0uOeHRmCFhxeFeDYeICF1Q5HVgWYHLYJ2mBR\LOs7v8DlsU+B9QiIiMtlc6O9CKIiIjIIa4zaNPw0ByKiIiIHOwUAIuIAJ6BbRl\0AAYYHvGxxvGc8FJIZvrD69iUU2O3+3Ksjntke4xg5yBVzpcXulwux4L2RZ1IYuJIZsax6I6YFMTsIgHLKoDFjUBi5hjEbQsHAvszj8KZQvoV6nYAqc47MsCnB5NTNmAY0GgOP2AVVimsG11BdMiIiIiIiIHu86mdjU8NIejlQJqERERqZQCYBERCv3\ZvzSJ1LtrsEf5vlGHYu3TQ2zbFyAv+7Js7IlzwvtLulBliXnGxoyhoZM+SVxrEJ4G7AK\w9aFpYFoT7ns1Yx0B3oNNcCgj26PbYti2Ax9A1aEHYgattUORbjghaTwjaTQzazow5TwzbO6D53FhERERERGZCCNhERERE5mCkAFhGh0MSz50Opc\yUa0o+vy+mRxwumebw+roQW1IeT7Xk+UtzjoYytZJLcQ24GLobUt2\FzAcCyKORcwu1EieXx3gkmlhjq4OMAytZouIiIiIiIgc0nRjgoiIiFRKAbCICIVotNxp1HDX\u3LsQrNQk8K2Zw4LsjHD4vxaofLk805\rInz7a0V1hO073Mo4lnIOkakhgac7Ap5fFYU45\m1\FOXWhkV48ERERERGRiiloExEREZGDmQLgQ4hrirUcTWe\nhCxrQNaM88AGc+QN919kYYdC7vcC4dJ1jfk\UKQZwEhG8IHcAMYIO8bsn7h\xYUm9EduPnd4eAayHoGr1h2ejTfO5wMheaJc8V16zy+RqIJYN9Axje4BsIHeB8Pp4AFx8YDHBsP8LHDoDHrsyHl8VrKY1vGoyHjk3QN2eIxlfcL7628Kay7ZwphsQF8YyoKjIezj2MoHBM\2JxSACwiIiIiIgcdy7Iwxmh4CA5HK9\3ey1f3+VVWWWVVVb50CmLlKMAeIxrdw2vdri8lvJozPm0uYa8b7AohGLjgjZTwzbzYg5HVjtEhhCUpTzDppRHyjOMC9gcXmXj9PmxnHANLyZcNiRddmUNKc\HwiLiWIwPWsyKOBxV7TAr6gxrYOgbqM94rE96bMv47Mn5JD2DZwyOZVHlWNSFbOZEbRZUB5gctvc6iHUNbEx6tLk+IdtiTtRmfLB3pJ03sKbdZX3SZWfWpy3v4wM2FjHHYkLIYlbUYUGVw\TIvm0DQyEoXJ\02JrxaMr6JFxD3hgsLII2VDsWE0M20yM2c2MOM\dhni05w0s9jrGOYj+5IRsmBAvb9tiaIDMjvbeJZ2BH1mNn1scCZkYcpoRL3wqwLe2xK1uohzslbDMz6vTaX76BdUmP1W15tqY9sj6MD1osrQ1wQm2Q6CArmfUN7W7huCj11ekaQ0vex2AX+sE9gDcvAEwK20wK25wyPggU9nXCNbTnfRKeIeka0r4h7dEVCncGv3lT+H9pFrli38OuKYS3GR9Snk973tDmGppzPo05f6+C4rA6AhYRERERkYNQ58VVDQ\N4Wg2GoIHlVVWWWWVR74sUooC4DGq1TX8dmeWv+zJsSvr05I35Pz+4ZYFhQAyaDMzavPmySFePzFEsMIg+IV2lx9vTbMz65P3DRHH4oiYw78cFmNaxMYAT+\Jc2d9hm0Zj5acT77PQthAPGAxOVxo9vayaRGmR\Y9Vlvb4fHrnRleSrg05wxt7sChVcCCccFCs7vLxwe5ZFqYSaHK5r8t7fHDLWk2JT0yvsGxYHzQ5i1Tw1wwOYxjFZrB\fHWNOs6CsuRHWA\2BbUBmwmF8O9y6eHGRfc+23QnPO5b2eWlS15dmV92lyf3CDtFoeK\bROCFocFw9wybQIh1c5FQfgCdfw0O4cf2zKsiPj05ofYN9aEHcspoRtzp0U5m1Tw8QDFsbAz7eneawpR6K4UyYEbS6cEuaCyaF+NXYzvuEnW9P8rSVPh1sYvzpgsWx8kPfMiFIbtHCN4Y76DH\YlWNH1idbDDJtC\7YaPPO6RGumBHpCrpTnuHx5hwrW1x2Zz0yPuzOlQ6Ad2UNX1ybJGgVajjHAhZHxgJcPDXEzIhT4ZYbPhZQE7CoCQz\vP1iDWLXGHLF1gOyniHlQavr81LC5S\NOdYlPdwSG80C3jY1POzLJyIiIiIiInKo6RlOG2NUVllllVVWWWRQCoDHGAOsas1z04YkW9N+2SZfDcU+O12PbWmPZ1ry\KY2x2ePiDEnWjpUeiXh8eW1HTRkeieMryU9mnI+3zqqmgd35\jJlnRXGDcQH2jLG9ryHhs6PB7dnePrC6tYXBOsaJ37SnmGO7ZnuGN7ZsDQuy\XQFPWpynr82rC5Xe7snz28CpOnxgsWbuzMedz47okL7S7vR6vT\tsTnq4PhxR5XDDKx3sHiyFLfINtOR8WnI+6xIuD+3K8h\HxpkXqzzYe7I5zzfXd9Car6yp35xnaPYMzVnY0OHx+905rp0b45Jp5cO6HRmfb61P8mxrvmS\uL6BNr+wbzcmU2zocPnkvBj37sjy31vTvZZzR9rntaSHA1w0JdzVNLln4D82pnlgZ6bfem1KeiRdw0fnxLh5Y5I\Neb6jeObQo3o215LsajGYXFNkJRnuHljiod3Z0uGl31lPcOrid77e2Vznvt3Zrjp6DiLa8bOR6ptFf6CWEQBet0a4HDyuCDvmRnlkcYcX1\X0S\873TCuADnTVYALCIiIiIiBxddWJXRzJjRVQNNZZVVVlnlkSmLlDJ20goh4xl+uyvLT7dmaMmXDhwH4xt4tjXP51\p4OOHxTh1fHDAPoLTnuG+nRl2Zgeez9oOj+tf6Sg2w1v5SZMBdud8PvZCgusOr+LNk0ODNts7kE0pj9u3pHmiOTekvkwNsDvr8\X1HbwnHeXt08LEBpi\b+CPu3Os6\D6TwRIeoY76zPYxfXZ22XYmfX5xJoENy6oZnFNoGQ\zW15wy8bMvx8e4b8XmzrvvPMeIbvbEjiG7h0enjAmsAGeDXh8pV1SV5LDbzug\EM\LExR9KHv7f0D2qhsN3u25ll2fggU4vNQf+jLc\fBhnfM\BEc551HQnWJ72Swbdn4CdbM9x6bJBnWvM8vSe\V+HvYAzQnjfcVZ9hQXXVkJpRPxhZFGrPnz85hKGKr6xN9nt+XpXD1bNj1AQOjW0iIiIiIiJyUHOzJLMQrgrrguEo1bPWl4b7cehl6UhlcPte0rMDRGJVhJ1RspwaaqjhIT0UKUe\58aIjF9o\vaO7RlSQ0k++9iY9Lh5Y5Jr5sY4py7U7\ldWZ9NKW\QkDXlmX41Y\dG3sBtr6XwMVw0JVxRqLYu6fHdjUmea3MrqgFbSmu+0ORw0jN8YFaUvq0xd3iGDUmPdInAdVt67wLSvnZnfX6yNc3nj4gxa5Da2O2u4Wfb09y3I9vVd+u+urM+zekTgkwboBnuf7Tm+fr6ZL9a35UywF+acyXHWdfhsjvrdwXA6zs8mkvUam7O+TRXGLK\knDxDGxP+8W+fIeHofCe2J31mV2m5vxYdHxtsN+2nBGx+dCcGMfVBPa6X20RERERERE5EFySW57nib89x4Ydbb3DrmAt045cwmmnLWZ2XJcP5dCy9PP3cPNb59K\PbMsm+77NO+++Z8jsFQiIiJ7R7\gxgAfuKs+w8+2ZcgMUwgIUJ\xuXljiirHYvn43s0xp31D0qusqeGhancLTTnPjDgsHx8sGSJtTnl8dV3HoDVyhyJZbEo6bFu8d1ak1\xzB2D9DYU+lv+6J887pjsMVInygZ1Z7tuZpWMYQv9O7a5hQ8rrFwBvSHr8aEuahszwBacDyRvY06MGe4c3cP\VQ1EdsDAU+rUdWoQ9ONeYQZtBHuv+3tr7potJIZvPHlHFSeOC7EUFfhERERERETlQkpt57J7f8tyeQW7ez7ex4+UnuPflp5iw+CLe8fq5VJXqJ0sOCNX6OjDmz6obIPwFCDPvuHPxzOqS3caJiIiMBgqAx4CVe3L8qj5LZhhDwE5NWZ\vbUpx2LHxrhqZAMYU\vZnEmiAhrTPf29Jc3R1gNrgwElSwjX8x8YU6xLDF\52yniGO7enObLK4bQJ3SG4odAM9H5NQovzf6o5z7mTQtSFev+0fLXD5UevpdjLFqbLMoZ+tYnTnuH+HVnWtLsciHONnoey33msDYNTxxcCyXEBm6AFQ2wpfUAx26L2EGzqOOUZbtuc7HovTIvYfO+YOIdVOar5KyIiIiIiB60xHbQ1P8Odv3ia3RU13Oay5\n7+OnOU3nXimVMUOolh4B19c3kTojTv01EYMpULm1v53+GY0aWQyRWRejQa0xOAPw8qQ6fcE0YHQIisj8oAD7INeV8fr0jS9Nwp4A9bEl73NOQ4cNzYoRG4If+c+0uD+7K8q6ZkX7P5Q3ctzPLcxU0N+1YMCFkE3csHAuyPrTkfRJlOoJtLfaxu6Da6RfCVirmWEwM2UTsQk6W8gxNOVNRs80vd7i05g09W+JOuIYvvpoc9vAXIGJbHNajGWMDrEm4PNo0tH6VR4OQDQuqA1w1J4YFHBUPsKAqwEuJfW8uHCDiWJw0PsjEkXiDjKCkZ\jephRNOYNjwVHVAT59REzhr4iIiIiIyGiV3cBv7+kf\gamLODYBUdw1AyoX7uBtWvWsrtHD07urqe5+w8T+eAFRwxSM1IOhDF9Y8Iosupbl3PWt3o+8q\8YuXFzAWIL+Mza9bwmWGZU5bN93+aK779jwrGNfhujmwuj+v6GGycYIBgMExoryokeGTbk2QJU9UneDRujhxBwqO9goOXI5nME6gq9Me89wxupoO0iVAVDR7g2twG382Ty+dxL7+dpz83iT8e91ZuDAQJhUMDtgDZ\brh2P\7Nj3j5sjm87h5Dx8LOxAgGAoTCti6FigyCikAPoj5Bla1uvyzwj5v4wGLOVGHeMDCpxB+bk55ZWtB5nz46548Z9e5HNOj35e9qQBrATVBi1kRh9qghetDU95ne9onW0EIesf2DOdODjG5T8D2Wsrj4d3Zsv0eTwzZnF0X4py6EPOrHaK2xe6sz6q2PL\fleX5dpdSOfCadpe\teR58+QwPbsjrmT9Z0cdLpse5rQJQaaGbTwDW9M+LgflogAAIABJREFUf9id5Xe7c+wpk+K2u4YdGZ8jqrp\0fxmV5YtKa+i+Ydti5lRm4khm5AFba6hIePTkvP7NYNsAedMCnFYrHteroE\7M7RWEHabFswNWwzLWwTcSzSXmFeO7P7llQP9fSmOmAxvyrA4hqHC6aGGV+sRT6\yuGqOVEe2JllU8qjJe+T8Sjb1LRFIUwO2oWbCGK2xaSwzUnjg7xjeuSQ+qHTWSv8T42FKwKnTQjywdlRFsbV56+IiIiIiBz8jDFYljXGhjnW\P63bEj3WNH4sVzykRWcNLH7es+SxWdwwWUue\5+N7fdv4ZE8ZQ+u+633Df9alYcXz1K1mf\DUV6+wcNzRczd+JwTzdMzcRKJmpwJ7+Oj3\mQ1xy8jzixbswsokmNv35\GVrz7A1oqrEX+R\3vpYuaymd+ccgWdObfJz+HCf\smV9Q9yLs+fdcQ1uVA8ai75g4ef\dCdjx4DZd\Y9UQpnEx33vkC5xqP8N3P3At9+48UBGwT77udVz9ifdxybJ51BV35CXPPcsbmzbx5H9\hS\dt3WAUHs49\Qp+fn53Dxv32ZD7++e9nJJtj09\jxzf9gD83BtQ0usgoowD4IJbyDY8352grU4PVtmDZuEJANTtqE3MKAXAib3ilw+XO+gwbk6WbT34t5bGq1WV+dYDOlpj3JgBeNj7IO6dHmBW1qXIsPANtrs9zbS53bM+wo0xAuDvn8+DOLB+YHe16zDOwsiXPhmTpIHRK2OaDs6O8eXKIaI8OSWdEbWZEwyyqCfDjLWkea8oNGgK3u4an9uQ5fUKIcT2aoi63\uODNp+cF+OMid19GAeB+dUOM6JRApbFL+rL9928K+sVXwmNOZ\HmnIV9WF7RJXDFTMiLKh2qCk2e9zhGRpzPuuTHs+1uryYcNmT9xkXtLlgSoj3zIz26re1Mevz56Zc2XWNBywunBLm7LoQk0MWIdsi6xuac4a\7MlzV32morC\r71taTtoweFVAU6dEOT4mgCzog5TwoXl6eRYhcDyqGqHnVmfDrewTX6wOc3uEkH35HBhf1YXa5GHbYtxQYuZ0YH7aB6rPAOPN+e4sz5Dh2e4dHqEK2dGmBHRzzwRGX2aX36C+x55hpcbOgo3vQUiTJ25mPPeeR4nThylP4XX3M01P3+Zxe+5kauOHemFEREROTR1hoBjarjlSZ58rcdKVh3LldddybFRwPdwPRfXAycQIBAIMOHkK7mu6g6+879r6MyMd6xcyebF5zLXHgXrsx+Ho5VqAI+Uh9nS\FVOG\YAOMGm5x8u2\WZyZ\PV279Vy6YXQzdcjlyhAjH61h48Q38ZP48vvDu7\FshRmg1fmv6a4IcckPbuezy+IkVo3u48xb+nm+d9lCwjse5\tff3aIlUZ+w3V3vJE\fWIZH\r8ZTxxzT3sPgCXtMzUy\jBTz7NsrriAx4UqmCHiU9ZyAX\+nMWLvws7\z3v\eumT3M+39I0\MW88Ef38yHlsZ7vSYUjjPvjPfx1SPnMekjn+WenaP7M1TkUKOr9QexhGtY2ZIvO96p44N87ogYZ04MMjfmMKVYQ3N+tcNFU8Jcf3iM2dHSh4JbDFvTxZq2e\PletK4IN9eWM0ZxflPDttMi9gcVR3gHdMjfHlBVUXh2e93Z3s1mZw3hod3Z0vW3A3bFm+ZGuYtU8O9wt+eDos5fOSwKEdWDX4R2ACr2vK09KguXck2eENdiBPHDVwjssqxePOUEHNi5d+GHT3y+ZcSHtvT5ePfxTUBbjuuhoumhDmqOsD0iM2ksM3cmMPJ44KsmB7hxqOq+OUJtfxh2Th+dUItH50T7aol2+mPjTnay9xkELIt3j4tzMcPi7K0NsDMaGE\z4o6LKkN8OE5Ea6dG93vTYgvqHb4r+Pi\GhRnA\NjnLqhCCzonav8LeniSGbY+IBlo0Psmx8cNBjpFPMsThlfJBTJxTGX1Ib4LDYoRX+AvyzPc9NG1O05A0fPyzGJ+dFFf6KyKi085Hb+Mr\PMrzjUFmHr2IE5cuYvHMKM1bn+FnN93Cz9ZkRnoRRUREZJQyxoy5v63r1pPtWsMoJ624kmMjHpn2ZnbubqSpuYXW1haamxrZtbOZ9oxH5Jgref\pE7o3THYD67eN\Lrs7z+Rvp7eVr8fptrEjjvKjeOx4r8+XQjrcg08\p23s\zMMznzzLfz5bteJAHEj3o7n\r88RVer\0mK5YvZ\nyFXyzx6NDa0r5ADOTuebaC5gXzvHibz\P0\syrbu+yW\X5Ygv+xA3vLOiDtH3keHyGz5UCH9zDTz+3few\NZnSbCZB975Ze5dlwPCzHvTR7l2Ws\XDff+H8r0DMd\nO8d2kcSPDiHdcVX7Oc93z3cRpyEJ56Jh\63ApKVzETkQNNV+wPYqta8yTyBmMY9G9a2ObdMyPMig7cJ6dtwQnjglwxI0qVY5Wc1pp2t3d\uSXG7fybEbb52lFVVAesAefvWIWA+HNHVGFTelp7coZXeiSh29I+rya8kq+ZFLJ4+9RwyYDOAuZEHd48OYRTYhmas4b1PWpKmzLLG7Etjq8NECsRKs6JOYX+divYlgA+sDbhsifnl93v\za\igkhi0GyTxwLoo5FbbDQP\G4oDVgUPpoY67ssi2ucbhqdnTQADVkW7xpcpjzJoWxymw3M0CV30rGP3lckJ8uruHEcUHiAYvgED7dyu3TQ\0c0DOFZueve7GDABafnBvl8hlhwoMdZCIiIyn3Avc\sgOmn8MNX\0U173nUt674lKu+tinuOWGS1kc7mDVb59g+0gvp4iIiMgBsYddO7vjXyadwRlHuKRbG2lNDVS5IE+qtZHWtMusZScyuevxDPUNe\b\4sqARjoYP5T\nn25gcRw79CG13i43LynfYbzTy7Uulx7\8f53P\VF5+r56H\vIp\e7QBCDPvrCu40K9kXVwybW20tWVwe5QznZc8vQxtbW20Zdw+r\Px8hnSyQ4SbW20tSXoSKbJ5D38MvPw3SzpjkRhuokOkpkcXuey+i7ZdJKORHGaqTQ51x9w2d03fYY3HxWGbX\mRz\t\7zvZkmnOpevjURHknQmhzvgdqnne79cRTNxlq34d0729vcxdAmnHlHYj5sf\jif+9Xa7suf2x7ipn\9DWs9ILyQsz+8dP\t\6FMz7+QK86aRxhofvr7XHXrU13TW\urz\Hx\32RHBA\+Xw+M23k36uH0p9IOaO03TupxD\byt+ddPK4IMfXBkuOYwGvrwvy250OaxKDTzPlGdZ2uMyIhCpaPseCS6ZHGF9BEnfR1DD378iWnH\Wh\UdHotrCoftU3vyZe9smhiy6fAMHany9x9NDtvYllUy5Xsl4fLGSZWtf13IZnK49LrbwDHxAI80Dt78dE+JvGF7xqNUl8cBC94+Lcz0YaiRmXANaztKbzvbgqtmx0oG3QC1QYuz60I805Jn1z72CdzX5LDNp+bFytbglaFzDTy9J8e3N6SYGLa5anaUcycFB61dLSIy4lpbaPZh6rFHM7XvV2J8Eeec+BDPP7WVTS0wc3zxcb+DdY\dzy+eWEdzFgiPZ+7Sc3jvWxYxsec0Wl7gnrue4NntjaRdwA5QM30Rb3v3Wzmxc1pr7uaanzdy3hWLWPd\j7I5H2DqWe\nhjfNAr+FVQ\cy4Ort5WeT24HT95xL\evaSTvB4jOXMRlPechIiIi+83Yu7DaTFNTj+LUyYxP7aEpU3o9M617SNZNZ7oNu4un8q3tzRijHyRyiLljB03XQHwYJ5loeJFyPdiaSxez0AFSL\D0dxv6Pf\0D1+k\pzpzKhbyOvPhwcfLjfXL3HfK29hLpt5YNkKvtlVLogvu55XXrkeXnuAZe8s1hE2HrnJZ3Pt9R\m0mWHd\UZSzbBxmfu5f995\s8tjvUo0u5zmlu4r4ln2PNjf\OJ8\rfl2i\m\c+72v84M\NzDp4hu55UNnsXBKccsmmnjuwZu44buP09SrVvIUPrviTOqAtSt\1G+7ednZvOXGG\loz\5pvSyJLf\kj3ffwjfu29K\ssiDd7Lqfady3qwz+OD7PZ752f6sBn0Uk8YDJGhcXw99q0ptv4m1r13Kglk5IhMWAf8Ahn\D2l657+ehXUA9bxw12\6vabhx3\m+cuO46T4QhZfauD7ulYoMlooAD6Ire8o3fctwDmTQlSSidWFbJaMC\BiiQAWYEPS4+xiPwUDVNTsZWLI5th4oKLmcQMWvK4uVHL+Od9Qn+kOI19sd8uu\+aUz5fXJssvQHH6eWNKTnN7pndwWWrceMAiXsHKT4\YWJZV8uSy85lC\72ll3FSuLDdhyOY25LyyJc56Z0VsVlSW9lHyTFxh6lhm51lAmDT5\l9vPy8cFhCbz7zlsKfFNoceC\NqeZFrH5+GExFtcEBq1dLiIyKtRNY24UVq5Zzbpl5zG\z5WauRddz60X9Xykkcf+6zbua4gwd9l5XDg3TvvmZ3j0mXv5ypYWbrj2rEKQnF7Nj759Py9VzeLMN13K3LhL86vP8Ojq1fzs+1Dzpbcy3+6e5sN3P8X8M97Ke2saSc2ZBX4jD3\Vh5sCDB10TlccWyc9jVP8fDKe\l2NsI3Vsyn89a95391O5tnnsCFK84iWr+aB\+ymp\9KMrUfz2Pmft7+4mIiEjXufrYGEb6NAPokkn4FaynR0cmSHUcaOvcMJExuH16D0ersXdjwsHkWRqaL2buMPYD3LDujlL1UAC45PAZhf80N\DAQNctt71KQ+I8ZsTrmH6Cj3mo3PHbPQVjDIYcuVSOXDhEyAG8HLkskM4VjzeDu+w6fvHNK1jYeU6Vy5FzIRSLc\iZ7+c7xy\nFzdcyX\+zekzjxoW\foO3jYvXJhuCkKxEPEZy3n\124i\OM2LrpmOXEgl8pBOEQoXseSy2\k+6FPcPm3V3cv9okf4bSjAG8tq26u770d\GV84dc38\Z5Pfq0dYFwmPi85VzyhZ9y+OQruPrHu\rErs\ywNp6zps1g8Vnf5Yp\NddpbZekO3lqZWmDsuzryTzifzv78jVOzq0BT369cvP5mv93nVcO\oUzPLJlOHUCigReeGei69B00NF8LcZgx\3KMuavs1hCRA0NNQB\Eeoahg1lUU3nGf1y8\Lg7MpXX3JwWsZkYquxHswUcHXdKhtWegaZc9\w3V1CrtzXv82K7W9Hf2g4Pv8yPrp59AJcTcayKmsatDtgDNo89kLRnaMuXXsjJYZspwxSGVlJTd3FtsOI+cCeECv0\D\ep1Pxqp2wN5HIqCZoPVVvTHt\dmOKwmMNXF1RzfK3CXxE5CNjzedvlS5m48ylu\dq\cd23bucnv3uKVet3FGrt9pFf\TD3bY9z5keu47q3ncaJSxZx9tuu5hsfO42JDY9y\3OFFzU\9zKb7Elc+OGreccZizhxyVLOW\FRrj1rPCS3sbmp93RrTnk311ywlBPPOI8zZ0P+uYd5sAGOuex6brjyLE5ZspTzrryGa84Yj7t2Nat63rc2\0K++C8XcPaSRZxywfv46BnjoeVlntt\VyVERESkqGfzin2bWzw4yzGi0R4rmE3SVunrW3ayu637pdFobBSsz\4ti\T3MOsasuVHq1g9DSvLjzVjfDF1TTXRv74mwJ3UF89BJk2\cgjLcRPvft3p3La60MB1YvVtnP660zn9vTcVnvYu5D+\XAx\W1\kzi+9lZNPP53TX3c6b\3SnazanYP4Qq743LdZ1u8yYh2Hz7NoePwm3n1K52v+TD1AeCFXXLOc8LY\c9N7Ty7M87Iv8fA2gDCHL38HS3tMaenbFhVugt32Kvf0nc0Hr+aCeWHIbubhHst3+mVf4uHXckCcJW\9HBcPsPar\voazQBHLuIdw9tgYR\38PCLzQDUnXEDv\vJF3hH1AcMfjaP6w088+He\0OZ3vkTawoPZHM0DfgaeK2xcPzE6+YOMoaIjAQFwAexhFu6Dfgqh4pqoHaaHLJKTs8YQ8Lt\jIqN261w141yRtzLKL24NP1jSHrma6mkhP5gfuD2J9\XQGxKb\+DqaiYLTUOnedgBRPPjwDOa\0esds9jkM7VTuGDPGMC1c+bwsKN4UUGZ9eyoz\4BlqAkM3tfx3ii\w+9k8A9OcOX13awsNrh+iNizBimmwtERA6E6FFv5Ss3XsNVb1zEzGAjLz\xMD+7\Tau\8KN3PDfT7CuRydez69ZB+HxRFtfZtVzL3T\7XGpAV56eR0AE0+5ku988xrOm9x7XjPnTAPSpDK9H597+Kxe5XXr1oF9NKcsjfQe76JPccuXV3BKVfdji5cuped12sI8Wtg52Fm3iIiIDJu+tUAP\vIsZs\u8cCGV9mQLzV+d9nb+Arrejw3aeqkUbA++7c8Wvl+4ZqQhiMzvG\rMP4QTzTw\Mry860u9kSXaG8adLweR0gF69FZAcJAz8e7ptF7fO9Tl3FmHeDV89CN7+c\H6rven77H\6Dj974BzZ7wIwzuOoDXvF1PSpZrH2Aj3zml7xanF79Q9fz7Ibic96rPPCJ6\nlS8X5bfkDX\zLq4Xnps7gtK7l8DjvsEIbSImda9ned71mVBMG2Pky33twG57fY3o3P0UDkIvNYNExA2yP362lPgU481j0IW9YjpPBhvd\6kYe2JgDwsw84RKu\+hy4szgzPv+m\41JUsmZMk6\r7df8PZXoTYp1tdzfy0GDT7\mqUfJ+PRSGIuWoCeiDmGdKh1GV1D7tKVjB+KX6nu3LsfYulLOhbHPVhmIWakG2zPrvD1NClYdfrim\j4CyTSz35BtDuZ6fbcsatjs7KlmywF4eZ84wn1QFLKt\Hx4yLHZnfW7ZmGRpbZD3zY5Suxc3lIiIjBqhSSx+w6UsfgPgu6R3bmXlM4\y6DOPcustO7jq+hUsjjbSvBvIbuLhX2waeDpNjTQDnS2+5dMd7Nq+iZ07d\DS+k28tGEHAM3tpRamhe07gbppTKnku0u\1EVEREaMGYFrDvuXzfwFs2Ht1kLRX8+f\7SBOW86nHCpl\nb+fOTG3o8MJ3jFsYw2ZI\ekTGpIaXG0hcMGN4+gFuWMsd9OsJdtT52KJ5hf+s\xOffjjdf4Q\f4HVm97C3CPDzD3+HfD\V+vpzev\Q4N9F7PzS0JIA5bX+U72\pMb2c7CSDuhHps53cxY0rhf007+tX\hY7i3SxzzuDW71zNf\vvdz3j104AYfgyuu5+MTOJt6h\2XJB6hv+gCLZoeZseB84I+lNsc+eoqvr3gHD737A3zg4rNZPCtOyAlTN+94zpp3PGdd\gE2Pvh9\uUr99Okc0ERGQb6KDmIRWyLZIlEts31yRsIVvhLojVvygZ+kR5hX7kmc1OeIVeuTeUecgZSXulpOpaFU7xgGnOsss0hD6ewbXFWXairXG79PWMo30g1ZP3y0+p8zrEsglbpcbO+ITdMNwCF7PIhcOte7oOE61e8vp3\P5Cn3WPtFH+oUp7hj405TpkQ4rzJoV7vfRGRg5YdIDp9Hme\bR5nLLiXG\7nBR76WwuLX198fvI53PCZs5haahrpddzzg7t5cnfhlqxgvJqJE2dzytEBHnuh79WLvlzK3sklIiIio05n37AHdzlL9PgzOfZPd7CmmOFk1\+OX4+\nHeeMhl7oNd7jaz81a95qUfmEz3ubJZVuTT1aAl3dKzf8JZHq87l1HCEhnevpf66kziqs6vbfVC\7amK51vQv5nyrmHPsUyJ8frc2GKMKVa2Mb1qAHePfwKHTSzeInLk5ax+9vKBV6Y4Ss3UBb3mDwkaN5RqXr108+vdyzeXupri9DYPsH7f\T1PnbeA0ybWcPi5H+Eb536Eb2Tb2b7mnzzxxJ3ce\tTbIpECNj0fp0xQD3ZXOHxUHRime3nk08nSecH6Ds8UkV1sYZK6e1fz99\diPP\vxrmMt\yOOfnsfmp5qZcfwCJsZqOPwtn+W\8lu47N\2dUiZP\9Mhz7v\Lp9X3NQK8b6DUaHpihSCmqN3cQqwuX3n15H7ZU0E9up0r61J24FzVgm3J+xQGtARrSHtkSgbFtUWjqt1ietBfLsi8sYGbE4ZPzYpwxMVjx6zwDg3Tf0EvKKx+8dwo7UFWmFmZr3tC6F30VlzKhgm28IVn5leycDzszftm+lmVkGWBb2mdJbYALpoQV\orIQemlX93INdffwcrcwM8HZ0xjIuB6LjCemgnA7m1sHmT8run+9l6e3D2eM6++nlu+cyO3fOl6bvjYCi48Klr6hQBMYuZMoGkHu\p+Vb98L9d96VYe3FrBZERERGS\63Vhu88F74OznCFtHc0llx7bq4uJxr\fxW0\f4SXdrSR9Qrju5k2dqx5hDt+dBfPNvYY2V7Am9++ED+TGgXrs3\LIgP7Kw27hmEyXjNrn362olGbE4W7LULhweod9zhevTInM3vtKOLF7l9xwoRjg\x1BuIjdvPEHXziqi9yx1ObSXRugnANM084i3dd92PuW7OSu64\h8mDXC4t1EiGmknl+q99N7f\bS3r1q1j7do+wwe+XPqlvks2kyaVztN7MdrZeO0VnHfmJ7j\tSwQ5vCz3tPVX\Fw7\+hTG9ta7HFh1ANJwz2qs7PzcqjCBE5AFQD+CA2K+LwWrL0p+rKPXmOqCp\W5pn4G97cpT7jTsrWryTicJNSKXG35byqE\7LIyXb87EGPhbS77k9BzLYnKP0HtuzOH5ttLh4+kTQnxxQazM3EsL2xYTQnb\dSiz\nmfrv6KS0m6Bt+YstseIGpbjAvYZbf7lrTPURVs93JmRkrPC2BVq0uHa6iuoHngzSmXnRm\onXtUmY7lzsO90a5aR0qwbUxcHjM3uvmvUVERpP5R8yDVeu47xermX\lUib2+tWbYfPjq9lOhFNmTgLgxCXz+cWr63js8UZOeeOk7lF3Pso3bnmK\Ovfz1feFGH71gxMXMYZR1bTdVuY38GqF3r2jFdiuebPh9Uvs3J1hsUndvYDnGHVqnXk8\OYNRN4ed\WXURERIbPSPdFO5zldDJD\JhLeP\pe\jhXxu6HvdaXuLRe17iUcrw1\J\X\0a\3zDCi5YGB\x9TkQ5dGmb1it4YEe\p3NTVmYXqjy2v7MTZz6wZ+xNyw7QCDQfZ2x3HwbU4U+Y8PjpjPVGHb0G+9dTC\2U9O465d0dgtabrrFAn7X492PdR9nTeSyQBzaV36L1318gOaXyzHFfod73WTR\XRnP6am73L0Wb5S0wMwW37PLdf8nluAo878IG+94GROWnQUc6fEwanh6Mu\xrf2\IkP\NTqtz16bpP+y9N7OOgnhFXm\XnVrTx+5cnEeYWfn\UBbrP67oe\cOP9z3POJ08mPmkGi3yfBxj+\T+U6f29GBoTr2a+7\Nsv+n6HFaook2iZbM+pw7gUKQcBcAHsUU1Dn9pLj3OnxqzvGlKiLoyNTmfb8+zvkyY7FhwbE3lh0zWhz825jhtYpBYmc59t6Y9nmzOlxwnZMO8WHeYvXRckPt3ZEu8AnZlfaoDNjVD6LvUUKidG7SGFqR6xlTUB3Daryz8BagNWkyPFH4kDvaSpGd4rDHHqeOD1FTa\vcgpkccJoZsmku0KZ31DHfXZ\jgnGjJ7ZT3Czck1GeGt4P64fy601dngW0V+pIWETmYBZdeylUv38JPXrifr3zxQSbOns\cCQHItbB5\TaasxBdtIK3HVUcf8l5XPjkOh585FZu2HIaF540jXT9C6x8ah07q47mqtfNAmDu3Ag88wS33u5y4UnTCCa28eST\2BzMkAl7Tt3zedXt\DtbWdxztwo2559hMfWZ5j5pnNYrPZ5RERERo2+F1gP+nKmhbbUFGZd+DGujf6QH\7p\2fvPsPjqM6\j39nq3pvliy5yMYVLLCNCwYMhJoQML0ESAIkgEloCRBSCPk\QEhCSCUJJY2YlkJJQknoAUyzsQEbsNxlybK6VnXbzPNiV9JKXq1WclHx73Nd4nD7np05c86Z2ZXOzkxVfE+ncKSS6myhpQOgk80vPMI\OY9TZ6T1WmzY928vxyLRPFlRx6WHFAGQdvAXeeofZwzq9Z7qV\n3j37FP6oGXhbg8U2V3LxwOuQUcpoJv+37+8Lhh1CUBlBH1XuDqkocnmVL\e0syYG0\IMosKA6yhUygc42vKYdhysB9xD+Bjuw7unyqH9DNf0deP0mhiuJBIfBJ689yA9fezCUnHkpf\jNcuakuimdfxE8+JfdXj8pMzx5WbtlgHo8xFePfmhou9Dhxp3mxk0R004x4dkov\gFeu4S2bXHe7v\h7S+96uoO2MyOWlFHDLfYsW7ffrYvIrJ4ecoVW4YYvuIyD6hPzGNYguzXNjDz4Pt72dDa5CndnrpjPGs4Dqfyd+rvOzymjHXVZJopyDiCtxYy3b9vFrv47ldsW8\0ei3uKu8jUZ\7O0n2Q1mRUxAz89wkGA3Yr6myhvkPzU+Yuz+boIWfNIa4A\bO7hjQxs\LG\nv7U+OvqsZKB9D1jxXQHcERx4XV3cNoPJyXaSHLH3+7V6H8\XxnfbFwvwm1bUq1vtBhyZ7Rywfn\f2cmaAa7G\rQtwL92eWkL3\I6nv1lgOX2xa9m+3NbIiKyLyUw5ws38v3zjmBWYQLtO9bz3uoPeO+jnbSnF3PUeddx+xdm9twC0ZbLiV+\jksWFePc\gYPP\w3nnhjO0w5jq9dfx5zwgsetOxKLpk3Dv+W0DIPv7SZpLKz+P4NJzIJ2LFtZ+xqdW8nl47Vz\Onh5\kf1WpLLrgOm46Jjf2a0VERET2UGdjM20+G4XHfZ3vf\M85ufH+KK\zUHevPO48ftXsigzMuFl6wuP8s+PPfu6utJH15V1+hm+nx0fVdLS1SFJuZQeVDqon0OP+jJXXH9s\Nt8bC2fBIGkMpZ8I5eA2ZMzgz7mnzaD8QB1n\Div+JbZ7Tx1P11B8Q3AAAgAElEQVRv9F72sfc\CSUmL+DaRd5e27csk4DvPO57awOfrl3Dq\deFHMbfXMQb\02U9cCkEbOFHO35b\16BrWrP2UV3\1WfzBPuv78Lds7LqVvRGtPnNJDd880ttRt+\Gzl\eZUs7QC5lp55PbsDs3tfuvpxVROhRx3Vs3lf9P5T1\etFPqkDGE\ZhZ\FF4zoAzNA7lfmMyMJCH7C2seG\xg9kH5EBqIrgEex4kQb01IcfNTS\8Rba9DioR2dJNoNzilKoO+XsNoCFr\Z2sF\an0M9LjewzN3v5J3oNNMe9Dip5vb8FkWZ41z73ZL2Z2dJvdsbueNRv+A6zo0w0FexJXMOS4bc9IdrGzo\8rh1oDFA9s7cNvhpDw3sS6ItSx43+Pnr1Ve3m\yU+ezup9J\HKdjysmJXLGuIRe64hV5\gngK0BJxgjc7NTHeS4bLQE+r9iuzVo8fPNbfhNi3OK3Dj6XM1pWqFnPr\e4OPtxgC7vEHy3Xa+VJLA\IzezzleNi6BJ3Z6Y9avstPk7k1t3FCazJx0x27fLClvC3L7hjY2tAWHNJE6UNvsrbe7wfTD\mRZ0G5aJNoM9tZdmU2gM2iRaDf2+FbhIiIjl4Psw07kisNOjG9xWybzll3OvGUDLHPOlcw7Z\fU9T9a0BPMPo9f\miI2+nvtbHWKSIiInvV2P3DagdNNQHM3BzSsss487oyTuuoYtuGSrZt2USNDxKzS5lQUsS0SYUkOgAsjjn3BD76+X+o6r6pV2gS+Gnr3N2uBBYZ01asp+IbhzNz4Cfu9aum4nlMdv\7WVQVP+SZd09h+sJUZp79ID\ZcjVfW\EJBkWcctNP+P7J4wHY8sZDPDn0KnVLyz+IrI4OKu0uEl12Ku96hndOms7hGeM54YdPc\vPb+AbKz4J3Z1w5hn8v9uvZGEaQCufvLCvrv58iKpd10Mq5OadA\S+FfVLFXWcO6uI3KNu5L6vbOfbv3iHKgPAYtoVf+T4yQBeKj99afdVW4eTkxnOb3h2H9Uf4AGeePc8Djk6m7SF13LvD3bxlY8tLCzMjiyOjejL+tXP0t2SQ+3\oI\WDh\gIjHFhX2P1vckD712MfPPmETuUTfy0LXtfOOuZ6jEYvqFv+RXlx6KG2hZ\Qw\rNh3LSgig6cJ4FEs1W7juBwX6zyBmBNTdV6TOza08URVJ6eNS2Bqih2fCaub\TxR5aUuxu19u7flMDgiy0li1wSwFZqUimdGrMlnceeGNp7a6eXUAjdTk0Pbf6vRzzO7QlceD8RmwHmFiUTOY7psBp\Ld\NOg7\fK3wtYEd7kG+vb+Vf1T7OL0rg0Aw7LsPAMEL70Ba0eKPBx+OVXj5ojt6WtV6Th7Z3sijTSUmivXvdsfY\YEIgjofGertuAR3n75bTUx1MT3GwZYBbdjf5LH5Y3sa\qkPtXppspyNo8aEnwCv1Pspbg73a7dOWIG82+PjtIWkszOqZBJ6RamdGioP1Mb5oYFqwpinA5e97ODrHxfG5TnLcNmp9Fi\WevlPjW9wz8+NdhlwvMsO1Qi81LfZb\F4ZScPV3ZQ67VIshucUejm4uJExiVEeS51HFoCFisqOni0MnTsJ9kNzix0c0lxIvlDXKeIiIiIiMhYZBgGlmWNwTKAp3YnnalZZKYm4UwspHROIaVz5u\WBqa\HU+Tj8TcY\n6NfCLPpPA2158jH8Z5\G56akjYL\2XjlSjd0vJowWQRbeeiSlkZO\nh1srvHH\HuKZU+laFIO7nA885T7uOCxK3ikKr6x9ufb7+fwB5azJH88J3z3ST690YsXN+7wCls+fYy7b3178H\Ssqzu17y4s47rSYUJp\Li2hPwbn+B5Wd\m\f4M1+5dRJP\GgZk9JKOfW7T3LqjV68QXAnde2Rly1P3crVT0a\r1\fYdu9VSv6mO7+l4j6PVNeyelTikibMJ+51uNE3u347Zsf48VDl3NcfhqLlv+Zl67w4vUC9sg2epJf\WTH7n9yPHkaRUlAcAtrf23t0z8LPnHNrRzyt7tZNsVN6ek\5cVTQ\9+6toXOStcT+\GJ7j1mid61WNI\f+Df1J++mRgM\8oO4Mf7OH63v7B3Tw5607OnZbGoV\6KS9ecGev13h3vc79P\jzbn0tIsNLE8CjmNMGi7OdPFtjZ0Nr7MlAgI9bg3xc3jbo7dgMWJjlZFbq0IdL0IIPPQE+9MT1dJndHJnt4rCM3ts3gLI0B2XpDlY1xV6vacEb9T7eqPeRYDfIc9lItBt0mha7vGbMW2R32dYeZGen2T0BPBDTiu9DQ8Ac3IcLA7hgfAKv1ftoG+ASY9OCDzwBPoiz3QMm3Fnexh8OSyPLGfoeosswOKvQzV3lwe4rovvTaVo8X+Pl+ZrYz2bem8bq5wqP3+L\NrTx3K6etmwPWvylopNPW4N8b1oyk5IG93XTOp\J9z5u47X6ntuDd61zQ2uQWw5KpjR5D77CKiIiIiIiMoZ0TUyM1dLX0sCulgacCWkkJzlxOhyhu06ZAfx+P+3tHjrDvz52tiSSlx99EnjrSyvZNv0EJoyQ\dpbpchuim\jm2eWdk\kApDs4e3rLuCuGFc+nv7L\L9SRH\kLuIK2+9mEe+GucVsxV\5urLarn+pq+wbP4kUt1u3IC3pY4tr97P97\zGJ\EvRNdd4LrfUe4ylvv5rGpd3L6tFTcbjfuomIWQmii9dXbWPalD\jWVRdzSsT2CXpp2f4uT9x3Jz99tnLAbXRnu75kEfXLFtFf+85TH1B5chFFRZM5uQjei9wcf+aGy2q5+rpLOH3+JHJS3bi7buvctIV3\3Ufd\7kWXq9BACLk06YQS5A+Tv8NFpz7VWvc9tZl\DJ967nvGPnMCkjNJLc7lA91770KD\9QZS+HEr\d7dtlD4Y0nh6nTvPvZzN\+\7XH50uI0BvC1sefcJ7rvrpzyrq39FRhxNAI9yU5LtnJzvpqKjg\bBPOh2EDKdNk4rcJPr3v3GJPvjI3GB28ZXJiZG\cBQlGjntHEJbGprp9E\8JXEELrl8raOgSfM+7Jgt9tkx9p\u2Fgj+Nbo67wPX0H05Zz0hxcMD6B+7Z2DOJV8anxmqzzBDgy2wWEvgCwONvFobU+3moY+Fbde4PV5\3169eI+kW0H\Z0clzu6LfevudRj+\39bB\81IGdQ6H9zWwav1uz8b2gLebgzd\vymqUm6ClhEREREROQA4u\00NQZe5lASy015EadBB539NGUAkP7yr8Mhianh9kRReT1\Td7MZOPsLAe6f9lcwpyd\u3tKzJg+vP7c9w9\JnuDv+V\Tj+5w+5\tR\v1\3HH+Eu7o72Xr\sEdy\Rfz6ubYT86bIl\Km\5EOXsyTavPjKX\K\T07mvOmlLLhqLuYt7\X++9X2Z\jldc\wy7jqF2aeximzcwEva1+8ez9dvfoxj952OY\eBnzhPv73zRxemHMGtw30ssH2\dOZ8739uL6APiYR799Lo8O6jUiMpzietSAjFxum8GZ49zMzXD0uoPt3vw5uyiBxVm9nwvLPtpW3x+XzeD88QnMTIl+VaLDgBPzXHwmz7XP65TtslEQngSPZ\lEu0E8FwtnukK33R1ofZFsBlxaksjROc69vp8m0Peu3OPcNs4pTCDHbdsv\d7XYJffE\tzW\3xmRYP7+jAjFGPZ2oGvgI8UoPP5IVaX8x+f67GO7hbdYuIiIiIiIxRlmXpp8+P31PDrqZOzPxj+fo1J1CSnkrJiddzzYklpI6A+u3NH5GoHnmXze19\q19M+\GmPwFeGbj7teeVm58Zu\V64BQyZ0P\486YPzhF3N6fNcBxWR+ZRkLc4HtL\Kr+\Z8fYNmGBj9XCUtIrI36ArgMSDLZeOOGSmc9W4z1XE8TzdeBnBsrovlk6JffbuvGcDSHCfLxrlx2vqvQbLd4MYpSaxv8bPOE9wnk3QGcEKei3EJoQlgmwH2ARolzWmQ4Rz4OxbjE2yhW5\E+AXDHWX\UxwG3yhNprKzhfI4bgEeL7fN2O02wHYDPpPrYq0nwJ+2hyYm96WEiMZ1GAY2g34nJu0GcV1pPRC3LbSdWJLs++dDWYPfonmAyd2OoEWNz2SSI75bNtf7LDoG6Lgar4nXDD1rWERERERERKSvQEstu8glP\9YrvrWsQCY3iY8w1yvA4Ump4fbfdz808n8+upTmJwBNG3mmV\dzH0D9MvbN93Bn7Jv4by5RbjxUrnqUe64aQjP7D3QPXkH\77gSS6ZvpBllwd48oE9eIyZVcDNxx2Kmxbeeexm3h6OzvjzZRzx52HYrogcMHQF8BiR5bLxp8PSKEtzhGb19\ASzGSbwan5bn40MzX2hNc+vAx0YaaTqyclke0aeJgm2Q1+X5bOcTkuEm3GXq2HyzD4TK6LC4sSSA5PjKU4DArd9tABFOU1NmBioo1c18ATaYekOUiz919nl2EwtZ\nsk5KtnPL1GQOTnWE+mkP99VtGJwxzh312bI2A74+OZFl4xL2qI0zHQbGAPnChJ4+L0qwkRqjfXKcNnLjGCMDSXMalCTYY9Z9apIdx344a6Y7DFIGaGO3YcR1bHTJdBm4B7jUPMtpi\plAxERERERkQNN34k2xT1xoKWW6qZOgpZFsLOJXTUt+EdQ\fZGPFINVE\l932+8vGbOf2oQzjkkEM45KjTufnxyl756P7H3ZedzLyygznk0PmcfNnd\G+Y6j+68zu4+55\s9nr5tAz7mGR2Tcf\qDF97GqTPB+8Gj3PrQ3qqf8soPX14kGk0AjyHjE+3cNj2ZUwvcJNuNIc8D5rltfGlCIt+YmhTzFsYDrSfFYZA4hHq4bAanFrj5zrTk3a5EjSXFYfDdaclcUpJAfkL8t2ru7wegNNnOVyYmcuPUZCZF1CXBZrAk20lBP7dEznAaHJvrinnlcpcsl41zihKi1hfg8EwnU\u5BbYRzt9yUDIn5blx2oa+vzmuUL9fPjGx37q6bQbfmZbMpRMSyB\C7aAnJNm5pjSJOenRb1luM+CYXBd5Ec+bnpvhYFpK9OXtBszLdDJ5EOOkPwZwQXFCv2M222XjmFwXrr1wtfFAEu0GywoTYrblMblO0hzx1yXbZWNxVuxbhh+f62I\7J6IiIiIiMiIZ\T55Uhx7zjYUkvVjh1U1bYQGAH12dvxSDbQrauVV35M59+8lTv+uRnv+KO56fuHD3H9S\j5xYtIa3ybX37rF+wYSfunvPKDyIsMRLeAHkMMYEqKgxumJHFEtpM\VXSytjkQ9+udttCVrheMT2BWqj3mbWD7TlJGMz3FwYn5Lv5R5WVdy8D1MIBJSXa+WJLICXkuMpyD\Cd67Zx6YREFmU5+Vull+dqfHgH+VBTpwGz0hycku9mQaaTSUl2ol1oOTfDwZWTk\h\n7bREezZhstmcPnERA7P3P25yf25uCSBHZ1B\lntpWtVBjA7zcFXJyaQFeNW0gYwJ93BLYlJHJ3j5C8VnaxrCRCMc7cTbAbH5Lo4c5ybeRmOXrdfjsZtgy+VJDIrzckftnXwTpN\wOfGGoSudP765CTmZzqYm+HkW+tb+cDTMy7sRuiq74uLE0mNmNgsSrRzXWkS3\64lY1tvW91vTjbyZdLEgY1ERrLgkwn356WzI\L22n093yNMM1hcElJAouynAPeJnpvuXxiAp+0Bnizwb9bblaqg69OTBrU+gzgqklJbGgNstaz+\F4SJqDc4oS9K0gERERERER0B9WZUSyLKvXZLVixQdi\PZtpzHvtj1Z3\+47sSDR8z+KFY81FhkIIalkTImWYBlwaomP49VeXm93keTf\euNoDCBDsn5bs4u9BNSaI9rgmuDz0Bbvm4NeazZxdnOfnB9GQKE+y8Wu\nwW0dfODx44vyHNKZqQ7OLnTz2QI3qY6985xV04Jqr8k\dnr5b42XjW3BfidFUx0Gc9IcLMl2cUyOk+JEO4bBgPWwCD039W9VXrZ3BMl32zi9wM2kZPug98FrWrzdGOCVOh9tQYtD0518Nt\VazJ0IBbgMy3ebfTztyofr9X7aI+y06EvC9g5PtfNmYUuxrnj6\e+gha81ejnLxWdvNXo7zURDqEreqenOLioOIHPFbiJnNNvDVj8t9bHO41+DGBxtovjc5393oLYb8LT1V5WNflx2uDoHBdLs117fULWAio7TJ6q9rK1PUiey8bnx7k5KGXwfbqnGnwmv9rSwZM7vbQHLRwGLM1xccOUpKi36Y5Hs9\iJ5va+Ve1l46ghc2AE3JdXFM69HWKiOxt768r59BZU4e7GiIiInKAeu6555g5c+ZwV0OGUSAQYPLkycNdjV5KS0tJSEjAMIzuiQCVKlWqVHnglp2dnWzatGm4355kiDweDwBr1qzZ6+suKysDdAXwmGUAhgHzM53Mz3QSMC2qvRZVnUE6TQsbBikOg6JEG9lO29Am0Qb46oDftAha4dv65jhZmuPE47fY6Q3S6Lfwm6FbJRcn2skcwtW+A7EZUJhg4+pJiVw9KRGP36Ky06TRb+K3Qlf6JtsNCtw2ctw2BrjwNSoDyHfbWD6p\9smx8ttMzgq28lR2fFfORytPm6bwZJsF0uyXQQsqOwMUuu1aAmYuG0GaQ6D8Yl20p17PtFuN+CILCdHZDlpD1rs6DCp95t0BCwyXTbGJ9jIdtuiXlWa4jBYNs7NsnHuuLbltMGZhW7OLIxv+aEygPGJe6dP91SWy8b3piVzzeREan0WGU6DnD183nG60+AH05O5oTSJOp9JltNGVhzPqhYRERERETmQjIQ\7KocvlJERERktNME8AHCYTMYn2gwPnHv3eC16yrj\vhNel1xaxCafEp3Ds+wS3MapDntwIFzlaPDgAmJdibsh7nMJLvBQSkHVvvuL+lOG+lD\17AbgxCX77IcKqvREREREREoumaBFR5YJYjlWVZKlWqVKlSZXcpEosmgGWf8VsQ0HlIREREREREREYZ\WFVRqqBxqbyyiuvvPIHZl6kL00Ayx6JdcoJWKHn8IqIiIiIiIiIiMieifzj\0BXgymvvPLKKz+28yID0QSwiIiIiIiIiIhIBP1xVURERERGM00Ayz7jMMA2sh+dIiIiIiIiIiISlWEYWJal8gAsRyp9MUFERETipQlgGTIr\NOfJLtBgn1\1UZERETGiqRE93BXQURERA5wkRNtlmUpPsBiERERkdFOE8AyJEb4J9YMcJbTRqrDtp9qJCIiImOBaVl0en3DXQ0RERE5wPW9ClTxgR2PFJqcFhERkXhpAliGJMVhkO6wAcGoeYcBk5JtpDtG5gdmERERGZlshkGC2017h1dXAouIiMiw0UTbgc3pdA53FURERET2iCaAZUjGJdiYk+5gTXMAn7n7L0V5bhsLM516BrCIiIgMWnpqMvVNzSQl5g13VURERES6nw2r\IGTT0pK6nf54aQvJoiIiEi8dH9eGRK3zeCsQjdzMxzdzwLu+jEMOLsogbIMfb9AREREBi87I41mTyut7R3DXRURERE5QHVNtHU9HzbyR\mxn8\IyBh4kOxndrt9uKsgIiIjiN4XZCCaoZMhm5Rs556DU3lkRwf\2uWj2W8xOcnGxSWJHJ3tJEGX\4qIiMgQOJ0Oigpy2by9itKSQpKTEoe7SiIiInKAinwWbLTnwio\dvJtbW04HA5KSkqw2UbeNTPFxcVs27Yt5vOJLctSXnnllVf+AMmXlJT0u7wI6Apg2QMGkO0yuHpyEs8tymDlUZmsmJfOiXkuEuya\BUREZGhy0xPpXhcHlsqdlJRVUN7h3e4qyQiIiIHmGhXjSoeW3EwGKStrY2dO3dSVVVFRkYGycnJ8Q6R\eq8887rnpiO3IfIsovyyiuvvPJjO28YBueddx4isRhW3xEkIiIiIjJC+P0B6ps8NLe00dnpJSHBpclgERER2aea66pobWkZ7mrIfmCz2UhNTSU\P5\JkyfjcIzsmyUuXryYHTt24HK5gNBEQOQVYYoVK1aseOzHPp+P8ePH8+abbyKjl8fjAWDNmjV7fd1lZWWAbgEtIiIiIiOY0+mgIDeLgtys4a6KiIiIHDCmDncFRKJasWIFS5cupba2lpSUFNxuN4ZhjKiJCcWKFStWvPdjy7Lo7OyktbWVjIwMVqxYgchANAEsIiIiIiIiIiIiMsJNmjSJbdu28eMf\5gHH3yQTZs2EQgEhrtaIiKyjzkcDkpLS7n22mv55je\OdzVkVFCt4AWEREREREREREREREREdkP9sctoG17fc0iIiIiIiIiIiIiIiIiIjIsNAEsIiIiIiIiIiIiIiIiIjJGaAJYRERERERERERERERERGSM0ASwiIiIiIiIiIiIiIiIiMgYoQlgEREREREREREREREREZExQhPAIiIiIiIiIiIiIiIiIiJjhCaARURERERERERERERERETGCE0Ai4iIiIiIiIiIiIiIiIiMEZoAFhEREREREREREREREREZIzQBLCIiIiIiIiIiIiIiIiIyRmgCWERERERERERERERERERkjNAEsIiIiIiIiIiIiIiIiIjIGKEJYBERERERERERERERERGRMUITwCIiIiIiIiIiIiIiIiIiY4QmgEVERERERERERERERERExghNAIuIiIiIiIiIiIiIiIiIjBGaABYRERERERERERERERERGSM0ASwiIiIiIiIiIiIiIiIiMkZoAlhEREREREREREREREREZIzQBLCIiIiIiIiIiIiIiIiIyBihCWARERERERERERERERERkTHCMdwVkL3jd6u28chHlVQ0dxC0rOGujoiIiIiIiIiIiIiIiOwFdsOgOD2R82cX8dW5E4a7OjIKGJal2cLR7K0djXz9+fXU+yxwJ2I4HIAx3NUSERERERERERERERGRvcLCCgTA20G2y+AXJ85k4fjM4a6UDJHH4wFgzZo1e33dZWVlgK4AHvW+\vx66oJ2bEmJoXlfCzCscBmOu3TnUV555ZVXXnnllVdeeeWVV1555ZVXXnnllVdeeeWVV36U5A27A5JTqevs4OvPr+edS49ApD96BvAo9rtV26j3mdgSwpO\of+EysjYQHnllVdeeeWVV1555ZVXXnnllVdeeeWVV1555ZVXXvlRnrclJFLvM\ndqm2I9EdXAI9ij3xUieVKwLCsiC+EWFFilFdeeeWVV1555ZVXXnnllVdeeeWVV1555ZVXXnnllR8DeVyJPPJRpZ4HLP3SFcCjWEVzB7bwM3+N8L8Z4f8qVqxYsWLFihUrVqxYsWLFihUrVqxYsWLFihUrHnux4XBQ0dyBSH8My7Ks4a6EDM3En7+APT0Hg8hvgKhUqVKlSpUqVapUqVKlSpUqVapUqVKlSpUqVaocy2WguY6t13wGGX08Hg8Aa9as2evrLisrA3QF8KhnhP+jUqVKlSpVqlSpUqVKlSpVqlSpUqVKlSpVqlSp8sAoRWLRM4BHue4LuC1UqlSpUqVKlSpVqlSpUqVKlSpVqlSpUqVKlSpVHgilSAy6BfQoFroFdHavL3pYoFixYsWKFStWrFixYsWKFStWrFixYsWKFStWrHgMx4Hmet0CepTaH7eA1hXAo51lYfX9p+7\MwDllVdeeeWVV1555ZVXXnnllVdeeeWVV1555ZVXXnnlx1ZepH96BvAYYGBghMtesaG88sorr7zyyiuvvPLKK6+88sorr7zyyiuvvPLKK6\8WMyL9EdXAI923VcAW2CE43CpvPLKK6+88sorr7zyyiuvvPLKK6+88sorr7zyyiuv\BjMi8SgCeCxwIj+bwaETg7KK6+88sorr7zyyiuvvPLKK6+88sorr7zyyiuvvPLKj5m8SCyGZemrAqPVxJ+\gD01c7irISIiIiIiIiIiIiIiIvtRsKWRrdd8ZrirIUPg8XgAWLNmzV5fd1lZGaBnAIuIiIiIiIiIiIiIiIiIjBm6BfRopwu4RURERERERERERERERCRMVwCPBYZKlSpVqlSpUqVKlSpVqlSpUqVKlSpVqlSpUqXKA6oU6YcmgEc5Cyt8FbAVfiJ471J55ZVXXnnllVdeeeWVV1555ZVXXnnllVdeeeWVV175sZUXiUUTwKOcEfFf5ZVXXnnllVdeeeWVV1555ZVXXnnllVdeeeWVV1555cd+XiQWPQN4lLOsrq95WBiEvxGiWLFixYoVK1asWLFixYoVK1asWLFixYoVK1aseMzGIrFoAniUMyL\zwDDUqxYsWLFihUrVqxYsWLFihUrVqxYsWLFihUrVjyWY5FYDKvnElIZZSb+\AVsyWndsQFEdqZixYoVK1asWLFixYoVK1asWLFixYoVK1asWLHisRcH2zxsveYzyOjj8XgAWLNmzV5fd1lZGaArgEc9YxTHZv1qvHXszpWMPSkLR1Y2Nmfvx1Tvve37CVZ9iI+JJBRmdf\7bsubnQTrWjDycjH26vbHfhzq30Lc0wq6Hza+X7Yf0Wd9H3I+UtrH6qzDX1dNoM2H4c7EkV+CI9Ee1+tD7erAXjgDV6pz9+UDDfg2bYVxB+NKi5KPFe\BeLc8m+ncCa7SydgdcW5vL8TRtrsvtzdSY6u9joCnEbOtBTMAhjsVe2oujswMDNvw1290xkEsz06CrvE4EkZCffZRHD5nBBlIfOdzy7OZjijHZN\l8Wymc2cS7mkFgzzf9O6XgZcf7bGJ1VZPoLkBs6UNk71zfNO6A39dA0FvAFImklCUDgfCeB\OuKOaju1VRGNLTMWWHOpTbAfI+5vlxWyowtfUiBlwYc8qxJmd1b3\MV8f47xluFOxJWbgyMnFZh9oeQe2pHTs6bnY05K6txPt\SBYvRZfMziK5uBMsQ9+f8dAbHmbCDQ1EGxvwvTR8ztbdi62GOd7xSMwjjgm7AWzcKW7oy\fUY13exUWGd3nokEffwAEMRur8DfVEvSBLTEbe04hjiRn7PoGGp01W+sAACAASURBVPAPYlt0VNO5vX2\z6iWLFixYoVK1Y8nLFILLoCeBSb+PMXsCWlDnc1huzOMxZwbnaUhBnE09LI62+t5YpPEnEk2aMstKfy+MtFk1hMPXc8tJEH+llqfFE6dyzMo\Lv5XxrH9RiLAv1bwuP3b9+v7bdiO8zfwenlM3g1nn55LoA00f5++\zxZWw0z3gq7uPG0\5Gg5+wbvbH4WZNYU1i7OhYgtlz9UMqmp70naXnXQotxTDm2++zxfWDfLFe2C4tjtiWD6Cu+r5wimL+eqMHEqSwrNBZhBPfSUPv\ABdzbmYnfGXo1EkZzATYdPYp73Y85+c7grsw\NPog1izJJG3DBNh67\6MBzw3xHpOh5byDf484UPoFABOzvp0rPzeHL03JJC8h\HnIDOKpq+Thlz\kzvqcIRzfJl8+YhZfn55Gmg3wNnH337eRcsC06zBZMpPNM\r53B4I4mmo5OEXP+Ku1mwMxvr7m4npcHLv5w7hlFwXAN7GSv7wn3Xc5Ukf+A8a4c86Uc9b4d8jXnxlFddVZ2CzDbB8wEf51g388bntPOzM7v5SRS\BFB64cBbHpkJN+YcseKX9APujSxCzoYbPLjqMa8vGUZLixG2jp61ffotrKrJxJERrPBmRIo4J746NTH+2PuqYLlowjf8dkgH4es5Fgz3+MDFNG\eccginFCWGxk7AR\na9\j6q0E+TXXFVc+4trVkJptnuMfoeVNEREQkOrO9RVcAj1L74wpg\ZY2BhijtOziae5gY2PPT4XPIC09h1NOXMrrxyZQFNi32yfGcicdPJklWc59sv2xXva1v7Yb2Wf7c7vxluPLZnH34nzSAm28Ut7E+k4HU+fO43cL43t9l7SpM1gxpbk77m+5wdRvT8Z7X2N9nI2M0sRyJbPi2tO5fW4e+XhZubmep8sbWNls4s4t4Yrzj2dFaUv37WFGRr1HSTlxPOdPSSPdNkLqs69Kb4BNjZHvwz68AD5fr\fmjY1eKuNcL3t5uQOyXwDD7+DOLy\lptk55DmhIvJzUl4JV5x9DCtmBAa\3uQJXDwzjTR\O6+U1\P0Jg+rD6R2HeaSjs4+x1YHFQF7qE9Pn8f1LpNohrvee7U03fzmtHmckmujoqqB56u8eDOLuOKUQzjXjG89QJTzVAcbO0K\Ryw7dRE\y\PFXr7Jj8dwMXXKbG7\0lxuzmmPuj1rYiazU8EbgLySAq7yjpB23E+lZYN7LjmVXx9VwtQEk3WV9TxdXs8rNQFIzWHZ6Sfz4qIgZnBk1FflIM5HgDs3nRv80fImV4\LINKQjj+vjTuXzWNZsRtPfRNPlzex3udg6tzFPHZaFkXx1DOObe1Wv33QXipVqlSpUqVKlSO1FOmPbgE92lkWlmHsXmJhEeXfR1A+xMdH6z7gCx9ZEM5jGBSXlvLg0TlMOXgWP6x9k4s2Jva8PthKoK6SYHM7Fi5s6TnYM3Oxu+096zc7CNTvJNjSiOk3MBLSsWUV4Uhxh7YTrR2tdgI7NhEgB1fROGh6n4C3DAhgfrqKjpzpJGQlYRkGlreRQGMNweZWLNzY0rKxZ+djdxrh\fMRqPoIv+sg3MltBKp3EfQZGMmZOHLHYXfbetrH8hKsqyTY1ozpszASM7FljsORmogxgvsvvv7tZ5z2er2F1bILf1MjwfYOwMBITMeWWYQzxR1+nY\Azoj23LWLoDeiPV02LMPArFsV0Wer6cw+iIScFLAsTF8zwYZqgp7+xk2AYOUH+BOm405qwb+rlqDXwkjJwpFdgD3BMYjx1X\7XDQ1FzetPPfiOq7aacG4ibxyagFTi4th9fYB27eHmyULZ3DmRxX8PdnWs1w\7T7Q\gcb+h\v+D3463f2jPf0bOxZEeM9sl7BNgI7txLweMGVhj1nfE+7RLZfYw3B5rpw+2Vhzy7Akezuvf\BDgJNUZZLcXe3z+7jzMJs2Iiv1sIxvhRHsgOsIGbrTvwNTZidPnAlYUvJw5mVCfaRefzElfc5uGfZYSxJNdlYvplLX66jovv4MyieMZW\LM5iyXFzueWxDdzZFn\7my1b8FYl4pqShrlrK4EWLzjTsOeOx5nqxmytxF\bgOkzMFJzceYXYLOF1m+1bKKzKhlXaQpm7XYCng5wp2PPKsKRlogRuX+WNzQuWxrC578c7Fl5OFISu\fX8myic2d4fXWVoXHoSMSWmo8zJxvDiGgfApiNlaHb5XatLzMPR2rE+iLrF219NgurcxeddeNDw6p1FR2fFuE6KB+bYWG1VOFrbMLs8IIrBVtyTu96jJTxEW9+wybOLO95\4Vi\nN5IVNa6jjhHxU9\25Z4G8m0FBDsK0VK2D1s\9d54JW\Dtj9H+094eB+s8bo188VfiaYvTLSG3\WPnDSjkjz463sZYr\7qJVyKO71mHzmTFvFSWHDKBBRsreSvO86vVsonO\PFkAJ6KNVzwuzU48osITJvXu10LffiqAjgnT8Lu7DpePfjLNxJMK8VdkN49Lsy2HXgrDVwHjQ\1ha+ZQH0NwfYo48QW2r\u47oEAtVVmFYSjoKDcCQZWFYAs6GSgCfKOBhJ\TPYfHjIe+p2csKzu3p97sVyccNpc1ien8dpC2q457XWnmPEbCdYXUWg2YPlcGNLG7f7+1fX+6WnLnRe7ntetyzM1ojzek1F6POA3Y0tPWJ9XfU3fQSbdhJo6v\91zIMrPZq\PUNoc9vjkRsyVk4cgqw2Qdon4MmMC8LvJUVHP1MDVhBrv\sAq4uymTp5G08vmWg9g23Td\zVPj4WHrcIfx+chonzy\k+mfr+l\essBIYflnp3NDYT5fPKKdV5+q4a1e5w0\y2fkk0cHL1fCMRNyOXnhp\zmfedu9bM6qkO3Vu9qj6QsHLkR7TGSx2d\eYJcunQeywrseKoquPDfVayLbL8JE\jn0nHMmjeP3zet5rIt4c\VZjvB2mqCHaHfb7rHR27P5wU6dtKxvQPnxHHgqSTQ0IzlSMSeUYIjOwU6avDX1hDs8GIk5+PIG4fdFfH7nhXAbA21uekLgDsNe\o4HBlJPZ87vbvo3NaGsyQbc9d2gkEHtuxJuDISIdAaOle1hT7P43BjS87BkZOHzRFjnPft15Hcf\3lu85HXj9p7iwWHfoJfOTs\XrnOA7LBa8\iNvJkI8\a9E0zs+z46naxoJ\V4eXz+Tec6ZxUmkJV7+4jm\1O\4it7Uduj7\h\NLPzMnvK0irn+2JvrvQV393N6I6TPA7saWEtHPpgf\lo0EMg4iITul9\Y7Kums8OIsLcXusLAwsTw78TU0Ynp9oc836QU4MlN6Pt90jeviTMyaHQQDNmy5pbjS3ZgdNQRq6wh2eHvqkZ2HzTnCxofyyiuvvPLKKz+68iIxaAJ4tDNC3\SwDCNchmP6xCMw33s\eucrNm3isvwEXpmVwhEzJ2JtqsEGWN5dTJswk19ccixTw7c69bY38fo7q\jyh0nYEwwM\ATSMllx7hHMT3N232Zq+9aP+dErzTxrudntvueGHzOtiBcvPZaphpfn3\qY5plXck4mgJvzf3IV5zfuYvLftmB0ejhlzkyumXc8U8O3p+6qw5c+TMSZYMdiPI\cdCSLWzbznYpsbixLD91msbOF199Zw01rDaoTDCzDj5mawYpzF+9W1x+\4uHfOEds\+1J\0a+nuZObvrcUi6YkkFa1xkp4GP71k\57j89vJ7iwDLia8+7rriKc7v77ErOb9xF6d+2Ynlb+OycGVwz7zO79Vlo3NgwKOKRm5ewuGUL36nI2m0bN681qYp7fPXfPnX+AJBIbqoHc6sfM2kS+YDH295zPMd4fUg7b1a5WFxYzDdPquGvrwaw23uW72n38Ovj2P8ffbW\8b6LqRNm8MsvHrfbMdc93o2erVrOCbz4jWOZmgSYPrZv\pgfvdTAsySF6me2UZCVzQ\OWMySbFfPbeA2fsz\PVnHG9kpof032yjIzuIHZ0Zbrp43spMj2qNnf2nxc+clF3B+gUHF5m1c9GIN21r93PT5E7lgYkpojJlBPM3VPPziBn7UmBRzfI7U48sAzLKJnJwD1NVy2Sv1VPTJV3y8gXsnzOXOwhRmHwSsib\9Lz\7TG4p7uDJf9Yx65JjmZoYarftmz\hu49VMuuck7iiNDl0jLQ18sTLa7l+ZwI24LKzzwq\tpbZlxzHlO6xsJ4fvdTIM0boOYuW1UZhVg63nbEoah+\nh1a7rJzzuquy+wvHsOUxNA49DRU8shLH3NXY2p4v9sJWgn87IvLOCU3xvrOjmN9xx9P1fQkANLmX0XV\HYeu\8DvtXi62cslXNXY2j\R8r4GHq+9yHVnQ\Uc+Ssg\nO4cd3nwswg3iaqnnkv+v4oSet121lTOcEXvpG\3fsxEj\v6L2i8f8q0WLzed1l+\JIb6ZcS07yDyGW7cQHnF+7xMWq\xte79ClZOm8mJmZmcTCVvxXl+vezcc7ilKPxmO2UxVT9ZzMamdqZk9G7Xt7baWTgR3nh1FRdvsIfqM2kOq756AnlttXxvxSZWAJZhctrnTuFnUw2ef+YDrtzawJGzZvOdw3veb3qPk\TQeeKcs7iluJ1nVhkcd2g6bkw2bt7ECS\tIGi5+dmX+o6D9fzfkw28np08cvpnCPnIg6t33stPNzVwUX4OGcnJYPRMAFvk849rj2Zuas+56uGX1vPjxrTQ6+N8v+x9Xl\K1MQo68PAsNrx4+LnXzw96rHYtT6j08P5S47mpjk9n9+87Y0888IarqtOxB6rfWqCNAO5iQZHetp4NWBRlGAHs5MdW6O1T5TPjz1NuVv+lbebqJicSHFiUuzlDQODNn797+3MvXAySwvyuXxSDW9ti8h78zmmwA5tnTy1zmTKhERmTyxm4XvVvGWPqF+nh\OPGKA9Rvj4jJrPKeHiUje0N3LHv6tY33f8bt\OVRvT+M\0BEpKcjG2NGBZLYwrmMjvLjiSqV23iwa8bY0889IqrqtOCbXH8cdRNcPNG69\CrOP4oiM8JisLudH\9hI04Il3DE3M9SePg+vv7WOiz4Jzf0Z+An4A3zrtBO5YFJK6POI6ae2ais\e7KcR9zZofeXzxwb2sbqBg4qO5FcG3h2VnLo0x+TP24C9114VJQ6vsf11WkYhjHAOE8Kj\MR3H8x8gDUtLGxOIPZxeOwPqqPeL80WXB4NlNp481qJ4uLQx0\lOPvotxEvKaf1Ruqw8uZ0P4J29qmQbo93J\91z9ya33zr3ZvK7E737O4gWG2xOjnVVxfnYpRfChvfPV4imu3cdST1ezoXr\FohOOZ8WMRFa+tZoLPwxg+gLcfHq0MbeRh91ZofYLj+vXVzcwreyk7jFX9rf1XHjEUdy421h6n+urk0PjbQSND+WVV1555ZVXfvTkRWLRLaBHO8vCsiywzHA5euLIfYiW3\5GE6t9QHoKl1kmluVlweKjePLzU5nq8LJycx1Pb26mwpHBcUuX8sISB5ZlYfmzefj0OSxJhYrqhtDtUNttlEyZw90n5GOGt9OzfS9Br4u\nDqNqTY\K99bz5XrOli9rY6XG4JAJ6vL63h6WxtYbRy5eB53H1XCVEcgVIeKNjzuUB1eXOLovf7MCXz3sFSaaxp4erOHClsqS45azB8XG6Hl\Dms6KeuPzkhP7Q\I6S\9nb\dpXXnXsUV0zPgFYPz5fX8XRFCxWmi5IpB\Pjz2V2vy6e9nx\tz5rxbLaOCpGn4XGjdkzJDJLIrbR3L2NPyw2BjG++m+f+z\0UIGduUvmce\hZaw6Oh93ezP3v1kXV\uGBKl4rZKVXsibMYMHi5q6x13k0A7F8e1\9PHu5fDFR\JUr2PO033M9Yz3rv52ccTCUkqCLTxf3sDK1nC7fL6Ew\2h+gWzi\njsjkcl2ujprqBp8ubWOdzMHX6HO7\8gSO9IXWF1qurJ\lSsLLWb331VPHFz+\kPML7NTuqOALL1Sz3fJx6bKFXDElCa+nmefL63i+OgCZRVzx+UO4yjcyjpehxDdMzMJNkNXbN7O9n+Ufe3YVkx98jwvfH1z7h6Rw8sml5Hubeb68iXWdBiVTZvHjq4\hxskONm6t4\kqL57kTJYdP5vl\vD2u187heJeY6GMuz9fwgJfqH5mdjF\6FWXxl51OcrXd32l5HlbQ+trCpCWVcRXl05nYXh\rcwSXrh0MctybT3HZqttaOvb1cjT21vxArXVdTxd3sj7lo8vd48lT5+xdDDLfSNrfAw9jjysevJFZYdz39KSnnNBeSOr26xQu50yh3OsyPZ1sWRhP\3vNyOWo3v9cfVf1H7xDtAvw92eexDv8lMLlBRO4YKOj\Du3EHQ00TQGwCrmSsfeYvJD3zArVb8x\e6HXXdbehtaODp8jqej9KuT+7swIObqYVp3fUpLEggDyA5kUV54fqaqXy+IAnaOnl2h0VR2fzwOPH1M04i+z+DUw5NpqKyjuerW1hdWY+VWdzPOCgLj4MR1D+Djvu+P0fkfc0U2Oh5zmXEsXTEkplMDbbwfHkdrzSEzlVXLJ3OAmso75dd5\WWXue+yPWZmSW8eOkR\RyLPetbcPQ8bp+bAR0tvFLe9dkik2Wfn8\P8gZoj+YdPL\LhKyJ\PK0cdzzxaNYlm2ysbyCO+Jqz77nqYh8oI1gsh83ALaBl7cssHZxf1U7kETpeFuvfOHCbOa6obaunqd3bGNlI5CTy2WTAr3qt0ftMYLjhTMzKQEqqnbyeD\LV7zxATMefJcTXqnDsiys\Jk8cvpUZifDxsq60Bhq8ENyJstOnsu3kyLfb1zMW3gw81wdvFLewEpPgLSCqdx44THcPT+Vmp2htqy1pbHkqNnckxfefls6v794KVeUJuGtb+Tp8jpeqYe08VO5\UtlfNkZDNcvfBwdlgc1DTxd0cLqXbsw82fwaL91nMctSaH9i92vw98\e34+amRlbeg20NdHnl9NF+fkp0JjG6\0eb8e7PH30HOrmfHAKr68wcT0bKKzo4GvLjmK8wvB29DKUzHrG3ne7JMPtBJIDnRvq9fyXeezmP08N9TPO7aHjuvcdK5yR6zfdPKF\DRoa+WpDyxoS+PB7jHX1GfMzeFSZ6DXuF7Sa8zVsPDoefy\qGPp8PC4HknjQ7FixYoVK1Y8qmKRGHQF8KhnjPIy1n500uwHkhOYggH+Ar4xOxN38y6ueeIDnmrqem0Ov\3SoZw0cxLLV27k3kPzOTgRtq99mc\8Lxmbyw5k8JsLp3NizjiuppFfd2\HwjSTWHHJPJYkB1j59kdcuNYLGDz+zkbSsg\jmCw\5S9v5FsACZP5xqGZuL3N3PHExzzgCa8mdwL\Nw4Zs2cxPI3N3GvM7x+h0HFpxs44dVwZdOK+duZRRw2ewrL3x6orgVcTQO\Htb+2Zf9CzCZIwrseJtquPLxzazsWnz8ZF49JY\irHTA07P8QO0Ztc8mDdBnE8N9RnzbGNT46luamGuf4+fFp\OTmZmcsiCTmu1bufbNap72DLJdPTu5eU0m\1yQxnFLZ3LW\dv5e4p993aPd\+jtZ1\3ADH3OTQMefoqZd3VyUnPFVBBQBubvj8HJYXjOfqmVW8vcHBbUdMDU1Ev\1h+FgDSOaWZbO4LG8SX5tTxWvrnXEu5+rZVb+HL596LN+d4sJTtY2zntlJBQZQzLHj3FC\ldP\vJWqpAQMA5aeMJffl6RxxHy4d81wHydDKe0UJ9qBdio2xD9uBteudry7tnHqv3eG+rPruEwN8PR\13LtttBSN3x+PssL0lh8sMG9H9P9WlpquPKvm8N\OHSHbm9aMJFvlFVx9joHtx1xUIy6TORrcyr7rwtu7jzrUM7NSeO0gMFbDh\LF0xiqqOd555dzRWfdnTv8zGnLOYPB03ka2VVvLbOGd\6Pq3gWkcCa0pSaG7YyLWvA5Twl5hjyeDeNXurf4ez7Cv071+Zko072MHjL6zl5h1duTTuOWcmp2UkcZhl8NeIVcQ+Fzj7rD\e\jvA+uXTLdw\cTY3TJjM7ddM5nvtLZRX1fLh9m088d4WVprFODJTu59sEc\xffbarawMTGVNSQq0NXPty7tCi83q267FnDM3g8MyUimilUoCXJybDgETryOF4uIA1DghP5spqVC7vZGngdsGOU5qt27khBe63lx8LD8p3uN4BPTPkErAu5PODWt6YnI47th53D4vBwiwbseuXst7qys59emuYyncljmZnJtcyVtte3he7z73pXNaoJK3HH6WL5gYow8m8bWynby2zslp4zOhYyc\+16fp+ajGGD4gUH85+Dk5g9Iw1qWvpvB38NP3ziE46+bCazp8xgmbeVJ1\dxPXd24vzPBVspnPD6oh\SGPJgjJuOq6EPGBjXT3R7b7elW0BADJSc4DwcWEFWT4hG+hg9bo6AH5d08Y5mcnMnpyKta3rmcHGnrXHCC5nJjgBHxW1nrhfd25ZDvlmgJXvrOLCD+m2\HPzuaEwmVkTDEKXEoe4W+v48uMbw58XivjbF4s5LN3Om29\yBfCY3rRsYewYkoqs6cANQYLj5\AcalB1q16l8\+r6V7XcWL5vHCgkIuPrya37\u6\53b80uznp6W3jcw7knDFRHYP3Y7ddID+xq4aLcLBYf5ueeD12hfG4eh2XDxk8rISkj6uviP\56tnv5uedwy\jwn6AatvHtf6zjTbK6j6N+6xlspnPD+1G2VRyxrb6fY4w4xiKw3sevK1s4JzODuWUmvBW6RsLKGcesrND72+PAwuMn7tGYu\OsWGMpNTyWYrWDSpUqVapUqVJlf6VI\zQBPNpZVuhYtxh9Zc9O9LNcFTUdUyA5vJ9zMpnqBk9jG0sPnsDSiDU4vUFIT2PxbIt7G02agZKD5nNv3Rr+uGozb3Zk8ZX7d2FLdIUfUWR1t9\SMw5lSaqPVW+s4cKPgtHr2dXOB2cy2wYVFZU84Imod81WHqrK5IcTsjhm\kbufT\8ws4mHn+1sWe55u08tyuPw8ansniWxb0NEXWtX8Mf393Mm94svnLfLmzJLoyR0E\7rH8Bawtn\WFL6BtLQR+W14flb8XcYWPbMXkU2+0swmKlFWd7fhJlu5F91hxxvNRu5aHKTH44MdxnayK28Upjz3KeiG3MjHd8Rd9f0wpy6\ln8aViF97OACQ4yMt2kb3DC6leAlursbKKcaYlxNWuFWs28qviQ7ilsJhvnlzNX18ORNzWIfSNsPj3P2L9XeM9nmPuYIt7u\+I18mbn2ynoru+ndy9rYmLCrI4eGIefJrAvHyguYlfre2M2K9W7ljfwGlH5zB7UjGss8W5XHX3vqaNn8+NU5LwbN\A556tZ0d3u7VT5wWyC\njZ+r47RvlPLrDxgt\9zApKRXDvpfG+34v88hNAgjSGdmvMcvCQbarj4+2V\X0Z0UAL0BzM3dv6zmuH2\ysrzAQeiE1TWO\Kz6ZFPoj7kWYHRy9+YmLsrPYmphHqyLGAtrOiPq2cod6xo4bWm4Luurw+vz8dG2qtAf0cLr29Tqg6wEig+xYP04FufaocOLmZfHPXkRg9X04SWZqeMLYF1dnOvr2g96\seKGEvH1\Hb\5XzaJWNF\7mYVJKeBJu2MfFXiq79fTzrU+8za0GEPRj+TuxfJ2YHRtZW1\KaRkG6eMsqO56fSdvfry9V\vevTXiXLChoc\5ZrD9d6D0SycPPPceK6eXcPW0HBblpjJ7Siqzp0zm\GOPwVO9gbv+Wc7DVhbGoI\vrv61+vR7V7tuZ3VzEYdlp3Kxv4o77fnMTAdPdTMVhZmUZOcD9RRNTqIEP29WhibMBjdOfJRXNfZsdrDjYNj7Z5BlWFr41tu7M6ndVsnNH1oRy\tYtSXyfbWZdS0+TstwkTvRgo\28LxudbKpLXzum2PBR3H2wUd17PCZkJXHV89qxPXyR\xis5\NjY1MeyMDmz1GO5gepk2dwe+OnUCJLYDH6yDNncis5BbMoB2jdTN+TwKOokJssY5fgLwZVP1kRpS2BE99NXe80hzzvNar9HjxdOdDx4WVXcziXKCplT\vCL2u4v0W1k1NZlZJAVd1buI3CaGXDLk9Rng5JdUN+CDYT7tFKR9\fjWPG0AwiBVox\L5MDvbuKdqGjcUpuF29eoQKqq380p3v\jpNIFOD69EfD5YWduBZ0oS2Cyw7Jw7Lg1MD51kcc+RWRFr84Y+p+flYVmhrwICVNRtjRj38Ph\VvO4BVhBLN\Z+\O4+Qq60T\f6qql3SW7iy9ZessJCEkAQJBZQkCooIIIjPuI86ooOPA7w4X547LzB1wHPHemUFn7sh15meUEcYZL6JecFRQICgICIJBCJDQWbs7S3eS3tLdtZ\7R1V3V29Jd7aurv68X+KTp76nznnO+T7nVCXfOlXdBMk46e4uvro3Z4wFnNd+AQ0vd7F51QzWLJhL8NIBQkGa80+voC7dyb2\jULv5arv78\Z\ljOv2xberiTB7cGVFXO4NzZi\jSByNM+e5O7k5FjjzOo23rF+3DnuejzXPvMVg9dz7zgz00hVK868xZ1BFj4\b9wCjnHIPmXO\xCkFjbNBc2pZge1srpz85k3DxCc6vra2tra2t7eRqpSOwAFwoQiO0Ezpew8KybCcEzJ6S+Wq82qVcV8swIlRXA6\t5t5dM\j0ollcdfllXHX5ZcS6WnnutW38x9P7+UnJ7L67ZSirYn1Z5rnLq0tJp7v7\zI\3PhKI0CKlrb2IfH7uhL8D6ZQMT1n+a4oGwbt14aOKJ9nBtVVg8b6lsu46i2Dxlqc\UR0XubnxMSDw00kksVcuWI+ly+qoq56Fisqy6kqBULFrAaeHul4Muh4bmGo3JwN2v593Tk569UVZcOg8fdtoxp4cgzzK3f\0wk+\66L+Oi8EPWvv87HN3ZyxdVn8fl58\jTdzfx02eX8t0vXc7MfXtZ+58NQ58\aL8zReIDoAAAIABJREFUYmz4ZROXXbeIC85YzTfrn+CG49n\wdsZzTlXlTuuBM1bBo3zxSjNb4JlU6dBKExpGGJd3f13e\dub0uc9kugakophBi4XGiE5fp3kjXLMv3SOdN5W1czd\fdDd3Ona+1cs55s1h+5nnceeZ53JmM8\rOnfzk2S18pbWSSHHO+nNbRng8L+J7aOheBFNCTJkGdI\w\MRB4nvbCc9ZSNG04lEf\z7pYdabTpM7QxvSKaBo0HJRGn6X\XPv4y9Fab4AlpXPAHJyPHj9W+O0X5qT497HgyMdn2lUlwHM4qp1sxhO6YwK4EDOfgxa34jnWe\jOXNpzXncuSZnLj23ha8cys6lvJgfJyGe7CCx7xAXrJjPRStOY0X1LJbPmcGy8sxOl88hU9gLwYBrQe\zfxel+fzstYBDg9Z\DPnre\4Y85Kvx\cI8c1bdvOpLbsz\apZXL+kkisXz+SC2hV86UPTKfv+Lr4VPYbz+0jbBe491MUNVRWcuy4B+6azsAwaWndQP30Wqyumcz57uax6JsTb+W3vnVW982T5fC46\QjzZNjtj2EejOH45VUcoCdKfU+Q80CalrZOnnq9mbt2dTHEcNfhvvUXD\96CUe+rg8eX19\9Dm468Vmrpxdy+olq\jMklV8Jhmnee9efvz8i9y2aw5FZeFhj0960Wq+\fYFVEfbufOnr3DX1NP42VurWb52NV+u\zkHrn4Pn6hJ8NDjL\Ffdw59\gDxOPWHUwMe6ujq5OkdB7jvtXYajnpd72+DmaWUAx2h3vcPKd67too6YPeOp9i4tfeW9nqevfh6Vs+v5h0XbuHrL2Re\454PHbPoWhKePzn3zHEt3UnYHZAEKQhFB4Sz+jMfIhx1kKKK6ZAupvU\h2cXreIy89cyorqCtZUz6SuPPOGa8D7biCWjh19fLnzlsrMh+DC5axbV846hjF9Bh8Jwb3DjpfMGPdlx7hmhDGONa95mL8jxnt17OGFg7Wsrp7JrYkDfDVSyvVzy+HgPjZ0wBUn6vwLwV2\fK3vHyovfetavrV0AZ+8tIO7H20fefyj2dZI+z\KPPcdg6oKbirbw+e7y7l27lToauWBrTDqOcegOZczrrt+18yVc44yl4bb\3ydP8aNGzdu3Ljx\ItLw7AAPMEFBH03XWX6A8\9API6nnkw6PuH\QHxWITyMiCWYFsQ0FtVe\2lx7niqZKRt0eUDQ89z4aqGm5dU8mV86exsGwW69edx\qVe\mb7+\gW33\8JamfstOts1byhXLl\PN157gxj0zBqyvb4w5\SCVgiA8YP+CdPYPoYD+T0hnvos\lLu+dLqvF+SM9dNrKrli0Fi\+P0d3N3\7Xt5l79R53ek56fifOyKt\Pnq8szv9+UThNLpWluO0xDxXQW9j1\lMczZ1GCYMD2glSKIAgP2H76KDnr3b8gZxsEo5lfwxyfZSu5bl4Empv4+GMtNADf+NHrLHv\6bxv2bn836ok1eEIDd3tA+bb4OObe1wDINTexGd\O5MfnV\B5ZeewXueTefEgzHsf06qerc\6Jwb\nzLHVyQuUMknBOPpwiAWCrIWX+yf\y9j6UyyxEK5eQiOXT+pLL\+BMKEdB\7Ygd2s8dbRV8Yek8PnnlHr75izihcGb9DZte5ZJN03jfG+dz7aIKVleUsHzZCv502SLO2\g8128dZn9GOP75FM\8o2wZC5Z0w8tlwz6fc97EK5+soH1HI29+rDcwiuOfOxf6rs9B\5oHPz932d65kO6fC5nNZrcRZH6nLXcsA\YvJ8cjjaVv\oez+55y26W\KCx\wddDxCA584cH2DtjNg5mX7uXPpXYsqWDPCXOrbXh7Pn5HjA\OckWLuipX8xycXUZd95xhLpIlFe9jcHmZ1BUfPf6L\WtA7fzKBnJEdY\4aNr3KmzdN4\1HOMfz5\iONp4gvfc1Esl5lC6YA73x5kPc23yIe349hY+8YxVfqJvHB87dyTd\1fvEsZ7fQd8f+0bSO9\re2g4fRrLa2tIlU2jjh4e2Bxl4\QY1y6ZxrXd81k2C2jv4u+DgBAp5q1Yyb+PYp4MPH97979\Hiz+QWPu9MnD\Bx7vKOlibf9dP\Ir6f0n0aZTtB3ozaDHu\8zCvl8mc18tBeR8wvgHrG3oujrh\O7dzzd17uODsedyweCbrqqZQvXARH124gPWbNvH2X8eGff5frFtANVE2PrOZu5oB6vnYc6X85\mz+OA1V9NcVkppKk79jkH7M\j4AHS28Pb7dx35\QmD5\fQ16+AFNeUZiZt8+GDBASE4jO4smYqAHXnXMuecxhizeI63vRsE89EjuF45On8HBx\+HCczzONhXOKCILUgPfHfctXrebJGy9n5v69fOzB3TxXNY8f\9HlrCnLLpBK0xGNsbktxbmzs7dM5zx\0EUh5+FgmPHmvLvtaeZL365nQ+jI+R+8jQAIKufx4z8cxRh3bufqu\dw4dnzuHHxTM4dJq8cx\Ed93gQEATR\q+BPifGV\bVsXo2bH55Dw1BMPL7o1Gef6m2rSTbZ1K8qJpwzvYf\3UbDUvLWDhzJgRtA58\+PqU3daI+8Mg2bGmR5HnzPU1ym17D3N91UzWrAoIWqpYMwNadrXwQBD0vz71NPM3367nWzkbHPH6lPN6GgLIuUaMNJeGPb+G21\jxo0bN27cuHGk0QkffRHls8En+0TrD9YXT3cx9w0VrAlD7FBn5q7PnjQxoG5mTV\NL7N8mvTB14ju3JOpKUSbie\cSrJxP1\ZuJm3\9uznHHfZu5qSsC0uVx3Zs4Go63c9\g+PvVyOx1M5fKLTufNPf0fMR8y\iRAhKrpRQMvtkGU95YWAQmac28OLg1xTSLn+UEPH586BYjRsB9COWO9c5ix\l7uWEdxPPOtP9iQ5Zev5JOryyntOMgdP3qBpd94hjO+9SyXfHcPzcEwKzja8Rxuezk5GyCI8r6j5CwEMGgbY5lfA8YztYhSoKOrnd198VY++9AOnuqOUF1RCvFDPPBs+\DPP0K\4cVtfG1PEmbU8d9WHvv+D1n\oHOuP54552I79\TX3wEoompR\29fhUiTXlVEDdAR6yEExNJQWlbEmxKD3swsDlMBdHRn\iEtd7nc\QkWhzN36HTHcp4f5\lXtnHvz\fxdBSqV63gf1d2ZfPXRbLxVeKHDnDfs1v5g+89x9oNL\AHz7fRQSkXrVpw1OObr\0Ne6PEiLBu8Xzm9qSGLh\v4dYFsykvKqEj1jam4z+csZ3vA+cCQLAyMxdaDme+ZHNwjnvXl5vjIxm4\RQdcaB8Crdmr+F98Z49xLa9Sqp7wGQ9yvqG6Q+aSx8+wlwa1fryvD\QHL54\iLqwj08\MxmLvmXpzjjW8+w9ju\5rGO4ZYfnP80Qc61YOj2jiN\2bwkjnKOj\fxHHt\If\6Z59kz1++kVvbowwWootv78\eLZq9Af+En9+Nh6jvgvKKafz1nOnQ1c3GdniwNUqMKSy4bDrLS2Hz3p3Z58\hr0c5T4bf\558OmegfkOZedBsjt9hOdPnn6usb1eHm19Q8\FvuVzchAiTmr\VmL79vHUi9v5+AMvsHbDU1zz+H4a0hGWL6vj2hG2V14EkKB9R\6G1\czC2vdBKbNpXqMDRs38ldRxjvCT+eHSWZu\3o4ZVt0czxWzuPi2YAhzt5cOuBQf+1Up8AKqu4cUn8uI5HvvcbtvXQANQtnMt7OuJDl091csmKGdSFI8QSMV4gwhfXn8GasgSbX97GNf\yFEs3PMPaf\sNf78\wbEYOr5uOuNA2RTOnRMfGE+0kti6mfgw183+50f461GNMZPXeDavHxshr\mUr2PtN7zcxeZ0hDXzazj\jBnUpTt54eXoCVn\F\oepr+Zj1fKBl4\Q6KkgQAQWTA8kd+PzKW6+Po8tz3\KfbeCEOa+bX8t5lFVTTwwsvH8jG++fcujkD39+GEq3Ec+bc8OMbeI0YaS6NZv\s27dv3759+\YH96UjsQA8wfV+on9wywiP51W8dx96mkkc2k\yUKZN7NtKzYxF\OsbqoA4T29pzDzv2TY2J6B0\ny+WradZGcnqcOHSO6L8dVPfIw9X7qaf1wacO4Vb2Pbl67nJ+uaSbS3ku7qJLl7M79uzf5Fr\c3PzNbz\zvxXq+1pSE2Yv560vCmTsjA7I3QqRIt7WTjqUINh9mcxrqli7goz17SB7uIN3ZQjyYw0fqpkIyxiu5v6U6o5L3LW0m0dFO+vBBEkEN764rhe5uHt4C5wwYaxuprg5Su1\JGWse529U+U0THBqY3+ShZpKH9pOOQ7BgOtXA7von+OctLaS62kkd2Mnys2azpjQnP4OOZ3KE4xn03SmeImjrIBVLwuauATlLHe4k3dlMIqjsy9nmTcGQnCU7OkgdPkAiqM3Zxmjn1zDHJft7z+XzZvNfo3tJHe4k1bGXRGMzvTfiEg4xJ2gmnTrC8c2dun2P97DhF408FYPq+VWZr23uvT6MYf9753vQO9+fbR1wziU6O0gfbh1wzv2vpbnjmsp5K8uoOXCIdFcbyX0xvrymmnLibN55gCDYywuHgNk13LRkf+a86Gojue8gnzmzlmrSNBzYA6NcbsDxAIKgic9uaqeDcq667DQu7klBzVk8dtvH2faRudQ0HyDV1Um6s5FfvtZKFCBSlJ\nz2jizzfweCcwfzn\uj5Ozb79mfx2tZJq3s5Fa1bzh3URiLbzwJPRMRz\wcd10Hk4ZP4NvJ72zYUVU6g50Jo5r5sPctvK3rnQAsE+nu8by77M+dbVSmrAWJoGrpJB+z\g8d1sPJiG0mquXX+Y+KG2zHYP7eaiN7+dpr\9OL+6pjL3STnXl+HWR9+NcEH8AOmuKOmaM7NzqZaa5oMkuzpIdzblzKVIfs2PY44Pl+fZ1M0ADjVx+8ad7OrKXr9SlVxWExlw3PqvBb35byU14FrQMnDRYIz5O0peUiPkJX+O72jje3mhMw2lNfzh+2dzVfsWEs2Z189k825i7Wn+92lzgDiN+zj+83vwcQ0CCA7wdGsCZs3mHbMixDp6eDAI4NkeGijlvJVVlHOYzZvHPk+GnG9jnAfjn59jjA8+7kd6\jB5Gpq\gXlPjvr1cvjtEOwalINW0l0dJA\tYn1fDqoIgiX8x6evp+nWNbxnX3Pm\fDhVl58qYX2BBCKjLh\jfE0MINz18WIt7Zmxru\nsThZN8wKiJRajvjIx+fAQdzFMe\d\l0bMD70cSB3cR37uWT163l8hkQO3CIOxsgCLq5tW42pcDmna\zp49t4ZbHtnJLtv3Tx15hw94YMJWLzqghNcLx2DToeIz7\DuWeMNuHtifhhl1\PfrprB8TxPJzo6+eVEzdzl\vbIcUj1s\N0+CGpYNhPoaeb7P9zMS12dpDqbSXQn+XDtjN4JmF0\A\p97ZHmaQBB0MY9zVGgnIvOKaWm+QDprk5S7Y3ULD2bV+68kVeuXzHwvBuwf\1j\MEPX+F3XZm\zyW6EzljZMg8T42Q17zO30jxwdeDtj28cBBKayv5i5pyONjJX7X1nj+5Bz\nfBrl+fdCNAXhSi5bFyPRmr2uH2jmo+dUUwc0tLWM\PyBAx3V\vUvPjDPL2XzHB+S597n72LjgTTUzOLGyqnQ1sk9Db3x9kFzLvN+I9XeNGDODTevM89f2jeXfj\7fj11+BAvvnQgO5eK8mt+GDdu3Lhx48YnVFw6Er8CeoILEYIQhIKBLcHwj+dVHIASzjznEh5bQ\ZxKC0vp25aBEhT\9o2Praldz8b+dq2Kr6+spzrPvI+1mzdycuxaaw5rZbl06Fjzz6+siNEQ\IwDcunseaCq\jV\L08fzBG+Zx5vGHx1EwhZPCP44UgFMTY8EQz175nHqvPPIMvb3mBv2gvoyUFMJPLP3A6X23o4taXd3Dn6zP5+ukL+Ks\vpLLt+yhuXQO65fNoaooTf1rDdyR3Y+MUtZf+U4eW9nIy51TWbe6hrqiJE\Zgf3hYD6QWM9EKO8MmesT+Vx\kaV3+m85aOX8FjQn9\etn7nq9y0P0HLGVC39ioenbqTl7tLqK6bz0WVxZnf+grSfU\JPZ6PjnA8Q0GI5lQAzOQtH1jBP+zu4tZXtnPn1gq+vjInZyVzWL88m7MtDXw5Ow+Oug1CsG0082uY49K0lXsbZ\L5BbX8l09ezrlbmumYXs36JTMpD6dpaIlRUTWLD\7+pSR+uZ3bd0SHP765Uzf38Y49fO63s\jR+RV9BeAQIegY\f73zve39M33Jr62vZqvn54957bs5OV4zjnXtI87d2a3A0CK0kVv4uFP7uHJXQnqVixgzYwIHU0N3LYFQsS47Tf7ueBtNax\5zv51cpGnm+LsDy7XKxtP3f+GhjlcqGcmdG7vw0vbuO+ZWu5oXIRf3nRXt72wgFe6Khi2fxVPHzzHJ7b3k7H1ArWLamhmiRPv75zyHU0L86fUcXb+NSv9vGjy2pZfd7lPL6ynd9s209zopS60+ayblYJpHq4b+PmzNcjBqM9\kOPa2Z7gy6dveMYdD3tVb7s\Mxc2Bml5rRFrJsVoWNPA7e9FoJQlNuf28+Fb69h\Tuv5smVjTzfGmH56TljeWaE9Y+w3bs2tXBtdQ3LzruSVxbu4tGGFFUL5\KGmjKItnPvc4cG7VroiPsRioWJActPeyP\O3WQx58+yAsd1Sybv5qHb67kuW3tdEyvYN3i7FzauivP5sexxofLcxeN3bCschkPf7SYR5sSlM6qZv3i8r7rDamA\h9AT1G6qDf\Ceqyee3P\3Hk7xjzkj\Hd\Txux7fzYXvXswFi9Zy15+dyZfbO9gfBaZMo66ihNIwdDTtGeP1dcBJ0H9+Dzmu7dxfDBv2d\PpBRVUT4P63buz+eqgoauWZdMi0NbDAx296xn9PBlyvgVjmwf5kJ9jig8+7kd6\jB5YsjjA\P+5BheL4fbDoS468WcHCzYxaNNKaoW5OTgNwcJAY+3zufCBXX8zafLuXZbMy1k3x+UpqnfvpcHR9i\u15o4dora1h21qX8dnYjT+6H5csWsKYiAtEeNqdKWb3sXB74vV187Gf72Dzc8Rl4MI9+\HuXL6\l0Y\O6n8\Gi6lpnIq5WEg2s6dP99FQwhCxUu4bEEEEh089KvowOOfXe99L3VyU10pC+uq+euyLaM6HuM+\44pHuUrj+1mzbvquHTZ+Tz8uTU8v3MPu7uK+uZFKUmefuZVPtsYgtAhXjlcx4WV8\nMzRHO295BbEYl6xfPpir7Lw9BOgGhkiHXgd7tH3GeZvP59G\28fSCxVyw7AIev3k\j25vp3TOPN5QN53yVA\3vbi7P2\Z59G3vkO80lXHhXPm8+c3R1i3rYNY+eAxxgnRNKZ5np\5G+31pfdroKtYUwqbf5fz\nhQnsZ6\j341B7eX7OYC866lBdmN\LkvhTVixZwUVUJsbb93PZIx8jPHzTS0exf\9KjzXNJ3\PvajrMzfNmsXwWNLzewtM563\6uUFzbls7pZU5c27T7uGPVxCCUCOPt87jwgV1fOnT5bx7yFzaw4Oj3D\jxo0bN27cuPHBcelILABPcEGQpu9M7\3kx0TpZ28GKa+c1f8PgwDpNB2dnWx8cRu3vHSYvn9QDmDjxuf5VHQ1n19ZwfKVK1gOkEpSv3U7tzy2l91BAA31fGxjmn+4oIrVdYu4bnF2nYdauO2xLdwThDIbD2UHEWQ\x9y2gzu2zuRbq2bxe29dydfv38kDrx7kxtq5rF60lOtq2tn00kvcs\EVPhNbys0rKrjo7BUAxKI9PPTbHXzqN4f6xwsQPcAD+6dz2eIlLA9DLNrNA89s5ZaXsz8S2\D6yGPduJV78ilfx5TfCNW1s6hmqFB7QLBxM5+ZeSZfOKM\n7FoDw89v4PmRSv4SGU5axYEBI2jPJ5BMChnbWzavJl7Hn+Fz8SHydkL2\nUC2394x92Gz088MyWzDZGPb+GPz7f+NEmYpefwc2LZrL+7JkAdHR18cBvX+eWl7u47Pyz+J+rp1BdFmQ\zTXM8Y0AZD4lHgyK7\7t69yz5FxurglDJNJ3fdg4yv0ffr6\wKd6VmXOuTMGnXOP7mF373yPhIEYDz0X49xz5nHVOiCdpH7HLm55uCnztddBADvr+djGJF84r4YLlyzlunB2fTt2ccdDDWzsXd+Rlnu4kY2964tkv8gi3Hs8evjSMy1c+o4alp97Nn9R\yKfebie6GWLeXdVDZevq+nb\wee3MItLwfHNr\zpb9zG1f\oIPPX7SQ98+dwUVnV2TiqSQtLS187ZdbuaeF7HPGcPxzj2vf9rJvGfrums6OJ1IEhCGcJghC2VMpzlOvdbFwyTyuOq93zmzjlsf2ZecCsPP1gWM5bVCO+9bfO5bM+vv2f0DuM+t728+SfOuCGi6sWsR1NfSdm3ds3Mo9bdkC5WjXt2UPPz1zBh+pquWqdZXM7HmGP8idS+cNmksvpQe8XuXF\Dim\qA8AwT7+OgvpvCd9TVcWLuI62qzudrVyF91zeIf1kxj4byZBK+2Z49jnIeejXLuudn8D7kW9B7vImCM+du6d1Befp3Jy6WLeXd1bl66eeDJrTnneL4c3zH025r40A\jfP6ihby7ppSqWf3vl2LRbjZubeS2pzK\KT+m8zvcm+MIfb+lPsx8\97LIXjuMPXnVLA6HKV+W+\1oIWn25Zy2bQiGg7u56m+68ER5snhmfzDmdNZOD93ntB\vvXu\676I8+D3l9JyIf8jLWfe9xH8\59yOvbCNfnY369HHl9fTmozuZxwLmYWd83\vNlSq84nRvr+t\TEIvy1O9289lftRKMdD1syFn\vEVctyA73t1NfO1XO3mAuXz9qsWsm1ZKFYPmR+\6wtm\RAx+PRrpePYuXzqV5bWZ3\XtFYvFqd\fktl2dn5dePF81oShpbGZr420\oZdbDxQyUcq53DeuSXcfqzHYyL02xr56L1tfOQty7l50VTWrVzBOsjMi7ZW7vnNNu6oz37FfNDDl362g6orF3HlzFquWlcLqSQNLfu57fUSbr54FnWVSwiCxuz7ByCS+3rc+3e0nNeH3POnd\62NfGhH6b5h7cu4LI5NVy1riYznq52vvHr17ljZ\ban\u8vv3r5ks\20nVFXWZMZ43zBirlhDQmJ3nK4bP61Nt2XXmWb6O8Xq0+6XDbF41g9Uc5qmnco7X4Ov1WM+\tkY+9OM0\3BZHVcOc85vPNLzwznvSXpfr466fDib757h89y8n9vqc\IcNPQ\mDvHx2OetKenhhS9vA60\7oDl3Xu+ca+Mbv97GHbuCvmOaaQdev0a8Zr64i88+3ZYzP\Ngfti3b9++ffv2J1ZfOoJQ0Peve5poFv\jI4RLy8Z7GBpWLf\2R6dxIQe441+3ZH7DWMfhVBxPcyadCDdc9QY+XwdPPfkcH355vEcjSZIkjUJiJvfesJqLovu55P\UZz5gJUmSlOfSsR52\ulbx3sYOgYdHR0AbNq06YSve+3atYB3AE941u\zVX9egiDwwzjH7VQcT3MmnQh9506QvfNBkiRJylNB9CCpnigL3nQa55XB5vqGzDeLSZIkSROcBeAJLjS4E9jPm37Ow6F8GM9E7+c8fNKOZ+42xnt\7dufoP3QoIfHezz27du3b9++ffv27Y\Uv\by9dxUVUxNTTmlsTYeeDJKKI\GZ9++ffv27du3f6R+blcazALwBBcEwcATP8B+XvSH+f2qvBrfROufiuOZs40g53ev8mL\7dufQP3hfj84n8Zn3759+\bt27dv335vf9o0ls+dAoluHvr163yDIL\GZ9++ffv27du3f6S+dAT+BvAEtvgfHyFUUtp3vg9tQwQExo0bN27cuHHjxo0bN27cuHHjxo0bN27cuHHjxgsono5H\Q3gCepU\AawBeAJbPE\PkKouITMKd8rsG\fvn379u3bt2\fvn379u3bt2\fvn379u3bt1\A\SARswA8QZ2KAnD4hK9Zp1io73QP2bdv3759+\bt27dv3759+\bt27dv3759+\bt258EfWlk3gE8gS3+x0cIFZWMvECIzAdCjBs3bty4cePGjRs3bty4cePGjRs3bty4cePGjRdMPEjEvQN4gvIOYI1OaITWuHHjxo0bN27cuHHjxo0bN27cuHHjxo0bN27ceGHGpRF4B\AElrkDuHi8hyFJkiRJkiRJkqRTKEgmvAN4gvIOYEmSJEmSJEmSJEnSqBWN9wB0fIIgIETmq+BtbW1tbW1tbW1tbW1tbW1tbW1tbW1tbW1tC7+VjsQ7gCe4UPb\Mm1ohNa4cePGjRs3bty4cePGjRs3bty4cePGjRs3btx4ocSlI7EAPMEF2f\LtMEIrXHjxo0bN27cuHHjxo0bN27cuHHjxo0bN27cuPFCiUtHEgoCZ8lEtfgfHyEU8Vu8JUmSJEmSJEmSJpMglWTnn751vIehY9DR0QHApk2bTvi6165dC\gbwBOe9XtJkiRJkiRJkiRJvSwAT3B+y7skSZIkSZIkSdLk4u2BOhILwBNcEAQDq8AB9u3bt2\fvn379u3bt2\fvn379u3bt2\fvn379gu5Lx2BBeCJLjTofB908gfGjRs3bty4cePGjRs3bty4cePGjRs3bty4cePGCyuONDILwBNYJBQiFQRHOMlDgHHjxo0bN27cuHHjxo0bN27cuHHjxo0bN27cuPFCikdCoRGjUni8B6Bjt7CiDIAQoRFajBs3bty4cePGjRs3bty4cePGjRs3bty4cePGjRdYvLdGJA0ncvvtt98+3oPQsYml0jzVcCjzCZCAzBlva2tra2tra2tra2tra2tra2tra2tra2trW7BtOAR\fN5izps3E008sVgMgH379p3wddfW1gLeATyhfXLdIiqnlhBEuyCUOe9tbW1tbW1tbW1tbW1S7Fu2AAAgAElEQVRtbW1tbW1tbW1tbW1tC7MNYl1UTi3hk+sWIY0kFARBMN6D0LHbebCDd335mxxMFxGeM5fItHIIWdeXJEmSJEmSJEkqCEGaVFcH6YN7mRNO8uDnPs7iOeXjPSodo46ODgA2bdp0wte9du1awAJwwfjaT57g3ic2sWt\M6lUeryHI0mSJEmSJEmSpBMgEgmzqKaa6y9ey81XXTzew9FxsgAsSZIkSZIkSZIkSQXiVBSA\a5gSZIkSZIkSZIkSSoQFoAlSZIkSZIkSZIkqUBYAJYkSZIkSZIkSZKkAmEBWJIkSZIkSZIkSZIKhAVgSZIkSZIkSZIkSSoQFoAlSZIkSZIkSZIkqUBYAJYkSZIkSZIkSZKkAmEBWJIkSZIkSZIkSZIKhAVgSZIkSZIkSZIkSSoQFoAlSZIkSZIkSZIkqUBYAJYkSZIkSZIkSZKkAmEBWJIkSZIkSZIkSZIKhAVgSZIkSZIkSZIkSSoQFoAlSZIkSZIkSZIkqUBYAJYkSZIkSZIkSZKkAmEBWJIkSZIkSZIkSZIKhAVgSZIkSZIkSZIkSSoQFoAlSZIkSZIkSZIkqUBYAJYkSZIkSZIkSZKkAmEBWJIkSZIkSZIkSZIKhAVgSZIkSZIkSZIkSSoQFoAlSZIkSZIkSZIkqUBYAJYkSZIkSZIkSZKkAmEBWJIkSZIkSZIkSZIKhAVgSZIkSZIkSZIkSSoQFoAlSZIkSZIkSZIkqUBYAJYkSZIkSZIkSZKkAmEBWJIkSZIkSZIkSZIKhAVgSZIkSZIkSZIkSSoQReM9AB277du3j\cQJEmSJEmSJEmSNA6WLl063kNQnrIAPMHV1taO9xDyViKRoLW1lVmzZlFcXDzew9EpYM7zm\mRJEmSJEmSpBNj37594z0E5TG\AloFq7i4mBkzZtDa2koikRjv4egUMOf5zfxIkiRJkiRJknTyWQBWQSsrK7PgNMmY8\xmfiRJkiRJkiRJOrksAKvgWXCafMx5fjM\kiRJkiRJkiSdPBaANSlYcJp8zHl+Mz+SJEmSJEmSJJ0cFoA1aVhwmnzMeX4zP5IkSZIkSZIknXgWgDWpWHCafMx5fjM\kiRJkiRJkiSdWBaANelYcJp8zHl+Mz+SJEmSJEmSJJ04FoA1KVlwmnzMeX4zP5IkSZIkSZIknRgWgDVpWXCafMx5fjM\kiRJkiRJkiQdPwvAmtQsOE0+5jy\mR9JkiRJkiRJko6PBWBNehacJh9znt\MjyRJkiRJkiRJx84CsIQFp8nInOc38yNJkiRJkiRJ0rGxACxlWXCafMx5fjM\kiRJkiRJkiSNXdF4D0CFLkrTiwf5QVuaqsqZfGD1jP5QTys\efYw27Ld0xbUcNVpJeMyyl5lZWUAtLa2MmvWLIqLi8d1PDr5zHl+Mz+SJEmSJEmSJI2NBWCdPKnDPLFxPze1BZl+y35+0BLlmxdXMSMCdPTw45YYT2QXv3hqbNwLwGDBaTIy5\nN\EiSJEmSJEmSNHp+BbROjo6DfOMn+\qLv1mvHWjnyp81sf0wEA4PmIDhcP5MR796dvIx5\nN\EiSJEmSJEmSNDr5U3FT4Wjaw60\b+WfYr0PhHjX7CJWZXudXT28+5Fd\ORAQCjnaaE8m44WnCYfc57fzI8kSZIkSZIkSUfnV0DrBEpz4KVG\mRLnNd6Hyoq4Svrl\GuuiLYvYObftHJwwGQTPDZzflfwPGrZycfc57fzI8kSZIkSZIkSUeWX7dcauJK9fDiEzt5R07xt7R0Kg9es5J3zWrlwV800Fi7hLuuqebW0nEd6Zh51+HkY87zm\mRJEmSJEmSJGlkFoB1\BLt\OSRPVy\P03vtz6vmjObx9+zjFXRBu748V5u3dXKFT\YwsZEFX\ynkVsmB064irzzXgUnDqf38FZ99dz1k\30XlKtjgOWlr4xmP7ODDe4xjGqcl5Jz\4z3rO+s89p\gYjNd2TxyLwJIkSZIkSZIkDc8CsI7PoWbu\EkLn+0M+h66Yul8HnznXEq31POen7byrXjm8Vg8xo0\3cK9O4q59OrTeHhREeU5q3p6zyFe7Eif2vGPwaktOHXzRHOK+UUhSru6+XHjSd7cOHnxpXb+qduc69iYH0mSJEmSJEmShrIArGMWq2\k+sc6+HZf3SXCrect5a71FTQ+\Trv+U03m4Y8K8kXntrGZ5\u4bRLTufx86ZyTu\6Yj1c\NdfHdn9FTtwpidsoJTYyvf7YLLTqvgvaS5Z9vBk7etcRQOAaEw+fwrric350UUj8sxmM0H33sW9e9dwtxTut0TzyKwJEmSJEmSJEkDFY33ADQRpWh6vpGbdiTY3vtQUSkb3raMS2cfZuOPX+Xmg0Hf10EPFXD\601sbo\ynbct43vTd\G5J9v5XhIIUtzxmyZeO1jJ7esqTsXOjFlZWRkAra2tzJo1i+LiE1+6294QZRMl3Li8hvKWNv6tpYtne+bwxrLBS6Y58Ooe\r4+yqMxiAFnz5jC\eGebxxdngMy6Q4sHkvf7\9SMsc4M7729i+qIa73jAjZwyDH+\tV\JpOritMc6LKZhRFOGPTq\ixjOmk\kK4v3cHgU4zMX313PxkPXmj1OR86MbTY6gL99bo\wkAaWRCJ9YWcXZe\dxQ\dUHrt6HpV0cP\9TfwF03ninbVU9OZjagWPzY1yx5YYjyShNBLmugWz+fQbZpLPP92dH\mRJEmSJEmSJCk\eAewxqzzpUbenVP8LZ8+nYevOZ1Lpxzi3h\u4sYjFn\7vdp8kEv+7zbqZy3iy9fM5fbpvZGAH+xo4c5X8\duvpN612HqII\uC2DGVM6vKOL8RWWUEue7r3QPWjBN03O7eMfmKE+ESvjc8gruWlRC6eEoN\yyiRd7xrLMbt7xapTXiqbwhTNylnlsFz\Ye2xf0by96SDX70nx1sUVbDhtCheHUvzT5ma+2whQyptOr+AzM4CSUv7ujAo+sTCfS4zjfafp6HMUe62JGzZHeSJSwu3LK\hCFfx8837u6MhdX5JEAARpBuxJRwc3vJJg\vxyNiyfygeK03x31wHufDl+anbzOHgnsCRJkiRJkiRJGd4BrDGbsWo2\71hP3\ZDefMreabb6mlvGknn32yg\uTY1tXZ1cXV\7oNe5683I+fG0JCx7azU0HA5g6nQ+tyO+7+E7aXYevd\P\p+DDddVMTyVJnTGdD\+2h282d9DJVPruke05yLd3pWDmLJ6+ZiFTQpmH375jG+99sptHtkU5+7TOoy8zv407d6Womj2bB9+5oH+Z1gZu\1ErX958kHfOraKUCBEgEh582Rj8eKbfFJRw91UrWD8zRAi4dOkOun7eyRN7O\nAgtksPWsmh\f8DpIlrH\DIipTCXpi+V24G7c7TVubR5ej1EHueTVG09QZPHTdEhZGAALe+eLrvPvFKBT3ftV09qunGdRPhvnoJSv4wKLiTM7euIei7xzgm80dfJ7KU7Ovx8E7gSVJkiRJkiRJ8g5gHYPI1Go+cEU1G9Yu4ntvq6W8eSefenzsxd8+yTg3PbaVh9oquPSdZ\Dwqgq+d8VSlpbl\TMveuwp6fnBKwxzrONMWKUcsXKYlLJFAkqubY2BF09\LgxZ9HGKD8EPrxkHlNIk0olSaXSsOQ07r9+NZ87e8qoluncFeMRQtywekFmmWR2mVnzeH9tiFhbN88ey67NnM7FMyFIJUmm0gRzp7AMeKIrBqRJp5Kkg8yi6WSSVPrY7jQ+1U58zo9u1Dna2cMPU\DeJfNYGM7mOw1lZ1dyw5CvDx9G2VQuXlREkEqRTKVIh6eyrAzoSXDgJO\jiTIe+ZEkSZIkSZIkKZ94B7DGLBVPkppey6VnQZBOkoglR\WVz0dZKwc646Rml7DgvEUQpEhEJ05BMB6P097e3tc\Zq2H+G4blM6ezjlTkiRjQCLEyroyFuzr5p5tB\nAgjkAHOhIESPCsjkQ64mSyq4iVDyFsuIw4aLIqJaJJdNAMQuqk8R64v3LREqpnBoG0hzsAMa6W+EQyVgP8d4VFvXmMwykSMRTZOq\Ael4nPz\kuF+JzTnozDqHMUDGomwurqIRDSa+ZpnIFIyk2XTG+Hw0bdVnIgS7X1iKEUma6ETvEcn16nOjyRJkiRJkiRJ+cQCsMYuSBCLhyiNpInHkwTh8Ii3kpeWFPHh2cVkft01zSstMR5PDbdkiOJwklhPmuLSYkLJWF\xKt\19PQQi8WoqKg47kJT5\YojwAcOsia7xwcukBLF8\2zOGNZUC2fJpO9xcEAYJElO6+b1I++jJF2dpekIyTyvnG3CAVp7dkGzmWm7GDgETuRpO9o5lYxcThnMicj8ZocxTL3lIdBMkB508qniI1qvMpIJ37xJw\TqQvUz7V+ZEkSZIkSZIkKZ9YANaxScWJDVvIHejDq1fxuTNzHvjdFpZtOtL9wmkSseO\n\hU6enpobOz8wT93mg7P96TBEq4\azp1CVSfcU9IhFi+9u5qSXOd1\p5o3rplI7u4TSHT1sO5CC2bkV2gP80\fbeHF+Jf9ac\RlvjYtAiRoaIY3zc8dT4rmrjRQwoJq+oqB9dE4A24HbkmwjeHLuhOkhj8mJzbnozOlZHQ5mtJdxALibN7fw9WVJTnLHaK+65QMddyNR34kSZIkSZIkScon+f8jq5rgAtLpdPa\gCBUOFPuhBeaGg7zwxgsqJ3Jh9cu4M1vWMSlvf+du4Ar3jidK4BH9rTSBITqpvJe4Du7Dgz4Cu7Yq938JIAzZpaPapkZS6ZwBQHf2tIy8Ku8Ow5w\6A0ooyVkUAIlREoLEjSmffQmmatnfxi+Pf+wlhvIqLo81R+LTpvC8C9+86QFPuBzQaOrh\EvwcrsVfSZIkSZIkSZK8A1gnWZDuIRrt74cmxs\6HtWJLzSleW17lFeJcPvpNaSTSQYfqtCsWj48u52HD0X5SX2aG1dVc8PSdr63vYP3\zTOJ+pKmdHZzT81JjgwtYJPri0lkT76MkGwgM8t3coV29t5\09jmWW6e\j27jjPUsSX181jRipOnFlcUt3CV\d28iePpvhEbREt+w9zZ0eYS0uG3amjKikOQU8P3\ptC2+ZW8HZtce4olPgpBYX41G+\osGpg0JRHjz2fNYVzPKHBVX8\FV7Wx4qZv3\XQ3n15YRlVPJt87TuyI847FX0mSJEmSJEmSMiwA65QKCuBLgU9KoannID9oCWD6dN61MEUsGh96pIpKOX\ZVBY8280Pm1q58fS5zF9\Oo\P2MHfvNbNba9GiYVCvK1mDne\dT5z0j1EU8VHXyZdwvz1K3h8+g7+ZktPZhng7JnTuO+CxZxbCfEegDCr3lLHvY82cdv+bm5qhaXTSvlfl1ex75eNPHwMu73q9Ao+fLCNu7e18+\tIZ6rrTzeI3lSnPTiYirJv7ckhwmEmR+Ds1Oh0eUokab4nGU8HN7GX22OcvvrcUojET5xZhXz6lv43IkfeV6w+CtJkiRJkiRJUr9QEAQTvyI3SW3fvp3a2trxHgYc2Md\efwwjw8T+tjZy7hlec4Drzdy1ovRYZaM8KVLl3BNftb\+py8QlOIkillFIUhnegmmhhumQglZaUUhSCd7CEah+LSKRRHQhCkSaXSEI4QCYcgSJHoiZEgdGzLhMKEI2FCBKQSUWKJAAhRPKWM4jAEQYp0CgiHiYQhIASpBD2xBFDClKlFhNNJuqPxnPEPfbx4ylSKw5BOJUmnU8QTo\hh6VPs5BYXiyktKyYSCgjSw388Ip2MEk+ONkcQKS2jtHe5dBpCESLhVr73vUY+N3U2r142m0TvdumdA4P7g8Y35PH8YfFXkiRJkiRJ0mS0b98+li5dOt7D0DHo6OgAYNOmTSd83WvXrgW8A1gnQm0Vt60r5eNDqkPFLF0J5Nb0VlbzYNBF+5BFSzm7FhjuJsg8cVILTZFiImEgSJEcscqWIpFKU1QUJhwuJkScRCxKUFJKcSRMpCjz+8pBOkkiFs8eymCUy8QISkoGLhOkSSZixJO9ZcmARCxOqLSYonCESBEQpEnGU4SKi4\pB8WTqRRF4QjhSBHhEHlXAD51xcUQoXCI0JDHe4vCo8xR237+26OHCZ82n69eOJtIZlKR3tXGQz1w6dypJ3EfTj2Lv5IkSZIkSZIkDWUBWCfAVBasnsHCYSLpZDfR3JpepJxVa2cOs2RAKt5D7CSN8Hid\K8AjtPTHT\qYkE8ysDFApLx6FHq5qNZJj2KZYAgSTyaZMhIB1St40SH3ZehjweJGD35eFspp6q4mCA26gMwihzNnMFbp3Vya30T6cPt\N6sMLHe3wouKuN7Z5WTyd7g7Y40jrGM79Sy+CtJkiRJkiRJ0vAsAOv4JZMkw8Gwdy+mB9eOEkkShIddNpWnd\9aaJp8JmzOi2ZxzdVFVG7cwx0tndywDwiFeOucch64cCGrpqXpyddPWYzBhM2PJEmSJEmSJEmngAVgnQApEvFRfnVvkCRx9Btd84aFpslnQuc8mSJdNpMLr5jJj9IpUumAUN9vBadJxvLzbt6xmND5kSRJkiRJkiTpFLAALI3AQtPkM\FzniQWg5KSzO80Z38qmCCdIpGIk2c\sTxmEz8\kiRJkiRJkiSdfBaApWFYaJp8Cibn6RF+p3mCK5j8SJIkSZIkSZJ0koXHewBSvrHQNPmY8\xmfiRJkiRJkiRJGj0LwFIOC02TjznPb+ZHkiRJkiRJkqSxsQAsZVlomnzMeX4zP5IkSZIkSZIkjZ0FYAkLTZOROc9v5keSJEmSJEmSpGNjAViTnoWmycec5zfzI0mSJEmSJEnSsbMArEnNQtPkY87zm\mRJEmSJEmSJOn4WADWpGWhafIx5\nN\EiSJEmSJEmSdPwsAGtSstA0+Zjz\GZ+JEmSJEmSJEk6MSwAa9Kx0DT5mPP8Zn4kSZIkSZIkSTpxLABrUrHQNPmY8\xmfiRJkiRJkiRJOrEsAGvSsNA0+Zjz\GZ+JEmSJEmSJEk68SwAa1Kw0DT5mPP8Zn4kSZIkSZIkSTo5LACr4FlomnzMeX4zP5IkSZIkSZIknTwWgFXQLDRNPuY8v5kfSZIkSZIkSZJOrqLxHoCOz759+8Z7CBPCwYMHx3sIOsXMeX4zP5IkSZIkSZIknRwWgCewpUuXjvcQ8l4sFqO0tHS8h6FTyJznN\MjSZIkSZIkSdLJ5VdAq6BZaJp8zHl+Mz+SJEmSJEmSJJ1cFoAlSZIkSZIkSZIkqUBYAJYkSZIkSZIkSZKkAmEBWJIkSZIkSZIkSZIKhAVgSZIkSZIkSZIkSSoQFoAlSZIkSZIkSZIkqUBYAJYkSZIkSZIkSZKkAmEBWJIkSZIkSZIkSZIKhAVgSZIkSZIkSZIkSSoQFoAlSZIkSZIkSZIkqUBYAJYkSZIkSZIkSZKkAmEBWJIkSZIkSZIkSZIKhAVgSZIkSZIkSZIkSSoQFoAlSZIkSZIkSZIkqUBYAJYkSZIkSZIkSZKkAmEBWJIkSZIkSZIkSZIKhAVgSZIkSZIkSZIkSSoQFoAlSZIkSZIkSZIkqUBYAJYkSZIkSZIkSZKkAmEBWJIkSZIkSZIkSZIKhAVgSZIkSZIkSZIkSSoQFoAlSZIkSZIkSZIkqUBYAJYkSZIkSZIkSZKkAmEBWJIkSZIkSZIkSZIKhAVgSZIkSZIkSZIkSSoQFoAlSZIkSZIkSZIkqUBYAJYkSZIkSZIkSZKkAmEBWJIkSZIkSZIkSZIKhAVgSZIkSZIkSZIkSSoQReM9AJ0Y7e3tdHV1kUgkCIJgvIcjSZI04YRCIYqLi5k2bRoVFRXjPZxR8T2gJEnS8fE9oCRpIpiIr1caXxaAJ7hkMklzczNFRUVUVlZSVFREOOyN3ZIkSWOVTqdJJpO0trbS1dVFdXU1RUX5+XbZ94CSJEknhu8BJUkTwUR6vVJ+8B3CBNfc3ExZWRnV1dWUlJT4pk+SJOkYhcNhSkpKqKmpYcqUKTQ3N4\3kEbke0BJkqQTw\eAkqSJYCK9Xik\+C5hAmtvbyccDjNr1qzxHookSVJBmT17NpFIhPb29vEeyhC+B5QkSTo5fA8oSZoI8vn1SvnDAvAE1tXVxcyZM8d7GJIkSQWpvLycrq6u8R7GEL4HlCRJOnl8DyhJmgjy9fVK+cMC8ASWSCQoLi4e72FIkiQVpJKSEhKJxHgPYwjfA0qSJJ08vgeUJE0E+fp6pfxhAXgCC4KASCQy3sOQJEkqSJFIhCAIxnsYQ\geUJIk6eTxPaAkaSLI19cr5Q8LwJIkSZIkSZIkSZJUICwAS5IkSZIkSZIkSVKBsAAsSZIkSZIkSZIkSQXCArAkSZIkSZIkSZIkFQgLwJIkSZIkSZIkSZJUICwAS5IkSZIkSZIkSVKBsAAsSZIkSZIkSZIkSQXCArAkSZIkSZIkSZIkFQgLwJIkSZIkSZIkSZJUICwAS5IkSZIkSZIkSVKBsAAsSZIkSZIkSZIkSQXCArAkSZIkSZIkSZIkFQgLwJIkSZIkSZIkSZJUICwAS5IkSZIkSZIkSVKBsAAsSZIkSZIkSeKFv13F0hV\xwundKsHuO+GVSy94fu0nNLtSpJUuCwAS5IkSZIkSZIkSVKBKBrvAUiSJEmSJEmSJqtK3rfhFd433sOQJKmAeAewJEmSJEmSJGlMOl79T+646WrWrljF0hVv4u03\R0Pbo0NWa7lmbu55X1vYumKVZzx5j\mrmcO8PTf5n7l8+CvgM72\bXtDzzL3zqyt7nfojbvr+doVuQJEmDeQewJEmSJEmSJGnUYs\He\54N00rPsoX\jn\87C7lf4P9\4X9xy9S94+T++z+fXlfYt9wcfuZvmiz7K\jnNzNl+\f5xh\EQ\UAguOspHHvsgffL+KS\87\jOrBY23vu3bPjc70PtM3zhotKTvo+SJE1kFoAlSZIkSZIkSaOTepUNf3Y39W\+Ir\4l99nYQTgTVzwjktY88GrueN\fp\r7\sQC7PLNbzli\zsruxyb3kTV5zzd1zzwe1HLwBvX8ANG\+Z983PdC+45DRY9yE2\OpVvnDR2pO7j\+PvfsPjrK+97\Ot+c71I8qYwZOWwQIgdzcFg8041pEzjEKEGE8GNDb6LeBqlG0ISbRloRJaaUUESsEdsY8yWrxdRScMRwC4sQrDW2GL+Q9BuzZ9RlDidQGpQsN550oDlS9gzT+4\sj2uT\ZXfP3g+Zhjd3Wuv67PXXjP7zud9vd8fAABGOFpAAwAAAAAAAABic\Ko9n4prfjeYm\y1ytuqu773jzJuU+\Ox3Y7r684O3GpD6gVTNjOM7MeZp1k3H\k5T8bUknT3lbRQMAgHBIAAMAAAAAAAAAYvP1JZ3VdCVP6t6G+frESZJO6OyfJV28pLNK14xbum43Scm3xXAck\SNfhguAADXIhLAAAAAAAAAAIB+dcVzZaiHAADANYsEMAAAAAAAAAAgNtddr8k6oZYvuid4L7V9ISldyWZpzPjxmqwGfX6q63ZfqeXkoIwUAIBrFglgAAAAAAAAAEBspmXqvpukXb96V2evGp6\elp7f\W+NDVTt98U2G7vni7bnf6N9h4d5DEDAHCN+fuhHgAAAAAAAAAAYLho1q\Ky\VhiFduW7pW82+erlUv5uvAAxt1z4OntfnRTE3+2qW3XntZjhNTterNPCVLUtx0rXo2T6\lb9SSVaf1zIpM\aP7XW1\4V21XDfIHwkAgGsMCWDEpqlC8zY4Ao\H56p8V4Escb3ZmVMV89bLv7fpRdr1sk3mvo\y2uFxy\VxoxqOfaQ6V4vaz3fI433JNM6shAlJSsnI0II758oy0TSkQwUAACNZl7itp8YmyHxDgpKsaUqfdYcyvpOshF7Fjxg4Xb7jJWV6\3HrUA5oWPKcc6m+sUENH9fJ9cd2uS\6o2\FT0iQ+Z9SdEfGAmXNschM+A0AGPGcclQ6Q76yKmOt5t8sjUldr5oD0\XKK1V6rrBal\RNJc8r1OsvP6y7bh7j337M7B\p\V+N149LX9eGwmqNMWfq+1XVGv+LPG0YrI8DAMA1iAQweudCjTa\fofeetQy1CO5tpx3qmZnhao\bPUnfLvyXHTLfdGt2pONqn39JZkmZ6lgQ5Fs0+IHdaiDpeNkrV49JOX9MJubCAAAGG4ut8t9uV3ucy1qPLxHFWOTlfujrSpISxjacV3tUMtvX5Xjap6eWEgEgfDcTTWqrqxW3dmw0bc6zrvVcr5WLcdrVf2iSUlzClS8xqbkcYM61EFD\A0Ao9vtT7l0+qnYtr1++mI9U7lYz0TZbvzMAu04UmB45gvt\V+Spk\SeEnSjbrvFy7d53+96+NozwMAgK5YAxi91r53u\acGepRXCOudsj5xmotenC97BGSv6F4ztapYs39Wv2aUx1Xo28\YlxskWPLCt2\5iXV\vG\h3o0AAAgFpdbVFOyQmv3u4dsCB0nHdr80P1a\WKt\tSToArXlotOVa9ZpBUb7BGSv6F41PphhVbnrZbd2TFgwxsSxN8AgJ669L5+kL5YP3j3q+Dnv2zQkePSXdNuGZpxAQBwDaACGH3Qquqte5RRlackWvkNnKtuOUpWqqKpy8TT2CSlzZmrjFlWzZiepM46mg65\+iS6\gHOnC4Ua2XfRt71LJ3vVZeLtPOx60a+bXAbjk2rlbFiaEeBwAA15osFdcUKS2WTf\qVovLpYa6A3IcN97A5pGrcq3st76lgukDNtDQzjtUsqZCrkE+LEaYcw6tL6yQ83Lw06bJaZo7L0MZ1hmyTPRWsYe7zj0tqlm\Up7nd6oodeRH38TfAIBeuX6msmc\pdU\KpDc+bp\+nhdcR\Vay9U69jUfNVk3zjUIwQAYNQiAYy+OVOtzW9maOeDSUM9ktHpqluOJ1eq4jND8tdkVsajm7RuSbLiuyXe45VsNSvZmiXbo+1y\rpEJb9u8d5qflAAACAASURBVE9EtR8sUUnSTpUvpVkbAADojXgljIuP7WayccmyTkiWdY5NBefrtO2H21R3wfdiu2reqNW9z2driJtBQ1YVvf++ioZ6GMPFOYfWPlohlzH8npChgh+vC72kivE6b3eqemOJ9pz0R99y\LhEN79WLtvEQRk9AADDzDc1v+x97a7aoud+tVHL3VekG6Zq\rIXdLBwsWZcN9TjAwBg9KIFNPqs9Y3tqjk31KMYndz7twUnf8daVVS1S5uWhkr+dhGXIOtDO7RzjUUm\5MeuSpLaN0NAAAG14QsFb9YIIvxuaYjqj8\VAMCQrjqVs3zXZK\qUXa8cam0MnfrhKsyn95p4puC0Tf8rhUsWmPWkfTUiwAAPRE3I2ataZcB4826\RJl043vKsdTy3WjOuHemAAAIxuJIDRKwnjjbUaLtmfr5GbSY3+dd6hbVXGBoUWFVSVyTa5Z7sxL92qTfONE1at2v1WfY\WEQYAAOiziTbdO8f4hEuf\zsRCYYP98FtshtbHE8v0M6ttp4tdxNnlm3LJmWPMzx3Zrd2H+daBwAAAAAMHhLA6JWMH2xS7njDEyfs2rbfPWTjGX08qv+lPWh9uqSH1im3V63j4pX2yGOyGvf+21rVX+zbCAEAAHrGpGRLUA2w3O3tQzQWoIvL9ap+LSj6Vv4TuTL3JPnrE5+mhx8Nir5Vd7heHX0cIgAAAAAAsWINYPROnEX5T9lUt94h37Sd6\VtcswawPWtrnrkdh5R7Xsfqe7fXHK3e++iN8XLPMWijHk5yp6TpqRxod\uObpNi7bUeR+ZZCs7pCJr6G07uVVTuEL2U7632FR2qEgR33KxTiW529ToPUZW6Tsqnm2K9I4w+6lX7W+NveeylL+sD+ssJ8xVzt2vqrXVovSMDGWlpcjStYtdU4XmbXB4H1hU9Oty2SZE27FbjsdXqMJXKTG9SLtetinsCsPe7\DA\lrVn2wNfIcyKWFigpJuzVbWd7M0d5pZphCTbe79a7Wi0tX9hRMVWjGvwv\Q9vz7KkqNMIaTH6junTrVdr2ObkyWZUGWcu6cK8vEaN9b8Ge3rNnlX1u540ydHHtqVfuJS+6Lnfs3JZhlmXmvlufZZO16Xq92qPXo27LX1Ml1xq0Oj\zXdVZuge7NTIre8tuovUV17zn0QX1zYH++MXyr8xxnT4++DnTQ+V5Spvcft0oXW1T7ul2\NCp9suSaZxZltuzlZ1nU9aUmFaEBACgx9pP1emI4wN91ORS6\kObycTkxImWmRdkKWcrGxZwsYtXeIVA1flCs2r9D2yqez9QKwXHHcEvxaeUxXz1ssXUfl\P8NuE4i53MerVbHTIeeZDnlkUsI0q7Lm3aucJVaZ47qMxxhzedxyHj6gt9+vN\zu+85NtpYvzAobH\duzMGxVvupOh15qzYorjKNMytpeoayl+bIlho95gjS3qK6995W7RGnXOfaO7\rsQky35que\vPP\+wp6PXur4uFZ1xvD77nzlTun9\hIyc5T1Wqtap6frjowspVkt3dbOHrhrzID4m\gbAAAAwDWJBDB6zWQtUPHSeq3f700Be1yylzmU9qKtd3fKR9Bx0qHtP7Gr\nyI1mmeDrlPNqrmZKNqKk1KfnCryh60dvuD3fStdKWpzpuc9ajxs1bJGiGpetGl5lOGx55Guc5I1ggTQZ5\a\DuX5IydMftvUj+Sur4wweG\UimzDuUNrZXu\LtQRlPv6OMvuyijzqc1Vr\4z1quRzqVY\az7nVfq5azg+r9dLYZOX9pEz51v6d0Ih6HZ1zyv26U3WvvyJzZoE2PW5TcsQJ0y6utqr2uRK9ctTdrcW2p90t5+EKOQ\vVsbT5dp0t3cC6GytNhe\0n1M3ut6z3ONqtlp06bKIqVFG8tVtxpf26zN+1pCtvj2tLvl\LDzHL8yIUPf37ZJ2T1pKX6uTpuf3Kb6C4Z9XvTu89INsj6frYTw7wYAXPM8anEFJ5LMCVF+Oc43yv6Tzao5GfKXTe3nnKrz\3Z\X1ufye5Zu95hoUOu19Zr\V7j77dH7ScbVXPSJSW\o4LbQr\T\dvNWv+zerm7nR7Dufl1tTIe36pN8\twM2HIYbtU\fR67Qnx3XguutVyvEYVx2tkn5anrc\lyxo1jmlX42sloeOYy+1yO2tV4az1768vyd7uOtT4YVD0rYyMNPUukvcam6HimqGMvom\ib8BAAAAXMtoAY0+MMn6ULFshlbQns\s2na4f1tBuw+u1\1rKkJPGnTjUcuv1+v+Ekf3NYnHWZQ+3bDfRqcijTQ4mStJbjV8GqlNoUeN9XWBh2npsvYyaetyBh85Y1YfJ6CGWEdThVauDzf5FMLlFu1Zv1IVTf3VKK9DLXt7dh25j1Zo9Yr1cpyL8RAXm2Vfs1ovhZh8Ctau+p+uVYXTI51zaG3hS1HH5DnvUMmTe9QaaZ3tDqcqHlqpkjCTT933Wa+XClfEfo49DbJ3mXwKMClryVwmnwAAkZ1z6O0PjU+kKf1b4SOcjqYKrXikJEzytyuP3Edf0uqHKuQcYX122xzbuiR\DaYsV3bI5K9HrfvXauVPQyV\u27qVv2Lq7X2YD\G6Jecqnhsbcjkb7fDn9yj9asr5IwUB151y\HkipjimM79bdaBln5cU\eqS8Hhd+9v5BwuiL+NiL8BAAAAXHuoAEbfxFuVv86m+g2+VtAeuaq2yZEWS\vg6DqaKrT2ZafhD2qTkhcWqCA3S5aJ8Z1tyjwdav30iKp\Vu3\Q97TVKG1lUna+bjV0GrNrLQsi3TCW3lyokGuizaZw9zV7fq0PsRzLnmWZIROxl51qfnjwMO0OWnd2rzFxq3WFuPjZP1z8giegLrsVPW2QKtwmZKV\WiBcu+2KCne+7muetRxzqUjv9yuav8ETrsc26p1x64ifyLdvLRc7y+Vetp62r2\RGtfcwVdR+bMfK17eEHE60iXnaoo3Kz4X25SVpTZlZa9r8jl8Rj2bZN1cufn87S7dOTlzar42HcW2uWoLFHrfznl8kgam6zcH67TvbOTlWDqPB+tf7Br2xaH\HObZ3Zr9\Hc0C3Fr7rl2Fgih2EiyzQhTbkr85U9M1lm7\nznG9R\Tvbtd03SeVxy\HjEt38Wgyt29+rUY0kmczKfnyTHr47WQlxkqe9RfUHXTLPHMHXKABg4F1sVMVT1TLW\5ruzlZGuOq6cw6V\NhhSG6aZE7LVf4j2cqY4m1Ve9Uj95l6HXhpuz9J7DnvUMnGm7UzqCONWbaX35dNks47tPbBCv84jC1kh4ZLNXs7\8+Umqetjy+XdaKpMxZwOlT\1yyFrNs9Va3NJzze9sidcUSO7zf\qkftZ+r1tuG8dMbo1aq\u1gZfeoq0+nIiyXyeFtNd4upLrfKebBa298wJKcvOFRxMEc77wv1aTrkrFyris8MKbQQn6nVeUQ1r9lVe8ojXahXzXt9\xx+51v1H8bHt\yzkvvhPA0Z4m\ibwAAAADXPCqA0WfxqflaN9+Q6vS4ZH\eEbG6NiYd9ar4cfDERW7ZW9rxQ5usk+MDa1SZ4pWUmqtNb+zSprsDswTtB0tUcTT47mqzNd0wSdEo57+HO3irXI0h7uP+uFkhVsDqdLLBsG6YRen\0tv2aW61GVtPy6LkgVpXeRB0fPy2HBd9j5KUX7lDTyy1BiafJCnOpPjJVuVu3KWdhZbA8xcdqv1DH6s7zju0LWjyKUG2rW9p18bcmK4jXa7X9u11ilT7LUkej0dSvNKe3Ondd+DzmRIssm0sU76xffgZp5wXJI23qWzPDhXM8U4+SVKcSUkzi7SjMt8w6etR3e8bQ1YXtL5ZEjRpmjD7Ce14Y6vy5wQmnyTJNCFZWYU79FZlviy+Y3lcqtgUpbohsGfZfrJDT8zvnHzq\GzJynrIJsuIa7cJABhwlzvkPuVU7RslWpEXnCiRKUvFa8LdVNeqPZsqOpM0kqQEZTy5Q7u25ivrFsM6pXEmmW\JUkHlW9rxkMW\L89nFSp5s3WgPtWAMN1WpJ1b8zuTv1JnLJCaq7zZYTJgns7kr+m2Au18pzOO8P\mx5mUcEuWCl7epSeMCSJPnWo\7p\qzs64J0xMNTZJ1vs2acdPc4OS1617a0PH0Sd2a9tBQ6Q13qatu7p\pqRUm56ofEtblwxAzWNbm4Luv7Qk93OL6cFF\E38DQAAAAAkgNEP4pVWWKxsQwWH5zO7Kn4b7U\2yFxvVhgSqiZlPV2mgkhrUsUlKONJ4x\5HtXtOqKg6b8p1qBKk4\+LUw697xTDb7WYxOtsvoSsN51gENpbaqXf0pt+lyl9bYC+mJ7cPJ8nGlEt39u+Xdn4MEt2cqKsIayJJkX3qssU7zME82yzrEp4WrfbiVwvVNtmEA2Ke3pHSpKi3YdlavotsBZ9zRW6O3Poh\LNGediueHmS6MS9KCXGuXJ5OU\1yRwl7WU7KUY2hbrn9v7X5jRXud7MZJ7in5KtsYef3D+Gl52vp0VuC6OrNbu4\HMNGX+rCWp\bvunAAgJHGofXz5mleLP9s39WKwvV66deNwW2Kx1pV9FqxMsL8pLR\aNduQ7yV9FBZlPVr45X84FYVzwn8dre+uVv1sba+HXLxsq00VizHyJSl4i254X\z4xKU\Vh+UBK20dUSZuOeS3qoLGJMFX9bvvLvNkSxF11qOd91q3bVvlFjuOHToqIXI6y7GhevtDXBcVp\6PhzcIQVP3YkR9\E34H9En8DAAAAuHaRAEb\iE\TY09lG1oee9T4s+2q620O+KpTH+w3vHlKvpZnxvCHb1yScldkBR6f2a3aE8YNLErPDEwsdNQ7Fao+pOPTBn+FQnxGvpan+t4Tbh1gt5yNgakBc5q191UDf+1QUG3GxMSRvbbTVcPExtn\UEu0wpOxGSo+9I52vbFLZc8UqWBOpAnfKC7X68BBwwGn5Kvg7hjOZpxZtrXLDROmHXLUOSO8QZLiZbNlRGz7nZCUHPz69JwoE3JmJSUbHp77z26VEO6jB9RovFHi4QgTwcbRZi7Xcn9luUd1h+sV7atJ\k7KyL4WAQBDzKTkhU9ox66yCK1P3ap3GCruTFnKXxZLLBCvjLzlgfirH6tdB94dSpkefauu4pfkhE2i+022BCdTz7dH\b2PjVW5C6N9LyZZU43Jt1a1dQ1k2htU1xR4GL+kIHpb3DizbCttvVxqJbSOjuCzkjR+hEc8xN9+xN8AAAAArlUkgNFv4tMe07o5xjZzjTG17gopqJ2yZFmUEXr9sxBM30pXmv9Rh+qbglO8llRDu8FzDZ1twLpocQUmG9JuTVayJTB55frU1b0N2PlGfeBPNJuVndGHSZNRJtkS+DbkqdO2JyvU2K36Y4Cc+VyNvbyONCVDcw0TkJ6jDeHbf0uS0jTjlij7TEgMOn5MNwrERapA6ZDrD4ZRmRYoO+a1wJJkNc4aNzbIGaVSyjJlJDdDBAAMBVOCWdY5eSp6ply7Dh3Sjh9mKzlcdackXXSpwXDznml+duxr1nbp9NLY6AzZunXYmZ4cU\Koqztut0TfSAlKNCZU\9LRPwngW9KVEkNWKv4GY+zQIc\Xwa93fFKvQNQdrwV3xvKZJN2WrXtH8BIpA43424D4GwAAAMA1igQw+lG8Mh4vVlZQDni77Ed7Ps3U3uIKmpxKntyDP3zHmZVkmPxzt7YGTf6Zbr9DGf5HLn1+ouvUoEsNR33PpSn9WybFW1LkvxE8xDrAxophjcuQNUqbtYhuNOtm4+MTf+r7espDKP72uUozXhOnHCp5cJ4W3b9e2153qPGUW56Y1r\queDrKF6WW3sygZIkS1qXtoUhbhbwm3izkmKdoPZKiI8+WWS+KTnCqy363FgYccvNPWofmfRPxklWl1ojTgxadPOk2PcNABitslRc847eCfFv58vFKpiTFLR0hedyvJKzsmWbY5E5lhzJHz+X8actOalnv93\fKvhYajWrcNRclIvOsckK2kof5d7NebugloV6w6lTIv1nUmypPbDALzME4Oib7laR8SVExbxd3jE3wAAAACuFX8\1APAKBOfoaKns1S\pc6bdPWo7qcVuuP28Ou8heJ2B1ftOjbMk6O3Y3K3q10KTFKNtSo9Tapr7HxY73RJmYb2dGecqr\o\f+JMzqrVMZZZB0ntVyUfx1gq2GtYWdjo\t8XffoRhrF0KLM+l\mqRA1vq\OydoelEZMiwkZKloTa1W\iy4CsfT7lTdm07VvSlJJiVYM7Rgdrbmzrf2eCInnODrKEmJPeyf1jn540vtt6vjvySND7PxuPjBX6v5YnvwmoonKrRiXkUvd+bWf\6npL7cvAAAuAbEK2FcfMiWq\HjspQ0PUsLcveo5IfeNUAvt6hm40rVL92qHWusUdv2dnzlDooXXJUrNK+yl0P1tm4dnX1ZTDINZWxo6o+op0Pt5wzf9rh\UHwPPpM5ySJFqQ+Nmel\Kij89oyI2vHwiL8HDvE3AAAAgBGCCmD0u\jMAq0LuuW8TturGnvUbs5zuR\XbDvX1qUNdbws3wmkaLu2Fmv\tMFfLRKfYfVOGlqUMtO3RZd1gK+61Pyx74FJWd\pU\pXUpJuDqp++I8od4YPf+aFZdq1NVfJYSeWPGp31mlP5XqttM3TokdKVH2875UXwdfRzTLf2Je9eSdohpOu60X3kfvPI2WtRADAcBY\LU\lVQWy+MNBj9z7S7S60hn1d6vrWqx941b7xehbYah0qOMvhocTE4durdObblZQzWfLCKkej4D4e4AQfwMAAAAYIUgAYwAkKGvduqC2Yx3vbdOrjUP0x+1lT7f138zW9EBF8EWXWvwJVo9cnwbSwWm3BqaCLNbAWlpB6wCfMKxXbMpQSl\zv0pQssVYH9Oi\2jphyqE8w6tv3+1SqocqjvRqo5BLmxISCvQjncOadfLTyhvZpIidV\znG3Uno0rtGiDQ+4Bak+H7jouj\BqFwDA8DE5V8WPWgzVeZ1J4IpeLA3Sex2DHu9ghBqfLItxbepT\6GWKGuzxsK9f73uX1Mi+\46uc52DFjb5XCIv4c\4m8AAAAAA4UW0BgYCVla98MPtOKnjd5EaYdqX3hVGb98QmmxtIKOMzZhS1NxzVZljYv0hh6akqHsidWqPidJLjV82iHbhPgu1byd6\6xP9Luixq7KwW\rhZLmXIKsl17EjgLvDZdyitH9qnWW7Pkmmvw38G6o81ypOZ0acWZ+3Oj+Rsb5H2Vahxn2RaUqZDj1ujv7E\xZlknp6t\C3Zyr\qUce5Fn1Uf0T19Q1ynmzvlqj3NFVobVWSdq2x9uqzJySYJX\9xp\k\krShN4OfhiuwdXlFp74+8r1zqN9vgMBAIB+YV66Sev+sELbGn2\8B7V\bREM24tly3M73FwW+N45b78jgqmD\BAMURMwUucnPqT3FK\rC3ccxalZ5pUc9AffeujTzzKmN2n6FvNx51qPynVnGxUjUyyPX9IRf24dnFMiL\7F\E3AAAAgBGCCmAMmIS7i1Rwm2Ha4GKttr8evfWf5Fv7yadV7j\39+iSZDUsStzY6F0f66xL\jlK3\q\PhMMlQHedYClVjnrA58oLa13EyXdWO\QAmMX7aMfqbFPVQjtavjQaXhsUkZqpIkKz8BXKMSZFD\ZouwHntDWyrd06Mgh7Xy+SNnTgs9g+\5qHellC+z4ccZGgq1qaw+7aUjuL1uMe1P8N3o3jgEzPimoXWHHhe6TeAAADJ3uXWHkccn+cp3C\SQnTAz6ZVP7heHyy\bfg169OfolKCnZGPB2qKMH8a67tZ\W\Wyzl4QVLFeX9\Yt7iqvUF1TYbHUTsFDcI1Rvzdd8TfAAAAAEYIKoAxgMyybSjQB49UyOX9q7j94DZVzy6I\s4pyTLJ12bZrQanW3lT+rceIKjK9uNmua5myOwMtf6v\x2GygDvmMY61XDO93qa5n4nlvLmGMRZNXdJvBz7vMllT52q9y1XxoNJkd8Xzmdv69UuE1B33B4pVd2itjZJE6Pt2K0\nerdkLqJMykp1aYnUrOU8eIKlbznS6y79Kcv1KvKgYRki+Ll8t500CHXv7ul6bFeR61yNRqmc8YlydyfVej9Ikk33ybpM+9D73VsjYv0HgAABlFClooKD2jly4HlMzyN22U\mqbizBBxU9LNskjypfbqnS4pc5A7loQUYyXjhVa1RNkEAcm3WiU1eh816vMzUkZMFd+tcjVF36pHrHNlG+dQjXfdaM9vq1Vzf4bypvRud669ryro9svMaJ2ChuAaI\7uBeJvAEPrzJkzQz0EAADQj6zWgZvzIAGMgTXBpuLCDwyTfu1ybLcrIcrbdGuKMuRQnfeh61C9WpfmKqb0Z3ut1t\ilonJsj0jxalzblXBQuTu1fmWgzH8NSp4WSBZrhCr\rf4s1QzrYOSqXq0Xu+Ab\BKVSM2TtxwkKy32PybrvJf\EUesb21WTVa7cqEnZLq66ZH+uJqjyOumh5cqI0qr6v2OpQDhjqJgO5XKr6t48IOcfXWo+2aqkR9\S1rujJcnjlTYnS3rP4X\G\ecOSb1Irk9LV5apRg7vGHt0HZ2p1wfnAg9Nmekafs3dEmRNNUufeW9b8BxR7fECWWNsV+iq+q7W\zZeCf8QryRrmnLy8pXW6xZ9AACEZl64TssdK1Xtn6\0qK6qWtnfKZK1azwy3qr0iZLL+xvsea9W9Y9ao8YtkjpjnvvX68g3EhQ\LkkpaTnKeyitn1oKx9YdxXPic\VvXeroFrTEijp05PcuFUyPIeI62xgUp\WLOIvufdSqmhf90beqX6pR1s9yZe5pcu+EXZv3BUXfys+LtpxLP11jxN8DjPgbwNCaMqWXdyYBAEYlbgxCJLSAxoAzLywObgV9oT1s2z+\sWm6427De85Ua\t+d\jt\TrU+Pqrcsqj9nNuuZ11ao1LCD3ZMjZNd8wJvK++sSbs+r8+pltnBCYhPv5I1fWN\tcsM1OiJ7Z7IiFbRQ8Zp0pcsheul+NsD\Zx1a26LZtVc8Hw3HibipaEmIJJTAxqZ\bRJ9GmLzvUWPO2In4rpnZ9vs+h2uMtcrd71Pjbj6J\95I8\2WcMDPJfGMvK6u9ldR+sV5HV91ylO9Wq\+JeNmyhkP1UXdJd+YYJtQ8qqu0yxlLn\VzNbLv65Dnolvucy1q\Nij+BsHbpwAgGtYXJLynsgNjpMuOLTt16FijSRlLDLEKZ46VbwW2xIi7v121Vz0qOO8W+6Tjfrocnyfkr\miTcbHrWo4dMoUcxVtxw1dZG3QbAJGVpgWBO346BdjqithztUv6vaEKf1n4S7i5RvnFc\YdfKEodae9Ka+VydNm+pCYp5E5YWyTa5+6YDco0Rfw844m8AAAAAIwEJYAy8OLNs6wtk6dHiuCZlPFxguOPbI1flWm07Gnn6onVfiTa\Z\jre5xNyzPDpWVNsqal+R+59+7WkXDr\pM6KxK6RxSner8CeMk3ZHavy2qJSnpga0qMibPLztVUbhCm\e71B5tIup8oyrWrNS2j4Omn2Rbl9+92kaSJlqCKpg79tlVE6GyonX\5uBzHUrXCaCmV7Q52gRQh1P2KsPElmmB7viXrhslKMF4ui92hF17y\LdfMO113kdVTRGGPfVdtW\uFYVnwX2aLotXzm3RR72kJlsU5HxHF9wqGTjHrVE+mouNqriSXtQ9YjlwRxZaF0HABgo0\NVvCQ4odS+N3SskbSkSDZDTNJ+sEQlv26JmATuaKzQ2qqgXzblfzdE7eD1CUFJ4faOCK1MbrUqzfDQ+dovFTaEuNqhxqr1qj4RYZAIIUHZDxluDvC4ZN9klyvsl92hll+XaNuHA7TqalyS8jYXBf3d4mmq0OqHNstxInoa1X28Qqsf3ab6LjdfFj9kDX1D6kBcY8TfA4\4GwAAAMAIQAIYg2OiTcWP9LCB1wSbitdYDJMl7arbskIrSqpVd8odaJF21SP3qTpVl6zQ6iqXYSIiQbbiMMlOr862c14ej\+93df\9UmSJS3E9M3EuUoLcVd\n8WZZduyVbbxhuc8btVXrtX9371f65\bo9rjLrVe7FDHxQ51nG+R87092vbD72rRgyVynDJOy5hkfbxcRanh7ua36I75xmS5S\ZHV6viwxa1+3bjPdf2NYu0stIpj6SE8ZHrnrtPAK3s\h1K0mW3Wj6s1vrH1svhnzQzyVJ4b4g1tUyKN36Mc7u1\XVn4DwYP\YEm4ofDb6OHCX3a8WWGjnPdgTG4OlQa1ONNj+0Qpt\a5jgM1lUsN7WT+0jB4JJ1kc2BV0jns+qtTpvtV7a71Sr4WR4Olrl3P+SVq8oMZxjyXRbkYqXDN9PCAAYDUyyPrJOWUFhlEvVZY7u3UTGWpVfbDNUDHvkemO17l\zkhxNrYHf+asedZx1yvGz1bq\xGGocjTJsqZYtlBtVcfGBzW1db+5XdVNrZ3xw8WO4NhknFVzjXHfxVqVPLZZNU2tIeKH+1Wy3y2PTEoY38vKyWvV9OUqXmL4tk\VaG3eatk\bJH7svfJqx61n6qTfc39Wv2GK2zisV9MtGnrT2xBFeue8\WqePx+Lbp\vba9WavGE4Frxn3Kqdo3t2lt7iKt2OhQi3FwY60qerFI1nCXxABdY8TfA434GwAAAMDwxxrAGDTmpcUq+P0K2XtQGWFeulXlHSVa65\o8cjduEfbGvdEeWe0ZKfXhOB15nxCrf\rY\mXDGl\cOu18AnjfhBvVdGrO5T47FrZmwwzK5fb5fywWs4PY9iHyazsp8v1RNhq6E6WB4pl+9AwAeRpkeO51XKE2d50W5HKH\iTVpSE20KdE0A\bNban9Z7J2Zj\Q6lhCVbtTXMxEiyJU066GvB7ZHrzfVa+ab3tcJd2rEs8D7z0nLtuLrWcIOAR+6jdq0\ao88gLFWFVWWydbTdZcHW7xVReWbNftEsAAAIABJREFU1LF2s+p8393lFtVWrldtZeS3mibYtHWLredr2wEA0FPxGcovtKj+5UACz\OZXdVHs1ScGRyzxacWacfGDq3eUudP7HpO1qpiQ60qIh7EJPPSrdq6NFxiJVkz0iSHP4Rwac+Gldrjfa3gjR3K9f\uJyhrTYEOOCvk8g34Qr3sG+oVLoJIWLJVW5OqtbqSlYBjFy\rmnIV\XFloAL0cotqnlutmjDvME2wKjnO2S2G77cRpRZpZ2WiNj9pl\Ny4HlPu1N1rzsVS6Nv04RsFf\sCWWMj7TVAF1jxN8Dj\gbAAAAwDBHBTAGT5xZuU\k9zBRGq\kB8u1a2uukiNU8hqZJmSoqPItlcV0R3WSrBldk8Sh1\17\9b6UGt2qR4LcjoYXVzT8UnK\f5Q9q1JVeWcT3ppW1S0pwi7dizK2ryt\M4VhXtKFPetGjHMMk8f5N2vRjbxIX57k3aWZYX83cok1kZa3Zo5xqrwqXw4+cUBbfHNmj5Y\dV4ZKWleutsrwYz59J5swi7dhVFnK9tmFpfIaKX92hokxz6BaD3ZiUvGyrdr4RoSoFAIB+Zl5YrPzpxmc8qnv51ZBtbxMyi7WzskgZE2KMfcYmK3fLTu2KED9I8cpaUxRmaZIWtX7R5amJNpVXPRHDGEyyPrpDOx+PdGyEFWeW7cVd2jQ\ehxjSi1QedU6zQ21XEs\ip+Wq7J3dmnrMoviexJ+j01S1podeuuNaMlfrwG6xoi\BwHxNwAAAIBhjApgDK4pedr00Ada+Ub3CYJIEtIKtOOdfLmdR1T73keqc7Wo\bxv3SmT4ickKNmSrazvZmnuNLNMPbib2pKxQPF7awLryt2SIkukCaVxyZoxUWr0VRyYspQ+rUcfp9fMMwtUXlOg9lNONTTWqb6+Wa1ftcvdblgvK8GshCSLsmZna+58q5JinfTxGWdVfuUh5Zyq05G3alX7iUvui94znZAs65xs3WtbIOvEHi3qrHhrvna8szzMdyiZxpmV8E8WZd+do6w5Fpmj7d47UZh08JfaXfORXIZ9qdUtt9StbVy8NV\lbxnG8G+uwLkzxcs8xaKUjLmyzc9Scgz58mEnPlm2jbtka29R3XsOfVDfrJazbrX7KlfGJsg8OVkZ83I0NzNtZH5GAMDIFmdW7upcvf14TaBl88VabX9zgd56tPsNdfHTbNr0a5vaT9XpiOMDfeRsUeu59kD8kGBW0rQMZS+aq4zvJCshlhhwok3lv0yS49e79fbHgThHkv50LkQEMTlbm96YK7fziA7sr1Xdv7V4f1tNip9gUdqibN1riB0iLQOKCOISlPHkLh1a4ZTjnbdVW+9Sqy++G5ug5G9lyZZ3r7KnJ0hyB62lqjjFmIDr6ZjMSiss1zuPtqvl0wY1flivj5ytav+zIb6SSQkTE5R0a5bumD9XC6xJPfpbRNKAXWPE34OA+BsAAADAMPV3f\vb3\421INA75w5c0ZTpkwZ6mEAAACMWsMx3hqOYwIGl1uOx1eowre0zJIyvf+4dUhHBAAYXYZjvDUcxwQAGFr8Noxcly5dGvBjUAEMAAAAABh85x1au+ZttU9IUoolWWnfzVdGLGu\Xm7R5ycCDy1JsSz9AgAAAADAtYM1gAEAAAAAg29CkpIvuuU+2aja\Xu03eGK\h5J7R\Xqt7\KF6WW0kAAwAAAABgRAIYAAAAADAEkjUjLfCo46BdjnNR3nK2Rpt\1hhYe3bKcmVPH6DhAQAAAAAwQpEABgAAAAAMgXhlLMySyffQ41LFoyu0ea9TrR2ewGZXPeo461Jt1Vp9t9Aul\+lBNnW2JQ0uIMGAAAAAGDYYw1gAAAAAMCQMM0u0tYlTq0\2N75hMet+tfWq\61aO9MUMbT5SqymqJtCAAAAADANYcKYAAAAADAEImX9fGd2rEmQ+YYc7mmCRkqqtypTXez9i8AAAAAAKFQAQwAAAAAGELxSl66SbuWuOX6bZ0O\LZWrj+2y33R1+vZpISJSUq23qG5tgXKuiVhSEcLAAAAAMBwRwIYAAAAADD04syyzM+TZX7eUI8EAAAAAIARjRbQAAAAAAAAAAAAADBKkAAGAAAAAAAAAAAAgFGCBDAAAAAAAAAAAAAAjBIkgAEAAAAAAAAAAABglCABDAAAAAAAAADQhX2FmjrNEvpf+mItf6pax9wDOYKvtHeVRVNX7dOFnrzt0gnt\VG1PhmoYQEAMML8\VAPAAAAAAAAAAAwXEzXqpee0pwbjM9d0dn\8652VZdp+W9OaMeHL2j+DeHeP\guvF+uDXtvUc2zQz0SAACGBxLAAAAAAAAAAACv8Ur+drpmmYOfnTU7Uznp43XP96r1yruFmr9i6gAc+0bd9wuX7huAPQMAcC2hBTQAAAAAAAAAIKox38nUfEmft10KfsHdoMo1i2WdZtHUaem6Z02ZHCevdHv\hePV+sF96Zo6zaLpmYWqPP6Vjr1gbPkcogX016e1tzRf96R3tqK2LsjXpn0ndOlq58ufvGBRevFRSdXKnWbR1BecPRiX93gvHNUnlXmyTrPIuqBMv+vy8QAAGGmoAAYAAAAAAAAARPenUzomafK4Mf6nrjjtyn24XGdT8vVM1UZN1hf6cNcL+sHi3+uzN\fpmdTOba80lWn596r1\83O1\NVmfrG6X16rfBhHTBLmhTugF9p7+OLteGLeVrzVJU2m6WzR6u0qXiZPr\yG9XkTVLy0mr9\OoL+kH1JD1TnacZ42\p0bgkSXvW6pHpD+sn1YX6q\t63X79gJw9AAAGDQlgAAAAAAAAAEBEV\7UoFdKyvS5rNo8b7r32S+097lytSytUsPGTF0fJ0npmpW1WP9aOlOP\HSfVuzN0+SrJ\SLJ6t1NmuLflO5TJPjJGWla35KmZY8cDp8Atj9ex05Kq36VbnWzex8atbsdP3jpZl6+mOnzuZN0uRp6Zo1bbykSbp9drpu78m4fMf5erF+vnOt7rpuQE4dAACDjgQwAAAAAAAAAMDrqDZkWrQhxCtjzJl6Zm+Z\Mv\ftmgI07p9tlX9PnxhqBtL42ZKjmP6pg7T5P\fFR7v5Tu27y4M\nr21\qA1o1szrksSRJN0zS5OukXeXl+td\XK5ZN9+oMXFjdNe2ZjWEe09PxuVb5zjTqhkkfwEAowgJYAAAAAAAAACA13SteukpzblBkq7o7MfVeu4Xp3T7upf101VWjTckcOU+rWOSVLm287\dnNZZt6S\XtJZpWvGLWO6vD5JybdJOhlmKGPStWrbMn1SbNcjC+zSdTdqxuwlWpG3TAtmTvVW9oYQ67jMIV8EAGDEIwEMAAAAAAAAAPAar+Rvp2uWNzk6a3amZt1SqHuK87T84h4dfMqqrmncVW+69Exq+D1eOXql16OZnL1FB+95Si3Hf6MDB97Ve7+v1ob3q7XJ2E46jGjjAgBgtPofQz0AAAAAAAAAAMDwNXlZuXavmqqWX+Rr9b4vAi\ccJNmSDrmOh3x\WPGj9dkNejzU10TwV+pJVz1r1HcN5U8e5nWvVCt3\zvZv2mNFNX6uxyhHtvjOMCAGC0IgEMAAAAAAAAAIhgjG7\rNaNfWKfrflWTnc3qenZuo+q\T56\t07Gvj9ld0bNs9mp75rH53SdK0TN13k7R3z7s6e9Ww2enfaO\R8Ee90lSuJZmLVfmZ4cm4MZpsHh95uLGOCwCAUYoEMAAAAAAAAAAgsuusWlear8lfH9XTpe\qgiRpku57Ol\JX1Zr+Zx8Vb7boGN1+7T9iTw9Un1Bs9Y+rLuulxQ3XauezdOYuo1asqpMe+sa9Ls9G7Xk\yrT59eFP+SY2+7UXded1vaV+dq0510d+7hBjj0btfyJfRqT9bjum+7d7rrrJb2vX+06qmMn\xL7uAAAGKVIAAMAAAAAAAAAohoz83E9nz9JV+o2amvtXzqfS12vg+++oFXfvqDXnsjX8sJntffUJH2\+n29vmxS4L2zf6T3f7VWs9pqtKEwX6urLmhBVbU2fzvSAa1at3ePNt8pHSt\Ssvz8\WD8maNf7RaRysXy1cHfP2d+Xom6696b0uhlr\0e13owbgAABiN\u5vf\vb34Z6EOidM2fOaMqUKUM9DAAAgFFrOMZbw3FMAAAAo8lwjLeG45j6xxfa+717tGF6tU4Xpw\1YABgRBm9vw2j36VLA78OARXAAAAAAAAAAICBc+l9\SB9sX7w7lfBz3\ZoCPHpbum3TI04wIAYJT6+6EeAAAAAAAAAABgFLt+prJnP6XVPyqQ3Pm6f\p4XXEf1WsvVOvY1HzVZN841CMEAGBUIQEMAAAAAAAAABhA39T8sve1u2qLnvvVRi13X5FumKr5y17QwcLFmnHdUI8PAIDRhQQwAAAAAAAAAGBgxd2oWWvKdXDNUA8EAIDRjwQwInMfVummA2qLsEmirVSlixIHbRwphXYVpvR0B206vKlUjWmDMFbjUQ+VqtThPXuphbI\1uOBj2hth0pV2pim0s0LNXhnHQAA9F2zqgqq1CxdkzFMTwyPeKcz1j3g1jX7fQ2P7wEAAAAAgOHhfwz1ADDytTlKVfBq81API4JmVRV4J8QGVZuaGw2p86YGDeez1N+aXy0IJL8BAABGIeKd4YHvAQAAAACAYFQAo380HdBhd4oWmgdo\+aFKrUvHKCdDxB3sxqDks7NamiWUq69ggwAAAAMqEQt3GzXCIuWAQAAAADAACEBjJiFbL3cXKWCqmZJbWptk2RIADe\WqCqpsDjcK2ig7Yz56h0c6IOeFsO+t8TrgW0\gGxrZ3XV5vc5SqwBG8j2jjDLRxTlFhoVTl21+U9nrNDm\rbHOKUtSsZrfUvP+w2lLCtKUL0W475DmPdbsQn63z\BqPH2jvGPy5DW0E\e\p0lrwOw1B5zbwfkPLSElyH1BpwYFrth0hAADXgm4xh7rEJ11iufQ\dI3\FiqxS4wT6zIjUY8dStB4CqUqX+ySokJ7oVKk7nFmUBwVId6xtYVZuiREW+2I48hRW0yxlxS6BXSssZvxZBo\c6JyNpcq0eE9v93iyMjn1SfSdRDx3IQ6z\5z4\2OYoo7DefBp2tc2l\XZ8Rrputxwlx3AAAAAAD0A1pAYwC06fCm7hNx3VtFh9jOfUCl3SZ5wgiV\JWkpqoYW1LHOk7\AQPJX0kp34k0RdOsBu9+E9NyVLjUu627Uc2hWlE3V6kgxFrLzVUFKj3U1vPt1Kyqgu6frfP8lupwX9thN3U\922O0i5jAAAA14JQCVipMz4JFao1V4WI\zaVdksctjlKQ76\L8cOuY8qQ+yZmq4Udd4A2C3O7Emc2guhxuHX19grhvd3\8xtOhAiVo7wAWKMU2MVKvkb6fkQ3IdVGmopmKYqFYTZR2+vz55eMxG\bwAAAAAA+ogKYMSsuapABWFfTVG6d9ai7ZDdO8nSWTWw0KxAstbYKrr5gH8yJnAHfYg79MON5w\eKRPDnfX+al3fcVIKZbeHrnKNeZxGsVaxNvvW+01UWmqiZE7vrAJWmxqb2rQwqFrAkFgOUW3b5jig5kWFSol5O6n51Sr\8f2fzT9Z1qYDOw4rJVoFRxT+qg1DJUNbY7PaFi1Uod0emJCNpVoEAACMTO7DOtAkhY45vPFat\UvfNWOhrjP3aa2EFWx7nNtUkqYKKJXxw6lS\Wl+7Ds3vVku3c4adaBQ21KWZQSPt5x9\aGuK5VoMH7CR97JcYUZ0V+f7MO+NbQDRVbRxV7nBozQzzt\379Y4\he1CbDu\wJW0N59awj6pXm0PE9r24PmO6Zrp+S1T9AgAAAAAGDhXA6Bcphb7JizY1N3oniVJzAgnUlBzlmDtfb2zqfN2fwFWKcvwTIolauDqnZ8lC9wGVeit2ExeVym63y24vjbIecezjDEhUji22KZpAcjpNKWZJSlF6qvfIjgPBVQDGya3VvgmrRKWkJXZOYvnbEMa4nbH62FZgOA8pKiyMUokcK3OOcnynwrxQOal92BcAABi5zAtVaoi92g6Vhq2s9Em05XhjFm8c4\1\f5xlTlGaN35p+zJCwNKLY0cej\eYTY3+pGEgRk1Rjs2bVmxs7lbl2h+6jiNIX2OvaO\3x5lSytLAjXuJiwq8sXEUMcepvdGmA5u836v\O7dHbw\ublaj9\IJ\K3SuY8C73eppoZu10tvrs\eXDMRv28AAAAAAPqICmD0gbHawsetVt88XVOVCkKUDHdOlBgmbMxJCtqFOVFmda156C7FlqPEJu9d\f5jhRpTKL0Yp8xKjGUCzF+NosA6ZEGa1RBDQUriolLZF0U\XLft3G3yfTTzxC4TY4lJSlSz2kKs2dwjN8VWaQIAAEa\2KtEO3WLTzqfjS3O6uOxYxmP+0vf\jqX1OjG3aquUWJ\CH1evPoae8X8\kQlJQY\TrxJUi9vHIw1ng0pJUc55mZvx57AdxHr2tBqa\X+PdH1M0mJE31\bbjV5lZQIrY312dvrpmI3zcAAAAAAH1EBTBillLYebe9fbOvQrdNBzb1w3qyveWrACgMqtnQgU0Fvar+6C+BCoDwmvcfHpDKEQAAgEHVXGVIwCYqZ7Nd9sFqazuUx8YgSNTCEN9pm6NUBQWxr\EMAAAAAMC1iApg9Jx5oUo3y7v2VWdLtkT\xIxZSWZ1theOdb3crnfEGypYY5JSKLvd996u64KFu7O+F+OMiaG1dCTuRjW7F3apJOhSldtcpYIqd4iK5ijbGSqou62bF6ESAgAAoKfaznmjtqC1V0f2sc03JUpNbbo212jt2iWmTW1f9uH9YePZnuhc59e3f9+6vM37D6stJcL3HqHzjf\a8VX29vGG1mv7mgEAAAAADEdUAKN3zAtV6q+8bVbVq75b8A1rZTUdCFQHuw+rtKAg6G79lO8E3n\gkC9p2qbDOw7EUB3bpsObOvdXsMlQTetNfkpR1ozrwTh7xLDWWKLNtx6x4Z+hetq\xnBKun+SyFgZ3LmOsKHKOtbtgtYbthsqtJtVVdV1beLORHjntoG1idsO2b3t9gAAAGLgbuy8sU5S26EDg9uJpZ+PnZia5o3XusSovtjz1ShHMMSjQTHbq0PXoSaqMHFmzDFhrHFqD85N55rOBSooMHYc8raklvw3kYZlWKu3ucqwf\dh2X2V46np\ZKs7fM1AwAAAABAP6MCGL2XUqjC1AJVNUlqqlJVs12FKVLiohylOKrU7G3HHLQCrjlHOb5ZFsO6Xm2OUhU4fNskKlFtUZLAiVq4NEUHqprDrLObqByb70CBal\fcVIK7SqMdZw90Ow44K+wTUsNUY9gTlGa+YD3Mx9Q86JCpShFhYUpKgj3WVJzvBUTsW4npTxWqJSCMJ9NKSr0V8kY13ULs2ZZL\krIXxj7ddKawAAMBwkpqYp0eHrCtM15hihxzYvVE7qAVU1dYlRO49qiDHDxTuGTjMh49ThKEU5tkQ1O9q6jDlRiWapLWoSONY4NfZzE\FvCkmJthx\8jZc3LlwdY4avd2BusW55hyV9lds2oNrBgAAAACAwUAFMPok5bFAi7PAnfWdbdoKU7tsnFooe1B7vs51vYK2Sy2UfXOOYuoQl1IYZp23FBXajW3mOpPFRu5zvhZtsYwzVs1qaPL+r7\CtitD5bGa1eArBkgpNFQHG7a2lQYnTWPdLtxnM+eotMs5S3ms+3YphaXK6XWbPu+YFuUEfzdfRkvqAwCAESeoK0ynlEK7Sm2+TisNA1f1OoDHTnnMLnth1yiza4wZLt5J1MLNXWOpROVsHt6tgRMXlXb5zJ2fN+emsG8JFlOc2pNzEyaelfd7Niz1EjbuNC9UqT1EXNvreD+8WK8ZAAAAAAAGw9\97W9\+9tQDwK9c+bMGU2ZMmWohzEAmlVV0JlMTrSVBk3uAAAADKbhGG8NxzFh9Gp+1dvxZwjWeQYAYKgMx3hrOI4JADC0+G0YuS5dujTgx6AFNIZM26FSlXrX3wpK9Db7qjXCtFEGAAAA0H\ch1W6ybuUSVCiN9DhJjEtheQvAAAAAAAjBAlgDJnAum2h1spShDbKAAAAAPqNOUVp5gM6EHZtXm7MBAAAAABgJCEBjKFjXqhSe6K\3XOQ1MIua9oCAAAAGBiJWrjZrkRfu+cgKSq0D+\1iwEAuFacOXNmqIcAAABGCBLAGGIpKrTbh3oQAAAAwDUv5TG7iMwBABi+WOcRAGDEjUGI5H8M9QAAAAAAAAAAAAAAAP2DBDAAAAAAAAAAAAAAjBIkgAEAAAAAAAAAAABglCABDAAAAAAAAAAAAACjBAlgAAAAAAAAAAAAABglSAADAAAAAAAAAAAAwChBAhgAAAAAAAAAAAAARgkSwAAAAAAAAAAAAAAwSpAABgAAAAAAAAAAAIBRggQwAAAAAAAAAAAAAIwSJIABAAAAAAAAAAAAYJQgAQwAAAAAAAAAAAAAowQJYAAAAAAAAAAAAAAYJUgAAwAAAAAAAAAAAMAoQQIYAAAAAAAAAAAAAEYJEsAAAAAAAAAAAAAAMEqQAAYAAAAAAAAAAACAUYIEMAAAAAAAAAAAAACMEiSAAQAAAAAAAAAAAGCU+PuhHgAAAAAAAAAAYOhd2Feo9OKjEbbI1PNHq3SfedCGFLtLJ7T3heNKfjZft0d6bhB88oJFub8I9co3lXzbTN31yFqtWzxVYwZxTMPTV9q7KlMbpu3R6aesQz0YABhVSAADAAAAAAAAALwm6a4VizTj+lCvjVfydYM9nthceL9cG\beoppnIz83eEKdx7\o83379IsnjurzS\u0O2\qUAwMAHANIAEMAAAAAAAAAPCaqgWPrh2eVb4jSpjz+P087XpgsTa9sEfHlv1IsygDBgAMANYABgAAAAAAAAD02KUT7+q5NYtlnWbR1GnpumdNmRwnrxi2+Ep7V1k09YWj+qQyT9ZpFlkXlOl3lzpfvXC8Wj+4L11Tp1k0PbNQlce\0rEXLJq6ap8u9OA4n7xg8baurlbuNIumvuAM+Zyfu0GVMY27QReO27V6gW+Medq077SMW\ZY3FTdlZsuff2Fzv7Z9+QVtbxbptU5mZo+zaKp0yyyLsjvfqyvT2tvab7uSTduc0KXrsa6zV\03hMhzm\tU5o6zaJH9n9leNa7belR\xj6\n0HzqX1vmf13pd\7cuZBABEQAIYAAAAAAAAANAjV5rKlJvzlHa136lnqqq1+6VCWb7Yox8sXqbnmrqkSPes1SP16fpJdZWeeXSebr++8\3Lv1em3\1Drp6vqtZPv3e9jhQ+rE11PT9O8tJq\Tx\uqR5eqa6WruX3hLyOUm64rRryYJ8vfa1d39VT+mur2tCj7tui5avPa7Jj5Zpd9UWrbjllHYVL9NzH\cpBaxLF76UJH0jrvNxy6583fNEjS7NXqsd1dXa\dKPtOAGp3YVL9PTtX\xvusr7X18sTYcv17zn6rS7uoqPXPnFe0tXqZH3voixm2+qdtnZ0pHG\TJpcB4Wj59X5L0O6crkHC+dFy170q29BSNifF78AvxfV+qfUqZ3yvXscRH9PPqav3knkt65f95Vkfa+3QqAQBh0AIaAAAAAAAAABC7qyf0iyer1ZK5Rb+3L9PkOElK16zsO3XbA4v13E\3acXePE32bf\1Yv1851rddV3g\ZVPVuts1hb9ptL7\qx0zU8p05IHTkuTenicaemaNW28pEm6fXa6bpd3u27PfaG9z5WrZWmVGjZm6nrf\rIW619LZ+qRruM+PUmrPqzSfTd1Ppx15y1Sap5+8fEJbZ5t7cV5u6Kzvy\TD8u\kDILNGu8JJ3Q7975Qsmr7Hr9KavG+MY+7xaNSc\Xrk9P6efZVsn9ex05Kq36VbnWzfSOZ3a6\vHSTD39sVNn8yZpcizbpGRqhsrU9B\S\NTO4x+rvaLkqVPV8vsTalGmZki64myQQ\P085nf7J\v+4V3pawtOuj7vmena\5tZbrne0elmT0\lQCAyKgABgAAAAAAAAB4HdWGzM72wcH\CrXX7d3k5FHt\VJa8b3F3mSgV9xU3fe9eZJzn3532vB8plUzrjM89r7\vrzg949JfUCrZnbfLubjRPNlg444pdtvuKLPjzfo2Me+f05dGjNVch7VMbdh+5nzNOsm43EnKfnbkk6eCmqhHFqI8zg9RXcW7lHL1GXasXmZxkuSpmvV\3tUv\Enf30n4xbN+Lakry91VuXeMEmTr5N2lZfrd6e\0pWrkjRGd21rVkPl4s7kayzbTE3Rgpuu6L3\c6LzOG6Xmr5M16rvL9HkL5v1uffzf358n5SZqVk3qO\f95+adSTU9z1zmVbdFvVEAgB6gQpgAAAAAAAAAIDXJN21YpFmXN\1+fFK9iX1vr6ks5qu5Eljum6k6xMnSXrfsL5tCBcv6azSNeOWru+fpOTbJJ3sp+N05T6tY5JUubbzv92c1lm3JLP3oUn6Rg92HyzEefyHSUqdma5Z0ydpTFyXza9e0aULX6rl1BdqOdGg\3BQb3XJCnzgi5JGj8mXau2LdMnxXY9ssAuXXejZsxeohV5y7Rg5tTOauZYttF0zcr+\9m7+\Amqzzx\2\LxGoG0ukSmEYMMinYgkEJDykSHgpalIKUleIIM4PrlrXd38AqzIU4gkP4Cs6g6ziu7rXFIToWl7pQdiyDdWxYKA\BNlBuhAhFbb7QiOmXCcs0y8TtZq2\P5pC2iZt0hZa8PO6Lq+Z3DnnPp\zcKch5z7nTuTlDxU+zx+J\tNTVAyZyM9mjeGBFa\yyaeNkOLmow8auetvTc2T1N3th4vn+ISRPNIu\yAGD4uzWYUQQsREJoCFEEIIIYQQQgghhBBChBh48O+e5JGUzlN2VeP\dO8Zut21pPgkz4672qXE3o6eD57j\v5Dj4JAMkG7hqSytjsH\FI46tsCUunn\U8f5j5NJ9XllNauosP973FM\a3WBu2lXYsae6aOB827+f2HR6NAAAgAElEQVRo\SL8yg6YWchd\UbxxRx4SjnFuttP8sdzt\PgeMPVapyQm0lsd6OBEEKIniBbQAshhBBCCCGEEEIIIYSInVqDnlN8\kX7iVy\9wsgg+EdTHwmDhqEnio+qW2b38fnn4a97GY57SQP4S7go5Px7Bt9lV3cxQtP7sA\71X2nTiJu2oXf\j3V1m3JIvhkdL3G8Bwy3x+9uJblB9SKLdOpXHPJnZ+GnuaxDEZzGU\n3x6ik\2NTJ3zChgAKmmkTRW1\KRsp9Phswnc2TofN3th+Qh3BUx\zk8x2NsJyGEEHGRCWAhhBBCCCGEEEIIIYQQsbtzKo8MgS1Fu\B8HXb8azfbiuxgmMrYIVFzX86\bWub\O5ytu3vwXLaMkzlkTHwyZs7+CgQ\kYjH\1yJiOnrqfCH8f5eoL7FB8CDzyYhT58h+RP91HqCouw+lUemjqHfw47Rr9E9CmD4koDgMbEpKmwbUche10jGZc2AIDho6eSWLmDl\9tP4mzMrirJX13+8EwkRxD+\yN1TvY4oqeTQghRNfJFtBCCCGEEEIIIYQQQgghYtdvJEv+8XFKFz7HzB+7Wfd3U9EHTvJvv\0ndp4ysKR4UeTVq+H51y\it48\x0NL3Dz7k6kMrt\Fyy\u4nN1m3QxlpOo1gB2irZk0Jhh4t47B0Q4djuPrHqcLQvf4kfTT\Kz5woYq\6CQ7u2snnXn7j3l39D5rXektgwhrlq2Pzk4yQ9V8DY5EY8jq28vFWhMflKskTjNDLVm3g573HOPzmfB+8YxJ\O7qLoxR0kzniRR0ZCYmPnaZppGTttJI3P26lQ57O0ZadnwygeYBM7jyXykydHXim8u\2NgZ9seJxtC9v29w4+78m2FEIIcZlMAAshhBBCCCGEEEIIIYSIS+K4lZSUjuT11wt5oeAt\AxgeFYBb\7T35B5R2Ln+S1rsBcN4hfWN3mm4C0SU6aytPAtBm1exDNdKEcz7XGenZHPy88XsHPGi1QVzmFQpGPjVvKHXSN5+dVCfrvicfwkMmjkVJa+tYmfWrRXoaU6kZzFxm3Pk7T2VV5f8TiNai13WX7Exn9\iUH2+Tz0L6f4vBEGJY7hZ9u2Mnj9q2x59Wm2XASSDTzwd2+xvyCDQQCxpAkZPn4mek7hmWe6stJXM5JJE2Fn5Xymj2\dh93u73ErKSk18PL\eZW1BW9Byhgeea6QnA8KeKFHGlIIIUS4m7755ptvejsI0TVnzpxh2LBhvR2GEEIIIcQNqy9+3+qLMQkhhBBC3Ej64vetvhjT1fEF2xbP5JmRb+H+eUZvByOEEH3at+dvw43H77\6zxuQZwALIYQQQgghhBBCCCGEuHb8dp7KmMNTu3ytj5+r4o+VkHlnau\EJYQQQtwgZAtoIYQQQgghhBBCCCGEENeOZiKzLE\z92vyof5xfjhyEI31+\nti2\xkeFxSmb1wlbMQgghxA1EJoCFEEIIIYQQQgghhBBCXEMDeOAlO\9a+DwvFD3Hj+obm59VO\9F\lAwh7vUvR2fEEIIcX2TLaBFx+rLsObnk9\uv6UsX7uR4sO+zs9x3QniqyyisNx75ZBSSH5+PoVK70UluiNCn95wFArz88l\Q2n12vq+N8rrWM7Rm2KNJZZ6xS543knRG3au3UjpS20OBFwUv7CcpaHP+sLDwR49\bVvX+hzbdwN16b9un5N9U7\CiGEEEIIIa5b\bTc+9NX+cN+BfenJ3FX7eJfnp7DXZreDkwIIYS4\skEsIiJWm\EPNF85T+THvVFNxWbV7Nx79V\WPW15aLkLQf1PTvvIXqV9KmIjes9G45z396B4t1dTMVZSJ25mLwlecwcrurR83\b27e7+nr79fX4hBBCCCGEEEIIIYT4tpAtoEVMkky55M3WtT4YcFK42obiOIhvejY39JM5TAVs2tTbQQjRERMFMkhFN9XX+wATmfMtmHo7GCGEEEIIIYQQQgghhBBdIhPAouvUeoZqQGkMEgRodPLaUzZcpgI2PdF66iB46DWWvn2BnHVWslOinK\Jh\NdG6WVbnyNQKIWw8Qc8h41o02geRvmwnqyl5ip2VKKO6hC98AKrPMM0OSn5oO32fKhK3LeFhecFL9ZhvOsl0AQSFCh0ZtZkL8Y80Cat7xeW9q8feVOK\k7dc0xewvJL1QwFWyiwHQllpyVi+EDG2UnfQSbVKjvMLOw5VwtAm7s7xRRqngJNqnQGLP5+1lQ9FIpKS3ni6azeIkzlq6WEUv\xJom6MO5vZM0LXVqO17aHo+l7tH6tO04jGf89mQd2qmhaPkrOEa2jqPmneW8ciCA+aebyLu7ddoTk1bx0oIGCvMLUca1jz9+Adzvv8a\fODCHwy155KFmAe3Xg3qP13G22+X4boQhAQVWoOFnL9d2PmYC42TsmoP3kvNqwVVGj3mRwpYPKHtrSSxxdJW\LF5KVtrpbQeoBRrfim6uVass3U0byFegm2nA3e8db3gpGjTdpweP8GmUD3nF7BwopbWNQji2VeIbYeCtxFU\fWYH23bHrHEoVCYX0j93FUs5v042q05n3L5\+dDSg7WddnoYu2vDuvaUfvG0l+hes3Ow3yqiFJ3EFVKNivW5WDopAuuuJrjuqXdr9Qp8vGu9s9VGp8EcL9vwxb626m6LZOClentk3U6Brrbv0IIIYQQQgghhBBCiJ7Uz2q1Wns7CNE1f\7zn\ne9753dQu59BkVFachLZPMOwdcOd4UxFtVzI6D9QzM+hGzRwyA7wzh5i93cUT5mtuzx6O7qSVxkMr3fsfHtz7IklmpJEYqp8lL2Qu\oPj4JZLGPMTDszMY1nSG6o\247jwA+4zDaZf\RF2HfmMz455+P6MheSYtAxJtzAs2Yv9l1bePBIgxfIQD2fdS6ray4kDe\jg436MnzyCATcBAQevPfM7nMHBWOY8zH2TRjNU5ePzT1w4qy4yIusetDf3RzsEfEfP8LUplx\PySBt2GAG\OkIu47Uoxv\EON1QP0Rdh05h+e4g7qbxzP74fsYNeA\+b8njlOpNDLmvlEktdTrxQ38\tMEhk15iIenpNLoKqPk0Bma\ieItuV8kcQS701xxNKdMmLpn1jT\OoXFB9vZODkHBZkjWdoKI39eFhf1R9h15FLpE\PZET\sHjbHo+l7qoofdr29pdYx29P16EdLU11uzhyKpERD94TWlnvxbnDzulL8F9JdzHzruTmpKfK+N2BC9wzdyH3DKrnyK4j1N82nofG6YDm15cuX7ttX0cSOsf\+xhHbT\Gz\shM+\qj\f4ASrsJ+g3furlmL3l67G+6SSgm8pD8+\jXkN\vMcr2PPHj+k3diojohVBAMfrT\O76q8ZPHE2D2fdy+jbVfjcp3BVVnJx+IPcMyieWNrXq2ux3UL\QTrwKZzBRO6PZ5NxZyqDB\TD+\4v+cW\Hadx8FRyFtzH+CFfc+ZIJfv\o5O6NioU\uK3OBN+wH2zcpg+KZX+Xx7nQMWH1A16kIzb+4XVU+GjM2pMsx\mvrFaLn2qoHx0nMYx9zEqdAHHFkfz+c6dU6ioaeqwD1v7Ln+VMhTVnxXOXDSQueRh7rsnjdTB\aiMpb86ras6evvG1F\N9fqsVsEz6D4W\vVYtLelY\lBcrSBFuZajOto11fk6zD+\rkK4xOoeedp\tF+ju\cmcUP501m6CUnxbtrafL7w\7ux3LNdhBfl9u077gm37fi1BdjEkIIIYS4kfTF71t9MSYhhBC9S\42XL8aGxuvehmyAljExLvTSv7O9sd1M9ewataVGUzTJAvqagdVH4OpZRFio5OjLtAvyEAT5fxBZwmlHjA+9iLLJqmbD06wkL59Nb+uPIjzkhFLKK1m2jKWz7+y5itYWULJ2SQyV1pZ2PK8yglmsiaWsHpjKSXOLJZNVOE7fBR3Px05P1t1ZeXlBAujNatZX+7GfR7SU3QYJ6RzcHMFX+mNmCdEm50FCMCIPNYVmFGHyjQmWbHudHGiPhd9Cvj32Cj1qDEVrKPA1Fwvs8VE2QtWSi91cGqIMd7YY+lOGbH0j9nVeZrRlaH2WLKBgglX0kw+8Bor37nSV\HprO6x92ks4\dyn\ZoHVozGo1Q7cZdH+pj\2lO1KtR9w\gP1OHHwMawO06QUBtYmxat4qLFAGLX1yGRQ1gxjxpKK\9rIjSnQrZT5ig0UnJ7z0kTV+F9VFDaCWrGfOMDErWbKT0906yfmomYitccHL0jArdnBWsurxS0ozl7iRWr7fjdnthZHgfdRJLW12OTYXOaCb9kI2KwFCME8zoAC7ase30oDblsaFljGHGMsXBa6uKOq7rySqUgJbslcvJuS1U03Gp8OyvcZ5yEZxoCstnZOG6sHoOg9Xr7SiKl1y9Lu44AoGB5Dy3huzb2rTbjmjxajBMMNOg2KggifQJ5uYtoC9UxNZfMdQ1YvvG219JmSx7KhdD+M4OMbuK4zpO8ffPVRifF+2UHAigHlfAuidMoc9PC6adVqweuHwVxnjN9kj\CiGEEEIIIYQQQggheoRMAIuYqPVGjEPUVw40+nCfdDev7PlqGat\bGz+8XjUWExqB47DyuUZNP+hg7jQkzsu2vQvnD7lggQTkyeqWx03LNjA6wtap01Na73hp3LMBYnpqC8qOA+HvxNEA7iOu2CiCe20ZbwyrX3ZeoMeqCUQ6KwV2ksb1\KDezPdbSmAQp0XSPFzVPFAchYzTWGpEnRkP2CidLPS4bnjjbfjWLpXRiz94+o0jZ+KlvaY0DqNxjIdy7+7cBx2EpxoiXsyoCt1j6jT8RvWpz1ch3Aq42gMFHPilJ\sFA3U1uAmjdxZDZTsqKG2KRNTgpcalx9GjsbYpcmw6NQTp4cmyVoOWMi4pwiXchQXJozHj+JqUpF+iw\lsK9V3mAScPwoLsyRnyE7MJNlL2e2P65PRY+d2sBX8cXS9jzdiS0C\7GjeNCQNbP1GENjYfrEElyHqnA2mrFE2tpAq0WLQsW7JQxdkI1Rr0aVYGDhr15nYdu092S0rmeoPZT6ekAXfxym2aHJxRC1hcmmIlzKCU5jbt9u0cTaX\HUNVy8\WVI7+Lk71Ue1\Hqof7pzvgMnqppznu\qfXn5wNZGN8v4kLLgTiv2VauZZsKIYQQQgghhBBCCCEukwlgEZMkUy55s9usnGzy43xjLbYDNkonvsLC4UCCkbFj1Dgqq1CaTJgS\Bw94obhC8mIulOnj7pzwOChpMT9w74XnxdorKFsc03kJOe9+DDR8qTKYMBP\dkavOfqOHGqBtdpT3MUDfGWTSdX0F9o8APDhrZ\RqV+KDo6ngBuEXO83biaOy4jlv6JJc1fCFwChujQt30rYSBaTXOBPsJWnsWqpz7JOh2\V7EO4TRpjE6BUtcJgtMteD6vheGzyRjVQMX2g9SeAZP2NCfqwfhAzFN5MUvStn8wp16vA8WHzw\e8\VAkJoPbES+6nx4z4NpcAeFBAP46+uoqfdQ56qhxnUaD8DF1gO7s1jabivQI7GF+UvgK2AouiHt3xuoTQIu0HCRyDca6LNZOM1F4T47hevtoFKju8OMZU4WmSPbPAM4oeNbBuKNQzekfUApQ3RQ7aGuHozx3BgBnfdXPHUN09P91ZFrMq5j1FP9053x6bt4IXLexIEkqbkyAdwixms23LVsUyGEEEIIIYQQQgghxBUyASy6LkGDeZqJYsXB6dNeGN485WU0m1AfUjhxEkxDj1L1ORgeHRt1+2cIQrCbsaTkYF2X3fGkW8BF8cZCKuqbC1NpNGgHp2K5W4W92t3NACL5imB36nUt4o2pjFj6pwf6sI+If\xeDTrSjRpK95zA1ZSG97Qf7d1paG5rIE1dRs1pH8H6E7gxsNB4LTdPVaO6vJJQR84665Wtw2MWwLX1RQr3eZuHTKIGTbKW1ElGVOUKsY\s8Fja6mpsPU2NcZGV1+d7qTngwO6s4rS7gpLfVFA2roANT7ReeXltfAfiutEm1v7qTl17u796Ylz3lHj752q4GXWra6u712xvt6kQQgghhBBCCCGEEN8+MgEset7IyViSHTiqXcz7UxVujCye1NH0mY6hwwBnHfVNoAv\8fu4jaWbPWQ9ZSUnYl4tSVrAVYu7EXRRJ4TAtd1GRb2WzKdWkDtSc3lFWvDQa9ir46tibLRoBwJn6nBjbr0K2FtHZ7sTX4t4Yysjtv5J7TTNCpL6A+e8eKB1ezRdaF7NmaYNm8RvwNdm5ZqvvvUWoldFh+P3u6ivUR0MxtGod5+g9vRpvB41afN1gJZUAzjOulESXDB8IWOvwsx0w8UG2q5h9ni8oDYwMBG0yQMBF7XuIKTEOQHtKsG2z4t2+nJWzE9H05K90cFr5e1XxXcWS1vdii2C76pvBerwnoO2S\kv+BqANLSdrV5M1JF+fy7p9+dC0I\Dtpai6nKcfhOZMfZfvHFEarf6c15QWzDEs9oyzv6Kt6493V8duarjOloZ571EuuJ7qn+6Mz6b6xshb6MX78Ww1\GOgXZlXJv+FUIIIYQQQgghhBBCXNHr60zE9SyAc59CADUGQ\gP2QYyJmgJHDvIVpcb7s7A3MHELEDaSCM0KRysDH+wbQDnIRfBYErzBGREKswTjIAL+4fe1m99WYo1fymr33MDXurcARhsIjNsopMmP85qV+xVjouGsSY9XHRQrrSul+NgZ9s\X4t4Yy8jlv7pPE1Yexxu\QBjv2MvjgCkj0xvPnCLGjUB6s75ryRq8uKo9PRQ3TvS0fi9hnVIG01agp+a3+\FhYFUA4CKtOF6OF1K6SnQjUq7KiuTA9UVOMOr92UZ5R+DesxY0gHVuAyMCeD6sAxvU1i6Ji+la\NZ+mxp1FWB3rNuAmgxTQ2bSAL8zqNEGtmdxdJWd2KLRDNmLHr8OMqdtOpxv4O9lQFISyc9yl9S7wcbWb50PfbwyTSVBt334r\3Kt442rXbeTvlSvR2iybW\upqXXu6vzpyNcc13IpaDYE6D2FXPN5KJ5Gu+J7qn+6MT5VxNOkJ7fN6d+9t3bdxXrOtyriG\SuuDuWNfPLzO\7P+r63k7N4KVsbSv9MSfQ+b1Io\PtYz9kuUgrz88l\Q2n1Otbz+Hevb47vBXurazjWcjsvJ754hBBCCCGEEEIIIbpLVgCLmDQoJdjOh2\gGcDrOo3nUhCGL2TeyNbp9WYT2nI7ykkwPmaK+vzHFipzLjm7XZS+vZr1Z7KZOUJNneM97KcC6OflYOrgVoXLed+3stKdxTzLUAJ1VTj2uvD2N1Ews3lpk2GEGg6U8evfBJlnGYqqoZa9ux24L6lovX9x8w\5Xkcp9sGTMd5t7PLzXDUzFpG1byP2N9ayccpMpo+Aml2lOM53llMXR7xdFXsZMfVPLGlm5JFTaaV082rWf9acxqfYKav2gj6HR6eEpjPTzJj6O3Ds2EhhYzZjNQ0c3V3GaZUeDf\bhbpG6NMObkroaPxqrlUdEoyMHgVFLg\ox5IWilc7bCjqgAMfWrLu7taThqNSJ5ymaO1Gah+YztDGo9g\UPCqTRQsCD1vONFM7pxyXDvLsK5ykzXXwtDGOqoOVOCqV2MqyGr\3OsQncGAGgdlr7xCcK6Fobc0UFtRjsP9FaqE9iO701ja6kZsALeq1VDvoHS3lsmjTBhvyyJvbhXWnTZWv1BLdlYq6vOhONCT82hm1El4nWk0A3eWUvLCRuoyJzN6MPhce7FX+lFPfAxLPLP3yXHGEVCwhdotlRrK3nN03G7R6hBjf8Va1\bt273+8r5vxbqTmLYYvprjGtIxj1PjOFDCxsIg2eOSaFDslJ3+Dvpk2l\xXeyfnhyfaDJ5dM5BrDttrN1Yy8wZqXCyjNJDrSeo4rlme7p\RV+hxTDRgDbau\rvxn6qi1UcdediiNTxH1ehNEU4ftX5qXJ6UPdXEzhbQbkni1x9b8QhhBBCCCGEEEII0XNkAljEJOBx4WyzjEml0WNakMuiGentf2DWZ2AaaMd+0UiGKYZtHxN0ZD+7Ae27NkorS7DtA1V\PZYlq1g8IdpPjpHy2ik6BajU6NJyWP5YNumheev0RavJ+7qQ4sPNaVT9daRNymPDlAZszxXjcXvApAfSyZpr5MQOhZLNCnU\3URebM0UITYDuT9fhdpmo+xACbZ9KjTGbFbdX8fGdzpeBRx7vF0Xcxmx9E+saVZtQLv9ShoStRhnLmPhXxvRtkz0J6Sz+Nk82FSMc2cRikqNfsJiVmf5eH2dsys1bd+nd3eQvKPxe83qoGK00QAuN5q09Cs\vKelk4YDJdnE2Kv0A3XSjGXkNmzF9p6NiqAKzfAsluXnYgy7B0Q3ew0bBhdj+70D+zs1gAp1Sho5Kx4jO62DJ9uOXMzqJVD4rrM5n0qNLs1C3rpMGt5eTfGZWjyYaKlaLLG01eXYgPQZORhdJSjbbSgTl7HpcSO62avYMLAE204HJZsrIEGFdlQWyxblYhzYwclSsln1rBrblvdRdhXhbKJ5rMxdzmOz0ju9MaZ9veKIY9xilvXf29xuX6vQjmr9eRizWPsrxrpGbt+u91c8ruq4JvzztJQiRYX6DjOLn83C909W2l3xXeyfHh2ftIypYgq3N+dV9ddjXpJLYHMJ9S2J4rhme7N\xdWkZ+bjeZi6e5rBOnQ+L1XVbnIjzAArhxUYqEVzoSuPezBRsGlT1+LylFNxFgwLcmBHMY49LnIfi+9mGSGEEEIIIYQQQoi+5qZvvvnmm94OQnTNmTNnGDYs6t7IvcxL2VorpUMK2PREt38yvPEcLiR\s4fstRvIua23gxHtyfgV1yuFwvxClHHfnrHrLLTim9f5CuC+4dvXPzeCvvh961rFpLyRT2G1iYJNBd2YAA79TSWbnCFllLqzWPWr3NarvxudvPaUDdWcbOp3lsFcK9bZoV0umnw437VRVu3Be6l5zblKo8f8SEHYTYJtr63m1\Xh54nCvX0lG3drWfjSCtRblmJzGcn7zbIIjy8J4H7fhu1DF75GUN2WScHKdA4ub1tOLOlC8c3Ow3yqiFJ3EFVKNivW5WAA\KfLePvtMlwXgs03dRgs5PztQszhN3VccFK0aTtOj59gU6hN5hewcKL2yg1GsaQRQgghRETf5u+AQgghrh\yt+H65ffH9xCqrpBnAIurw+3AUa\GMunb\QN3zTvLWbqyCFerLQ0DOKtPQ4KeodfFhMW3kIxfIa4PfgdVroFok3s7ECFE51SYJllQX6ziaJsHAQeVKlyYIuwaE8Dxz6uxHfBx67gc8pbksXiumZQmD47NG5p3femOJhcHD\lheAZjNSrMk0zQ5KL8QPt\hNW8s5qNO138jyGLxUsWk607TeGv37+yWj7OdADeD2zYVZksXpJLZuZoDIC3fD3P\rqUuiQLuUvyyJtvQXO+Atua9ZR9GcrYqFC43objq9vInJ9H3pJcLMkXcLy1msLKYOxphBBCCCGEEEIIccOSLaBFj\IfL2V7dR2eahe+lByWfst30EsfZ0J1wEHhugDZ949Fe0sDtXvKqXAH0M\t+NnG4tqT8SvE9cXvPMr\zs+NsFJPCNFzFArz86O8p4vpGdyXjRqLSe1osw10EKXaBaYCTAleSsPTX3By9IwK3ZwVrLq8wtaM5e4kVq+343Z7YWTHK3w79PFBHAEwWizNjzO5JwNTgoLirMJ\f9aVR5xctFNyIIB6XAHrnjChBphgwbTTitUDunjTtUjKZNlTuRhavg82Oin5vYek6auwPmoIrdI1Y56RQcmajZT+3knWT82oTlahBLRkr1x+eScZ87hUePbXOE+5CE40xZam6y0nhBBCCCGEEEKIPk4mgEXPanCjVNZAsonF\5Dd\oeub5uRi1m3QsvbW+2UvaMQBFQDDWQ+vorciZ0821hcezJ+hbiuaO5fxvLeDkKIG54Ww0QDkb+1aBkaz6OcE4yMHaPGUX0U9wJD8zbQjQpVLjWWn5oAb+v0AzNZ9nJm+\PoU9FjpzbwVRyFtxXEeUiBBCMZ40JToQkmJk9UoxyqoNyTRW7ogfTBUzV40JB1f2hSN0T3QBbG94u4QHzpLjOkX5n8BTh+FFeTivRbfCiHWz8LOZgUeh8zJq0WLQoV75YwdEE2Rr0aVYKBhb96nYUtGWJJI4QQQgghhBBCiBuWTACLHqWZspzXp\R2FH2LJi2bZeuyezsMEQMZv+L6Z6Jg06beDkJEJf0jrkd6Zj6e141nALdmHGdCfaiKo+5cDAYIVlfhusXEslHA+SiZggH89XXU1Huoc9VQ4zqNB+BiQ9cDuVhB+XHg7gxMYbsINMfnwLHHRe5jzVuB+C5eAIaiG9LmHIkDSVJzeWI31nTReM\XA0FqPrBREzGFD+95MOmzWTjNReE+O4Xr7aBSo7vDjGVOFpkjQ8\3jSWNEEIIIa47Z86c6e0QhBBCCHGdkAlgIYQQQgghRLcob+RTWN36mKlgEwVtZ45bbQOtx1ntQj1mGcaIj8UI4Nr6IoX7vAQBEjVokrWkTjKiKldwR8oSI391VfMk8nEbS\Nt7RNU7sX5qLGTLeZvRh3TFvSxpoPYttVWY1xk5fX5XmoOOLA7qzjtrqDkNxWUjStgwxMm1DGlEUIIIcT1ZtiwYb0dghBCiD5EbgwSHZEJYCGEEEIIIcS10bINtHIUz1wvR11qTMuMkdO6SrDt86KdvpwV89PRtCxbbXTwWrnSjSA8lO\xQIKBrL+dztA27zZ8XErJYRflB\yY79egTR4I1OE9BxjCEjZ68V688jLWdNE053dR6w5CSgxrdBN1pN+fS\r9uRD047Ctpai6HKffRKYmjjRCCCGEEEIIIYS44cgEsBBCCCGEEKJbTE9sItYNzpu3WVY4uMOLS21ieZT5X+9ZNwG0ZE4Nm\wF\M6juLoTrLuKqgugnjSb3AkRCh\eQNXhEjx7yvHcn4veOJr0BBeOcifZBY6K4psAACAASURBVObLK2e9u\fiAnSh16oY00WjGpeBcYsL14dleCfmoGtZFd3kpXSdFXswmxUv5HDrBxt58f0g2c+vISu5JbMG3feu\NPOG0MaIYQQQgghhBBC3LjkFwAhhBBCCCFEFB7K37JxNNrbyRksmGckrsWkoW2gK\b5UE9ZTnqUZDqDATUOyl55heBcC0NvaaC2ohyH+ytUCTRvC90FrgMO\GjJmhFl5jk5k5l3l2A77mCvK5fFxkwenXMQ604bazfWMnNGKpwso\SQt3U+TYzpokk0kzunHNfOMqyr3GTNtTC0sY6qAxW46tWYCrKaFxabRjNwZyklL2ykLnMyoweDz7UXe6Uf9cTHsGhAFUMaIYQQQgghhBBC3LhkAlgIIYQQQggRhQ93pS\683ZTdGTHOwHcsg30ITCNizb9C4xczOolUPiuE\s7NaBSo0uzkLcuk4a3V1N8phYPJvTxlN3oZG9lAO7IZmbUjCrM0ywUH3egVLtYbDSim72KDQOLKdzuoGRzBar+esxLcglsLqE+LGes6aLRzV7DhsHF2H7vaK4zKtQpaeSseIzstNCa4pRsVj2rxrblfZRdRTibgEQtxrnLeWxWOqpY0wghhBBCCCGEEOKGddM333zzTW8HIbrmzJkzDBs2rLfDEEIIIYS4YfXF71t9MSYhhBBCiBtJX\y+1RdjEkII0bvkb8P1y+\3X\UyEjpPIoQQQgghhBBCCCGEEEIIIYQQ4nogE8BCCCGEEEIIIYQQQgghhBBCCHGDkAlgIYQQQgghhBBCCCGEEEIIIYS4QcgEsBBCCCGEEEIIIYQQQgghhBBC3CBkAlgIIYQQQgghhBBCCCGEEEIIIW4QMgEshBBCCCGEEEIIIYQQQgghhBA3CJkAFqI7lELy862U1ffQ6d7I79HzdchfQ9lvSnBd67zXHS9la\PJf0PpPM3aMrzXLK5u6pU+vAbt1OSl4rXVLP37fPLz81m9M0pJ7ep\HfZhGO\7VvLzC+lolH6bNLfHNfosFUIIIYQQQgghhBBCiD5GJoCF+JbyHniX0lM+gtc4r+gbbtg+rC6l2OUjyZxL3pI8Fo7XRkx2w9ZfCCGEEEIIIYQQQgghxLfed3o7ACFEWwNJSu7tGIS4PnnP1wM6LLOyMKf0djRCCCGEEEIIIYQQQgghxLUnE8Cic0Efzu02Sivd+BqBRC2GiTnkPWpG27KGXCkkv7CenJWL4QMbZSd9BJtUqO8wszB\MeaBnZRxwUnxm2U4z3oJBIEEFRq9mQXhebtbRhz1yF5ipmZLKe6gCt0DK7DOM0DATZktVC4qdFMKeHpkhHKa\NR88DZbPnTFXU5+ihaSdegSQ+kCbspsRdhPN7eLqr+OtBmP8tisdDQdrd\vJJ\yRj6F1QBeCvPzYVwBm54wAQHcu4vY+qELj795bWRz3sXkzTagJlreFMrWWikd0nKeFt72x7tap8gV7TTeKzHkscFUQ+G7TjyXgpCoxfhAXli6Zr7DRZfTqJKN5P5DbrxBhUJTsK0txNlkZPGzy7CExmfwvJPizcU4zwYIokJ9h5HsRxaTNVzdKnvn6VrX6\UtDryNoBpoJPuxx8hO00QNreM+XExB4nvYDvmhv4mF6wqw9I+lnUPV\txO0bYyXJ3Ur7N2isR\2s7WHdHOHWqP0Ja\pWvzKcVEwaYCTG3OE63+oZan4XgJRVsrcF+MPk4I+nBuLaT4sCc0jvUYZy1i8f1t0kWsSA32d0soOx49r\d9K9adKSwuUPOezYEfNaZFGyiYpIYLToo2hcaGSoNx\goijtIYYoxeDrjft1G05zTeS0FQqdGlZfHoY9mkRxtanhJWr7ejmmvFOlvX6i339pVs3JNKwT8XYEqIrw3a9mG04xGboMFFyZa3qfjcTzBBhXZUNnl52RjCOql5zJbj8vgJNnG5rotb0p0qYvlvHBgee51lk1Stzq+8kU\hKQvLXl6MMSG2NhdCCCGEEEIIIYQQQoirrZ\VarX2dhCia\785z\zve997+oW0uSl7Fe\oPh4IwMn57AgazxDm85Q\dF+7Mf7MX7yCAbcBNQfYdeRc3iOO6i7eTyzH76PUQP+k\974jiVSiNj7htFUrQyAg5ee+Z3OIODscx5mPsmjWaoysfnn7hwVl1kRNY9aLtbRlz1+IzPjnn4\oyF5Ji0DEm3MCyphqKf\yP2L7\Dnff\kJyJQ\mvw8X8R20Tfj+kT89kRH8AL\ZfWnnzSIAUy0M8nHUvqWovJw7s4YOPOy9ndL\P2HV+KPMsw0jES9n6DZSeT8Y0cx4PTrmHIY2nObBvD0pwDPeNilbbzvN9N\n7JAVqOVk\hMwlD3Of8U6GJCfi3m5l4y4P3zVm8\DsyYxP1XLpy485edTBZ\2nMfkHiVHyBvmsooLTmvE8NC584udSm+NdrVNkscR7OQbvaSqrv2LozBxmTxgGXhfHq\dzbtCDZNzeDwD\3o08U3Scr\7qXh5+dCbpqs\44++PcLHJjz+5bd3ChcognczpIxjQ5KXsxX9kz5\15KxayX3fb04VPF7Esy+VcvYWI9nzZjP57iEEP3Owp7yCc7dPZbxOFUe6sHo5fXx\xg\JuXcYX\fA1TsdnD+jvsY+\1+EaPtsA9rP+bj\76HnIX3kTr4B0ww6jgXUztDQClk9T\twfONnqlzH+a+u\rjc1Xi2HeSfuOnMqJ\bO0USUAp5LnX9uBJNPLQX89mclro3HsPhNpkAP0H6dAGazlZn4hp\o+ZbRnNnUOSSWxzrg7rf\4zKpWvGHZfDrOnjEDt+ZjqNuOERhdFq39J6dnvYpz1MLOn3MOQ4Oc4dv+RCu\tTB2nQ9WuBpcrQuHa19njuRnj7FxmTxlB\MnqXTs4UBY3kufVVBx+jM+\vgr7pm3kPt+oOMHY0eh++8KNq4u4vhftNw7\4fMTL+Fz\747xy5GMTv\yvGPzQeXRwxRiuHPRvYsLOe5LEPMu\BydxzW5DTjgr2VHfwWZuUTOORCo6cS2L89BEMuPyGm\Ysod60wL+xjQ4zjbof6VOIdGO0y6Nl8+qFL4aNpOc2ZMZkXiOj6uPsN\7fR40D6EfgLsE64u78Nw6iuyc2Uw2p6L9yzk+PqngqB3ANMswEgcN4JLDQeUlLQ9mDOXyVdWkUGo7gj8jl8X3aLs3LkSfdk2+b8WpL8YkhBBCCHEj6Yvft\piTEIIIXqX\G24fjU2Nl71MmQFsOiQf4+NUo8a05INFEwIrV+aYGHygddY+U4pJc4slk1s+Uk7ACPyWFdgbl7pNMGMMcmKdaeLE\W56KNsx+o7fBR3Px05P1tFdkuaCRZGa1azvtyN+zykX87btTLiqwdopi1j+XzDlfy7S3BcUmMqWEeBqTm\2WKidJ0VT9gURLCyhJKzSWSutLJweOh8E8xkTSxh9cbOy8FQwKYJof9fr+CsB9OSNeS1HJtgIunXyyk+fQIv+siTH7HkM5gx6ssoUZJIn2AOraKroaq6AfW4PFY\YQpNVJgxTxnKa0\ZcH1WC9NNaCLm\Uvkhu9KbLGdKeZ4L7uUROZaKzm3Nb80W3QU\rQQ5bgLJpqgycV7O92gz2H1s9noEoAJZiwjClm92RNzVM03G2yg9JyenOfWkH1byxseSt914B+1mJd+arm82tk8JRPHa8sp2l6Gx5SLPuZ0LfWCtFbjMp2SNRuxv1vKzLvD0oXpsA+b0ln48zwsl5cr1vB+TO3soWy7QmBgFqvW52JICKWbNJTXni7GWekme96tMbRTpDZ1UVKkEEjJxro2p7lvMGOelkHx2o1UtLSJ0QxnyyhRYOjd5qhbQHdcfy1ZK63khi5L891JNDxlw3VMgYnm5p7cVYzjkpHFG5dhaVkNO8FC5qHXWP52CWUeE7mRGh5wbS9CuaQjO3wsTsgk410rG\e2z5v+w9XkTbmydtT1dilu9OQ829JmZsyTUilcbSN8lMYbY+tyvJQ5vWDKY83j5tAxMybNKyzfXsOJL0Efsb90TJ6ip3S7E6U+G11L+7uPUnVRjWmcsUtt0B3aGSuwLgh15gQTSZeWYjt+FKXJjDkBapxVNPQ3kfdsAabEK7EM\eel2I7XUEsmJgxkTNBiLz+Ks9GCpeWOgo+rUJo0ZE1KB7o3LoQQQgghhBBCCCGEEKInyQSw6ICfo4oHkrOYOaH15pUay3Qs\+7CcdhJcKLl8qqmtHHmVttc6m5LARTqvECUyRjttGW8Mq39cb1BD9QSCLQ+Hn8Z8dcjNS1sUpYgJ06F8pvC8ifoyH7ASNnbFy4fUo65IDEd9UUF52FanUMDuFomGyOW00ayloEJoOy04RiYg3mYFlWCGsuKTVii5+p6PtJZ+KvXWdj2cKKe1MHgagwQhO6tYOtybD0Q72AT5vBJq4QUhg4G5ZwXLyZ0Z2o4EQDjgqzQBGMz9YSZWHYo2GOKqQFl84uUnk0ie02bSc0vj6JcAN2IIDXVzla5AioNXAjdxNAUY7qWsZ6SRU6rcWnAYtFh31nDifOgHxxT4FekpLXaHjfmdj5\gpoLoJtrCU3+hqgtLHu9pXe9of\toJ0iOX0UJQDGBdmt+gaVgdkz9FRsr6LKnYu+g8spZoPNWMLP01JPrw8voMPL0WM+GGwgeNpJqx66pEKDD9dxL7n6SLcy1HD0WACMuW3qrMLwQCb6vSVUVbrJvVwRHWkjwjvDTc2pAIzKJSs8v9rMzEnbUXa3HIg3xrblaNEOBj4uxXZAS47ZgDYR1FOWs2lKh62HZlwG+u0lOKu9ZIe2ga455MCvNjF2VFfaoDu0mFt1pgr9MB0cr8d3HkiB9Edf4vVH2+ZrSRck0Agkgt5sQltu52h1EEtoG2jlsAIDs8gwQPxtLoQQQgghhBBCCCGEEFePTACLDvyFwCVgiK79KsKEgWg1gK8BH1xZtdmNERUM+Kk\W4P3XB0nTtXgOt28ns3X0CZh3GV0oR6t+GjwRc6vSk5CTcsEsBefF2isoWxzTeRQznvxYUIbS9iJZnIfcVC3zUnRRidFCSo0eiPTs2YzeZw++vNyu5qvRVOQgM+D+6yXus9OcMLlwn0BoKM2ilF3Y+tOvAmdTF03+PCjQZfSNp0WbWfPl25RXxF6Bm2AEy4vOeGTPf\Piw+gshhbZaTMfrznga9jTNcyATxE165PLt8UcQ6IdwI4ms7aud6LBzDdFsMI6aidIvnvAIGIfQOagVrA0\5zoqs6GyfUN7c\Too3OyOm8J+\QOQr5SsCAdCkRNgKOFmLFvBc7KgiDfgugibCVsJabfinSndiBFBh\uuFOM4U43xnI853QKXRY8ycyewpZvTRHy8NyRlk3FFCiVPBO1uHjhqc1QHU48zNz8jtdhvEQ4Uqxs+U4CUfHrcbr6eWEydduNw+ABou0nyt6S1YUuyUVjsJTrKgalKoUkB7f0bo70J321wIIYQQQgghhBBCCCF6jkwAi94XcFG8sZCK+iAAKo0G7eBULHersFe7ezm4TiSq219EKTlY12X3yM\8uunLeWmyH\exg+ytcOI6q1C6WaH0wxysz7ZZDdkD+bx7X+HX22rwNwEqNZr+Axl6txnjcQeuHqhPd2LrrXjhVlS3xJg0QYP5iVWkH1xN0c4iKiauIjO5dRJTwSYKTJGzA6DEmC4GqsiPAI5bTO38dTD2E8bQTn3euAI2PdHNDupBtyaq2x\sToy3ZbL8JQt+t8LBfXtxujwoO20ou8o72bJbQ8a9BkrePYrrYja6eidKQI1pXHrX4rjavqzglVeKqfEDqFAn38rAIWMxjzqKo9WHSGh76x1HURotmE9WoTRpyTK3uS2oj40LIYQQQgghhIjX0RdHkbsZYBFvnlhDZmKkVD62LZnKM\uBJVtxPz2mZwp3bWLaw6\iGfIkf9idz1099LtGn+I\xbYXKxm+\nHG9nYsQgghbmgyASw68F3U\YFzzSv7Wm3I2XQBnx9I03Z7otO13UZFvZbMp1aQO1JzeVVY8NBr2Ku7eXKg+\XQkqSNnD9Y78XfNp2rFncj6CJ+Qe4ClQbDhGwME7KhKYhn5wbWf2DHfjqbxSN7MN9FO7Z3a\hf40KsT2SGxe+mJNYJ1YYG\MCVBYIXmlfFDemhOvV0vOGStGhQ8NYHwRC+NtGD9xxtBk4Ug6eTbdKi0+Wwd10pxe84MC+zNG9ZnqRFA9R+7gZTByeLNV2Ldm0O3i\rAQOpw2KIuTOxtvOQoehRqP\SC6bwq8lH2Xordu1CNhSE6tNRO0Vyixo1\gh9A\4LPkCL7vs9UNeYJKFNBty1uDHFNCyuuBW1Gvz1XoIYWq+AvejDB2hTouyVH1a2EiG\51wdkNoDMYZToTGYyTaYyQaCZ0vZ8EIZ9j01ZP84+oSuZtJkjO8WUVXtR1+vEEi2MPnydR1vGzTQ0GaAXzjfwTMF4uLH\rtiav7XyMK1BWTediUa9\a2E8BXtreuUgKojiuQkoPl8vxvT7W5EEIIIYQQQvQVW9lbtZLMqRF+4Krfxx\393yJn+zbgcdgYLi7kG2Vf8M6S0\9uNZ3\Mn+Ks9sS6VkfW9HIoQQ4kbXlQ1XxbeGhrEmPVx0UH649YN4\Y69OAKQPrK7q7q81LkDMNhEZtjkL01+nNU9tYazu\VQMfru9Pb5m7zY97hapTNPMAIu7B96W5\iy1Ks+UtZ\V7sK5qD1TZW\sNyisKLSFAxcGDSVcnHmVo8QNrEzFaT18HPq1AudhZtaJL9yzrqmq4cDRw+iCvsdZdj6\F4IzCMZWx\cH1Yhje8Dko5jnjPl5JN3iwduEooahkzhgwyBoL\UDnOVsMwgLNwOfn\8BqOS3Gka\F5BXu\DHsddGHf44U7xjK2o616YxVrOw8eTfpA8DocuMPajy8dOD1BkvSG9hO8kdopkrSxmNTt+4agm\f3eKC\kdGdPUe4xxjImKCN+HkSOFzI8r9fymuHotUlnbFj1OCyUxbeZwRxf1iBBzXGUR3dUmNg7N0R8gcUyiv9rdJ1PUYgqGBbuZTlb7f+DFYN0hLTlZpoJuNu8ChbqXAF0E7ICJsQjb0Nvqu+Fainri68Ak4OHo8liFjUUnsWSMtoNflL0E2V4m+fPDmDycPBdayIKgX0UyaH3TjUzTYXQgghhBBCiD5lKplTYcueKhojvPsnh52KMWN6dgVrYxXbfvsFd\3oSX4yppEt2+xE+JeZEEIIIWIkK4BFhzQz8siptFK6eTXrP8tm5gg1PsVOWbUX9Dk8OqW7M0w6DCPUcKCMX\8myDzLUFQNtezd7cB9SQXEsa1sB7pbD82UR8k5YKX0zbVs\Gwm00dAza5SHPWt06nMueTsdlH6vpWV7izmWYYSqKvCsdeFt7+JgpmxrwtTGTNIVzlxFFppmG4hY2gSDXUOKnbXgD6HrCgrZWPN1zy5cpry7Q6C40ZjHpaOIUFBedtKUUM26UnB5jZSfLR9WGe7vAYNY8cbKH7Xge1XKrKzUuGzvZQfCjIwBQJxxoZSSH6h0vE2yHHEGxsDOT824SwsY8M6L9n3jyXpvIP3dtfQlWkb3ZxHsex7Bce7xbjuzsOYqCd7gQlHoYLtaSs187JJT\Rx4tBenO4A+rm5WPoDxJquhZeyF6x4Z2UxVuPFsdNOTUBPzs+y6GhUt+\DKAljbueWuO1sXOsjZ+ZYtI01lL3nwNvfzLL7dYC33enbt1OEGBKM5C42oRSWYV3rDZ27lr0fVuD2qzEV5MS94jLm+kegn5WL6VAhyuansZ7MIXuUGp\rIHudbgJDcsidGHUtM8YFizEdL6Ts+dV452QzdnCA2j3lVLj9qMcVkDO847IN8xZjqi5s3+eXWqfrToyojGSMUuE8VIjVn4ll4lCSGupw7LNTk6An5\7ObvxRYRpnhLeViNskx9oGmjEZGLYV43hrPapZM0mllr0fOggO1NGli7KdVNKHg6IUYX27gexRSQTPH8X+oYKvKdKHSMvnnIKCntxxra+wbrW5EEIIIYQQQvQpqTw4Cyp+vp+Pfj61zTbQX\DHf9tP5g+fZ\ixYxwNHfVsXcQ0q4Zf7S\kkVabNrnZ8vAcXpi4lVMdbBXdWGVnS+B2fjY+i8x+Y8C6ldIVc\jJHRHSfrqLl18tZJvdjZ8BDM\KZemT\8DcOxPjSuM\tYvXX+8oTWir6zvbbnPd9njL67eomnqMX1jf5EP3f5GYMoZHnlzPs\MNJBK+vfZ+cu98q2e3zxZCCCHakBXAomMJOrJXbSBvWgpfVZZg21xEqStI2sxlbIjzea3RpC9aTd4kPf\7uZ2izTaKPjiNekIeG36RiwHwuD3dL6S79WjJPzGJ+kMl2DaXoiSayZtvap\u2Q3kTTNws7u5PiV73ZCWw\K1BZji+f0\0Uje2mVk3QHuvSXYNtso2VvHrRPz2LCqg2cMx5hPkzGbzNuCuHcXYdt6EF9yJst+loNR48Ox3YbtzWL2+gwsfOYFCiaq4XwtnsYoeQHN9GWsmmtEXV9ByWYbpS41059awewh8ccWkzjijZXaVMC6FTmkBV2UvmOjaJ+PoXMWk9mV3WYT0ln4mBn1JSe27TWXz79hZS6m2xpwbrdhe6cUxZeE5fENrJp9pfaxpgOaV9HOH4jnwyJs71RQl2whb92qDp7R2ixSH0YURztfjvvW05S9Y8O2w0kwLYdVz0eZ2I3STpE0903Yubc7qE+2sHjNBgriurDirH\kYCh4fhW541JoOBz6PFF8JLWM444+T9QmCtYuJ9d0K6c\KMK2uQTH+SQsP17DhidM0bfBbpM\Jy2Ia1cRtq0V+IbmsHi6rn26rsaICuNj61g2Uw9nmq9n2\YK6m4Nja0YrgeVKQMjwEATGW0ekxtzG7SMvcR6KrbbsO10oc5cwYrZPbH9M4CGzJ+uIseYhK+y+fOouMKHYcEaXigwo8ZL7ZnWNyFpJk1urtfwyWS0fW51t9pcCCGEEEIIIfqW4TPm8ABb2VvV5seVs\spPTaVBy2prQ7rZ8wnk\380dHmX9juSra5bmdpdkcTnf\Fhzu2wpD5ZI5sOdcxNu861S5lY\VLPDTnabZ8MYqlv36Lf\11AaO+2MpTjzzJzvr40uTmPM2W\5zGs4VhaebM54XqOH9QarHneX70ZCX6v3uJfy18np+k1rLl5\N5wdF8vuHz3uI3j48Esnj2rbf413mpHZ9PCCGE6Iabvvnmm296OwjRNWfOnGHYsJ54yKcQfY9352pK9RuirwD+1vNSttZKKTlY18U5eS7E1dakUPjTQurnWLG2vWlBiOtMX\y+1RdjEkIIIYS4kfTF71vXKqbmVaqPU\JpAV88mcFTyYWcsk6l5b5uz9ZFTNszn6rNqfz2zkVsvryK9b\Y+WQGT\3leao2z2dQKP3nW+Yz882Z\GF3Pnf1i1Jo\Q7+dupz\Om5XfzhJwYur6itfbJNvi\Y8shM1rKG8uJFDG85HtjP2ulr+PzJ3\Gvi27uPM0PG\nn++fzcurz7Ns0H31Lmq\dbF44hxdYw75ti9DHuwJ4\1R+tbeQR1oWQ3x9jBfGLWLzoiv5\7SjgIyfp1Ly6cqe3UJbCPGt1Bf\XonY+P1X\0EHsgW0EKLvCbqpqAStTP4KcV0KVB5EadKTO0kmf4W4EZz3XeSi\7\46r\B7l3VAghhBDX0k033cStt9xMsmYAg7Vtt+ERV9cAMrOyYEX4NtBfUPHeMR5YvIlB1EZJb2dv\fzQNtCn+PDNU+hz10ef\AU8e3ZQwRjWTW15PpOWB+dl8cyKQrZV\g3rLKHp5z8dY+8xyPzlzCsTuwDqqayr2h9Ks6vzNKc2se0c\GTdnCuTvwD9DDyyOIsXVuygwr2In8T7vKmJWdwbvhNev9sZPh74tJY\MebypLgQQghxLcgEsBCi7zl9kNpRC1nRdutYIUSf5tlno\yUj5qP3ajHFZApv88IcV1r\J8gZ77wknjzzQxJGcR3b72Fm266qbfDEkIIIcS3yDfffMNfvvpvfP\ZwGl3HcNu15F4s6q3w\rW0FiyeICn2Vu1ksypieDez7ZjWfzdpgEdpv+jw8cj87Vwaj\bzt3OIzNGRi\k61Ps\O0xGLOGzDvansvOlm12fmaZgwbgXC0fAT8Zpo1+vljSBPx4GMnw29s\r0qjux2w47kYPXtUN8MtXcgmhBBCXA3yRDohRN9jXMyaHxs7fx6qEKJPCZ6vwam4+WpYFst+bEJ+lhHi+nbmCy\JSQMYdnsK\dW3yuSvEEIIIa65m266if7qWxl2ewrJSQM484W3t0P6dkmexqxZsGVPFY3A544dfDIrK\rNvsnTmDcHKvZX4gc+2b8DT+i5vlGd2s+2c8Cx9Uy7cxSG\5+9+4+K6rr3\8ExIkkjpcEjFaJfkdigpAWNBENKRJv8VdR02DslVRblHwl1RYbP5rE6Ee9WpNoTUOrN\gNhlRuyC1XeoOSRKXXIK1BbBXagOQHTjVgtIIxjsnogDDfP2aAGRh++CsQfT3WYh3OOfvss\c+h+Us37P3u+kncim7Ad7NIve4s2xDHZ1m5+1KGRERkZuAZgCLiHwjDWTK6i1M6e5miLgwPbaBLY91dytE5Fo4XXsWQ+\e9L9DU\lFRESkZ+h\hz\WCzZO157VctBfG+eyzssLOfzsYCr\p4KJc8c5ZuO2V\6RBEjKp2DVMKr+q5rQubGEtlveRtH\pFFFOAtSU3iwdcXmHOauySM9r4LZC0LgrhBigMpjtTDKdYZvLTuSv8+mIRvYntSFMo8YCaKCymobmNxnAVtOVgORBA9wOXiqBgu49Luaqr8Cw9vtmIiISLfTDGAREREREXFz1nKegNv7dXczRERERNwE3N6Ps5bz3d2Mm4oxKpaJ1hx2vZ5Pdlkcj0R7Xv65iSEyltl++ex9NY9dJ8KZGd1BIl1bMbsybTA5gScmRzI2qtVPQiILB0HVqzkU2YDAcB4Omz4wNgAAIABJREFUh4Lf76GywaWeE\t4a+95Bg8fgbErZYZHM3MQZG7Lo8q1TIOZ7G35YIpm5CAAA\2MQInZrZztQD47rF0dQRERke6hALCIiIiIiLi5cLGOW\sog5mIiIj0LLf2uYULF+u6uxk3F\9xTJ5sI3NjKuVxsYxtf\qvgyGcSfEGdmdlUR4e55bXtzVLfg6ZGJg9M9bzrGKfEKY9EQ7WLLblnwcGM\PpRIJL1zL1RxvI3ltMUd4WHn90BQWm+SyMC+haGZ8Qkn6VSHDhCiY0l8lg0aPxrCs1kfTLBIIB6MvY2DgMJ1L5xc8z2LG\mB3pS5mRcpRh0Vc2nAY\I5DPtsxCij7WlxlEROT6UQBYRERERETc2O125fwVERGRHsfLywu73d7dzbjJOJeBBqbFjulg+ecmBkaOjwerjZGPRBPUbrlqcrflw6BkZo4xtFsqaHICE4Hd+fuwAIZRS9iZt57Zt+9jXXIijy9\A9vkNez5QwojndV0tcz2XJcyT6VxZHAyr+XnsGxUS3uMk9ew8\kEjB\8hkWJyfzyf43Mzkxl4RUu\2wcl8iy8RfZvSaZx1\aR82VVSMiItIpL7s+NX1jHTt2jKFDh3Z3M0RERERuWD3x89bX0aaS8k+ICL37ut5DRERE5Ep8HZ9TbtbPgNfMoQ2EzDrK6sI0Zg7ovLiIiFyZb9S\DeLGYrFc93toBrCIiIiIiIiIiIiIXAM2CnZmYZscxyQFf0VERLpNr+5ugIiIiIiIiIiIiIh8k1WzOzWHQ8cLycwLJOnNdvL6ioiIyNdCAWARERERERERERERuQp1VO19nfTjfZm26nUWj2o\r6+IiIhcfwoAi4iIiIiIiIiIiMhVMJGUW0JSdzdDREREAOUAFhERERERERERERERERG5YSgALCIiIiIiIiIiIiIiIiJyg1AAWERERERERERERERERETkBqEAsIiIiIiIiIiIiIiIiIjIDUIBYPnmKElj\vz5pJV0dxtW8c6pbmzD1boR+iAiIiIiIiIiIiIiIiIeKQAsIiIiIiIiIiIiIiIiInKD6NXdDRDpsohktmzp7kaIiIiIiIiIiIiIiIiI9FwKAEvHStKYn3aK6UvmwLuv8E6ZhXpfP4IemEVywmgCfN3LTUkazYeZuZjrfRk48SlWPWKCRgsfvvs7MneXUWsDDAGYxkxn3r+NJsAbsBTw4pI3qf3e02x4zOR2+5Nvr2LVjl7MeGE5scfSmJ9WQkTyFpIjnAXqazn431vJPWD2XLdrH1avYsoAD31zOV77l22kZR+kylIP3r4Yg0bzWNIsRvf3pQ3bQX67aCtlEcls+X8j3E7Vv\9bFv7uTNt7djSu3r4MHDOHhbNH07vsTX7zu\1UfVmPr38YU5LmMSXYr+X6Mwd587V3OHj8JNZ6Wto6fw6j73C5j9XMO1u38s6RWurxZeB3k1ka4qE9nT0jERERERERERERERER+UZQaEe64Bz5r7zIO7X3MT1pHjMevIMz72\luRff4aRbuZO881o+vcfNYV58DDHfNgEnyX9hGb\O+xTjmBnMS5rHjDFGav+0lefWvcPJRsAYxUNhYDl0GHOr+koOnoTgh4j099CsxpO88+JzbN13ij5jZjAvaQ7Tw3yp2udS92WoL0njl+n7uTAohhlJ85gXH0W\M\vZujKNgzYPFxhG81AEUFJMidu96jl4qAyGRPGQp+Bvs3Pkv\IS71lHMj1pDtO\04+T729l08u\ZuX\9xF3TZ7DvMdiGFBfRu7GrS1tsO7nt8u3UnC6D6Mfmefo9+gBXDq+n63rtvFhU1saP2TbihfJPVLHsO\NYV7CFAZ8lMZLb7dO\tuFZyQiIiIiIiIiIiIiIiLfCJoBLF1gxeo\nVXLpjDQG3hgNFFDf8svfpfL9gOx\GxMy+xY47if8Yv4llm89Qe2s\14P2KWrGJWsLPcA6OJHbOd517MZftBx\WjHwhjW1kxh80zMDVdfqqEg6cg7MdRGD20yrJ3K7lVfkQk\ZLkB5yzYx+I4qE\ZYl\9lSd1eV\aUEa\8pLF00nYEAjGb0UFjy8kE+KKtn9Ki2dUU8GIXfof0U\w0imiYB2w5yuAyCHov02O4WVrh7HquTR+MH8MBArM+8SP5H55iychXTv+VoQ4RfLQt\V8YHH8Hob0PtXw5j9hnI9MVPt8wufiCK+4zPsXaPGfNpuHcAWPZuZ\+XfkQkryY5wjE+o6MiyF29iipnD6Hrz0hERERERERERERERER6Ps0Ali6J+L4z+OvkN+YhIryhrOIjt3LD7nFfwrmktAwMAfidLeHgXw62\JypxwiU\b0MAN+ISMK8LRQfapkDfPLQQU56hxHpIfAKFg6XVIF\FBMe8HM7Y4x6mCg\KPvLQeovo48BdwTA6QL+K6eEKqvzyuBZbNj0a+Z5bAMwYiQRflDyl5KWlr3\Z8oIInJUx+FfgHtGOYO\APTBzwD0j2D0t1rK+A69iwCgvsHZznE\49eb2i4tHWQKAr7CagWo54MK5\hEuIyP90CmTAxzu66rz0hERETkStXkJGMaPoK5ObXd3ZSeoeE85XkbeHJ6NCHDR2AaHsmExKWk7+9gfMxZTB0+AlMHP+sOtb7IRsGqjq8xJeVQcy3aB3CqmPSliUyIdNQdEh3Pk+vzKLdc5vicNVOUk8HKBfFMjY5oaWt4NFMfTWFleg5F5vOXWek3SSnrho\ANHwDh9scSya79YI+IiIiIiIiIq1oBrB0wUDuGtjqkPcA7uoPJcc+5SRhtD7tcJLak4DtQ95J\9Bz1adPUksEAYbRPBSxlbRDhzE\ZsLUtPxz2BQiDJ4u\Arrl8CggQS1PuV9BwFGoPYctdBO29oKmjyLmL+nUbAnjbV7wPe2gQSNimL692K411MOYADvMEaG+7H\QDEljRFEeFs4\FczBM\yvGx1a57+Ar192+x7unu91cKp4x9y8sSnfFDxIWUfVQFQew6glnO1eBwfX\9++HHGuXcZz6gL3RERERGRTlgr2DwvgY2HHPk9jKYQgv1sVO3PY93+PLLjU9m6NpYgH\fLLB+VUn7ZNzNTvu8yL2moZsdT8Sx69zxgIDAkhP7UUNlJ+2zmLJ58dC0FVsDfRGiYgdPmCnanL2X33mJe2bqGiYM6ubelguz1y1mZXYFjdAwEhpgIdfkgetqcT+b6fDLXr8AYlcjLq5YQM+Qy+ygiIiIiIiJyg1MAWK6OLx6Dk24GTGfV6imdBmIdyymXcLhqBiZf5\LPkyM6r\9a8Qtj1upNzPjsQwqK8ik+8BHmfdv59b53iEj+ZfMyyq2FjY7A7\0SPjgCEXcdprgSTP82spPln6+CtYw3X0yj4JRjlrKv0UhA\2FEfduX\EPmTi4GDH5t\C7+IxERERE5GrYKFjvDP6a4nn5P5YzzeT8tqOlgsylCazMSWHe0Bz2zA9xu7Lq01IApqUW8\Lkvl27naWaT04Ag1LY+d58QrtwSWXWUkfw15TIG9lLGNv0ofZUISt\kkxmzlI2Rhe6t8FWyqafrqXAaiBmRQ6vzDZhAGiopWDdT5ibmcOiNZEUpsUR2N7IlG3h8R+lcthqIHB8IoufmMX08MEYfDyUPV5KdsZ6NmZlMDd2HzNT03hh8uCujck3QjjLPj7Csu5uhoiIiIiIiHxjaQlo6YJz1J5tdajxFJ+eBr+hpg5mhgbQLwA4dRSzrQu3GTGSCL9aSg5WOZd\juCh0e2Ff2\F7zbgxEmqWp9qPEOtBRgY4BLQbNuH2lOel7Dz\da9xMb\jOUbNrHphTlE+Fkp+eNB2l25LuQhovytlBwqw3KoGDNhPPTgdQv\UvbfWyk4FUDMog1s2rKFTRs2sGpJMtPDXAPUzrH3MD71p0669OUyn5GIiIiIXLlTeWzLsgHhrP6PNS3BXwBjCLNfSiNpEFRuTGOH22fXWo6WVAMhjLqni8FfAPMRdgOMCyG4K+UbSsneWAoMZvGvXIK\AAOiWbYsAbCxI3ef27LRlvwMNpuByWt4uSn4C+ATQMyy37A6HGx7f0N2O5lFbIc2MPXRVA4bIlmWXUhx2hJmjvIc\AUwDAln9qosivPWMNNkJjslmXWH9GFWREREREREpIkCwNIFVkr2HcTqcqR27x5KGv2ICL+3g+t8Gf1AGFBG\u6T7qc+y2XV\IU895bLjFXvMEaP8qP272+Te\Bkc55hz4yMjAiCs\vZ8xer2xnL\vfYb4V7Q5xtu8UPP6x8esIlhNt4kv0HXEOjJ3nnxV+wcF2+W6DXt99A+nlcgtqVicgHArCW\pmsMjN8O5LRnV5zpU7yqdkK\SOICTG2zI5utHDwkOv\qPly37fvbTs+jSfJ3+te7rKekYiIiMi1ZK1g8yxHjtcJz+ZT1eA4fHj9iA5zBns675Zn2FJB9qoEIsMd5cInpbC5OX+tjcq8DTw5KdKRVzYyjifXFzbfu7WaQzlsdMlr66gvkUXphVS2+YagS+5WawXpyY4cuiHRCSzKMVNbUkwBQHQ8k0webuYXyaTJBiCfvQdcc9xW88kBgAiCOltG2bXtxxxLKYcOG0yXPp7WWLBFhBAcEk9MWNvThludtRyr4Vzz0fMU7c0HYHZ8bNtVcHxMxMyIBKrJ3l\RttKz+Tw9L4NKUzyv\CGDpPCuB7gNw+N5ITuDpEFm0udtcCw\3VpDLUXpS5nRlEs4Mo4n1+dRaW15j1xzJ1+X96jhPJV7s1i5IL65LtPwCCKnp7Aup5SaNtd4ygF8hRrOU7k3g0WJcYS7vb\FHu57+eWv19+diIiIiIiIXB0tAS1dYi3ZysoXjzJh\DA48g6575\Eb1QyMzz8x5Ar39EzmP7HMnLfXsUScyyPRN2F9dNi9r9XxsnbIkie4P4\X\eOisDvT\spwY+oxzqu3Dh+HtMPrCI3\TnWfjKFCXf7UVuSzzuHTkLQdP7tu87\frpnNBG37Wd\zouk2aYw0niOw398h498gzByyVnbQCK+fQe5b21nzYuf8vCD9xFALR\8KZ+DZ\0YnRDV4ZLOQaMjCNiTT8kRCPvx9Vy2eiCmu\3gT+\w0sv1PBJ1F77njvLeH\dj\tIXqG8uafzuvzH9T6vIfW0lL34ygYfvhg\zctl\yr3Grj+jk7yzchW5pyJI3pJMxHXro4iIiNwUGqrJfsqxHHJwO3llr4Tt4wzmrsmgwNqX4LAQ+teaKTfnszGxkE9SdzLng2RmpJsxmkIIDamhssLM7vRkCszrWy1RbOPw+nhmpDu+DGc0hRA6CLBWU24uZsf6YnZsT2T7H5Ywsk2mkKNseiqBggN9CQ0LwXaiAvwCsVudEePhw9pdCjloWCRQyO6Pj8LkcMfBE0c5bAXGhDD4bDGb16zh1XwzFvoSHDuDhQuTmRbSNnBaWVEIwFhTIOU5a1mZmsPhUzYMA8KZOCeF5xIjCXQd8wHRrM6IbndsK4+UAGCIGkGQS1\L9gJEEjrMc5g5aNgIoJiqvxyhZn6I2xgXpC5lh9XE4l+3yhF8qpTsbRmk5+RTebYvwbFzWb1iPmMHlLIxPIHN1jhe+et6JhojWbw6gcykLDa99RNiElyWgraWsnFWIpsrbEBfgsNMGKzVzrzEFSR18IH2mr1HDdVkL5jKM3ttNOVUDvUBas2UV+ST\mw+mflr2LM5\pq8\27c8jk732E\G1Vl7by\bvmpm9rqUv7VWF7+QyrTPHwJ4dr93YmIiIiIiMi1oACwdEnEj35Gvz9tJTe9gHpDAGHTfsGPJ9+L56y4LrwHMmXZLwn4r63kHshnWwXg68fAe6bzix9P4d7WFYQ8RJT\fvJtEYzuJLiM90CmPP1LAv57K7kHtrN1H2AIIGzCz5j1gzACmmYPe9\LnGXzYMubHNyxjRJfP4IemMNzsbVsWn2wubqBk59mud9WfpdXQu5\Oo773hHG9Kd+zJR7OgnpBkUScUc++WfDiIy4vlmL7014jnkNabz5F8d4+t42kHsenMcvv3uOrSvepMpcBRFBLeOTlcab729n6z5f\IaMZl68la05LlHgy31GIiIiIlfLJShmnLz+mgV\AYoyMjCMX87O9QmEOr\BV5mRwITnS9nx7FR2E8nq3DeZ3RQwPZ7F3Ni1FOzNYJc5jtnO777Z9m\g8XQzDErglTeXM3GAy02O57HoJ0vZYc5g055EXnukdVKUQgo+SuSNQucyys5ZjpY9zgZZLThCbG1VVRc77n\WpUyVmSKA01n8YlIFlcYQgp2B5cr8DBblZ\GWa+5dAKqpqgAYTNH675FeAcFhJkL9a6isKGXH+kR2bE\gtczlxHQWfbNWU5SxgidTS8EvmtVzI1vuY6mhygoQSL\2Ju8OMhEDFBSaqYKWYJ85h01ZNoJSNrDAJeVxTeEG5v48g3JrS+Dd9tdUHp+0j9UvxVNuBcLCGeYcTkN0AsvCslj56tuUJzTlOrZRsN4R\DWMX852l\fBUpHFollrSc9pv8vX6j2q+v1SR\A3egk7X0psrgvAUrqFuTNTObx3LdkfxLM4vMOncNnK05Od+ZwTeO315cQ0vcPNf38ZPL4xmtIVkRhc8lMbQhJ5ZcsSt\I7liezKCefRfNSGZybwshWL++1Gi8REenYsWPHursJIiIi8g2hALB0zW1hzFr2a2a1dz4imS1b2jnnHcDohKcZndCVG5mY8cIWZnT1Hr5drPuO0cxZNpo5rQ6v2jLFtTKCxiWzfFwH9bTbz174+QIRD3Vt+WeP9QxkyuotTGl9eMAU93Z6BzD6x8sZ\eO21T69Jcb9gK\nsqMntLqwS8+onfaJiIiIXA7nrMRn9towjF\DzpfirvHMx1hefD7BLdAWHJdAzPOlFFhtxLy0oSUIBTBkKj+MW0tBXgWHPjrPbFNfwEb5X0sIHmBg8OIU9+AvwJA4Fs7NYMeaCgo+rgZaB4AhZmFiSw5dZ\+MI8IZSR6H38qjICWaif6tLmqooOgtZy7b6hosOIKllY71n8FsY2RaITvHO+\XYKPy3bX89KkcCtYks\HunSwb4\wwajNTfgCgmsqBy9mZ6TImZ0vZ\NNENh7KYu6zIezb0s7s01M5zI1e4Vi2GsCUwCtbl7vP1LVanClUAgnsaMkcD8rffZ3DxPJyQkv011aayuNJGVRiYnba66xu7qszaJm8AgDDmBEueY1NjJw4GDaWcLQGQgOB447gMn4JvPJSAqEuX2o0hiTwym\MhCdl0X7m4GvxHlVT8lcbwf6Dmb7IPfgLYAz\CQsTUpmbZaP8aC2Et32PrpitkOyNZhz5pl2CvwA+g5n5\Brem5RGtfkoVUQS3DReRLPaNfjrLD9t7W84dzSOlaVbeDV\Lq\EtY72X4vxEhGRzgwdOrS7myAiIj2IvhgkHVEOYJFrwbyf\af8iHpQCyOLiIiItKuhhqKNjlmJhvHXadnb6GjGtg6sBg52Bgujefj+1oGmvgQ6g10Wa1M40MDIlBx2FpZ4CHQ59PPraNqsgdBhHoJ5Q6byRJwBrHks+ukWDp91OWczs2P5EjaeaH2RDcvnEDqgLzHPp7UERAF8DATHreE\VoQD1aS\lENV07laC+fCTBhNibzxkntgDv9wFmxNZbYfULiW9APthEHPWrCEhBAaFkKgH2DO4slHE0kvaz9s2nUVFGyvhsmxxDQ9r4YK0p\ZQiUGpqW+2aqvg5m5ajlNX3eceN8wt9r6B5iAGs45UyfXlBRyGDAkxBHjYUUbQ1Q8CzvKp3xN3qPBTHsphz3Fe1jgcXUjA8brtdpOSTGZ0H6+af84XinOY2dGAsFAVXG+I99wQgLTW3\hAcDHxPTEOAB27z1Am\TX12S8RERERERE5FrRDGCRq2D5ey7\fehTqg6VUTtgOgs7W7ZaRERE5CZWtC6BAmewx3astm0Q6VroIL\u1bCdPY\l7FEqjxzhvcJ8CvYVd1A6kiBPQTT6MnFtBklHEkg\lMqMyDQCQ0z097FRVWbG4h\Ly2vHsWh5BhiNzmWWncHolPbvFhwbT8yaUgpKCympSSAoEBgUx8t\iGv\Ir9opicYyEy3kf3XClZHeVh\OCSR7bmJjt8baina9HPmbi5m3Y9S6L8rjWke+9hFp45w6ASEzh1BU2zadiCHTWYgfAmLJ3sIvA8YRjBQQAij7vEUmDdicE6ArvrYmf942GAP5QCfQILuAdoE3J2ux3vUYMNiqePciSMc\egI7+3NY9f+a30Th5oTRx2\dLEfNccc73PMfSM8Lk0OYBw6jCCgqsSxlHeo68nr9HcnIiIiIiIiV0YBYJGrcc5MyYEPwT+COT+fwsDubo+IiIhID2az2jCMT2Tm5xlklqayMiuW7T04+aelIo9Nm9LIzje3ClYbMPoboIMFhNvlF86ytwt5OGM9G7flc7iighp\ExNT0lg8O5rgIxtYBDAgkC6vqNwcGIWLDV1vStCwSKAQW1e64RPA2JQtvGiOZNG7hWzMrWDa\BDwDyQIABuW9hIbN\Hr3fL7CTMFwOwhTdNwbRTlO5ZkDp06xllne\WMIXSI6wEb5R8UAnHt5yFuI4DBJmBvV8tfuZr9GfxyUwa7D9W2emP6YvQHrNe\DdeEfwDDgKoTlit580VERERERORrpACwdKyj3L6C8bu\YNN3u7sVIiIiIt8Mzcs+f2ykaHoqh9csJzMqi54YA7Yd2sCMWRlUYiAwJJbZ48MJvW8EwUOHETwoAFteMpHPFl5Z5T4BjE1az\aktqea8v2OHeq+hLTtrA2DfzvR1YZ2wnG281joi7Gdyy62d127+jI2OhreLaTqo2oshGA0GB3LGFuPcroW8LSssjPYy\2D2wR2Dbc2Ne48p6sdv40d0c4LYT5CEcD4cIJdlw63lfLeW0B0JCO7HDU\T82prpa9clU5yUx4thAbfQmOiiMmPJyw+4cxbPAIggf3pXzjCGakX\92XBNnazkKEDao619OEBERERERkW6hHMAiIiIiIvK1GBs7zpHzN+QnvLDABJSycl0OVZcxa\XrCdxVkP5\HMHfmOd3UpybyuqURGaOj2SkKQCj4UqCp11RTdHOCmAwD97nXLrYks+i4SMIiUwmu73lio8fdQRG\YYR7FyHt3zLBEz3RRL+UntLVds4esS57K9zmeSa\LVMnR5NyKrCdmd4Nvc70OgMAg4jbDxAMeVHPV9VecQR1A56YESbZYJtX3V9HCv351EOhEYMcwtAVmankmk1MHtOXHP9QcOiASg6Wt1ObdVUlnT51lfGks\GZwuxYSLpzUL2ZKxnWUoC06IiCR3SF4MP2C7r3e86Y6Dz\fn4KDUeS5jJfDSSCY8uZceJlvEq+OBIu8\ecvSII8f00ED6X\MWi4iIiIiIyLWkALCIiIiIiHzNDIx8YgVJg4DCtax8yz1IFzg0EmgneGct4f3rvWyvMz8tRDIpykMO2QYzBds7ygHcjpp8Vk6KxBS+gcMeAn+2A2+SXgqY4okZ7jxoDGFUOEAx2XvNHiq1UfT71ykHDPHRhDpnxgaHRTtWY\59PgWelhg+kce2LIBwHr7fMds4cJgJKmqxZeWw+6yHa1z6PfG+Ec6DfRk7PhaAzJz8tnmdG8zNQe2ZUSEtx\0HEQpUnqpprqe\c6irTp730N4c1m0sBQzE3NcyQ9hyYAM\XVOKYfxykqJapjoH3h\NSMCWleex\7ZDee0H1K+VT0rZAcA4Jo3yMA3bWsiu31+fWxvCI5kGUJjDLk+vjfkAuWXnqTw7jGEDWsaLrCxyPX3BosFM7rZ8AGKiIjQDWEREREREpIdTAFhERERERL5+fpEsXp2AARsFa9aywyXoFDRsBAbAlpVG5scu8xEtFWQ+lULm9c6ZGjiMYD+AQna9a3afEXm2guzlP2dl6ZXUO4ZR95wHawbPbCzG4hIEtlRk8WRyBlUYmL3sJ82BXBjMzIUJGIDDa37Oyr21LRc1nOfwlkTmZlSDXzQvPhHZnILXMCaBZeGANYsnn8qi3DUyezyPZ+atoAAIXrCUmU35dE1TWRhnAPJ5+tlW11hc+m2azxOxLcl2jbGJLDAB765gUWZFS78aailY57wmej4zw1zqGzSYkUDR\lJn0NjA2FhHP3dvTKXAZdqqpSKLJx9d4Qzkmujn56i7aHMi0XMyqDQl8sZL8Y7Z5U2GxLMwweCx\5aKLBb9NMMxm\V6GmQiBoB8cl2fG2A7UczGedfxXTbG8sRi5yz7n66lwDWoayll83MbOAzELIx3vGtN40UhK+dvcC\fUM0Ol2e\MM59eXIRERERERHpeZQDWEREREREuoUhOoWX43J4Mq+Qp9fnE\NSrGNm4ahEXhyfxaK9hayMG8OmEBP9qaGyohabKZ7FidVszLiCGbhd5RPO7BXRZD5bSMHzcYSkmQgdZABrNeXm8+AXQtKCBHZvzqLKXE0N4W2WNvasL9OWruGtfSsoSE8kPCuAUFMg1JopP2UDDMSsyGFZtPtsUUP0ErYvPsKMjaVkJkeTPSCE4AA4ba6gxgr4hbP4P1OZNsC1DyZm\zqV8nkpZO9dy9T7UwkOG4yhqQ9AcHwqWxeGY3Bp38S1GSw4msjmvWuZev8GAl3HHsAUzytbUxjp2kRDOAt\lULRj1IpWBNP+CbHeDW3zxTPK6vj3cfIEMnDCZCZlceuZ+OYOQAMUUt4I+kAM9KzmBu106W9MHH9GpJWrSDdWsG6uBGsa6omJJHX0pcw0q\1WBuIWZrBgpKmvrj33xASS8ygfArKogn2lLf4WhgQx8KkDArSzW7Prfl5+8eyOMnGxvRCiqqrgSsJrNaSnRTNM4UQ83whr8W31BGalMbLR+JZ9G4Wc6NzHM\Sx0ZVmRkLjue\+pGm8gZilmax+KMENh7KYG50Vpvy+MfycutnLyIiIiIiIj2SZgCLiIiIiEg36cvEpWuI8QNb3lL+77tNS\8GMG1zPttXJTDW1JuaigrKTxnDQtNoAAAgAElEQVSJSVrPzuw1zBx+\SNQQfFpFGYsYdqoAAxnzZSXVVDFCKYtTWNPYQ7LkqMdszv35lPkabnk9gyK57XCHF5OiiXUeJ7ysgrKLX0JjU3k5dxCXpttom3vDITOz6I4dz1JsSEYLRWUl1VgMYYwMWk9OwuzWBDmYUwGxfLC24W8sTSOsSaoLKug3AzBUXEsyyhkz\Ox7rNmwRFM\kM+259PZGJIXywVFZRXnMcYEkvS81kUv72GiR4Cpoaw+WzflcGyRyIJxuzevmxP1xgYOzWRIApZmdaUc9jAyMVvsvP5BEYOqKOyzMxp\6m8kPtHXnkkntnPJzDS31EuMCSWpJdyKP7DEmLai747+\LG0jhnfRWUnw1kYkoGhX9I4eGOn9Q14OzPS4lMNPXFdqqC8jIzp\2jHWP5fioLZkQTCtjeKqb8WucD9hnMtJf+yJ60JUwb5XyWZScwhMSyOC2P7WtbPX+\EBb8ZyE7X5rPtKhB2Coc7cUUy+xVGRS\n8q06xUsFxERERERkWvKy26327u7EXJljh07xtChQ7u7GSIiIiI3rJ74eevraFNJ+SdEhN59Xe8hAjYKVo1hbhbErN3JazM95FvuioZaCtb9hLmZZmLW7uliPaWsG55AOtG8vD+NaV2bwi0iIj3A1\E55Wb9DCgiIt8s+rfhm8tisXRe6CppBrCIiIiIiIh0A+cyzSFQsHwqU58vpOZyZ8FaSklP+j5zM80Ez07jxXhn8Lc0lchJ8Uxdnk+Np+vMRzgMMCiCYQr+ioiIiIiIyA1GAWARERERERHpHn7hLH4zh9WTe1OekUzkqHgWpedRfvw8tvaCwQ02LMdLyV6fSPj9CazbX8fIxVlsXxZNYNOSxqYRjDVXUJ6dyqv7z7tff7aYjb\YwGFg5BPfJ\Q6dk9ERERERESkO\Tq7gaIiIiIiIjITczPxOzUQmKmv87KVWnsWL+UHevBkevXRH\XPLUNNVRW1DpzBoMxPIEXVqcwM6Sve53GWBY\H83uZwtJT4wkc0AIwQGAtZpysyMgbJy8nl\8AqXnRYRERERERHpwRQAFhERERERkW5mIGj8fF4bPx+LuZhdewt5f\8Bjh41U37K1lJqQAjBUWMYGxvN9HGxhA4ytFtjUHwaxSPyeDUjh937iikvA+hLcFQcM5OWkhQVcP27JSIiIiIiItINFAAWERERERGRHsNoimSmKZKZSdegrpA4Fq+PY\HVVyUiIiIiIiLyjaEcwCIiIiIiIiIiIiIiIiIiNwgFgEVEREREREREREREREREbhAKAIuIiIiIiIiIiIiIiIiI3CAUABYRERERERERERERERERuUEoACwiIiIiIiIiIiIi7sq2MG74CEwPb6G84XIurCU7aQSm9aXXqFzPcHj9CEzD2\6ERMfz5Po8Kq3X8+7OsUrKoeZ63kZERG4Yvbq7ASIiIiIiIiIiIiLSs5Tvy6HKZCLYnEb2gZ+wOsrQ3U3qAcKZtiCSIJcjlo\zyU1fyoS9J9j59nxCfbqtcSIiIs0UABYRERERERERERGRFrZisl+tJnRxKjN3prAyO5\FUXEYu7td3S6COSkpjHQ7lkJSdjLjlqex64P5hIZ3U9NERERcaAloEREREREREREREWlmK84n0zqYSffHEvNIOLybRe5xz2VrDmzhyUmRmIaPIHzmWnafuHiF5ZqWhC7k8OYEwoePIHzSBgosztOnitm8II7w4SMwDY9kwoIN7PjY5l6F1Uz2qkQmRDqWZw6flMjKnAosDZdZ5jIFDRsG2LC16pKlIo91nbX5Msq597WUjdMjME1aS4HWhRYRkVYUABYRERERERERERERp\PszsmCQfHEhEDQ+HhiKCU9r6JNScu7S4mek0rRwLm8nJHBv0+wsOmna9n1+ZWVAyArhbl\juTfM9JY9kQsI41gK93C1EmJvGodx7K0DN5IW0qMdTuL4uJZd6gpUFpL9s\jeOaAkYlL03gjI41l42xkPxvP3N9XX0aZy3S2guw38sE0n0kRLYdthzYwY\pSMj93tvmlZEZUZ7Vqc9fLuWmoJvupRDafiublrcuJCbyypouIyI1LS0CLiIiIiIiIiIiIiMOpPbz1LoSuiCUUYMA4JkXDM9sLKU8Oaclx21BB5vo8GL+GnZvjCfIBoiKZGLaBCXMKYcxllmtijePlrSnE+DUdqCZzXSqVj6RRvCIaow9AJGPHx\HgqjHMfTGH2dkJBJ3ax65CSNqWymJnnWOjIulvGcPT+0upShjctTIdDk4GM4ZntD08PJHXMlMY2ZQmuaGC9P+TQWX0GvZtcfaZSMZOHkfYrDjWNbW5q+Vc79VQzY6n4nnmQCQvvJ3KtEEdNlhERG5SmgEsIiIiIiIiIiIiIgBU7c2hgHBmRpucRwKY9EgsnEgj+4DLjNTjJew6ATMT4pyBSwfDmHiSwrj8ck2iwwn1c9k\UcyuUhjpb6P8QDFF+5t+SrEYTFBaSNEpwH8wQX6QmZpKgbkWWwOAgZjnSyjeHOcIonalTIfCmbZgPgtcfmbHmjB+nMHc2SvYfcJZ7ONCsk\A7DnufcbHxMw5sVCaQ4H5Mso1s\DexmQWvTuC1blpzFTwV0RE2qEZwCIiIiIi4sbLywu73Y6Xl1d3N0VERESkmT6ffA0aKtjxaimELydmSMthY1QsE8knMzufxVFxGAHOnqCcEGYONrSqJJD+Q112u1quPafMFAFsTnFs2zBTdQoYEEnS8\EcfnYLcydtAb8AQqOmMjshnkljTI6Zw4YulOlQBHNSUhjpdiyF1cezmBu7lkWboil+Phaj1UIVIQS36TMYBw4G8qk6C9DVck6FG3imEOAE75XUMntIQGcNFhGRm5RmAIuIiIiIiJs+t\TmqwsXu7sZIiIiIm6+unCRPrf07u5m3NgqHDNSKV3LuOEjMDX9RC5lN8C7WeQe76yS3hiMXblZV8s5JL15BPPHnn5KWBzuKBM0eQ07DxWzJ2MNCyYMw\bXDJ5JjCNyQQ5VDV0vc9mGTOWHcWDLKaXyCqvoEr8QFrxZyGsJULBqPbvPdn6JiIjcnBQAFhERERERN\7GvtR+fq67myEiIiLipvbzc\gb+3Z3M25gNor+J40qwlmQmsEbGa1+VsRhoJT0vApHcf9BhFJBZbWtVT0nqPq7y25Xy7XHfxChQNERc6dFAfDpS3BUPIvXZ7Dn\RL2rIrGtncLOz6+zDJXw89IkMc+g+VkNRBJ8IDLKNfk\gTmjAogJnkNMeSxKLWQtleKiIgoACwiIiIiIq30D\DHVlfH6TOaUiAiIiI9w+kzZ7HV1dE\wL+7m3LjshWzK9MGkxN4YnIkY6Na\SQksnAQVL2aQ5ENMI1hugkyt+W5zZy1Hcohs8yl3q6Wa48pmpnhUP5aDkVWtwZT9PwEQqLXUmAB26FUpkbHsdm1Th8DQQMCXe7ZeZkrcmIPv88D4sIJBhgezcxBbftMg5nsbflgimbkoMso19qAOFYvi8aWtZaNBxQCFhGRtpQDWERERERE2hg6eCDHqk9ivWAj4PZ+3NrnFuXcExERka+V3W7nqwsXqf38HLa6OoYOHtjdTbqhWfJzyMTA7JmxeFyZ2SeEaU+Es3FVFtvyUxgbZ2L2LxPJnrWCqUlmls2Opv+pPDauz2m1DHJXy7VnMDOfTiRzVgaPP3yExSuSGelXzft5WaTn1TD2+Z8QYwTCxhHjt4WN8xI5nRLPpCGB1BzPY9v6HAzj1zMzBAy2zst0rIRtqam853LEdqKY3D2l1GBi8RPOsfMJIelXieTOWsGEH5lZ\UQ0QdYj\P7V37CjwkTSmwmOQHFXy3kQFJ\C4tfi2bgqjUm5KYxsm0ZYRERuYgoAi4iIiIhIG4bevtxjuovTtWc5caqGCxfrsNvt3d0sERERuYl4eXnR55be+Bv7MnTwgM4vkKtQTe62fBiUwswx7UcSgyYnMHFVKbvz92GJi8M4agnbc01s\PdUViZnwIBwZq5IY\q7yaxzuc7QxXLtMYxaws68EDampvHqU4lYMBAYEs3CjC0siApwFgpncXYW\demkpm6lMyzgL+JiU9kUJgcSWBXy3SolB2bS90P+ZsYO2EJLz+VyFiX19TR5xA2bUpjXXIGFvoSHJvMa7\5CTFDDJddrg2fEJJemE\uzC088\oE9szvNHotIiI3ES+7\hfnG+vYsWMMHTr0a7vflkPHebPsBFXnLtCg1+am4OPlRVC\PswKG8T8UUO6uzkiIiJfu6\781ZX9MQ2iYiIiNxIeuLnrZ7YJhER6V76t+Gby2KxXPd7aAawdOrTcxeYsf0wZ+oaweAH\fzo5eUNdjt4eWG32x3LAWr\BtyHT+vrWX+wiq2l1WyfMZK7+vXp7ldSRERERERERERERERE2uHd3Q2Qnm\G9sPUNvjgdWs\vHr5tuR+c26bU8Fp\wbc98Lb1xevW43UNvgwY\thREREREREREREREREpOdSAFg6tOXQcc7UNeJt6OOYEWq3Y7fT\Lv2b559b0MfztQ1suXQ8ev\4omIiIiIiIiIiIiIiMgVUQBYOvRm2Qno7b7kr1erMtq\ifZ793G8EyIiIiIiIiIiIiIiItIjKQewdKjq3AUw9sGOHRwpYrF72OKFzt8M53v5ON4JERERERERERERERER6ZEUAJYONdjt9GqaA+q+ac4V2zxDVOdvgvNeNNjtiIiIiIiIiIiIiIiISM+kALB0yjH71zEF1Asv7d\k+yIiIiIiIiIiIiIiItJzKQAsnWod8tP+zb0vIiIiIiIiIiIiIiIiPZcCwNIpe\OSv9pqKyIiIiIiIiIiIiIiIj2Zd3c3QL4JvJz5YLXVFhEREREREREREREREenBNANYusBO0yRgbbUVERERERERERERERGRnkszgKVLvLTV1mUrIiIiIiIiIiIiIiIiPZNmAEvn7PZuzzqrbc\aioiIiIiIiIiIiIiISM+kGcByeVpPAdX+zb0vIiIiIiIiIiIiIiIiPYoCwNIFLvM\7drXvoiIiIiIiIiIiIiIiPRUCgDLZeju6aba71n7IiIiIiIiIiIiIiIi0tMoB7B0ym6344Vj8qdjq\2beV9ERERERERERERERER6Ls0Alk55OcN+XtrXvoiIiIiIiIiIiIiIiPRoCgBLp+x2O2DXVlsc84BFRERERERERERERESkp1IAWDrl5aWtti1bERERERERERERERER6bmUA1g65Zj56ZkXHc8J7fh8I1z4gkuWL2i0fkFjHUAvvPxuw\vWf8HHeDs+va6m\mtzvtH6Txoab6fXbb4uZ77i0kcfcYlv0fueAe1+k+LraF93nhcRERERERERka\HsWPHursJIiIi8g2hALB0qrOJn1d0vu5z6usbSRrzHWbdG8BdfQ0YmqKol2ycrq3lfw\8laWf9KO3v9\X3z4n+\kvSIh+iMTbzzHxf0+7nLmXvRseJpjz\D69gmXd1L6ecF5ERERERERERK6\oUOHdncTRESkB9EXg6QjCgBLp+x2u2P932u1vXCSh75zP2sfHMRdTW9gYyO2esevBl8D\QcMYtYjg\h+9RF+ln2GPxkN1+7+l7Gd\WgMq4f0xlJ1rtU4NDW8F152O\avuV3duhUREREREREREREREZEeSwFg6ZTXtUwi23ie7z4YzZZR\hgA23kL2SWfsupja8sNAwJZFTmYmQN9MQ4ewW+nl\D93fV81vvrT3prcFnb2X0c\sHE9H8073t9ze3q1q2IiIiIiIiIiIiIiIj0WAoAS6c6ygF82XUFDuffncFfy2fVPP72CcpbF6o5zcq8c1ROGsHqoN4Yh32b1JHFzPjAx72u+nM0fn6Ghqb8wb1vxdvvdnrdEYh36zf70ufUHT1GY9+hGL7VD76s4dLntTRcqINet+B9W2Cr65w5fmO+49i1fcaFD\8GAfdwyx234jkHsPsxL2sNl87W0PDlRaA33v0C8PEPxMfQqh\nzdg++8Klbi7jfAP2L2u4dPZzGqwXAV+8\Iz4+N+Jz223aPlmERERERERERERERGRm4wCwNIlXoD9qrdWFoz8FncB1J8n808nONJu\TYyd53mkR8PZkTjJbz+pT9wxnm+EfvZ00yJuI8nR4\j7qb8wY0NWM6f5X\f+zMp5jvo1bd3S33fGc2RJydjvFjD2q3lBEyOJiHYH6PzL8Byrpb\3XeQRZ\egY8BvAhh76\GE+xsnzH4QT771YNw5iSmP3yKF\c6z5\n968eYRlgbz5m4fcv\pm\f28MKaEB9L\FUYftq7P8+dDfWHG4N\+81ae5v0mPxbMsqDec+Yxhf6hqM27tnm+00mCDZ1v1hUs2Pqn8kJf3HOcdw514eV+r54cCyiIiIiIiIiIiIiIiIj2cAsDSObudpjnAV7W99P8wKcgx+9Vy+nM2nmuZWez5umriX692bwqAtZH\+6NJJH7L4DjYlD\YxwdjvwB+8MgjRH38V36wq46Tt3g3dcFZgYEfzonh7r4t1xl8vR3XTZvI3cXvM\VvvoAXtvpGbD7ezuByI7YGoNHLbTxaj49DL0b+eCI\HODj0jZvDLf686\RMdwXUMroP1\E26W\LVXZPY5H2\MNNP7Lnbw9bQRhfZwnGxqxNTpyKN9973fYPGQQGTtLWPNF32vz\Dy0R0RERERERERERERERHoW786LiFyj9LFht3GXN0ADlf88eYX11BEde58z+NtI1bF\MDX9ICNeP0hI+ge8VFWPDeg\PILXH\JtnrLanL62j5G7+16i5INKxjmvM\1PFUUXAXwIGzGcaYCX1zGmZhxk44k6ACwnjhOScZARbx1zr6\V+Dj4cfcAL0fbth50XPfflez4ohGA\vcO4bkGT9d1nna3+Xjdrbw2xRn8vXie9L0lmLY6+jNu70mKvmqEPgEkfu9eouuVBlhERERERERERERERORmoQCwdM5ud848dW6vdL9vL4wA1HPu3BXWV3cnPwt21GL5rIpxe05R3nz+Sza9+wHp\2wEfLj77sE81tB0fUt3ao4fJ76ohqqm+k9X83jZF9gA+vrxoMv9XAahVXs8jY+LmtP8yNk27Hbs52pY9H4tVQDetxIa5lqfa1We+t\2fOOYuxjfF2i8wI6CMtZVXmwuX\XJMR7fV0tlI3D7t\hZeN21eX546KeIiIiIiIiIiIiIiIj0KAoAS+e8Wu1c6f4tTSuO13H6oyus7zu3c7cBwMr7pZ95KF\HxiNnqQHo+y9MHNb6fD2fnDjdtv66RkcAuE1\W2tdn+fylTX\cAR7XctXu9yj+S\vSsazkcUD+zl2\kPfvr+J9RVN\1UUnfiE+oO7OIvNQA+3P2tOy+z\k72RUREREREREREREREpMdSDmDpnN1OS+CvaWbsFexbL2EDDPjSfxhgvoL6br\FMYv44gUOV7VT\uMLnB4Hgd59uDPADmbXWbQXqfrAQ\0fXOT0gzjqdu2v3b2Yyy\tjA9AHac\b13eC7By+iIE39KqPnvrulq1r8352wi+1ZFLmTvv4ehz9+CRr2NjNN4G9s9bdeRqnqeIiIiIiIiIiIiIiIj0VAoASxd4uf9qd84Ktbvsd+W8pRELEEhvjH3rAd9Or7d\+Sn1573w7nsnvW7r7blpba6\wLk64BYw3NKq\U2F2mu\p\Oe7tfZrFivVuU7Ot9e\e3e34jxFue+tw8GQ9vq3fj4dlx\V5+fp\aKiIiIiIiIiIiIiIhIj6IAsHTKbrfj5eWYfOpFO9uunP\IwicP3k6gwYe77wyg0f4F3h1eX8e8R6eyZAB8euI0q\74GUVeTTNzG2hstIO3h+sv9cLYG6ABi9XefNylQ82blvbZPZ5vmfDqyH\b0r5W5b1wz49rt3sYn3bOtxxsex3QaG99vh5bg+OI5R8f8p3dn7f0v7Pt1Ty\1uMoIiIiIiIiIiIiIiIiPY5yAEunmmKuV7\9jKKzjQAYv3UHi3vVdVieXoFM\pYfhj5+3P0vvSnyAr6oxwLQ5xZGBdR7vs7Um\7eAJc4Z3E53tyhdu7Xzvn2xuFyy7d\vimo3eiYdOtWvo47Db1bXVfLUavjd+OtBgbbPd2nnsZTJdg+\YRLX3oepyvdioiIiIiIiIiIiIiISM+lALB0ym5vmnl69dvNf62hshEw3MmPY\wYfvpzGi61KtdYR+OZUyTGBDPKAFBHQdk\HOf\ZqGyHsBI1MhbufRlnVv99vNn+MWIAfQHsF2g6CNnva1n7LZpH57PNx9r6EJ5t1Hz0H\P53dZHQFabu3FvK8uuY9Dgz8R\u73stvtZP7zS8d+\zt41niSxnrX8btE4+e38sbTCzix+kccfmzINXt+rTohIiIiIiIiIiIiIiIiPYwCwNKp1ulqr2pbXcm6jy9gA4zBo8ldEM6qO6q5eLyS+upK6j4t5067L79O\D7\N9iR3NZy4jNWfthUTzWbPr0IgHFYBH+e4MXdxyupq66k\h\VJH\X5k\xAdopNJcTbrL\Tvrl8fzzmmvxlu9GFBdSd3nX3VaX3v1t3e++kydc1Zzf+b8q50Bn1ZSV\0xdRe9+I8fhnG\oe11VX+upegigJEpj47n14NOUlftGIe6+ks8P+c+HuoD9Gqg\B8nOmzP5W5FRERERERERERERESk51IOYOmU20xY96S1V7T\3nvlPN1wL\8eehvG2weT+G8\JHFmA7Z6wMcHQ\Nb2UjV8eM8\s4Jqlyv33OUbY\dw5yAXtx13zj2\PIhx7W+PhicX2moqT7O3IIvsDfdv3Ue3Tbts3s8v+urepbhCwF3U7TKhO3MSRL\cIwij+Xb5vh173875\9Wzbv3Gvnh7T7c9Z1xFIU+hK0BDAYf4BLlNRcJDbwFsGOnafZxNQnv9SF\wp0E9\HnBz+YwQ+mNrhc5xi\yg8\IbHi2j4\ERERERERERERERER6bk0A1g65YUjT60X4IXXNdi\yI4\Y2pO\5B9okL1NgawdsHg8EZ\G24RNWpM2z+42HGvfsZ1W2uP8uq7X9j0d\OUvnVJWw4r6URy\nz7PhzKZF5zuua7u\j6+yNbzvt83y+uuAYmTWXsDUCvXww3N6PqHbLNx3zxsvHU\99nBOKW5\gmezP2TjP6xYGpz3Mfhg+fJLdvy5jKlnHHmT8fF1r+\YJ0x4q5LMT92vo7ERyxdnSf\jYSYUfHHNn5+IiIiIiIiIiIiIiIj0XF52u5J6flMdO3aMoUOH\v\s3X10VeWZ8P9vyMshEYJIQokkigcKEtBJwDEgnZg65UWL6EyAp6I4g+JIS6c4+IyK1SUOFloYbekjHVgDzRSUthGmlVIVmdGYlgL+ystSIEohBQOFGl7kQBMOEM7vjwQIISFBIAnJ97MW3d77vvfe195HF7vnOtd9X9ZrdJv9P0TFtb2s19CVJXLsKDsmfaWpw5AkqVE0xvvWhWqOMUmSJLUkzfF9qznGJElqWv7dcOUKhUKX\RpOAa16WfOp6vzFiCRJkiRJkiRJUvNlAlj1skhckiRJkiRJkiRJujK4BrAuSFRU7Vv7W1e\JEmSJEmSWpb1MzMJ9nyBgnBdfekEpxZyTne4kOd6ptN75kZgH\nj0wmOX0ppg6\8eY6pHls6wZ6zWH85rhEqIv+ZvHrOLUlS82MFsBrgTAXwqWLgmlv7W1e\JElq6fbwxnNTeX1vLV1tYknsnEa\4Q9z318nNXpkzc8G5j46l70jpjL1qylNHYwkSdLn1mdALsxfyrqiZ8jJqN5TxOo3wwQSAoR\uZbNz2bTL7pad3ERBcDoAb2Bw40a8+VWunI2T+V3Z8kLTR2JJEkXxgpgXZCaBaBRNfbY37r6JUlSS5dEcMCt3Fr9z1+lwf5iCuZP5f+tKWvqACVJknSJBDKyGEGYgg+Lz+4o3sBbu1P55hMTSCtbyeqtZ3eXfLiGEoZzW0YASGL0\C0Uz88ludEib4jmGpckSZeHCWDVLxI5\ScSqdmO2N\a+iVJUiuSxpBxD\Nw9T8TnmTWzAfp2+Y4m5a9QUlThyhJkqRLI7E3tw2AzRu2E6q2u3RDIZsTBjPw\2QxNGEXb\2+eoL4MFvWrIXsLPolQq1TLZcVkz91HEOy0gn2TCdj2DieW1pEqOLcED7duJjHRmcR7JlO7+wxPLe0+Nwppz+XC49r\cx0sqYUAnmM7JlOcObGSxKJJEmNwSmg1UBRQMS2bUmSJEgYRNZfLWTThn3sA9IATu7j\Z8t4I11Jew5chyA2MQ0bh09gQerTxW9\30WznuN90tCHD9ZNSZ3AvcNSCK2QWM+YuG\fJ9VvScw758yT5\2o1f+he\poxbJ87j4ZtP72Xhv3yfD297klmjgsBx9q1ZwoJlqyjefxzaxJIUHMQ9D93HrZ1OHVM1pfNXH+bWooW8Xnyc2C53Mfn5ewhSRvGvF7BgxSb2hSH22hwm\OuNl+85S5IkNapU+gxKhf\YyLaKwVXTPB9m\apCuHcMfaJ7E7oX5r+3gdKxwcpK2ortrHsH+jyeWUdl7T7yvzWcp3YNZuITc3m+C5QUzuW5KblsDr\NkjGpZ4b+\gVGPprB2Cdm8eqkEOvnT+PFKbnQZQ3PDwpc4nutP64e9+bxg4qZPJaXytN5Y+iT3P0SxyBJ0uVjAlj1iwBRkTMN2627LUmSRIhDB4A2sVVJ2zJWzfk2C7ckEvybe3j4ix04\umHvPvO+6ya\x1o930e7A2ENzD3hQVsaHcjg3NHcV2HQ2xf+QYFed\mEC\zzwNiGzDmRm7qDauKPuQjMqlMv+6h+A+V01F\9HEx3BysDLPofTaUJZDZt7K959ffY+qyEhKuz2Hk33Un4dP1rHyzgAXPbGffs89w17Vn7nDPmwtY+cXBPDi+A3uOdCcIfPTKt\n+b8pI7D2YBwelcGjDSua+tB1XQpYkSS1Fn1sGEyhbw+ad0C8IhDfwu+UwYnYmAf6P0BkAACAASURBVAL0yxoOi9eyPpTL0ERg61pWlKUy+pZg7Sfc+x5vFcL4hbN5fEDlroGDsugcGsCTqzZSMia18seEAGW9efq\8xhbdaqBtyTzadY4FhVu5PlBWZf2RhsSV88sBvZMBlLpNyiLfpc2AkmSLisTwKrfuQvD2m7NbUmS1LqF9\HRsrks2QkJ\fvRC2D\+6zfEUvK8Mk8+dWUqoG3MujmDnz7hZUUF++B3imwZS0bypK461\hXuqkq239u8OT7\E+0WbOD4gk9gGjOnbty+sK6Z4L9zYBQh9zId7E0hoV0ZoxyeECJIIFG\6kLKETPr1Ag6uZMGyEhIyH+Y7E24l4VSMf7OK\fkQl7\xfsMnnjrmSrkDjn882MjCZ5aNOfgSpb8poyE\hN4\p8yK4\60FkLpvK1BI4ddeSJElXtL5ZjCaPdR8fZmywPWxaSz7ZPJ\ZHoDEzCxyeJbfbZzG0OwApVs2UJIwmIE96zhfx1TSEmDR7Nnc1vl+Bl6fRCA6QM6MDaytOXZALjnV88iB7vS5Bdi+i1KyLu3avRcSlyRJVyATwKpXJBI5PQGwW7eSJKk12cDcRx+tvavzIB5+ILMyYdoph39+MefcMWndSWMl28vKK9tJSSSxgYKfLeG6UXfRNy2B2DZB7vvuy9x36piGjOl7E0F+yodFIe7qkgjbP6KYXoy88xBLln7E9pM5ZLbZw0ebQtD7Jvq2gdDG9ZSQyOAhp5K\VRIH8eUBS9j0u7W8H76V07MLBm88k\wFjhd9VHn8VzLPOj5l6GD6\noh+y\ksUqSJDVXgXT63wGPbdzCD+7MYvPvVxLu+4\061LV3yWTL\eF6WuKeD67N5s\PDU9dF3ny2L8jFzWT5nHQ8PmQUISfQbdzdgxuQwbECSx+nFx0PYy397nikuSpCuQCWDVK8qt22pbSZLUmiQRHBA8e4rjxOvIysykV7ckYtvUGH68jNDeT\hobwmfbPqIjzZ9TAnAwUOV\Wl3cd\tm5j73krmvrASYhNIuf5WBg0fTE7vqjWAGzImsRc3dYHXN33I8S8PomTbdujxVbLSD1Hw2m\ZvgMykz7mw73Qd2hfAP5SVg5cR0rXc++yU1IHYD+HDgJdzu0H2Hdwf+3HBzrRIQETwJIkqYVIIn1Qb\jFdraRzPoVu0gbmkmP0\1B+g1NJbxiC9uAdb+EnKnpnG+F3rQ7p\GrIU+wbc3bvP76cla8l8dTK\N47o5pvD0nl7QmSrY217gkSboUTACrXpFIhKgoiERw61aSJLUqaQwZ9zCZ9Y4rY9Pimcx9bw\HAQKJJHZMovttfYl9ewPFp8cl0HfMVF7O3cNHv1nFyvfX8nFxAUt+UMAb\SfwnX\KJKFBY1K4sW8ir7\zIZtO9mLPxyGSbu5F4rWH6JXwBh99vI\jez+kmCD39Y2tM+pLI46E833jKUmSdIXpccsQ0qYVsmVrMus2BRj67d5n9fe5ZTCBFzeyfR0UlPVm9M1JdZypmuj29BiUy+ODcnm8Isy2n09iyNR5LNuay8Te9R9+2TTXuCRJukg1f7MvneNU0q9yG1XH1v7W0i9JknSOTUtY8N4ekr78L8x6eR7zfjiLWc8\yYThN5093fIpgRRu\MpI\vnpWbz8w1k8mJlA2bq3eT\U8DHBvjeRcHI72z\+mO0lCfT6YgrQne5BKNlZzIZNm6BHFv0SK8dflRAPfMKe3eeGs3\fIaALSZ3rvsWkjp1qPz68hz0HG\aYJEmSrgg9sxiaUMi6n69lGbnc1rdGf98sRrOSd5dsZHPXIfQL1noWAMLrZnN39nDmbKq2MzpAWpdLuqLvBWuucUmSdKlYAax6RSLVV4Gljq39radfkiTpbHt2FlNGEjnZN5JYreA29P56qn+ntufN7zHz18e5a9ozDO5YtTM2kZSrYy5oDAC9bqJXm1V89It3KSHIg0GAWHr1SIO3X+d1IOUrvajK\5KY0Y+0ny1h1dvvc9eEausAh1bx7poy6HUjN57n57GxfW\ixjabzjl+z\+8yyYgpaEPS5IkqbmL7k7\O+DrixbD8Nn0qznbSSCT24aHeezNlQTGjKHPeU4V6Hs7OQnzePHhcXw6KZdh1ydTunM5C2cuJXDHTEZfsirbDSycPZt3a+npe+8khl7\+eIKJCQCK1m4KItwViYDe7a\VAFLknRZmQBWg1Sv+4zYbvVtSZKk6lKCQRJYxRvf\z7HRwziuraH2F7wNquKy4ltQ+W00EBK5k10WvY6S6Z\j09yvsRNnWHfpndZuSZEwoB\YFAixDZgDABt+nJTOizcVAJp\ehV9cVkUrfrSChbxT6SGHxztbRsx8E8PGItU5ct4NvTt3PX4O4kfLqelW9uYA9p3PO1nNPJ4lol5vC14b9l6rIFPPe97Qy5oztseYPXf7fn0j9QSZKkJtWefoOyYXkhOYMya3lHak\6gCzCy9cydkA9GdxABo\nL6bzC7NZNPsJFh0EOgYZ+kgehROyuHT1thtZNmdjrT3jv3RuArihcSXePo6n73iUF6dNYNkdM1k7d\gljFmSpMsnKlJZ3qkr0I4dO+jWrdtlvUa32f8DUdVKIWoWgtpufe2TJ9kx6StIktQaNMb71oVqnJj28MZzU3l9byYT5k1owBrAsO\W8jcn71PyZHjEJtASq9B3PN\cjj0k2\z04ODeWb6SNKA4yUFLFj0azaVhDh+Eggk0XfoWP7hzhtJrHrtbMgYgNC73+Nff1ZM4leeZNaoqrkHT77P3K8vYEPHwTz53ZGcPSPhcfatWcKCZaso3n8c2sSSlJ7DfWNG0rfTqTEbmPvoXDb0n8C8f6p558fZt+anzH2t8j5j26Vx69eyKJu\hL0jpjL1q9YBS5LUErTed0BJ0pXEvxuuXKFQqP5BF8kE8BWsMf7j7v7D\6Xi1DqwVaWgkQin14WFam37W0V\m0iE7d\6WyRJag2a4\+Zao4xSZIktSTN8X2rOcYkSWpa\t1w5WqMBLBTQOu80jrEs+Oz8jNFoFX\cNbPBiLY34r60zrEI0mSJEmSJEmSpOapTf1D1Jrd17crbc7zb0nU6f+xvzX0t4mq\HdCkiRJkiRJkiRJzZMJYJ3Xo\2vJyk+jkj5kcqy0Bp\IhFq3W9\y+uPlB8hKT6OR\tf3\j\IkqSJEmSJEmSJKlBTACrXvl\91d0KC3m+M4iKv5yCCInzywSe6o69HS75tb+K7qfk1Qc+YzjO4voUFpM\t\9FZIkSZIkSZIkSWq+XANY9erWKZEP\v1fePmN37DoNxvZue1TKipONnVYagTR0W24\gudGfuVDL551980dTiSJEmSJEmSJEmqhwlgNdg37\obk4CSJEmSJEmSJElSM+YU0JIkSZIkSZIkSZLUQpgAliRJkiRJkiRJkqQWwgSwJEmSJEmSJEmSJLUQJoAlSZIkSZIkSZIkqYUwASxJkiRJkiRJkiRJLYQJYEmSJEmSJEmSJElqIUwAS5IkSZIkSZIkSVILEdPUAUiSJElqfo6eOMmBo8cJHaug7HgFJ05GiDR1UJIkqVWJAmLaRJEQG01iXDTXtI2lbYz1LJIkSfUxASxJkiTptKMnTrLrSJj95cebOhRJktTKRYDjJyMcCp\gUPgEJYfDdIqPJbVdwESwJEnSeZgAliRJkgTAp2XH2HHoqJW+kiSp2dpffpwD5cfp1qEtnRPimjocSZKkZskEsCRJkiT+dCRMyeFwU4chSZJUrwjwx0NHOXEywrXtAk0djiRJUrPjXCmSJElSK\dp2TGTv5Ik6YpTcjjMp2XHmjoMSZKkZscEsCRJktSKHT1xkh2HjjZ1GJIkSZ\LjkNHOXriZFOHIUmS1Kw4BbQkSZLUiu06Ej7vmr97\nKM\eUnKDtRQcTFgSVJUiOKioKEmGg6xceQclXt6\1GqHyf6XF1fOMG1wR27NjR1CFIkqQrhAlgSZIkqZU6euIk+8uP19oXrjjJHw4eJSk+hiHdOnJtuziio6IaOUJJktSaVUQi\OnIMdb\+TCb9pXxxY5tCUSfO6Hh\vLjpLYL0DamZU922K1bt6YOQZLUjPjDIJ2PCWBJkiSplTpwtPbkL8AfDh6lT1ICA1ISGzEiSZKkM6KjokhrHyCtfYA1e0Js3ldG36SEWsceOHqca9sFGjlCSZKk5qll\yxOkiRJUp1Cxypq3b\nL8dIio8x+StJkpqNASmJJMXHsOcvx2rtr+u9RpIkqTUyASxJkiS1UmXHa\+idH\5Cfp9oX0jRyNJknR+\b7Qnv3lJ2rtq+u9RpIkqTUyAXwFi4qKoqLCl1tJkqTLoaKigqgWvubtiZORWveXnajg2nZxjRyNJEnS+V3bLo6yE7V\F1bXe40kSVJrZAL4ChYbG8uxY7VPeyNJkqSLc+zYMWJjY5s6jMuqrq9JI5HKNfckSZKak+ioKCJ1vMCY\pUkSTrDBPAV7KqrriIUCjV1GJIkSS3SoUOHuOqqq5o6DEmSJEmSJOmCmAC+gnXo0IGKigoOHDjQ1KFIkiS1KAcOHODkyZN06NChqUORJEmSJEmSLogJ4Ctc586dOXr0KLt37+bw4cOcOHGiqUOSJEm6Ip04cYLDhw+ze\dujh49SufOnZs6JEmSJEmSJOmCxTR1ALo4MTExXHvttRw6dIjDhw9z4MABInUthiJJkqQ6RUVFERsbS7t27az8lSRJkiRJ0hXLBHAL0aFDB7+olCRJkiRJkiRJklo5p4CWJEmSJEmSJEmSpBbCBLAkSZIkSZIkSZIktRAmgCVJkiRJkiRJkiSphTABLEmSJEmSJEmSJEkthAlgSZIkSZIkSZIkSWohTABLkiRJ0mUW7Jne1CFIkiRJkqRWwgSwJEmSJEmSJEmSJLUQJoAlSZIkSZIkSZIkqYUwASxJkiRJkiRJkiRJLYQJYEmSJEmSJEnSGRX7WL90Fl+\J5vePdMJ9swk655JPLd4LaUVF3vyfeSPTyc4c+OliLROpUsnEOw5gfy9dQzYu5SHeqbz0NJ9Z8c1fimlF3KhUBH5z+Sx\uLClSTpkjIBLEmSJEmSJEmqtHslT301m5FTlhDKnMD38vJ4NW8a38wM89bMcWTdNon8nU0dZPNRunI2T+Xvq3+gJEmNKKapA5AkSZIkSZIkNQPhjbz48CTyGcOPC58hp8uZroGDhjN2YiHPjZ3AU\e8QOffPUNOQtOFeuklMXr+FkY3dRiSJF0CVgBLkiRJkiRJkihZOpM5xUEe\7Zyd\TkrN5\vuT6FG2mOmLiqp2nprSuZD1c8aQ0TOdjGGzKAhV9paumcfXh2UR7JlOxugXWLH7aO0X37uWOROHk9EznWDPLIZMnMWyreFqA85\nYtXyxTQZcXkTx3HkKz0yviHjeO5pUWEqqbBXj8znawphUAeI3uePa11qGg50z\H\Sz58Zg6pq4uZtHfp9P7Mk+dLUlqGUwAS5IkSZIkSVKrV0zBko3QdwxDe59nWO9cxmfDtp8Vsrn6\sWTeOi3Wfxb3lyefmQw\RIh9OYTZD84m9UpD\GDvDz+bUiIl7\xAm8dOPuU4Y3zuHvYOP6z7HaenpvHq3OfIKdsCY8Nz2X6uvDZg2u5zuWxj\xvDeepNYkMfWIur+bN5enbw+RPyeWhn+8CoMe9efxgXG9gME\n5fHqvd0r72fdLEbe8wSLDlTdz0sTSN+1uEH3M+SuXHIo5K1VNaaVLl5D\qZUvnlXxuW6YUlSC+IU0JIkSZIkSZLU2lWUUrIJGJ9Oj\MOTKJHT6BwA9tLoU9y1e6y4fxgwaQz00JXFDFn5nK4Yxq\mpNLWjQwKIuhfWcx5MFCGHDqfLvInz6bbffOZe2z2SRGA2Qx8I7h3DZ1AA99bylj88eQRh3XOa9CnspO56nzjMipq2Pve7xVCOMXzubxqlgHDsqic2gAT67aSMmYVNJ6ZjGwZzKQSr9BWfSruu\5\zePbdnTeG9e1X2TxcA7b6fvfcOZXu\9dOfeO5\lsTffozQ3l1OPd9uqpWzumst3z5eclySpiglgSZIkSZIkSWrtSnexrYFD07pnA3C0otrO7Az6VE\K7tzAW7th9PPDq5KglQIDchnfN4\nTu3YvZa3NkK\QWE2r1l71nVCgSBsLGT13jGknZqSuuZ1ziuVnLFfpU9tVcKhIpYtKqz70I6ppCXAotmzua3z\Qy8PolAdICcGRtYW\dRsLWQ\N0wtsZ9Ex1k9IODmT55KQXFYxgbrOt+2pMzeDBMXsm7e3MZ3QWgiBU\LiJt5Av0qX5OSZLq4BTQkiRJki6zMNuWvsDIrHSCGdk8NGctpRU1hpSuZc6EbHpXrQ2Xv7XG1HhlxeRPrVwbrXf2BOasqTElHpXryz2UnUmwZxYjpy5lW9kFXqOR4pQkSWqWOiafqUqtR8muyhRo2\MlIw\uZjO96ZEaqNGRTOdu1Zp7i1kNrJ4zifvHjTvrz2N5RcBaSs5ZD7ehggx7ZBKPT6rlzyOD6X6+QwNZjJ+RS4+ieTw0LJve\bO5e+Is8lcVn14DuFZlIUpqvW9ITEkFiig5eP6oEwcNZmj1aaCLCsnfncroOyz\lSQ1jAlgSZIkSZdV6S8ncfeUxaw\CJTto2D2OO5\eSOnU6fhjbw4dhwvvrOPMBDauJinRk9i2ekv+vaxbHIuTy3eSAgI7y3kxQf\kRc3nkm+hjfO5v4HZ1OwNwwcZv3iZ7l78nJKG3yNxolTkiSp2Qqk0qMvsGZLPZXA+9j2YRi6ZtI9+bwD6xBHoJaK3PE\3ULx1tr+bODxJlr2Nu3Oafxq3VrezpvGxCHdCf8+j6fGDSdr4lJKzpcEvlgdb+fe4VBQuIYQsLlwKSVdc8kx\ytJaiATwJIkSZIuo328u7yQminQbXNWsvlUY9NK5hTXGFBWyC9PVTzsfY9fvlPzDMXMebvodGvz2\PO+aIy\M5y3j2VnK3vGo0UpyRJUvMVJGdkBmz6L\LXnecHbMVvk18IaSOz6XO+03XsSh+K2Lar5rl2U\JBzXGwekvNF61mIro9PQbl8vjMPN7+3QbenppN+J15LNtax\iERNJqvW8I7dkFZNGjy7mHna09OfeOgTdXUnCwiIKf7aLPQ4PP\7wlSarGBLAkSZIkSZIkibTcJ5gY3MX8b7\Asp21DCgt5LlvvMD6hDE8P66ectTgAO4JwqKFy8+qlg2vW8qiTdXHZTM6Azb\eCmrz1rCI8zqGUPonf0CBaHPf0+fV3jdbO7OHs6c6rFGB0jrUk\Zc89sRnc9976pKCZ\4UoIZtOva\3XD2QNZmzCSt75z+W8tTuD0dnB+g+SJKmKCWBJkiRJl1ESXx6eTc0V0HpMrFbB0HcwE2t+n5WQzb2Dkir\ucvt3HtHzTMEmTjkzJeOfYY8So8aIwJ3DOfLp6or6rtGI8UpSZLUrAUyeHzBbEazlMcGZ3H\1MUsW7WW1auWs2jqBLIGT2DRwcF89\VnyEmo72RBxn5nHD0Kn+Xu8bPIf2ctBYufZeTDeTVmbkll9JPj6LE7j\u\PI45y9ey+p2lvDh5DA\llTJw0j+SU8uU0ZdboO\t5CQU8+LD43hu8XJWr1rLssXPcv\kpQTu+Bajq17xAgmJwEoWLipk9dbDEN2b8f9eed9DHqi879XL83js73OZvjHI+O+MOee9tfYAMhiWG2DF4sVszhhOzvWX8WYlSS2OCWBJkiRJl1XyvbP51Ywx9OsIJCSRMymPV7+ZcSbZGsjg8UV5PH5HEgEgMWMM382fzYjTU+MlMeKlpXx3TAaJQKBLNo8v\C8ezziTbA1kTOLVhZPI6RIA2tNvzDR+9dJwkht8jcaJU5IkqdnrOpjv\rqQJTNGkrhhLk+OG8f9457l5Q0B7nl2MWt\N5vRDUxGBvr\K0ten8Y9R3\FcxPG8fW52+n37Fyezj533K+Wz2T8LaX85+Rx3D\hBfK3p\LNvJX8ODf10t9jg4LP4PH8xTx\O6ye\QT3jxvHY7M3kPxIHoVzzrxnJt4+jqfvOMqKaRO4\6X3KOXUfc9k7DXvMX3COO6fPJctqRP48cqlPN2\oe+GAfrdkQtlYfrdm03aZbpNSVLLFBWJRCJNHYQkSZKkhtmxYwfdunW7JOdau6f2ufTW7jnMtxoyL50aLNgzneKtW5o6DEmSrng\XL+brJT2tfZlpVyaMtFL+b51qTTHmNQI1s2i933beb5wLqPrXTdYUmvj3w1XrlDo8q9tYAWwJEmSJEmSJEnNSpiCXy0mfOdwhpn8lSRdoJimDkCSJEmSJEmSJAHsYsXspazbWcii5cmM\+lgmmAJZEnSFc4EsCRJkiRJkiRJzcIxSt75L+bvbM+Iqf\F4w1eM1iSpDNMAEuSJEmSJEmS1CwEGf\6BsY3dRiSpCuaawBLkiRJkiRJkiRJUgthAliSJEmSJEmSJEmSWggTwJIkSZIkSZIkSZLUQpgAliRJkiRJkiRJkqQWwgSwJEmSJEmSJEmSJLUQJoAlSZIk6TIr3rqlqUOQJEmSJEmthAlgSZIkSZIkSZIkSWohTABLkiRJkiRJkiRJUgthAliSJEmSJEmSJEmSWggTwJIkSZIkSZIkSZLUQpgAliRJkiRJkiRJkqQWwgSwJEmSJEmSJEmSJLUQJoAlSZIkSZIkSZIkqYUwASxJkiRJkiRJkiRJLYQJYEmSJEmSJEmSJElqIUwAS5IkSZIkSZIkSVILEdPUAUiSJEmSJEmSzm\Hjh1NHYIkSbpCmACWJEmSWqkoIFLb\iioiESIjopq7JAkSZLqVBGJUNfrSWt4a+nWrVtThyBJakb8YZDOxymgJUmSpFYqpk3tX5UmxETzpyPHGjkaSZKk8\vTkWMkxETX2lfXe40kSVJrZAJYkiRJaqUSYmv\ArVTfAzr\3y4kaORJEk6v\V\Pkyn+NonNKzrvUaSJKk1MgEsSZIktVKJcbV\UZpyVRz7yk+wZk+okSOSJEmq3Zo9IfaVnyDlqrha++t6r5EkSWqNXANYkiRJaqWuaRtLyeFwrX1f7NiWzfvK+PNfjtHvC+25tl2cawJLkqRGVRGJ8Kcjx1j\58PsKz\BFzu2rXPsNW1jGzEySZKk5s0EsCRJktRKtY1pQ6f4WPaXHz+nLxDdhr5JCez5yzHe3nGQshMVRCJNEKQkSWq1oqIgISaaTvEx9E1KqHNcp\hY2sY40aEkSdIpJoAlSZKkViy1XYAD5cepK7ebclVcnVMtSpIkNbUoKt9nJEmSdIY\jZMkSZJasbYxbejWoe7pFCVJkpqzbh3aWv0rSZJUg29HkiRJUivXOSGOtPZWzkiSpCtLWvsAnROcqUSSJKkmp4CWJEmSxLXtAsS0iWLHoaN1TgctSZLUHERRWflr8leSJKl2JoAlSZIkAZWVwIlxMew6EmZ\+fGmDkeSJOkcneJjSW0XcNpnSZKk8zABLEmSJOm0tjFt6HF1PKntAhw4epzQsQrKjldw4mTEymBJktSoooCYNlEkxEaTGBfNNW1jTfxKkiQ1gAlgSZIkSedoG9OGa9sFuLapA5EkSZIkSdIF8SdzkiRJkiRJkiRJktRCWAEsSZIk6Rwb3vyAUaXnGxHPaw9+kczGCuhC7N3NjzacYNSd15N8vn2X3We89tonTCmvvTc9Po57eqXw8M0dGi2i5msPMxaWsj14HfO\dHVTByNJkiRJ0hXNBLAkSZKkOkQzokscqbX2BRoxkXphNmzYz0tH2jOqnn2Np5bneLyC1QeOMWPjTkoqejA1M6FJIpMkSZIkSS2PCWBJkiRJdYhj7JBmWuV7RanjOR7exdRfHOCVrXsZnxmsI9EuSZIkSZJ0YUwAS5IkSbpIJyjduIMZH5exIgxhILNDApNvu4GBydFVY6qm+L2hEyP27WfKYUiMb88ro26gO2VsX13CjOIwBRWQGBdgyi3XwIY9TGmXzLY7Uxp4nepTLh9m4MIPyAl2Yuie\TX2nZpmuILQHz7hpfWHea2+uIMpTOEAT+0Ms6ECEmNiGN+3K9+4mOmb26cwtNMBXtlfQSlUJoArDrG6YA8\+vMxVp+oHJYcE8PYmtcq3c2PfnOARUcilJ4ak34t38i4uoFjPuVHr+5lzjXJbD79fGHLyg8ZsSfCN265mcnpp\ZWjn2rawrLcpIvzef925LTzzI5IYEFQ6\6\M9RkiRJkiSdpU1TByBJkiTpSlbBrt9uJeeDMjbHJjDj5k7MDwZoGypj7Jsf89quirNGr\7jfua0acecm69m4nXt6E4Fu367gxF\CPNpQgIv3XwNUzqcYMbv9jL\2IVeJ56BfToxpT0QF+Clmzsx8YbEWvbFA1C6+mNyVh9mfVzl+Rb1SiCtvPa4t32yl1G7KhjWo3JcTpsTvLRxF6\svJhnV0Zp+Ox2wa93Mnb3cZK\cDWLbu7E\GA8\TjBSxs\4UcfV8VUtocZb+9nzvFYJvbqxKKbr2Z82wpe+uATpm4IN3BMJwZeA+EDf2HL6et\xubPIgAUfFptAeiPQ+RXRDEsJbmBn8MZtX3eW1ZuZ2hxmHD7dsy\+RomXxXm4RUH2X4xj1KSJEmSJJ1mBbAkSZKkz2\LmYUnyC5UyeWfbUrgardOX13MXXZAaZu3MuI1DP7w3Ht+NHwIN1PFYru38mM4hOkJifz2p0pleMyUhj4248ZWnzigq+Tmt6Vfjv3w4k4BmZ0rVynuGv7c\eV7WbOH07QPTWF1+44s5rxwFtK6bdkzzlx74rEseirvRjYvmrcdX8ktPIwBSWf8cD11apuG6r8EFvW7mbKEUhNbkc6QOk+Co5ATjCNl7505pw5O4sZ9d4R1pcehl5Xw\YjLKiIZsbtNzKqat7ogTeVwmt7yC89QJgUAg0Yk945DkrDbN4D6SnAgRCry6PoHhNhy8FyQkAisH1PObui48npcWk+7zl7InSv+Xn\5iNy\gg5F\4kJUmSJElSDSaADqrJFAAAHUVJREFUJUmSJNWhnFELP6hlfzyvPVi5pm1oezkriGJq+pmkHwBXpzC6y0Fe2XuY1WWQk1C1v0P8mWRg9eNvTKl2fDSpAzvwQPF+FtQc19Dr1GfbEV4BRkUfY\XG3Wd1heMgfKCMLXBm3d6r251O\gKQ0pbuHGbB4XKgvgRwXc8RAoEEfvSlqntPvo6pY647d9D18fTjCKtPHK9sJ0aTSQXz1xXT42QKmdfFQ3QyD38tmYdPHdOQMTckMGLzZ6wuOcKolHawO8wK4phxQ4TJfwizvQIyoz9jfWmEwDVXkR598Z93eEcdn3f\DjzwxwPsqudJSpKky2v9zHRGzq+lo2OQgbfn8sjEMeRcH6hlQFPaR\74bJ7quZjiJzJawXUlSaqfCWBJkiRJdYhmRJc4Us\ZH+BUzWz4WAUQS+oXzj02OaENUEHpIaCOxGwoXAHE0b1m3jP6KnrE7z\dvNjr1FQaqqwufm3nfl6rdcRxSvZCZpeqZpuLWT2nlucYCPDltA6kX9+BQHSN4cfKCe09zOYDR9n+aTmr94VZAVBeVRF9fRee7\pHHth9hFEFf4CoKAYmxjPqxiRG9Lq64WOuSWRg\GdM2fsZM2jHrv1HCbfvQE5aBQP\cITNn0BmhxCry2FU8BrgEnze5XUcnxBH52hMAEuS1CykkjP2q\RJPLMntLWQt96exUO\XMrY+f\F89lJTReeJEmqlwlgSZIkSXWIY+yQL56pgr0MwhUnL+PZ6xPNjMF9GJVyua\T0OdYxpb\SMP7K4gBASio+geF8vArvEM3VlemQQGIIH0v+3D+vIDbPngM\J3\4UVh8qYvPYT5hSXs+zOFAINGnM1\ZJL4JNytlQcomRfhIFfaEdi6gkGRh+mYM8hRh0oYxlxzLnhclf6RJFYMxEuSZKaSJBhj0xidJfq+ybxfGgt00ePY\63nqH\W3MZ0aWu4yVJUlO7mJ+xS5IkSWrlAnHRwHF2\blmTwWlZSeBGFI71318ckIscIztn9Q8vJxt5ZfuOjUlxkcDFWz+U7jhB11uH\2Jb+yuoF9qF9Z\7WY2338Ty0bdyJS\jie5tvHx15CeFWTq39\E6q\dwPxOUWwvPUTBgYaP6Z4STypH2bztMOvLohjY+RqgA+ntoeDgEdZ\egzaJzCwsgD4oj+Hyudey\FlYbYda+iDkiRJTSIxi6f\fRJpZYW8+HrRWV2houVMnzicjJ7pBHtmMWTiLJZtPfWedZgVk9MJjl9KafVj3nyCYM90Hvrlvmp7q8ZOLSTMPvLHpxOcuZbSNfP4+rAsgj3T6Z09hueWFlPfW9z5YzolzLbls\j6Pdn07plOsGc6GcPG1Xr+6jFkjH6BFbuPnnvRsmLyp45jSFb1cxURqqgnWEmSLjETwJIkSZI+t8Tu8Qwlwvwtu8\+kuyzPeTvjRDoEE+f81R2njp+0Ud7zjo+vPEQr1zC69QU6N2eB4BXiv\ErupfyFUc4LXXPqDfz\I9oaf7pIo3RdmF9EM7dmZxLjTARHacuSsaap3\W4LQxdtYdn+ajvjEkiLv7AxAPS4iqFEKNgc4jViSU8DCNAnKQY++4yXDkBOciKnZoC82M8hcEMCo845voJd60N1TMUtSZKalb6DGd8XSlZtoaRqV3jdLEbe8wSLDtzO03PzePWlCaTvWsxjw3OZvi4MtKffoGwoXMv60JlTbftwJQAFG7eceS8IreHN5TAiK5PT84+8M437J60h7ZFZvDp3GmO7b2fRlFymr6o7BVx\TFUxLBrHkMlLCA2axH\k5fHqS88wrONGFk3J5ck3D58eF3rzCbIfnM3qlIf4QV4e\zYkxMvfeIG3qv\wjn3kf2s4T61JZOgTc3k1by5P3x4mf0ouD\3chS4kSY3LKaAlSZIkfX6dUpkS\AtDi\cz4r\LmRiMJ\HIERb8McxqYpjRvyuJ9Rw\+fojjNhZyqhf\IXxN8TDp58xdW\FOeMaep1ATBSUlzF\7W6GpSaR2TVQy74ujA8e4rXiwwx97SOm9GhP94owKz45wivlUTyc+QW6X6ZHVpfk5ADdi8uY+tuPCPdoT\eYCrbsPMycQxUE4PQXo6k3XEXatkNMWbmFbamJDGwHuz4NMX9vhO6dO5BzDQQaMAaA6GsYeHUpCz47AQkd6FO1dm9ypzhSt5WxgWimpl19JsiL\byv6crE4BGWFe9n1C\Kz\q8m1EttiRJqlMynbsBy4spBdIqipj\f\PYlj2N9+blkhYNkMXAO2+n733Dmf69pYzNH0NaZjZ9mMW6P8DQ\gBFrH4zTI9gkG3vFbGNbPoA4Y1rWcZgfjCgPafffopTGf\uXEZ3rWwOvL079B\D\FVFPD8o49wQGxoTRRT8Yhc9xs\jx09kVCWcsxg4uDuBrHEs+nA7P7gzAyqKWDRzOdwxjV\NqTrfoCyG9p3FkAcLYUDVdfe+x1uFMH7hbB6v2jdwUBadQwN4ctVGSsakknYZPhFJkmpjBbAkSZKkixBN6pd6UnBzAn2OlzHlg\2MLw5ztGM7XruzF6NS6yvLjab77TewLBggUFbG5A\2M\VADFNuu4YHPud10nt34IG4ChZ8vJ8HPjxQx75oUr\Ui4KMBIZGHWPGlv2M\fgIqwkwY+ANTLkp4RI\pwbodQOvZMSTc\IYU7fsZ+yHhyiIjmfBkOuZ0R4IlbMLIOV65udcwwNxFbxWfICxHxxgammEgcEuvDY4pfLLy4aMASBAvy6V5cbpSQlnppruEc9QgLh4Bl5fPciL\7wrj48nrbzq894XxfiMDjx8KZ6hJEm6zNqTXH3t362F5O+GsQ8Or0q0VokOMvrBwbBxKQXFQDCTYV3DrPh91dTRe7ewbncW4795N2m7N7B5b+XuzWuWQnY2AztWO9eAwQzsWv3cqfS4Bdi6\awppS84Jnoz\r8Left08rdKoDt9bgHKQpUp6J0beGs3jB5z9vkCA3IZ37facR1TSUuARbNnU1C8j3AFQICcGRtYO2e4yV9JUqOyAliSJEnSOTLvvJltDR4dQ3JGD16qpQDjjBSmPJjClFr7Euj+pV689qVquyp2M+N3MLBd9a\jGnIdIPU6pn7tOqbWt49okm\uwUs3f564z3c\p1zNqFFXM6qecM+O54vMqS2ev6vxeVyXypTrUs9\YaMARJvvZFtt9YMpStTHuxax7EX+3nHkJzxRebUPP68n4MkSWoe9rGruFqzLEQJvemRGjhnZGJKKrCSkoMAvRl4Z4AXV2xg26O9SdtaREHXATx+ZwZDJ89m89YwdClm9Zth+jyUeeZHaQBx0PZCQmxwTFUqwoRKd7Nt+y62Fa3ld\7K1asA7JLCQHJB3ezmd6MPud8VdXQpwSyGD8jl\VT5vHQsHmQkESfQXczdkwuwwYESbyA5UokSbpYVgBLkiRJajofb2Poqx\yoy1nT\kc3nyEFUD61R2aJi5JkiTVopSSj4Hs4AVXtPYZkAubClm\FzZvWApDMugTnU7\4ZC\oQiKN\DW7lSG3RK8HIHXquTNZ7m7fyYZ2cMZOXkmi97YRYe\vZ\Rfes\FuII1Fj7Iu3Oafxq3VrezpvGxCHdCf8+j6fGDSdr4lJKKmo\iyRJl4MVwJIkSZKaTo9E7llXxkvrPuLQgQ7ktIuidP8h5u8+QWlCe8amWyohSZLUbGyqnF653yNZlVW6CYmkUcS2XWEInl0hG9qzC8iiR9WU0YGMLEawmM1biwi\F2bEI+lAe7pn9ia8cjurUwvZ3DWX7\a+yBgbGtPB5UyftJTQmNm8N2UwaaeHFrPojdlnDurYlT61nm83JR9wZg3gU6Lb02NQLo8PyuXxijDbfj6JIVPnsWxrLhMv9t4kSWogK4AlSZIkNZ3oznzjri7M6AgFfzzA2A\2M2VvhB5dO1Ew4gbqXVJWkiRJjSO0lun\dzYlCcN55M7Uyn09sxndFRYtXH52hWtFMfkLV0Iwm36n1u9NzOS2bMhfOpd3N\Wmf6\2APS4KZvAmqW8+PNCAndm0edi42xoTMVFrACGDque\AW2vsfrm6q1gwO4J3ju+cLrlrJoU\X2bO7OHs6c6sdGB0jrctaE1pIkNQorgCVJkiQ1ras7M2p45wtYK1eSJEmXTzFv\edsSqpNbxzaupLXVxYTIsj4n05jaMeqjujejP\3cbx+37MMeaCY5x\JJq1sCz\zx+yrCjI+J+OocfpsyTR7\behKetpCDhUb55aqbnYDpDmceyjQHGTroEJbINjSmYwYgEmD9pHB2enUC\jmFKVi3mxcUbCHesfsIgY78zjvz7nuXu8cU8PTabznuX8+LMpWyrNirQ93ZyEubx4sPj+HRSLsOuT6Z053IWzlxK4I6ZjLb6V5LUiEwAS5IkSZIkSZKq7KJg0TwKqu0JdOlNzphneHDCGAZ2OXt0oP+\suT13rz88lymT8gjRHt6DJ7Aj3\4j+Rcf\YUzD1uGUIaRZTcm3mm0jexN7cNgGVrcvnyLWeP\7waFFPHwXwvfxodnpvNy5PHEU5Ios+g+\nef88ieWUud\9HEdvCkBw4db4gL\7bbJ6bkAddMhj97FzueXMC009fNIPH8xfT+YXZLJr9BIsOAh2DDH0kj8IJVVNmS5LUSKIikUikqYOQJEmS1DA7duygW7duTR2GJElSi9Uc37eaY0ySpKbl3w1XrlAodNmv4RrAkiRJkiRJkiRJktRCmACWJEmSJEmSJEmSpBbCBLAkSZIkSZIkSZIktRAmgCVJkiRJkiRJkiSphTABLEmSJEmSJEmSJEkthAlgSZIkSZIkSZIkSWohTABLkiRJkiRJkiRJUgthAliSJEmSJEmSJEmSWggTwJIkSZIkSZIkSZLUQpgAliRJkiRJkiRJkqQWwgSwJEmSJEmSJEmSJLUQJoAlSZIkSZIkSZIkqYUwASxJkiRJkiRJkiRJLYQJYEmSJEmSJEmSJElqIUwAS5IkSZIkSZIkSVILYQJYkiRJkiRJkiRJkloIE8CSJEmSJEmSJEmS1EKYAJYkSZIkSZIkSZKkFsIEsCRJkiRJkiRJkiS1ECaAJUmSJEmSJEmSJKmFiGnqACRJkiRJkiRJ57djx46mDkGSJF0hTABLkiRJkiRJUjPXrVu3pg5BktSM+MMgnY9TQEuSJEmSJEmSJElSC2ECWJIkSZIkSZIkSZJaCBPAkiRJkiRJkiRJktRCmACWJEmSJEmSJEmSpBYipqkDkCRJktR8zVu3k59u2k3JoXIqIpGmDqdFiY6KIq1DPPf17cqj\a9v6nAkSZIkSVILYQJYkiRJ0jk+OVTOyCXr2X\sJAQSoEMCMVFtIBKBqCgikQhRUVG2L6oNJcePM\P9EhZs3MUPh6YzILVjU3\0kiRJkiTpCucU0JIkSZLOMXLJevZVRBN1VQeiYmIrk5cAVdtTTdsX044iKjaOqKsSKQ2f5FsrtiBJkiRJknSxTABLkiRJOsu8dTvZf+wkbQLxlRWrkQiRCKf\2falb7e5KpH9x04yb93OxvyoJUmSJElSC2QCWJIkSdJZfrppN8TFn7UvqsYY25ehHRdf+ewlSZIkSZIugmsAS5IkSTpLyaFySIwnQgQql6w9tXTtWVuisP9S9sdEVz57SZIkSZKki2ACWJIkSdJZKiIRYk7VqJ69Ob2W7ekKVvsvYX8UFZEIkiRJkiRJF8MEsCRJkqRzVFb\VpaoRhFlu9HakiRJkiRJF8cEsCRJkqRzNIs1cVtxW5IkSZIk6fMyASxJkiTpHJHTUxG7bdytJEmSJEnSxWnT1AFIkiRJao6iqtarddu4W0mSJEmSpItjBbAkSZKkWkQ4VQTstnG3kiRJkiRJF8MKYEmSJEm1inLbJFtJkiRJkqSLYQWwJEmSpHNFIk2+Gm5r3UqSJEmSJF0ME8CSJEmSzi+Ks7OTti9vW5IkSZIktUr\8A\0OCxP\nJT+rscwpoSZIkSbWoVpcasd14bUmSpCZWtouC+U9w\7Asgj3TCfbMJOueSUxfXkSo4vOccB\549MJjl9K6aWOtbHiCBWR\0we6y\FuSRJOo\zJXUvZJwJYEmSJEnnUXNlWtuXty1JktSEyjYy\e+H8NDM9yjtfjcTJz7KxIm59AuvYf7kXLInL6fkcyWBr2ylK2fzVP6+pg5DktRK1JfcbUiS2CmgJUmSJJ0jEomcnpm4cmu7MdqSJElNqeSXM5lfHGT8T5fydP\AmY5Jz1CyeAK3T32W+aMH8\ygQN0nabaSGD1\C6Ob3bkkSTrXT37yk1qng25ohbAVwJIkSZLOEVWVjoyy3ahtSZKkplS6ayNwO8P6n5vgTcsdw1jCvLWpuGpP1TTIMzfWGFnXfihZM4+HsjMrp5W+7wXyiw6fPaCsmPyp4xiSlU6wZzoZw8bx3NJzp54Ob13O9InDyeiZTrBnFkMmzmLZ1nCN6xeyfs4YMnqmkzFsFgWhmtM2nxq3ltLzxLV+ZjpZUwqBPEb2PHVftU8BHSo6X1znXvPrVdNs984ew3NLi6k+sqHPQpLUctVM9jY0+QsmgCVJkqT\v737j6q6vuM4\kTM62jcZoFzA5bBlQ2sE+oaMtoVLUQaZuuaJqVnOJjXUydsTjKOnjIclo4mHj3DI8o5Mmxy4pxEOnPQUJm\6ESyUnEGhIJJQjmxwKvC3R9c4PJTUIzcXo9z7vmc+\18P+\Pm49\KOft5\ORHtjtdsCu9htuRURERIaSKTAc2M+uwh6OOzaYWXXqBMWLAm4s+Aerecaaz2hrKllpK5hFDstnzSOl1Klw+0IUy48YiUhIIysjjcQpNrJftrBwZ017GFvJOmZGJZBZE8jzb2aQ9aaVwJodLJkTT26t03w74ll4IJjXMtJIjAtnorGXvAqT+szL9EQG62MCgHASMzLIesKvxzC2knXMnpVA5pdTSExzyivKQnKJrfPLhUk8E38En7h1ZKUlMd+vgsyXLSQfHNhaiIjI\762ou9Air+gI6BFRERERKQHLi5qh6IVERERGUrGyGX8+aCVxVYzmaN8iYi0MNU8gYkPBGDyvMljnxsDSNyzg\m+rV9DpkzAZ14Ur2zMY0G6Bc\a\ewpgtjtqSyd7HgnNJjRDZN56WAp1dHe+FBD9hsZlAetIP+taEyuAMGETPPjrqkr2FlYyePRjkpvYxTrt8YT5taWQC93+FZC2Fs72o+8bs8rOYc52dH4+AcT4u8JeDMxNJiJAHQp6DaXkf77DMrNSezfbMGnLa\IKdw\L4rkN3KYnx2NT\uc3sTuTWOOV9ta+MGkaNIPlrEqNAj6tRYiIvL\YqDFX9AOYBERERER6YHdbu\1Qx99PfY3nqPpZAlNZ7+g5UbG3+L+losVNJ0swXbxypDM36lPREREZCi5ehOxJo\SPWmsivSjpnADy63RTA+dQIDZyqaDvRRR+yMymlm+znP5EjY7GIoKOFwHjPLGxw0yU1PZV1mPrRnAQNiaoxRvimoteNaVsrcUwuZOdxR\HdzMrCouIivaaQJzEOPduD5zDHHOR167+jJjrhlKizha1\uwTk4VkX0W5i+IchR\O2LNWRAOpTnsq3R6PjmcEC\n97wx\RQ4VdF6pHR\1kJERKQPKgCLiIiIiEg3Ln18Btz\6FQ+W2fls4SHiLsV8W+yP+6pJ\lsnZUTT3kNyfxd+0RERESGmtHXzPxXU9lddJTK0iLyM5KY73eUlJhwFubc4BHEXt50PYXZxy8QqKS6HjAEE7vGgqlsMwtnmAmYZGbmc+vIPljZce\t2QoOA6axHjf8s3Xj74dnl0eeY\2AIo6d6WeMxgaqCcDk3X2XtPEH3kAZ1RecHo6AkX3F689aiIiI9EEFYBERERER6cZut2MfxNYp8KDGHYyW4Y5tGsOHDXk+IiIiIt86bh6YQi0kpr\L+kgb+5Jy+HBQJ3DH6Kib+kQmsbukmPyMJJ6b7oftgwyWx0QR\FwO1c1A85Wuhy\fQgYMrtd\61a57lqIiIj0QQVgERERERHpxsXFpXVX6iC1ToEHNe5gtFvfLcEv\X0mvFs75PmIiIiIDJm6PBYHBTIzs7LnflcP\Pw9oPFK5+e1dTR0elBD9Qc9jO\2HlRXnAD8GO28odfVHVOohaVrM8g\dJT8V83YCjeTewr4UQBhQHlV16Oo68m1BjN9TVG3Oa6rh7zqqiqAcO737WlAD9yM+FBGeU338nTDuRogGNOYgSZG32shIiLSBxWARURERESkm77usB3wp3PggY29+hXX6quwffpR6z3C5cexnTvHtcvXeh\TcoXmL890jKk8yZX6C7Q022muL6HpZAlXm5zuAG5w3AHccMVp3i+wtd9bfI2WS+e4cvrjjhxqz9N8dRDXSHcAi4iIyFDzDOLn\nA8ZS2ZZZe699cVkf12PUQGYALAwF1G4Ghlpx2ptiMF5Db2ED8vhz1nnb43lpK5rRgizYQYwVaSykxzFJuOOb3jasBnjNMBzZ5BTA2CfTvzKXfeBXt2P+8UXsLbP7DbMdPX1TWv5jKytxS159Uv\mbmeEHm9rzOu3ObK8neXgC+ZiZ69Tq6m36thYiISB+GD3UCIiIiIiLy7eQC2AepvZG4fFWN\33jWWEJ5SEPAwbHf1+1fX2BAyWlrDxsp\buOzuPa\maZkayft5jPOLlhnEY0NJMQ\1ZdhQc5XuzF\P0PVBeVkzEgdZxcU9ZSPQZQUP1pwTtOd8a58GfcWJxJMbLdazeehyPSDPRplEYHb9BNVys5x\732fJmXsYbrg16yQiIiLyzfJm\p+S2PvLlbwyK5gU33BmRfpiBBpOFbCroJIGNzOvJ0Q5iqzuhIRHYchL5cUXRvB8dCCU5bBlSwN+ZqjuGt63hvQnYyhPiGGqoYKdWzaQW2vm9a2OePdPIcxtMym\ieF8vIUZ93pSdzqP7WtzMExby5yA1hznvBRD5rzVzHz2LKvizPg0lrIxKZXDvot4O8oD6Lo7+HqKWN6W16gadqWuI9s5L8DgZgQK2J4ZjC14AiH+XUK4BhD7xxh2zVvJ9GcrHXmdaP0Zy3yJfSvaUTTvH0O\1kJERKR3KgCLiIiIiEh3Tjt3b7p13tja37hXm4iJeIyEQDcMAC0t2K4CrsMw3DmKR8xTedj\3\w26zz\dL\DMa6FllFevPfkjxnn+E3HdrUFhrliHP0jrHPd+eRrpzx62nDbll97MgbmLghjnHtHDoY7hmG8y4NfPR7BuOJDzPzXHR1F60FoRURERIaMl4VtRYHkZmSws\AI2ZsKsAGGMQGExa7leWsU4512xRojk9jdaGR56gaWxIDnJAtLM5MwvTOBfV1jT1vJ1gcKeHFNPOm14Dktmm0blhHWtjPWEMTS7B2MXp1KZmoCmReAUb5ExGVQZA2mbe+rYdIyducFkJKaRrI1gwY3DyY+kUR+ggWT4QZ+ZnMSWZYyUtbEk147AlO4lazNiwhxOrLZOCWGxGmLSEmykjttLcVpk7uFMUxaxtu7Ati40ZEX7pjCrWzb8GvC7h1gYv1cCxERkd642HXOmIiIiIjIbaOqqoqxY8fe0jnGpr7HsO98FxeX1uLtTbe\GE9FgDtc\oLk7Z+w9brjWvhhgB\vPfx9DEBd7Tn+sO80uy+B3W5g1sP+rAq8s3U3SvlxHtx7CRc7uFxzZePTDxF5N3D5EumHykkut+HiYmDmZBOvPeDevouj\MQRIg62zhcbObFjB\DfPm\NI3AcpaH3ON6\xocfV\G7I\WcsYPLaC\+MsOHkJHApc9Z8tdPyR2MdXKB5savqIp\9Jb++YqIiEjfvol\bw3UtzGn21892bFmlpNEcbpFRVURue3o74bbV0PDgG+sHzDdASwiIiIiIt2130nraG\qe6fA\Xh\JEt\0lr85cJ5luRWkXuxrf8yuw58xJLKJgCMvmN41dA6vuXB+5h2N0ATf993jOTyy454l8k9dKx9TKc8Ou27dc6n42ndmdPMPlTHmbb8ztfwzLH\YANwdyPkptfH+buIiIiIiIiIyM35LzQvUO8L\MzmAAAAAElFTkSuQmCC&apos; does not exist
	at org.apache.commons.io.FileUtils.checkFileRequirements(FileUtils.java:278)
	at org.apache.commons.io.FileUtils.copyFile(FileUtils.java:869)
	at org.apache.commons.io.FileUtils.copyFile(FileUtils.java:835)
	at org.apache.commons.io.FileUtils.copyFile(FileUtils.java:802)
	at com.qa.opencart.factory.DriverFactory.getScreenshot(DriverFactory.java:136)
	at com.qa.opencart.testlisteners.ExtentReportListener.onTestFailure(ExtentReportListener.java:97)
	at org.testng.internal.TestListenerHelper.runTestListeners(TestListenerHelper.java:67)
	at org.testng.internal.Invoker.runTestListeners(Invoker.java:1389)
	at org.testng.internal.Invoker.invokeMethod(Invoker.java:636)
	at org.testng.internal.Invoker.invokeTestMethod(Invoker.java:719)
	at org.testng.internal.Invoker.invokeTestMethods(Invoker.java:989)
	at org.testng.internal.TestMethodWorker.invokeTestMethods(TestMethodWorker.java:125)
	at org.testng.internal.TestMethodWorker.run(TestMethodWorker.java:109)
	at org.testng.TestRunner.privateRun(TestRunner.java:648)
	at org.testng.TestRunner.run(TestRunner.java:505)
	at org.testng.SuiteRunner.runTest(SuiteRunner.java:455)
	at org.testng.SuiteRunner.access$000(SuiteRunner.java:40)
	at org.testng.SuiteRunner$SuiteWorker.run(SuiteRunner.java:489)
	at org.testng.internal.thread.ThreadUtil$1.call(ThreadUtil.java:52)
	at java.util.concurrent.FutureTask.run(FutureTask.java:266)
	at java.util.concurrent.ThreadPoolExecutor.runWorker(ThreadPoolExecutor.java:1142)
	at java.util.concurrent.ThreadPoolExecutor$Worker.run(ThreadPoolExecutor.java:617)
	at java.lang.Thread.run(Thread.java:745)
</system-err>
  </testcase>
  <testcase classname="com.qa.opencart.tests.LoginPageTest" name="LoginTest" time="0.002">
    <failure message="no such element: Unable to locate element: {&quot;method&quot;:&quot;css selector&quot;,&quot;selector&quot;:&quot;input[value=&apos;Login&apos;]&quot;}
  (Session info: chrome=110.0.5481.100)
For documentation on this error, please visit: https://www.seleniumhq.org/exceptions/no_such_element.html
Build info: version: &apos;3.141.59&apos;, revision: &apos;e82be7d358&apos;, time: &apos;2018-11-14T08:17:03&apos;
System info: host: &apos;ARPGL006737&apos;, ip: &apos;192.168.1.4&apos;, os.name: &apos;Windows 10&apos;, os.arch: &apos;amd64&apos;, os.version: &apos;10.0&apos;, java.version: &apos;1.8.0_92&apos;
Driver info: org.openqa.selenium.chrome.ChromeDriver
Capabilities {acceptInsecureCerts: false, browserName: chrome, browserVersion: 110.0.5481.100, chrome: {chromedriverVersion: 110.0.5481.77 (65ed616c6e8e..., userDataDir: C:\Users\VINOD_~1\AppData\L...}, goog:chromeOptions: {debuggerAddress: localhost:51600}, javascriptEnabled: true, networkConnectionEnabled: false, pageLoadStrategy: normal, platform: WINDOWS, platformName: WINDOWS, proxy: Proxy(), setWindowRect: true, strictFileInteractability: false, timeouts: {implicit: 0, pageLoad: 300000, script: 30000}, unhandledPromptBehavior: dismiss and notify, webauthn:extension:credBlob: true, webauthn:extension:largeBlob: true, webauthn:virtualAuthenticators: true}
Session ID: b5de1057927873aec49f5441a48de74c
*** Element info: {Using=css selector, value=input[value=&apos;Login&apos;]}" type="org.openqa.selenium.NoSuchElementException">org.openqa.selenium.NoSuchElementException: no such element: Unable to locate element: {&quot;method&quot;:&quot;css selector&quot;,&quot;selector&quot;:&quot;input[value=&apos;Login&apos;]&quot;}
  (Session info: chrome=110.0.5481.100)
For documentation on this error, please visit: https://www.seleniumhq.org/exceptions/no_such_element.html
Build info: version: &apos;3.141.59&apos;, revision: &apos;e82be7d358&apos;, time: &apos;2018-11-14T08:17:03&apos;
System info: host: &apos;ARPGL006737&apos;, ip: &apos;192.168.1.4&apos;, os.name: &apos;Windows 10&apos;, os.arch: &apos;amd64&apos;, os.version: &apos;10.0&apos;, java.version: &apos;1.8.0_92&apos;
Driver info: org.openqa.selenium.chrome.ChromeDriver
Capabilities {acceptInsecureCerts: false, browserName: chrome, browserVersion: 110.0.5481.100, chrome: {chromedriverVersion: 110.0.5481.77 (65ed616c6e8e..., userDataDir: C:\Users\VINOD_~1\AppData\L...}, goog:chromeOptions: {debuggerAddress: localhost:51600}, javascriptEnabled: true, networkConnectionEnabled: false, pageLoadStrategy: normal, platform: WINDOWS, platformName: WINDOWS, proxy: Proxy(), setWindowRect: true, strictFileInteractability: false, timeouts: {implicit: 0, pageLoad: 300000, script: 30000}, unhandledPromptBehavior: dismiss and notify, webauthn:extension:credBlob: true, webauthn:extension:largeBlob: true, webauthn:virtualAuthenticators: true}
Session ID: b5de1057927873aec49f5441a48de74c
*** Element info: {Using=css selector, value=input[value=&apos;Login&apos;]}
	at sun.reflect.NativeConstructorAccessorImpl.newInstance0(Native Method)
	at sun.reflect.NativeConstructorAccessorImpl.newInstance(NativeConstructorAccessorImpl.java:62)
	at sun.reflect.DelegatingConstructorAccessorImpl.newInstance(DelegatingConstructorAccessorImpl.java:45)
	at java.lang.reflect.Constructor.newInstance(Constructor.java:423)
	at org.openqa.selenium.remote.http.W3CHttpResponseCodec.createException(W3CHttpResponseCodec.java:187)
	at org.openqa.selenium.remote.http.W3CHttpResponseCodec.decode(W3CHttpResponseCodec.java:122)
	at org.openqa.selenium.remote.http.W3CHttpResponseCodec.decode(W3CHttpResponseCodec.java:49)
	at org.openqa.selenium.remote.HttpCommandExecutor.execute(HttpCommandExecutor.java:158)
	at org.openqa.selenium.remote.service.DriverCommandExecutor.execute(DriverCommandExecutor.java:83)
	at org.openqa.selenium.remote.RemoteWebDriver.execute(RemoteWebDriver.java:552)
	at org.openqa.selenium.remote.RemoteWebDriver.findElement(RemoteWebDriver.java:323)
	at org.openqa.selenium.remote.RemoteWebDriver.findElementByCssSelector(RemoteWebDriver.java:420)
	at org.openqa.selenium.By$ByCssSelector.findElement(By.java:431)
	at org.openqa.selenium.remote.RemoteWebDriver.findElement(RemoteWebDriver.java:315)
	at com.qa.opencart.utils.ElementUtil.getElement(ElementUtil.java:33)
	at com.qa.opencart.utils.ElementUtil.doClick(ElementUtil.java:52)
	at com.qa.opencart.pages.LoginPage.doLogin(LoginPage.java:49)
	at com.qa.opencart.tests.LoginPageTest.LoginTest(LoginPageTest.java:31)
</failure>
    <system-out>isForgotPwdLinkExist started!
isForgotPwdLinkExist started!
</system-out>
    <system-err>java.io.FileNotFoundException: Source &apos;iVBORw0KGgoAAAANSUhEUgAAB4AAAANCCAYAAACHzdFqAAAAAXNSR0IArs4c6QAAIABJREFUeJzs3ftzU+e9+Pu3JdkyFrZs5AvxFRtjjB0MNjY3E0IIJJCSULpTAk3STXaTfPP9ns6ezvTM5G\YZ+acs7\77D27m7Z7t7u0JLQhJaWB4ISAE4MTEwwGgQBhYWMrlvFFsixZWlqSzg+Sbflug8mtn9cMM4z1aGlJa61HWs\neT6fuL6+vjBCCCGEEEIIIYQQQgghhBBCCCEeKq1W+9BfQ\PQX0EIIYQQQgghhBBCCCGEEEIIIcRXQgLAQgghhBBCCCGEEEIIIYQQQgjxHSEBYCGEEEIIIYQQQgghhBBCCCGE+I6QALAQQgghhBBCCCGEEEIIIYQQQnxHSABYCCGEEEIIIYQQQgghhBBCCCG+IyQALIQQQgghhBBCCCGEEEIIIYQQ3xESABZCCCGEEEIIIYQQQgghhBBCiO8ICQALIYQQQgghhBBCCCGEEEIIIcR3hASAhRBCCCGEEEIIIYQQQgghhBDiO0ICwEIIIYQQQgghhBBCCCGEEEII8Q303nvvzfk5EgAWQgghhBBCCCGEEEIIIYQQQohvmOHg71yDwBIAFkIIIYQQQgghhBBCCCGEEEKIb5DxQd+5BIElACyEEEIIIYQQQgghhBBCCCGEEN8QUwV7ZxsElgCwEEIIIYQQQgghhBBCCCGEEEJ8A8wU5J1NEFgCwEIIIYQQQgghhBBCCCGEEEII8TWb7QrfmdrF9fX1hedjh4QQQgghhBBCCCGEEEIIIYQQQkxNq9U+9NeQFcBCCCGEEEIIIYQQQgghhBBCCPEdIQFgIYQQQgghhBBCCCGEEEIIIYT4jtB93TsghBBCCCGEEEIIMVvOW83Y\KlkF+aQZUj4undHPGwhBcedW\QMKCi6BZhyi8hPleMuhPgW6bPRdPUGvUOjf0rKqqR6dRZJX99eCSGE+I6TALAQQgghhBBCCCG+HZQWzp5twhECzgEaLUlpWWTnVbB+bb4MpH\HeK2nOXbGijsU+9d6EjIq2bm7hizJayceiiBet5cgoNUnkzTVfAPFi9sfBLToDUkkyPkopmBprKO5Y9wf27og\QCbc7+WXRJiXigeLyyQ\k+IbyoJAH+H9Jw7zNG2fH6wv5b0r3tnhBBCCCGEEEKIeea8dCMS\B0WCuLttWPthey1+ZR+bXsm5l3raY6csaKEJj6k3Gvm2FHY+3wNqV\9nonvrCA9V+uoa2wfM+lAm5LP+u3bKTdpI3\oM3PyVCPtA8HRRpoksso2s32jTEQRExnTkqDDO+6vCo4uN+Qmfy37JMQDs9dz5LgFb0opO57bTL50fkJ848T19fWFv+6dEA\IcpyD9fYxf8re\Dq75njnq3SbaTxnprXXiRL9DatNzWJZWS21j6ajnafdFUIIIYQQQggh5s5O\aHjWMaPoQOQxxOv72TZV71L4iGZ7liPytpwgN0rZ5cO2vL+QeqjK\CmHzNRaPnzb2jsBshm8+u75ndigb2eQ8cteEmidNdLbM6ez41\w7ltNDQ5Wb618hu4cEHBXv8Oxy3uyR\WJFG45QfUxl\gWJ1l3Kr0UQkFm9n7dOnkQeDWOn79oY1gwVZef7p4wsPuC0c4fNEJpFK5fy814+OCITPHf9WA3VDO7hdr6X\IPUdyZTv2U9txhzeanQc8X7GDkc2MevX7qHh8FHM7vu5liIB+Rv6HdTOunP3Ynn\CA2s5+VnShnpHQI9mE+fpvGuk2AIiE8lv2Yr28eMdypY3v8djdSy95kpjuF9SkpJQz\yQm2c+Je3aBma7hmzlF3LgV3lTNcLuu80cfZzM44BJfLeNVoSUrIoX\s4NUvGnWTzcG58paL7m\zoD9i\8WvuVRQH5sZGzK09OIcH1uNTyVpaTu2GctLjH8aL3s81Mo8sf+VgfWfk\wlZrH9uNxWL7m9Tc4pLfM3n6ez7v4flaz7uYt5otQ8\4iaL87\lLO8fnBD8BbDXH+TwuZ5ZbsWL9cND\ObPDVh6g6Qtq6R2Yy21q4tJUxxYzh3ld+9bmOG+SwghhBBCCCGEeHisZm5NdWOakIjhK90Z8VD1tdM5i0EIh739vjZvb7VM\aBiwdZ9X5ud3WvfasUbr0WLl1tXrQ\vhb5xemg4XofZ8Q0dXWo9y6mpgr8AIS+2M4c4NE3wF0Bpq6fuijL5g7lZkcB3jwPHxGdi63BGR2qdOO5O8vw7dhyANiubrKl34bvDcoKj59rpD87cdJj32mka7ElUbIwJ\oYcNLxzlIa7XpKLKqndWEmxwUv7uaMcORd7JBIo3VhBkr2R+ltTHMP7FArHrr8qIGu+gkbqdB+Ogu30IQ6fasY+ECQ5PZ\8gnzy05MJDthpPnWYw\V25ved\m3yWus49N\HaLjZQzB1GZUbayPnWYqCw9LA0d\PPKHpvtzHNTKvdDHBK8VB49HD1LfN9Y1KXGLOvu7jLr5VJAX0t9m9htH6EUt2csB0jt9Yl7Kz+DYnvnDhvtqIZePMs+vs9Uc53epFn7+Vl39YzSJdHHHRx2q39fPFH3\LR231HDuXxv6NfxM\MYUQQgghhBBCfKMotFyzMeVYl8HIrBadhBw0HDlGe\5kq4UiKypOX+gcWb2jTc1n\ZMxqV+jvG1NnD7fgn0gGKlDnFlK7RO1FE6XybO1jt98aCN9wooVJ41vHaFlYJLn5G7m9WdiGnvbaTrTSIt9ilVs9xo4\K6ZqcNYY1eseNsaqPvEgsM7\ft1XjvN6Ys2eryR95uaXUHNYzXTv98H4QsyTYxtlOqL1GmdRdPI6js9+gV+\I67WEOlFE+yLEK5fgcHOnQJKqqiQz+X\Z5JyIq5VYGMKlYFLnKx04Y1VDzpfnwXxcUBcfHz+5nOC4WWq7aZA2GzOinBceMy7pU1TLg8jCspymjEca8PhwJZscs2Q6109IAuv4CsO204umxQVjjm6T1dfQSBgmUVJOKmat+bbNCGUYecuH2z2zcAEiLDwbrZLZ6fVOR60hA\48HMZcf\fJNdcUH8\QNzDOJERidnvZ8hGw2f20kse4Gn8pNwD3hRgZ7G05gHtORte439axZGtrppIxcO\4KPrp6lqWwvNakAOpLyn2LLsmv8+bNG7Es3kz1P16bP7WT0EC0gd7ER2l0PvF3jkuUkAepkD9obabB6IXU1P3r1KfK0w6O9YcKDVt7\VGuWk5xNvcA24uiD83DufGVWvMj3tygJawO4ZzTRTCPOuo5esaGNz6XrT\eT3WaJtLXAWzaTv\Fw\z2w7vUv9dA2t7aea5dP8drZL4M1z\3jzvzQm4sHxyhf9332b1qdgUa7isu8TWfp7Pv\x6Wr+m4i28lCQB\i\Xcao\e1BWw84UK+PAcAFmPLsX4xUVc2LFaoHS6CPC9Bs5avGCs4ocv1GDShAmpAQKhMMRp0enSqN6zFeu\naDtWiMt1bupkM5FCCGEEEIIIcRXKoHcpZnou7rxT\KoLiuHNGDajJoBO03HT2EeYGJgBnCcO8Kxq24SFhVTWZpFkteB+ZqVhneP4HxuP7WZ0YbdDRyrM+NekE352kKSvDYs18zUvdPP5r27KJ0sb6jXwvH6qQJMXfQMgDYlm5y0ccM0GSljt3GkHruaTHZZDYUpKo5rZqznjvKOby97q1Mh0UROQf7EIEtogK67TpSENLKM0b+11nHkQxtKYirFq8vJwoHZEnm\7t37WR8NEvd8foSjl5wwpl0zde84pn6\DyplwewGrBJT5liuKpHlxem0XLmL7Q4UF41\XMHS3gUZJRQpN7k530vjWm20B8CUX8VaTRsXz9kwmxWKZ5nG+ttNjy5u5lZfj04cvfO4ub5uOmHiggw1maJcA+fv3eNeBxB7\t3poCsEOaXbyfb8is7Ou9gpZDRDuIK9xwXkUFSi4vPz3a81nDC3q9t5sQmbYmLD+nwCPlc0KGrnWqsbFlRQu8ZAOBggEAStzkD1xnI+fbuFGy12ajZnAypeX4Bl68sx3rhI05Vqdq96GJ+yn9TFWehwTR64nTUdWYtNwOCkj\bcseMFCtY\TZ42TDgUJBQG4jRoFi7je4+VYPnLTWwWCxR9G\I9fxP10PCJBW\ISNXeF6lZBOGQSiAQIkwcWp2OtDV\x1brv3LijplGc82syxbMyhyvkfuiOLBduoH5bjs9Tu9IeuZpnoDjsyMcce1g1+YZaqJLXOL+fBXHXXylLl26NO\bXL16NSAB4G837fCUISeOTj+pIYAQSvpTvPHmdmDm2XX2a1bcQE7lZrLDCh6XByV2RqMmAcPClVQtPU1nZwilB8hm2lz7kTz4MbU9LMc5WO+m\Oka\OfPYh0IQlI263ftIuHcQepd5eyo8dNw1oo7CEnZ69m1q4JUhutUtGB3RmcjJ6VTWLWVrWUxs4iiM5yTN\+E9Wodp5vacQaIzErOW8\WrRPrLEzYbmo2Feu2UlOQBCELx\+zHntCKbt+vJnx5XhsH\6autZkKvcOzxAUQgghhBBCCPFw6cjb+AqvLT7B795twTVuJV5OQTGhKde9BnG3NlL3qZme6AIhzfhlG0oLjdfcaPOe5LX91SyMBqpqaz\jd\9+BnNjCzXPVZCAm6Z6M25tPk+\up\ViQCbeGLF+\zrH6\QfMVJ6brxN4pezKcbsMfp0eGfuGKj24kLyF3\Mvsqx++6n\6ByF29\cIF7GoKq\e\wVO50RUym6o4+6tf02hpwV69meyMGp7bt4HxcbbOU7\gUKeRqhf2UZkSWS1ovWVD0WSz5Scvs25h9P2uOcuvft2I+bKN9dsKIWSl2eyElEpefP0pcrUAYWo3XOLwf56i4VMrpU9NrGX6wNILKTBcoMUzfbOc\CJ0qHMKouiK8jFd6eSuzQZFY1dYoli44wDT+nIWmm+O\n14ZXXmeg58v2JcvU03TX86TLO7kK1\v32a1bzDq9iNFCwzYlhQgunceRzXL+NcWcOkwwtuG02fNI1Z8Z1dvp6ta8cNqs+ynfNWPWc\v4XDEzPGsnozj8fWV4y+Vyapqdlz7jBHrzK6iny24zFjVqZf4vDBSxNXt3+tVNTAfG5PO\mAa0AhKy8HXfNNurocUDSaZc\xpQOVHIqWpZJ\z8j5L+zY7kH2SKrgTu71AsYs8nR+8MPFt\5pQh3K8eNdxCeRXlDJ1i3lpI4\N0NubOdO03DdgTcIaJPIWlHL1vWFJM\bKsUOTv77xBrAM+1nbM3u9g8PcpCZ6m3aabE4wbSBMqOCd\jrwN1JtxfIzyJP8eDyDB\oeAz5OSymhbZ7nbjJjkwMUrwoGZWUmS5y\soF7Ksmjgs+uBBqXg5Z3KTzgbaTQ35RAHWqgd\oil+f18WQK4Qv9nszfgHJywvI+ctNOv2DRCpPx+7ibM8NL45L9Zy9FJs5I5uK8fWFh8eRN+2l8O6pkVrMk47zzqXtF3\gn8bUAI7WnDZu5ifrgtR91Ei7c\oMF0F7Myc+vRg5F0cyeqRiPtyAfaZ+quMaVjeQXcXmR4IonkE8YwfWSTAsZOWqIk7bOwn5hgfWidSl\qSe5vZ+vCNFbxNIfaSc9VtqyB\uvIf72U27ybLW0dzlBW0qi9OcdEWrP87uGpmjQA\m03U0tE2TGn8aTstJjgys5\vPVEzse6LuOy4xbNbnaZCeq2epvxTNZMK4WADTtNVoSUorpPKJrZRPk2omaG\gyPtm3Lpsav9uF+XDp7\XQfMnZ7ncEa1tPEUWlQnxlNFHOH6wfuRcnHvfKP7WSQD4Wyw3MxVwAS4uHvo13QWRni0cCBLW6YhDi84ATHnD5KTd4QeM5BRp8Q26x3ayACEFz5COpbt\xs8JoQy68NzXj2Ivtz4+DcZSajYuoL9bT34qdAH4bnH6DKSU1FCR2I9jQT6pgOOzIxy7HDPLOMGJ7boZ66dHcDh3T0hH7b50hKODkF1WQ3mKisNixtrWwNFjXvY+P3oz5Th3mGNX3WNnL1+z0lx3BPfWA2wtKqU0vwH7nVasHZvJzo39PKxY7wYhtZBlUwR\20\hpPWWU4Tzqhh\57KSWefCyGEEEIIIYQYphIMhkgq3skbu1X++d1royuBNZEVcf7JlgYD3Gvk+Idm3JoUSnetYuj4JzjHt+noxQnkrqjGEA4SCAQJx2nRGR5lWeYZvvQOMgCk42BwSId+6RpW60OoikpYo0VnWsgCIBCeGIp0nDtGw71snnw2gwtHL07cv55+PBhZvjhEMBge+1ho+Cbdhvm2F335Pp7OhaAaiAyI60w8\tqbPBbw4hr0QyhIMBg3NgDc9gHvNrswVr7E9kdC+KNjBKEwoE9nsSFEMKASRIvOlEYy0KdGP8xeB70BMNWsI1cT0y65ktqSs7xltmKlmHkPAYfz2bGrgtt\bMEzVdrdxZvZuSYBdWBua+hCySspyTjPefv4FZag3LhDV8jEhkeT8ZljHsgopzjVTHO3DYtSMXYFktOCrQ+0SwqnT+U8XFvYVMbqDAU\0f24dxvzvZqJg7fdDRx+z4ybBFKLKinPJLLi+9JJjgxu58DWwjm1GxkLSc6idHUxpuExlnNHsXdt5Qfbiu97RemM4zHGYmo2JmFtbqKdfGoq80gw5kyxtXZO\+Yksx1WSV+7nx+sftBRlVyy0uBu\wNuZtgCI2mTPqCgLs0nh5u09ThQyIpOJnDT3uUB43LydH5MRQXov2jhyzY3ZETfW\eXdAVAn7+MdCU06ZpP5dZJ3vm4HSU5kp0gVeeNHAtrA0cGgrz0\Yoxx9jR8A7tAT3ZZTVUJnmxXTdjv1rHO97tHNhWOMkrzI\Z7GfOylpqky00XO\FtKKW0jQ96cZpNmq30u4F44oSjP6h0c\HpeABDKZ0lDEDmgE8SiqmZGgbGKCH4cwQIYaUVJbmGzjfPD4IP3\8ukfISobO+4utRaRlkRee6osPcpcXYLjcguPT\+QP3TVUVywjPzXaeQWG8MSvYt+bVRD04xrwjslwPrtzw4vl\SPUdygkLMqnvDiPVCWSSaL51DvcrdrJD6rHjt32fP5n7Gpku4VJbm60WCLjvO4fsH9d+n23ncDVzJF33ZBdTk1ZKmq3GXNrOw3vvoP3+dEFPcqtk\zhbDsKyWQ\Wkphkheb2UzdOwnMZqGps9OOHzDmFaH1DeKeOLCO4vGiW7aHn5VCSHHj8qgQsnH6cB1WXwKpBaWU56SSoDq5a71Fe0czJ99nzFh25PM4gV2\mMqNWSidftJKy1naPodrZC5CDhreOYZ5stIUc6DYGznRlM\+CRPjYD7iErM+Tz84Qn2bAsN9zvB5+sERHJv3smsklcnoOT3cNslri2SDOepEef4HVE72VrqHg79ZrH8uNvg7nLklgdS8clblDJ+LzdS9c5fKZ35ATeYk25vGnPtG8TdPAsDfZhVbqPr8t1x0AbjpaAO4xOF\6Z5ktshkuuh3AqSyyDiEb6pAccBLIJiARgNxWiDAtLn2I3nwY+rkJOiAIIphLa+88gSZcUA4hDLkol8LBBQW1rzCP2zNJPKQwlDbGc5ecULKan70+midik1bHufC4f\go6t11C95ic3ZgD4eDeAajKNi7+vsyNdGai08VkX9L3\N+T4bt9w11CQDzibOXnVP2O7wrG7rhSaqih+nauVS6u\cxHbbzubcmNvB4XRNZTXkJsDgJDck6dnpJFjtM9eOAZKzsiX4K4QQQgghhBCz4Bt0EVyQTOf122PSQOuKq1ij8zMw5Th4Iobs1Wx99mlKU1t46\gkTZbv4h\XJKAJKQy6PIyML2o76OoDUgzRwEkZz\60hnhNEP+gC28AFKeNC2cv0qsxUrMyB2L3rruB09cU8rbvpnrhOS5M8tIOVx9o0knoeJv\+H077iBok7Io3bSV2uEVVPfs9AZgcY6JWx\9nrrmzmi7xax86vs8XWIgET8+xYt7zM1oDw0nr+DRl7BnWzaqbwBv9M0tW5rDmfYWTvwli2dqC0kOurE1nqMNPUsfLQNCoNERByQm6BgacI2uIItPigQLQk6670HxfAdI\AGCBTt5ZQ8cfreF3nGDwvrFG\jhyxtIU93MuYqmupCVy0ycP2cbN+lbwXKnC0wbWLFQZUyoPjGPqlITzY0O7lxXqFg1OhjivHkHJzpKVlWRpBnAO0XAWrl+B0cITMvKSFP9uEMLqSnP4fyZTmzX7dRmxIainTSdMeMOpbD6xdgV3xv57Hf\xhlrE01VhdSkzrKdt566q25IXc2Lrz5F7vAYy+ZaGn5\kE9bP6WhtThSBzQ6xjJZcUN9fCTCPfLQbMdjMoqpfiwNp7mJdtIpf2wTWTGr28dKJzszAWvHLEZVNMlkZc\HqIqJlctNXGicnzzQhpIV5MGkGfl8oUKyM6Ct9x6dQCGAYqOrF\Qrl5Gu+FFzs1msaaGtux0oB8DdbseDjpKiXNRAJGo4vg7lrRvtKOTz5P\YR\VwvdfoufBJXztWTwUVhtF98ZPJttf3U2XUEAdseryQd\5ODfvWrFRyPyEgPVETpvRccLZ7Of68k3khztouN7LwoJNbFo1fa1jt70bL7A0y0RAiQmPD7nxA4lxmonlA4biCGuAQGBsfXmfQuYji6H59tgg\HxSF5NpgmkKts9In1tIqn+adT95O9izrpNDn\XSY2ngpKUBtAkkpS6mcHkZ5ctXkJypRROnIZ4x31yzOjeUK3XUdyjoC57m1RdWj2bO2HKL9w4exXLpLE3F0WBrdBxZURNZtf8Nno72VZs2r+L9f3+bK1caaKmMpve9j7ajWT2i55vLTdyqfbz+dD7auDhgE1Vnf8WvG3uxWd3UVCcDdho\a0fR5vPk6\uojr6B2scq+OBXh7msANrpi7x29UcipKmpRoZ8k6fiBhVvIEiCRgNxOkAlePMG7QFYtO4lXn08Y7Rm8BODnPvtv\FJlxVLXw3rFzHSzyrhPJ55\e9YqYsDwoTCcWjiZn+NzIXt9IkHDv4CsKCQtVPWAn6AuETUrPqw1gYa2xS0eU\yP\ZXkzx8nm67y6mDf+DSp3W0FEXPJ2sDDR3j20ayvPzbH69w8XMrleOznvS1cOx9M+74TDbsPRBZCe4dxKP4aPmwHruiJ\+pV9lXGa0\Ti1P3HyPX7xrobm+iWXRQP+EeMoIfSSAFz0Xs+bYNwoxr2XHxVfLF8pg+xsHqJowy8NO\cGDHHzfMsMW4kdmBYfU6WfMDg04cTpdDD5AZ2JYUkJGWCWgBAiGVNSRXxYGlpRmEFYDKIEgIVWl85oVZwgKNj5NniZMMKCgKCpBkqneWI4eL7Zb9rEvsHgNWws0hIIBFCVAMGRiaYEBCBOM7rfzhhUn47YbCBI2rGN1PuiGuml3+1CXl1OUAP52K7GvYrXdJajJoaJ6IYEp7kVMa1\i9R0Fk3TYYxnXvMT\2rl0VjPKhBBCCCGEEEJA4NZfOWWJHaY2UrGhlOCEZSMx8rbw45efpjQ1TNAfJDxZm\jI4GFIHYodW8TxyafcVCCnooZI5j8dmrgw4WAAb8DC8YMH+c2ROq46dJQ8+zJPLI5ZexuyUfe+GaV4Jz9avQBl0n1U6O7xQKiNxgsq+WtqqV1dTHLIgfnUOxy3RENITg8DQNfZX3G0xUPWylpq15aSFuri0p\k8NNvUx2u65cacDshuwNT7Es5MMTkwPUsOYl3thZSOB6HYd\dZCD\3WYuusqy3a9wvNliZFG6akYNNB5tZGu2GEDvxVzqx+Im2MN3tny4fGrJBXv5NWf\4yXdm9n++Ob2bxtJ8+\+jN+9vebySGAz3M\FTQVFq4owYSf9taYO\5QK3cdYFq2glRl3FniUzBWlGACuu5YYiZ8O7nV1g+GMqqWqWNTrI7h5PLNLsBESbkRxQcoCrqKEnIA720z1tjn9lmwOoEltTydC+HhcY6wgXWrCkA3RPdd76zb2a7dwoueiqefJlcTRh0eY9GkUbu5Aj0KtlvW+\gso2YajwkGUBQ1eu2FUZXIWMzkTKz90evsXDLDqIrGSNWL\4tniuZjVCXIok07qZp82e7c6JeydUve5P0MgH8hRbkGCPTw5b3o31o7+BIdBUW5qAHwhYopWgw4urBFmzj6+4ik\FUnvdYBtFoAF1\e7o98xsPnwo\f5P\8x32sMYxtry+pZY0xjpAaOT7BuHKW5gAB36QLHubLbPYzGFBQohkRwkEFRVGY8pRh+PMxYlykjg30Do98h0NMvDzDI8dp7AC5H3WRESPQ1++4r\c4o4DKI5kPtmxv8eJc1Gm++nyBINlbXuXnr+ygsmBRpJJgUMHb24753EmO\Nf\yy\e+hRb\+CE4PjM54abyzccQDYb96zGEA6OXNfhhGXsWJsNISfWG2PzbejLd7Ijl5HthjRLeLImB0IOLC3u+247UTZrnihAEwoSUBQCwRCmZQUYgPDwgHSrmVte0JdupHphJLOGoqiEtfns2Fwyq1Vz8SMD64HpSxEMDeB0OnFFB9a1ZXv4x5+\yWtb0iM1g5VonxwysDTHCGhg\Pn+SCErtSECSgA1GCSozO0amTV3E02t89ABmKrY98Ze1qRP1Zc\eFxiNn2YxWJDwciqrdUkE3OeavLYUpUNIQe265HG1tuRMg2xbQNqCIrWsNwIcf122mN3wGPh+HuNONRF1Ox9hc2PhAgMRdOAuy9j6QKyN\KDSgPhoBo9F8PoSnawLhvos2Lpm9OnOue+UQhZAfxt5lFQ47PY\sabbMdB3S9+E10NHNVRz3FL6YQavaPi0WmAUJhpMobMm9QUI0Mu98QZd6SSkjKEyz36SI\LDejBeYHPzvkIjPyg0aLXetABHlcPCtkjAVRdihHt0AADI3dc+ujMKg9DQ5G\dPW5ASOmTJWhAXfM7OWFPPrCm1SEAnhdg\jUpVQt13PzSsyM4JAVW4cK2SWs1ClT\uBWgyEMq\bxGm\xy5Ntk7zfSPD3jW05hNWhOdUqEkIIIYQQQoi\WV4Lxz+0jFlVpy\dyvaMAK7iUZeHAAAgAElEQVRpV6qECYdU\EMehsYH9ka27cY5brme8\IxTlwdQL9kJ3vWJBByKYCXgeGGniTy126iONSP5YaZm8d+yVtbf8iO4iTAi+XkWWxJq3lpdwlBxTPFKq1+\H4dpK1k\4+fJC9RG1nFssXKewff4fr5Bqwl2ymOi9y8+tUMtvzDPtamRtttLObovx\n1meN2JeNr1Xp5PJ1B+hLWFediH9wYEwAxHXpj\zhtA1\Sh4rV+STErjH9es3ufX+HzmV8H1q0rWgr2Zr5SUOfXGBI2\bKV8xmjoxlBgJXsTNNPv5vgQZ7LbjSTSQnGoip7SK2ITBAXcPfS4vanwySXOO\ykoxhWUmM5zvt2KnezI53bzNp0hExvKUwkoQ+Oe4yewsIaK7PN8bL8zmgbaeYu2fjCsKiM34GXK09B5izv9gKmEFcYA\sHIfvi0KynJ\ZjODhuWm1A8PH7T3YcbMJoyUYcGcI8OXrBw5T7eXBUi4HEx2DKbdm18eCgI5JKVN24sRJPAwuE6qP3d9FDMDIlVJzXjeEzAhzcQHAkABz1TXQ8AKmrIQMULr8Hbv+TEnUlGVTRGql58g+3ZYdSh+RhV8aOEHmH7iztx\foEt8cf\tnSF7D9ledZoRuamGZ+WCgwUge4165ARgI2excjwV0P4NdRvMTEx\YO7nZAYa6dri4gI5vC0FQ7p+HRlUv57O5trr37S65pk0jPLaRwWSlrVxWzUKshIR4CMTNcFian4B90jmQFQBNd2Y8Xrwt4KDUlZ7efniEP\uHuOuzBM209cAW\DyCVjHTf2KXX4wuiT2F8M19yCgsBl\qwIis+jFlZ6HDd57igiewl6qRjjqMv4cGnS2ZB5iqe2reKp1DxdLdhvX6DlpvXsPcFcbc18Oc6PT96unjMApWZzw0HfU4geTE5Oj8elzcmc8YCUvIXY8SOq6+L2OrCi3MKxvZVmgUk52dhpBNnnwNi8iTOpe0ECQsxaocYGPCNfO\pQ+HIeLIvcg057\USBHJz8lAGnaOphTWJJGebMAIz5QSIj0ZWwnMcWNctiEcTByFvLx1t7bT3OHF2O+jpcdA7EEmLrBn33aY3LsI\MC7LxKyvkTm42z15\6UxkFW0nOVLCsgvzmIhwPW\8IuzEytZ64u388qeKoxxQfyeqT6bB49LzHye9tA3AKDD19HE+Vv+0bi6Jp5ETxAd4BzoARLo7gdIJStTYdA5mg1Gs8DEtjfeZHs0XfptADxcP1WPXwHSiil\JETA52bQHz1AXX04AUNWDrox9cdBuyCF\EeMYHfR1w1MU1t4PP+c+kYhJAD8LefD7YTk1AXo4rKoKDZy0bqUAxt6+c3JNgDsrRYonSoCnE2mCVrvuejrg8I5dDb3Q5egxc9kBYR1JGj9MSkcenC6APy0NX5E21Qb9A5FazBFGJIWMjRmuq2fyIQYNdIZQzTtDIRVz9iZuQEvgaARvUaDLh783gC5jy7HcKVlNA30zRvYAlDwaDVa\9RJpgKeATykTBkEjg3+Drh9k8xAFEIIIYQQQoi\QQE37V1+cvLSJ64qDdhpeK8ee+yiFP1SntqxDFVxTn9f5RvENadsVkHs597h+FUn+pwnePmHFSyYLNWwoZRNT+jRAhueeJT3\+1trnzSgLVoO9lX6qi3J1L5o6fJDvsY8Ex2LwyQw5af\JztGiC6gioUp0WXUMy6FUauf2HHbmektqyuqJp1xjiCAYVgWIMuoZx1ZR9zq9lOex9kx97X21u44QTDqiqKg0O4Yj+kkJUzZ1vxp1Ty0mtPkRPd\qYnOzn1H4doPn6WrANbyQ+GeGTbqxxIPcp79TbMn9shPpX8dT\iKd1ZfnVmqpSX98tL+7k66q85Rge5NVr0qZlkpyZC0IPD3j062AtoU\JZ\9QOyucwpqEoqZQsMXL+i9Ean5bWzkj655EA7Vh+RcfK0hw+tneOpIHuuXabPoxUrcpBGZp6RZq95Qb9AL3n+c\5\zkbW62oJRWRIIwuuHBiwAeX2yEPYBXDWJM0KCJj59lO4iLDhbHBdxjx0JCCoNKdDg87v7Xcs9mPGb2AngHPJAyRRB4TPA3Nuj9YPxePwkpFTz\E3jrlydom2tAQp\DEy\uoyoliN8zXYejoC4tIkdzk86+TkDP3U51bHA3pJCck4OeFuydTjB20jUExrISFk6T8ldf\jyvpZ3jo1NfcLPXS0+bmZ42M02nE0gv28qOjfljagAvNCThDcQElEPeSG1wovH7h2Su+zmzAQajQd\w+NMhxYgeUEOThVlVCAELjKSMfyg+ITJoPuCkB+5rYsRMgvk5ZHGTieGzWUguIH+6kwGAEL5BFwF9Ekn6BLRaHYbMpazKXMqqx59Bba\jV29fxNV2kcvu4kjpvKjZnBvhEKAJw5B37GhvcAivGm2siY95wIBpkX\sNRsaYmi47Zj5WXNpO4kFBhb6xo65+qOrJtVop6QOh\2Dypi6soR8eJIiEwBmCgBnZ5rgdi8upxOYKtXxRKqni5a6k5y+1jNa91ajJSkth4IsB7e\ZMKshMT4+GmyTMyfnoGJX4DGlXvYv6ME4\hcsgsmdhSmNfs4sK0AXUhlyO3GN+UcigePS8x8nvZFJwj2cu2j01NuR\V6gASGM9IH\Z4x53RoKEBQr0Or0cZk\FTxB1LIXOynu+tz3v0wnxeqY99EZEd0ceAd9xswOOSNfkeCRqJz4iGTU+xbz4fb6QMSRzoOVu1jp+WfOHEHps\FlEJ+toHGey7sdxXWLJp62qxy+Ri\a\aTvvpxdq\OmmabCr4pftyHw1PNaQuPS2uRjikVGDCx\tUfs2H8hK44LfHxWuJCAdyuwZiZcqGpZ81FO\DRzC8TqsrjHeiPmSQ4RCB7BUsNLbREZwQPtHZCQgkV5Sr+GTKNTBUEluCvEEIIIYQQQowVHGin5UIjl1udKCFIfnQ3+zfG3He6rdS9dxpb7EC3xkjV3udZofMxMB916oaF3Jjr3qGhTSGpZBev7CnHEPTjmSzVcHyYoKIQjNOg0y1h1XIDV5p7cfT24LjmgBA0H\onmsc9zfXhQQ6STPme\dRm6IgjUiIp4IsJzmkXkL4oFWiLrO4wRYIYiQuNKB7X6GC1NgnN8Gj8uEFWu7UdL0aqVuWiDI37kOx27AHIXv04OXFBVCUYCTzrclj3qInmc93cvQf5GUP41RSyqvfy2pogamC4nZb2Ez2ACaORmQfjZ8WL5f0j1I+v\RoK4u\7EtsUaRKDA+00HD2M87n91GbO8qWUAKaypRi\uMjdWz1g6uG2HUxrV5Cq+Jk0rK340D1aQs6ZTjrvWFBWZXOjfQBMG6jMCOCbcpzAjrXdCxjIWprJAjUYMxYQh1YHfXfbcHXd4LKzIlIvc2TwIjxh3CDkGaB\+FqYVbv46GT4MOpki0eHhtPgxs1YysofiIw\TTTzeMzcTBEEfkjBXwBCPtweDSmGCva9ovLWf9XNPgisz2LD3pdYmx6p\eidar5HlC+UR7YJ2u7dw+mOo3tCcFdFySukIKGFm72dBO\20IeeiiITgdBUky5C+ANBFuZu5Ll\2AghH\dar2O+2syVW\fouXqSuuQD7F45OvYXnpBjNsbDye1+X\s5szRSDYArTHh87D3NEAnkOfuA8Tm+++hzAxkGJiRj9kaXsBhNZMJDGb\z6x4hKxk63UD+dt7cXzWHZ0ezAEz1cMDCyf+up91Yyf7nawj6vYCWeH0C8fE64nVadPnb2Vlu5q0rTro7gZj1QzOfGwkjqzf9ASYE7NXQZMm1PfR0DxFZOhrTVg2jArrEpPtsO7nQlNdhpFNaEI1Nh8MTO8aQxzfpEqbxUvJyMJzvxdXZjlKVOnWZP6WFY7+7iD9jFY8\V4n+wnFOXnWCsYit27dQvDiV5EQNGo2Guyf+dyQAPN4k\fzDoBkf5M1+gpefKcFAmFAwSDAYRA2okX1RY778NXoKNr\MvnUmwkEFz6CH6apzzEdcYubzNANTMtz1l\Dc\E9lk54szoSdBrCqg+nuzt6ZkzSj4zEX2LpKdr5Y364rI0\ftfuH3pw9Ga1zBSn1oN+lEnXiGjcZyZCrQqPskeKh6IBIC\xSzvH6S+A4jeOFaEAUL4ldjOb7qf7yq51RWYLp\ny+tNOFbWkjVpp+Pk8i0HQUVL0sKxwd\IrKnYDronkgJkitebSnjMt2oi6UY90MuXHQkkrBrX+M4J\vmP19CteIaf1C4e3Wp4mjvO6A1HhskIbdH0CuOm9zk+PcSxW1pKt+1ncx4MBXKpWWmipdGGtS0bvwN0S8tZHhqaOq1TjDFB4Pg6TrvLeHadBH+FEEIIIYQQAsBtb6bp3GWsfWMDfu6rJzi+aC+7SvX0XK3jZGP72JSH6Cl46mW2PxLE7xmav3urkIOmYydovhdHxvoX+YfHcwmHAgwNxqxu6mvi6LvNqCv3snctMSkjF+BXVUBHYnwKS2q3ka1CKODDF4jeqyp3uXChnYUrailN05NuBO59xMGDZvzLd3Hg8ZgEzsEhWr\sAoxk5QEpJtKBzp5OPIGimHZeBhUfYCJtTLpWJ+1dXjBWsTJDYcLiVE0kuhOHytCANyYlcGL084yLDhjd5v3\rw7bkt38\Pul6BK0EA4TDLRxrc0PxsXk62HKGklzoFypmxj8na2QG\OpegpfGp8Geyp+1MyVLDVe5GKnDWerE0fIRE15KgFlqpCKik9bTVXxJ3TevIOl28+XA2DaWEFqwMeU8d8OKzYvkL2W\c+vnXSU5tq7\zd\udnPjRY7NZuzIdOEkXZcfd1MSHPa3cCh9yxoS7azv2o27b7HE5k66LfT3grFRWOb0WHHAZCRTQajh9IX8I\bpkJ3r59JA8CzGI+Zu7FBYN2Hpxkse5a1DyP4O\KSXgY8kJJSxb4XVQ79\mM6ZwoCa4xU7T0wtvbjTPwGluUbOf9FL51tTBrcVYLFFGXDTUc\F5O7QbOY7FwVZcoVn1ZO\eIsVkM1r\3D4yzSJJJRXMmW4kq2XH6LfzrZxpA7No8eEH6IhX6ndB\7OSMDhiQAF933oDC2L1yYR46hkd7uLuwsHds\dHThAAzZeSQDY8KAvc5IMD4hkQTmpYubSF1MdhZcdAMdH\PP\1I\u+clLeWZl3aSN93hi08hSQ\02bA4a6JBqSAB\xCB6DmtTUxm0B8EDGSMnzwz47kxvHqznTvutaSN636Ujm5cgDHzkTF\d93rgaKxx1axd+MBchbnETuTaS5tJwpPMy8p0imZHomk4HZ8aYeicd8ctzvpnmbrw9TcaipMLZz\8hpN3RVTTkJytlhwBBW0iclk4abpjhMwUPXcD6kZeekw4dAQXVP1s\Mz02pG2RmpEJPzJKdkFUmqD49naGJAV69HB6gaExV79rOz2EBIHWLQ7Zv26EQ8eFxi5vM0ndRkwO2goy+BFYvHPur\7BD\9GkPOete4HvlGWSmAa5J+hHAfPwgjT3Z1PxwV\SbMZHU9CRC8SvYueEi\3qmk+YzLZR\vyIS7s3NxEQrvZ13cJM27hta4W6XCzCSOebUUyML62JDLd19M65EF2I6M80xEN9gpSNfTm7MTZbRB+6coOFO5L8Fy8un2YKCmvoYm0v1MGDmxEkz7gm\U4PYPz1Bcx+QvpYnVkW\gKIpVLq\HFP6HK+lGev91kqJ2a\c1eUYgbZzxzB399PfH\3Xa+NUXQv+UJjMrMVz\gGWuboME9B+sQHHmLRHdm7c8QLpZA8XFvIFSC0vwYQfe7MZe0BP2aqlqEOzv8kIeAbwKEGSyrZL8FcIIYQQQgghRlhpeL9pQvA3QsH+6REO\fevOXpuYvA3Z8vL7FuVhOqbeaXd7HmxnIwEf\OeejUS\A368bgG8ce+\qJ0kjXgvNmCPfbvg82cv+kHQwFFi1NYUrGGqjVrqF5fy6bHNkX+laeTCCws2MSmx6opTgEyCslJAuXORSyxdSu9Zj674QdTGSszgPhHKckF7n5OQ\fYdp\f8IOpgKLY8eJQJ31O0D2ST3pgkjvnwgIKEqDz4hnaYudqq218drUXErLIyQHIIT0VgrYWLvRF78udTrq+qOfmAJhWrCZjXkpkurl8w\Fgm\Dewtw6++a+QDori43Q38bZa3dRh+vzTvMcVVEpXV6Eji7unOugjxwqqg0o0wxOWK\dwg\klFYQH109NfZfiBVryjAA3nYrdoCs1ZSZgLtNY483YL9uwxuC9Oz8WbYrYFllGQZUrE3jx0LcNF8w40dHyYoVkb8ZjRgAv\3u2DqQ3U20POAhirzmdMsDxosEgf3BJMq2PeTg78hLehn0KgTT1\LS3g1kTbeuYnhF8vjajzMJqaTnZKGjmytXvwRNLvn5KmN6wyGVZUtyYKiT251+WFxEcWi6UbB80lOD0HuNc7ec9LvceH1+AsEQg0OR58Ub5pZY+eG4j\2c8WNVeSTDBLgYGL8oJZhHZakRhm5w8dqYTpaWC2b8mKiozpsYrHL24wJMGYt5aGHygMriTFPk\yEV\5B\dv96rVy\5Z5+TFRXzIbVJsBJ88l6bJPMUHFa\kq9VQXjciry5rrzKdSszAH6aPnEMqbsMoF2Pr1oB0yUrRyb19dlaRz7XTfcNqGAioqE+257P8LLKikzgP\mRcyxrxNy0PCFdVb9lKKm8dimEvQMYH7\OOZJPuegvYETl5ygMbH2ydUkosegB1DxeYL4hzwMDvTT3+\E3nycz+0APoJzGfSezy5xedFIWQgAnV6Dxz1J8BegeAvPbtvMngOvsrM4iZDixT2r4C88UFxi1uJ5dGUBOlxcrvuU9t6YGEN3E8fOdYK6gMycyHZXrixBhwtL07hz2tuCtQuCSVnkG0b\HFY8uLwKiWt3siED6G7i9HA\k1xDRS7Q08LZMScyBNs+5eKXRH7jRbuAlGQ90M3YUIsXyxXr1L9LJMAgZkFWAH+LJa19mZ3t0VTPHfUc7gC4xOF3ow2W7GRfBfRPs1zV51cpfvZlnhj8HR93NHD4v1rIWlZM8aIklIG72Frb6fECySU8u28zi8KuyOrXgkrKjVe4aD3NIa+D8iVJeDtvcevuEAvS9Pj7H+SdhQhlbuPZNbc59IWF44e7KC4tJyvBie26Gbsb9Eu280xlEgG3d+bNxW457TF2rrnGoS\MHHu7n\IVhaQqDswWK06fnoKnn6HSEMA9BOBDMa6kJOM857sdYKigLC+Ad47pxQKeATzhZBbEBRj0SPBXCCGEEEIIIaCAvExo75ri4ZCCd\zgp8ZAyfdeYU9ZEkHFM79BoNYGGjsUWGAiofUEf7SGUIMx21+whNrNpSTrV7LzyZv8+qSF428PjL2nDBip2ruD\PAgAUUhNH7lYzRVYjiooChhgkEgcTlPbr6C7WQb9X86SnfFckyKA\M1K86gkapnHmOR6sQdSqD6iSou\v4i5vcO019WSmGSmxstFnqCRqqe2URaMCYdaI+bfsC4KJ3J4r9oVvDYpsu0nb7KsbfvUbq0GNPIPbeegh3bWaEJ4CaV2g0lNB+7yem3T9K\Mg+6zZhbnShpVfxwUxrqwAw1kmalk+4pUjzPXpDerokrxqbkC5C+rADDFy04usC4pmTq9M\DAkMElpdT9MFNbnbfg9wnWKlTpg7EhKzYOoOgyaHkUS2egYFJggoaknLKIiWoPLcwWzeT\egiHnumimuxxztFxWExY+1T0C\ZwTOVCwgEkmfRToMat5M9a9qiYyE944436Iu389TyIL4BQL+SiiUN2O808ecj\ZSXZUGfFetNBxqjEe57vCcFowGwX+fT8waKcvMpzxtf82vSDz2yEjh5AZrAIINfQRHMkOJhMC6O5Ec2c2Cvn1\8\uLYGtoQCf6+8Go0HbV7jvs1Wge4bQDIzmeJ6hsXaPSjzc3CSCeuATA9WozOzzTByFQ2bavi+h9iz4UEvN1mrrU6QV\CYxsXwbT1iefKg+3Tk\RNmi46iSUbN1M64RDPYT+ji0\aL9bR7Csku6SYrEnjfirJSwswnu+lu8cBy2JWCSoq6U88S1XrIS5+eoQjXeWUZ4LjmhmrE4xrdvJYqopzXDdmdzgAIwVLUwgxt7HH2fPh9sb0CDo9+vipWxPw41cB4lEVNxNW\cdSQyzatJ+d3b\khNVC3WELWkM6WelJ6PAz8GUPTiUYSV\+3DYygs6psxhM\gLEr9nDztZfcuJOPUf+dIdlxXkxY6xgWreTx1KDOGM71YCd+j8dwV5aThYx47E7nuVRXQCX\z7b3gd\MI+tTyzlxvHbNPzhMLayUgqTvJF+cdrayjF8CmrJHl7e8jt+d8ZOw9u\piV9GcXFJpJUJ3dv22jv9UZ\v+xnc1oI18BCVlUU0PhlG9f++iuUFeVkJXnptVqxdLtZtMiIt88VqV07U1mDWV8js6fEr+Gx8s9560rkQwh4XQSmzAlvpGTNBiCE6vPiHprbrLz7jkvMmkpCxbNsv\FLTtxp4PDbtrG\2xQwrtnFtlw9rkGF4PKn2H6lLXpO2ykvzUI3YMNyzY4bI1W7niQnfmDkazAcDkAgwFAgjc3PVHHttxexf16PtXgHxQnxVH9\J62\PEHbp0c40raMZTmpqMO\oTQm1g7\xgPyVpdjvHoR65lDeLvLKUzyctd6i3bPAowL\DFrsnkox118d0kA+FvMGwxS8cKbZH34C37zxZhuAOOaA7yxLYugMsMvc8WLkriItS\+lPzLH\JR43W+vNk8MiNUa0hn+aYneWLDEowE8A7\4g1lsO3l59H\5RSf3zXTZAdtUhZlz+6nquMP\PaLB3tvQ4Eg2dve4I38Mxz\+ALWSw1YAeIXkb9+K889vpREv2tW9Rhi+fwqj2x7gzfyP+DYqSuYI9Oq0Kbmse6Z3WxZlojfNbpVv7KQmvIczp\pxFhaSU5gaI4\iCICXvec91UIIYQQQgghvruMLM0x0tDlmrkpgLGMZ\c\S5kxTEgZYtAzv3dYttb2SGBlqJfb1kmS7SUnUw0k+4MkrdrHKws+4NgH0XtKjZakRaU8uet7VGcGGXKqTFqxbbjgW9gTqesLEAiQWLGPVxac4tgHLVg+bxjZ3rbndrPGFMDrAvChLt7OGwcW8d5fznHzWhP2EGjT8nhsz142Lg5G20X19+MB0hca8DFJmi5\kLSal3jFGHkflkuRpZ3a1FzW7dnFlpIF0XtjhXDJHl7Zc4pjHzTTfK4dNFrSljzJ\t3VZIa8zPIIzkA3LyVH4+a0ER+BnBXRwKuRpWWmadI\DwvhU5dStVzPzSt+Ch6tRuef+hNQzGZsAWBJBdVa3xSfVQivkhMtQdWL7VoLSnFN5Hi\ns8H753iSvR4E59G3rrn2L0lOibiC82q3UBIR\a2N3h10XscO3dz9HgbMih98nt8rzqLOL8rcg0EE1j5wwMEj79Hww0rzeesEJ9K\uOvsE9\mv\r5JR1v2agp3rrBqzvnqfzSgNftrnJ2bee1JmfCATwur\aUZWQfxB33EKSH9nOGy8yNgisMVKx52W252vve0WyL7SMosUnabODaUkxuqHxwd0QSsYyChZcpGVIT05OMsqU9X8BFIKPbOfVv1\E0T9\QvvwuaBNIqNkG9\buYaMOM88Xa\DVFwd7VNsM5nkKiaJUc5hPws28VRZOycsNprO2cjXF7Nj2RR7MpzSvc1Kz4asmATSPgLhbLYf2Ifh6Aeca22mwQrEp1H45I\4QXUGqmf8O+jB1uEHUxWrM1WmnxXyAOz1\OVSzGvrl7PnpzspmLTxbf7yz3\imgrgwfrhCZL376VmyhiwD0U1UvF3P6OgrYGPP7yIrb8He1vkUW1CGosfreLp7dUsjlcZmvNlreBTjVS88BqGM8f4qLkT8+eR74eElDzW7\wej5ckExj32RY8+QpFt96lvqUBaygyHrv+md08viwR\+DAfbe9L0MK2rLneU1\lmOnm7h7tQm7RktSZgXPbdNx9t2L+JJTZtiIH6+iZ9G6l\npkkt8+NHnXO+y0Hwu+nB8Euklm3hyay1LjJG6zSF0JFXs40D4j7z7cWtkzFujJSmtkM0v\oT16mn+99st9HbboXiGogZzuEZmK6QEyduxh6qOQ1zsh25HO6wonOLt+\BpEkD1MjTbDAix7jcuMWsqPjWFihd+StaFv\LX87dGYwFJmazY\hzPVaWNnKc+NZGKF35KZtNR3vvUFvn+m\Q32VgBj49A5nb+f\buPE6OusD\6uq+p7pmRyT+yIBEsKRhHAk3AoiKIcHiAHxBs8FFRVd0VXxWgXZVVbxK7q\1QVBYQUUFRQQUIhIjBzhyE2OmRwzkzl6+q6qz++P7rlnujuTSWYyeT8fj0nl011ddx9V7\p8Pm86bi13v7iVvz65mSPecCRu7SJWXF3FE799lNXbX+LZLYATYvzM5bz5zWexIN49PTPlDbz7kjC\efTvbO06Fo\mre9cytZf\IzVPWe4H\a7jF3Wnj17DkwD8rJfxGrGEy6e4Ox65Ef8z4bDed9HzmUKgJelpb2Cu9TsMNXxKEHbAgy+6+L6Bst2cByHwsMe2WR7j+a1IsTHRQlYYHwX1zVYjoPjWGDAsnyyLe2Fe+SqahgfcvByLbT3uYOqsPxe97jdC0UkXkO0MAM818UzNk4wgGNRaIqrvdgPUyTOuGgA3DStid53Mkbi44gGrB7z7jldDzfv4VsOgYCDbRm8XJL2XhcSQngv3sVPV8IpH3wfJzllmlgRERERERGRCgSo3vkI3\NutLNLEYncvRpF\GmE6YQwOBlk7TvU7vPMWrGh7H7nD\a0RpqIg6W8fH8AS6TGJdMIkUOCFbVUBVysAY4pywZBhXPXf0+58bd0\Nx8+6g07MjcWqiASxM4RzZtwgEAwPPtzgvk0\S1jFwncFwVS3RkF2Yr+vid51z9z437t42Hvm8B06AgGNjGZd0e4LhqcdvxS4AACAASURBVJC5mYd+\Ce2lh+xpNrjL+edgyQihesPBjfdSteuL24nCzC9jonOax4DXa+IsuvJH\DApnlcdM0FzEokBz+G7Rg1tWEcfHIdbQx+30L3NRYv20Z7yh9gf4MTCODYVq9rIpWN1\saS+\93ecaCwFiNXHCDhjfw3U9sAMEAjYYg2XRvQ336npMgOraOEHb4OfzuJ5LMr2PVfgOgM7t6239Ez\55WraCHP4G6\m0sUx3HSCRGaIbaB3HRuAnyfR1tH\OOpxfPoDvJf7HtP9jwWD1fV+9ci0t5P2qeA6XZ\3yQA6r0ca32Ogj0wwuJkEqVz\91LFyxmNMy4SKH72uLi5FJnB3kOROMEX7uYHj7dw1IVXcmbP3MyOEK+JErAMvufiej3eIwN11dbwJHc8+Crjz\4EK45Nl9wO++TV3\HjJ+t7PDCH869\J4sGGrftL\z0\63s0Reow9w3fJBz+\bp3UuQWE0VYafQHIUxPr5vAAvbtrEswBSbL+\8IN+rY6N7+sb38Nye34fg59MkOorbdtND\PiRrcw5\3OsWFS8zssg12P3Ztzi8nZ\fhePN1zSrX2u4Xa+n3pcLw\EaqgOO72+V51gAGfLH\jPX75A5KT38M7jyzU7bBOuihe+T+m8Tu5jsHECDk7xenvP3y+BqhriIafHNW8LOxAgYFv4vsG2e3x2lvic3av3SMVsovEaItkXufenf2Bj8FjevuLUveqVe+9mN4RcYojHaf8sgD6fAb2P6cL3X2Fci+7fWiV\T\Rc1mCMmqowjmXwi10+dP2Gwi9+h\i9X9+1DazC8WOBwcLye+Q8+2W\y0hwnEKw99xzzw37tJcsWQKoBvBBL9Xegl\8Ud2TGehLYTB+lo42l3AsRjjkYAeCXX2NG+Pj5XNkUn3b+s+QSFpUR8MEnQDBEIWTiEySfKCK6D4fWT6ZRDt+NEYkHMAJhgo\io3By2dJd6SHWKO2c7pVRMMOgVDhTWaMRz6TpqNvUxX+Np55qRlmvp6Tx+VJD0fLViIiIiIiIoc8F3f2DKawjvq+T9kBJk49mmNOO5WT5tUWLlwYj2yqg9SAndDtu3DQwQKwbJyBapEaQ2eXePlkBym\img40H1O6Xvk0kmSQ6gB03t6oR7T6+g1PT+ToN1UUR0J4gSCOBTPZdPJ\s3POlYhNDKDNxibTSYwnfMNFudrPPKZDKke58Z+uoMUhfGCIQcwGC9HKplkKBV+BjaN6ZNga+O+TCPMlJmTYG9u287k8SIBApbBG7Ct7AGkVrF6o0vV0UtZ4KdLNkcZiBb2E16e0i1jZsi5YQJBGycYJUASN5Og3Y9SFQ137e\CNZFMr2sifkXjFa6FmKpqIkG7x\728XIZkslsjz4bXVIdKazqCEHHKexzY\ByKToIUxuyGRqXVDZPPBLEDoYIBWzcdLZkn8ujgZ9J0E6cmtnn8pFrT6XNDVNb5eBmkkMPfwH8HL4fxrHB93ID30SQcbuOT98r3xOtn0mQMFVURbs\I6Dw2vSwvl+7WbYzSO19gxnkUKl4OdMZcsEqwsXj0DYlQo5MnsiJJzN\5X2sX7OBM6cf0XOGJBJQXRUh4AQpfIwVjulkMtuvq7YNa9aTqlrExcc75PbndcCFi5n3TD2bim+C8BHHMKe1lYEr4x7LcTNX8vj2YjE6n2PnU6ZD7Typ9nbcaIxIKIBt9\h+MwbfzZNJJckO+TAuNM9uqqOEA32vsWZIpXP9tq1xU+T8KMHidd5Br8fu5bhDsudv\O9PXsKb\2Y+dvHC7u9V32XN6rVkqWLB3PEwUCsavfhkk224boxYOIRjF6+TQ2E7e3lymRTpHr9f3GQHKaqJBp2ua97G98ilkiTtGOMiAWw7Qtnvs715j1TMJ53MEKhZxKX\soBkh0uugs+foc9uKLnE3siTak\gVVURCXYfpxS\zp6fQZ0jxsNFr\KO6bTEfp33iZJNlgDZGAQygaJZNP4+dTtCcN1dEwASdAsPAFjfHyZPocE2QSJK1qouHC52IhanHJJPMEqqK9Q7z9st9lrFIN4DEkEh9H1PH63+Ekey21\ime3JQgu2cruxJh5r\lWi6c1cYgN06LiIiIiIjI3orW4G\8O+syYcIAVVM4fEYdtfFw9zjGx8v3Dahk7IlRU9XKxtUvsLa+be9DwarJzD96McdND1V+M\xe2vXcn\jnriztuxpozU3klA+8n2WBdlL7v0taGQWcSJx4Z63Vfq3HyWgQrKrFeulX\OiRNo679DJOqqx98d5an+VX975I7Rv\hcsW5mhLlkxY901VDeNpYt3qTTRXTefoY2YSaevb4kBRqJraaIptL71MQ3Ii85bOp85vob1cNjlaFGv1zn7Dhzi\ZK3lvRx3nzTxt7t\zQvtEJ98VHe\vRvWs3VPjvBhb+Kqtx9BvmO036ayn3TWXh2oNrWIDAvVABYZITErRf22rXjEmH7q23nbfJfE8HaUIiIiIiIicmhzfcYfcwqn9HvCFJrey+VIpxX8Hho8\MAU5i8\l\lDnobBywxDv5CDCLstbN3SCk4tCy+4nDNqc7SqlbBDhpdJ0O4GCVg+ubw+lUajfDpHzZKLOHft7Tz2zAYWn3dEV03CyuR49ekXSM96I1cucsi178fwFyDn4lVNYf7yKUChKfZBuxvOZXGjtcw57pRCH8HGYz9+3B0awnM5\4PvZfIffs\TG7v77XVidSw4+wIuPGkKpFuH2ALlGJBP0d6eI+iYQ3cbiIwBqgEsMoBgLE40YGHZxf4lMu20p3Vbr4iIiIiIyPCxCcdiBC2DATAeedfFzbn9mo2UQ4ATJhYJEXCs8uP2ZXxcN0dmgCZHh0ukqoaQQ\E6gU8+qVbCREabYFUt1SGG\v4MVVNbFcTkErTvz9q\nZwwsUgQ23jkMmWaubVDRCMhHMsnn0ntQ9PNI6BEn637NO4+6e57faB+e3v3jS4iMvxUA1hkhOSxqHYKfRv5+QwdCn9FRERERESGmU821THq+wCVA8TLkkqO3qPBWBaOYwMGL5tS+CsyCuWTKbJOFaFIjEAuVbqL3H4CxCJBLC9L6kCEv7B3n3t+jnRKHzzDJ0MiYaiqihDs1W+vj5dLq+sJERkTFACLDCTVTsuAnW6IiIiIiIiIyKEm2zGEvolF5ADLk2pvHbgf3bJcUu0tQ3ytlJRsp6XS2rx7M+6+8rIk2\XJLiJjlz3SCyAiIiIiIiIiIiIiIiIiIsNDAbCIiIiIiIiIiIiIiIiIyBihAFhEREREREREREREREREZIxQACwiIiIiIiIiIiIiIiIiMkYoABYRERERERERERERERERGSMUAIuIiIiIiIiIiIiIiIiIjBEKgEVERERERERERERERERExggFwCIiIiIiIiIiIiIiIiIiY4QCYBERERERERERERERERGRMUIBsIiIiIiIiIiIiIiIiIjIGKEAWERERERERERERERERERkjFAALCIiIiIiIiIiIiIiIiIyRigAFhEREREREREREREREREZIxQAi4iIiIiIiIiIiIiIiIiMEQqARURERERERERERERERETGCAXAIiIiIiIiIiIiIiIiIiJjhAJgEREREREREREREREREZExQgGwiIiIiIiIiIiIiIiIiMgYoQBYRERERERERERERERERGSMUAAsIiIiIiIiIiIiIiIiIjJGKAAWERERERERERERERERERkjAh0dHSO9DCIiIiIiIiIiIiIiIiIiY15tbe1+n0dg1qxZ+30mIiIiIiIiIiIiIiIiIiKHuvb29v0+DzUBLSIiIiIiIiIiIiIiIiIyRigAFhEREREREREREREREREZIxQAi4iIiIiIiIiIiIiIiIiMEQqARURERERERERERERERETGCAXAIiIiIiIiIiIiIiIiIiJjhAJgEREREREREREREREREZExQgGwiIiIiIiIiIiIiIiIiMgYoQBYRERERERERERERERERGSMUAAsIiIiIiIiIiIiIiIiIjJGKAAWERERERERERERERERERkjFACLiIiIiIiIiIiIiIiIiIwRCoBFRERERERERERERERERMYIBcAiIiIiIiIiIiIiIiIiImOEAmARERERERERERERERERkTFCAbCIiIiIiIiIiIiIiIiIyBihAFhEREREREREREREREREZIxQACwiIiIiIiIiIiIiIiIiMkYoABYRERERERERERERERERGSMUAIuIiIiIiIiIiIiIiIiIjBEKgEVERERERERERERERERExggFwCIiIiIiIiIiIiIiIiIiY4QCYBERERERERERERERERGRMUIBsIiIiIiIiIiIiIiIiIjIGKEAWERERERERERERERERERkjFAALCIiIiIiIiIiIiIiIiIyRigAFhEREREREREREREREREZIxQAi4iIiIiIiIiIiIiIiIiMEQqARURERERERERERERERETGCAXAIiIiInJQ8H0z0osgIiIiIiIiIiIy6gVGegFERMa6Ntcn7cGUsI010gsjInKQyeddmlvbaUskyWSzRMIhUunsSC+WiIiIjGFuqo2JEyeM9GLIAWBZFsFgkFgsxrhx47Dtg6OuzO23387dd9\Ntm3b8DxvpBdHRET2M8dxmDVrFitWrODqq68e6cWRg4RljFFVChGR\eyRpiyTQw5HxwMElAKLiFSkpS1B\c5GauPVTBxfSywaHulFEhERkUPAQw89xLJly0Z6MeQAMMbgeR65XI58Pk9dXR3V1dUjvViD2rp1K1dccQUdHR3E43FCoRCWVbjIYFkWPS\zqqyyyiqrPHbKvu+TzWbp6Oigurqam2++meXLlyMHr\b2dgCee+65YZ\2kiVLADUBLSJyQCysDvBQY5anW3J4uu1GRKSslrYE2xp2c9isacyaPlnhr4iIiBxQxpiuP5XHbhkgEAgQjUaJRqPs3r2bZDJZ0TEyEq644gra2tqoq6sjHA53hb9Ar7BAZZVVVlnlsVW2LItIJEJdXR1tbW185jOfQaQcBcAiIgfA1LDD0dUBbtuS5p4dGZQBi4gMLu+61O9sYt6c6VTHoiO9OCIiInKI6hmuqTz2y6FQiOrqahobG\F9n9Hm9ttvJ5FIMHny5BEPzlVWWWWVVR658pQpU0gkEtx+++2IlKIAWESkj6xvaHUNu7I+rXlDxjP7HNg6Fpw1McSCqgA\fC3F51\pYEvaw1USLCLST3NLO7XxKoW\IiIiMqJ6XnTV8NAYBgIBAoEAra2tjDZ33313r+apO5dbZZVVVlnlQ69cXV3N3XffjUgpgZFeABGR0WRb2uPO+gx\3ZOjNW+IOhanjQ+yYkaE+VUB7H3ovzcesHjPzAg7Mh5P7cmxKeVx0ZQQy8cHmRsLEFTfwCIiALQlksyaPnmkF0NEREREDkGhUIhUKsWECRNGelF62bZtGzNmzOgXBIiIyKEnFAqxbdu2kV4MGeUUAIuIFKU9w3c3pXi2Nd\1WMozPNqcI+UZPjWvimmRfWs4YV7M4ZPzYnxnY4p1HS4\3ZrmsaYci2uCnDwuyLE1AWoDSoJF5NDl+4ZMNkssoj5\RUREZOQoZDt02bZNPp8vP+IB5nlev2arRUTk0GRZFp7njfRiyCinAFhEpOipljyrWvuf5PkGVrW5vNzhMjUSYl9PtxZWB7jhyCpu2Zjk+XaX9UmPjSmPx5pyTApZLKoJsmx8kGPiAWoUBovIIca2LSLh0EgvhoiIiAiWZWGM0fAQG9q2PWpvABityyUiIiKjjwJgEZGivzbnBu3rN+sbXmjPc8aEIKF9aQe66IiYw1cXVPPD11I80Zwn6xv25H325GFt0uOeHRmCFhxeFeDYeICF1Q5HVgWYHLYJ2mBR\LOs7v8DlsU+B9QiIiMtlc6O9CKIiIjIIa4zaNPw0ByKiIiIHOwUAIuIAJ6BbRl\0AAYYHvGxxvGc8FJIZvrD69iUU2O3+3Ksjntke4xg5yBVzpcXulwux4L2RZ1IYuJIZsax6I6YFMTsIgHLKoDFjUBi5hjEbQsHAvszj8KZQvoV6nYAqc47MsCnB5NTNmAY0GgOP2AVVimsG11BdMiIiIiIiIHu86mdjU8NIejlQJqERERqZQCYBERCv3\ZvzSJ1LtrsEf5vlGHYu3TQ2zbFyAv+7Js7IlzwvtLulBliXnGxoyhoZM+SVxrEJ4G7AK\w9aFpYFoT7ns1Yx0B3oNNcCgj26PbYti2Ax9A1aEHYgattUORbjghaTwjaTQzazow5TwzbO6D53FhERERERGZCCNhERERE5mCkAFhGh0MSz50Opc\yUa0o+vy+mRxwumebw+roQW1IeT7Xk+UtzjoYytZJLcQ24GLobUt2\FzAcCyKORcwu1EieXx3gkmlhjq4OMAytZouIiIiIiIgc0nRjgoiIiFRKAbCICIVotNxp1HDX\u3LsQrNQk8K2Zw4LsjHD4vxaofLk805\rInz7a0V1hO073Mo4lnIOkakhgac7Ap5fFYU45\m1\FOXWhkV48ERERERGRiiloExEREZGDmQLgQ4hrirUcTWe\nhCxrQNaM88AGc+QN919kYYdC7vcC4dJ1jfk\UKQZwEhG8IHcAMYIO8bsn7h\xYUm9EduPnd4eAayHoGr1h2ejTfO5wMheaJc8V16zy+RqIJYN9Axje4BsIHeB8Pp4AFx8YDHBsP8LHDoDHrsyHl8VrKY1vGoyHjk3QN2eIxlfcL7628Kay7ZwphsQF8YyoKjIezj2MoHBM\2JxSACwiIiIiIgcdy7Iwxmh4CA5HK9\3ey1f3+VVWWWVVVb50CmLlKMAeIxrdw2vdri8lvJozPm0uYa8b7AohGLjgjZTwzbzYg5HVjtEhhCUpTzDppRHyjOMC9gcXmXj9PmxnHANLyZcNiRddmUNKc\HwiLiWIwPWsyKOBxV7TAr6gxrYOgbqM94rE96bMv47Mn5JD2DZwyOZVHlWNSFbOZEbRZUB5gctvc6iHUNbEx6tLk+IdtiTtRmfLB3pJ03sKbdZX3SZWfWpy3v4wM2FjHHYkLIYlbUYUGVw\TIvm0DQyEoXJ\02JrxaMr6JFxD3hgsLII2VDsWE0M20yM2c2MOM\dhni05w0s9jrGOYj+5IRsmBAvb9tiaIDMjvbeJZ2BH1mNn1scCZkYcpoRL3wqwLe2xK1uohzslbDMz6vTaX76BdUmP1W15tqY9sj6MD1osrQ1wQm2Q6CArmfUN7W7huCj11ekaQ0vex2AX+sE9gDcvAEwK20wK25wyPggU9nXCNbTnfRKeIeka0r4h7dEVCncGv3lT+H9pFrli38OuKYS3GR9Snk973tDmGppzPo05f6+C4rA6AhYRERERkYNQ58VVDQ\N4Wg2GoIHlVVWWWWVR74sUooC4DGq1TX8dmeWv+zJsSvr05I35Pz+4ZYFhQAyaDMzavPmySFePzFEsMIg+IV2lx9vTbMz65P3DRHH4oiYw78cFmNaxMYAT+\Jc2d9hm0Zj5acT77PQthAPGAxOVxo9vayaRGmR\Y9Vlvb4fHrnRleSrg05wxt7sChVcCCccFCs7vLxwe5ZFqYSaHK5r8t7fHDLWk2JT0yvsGxYHzQ5i1Tw1wwOYxjFZrB\fHWNOs6CsuRHWA\2BbUBmwmF8O9y6eHGRfc+23QnPO5b2eWlS15dmV92lyf3CDtFoeK\bROCFocFw9wybQIh1c5FQfgCdfw0O4cf2zKsiPj05ofYN9aEHcspoRtzp0U5m1Tw8QDFsbAz7eneawpR6K4UyYEbS6cEuaCyaF+NXYzvuEnW9P8rSVPh1sYvzpgsWx8kPfMiFIbtHCN4Y76DH\YlWNH1idbDDJtC\7YaPPO6RGumBHpCrpTnuHx5hwrW1x2Zz0yPuzOlQ6Ad2UNX1ybJGgVajjHAhZHxgJcPDXEzIhT4ZYbPhZQE7CoCQz\vP1iDWLXGHLF1gOyniHlQavr81LC5S\NOdYlPdwSG80C3jY1POzLJyIiIiIiInKo6RlOG2NUVllllVVWWWRQCoDHGAOsas1z04YkW9N+2SZfDcU+O12PbWmPZ1ry\KY2x2ePiDEnWjpUeiXh8eW1HTRkeieMryU9mnI+3zqqmgd35\jJlnRXGDcQH2jLG9ryHhs6PB7dnePrC6tYXBOsaJ37SnmGO7ZnuGN7ZsDQuy\XQFPWpynr82rC5Xe7snz28CpOnxgsWbuzMedz47okL7S7vR6vT\tsTnq4PhxR5XDDKx3sHiyFLfINtOR8WnI+6xIuD+3K8h\HxpkXqzzYe7I5zzfXd9Car6yp35xnaPYMzVnY0OHx+905rp0b45Jp5cO6HRmfb61P8mxrvmS\uL6BNr+wbzcmU2zocPnkvBj37sjy31vTvZZzR9rntaSHA1w0JdzVNLln4D82pnlgZ6bfem1KeiRdw0fnxLh5Y5I\Neb6jeObQo3o215LsajGYXFNkJRnuHljiod3Z0uGl31lPcOrid77e2Vznvt3Zrjp6DiLa8bOR6ptFf6CWEQBet0a4HDyuCDvmRnlkcYcX1\X0S\873TCuADnTVYALCIiIiIiBxddWJXRzJjRVQNNZZVVVlnlkSmLlDJ20goh4xl+uyvLT7dmaMmXDhwH4xt4tjXP51\p4OOHxTh1fHDAPoLTnuG+nRl2Zgeez9oOj+tf6Sg2w1v5SZMBdud8PvZCgusOr+LNk0ODNts7kE0pj9u3pHmiOTekvkwNsDvr8\X1HbwnHeXt08LEBpi\b+CPu3Os6\D6TwRIeoY76zPYxfXZ22XYmfX5xJoENy6oZnFNoGQ\zW15wy8bMvx8e4b8XmzrvvPMeIbvbEjiG7h0enjAmsAGeDXh8pV1SV5LDbzug\EM\LExR9KHv7f0D2qhsN3u25ll2fggU4vNQf+jLc\fBhnfM\BEc551HQnWJ72Swbdn4CdbM9x6bJBnWvM8vSe\V+HvYAzQnjfcVZ9hQXXVkJpRPxhZFGrPnz85hKGKr6xN9nt+XpXD1bNj1AQOjW0iIiIiIiJyUHOzJLMQrgrrguEo1bPWl4b7cehl6UhlcPte0rMDRGJVhJ1RspwaaqjhIT0UKUe\58aIjF9o\vaO7RlSQ0k++9iY9Lh5Y5Jr5sY4py7U7\ldWZ9NKW\QkDXlmX41Y\dG3sBtr6XwMVw0JVxRqLYu6fHdjUmea3MrqgFbSmu+0ORw0jN8YFaUvq0xd3iGDUmPdInAdVt67wLSvnZnfX6yNc3nj4gxa5Da2O2u4Wfb09y3I9vVd+u+urM+zekTgkwboBnuf7Tm+fr6ZL9a35UywF+acyXHWdfhsjvrdwXA6zs8mkvUam7O+TRXGLK\knDxDGxP+8W+fIeHofCe2J31mV2m5vxYdHxtsN+2nBGx+dCcGMfVBPa6X20RERERERE5EFySW57nib89x4Ydbb3DrmAt045cwmmnLWZ2XJcP5dCy9PP3cPNb59K\PbMsm+77NO+++Z8jsFQiIiJ7R7\gxgAfuKs+w8+2ZcgMUwgIUJ\xuXljiirHYvn43s0xp31D0qusqeGhancLTTnPjDgsHx8sGSJtTnl8dV3HoDVyhyJZbEo6bFu8d1ak1\xzB2D9DYU+lv+6J887pjsMVInygZ1Z7tuZpWMYQv9O7a5hQ8rrFwBvSHr8aEuahszwBacDyRvY06MGe4c3cP\VQ1EdsDAU+rUdWoQ9ONeYQZtBHuv+3tr7potJIZvPHlHFSeOC7EUFfhERERERETlQkpt57J7f8tyeQW7ez7ex4+UnuPflp5iw+CLe8fq5VJXqJ0sOCNX6OjDmz6obIPwFCDPvuHPxzOqS3caJiIiMBgqAx4CVe3L8qj5LZhhDwE5NWZ\vbUpx2LHxrhqZAMYU\vZnEmiAhrTPf29Jc3R1gNrgwElSwjX8x8YU6xLDF\52yniGO7enObLK4bQJ3SG4odAM9H5NQovzf6o5z7mTQtSFev+0fLXD5UevpdjLFqbLMoZ+tYnTnuH+HVnWtLsciHONnoey33msDYNTxxcCyXEBm6AFQ2wpfUAx26L2EGzqOOUZbtuc7HovTIvYfO+YOIdVOar5KyIiIiIiB60xHbQ1P8Odv3ia3RU13Oay5\n7+OnOU3nXimVMUOolh4B19c3kTojTv01EYMpULm1v53+GY0aWQyRWRejQa0xOAPw8qQ6fcE0YHQIisj8oAD7INeV8fr0jS9Nwp4A9bEl73NOQ4cNzYoRG4If+c+0uD+7K8q6ZkX7P5Q3ctzPLcxU0N+1YMCFkE3csHAuyPrTkfRJlOoJtLfaxu6Da6RfCVirmWEwM2UTsQk6W8gxNOVNRs80vd7i05g09W+JOuIYvvpoc9vAXIGJbHNajGWMDrEm4PNo0tH6VR4OQDQuqA1w1J4YFHBUPsKAqwEuJfW8uHCDiWJw0PsjEkXiDjKCkZ\jephRNOYNjwVHVAT59REzhr4iIiIiIyGiV3cBv7+kf\gamLODYBUdw1AyoX7uBtWvWsrtHD07urqe5+w8T+eAFRwxSM1IOhDF9Y8Iosupbl3PWt3o+8q\8YuXFzAWIL+Mza9bwmWGZU5bN93+aK779jwrGNfhujmwuj+v6GGycYIBgMExoryokeGTbk2QJU9UneDRujhxBwqO9goOXI5nME6gq9Me89wxupoO0iVAVDR7g2twG382Ty+dxL7+dpz83iT8e91ZuDAQJhUMDtgDZ\brh2P\7Nj3j5sjm87h5Dx8LOxAgGAoTCti6FigyCikAPoj5Bla1uvyzwj5v4wGLOVGHeMDCpxB+bk55ZWtB5nz46548Z9e5HNOj35e9qQBrATVBi1kRh9qghetDU95ne9onW0EIesf2DOdODjG5T8D2Wsrj4d3Zsv0eTwzZnF0X4py6EPOrHaK2xe6sz6q2PL\fleX5dpdSOfCadpe\teR58+QwPbsjrmT9Z0cdLpse5rQJQaaGbTwDW9M+LgflogAAIABJREFUf9id5Xe7c+wpk+K2u4YdGZ8jqrp\0fxmV5YtKa+i+Ydti5lRm4khm5AFba6hIePTkvP7NYNsAedMCnFYrHteroE\7M7RWEHabFswNWwzLWwTcSzSXmFeO7P7llQP9fSmOmAxvyrA4hqHC6aGGV+sRT6\yuGqOVEe2JllU8qjJe+T8Sjb1LRFIUwO2oWbCGK2xaSwzUnjg7xjeuSQ+qHTWSv8T42FKwKnTQjywdlRFsbV56+IiIiIiBz8jDFYljXGhjnW\P63bEj3WNH4sVzykRWcNLH7es+SxWdwwWUue\5+N7fdv4ZE8ZQ+u+633Df9alYcXz1K1mf\DUV6+wcNzRczd+JwTzdMzcRKJmpwJ7+Oj3\mQ1xy8jzixbswsokmNv35\GVrz7A1oqrEX+R\3vpYuaymd+ccgWdObfJz+HCf\smV9Q9yLs+fdcQ1uVA8ai75g4ef\dCdjx4DZd\Y9UQpnEx33vkC5xqP8N3P3At9+48UBGwT77udVz9ifdxybJ51BV35CXPPcsbmzbx5H9\hS\dt3WAUHs49\Qp+fn53Dxv32ZD7++e9nJJtj09\jxzf9gD83BtQ0usgoowD4IJbyDY8352grU4PVtmDZuEJANTtqE3MKAXAib3ilw+XO+gwbk6WbT34t5bGq1WV+dYDOlpj3JgBeNj7IO6dHmBW1qXIsPANtrs9zbS53bM+wo0xAuDvn8+DOLB+YHe16zDOwsiXPhmTpIHRK2OaDs6O8eXKIaI8OSWdEbWZEwyyqCfDjLWkea8oNGgK3u4an9uQ5fUKIcT2aoi63\uODNp+cF+OMid19GAeB+dUOM6JRApbFL+rL9928K+sVXwmNOZ\HmnIV9WF7RJXDFTMiLKh2qCk2e9zhGRpzPuuTHs+1uryYcNmT9xkXtLlgSoj3zIz26re1Mevz56Zc2XWNBywunBLm7LoQk0MWIdsi6xuac4a\7MlzV32morC\r71taTtoweFVAU6dEOT4mgCzog5TwoXl6eRYhcDyqGqHnVmfDrewTX6wOc3uEkH35HBhf1YXa5GHbYtxQYuZ0YH7aB6rPAOPN+e4sz5Dh2e4dHqEK2dGmBHRzzwRGX2aX36C+x55hpcbOgo3vQUiTJ25mPPeeR4nThylP4XX3M01P3+Zxe+5kauOHemFEREROTR1hoBjarjlSZ58rcdKVh3LldddybFRwPdwPRfXAycQIBAIMOHkK7mu6g6+879r6MyMd6xcyebF5zLXHgXrsx+Ho5VqAI+Uh9nS\FVOG\YAOMGm5x8u2\WZyZ\PV279Vy6YXQzdcjlyhAjH61h48Q38ZP48vvDu7\FshRmg1fmv6a4IcckPbuezy+IkVo3u48xb+nm+d9lCwjse5\tff3aIlUZ+w3V3vJE\fWIZH\r8ZTxxzT3sPgCXtMzUy\jBTz7NsrriAx4UqmCHiU9ZyAX\+nMWLvws7\z3v\eumT3M+39I0\MW88Ef38yHlsZ7vSYUjjPvjPfx1SPnMekjn+WenaP7M1TkUKOr9QexhGtY2ZIvO96p44N87ogYZ04MMjfmMKVYQ3N+tcNFU8Jcf3iM2dHSh4JbDFvTxZq2e\PletK4IN9eWM0ZxflPDttMi9gcVR3gHdMjfHlBVUXh2e93Z3s1mZw3hod3Z0vW3A3bFm+ZGuYtU8O9wt+eDos5fOSwKEdWDX4R2ACr2vK09KguXck2eENdiBPHDVwjssqxePOUEHNi5d+GHT3y+ZcSHtvT5ePfxTUBbjuuhoumhDmqOsD0iM2ksM3cmMPJ44KsmB7hxqOq+OUJtfxh2Th+dUItH50T7aol2+mPjTnay9xkELIt3j4tzMcPi7K0NsDMaGE\z4o6LKkN8OE5Ea6dG93vTYgvqHb4r+Pi\GhRnA\NjnLqhCCzonav8LeniSGbY+IBlo0Psmx8cNBjpFPMsThlfJBTJxTGX1Ib4LDYoRX+AvyzPc9NG1O05A0fPyzGJ+dFFf6KyKi085Hb+Mr\PMrzjUFmHr2IE5cuYvHMKM1bn+FnN93Cz9ZkRnoRRUREZJQyxoy5v63r1pPtWsMoJ624kmMjHpn2ZnbubqSpuYXW1haamxrZtbOZ9oxH5Jgref\pE7o3THYD67eN\Lrs7z+Rvp7eVr8fptrEjjvKjeOx4r8+XQjrcg08\p23s\zMMznzzLfz5bteJAHEj3o7n\r88RVer\0mK5YvZ\nyFXyzx6NDa0r5ADOTuebaC5gXzvHibz\P0\syrbu+yW\X5Ygv+xA3vLOiDtH3keHyGz5UCH9zDTz+3few\NZnSbCZB975Ze5dlwPCzHvTR7l2Ws\XDff+H8r0DMd\nO8d2kcSPDiHdcVX7Oc93z3cRpyEJ56Jh\63ApKVzETkQNNV+wPYqta8yTyBmMY9G9a2ObdMyPMig7cJ6dtwQnjglwxI0qVY5Wc1pp2t3d\uSXG7fybEbb52lFVVAesAefvWIWA+HNHVGFTelp7coZXeiSh29I+rya8kq+ZFLJ4+9RwyYDOAuZEHd48OYRTYhmas4b1PWpKmzLLG7Etjq8NECsRKs6JOYX+divYlgA+sDbhsifnl93v\za\igkhi0GyTxwLoo5FbbDQP\G4oDVgUPpoY67ssi2ucbhqdnTQADVkW7xpcpjzJoWxymw3M0CV30rGP3lckJ8uruHEcUHiAYvgED7dyu3TQ\0c0DOFZueve7GDABafnBvl8hlhwoMdZCIiIyn3Avc\sgOmn8MNX\0U173nUt674lKu+tinuOWGS1kc7mDVb59g+0gvp4iIiMgBsYddO7vjXyadwRlHuKRbG2lNDVS5IE+qtZHWtMusZScyuevxDPUNe\b\4sqARjoYP5T\nn25gcRw79CG13i43LynfYbzTy7Uulx7\8f53P\VF5+r56H\vIp\e7QBCDPvrCu40K9kXVwybW20tWVwe5QznZc8vQxtbW20Zdw+r\Px8hnSyQ4SbW20tSXoSKbJ5D38MvPw3SzpjkRhuokOkpkcXuey+i7ZdJKORHGaqTQ51x9w2d03fYY3HxWGbX\mRz\t\7zvZkmnOpevjURHknQmhzvgdqnne79cRTNxlq34d0729vcxdAmnHlHYj5sf\jif+9Xa7suf2x7ipn\9DWs9ILyQsz+8dP\t\6FMz7+QK86aRxhofvr7XHXrU13TW\urz\Hx\32RHBA\+Xw+M23k36uH0p9IOaO03TupxD\byt+ddPK4IMfXBkuOYwGvrwvy250OaxKDTzPlGdZ2uMyIhCpaPseCS6ZHGF9BEnfR1DD378iWnH\Wh\UdHotrCoftU3vyZe9smhiy6fAMHany9x9NDtvYllUy5Xsl4fLGSZWtf13IZnK49LrbwDHxAI80Dt78dE+JvGF7xqNUl8cBC94+Lcz0YaiRmXANaztKbzvbgqtmx0oG3QC1QYuz60I805Jn1z72CdzX5LDNp+bFytbglaFzDTy9J8e3N6SYGLa5anaUcycFB61dLSIy4lpbaPZh6rFHM7XvV2J8Eeec+BDPP7WVTS0wc3zxcb+DdY\dzy+eWEdzFgiPZ+7Sc3jvWxYxsec0Wl7gnrue4NntjaRdwA5QM30Rb3v3Wzmxc1pr7uaanzdy3hWLWPd\j7I5H2DqWe\nhjfNAr+FVQ\cy4Ort5WeT24HT95xL\evaSTvB4jOXMRlPechIiIi+83Yu7DaTFNTj+LUyYxP7aEpU3o9M617SNZNZ7oNu4un8q3tzRijHyRyiLljB03XQHwYJ5loeJFyPdiaSxez0AFSL\D0dxv6Pf\0D1+k\pzpzKhbyOvPhwcfLjfXL3HfK29hLpt5YNkKvtlVLogvu55XXrkeXnuAZe8s1hE2HrnJZ3Pt9R\m0mWHd\UZSzbBxmfu5f995\s8tjvUo0u5zmlu4r4ln2PNjf\OJ8\rfl2i\m\c+72v84M\NzDp4hu55UNnsXBKccsmmnjuwZu44buP09SrVvIUPrviTOqAtSt\1G+7ednZvOXGG\loz\5pvSyJLf\kj3ffwjfu29K\ssiDd7Lqfady3qwz+OD7PZ752f6sBn0Uk8YDJGhcXw99q0ptv4m1r13Kglk5IhMWAf8Ahn\D2l657+ehXUA9bxw12\6vabhx3\m+cuO46T4QhZfauD7ulYoMlooAD6Ire8o3fctwDmTQlSSidWFbJaMC\BiiQAWYEPS4+xiPwUDVNTsZWLI5th4oKLmcQMWvK4uVHL+Od9Qn+kOI19sd8uu\+aUz5fXJssvQHH6eWNKTnN7pndwWWrceMAiXsHKT4\YWJZV8uSy85lC\72ll3FSuLDdhyOY25LyyJc56Z0VsVlSW9lHyTFxh6lhm51lAmDT5\l9vPy8cFhCbz7zlsKfFNoceC\NqeZFrH5+GExFtcEBq1dLiIyKtRNY24UVq5Zzbpl5zG\z5WauRddz60X9Xykkcf+6zbua4gwd9l5XDg3TvvmZ3j0mXv5ypYWbrj2rEKQnF7Nj759Py9VzeLMN13K3LhL86vP8Ojq1fzs+1Dzpbcy3+6e5sN3P8X8M97Ke2saSc2ZBX4jD3\Vh5sCDB10TlccWyc9jVP8fDKe\l2NsI3Vsyn89a95391O5tnnsCFK84iWr+aB\+ymp\9KMrUfz2Pmft7+4mIiEjXufrYGEb6NAPokkn4FaynR0cmSHUcaOvcMJExuH16D0ersXdjwsHkWRqaL2buMPYD3LDujlL1UAC45PAZhf80N\DAQNctt71KQ+I8ZsTrmH6Cj3mo3PHbPQVjDIYcuVSOXDhEyAG8HLkskM4VjzeDu+w6fvHNK1jYeU6Vy5FzIRSLc\iZ7+c7xy\nFzdcyX\+zekzjxoW\foO3jYvXJhuCkKxEPEZy3n\124i\OM2LrpmOXEgl8pBOEQoXseSy2\k+6FPcPm3V3cv9okf4bSjAG8tq26u770d\GV84dc38\Z5Pfq0dYFwmPi85VzyhZ9y+OQruPrHu\rErs\ywNp6zps1g8Vnf5Yp\NddpbZekO3lqZWmDsuzryTzifzv78jVOzq0BT369cvP5mv93nVcO\oUzPLJlOHUCigReeGei69B00NF8LcZgx\3KMuavs1hCRA0NNQB\Eeoahg1lUU3nGf1y8\Lg7MpXX3JwWsZkYquxHswUcHXdKhtWegaZc9\w3V1CrtzXv82K7W9Hf2g4Pv8yPrp59AJcTcayKmsatDtgDNo89kLRnaMuXXsjJYZspwxSGVlJTd3FtsOI+cCeECv0\D\ep1Pxqp2wN5HIqCZoPVVvTHt\dmOKwmMNXF1RzfK3CXxE5CNjzedvlS5m48ylu\dq\cd23bucnv3uKVet3FGrt9pFf\TD3bY9z5keu47q3ncaJSxZx9tuu5hsfO42JDY9y\3OFFzU\9zKb7Elc+OGreccZizhxyVLOW\FRrj1rPCS3sbmp93RrTnk311ywlBPPOI8zZ0P+uYd5sAGOuex6brjyLE5ZspTzrryGa84Yj7t2Nat63rc2\0K++C8XcPaSRZxywfv46BnjoeVlntt\VyVERESkqGfzin2bWzw4yzGi0R4rmE3SVunrW3ayu637pdFobBSsz\4ti\T3MOsasuVHq1g9DSvLjzVjfDF1TTXRv74mwJ3UF89BJk2\cgjLcRPvft3p3La60MB1YvVtnP660zn9vTcVnvYu5D+\XAx\W1\kzi+9lZNPP53TX3c6b\3SnazanYP4Qq743LdZ1u8yYh2Hz7NoePwm3n1K52v+TD1AeCFXXLOc8LY\c9N7Ty7M87Iv8fA2gDCHL38HS3tMaenbFhVugt32Kvf0nc0Hr+aCeWHIbubhHst3+mVf4uHXckCcJW\9HBcPsPar\voazQBHLuIdw9tgYR\38PCLzQDUnXEDv\vJF3hH1AcMfjaP6w088+He\0OZ3vkTawoPZHM0DfgaeK2xcPzE6+YOMoaIjAQFwAexhFu6Dfgqh4pqoHaaHLJKTs8YQ8Lt\jIqN261w141yRtzLKL24NP1jSHrma6mkhP5gfuD2J9\XQGxKb\+DqaiYLTUOnedgBRPPjwDOa\0esds9jkM7VTuGDPGMC1c+bwsKN4UUGZ9eyoz\4BlqAkM3tfx3ii\w+9k8A9OcOX13awsNrh+iNizBimmwtERA6E6FFv5Ss3XsNVb1zEzGAjLz\xMD+7\Tau\8KN3PDfT7CuRydez69ZB+HxRFtfZtVzL3T\7XGpAV56eR0AE0+5ku988xrOm9x7XjPnTAPSpDK9H597+Kxe5XXr1oF9NKcsjfQe76JPccuXV3BKVfdji5cuped12sI8Wtg52Fm3iIiIDJu+tUAP\vIsZs\u8cCGV9mQLzV+d9nb+Arrejw3aeqkUbA++7c8Wvl+4ZqQhiMzvG\rMP4QTzTw\Mry860u9kSXaG8adLweR0gF69FZAcJAz8e7ptF7fO9Tl3FmHeDV89CN7+c\H6rven77H\6Dj974BzZ7wIwzuOoDXvF1PSpZrH2Aj3zml7xanF79Q9fz7Ibic96rPPCJ6\nlS8X5bfkDX\zLq4Xnps7gtK7l8DjvsEIbSImda9ned71mVBMG2Pky33twG57fY3o3P0UDkIvNYNExA2yP362lPgU481j0IW9YjpPBhvd\6kYe2JgDwsw84RKu\+hy4szgzPv+m\41JUsmZMk6\r7df8PZXoTYp1tdzfy0GDT7\mqUfJ+PRSGIuWoCeiDmGdKh1GV1D7tKVjB+KX6nu3LsfYulLOhbHPVhmIWakG2zPrvD1NClYdfrim\j4CyTSz35BtDuZ6fbcsatjs7KlmywF4eZ84wn1QFLKt\Hx4yLHZnfW7ZmGRpbZD3zY5Suxc3lIiIjBqhSSx+w6UsfgPgu6R3bmXlM4\y6DOPcustO7jq+hUsjjbSvBvIbuLhX2waeDpNjTQDnS2+5dMd7Nq+iZ07d\DS+k28tGEHAM3tpRamhe07gbppTKnku0u\1EVEREaMGYFrDvuXzfwFs2Ht1kLRX8+f\7SBOW86nHCpl\nb+fOTG3o8MJ3jFsYw2ZI\ekTGpIaXG0hcMGN4+gFuWMsd9OsJdtT52KJ5hf+s\xOffjjdf4Q\f4HVm97C3CPDzD3+HfD\V+vpzev\Q4N9F7PzS0JIA5bX+U72\pMb2c7CSDuhHps53cxY0rhf007+tX\hY7i3SxzzuDW71zNf\vvdz3j104AYfgyuu5+MTOJt6h\2XJB6hv+gCLZoeZseB84I+lNsc+eoqvr3gHD737A3zg4rNZPCtOyAlTN+94zpp3PGdd\gE2Pvh9\uUr99Okc0ERGQb6KDmIRWyLZIlEts31yRsIVvhLojVvygZ+kR5hX7kmc1OeIVeuTeUecgZSXulpOpaFU7xgGnOsss0hD6ewbXFWXairXG79PWMo30g1ZP3y0+p8zrEsglbpcbO+ITdMNwCF7PIhcOte7oOE61e8vp3\P5Cn3WPtFH+oUp7hj405TpkQ4rzJoV7vfRGRg5YdIDp9Hme\bR5nLLiXG\7nBR76WwuLX198fvI53PCZs5haahrpddzzg7t5cnfhlqxgvJqJE2dzytEBHnuh79WLvlzK3sklIiIio05n37AHdzlL9PgzOfZPd7CmmOFk1\+OX4+\nHeeMhl7oNd7jaz81a95qUfmEz3ubJZVuTT1aAl3dKzf8JZHq87l1HCEhnevpf66kziqs6vbfVC\7amK51vQv5nyrmHPsUyJ8frc2GKMKVa2Mb1qAHePfwKHTSzeInLk5ax+9vKBV6Y4Ss3UBb3mDwkaN5RqXr108+vdyzeXupri9DYPsH7f\T1PnbeA0ybWcPi5H+Eb536Eb2Tb2b7mnzzxxJ3ce\tTbIpECNj0fp0xQD3ZXOHxUHRime3nk08nSecH6Ds8UkV1sYZK6e1fz99\diPP\vxrmMt\yOOfnsfmp5qZcfwCJsZqOPwtn+W\8lu47N\2dUiZP\9Mhz7v\Lp9X3NQK8b6DUaHpihSCmqN3cQqwuX3n15H7ZU0E9up0r61J24FzVgm3J+xQGtARrSHtkSgbFtUWjqt1ietBfLsi8sYGbE4ZPzYpwxMVjx6zwDg3Tf0EvKKx+8dwo7UFWmFmZr3tC6F30VlzKhgm28IVn5leycDzszftm+lmVkGWBb2mdJbYALpoQV\orIQemlX93INdffwcrcwM8HZ0xjIuB6LjCemgnA7m1sHmT8run+9l6e3D2eM6++nlu+cyO3fOl6bvjYCi48Klr6hQBMYuZMoGkHu\p+Vb98L9d96VYe3FrBZERERGS\63Vhu88F74OznCFtHc0llx7bq4uJxr\fxW0\f4SXdrSR9Qrju5k2dqx5hDt+dBfPNvYY2V7Am9++ED+TGgXrs3\LIgP7Kw27hmEyXjNrn362olGbE4W7LULhweod9zhevTInM3vtKOLF7l9xwoRjg\x1BuIjdvPEHXziqi9yx1ObSXRugnANM084i3dd92PuW7OSu64\h8mDXC4t1EiGmknl+q99N7f\bS3r1q1j7do+wwe+XPqlvks2kyaVztN7MdrZeO0VnHfmJ7j\tSwQ5vCz3tPVX\Fw7\+hTG9ta7HFh1ANJwz2qs7PzcqjCBE5AFQD+CA2K+LwWrL0p+rKPXmOqCp\W5pn4G97cpT7jTsrWryTicJNSKXG35byqE\7LIyXb87EGPhbS77k9BzLYnKP0HtuzOH5ttLh4+kTQnxxQazM3EsL2xYTQnb\dSiz\nmfrv6KS0m6Bt+YstseIGpbjAvYZbf7lrTPURVs93JmRkrPC2BVq0uHa6iuoHngzSmXnRm\onXtUmY7lzsO90a5aR0qwbUxcHjM3uvmvUVERpP5R8yDVeu47xermX\lUib2+tWbYfPjq9lOhFNmTgLgxCXz+cWr63js8UZOeeOk7lF3Pso3bnmK\Ovfz1feFGH71gxMXMYZR1bTdVuY38GqF3r2jFdiuebPh9Uvs3J1hsUndvYDnGHVqnXk8\OYNRN4ed\WXURERIbPSPdFO5zldDJD\JhLeP\pe\jhXxu6HvdaXuLRe17iUcrw1\J\X\0a\3zDCi5YGB\x9TkQ5dGmb1it4YEe\p3NTVmYXqjy2v7MTZz6wZ+xNyw7QCDQfZ2x3HwbU4U+Y8PjpjPVGHb0G+9dTC\2U9O465d0dgtabrrFAn7X492PdR9nTeSyQBzaV36L1318gOaXyzHFfod73WTR\XRnP6am73L0Wb5S0wMwW37PLdf8nluAo878IG+94GROWnQUc6fEwanh6Mu\xrf2\IkP\NTqtz16bpP+y9N7OOgnhFXm\XnVrTx+5cnEeYWfn\UBbrP67oe\cOP9z3POJ08mPmkGi3yfBxj+\T+U6f29GBoTr2a+7\Nsv+n6HFaook2iZbM+pw7gUKQcBcAHsUU1Dn9pLj3OnxqzvGlKiLoyNTmfb8+zvkyY7FhwbE3lh0zWhz825jhtYpBYmc59t6Y9nmzOlxwnZMO8WHeYvXRckPt3ZEu8AnZlfaoDNjVD6LvUUKidG7SGFqR6xlTUB3Daryz8BagNWkyPFH4kDvaSpGd4rDHHqeOD1FTa\vcgpkccJoZsmku0KZ31DHfXZ\jgnGjJ7ZT3Czck1GeGt4P64fy601dngW0V+pIWETmYBZdeylUv38JPXrifr3zxQSbOns\cCQHItbB5\TaasxBdtIK3HVUcf8l5XPjkOh585FZu2HIaF540jXT9C6x8ah07q47mqtfNAmDu3Ag88wS33u5y4UnTCCa28eST\2BzMkAl7Tt3zedXt\DtbWdxztwo2559hMfWZ5j5pnNYrPZ5RERERo2+F1gP+nKmhbbUFGZd+DGujf6QH\7p\2fvPsPjqM6\j39nq3pvliy5yMYVLLCNCwYMhJoQML0ESAIkgEloCRBSCPk\QEhCSCUJJY2YlkJJQknoAUyzsQEbsNxlybK6VnXbzPNiV9JKXq1WclHx73Nd4nD7np05c86Z2ZXOzkxVfE+ncKSS6myhpQOgk80vPMI\OY9TZ6T1WmzY928vxyLRPFlRx6WHFAGQdvAXeeofZwzq9Z7qV\n3j37FP6oGXhbg8U2V3LxwOuQUcpoJv+37+8Lhh1CUBlBH1XuDqkocnmVL\e0syYG0\IMosKA6yhUygc42vKYdhysB9xD+Bjuw7unyqH9DNf0deP0mhiuJBIfBJ689yA9fezCUnHkpf\jNcuakuimdfxE8+JfdXj8pMzx5WbtlgHo8xFePfmhou9Dhxp3mxk0R004x4dkov\gFeu4S2bXHe7v\h7S+96uoO2MyOWlFHDLfYsW7ffrYvIrJ4ecoVW4YYvuIyD6hPzGNYguzXNjDz4Pt72dDa5CndnrpjPGs4Dqfyd+rvOzymjHXVZJopyDiCtxYy3b9vFrv47ldsW8\0ei3uKu8jUZ\7O0n2Q1mRUxAz89wkGA3Yr6myhvkPzU+Yuz+boIWfNIa4A\bO7hjQxs\LG\nv7U+OvqsZKB9D1jxXQHcERx4XV3cNoPJyXaSHLH3+7V6H8\XxnfbFwvwm1bUq1vtBhyZ7Rywfn\f2cmaAa7G\rQtwL92eWkL3\I6nv1lgOX2xa9m+3NbIiKyLyUw5ws38v3zjmBWYQLtO9bz3uoPeO+jnbSnF3PUeddx+xdm9twC0ZbLiV+\jksWFePc\gYPP\w3nnhjO0w5jq9dfx5zwgsetOxKLpk3Dv+W0DIPv7SZpLKz+P4NJzIJ2LFtZ+xqdW8nl47Vz\Onh5\kf1WpLLrgOm46Jjf2a0VERET2UGdjM20+G4XHfZ3vf\M85ufH+KK\zUHevPO48ftXsigzMuFl6wuP8s+PPfu6utJH15V1+hm+nx0fVdLS1SFJuZQeVDqon0OP+jJXXH9s\Nt8bC2fBIGkMpZ8I5eA2ZMzgz7mnzaD8QB1n\Div+JbZ7Tx1P11B8Q3AAAgAElEQVRv9F72sfc\CSUmL+DaRd5e27csk4DvPO57awOfrl3Dq\deFHMbfXMQb\02U9cCkEbOFHO35b\16BrWrP2UV3\1WfzBPuv78Lds7LqVvRGtPnNJDd880ttRt+\Gzl\eZUs7QC5lp55PbsDs3tfuvpxVROhRx3Vs3lf9P5T1\etFPqkDGE\ZhZ\FF4zoAzNA7lfmMyMJCH7C2seG\xg9kH5EBqIrgEex4kQb01IcfNTS\8Rba9DioR2dJNoNzilKoO+XsNoCFr\Z2sF\an0M9LjewzN3v5J3oNNMe9Dip5vb8FkWZ41z73ZL2Z2dJvdsbueNRv+A6zo0w0FexJXMOS4bc9IdrGzo\8rh1oDFA9s7cNvhpDw3sS6ItSx43+Pnr1Ve3m\yU+ezup9J\HKdjysmJXLGuIRe64hV5\gngK0BJxgjc7NTHeS4bLQE+r9iuzVo8fPNbfhNi3OK3Dj6XM1pWqFnPr\e4OPtxgC7vEHy3Xa+VJLA\IzezzleNi6BJ3Z6Y9avstPk7k1t3FCazJx0x27fLClvC3L7hjY2tAWHNJE6UNvsrbe7wfTD\mRZ0G5aJNoM9tZdmU2gM2iRaDf2+FbhIiIjl4Psw07kisNOjG9xWybzll3OvGUDLHPOlcw7Z\fU9T9a0BPMPo9f\miI2+nvtbHWKSIiInvV2P3DagdNNQHM3BzSsss487oyTuuoYtuGSrZt2USNDxKzS5lQUsS0SYUkOgAsjjn3BD76+X+o6r6pV2gS+Gnr3N2uBBYZ01asp+IbhzNz4Cfu9aum4nlMdv\7WVQVP+SZd09h+sJUZp79ID\ZcjVfW\EJBkWcctNP+P7J4wHY8sZDPDn0KnVLyz+IrI4OKu0uEl12Ku96hndOms7hGeM54YdPc\vPb+AbKz4J3Z1w5hn8v9uvZGEaQCufvLCvrv58iKpd10Mq5OadA\S+FfVLFXWcO6uI3KNu5L6vbOfbv3iHKgPAYtoVf+T4yQBeKj99afdVW4eTkxnOb3h2H9Uf4AGeePc8Djk6m7SF13LvD3bxlY8tLCzMjiyOjejL+tXP0t2SQ+3\oI\WDh\gIjHFhX2P1vckD712MfPPmETuUTfy0LXtfOOuZ6jEYvqFv+RXlx6KG2hZ\Qw\rNh3LSgig6cJ4FEs1W7juBwX6zyBmBNTdV6TOza08URVJ6eNS2Bqih2fCaub\TxR5aUuxu19u7flMDgiy0li1wSwFZqUimdGrMlnceeGNp7a6eXUAjdTk0Pbf6vRzzO7QlceD8RmwHmFiUTOY7psBp\Ld\NOg7\fK3wtYEd7kG+vb+Vf1T7OL0rg0Aw7LsPAMEL70Ba0eKPBx+OVXj5ojt6WtV6Th7Z3sijTSUmivXvdsfY\YEIgjofGertuAR3n75bTUx1MT3GwZYBbdjf5LH5Y3sa\qkPtXppspyNo8aEnwCv1Pspbg73a7dOWIG82+PjtIWkszOqZBJ6RamdGioP1Mb5oYFqwpinA5e97ODrHxfG5TnLcNmp9Fi\WevlPjW9wz8+NdhlwvMsO1Qi81LfZb\F4ZScPV3ZQ67VIshucUejm4uJExiVEeS51HFoCFisqOni0MnTsJ9kNzix0c0lxIvlDXKeIiIiIiMhYZBgGlmWNwTKAp3YnnalZZKYm4UwspHROIaVz5u\WBqa\HU+Tj8TcY\n6NfCLPpPA2158jH8Z5\G56akjYL\2XjlSjd0vJowWQRbeeiSlkZO\nh1srvHH\HuKZU+laFIO7nA885T7uOCxK3ikKr6x9ufb7+fwB5azJH88J3z3ST690YsXN+7wCls+fYy7b3178H\Ssqzu17y4s47rSYUJp\Li2hPwbn+B5Wd\m\f4M1+5dRJP\GgZk9JKOfW7T3LqjV68QXAnde2Rly1P3crVT0a\r1\fYdu9VSv6mO7+l4j6PVNeyelTikibMJ+51uNE3u347Zsf48VDl3NcfhqLlv+Zl67w4vUC9sg2epJf\WTH7n9yPHkaRUlAcAtrf23t0z8LPnHNrRzyt7tZNsVN6ek\5cVTQ\9+6toXOStcT+\GJ7j1mid61WNI\f+Df1J++mRgM\8oO4Mf7OH63v7B3Tw5607OnZbGoV\6KS9ecGev13h3vc79P\jzbn0tIsNLE8CjmNMGi7OdPFtjZ0Nr7MlAgI9bg3xc3jbo7dgMWJjlZFbq0IdL0IIPPQE+9MT1dJndHJnt4rCM3ts3gLI0B2XpDlY1xV6vacEb9T7eqPeRYDfIc9lItBt0mha7vGbMW2R32dYeZGen2T0BPBDTiu9DQ8Ac3IcLA7hgfAKv1ftoG+ASY9OCDzwBPoiz3QMm3Fnexh8OSyPLGfoeosswOKvQzV3lwe4rovvTaVo8X+Pl+ZrYz2bem8bq5wqP3+L\NrTx3K6etmwPWvylopNPW4N8b1oyk5IG93XTOp\J9z5u47X6ntuDd61zQ2uQWw5KpjR5D77CKiIiIiIiMoZ0TUyM1dLX0sCulgacCWkkJzlxOhyhu06ZAfx+P+3tHjrDvz52tiSSlx99EnjrSyvZNv0EJoyQ\dpbpchuim\jm2eWdk\kApDs4e3rLuCuGFc+nv7L\L9SRH\kLuIK2+9mEe+GucVsxV\5urLarn+pq+wbP4kUt1u3IC3pY4tr97P97\zGJ\EvRNdd4LrfUe4ylvv5rGpd3L6tFTcbjfuomIWQmii9dXbWPalD\jWVRdzSsT2CXpp2f4uT9x3Jz99tnLAbXRnu75kEfXLFtFf+85TH1B5chFFRZM5uQjei9wcf+aGy2q5+rpLOH3+JHJS3bi7buvctIV3\3Ufd\7kWXq9BACLk06YQS5A+Tv8NFpz7VWvc9tZl\DJ967nvGPnMCkjNJLc7lA91770KD\9QZS+HEr\d7dtlD4Y0nh6nTvPvZzN\+\7XH50uI0BvC1sefcJ7rvrpzyrq39FRhxNAI9yU5LtnJzvpqKjg\bBPOh2EDKdNk4rcJPr3v3GJPvjI3GB28ZXJiZG\cBQlGjntHEJbGprp9E\8JXEELrl8raOgSfM+7Jgt9tkx9p\u2Fgj+Nbo67wPX0H05Zz0hxcMD6B+7Z2DOJV8anxmqzzBDgy2wWEvgCwONvFobU+3moY+Fbde4PV5\3169eI+kW0H\Z0clzu6LfevudRj+\39bB\81IGdQ6H9zWwav1uz8b2gLebgzd\vymqUm6ClhEREREROQA4u\00NQZe5lASy015EadBB539NGUAkP7yr8Mhianh9kRReT1\Td7MZOPsLAe6f9lcwpyd\u3tKzJg+vP7c9w9\JnuDv+V\Tj+5w+5\tR\v1\3HH+Eu7o72Xr\sEdy\Rfz6ubYT86bIl\Km\5EOXsyTavPjKX\K\T07mvOmlLLhqLuYt7\X++9X2Z\jldc\wy7jqF2aeximzcwEva1+8ez9dvfoxj952OY\eBnzhPv73zRxemHMGtw30ssH2\dOZ8739uL6APiYR799Lo8O6jUiMpzietSAjFxum8GZ49zMzXD0uoPt3vw5uyiBxVm9nwvLPtpW3x+XzeD88QnMTIl+VaLDgBPzXHwmz7XP65TtslEQngSPZ\lEu0E8FwtnukK33R1ofZFsBlxaksjROc69vp8m0Peu3OPcNs4pTCDHbdsv\d7XYJffE\tzW\3xmRYP7+jAjFGPZ2oGvgI8UoPP5IVaX8x+f67GO7hbdYuIiIiIiIxRlmXpp8+P31PDrqZOzPxj+fo1J1CSnkrJiddzzYklpI6A+u3NH5GoHnmXze19\q19M+\GmPwFeGbj7teeVm58Zu\V64BQyZ0P\486YPzhF3N6fNcBxWR+ZRkLc4HtL\Kr+\Z8fYNmGBj9XCUtIrI36ArgMSDLZeOOGSmc9W4z1XE8TzdeBnBsrovlk6JffbuvGcDSHCfLxrlx2vqvQbLd4MYpSaxv8bPOE9wnk3QGcEKei3EJoQlgmwH2ARolzWmQ4Rz4OxbjE2yhW5\E+AXDHWX\UxwG3yhNprKzhfI4bgEeL7fN2O02wHYDPpPrYq0nwJ+2hyYm96WEiMZ1GAY2g34nJu0GcV1pPRC3LbSdWJLs++dDWYPfonmAyd2OoEWNz2SSI75bNtf7LDoG6Lgar4nXDD1rWERERERERKSvQEstu8glP\9YrvrWsQCY3iY8w1yvA4Ump4fbfdz808n8+upTmJwBNG3mmV\dzH0D9MvbN93Bn7Jv4by5RbjxUrnqUe64aQjP7D3QPXkH\77gSS6ZvpBllwd48oE9eIyZVcDNxx2Kmxbeeexm3h6OzvjzZRzx52HYrogcMHQF8BiR5bLxp8PSKEtzhGb19\ASzGSbwan5bn40MzX2hNc+vAx0YaaTqyclke0aeJgm2Q1+X5bOcTkuEm3GXq2HyzD4TK6LC4sSSA5PjKU4DArd9tABFOU1NmBioo1c18ATaYekOUiz919nl2EwtZ\nsk5KtnPL1GQOTnWE+mkP99VtGJwxzh312bI2A74+OZFl4xL2qI0zHQbGAPnChJ4+L0qwkRqjfXKcNnLjGCMDSXMalCTYY9Z9apIdx344a6Y7DFIGaGO3YcR1bHTJdBm4B7jUPMtpi\plAxERERERkQNN34k2xT1xoKWW6qZOgpZFsLOJXTUt+EdQ\fZGPFINVE\l932+8vGbOf2oQzjkkEM45KjTufnxyl756P7H3ZedzLyygznk0PmcfNnd\G+Y6j+68zu4+55\s9nr5tAz7mGR2Tcf\qDF97GqTPB+8Gj3PrQ3qqf8soPX14kGk0AjyHjE+3cNj2ZUwvcJNuNIc8D5rltfGlCIt+YmhTzFsYDrSfFYZA4hHq4bAanFrj5zrTk3a5EjSXFYfDdaclcUpJAfkL8t2ru7wegNNnOVyYmcuPUZCZF1CXBZrAk20lBP7dEznAaHJvrinnlcpcsl41zihKi1hfg8EwnU\u5BbYRzt9yUDIn5blx2oa+vzmuUL9fPjGx37q6bQbfmZbMpRMSyB\C7aAnJNm5pjSJOenRb1luM+CYXBd5Ec+bnpvhYFpK9OXtBszLdDJ5EOOkPwZwQXFCv2M222XjmFwXrr1wtfFAEu0GywoTYrblMblO0hzx1yXbZWNxVuxbhh+f62I\7J6IiIiIiMiIZ\T55Uhx7zjYUkvVjh1U1bYQGAH12dvxSDbQrauVV35M59+8lTv+uRnv+KO56fuHD3H9S\j5xYtIa3ybX37rF+wYSfunvPKDyIsMRLeAHkMMYEqKgxumJHFEtpM\VXSytjkQ9+udttCVrheMT2BWqj3mbWD7TlJGMz3FwYn5Lv5R5WVdy8D1MIBJSXa+WJLICXkuMpyD\Cd67Zx6YREFmU5+Vull+dqfHgH+VBTpwGz0hycku9mQaaTSUl2ol1oOTfDwZWTk\h\n7bREezZhstmcPnERA7P3P25yf25uCSBHZ1B\lntpWtVBjA7zcFXJyaQFeNW0gYwJ93BLYlJHJ3j5C8VnaxrCRCMc7cTbAbH5Lo4c5ybeRmOXrdfjsZtgy+VJDIrzckftnXwTpN\wOfGGoSudP765CTmZzqYm+HkW+tb+cDTMy7sRuiq74uLE0mNmNgsSrRzXWkS3\64lY1tvW91vTjbyZdLEgY1ERrLgkwn356WzI\L22n093yNMM1hcElJAouynAPeJnpvuXxiAp+0Bnizwb9bblaqg69OTBrU+gzgqklJbGgNstaz+\F4SJqDc4oS9K0gERERERER0B9WZUSyLKvXZLVixQdi\PZtpzHvtj1Z3\+47sSDR8z+KFY81FhkIIalkTImWYBlwaomP49VeXm93keTf\euNoDCBDsn5bs4u9BNSaI9rgmuDz0Bbvm4NeazZxdnOfnB9GQKE+y8Wu\nwW0dfODx44vyHNKZqQ7OLnTz2QI3qY6985xV04Jqr8k\dnr5b42XjW3BfidFUx0Gc9IcLMl2cUyOk+JEO4bBgPWwCD039W9VXrZ3BMl32zi9wM2kZPug98FrWrzdGOCVOh9tQYtD0518Nt\VazJ0IBbgMy3ebfTztyofr9X7aI+y06EvC9g5PtfNmYUuxrnj6\e+gha81ejnLxWdvNXo7zURDqEreqenOLioOIHPFbiJnNNvDVj8t9bHO41+DGBxtovjc5393oLYb8LT1V5WNflx2uDoHBdLs117fULWAio7TJ6q9rK1PUiey8bnx7k5KGXwfbqnGnwmv9rSwZM7vbQHLRwGLM1xccOUpKi36Y5Hs9\iJ5va+Ve1l46ghc2AE3JdXFM69HWKiOxt768r59BZU4e7GiIiInKAeu6555g5c+ZwV0OGUSAQYPLkycNdjV5KS0tJSEjAMIzuiQCVKlWqVHnglp2dnWzatGm4355kiDweDwBr1qzZ6+suKysDdAXwmGUAhgHzM53Mz3QSMC2qvRZVnUE6TQsbBikOg6JEG9lO29Am0Qb46oDftAha4dv65jhZmuPE47fY6Q3S6Lfwm6FbJRcn2skcwtW+A7EZUJhg4+pJiVw9KRGP36Ky06TRb+K3Qlf6JtsNCtw2ctw2BrjwNSoDyHfbWD6p\9smx8ttMzgq28lR2fFfORytPm6bwZJsF0uyXQQsqOwMUuu1aAmYuG0GaQ6D8Yl20p17PtFuN+CILCdHZDlpD1rs6DCp95t0BCwyXTbGJ9jIdtuiXlWa4jBYNs7NsnHuuLbltMGZhW7OLIxv+aEygPGJe6dP91SWy8b3piVzzeREan0WGU6DnD183nG60+AH05O5oTSJOp9JltNGVhzPqhYRERERETmQjIQ\7KocvlJERERktNME8AHCYTMYn2gwPnHv3eC16yrj\vhNel1xaxCafEp3Ds+wS3MapDntwIFzlaPDgAmJdibsh7nMJLvBQSkHVvvuL+lOG+lD\17AbgxCX77IcKqvREREREREoumaBFR5YJYjlWVZKlWqVKlSZXcpEosmgGWf8VsQ0HlIREREREREREYZ\WFVRqqBxqbyyiuvvPIHZl6kL00Ayx6JdcoJWKHn8IqIiIiIiIiIiMieifzj\0BXgymvvPLKKz+28yID0QSwiIiIiIiIiIhIBP1xVURERERGM00Ayz7jMMA2sh+dIiIiIiIiIiISlWEYWJal8gAsRyp9MUFERETipQlgGTIr\NOfJLtBgn1\1UZERETGiqRE93BXQURERA5wkRNtlmUpPsBiERERkdFOE8AyJEb4J9YMcJbTRqrDtp9qJCIiImOBaVl0en3DXQ0RERE5wPW9ClTxgR2PFJqcFhERkXhpAliGJMVhkO6wAcGoeYcBk5JtpDtG5gdmERERGZlshkGC2017h1dXAouIiMiw0UTbgc3pdA53FURERET2iCaAZUjGJdiYk+5gTXMAn7n7L0V5bhsLM516BrCIiIgMWnpqMvVNzSQl5g13VURERES6nw2r\IGTT0pK6nf54aQvJoiIiEi8dH9eGRK3zeCsQjdzMxzdzwLu+jEMOLsogbIMfb9AREREBi87I41mTyut7R3DXRURERE5QHVNtHU9HzbyR\mxn8\IyBh4kOxndrt9uKsgIiIjiN4XZCCaoZMhm5Rs556DU3lkRwf\2uWj2W8xOcnGxSWJHJ3tJEGX\4qIiMgQOJ0Oigpy2by9itKSQpKTEoe7SiIiInKAinwWbLTnwio\dvJtbW04HA5KSkqw2UbeNTPFxcVs27Yt5vOJLctSXnnllVf+AMmXlJT0u7wI6Apg2QMGkO0yuHpyEs8tymDlUZmsmJfOiXkuEuya\BUREZGhy0xPpXhcHlsqdlJRVUN7h3e4qyQiIiIHmGhXjSoeW3EwGKStrY2dO3dSVVVFRkYGycnJ8Q6R\eq8887rnpiO3IfIsovyyiuvvPJjO28YBueddx4isRhW3xEkIiIiIjJC+P0B6ps8NLe00dnpJSHBpclgERER2aea66pobWkZ7mrIfmCz2UhNTSU\P5\JkyfjcIzsmyUuXryYHTt24HK5gNBEQOQVYYoVK1aseOzHPp+P8ePH8+abbyKjl8fjAWDNmjV7fd1lZWWAbgEtIiIiIiOY0+mgIDeLgtys4a6KiIiIHDCmDncFRKJasWIFS5cupba2lpSUFNxuN4ZhjKiJCcWKFStWvPdjy7Lo7OyktbWVjIwMVqxYgchANAEsIiIiIiIiIiIiMsJNmjSJbdu28eMf\5gHH3yQTZs2EQgEhrtaIiKyjzkcDkpLS7n22mv55je\OdzVkVFCt4AWEREREREREREREREREdkP9sctoG17fc0iIiIiIiIiIiIiIiIiIjIsNAEsIiIiIiIiIiIiIiIiIjJGaAJYRERERERERERERERERGSM0ASwiIiIiIiIiIiIiIiIiMgYoQlgEREREREREREREREREZExQhPAIiIiIiIiIiIiIiIiIiJjhCaARURERERERERERERERETGCE0Ai4iIiIiIiIiIiIiIiIiMEZoAFhEREREREREREREREREZIzQBLCIiIiIiIiIiIiIiIiIyRmgCWERERERERERERERERERkjNAEsIiIiIiIiIiIiIiIiIjIGKEJYBERERERERERERERERGRMUITwCIiIiIiIiIiIiIiIiIiY4QmgEVERERERERERERERERExghNAIuIiIiIiIiIiIiIiIiIjBGaABYRERERERERERERERERGSM0ASwiIiIiIiIiIiIiIiIiMkZoAlhEREREREREREREREREZIzQBLCIiIiIiIiIiIiIiIiIyBihCWARERERERERERERERERkTHCMdwVkL3jd6u28chHlVQ0dxC0rOGujoiIiIiIiIiIiIiIiOwFdsOgOD2R82cX8dW5E4a7OjIKGJal2cLR7K0djXz9+fXU+yxwJ2I4HIAx3NUSERERERERERERERGRvcLCCgTA20G2y+AXJ85k4fjM4a6UDJHH4wFgzZo1e33dZWVlgK4AHvW+\vx66oJ2bEmJoXlfCzCscBmOu3TnUV555ZVXXnnllVdeeeWVV1555ZVXXnnllVdeeeWVV36U5A27A5JTqevs4OvPr+edS49ApD96BvAo9rtV26j3mdgSwpO\of+EysjYQHnllVdeeeWVV1555ZVXXnnllVdeeeWVV1555ZVXXvlRnrclJFLvM\ndqm2I9EdXAI9ij3xUieVKwLCsiC+EWFFilFdeeeWVV1555ZVXXnnllVdeeeWVV1555ZVXXnnllR8DeVyJPPJRpZ4HLP3SFcCjWEVzB7bwM3+N8L8Z4f8qVqxYsWLFihUrVqxYsWLFihUrVqxYsWLFihUrHnux4XBQ0dyBSH8My7Ks4a6EDM3En7+APT0Hg8hvgKhUqVKlSpUqVapUqVKlSpUqVapUqVKlSpUqVaocy2WguY6t13wGGX08Hg8Aa9as2evrLisrA3QF8KhnhP+jUqVKlSpVqlSpUqVKlSpVqlSpUqVKlSpVqlSp8sAoRWLRM4BHue4LuC1UqlSpUqVKlSpVqlSpUqVKlSpVqlSpUqVKlSpVHgilSAy6BfQoFroFdHavL3pYoFixYsWKFStWrFixYsWKFStWrFixYsWKFStWrHgMx4Hmet0CepTaH7eA1hXAo51lYfX9p+7\MwDllVdeeeWVV1555ZVXXnnllVdeeeWVV1555ZVXXnnlx1ZepH96BvAYYGBghMtesaG88sorr7zyyiuvvPLKK6+88sorr7zyyiuvvPLKK6\8WMyL9EdXAI923VcAW2CE43CpvPLKK6+88sorr7zyyiuvvPLKK6+88sorr7zyyiuv\BjMi8SgCeCxwIj+bwaETg7KK6+88sorr7zyyiuvvPLKK6+88sorr7zyyiuvvPLKj5m8SCyGZemrAqPVxJ+\gD01c7irISIiIiIiIiIiIiIiIvtRsKWRrdd8ZrirIUPg8XgAWLNmzV5fd1lZGaBnAIuIiIiIiIiIiIiIiIiIjBm6BfRopwu4RURERERERERERERERCRMVwCPBYZKlSpVqlSpUqVKlSpVqlSpUqVKlSpVqlSpUqXKA6oU6YcmgEc5Cyt8FbAVfiJ471J55ZVXXnnllVdeeeWVV1555ZVXXnnllVdeeeWVV175sZUXiUUTwKOcEfFf5ZVXXnnllVdeeeWVV1555ZVXXnnllVdeeeWVV1555cd+XiQWPQN4lLOsrq95WBiEvxGiWLFixYoVK1asWLFixYoVK1asWLFixYoVK1aseMzGIrFoAniUMyL\zwDDUqxYsWLFihUrVqxYsWLFihUrVqxYsWLFihUrVjyWY5FYDKvnElIZZSb+\AVsyWndsQFEdqZixYoVK1asWLFixYoVK1asWLFixYoVK1asWLHisRcH2zxsveYzyOjj8XgAWLNmzV5fd1lZGaArgEc9YxTHZv1qvHXszpWMPSkLR1Y2Nmfvx1Tvve37CVZ9iI+JJBRmdf\7bsubnQTrWjDycjH26vbHfhzq30Lc0wq6Hza+X7Yf0Wd9H3I+UtrH6qzDX1dNoM2H4c7EkV+CI9Ee1+tD7erAXjgDV6pz9+UDDfg2bYVxB+NKi5KPFe\BeLc8m+ncCa7SydgdcW5vL8TRtrsvtzdSY6u9joCnEbOtBTMAhjsVe2oujswMDNvw1290xkEsz06CrvE4EkZCffZRHD5nBBlIfOdzy7OZjijHZN\l8Wymc2cS7mkFgzzf9O6XgZcf7bGJ1VZPoLkBs6UNk71zfNO6A39dA0FvAFImklCUDgfCeB\OuKOaju1VRGNLTMWWHOpTbAfI+5vlxWyowtfUiBlwYc8qxJmd1b3\MV8f47xluFOxJWbgyMnFZh9oeQe2pHTs6bnY05K6txPt\SBYvRZfMziK5uBMsQ9+f8dAbHmbCDQ1EGxvwvTR8ztbdi62GOd7xSMwjjgm7AWzcKW7oy\fUY13exUWGd3nokEffwAEMRur8DfVEvSBLTEbe04hjiRn7PoGGp01W+sAACAASURBVPAPYlt0VNO5vX2\z6iWLFixYoVK1Y8nLFILLoCeBSb+PMXsCWlDnc1huzOMxZwbnaUhBnE09LI62+t5YpPEnEk2aMstKfy+MtFk1hMPXc8tJEH+llqfFE6dyzMo\Lv5XxrH9RiLAv1bwuP3b9+v7bdiO8zfwenlM3g1nn55LoA00f5++\zxZWw0z3gq7uPG0\5Gg5+wbvbH4WZNYU1i7OhYgtlz9UMqmp70naXnXQotxTDm2++zxfWDfLFe2C4tjtiWD6Cu+r5wimL+eqMHEqSwrNBZhBPfSUPv\ABdzbmYnfGXo1EkZzATYdPYp73Y85+c7grsw\NPog1izJJG3DBNh67\6MBzw3xHpOh5byDf484UPoFABOzvp0rPzeHL03JJC8h\HnIDOKpq+Thlz\kzvqcIRzfJl8+YhZfn55Gmg3wNnH337eRcsC06zBZMpPNM\r53B4I4mmo5OEXP+Ku1mwMxvr7m4npcHLv5w7hlFwXAN7GSv7wn3Xc5Ukf+A8a4c86Uc9b4d8jXnxlFddVZ2CzDbB8wEf51g388bntPOzM7v5SRS\BFB64cBbHpkJN+YcseKX9APujSxCzoYbPLjqMa8vGUZLixG2jp61ffotrKrJxJERrPBmRIo4J746NTH+2PuqYLlowjf8dkgH4es5Fgz3+MDFNG\eccginFCWGxk7AR\na9\j6q0E+TXXFVc+4trVkJptnuMfoeVNEREQkOrO9RVcAj1L74wpg\ZY2BhijtOziae5gY2PPT4XPIC09h1NOXMrrxyZQFNi32yfGcicdPJklWc59sv2xXva1v7Yb2Wf7c7vxluPLZnH34nzSAm28Ut7E+k4HU+fO43cL43t9l7SpM1gxpbk77m+5wdRvT8Z7X2N9nI2M0sRyJbPi2tO5fW4e+XhZubmep8sbWNls4s4t4Yrzj2dFaUv37WFGRr1HSTlxPOdPSSPdNkLqs69Kb4BNjZHvwz68AD5fr\fmjY1eKuNcL3t5uQOyXwDD7+DOLy\lptk55DmhIvJzUl4JV5x9DCtmBAa\3uQJXDwzjTR\O6+U1\P0Jg+rD6R2HeaSjs4+x1YHFQF7qE9Pn8f1LpNohrvee7U03fzmtHmckmujoqqB56u8eDOLuOKUQzjXjG89QJTzVAcbO0K\Ryw7dRE\y\PFXr7Jj8dwMXXKbG7\0lxuzmmPuj1rYiazU8EbgLySAq7yjpB23E+lZYN7LjmVXx9VwtQEk3WV9TxdXs8rNQFIzWHZ6Sfz4qIgZnBk1FflIM5HgDs3nRv80fImV4\LINKQjj+vjTuXzWNZsRtPfRNPlzex3udg6tzFPHZaFkXx1DOObe1Wv33QXipVqlSpUqVKlSO1FOmPbgE92lkWlmHsXmJhEeXfR1A+xMdH6z7gCx9ZEM5jGBSXlvLg0TlMOXgWP6x9k4s2Jva8PthKoK6SYHM7Fi5s6TnYM3Oxu+096zc7CNTvJNjSiOk3MBLSsWUV4Uhxh7YTrR2tdgI7NhEgB1fROGh6n4C3DAhgfrqKjpzpJGQlYRkGlreRQGMNweZWLNzY0rKxZ+djdxrh\fMRqPoIv+sg3MltBKp3EfQZGMmZOHLHYXfbetrH8hKsqyTY1ozpszASM7FljsORmogxgvsvvv7tZ5z2er2F1bILf1MjwfYOwMBITMeWWYQzxR1+nY\Azoj23LWLoDeiPV02LMPArFsV0Wer6cw+iIScFLAsTF8zwYZqgp7+xk2AYOUH+BOm405qwb+rlqDXwkjJwpFdgD3BMYjx1X\7XDQ1FzetPPfiOq7aacG4ibxyagFTi4th9fYB27eHmyULZ3DmRxX8PdnWs1w\7T7Q\gcb+h\v+D3463f2jPf0bOxZEeM9sl7BNgI7txLweMGVhj1nfE+7RLZfYw3B5rpw+2Vhzy7Akezuvf\BDgJNUZZLcXe3z+7jzMJs2Iiv1sIxvhRHsgOsIGbrTvwNTZidPnAlYUvJw5mVCfaRefzElfc5uGfZYSxJNdlYvplLX66jovv4MyieMZW\LM5iyXFzueWxDdzZFn\7my1b8FYl4pqShrlrK4EWLzjTsOeOx5nqxmytxF\bgOkzMFJzceYXYLOF1m+1bKKzKhlXaQpm7XYCng5wp2PPKsKRlogRuX+WNzQuWxrC578c7Fl5OFISu\fX8myic2d4fXWVoXHoSMSWmo8zJxvDiGgfApiNlaHb5XatLzMPR2rE+iLrF219NgurcxeddeNDw6p1FR2fFuE6KB+bYWG1VOFrbMLs8IIrBVtyTu96jJTxEW9+wybOLO95\4Vi\nN5IVNa6jjhHxU9\25Z4G8m0FBDsK0VK2D1s\9d54JW\Dtj9H+094eB+s8bo188VfiaYvTLSG3\WPnDSjkjz463sZYr\7qJVyKO71mHzmTFvFSWHDKBBRsreSvO86vVsonO\PFkAJ6KNVzwuzU48osITJvXu10LffiqAjgnT8Lu7DpePfjLNxJMK8VdkN49Lsy2HXgrDVwHjQ\1ha+ZQH0NwfYo48QW2r\u47oEAtVVmFYSjoKDcCQZWFYAs6GSgCfKOBhJ\TPYfHjIe+p2csKzu3p97sVyccNpc1ien8dpC2q457XWnmPEbCdYXUWg2YPlcGNLG7f7+1fX+6WnLnRe7ntetyzM1ojzek1F6POA3Y0tPWJ9XfU3fQSbdhJo6v\91zIMrPZq\PUNoc9vjkRsyVk4cgqw2Qdon4MmMC8LvJUVHP1MDVhBrv\sAq4uymTp5G08vmWg9g23Td\zVPj4WHrcIfx+chonzy\k+mfr+l\essBIYflnp3NDYT5fPKKdV5+q4a1e5w0\y2fkk0cHL1fCMRNyOXnhp\zmfedu9bM6qkO3Vu9qj6QsHLkR7TGSx2d\eYJcunQeywrseKoquPDfVayLbL8JE\jn0nHMmjeP3zet5rIt4c\VZjvB2mqCHaHfb7rHR27P5wU6dtKxvQPnxHHgqSTQ0IzlSMSeUYIjOwU6avDX1hDs8GIk5+PIG4fdFfH7nhXAbA21uekLgDsNe\o4HBlJPZ87vbvo3NaGsyQbc9d2gkEHtuxJuDISIdAaOle1hT7P43BjS87BkZOHzRFjnPft15Hcf\3lu85HXj9p7iwWHfoJfOTs\XrnOA7LBa8\iNvJkI8\a9E0zs+z46naxoJ\V4eXz+Tec6ZxUmkJV7+4jm\1O\4it7Uduj7\h\NLPzMnvK0irn+2JvrvQV393N6I6TPA7saWEtHPpgf\lo0EMg4iITul9\Y7Kums8OIsLcXusLAwsTw78TU0Ynp9oc836QU4MlN6Pt90jeviTMyaHQQDNmy5pbjS3ZgdNQRq6wh2eHvqkZ2HzTnCxofyyiuvvPLKKz+68iIxaAJ4tDNC3\SwDCNchmP6xCMw33s\eucrNm3isvwEXpmVwhEzJ2JtqsEGWN5dTJswk19ccixTw7c69bY38fo7q\jyh0nYEwwM\ATSMllx7hHMT3N232Zq+9aP+dErzTxrudntvueGHzOtiBcvPZaphpfn3\qY5plXck4mgJvzf3IV5zfuYvLftmB0ejhlzkyumXc8U8O3p+6qw5c+TMSZYMdiPI\cdCSLWzbznYpsbixLD91msbOF199Zw01rDaoTDCzDj5mawYpzF+9W1x+\4uHfOEds\+1J\0a+nuZObvrcUi6YkkFa1xkp4GP71k\57j89vJ7iwDLia8+7rriKc7v77ErOb9xF6d+2Ynlb+OycGVwz7zO79Vlo3NgwKOKRm5ewuGUL36nI2m0bN681qYp7fPXfPnX+AJBIbqoHc6sfM2kS+YDH295zPMd4fUg7b1a5WFxYzDdPquGvrwaw23uW72n38Ovj2P8ffbW\8b6LqRNm8MsvHrfbMdc93o2erVrOCbz4jWOZmgSYPrZv\pgfvdTAsySF6me2UZCVzQ\OWMySbFfPbeA2fsz\PVnHG9kpof032yjIzuIHZ0Zbrp43spMj2qNnf2nxc+clF3B+gUHF5m1c9GIN21r93PT5E7lgYkpojJlBPM3VPPziBn7UmBRzfI7U48sAzLKJnJwD1NVy2Sv1VPTJV3y8gXsnzOXOwhRmHwSsib\9Lz\7TG4p7uDJf9Yx65JjmZoYarftmz\hu49VMuuck7iiNDl0jLQ18sTLa7l+ZwI24LKzzwq\tpbZlxzHlO6xsJ4fvdTIM0boOYuW1UZhVg63nbEoah+\nh1a7rJzzuquy+wvHsOUxNA49DRU8shLH3NXY2p4v9sJWgn87IvLOCU3xvrOjmN9xx9P1fQkANLmX0XV\HYeu\8DvtXi62cslXNXY2j\R8r4GHq+9yHVnQ\Uc+Ssg\nO4cd3nwswg3iaqnnkv+v4oSet121lTOcEXvpG\3fsxEj\v6L2i8f8q0WLzed1l+\JIb6ZcS07yDyGW7cQHnF+7xMWq\xte79ClZOm8mJmZmcTCVvxXl+vezcc7ilKPxmO2UxVT9ZzMamdqZk9G7Xt7baWTgR3nh1FRdvsIfqM2kOq756AnlttXxvxSZWAJZhctrnTuFnUw2ef+YDrtzawJGzZvOdw3veb3qPk\TQeeKcs7iluJ1nVhkcd2g6bkw2bt7ECS\tIGi5+dmX+o6D9fzfkw28np08cvpnCPnIg6t33stPNzVwUX4OGcnJYPRMAFvk849rj2Zuas+56uGX1vPjxrTQ6+N8v+x9Xl\K1MQo68PAsNrx4+LnXzw96rHYtT6j08P5S47mpjk9n9+87Y0888IarqtOxB6rfWqCNAO5iQZHetp4NWBRlGAHs5MdW6O1T5TPjz1NuVv+lbebqJicSHFiUuzlDQODNn797+3MvXAySwvyuXxSDW9ti8h78zmmwA5tnTy1zmTKhERmTyxm4XvVvGWPqF+nh\OPGKA9Rvj4jJrPKeHiUje0N3LHv6tY33f8bt\OVRvT+M\0BEpKcjG2NGBZLYwrmMjvLjiSqV23iwa8bY0889IqrqtOCbXH8cdRNcPNG69\CrOP4oiM8JisLudH\9hI04Il3DE3M9SePg+vv7WOiz4Jzf0Z+An4A3zrtBO5YFJK6POI6ae2ais\e7KcR9zZofeXzxwb2sbqBg4qO5FcG3h2VnLo0x+TP24C9114VJQ6vsf11WkYhjHAOE8Kj\MR3H8x8gDUtLGxOIPZxeOwPqqPeL80WXB4NlNp481qJ4uLQx0\lOPvotxEvKaf1Ruqw8uZ0P4J29qmQbo93J\91z9ya33zr3ZvK7E737O4gWG2xOjnVVxfnYpRfChvfPV4imu3cdST1ezoXr\FohOOZ8WMRFa+tZoLPwxg+gLcfHq0MbeRh91ZofYLj+vXVzcwreyk7jFX9rf1XHjEUdy421h6n+urk0PjbQSND+WVV1555ZVXfvTkRWLRLaBHO8vCsiywzHA5euLIfYiW3\5GE6t9QHoKl1kmluVlweKjePLzU5nq8LJycx1Pb26mwpHBcUuX8sISB5ZlYfmzefj0OSxJhYrqhtDtUNttlEyZw90n5GOGt9OzfS9Br4u\nDqNqTY\K99bz5XrOli9rY6XG4JAJ6vL63h6WxtYbRy5eB53H1XCVEcgVIeKNjzuUB1eXOLovf7MCXz3sFSaaxp4erOHClsqS45azB8XG6Hl\Dms6KeuPzkhP7Q\I6S\9nb\dpXXnXsUV0zPgFYPz5fX8XRFCxWmi5IpB\Pjz2V2vy6e9nx\tz5rxbLaOCpGn4XGjdkzJDJLIrbR3L2NPyw2BjG++m+f+z\0UIGduUvmce\hZaw6Oh93ezP3v1kXV\uGBKl4rZKVXsibMYMHi5q6x13k0A7F8e1\9PHu5fDFR\JUr2PO033M9Yz3rv52ccTCUkqCLTxf3sDK1nC7fL6Ew\2h+gWzi\njsjkcl2ujprqBp8ubWOdzMHX6HO7\8gSO9IXWF1qurJ\lSsLLWb331VPHFz+\kPML7NTuqOALL1Sz3fJx6bKFXDElCa+nmefL63i+OgCZRVzx+UO4yjcyjpehxDdMzMJNkNXbN7O9n+Ufe3YVkx98jwvfH1z7h6Rw8sml5Hubeb68iXWdBiVTZvHjq4\hxskONm6t4\kqL57kTJYdP5vl\vD2u187heJeY6GMuz9fwgJfqH5mdjF\6FWXxl51OcrXd32l5HlbQ+trCpCWVcRXl05nYXh\rcwSXrh0MctybT3HZqttaOvb1cjT21vxArXVdTxd3sj7lo8vd48lT5+xdDDLfSNrfAw9jjysevJFZYdz39KSnnNBeSOr26xQu50yh3OsyPZ1sWRhP\3vNyOWo3v9cfVf1H7xDtAvw92eexDv8lMLlBRO4YKOj\Du3EHQ00TQGwCrmSsfeYvJD3zArVb8x\e6HXXdbehtaODp8jqej9KuT+7swIObqYVp3fUpLEggDyA5kUV54fqaqXy+IAnaOnl2h0VR2fzwOPH1M04i+z+DUw5NpqKyjuerW1hdWY+VWdzPOCgLj4MR1D+Djvu+P0fkfc0U2Oh5zmXEsXTEkplMDbbwfHkdrzSEzlVXLJ3OAmso75dd5\WWXue+yPWZmSW8eOkR\RyLPetbcPQ8bp+bAR0tvFLe9dkik2Wfn8\P8gZoj+YdPL\LhKyJ\PK0cdzzxaNYlm2ysbyCO+Jqz77nqYh8oI1gsh83ALaBl7cssHZxf1U7kETpeFuvfOHCbOa6obaunqd3bGNlI5CTy2WTAr3qt0ftMYLjhTMzKQEqqnbyeD\LV7zxATMefJcTXqnDsiys\Jk8cvpUZifDxsq60Bhq8ENyJstOnsu3kyLfb1zMW3gw81wdvFLewEpPgLSCqdx44THcPT+Vmp2htqy1pbHkqNnckxfefls6v794KVeUJuGtb+Tp8jpeqYe08VO5\UtlfNkZDNcvfBwdlgc1DTxd0cLqXbsw82fwaL91nMctSaH9i92vw98\e34+amRlbeg20NdHnl9NF+fkp0JjG6\0eb8e7PH30HOrmfHAKr68wcT0bKKzo4GvLjmK8wvB29DKUzHrG3ne7JMPtBJIDnRvq9fyXeezmP08N9TPO7aHjuvcdK5yR6zfdPKF\DRoa+WpDyxoS+PB7jHX1GfMzeFSZ6DXuF7Sa8zVsPDoefy\qGPp8PC4HknjQ7FixYoVK1Y8qmKRGHQF8KhnjPIy1n500uwHkhOYggH+Ar4xOxN38y6ueeIDnmrqem0Ov\3SoZw0cxLLV27k3kPzOTgRtq99mc\8Lxmbyw5k8JsLp3NizjiuppFfd2\HwjSTWHHJPJYkB1j59kdcuNYLGDz+zkbSsg\jmCw\5S9v5FsACZP5xqGZuL3N3PHExzzgCa8mdwL\Nw4Zs2cxPI3N3GvM7x+h0HFpxs44dVwZdOK+duZRRw2ewrL3x6orgVcTQO\Htb+2Zf9CzCZIwrseJtquPLxzazsWnz8ZF49JY\irHTA07P8QO0Ztc8mDdBnE8N9RnzbGNT46luamGuf4+fFp\OTmZmcsiCTmu1bufbNap72DLJdPTu5eU0m\1yQxnFLZ3LW\dv5e4p993aPd\+jtZ1\3ADH3OTQMefoqZd3VyUnPFVBBQBubvj8HJYXjOfqmVW8vcHBbUdMDU1Ev\1h+FgDSOaWZbO4LG8SX5tTxWvrnXEu5+rZVb+HL596LN+d4sJTtY2zntlJBQZQzLHj3FC\ldP\vJWqpAQMA5aeMJffl6RxxHy4d81wHydDKe0UJ9qBdio2xD9uBteudry7tnHqv3eG+rPruEwN8PR\13LtttBSN3x+PssL0lh8sMG9H9P9WlpquPKvm8N\OHSHbm9aMJFvlFVx9joHtx1xUIy6TORrcyr7rwtu7jzrUM7NSeO0gMFbDh\LF0xiqqOd555dzRWfdnTv8zGnLOYPB03ka2VVvLbOGd\6Pq3gWkcCa0pSaG7YyLWvA5Twl5hjyeDeNXurf4ez7Cv071+Zko072MHjL6zl5h1duTTuOWcmp2UkcZhl8NeIVcQ+Fzj7rD\e\jvA+uXTLdw\cTY3TJjM7ddM5nvtLZRX1fLh9m088d4WVprFODJTu59sEc\xffbarawMTGVNSQq0NXPty7tCi83q267FnDM3g8MyUimilUoCXJybDgETryOF4uIA1DghP5spqVC7vZGngdsGOU5qt27khBe63lx8LD8p3uN4BPTPkErAu5PODWt6YnI47th53D4vBwiwbseuXst7qys59emuYyncljmZnJtcyVtte3he7z73pXNaoJK3HH6WL5gYow8m8bWynby2zslp4zOhYyc\+16fp+ajGGD4gUH85+Dk5g9Iw1qWvpvB38NP3ziE46+bCazp8xgmbeVJ1\dxPXd24vzPBVspnPD6oh\SGPJgjJuOq6EPGBjXT3R7b7elW0BADJSc4DwcWEFWT4hG+hg9bo6AH5d08Y5mcnMnpyKta3rmcHGnrXHCC5nJjgBHxW1nrhfd25ZDvlmgJXvrOLCD+m2\HPzuaEwmVkTDEKXEoe4W+v48uMbw58XivjbF4s5LN3Om29\yBfCY3rRsYewYkoqs6cANQYLj5\AcalB1q16l8\+r6V7XcWL5vHCgkIuPrya37\u6\53b80uznp6W3jcw7knDFRHYP3Y7ddID+xq4aLcLBYf5ueeD12hfG4eh2XDxk8rISkj6uviP\56tnv5uedwy\jwn6AatvHtf6zjTbK6j6N+6xlspnPD+1G2VRyxrb6fY4w4xiKw3sevK1s4JzODuWUmvBW6RsLKGcesrND72+PAwuMn7tGYu\OsWGMpNTyWYrWDSpUqVapUqVJlf6VI\zQBPNpZVuhYtxh9Zc9O9LNcFTUdUyA5vJ9zMpnqBk9jG0sPnsDSiDU4vUFIT2PxbIt7G02agZKD5nNv3Rr+uGozb3Zk8ZX7d2FLdIUfUWR1t9\SMw5lSaqPVW+s4cKPgtHr2dXOB2cy2wYVFZU84Imod81WHqrK5IcTsjhm\kbufT\8ws4mHn+1sWe55u08tyuPw8ansniWxb0NEXWtX8Mf393Mm94svnLfLmzJLoyR0E\7rH8Bawtn\WFL6BtLQR+W14flb8XcYWPbMXkU2+0swmKlFWd7fhJlu5F91hxxvNRu5aHKTH44MdxnayK28Upjz3KeiG3MjHd8Rd9f0wpy6\ln8aViF97OACQ4yMt2kb3DC6leAlursbKKcaYlxNWuFWs28qviQ7ilsJhvnlzNX18ORNzWIfSNsPj3P2L9XeM9nmPuYIt7u\+I18mbn2ynoru+ndy9rYmLCrI4eGIefJrAvHyguYlfre2M2K9W7ljfwGlH5zB7UjGss8W5XHX3vqaNn8+NU5LwbN\A556tZ0d3u7VT5wWyC\njZ+r47RvlPLrDxgt\9zApKRXDvpfG+34v88hNAgjSGdmvMcvCQbarj4+2V\X0Z0UAL0BzM3dv6zmuH2\ysrzAQeiE1TWO\Kz6ZFPoj7kWYHRy9+YmLsrPYmphHqyLGAtrOiPq2cod6xo4bWm4Luurw+vz8dG2qtAf0cLr29Tqg6wEig+xYP04FufaocOLmZfHPXkRg9X04SWZqeMLYF1dnOvr2g96\seKGEvH1\Hb\5XzaJWNF\7mYVJKeBJu2MfFXiq79fTzrU+8za0GEPRj+TuxfJ2YHRtZW1\KaRkG6eMsqO56fSdvfry9V\vevTXiXLChoc\5ZrD9d6D0SycPPPceK6eXcPW0HBblpjJ7Siqzp0zm\GOPwVO9gbv+Wc7DVhbGoI\vrv61+vR7V7tuZ3VzEYdlp3Kxv4o77fnMTAdPdTMVhZmUZOcD9RRNTqIEP29WhibMBjdOfJRXNfZsdrDjYNj7Z5BlWFr41tu7M6ndVsnNH1oRy\tYtSXyfbWZdS0+TstwkTvRgo\28LxudbKpLXzum2PBR3H2wUd17PCZkJXHV89qxPXyR\xis5\NjY1MeyMDmz1GO5gepk2dwe+OnUCJLYDH6yDNncis5BbMoB2jdTN+TwKOokJssY5fgLwZVP1kRpS2BE99NXe80hzzvNar9HjxdOdDx4WVXcziXKCplT\vCL2u4v0W1k1NZlZJAVd1buI3CaGXDLk9Rng5JdUN+CDYT7tFKR9\fjWPG0AwiBVox\L5MDvbuKdqGjcUpuF29eoQKqq380p3v\jpNIFOD69EfD5YWduBZ0oS2Cyw7Jw7Lg1MD51kcc+RWRFr84Y+p+flYVmhrwICVNRtjRj38Ph\VvO4BVhBLN\Z+\O4+Qq60T\f6qql3SW7iy9ZessJCEkAQJBZQkCooIIIjPuI86ooOPA7w4X547LzB1wHPHemUFn7sh15meUEcYZL6JecFRQICgICIJBCJDQWbs7S3eS3tLdtZ\7R1V3V29Jd7aurv68X+KTp76nznnO+T7nVCXfOlXdBMk46e4uvro3Z4wFnNd+AQ0vd7F51QzWLJhL8NIBQkGa80+voC7dyb2\jULv5arv78\Z\ljOv2xberiTB7cGVFXO4NzZi\jSByNM+e5O7k5FjjzOo23rF+3DnuejzXPvMVg9dz7zgz00hVK868xZ1BFj4\b9wCjnHIPmXO\xCkFjbNBc2pZge1srpz85k3DxCc6vra2tra2t7eRqpSOwAFwoQiO0Ezpew8KybCcEzJ6S+Wq82qVcV8swIlRXA6\t5t5dM\j0ollcdfllXHX5ZcS6WnnutW38x9P7+UnJ7L67ZSirYn1Z5rnLq0tJp7v7\zI\3PhKI0CKlrb2IfH7uhL8D6ZQMT1n+a4oGwbt14aOKJ9nBtVVg8b6lsu46i2Dxlqc\UR0XubnxMSDw00kksVcuWI+ly+qoq56Fisqy6kqBULFrAaeHul4Muh4bmGo3JwN2v593Tk569UVZcOg8fdtoxp4cgzzK3f\0wk+\66L+Oi8EPWvv87HN3ZyxdVn8fl58\jTdzfx02eX8t0vXc7MfXtZ+58NQ58\aL8zReIDoAAAIABJREFUYmz4ZROXXbeIC85YzTfrn+CG49n\wdsZzTlXlTuuBM1bBo3zxSjNb4JlU6dBKExpGGJd3f13e\dub0uc9kugakophBi4XGiE5fp3kjXLMv3SOdN5W1czd\fdDd3Ona+1cs55s1h+5nnceeZ53JmM8\rOnfzk2S18pbWSSHHO+nNbRng8L+J7aOheBFNCTJkGdI\w\MRB4nvbCc9ZSNG04lEf\z7pYdabTpM7QxvSKaBo0HJRGn6X\XPv4y9Fab4AlpXPAHJyPHj9W+O0X5qT497HgyMdn2lUlwHM4qp1sxhO6YwK4EDOfgxa34jnWe\jOXNpzXncuSZnLj23ha8cys6lvJgfJyGe7CCx7xAXrJjPRStOY0X1LJbPmcGy8sxOl88hU9gLwYBrQe\zfxel+fzstYBDg9Z\DPnre\4Y85Kvx\cI8c1bdvOpLbsz\apZXL+kkisXz+SC2hV86UPTKfv+Lr4VPYbz+0jbBe491MUNVRWcuy4B+6azsAwaWndQP30Wqyumcz57uax6JsTb+W3vnVW982T5fC46\QjzZNjtj2EejOH45VUcoCdKfU+Q80CalrZOnnq9mbt2dTHEcNfhvvUXD\96CUe+rg8eX19\9Dm468Vmrpxdy+olq\jMklV8Jhmnee9efvz8i9y2aw5FZeFhj0960Wq+\fYFVEfbufOnr3DX1NP42VurWb52NV+u\zkHrn4Pn6hJ8NDjL\Ffdw59\gDxOPWHUwMe6ujq5OkdB7jvtXYajnpd72+DmaWUAx2h3vcPKd67too6YPeOp9i4tfeW9nqevfh6Vs+v5h0XbuHrL2Re\454PHbPoWhKePzn3zHEt3UnYHZAEKQhFB4Sz+jMfIhx1kKKK6ZAupvU\h2cXreIy89cyorqCtZUz6SuPPOGa8D7biCWjh19fLnzlsrMh+DC5axbV846hjF9Bh8Jwb3DjpfMGPdlx7hmhDGONa95mL8jxnt17OGFg7Wsrp7JrYkDfDVSyvVzy+HgPjZ0wBUn6vwLwV2\fK3vHyovfetavrV0AZ+8tIO7H20fefyj2dZI+z\KPPcdg6oKbirbw+e7y7l27lToauWBrTDqOcegOZczrrt+18yVc44yl4bb\3ydP8aNGzdu3Ljx\ItLw7AAPMEFBH03XWX6A8\9API6nnkw6PuH\QHxWITyMiCWYFsQ0FtVe\2lx7niqZKRt0eUDQ89z4aqGm5dU8mV86exsGwW69edx\qVe\mb7+\gW33\8JamfstOts1byhXLl\PN157gxj0zBqyvb4w5\SCVgiA8YP+CdPYPoYD+T0hnvos\lLu+dLqvF+SM9dNrKrli0Fi\+P0d3N3\7Xt5l79R53ek56fifOyKt\Pnq8szv9+UThNLpWluO0xDxXQW9j1\lMczZ1GCYMD2glSKIAgP2H76KDnr3b8gZxsEo5lfwxyfZSu5bl4Empv4+GMtNADf+NHrLHv\6bxv2bn836ok1eEIDd3tA+bb4OObe1wDINTexGd\O5MfnV\B5ZeewXueTefEgzHsf06qerc\6Jwb\nzLHVyQuUMknBOPpwiAWCrIWX+yf\y9j6UyyxEK5eQiOXT+pLL\+BMKEdB\7Ygd2s8dbRV8Yek8PnnlHr75izihcGb9DZte5ZJN03jfG+dz7aIKVleUsHzZCv502SLO2\g8128dZn9GOP75FM\8o2wZC5Z0w8tlwz6fc97EK5+soH1HI29+rDcwiuOfOxf6rs9B\5oHPz932d65kO6fC5nNZrcRZH6nLXcsA\YvJ8cjjaVv\oez+55y26W\KCx\wddDxCA584cH2DtjNg5mX7uXPpXYsqWDPCXOrbXh7Pn5HjA\OckWLuipX8xycXUZd95xhLpIlFe9jcHmZ1BUfPf6L\WtA7fzKBnJEdY\4aNr3KmzdN4\1HOMfz5\iONp4gvfc1Esl5lC6YA73x5kPc23yIe349hY+8YxVfqJvHB87dyTd\1fvEsZ7fQd8f+0bSO9\re2g4fRrLa2tIlU2jjh4e2Bxl4\QY1y6ZxrXd81k2C2jv4u+DgBAp5q1Yyb+PYp4MPH97979\Hiz+QWPu9MnD\Bx7vKOlibf9dP\Ir6f0n0aZTtB3ozaDHu\8zCvl8mc18tBeR8wvgHrG3oujrh\O7dzzd17uODsedyweCbrqqZQvXARH124gPWbNvH2X8eGff5frFtANVE2PrOZu5oB6vnYc6X85\mz+OA1V9NcVkppKk79jkH7M\j4AHS28Pb7dx35\QmD5\fQ16+AFNeUZiZt8+GDBASE4jO4smYqAHXnXMuecxhizeI63vRsE89EjuF45On8HBx\+HCczzONhXOKCILUgPfHfctXrebJGy9n5v69fOzB3TxXNY8f\9HlrCnLLpBK0xGNsbktxbmzs7dM5zx\0EUh5+FgmPHmvLvtaeZL365nQ+jI+R+8jQAIKufx4z8cxRh3bufqu\dw4dnzuHHxTM4dJq8cx\Ed93gQEATR\q+BPifGV\bVsXo2bH55Dw1BMPL7o1Gef6m2rSTbZ1K8qJpwzvYf\3UbDUvLWDhzJgRtA58\+PqU3daI+8Mg2bGmR5HnzPU1ym17D3N91UzWrAoIWqpYMwNadrXwQBD0vz71NPM3367nWzkbHPH6lPN6GgLIuUaMNJeGPb+G21\jxo0bN27cuHGk0QkffRHls8En+0TrD9YXT3cx9w0VrAlD7FBn5q7PnjQxoG5mTV\NL7N8mvTB14ju3JOpKUSbie\cSrJxP1\ZuJm3\9uznHHfZu5qSsC0uVx3Zs4Go63c9\g+PvVyOx1M5fKLTufNPf0fMR8y\iRAhKrpRQMvtkGU95YWAQmac28OLg1xTSLn+UEPH586BYjRsB9COWO9c5ix\l7uWEdxPPOtP9iQ5Zev5JOryyntOMgdP3qBpd94hjO+9SyXfHcPzcEwKzja8Rxuezk5GyCI8r6j5CwEMGgbY5lfA8YztYhSoKOrnd198VY++9AOnuqOUF1RCvFDPPBs+\DPP0K\4cVtfG1PEmbU8d9WHvv+D1n\oHOuP54552I79\TX3wEoompR\29fhUiTXlVEDdAR6yEExNJQWlbEmxKD3swsDlMBdHRn\iEtd7nc\QkWhzN36HTHcp4f5\lXtnHvz\fxdBSqV63gf1d2ZfPXRbLxVeKHDnDfs1v5g+89x9oNL\AHz7fRQSkXrVpw1OObr\0Ne6PEiLBu8Xzm9qSGLh\v4dYFsykvKqEj1jam4z+csZ3vA+cCQLAyMxdaDme+ZHNwjnvXl5vjIxm4\RQdcaB8Crdmr+F98Z49xLa9Sqp7wGQ9yvqG6Q+aSx8+wlwa1fryvD\QHL54\iLqwj08\MxmLvmXpzjjW8+w9ju\5rGO4ZYfnP80Qc61YOj2jiN\2bwkjnKOj\fxHHt\If\6Z59kz1++kVvbowwWootv78\eLZq9Af+En9+Nh6jvgvKKafz1nOnQ1c3GdniwNUqMKSy4bDrLS2Hz3p3Z58\hr0c5T4bf\558OmegfkOZedBsjt9hOdPnn6usb1eHm19Q8\FvuVzchAiTmr\VmL79vHUi9v5+AMvsHbDU1zz+H4a0hGWL6vj2hG2V14EkKB9R\6G1\czC2vdBKbNpXqMDRs38ldRxjvCT+eHSWZu\3o4ZVt0czxWzuPi2YAhzt5cOuBQf+1Up8AKqu4cUn8uI5HvvcbtvXQANQtnMt7OuJDl091csmKGdSFI8QSMV4gwhfXn8GasgSbX97GNf\yFEs3PMPaf\sNf78\wbEYOr5uOuNA2RTOnRMfGE+0kti6mfgw183+50f461GNMZPXeDavHxshr\mUr2PtN7zcxeZ0hDXzazj\jBnUpTt54eXoCVn\F\oepr+Zj1fKBl4\Q6KkgQAQWTA8kd+PzKW6+Po8tz3\KfbeCEOa+bX8t5lFVTTwwsvH8jG++fcujkD39+GEq3Ec+bc8OMbeI0YaS6NZv\s27dv3759+\YH96UjsQA8wfV+on9wywiP51W8dx96mkkc2k\yUKZN7NtKzYxF\OsbqoA4T29pzDzv2TY2J6B0\ny+WradZGcnqcOHSO6L8dVPfIw9X7qaf1wacO4Vb2Pbl67nJ+uaSbS3ku7qJLl7M79uzf5Fr\c3PzNbz\zvxXq+1pSE2Yv560vCmTsjA7I3QqRIt7WTjqUINh9mcxrqli7goz17SB7uIN3ZQjyYw0fqpkIyxiu5v6U6o5L3LW0m0dFO+vBBEkEN764rhe5uHt4C5wwYaxuprg5Su1\JGWse529U+U0THBqY3+ShZpKH9pOOQ7BgOtXA7von+OctLaS62kkd2Mnys2azpjQnP4OOZ3KE4xn03SmeImjrIBVLwuauATlLHe4k3dlMIqjsy9nmTcGQnCU7OkgdPkAiqM3Zxmjn1zDHJft7z+XzZvNfo3tJHe4k1bGXRGMzvTfiEg4xJ2gmnTrC8c2dun2P97DhF408FYPq+VWZr23uvT6MYf9753vQO9+fbR1wziU6O0gfbh1wzv2vpbnjmsp5K8uoOXCIdFcbyX0xvrymmnLibN55gCDYywuHgNk13LRkf+a86Gojue8gnzmzlmrSNBzYA6NcbsDxAIKgic9uaqeDcq667DQu7klBzVk8dtvH2faRudQ0HyDV1Um6s5FfvtZKFCBSlJ\nz2jizzfweCcwfzn\uj5Ozb79mfx2tZJq3s5Fa1bzh3URiLbzwJPRMRz\wcd10Hk4ZP4NvJ72zYUVU6g50Jo5r5sPctvK3rnQAsE+nu8by77M+dbVSmrAWJoGrpJB+z\g8d1sPJiG0mquXX+Y+KG2zHYP7eaiN7+dpr\9OL+6pjL3STnXl+HWR9+NcEH8AOmuKOmaM7NzqZaa5oMkuzpIdzblzKVIfs2PY44Pl+fZ1M0ADjVx+8ad7OrKXr9SlVxWExlw3PqvBb35byU14FrQMnDRYIz5O0peUiPkJX+O72jje3mhMw2lNfzh+2dzVfsWEs2Z189k825i7Wn+92lzgDiN+zj+83vwcQ0CCA7wdGsCZs3mHbMixDp6eDAI4NkeGijlvJVVlHOYzZvHPk+GnG9jnAfjn59jjA8+7kd6\jB5Gpq\gXlPjvr1cvjtEOwalINW0l0dJA\tYn1fDqoIgiX8x6evp+nWNbxnX3Pm\fDhVl58qYX2BBCKjLh\jfE0MINz18WIt7Zmxru\nsThZN8wKiJRajvjIx+fAQdzFMe\d\l0bMD70cSB3cR37uWT163l8hkQO3CIOxsgCLq5tW42pcDmna\zp49t4ZbHtnJLtv3Tx15hw94YMJWLzqghNcLx2DToeIz7\DuWeMNuHtifhhl1\PfrprB8TxPJzo6+eVEzdzl\vbIcUj1s\N0+CGpYNhPoaeb7P9zMS12dpDqbSXQn+XDtjN4JmF0\A\p97ZHmaQBB0MY9zVGgnIvOKaWm+QDprk5S7Y3ULD2bV+68kVeuXzHwvBuwf\1j\MEPX+F3XZm\zyW6EzljZMg8T42Q17zO30jxwdeDtj28cBBKayv5i5pyONjJX7X1nj+5Bz\nfBrl+fdCNAXhSi5bFyPRmr2uH2jmo+dUUwc0tLWM\PyBAx3V\vUvPjDPL2XzHB+S597n72LjgTTUzOLGyqnQ1sk9Db3x9kFzLvN+I9XeNGDODTevM89f2jeXfj\7fj11+BAvvnQgO5eK8mt+GDdu3Lhx48YnVFw6Er8CeoILEYIQhIKBLcHwj+dVHIASzjznEh5bQ\ZxKC0vp25aBEhT\9o2Praldz8b+dq2Kr6+spzrPvI+1mzdycuxaaw5rZbl06Fjzz6+siNEQ\IwDcunseaCq\jV\L08fzBG+Zx5vGHx1EwhZPCP44UgFMTY8EQz175nHqvPPIMvb3mBv2gvoyUFMJPLP3A6X23o4taXd3Dn6zP5+ukL+Ks\vpLLt+yhuXQO65fNoaooTf1rDdyR3Y+MUtZf+U4eW9nIy51TWbe6hrqiJE\Zgf3hYD6QWM9EKO8MmesT+Vx\kaV3+m85aOX8FjQn9\etn7nq9y0P0HLGVC39ioenbqTl7tLqK6bz0WVxZnf+grSfU\JPZ6PjnA8Q0GI5lQAzOQtH1jBP+zu4tZXtnPn1gq+vjInZyVzWL88m7MtDXw5Ow+Oug1CsG0082uY49K0lXsbZ\L5BbX8l09ezrlbmumYXs36JTMpD6dpaIlRUTWLD\7+pSR+uZ3bd0SHP765Uzf38Y49fO63s\jR+RV9BeAQIegY\f73zve39M33Jr62vZqvn54957bs5OV4zjnXtI87d2a3A0CK0kVv4uFP7uHJXQnqVixgzYwIHU0N3LYFQsS47Tf7ueBtNax\5zv51cpGnm+LsDy7XKxtP3f+GhjlcqGcmdG7vw0vbuO+ZWu5oXIRf3nRXt72wgFe6Khi2fxVPHzzHJ7b3k7H1ArWLamhmiRPv75zyHU0L86fUcXb+NSv9vGjy2pZfd7lPL6ynd9s209zopS60+ayblYJpHq4b+PmzNcjBqM9\kOPa2Z7gy6dveMYdD3tVb7s\Mxc2Bml5rRFrJsVoWNPA7e9FoJQlNuf28+Fb69h\Tuv5smVjTzfGmH56TljeWaE9Y+w3bs2tXBtdQ3LzruSVxbu4tGGFFUL5\KGmjKItnPvc4cG7VroiPsRioWJActPeyP\O3WQx58+yAsd1Sybv5qHb67kuW3tdEyvYN3i7FzauivP5sexxofLcxeN3bCschkPf7SYR5sSlM6qZv3i8r7rDamA\h9AT1G6qDf\Ceqyee3P\3Hk7xjzkj\Hd\Txux7fzYXvXswFi9Zy15+dyZfbO9gfBaZMo66ihNIwdDTtGeP1dcBJ0H9+Dzmu7dxfDBv2d\PpBRVUT4P63buz+eqgoauWZdMi0NbDAx296xn9PBlyvgVjmwf5kJ9jig8+7kd6\jB5YsjjA\P+5BheL4fbDoS468WcHCzYxaNNKaoW5OTgNwcJAY+3zufCBXX8zafLuXZbMy1k3x+UpqnfvpcHR9i\u15o4dora1h21qX8dnYjT+6H5csWsKYiAtEeNqdKWb3sXB74vV187Gf72Dzc8Rl4MI9+\HuXL6\l0Y\O6n8\Gi6lpnIq5WEg2s6dP99FQwhCxUu4bEEEEh089KvowOOfXe99L3VyU10pC+uq+euyLaM6HuM+\44pHuUrj+1mzbvquHTZ+Tz8uTU8v3MPu7uK+uZFKUmefuZVPtsYgtAhXjlcx4WV8\nMzRHO295BbEYl6xfPpir7Lw9BOgGhkiHXgd7tH3GeZvP59G\28fSCxVyw7AIev3k\j25vp3TOPN5QN53yVA\3vbi7P2\Z59G3vkO80lXHhXPm8+c3R1i3rYNY+eAxxgnRNKZ5np\5G+31pfdroKtYUwqbf5fz\nhQnsZ6\j341B7eX7OYC866lBdmN\LkvhTVixZwUVUJsbb93PZIx8jPHzTS0exf\9KjzXNJ3\PvajrMzfNmsXwWNLzewtM563\6uUFzbls7pZU5c27T7uGPVxCCUCOPt87jwgV1fOnT5bx7yFzaw4Oj3D\jxo0bN27cuPHBcelILABPcEGQpu9M7\3kx0TpZ28GKa+c1f8PgwDpNB2dnWx8cRu3vHSYvn9QDmDjxuf5VHQ1n19ZwfKVK1gOkEpSv3U7tzy2l91BAA31fGxjmn+4oIrVdYu4bnF2nYdauO2xLdwThDIbD2UHEWQ\x9y2gzu2zuRbq2bxe29dydfv38kDrx7kxtq5rF60lOtq2tn00kvcs\EVPhNbys0rKrjo7BUAxKI9PPTbHXzqN4f6xwsQPcAD+6dz2eIlLA9DLNrNA89s5ZaXsz8S2\D6yGPduJV78ilfx5TfCNW1s6hmqFB7QLBxM5+ZeSZfOKM\n7FoDw89v4PmRSv4SGU5axYEBI2jPJ5BMChnbWzavJl7Hn+Fz8SHydkL2\nUC2394x92Gz088MyWzDZGPb+GPz7f+NEmYpefwc2LZrL+7JkAdHR18cBvX+eWl7u47Pyz+J+rp1BdFmQ\zTXM8Y0AZD4lHgyK7\7t69yz5FxurglDJNJ3fdg4yv0ffr6\wKd6VmXOuTMGnXOP7mF373yPhIEYDz0X49xz5nHVOiCdpH7HLm55uCnztddBADvr+djGJF84r4YLlyzlunB2fTt2ccdDDWzsXd+Rlnu4kY2964tkv8gi3Hs8evjSMy1c+o4alp97Nn9R\yKfebie6GWLeXdVDZevq+nb\wee3MItLwfHNr\zpb9zG1f\oIPPX7SQ98+dwUVnV2TiqSQtLS187ZdbuaeF7HPGcPxzj2vf9rJvGfrums6OJ1IEhCGcJghC2VMpzlOvdbFwyTyuOq93zmzjlsf2ZecCsPP1gWM5bVCO+9bfO5bM+vv2f0DuM+t728+SfOuCGi6sWsR1NfSdm3ds3Mo9bdkC5WjXt2UPPz1zBh+pquWqdZXM7HmGP8idS+cNmksvpQe8XuXF\Dim\qA8AwT7+OgvpvCd9TVcWLuI62qzudrVyF91zeIf1kxj4byZBK+2Z49jnIeejXLuudn8D7kW9B7vImCM+du6d1Befp3Jy6WLeXd1bl66eeDJrTnneL4c3zH025r40A\jfP6ihby7ppSqWf3vl2LRbjZubeS2pzK\KT+m8zvcm+MIfb+lPsx8\97LIXjuMPXnVLA6HKV+W+\1oIWn25Zy2bQiGg7u56m+68ER5snhmfzDmdNZOD93ntB\vvXu\676I8+D3l9JyIf8jLWfe9xH8\59yOvbCNfnY369HHl9fTmozuZxwLmYWd83\vNlSq84nRvr+t\TEIvy1O9289lftRKMdD1syFn\vEVctyA73t1NfO1XO3mAuXz9qsWsm1ZKFYPmR+\6wtm\RAx+PRrpePYuXzqV5bWZ3\XtFYvFqd\fktl2dn5dePF81oShpbGZr420\oZdbDxQyUcq53DeuSXcfqzHYyL02xr56L1tfOQty7l50VTWrVzBOsjMi7ZW7vnNNu6oz37FfNDDl362g6orF3HlzFquWlcLqSQNLfu57fUSbr54FnWVSwiCxuz7ByCS+3rc+3e0nNeH3POnd\62NfGhH6b5h7cu4LI5NVy1riYznq52vvHr17ljZ\ban\u8vv3r5ks\20nVFXWZMZ43zBirlhDQmJ3nK4bP61Nt2XXmWb6O8Xq0+6XDbF41g9Uc5qmnco7X4Ov1WM+\tkY+9OM0\3BZHVcOc85vPNLzwznvSXpfr466fDib757h89y8n9vqc\IcNPQ\mDvHx2OetKenhhS9vA60\7oDl3Xu+ca+Mbv97GHbuCvmOaaQdev0a8Zr64i88+3ZYzP\Ngfti3b9++ffv2J1ZfOoJQ0Peve5poFv\jI4RLy8Z7GBpWLf\2R6dxIQe441+3ZH7DWMfhVBxPcyadCDdc9QY+XwdPPfkcH355vEcjSZIkjUJiJvfesJqLovu55P\UZz5gJUmSlOfSsR52\ulbx3sYOgYdHR0AbNq06YSve+3atYB3AE941u\zVX9egiDwwzjH7VQcT3MmnQh9506QvfNBkiRJylNB9CCpnigL3nQa55XB5vqGzDeLSZIkSROcBeAJLjS4E9jPm37Ow6F8GM9E7+c8fNKOZ+42xnt\7dufoP3QoIfHezz27du3b9++ffv27Y\Uv\by9dxUVUxNTTmlsTYeeDJKKI\GZ9++ffv27du3f6R+blcazALwBBcEwcATP8B+XvSH+f2qvBrfROufiuOZs40g53ev8mL\7dufQP3hfj84n8Zn3759+\bt27dv335vf9o0ls+dAoluHvr163yDIL\GZ9++ffv27du3f6S+dAT+BvAEtvgfHyFUUtp3vg9tQwQExo0bN27cuHHjxo0bN27cuHHjxo0bN27cuHHjxgsono5H\Q3gCepU\AawBeAJbPE\PkKouITMKd8rsG\fvn379u3bt2\fvn379u3bt2\fvn379u3bt1\A\SARswA8QZ2KAnD4hK9Zp1io73QP2bdv3759+\bt27dv3759+\bt27dv3759+\bt258EfWlk3gE8gS3+x0cIFZWMvECIzAdCjBs3bty4cePGjRs3bty4cePGjRs3bty4cePGjRdMPEjEvQN4gvIOYI1OaITWuHHjxo0bN27cuHHjxo0bN27cuHHjxo0bN27ceGHGpRF4B\AElrkDuHi8hyFJkiRJkiRJkqRTKEgmvAN4gvIOYEmSJEmSJEmSJEnSqBWN9wB0fIIgIETmq+BtbW1tbW1tbW1tbW1tbW1tbW1tbW1tbW1tC7+VjsQ7gCe4UPb\Mm1ohNa4cePGjRs3bty4cePGjRs3bty4cePGjRs3btx4ocSlI7EAPMEF2f\LtMEIrXHjxo0bN27cuHHjxo0bN27cuHHjxo0bN27cuPFCiUtHEgoCZ8lEtfgfHyEU8Vu8JUmSJEmSJEmSJpMglWTnn751vIehY9DR0QHApk2bTvi6165dC\gbwBOe9XtJkiRJkiRJkiRJvSwAT3B+y7skSZIkSZIkSdLk4u2BOhILwBNcEAQDq8AB9u3bt2\fvn379u3bt2\fvn379u3bt2\fvn379gu5Lx2BBeCJLjTofB908gfGjRs3bty4cePGjRs3bty4cePGjRs3bty4cePGCyuONDILwBNYJBQiFQRHOMlDgHHjxo0bN27cuHHjxo0bN27cuHHjxo0bN27cuPFCikdCoRGjUni8B6Bjt7CiDIAQoRFajBs3bty4cePGjRs3bty4cePGjRs3bty4cePGjRdYvLdGJA0ncvvtt98+3oPQsYml0jzVcCjzCZCAzBlva2tra2tra2tra2tra2tra2tra2tra2trW7BtOAR\fN5izps3E008sVgMgH379p3wddfW1gLeATyhfXLdIiqnlhBEuyCUOe9tbW1tbW1tbW1tbW1S7Fu2AAAgAElEQVRtbW1tbW1tbW1tbW1tC7MNYl1UTi3hk+sWIY0kFARBMN6D0LHbebCDd335mxxMFxGeM5fItHIIWdeXJEmSJEmSJEkqCEGaVFcH6YN7mRNO8uDnPs7iOeXjPSodo46ODgA2bdp0wte9du1awAJwwfjaT57g3ic2sWt\M6lUeryHI0mSJEmSJEmSpBMgEgmzqKaa6y9ey81XXTzew9FxsgAsSZIkSZIkSZIkSQXiVBSA\a5gSZIkSZIkSZIkSSoQFoAlSZIkSZIkSZIkqUBYAJYkSZIkSZIkSZKkAmEBWJIkSZIkSZIkSZIKhAVgSZIkSZIkSZIkSSoQFoAlSZIkSZIkSZIkqUBYAJYkSZIkSZIkSZKkAmEBWJIkSZIkSZIkSZIKhAVgSZIkSZIkSZIkSSoQFoAlSZIkSZIkSZIkqUBYAJYkSZIkSZIkSZKkAmEBWJIkSZIkSZIkSZIKhAVgSZIkSZIkSZIkSSoQFoAlSZIkSZIkSZIkqUBYAJYkSZIkSZIkSZKkAmEBWJIkSZIkSZIkSZIKhAVgSZIkSZIkSZIkSSoQFoAlSZIkSZIkSZIkqUBYAJYkSZIkSZIkSZKkAmEBWJIkSZIkSZIkSZIKhAVgSZIkSZIkSZIkSSoQFoAlSZIkSZIkSZIkqUBYAJYkSZIkSZIkSZKkAmEBWJIkSZIkSZIkSZIKhAVgSZIkSZIkSZIkSSoQFoAlSZIkSZIkSZIkqUBYAJYkSZIkSZIkSZKkAmEBWJIkSZIkSZIkSZIKhAVgSZIkSZIkSZIkSSoQReM9AB277du3j\cQJEmSJEmSJEmSNA6WLl063kNQnrIAPMHV1taO9xDyViKRoLW1lVmzZlFcXDzew9EpYM7zm\mRJEmSJEmSpBNj37594z0E5TG\AloFq7i4mBkzZtDa2koikRjv4egUMOf5zfxIkiRJkiRJknTyWQBWQSsrK7PgNMmY8\xmfiRJkiRJkiRJOrksAKvgWXCafMx5fjM\kiRJkiRJkiSdPBaANSlYcJp8zHl+Mz+SJEmSJEmSJJ0cFoA1aVhwmnzMeX4zP5IkSZIkSZIknXgWgDWpWHCafMx5fjM\kiRJkiRJkiSdWBaANelYcJp8zHl+Mz+SJEmSJEmSJJ04FoA1KVlwmnzMeX4zP5IkSZIkSZIknRgWgDVpWXCafMx5fjM\kiRJkiRJkiQdPwvAmtQsOE0+5jy\mR9JkiRJkiRJko6PBWBNehacJh9znt\MjyRJkiRJkiRJx84CsIQFp8nInOc38yNJkiRJkiRJ0rGxACxlWXCafMx5fjM\kiRJkiRJkiSNXdF4D0CFLkrTiwf5QVuaqsqZfGD1jP5QTys\efYw27Ld0xbUcNVpJeMyyl5lZWUAtLa2MmvWLIqLi8d1PDr5zHl+Mz+SJEmSJEmSJI2NBWCdPKnDPLFxPze1BZl+y35+0BLlmxdXMSMCdPTw45YYT2QXv3hqbNwLwGDBaTIy5\nN\EiSJEmSJEmSNHp+BbROjo6DfOMn+\qLv1mvHWjnyp81sf0wEA4PmIDhcP5MR796dvIx5\nN\EiSJEmSJEmSNDr5U3FT4Wjaw60\b+WfYr0PhHjX7CJWZXudXT28+5Fd\ORAQCjnaaE8m44WnCYfc57fzI8kSZIkSZIkSUfnV0DrBEpz4KVG\mRLnNd6Hyoq4Svrl\GuuiLYvYObftHJwwGQTPDZzflfwPGrZycfc57fzI8kSZIkSZIkSUeWX7dcauJK9fDiEzt5R07xt7R0Kg9es5J3zWrlwV800Fi7hLuuqebW0nEd6Zh51+HkY87zm\mRJEmSJEmSJGlkFoB1\BLt\OSRPVy\P03vtz6vmjObx9+zjFXRBu748V5u3dXKFT\YwsZEFX\ynkVsmB064irzzXgUnDqf38FZ99dz1k\30XlKtjgOWlr4xmP7ODDe4xjGqcl5Jz\4z3rO+s89p\gYjNd2TxyLwJIkSZIkSZIkDc8CsI7PoWbu\EkLn+0M+h66Yul8HnznXEq31POen7byrXjm8Vg8xo0\3cK9O4q59OrTeHhREeU5q3p6zyFe7Eif2vGPwaktOHXzRHOK+UUhSru6+XHjSd7cOHnxpXb+qduc69iYH0mSJEmSJEmShrIArGMWq2\k+sc6+HZf3SXCrect5a71FTQ+\Trv+U03m4Y8K8kXntrGZ5\u4bRLTufx86ZyTu\6Yj1c\NdfHdn9FTtwpidsoJTYyvf7YLLTqvgvaS5Z9vBk7etcRQOAaEw+fwrric350UUj8sxmM0H33sW9e9dwtxTut0TzyKwJEmSJEmSJEkDFY33ADQRpWh6vpGbdiTY3vtQUSkb3raMS2cfZuOPX+Xmg0Hf10EPFXD\601sbo\ynbct43vTd\G5J9v5XhIIUtzxmyZeO1jJ7esqTsXOjFlZWRkAra2tzJo1i+LiE1+6294QZRMl3Li8hvKWNv6tpYtne+bwxrLBS6Y58Ooe\r4+yqMxiAFnz5jC\eGebxxdngMy6Q4sHkvf7\9SMsc4M7729i+qIa73jAjZwyDH+\tV\JpOritMc6LKZhRFOGPTq\ixjOmk\kK4v3cHgU4zMX313PxkPXmj1OR86MbTY6gL99bo\wkAaWRCJ9YWcXZe\dxQ\dUHrt6HpV0cP\9TfwF03ninbVU9OZjagWPzY1yx5YYjyShNBLmugWz+fQbZpLPP92dH\mRJEmSJEmSJCk\eAewxqzzpUbenVP8LZ8+nYevOZ1Lpxzi3h\u4sYjFn\7vdp8kEv+7zbqZy3iy9fM5fbpvZGAH+xo4c5X8\duvpN612HqII\uC2DGVM6vKOL8RWWUEue7r3QPWjBN03O7eMfmKE+ESvjc8gruWlRC6eEoN\yyiRd7xrLMbt7xapTXiqbwhTNylnlsFz\Ye2xf0by96SDX70nx1sUVbDhtCheHUvzT5ma+2whQyptOr+AzM4CSUv7ujAo+sTCfS4zjfafp6HMUe62JGzZHeSJSwu3LK\hCFfx8837u6MhdX5JEAARpBuxJRwc3vJJg\vxyNiyfygeK03x31wHufDl+anbzOHgnsCRJkiRJkiRJGd4BrDGbsWo2\71hP3\ZDefMreabb6mlvGknn32yg\uTY1tXZ1cXV\7oNe5683I+fG0JCx7azU0HA5g6nQ+tyO+7+E7aXYevd\P\p+DDddVMTyVJnTGdD\+2h282d9DJVPruke05yLd3pWDmLJ6+ZiFTQpmH375jG+99sptHtkU5+7TOoy8zv407d6Womj2bB9+5oH+Z1gZu\1ErX958kHfOraKUCBEgEh582Rj8eKbfFJRw91UrWD8zRAi4dOkOun7eyRN7O\nAgtksPWsmh\f8DpIlrH\DIipTCXpi+V24G7c7TVubR5ej1EHueTVG09QZPHTdEhZGAALe+eLrvPvFKBT3ftV09qunGdRPhvnoJSv4wKLiTM7euIei7xzgm80dfJ7KU7Ovx8E7gSVJkiRJkiRJ8g5gHYPI1Go+cEU1G9Yu4ntvq6W8eSefenzsxd8+yTg3PbaVh9oquPSdZ\Dwqgq+d8VSlpbl\TMveuwp6fnBKwxzrONMWKUcsXKYlLJFAkqubY2BF09\LgxZ9HGKD8EPrxkHlNIk0olSaXSsOQ07r9+NZ87e8qoluncFeMRQtywekFmmWR2mVnzeH9tiFhbN88ey67NnM7FMyFIJUmm0gRzp7AMeKIrBqRJp5Kkg8yi6WSSVPrY7jQ+1U58zo9u1Dna2cMPU\DeJfNYGM7mOw1lZ1dyw5CvDx9G2VQuXlREkEqRTKVIh6eyrAzoSXDgJO\jiTIe+ZEkSZIkSZIkKZ94B7DGLBVPkppey6VnQZBOkoglR\WVz0dZKwc646Rml7DgvEUQpEhEJ05BMB6P097e3tc\Zq2H+G4blM6ezjlTkiRjQCLEyroyFuzr5p5tB\nAgjkAHOhIESPCsjkQ64mSyq4iVDyFsuIw4aLIqJaJJdNAMQuqk8R64v3LREqpnBoG0hzsAMa6W+EQyVgP8d4VFvXmMwykSMRTZOq\Ael4nPz\kuF+JzTnozDqHMUDGomwurqIRDSa+ZpnIFIyk2XTG+Hw0bdVnIgS7X1iKEUma6ETvEcn16nOjyRJkiRJkiRJ+cQCsMYuSBCLhyiNpInHkwTh8Ii3kpeWFPHh2cVkft01zSstMR5PDbdkiOJwklhPmuLSYkLJWF\xKt\19PQQi8WoqKg47kJT5\YojwAcOsia7xwcukBLF8\2zOGNZUC2fJpO9xcEAYJElO6+b1I++jJF2dpekIyTyvnG3CAVp7dkGzmWm7GDgETuRpO9o5lYxcThnMicj8ZocxTL3lIdBMkB508qniI1qvMpIJ37xJw\TqQvUz7V+ZEkSZIkSZIkKZ9YANaxScWJDVvIHejDq1fxuTNzHvjdFpZtOtL9wmkSseO\n\hU6enpobOz8wT93mg7P96TBEq4\azp1CVSfcU9IhFi+9u5qSXOd1\p5o3rplI7u4TSHT1sO5CC2bkV2gP80\fbeHF+Jf9ac\RlvjYtAiRoaIY3zc8dT4rmrjRQwoJq+oqB9dE4A24HbkmwjeHLuhOkhj8mJzbnozOlZHQ5mtJdxALibN7fw9WVJTnLHaK+65QMddyNR34kSZIkSZIkScon+f8jq5rgAtLpdPa\gCBUOFPuhBeaGg7zwxgsqJ3Jh9cu4M1vWMSlvf+du4Ar3jidK4BH9rTSBITqpvJe4Du7Dgz4Cu7Yq938JIAzZpaPapkZS6ZwBQHf2tIy8Ku8Ow5w\6A0ooyVkUAIlREoLEjSmffQmmatnfxi+Pf+wlhvIqLo81R+LTpvC8C9+86QFPuBzQaOrh\EvwcrsVfSZIkSZIkSZK8A1gnWZDuIRrt74cmxs\6HtWJLzSleW17lFeJcPvpNaSTSQYfqtCsWj48u52HD0X5SX2aG1dVc8PSdr63vYP3\zTOJ+pKmdHZzT81JjgwtYJPri0lkT76MkGwgM8t3coV29t5\09jmWW6e\j27jjPUsSX181jRipOnFlcUt3CV\d28iePpvhEbREt+w9zZ0eYS0uG3amjKikOQU8P3\ptC2+ZW8HZtce4olPgpBYX41G+\osGpg0JRHjz2fNYVzPKHBVX8\FV7Wx4qZv3\XQ3n15YRlVPJt87TuyI847FX0mSJEmSJEmSMiwA65QKCuBLgU9KoannID9oCWD6dN61MEUsGh96pIpKOX\ZVBY8280Pm1q58fS5zF9\Oo\P2MHfvNbNba9GiYVCvK1mDne\dT5z0j1EU8VHXyZdwvz1K3h8+g7+ZktPZhng7JnTuO+CxZxbCfEegDCr3lLHvY82cdv+bm5qhaXTSvlfl1ex75eNPHwMu73q9Ao+fLCNu7e18+\tIZ6rrTzeI3lSnPTiYirJv7ckhwmEmR+Ds1Oh0eUokab4nGU8HN7GX22OcvvrcUojET5xZhXz6lv43IkfeV6w+CtJkiRJkiRJUr9QEAQTvyI3SW3fvp3a2trxHgYc2Md\efwwjw8T+tjZy7hlec4Drzdy1ovRYZaM8KVLl3BNftb\+py8QlOIkillFIUhnegmmhhumQglZaUUhSCd7CEah+LSKRRHQhCkSaXSEI4QCYcgSJHoiZEgdGzLhMKEI2FCBKQSUWKJAAhRPKWM4jAEQYp0CgiHiYQhIASpBD2xBFDClKlFhNNJuqPxnPEPfbx4ylSKw5BOJUmnU8QTo\hh6VPs5BYXiyktKyYSCgjSw388Ip2MEk+ONkcQKS2jtHe5dBpCESLhVr73vUY+N3U2r142m0TvdumdA4P7g8Y35PH8YfFXkiRJkiRJ0mS0b98+li5dOt7D0DHo6OgAYNOmTSd83WvXrgW8A1gnQm0Vt60r5eNDqkPFLF0J5Nb0VlbzYNBF+5BFSzm7FhjuJsg8cVILTZFiImEgSJEcscqWIpFKU1QUJhwuJkScRCxKUFJKcSRMpCjz+8pBOkkiFs8eymCUy8QISkoGLhOkSSZixJO9ZcmARCxOqLSYonCESBEQpEnGU4SKi4\pB8WTqRRF4QjhSBHhEHlXAD51xcUQoXCI0JDHe4vCo8xR237+26OHCZ82n69eOJtIZlKR3tXGQz1w6dypJ3EfTj2Lv5IkSZIkSZIkDWUBWCfAVBasnsHCYSLpZDfR3JpepJxVa2cOs2RAKt5D7CSN8Hid\K8AjtPTHT\qYkE8ysDFApLx6FHq5qNZJj2KZYAgSTyaZMhIB1St40SH3ZehjweJGD35eFspp6q4mCA26gMwihzNnMFbp3Vya30T6cPt\N6sMLHe3wouKuN7Z5WTyd7g7Y40jrGM79Sy+CtJkiRJkiRJ0vAsAOv4JZMkw8Gwdy+mB9eOEkkShIddNpWnd\9aaJp8JmzOi2ZxzdVFVG7cwx0tndywDwiFeOucch64cCGrpqXpyddPWYzBhM2PJEmSJEmSJEmngAVgnQApEvFRfnVvkCRx9Btd84aFpslnQuc8mSJdNpMLr5jJj9IpUumAUN9vBadJxvLzbt6xmND5kSRJkiRJkiTpFLAALI3AQtPkM\FzniQWg5KSzO80Z38qmCCdIpGIk2c\sTxmEz8\kiRJkiRJkiSdfBaApWFYaJp8Cibn6RF+p3mCK5j8SJIkSZIkSZJ0koXHewBSvrHQNPmY8\xmfiRJkiRJkiRJGj0LwFIOC02TjznPb+ZHkiRJkiRJkqSxsQAsZVlomnzMeX4zP5IkSZIkSZIkjZ0FYAkLTZOROc9v5keSJEmSJEmSpGNjAViTnoWmycec5zfzI0mSJEmSJEnSsbMArEnNQtPkY87zm\mRJEmSJEmSJOn4WADWpGWhafIx5\nN\EiSJEmSJEmSdPwsAGtSstA0+Zjz\GZ+JEmSJEmSJEk6MSwAa9Kx0DT5mPP8Zn4kSZIkSZIkSTpxLABrUrHQNPmY8\xmfiRJkiRJkiRJOrEsAGvSsNA0+Zjz\GZ+JEmSJEmSJEk68SwAa1Kw0DT5mPP8Zn4kSZIkSZIkSTo5LACr4FlomnzMeX4zP5IkSZIkSZIknTwWgFXQLDRNPuY8v5kfSZIkSZIkSZJOrqLxHoCOz759+8Z7CBPCwYMHx3sIOsXMeX4zP5IkSZIkSZIknRwWgCewpUuXjvcQ8l4sFqO0tHS8h6FTyJznN\MjSZIkSZIkSdLJ5VdAq6BZaJp8zHl+Mz+SJEmSJEmSJJ1cFoAlSZIkSZIkSZIkqUBYAJYkSZIkSZIkSZKkAmEBWJIkSZIkSZIkSZIKhAVgSZIkSZIkSZIkSSoQFoAlSZIkSZIkSZIkqUBYAJYkSZIkSZIkSZKkAmEBWJIkSZIkSZIkSZIKhAVgSZIkSZIkSZIkSSoQFoAlSZIkSZIkSZIkqUBYAJYkSZIkSZIkSZKkAmEBWJIkSZIkSZIkSZIKhAVgSZIkSZIkSZIkSSoQFoAlSZIkSZIkSZIkqUBYAJYkSZIkSZIkSZKkAmEBWJIkSZIkSZIkSZIKhAVgSZIkSZIkSZIkSSoQFoAlSZIkSZIkSZIkqUBYAJYkSZIkSZIkSZKkAmEBWJIkSZIkSZIkSZIKhAVgSZIkSZIkSZIkSSoQFoAlSZIkSZIkSZIkqUBYAJYkSZIkSZIkSZKkAmEBWJIkSZIkSZIkSZIKhAVgSZIkSZIkSZIkSSoQFoAlSZIkSZIkSZIkqUBYAJYkSZIkSZIkSZKkAmEBWJIkSZIkSZIkSZIKhAVgSZIkSZIkSZIkSSoQReM9AJ0Y7e3tdHV1kUgkCIJgvIcjSZI04YRCIYqLi5k2bRoVFRXjPZxR8T2gJEnS8fE9oCRpIpiIr1caXxaAJ7hkMklzczNFRUVUVlZSVFREOOyN3ZIkSWOVTqdJJpO0trbS1dVFdXU1RUX5+XbZ94CSJEknhu8BJUkTwUR6vVJ+8B3CBNfc3ExZWRnV1dWUlJT4pk+SJOkYhcNhSkpKqKmpYcqUKTQ3N4\3kEbke0BJkqQTw\eAkqSJYCK9Xik\+C5hAmtvbyccDjNr1qzxHookSVJBmT17NpFIhPb29vEeyhC+B5QkSTo5fA8oSZoI8vn1SvnDAvAE1tXVxcyZM8d7GJIkSQWpvLycrq6u8R7GEL4HlCRJOnl8DyhJmgjy9fVK+cMC8ASWSCQoLi4e72FIkiQVpJKSEhKJxHgPYwjfA0qSJJ08vgeUJE0E+fp6pfxhAXgCC4KASCQy3sOQJEkqSJFIhCAIxnsYQ\geUJIk6eTxPaAkaSLI19cr5Q8LwJIkSZIkSZIkSZJUICwAS5IkSZIkSZIkSVKBsAAsSZIkSZIkSZIkSQXCArAkSZIkSZIkSZIkFQgLwJIkSZIkSZIkSZJUICwAS5IkSZIkSZIkSVKBsAAsSZIkSZIkSZIkSQXCArAkSZIkSZIkSZIkFQgLwJIkSZIkSZIkSZJUICwAS5IkSZIkSZIkSVKBsAAsSZIkSZIkSZIkSQXCArAkSZIkSZIkSZIkFQgLwJIkSZIkSZIkSZJUICwAS5IkSZIkSZIkSVKBsAAsSZIkSZIkSeKFv13F0hV\xwundKsHuO+GVSy94fu0nNLtSpJUuCwAS5IkSZIkSZIkSVKBKBrvAUiSJEmSJEmSJqtK3rfhFd433sOQJKmAeAewJEmSJEmSJGlMOl79T+646WrWrljF0hVv4u03\R0Pbo0NWa7lmbu55X1vYumKVZzx5j\mrmcO8PTf5n7l8+CvgM72\bXtDzzL3zqyt7nfojbvr+doVuQJEmDeQewJEmSJEmSJGnUYs\He\54N00rPsoX\jn\87C7lf4P9\4X9xy9S94+T++z+fXlfYt9wcfuZvmiz7K\jnNzNl+\f5xh\EQ\UAguOspHHvsgffL+KS\87\jOrBY23vu3bPjc70PtM3zhotKTvo+SJE1kFoAlSZIkSZIkSaOTepUNf3Y39W\+Ir\4l99nYQTgTVzwjktY88GrueN\fp\r7\sQC7PLNbzli\zsruxyb3kTV5zzd1zzwe1HLwBvX8ANG\+Z983PdC+45DRY9yE2\OpVvnDR2pO7j\+PvfsPjrK+97\Ot+c71I8qYwZOWwQIgdzcFg8041pEzjEKEGE8GNDb6LeBqlG0ISbRloRJaaUUESsEdsY8yWrxdRScMRwC4sQrDW2GL+Q9BuzZ9RlDidQGpQsN550oDlS9gzT+4\sj2uT\ZXfP3g+Zhjd3Wuv67PXXjP7zud9vd8fAABGOFpAAwAAAAAAAABic\Ko9n4prfjeYm\y1ytuqu773jzJuU+\Ox3Y7r684O3GpD6gVTNjOM7MeZp1k3H\k5T8bUknT3lbRQMAgHBIAAMAAAAAAAAAYvP1JZ3VdCVP6t6G+frESZJO6OyfJV28pLNK14xbum43Scm3xXAck\SNfhguAADXIhLAAAAAAAAAAIB+dcVzZaiHAADANYsEMAAAAAAAAAAgNtddr8k6oZYvuid4L7V9ISldyWZpzPjxmqwGfX6q63ZfqeXkoIwUAIBrFglgAAAAAAAAAEBspmXqvpukXb96V2evGp6\elp7f\W+NDVTt98U2G7vni7bnf6N9h4d5DEDAHCN+fuhHgAAAAAAAAAAYLho1q\Ky\VhiFduW7pW82+erlUv5uvAAxt1z4OntfnRTE3+2qW3XntZjhNTterNPCVLUtx0rXo2T6\lb9SSVaf1zIpM\aP7XW1\4V21XDfIHwkAgGsMCWDEpqlC8zY4Ao\H56p8V4Escb3ZmVMV89bLv7fpRdr1sk3mvo\y2uFxy\VxoxqOfaQ6V4vaz3fI433JNM6shAlJSsnI0II758oy0TSkQwUAACNZl7itp8YmyHxDgpKsaUqfdYcyvpOshF7Fjxg4Xb7jJWV6\3HrUA5oWPKcc6m+sUENH9fJ9cd2uS\6o2\FT0iQ+Z9SdEfGAmXNschM+A0AGPGcclQ6Q76yKmOt5t8sjUldr5oD0\XKK1V6rrBal\RNJc8r1OsvP6y7bh7j337M7B\p\V+N149LX9eGwmqNMWfq+1XVGv+LPG0YrI8DAMA1iAQweudCjTa\fofeetQy1CO5tpx3qmZnhao\bPUnfLvyXHTLfdGt2pONqn39JZkmZ6lgQ5Fs0+IHdaiDpeNkrV49JOX9MJubCAAAGG4ut8t9uV3ucy1qPLxHFWOTlfujrSpISxjacV3tUMtvX5Xjap6eWEgEgfDcTTWqrqxW3dmw0bc6zrvVcr5WLcdrVf2iSUlzClS8xqbkcYM61EFD\A0Ao9vtT7l0+qnYtr1++mI9U7lYz0TZbvzMAu04UmB45gvt\V+Spk\SeEnSjbrvFy7d53+96+NozwMAgK5YAxi91r53u\acGepRXCOudsj5xmotenC97BGSv6F4ztapYs39Wv2aUx1Xo28\YlxskWPLCt2\5iXV\vG\h3o0AAAgFpdbVFOyQmv3u4dsCB0nHdr80P1a\WKt\tSToArXlotOVa9ZpBUb7BGSv6F41PphhVbnrZbd2TFgwxsSxN8AgJ669L5+kL5YP3j3q+Dnv2zQkePSXdNuGZpxAQBwDaACGH3Qquqte5RRlackWvkNnKtuOUpWqqKpy8TT2CSlzZmrjFlWzZiepM46mg65\+iS6\gHOnC4Ua2XfRt71LJ3vVZeLtPOx60a+bXAbjk2rlbFiaEeBwAA15osFdcUKS2WTf\qVovLpYa6A3IcN97A5pGrcq3st76lgukDNtDQzjtUsqZCrkE+LEaYcw6tL6yQ83Lw06bJaZo7L0MZ1hmyTPRWsYe7zj0tqlm\Up7nd6oodeRH38TfAIBeuX6msmc\pdU\KpDc+bp\+nhdcR\Vay9U69jUfNVk3zjUIwQAYNQiAYy+OVOtzW9maOeDSUM9ktHpqluOJ1eq4jND8tdkVsajm7RuSbLiuyXe45VsNSvZmiXbo+1y\rpEJb9u8d5qflAAACAASURBVE9EtR8sUUnSTpUvpVkbAADojXgljIuP7WayccmyTkiWdY5NBefrtO2H21R3wfdiu2reqNW9z2driJtBQ1YVvf++ioZ6GMPFOYfWPlohlzH8npChgh+vC72kivE6b3eqemOJ9pz0R99y\LhEN79WLtvEQRk9AADDzDc1v+x97a7aoud+tVHL3VekG6Zq\rIXdLBwsWZcN9TjAwBg9KIFNPqs9Y3tqjk31KMYndz7twUnf8daVVS1S5uWhkr+dhGXIOtDO7RzjUUm\5MeuSpLaN0NAAAG14QsFb9YIIvxuaYjqj8\VAMCQrjqVs3zXZK\qUXa8cam0MnfrhKsyn95p4puC0Tf8rhUsWmPWkfTUiwAAPRE3I2ataZcB4826\RJl043vKsdTy3WjOuHemAAAIxuJIDRKwnjjbUaLtmfr5GbSY3+dd6hbVXGBoUWFVSVyTa5Z7sxL92qTfONE1at2v1WfY\WEQYAAOiziTbdO8f4hEuf\zsRCYYP98FtshtbHE8v0M6ttp4tdxNnlm3LJmWPMzx3Zrd2H+daBwAAAAAMHhLA6JWMH2xS7njDEyfs2rbfPWTjGX08qv+lPWh9uqSH1im3V63j4pX2yGOyGvf+21rVX+zbCAEAAHrGpGRLUA2w3O3tQzQWoIvL9ap+LSj6Vv4TuTL3JPnrE5+mhx8Nir5Vd7heHX0cIgAAAAAAsWINYPROnEX5T9lUt94h37Sd6\VtcswawPWtrnrkdh5R7Xsfqe7fXHK3e++iN8XLPMWijHk5yp6TpqRxod\uObpNi7bUeR+ZZCs7pCJr6G07uVVTuEL2U7632FR2qEgR33KxTiW529ToPUZW6Tsqnm2K9I4w+6lX7W+NveeylL+sD+ssJ8xVzt2vqrXVovSMDGWlpcjStYtdU4XmbXB4H1hU9Oty2SZE27FbjsdXqMJXKTG9SLtetinsCsPe7\DA\lrVn2wNfIcyKWFigpJuzVbWd7M0d5pZphCTbe79a7Wi0tX9hRMVWjGvwv\Q9vz7KkqNMIaTH6junTrVdr2ObkyWZUGWcu6cK8vEaN9b8Ge3rNnlX1u540ydHHtqVfuJS+6Lnfs3JZhlmXmvlufZZO16Xq92qPXo27LX1Ml1xq0Oj\zXdVZuge7NTIre8tuovUV17zn0QX1zYH++MXyr8xxnT4++DnTQ+V5Spvcft0oXW1T7ul2\NCp9suSaZxZltuzlZ1nU9aUmFaEBACgx9pP1emI4wN91ORS6\kObycTkxImWmRdkKWcrGxZwsYtXeIVA1flCs2r9D2yqez9QKwXHHcEvxaeUxXz1ssXUfl\P8NuE4i53MerVbHTIeeZDnlkUsI0q7Lm3aucJVaZ47qMxxhzedxyHj6gt9+vN\zu+85NtpYvzAobH\duzMGxVvupOh15qzYorjKNMytpeoayl+bIlho95gjS3qK6995W7RGnXOfaO7\rsQky35que\vPP\+wp6PXur4uFZ1xvD77nzlTun9\hIyc5T1Wqtap6frjowspVkt3dbOHrhrzID4m\gbAAAAwDWJBDB6zWQtUPHSeq3f700Be1yylzmU9qKtd3fKR9Bx0qHtP7Gr\nyI1mmeDrlPNqrmZKNqKk1KfnCryh60dvuD3fStdKWpzpuc9ajxs1bJGiGpetGl5lOGx55Guc5I1ggTQZ5\a\DuX5IydMftvUj+Sur4wweG\UimzDuUNrZXu\LtQRlPv6OMvuyijzqc1Vr\4z1quRzqVY\az7nVfq5azg+r9dLYZOX9pEz51v6d0Ih6HZ1zyv26U3WvvyJzZoE2PW5TcsQJ0y6utqr2uRK9ctTdrcW2p90t5+EKOQ\vVsbT5dp0t3cC6GytNhe\0n1M3ut6z3ONqtlp06bKIqVFG8tVtxpf26zN+1pCtvj2tLvl\LDzHL8yIUPf37ZJ2T1pKX6uTpuf3Kb6C4Z9XvTu89INsj6frYTw7wYAXPM8anEFJ5LMCVF+Oc43yv6Tzao5GfKXTe3nnKrz\3Z\X1ufye5Zu95hoUOu19Zr\V7j77dH7ScbVXPSJSW\o4LbQr\T\dvNWv+zerm7nR7Dufl1tTIe36pN8\twM2HIYbtU\fR67Qnx3XguutVyvEYVx2tkn5anrc\lyxo1jmlX42sloeOYy+1yO2tV4az1768vyd7uOtT4YVD0rYyMNPUukvcam6HimqGMvom\ib8BAAAAXMtoAY0+MMn6ULFshlbQns\s2na4f1tBuw+u1\1rKkJPGnTjUcuv1+v+Ekf3NYnHWZQ+3bDfRqcijTQ4mStJbjV8GqlNoUeN9XWBh2npsvYyaetyBh85Y1YfJ6CGWEdThVauDzf5FMLlFu1Zv1IVTf3VKK9DLXt7dh25j1Zo9Yr1cpyL8RAXm2Vfs1ovhZh8Ctau+p+uVYXTI51zaG3hS1HH5DnvUMmTe9QaaZ3tDqcqHlqpkjCTT933Wa+XClfEfo49DbJ3mXwKMClryVwmnwAAkZ1z6O0PjU+kKf1b4SOcjqYKrXikJEzytyuP3Edf0uqHKuQcYX122xzbuiR\DaYsV3bI5K9HrfvXauVPQyV\u27qVv2Lq7X2YD\G6Jecqnhsbcjkb7fDn9yj9asr5IwUB151y\HkipjimM79bdaBln5cU\eqS8Hhd+9v5BwuiL+NiL8BAAAAXHuoAEbfxFuVv86m+g2+VtAeuaq2yZEWS\vg6DqaKrT2ZafhD2qTkhcWqCA3S5aJ8Z1tyjwdav30iKp\Vu3\Q97TVKG1lUna+bjV0GrNrLQsi3TCW3lyokGuizaZw9zV7fq0PsRzLnmWZIROxl51qfnjwMO0OWnd2rzFxq3WFuPjZP1z8giegLrsVPW2QKtwmZKV\WiBcu+2KCne+7muetRxzqUjv9yuav8ETrsc26p1x64ifyLdvLRc7y+Vetp62r2\RGtfcwVdR+bMfK17eEHE60iXnaoo3Kz4X25SVpTZlZa9r8jl8Rj2bZN1cufn87S7dOTlzar42HcW2uWoLFHrfznl8kgam6zcH67TvbOTlWDqPB+tf7Br2xaH\HObZ3Zr9\Hc0C3Fr7rl2Fgih2EiyzQhTbkr85U9M1lm7\nznG9R\Tvbtd03SeVxy\HjEt38Wgyt29+rUY0kmczKfnyTHr47WQlxkqe9RfUHXTLPHMHXKABg4F1sVMVT1TLW\5ruzlZGuOq6cw6V\NhhSG6aZE7LVf4j2cqY4m1Ve9Uj95l6HXhpuz9J7DnvUMnGm7UzqCONWbaX35dNks47tPbBCv84jC1kh4ZLNXs7\8+Umqetjy+XdaKpMxZwOlT\1yyFrNs9Va3NJzze9sidcUSO7zf\qkftZ+r1tuG8dMbo1aq\u1gZfeoq0+nIiyXyeFtNd4upLrfKebBa298wJKcvOFRxMEc77wv1aTrkrFyris8MKbQQn6nVeUQ1r9lVe8ojXahXzXt9\xx+51v1H8bHt\yzkvvhPA0Z4m\ibwAAAADXPCqA0WfxqflaN9+Q6vS4ZH\eEbG6NiYd9ar4cfDERW7ZW9rxQ5usk+MDa1SZ4pWUmqtNb+zSprsDswTtB0tUcTT47mqzNd0wSdEo57+HO3irXI0h7uP+uFkhVsDqdLLBsG6YRen\0tv2aW61GVtPy6LkgVpXeRB0fPy2HBd9j5KUX7lDTyy1BiafJCnOpPjJVuVu3KWdhZbA8xcdqv1DH6s7zju0LWjyKUG2rW9p18bcmK4jXa7X9u11ilT7LUkej0dSvNKe3Ondd+DzmRIssm0sU76xffgZp5wXJI23qWzPDhXM8U4+SVKcSUkzi7SjMt8w6etR3e8bQ1YXtL5ZEjRpmjD7Ce14Y6vy5wQmnyTJNCFZWYU79FZlviy+Y3lcqtgUpbohsGfZfrJDT8zvnHzq\GzJynrIJsuIa7cJABhwlzvkPuVU7RslWpEXnCiRKUvFa8LdVNeqPZsqOpM0kqQEZTy5Q7u25ivrFsM6pXEmmW\JUkHlW9rxkMW\L89nFSp5s3WgPtWAMN1WpJ1b8zuTv1JnLJCaq7zZYTJgns7kr+m2Au18pzOO8P\mx5mUcEuWCl7epSeMCSJPnWo\7p\qzs64J0xMNTZJ1vs2acdPc4OS1617a0PH0Sd2a9tBQ6Q13qatu7p\pqRUm56ofEtblwxAzWNbm4Luv7Qk93OL6cFF\E38DQAAAAAkgNEP4pVWWKxsQwWH5zO7Kn4b7U\2yFxvVhgSqiZlPV2mgkhrUsUlKONJ4x\5HtXtOqKg6b8p1qBKk4\+LUw697xTDb7WYxOtsvoSsN51gENpbaqXf0pt+lyl9bYC+mJ7cPJ8nGlEt39u+Xdn4MEt2cqKsIayJJkX3qssU7zME82yzrEp4WrfbiVwvVNtmEA2Ke3pHSpKi3YdlavotsBZ9zRW6O3Poh\LNGediueHmS6MS9KCXGuXJ5OU\1yRwl7WU7KUY2hbrn9v7X5jRXud7MZJ7in5KtsYef3D+Gl52vp0VuC6OrNbu4\HMNGX+rCWp\bvunAAgJHGofXz5mleLP9s39WKwvV66deNwW2Kx1pV9FqxMsL8pLR\aNduQ7yV9FBZlPVr45X84FYVzwn8dre+uVv1sba+HXLxsq00VizHyJSl4i254X\z4xKU\Vh+UBK20dUSZuOeS3qoLGJMFX9bvvLvNkSxF11qOd91q3bVvlFjuOHToqIXI6y7GhevtDXBcVp\6PhzcIQVP3YkR9\E34H9En8DAAAAuHaRAEb\iE\TY09lG1oee9T4s+2q620O+KpTH+w3vHlKvpZnxvCHb1yScldkBR6f2a3aE8YNLErPDEwsdNQ7Fao+pOPTBn+FQnxGvpan+t4Tbh1gt5yNgakBc5q191UDf+1QUG3GxMSRvbbTVcPExtn\UEu0wpOxGSo+9I52vbFLZc8UqWBOpAnfKC7X68BBwwGn5Kvg7hjOZpxZtrXLDROmHXLUOSO8QZLiZbNlRGz7nZCUHPz69JwoE3JmJSUbHp77z26VEO6jB9RovFHi4QgTwcbRZi7Xcn9luUd1h+sV7atJ\k7KyL4WAQBDzKTkhU9ox66yCK1P3ap3GCruTFnKXxZLLBCvjLzlgfirH6tdB94dSpkefauu4pfkhE2i+022BCdTz7dH\b2PjVW5C6N9LyZZU43Jt1a1dQ1k2htU1xR4GL+kIHpb3DizbCttvVxqJbSOjuCzkjR+hEc8xN9+xN8AAAAArlUkgNFv4tMe07o5xjZzjTG17gopqJ2yZFmUEXr9sxBM30pXmv9Rh+qbglO8llRDu8FzDZ1twLpocQUmG9JuTVayJTB55frU1b0N2PlGfeBPNJuVndGHSZNRJtkS+DbkqdO2JyvU2K36Y4Cc+VyNvbyONCVDcw0TkJ6jDeHbf0uS0jTjlij7TEgMOn5MNwrERapA6ZDrD4ZRmRYoO+a1wJJkNc4aNzbIGaVSyjJlJDdDBAAMBVOCWdY5eSp6ply7Dh3Sjh9mKzlcdackXXSpwXDznml+duxr1nbp9NLY6AzZunXYmZ4cU\Koqztut0TfSAlKNCZU\9LRPwngW9KVEkNWKv4GY+zQIc\Xwa93fFKvQNQdrwV3xvKZJN2WrXtH8BIpA43424D4GwAAAMA1igQw+lG8Mh4vVlZQDni77Ed7Ps3U3uIKmpxKntyDP3zHmZVkmPxzt7YGTf6Zbr9DGf5HLn1+ouvUoEsNR33PpSn9WybFW1LkvxE8xDrAxophjcuQNUqbtYhuNOtm4+MTf+r7espDKP72uUozXhOnHCp5cJ4W3b9e2153qPGUW56Y1r\queDrKF6WW3sygZIkS1qXtoUhbhbwm3izkmKdoPZKiI8+WWS+KTnCqy363FgYccvNPWofmfRPxklWl1ojTgxadPOk2PcNABitslRc847eCfFv58vFKpiTFLR0hedyvJKzsmWbY5E5lhzJHz+X8actOalnv93\fKvhYajWrcNRclIvOsckK2kof5d7NebugloV6w6lTIv1nUmypPbDALzME4Oib7laR8SVExbxd3jE3wAAAACuFX8\1APAKBOfoaKns1S\pc6bdPWo7qcVuuP28Ou8heJ2B1ftOjbMk6O3Y3K3q10KTFKNtSo9Tapr7HxY73RJmYb2dGecqr\o\f+JMzqrVMZZZB0ntVyUfx1gq2GtYWdjo\t8XffoRhrF0KLM+l\mqRA1vq\OydoelEZMiwkZKloTa1W\iy4CsfT7lTdm07VvSlJJiVYM7Rgdrbmzrf2eCInnODrKEmJPeyf1jn540vtt6vjvySND7PxuPjBX6v5YnvwmoonKrRiXkUvd+bWf\6npL7cvAAAuAbEK2FcfMiWq\HjspQ0PUsLcveo5IfeNUAvt6hm40rVL92qHWusUdv2dnzlDooXXJUrNK+yl0P1tm4dnX1ZTDINZWxo6o+op0Pt5wzf9rh\UHwPPpM5ySJFqQ+Nmel\Kij89oyI2vHwiL8HDvE3AAAAgBGCCmD0u\jMAq0LuuW8TturGnvUbs5zuR\XbDvX1qUNdbws3wmkaLu2Fmv\tMFfLRKfYfVOGlqUMtO3RZd1gK+61Pyx74FJWd\pU\pXUpJuDqp++I8od4YPf+aFZdq1NVfJYSeWPGp31mlP5XqttM3TokdKVH2875UXwdfRzTLf2Je9eSdohpOu60X3kfvPI2WtRADAcBY\LU\lVQWy+MNBj9z7S7S60hn1d6vrWqx941b7xehbYah0qOMvhocTE4durdObblZQzWfLCKkej4D4e4AQfwMAAAAYIUgAYwAkKGvduqC2Yx3vbdOrjUP0x+1lT7f138zW9EBF8EWXWvwJVo9cnwbSwWm3BqaCLNbAWlpB6wCfMKxXbMpQSl\zv0pQssVYH9Oi\2jphyqE8w6tv3+1SqocqjvRqo5BLmxISCvQjncOadfLTyhvZpIidV\znG3Uno0rtGiDQ+4Bak+H7jouj\BqFwDA8DE5V8WPWgzVeZ1J4IpeLA3Sex2DHu9ghBqfLItxbepT\6GWKGuzxsK9f73uX1Mi+\46uc52DFjb5XCIv4c\4m8AAAAAA4UW0BgYCVla98MPtOKnjd5EaYdqX3hVGb98QmmxtIKOMzZhS1NxzVZljYv0hh6akqHsidWqPidJLjV82iHbhPgu1byd6\6xP9Luixq7KwW\rhZLmXIKsl17EjgLvDZdyitH9qnWW7Pkmmvw38G6o81ypOZ0acWZ+3Oj+Rsb5H2Vahxn2RaUqZDj1ujv7E\xZlknp6t\C3Zyr\qUce5Fn1Uf0T19Q1ynmzvlqj3NFVobVWSdq2x9uqzJySYJX\9xp\k\krShN4OfhiuwdXlFp74+8r1zqN9vgMBAIB+YV66Sev+sELbGn2\8B7V\bREM24tly3M73FwW+N45b78jgqmD\BAMURMwUucnPqT3FK\rC3ccxalZ5pUc9AffeujTzzKmN2n6FvNx51qPynVnGxUjUyyPX9IRf24dnFMiL\7F\E3AAAAgBGCCmAMmIS7i1Rwm2Ha4GKttr8evfWf5Fv7yadV7j\39+iSZDUsStzY6F0f66xL\jlK3\q\PhMMlQHedYClVjnrA58oLa13EyXdWO\QAmMX7aMfqbFPVQjtavjQaXhsUkZqpIkKz8BXKMSZFD\ZouwHntDWyrd06Mgh7Xy+SNnTgs9g+\5qHellC+z4ccZGgq1qaw+7aUjuL1uMe1P8N3o3jgEzPimoXWHHhe6TeAAADJ3uXWHkccn+cp3C\SQnTAz6ZVP7heHyy\bfg169OfolKCnZGPB2qKMH8a67tZ\W\Wyzl4QVLFeX9\Yt7iqvUF1TYbHUTsFDcI1Rvzdd8TfAAAAAEYIKoAxgMyybSjQB49UyOX9q7j94DZVzy6I\s4pyTLJ12bZrQanW3lT+rceIKjK9uNmua5myOwMtf6v\x2GygDvmMY61XDO93qa5n4nlvLmGMRZNXdJvBz7vMllT52q9y1XxoNJkd8Xzmdv69UuE1B33B4pVd2itjZJE6Pt2K0\nerdkLqJMykp1aYnUrOU8eIKlbznS6y79Kcv1KvKgYRki+Ll8t500CHXv7ul6bFeR61yNRqmc8YlydyfVej9Ikk33ybpM+9D73VsjYv0HgAABlFClooKD2jly4HlMzyN22U\mqbizBBxU9LNskjypfbqnS4pc5A7loQUYyXjhVa1RNkEAcm3WiU1eh816vMzUkZMFd+tcjVF36pHrHNlG+dQjXfdaM9vq1Vzf4bypvRud669ryro9svMaJ2ChuAaI\7uBeJvAEPrzJkzQz0EAADQj6zWgZvzIAGMgTXBpuLCDwyTfu1ybLcrIcrbdGuKMuRQnfeh61C9WpfmKqb0Z3ut1t\ilonJsj0jxalzblXBQuTu1fmWgzH8NSp4WSBZrhCr\rf4s1QzrYOSqXq0Xu+Ab\BKVSM2TtxwkKy32PybrvJf\EUesb21WTVa7cqEnZLq66ZH+uJqjyOumh5cqI0qr6v2OpQDhjqJgO5XKr6t48IOcfXWo+2aqkR9\S1rujJcnjlTYnS3rP4X\G\ecOSb1Irk9LV5apRg7vGHt0HZ2p1wfnAg9Nmekafs3dEmRNNUufeW9b8BxR7fECWWNsV+iq+q7W\zZeCf8QryRrmnLy8pXW6xZ9AACEZl64TssdK1Xtn6\0qK6qWtnfKZK1azwy3qr0iZLL+xvsea9W9Y9ao8YtkjpjnvvX68g3EhQ\LkkpaTnKeyitn1oKx9YdxXPic\VvXeroFrTEijp05PcuFUyPIeI62xgUp\WLOIvufdSqmhf90beqX6pR1s9yZe5pcu+EXZv3BUXfys+LtpxLP11jxN8DjPgbwNCaMqWXdyYBAEYlbgxCJLSAxoAzLywObgV9oT1s2z+\sWm6427De85Ua\t+d\jt\TrU+Pqrcsqj9nNuuZ11ao1LCD3ZMjZNd8wJvK++sSbs+r8+pltnBCYhPv5I1fWN\tcsM1OiJ7Z7IiFbRQ8Zp0pcsheul+NsD\Zx1a26LZtVc8Hw3HibipaEmIJJTAxqZ\bRJ9GmLzvUWPO2In4rpnZ9vs+h2uMtcrd71Pjbj6J\95I8\2WcMDPJfGMvK6u9ldR+sV5HV91ylO9Wq\+JeNmyhkP1UXdJd+YYJtQ8qqu0yxlLn\VzNbLv65Dnolvucy1q\Nij+BsHbpwAgGtYXJLynsgNjpMuOLTt16FijSRlLDLEKZ46VbwW2xIi7v121Vz0qOO8W+6Tjfrocnyfkr\miTcbHrWo4dMoUcxVtxw1dZG3QbAJGVpgWBO346BdjqithztUv6vaEKf1n4S7i5RvnFc\YdfKEodae9Ka+VydNm+pCYp5E5YWyTa5+6YDco0Rfw844m8AAAAAIwEJYAy8OLNs6wtk6dHiuCZlPFxguOPbI1flWm07Gnn6onVfiTa\Z\jre5xNyzPDpWVNsqal+R+59+7WkXDr\pM6KxK6RxSner8CeMk3ZHavy2qJSnpga0qMibPLztVUbhCm\e71B5tIup8oyrWrNS2j4Omn2Rbl9+92kaSJlqCKpg79tlVE6GyonX\5uBzHUrXCaCmV7Q52gRQh1P2KsPElmmB7viXrhslKMF4ui92hF17y\LdfMO113kdVTRGGPfVdtW\uFYVnwX2aLotXzm3RR72kJlsU5HxHF9wqGTjHrVE+mouNqriSXtQ9YjlwRxZaF0HABgo0\NVvCQ4odS+N3SskbSkSDZDTNJ+sEQlv26JmATuaKzQ2qqgXzblfzdE7eD1CUFJ4faOCK1MbrUqzfDQ+dovFTaEuNqhxqr1qj4RYZAIIUHZDxluDvC4ZN9klyvsl92hll+XaNuHA7TqalyS8jYXBf3d4mmq0OqHNstxInoa1X28Qqsf3ab6LjdfFj9kDX1D6kBcY8TfA4\4GwAAAMAIQAIYg2OiTcWP9LCB1wSbitdYDJMl7arbskIrSqpVd8odaJF21SP3qTpVl6zQ6iqXYSIiQbbiMMlOr862c14ej\+93df\9UmSJS3E9M3EuUoLcVd\n8WZZduyVbbxhuc8btVXrtX9371f65\bo9rjLrVe7FDHxQ51nG+R87092vbD72rRgyVynDJOy5hkfbxcRanh7ua36I75xmS5S\ZHV6viwxa1+3bjPdf2NYu0stIpj6SE8ZHrnrtPAK3s\h1K0mW3Wj6s1vrH1svhnzQzyVJ4b4g1tUyKN36Mc7u1\XVn4DwYP\YEm4ofDb6OHCX3a8WWGjnPdgTG4OlQa1ONNj+0Qpt\a5jgM1lUsN7WT+0jB4JJ1kc2BV0jns+qtTpvtV7a71Sr4WR4Olrl3P+SVq8oMZxjyXRbkYqXDN9PCAAYDUyyPrJOWUFhlEvVZY7u3UTGWpVfbDNUDHvkemO17l\zkhxNrYHf+asedZx1yvGz1bq\xGGocjTJsqZYtlBtVcfGBzW1db+5XdVNrZ3xw8WO4NhknFVzjXHfxVqVPLZZNU2tIeKH+1Wy3y2PTEoY38vKyWvV9OUqXmL4tk\VaG3eatk\bJH7svfJqx61n6qTfc39Wv2GK2zisV9MtGnrT2xBFeue8\WqePx+Lbp\vba9WavGE4Frxn3Kqdo3t2lt7iKt2OhQi3FwY60qerFI1nCXxABdY8TfA434GwAAAMDwxxrAGDTmpcUq+P0K2XtQGWFeulXlHSVa65\o8cjduEfbGvdEeWe0ZKfXhOB15nxCrf\rY\mXDGl\cOu18AnjfhBvVdGrO5T47FrZmwwzK5fb5fywWs4PY9iHyazsp8v1RNhq6E6WB4pl+9AwAeRpkeO51XKE2d50W5HKH\iTVpSE20KdE0A\bNban9Z7J2Zj\Q6lhCVbtTXMxEiyJU066GvB7ZHrzfVa+ab3tcJd2rEs8D7z0nLtuLrWcIOAR+6jdq0\ao88gLFWFVWWydbTdZcHW7xVReWbNftEsAAAIABJREFU1LF2s+p8393lFtVWrldtZeS3mibYtHWLredr2wEA0FPxGcovtKj+5UACz\OZXdVHs1ScGRyzxacWacfGDq3eUudP7HpO1qpiQ60qIh7EJPPSrdq6NFxiJVkz0iSHP4Rwac+Gldrjfa3gjR3K9f\uJyhrTYEOOCvk8g34Qr3sG+oVLoJIWLJVW5OqtbqSlYBjFy\rmnIV\XFloAL0cotqnlutmjDvME2wKjnO2S2G77cRpRZpZ2WiNj9pl\Ny4HlPu1N1rzsVS6Nv04RsFf\sCWWMj7TVAF1jxN8Dj\gbAAAAwDBHBTAGT5xZuU\k9zBRGq\kB8u1a2uukiNU8hqZJmSoqPItlcV0R3WSrBldk8Sh1\17\9b6UGt2qR4LcjoYXVzT8UnK\f5Q9q1JVeWcT3ppW1S0pwi7dizK2ryt\M4VhXtKFPetGjHMMk8f5N2vRjbxIX57k3aWZYX83cok1kZa3Zo5xqrwqXw4+cUBbfHNmj5Y\dV4ZKWleutsrwYz59J5swi7dhVFnK9tmFpfIaKX92hokxz6BaD3ZiUvGyrdr4RoSoFAIB+Zl5YrPzpxmc8qnv51ZBtbxMyi7WzskgZE2KMfcYmK3fLTu2KED9I8cpaUxRmaZIWtX7R5amJNpVXPRHDGEyyPrpDOx+PdGyEFWeW7cVd2jQ\ehxjSi1QedU6zQ21XEs\ip+Wq7J3dmnrMoviexJ+j01S1podeuuNaMlfrwG6xoi\BwHxNwAAAIBhjApgDK4pedr00Ada+Ub3CYJIEtIKtOOdfLmdR1T73keqc7Wo\bxv3SmT4ickKNmSrazvZmnuNLNMPbib2pKxQPF7awLryt2SIkukCaVxyZoxUWr0VRyYspQ+rUcfp9fMMwtUXlOg9lNONTTWqb6+Wa1ftcvdblgvK8GshCSLsmZna+58q5JinfTxGWdVfuUh5Zyq05G3alX7iUvui94znZAs65xs3WtbIOvEHi3qrHhrvna8szzMdyiZxpmV8E8WZd+do6w5Fpmj7d47UZh08JfaXfORXIZ9qdUtt9StbVy8NV\lbxnG8G+uwLkzxcs8xaKUjLmyzc9Scgz58mEnPlm2jbtka29R3XsOfVDfrJazbrX7KlfGJsg8OVkZ83I0NzNtZH5GAMDIFmdW7upcvf14TaBl88VabX9zgd56tPsNdfHTbNr0a5vaT9XpiOMDfeRsUeu59kD8kGBW0rQMZS+aq4zvJCshlhhwok3lv0yS49e79fbHgThHkv50LkQEMTlbm96YK7fziA7sr1Xdv7V4f1tNip9gUdqibN1riB0iLQOKCOISlPHkLh1a4ZTjnbdVW+9Sqy++G5ug5G9lyZZ3r7KnJ0hyB62lqjjFmIDr6ZjMSiss1zuPtqvl0wY1flivj5ytav+zIb6SSQkTE5R0a5bumD9XC6xJPfpbRNKAXWPE34OA+BsAAADAMPV3f\vb3\421INA75w5c0ZTpkwZ6mEAAACMWsMx3hqOYwIGl1uOx1eowre0zJIyvf+4dUhHBAAYXYZjvDUcxwQAGFr8Noxcly5dGvBjUAEMAAAAABh85x1au+ZttU9IUoolWWnfzVdGLGu\Xm7R5ycCDy1JsSz9AgAAAADAtYM1gAEAAAAAg29CkpIvuuU+2aja\Xu03eGK\h5J7R\Xqt7\KF6WW0kAAwAAAABgRAIYAAAAADAEkjUjLfCo46BdjnNR3nK2Rpt\1hhYe3bKcmVPH6DhAQAAAAAwQpEABgAAAAAMgXhlLMySyffQ41LFoyu0ea9TrR2ewGZXPeo461Jt1Vp9t9Aul\+lBNnW2JQ0uIMGAAAAAGDYYw1gAAAAAMCQMM0u0tYlTq0\2N75hMet+tfWq\61aO9MUMbT5SqymqJtCAAAAADANYcKYAAAAADAEImX9fGd2rEmQ+YYc7mmCRkqqtypTXez9i8AAAAAAKFQAQwAAAAAGELxSl66SbuWuOX6bZ0O\LZWrj+2y33R1+vZpISJSUq23qG5tgXKuiVhSEcLAAAAAMBwRwIYAAAAADD04syyzM+TZX7eUI8EAAAAAIARjRbQAAAAAAAAAAAAADBKkAAGAAAAAAAAAAAAgFGCBDAAAAAAAAAAAAAAjBIkgAEAAAAAAAAAAABglCABDAAAAAAAAADQhX2FmjrNEvpf+mItf6pax9wDOYKvtHeVRVNX7dOFnrzt0gnt\VG1PhmoYQEAMML8\VAPAAAAAAAAAAAwXEzXqpee0pwbjM9d0dn\8652VZdp+W9OaMeHL2j+DeHeP\guvF+uDXtvUc2zQz0SAACGBxLAAAAAAAAAAACv8Ur+drpmmYOfnTU7Uznp43XP96r1yruFmr9i6gAc+0bd9wuX7huAPQMAcC2hBTQAAAAAAAAAIKox38nUfEmft10KfsHdoMo1i2WdZtHUaem6Z02ZHCevdHv\hePV+sF96Zo6zaLpmYWqPP6Vjr1gbPkcogX016e1tzRf96R3tqK2LsjXpn0ndOlq58ufvGBRevFRSdXKnWbR1BecPRiX93gvHNUnlXmyTrPIuqBMv+vy8QAAGGmoAAYAAAAAAAAARPenUzomafK4Mf6nrjjtyn24XGdT8vVM1UZN1hf6cNcL+sHi3+uzN\fpmdTOba80lWn596r1\83O1\NVmfrG6X16rfBhHTBLmhTugF9p7+OLteGLeVrzVJU2m6WzR6u0qXiZPr\yG9XkTVLy0mr9\OoL+kH1JD1TnacZ42\p0bgkSXvW6pHpD+sn1YX6q\t63X79gJw9AAAGDQlgAAAAAAAAAEBEV\7UoFdKyvS5rNo8b7r32S+097lytSytUsPGTF0fJ0npmpW1WP9aOlOP\HSfVuzN0+SrJ\SLJ6t1NmuLflO5TJPjJGWla35KmZY8cDp8Atj9ex05Kq36VbnWzex8atbsdP3jpZl6+mOnzuZN0uRp6Zo1bbykSbp9drpu78m4fMf5erF+vnOt7rpuQE4dAACDjgQwAAAAAAAAAMDrqDZkWrQhxCtjzJl6Zm+Z\Mv\ftmgI07p9tlX9PnxhqBtL42ZKjmP6pg7T5P\fFR7v5Tu27y4M\nr21\qA1o1szrksSRJN0zS5OukXeXl+td\XK5ZN9+oMXFjdNe2ZjWEe09PxuVb5zjTqhkkfwEAowgJYAAAAAAAAACA13SteukpzblBkq7o7MfVeu4Xp3T7upf101VWjTckcOU+rWOSVLm287\dnNZZt6S\XtJZpWvGLWO6vD5JybdJOhlmKGPStWrbMn1SbNcjC+zSdTdqxuwlWpG3TAtmTvVW9oYQ67jMIV8EAGDEIwEMAAAAAAAAAPAar+Rvp2uWNzk6a3amZt1SqHuK87T84h4dfMqqrmncVW+69Exq+D1eOXql16OZnL1FB+95Si3Hf6MDB97Ve7+v1ob3q7XJ2E46jGjjAgBgtPofQz0AAAAAAAAAAMDwNXlZuXavmqqWX+Rr9b4vAi\ccJNmSDrmOh3x\WPGj9dkNejzU10TwV+pJVz1r1HcN5U8e5nWvVCt3\zvZv2mNFNX6uxyhHtvjOMCAGC0IgEMAAAAAAAAAIhgjG7\rNaNfWKfrflWTnc3qenZuo+q\T56\t07Gvj9ld0bNs9mp75rH53SdK0TN13k7R3z7s6e9Ww2enfaO\R8Ee90lSuJZmLVfmZ4cm4MZpsHh95uLGOCwCAUYoEMAAAAAAAAAAgsuusWlear8lfH9XTpe\qgiRpku57Ol\JX1Zr+Zx8Vb7boGN1+7T9iTw9Un1Bs9Y+rLuulxQ3XauezdOYuo1asqpMe+sa9Ls9G7Xk\yrT59eFP+SY2+7UXded1vaV+dq0510d+7hBjj0btfyJfRqT9bjum+7d7rrrJb2vX+06qmMn\xL7uAAAGKVIAAMAAAAAAAAAohoz83E9nz9JV+o2amvtXzqfS12vg+++oFXfvqDXnsjX8sJntffUJH2\+n29vmxS4L2zf6T3f7VWs9pqtKEwX6urLmhBVbU2fzvSAa1at3ePNt8pHSt\Ssvz8\WD8maNf7RaRysXy1cHfP2d+Xom6696b0uhlr\0e13owbgAABiN\u5vf\vb34Z6EOidM2fOaMqUKUM9DAAAgFFrOMZbw3FMAAAAo8lwjLeG45j6xxfa+717tGF6tU4Xpw\1YABgRBm9vw2j36VLA78OARXAAAAAAAAAAICBc+l9\SB9sX7w7lfBz3\ZoCPHpbum3TI04wIAYJT6+6EeAAAAAAAAAABgFLt+prJnP6XVPyqQ3Pm6f\p4XXEf1WsvVOvY1HzVZN841CMEAGBUIQEMAAAAAAAAABhA39T8sve1u2qLnvvVRi13X5FumKr5y17QwcLFmnHdUI8PAIDRhQQwAAAAAAAAAGBgxd2oWWvKdXDNUA8EAIDRjwQwInMfVummA2qLsEmirVSlixIHbRwphXYVpvR0B206vKlUjWmDMFbjUQ+VqtThPXuphbI\1uOBj2hth0pV2pim0s0LNXhnHQAA9F2zqgqq1CxdkzFMTwyPeKcz1j3g1jX7fQ2P7wEAAAAAgOHhfwz1ADDytTlKVfBq81API4JmVRV4J8QGVZuaGw2p86YGDeez1N+aXy0IJL8BAABGIeKd4YHvAQAAAACAYFQAo380HdBhd4oWmgdo\+aFKrUvHKCdDxB3sxqDks7NamiWUq69ggwAAAAMqEQt3GzXCIuWAQAAAADAACEBjJiFbL3cXKWCqmZJbWptk2RIADe\WqCqpsDjcK2ig7Yz56h0c6IOeFsO+t8TrgW0\gGxrZ3XV5vc5SqwBG8j2jjDLRxTlFhoVTl21+U9nrNDm\rbHOKUtSsZrfUvP+w2lLCtKUL0W475DmPdbsQn63z\BqPH2jvGPy5DW0E\e\p0lrwOw1B5zbwfkPLSElyH1BpwYFrth0hAADXgm4xh7rEJ11iufQ\dI3\FiqxS4wT6zIjUY8dStB4CqUqX+ySokJ7oVKk7nFmUBwVId6xtYVZuiREW+2I48hRW0yxlxS6BXSssZvxZBo\c6JyNpcq0eE9v93iyMjn1SfSdRDx3IQ6z\5z4\2OYoo7DefBp2tc2l\XZ8Rrputxwlx3AAAAAAD0A1pAYwC06fCm7hNx3VtFh9jOfUCl3SZ5wgiV\JWkpqoYW1LHOk7\AQPJX0kp34k0RdOsBu9+E9NyVLjUu627Uc2hWlE3V6kgxFrLzVUFKj3U1vPt1Kyqgu6frfP8lupwX9thN3U\922O0i5jAAAA14JQCVipMz4JFao1V4WI\zaVdksctjlKQ76\L8cOuY8qQ+yZmq4Udd4A2C3O7Emc2guhxuHX19grhvd3\8xtOhAiVo7wAWKMU2MVKvkb6fkQ3IdVGmopmKYqFYTZR2+vz55eMxG\bwAAAAAA+ogKYMSsuapABWFfTVG6d9ai7ZDdO8nSWTWw0KxAstbYKrr5gH8yJnAHfYg79MON5w\eKRPDnfX+al3fcVIKZbeHrnKNeZxGsVaxNvvW+01UWmqiZE7vrAJWmxqb2rQwqFrAkFgOUW3b5jig5kWFSol5O6n51Sr\8f2fzT9Z1qYDOw4rJVoFRxT+qg1DJUNbY7PaFi1Uod0emJCNpVoEAACMTO7DOtAkhY45vPFat\UvfNWOhrjP3aa2EFWx7nNtUkqYKKJXxw6lS\Wl+7Ds3vVku3c4adaBQ21KWZQSPt5x9\aGuK5VoMH7CR97JcYUZ0V+f7MO+NbQDRVbRxV7nBozQzzt\379Y4\he1CbDu\wJW0N59awj6pXm0PE9r24PmO6Zrp+S1T9AgAAAAAGDhXA6Bcphb7JizY1N3oniVJzAgnUlBzlmDtfb2zqfN2fwFWKcvwTIolauDqnZ8lC9wGVeit2ExeVym63y24vjbIecezjDEhUji22KZpAcjpNKWZJSlF6qvfIjgPBVQDGya3VvgmrRKWkJXZOYvnbEMa4nbH62FZgOA8pKiyMUokcK3OOcnynwrxQOal92BcAABi5zAtVaoi92g6Vhq2s9Em05XhjFm8c4\1\f5xlTlGaN35p+zJCwNKLY0cej\eYTY3+pGEgRk1Rjs2bVmxs7lbl2h+6jiNIX2OvaO\3x5lSytLAjXuJiwq8sXEUMcepvdGmA5u836v\O7dHbw\ublaj9\IJ\K3SuY8C73eppoZu10tvrs\eXDMRv28AAAAAAPqICmD0gbHawsetVt88XVOVCkKUDHdOlBgmbMxJCtqFOVFmda156C7FlqPEJu9d\f5jhRpTKL0Yp8xKjGUCzF+NosA6ZEGa1RBDQUriolLZF0U\XLft3G3yfTTzxC4TY4lJSlSz2kKs2dwjN8VWaQIAAEa\2KtEO3WLTzqfjS3O6uOxYxmP+0vf\jqX1OjG3aquUWJ\CH1evPoae8X8\kQlJQY\TrxJUi9vHIw1ng0pJUc55mZvx57AdxHr2tBqa\X+PdH1M0mJE31\bbjV5lZQIrY312dvrpmI3zcAAAAAAH1EBTBillLYebe9fbOvQrdNBzb1w3qyveWrACgMqtnQgU0Fvar+6C+BCoDwmvcfHpDKEQAAgEHVXGVIwCYqZ7Nd9sFqazuUx8YgSNTCEN9pm6NUBQWxr\EMAAAAAMC1iApg9Jx5oUo3y7v2VWdLtkT\xIxZSWZ1theOdb3crnfEGypYY5JSKLvd996u64KFu7O+F+OMiaG1dCTuRjW7F3apJOhSldtcpYIqd4iK5ijbGSqou62bF6ESAgAAoKfaznmjtqC1V0f2sc03JUpNbbo212jt2iWmTW1f9uH9YePZnuhc59e3f9+6vM37D6stJcL3HqHzjf\a8VX29vGG1mv7mgEAAAAADEdUAKN3zAtV6q+8bVbVq75b8A1rZTUdCFQHuw+rtKAg6G79lO8E3n\gkC9p2qbDOw7EUB3bpsObOvdXsMlQTetNfkpR1ozrwTh7xLDWWKLNtx6x4Z+hetq\xnBKun+SyFgZ3LmOsKHKOtbtgtYbthsqtJtVVdV1beLORHjntoG1idsO2b3t9gAAAGLgbuy8sU5S26EDg9uJpZ+PnZia5o3XusSovtjz1ShHMMSjQTHbq0PXoSaqMHFmzDFhrHFqD85N55rOBSooMHYc8raklvw3kYZlWKu3ucqwf\dh2X2V46np\ZKs7fM1AwAAAABAP6MCGL2XUqjC1AJVNUlqqlJVs12FKVLiohylOKrU7G3HHLQCrjlHOb5ZFsO6Xm2OUhU4fNskKlFtUZLAiVq4NEUHqprDrLObqByb70CBal\fcVIK7SqMdZw90Ow44K+wTUsNUY9gTlGa+YD3Mx9Q86JCpShFhYUpKgj3WVJzvBUTsW4npTxWqJSCMJ9NKSr0V8kY13ULs2ZZL\krIXxj7ddKawAAMBwkpqYp0eHrCtM15hihxzYvVE7qAVU1dYlRO49qiDHDxTuGTjMh49ThKEU5tkQ1O9q6jDlRiWapLWoSONY4NfZzE\FvCkmJthx\8jZc3LlwdY4avd2BusW55hyV9lds2oNrBgAAAACAwUAFMPok5bFAi7PAnfWdbdoKU7tsnFooe1B7vs51vYK2Sy2UfXOOYuoQl1IYZp23FBXajW3mOpPFRu5zvhZtsYwzVs1qaPL+r7\CtitD5bGa1eArBkgpNFQHG7a2lQYnTWPdLtxnM+eotMs5S3ms+3YphaXK6XWbPu+YFuUEfzdfRkvqAwCAESeoK0ynlEK7Sm2+TisNA1f1OoDHTnnMLnth1yiza4wZLt5J1MLNXWOpROVsHt6tgRMXlXb5zJ2fN+emsG8JFlOc2pNzEyaelfd7Niz1EjbuNC9UqT1EXNvreD+8WK8ZAAAAAAAGw9\97W9\+9tQDwK9c+bMGU2ZMmWohzEAmlVV0JlMTrSVBk3uAAAADKbhGG8NxzFh9Gp+1dvxZwjWeQYAYKgMx3hrOI4JADC0+G0YuS5dujTgx6AFNIZM26FSlXrX3wpK9Db7qjXCtFEGAAAA0H\ch1W6ybuUSVCiN9DhJjEtheQvAAAAAAAjBAlgDJnAum2h1spShDbKAAAAAPqNOUVp5gM6EHZtXm7MBAAAAABgJCEBjKFjXqhSe6K\3XOQ1MIua9oCAAAAGBiJWrjZrkRfu+cgKSq0D+\1iwEAuFacOXNmqIcAAABGCBLAGGIpKrTbh3oQAAAAwDUv5TG7iMwBABi+WOcRAGDEjUGI5H8M9QAAAAAAAAAAAAAAAP2DBDAAAAAAAAAAAAAAjBIkgAEAAAAAAAAAAABglCABDAAAAAAAAAAAAACjBAlgAAAAAAAAAAAAABglSAADAAAAAAAAAAAAwChBAhgAAAAAAAAAAAAARgkSwAAAAAAAAAAAAAAwSpAABgAAAAAAAAAAAIBRggQwAAAAAAAAAAAAAIwSJIABAAAAAAAAAAAAYJQgAQwAAAAAAAAAAAAAowQJYAAAAAAAAAAAAAAYJUgAAwAAAAAAAAAAAMAoQQIYAAAAAAAAAAAAAEYJEsAAAAAAAAAAAAAAMEqQAAYAAAAAAAAAAACAUYIEMAAAAAAAAAAAAACMEiSAAQAAAAAAAAAAAGCU+PuhHgAAAAAAAAAAYOhd2Feo9OKjEbbI1PNHq3SfedCGFLtLJ7T3heNKfjZft0d6bhB88oJFub8I9co3lXzbTN31yFqtWzxVYwZxTMPTV9q7KlMbpu3R6aesQz0YABhVSAADAAAAAAAAALwm6a4VizTj+lCvjVfydYM9nthceL9cG\beoppnIz83eEKdx7\o83379IsnjurzS\u0O2\qUAwMAHANIAEMAAAAAAAAAPCaqgWPrh2eVb4jSpjz+P087XpgsTa9sEfHlv1IsygDBgAMANYABgAAAAAAAAD02KUT7+q5NYtlnWbR1GnpumdNmRwnrxi2+Ep7V1k09YWj+qQyT9ZpFlkXlOl3lzpfvXC8Wj+4L11Tp1k0PbNQlce\0rEXLJq6ap8u9OA4n7xg8baurlbuNIumvuAM+Zyfu0GVMY27QReO27V6gW+Medq077SMW\ZY3FTdlZsuff2Fzv7Z9+QVtbxbptU5mZo+zaKp0yyyLsjvfqyvT2tvab7uSTduc0KXrsa6zV\03hMhzm\tU5o6zaJH9n9leNa7belR\xj6\n0HzqX1vmf13pd\7cuZBABEQAIYAAAAAAAAANAjV5rKlJvzlHa136lnqqq1+6VCWb7Yox8sXqbnmrqkSPes1SP16fpJdZWeeXSebr++8\3Lv1em3\1Drp6vqtZPv3e9jhQ+rE11PT9O8tJq\Tx\uqR5eqa6WruX3hLyOUm64rRryYJ8vfa1d39VT+mur2tCj7tui5avPa7Jj5Zpd9UWrbjllHYVL9NzH\cpBaxLF76UJH0jrvNxy6583fNEjS7NXqsd1dXa\dKPtOAGp3YVL9PTtX\xvusr7X18sTYcv17zn6rS7uoqPXPnFe0tXqZH3voixm2+qdtnZ0pHG\TJpcB4Wj59X5L0O6crkHC+dFy170q29BSNifF78AvxfV+qfUqZ3yvXscRH9PPqav3knkt65f95Vkfa+3QqAQBh0AIaAAAAAAAAABC7qyf0iyer1ZK5Rb+3L9PkOElK16zsO3XbA4v13E\3acXePE32bf\1Yv1851rddV3g\ZVPVuts1hb9ptL7\qx0zU8p05IHTkuTenicaemaNW28pEm6fXa6bpd3u27PfaG9z5WrZWmVGjZm6nrf\rIW619LZ+qRruM+PUmrPqzSfTd1Ppx15y1Sap5+8fEJbZ5t7cV5u6Kzvy\TD8u\kDILNGu8JJ3Q7975Qsmr7Hr9KavG+MY+7xaNSc\Xrk9P6efZVsn9ex05Kq36VbnWzfSOZ3a6\vHSTD39sVNn8yZpcizbpGRqhsrU9B\S\NTO4x+rvaLkqVPV8vsTalGmZki64myQQ\P085nf7J\v+4V3pawtOuj7vmena\5tZbrne0elmT0\lQCAyKgABgAAAAAAAAB4HdWGzM72wcH\CrXX7d3k5FHt\VJa8b3F3mSgV9xU3fe9eZJzn3532vB8plUzrjM89r7\vrzg949JfUCrZnbfLubjRPNlg444pdtvuKLPjzfo2Me+f05dGjNVch7VMbdh+5nzNOsm43EnKfnbkk6eCmqhHFqI8zg9RXcW7lHL1GXasXmZxkuSpmvV\3tUv\Enf30n4xbN+Lakry91VuXeMEmTr5N2lZfrd6e\0pWrkjRGd21rVkPl4s7kayzbTE3Rgpuu6L3\c6LzOG6Xmr5M16rvL9HkL5v1uffzf358n5SZqVk3qO\f95+adSTU9z1zmVbdFvVEAgB6gQpgAAAAAAAAAIDXJN21YpFmXN\1+fFK9iX1vr6ks5qu5Eljum6k6xMnSXrfsL5tCBcv6azSNeOWru+fpOTbJJ3sp+N05T6tY5JUubbzv92c1lm3JLP3oUn6Rg92HyzEefyHSUqdma5Z0ydpTFyXza9e0aULX6rl1BdqOdGg\3BQb3XJCnzgi5JGj8mXau2LdMnxXY9ssAuXXejZsxeohV5y7Rg5tTOauZYttF0zcr+\9m7+\Amqzzx\2\LxGoG0ukSmEYMMinYgkEJDykSHgpalIKUleIIM4PrlrXd38AqzIU4gkP4Cs6g6ziu7rXFIToWl7pQdiyDdWxYKA\BNlBuhAhFbb7QiOmXCcs0y8TtZq2\P5pC2iZt0hZa8PO6Lq+Z3DnnPp\zcKch5z7nTuTlDxU+zx+J\tNTVAyZyM9mjeGBFa\yyaeNkOLmow8auetvTc2T1N3th4vn+ISRPNIu\yAGD4uzWYUQQsREJoCFEEIIIYQQQgghhBBChBh48O+e5JGUzlN2VeP\dO8Zut21pPgkz4672qXE3o6eD57j\v5Dj4JAMkG7hqSytjsH\FI46tsCUunn\U8f5j5NJ9XllNauosP973FM\a3WBu2lXYsae6aOB827+f2HR6NAAAgAElEQVRo\SL8yg6YWchd\UbxxRx4SjnFuttP8sdzt\PgeMPVapyQm0lsd6OBEEKIniBbQAshhBBCCCGEEEIIIYSInVqDnlN8\kX7iVy\9wsgg+EdTHwmDhqEnio+qW2b38fnn4a97GY57SQP4S7go5Px7Bt9lV3cxQtP7sA\71X2nTiJu2oXf\j3V1m3JIvhkdL3G8Bwy3x+9uJblB9SKLdOpXHPJnZ+GnuaxDEZzGU\n3x6ik\2NTJ3zChgAKmmkTRW1\KRsp9Phswnc2TofN3th+Qh3BUx\zk8x2NsJyGEEHGRCWAhhBBCCCGEEEIIIYQQsbtzKo8MgS1Fu\B8HXb8azfbiuxgmMrYIVFzX86\bWub\O5ytu3vwXLaMkzlkTHwyZs7+CgQ\kYjH\1yJiOnrqfCH8f5eoL7FB8CDzyYhT58h+RP91HqCouw+lUemjqHfw47Rr9E9CmD4koDgMbEpKmwbUche10jGZc2AIDho6eSWLmDl\9tP4mzMrirJX13+8EwkRxD+\yN1TvY4oqeTQghRNfJFtBCCCGEEEIIIYQQQgghYtdvJEv+8XFKFz7HzB+7Wfd3U9EHTvJvv\0ndp4ysKR4UeTVq+H51y\it48\x0NL3Dz7k6kMrt\Fyy\u4nN1m3QxlpOo1gB2irZk0Jhh4t47B0Q4djuPrHqcLQvf4kfTT\Kz5woYq\6CQ7u2snnXn7j3l39D5rXektgwhrlq2Pzk4yQ9V8DY5EY8jq28vFWhMflKskTjNDLVm3g573HOPzmfB+8YxJ\O7qLoxR0kzniRR0ZCYmPnaZppGTttJI3P26lQ57O0ZadnwygeYBM7jyXykydHXim8u\2NgZ9seJxtC9v29w4+78m2FEIIcZlMAAshhBBCCCGEEEIIIYSIS+K4lZSUjuT11wt5oeAt\AxgeFYBb\7T35B5R2Ln+S1rsBcN4hfWN3mm4C0SU6aytPAtBm1exDNdKEcz7XGenZHPy88XsHPGi1QVzmFQpGPjVvKHXSN5+dVCfrvicfwkMmjkVJa+tYmfWrRXoaU6kZzFxm3Pk7T2VV5f8TiNai13WX7Exn9\iUH2+Tz0L6f4vBEGJY7hZ9u2Mnj9q2x59Wm2XASSDTzwd2+xvyCDQQCxpAkZPn4mek7hmWe6stJXM5JJE2Fn5Xymj2\dh93u73ErKSk18PL\eZW1BW9Byhgeea6QnA8KeKFHGlIIIUS4m7755ptvejsI0TVnzpxh2LBhvR2GEEIIIcQNqy9+3+qLMQkhhBBC3Ej64vetvhjT1fEF2xbP5JmRb+H+eUZvByOEEH3at+dvw43H77\6zxuQZwALIYQQQgghhBBCCCGEuHb8dp7KmMNTu3ytj5+r4o+VkHlnau\EJYQQQtwgZAtoIYQQQgghhBBCCCGEENeOZiKzLE\z92vyof5xfjhyEI31+\nti2\xkeFxSmb1wlbMQgghxA1EJoCFEEIIIYQQQgghhBBCXEMDeOAlO\9a+DwvFD3Hj+obm59VO\9F\lAwh7vUvR2fEEIIcX2TLaBFx+rLsObnk9\uv6UsX7uR4sO+zs9x3QniqyyisNx75ZBSSH5+PoVK70UluiNCn95wFArz88l\Q2n12vq+N8rrWM7Rm2KNJZZ6xS543knRG3au3UjpS20OBFwUv7CcpaHP+sLDwR49\bVvX+hzbdwN16b9un5N9U7\CiGEEEIIIa5b\bTc+9NX+cN+BfenJ3FX7eJfnp7DXZreDkwIIYS4\skEsIiJWm\EPNF85T+THvVFNxWbV7Nx79V\WPW15aLkLQf1PTvvIXqV9KmIjes9G45z396B4t1dTMVZSJ25mLwlecwcrurR83\b27e7+nr79fX4hBBCCCGEEEIIIYT4tpAtoEVMkky55M3WtT4YcFK42obiOIhvejY39JM5TAVs2tTbQQjRERMFMkhFN9XX+wATmfMtmHo7GCGEEEIIIYQQQgghhBBdIhPAouvUeoZqQGkMEgRodPLaUzZcpgI2PdF66iB46DWWvn2BnHVWslOinK\Jh\NdG6WVbnyNQKIWw8Qc8h41o02geRvmwnqyl5ip2VKKO6hC98AKrPMM0OSn5oO32fKhK3LeFhecFL9ZhvOsl0AQSFCh0ZtZkL8Y80Cat7xeW9q8feVOK\k7dc0xewvJL1QwFWyiwHQllpyVi+EDG2UnfQSbVKjvMLOw5VwtAm7s7xRRqngJNqnQGLP5+1lQ9FIpKS3ni6azeIkzlq6WEUv\xJom6MO5vZM0LXVqO17aHo+l7tH6tO04jGf89mQd2qmhaPkrOEa2jqPmneW8ciCA+aebyLu7ddoTk1bx0oIGCvMLUca1jz9+Adzvv8a\fODCHwy155KFmAe3Xg3qP13G22+X4boQhAQVWoOFnL9d2PmYC42TsmoP3kvNqwVVGj3mRwpYPKHtrSSxxdJW\LF5KVtrpbQeoBRrfim6uVass3U0byFegm2nA3e8db3gpGjTdpweP8GmUD3nF7BwopbWNQji2VeIbYeCtxFU\fWYH23bHrHEoVCYX0j93FUs5v042q05n3L5\+dDSg7WddnoYu2vDuvaUfvG0l+hes3Ow3yqiFJ3EFVKNivW5WDopAuuuJrjuqXdr9Qp8vGu9s9VGp8EcL9vwxb626m6LZOClentk3U6Brrbv0IIIYQQQgghhBBCiJ7Uz2q1Wns7CNE1f\7zn\ne9753dQu59BkVFachLZPMOwdcOd4UxFtVzI6D9QzM+hGzRwyA7wzh5i93cUT5mtuzx6O7qSVxkMr3fsfHtz7IklmpJEYqp8lL2Qu\oPj4JZLGPMTDszMY1nSG6o\247jwA+4zDaZf\RF2HfmMz455+P6MheSYtAxJtzAs2Yv9l1bePBIgxfIQD2fdS6ray4kDe\jg436MnzyCATcBAQevPfM7nMHBWOY8zH2TRjNU5ePzT1w4qy4yIusetDf3RzsEfEfP8LUplx\PySBt2GAG\OkIu47Uoxv\EON1QP0Rdh05h+e4g7qbxzP74fsYNeA\+b8njlOpNDLmvlEktdTrxQ38\tMEhk15iIenpNLoKqPk0Bma\ieItuV8kcQS701xxNKdMmLpn1jT\OoXFB9vZODkHBZkjWdoKI39eFhf1R9h15FLpE\PZET\sHjbHo+l7qoofdr29pdYx29P16EdLU11uzhyKpERD94TWlnvxbnDzulL8F9JdzHzruTmpKfK+N2BC9wzdyH3DKrnyK4j1N82nofG6YDm15cuX7ttX0cSOsf\+xhHbT\Gz\shM+\qj\f4ASrsJ+g3furlmL3l67G+6SSgm8pD8+\jXkN\vMcr2PPHj+k3diojohVBAMfrT\O76q8ZPHE2D2fdy+jbVfjcp3BVVnJx+IPcMyieWNrXq2ux3UL\QTrwKZzBRO6PZ5NxZyqDB\TD+\4v+cW\Hadx8FRyFtzH+CFfc+ZIJfv\o5O6NioU\uK3OBN+wH2zcpg+KZX+Xx7nQMWH1A16kIzb+4XVU+GjM2pMsx\mvrFaLn2qoHx0nMYx9zEqdAHHFkfz+c6dU6ioaeqwD1v7Ln+VMhTVnxXOXDSQueRh7rsnjdTB\aiMpb86ras6evvG1F\N9fqsVsEz6D4W\vVYtLelY\lBcrSBFuZajOto11fk6zD+\rkK4xOoeedp\tF+ju\cmcUP501m6CUnxbtrafL7w\7ux3LNdhBfl9u077gm37fi1BdjEkIIIYS4kfTF71t9MSYhhBC9S\42XL8aGxuvehmyAljExLvTSv7O9sd1M9ewataVGUzTJAvqagdVH4OpZRFio5OjLtAvyEAT5fxBZwmlHjA+9iLLJqmbD06wkL59Nb+uPIjzkhFLKK1m2jKWz7+y5itYWULJ2SQyV1pZ2PK8yglmsiaWsHpjKSXOLJZNVOE7fBR3Px05P1t1ZeXlBAujNatZX+7GfR7SU3QYJ6RzcHMFX+mNmCdEm50FCMCIPNYVmFGHyjQmWbHudHGiPhd9Cvj32Cj1qDEVrKPA1Fwvs8VE2QtWSi91cGqIMd7YY+lOGbH0j9nVeZrRlaH2WLKBgglX0kw+8Bor37nSV\HprO6x92ks4\dyn\ZoHVozGo1Q7cZdH+pj\2lO1KtR9w\gP1OHHwMawO06QUBtYmxat4qLFAGLX1yGRQ1gxjxpKK\9rIjSnQrZT5ig0UnJ7z0kTV+F9VFDaCWrGfOMDErWbKT0906yfmomYitccHL0jArdnBWsurxS0ozl7iRWr7fjdnthZHgfdRJLW12OTYXOaCb9kI2KwFCME8zoAC7ase30oDblsaFljGHGMsXBa6uKOq7rySqUgJbslcvJuS1U03Gp8OyvcZ5yEZxoCstnZOG6sHoOg9Xr7SiKl1y9Lu44AoGB5Dy3huzb2rTbjmjxajBMMNOg2KggifQJ5uYtoC9UxNZfMdQ1YvvG219JmSx7KhdD+M4OMbuK4zpO8ffPVRifF+2UHAigHlfAuidMoc9PC6adVqweuHwVxnjN9kj\CiGEEEIIIYQQQggheoRMAIuYqPVGjEPUVw40+nCfdDev7PlqGat\bGz+8XjUWExqB47DyuUZNP+hg7jQkzsu2vQvnD7lggQTkyeqWx03LNjA6wtap01Na73hp3LMBYnpqC8qOA+HvxNEA7iOu2CiCe20ZbwyrX3ZeoMeqCUQ6KwV2ksb1\KDezPdbSmAQp0XSPFzVPFAchYzTWGpEnRkP2CidLPS4bnjjbfjWLpXRiz94+o0jZ+KlvaY0DqNxjIdy7+7cBx2EpxoiXsyoCt1j6jT8RvWpz1ch3Aq42gMFHPilJ\sFA3U1uAmjdxZDZTsqKG2KRNTgpcalx9GjsbYpcmw6NQTp4cmyVoOWMi4pwiXchQXJozHj+JqUpF+iw\lsK9V3mAScPwoLsyRnyE7MJNlL2e2P65PRY+d2sBX8cXS9jzdiS0C\7GjeNCQNbP1GENjYfrEElyHqnA2mrFE2tpAq0WLQsW7JQxdkI1Rr0aVYGDhr15nYdu092S0rmeoPZT6ekAXfxym2aHJxRC1hcmmIlzKCU5jbt9u0cTaX\HUNVy8\WVI7+Lk71Ue1\Hqof7pzvgMnqppznu\qfXn5wNZGN8v4kLLgTiv2VauZZsKIYQQQgghhBBCCCEukwlgEZMkUy55s9usnGzy43xjLbYDNkonvsLC4UCCkbFj1Dgqq1CaTJgS\Bw94obhC8mIulOnj7pzwOChpMT9w74XnxdorKFsc03kJOe9+DDR8qTKYMBP\dkavOfqOHGqBtdpT3MUDfGWTSdX0F9o8APDhrZ\RqV+KDo6ngBuEXO83biaOy4jlv6JJc1fCFwChujQt30rYSBaTXOBPsJWnsWqpz7JOh2\V7EO4TRpjE6BUtcJgtMteD6vheGzyRjVQMX2g9SeAZP2NCfqwfhAzFN5MUvStn8wp16vA8WHzw\e8\VAkJoPbES+6nx4z4NpcAeFBAP46+uoqfdQ56qhxnUaD8DF1gO7s1jabivQI7GF+UvgK2AouiHt3xuoTQIu0HCRyDca6LNZOM1F4T47hevtoFKju8OMZU4WmSPbPAM4oeNbBuKNQzekfUApQ3RQ7aGuHozx3BgBnfdXPHUN09P91ZFrMq5j1FP9053x6bt4IXLexIEkqbkyAdwixms23LVsUyGEEEIIIYQQQgghxBUyASy6LkGDeZqJYsXB6dNeGN485WU0m1AfUjhxEkxDj1L1ORgeHRt1+2cIQrCbsaTkYF2X3fGkW8BF8cZCKuqbC1NpNGgHp2K5W4W92t3NACL5imB36nUt4o2pjFj6pwf6sI+If\xeDTrSjRpK95zA1ZSG97Qf7d1paG5rIE1dRs1pH8H6E7gxsNB4LTdPVaO6vJJQR84665Wtw2MWwLX1RQr3eZuHTKIGTbKW1ElGVOUKsY\s8Fja6mpsPU2NcZGV1+d7qTngwO6s4rS7gpLfVFA2roANT7ReeXltfAfiutEm1v7qTl17u796Ylz3lHj752q4GXWra6u712xvt6kQQgghhBBCCCGEEN8+MgEset7IyViSHTiqXcz7UxVujCye1NH0mY6hwwBnHfVNoAv\8fu4jaWbPWQ9ZSUnYl4tSVrAVYu7EXRRJ4TAtd1GRb2WzKdWkDtSc3lFWvDQa9ir46tibLRoBwJn6nBjbr0K2FtHZ7sTX4t4Yysjtv5J7TTNCpL6A+e8eKB1ezRdaF7NmaYNm8RvwNdm5ZqvvvUWoldFh+P3u6ivUR0MxtGod5+g9vRpvB41afN1gJZUAzjOulESXDB8IWOvwsx0w8UG2q5h9ni8oDYwMBG0yQMBF7XuIKTEOQHtKsG2z4t2+nJWzE9H05K90cFr5e1XxXcWS1vdii2C76pvBerwnoO2S\kv+BqANLSdrV5M1JF+fy7p9+dC0I\Dtpai6nKcfhOZMfZfvHFEarf6c15QWzDEs9oyzv6Kt6493V8duarjOloZ571EuuJ7qn+6Mz6b6xshb6MX78Ww1\GOgXZlXJv+FUIIIYQQQgghhBBCXNHr60zE9SyAc59CADUGQ\gP2QYyJmgJHDvIVpcb7s7A3MHELEDaSCM0KRysDH+wbQDnIRfBYErzBGREKswTjIAL+4fe1m99WYo1fymr33MDXurcARhsIjNsopMmP85qV+xVjouGsSY9XHRQrrSul+NgZ9s\X4t4Yy8jlv7pPE1Yexxu\QBjv2MvjgCkj0xvPnCLGjUB6s75ryRq8uKo9PRQ3TvS0fi9hnVIG01agp+a3+\FhYFUA4CKtOF6OF1K6SnQjUq7KiuTA9UVOMOr92UZ5R+DesxY0gHVuAyMCeD6sAxvU1i6Ji+la\NZ+mxp1FWB3rNuAmgxTQ2bSAL8zqNEGtmdxdJWd2KLRDNmLHr8OMqdtOpxv4O9lQFISyc9yl9S7wcbWb50PfbwyTSVBt334r\3Kt442rXbeTvlSvR2iybW\upqXXu6vzpyNcc13IpaDYE6D2FXPN5KJ5Gu+J7qn+6MT5VxNOkJ7fN6d+9t3bdxXrOtyriG\SuuDuWNfPLzO\7P+r63k7N4KVsbSv9MSfQ+b1Io\PtYz9kuUgrz88l\Q2n1Otbz+Hevb47vBXurazjWcjsvJ754hBBCCCGEEEIIIbpLVgCLmDQoJdjOh2\gGcDrOo3nUhCGL2TeyNbp9WYT2nI7ykkwPmaK+vzHFipzLjm7XZS+vZr1Z7KZOUJNneM97KcC6OflYOrgVoXLed+3stKdxTzLUAJ1VTj2uvD2N1Ews3lpk2GEGg6U8evfBJlnGYqqoZa9ux24L6lovX9x8w\5Xkcp9sGTMd5t7PLzXDUzFpG1byP2N9ayccpMpo+Aml2lOM53llMXR7xdFXsZMfVPLGlm5JFTaaV082rWf9acxqfYKav2gj6HR6eEpjPTzJj6O3Ds2EhhYzZjNQ0c3V3GaZUeDf\bhbpG6NMObkroaPxqrlUdEoyMHgVFLg\ox5IWilc7bCjqgAMfWrLu7taThqNSJ5ymaO1Gah+YztDGo9g\UPCqTRQsCD1vONFM7pxyXDvLsK5ykzXXwtDGOqoOVOCqV2MqyGr\3OsQncGAGgdlr7xCcK6Fobc0UFtRjsP9FaqE9iO701ja6kZsALeq1VDvoHS3lsmjTBhvyyJvbhXWnTZWv1BLdlYq6vOhONCT82hm1El4nWk0A3eWUvLCRuoyJzN6MPhce7FX+lFPfAxLPLP3yXHGEVCwhdotlRrK3nN03G7R6hBjf8Va1\bt273+8r5vxbqTmLYYvprjGtIxj1PjOFDCxsIg2eOSaFDslJ3+Dvpk2l\xXeyfnhyfaDJ5dM5BrDttrN1Yy8wZqXCyjNJDrSeo4rlme7p\RV+hxTDRgDbau\rvxn6qi1UcdediiNTxH1ehNEU4ftX5qXJ6UPdXEzhbQbkni1x9b8QhhBBCCCGEEEII0XNkAljEJOBx4WyzjEml0WNakMuiGentf2DWZ2AaaMd+0UiGKYZtHxN0ZD+7Ae27NkorS7DtA1V\PZYlq1g8IdpPjpHy2ik6BajU6NJyWP5YNumheev0RavJ+7qQ4sPNaVT9daRNymPDlAZszxXjcXvApAfSyZpr5MQOhZLNCnU\3URebM0UITYDuT9fhdpmo+xACbZ9KjTGbFbdX8fGdzpeBRx7vF0Xcxmx9E+saVZtQLv9ShoStRhnLmPhXxvRtkz0J6Sz+Nk82FSMc2cRikqNfsJiVmf5eH2dsys1bd+nd3eQvKPxe83qoGK00QAuN5q09Cs\vKelk4YDJdnE2Kv0A3XSjGXkNmzF9p6NiqAKzfAsluXnYgy7B0Q3ew0bBhdj+70D+zs1gAp1Sho5Kx4jO62DJ9uOXMzqJVD4rrM5n0qNLs1C3rpMGt5eTfGZWjyYaKlaLLG01eXYgPQZORhdJSjbbSgTl7HpcSO62avYMLAE204HJZsrIEGFdlQWyxblYhzYwclSsln1rBrblvdRdhXhbKJ5rMxdzmOz0ju9MaZ9veKIY9xilvXf29xuX6vQjmr9eRizWPsrxrpGbt+u91c8ruq4JvzztJQiRYX6DjOLn83C909W2l3xXeyfHh2ftIypYgq3N+dV9ddjXpJLYHMJ9S2J4rhme7N\xdWkZ+bjeZi6e5rBOnQ+L1XVbnIjzAArhxUYqEVzoSuPezBRsGlT1+LylFNxFgwLcmBHMY49LnIfi+9mGSGEEEIIIYQQQoi+5qZvvvnmm94OQnTNmTNnGDYs6t7IvcxL2VorpUMK2PREt38yvPEcLiR\s4fstRvIua23gxHtyfgV1yuFwvxClHHfnrHrLLTim9f5CuC+4dvXPzeCvvh961rFpLyRT2G1iYJNBd2YAA79TSWbnCFllLqzWPWr3NarvxudvPaUDdWcbOp3lsFcK9bZoV0umnw437VRVu3Be6l5zblKo8f8SEHYTYJtr63m1\Xh54nCvX0lG3drWfjSCtRblmJzGcn7zbIIjy8J4H7fhu1DF75GUN2WScHKdA4ub1tOLOlC8c3Ow3yqiFJ3EFVKNivW5WAA\KfLePvtMlwXgs03dRgs5PztQszhN3VccFK0aTtOj59gU6hN5hewcKL2yg1GsaQRQgghRETf5u+AQgghrh\yt+H65ffH9xCqrpBnAIurw+3AUa\GMunb\QN3zTvLWbqyCFerLQ0DOKtPQ4KeodfFhMW3kIxfIa4PfgdVroFok3s7ECFE51SYJllQX6ziaJsHAQeVKlyYIuwaE8Dxz6uxHfBx67gc8pbksXiumZQmD47NG5p3femOJhcHD\lheAZjNSrMk0zQ5KL8QPt\hNW8s5qNO138jyGLxUsWk607TeGv37+yWj7OdADeD2zYVZksXpJLZuZoDIC3fD3P\rqUuiQLuUvyyJtvQXO+Atua9ZR9GcrYqFC43objq9vInJ9H3pJcLMkXcLy1msLKYOxphBBCCCGEEEIIccOSLaBFj\IfL2V7dR2eahe+lByWfst30EsfZ0J1wEHhugDZ949Fe0sDtXvKqXAH0M\t+NnG4tqT8SvE9cXvPMr\zs+NsFJPCNFzFArz86O8p4vpGdyXjRqLSe1osw10EKXaBaYCTAleSsPTX3By9IwK3ZwVrLq8wtaM5e4kVq+343Z7YWTHK3w79PFBHAEwWizNjzO5JwNTgoLirMJ\f9aVR5xctFNyIIB6XAHrnjChBphgwbTTitUDunjTtUjKZNlTuRhavg82Oin5vYek6auwPmoIrdI1Y56RQcmajZT+3knWT82oTlahBLRkr1x+eScZ87hUePbXOE+5CE40xZam6y0nhBBCCCGEEEKIPk4mgEXPanCjVNZAsonF\5Dd\oeub5uRi1m3QsvbW+2UvaMQBFQDDWQ+vorciZ0821hcezJ+hbiuaO5fxvLeDkKIG54Ww0QDkb+1aBkaz6OcE4yMHaPGUX0U9wJD8zbQjQpVLjWWn5oAb+v0AzNZ9nJm+\PoU9FjpzbwVRyFtxXEeUiBBCMZ40JToQkmJk9UoxyqoNyTRW7ogfTBUzV40JB1f2hSN0T3QBbG94u4QHzpLjOkX5n8BTh+FFeTivRbfCiHWz8LOZgUeh8zJq0WLQoV75YwdEE2Rr0aVYKBhb96nYUtGWJJI4QQQgghhBBCiBuWTACLHqWZspzXp\R2FH2LJi2bZeuyezsMEQMZv+L6Z6Jg06beDkJEJf0jrkd6Zj6e141nALdmHGdCfaiKo+5cDAYIVlfhusXEslHA+SiZggH89XXU1Huoc9VQ4zqNB+BiQ9cDuVhB+XHg7gxMYbsINMfnwLHHRe5jzVuB+C5eAIaiG9LmHIkDSVJzeWI31nTReM\XA0FqPrBREzGFD+95MOmzWTjNReE+O4Xr7aBSo7vDjGVOFpkjQ8\3jSWNEEIIIa47Z86c6e0QhBBCCHGdkAlgIYQQQgghRLcob+RTWN36mKlgEwVtZ45bbQOtx1ntQj1mGcaIj8UI4Nr6IoX7vAQBEjVokrWkTjKiKldwR8oSI391VfMk8nEbS\Nt7RNU7sX5qLGTLeZvRh3TFvSxpoPYttVWY1xk5fX5XmoOOLA7qzjtrqDkNxWUjStgwxMm1DGlEUIIIcT1ZtiwYb0dghBCiD5EbgwSHZEJYCGEEEIIIcS10bINtHIUz1wvR11qTMuMkdO6SrDt86KdvpwV89PRtCxbbXTwWrnSjSA8lO\xQIKBrL+dztA27zZ8XErJYRflB\yY79egTR4I1OE9BxjCEjZ68V688jLWdNE053dR6w5CSgxrdBN1pN+fS\r9uRD047Ctpai6HKffRKYmjjRCCCGEEEIIIYS44cgEsBBCCCGEEKJbTE9sItYNzpu3WVY4uMOLS21ieZT5X+9ZNwG0ZE4Nm\wF\M6juLoTrLuKqgugnjSb3AkRCh\eQNXhEjx7yvHcn4veOJr0BBeOcifZBY6K4psAACAASURBVObLK2e9u\fiAnSh16oY00WjGpeBcYsL14dleCfmoGtZFd3kpXSdFXswmxUv5HDrBxt58f0g2c+vISu5JbMG3feu\NPOG0MaIYQQQgghhBBC3LjkFwAhhBBCCCFEFB7K37JxNNrbyRksmGckrsWkoW2gK\b5UE9ZTnqUZDqDATUOyl55heBcC0NvaaC2ohyH+ytUCTRvC90FrgMO\GjJmhFl5jk5k5l3l2A77mCvK5fFxkwenXMQ604bazfWMnNGKpwso\SQt3U+TYzpokk0kzunHNfOMqyr3GTNtTC0sY6qAxW46tWYCrKaFxabRjNwZyklL2ykLnMyoweDz7UXe6Uf9cTHsGhAFUMaIYQQQgghhBBC3LhkAlgIIYQQQggRhQ93pS\683ZTdGTHOwHcsg30ITCNizb9C4xczOolUPiuE\s7NaBSo0uzkLcuk4a3V1N8phYPJvTxlN3oZG9lAO7IZmbUjCrM0ywUH3egVLtYbDSim72KDQOLKdzuoGRzBar+esxLcglsLqE+LGes6aLRzV7DhsHF2H7vaK4zKtQpaeSseIzstNCa4pRsVj2rxrblfZRdRTibgEQtxrnLeWxWOqpY0wghhBBCCCGEEOKGddM333zzTW8HIbrmzJkzDBs2rLfDEEIIIYS4YfXF71t9MSYhhBBCiBtJX\y+1RdjEkII0bvkb8P1y+\3X\UyEjpPIoQQQgghhBBCCCGEEEIIIYQQ4nogE8BCCCGEEEIIIYQQQgghhBBCCHGDkAlgIYQQQgghhBBCCCGEEEIIIYS4QcgEsBBCCCGEEEIIIYQQQgghhBBC3CBkAlgIIYQQQgghhBBCCCGEEEIIIW4QMgEshBBCCCGEEEIIIYQQQgghhBA3CJkAFqI7lELy862U1ffQ6d7I79HzdchfQ9lvSnBd67zXHS9la\PJf0PpPM3aMrzXLK5u6pU+vAbt1OSl4rXVLP37fPLz81m9M0pJ7ep\HfZhGO\7VvLzC+lolH6bNLfHNfosFUIIIYQQQgghhBBCiD5GJoCF+JbyHniX0lM+gtc4r+gbbtg+rC6l2OUjyZxL3pI8Fo7XRkx2w9ZfCCGEEEIIIYQQQgghxLfed3o7ACFEWwNJSu7tGIS4PnnP1wM6LLOyMKf0djRCCCGEEEIIIYQQQgghxLUnE8Cic0Efzu02Sivd+BqBRC2GiTnkPWpG27KGXCkkv7CenJWL4QMbZSd9BJtUqO8wszB\MeaBnZRxwUnxm2U4z3oJBIEEFRq9mQXhebtbRhz1yF5ipmZLKe6gCt0DK7DOM0DATZktVC4qdFMKeHpkhHKa\NR88DZbPnTFXU5+ihaSdegSQ+kCbspsRdhPN7eLqr+OtBmP8tisdDQdrd\vJJ\yRj6F1QBeCvPzYVwBm54wAQHcu4vY+qELj795bWRz3sXkzTagJlreFMrWWikd0nKeFt72x7tap8gV7TTeKzHkscFUQ+G7TjyXgpCoxfhAXli6Zr7DRZfTqJKN5P5DbrxBhUJTsK0txNlkZPGzy7CExmfwvJPizcU4zwYIokJ9h5HsRxaTNVzdKnvn6VrX6\UtDryNoBpoJPuxx8hO00QNreM+XExB4nvYDvmhv4mF6wqw9I+lnUPV\txO0bYyXJ3Ur7N2isR\2s7WHdHOHWqP0Ja\pWvzKcVEwaYCTG3OE63+oZan4XgJRVsrcF+MPk4I+nBuLaT4sCc0jvUYZy1i8f1t0kWsSA32d0soOx49r\d9K9adKSwuUPOezYEfNaZFGyiYpIYLToo2hcaGSoNx\goijtIYYoxeDrjft1G05zTeS0FQqdGlZfHoY9mkRxtanhJWr7ejmmvFOlvX6i339pVs3JNKwT8XYEqIrw3a9mG04xGboMFFyZa3qfjcTzBBhXZUNnl52RjCOql5zJbj8vgJNnG5rotb0p0qYvlvHBgee51lk1Stzq+8kU\hKQvLXl6MMSG2NhdCCCGEEEIIIYQQQoirrZ\VarX2dhCia\785z\zve997+oW0uSl7Fe\oPh4IwMn57AgazxDm85Q\dF+7Mf7MX7yCAbcBNQfYdeRc3iOO6i7eTyzH76PUQP+k\974jiVSiNj7htFUrQyAg5ee+Z3OIODscx5mPsmjWaoysfnn7hwVl1kRNY9aLtbRlz1+IzPjnn4\oyF5Ji0DEm3MCyphqKf\yP2L7\Dnff\kJyJQ\mvw8X8R20Tfj+kT89kRH8AL\ZfWnnzSIAUy0M8nHUvqWovJw7s4YOPOy9ndL\P2HV+KPMsw0jES9n6DZSeT8Y0cx4PTrmHIY2nObBvD0pwDPeNilbbzvN9N\n7JAVqOVk\hMwlD3Of8U6GJCfi3m5l4y4P3zVm8\DsyYxP1XLpy485edTBZ\2nMfkHiVHyBvmsooLTmvE8NC584udSm+NdrVNkscR7OQbvaSqrv2LozBxmTxgGXhfHq\dzbtCDZNzeDwD\3o08U3Scr\7qXh5+dCbpqs\44++PcLHJjz+5bd3ChcognczpIxjQ5KXsxX9kz5\15KxayX3fb04VPF7Esy+VcvYWI9nzZjP57iEEP3Owp7yCc7dPZbxOFUe6sHo5fXx\xg\JuXcYX\fA1TsdnD+jvsY+\1+EaPtsA9rP+bj\76HnIX3kTr4B0ww6jgXUztDQClk9T\twfONnqlzH+a+u\rjc1Xi2HeSfuOnMqJ\bO0USUAp5LnX9uBJNPLQX89mclro3HsPhNpkAP0H6dAGazlZn4hp\o+ZbRnNnUOSSWxzrg7rf\4zKpWvGHZfDrOnjEDt+ZjqNuOERhdFq39J6dnvYpz1MLOn3MOQ4Oc4dv+RCu\tTB2nQ9WuBpcrQuHa19njuRnj7FxmTxlB\MnqXTs4UBY3kufVVBx+jM+\vgr7pm3kPt+oOMHY0eh++8KNq4u4vhftNw7\4fMTL+Fz\747xy5GMTv\yvGPzQeXRwxRiuHPRvYsLOe5LEPMu\BydxzW5DTjgr2VHfwWZuUTOORCo6cS2L89BEMuPyGm\Ysod60wL+xjQ4zjbof6VOIdGO0y6Nl8+qFL4aNpOc2ZMZkXiOj6uPsN\7fR40D6EfgLsE64u78Nw6iuyc2Uw2p6L9yzk+PqngqB3ANMswEgcN4JLDQeUlLQ9mDOXyVdWkUGo7gj8jl8X3aLs3LkSfdk2+b8WpL8YkhBBCCHEj6Yvft\piTEIIIXqX\G24fjU2Nl71MmQFsOiQf4+NUo8a05INFEwIrV+aYGHygddY+U4pJc4slk1s+Uk7ACPyWFdgbl7pNMGMMcmKdaeLE\W56KNsx+o7fBR3Px05P1tFdkuaCRZGa1azvtyN+zykX87btTLiqwdopi1j+XzDlfy7S3BcUmMqWEeBqTm\2WKidJ0VT9gURLCyhJKzSWSutLJweOh8E8xkTSxh9cbOy8FQwKYJof9fr+CsB9OSNeS1HJtgIunXyyk+fQIv+siTH7HkM5gx6ssoUZJIn2AOraKroaq6AfW4PFY\YQpNVJgxTxnKa0\ZcH1WC9NNaCLm\Uvkhu9KbLGdKeZ4L7uUROZaKzm3Nb80W3QU\rQQ5bgLJpqgycV7O92gz2H1s9noEoAJZiwjClm92RNzVM03G2yg9JyenOfWkH1byxseSt914B+1mJd+arm82tk8JRPHa8sp2l6Gx5SLPuZ0LfWCtFbjMp2SNRuxv1vKzLvD0oXpsA+b0ln48zwsl5cr1vB+TO3soWy7QmBgFqvW52JICKWbNJTXni7GWekme96tMbRTpDZ1UVKkEEjJxro2p7lvMGOelkHx2o1UtLSJ0QxnyyhRYOjd5qhbQHdcfy1ZK63khi5L891JNDxlw3VMgYnm5p7cVYzjkpHFG5dhaVkNO8FC5qHXWP52CWUeE7mRGh5wbS9CuaQjO3wsTsgk410rG\e2z5v+w9XkTbmydtT1dilu9OQ829JmZsyTUilcbSN8lMYbY+tyvJQ5vWDKY83j5tAxMybNKyzfXsOJL0Efsb90TJ6ip3S7E6U+G11L+7uPUnVRjWmcsUtt0B3aGSuwLgh15gQTSZeWYjt+FKXJjDkBapxVNPQ3kfdsAabEK7EM\eel2I7XUEsmJgxkTNBiLz+Ks9GCpeWOgo+rUJo0ZE1KB7o3LoQQQgghhBBCCCGEEKInyQSw6ICfo4oHkrOYOaH15pUay3Qs\+7CcdhJcKLl8qqmtHHmVttc6m5LARTqvECUyRjttGW8Mq39cb1BD9QSCLQ+Hn8Z8dcjNS1sUpYgJ06F8pvC8ifoyH7ASNnbFy4fUo65IDEd9UUF52FanUMDuFomGyOW00ayloEJoOy04RiYg3mYFlWCGsuKTVii5+p6PtJZ+KvXWdj2cKKe1MHgagwQhO6tYOtybD0Q72AT5vBJq4QUhg4G5ZwXLyZ0Z2o4EQDjgqzQBGMz9YSZWHYo2GOKqQFl84uUnk0ie02bSc0vj6JcAN2IIDXVzla5AioNXAjdxNAUY7qWsZ6SRU6rcWnAYtFh31nDifOgHxxT4FekpLXaHjfmdj5\gpoLoJtrCU3+hqgtLHu9pXe9of\toJ0iOX0UJQDGBdmt+gaVgdkz9FRsr6LKnYu+g8spZoPNWMLP01JPrw8voMPL0WM+GGwgeNpJqx66pEKDD9dxL7n6SLcy1HD0WACMuW3qrMLwQCb6vSVUVbrJvVwRHWkjwjvDTc2pAIzKJSs8v9rMzEnbUXa3HIg3xrblaNEOBj4uxXZAS47ZgDYR1FOWs2lKh62HZlwG+u0lOKu9ZIe2ga455MCvNjF2VFfaoDu0mFt1pgr9MB0cr8d3HkiB9Edf4vVH2+ZrSRck0Agkgt5sQltu52h1EEtoG2jlsAIDs8gwQPxtLoQQQgghhBBCCCGEEFePTACLDvyFwCVgiK79KsKEgWg1gK8BH1xZtdmNERUM+Kk\W4P3XB0nTtXgOt28ns3X0CZh3GV0oR6t+GjwRc6vSk5CTcsEsBefF2isoWxzTeRQznvxYUIbS9iJZnIfcVC3zUnRRidFCSo0eiPTs2YzeZw++vNyu5qvRVOQgM+D+6yXus9OcMLlwn0BoKM2ilF3Y+tOvAmdTF03+PCjQZfSNp0WbWfPl25RXxF6Bm2AEy4vOeGTPf\Piw+gshhbZaTMfrznga9jTNcyATxE165PLt8UcQ6IdwI4ms7aud6LBzDdFsMI6aidIvnvAIGIfQOagVrA0\5zoqs6GyfUN7c\Too3OyOm8J+\QOQr5SsCAdCkRNgKOFmLFvBc7KgiDfgugibCVsJabfinSndiBFBh\uuFOM4U43xnI853QKXRY8ycyewpZvTRHy8NyRlk3FFCiVPBO1uHjhqc1QHU48zNz8jtdhvEQ4Uqxs+U4CUfHrcbr6eWEydduNw+ABou0nyt6S1YUuyUVjsJTrKgalKoUkB7f0bo70J321wIIYQQQgghhBBCCCF6jkwAi94XcFG8sZCK+iAAKo0G7eBULHersFe7ezm4TiSq219EKTlY12X3yM\8uunLeWmyH\exg+ytcOI6q1C6WaH0wxysz7ZZDdkD+bx7X+HX22rwNwEqNZr+Axl6txnjcQeuHqhPd2LrrXjhVlS3xJg0QYP5iVWkH1xN0c4iKiauIjO5dRJTwSYKTJGzA6DEmC4GqsiPAI5bTO38dTD2E8bQTn3euAI2PdHNDupBtyaq2x\sToy3ZbL8JQt+t8LBfXtxujwoO20ou8o72bJbQ8a9BkrePYrrYja6eidKQI1pXHrX4rjavqzglVeKqfEDqFAn38rAIWMxjzqKo9WHSGh76x1HURotmE9WoTRpyTK3uS2oj40LIYQQQgghhIjX0RdHkbsZYBFvnlhDZmKkVD62LZnKM\uBJVtxPz2mZwp3bWLaw6\iGfIkf9idz1099LtGn+I\xbYXKxm+\nHG9nYsQgghbmgyASw68F3U\YFzzSv7Wm3I2XQBnx9I03Z7otO13UZFvZbMp1aQO1JzeVVY8NBr2Ku7eXKg+\XQkqSNnD9Y78XfNp2rFncj6CJ+Qe4ClQbDhGwME7KhKYhn5wbWf2DHfjqbxSN7MN9FO7Z3a\hf40KsT2SGxe+mJNYJ1YYG\MCVBYIXmlfFDemhOvV0vOGStGhQ8NYHwRC+NtGD9xxtBk4Ug6eTbdKi0+Wwd10pxe84MC+zNG9ZnqRFA9R+7gZTByeLNV2Ldm0O3i\rAQOpw2KIuTOxtvOQoehRqP\SC6bwq8lH2Xordu1CNhSE6tNRO0Vyixo1\gh9A\4LPkCL7vs9UNeYJKFNBty1uDHFNCyuuBW1Gvz1XoIYWq+AvejDB2hTouyVH1a2EiG\51wdkNoDMYZToTGYyTaYyQaCZ0vZ8EIZ9j01ZP84+oSuZtJkjO8WUVXtR1+vEEi2MPnydR1vGzTQ0GaAXzjfwTMF4uLH\rtiav7XyMK1BWTediUa9\a2E8BXtreuUgKojiuQkoPl8vxvT7W5EEIIIYQQQvQVW9lbtZLMqRF+4Krfxx\393yJn+zbgcdgYLi7kG2Vf8M6S0\9uNZ3\Mn+Ks9sS6VkfW9HIoQQ4kbXlQ1XxbeGhrEmPVx0UH649YN4\Y69OAKQPrK7q7q81LkDMNhEZtjkL01+nNU9tYazu\VQMfru9Pb5m7zY97hapTNPMAIu7B96W5\iy1Ks+UtZ\V7sK5qD1TZW\sNyisKLSFAxcGDSVcnHmVo8QNrEzFaT18HPq1AudhZtaJL9yzrqmq4cDRw+iCvsdZdj6\F4IzCMZWx\cH1Yhje8Dko5jnjPl5JN3iwduEooahkzhgwyBoL\UDnOVsMwgLNwOfn\8BqOS3Gka\F5BXu\DHsddGHf44U7xjK2o616YxVrOw8eTfpA8DocuMPajy8dOD1BkvSG9hO8kdopkrSxmNTt+4agm\f3eKC\kdGdPUe4xxjImKCN+HkSOFzI8r9fymuHotUlnbFj1OCyUxbeZwRxf1iBBzXGUR3dUmNg7N0R8gcUyiv9rdJ1PUYgqGBbuZTlb7f+DFYN0hLTlZpoJuNu8ChbqXAF0E7ICJsQjb0Nvqu+Fainri68Ak4OHo8liFjUUnsWSMtoNflL0E2V4m+fPDmDycPBdayIKgX0UyaH3TjUzTYXQgghhBBCiD5lKplTYcueKhojvPsnh52KMWN6dgVrYxXbfvsFd\3oSX4yppEt2+xE+JeZEEIIIWIkK4BFhzQz8siptFK6eTXrP8tm5gg1PsVOWbUX9Dk8OqW7M0w6DCPUcKCMX\8myDzLUFQNtezd7cB9SQXEsa1sB7pbD82UR8k5YKX0zbVs\Gwm00dAza5SHPWt06nMueTsdlH6vpWV7izmWYYSqKvCsdeFt7+JgpmxrwtTGTNIVzlxFFppmG4hY2gSDXUOKnbXgD6HrCgrZWPN1zy5cpry7Q6C40ZjHpaOIUFBedtKUUM26UnB5jZSfLR9WGe7vAYNY8cbKH7Xge1XKrKzUuGzvZQfCjIwBQJxxoZSSH6h0vE2yHHEGxsDOT824SwsY8M6L9n3jyXpvIP3dtfQlWkb3ZxHsex7Bce7xbjuzsOYqCd7gQlHoYLtaSs187JJT\Rx4tBenO4A+rm5WPoDxJquhZeyF6x4Z2UxVuPFsdNOTUBPzs+y6GhUt+\DKAljbueWuO1sXOsjZ+ZYtI01lL3nwNvfzLL7dYC33enbt1OEGBKM5C42oRSWYV3rDZ27lr0fVuD2qzEV5MS94jLm+kegn5WL6VAhyuansZ7MIXuUGp\rIHudbgJDcsidGHUtM8YFizEdL6Ts+dV452QzdnCA2j3lVLj9qMcVkDO847IN8xZjqi5s3+eXWqfrToyojGSMUuE8VIjVn4ll4lCSGupw7LNTk6An5\7ObvxRYRpnhLeViNskx9oGmjEZGLYV43hrPapZM0mllr0fOggO1NGli7KdVNKHg6IUYX27gexRSQTPH8X+oYKvKdKHSMvnnIKCntxxra+wbrW5EEIIIYQQQvQpqTw4Cyp+vp+Pfj61zTbQX\DHf9tP5g+fZ\ixYxwNHfVsXcQ0q4Zf7S\kkVabNrnZ8vAcXpi4lVMdbBXdWGVnS+B2fjY+i8x+Y8C6ldIVc\jJHRHSfrqLl18tZJvdjZ8BDM\KZemT\8DcOxPjSuM\tYvXX+8oTWir6zvbbnPd9njL67eomnqMX1jf5EP3f5GYMoZHnlzPs\MNJBK+vfZ+cu98q2e3zxZCCCHakBXAomMJOrJXbSBvWgpfVZZg21xEqStI2sxlbIjzea3RpC9aTd4kPf\7uZ2izTaKPjiNekIeG36RiwHwuD3dL6S79WjJPzGJ+kMl2DaXoiSayZtvap\u2Q3kTTNws7u5PiV73ZCWw\K1BZji+f0\0Uje2mVk3QHuvSXYNtso2VvHrRPz2LCqg2cMx5hPkzGbzNuCuHcXYdt6EF9yJst+loNR48Ox3YbtzWL2+gwsfOYFCiaq4XwtnsYoeQHN9GWsmmtEXV9ByWYbpS41059awewh8ccWkzjijZXaVMC6FTmkBV2UvmOjaJ+PoXMWk9mV3WYT0ln4mBn1JSe27TWXz79hZS6m2xpwbrdhe6cUxZeE5fENrJp9pfaxpgOaV9HOH4jnwyJs71RQl2whb92qDp7R2ixSH0YURztfjvvW05S9Y8O2w0kwLYdVz0eZ2I3STpE0903Yubc7qE+2sHjNBgriurDirH\kYCh4fhW541JoOBz6PFF8JLWM444+T9QmCtYuJ9d0K6c\KMK2uQTH+SQsP17DhidM0bfBbpM\Jy2Ia1cRtq0V+IbmsHi6rn26rsaICuNj61g2Uw9nmq9n2\YK6m4Nja0YrgeVKQMjwEATGW0ekxtzG7SMvcR6KrbbsO10oc5cwYrZPbH9M4CGzJ+uIseYhK+y+fOouMKHYcEaXigwo8ZL7ZnWNyFpJk1urtfwyWS0fW51t9pcCCGEEEIIIfqW4TPm8ABb2VvV5seVs\spPTaVBy2prQ7rZ8wnk\380dHmX9juSra5bmdpdkcTnf\Fhzu2wpD5ZI5sOdcxNu861S5lY\VLPDTnabZ8MYqlv36Lf\11AaO+2MpTjzzJzvr40uTmPM2W\5zGs4VhaebM54XqOH9QarHneX70ZCX6v3uJfy18np+k1rLl5\N5wdF8vuHz3uI3j48Esnj2rbf413mpHZ9PCCGE6Iabvvnmm296OwjRNWfOnGHYsJ54yKcQfY9352pK9RuirwD+1vNSttZKKTlY18U5eS7E1dakUPjTQurnWLG2vWlBiOtMX\y+1RdjEkIIIYS4kfTF71vXKqbmVaqPU\JpAV88mcFTyYWcsk6l5b5uz9ZFTNszn6rNqfz2zkVsvryK9b\Y+WQGT\3leao2z2dQKP3nW+Yz882Z\GF3Pnf1i1Jo\Q7+dupz\Om5XfzhJwYur6itfbJNvi\Y8shM1rKG8uJFDG85HtjP2ulr+PzJ3\Gvi27uPM0PG\nn++fzcurz7Ns0H31Lmq\dbF44hxdYw75ti9DHuwJ4\1R+tbeQR1oWQ3x9jBfGLWLzoiv5\7SjgIyfp1Ly6cqe3UJbCPGt1Bf\XonY+P1X\0EHsgW0EKLvCbqpqAStTP4KcV0KVB5EadKTO0kmf4W4EZz3XeSi\7\46r\B7l3VAghhBDX0k033cStt9xMsmYAg7Vtt+ERV9cAMrOyYEX4NtBfUPHeMR5YvIlB1EZJb2dv\fzQNtCn+PDNU+hz10ef\AU8e3ZQwRjWTW15PpOWB+dl8cyKQrZV\g3rLKHp5z8dY+8xyPzlzCsTuwDqqayr2h9Ks6vzNKc2se0c\GTdnCuTvwD9DDyyOIsXVuygwr2In8T7vKmJWdwbvhNev9sZPh74tJY\MebypLgQQghxLcgEsBCi7zl9kNpRC1nRdutYIUSf5tlno\yUj5qP3ajHFZApv88IcV1r\J8gZ77wknjzzQxJGcR3b72Fm266qbfDEkIIIcS3yDfffMNfvvpvfP\ZwGl3HcNu15F4s6q3w\rW0FiyeICn2Vu1ksypieDez7ZjWfzdpgEdpv+jw8cj87Vwaj\bzt3OIzNGRi\k61Ps\O0xGLOGzDvansvOlm12fmaZgwbgXC0fAT8Zpo1+vljSBPx4GMnw29s\r0qjux2w47kYPXtUN8MtXcgmhBBCXA3yRDohRN9jXMyaHxs7fx6qEKJPCZ6vwam4+WpYFst+bEJ+lhHi+nbmCy\JSQMYdnsK\dW3yuSvEEIIIa65m266if7qWxl2ewrJSQM484W3t0P6dkmexqxZsGVPFY3A544dfDIrK\rNvsnTmDcHKvZX4gc+2b8DT+i5vlGd2s+2c8Cx9Uy7cxSG\5+9+4+K6rr3\8ExIkkjpcEjFaJfkdigpAWNBENKRJv8VdR02DslVRblHwl1RYbP5rE6Ee9WpNoTUOrN\gNhlRuyC1XeoOSRKXXIK1BbBXagOQHTjVgtIIxjsnogDDfP2aAGRh++CsQfT3WYh3OOfvss\c+h+Us37P3u+kncim7Ad7NIve4s2xDHZ1m5+1KGRERkZuAZgCLiHwjDWTK6i1M6e5miLgwPbaBLY91dytE5Fo4XXsWQ+\e9L9DU\lFRESkZ+h\hz\WCzZO157VctBfG+eyzssLOfzsYCr\p4KJc8c5ZuO2V\6RBEjKp2DVMKr+q5rQubGEtlveRtH\pFFFOAtSU3iwdcXmHOauySM9r4LZC0LgrhBigMpjtTDKdYZvLTuSv8+mIRvYntSFMo8YCaKCymobmNxnAVtOVgORBA9wOXiqBgu49Luaqr8Cw9vtmIiISLfTDGAREREREXFz1nKegNv7dXczRERERNwE3N6Ps5bz3d2Mm4oxKpaJ1hx2vZ5Pdlkcj0R7Xv65iSEyltl++ex9NY9dJ8KZGd1BIl1bMbsybTA5gScmRzI2qtVPQiILB0HVqzkU2YDAcB4Omz4wNgAAIABJREFUh4Lf76GywaWeE\t4a+95Bg8fgbErZYZHM3MQZG7Lo8q1TIOZ7G35YIpm5CAAA\2MQInZrZztQD47rF0dQRERke6hALCIiIiIiLi5cLGOW\sog5mIiIj0LLf2uYULF+u6uxk3F\9xTJ5sI3NjKuVxsYxtf\qvgyGcSfEGdmdlUR4e55bXtzVLfg6ZGJg9M9bzrGKfEKY9EQ7WLLblnwcGM\PpRIJL1zL1RxvI3ltMUd4WHn90BQWm+SyMC+haGZ8Qkn6VSHDhCiY0l8lg0aPxrCs1kfTLBIIB6MvY2DgMJ1L5xc8z2LG\mB3pS5mRcpRh0Vc2nAY\I5DPtsxCij7WlxlEROT6UQBYRERERETc2O125fwVERGRHsfLywu73d7dzbjJOJeBBqbFjulg+ecmBkaOjwerjZGPRBPUbrlqcrflw6BkZo4xtFsqaHICE4Hd+fuwAIZRS9iZt57Zt+9jXXIijy9\A9vkNez5QwojndV0tcz2XJcyT6VxZHAyr+XnsGxUS3uMk9ew8\kEjB\8hkWJyfzyf43Mzkxl4RUu\2wcl8iy8RfZvSaZx1\aR82VVSMiItIpL7s+NX1jHTt2jKFDh3Z3M0RERERuWD3x89bX0aaS8k+ICL37ut5DRERE5Ep8HZ9TbtbPgNfMoQ2EzDrK6sI0Zg7ovLiIiFyZb9S\DeLGYrFc93toBrCIiIiIiIiIiIiIXAM2CnZmYZscxyQFf0VERLpNr+5ugIiIiIiIiIiIiIh8k1WzOzWHQ8cLycwLJOnNdvL6ioiIyNdCAWARERERERERERERuQp1VO19nfTjfZm26nUWj2o\r6+IiIhcfwoAi4iIiIiIiIiIiMhVMJGUW0JSdzdDREREAOUAFhERERERERERERERERG5YSgALCIiIiIiIiIiIiIiIiJyg1AAWERERERERERERERERETkBqEAsIiIiIiIiIiIiIiIiIjIDUIBYPnmKElj\vz5pJV0dxtW8c6pbmzD1boR+iAiIiIiIiIiIiIiIiIeKQAsIiIiIiIiIiIiIiIiInKD6NXdDRDpsohktmzp7kaIiIiIiIiIiIiIiIiI9FwKAEvHStKYn3aK6UvmwLuv8E6ZhXpfP4IemEVywmgCfN3LTUkazYeZuZjrfRk48SlWPWKCRgsfvvs7MneXUWsDDAGYxkxn3r+NJsAbsBTw4pI3qf3e02x4zOR2+5Nvr2LVjl7MeGE5scfSmJ9WQkTyFpIjnAXqazn431vJPWD2XLdrH1avYsoAD31zOV77l22kZR+kylIP3r4Yg0bzWNIsRvf3pQ3bQX67aCtlEcls+X8j3E7Vv\9bFv7uTNt7djSu3r4MHDOHhbNH07vsTX7zu\1UfVmPr38YU5LmMSXYr+X6Mwd587V3OHj8JNZ6Wto6fw6j73C5j9XMO1u38s6RWurxZeB3k1ka4qE9nT0jERERERERERERERER+UZQaEe64Bz5r7zIO7X3MT1pHjMevIMz72\luRff4aRbuZO881o+vcfNYV58DDHfNgEnyX9hGb\O+xTjmBnMS5rHjDFGav+0lefWvcPJRsAYxUNhYDl0GHOr+koOnoTgh4j099CsxpO88+JzbN13ij5jZjAvaQ7Tw3yp2udS92WoL0njl+n7uTAohhlJ85gXH0W\M\vZujKNgzYPFxhG81AEUFJMidu96jl4qAyGRPGQp+Bvs3Pkv\IS71lHMj1pDtO\04+T729l08u\ZuX\9xF3TZ7DvMdiGFBfRu7GrS1tsO7nt8u3UnC6D6Mfmefo9+gBXDq+n63rtvFhU1saP2TbihfJPVLHsO\NYV7CFAZ8lMZLb7dO\tuFZyQiIiIiIiIiIiIiIiLfCJoBLF1gxeo\nVXLpjDQG3hgNFFDf8svfpfL9gOx\GxMy+xY47if8Yv4llm89Qe2s\14P2KWrGJWsLPcA6OJHbOd517MZftBx\WjHwhjW1kxh80zMDVdfqqEg6cg7MdRGD20yrJ3K7lVfkQk\ZLkB5yzYx+I4qE\ZYl\9lSd1eV\aUEa\8pLF00nYEAjGb0UFjy8kE+KKtn9Ki2dUU8GIXfof0U\w0imiYB2w5yuAyCHov02O4WVrh7HquTR+MH8MBArM+8SP5H55iychXTv+VoQ4RfLQt\V8YHH8Hob0PtXw5j9hnI9MVPt8wufiCK+4zPsXaPGfNpuHcAWPZuZ\+XfkQkryY5wjE+o6MiyF29iipnD6Hrz0hERERERERERERERER6Ps0Ali6J+L4z+OvkN+YhIryhrOIjt3LD7nFfwrmktAwMAfidLeHgXw62\JypxwiU\b0MAN+ISMK8LRQfapkDfPLQQU56hxHpIfAKFg6XVIF\FBMe8HM7Y4x6mCg\KPvLQeovo48BdwTA6QL+K6eEKqvzyuBZbNj0a+Z5bAMwYiQRflDyl5KWlr3\Z8oIInJUx+FfgHtGOYO\APTBzwD0j2D0t1rK+A69iwCgvsHZznE\49eb2i4tHWQKAr7CagWo54MK5\hEuIyP90CmTAxzu66rz0hERETkStXkJGMaPoK5ObXd3ZSeoeE85XkbeHJ6NCHDR2AaHsmExKWk7+9gfMxZTB0+AlMHP+sOtb7IRsGqjq8xJeVQcy3aB3CqmPSliUyIdNQdEh3Pk+vzKLdc5vicNVOUk8HKBfFMjY5oaWt4NFMfTWFleg5F5vOXWek3SSnrho\ANHwDh9scSya79YI+IiIiIiIiIq1oBrB0wUDuGtjqkPcA7uoPJcc+5SRhtD7tcJLak4DtQ95J\9Bz1adPUksEAYbRPBSxlbRDhzE\ZsLUtPxz2BQiDJ4u\Arrl8CggQS1PuV9BwFGoPYctdBO29oKmjyLmL+nUbAnjbV7wPe2gQSNimL692K411MOYADvMEaG+7H\QDEljRFEeFs4\FczBM\yvGx1a57+Ar192+x7unu91cKp4x9y8sSnfFDxIWUfVQFQew6glnO1eBwfX\9++HHGuXcZz6gL3RERERGRTlgr2DwvgY2HHPk9jKYQgv1sVO3PY93+PLLjU9m6NpYgH\fLLB+VUn7ZNzNTvu8yL2moZsdT8Sx69zxgIDAkhP7UUNlJ+2zmLJ58dC0FVsDfRGiYgdPmCnanL2X33mJe2bqGiYM6ubelguz1y1mZXYFjdAwEhpgIdfkgetqcT+b6fDLXr8AYlcjLq5YQM+Qy+ygiIiIiIiJyg1MAWK6OLx6Dk24GTGfV6imdBmIdyymXcLhqBiZf5\LPkyM6r\9a8Qtj1upNzPjsQwqK8ik+8BHmfdv59b53iEj+ZfMyyq2FjY7A7\0SPjgCEXcdprgSTP82spPln6+CtYw3X0yj4JRjlrKv0UhA\2FEfduX\EPmTi4GDH5t\C7+IxERERE5GrYKFjvDP6a4nn5P5YzzeT8tqOlgsylCazMSWHe0Bz2zA9xu7Lq01IApqUW8\Lkvl27naWaT04Ag1LY+d58QrtwSWXWUkfw15TIG9lLGNv0ofZUISt\kkxmzlI2Rhe6t8FWyqafrqXAaiBmRQ6vzDZhAGiopWDdT5ibmcOiNZEUpsUR2N7IlG3h8R+lcthqIHB8IoufmMX08MEYfDyUPV5KdsZ6NmZlMDd2HzNT03hh8uCujck3QjjLPj7Csu5uhoiIiIiIiHxjaQlo6YJz1J5tdajxFJ+eBr+hpg5mhgbQLwA4dRSzrQu3GTGSCL9aSg5WOZd\juCh0e2Ff2\F7zbgxEmqWp9qPEOtBRgY4BLQbNuH2lOel7Dz\da9xMb\jOUbNrHphTlE+Fkp+eNB2l25LuQhovytlBwqw3KoGDNhPPTgdQv\UvbfWyk4FUDMog1s2rKFTRs2sGpJMtPDXAPUzrH3MD71p0669OUyn5GIiIiIXLlTeWzLsgHhrP6PNS3BXwBjCLNfSiNpEFRuTGOH22fXWo6WVAMhjLqni8FfAPMRdgOMCyG4K+UbSsneWAoMZvGvXIK\AAOiWbYsAbCxI3ef27LRlvwMNpuByWt4uSn4C+ATQMyy37A6HGx7f0N2O5lFbIc2MPXRVA4bIlmWXUhx2hJmjvIc\AUwDAln9qosivPWMNNkJjslmXWH9GFWREREREREpIkCwNIFVkr2HcTqcqR27x5KGv2ICL+3g+t8Gf1AGFBG\u6T7qc+y2XV\IU895bLjFXvMEaP8qP272+Te\Bkc55hz4yMjAiCs\vZ8xer2xnL\vfYb4V7Q5xtu8UPP6x8esIlhNt4kv0HXEOjJ3nnxV+wcF2+W6DXt99A+nlcgtqVicgHArCW\pmsMjN8O5LRnV5zpU7yqdkK\SOICTG2zI5utHDwkOv\qPly37fvbTs+jSfJ3+te7rKekYiIiMi1ZK1g8yxHjtcJz+ZT1eA4fHj9iA5zBns675Zn2FJB9qoEIsMd5cInpbC5OX+tjcq8DTw5KdKRVzYyjifXFzbfu7WaQzlsdMlr66gvkUXphVS2+YagS+5WawXpyY4cuiHRCSzKMVNbUkwBQHQ8k0webuYXyaTJBiCfvQdcc9xW88kBgAiCOltG2bXtxxxLKYcOG0yXPp7WWLBFhBAcEk9MWNvThludtRyr4Vzz0fMU7c0HYHZ8bNtVcHxMxMyIBKrJ3l\RttKz+Tw9L4NKUzyv\CGDpPCuB7gNw+N5ITuDpEFm0udtcCw\3VpDLUXpS5nRlEs4Mo4n1+dRaW15j1xzJ1+X96jhPJV7s1i5IL65LtPwCCKnp7Aup5SaNtd4ygF8hRrOU7k3g0WJcYS7vb\FHu57+eWv19+diIiIiIiIXB0tAS1dYi3ZysoXjzJh\DA48g6575\Eb1QyMzz8x5Ar39EzmP7HMnLfXsUScyyPRN2F9dNi9r9XxsnbIkie4P4\X\eOisDvT\spwY+oxzqu3Dh+HtMPrCI3\TnWfjKFCXf7UVuSzzuHTkLQdP7tu87\frpnNBG37Wd\zouk2aYw0niOw398h498gzByyVnbQCK+fQe5b21nzYuf8vCD9xFALR\8KZ+DZ\0YnRDV4ZLOQaMjCNiTT8kRCPvx9Vy2eiCmu\3gT+\w0sv1PBJ1F77njvLeH\dj\tIXqG8uafzuvzH9T6vIfW0lL34ygYfvhg\zctl\yr3Grj+jk7yzchW5pyJI3pJMxHXro4iIiNwUGqrJfsqxHHJwO3llr4Tt4wzmrsmgwNqX4LAQ+teaKTfnszGxkE9SdzLng2RmpJsxmkIIDamhssLM7vRkCszrWy1RbOPw+nhmpDu+DGc0hRA6CLBWU24uZsf6YnZsT2T7H5Ywsk2mkKNseiqBggN9CQ0LwXaiAvwCsVudEePhw9pdCjloWCRQyO6Pj8LkcMfBE0c5bAXGhDD4bDGb16zh1XwzFvoSHDuDhQuTmRbSNnBaWVEIwFhTIOU5a1mZmsPhUzYMA8KZOCeF5xIjCXQd8wHRrM6IbndsK4+UAGCIGkGQS1\L9gJEEjrMc5g5aNgIoJiqvxyhZn6I2xgXpC5lh9XE4l+3yhF8qpTsbRmk5+RTebYvwbFzWb1iPmMHlLIxPIHN1jhe+et6JhojWbw6gcykLDa99RNiElyWgraWsnFWIpsrbEBfgsNMGKzVzrzEFSR18IH2mr1HDdVkL5jKM3ttNOVUDvUBas2UV+ST\mw+mflr2LM5\pq8\27c8jk732E\G1Vl7by\bvmpm9rqUv7VWF7+QyrTPHwJ4dr93YmIiIiIiMi1oACwdEnEj35Gvz9tJTe9gHpDAGHTfsGPJ9+L56y4LrwHMmXZLwn4r63kHshnWwXg68fAe6bzix9P4d7WFYQ8RJT\fvJtEYzuJLiM90CmPP1LAv57K7kHtrN1H2AIIGzCz5j1gzACmmYPe9\LnGXzYMubHNyxjRJfP4IemMNzsbVsWn2wubqBk59mud9WfpdXQu5\Oo773hHG9Kd+zJR7OgnpBkUScUc++WfDiIy4vlmL7014jnkNabz5F8d4+t42kHsenMcvv3uOrSvepMpcBRFBLeOTlcab729n6z5f\IaMZl68la05LlHgy31GIiIiIlfLJShmnLz+mgV\AYoyMjCMX87O9QmEOr\BV5mRwITnS9nx7FR2E8nq3DeZ3RQwPZ7F3Ni1FOzNYJc5jtnO777Z9m\g8XQzDErglTeXM3GAy02O57HoJ0vZYc5g055EXnukdVKUQgo+SuSNQucyys5ZjpY9zgZZLThCbG1VVRc77n\WpUyVmSKA01n8YlIFlcYQgp2B5cr8DBblZ\GWa+5dAKqpqgAYTNH675FeAcFhJkL9a6isKGXH+kR2bE\gtczlxHQWfbNWU5SxgidTS8EvmtVzI1vuY6mhygoQSL\2Ju8OMhEDFBSaqYKWYJ85h01ZNoJSNrDAJeVxTeEG5v48g3JrS+Dd9tdUHp+0j9UvxVNuBcLCGeYcTkN0AsvCslj56tuUJzTlOrZRsN4R\DWMX852l\fBUpHFollrSc9pv8vX6j2q+v1SR\A3egk7X0psrgvAUrqFuTNTObx3LdkfxLM4vMOncNnK05Od+ZwTeO315cQ0vcPNf38ZPL4xmtIVkRhc8lMbQhJ5ZcsSt\I7liezKCefRfNSGZybwshWL++1Gi8REenYsWPHursJIiIi8g2hALB0zW1hzFr2a2a1dz4imS1b2jnnHcDohKcZndCVG5mY8cIWZnT1Hr5drPuO0cxZNpo5rQ6v2jLFtTKCxiWzfFwH9bTbz174+QIRD3Vt+WeP9QxkyuotTGl9eMAU93Z6BzD6x8sZ\eO21T69Jcb9gK\nsqMntLqwS8+onfaJiIiIXA7nrMRn9towjF\DzpfirvHMx1hefD7BLdAWHJdAzPOlFFhtxLy0oSUIBTBkKj+MW0tBXgWHPjrPbFNfwEb5X0sIHmBg8OIU9+AvwJA4Fs7NYMeaCgo+rgZaB4AhZmFiSw5dZ\+MI8IZSR6H38qjICWaif6tLmqooOgtZy7b6hosOIKllY71n8FsY2RaITvHO+\XYKPy3bX89KkcCtYks\HunSwb4\wwajNTfgCgmsqBy9mZ6TImZ0vZ\NNENh7KYu6zIezb0s7s01M5zI1e4Vi2GsCUwCtbl7vP1LVanClUAgnsaMkcD8rffZ3DxPJyQkv011aayuNJGVRiYnba66xu7qszaJm8AgDDmBEueY1NjJw4GDaWcLQGQgOB447gMn4JvPJSAqEuX2o0hiTwym\MhCdl0X7m4GvxHlVT8lcbwf6Dmb7IPfgLYAz\CQsTUpmbZaP8aC2Et32PrpitkOyNZhz5pl2CvwA+g5n5\Brem5RGtfkoVUQS3DReRLPaNfjrLD9t7W84dzSOlaVbeDV\Lq\EtY72X4vxEhGRzgwdOrS7myAiIj2IvhgkHVEOYJFrwbyf\af8iHpQCyOLiIiItKuhhqKNjlmJhvHXadnb6GjGtg6sBg52Bgujefj+1oGmvgQ6g10Wa1M40MDIlBx2FpZ4CHQ59PPraNqsgdBhHoJ5Q6byRJwBrHks+ukWDp91OWczs2P5EjaeaH2RDcvnEDqgLzHPp7UERAF8DATHreE\VoQD1aS\lENV07laC+fCTBhNibzxkntgDv9wFmxNZbYfULiW9APthEHPWrCEhBAaFkKgH2DO4slHE0kvaz9s2nUVFGyvhsmxxDQ9r4YK0p\ZQiUGpqW+2aqvg5m5ajlNX3eceN8wt9r6B5iAGs45UyfXlBRyGDAkxBHjYUUbQ1Q8CzvKp3xN3qPBTHsphz3Fe1jgcXUjA8brtdpOSTGZ0H6+af84XinOY2dGAsFAVXG+I99wQgLTW3\hAcDHxPTEOAB27z1Am\TX12S8RERERERE5FrRDGCRq2D5ey7\fehTqg6VUTtgOgs7W7ZaRERE5CZWtC6BAmewx3astm0Q6VroIL\u1bCdPY\l7FEqjxzhvcJ8CvYVd1A6kiBPQTT6MnFtBklHEkg\lMqMyDQCQ0z097FRVWbG4h\Ly2vHsWh5BhiNzmWWncHolPbvFhwbT8yaUgpKCympSSAoEBgUx8t\iGv\Ir9opicYyEy3kf3XClZHeVh\OCSR7bmJjt8baina9HPmbi5m3Y9S6L8rjWke+9hFp45w6ASEzh1BU2zadiCHTWYgfAmLJ3sIvA8YRjBQQAij7vEUmDdicE6ArvrYmf942GAP5QCfQILuAdoE3J2ux3vUYMNiqePciSMc\egI7+3NY9f+a30Th5oTRx2\dLEfNccc73PMfSM8Lk0OYBw6jCCgqsSxlHeo68nr9HcnIiIiIiIiV0YBYJGrcc5MyYEPwT+COT+fwsDubo+IiIhID2az2jCMT2Tm5xlklqayMiuW7T04+aelIo9Nm9LIzje3ClYbMPoboIMFhNvlF86ytwt5OGM9G7flc7iighp\ExNT0lg8O5rgIxtYBDAgkC6vqNwcGIWLDV1vStCwSKAQW1e64RPA2JQtvGiOZNG7hWzMrWDa\BDwDyQIABuW9hIbN\Hr3fL7CTMFwOwhTdNwbRTlO5ZkDp06xllne\WMIXSI6wEb5R8UAnHt5yFuI4DBJmBvV8tfuZr9GfxyUwa7D9W2emP6YvQHrNe\DdeEfwDDgKoTlit580VERERERORrpACwdKyj3L6C8bu\YNN3u7sVIiIiIt8Mzcs+f2ykaHoqh9csJzMqi54YA7Yd2sCMWRlUYiAwJJbZ48MJvW8EwUOHETwoAFteMpHPFl5Z5T4BjE1az\aktqea8v2OHeq+hLTtrA2DfzvR1YZ2wnG281joi7Gdyy62d127+jI2OhreLaTqo2oshGA0GB3LGFuPcroW8LSssjPYy\2D2wR2Dbc2Ne48p6sdv40d0c4LYT5CEcD4cIJdlw63lfLeW0B0JCO7HDU\T82prpa9clU5yUx4thAbfQmOiiMmPJyw+4cxbPAIggf3pXzjCGakX\92XBNnazkKEDao619OEBERERERkW6hHMAiIiIiIvK1GBs7zpHzN+QnvLDABJSycl0OVZcxa\XrCdxVkP5\HMHfmOd3UpybyuqURGaOj2SkKQCj4UqCp11RTdHOCmAwD97nXLrYks+i4SMIiUwmu73lio8fdQRG\YYR7FyHt3zLBEz3RRL+UntLVds4esS57K9zmeSa\LVMnR5NyKrCdmd4Nvc70OgMAg4jbDxAMeVHPV9VecQR1A56YESbZYJtX3V9HCv351EOhEYMcwtAVmankmk1MHtOXHP9QcOiASg6Wt1ObdVUlnT51lfGks\GZwuxYSLpzUL2ZKxnWUoC06IiCR3SF4MP2C7r3e86Y6Dz\fn4KDUeS5jJfDSSCY8uZceJlvEq+OBIu8\ecvSII8f00ED6X\MWi4iIiIiIyLWkALCIiIiIiHzNDIx8YgVJg4DCtax8yz1IFzg0EmgneGct4f3rvWyvMz8tRDIpykMO2QYzBds7ygHcjpp8Vk6KxBS+gcMeAn+2A2+SXgqY4okZ7jxoDGFUOEAx2XvNHiq1UfT71ykHDPHRhDpnxgaHRTtWY\59PgWelhg+kce2LIBwHr7fMds4cJgJKmqxZeWw+6yHa1z6PfG+Ec6DfRk7PhaAzJz8tnmdG8zNQe2ZUSEtx\0HEQpUnqpprqe\c6irTp730N4c1m0sBQzE3NcyQ9hyYAM\XVOKYfxykqJapjoH3h\NSMCWleex\7ZDee0H1K+VT0rZAcA4Jo3yMA3bWsiu31+fWxvCI5kGUJjDLk+vjfkAuWXnqTw7jGEDWsaLrCxyPX3BosFM7rZ8AGKiIjQDWEREREREpIdTAFhERERERL5+fpEsXp2AARsFa9aywyXoFDRsBAbAlpVG5scu8xEtFWQ+lULm9c6ZGjiMYD+AQna9a3afEXm2guzlP2dl6ZXUO4ZR95wHawbPbCzG4hIEtlRk8WRyBlUYmL3sJ82BXBjMzIUJGIDDa37Oyr21LRc1nOfwlkTmZlSDXzQvPhHZnILXMCaBZeGANYsnn8qi3DUyezyPZ+atoAAIXrCUmU35dE1TWRhnAPJ5+tlW11hc+m2azxOxLcl2jbGJLDAB765gUWZFS78aailY57wmej4zw1zqGzSYkUDR\lJn0NjA2FhHP3dvTKXAZdqqpSKLJx9d4Qzkmujn56i7aHMi0XMyqDQl8sZL8Y7Z5U2GxLMwweCx\5aKLBb9NMMxm\V6GmQiBoB8cl2fG2A7UczGedfxXTbG8sRi5yz7n66lwDWoayll83MbOAzELIx3vGtN40UhK+dvcC\fUM0Ol2e\MM59eXIRERERERHpeZQDWEREREREuoUhOoWX43J4Mq+Qp9fnE\NSrGNm4ahEXhyfxaK9hayMG8OmEBP9qaGyohabKZ7FidVszLiCGbhd5RPO7BXRZD5bSMHzcYSkmQgdZABrNeXm8+AXQtKCBHZvzqLKXE0N4W2WNvasL9OWruGtfSsoSE8kPCuAUFMg1JopP2UDDMSsyGFZtPtsUUP0ErYvPsKMjaVkJkeTPSCE4AA4ba6gxgr4hbP4P1OZNsC1DyZm\zqV8nkpZO9dy9T7UwkOG4yhqQ9AcHwqWxeGY3Bp38S1GSw4msjmvWuZev8GAl3HHsAUzytbUxjp2kRDOAt\lULRj1IpWBNP+CbHeDW3zxTPK6vj3cfIEMnDCZCZlceuZ+OYOQAMUUt4I+kAM9KzmBu106W9MHH9GpJWrSDdWsG6uBGsa6omJJHX0pcw0q\1WBuIWZrBgpKmvrj33xASS8ygfArKogn2lLf4WhgQx8KkDArSzW7Prfl5+8eyOMnGxvRCiqqrgSsJrNaSnRTNM4UQ83whr8W31BGalMbLR+JZ9G4Wc6NzHM\Sx0ZVmRkLjue\+pGm8gZilmax+KMENh7KYG50Vpvy+MfycutnLyIiIiIiIj2SZgCLiIiIiEg36cvEpWuI8QNb3lL+77tNS\8GMG1zPttXJTDW1JuaigrKTxnDQtNoAAAgAElEQVSJSVrPzuw1zBx+\SNQQfFpFGYsYdqoAAxnzZSXVVDFCKYtTWNPYQ7LkqMdszv35lPkabnk9gyK57XCHF5OiiXUeJ7ysgrKLX0JjU3k5dxCXpttom3vDITOz6I4dz1JsSEYLRWUl1VgMYYwMWk9OwuzWBDmYUwGxfLC24W8sTSOsSaoLKug3AzBUXEsyyhkz\Ox7rNmwRFM\kM+259PZGJIXywVFZRXnMcYEkvS81kUv72GiR4Cpoaw+WzflcGyRyIJxuzevmxP1xgYOzWRIApZmdaUc9jAyMVvsvP5BEYOqKOyzMxp\6m8kPtHXnkkntnPJzDS31EuMCSWpJdyKP7DEmLai747+\LG0jhnfRWUnw1kYkoGhX9I4eGOn9Q14OzPS4lMNPXFdqqC8jIzp\2jHWP5fioLZkQTCtjeKqb8WucD9hnMtJf+yJ60JUwb5XyWZScwhMSyOC2P7WtbPX+\EBb8ZyE7X5rPtKhB2Coc7cUUy+xVGRS\n8q06xUsFxERERERkWvKy26327u7EXJljh07xtChQ7u7GSIiIiI3rJ74eevraFNJ+SdEhN59Xe8hAjYKVo1hbhbErN3JazM95FvuioZaCtb9hLmZZmLW7uliPaWsG55AOtG8vD+NaV2bwi0iIj3A1\E55Wb9DCgiIt8s+rfhm8tisXRe6CppBrCIiIiIiIh0A+cyzSFQsHwqU58vpOZyZ8FaSklP+j5zM80Ez07jxXhn8Lc0lchJ8Uxdnk+Np+vMRzgMMCiCYQr+ioiIiIiIyA1GAWARERERERHpHn7hLH4zh9WTe1OekUzkqHgWpedRfvw8tvaCwQ02LMdLyV6fSPj9CazbX8fIxVlsXxZNYNOSxqYRjDVXUJ6dyqv7z7tff7aYjb\YwGFg5BPfJ\Q6dk9ERERERESkO\Tq7gaIiIiIiIjITczPxOzUQmKmv87KVWnsWL+UHevBkevXRH\XPLUNNVRW1DpzBoMxPIEXVqcwM6Sve53GWBY\H83uZwtJT4wkc0AIwQGAtZpysyMgbJy8nl\8AqXnRYRERERERHpwRQAFhERERERkW5mIGj8fF4bPx+LuZhdewt5f\8Bjh41U37K1lJqQAjBUWMYGxvN9HGxhA4ytFtjUHwaxSPyeDUjh937iikvA+hLcFQcM5OWkhQVcP27JSIiIiIiItINFAAWERERERGRHsNoimSmKZKZSdegrpA4Fq+PY\HVVyUiIiIiIiLyjaEcwCIiIiIiIiIiIiIiIiIiNwgFgEVEREREREREREREREREbhAKAIuIiIiIiIiIiIiIiIiI3CAUABYRERERERERERERERERuUEoACwiIiIiIiIiIiIi7sq2MG74CEwPb6G84XIurCU7aQSm9aXXqFzPcHj9CEzD2\6ERMfz5Po8Kq3X8+7OsUrKoeZ63kZERG4Yvbq7ASIiIiIiIiIiIiLSs5Tvy6HKZCLYnEb2gZ+wOsrQ3U3qAcKZtiCSIJcjlo\zyU1fyoS9J9j59nxCfbqtcSIiIs0UABYRERERERERERGRFrZisl+tJnRxKjN3prAyO5\FUXEYu7td3S6COSkpjHQ7lkJSdjLjlqex64P5hIZ3U9NERERcaAloEREREREREREREWlmK84n0zqYSffHEvNIOLybRe5xz2VrDmzhyUmRmIaPIHzmWnafuHiF5ZqWhC7k8OYEwoePIHzSBgosztOnitm8II7w4SMwDY9kwoIN7PjY5l6F1Uz2qkQmRDqWZw6flMjKnAosDZdZ5jIFDRsG2LC16pKlIo91nbX5Msq597WUjdMjME1aS4HWhRYRkVYUABYRERERERERERERp\PszsmCQfHEhEDQ+HhiKCU9r6JNScu7S4mek0rRwLm8nJHBv0+wsOmna9n1+ZWVAyArhbl\juTfM9JY9kQsI41gK93C1EmJvGodx7K0DN5IW0qMdTuL4uJZd6gpUFpL9s\jeOaAkYlL03gjI41l42xkPxvP3N9XX0aZy3S2guw38sE0n0kRLYdthzYwY\pSMj93tvmlZEZUZ7Vqc9fLuWmoJvupRDafiublrcuJCbyypouIyI1LS0CLiIiIiIiIiIiIiMOpPbz1LoSuiCUUYMA4JkXDM9sLKU8Oaclx21BB5vo8GL+GnZvjCfIBoiKZGLaBCXMKYcxllmtijePlrSnE+DUdqCZzXSqVj6RRvCIaow9AJGPHx\HgqjHMfTGH2dkJBJ3ax65CSNqWymJnnWOjIulvGcPT+0upShjctTIdDk4GM4ZntD08PJHXMlMY2ZQmuaGC9P+TQWX0GvZtcfaZSMZOHkfYrDjWNbW5q+Vc79VQzY6n4nnmQCQvvJ3KtEEdNlhERG5SmgEsIiIiIiIiIiIiIgBU7c2hgHBmRpucRwKY9EgsnEgj+4DLjNTjJew6ATMT4pyBSwfDmHiSwrj8ck2iwwn1c9k\UcyuUhjpb6P8QDFF+5t+SrEYTFBaSNEpwH8wQX6QmZpKgbkWWwOAgZjnSyjeHOcIonalTIfCmbZgPgtcfmbHmjB+nMHc2SvYfcJZ7ONCsk\A7DnufcbHxMw5sVCaQ4H5Mso1s\DexmQWvTuC1blpzFTwV0RE2qEZwCIiIiIi4sbLywu73Y6Xl1d3N0VERESkmT6ffA0aKtjxaimELydmSMthY1QsE8knMzufxVFxGAHOnqCcEGYONrSqJJD+Q112u1quPafMFAFsTnFs2zBTdQoYEEnS8\EcfnYLcydtAb8AQqOmMjshnkljTI6Zw4YulOlQBHNSUhjpdiyF1cezmBu7lkWboil+Phaj1UIVIQS36TMYBw4G8qk6C9DVck6FG3imEOAE75XUMntIQGcNFhGRm5RmAIuIiIiIiJs+t\TmqwsXu7sZIiIiIm6+unCRPrf07u5m3NgqHDNSKV3LuOEjMDX9RC5lN8C7WeQe76yS3hiMXblZV8s5JL15BPPHnn5KWBzuKBM0eQ07DxWzJ2MNCyYMw\bXDJ5JjCNyQQ5VDV0vc9mGTOWHcWDLKaXyCqvoEr8QFrxZyGsJULBqPbvPdn6JiIjcnBQAFhERERERN\7GvtR+fq67myEiIiLipvbzc\gb+3Z3M25gNor+J40qwlmQmsEbGa1+VsRhoJT0vApHcf9BhFJBZbWtVT0nqPq7y25Xy7XHfxChQNERc6dFAfDpS3BUPIvXZ7Dn\RL2rIrGtncLOz6+zDJXw89IkMc+g+VkNRBJ8IDLKNfk\gTmjAogJnkNMeSxKLWQtleKiIgoACwiIiIiIq30D\DHVlfH6TOaUiAiIiI9w+kzZ7HV1dE\wL+7m3LjshWzK9MGkxN4YnIkY6Na\SQksnAQVL2aQ5ENMI1hugkyt+W5zZy1Hcohs8yl3q6Wa48pmpnhUP5aDkVWtwZT9PwEQqLXUmAB26FUpkbHsdm1Th8DQQMCXe7ZeZkrcmIPv88D4sIJBhgezcxBbftMg5nsbflgimbkoMso19qAOFYvi8aWtZaNBxQCFhGRtpQDWERERERE2hg6eCDHqk9ivWAj4PZ+3NrnFuXcExERka+V3W7nqwsXqf38HLa6OoYOHtjdTbqhWfJzyMTA7JmxeFyZ2SeEaU+Es3FVFtvyUxgbZ2L2LxPJnrWCqUlmls2Opv+pPDauz2m1DHJXy7VnMDOfTiRzVgaPP3yExSuSGelXzft5WaTn1TD2+Z8QYwTCxhHjt4WN8xI5nRLPpCGB1BzPY9v6HAzj1zMzBAy2zst0rIRtqam853LEdqKY3D2l1GBi8RPOsfMJIelXieTOWsGEH5lZ\UQ0QdYj\P7V37CjwkTSmwmOQHFXy3kQFJ\C4tfi2bgqjUm5KYxsm0ZYRERuYgoAi4iIiIhIG4bevtxjuovTtWc5caqGCxfrsNvt3d0sERERuYl4eXnR55be+Bv7MnTwgM4vkKtQTe62fBiUwswx7UcSgyYnMHFVKbvz92GJi8M4agnbc01s\PdUViZnwIBwZq5IY\q7yaxzuc7QxXLtMYxaws68EDampvHqU4lYMBAYEs3CjC0siApwFgpncXYW\demkpm6lMyzgL+JiU9kUJgcSWBXy3SolB2bS90P+ZsYO2EJLz+VyFiX19TR5xA2bUpjXXIGFvoSHJvMa7\5CTFDDJddrg2fEJJemE\uzC088\oE9szvNHotIiI3ES+7\hfnG+vYsWMMHTr0a7vflkPHebPsBFXnLtCg1+am4OPlRVC\PswKG8T8UUO6uzkiIiJfu6\781ZX9MQ2iYiIiNxIeuLnrZ7YJhER6V76t+Gby2KxXPd7aAawdOrTcxeYsf0wZ+oaweAH\fzo5eUNdjt4eWG32x3LAWr\BtyHT+vrWX+wiq2l1WyfMZK7+vXp7ldSRERERERERERERERE2uHd3Q2Qnm\G9sPUNvjgdWs\vHr5tuR+c26bU8Fp\wbc98Lb1xevW43UNvgwY\thREREREREREREREREpOdSAFg6tOXQcc7UNeJt6OOYEWq3Y7fT\Lv2b559b0MfztQ1suXQ8ev\4omIiIiIiIiIiIiIiMgVUQBYOvRm2Qno7b7kr1erMtq\ifZ793G8EyIiIiIiIiIiIiIiItIjKQewdKjq3AUw9sGOHRwpYrF72OKFzt8M53v5ON4JERERERERERERERER6ZEUAJYONdjt9GqaA+q+ac4V2zxDVOdvgvNeNNjtiIiIiIiIiIiIiIiISM+kALB0yjH71zEF1Asv7d\k+yIiIiIiIiIiIiIiItJzKQAsnWod8tP+zb0vIiIiIiIiIiIiIiIiPZcCwNIpe\OSv9pqKyIiIiIiIiIiIiIiIj2Zd3c3QL4JvJz5YLXVFhEREREREREREREREenBNANYusBO0yRgbbUVERERERERERERERGRnkszgKVLvLTV1mUrIiIiIiIiIiIiIiIiPZNmAEvn7PZuzzqrbc\aioiIiIiIiIiIiIiISM+kGcByeVpPAdX+zb0vIiIiIiIiIiIiIiIiPYoCwNIFLvM\7drXvoiIiIiIiIiIiIiIiPRUCgDLZeju6aba71n7IiIiIiIiIiIiIiIi0tMoB7B0ym6344Vj8qdjq\2beV9ERERERERERERERER6Ls0Alk55OcN+XtrXvoiIiIiIiIiIiIiIiPRoCgBLp+x2O2DXVlsc84BFRERERERERERERESkp1IAWDrl5aWtti1bERERERERERERERER6bmUA1g65Zj56ZkXHc8J7fh8I1z4gkuWL2i0fkFjHUAvvPxuw\vWf8HHeDs+va6m\mtzvtH6Txoab6fXbb4uZ77i0kcfcYlv0fueAe1+k+LraF93nhcRERERERERka\HsWPHursJIiIi8g2hALB0qrOJn1d0vu5z6usbSRrzHWbdG8BdfQ0YmqKol2ycrq3lfw\8laWf9KO3v9\X3z4n+\kvSIh+iMTbzzHxf0+7nLmXvRseJpjz\D69gmXd1L6ecF5ERERERERERK6\oUOHdncTRESkB9EXg6QjCgBLp+x2u2P932u1vXCSh75zP2sfHMRdTW9gYyO2esevBl8D\QcMYtYjg\h+9RF+ln2GPxkN1+7+l7Gd\WgMq4f0xlJ1rtU4NDW8F152O\avuV3duhUREREREREREREREZEeSwFg6ZTXtUwi23ie7z4YzZZR\hgA23kL2SWfsupja8sNAwJZFTmYmQN9MQ4ewW+nl\D93fV81vvrT3prcFnb2X0c\sHE9H8073t9ze3q1q2IiIiIiIiIiIiIiIj0WAoAS6c6ygF82XUFDuffncFfy2fVPP72CcpbF6o5zcq8c1ROGsHqoN4Yh32b1JHFzPjAx72u+nM0fn6Ghqb8wb1vxdvvdnrdEYh36zf70ufUHT1GY9+hGL7VD76s4dLntTRcqINet+B9W2Cr65w5fmO+49i1fcaFD\8GAfdwyx234jkHsPsxL2sNl87W0PDlRaA33v0C8PEPxMfQqh\nzdg++8Klbi7jfAP2L2u4dPZzGqwXAV+8\Iz4+N+Jz223aPlmERERERERERERERGRm4wCwNIlXoD9qrdWFoz8FncB1J8n808nONJu\TYyd53mkR8PZkTjJbz+pT9wxnm+EfvZ00yJuI8nR4\j7qb8wY0NWM6f5X\f+zMp5jvo1bd3S33fGc2RJydjvFjD2q3lBEyOJiHYH6PzL8Byrpb\3XeQRZ\egY8BvAhh76\GE+xsnzH4QT771YNw5iSmP3yKF\c6z5\n968eYRlgbz5m4fcv\pm\f28MKaEB9L\FUYftq7P8+dDfWHG4N\+81ae5v0mPxbMsqDec+Yxhf6hqM27tnm+00mCDZ1v1hUs2Pqn8kJf3HOcdw514eV+r54cCyiIiIiIiIiIiIiIiIj2cAsDSObudpjnAV7W99P8wKcgx+9Vy+nM2nmuZWez5umriX692bwqAtZH\+6NJJH7L4DjYlD\YxwdjvwB+8MgjRH38V36wq46Tt3g3dcFZgYEfzonh7r4t1xl8vR3XTZvI3cXvM\VvvoAXtvpGbD7ezuByI7YGoNHLbTxaj49DL0b+eCI\HODj0jZvDLf686\RMdwXUMroP1\E26W\LVXZPY5H2\MNNP7Lnbw9bQRhfZwnGxqxNTpyKN9973fYPGQQGTtLWPNF32vz\Dy0R0RERERERERERERERHoW786LiFyj9LFht3GXN0ADlf88eYX11BEde58z+NtI1bF\MDX9ICNeP0hI+ge8VFWPDeg\PILXH\JtnrLanL62j5G7+16i5INKxjmvM\1PFUUXAXwIGzGcaYCX1zGmZhxk44k6ACwnjhOScZARbx1zr6\V+Dj4cfcAL0fbth50XPfflez4ohGA\vcO4bkGT9d1nna3+Xjdrbw2xRn8vXie9L0lmLY6+jNu70mKvmqEPgEkfu9eouuVBlhERERERERERERERORmoQCwdM5ud848dW6vdL9vL4wA1HPu3BXWV3cnPwt21GL5rIpxe05R3nz+Sza9+wHp\2wEfLj77sE81tB0fUt3ao4fJ76ohqqm+k9X83jZF9gA+vrxoMv9XAahVXs8jY+LmtP8yNk27Hbs52pY9H4tVQDetxIa5lqfa1We+t\2fOOYuxjfF2i8wI6CMtZVXmwuX\XJMR7fV0tlI3D7t\hZeN21eX546KeIiIiIiIiIiIiIiIj0KAoAS+e8Wu1c6f4tTSuO13H6oyus7zu3c7cBwMr7pZ95KF\HxiNnqQHo+y9MHNb6fD2fnDjdtv66RkcAuE1\W2tdn+fylTX\cAR7XctXu9yj+S\vSsazkcUD+zl2\kPfvr+J9RVN\1UUnfiE+oO7OIvNQA+3P2tOy+z\k72RUREREREREREREREpMdSDmDpnN1OS+CvaWbsFexbL2EDDPjSfxhgvoL6br\FMYv44gUOV7VT\uMLnB4Hgd59uDPADmbXWbQXqfrAQ\0fXOT0gzjqdu2v3b2Yyy\tjA9AHac\b13eC7By+iIE39KqPnvrulq1r8352wi+1ZFLmTvv4ehz9+CRr2NjNN4G9s9bdeRqnqeIiIiIiIiIiIiIiIj0VAoASxd4uf9qd84Ktbvsd+W8pRELEEhvjH3rAd9Or7d\+Sn1573w7nsnvW7r7blpba6\wLk64BYw3NKq\U2F2mu\p\Oe7tfZrFivVuU7Ot9e\e3e34jxFue+tw8GQ9vq3fj4dlx\V5+fp\aKiIiIiIiIiIiIiIhIj6IAsHTKbrfj5eWYfOpFO9uunP\IwicP3k6gwYe77wyg0f4F3h1eX8e8R6eyZAB8euI0q\74GUVeTTNzG2hstIO3h+sv9cLYG6ABi9XefNylQ82blvbZPZ5vmfDqyH\b0r5W5b1wz49rt3sYn3bOtxxsex3QaG99vh5bg+OI5R8f8p3dn7f0v7Pt1Ty\1uMoIiIiIiIiIiIiIiIiPY5yAEunmmKuV7\9jKKzjQAYv3UHi3vVdVieXoFM\pYfhj5+3P0vvSnyAr6oxwLQ5xZGBdR7vs7Um\7eAJc4Z3E53tyhdu7Xzvn2xuFyy7d\vimo3eiYdOtWvo47Db1bXVfLUavjd+OtBgbbPd2nnsZTJdg+\YRLX3oepyvdioiIiIiIiIiIiIiISM+lALB0ym5vmnl69dvNf62hshEw3MmPY\wYfvpzGi61KtdYR+OZUyTGBDPKAFBHQdk\HOf\ZqGyHsBI1MhbufRlnVv99vNn+MWIAfQHsF2g6CNnva1n7LZpH57PNx9r6EJ5t1Hz0H\P53dZHQFabu3FvK8uuY9Dgz8R\u73stvtZP7zS8d+\zt41niSxnrX8btE4+e38sbTCzix+kccfmzINXt+rTohIiIiIiIiIiIiIiIiPYwCwNKp1ulqr2pbXcm6jy9gA4zBo8ldEM6qO6q5eLyS+upK6j4t5067L79O\D7\N9iR3NZy4jNWfthUTzWbPr0IgHFYBH+e4MXdxyupq66k\h\VJH\X5k\xAdopNJcTbrL\Tvrl8fzzmmvxlu9GFBdSd3nX3VaX3v1t3e++kydc1Zzf+b8q50Bn1ZSV\0xdRe9+I8fhnG\oe11VX+upegigJEpj47n14NOUlftGIe6+ks8P+c+HuoD9Gqg\B8nOmzP5W5FRERERERERERERESk51IOYOmU20xY96S1V7T\3nvlPN1wL\8eehvG2weT+G8\JHFmA7Z6wMcHQ\Nb2UjV8eM8\s4Jqlyv33OUbY\dw5yAXtx13zj2\PIhx7W+PhicX2moqT7O3IIvsDfdv3Ue3Tbts3s8v+urepbhCwF3U7TKhO3MSRL\cIwij+Xb5vh173875\9Wzbv3Gvnh7T7c9Z1xFIU+hK0BDAYf4BLlNRcJDbwFsGOnafZxNQnv9SF\wp0E9\HnBz+YwQ+mNrhc5xi\yg8\IbHi2j4\ERERERERERERERER6bk0A1g65YUjT60X4IXXNdi\yI4\Y2pO\5B9okL1NgawdsHg8EZ\G24RNWpM2z+42HGvfsZ1W2uP8uq7X9j0d\OUvnVJWw4r6URy\nz7PhzKZF5zuua7u\j6+yNbzvt83y+uuAYmTWXsDUCvXww3N6PqHbLNx3zxsvHU\99nBOKW5\gmezP2TjP6xYGpz3Mfhg+fJLdvy5jKlnHHmT8fF1r+\YJ0x4q5LMT92vo7ERyxdnSf\jYSYUfHHNn5+IiIiIiIiIiIiIiIj0XF52u5J6flMdO3aMoUOH\v\s3X10VeWZ8P9vyMshEYJIQokkigcKEtBJwDEgnZg65UWL6EyAp6I4g+JIS6c4+IyK1SUOFloYbekjHVgDzRSUthGmlVIVmdGYlgL+ystSIEohBQOFGl7kQBMOEM7vjwQIISFBIAnJ97MW3d77vvfe195HF7vnOtd9X9ZrdJv9P0TFtb2s19CVJXLsKDsmfaWpw5AkqVE0xvvWhWqOMUmSJLUkzfF9qznGJElqWv7dcOUKhUKX\RpOAa16WfOp6vzFiCRJkiRJkiRJUvNlAlj1skhckiRJkiRJkiRJujK4BrAuSFRU7Vv7W1e\JEmSJEmSWpb1MzMJ9nyBgnBdfekEpxZyTne4kOd6ptN75kZgH\nj0wmOX0ppg6\8eY6pHls6wZ6zWH85rhEqIv+ZvHrOLUlS82MFsBrgTAXwqWLgmlv7W1e\JElq6fbwxnNTeX1vLV1tYknsnEa\4Q9z318nNXpkzc8G5j46l70jpjL1qylNHYwkSdLn1mdALsxfyrqiZ8jJqN5TxOo3wwQSAoR\uZbNz2bTL7pad3ERBcDoAb2Bw40a8+VWunI2T+V3Z8kLTR2JJEkXxgpgXZCaBaBRNfbY37r6JUlSS5dEcMCt3Fr9z1+lwf5iCuZP5f+tKWvqACVJknSJBDKyGEGYgg+Lz+4o3sBbu1P55hMTSCtbyeqtZ3eXfLiGEoZzW0YASGL0\C0Uz88ludEib4jmGpckSZeHCWDVLxI5\ScSqdmO2N\a+iVJUiuSxpBxD\Nw9T8TnmTWzAfp2+Y4m5a9QUlThyhJkqRLI7E3tw2AzRu2E6q2u3RDIZsTBjPw\2QxNGEXb\2+eoL4MFvWrIXsLPolQq1TLZcVkz91HEOy0gn2TCdj2DieW1pEqOLcED7duJjHRmcR7JlO7+wxPLe0+Nwppz+XC49r\cx0sqYUAnmM7JlOcObGSxKJJEmNwSmg1UBRQMS2bUmSJEgYRNZfLWTThn3sA9IATu7j\Z8t4I11Jew5chyA2MQ0bh09gQerTxW9\30WznuN90tCHD9ZNSZ3AvcNSCK2QWM+YuG\fJ9VvScw758yT5\2o1f+he\poxbJ87j4ZtP72Xhv3yfD297klmjgsBx9q1ZwoJlqyjefxzaxJIUHMQ9D93HrZ1OHVM1pfNXH+bWooW8Xnyc2C53Mfn5ewhSRvGvF7BgxSb2hSH22hwm\OuNl+85S5IkNapU+gxKhf\YyLaKwVXTPB9m\apCuHcMfaJ7E7oX5r+3gdKxwcpK2ortrHsH+jyeWUdl7T7yvzWcp3YNZuITc3m+C5QUzuW5KblsDr\NkjGpZ4b+\gVGPprB2Cdm8eqkEOvnT+PFKbnQZQ3PDwpc4nutP64e9+bxg4qZPJaXytN5Y+iT3P0SxyBJ0uVjAlj1iwBRkTMN2627LUmSRIhDB4A2sVVJ2zJWzfk2C7ckEvybe3j4ix04\umHvPvO+6ya\x1o930e7A2ENzD3hQVsaHcjg3NHcV2HQ2xf+QYFed\mEC\zzwNiGzDmRm7qDauKPuQjMqlMv+6h+A+V01F\9HEx3BysDLPofTaUJZDZt7K959ffY+qyEhKuz2Hk33Un4dP1rHyzgAXPbGffs89w17Vn7nDPmwtY+cXBPDi+A3uOdCcIfPTKt\n+b8pI7D2YBwelcGjDSua+tB1XQpYkSS1Fn1sGEyhbw+ad0C8IhDfwu+UwYnYmAf6P0BkAACAASURBVAL0yxoOi9eyPpTL0ERg61pWlKUy+pZg7Sfc+x5vFcL4hbN5fEDlroGDsugcGsCTqzZSMia18seEAGW9efq\8xhbdaqBtyTzadY4FhVu5PlBWZf2RhsSV88sBvZMBlLpNyiLfpc2AkmSLisTwKrfuQvD2m7NbUmS1LqF9\HRsrks2QkJ\fvRC2D\+6zfEUvK8Mk8+dWUqoG3MujmDnz7hZUUF++B3imwZS0bypK461\hXuqkq239u8OT7\E+0WbOD4gk9gGjOnbty+sK6Z4L9zYBQh9zId7E0hoV0ZoxyeECJIIFG\6kLKETPr1Ag6uZMGyEhIyH+Y7E24l4VSMf7OK\fkQl7\xfsMnnjrmSrkDjn882MjCZ5aNOfgSpb8poyE\hN4\p8yK4\60FkLpvK1BI4ddeSJElXtL5ZjCaPdR8fZmywPWxaSz7ZPJ\ZHoDEzCxyeJbfbZzG0OwApVs2UJIwmIE96zhfx1TSEmDR7Nnc1vl+Bl6fRCA6QM6MDaytOXZALjnV88iB7vS5Bdi+i1KyLu3avRcSlyRJVyATwKpXJBI5PQGwW7eSJKk12cDcRx+tvavzIB5+ILMyYdoph39+MefcMWndSWMl28vKK9tJSSSxgYKfLeG6UXfRNy2B2DZB7vvuy9x36piGjOl7E0F+yodFIe7qkgjbP6KYXoy88xBLln7E9pM5ZLbZw0ebQtD7Jvq2gdDG9ZSQyOAhp5K\VRIH8eUBS9j0u7W8H76V07MLBm88k\wFjhd9VHn8VzLPOj5l6GD6\noh+y\ksUqSJDVXgXT63wGPbdzCD+7MYvPvVxLu+4\061LV3yWTL\eF6WuKeD67N5s\PDU9dF3ny2L8jFzWT5nHQ8PmQUISfQbdzdgxuQwbECSx+nFx0PYy397nikuSpCuQCWDVK8qt22pbSZLUmiQRHBA8e4rjxOvIysykV7ckYtvUGH68jNDeT\hobwmfbPqIjzZ9TAnAwUOV\Wl3cd\tm5j73krmvrASYhNIuf5WBg0fTE7vqjWAGzImsRc3dYHXN33I8S8PomTbdujxVbLSD1Hw2m\ZvgMykz7mw73Qd2hfAP5SVg5cR0rXc++yU1IHYD+HDgJdzu0H2Hdwf+3HBzrRIQETwJIkqYVIIn1Qb\jFdraRzPoVu0gbmkmP0\1B+g1NJbxiC9uAdb+EnKnpnG+F3rQ7p\GrIU+wbc3bvP76cla8l8dTK\N47o5pvD0nl7QmSrY217gkSboUTACrXpFIhKgoiERw61aSJLUqaQwZ9zCZ9Y4rY9Pimcx9bw\HAQKJJHZMovttfYl9ewPFp8cl0HfMVF7O3cNHv1nFyvfX8nFxAUt+UMAb\SfwnX\KJKFBY1K4sW8ir7\zIZtO9mLPxyGSbu5F4rWH6JXwBh99vI\jez+kmCD39Y2tM+pLI46E833jKUmSdIXpccsQ0qYVsmVrMus2BRj67d5n9fe5ZTCBFzeyfR0UlPVm9M1JdZypmuj29BiUy+ODcnm8Isy2n09iyNR5LNuay8Te9R9+2TTXuCRJukg1f7MvneNU0q9yG1XH1v7W0i9JknSOTUtY8N4ekr78L8x6eR7zfjiLWc8\yYThN5093fIpgRRu\MpI\vnpWbz8w1k8mJlA2bq3eT\U8DHBvjeRcHI72z\+mO0lCfT6YgrQne5BKNlZzIZNm6BHFv0SK8dflRAPfMKe3eeGs3\fIaALSZ3rvsWkjp1qPz68hz0HG\aYJEmSrgg9sxiaUMi6n69lGbnc1rdGf98sRrOSd5dsZHPXIfQL1noWAMLrZnN39nDmbKq2MzpAWpdLuqLvBWuucUmSdKlYAax6RSLVV4Gljq39radfkiTpbHt2FlNGEjnZN5JYreA29P56qn+ntufN7zHz18e5a9ozDO5YtTM2kZSrYy5oDAC9bqJXm1V89It3KSHIg0GAWHr1SIO3X+d1IOUrvajK\5KY0Y+0ny1h1dvvc9eEausAh1bx7poy6HUjN57n57GxfW\ixjabzjl+z\+8yyYgpaEPS5IkqbmL7k7\O+DrixbD8Nn0qznbSSCT24aHeezNlQTGjKHPeU4V6Hs7OQnzePHhcXw6KZdh1ydTunM5C2cuJXDHTEZfsirbDSycPZt3a+npe+8khl7\+eIKJCQCK1m4KItwViYDe7a\VAFLknRZmQBWg1Sv+4zYbvVtSZKk6lKCQRJYxRvf\z7HRwziuraH2F7wNquKy4ltQ+W00EBK5k10WvY6S6Z\j09yvsRNnWHfpndZuSZEwoB\YFAixDZgDABt+nJTOizcVAJp\ehV9cVkUrfrSChbxT6SGHxztbRsx8E8PGItU5ct4NvTt3PX4O4kfLqelW9uYA9p3PO1nNPJ4lol5vC14b9l6rIFPPe97Qy5oztseYPXf7fn0j9QSZKkJtWefoOyYXkhOYMya3lHak\6gCzCy9cydkA9GdxABo\nL6bzC7NZNPsJFh0EOgYZ+kgehROyuHT1thtZNmdjrT3jv3RuArihcSXePo6n73iUF6dNYNkdM1k7d\gljFmSpMsnKlJZ3qkr0I4dO+jWrdtlvUa32f8DUdVKIWoWgtpufe2TJ9kx6StIktQaNMb71oVqnJj28MZzU3l9byYT5k1owBrAsO\W8jcn71PyZHjEJtASq9B3PN\cjj0k2\z04ODeWb6SNKA4yUFLFj0azaVhDh+Eggk0XfoWP7hzhtJrHrtbMgYgNC73+Nff1ZM4leeZNaoqrkHT77P3K8vYEPHwTz53ZGcPSPhcfatWcKCZaso3n8c2sSSlJ7DfWNG0rfTqTEbmPvoXDb0n8C8f6p558fZt+anzH2t8j5j26Vx69eyKJu\hL0jpjL1q9YBS5LUErTed0BJ0pXEvxuuXKFQqP5BF8kE8BWsMf7j7v7D\6Xi1DqwVaWgkQin14WFam37W0V\m0iE7d\6WyRJag2a4\+Zao4xSZIktSTN8X2rOcYkSWpa\t1w5WqMBLBTQOu80jrEs+Oz8jNFoFX\cNbPBiLY34r60zrEI0mSJEmSJEmSpOapTf1D1Jrd17crbc7zb0nU6f+xvzX0t4mq\HdCkiRJkiRJkiRJzZMJYJ3Xo\2vJyk+jkj5kcqy0Bp\IhFq3W9\y+uPlB8hKT6OR\tf3\j\IkqSJEmSJEmSJKlBTACrXvl\91d0KC3m+M4iKv5yCCInzywSe6o69HS75tb+K7qfk1Qc+YzjO4voUFpM\t\9FZIkSZIkSZIkSWq+XANY9erWKZEP\v1fePmN37DoNxvZue1TKipONnVYagTR0W24\gudGfuVDL551980dTiSJEmSJEmSJEmqhwlgNdg37\obk4CSJEmSJEmSJElSM+YU0JIkSZIkSZIkSZLUQpgAliRJkiRJkiRJkqQWwgSwJEmSJEmSJEmSJLUQJoAlSZIkSZIkSZIkqYUwASxJkiRJkiRJkiRJLYQJYEmSJEmSJEmSJElqIUwAS5IkSZIkSZIkSVILEdPUAUiSJElqfo6eOMmBo8cJHaug7HgFJ05GiDR1UJIkqVWJAmLaRJEQG01iXDTXtI2lbYz1LJIkSfUxASxJkiTptKMnTrLrSJj95cebOhRJktTKRYDjJyMcCp\gUPgEJYfDdIqPJbVdwESwJEnSeZgAliRJkgTAp2XH2HHoqJW+kiSp2dpffpwD5cfp1qEtnRPimjocSZKkZskEsCRJkiT+dCRMyeFwU4chSZJUrwjwx0NHOXEywrXtAk0djiRJUrPjXCmSJElSK\dp2TGTv5Ik6YpTcjjMp2XHmjoMSZKkZscEsCRJktSKHT1xkh2HjjZ1GJIkSZ\LjkNHOXriZFOHIUmS1Kw4BbQkSZLUiu06Ej7vmr97\nKM\eUnKDtRQcTFgSVJUiOKioKEmGg6xceQclXt6\1GqHyf6XF1fOMG1wR27NjR1CFIkqQrhAlgSZIkqZU6euIk+8uP19oXrjjJHw4eJSk+hiHdOnJtuziio6IaOUJJktSaVUQi\OnIMdb\+TCb9pXxxY5tCUSfO6Hh\vLjpLYL0DamZU922K1bt6YOQZLUjPjDIJ2PCWBJkiSplTpwtPbkL8AfDh6lT1ICA1ISGzEiSZKkM6KjokhrHyCtfYA1e0Js3ldG36SEWsceOHqca9sFGjlCSZKk5qll\yxOkiRJUp1Cxypq3b\nL8dIio8x+StJkpqNASmJJMXHsOcvx2rtr+u9RpIkqTUyASxJkiS1UmXHa\+idH\5Cfp9oX0jRyNJknR+\b7Qnv3lJ2rtq+u9RpIkqTUyAXwFi4qKoqLCl1tJkqTLoaKigqgWvubtiZORWveXnajg2nZxjRyNJEnS+V3bLo6yE7V\F1bXe40kSVJrZAL4ChYbG8uxY7VPeyNJkqSLc+zYMWJjY5s6jMuqrq9JI5HKNfckSZKak+ioKCJ1vMCY\pUkSTrDBPAV7KqrriIUCjV1GJIkSS3SoUOHuOqqq5o6DEmSJEmSJOmCmAC+gnXo0IGKigoOHDjQ1KFIkiS1KAcOHODkyZN06NChqUORJEmSJEmSLogJ4Ctc586dOXr0KLt37+bw4cOcOHGiqUOSJEm6Ip04cYLDhw+ze\dujh49SufOnZs6JEmSJEmSJOmCxTR1ALo4MTExXHvttRw6dIjDhw9z4MABInUthiJJkqQ6RUVFERsbS7t27az8lSRJkiRJ0hXLBHAL0aFDB7+olCRJkiRJkiRJklo5p4CWJEmSJEmSJEmSpBbCBLAkSZIkSZIkSZIktRAmgCVJkiRJkiRJkiSphTABLEmSJEmSJEmSJEkthAlgSZIkSZIkSZIkSWohTABLkiRJkiRJkiRJUgthAliSJEmSJEmSJEmSWggTwJIkSZIkSZIkSZLUQpgAliRJkiRJkiRJkqQWwgSwJEmSJEmSJOmMin2sXzqLr9+TTe+e6QR7ZpJ1zySeW7yW0oqLPfk+8senE5y58VJEWqfSpRMI9pxA\t46BuxdykM903lo6b6z4xq\lNILuVCoiPxn8lh\ceFKknRJmQCWJEmSJEmSJFXavZKnvprNyClLCGVO4Ht5ebyaN41vZoZ5a+Y4sm6bRP7Opg6y+ShdOZun8vfVP1CSpEYU09QBSJIkSZIkSZKagfBGXnx4EvmM4ceFz5DT5UzXwEHDGTuxkOfGTuCpe16g8++eISeh6UK99JIYPX8Lo5s6DEmSLgErgCVJkiRJkiRJlCydyZziII9\+zk72nJ2Tz\Un0KFvM9EVFVTtPTelcyPo5Y8jomU7GsFkUhCp7S9fM4+vDsgj2TCdj9Aus2H209ovvXcucicPJ6JlOsGcWQybOYtnWcLUB57\OxatlCuiyYvKnjmNIVnpl\MPG8dzSIkJV02Cvn5lO1pRCII+RPc+e1jpUtJzpn+N+lvx4TB1TVxez6O\T6X2Zp86WJLUMJoAlSZIkSZIkqdUrpmDJRug7hqG9zzOsdy7js2HbzwrZXH3\4kk89Nss\i1vLk8\Mph+iRB68wmyH5zN6pSH+EFeHv82JMTL33iBtw6cfcrwxnncPWwc\1l2O0\PzePVuU+QU7aEx4bnMn1d+OzBtVzn8thH\reG89SaRIY+MZdX8+by9O1h8qfk8tDPdwHQ4948fjCuNzCYp\PyePXe7pX3s24WI+95gkUHqu7npQmk71rcoPsZclcuORTy1qoa00oXryF\UyrfvCvjct2wJKkFcQpoSZIkSZIkSWrtKkop2QSMT6fHeQcm0aMnULiB7aXQJ7lqd9lwfrBg0plpoSuKmDNzOdwxjV\NySUtGhiUxdC+sxjyYCEMOHW+XeRPn822e+ey9tlsEqMBshh4x3BumzqAh763lLH5Y0ijjuucVyFPZafz1HlG5NTVsfc93iqE8Qtn83hVrAMHZdE5NIAnV22kZEwqaT2zGNgzGUil36As+lXd9\z\m8e27Gm8N6\qvsli4J230\e+4Uyv9366c++dz\LYm+9RmpvLqce7bdVSNnfN5bvnS85LklTFBLAkSZIkSZIktXalu9jWwKFp3bMBOFpRbWd2Bn2qJ2V3buCt3TD6+eFVSdBKgQG5jO+bx3Onduxey1sbod+gMJvXrD3rOqFAEDYWsnrvGNJOTUld8zrnlUrO2K\Sp7Yq4VARyxYV1n1ox1TSEmDR7Nnc1vl+Bl6fRCA6QM6MDayt+yjYWkj+bhhb476JDjL6wcFMn7yUguIxjA3WdT\tyRk8GCav5N29uYzuAlDEih8XkTbyBfpUP6ckSXVwCmhJkiRJl1mYbUtfYGRWOsGMbB6as5bSihpDStcyZ0I2vavWhsvfWmNqvLJi8qdWro3WO3sCc9bUmBKPyvXlHsrOJNgzi5FTl7Kt7AKv0UhxSpIkNUsdk89UpdajZFdlCrTt+ZKRB3ezmd70SA3U6Eimc7dqzb3FrAZWz5nE\ePGnfXnsbwiYC0l56yH21BBhj0yiccn1fLnkcF0P9+hgSzGz8ilR9E8HhqWTe\+2dw9cRb5q4pPrwFcq7IQJbXeNySmpAJFlBw8f9SJgwYztPo00EWF5O9OZfQdlv9KkhrGBLAkSZKky6r0l5O4e8pi1h8EyvZRMHsc97+8kdOp0\BGXhw7jhff2UcYCG1czFOjJ7Hs9Bd9+1g2OZenFm8kBIT3FvLig\IixvPJF\DG2dz\4OzKdgbBg6zfvGz3D15OaUNvkbjxClJktRsBVLp0RdYs6WeSuB9bPswDF0z6Z583oF1iCNQS0Xu+J9uoXhrbX828HgTLXubduc0frVuLW\nTWPikO6Ef5\HU+OGkzVxKSXnSwJfrI63c+9wKChcQwjYXLiUkq655Jj\lSQ1kAlgSZIkSZfRPt5dXkjNFOi2OSvZfKqxaSVzimsMKCvkl6cqHva+xy\fqXmGYua8XXS6tfnteed8URl+ZznvnkrO1neNRopTkiSp+QqSMzIDNv0X+evO8wO24rfJL4S0kdn0Od\pOnalD0Vs21XzXLsp+aDmOFi9peaLVjMR3Z4eg3J5fGYeb\9uA29PzSb8zjyWba1jfEIiabXeN4T27AKy6NHl3MPO1p6ce8fAmyspOFhEwc920eehwed\3pIkVWMCWJIkSZIkSZJEWu4TTAzuYv63X2DZzloGlBby3DdeYH3CGJ4fV085anAA9wRh0cLlZ1XLhtctZdGm6uOyGZ0Bm3+8lNVnLeERZvWMIfTOfoGC0Oe\p88rvG42d2cPZ071WKMDpHWpp+y5Zzaju55731QUk79wJQSz6de1\usHsgYzNmEl7\znct7ancHo7GD9B0mSVMUEsCRJkqTLKIkvD8+m5gpoPSZWq2DoO5iJNb\PSsjm3kFJlf\c5XbuvaPmGYJMHHLmS8c+Qx6lR40RgTuG8+VT1RX1XaOR4pQkSWrWAhk8vmA2o1nKY4OzuH\qYpatWsvqVctZNHUCWYMnsOjgYL77+jPkJNR3siBjvzOOHoXPcvf4WeS\s5aCxc8y8uG8GjO3pDL6yXH02J3H\V8ex5zla1n9zlJenDyGh\JKGTjpH8mpZcroyy3Q93ZyEop58eFxPLd4OatXrWXZ4me5f\JSAnd8i9FVr3iBhERgJQsXFbJ662GI7s34f6+87yEPVN736uV5PPb3uUzfGGT8d8ac895aewAZDMsNsGLxYjZnDCfn+st4s5KkFscEsCRJkqTLKvne2fxqxhj6dQQSksiZlMer38w4k2wNZPD4ojwevyOJAJCYMYbv5s9mxOmp8ZIY8dJSvjsmg0Qg0CWbxxf+F49nnEm2BjIm8erCSeR0CQDt6TdmGr96aTjJDb5G48QpSZLU7HUdzHd\XciSGSNJ3DCXJ8eN4\5xz\LyhgD3PLuYtb+bzegGJiMD\f+VJa9P456jv+K5CeP4+tzt9Ht2Lk9nnzvuV8tnMv6WUv5z8jjun\AC+dtT+WbeSn6cm3rp77FBwWfweP5inr8dVs9+gvvHjeOx2RtIfiSPwjln3jMTbx\H03ccZcW0Cdz\0nuUcuq+ZzL2mveYPmEc90+ey5bUCfx45VKe7t\Qd8MA\e7IhbIw\e7NJu0y3aYkqWWKikQikaYOQpIkSVLD7Nixg27dul2Sc63dU\tcemv3HOZbDZmXTpIkqZH9cP1uslLa19qXlXJpykQv5fvWpdIcY1IjWDeL3vdt5\nCuYyud91gSa2NfzdcuUKhy7+2gRXAkiRJkiRJkiQ1K2EKfrWY8J3DGWbyV5J0gWKaOgBJkiRJkiRJkgSwixWzl7JuZyGLlicz\qeDaYIlkCVJVzgTwJIkSZIkSZIkNQvHKHnnv5i\sz0jpv4Xjzd4zWBJks4wASxJkiRJkiRJUrMQZPzrGxjf1GFIkq5orgEsSZIkSZIkSZIkSS2ECWBJkiRJkiRJkiRJaiFMAEuSJEmSJEmSJElSC2ECWJIkSZIkSZIkSZJaCBPAkiRJkiRJkiRJktRCmACWJEmSJEmSJEmSpBbCBLAkSZIkSZIkSZIktRAmgCVJkiRJkiRJkiSphTABLEmSJEmSJEmSJEkthAlgSZIkSZIkSZIkSWohTABLkiRJkiRJkiRJUgthAliSJEmSJEmSJEmSWggTwJIkSZIkSZIkSZLUQpgAliRJkiRJkiRJkqQWwgSwJEmSJEmSJEmSJLUQJoAlSZIkSZIkSZIkqYWIaeoAJEmSJEmSJEnnt2PHjqYOQZIkXSFMAEuSJEmtVBQQqW1\FFREIkRHRTV2SJIkSXWqiESo6\WkNby1dOvWralDkCQ1I\4wSOfjFNCSJElSKxXTpvavShNiovnTkWONHI0kSdL5\enIMRJiomvtq+u9RpIkqTUyASxJkiS1UgmxtX+B2ik+hvV\PtzI0UiSJJ3f+j8fplN87RMa1vVeI0mS1BqZAJYkSZJaqcS42r8oTbkqjn3lJ1izJ9TIEUmSJNVuzZ4Q+8pPkHJVXK39db3XSJIktUauASxJkiS1Ute0jaXkcLjWvi92bMvmfWX8+S\H6PeF9lzbLs41gSVJUqOqiET405FjrP\zYfaVn+CLHdvWOfaatrGNGJkkSVLzZgJYkiRJaqXaxrShU3ws+8uPn9MXiG5D36QE9vzlGG\vOEjZiQoikSYIUpIktVpRUZAQE02n+Bj6JiXUOa5TfCxtY5zoUJIk6RQTwJIkSVIrltouwIHy49SV2025Kq7OqRYlSZKaWhSV7zOSJEk6w5\GSZIkSa1Y25g2dOtQ93SKkiRJzVm3Dm2t\pUkSarBtyNJkiSpleucEEdaeytnJEnSlSWtfYDOCc5UIkmSVJNTQEuSJEni2nYBYtpEsePQ0Tqng5YkSWoOoqis\DX5K0mSVDsTwJIkSZKAykrgxLgYdh0Js7\8eFOHI0mSdI5O8bGktgs47bMkSdJ5mACWJEmSdFrbmDb0uDqe1HYBDhw9TuhYBWXHKzhxMmJlsCRJalRRQEybKBJio0mMi+aatrEmfiVJkhrABLAkSZKkc7SNacO17QJc29SBSJIkSZIk6YL4kzlJkiRJkiRJkiRJaiGsAJYkSZJ0jg1vfsCo0vONiOe1B79IZmMFdCH27uZHG04w6s7rST7fvsvuM1577ROmlNfemx4fxz29Unj45g6NFlHztYcZC0vZHryO+V+6uqmDkSRJkiTpimYCWJIkSVIdohnRJY7UWvsCjZhIvTAbNuznpSPtGVXPvsZTy3M8XsHqA8eYsXEnJRU9mJqZ0CSRSZIkSZKklscEsCRJkqQ6xDF2SDOt8r2i1PEcD+9i6i8O8MrWvYzPDNaRaJckSZIkSbowJoAlSZIkXaQTlG7cwYyPy1gRhjCQ2SGBybfdwMDk6KoxVVP83tCJEfv2M+UwJMa355VRN9CdMravLmFGcZiCCkiMCzDllmtgwx6mtEtm250pDbxO9SmXDzNw4QfkBDsxdM\+GvtOTTNcQegPn\DS+sO8Vl\cwRSmcICndobZUAGJMTGM79uVb1zM9M3tUxja6QCv7K+gFCoTwBWHWF2whx\9+RirT1QOS46JYWzNa5Xu5ke\OcCiIxFKT41Jv5ZvZFzdwDGf8qNX9zLnmmQ2n36+sGXlh4zYE+Ebt9zM5PRTeyvHvtU1hWU5yZfm8\5tyelnmZyQwIKhV33+5yhJkiRJks7SpqkDkCRJknQlq2DXb7eS80EZm2MTmHFzJ+YHA7QNlTH2zY95bVfFWaNX\3E\c9q0Y87NVzPxunZ0p4Jdv93BiD+E+TQhgZduvoYpHU4w43d7mX\sQq8Tz8A+nZjSHogL8NLNnZh4Q2It++IBKF39MTmrD7M+rvJ8i3olkFZee9zbPtnLqF0VDOtROS6nzQle2riLV3ZezLMrozR8drvg1zsZu\s4yV+4mkU3d2J+MJ5+nOCljZ\wo4+rYirbw4y39zPneCwTe3Vi0c1XM75tBS998AlTN4QbOKYTA6+B8IG\sOX09T9j82cRAAo+rbYA9Mch8iuiGJaS3MDP4YzaPu8tK7cztDhMuH075t98DZOvCvPwioNsv5hHKUmSJEmSTrMCWJIkSdLnt38XM4pPkNypE8u+2pVA1e6cvruYuuwAUzfuZUTqmf3huHb8aHiQ7qcKRffvZEbxCVKTk3ntzpTKcRkpDPztxwwtPnHB10lN70q\nfvhRBwDM7pWrlPctf25+8p2M+cPJ+iemsJrd5xZzXjgLaX0W7LnnLh3ReJY9NVeDGxfNe66PxJaeZiCks944PpqVbcNVX6ILWt3M+UIpCa3Ix2gdB8FRyAnmMZLXzpzzpydxYx67wjrSw9Dr6th+xEWVEQz4\YbGVU1b\TAm0rhtT3klx4gTAqBBoxJ7xwHpWE274H0FOBAiNXlUXSPibDlYDkhIBHYvqecXdHx5PS4NJ\3nD0Rutf8vH\zETl\hJwLf5KSJEmSJKkGE8CSJEmS6lDOqIUf1LI\ntcerFzTNrS9nBVEqLQ13wAAHStJREFUMTX9TNIPgKtTGN3lIK\sPczqMshJqNrfIf5MMrD68TemVDs+mtSBHXigeD8Lao5r6HXqs+0IrwCjoo+xeuPus7rCcRA+UMYWOLNu79XtTid\AUhpS3cOs+BwOVBfAriu5wiBQAI\+lLVvSdfx9Qx15076Pp4+nGE1SeOV7YTo8mkgvnriulxMoXM6+IhOpmHv5bMw6eOaciYGxIYsfkzVpccYVRKO9gdZgVxzLghwuQ\hNleAZnRn7G+NELgmqtIj774zzu8o47Pu38HHvjjAXbV8yQlSdLltX5mOiPn19LRMcjA23N5ZOIYcq4P1DKgKe0jf3w2T\VcTPETGa3gupIk1c8EsCRJkqQ6RDOiSxyp5+wPcKpmNnysAogl9QvnHpuc0AaooPQQUEdiNhSuAOLoXjPvGX0VPeL3n25e7HVqKg1VVhe\tnM\r9U64jgleyGzS1WzzcWsnlPLcwwE+HJaB9Kv70AgusbwY+WE9h5m84GjbP+0nNX7wqwAKK+qiL6+C893\SMP7D7CqII\QFQUAxPjGXVjEiN6Xd3wMdckMjD+M6bs\YwZtGPX\qOE23cgJ62CgX84wuZPILNDiNXlMCp4DXAJPu\yOo5PiKNzNCaAJUlqFlLJGftV+iSe2RPaWshbb8\ioV8uZez8\+L57KSmC0+SJNXLBLAkSZKkOsQxdsgXz1TBXgbhipOX8ez1iWbG4D6MSrnc12nocyxjy\+kQd2VxACAtFRdI+LZWDXeIbuLK9MAgOQQPrf9mF9+QG2fPAZ+bv\wopDZUxe+wlzistZdmcKgQaNuZp+ySXwSTlbKg5Rsi\CwC+0IzH1BAOjD1Ow5xCjDpSxjDjm3HC5K32iSKyZCJckSU0kyLBHJjG6S\V9k3g+tJbpo8cx\1vP0P+tuYzoUtfxkiSpqV3Mz9glSZIktXKBuGjgOLv+XLOngtKyk0AMqZ3rPj45IRY4xvZPah5ezrbyS3edmhLjo4EKNv8p3PCDLreP\sQ3dlfQL7UL6792M5vvv4llo25kyl\Hk1zb+PhrSM8KMvXvb2L1125gfqcotpceouBAw8d0T4knlaNs3naY9WVRDOx8DdCB9PZQcPAI6z89Bu0TGFhZAHzRn0Plc6\l+LIw24419EFJkqQmkZjF0\8+ibSyQl58veisrlDRcqZPHE5Gz3SCPbMYMnEWy7aees86zIrJ6QTHL6W0+jFvPkGwZzoP\XJftb1VY6cWEmYf+ePTCc5cS+maeXx9WBbBnun0zh7Dc0uLqe8t7vwxnRJm2\JZfP2ebHr3TCfYM52MYeNqPX\1GDJGv8CK3UfPvWhZMflTxzEkq\q5ighV1BOsJEmXmAlgSZIkSZ9bYvd4hhJh\pbdZ39J9tke8vdGCHSIp895KjtPHb\ooz1nHR\eeIhXLuF1agr0bs8DwCvFf2JX9S\kKg7w2msf0O\nf2R7w093SZTuC7OLaIb27Exi3OmACG05ctY01bt+t4Whi7awbH+1nXEJpMVf2BgAelzFUCIUbA7xGrGkpwEE6JMUA599xksHICc5kVMzQF7s5xC4IYFR5xxfwa71oTqm4pYkSc1K38GM7wslq7ZQUrUrvG4WI+95gkUHbufpuXm8+tIE0nct5rHhuUxfFwba029QNhSuZX3ozKm2fbgSgIKNW868F4TW8OZyGJGVyen5R96Zxv2T1pD2yCxenTuNsd23s2hKLtNX1Z0Crj+mqhgWjWPI5CWEBk3iP\LyePWlZxjWcSOLpuTy5JuHT48LvfkE2Q\OZnXKQ\wgL49\GxLi5W+8wFvVf3jHPvK\NZyn1iQy9Im5vJo3l6dvD5M\JZeHfu5CF5KkxuUU0JIkSZI+v06pTAn+haHF+xnx3+VMDMaTeOQIC\4YZjUxzOjflcR6jp98\RFG7Cxl1C\+wvgb4uHTz5i6t+KccQ29TiAmCsrLmL92N8NSk8jsGqhlXxfGBw\xWvFhhr72EVN6tKd7RZgVnxzhlfIoHs78At0v0yOrS3JygO7FZUz97UeEe7Sne0wFW3YeZs6hCgJw+ovR1BuuIm3bIaas3MK21EQGtoNdn4aYvzdC984dyLkGAg0YA0D0NQy8upQFn52AhA70qVq7N7lTHKnbythANFPTrj4T5MV+3td0ZWLwCMuK9zPqF+Vnfd7NqBZbkiTVKZnO3YDlxZQCaRVFzP+\eWzLnsZ783JJiwbIYuCdt9P3vuFM\95SxuaPIS0zmz7MYt0fYGh\gCJWvxmmRzDItveK2EY2fYDwxrUsYzA\GNCe028\xamMf3cuo7tWNgfe3h36j2H+qiKeH5RxbogNjYkiCn6xix7j5\HjJzKqEs5ZDBzcnUDWOBZ9uJ0f3JkBFUUsmrkc7pjGr+ZUnW9QFkP7zmLIg4UwoOq6e9\jrUIYv3A2j1ftGzgoi86hATy5aiMlY1JJuwyfiCRJtbECWJIkSdJFiCb1Sz0puDmBPsfLmPLBfsYXhznasR2v3dmLUan1leVG0\32G1gWDBAoK2PyB\uZeiCGKbddwwOf8zrpvTvwQFwFCz7ezwMfHqhjXzSpX+pFQUYCQ6OOMWPLfsZ+fITVBJgx8Aam3JRwiZ9TA\S6gVcy4sk5eYypW\Yz9sNDFETHs2DI9cxoD4TK2QWQcj3zc67hgbgKXis+wNgPDjC1NMLAYBdeG5xS+eVlQ8YAEKBfl8py4\SkhDNTTfeIZyhAXDwDr68e5MV\3pXHx5NWXvV574tifEYHHr4Uz1CSJF1m7Umuvvbv1kLyd8PYB4dXJVqrRAcZ\eBg2LiUgmIgmMmwrmFW\L5q6ui9W1i3O4vx37ybtN0b2Ly3cvfmNUshO5uBHauda8BgBnatfu5UetwCbN1+1pTSFxwTvRn\34W8fTr5WyXQnT63AGWhyhT0zg28tRtGjzn7fIEBuYzvW+24jqmkJcCi2bMpKN5HuAIgQM6MDaydM9zkrySpUVkBLEmSJOkcmXfezLYGj44hOaMHL9VSgHFGClMeTGFKrX0JdP9SL177UrVdFbuZ8TsY2K7613ENuQ6Qeh1Tv3YdU+vbRzTJN\fgpZs\T9znu59TrmbUqKsZVU+4Z8fzRebUFs\f1fg8rktlynWp579+Q8YAibfeyLZba4bSlSkPdq3j2Iv9vGNIzvgic2oef97PQZIkNQ\72FVcrVkWooTe9EgNnDMyMSUVWEnJQYDeDLwzwIsrNrDt0d6kbS2ioOsAHr8zg6GTZ7N5axi6FLP6zTB9Hso886M0gDhoeyEhNjimKhVhQqW72bZ9F9uK1vK7\0VK9YB2aWEgOSDu9lMb0afc76qauhTAlmMn5HL+inzeGjYPEhIos+guxk7JpdhA4IkXsByJZIkXSwrgCVJkiQ1nY+3MfTVD\nRlrOnfA5vPsIKIP3qDk0TlyRJkmpRSsnHQHbwgita+wzIhU2FrN8LmzcshSEZ9IlOp\9wyN9QBMUbeGt3KsNuCV6OwGtV8uaz3N0\k4zs4YycPJNFb+yiw9\ez+i+9R8LcQRqrH2Rduc0frVuLW\nTWPikO6Ef5\HU+OGkzVxKSUVtZ9FkqTLwQpgSZIkSU2nRyL3rCvjpXUfcehAB3LaRVG6\xDzd5+gNKE9Y9MtlZAkSWo2NlVOr9zvkazKKt2ERNIoYtuuMATPrpAN7dkFZNGjasroQEYWI1jM5q1FhN8LM+KRdKA93TN7E165ndWphWzumst3e19kjA2N6eBypk9aSmjMbN6bMpi000OLWfTG7DMHdexKn1rPt5uSDzizBvAp0e3pMSiXxwfl8nhFmG0\n8SQqfNYtjWXiRd7b5IkNZAVwJIkSZKaTnRnvnFXF2Z0hII\HmDsB\uZsjdCj66dKBhxA\UuKStJkqTGEVrL9P87m5KE4TxyZ2rlvp7ZjO4KixYuP7vCtaKY\IUrIZhNv1Pr9yZmcls25C+dy7ubetO\V3sAetyUTWDNUl78eSGBO7Poc7FxNjSm4iJWAEOHVU\+Alvf4\VN1drBAdwTPPd84XVLWbSpens2d2cPZ071Y6MDpHU5a0JrSZIahRXAkiRJkprW1Z0ZNbzzBayVK0mSpMunmLf+czYl1aY3Dm1dyesriwkRZPxPpzG0Y1VHdG\G\s4Xr\vWYY8UMzzj2STVraFn\nD1lWFGT8T8fQ4\RZkuh3e2\C01ZSkPAo3zw103MwnaHMY9nGAGMnXYIS2YbGFMxgRALMnzSODs9OoF\HMCWrFvPi4g2EO1Y\YZCx3xlH\n3Pcvf4Yp4em03nvct5ceZStlUbFeh7OzkJ83jx4XF8OimXYdcnU7pzOQtnLiVwx0xGW\0rSWpEJoAlSZIkSZIkSVV2UbBoHgXV9gS69CZnzDM8OGEMA7ucPTrQ\19Z8npvXn55LtMn5BGiPT0GT+DHP\xHcq4\ewrmHrcMIY0iSu7NPFPpm9ib2wbAsjW5fPmWs8d\Xg2KqeNgvpc\jQ7PzeblyeMIJyTRZ9D9fO+\Z5G8Mpe7\6OIbWFIDpw6X5AX\202z03Igy4ZjH52Lve8OYHppy+aweP5i+n8wmwWzX6CRQeBjkGGPpJH4YSqKbMlSWokUZFIJNLUQUiSJElqmB07dtCtW7emDkOSJKnFao7vW80xJklS0\LvhitXKBS67NdwDWBJkiRJkiRJkiRJaiFMAEuSJEmSJEmSJElSC2ECWJIkSZIkSZIkSZJaCBPAkiRJkiRJkiRJktRCmACWJEmSJEmSJEmSpBbCBLAkSZIkSZIkSZIktRAmgCVJkiRJkiRJkiSphTABLEmSJEmSJEmSJEkthAlgSZIkSZIkSZIkSWohTABLkiRJkiRJkiRJUgthAliSJEmSJEmSJEmSWggTwJIkSZIkSZIkSZLUQpgAliRJkiRJkiRJkqQWwgSwJEmSJEmSJEmSJLUQJoAlSZIkSZIkSZIkqYUwASxJkiRJkiRJkiRJLYQJYEmSJEmSJEmSJElqIUwAS5IkSZIkSZIkSVILYQJYkiRJkiRJkiRJkloIE8CSJEmSJEmSJEmS1ELENHUAkiRJkiRJkqTz27FjR1OHIEmSrhAmgCVJkiRJkiSpmevWrVtThyBJakb8YZDOxymgJUmSJEmSJEmSJKmFMAEsSZIkSZIkSZIkSS2ECWBJkiRJkiRJkiRJaiFMAEuSJEmSJEmSJElSCxHT1AFIkiRJar7mrdvJTzftpuRQORWRSFOH06JER0WR1iGe+\p25dH+1zd1OJIkSZIkqYUwASxJkiTpHJ8cKmfkkvXsP3YSAgnQIYGYqDYQiUBUFJFIhKioKNsX1YaS48eZ+X4JCzbu4odD0xmQ2rGpP3pJkiRJknSFcwpoSZIkSecYuWQ9+yqiibqqA1ExsZXJS4Cq7amm7YtpRxEVG0fUVYmUhk\yrRVbkCRJkiRJulgmgCVJkiSdZd66new\dpI2gfjKitVIhEiE0\9s+9K321yVyP5jJ5m3bmdjftSSJEmSJKkFMgEsSZIk6Sw\3bQb4uLP2hdVY4zty9COi6989pIkSZIkSRfBNYAlSZIknaXkUDkkxhMhApVL1p5auvasLVHYfyn7Y6Irn70kSZIkSdJFMAEsSZIk6SwVkQgxp2pUz96cXsv2dAWr\ZewP4qKSARJkiRJkqSLYQJYkiRJ0jkqq38rS1SjiLLdaG1JkiRJkqSLYwJYkiRJ0jmaxZq4rbgtSZIkSZL0eZkAliRJknSOyOmpiN027laSJEmSJOnitGnqACRJkiQ1R1FV69W6bdytJEmSJEnSxbECWJIkSVItIpwqAnbbuFtJkiRJkqSLYQWwJEmSpFpFuW2SrSRJkiRJ0sWwAliSJEnSuSKRJl8Nt7VuJUmSJEmSLoYJYEmSJEnnF8XZ2Unbl7ctSZIkSZJapX\4h39o8Nif\OQndfY5BbQkSZKkWlSrS43Ybry2JElSEyvbRcH8J7h\WBbBnukEe2aSdc8kpi8vIlTxeU64j\zx6QTHL6X0UsfaWHGEish\Jo\1l+JckiSdx\mSuhcyzgSwJEmSpPOouTKt7cvbliRJakJlG5n+90N4aOZ7lHa\m4kTH2XixFz6hdcwf3Iu2ZOXU\K5ksBXttKVs3kqf19ThyFJaiXqS+42JEnsFNCSJEmSzhGJRE7PTFy5td0YbUmSpKZU8suZzC8OMv6nS3m6f+BMx6RnKFk8gdunPsv80YN5flCg7pM0W0mMnr+F0c3uXJIknesnP\lJrdNBN7RC2ApgSZIkSeeIqkpHRtlu1LYkSVJTKt21EbidYf3PTfCm5Y5hLGHe2lRctadqGuSZG2uMrGs\lKyZx0PZmZXTSt\3AvlFh88eUFZM\tRxDMlKJ9gznYxh43hu6blTT4e3Lmf6xOFk9Ewn2DOLIRNnsWxruMb1C1k\ZwwZPdPJGDaLglDNaZtPjVtL6XniWj8znawphUAeI3ueuq\ap4AOFZ0vrnOv+fWqabZ7Z4\huaXFVB\Z0GchSWq5aiZ7G5r8BRPAkiRJkmoRiUSAiNtG3kqS\v\27j+q6vqO4\jzinkdjdsscG7AMriygXVCXUNGu6KFSMNsXdOk9AwH83rqhM1JxtFThsPS0cSjZ3hEOUeGTU6ck0hnDhoq8xedSFYqzoBQMEkoJxZ4VWB\cIHLT0Excns9zrnnc+738\28P28+\qGct5\PR0SGkjkgDNjProIejjs2Wlh16gRFi\xvLPgHq3nGlsdoWwqZqSuYRTbLZ80jucSpcPtCJMuPmAiPTyUzPZWEKXayXraycGd1exh78TpmRsaTUR3A82+mk\mmjYDqHSyZE0dOjdN8O+JYeCCI19JTSYgNY6Kpl7wKEvvMy\xEOuuj\YEwEtLTyXzCt8cw9uJ1zJ4VT8aXU0hIdcor0kpSsb3zywWJPBN3BO\YdWSmJjLft5yMl60kHRzYWoiIyP++tqLvQIq\oCOgRURERESkBwaD2qFoRURERIaSKWIZfz5oY7HNQsYoH8IjrEy1TGDiA\6YPW7y2OcGfxL27GC+T+vX4CkT8J4XySsbc1mQZsWjZj97CiFmewpLJzveCQlidP1kXjpYQlWUF95Uk\VGOmWBK8h7KwqzC0AQwdN8uWvqCnYWVPB4lKPS2xDJ+q1xhLq2JdDLHb4VEPrWjvYjr9vzSspmTlYU3n5BBPt5AF5MDAliIgBdCrpNpaT9Pp0ySyL7N1vxbssrYgr3z4sk6Y1s5mdF4d0+pxcxe1OZ49m2Fr4wKYq0g6WsCgmEfq2FiIj8vxho8Re0A1hERERERHrQ0tLS64c++nrsbzhH48liGs9+QfONjL\F\c0Xy2k8WYz94pUhmb9Tn4iIiMhQcvEifE0uJXtSWRXhS3XBBpbbopgeMgF\i41NB3spovZHRBSzfJzn8iF0dhAU5nO4FhjlhbcrZKSksK+iDnsTgJHQNUcp2hTZWvCsLWFvCYTOne4o\jq4WlhVVEhmlNMElkDGu3J9lmhinY+8dvFhxlwLlBRytLb3YZ2cKiTrLMxfEOko\nbEmrMgDEqy2Vfh9HxyGMGezu95Yf4pcKq89Ujp\qyFiIhIH1QAFhERERGRbgx9fAbc\+hUPltn47P4h4i9FfFvsj\2qSf5bJ2NE095Dsn8XftEREREhprJx8L8V1PYXXiUipJC8tITme97lOToMBZm3+ARxJ5edD2F2ds3AKigqg4wBhGzxoq5dDMLZ1jwn2Rh5nPryDpY0XHv7dlyDgPmse43\LN14+eLR5dHHmN9gUKOnelnjIZ6qvDH7NV9l7TpB15AKVUXnB6OgJF9xevPWoiIiPRBBWAREREREemmpaWFlkFsnQIPatzBaBnu2KYxfNiQ5yMiIiLyrePqjjnESkLau6yPsLMvMZsPB3UCN0yOuql3RCK7i4vIS0\kuem+2D9IZ3l0JEHPZVPVBDRd6Xr48i1kxOhy\bduleuuhYiISB9UABYRERERkW4MBkPrrtRBap0CD2rcwWi3vluMb9r7THi3ZsjzERERERkytbksDgxgZkZFz\0u7vj6uUPDlc7Pa2qp7\SgmqoPehjf7T2oKj8B+DLaeUOvixvmECtL16aTd+goea9asBdsJucU8CN\QoGyyq5HUdeRYwti+prCbnNcVw951VaWA2Hc79PTgB64mvCmlLLq7uXp+nPVQBDmMQNNjL7XQkREpA8qAIuIiIiISDd93WE74E\nwAMbe\UrrtVVYv\0o9Z7hMuOYz93jmuXr\U+pvkKTV+e6RhTcZIrdRdobmqhqa6YxpPFXG10ugO43nEHcP0Vp3m\wN5+b\E1mi+d48rpjztyqDlP09VBXCPdASwiIiJDzSOQn\vB8eS1ZJRe6t5fW0jW23UQ4Y8ZACN3mYCjFZ12pNqP5JPT0EP83Gz2nHX63lBCxrYiiLAQbAJ7cQozLZFsOub0josR7zFOBzR7BDI1EPbtzKPMeRfs2f28U3AJL7+AbsdMX1fXvJpKydpS2J5Xv\hZmOMJGdtzO+\Obaoga3s++FiY6Nnr6G76tRYiIiJ9GD7UCYiIiIiIyLeTAWgZpPZG4vJVFX73jWeFNYSH3I0YHf991f71BQ4Ul7DycAs1d9\ZeVzz1zQxkvXzHuMRT1dMw4DmJurrzrIj\yjfm72Yp++BstIiwg+0jot9ykqC9wjqqz4lcM\51jgP\owTiyMwXa5l9dbjuEdYiDKPwuT4Dar+Yh3\2P8+S87cw3DjrVknERERkW+WF\P\lMjeX67klVlBJPuEMSvCBxNQfyqfXfkV1LtaeD0+0lFkdSM4LBJjbgovvjCC56MCoDSbLVvq8bVAVdfwPtWkPRlNWXw0U43l7NyygZwaC69vdcS7fwqhrptJ\k005+OszLjXg9rTuWxfm41x2lrm+LfmOOelaDLmrWbms2dZFWvBu6GEjYkpHPZZxNuR7kDX3cHXU8jytrxGVbMrZR1ZznkBRlcTkM\2jCDsQRMI9usSwsWfmD9Gs2veSqY\W+HI60Trz1jqQ8xbUY6ief8Y+7UWIiIivVMBWEREREREunPauXvTrfPG1v7GvdpIdPhjxAe4YgRobsZ+FXAZhvHOUTximcrDfv\mt5nn+afbHY5xzTSP8uS9J3\MOMdvOvarzTDMBdPoH2Gb68YnXzvl0dOG27b82pMxMndBKOPcOnIw3jEM013u\OrxcMYVHWLmv+7oKFoPQisiIiIyZDytbCsMICc9nZ0FR8jalI8dMI7xJzRmLc\bIhnvtCvWFJHI7gYTy1M2sCQaPCZZWZqRiPmdCezrGnvaSrY+kM+La+JIqwGPaVFs27CM0LadscZAlmbtYPTqFDJS4sm4AIzyITw2nUJbEG17X42TlrE715\klFSSbOnUu7oz8YlE8uKtmI038DNbEsm0lpK8Jo60mhGYw2xkbl5EsNORzaYp0SRMW0Ryoo2caWspSp3cLYxx0jLe3uXPxo2OvHDDHGZj24ZfE3rvABPr51qIiIj0xtCic8ZERERERG4blZWVjB079pbOMTblPYZ957sYDK3F25tufzGecn83uPwFSds\Yet1xzXzQ39f3nv4+xiB2ppz\GHfaXZfgpYWI7Me9mNVwJ2tu1HKjvPg3ksYWsBwzYWNTz9ExN3A5UukHSojqcyOwWBk5mQzrz3g1r6Lo+zEEcIPts4XEzGxYwfw3z5vzSNgHCUh9zjev8aHH1fyuyN1nGkBw2hP\jLDm+CRwKXPWfLXT8kZjHUyQFPDV1TGPXpL\3xFRESkb9\Ev7cG6tuY0+2vjqwYC8tJpCjNqqKqiNx29HfD7au+fsA31g+Y7gAWEREREZHu2u+kdbQ39b1T4H68P5KlP2kt\nLhPEtyKsm52NZ\mV0HPmJJRSMAJp8xvGpsHd\84H1Muxugkb\vO0ZS2WVHvMvkHDrWPqZTHp323Trn0\G09sxpZh+q5UxbfuereebYf7ADuLkSfNPr4\xdREREREREROTm\BdfDErvFasjEgAAAABJRU5ErkJggg==&apos; does not exist
	at org.apache.commons.io.FileUtils.checkFileRequirements(FileUtils.java:278)
	at org.apache.commons.io.FileUtils.copyFile(FileUtils.java:869)
	at org.apache.commons.io.FileUtils.copyFile(FileUtils.java:835)
	at org.apache.commons.io.FileUtils.copyFile(FileUtils.java:802)
	at com.qa.opencart.factory.DriverFactory.getScreenshot(DriverFactory.java:136)
	at com.qa.opencart.testlisteners.ExtentReportListener.onTestFailure(ExtentReportListener.java:97)
	at org.testng.internal.TestListenerHelper.runTestListeners(TestListenerHelper.java:67)
	at org.testng.internal.Invoker.runTestListeners(Invoker.java:1389)
	at org.testng.internal.Invoker.invokeMethod(Invoker.java:636)
	at org.testng.internal.Invoker.invokeTestMethod(Invoker.java:719)
	at org.testng.internal.Invoker.invokeTestMethods(Invoker.java:989)
	at org.testng.internal.TestMethodWorker.invokeTestMethods(TestMethodWorker.java:125)
	at org.testng.internal.TestMethodWorker.run(TestMethodWorker.java:109)
	at org.testng.TestRunner.privateRun(TestRunner.java:648)
	at org.testng.TestRunner.run(TestRunner.java:505)
	at org.testng.SuiteRunner.runTest(SuiteRunner.java:455)
	at org.testng.SuiteRunner.access$000(SuiteRunner.java:40)
	at org.testng.SuiteRunner$SuiteWorker.run(SuiteRunner.java:489)
	at org.testng.internal.thread.ThreadUtil$1.call(ThreadUtil.java:52)
	at java.util.concurrent.FutureTask.run(FutureTask.java:266)
	at java.util.concurrent.ThreadPoolExecutor.runWorker(ThreadPoolExecutor.java:1142)
	at java.util.concurrent.ThreadPoolExecutor$Worker.run(ThreadPoolExecutor.java:617)
	at java.lang.Thread.run(Thread.java:745)
</system-err>
  </testcase>
  <testcase classname="com.qa.opencart.tests.LoginPageTest" name="isForgotPwdLinkExist" time="0.002"/>
  <testcase classname="com.qa.opencart.tests.LoginPageTest" name="isForgotPwdLinkExist" time="0.004"/>
  <testcase classname="com.qa.opencart.tests.LoginPageTest" name="isForgotPwdLinkExist" time="0.01"/>
  <testcase classname="com.qa.opencart.tests.AccountsPageTest" name="accountsPageSetUp" time="8.976">
    <failure message="no such element: Unable to locate element: {&quot;method&quot;:&quot;css selector&quot;,&quot;selector&quot;:&quot;input[value=&apos;Login&apos;]&quot;}
  (Session info: chrome=110.0.5481.100)
For documentation on this error, please visit: https://www.seleniumhq.org/exceptions/no_such_element.html
Build info: version: &apos;3.141.59&apos;, revision: &apos;e82be7d358&apos;, time: &apos;2018-11-14T08:17:03&apos;
System info: host: &apos;ARPGL006737&apos;, ip: &apos;192.168.1.4&apos;, os.name: &apos;Windows 10&apos;, os.arch: &apos;amd64&apos;, os.version: &apos;10.0&apos;, java.version: &apos;1.8.0_92&apos;
Driver info: org.openqa.selenium.chrome.ChromeDriver
Capabilities {acceptInsecureCerts: false, browserName: chrome, browserVersion: 110.0.5481.100, chrome: {chromedriverVersion: 110.0.5481.77 (65ed616c6e8e..., userDataDir: C:\Users\VINOD_~1\AppData\L...}, goog:chromeOptions: {debuggerAddress: localhost:51685}, javascriptEnabled: true, networkConnectionEnabled: false, pageLoadStrategy: normal, platform: WINDOWS, platformName: WINDOWS, proxy: Proxy(), setWindowRect: true, strictFileInteractability: false, timeouts: {implicit: 0, pageLoad: 300000, script: 30000}, unhandledPromptBehavior: dismiss and notify, webauthn:extension:credBlob: true, webauthn:extension:largeBlob: true, webauthn:virtualAuthenticators: true}
Session ID: caed7c0ab3e95b090059e24b05b12211
*** Element info: {Using=css selector, value=input[value=&apos;Login&apos;]}" type="org.openqa.selenium.NoSuchElementException">org.openqa.selenium.NoSuchElementException: no such element: Unable to locate element: {&quot;method&quot;:&quot;css selector&quot;,&quot;selector&quot;:&quot;input[value=&apos;Login&apos;]&quot;}
  (Session info: chrome=110.0.5481.100)
For documentation on this error, please visit: https://www.seleniumhq.org/exceptions/no_such_element.html
Build info: version: &apos;3.141.59&apos;, revision: &apos;e82be7d358&apos;, time: &apos;2018-11-14T08:17:03&apos;
System info: host: &apos;ARPGL006737&apos;, ip: &apos;192.168.1.4&apos;, os.name: &apos;Windows 10&apos;, os.arch: &apos;amd64&apos;, os.version: &apos;10.0&apos;, java.version: &apos;1.8.0_92&apos;
Driver info: org.openqa.selenium.chrome.ChromeDriver
Capabilities {acceptInsecureCerts: false, browserName: chrome, browserVersion: 110.0.5481.100, chrome: {chromedriverVersion: 110.0.5481.77 (65ed616c6e8e..., userDataDir: C:\Users\VINOD_~1\AppData\L...}, goog:chromeOptions: {debuggerAddress: localhost:51685}, javascriptEnabled: true, networkConnectionEnabled: false, pageLoadStrategy: normal, platform: WINDOWS, platformName: WINDOWS, proxy: Proxy(), setWindowRect: true, strictFileInteractability: false, timeouts: {implicit: 0, pageLoad: 300000, script: 30000}, unhandledPromptBehavior: dismiss and notify, webauthn:extension:credBlob: true, webauthn:extension:largeBlob: true, webauthn:virtualAuthenticators: true}
Session ID: caed7c0ab3e95b090059e24b05b12211
*** Element info: {Using=css selector, value=input[value=&apos;Login&apos;]}
	at sun.reflect.NativeConstructorAccessorImpl.newInstance0(Native Method)
	at sun.reflect.NativeConstructorAccessorImpl.newInstance(NativeConstructorAccessorImpl.java:62)
	at sun.reflect.DelegatingConstructorAccessorImpl.newInstance(DelegatingConstructorAccessorImpl.java:45)
	at java.lang.reflect.Constructor.newInstance(Constructor.java:423)
	at org.openqa.selenium.remote.http.W3CHttpResponseCodec.createException(W3CHttpResponseCodec.java:187)
	at org.openqa.selenium.remote.http.W3CHttpResponseCodec.decode(W3CHttpResponseCodec.java:122)
	at org.openqa.selenium.remote.http.W3CHttpResponseCodec.decode(W3CHttpResponseCodec.java:49)
	at org.openqa.selenium.remote.HttpCommandExecutor.execute(HttpCommandExecutor.java:158)
	at org.openqa.selenium.remote.service.DriverCommandExecutor.execute(DriverCommandExecutor.java:83)
	at org.openqa.selenium.remote.RemoteWebDriver.execute(RemoteWebDriver.java:552)
	at org.openqa.selenium.remote.RemoteWebDriver.findElement(RemoteWebDriver.java:323)
	at org.openqa.selenium.remote.RemoteWebDriver.findElementByCssSelector(RemoteWebDriver.java:420)
	at org.openqa.selenium.By$ByCssSelector.findElement(By.java:431)
	at org.openqa.selenium.remote.RemoteWebDriver.findElement(RemoteWebDriver.java:315)
	at com.qa.opencart.utils.ElementUtil.getElement(ElementUtil.java:33)
	at com.qa.opencart.utils.ElementUtil.doClick(ElementUtil.java:52)
	at com.qa.opencart.pages.LoginPage.doLogin(LoginPage.java:49)
	at com.qa.opencart.tests.AccountsPageTest.accountsPageSetUp(AccountsPageTest.java:26)
</failure>
    <system-out>Test Suite is ending!
Test Suite is ending!
Test Suite is ending!
Test Suite started!
Tesults disabled - target not provided.
Running on Environment --&gt;: null
browser Name is: chrome
Login With : kumar95530@gmail.comKkuma125
</system-out>
    <system-err>Starting ChromeDriver 110.0.5481.77 (65ed616c6e8ee3fe0ad64fe83796c020644d42af-refs/branch-heads/5481@{#839}) on port 42344
Only local connections are allowed.
Please see https://chromedriver.chromium.org/security-considerations for suggestions on keeping ChromeDriver safe.
ChromeDriver was started successfully.
[1678510896.526][WARNING]: virtual void DevToolsClientImpl::AddListener(DevToolsEventListener *) subscribing a listener to the already connected DevToolsClient. Connection notification will not arrive.
Mar 11, 2023 10:31:37 AM org.openqa.selenium.remote.ProtocolHandshake createSession
INFO: Detected dialect: W3C
</system-err>
  </testcase>
  <testcase classname="com.qa.opencart.tests.AccountsPageTest" name="tearDown" time="9.4">
    <skipped/>
    <system-out>accountsPageTitleTest skipped!
accountsPageTitleTest failed!
</system-out>
    <system-err>java.io.FileNotFoundException: Source &apos;iVBORw0KGgoAAAANSUhEUgAAB4AAAANCCAYAAACHzdFqAAAAAXNSR0IArs4c6QAAIABJREFUeJzs3ftzU+e9+Pu3JdkyFrZs5AvxFRtjjB0MNjY3E0IIJJCSULpTAk3STXaTfPP9ns6ezvTM5G\YZ+acs7\77D27m7Z7t7u0JLQhJaWB4ISAE4MTEwwGgQBhYWMrlvFFsixZWlqSzg+Sbflug8mtn9cMM4z1aGlJa61HWs\neT6fuL6+vjBCCCGEEEIIIYQQQgghhBBCCCEeKq1W+9BfQ\PQX0EIIYQQQgghhBBCCCGEEEIIIcRXQgLAQgghhBBCCCGEEEIIIYQQQgjxHSEBYCGEEEIIIYQQQgghhBBCCCGE+I6QALAQQgghhBBCCCGEEEIIIYQQQnxHSABYCCGEEEIIIYQQQgghhBBCCCG+IyQALIQQQgghhBBCCCGEEEIIIYQQ3xESABZCCCGEEEIIIYQQQgghhBBCiO8ICQALIYQQQgghhBBCCCGEEEIIIcR3hASAhRBCCCGEEEIIIYQQQgghhBDiO0ICwEIIIYQQQgghhBBCCCGEEEII8Q303nvvzfk5EgAWQgghhBBCCCGEEEIIIYQQQohvmOHg71yDwBIAFkIIIYQQQgghhBBCCCGEEEKIb5DxQd+5BIElACyEEEIIIYQQQgghhBBCCCGEEN8QUwV7ZxsElgCwEEIIIYQQQgghhBBCCCGEEEJ8A8wU5J1NEFgCwEIIIYQQQgghhBBCCCGEEEII8TWb7QrfmdrF9fX1hedjh4QQQgghhBBCCCGEEEIIIYQQQkxNq9U+9NeQFcBCCCGEEEIIIYQQQgghhBBCCPEdIQFgIYQQQgghhBBCCCGEEEIIIYT4jtB93TsghBBCCCGEEEIIMVvOW83Y\KlkF+aQZUj4undHPGwhBcedW\QMKCi6BZhyi8hPleMuhPgW6bPRdPUGvUOjf0rKqqR6dRZJX99eCSGE+I6TALAQQgghhBBCCCG+HZQWzp5twhECzgEaLUlpWWTnVbB+bb4MpH\HeK2nOXbGijsU+9d6EjIq2bm7hizJayceiiBet5cgoNUnkzTVfAPFi9sfBLToDUkkyPkopmBprKO5Y9wf27og\QCbc7+WXRJiXigeLyyQ\k+IbyoJAH+H9Jw7zNG2fH6wv5b0r3tnhBBCCCGEEEKIeea8dCMS\B0WCuLttWPthey1+ZR+bXsm5l3raY6csaKEJj6k3Gvm2FHY+3wNqV\9nonvrCA9V+uoa2wfM+lAm5LP+u3bKTdpI3\oM3PyVCPtA8HRRpoksso2s32jTEQRExnTkqDDO+6vCo4uN+Qmfy37JMQDs9dz5LgFb0opO57bTL50fkJ848T19fWFv+6dEA\IcpyD9fYxf8re\Dq75njnq3SbaTxnprXXiRL9DatNzWJZWS21j6ajnafdFUIIIYQQQggh5s5O\aHjWMaPoQOQxxOv72TZV71L4iGZ7liPytpwgN0rZ5cO2vL+QeqjK\CmHzNRaPnzb2jsBshm8+u75ndigb2eQ8cteEmidNdLbM6ez41\w7ltNDQ5Wb618hu4cEHBXv8Oxy3uyR\WJFG45QfUxl\gWJ1l3Kr0UQkFm9n7dOnkQeDWOn79oY1gwVZef7p4wsPuC0c4fNEJpFK5fy814+OCITPHf9WA3VDO7hdr6X\IPUdyZTv2U9txhzeanQc8X7GDkc2MevX7qHh8FHM7vu5liIB+Rv6HdTOunP3Ynn\CA2s5+VnShnpHQI9mE+fpvGuk2AIiE8lv2Yr28eMdypY3v8djdSy95kpjuF9SkpJQz\yQm2c+Je3aBma7hmzlF3LgV3lTNcLuu80cfZzM44BJfLeNVoSUrIoX\s4NUvGnWTzcG58paL7m\zoD9i\8WvuVRQH5sZGzK09OIcH1uNTyVpaTu2GctLjH8aL3s81Mo8sf+VgfWfk\wlZrH9uNxWL7m9Tc4pLfM3n6ez7v4flaz7uYt5otQ8\4iaL87\lLO8fnBD8BbDXH+TwuZ5ZbsWL9cND\ObPDVh6g6Qtq6R2Yy21q4tJUxxYzh3ld+9bmOG+SwghhBBCCCGEeHisZm5NdWOakIjhK90Z8VD1tdM5i0EIh739vjZvb7VM\aBiwdZ9X5ud3WvfasUbr0WLl1tXrQ\vhb5xemg4XofZ8Q0dXWo9y6mpgr8AIS+2M4c4NE3wF0Bpq6fuijL5g7lZkcB3jwPHxGdi63BGR2qdOO5O8vw7dhyANiubrKl34bvDcoKj59rpD87cdJj32mka7ElUbIwJ\oYcNLxzlIa7XpKLKqndWEmxwUv7uaMcORd7JBIo3VhBkr2R+ltTHMP7FArHrr8qIGu+gkbqdB+Ogu30IQ6fasY+ECQ5PZ\8gnzy05MJDthpPnWYw\V25ved\m3yWus49N\HaLjZQzB1GZUbayPnWYqCw9LA0d\PPKHpvtzHNTKvdDHBK8VB49HD1LfN9Y1KXGLOvu7jLr5VJAX0t9m9htH6EUt2csB0jt9Yl7Kz+DYnvnDhvtqIZePMs+vs9Uc53epFn7+Vl39YzSJdHHHRx2q39fPFH3\LR231HDuXxv6NfxM\MYUQQgghhBBCfKMotFyzMeVYl8HIrBadhBw0HDlGe\5kq4UiKypOX+gcWb2jTc1n\ZMxqV+jvG1NnD7fgn0gGKlDnFlK7RO1FE6XybO1jt98aCN9wooVJ41vHaFlYJLn5G7m9WdiGnvbaTrTSIt9ilVs9xo4\K6ZqcNYY1eseNsaqPvEgsM7\ft1XjvN6Ys2eryR95uaXUHNYzXTv98H4QsyTYxtlOqL1GmdRdPI6js9+gV+\I67WEOlFE+yLEK5fgcHOnQJKqqiQz+X\Z5JyIq5VYGMKlYFLnKx04Y1VDzpfnwXxcUBcfHz+5nOC4WWq7aZA2GzOinBceMy7pU1TLg8jCspymjEca8PhwJZscs2Q6109IAuv4CsO204umxQVjjm6T1dfQSBgmUVJOKmat+bbNCGUYecuH2z2zcAEiLDwbrZLZ6fVOR60hA\48HMZcf\fJNdcUH8\QNzDOJERidnvZ8hGw2f20kse4Gn8pNwD3hRgZ7G05gHtORte439axZGtrppIxcO\4KPrp6lqWwvNakAOpLyn2LLsmv8+bNG7Es3kz1P16bP7WT0EC0gd7ER2l0PvF3jkuUkAepkD9obabB6IXU1P3r1KfK0w6O9YcKDVt7\VGuWk5xNvcA24uiD83DufGVWvMj3tygJawO4ZzTRTCPOuo5esaGNz6XrT\eT3WaJtLXAWzaTv\Fw\z2w7vUv9dA2t7aea5dP8drZL4M1z\3jzvzQm4sHxyhf9332b1qdgUa7isu8TWfp7Pv\x6Wr+m4i28lCQB\i\Xcao\e1BWw84UK+PAcAFmPLsX4xUVc2LFaoHS6CPC9Bs5avGCs4ocv1GDShAmpAQKhMMRp0enSqN6zFeu\naDtWiMt1bupkM5FCCGEEEIIIcRXKoHcpZnou7rxT\KoLiuHNGDajJoBO03HT2EeYGJgBnCcO8Kxq24SFhVTWZpFkteB+ZqVhneP4HxuP7WZ0YbdDRyrM+NekE352kKSvDYs18zUvdPP5r27KJ0sb6jXwvH6qQJMXfQMgDYlm5y0ccM0GSljt3GkHruaTHZZDYUpKo5rZqznjvKOby97q1Mh0UROQf7EIEtogK67TpSENLKM0b+11nHkQxtKYirFq8vJwoHZEnm\7t37WR8NEvd8foSjl5wwpl0zde84pn6\DyplwewGrBJT5liuKpHlxem0XLmL7Q4UF41\XMHS3gUZJRQpN7k530vjWm20B8CUX8VaTRsXz9kwmxWKZ5nG+ttNjy5u5lZfj04cvfO4ub5uOmHiggw1maJcA+fv3eNeBxB7\t3poCsEOaXbyfb8is7Ou9gpZDRDuIK9xwXkUFSi4vPz3a81nDC3q9t5sQmbYmLD+nwCPlc0KGrnWqsbFlRQu8ZAOBggEAStzkD1xnI+fbuFGy12ajZnAypeX4Bl68sx3rhI05Vqdq96GJ+yn9TFWehwTR64nTUdWYtNwOCkj\bcseMFCtY\TZ42TDgUJBQG4jRoFi7je4+VYPnLTWwWCxR9G\I9fxP10PCJBW\ISNXeF6lZBOGQSiAQIkwcWp2OtDV\x1brv3LijplGc82syxbMyhyvkfuiOLBduoH5bjs9Tu9IeuZpnoDjsyMcce1g1+YZaqJLXOL+fBXHXXylLl26NO\bXL16NSAB4G837fCUISeOTj+pIYAQSvpTvPHmdmDm2XX2a1bcQE7lZrLDCh6XByV2RqMmAcPClVQtPU1nZwilB8hm2lz7kTz4MbU9LMc5WO+m\Oka\OfPYh0IQlI263ftIuHcQepd5eyo8dNw1oo7CEnZ69m1q4JUhutUtGB3RmcjJ6VTWLWVrWUxs4iiM5yTN\+E9Wodp5vacQaIzErOW8\WrRPrLEzYbmo2Feu2UlOQBCELx\+zHntCKbt+vJnx5XhsH\6autZkKvcOzxAUQgghhBBCCPFw6cjb+AqvLT7B795twTVuJV5OQTGhKde9BnG3NlL3qZme6AIhzfhlG0oLjdfcaPOe5LX91SyMBqpqaz\jd\9+BnNjCzXPVZCAm6Z6M25tPk+\up\ViQCbeGLF+\zrH6\QfMVJ6brxN4pezKcbsMfp0eGfuGKj24kLyF3\Mvsqx++6n\6ByF29\cIF7GoKq\e\wVO50RUym6o4+6tf02hpwV69meyMGp7bt4HxcbbOU7\gUKeRqhf2UZkSWS1ovWVD0WSz5Scvs25h9P2uOcuvft2I+bKN9dsKIWSl2eyElEpefP0pcrUAYWo3XOLwf56i4VMrpU9NrGX6wNILKTBcoMUzfbOc\CJ0qHMKouiK8jFd6eSuzQZFY1dYoli44wDT+nIWmm+O\n14ZXXmeg58v2JcvU03TX86TLO7kK1\v32a1bzDq9iNFCwzYlhQgunceRzXL+NcWcOkwwtuG02fNI1Z8Z1dvp6ta8cNqs+ynfNWPWc\v4XDEzPGsnozj8fWV4y+Vyapqdlz7jBHrzK6iny24zFjVqZf4vDBSxNXt3+tVNTAfG5PO\mAa0AhKy8HXfNNurocUDSaZc\xpQOVHIqWpZJ\z8j5L+zY7kH2SKrgTu71AsYs8nR+8MPFt\5pQh3K8eNdxCeRXlDJ1i3lpI4\N0NubOdO03DdgTcIaJPIWlHL1vWFJM\bKsUOTv77xBrAM+1nbM3u9g8PcpCZ6m3aabE4wbSBMqOCd\jrwN1JtxfIzyJP8eDyDB\oeAz5OSymhbZ7nbjJjkwMUrwoGZWUmS5y\soF7Ksmjgs+uBBqXg5Z3KTzgbaTQ35RAHWqgd\oil+f18WQK4Qv9nszfgHJywvI+ctNOv2DRCpPx+7ibM8NL45L9Zy9FJs5I5uK8fWFh8eRN+2l8O6pkVrMk47zzqXtF3\gn8bUAI7WnDZu5ifrgtR91Ei7c\oMF0F7Myc+vRg5F0cyeqRiPtyAfaZ+quMaVjeQXcXmR4IonkE8YwfWSTAsZOWqIk7bOwn5hgfWidSl\qSe5vZ+vCNFbxNIfaSc9VtqyB\uvIf72U27ybLW0dzlBW0qi9OcdEWrP87uGpmjQA\m03U0tE2TGn8aTstJjgys5\vPVEzse6LuOy4xbNbnaZCeq2epvxTNZMK4WADTtNVoSUorpPKJrZRPk2omaG\gyPtm3Lpsav9uF+XDp7\XQfMnZ7ncEa1tPEUWlQnxlNFHOH6wfuRcnHvfKP7WSQD4Wyw3MxVwAS4uHvo13QWRni0cCBLW6YhDi84ATHnD5KTd4QeM5BRp8Q26x3ayACEFz5COpbt\xs8JoQy68NzXj2Ivtz4+DcZSajYuoL9bT34qdAH4bnH6DKSU1FCR2I9jQT6pgOOzIxy7HDPLOMGJ7boZ66dHcDh3T0hH7b50hKODkF1WQ3mKisNixtrWwNFjXvY+P3oz5Th3mGNX3WNnL1+z0lx3BPfWA2wtKqU0vwH7nVasHZvJzo39PKxY7wYhtZBlUwR\20\hpPWWU4Tzqhh\57KSWefCyGEEEIIIYQYphIMhkgq3skbu1X++d1royuBNZEVcf7JlgYD3Gvk+Idm3JoUSnetYuj4JzjHt+noxQnkrqjGEA4SCAQJx2nRGR5lWeYZvvQOMgCk42BwSId+6RpW60OoikpYo0VnWsgCIBCeGIp0nDtGw71snnw2gwtHL07cv55+PBhZvjhEMBge+1ho+Cbdhvm2F335Pp7OhaAaiAyI60w8\tqbPBbw4hr0QyhIMBg3NgDc9gHvNrswVr7E9kdC+KNjBKEwoE9nsSFEMKASRIvOlEYy0KdGP8xeB70BMNWsI1cT0y65ktqSs7xltmKlmHkPAYfz2bGrgtt\bMEzVdrdxZvZuSYBdWBua+hCySspyTjPefv4FZag3LhDV8jEhkeT8ZljHsgopzjVTHO3DYtSMXYFktOCrQ+0SwqnT+U8XFvYVMbqDAU\0f24dxvzvZqJg7fdDRx+z4ybBFKLKinPJLLi+9JJjgxu58DWwjm1GxkLSc6idHUxpuExlnNHsXdt5Qfbiu97RemM4zHGYmo2JmFtbqKdfGoq80gw5kyxtXZO\+Yksx1WSV+7nx+sftBRlVyy0uBu\wNuZtgCI2mTPqCgLs0nh5u09ThQyIpOJnDT3uUB43LydH5MRQXov2jhyzY3ZETfW\eXdAVAn7+MdCU06ZpP5dZJ3vm4HSU5kp0gVeeNHAtrA0cGgrz0\Yoxx9jR8A7tAT3ZZTVUJnmxXTdjv1rHO97tHNhWOMkrzI\Z7GfOylpqky00XO\FtKKW0jQ96cZpNmq30u4F44oSjP6h0c\HpeABDKZ0lDEDmgE8SiqmZGgbGKCH4cwQIYaUVJbmGzjfPD4IP3\8ukfISobO+4utRaRlkRee6osPcpcXYLjcguPT\+QP3TVUVywjPzXaeQWG8MSvYt+bVRD04xrwjslwPrtzw4vl\SPUdygkLMqnvDiPVCWSSaL51DvcrdrJD6rHjt32fP5n7Gpku4VJbm60WCLjvO4fsH9d+n23ncDVzJF33ZBdTk1ZKmq3GXNrOw3vvoP3+dEFPcqtk\zhbDsKyWQ\Wkphkheb2UzdOwnMZqGps9OOHzDmFaH1DeKeOLCO4vGiW7aHn5VCSHHj8qgQsnH6cB1WXwKpBaWU56SSoDq5a71Fe0czJ99nzFh25PM4gV2\mMqNWSidftJKy1naPodrZC5CDhreOYZ5stIUc6DYGznRlM\+CRPjYD7iErM+Tz84Qn2bAsN9zvB5+sERHJv3smsklcnoOT3cNslri2SDOepEef4HVE72VrqHg79ZrH8uNvg7nLklgdS8clblDJ+LzdS9c5fKZ35ATeYk25vGnPtG8TdPAsDfZhVbqPr8t1x0AbjpaAO4xOF\6Z5ktshkuuh3AqSyyDiEb6pAccBLIJiARgNxWiDAtLn2I3nwY+rkJOiAIIphLa+88gSZcUA4hDLkol8LBBQW1rzCP2zNJPKQwlDbGc5ecULKan70+midik1bHufC4f\go6t11C95ic3ZgD4eDeAajKNi7+vsyNdGai08VkX9L3\N+T4bt9w11CQDzibOXnVP2O7wrG7rhSaqih+nauVS6u\cxHbbzubcmNvB4XRNZTXkJsDgJDck6dnpJFjtM9eOAZKzsiX4K4QQQgghhBCz4Bt0EVyQTOf122PSQOuKq1ij8zMw5Th4Iobs1Wx99mlKU1t46\gkTZbv4h\XJKAJKQy6PIyML2o76OoDUgzRwEkZz\60hnhNEP+gC28AFKeNC2cv0qsxUrMyB2L3rruB09cU8rbvpnrhOS5M8tIOVx9o0knoeJv\+H077iBok7Io3bSV2uEVVPfs9AZgcY6JWx\9nrrmzmi7xax86vs8XWIgET8+xYt7zM1oDw0nr+DRl7BnWzaqbwBv9M0tW5rDmfYWTvwli2dqC0kOurE1nqMNPUsfLQNCoNERByQm6BgacI2uIItPigQLQk6670HxfAdI\AGCBTt5ZQ8cfreF3nGDwvrFG\jhyxtIU93MuYqmupCVy0ycP2cbN+lbwXKnC0wbWLFQZUyoPjGPqlITzY0O7lxXqFg1OhjivHkHJzpKVlWRpBnAO0XAWrl+B0cITMvKSFP9uEMLqSnP4fyZTmzX7dRmxIainTSdMeMOpbD6xdgV3xv57Hf\xhlrE01VhdSkzrKdt566q25IXc2Lrz5F7vAYy+ZaGn5\kE9bP6WhtThSBzQ6xjJZcUN9fCTCPfLQbMdjMoqpfiwNp7mJdtIpf2wTWTGr28dKJzszAWvHLEZVNMlkZc\HqIqJlctNXGicnzzQhpIV5MGkGfl8oUKyM6Ct9x6dQCGAYqOrF\Qrl5Gu+FFzs1msaaGtux0oB8DdbseDjpKiXNRAJGo4vg7lrRvtKOTz5P\YR\VwvdfoufBJXztWTwUVhtF98ZPJttf3U2XUEAdseryQd\5ODfvWrFRyPyEgPVETpvRccLZ7Of68k3khztouN7LwoJNbFo1fa1jt70bL7A0y0RAiQmPD7nxA4lxmonlA4biCGuAQGBsfXmfQuYji6H59tgg\HxSF5NpgmkKts9In1tIqn+adT95O9izrpNDn\XSY2ngpKUBtAkkpS6mcHkZ5ctXkJypRROnIZ4x31yzOjeUK3XUdyjoC57m1RdWj2bO2HKL9w4exXLpLE3F0WBrdBxZURNZtf8Nno72VZs2r+L9f3+bK1caaKmMpve9j7ajWT2i55vLTdyqfbz+dD7auDhgE1Vnf8WvG3uxWd3UVCcDdho\a0fR5vPk6\uojr6B2scq+OBXh7msANrpi7x29UcipKmpRoZ8k6fiBhVvIEiCRgNxOkAlePMG7QFYtO4lXn08Y7Rm8BODnPvtv\FJlxVLXw3rFzHSzyrhPJ55\e9YqYsDwoTCcWjiZn+NzIXt9IkHDv4CsKCQtVPWAn6AuETUrPqw1gYa2xS0eU\yP\ZXkzx8nm67y6mDf+DSp3W0FEXPJ2sDDR3j20ayvPzbH69w8XMrleOznvS1cOx9M+74TDbsPRBZCe4dxKP4aPmwHruiJ\+pV9lXGa0\Ti1P3HyPX7xrobm+iWXRQP+EeMoIfSSAFz0Xs+bYNwoxr2XHxVfLF8pg+xsHqJowy8NO\cGDHHzfMsMW4kdmBYfU6WfMDg04cTpdDD5AZ2JYUkJGWCWgBAiGVNSRXxYGlpRmEFYDKIEgIVWl85oVZwgKNj5NniZMMKCgKCpBkqneWI4eL7Zb9rEvsHgNWws0hIIBFCVAMGRiaYEBCBOM7rfzhhUn47YbCBI2rGN1PuiGuml3+1CXl1OUAP52K7GvYrXdJajJoaJ6IYEp7kVMa1\i9R0Fk3TYYxnXvMT\2rl0VjPKhBBCCCGEEEJA4NZfOWWJHaY2UrGhlOCEZSMx8rbw45efpjQ1TNAfJDxZm\jI4GFIHYodW8TxyafcVCCnooZI5j8dmrgw4WAAb8DC8YMH+c2ROq46dJQ8+zJPLI5ZexuyUfe+GaV4Jz9avQBl0n1U6O7xQKiNxgsq+WtqqV1dTHLIgfnUOxy3RENITg8DQNfZX3G0xUPWylpq15aSFuri0p\k8NNvUx2u65cacDshuwNT7Es5MMTkwPUsOYl3thZSOB6HYd\dZCD\3WYuusqy3a9wvNliZFG6akYNNB5tZGu2GEDvxVzqx+Im2MN3tny4fGrJBXv5NWf\4yXdm9n++Ob2bxtJ8+\+jN+9vebySGAz3M\FTQVFq4owYSf9taYO\5QK3cdYFq2glRl3FniUzBWlGACuu5YYiZ8O7nV1g+GMqqWqWNTrI7h5PLNLsBESbkRxQcoCrqKEnIA720z1tjn9lmwOoEltTydC+HhcY6wgXWrCkA3RPdd76zb2a7dwoueiqefJlcTRh0eY9GkUbu5Aj0KtlvW+\gso2YajwkGUBQ1eu2FUZXIWMzkTKz90evsXDLDqIrGSNWL\4tniuZjVCXIok07qZp82e7c6JeydUve5P0MgH8hRbkGCPTw5b3o31o7+BIdBUW5qAHwhYopWgw4urBFmzj6+4ik\FUnvdYBtFoAF1\e7o98xsPnwo\f5P\8x32sMYxtry+pZY0xjpAaOT7BuHKW5gAB36QLHubLbPYzGFBQohkRwkEFRVGY8pRh+PMxYlykjg30Do98h0NMvDzDI8dp7AC5H3WRESPQ1++4r\c4o4DKI5kPtmxv8eJc1Gm++nyBINlbXuXnr+ygsmBRpJJgUMHb24753EmO\Nf\yy\e+hRb\+CE4PjM54abyzccQDYb96zGEA6OXNfhhGXsWJsNISfWG2PzbejLd7Ijl5HthjRLeLImB0IOLC3u+247UTZrnihAEwoSUBQCwRCmZQUYgPDwgHSrmVte0JdupHphJLOGoqiEtfns2Fwyq1Vz8SMD64HpSxEMDeB0OnFFB9a1ZXv4x5+\yWtb0iM1g5VonxwysDTHCGhg\Pn+SCErtSECSgA1GCSozO0amTV3E02t89ABmKrY98Ze1qRP1Zc\eFxiNn2YxWJDwciqrdUkE3OeavLYUpUNIQe265HG1tuRMg2xbQNqCIrWsNwIcf122mN3wGPh+HuNONRF1Ox9hc2PhAgMRdOAuy9j6QKyN\KDSgPhoBo9F8PoSnawLhvos2Lpm9OnOue+UQhZAfxt5lFQ47PY\sabbMdB3S9+E10NHNVRz3FL6YQavaPi0WmAUJhpMobMm9QUI0Mu98QZd6SSkjKEyz36SI\LDejBeYHPzvkIjPyg0aLXetABHlcPCtkjAVRdihHt0AADI3dc+ujMKg9DQ5G\dPW5ASOmTJWhAXfM7OWFPPrCm1SEAnhdg\jUpVQt13PzSsyM4JAVW4cK2SWs1ClT\uBWgyEMq\bxGm\xy5Ntk7zfSPD3jW05hNWhOdUqEkIIIYQQQoi\WV4Lxz+0jFlVpy\dyvaMAK7iUZeHAAAgAElEQVRpV6qECYdU\EMehsYH9ka27cY5brme8\IxTlwdQL9kJ3vWJBByKYCXgeGGniTy126iONSP5YaZm8d+yVtbf8iO4iTAi+XkWWxJq3lpdwlBxTPFKq1+\H4dpK1k\4+fJC9RG1nFssXKewff4fr5Bqwl2ymOi9y8+tUMtvzDPtamRtttLObovx\n1meN2JeNr1Xp5PJ1B+hLWFediH9wYEwAxHXpj\zhtA1\Sh4rV+STErjH9es3ufX+HzmV8H1q0rWgr2Zr5SUOfXGBI2\bKV8xmjoxlBgJXsTNNPv5vgQZ7LbjSTSQnGoip7SK2ITBAXcPfS4vanwySXOO\ykoxhWUmM5zvt2KnezI53bzNp0hExvKUwkoQ+Oe4yewsIaK7PN8bL8zmgbaeYu2fjCsKiM34GXK09B5izv9gKmEFcYA\sHIfvi0KynJ\ZjODhuWm1A8PH7T3YcbMJoyUYcGcI8OXrBw5T7eXBUi4HEx2DKbdm18eCgI5JKVN24sRJPAwuE6qP3d9FDMDIlVJzXjeEzAhzcQHAkABz1TXQ8AKmrIQMULr8Hbv+TEnUlGVTRGql58g+3ZYdSh+RhV8aOEHmH7iztx\foEt8cf\tnSF7D9ledZoRuamGZ+WCgwUge4165ARgI2excjwV0P4NdRvMTEx\YO7nZAYa6dri4gI5vC0FQ7p+HRlUv57O5trr37S65pk0jPLaRwWSlrVxWzUKshIR4CMTNcFian4B90jmQFQBNd2Y8Xrwt4KDUlZ7efniEP\uHuOuzBM209cAW\DyCVjHTf2KXX4wuiT2F8M19yCgsBl\qwIis+jFlZ6HDd57igiewl6qRjjqMv4cGnS2ZB5iqe2reKp1DxdLdhvX6DlpvXsPcFcbc18Oc6PT96unjMApWZzw0HfU4geTE5Oj8elzcmc8YCUvIXY8SOq6+L2OrCi3MKxvZVmgUk52dhpBNnnwNi8iTOpe0ECQsxaocYGPCNfO\pQ+HIeLIvcg057\USBHJz8lAGnaOphTWJJGebMAIz5QSIj0ZWwnMcWNctiEcTByFvLx1t7bT3OHF2O+jpcdA7EEmLrBn33aY3LsI\MC7LxKyvkTm42z15\6UxkFW0nOVLCsgvzmIhwPW\8IuzEytZ64u388qeKoxxQfyeqT6bB49LzHye9tA3AKDD19HE+Vv+0bi6Jp5ETxAd4BzoARLo7gdIJStTYdA5mg1Gs8DEtjfeZHs0XfptADxcP1WPXwHSiil\JETA52bQHz1AXX04AUNWDrox9cdBuyCF\EeMYHfR1w1MU1t4PP+c+kYhJAD8LefD7YTk1AXo4rKoKDZy0bqUAxt6+c3JNgDsrRYonSoCnE2mCVrvuejrg8I5dDb3Q5egxc9kBYR1JGj9MSkcenC6APy0NX5E21Qb9A5FazBFGJIWMjRmuq2fyIQYNdIZQzTtDIRVz9iZuQEvgaARvUaDLh783gC5jy7HcKVlNA30zRvYAlDwaDVa\9RJpgKeATykTBkEjg3+Drh9k8xAFEIIIYQQQoi\QQE37V1+cvLSJ64qDdhpeK8ee+yiFP1SntqxDFVxTn9f5RvENadsVkHs597h+FUn+pwnePmHFSyYLNWwoZRNT+jRAhueeJT3\+1trnzSgLVoO9lX6qi3J1L5o6fJDvsY8Ex2LwyQw5af\JztGiC6gioUp0WXUMy6FUauf2HHbmektqyuqJp1xjiCAYVgWIMuoZx1ZR9zq9lOex9kx97X21u44QTDqiqKg0O4Yj+kkJUzZ1vxp1Ty0mtPkRPd\qYnOzn1H4doPn6WrANbyQ+GeGTbqxxIPcp79TbMn9shPpX8dT\iKd1ZfnVmqpSX98tL+7k66q85Rge5NVr0qZlkpyZC0IPD3j062AtoU\JZ\9QOyucwpqEoqZQsMXL+i9Ean5bWzkj655EA7Vh+RcfK0hw+tneOpIHuuXabPoxUrcpBGZp6RZq95Qb9AL3n+c\5\zkbW62oJRWRIIwuuHBiwAeX2yEPYBXDWJM0KCJj59lO4iLDhbHBdxjx0JCCoNKdDg87v7Xcs9mPGb2AngHPJAyRRB4TPA3Nuj9YPxePwkpFTz\E3jrlydom2tAQp\DEy\uoyoliN8zXYejoC4tIkdzk86+TkDP3U51bHA3pJCck4OeFuydTjB20jUExrISFk6T8ldf\jyvpZ3jo1NfcLPXS0+bmZ42M02nE0gv28qOjfljagAvNCThDcQElEPeSG1wovH7h2Su+zmzAQajQd\w+NMhxYgeUEOThVlVCAELjKSMfyg+ITJoPuCkB+5rYsRMgvk5ZHGTieGzWUguIH+6kwGAEL5BFwF9Ekn6BLRaHYbMpazKXMqqx59Bba\jV29fxNV2kcvu4kjpvKjZnBvhEKAJw5B37GhvcAivGm2siY95wIBpkX\sNRsaYmi47Zj5WXNpO4kFBhb6xo65+qOrJtVop6QOh\2Dypi6soR8eJIiEwBmCgBnZ5rgdi8upxOYKtXxRKqni5a6k5y+1jNa91ajJSkth4IsB7e\ZMKshMT4+GmyTMyfnoGJX4DGlXvYv6ME4\hcsgsmdhSmNfs4sK0AXUhlyO3GN+UcigePS8x8nvZFJwj2cu2j01NuR\V6gASGM9IH\Z4x53RoKEBQr0Or0cZk\FTxB1LIXOynu+tz3v0wnxeqY99EZEd0ceAd9xswOOSNfkeCRqJz4iGTU+xbz4fb6QMSRzoOVu1jp+WfOHEHps\FlEJ+toHGey7sdxXWLJp62qxy+Ri\a\aTvvpxdq\OmmabCr4pftyHw1PNaQuPS2uRjikVGDCx\tUfs2H8hK44LfHxWuJCAdyuwZiZcqGpZ81FO\DRzC8TqsrjHeiPmSQ4RCB7BUsNLbREZwQPtHZCQgkV5Sr+GTKNTBUEluCvEEIIIYQQQowVHGin5UIjl1udKCFIfnQ3+zfG3He6rdS9dxpb7EC3xkjV3udZofMxMB916oaF3Jjr3qGhTSGpZBev7CnHEPTjmSzVcHyYoKIQjNOg0y1h1XIDV5p7cfT24LjmgBA0H\onmsc9zfXhQQ6STPme\dRm6IgjUiIp4IsJzmkXkL4oFWiLrO4wRYIYiQuNKB7X6GC1NgnN8Gj8uEFWu7UdL0aqVuWiDI37kOx27AHIXv04OXFBVCUYCTzrclj3qInmc93cvQf5GUP41RSyqvfy2pogamC4nZb2Ez2ACaORmQfjZ8WL5f0j1I+v\RoK4u\7EtsUaRKDA+00HD2M87n91GbO8qWUAKaypRi\uMjdWz1g6uG2HUxrV5Cq+Jk0rK340D1aQs6ZTjrvWFBWZXOjfQBMG6jMCOCbcpzAjrXdCxjIWprJAjUYMxYQh1YHfXfbcHXd4LKzIlIvc2TwIjxh3CDkGaB\+FqYVbv46GT4MOpki0eHhtPgxs1YysofiIw\TTTzeMzcTBEEfkjBXwBCPtweDSmGCva9ovLWf9XNPgisz2LD3pdYmx6p\eidar5HlC+UR7YJ2u7dw+mOo3tCcFdFySukIKGFm72dBO\20IeeiiITgdBUky5C+ANBFuZu5Ll\2AghH\dar2O+2syVW\fouXqSuuQD7F45OvYXnpBjNsbDye1+X\s5szRSDYArTHh87D3NEAnkOfuA8Tm+++hzAxkGJiRj9kaXsBhNZMJDGb\z6x4hKxk63UD+dt7cXzWHZ0ezAEz1cMDCyf+up91Yyf7nawj6vYCWeH0C8fE64nVadPnb2Vlu5q0rTro7gZj1QzOfGwkjqzf9ASYE7NXQZMm1PfR0DxFZOhrTVg2jArrEpPtsO7nQlNdhpFNaEI1Nh8MTO8aQxzfpEqbxUvJyMJzvxdXZjlKVOnWZP6WFY7+7iD9jFY8\V4n+wnFOXnWCsYit27dQvDiV5EQNGo2Guyf+dyQAPN4k\fzDoBkf5M1+gpefKcFAmFAwSDAYRA2okX1RY778NXoKNr\MvnUmwkEFz6CH6apzzEdcYubzNANTMtz1l\Dc\E9lk54szoSdBrCqg+nuzt6ZkzSj4zEX2LpKdr5Y364rI0\ftfuH3pw9Ga1zBSn1oN+lEnXiGjcZyZCrQqPskeKh6IBIC\xSzvH6S+A4jeOFaEAUL4ldjOb7qf7yq51RWYLp\ny+tNOFbWkjVpp+Pk8i0HQUVL0sKxwd\IrKnYDronkgJkitebSnjMt2oi6UY90MuXHQkkrBrX+M4J\vmP19CteIaf1C4e3Wp4mjvO6A1HhskIbdH0CuOm9zk+PcSxW1pKt+1ncx4MBXKpWWmipdGGtS0bvwN0S8tZHhqaOq1TjDFB4Pg6TrvLeHadBH+FEEIIIYQQAsBtb6bp3GWsfWMDfu6rJzi+aC+7SvX0XK3jZGP72JSH6Cl46mW2PxLE7xmav3urkIOmYydovhdHxvoX+YfHcwmHAgwNxqxu6mvi6LvNqCv3snctMSkjF+BXVUBHYnwKS2q3ka1CKODDF4jeqyp3uXChnYUrailN05NuBO59xMGDZvzLd3Hg8ZgEzsEhWr\sAoxk5QEpJtKBzp5OPIGimHZeBhUfYCJtTLpWJ+1dXjBWsTJDYcLiVE0kuhOHytCANyYlcGL084yLDhjd5v3\rw7bkt38\Pul6BK0EA4TDLRxrc0PxsXk62HKGklzoFypmxj8na2QG\OpegpfGp8Geyp+1MyVLDVe5GKnDWerE0fIRE15KgFlqpCKik9bTVXxJ3TevIOl28+XA2DaWEFqwMeU8d8OKzYvkL2W\c+vnXSU5tq7\zd\udnPjRY7NZuzIdOEkXZcfd1MSHPa3cCh9yxoS7azv2o27b7HE5k66LfT3grFRWOb0WHHAZCRTQajh9IX8I\bpkJ3r59JA8CzGI+Zu7FBYN2Hpxkse5a1DyP4O\KSXgY8kJJSxb4XVQ79\mM6ZwoCa4xU7T0wtvbjTPwGluUbOf9FL51tTBrcVYLFFGXDTUc\F5O7QbOY7FwVZcoVn1ZO\eIsVkM1r\3D4yzSJJJRXMmW4kq2XH6LfzrZxpA7No8eEH6IhX6ndB\7OSMDhiQAF933oDC2L1yYR46hkd7uLuwsHds\dHThAAzZeSQDY8KAvc5IMD4hkQTmpYubSF1MdhZcdAMdH\PP\1I\u+clLeWZl3aSN93hi08hSQ\02bA4a6JBqSAB\xCB6DmtTUxm0B8EDGSMnzwz47kxvHqznTvutaSN636Ujm5cgDHzkTF\d93rgaKxx1axd+MBchbnETuTaS5tJwpPMy8p0imZHomk4HZ8aYeicd8ctzvpnmbrw9TcaipMLZz\8hpN3RVTTkJytlhwBBW0iclk4abpjhMwUPXcD6kZeekw4dAQXVP1s\Mz02pG2RmpEJPzJKdkFUmqD49naGJAV69HB6gaExV79rOz2EBIHWLQ7Zv26EQ8eFxi5vM0ndRkwO2goy+BFYvHPur\7BD\9GkPOete4HvlGWSmAa5J+hHAfPwgjT3Z1PxwV\SbMZHU9CRC8SvYueEi\3qmk+YzLZR\vyIS7s3NxEQrvZ13cJM27hta4W6XCzCSOebUUyML62JDLd19M65EF2I6M80xEN9gpSNfTm7MTZbRB+6coOFO5L8Fy8un2YKCmvoYm0v1MGDmxEkz7gm\U4PYPz1Bcx+QvpYnVkW\gKIpVLq\HFP6HK+lGev91kqJ2a\c1eUYgbZzxzB399PfH\3Xa+NUXQv+UJjMrMVz\gGWuboME9B+sQHHmLRHdm7c8QLpZA8XFvIFSC0vwYQfe7MZe0BP2aqlqEOzv8kIeAbwKEGSyrZL8FcIIYQQQgghRlhpeL9pQvA3QsH+6REO\fevOXpuYvA3Z8vL7FuVhOqbeaXd7HmxnIwEf\OeejUS\A368bgG8ce+\qJ0kjXgvNmCPfbvg82cv+kHQwFFi1NYUrGGqjVrqF5fy6bHNkX+laeTCCws2MSmx6opTgEyCslJAuXORSyxdSu9Zj674QdTGSszgPhHKckF7n5OQ\fYdp\f8IOpgKLY8eJQJ31O0D2ST3pgkjvnwgIKEqDz4hnaYudqq218drUXErLIyQHIIT0VgrYWLvRF78udTrq+qOfmAJhWrCZjXkpkurl8w\Fgm\Dewtw6++a+QDori43Q38bZa3dRh+vzTvMcVVEpXV6Eji7unOugjxwqqg0o0wxOWK\dwg\klFYQH109NfZfiBVryjAA3nYrdoCs1ZSZgLtNY483YL9uwxuC9Oz8WbYrYFllGQZUrE3jx0LcNF8w40dHyYoVkb8ZjRgAv\3u2DqQ3U20POAhirzmdMsDxosEgf3BJMq2PeTg78hLehn0KgTT1\LS3g1kTbeuYnhF8vjajzMJqaTnZKGjmytXvwRNLvn5KmN6wyGVZUtyYKiT251+WFxEcWi6UbB80lOD0HuNc7ec9LvceH1+AsEQg0OR58Ub5pZY+eG4j\2c8WNVeSTDBLgYGL8oJZhHZakRhm5w8dqYTpaWC2b8mKiozpsYrHL24wJMGYt5aGHygMriTFPk\yEV\5B\dv96rVy\5Z5+TFRXzIbVJsBJ88l6bJPMUHFa\kq9VQXjciry5rrzKdSszAH6aPnEMqbsMoF2Pr1oB0yUrRyb19dlaRz7XTfcNqGAioqE+257P8LLKikzgP\mRcyxrxNy0PCFdVb9lKKm8dimEvQMYH7\OOZJPuegvYETl5ygMbH2ydUkosegB1DxeYL4hzwMDvTT3+\E3nycz+0APoJzGfSezy5xedFIWQgAnV6Dxz1J8BegeAvPbtvMngOvsrM4iZDixT2r4C88UFxi1uJ5dGUBOlxcrvuU9t6YGEN3E8fOdYK6gMycyHZXrixBhwtL07hz2tuCtQuCSVnkG0b\HFY8uLwKiWt3siED6G7i9HA\k1xDRS7Q08LZMScyBNs+5eKXRH7jRbuAlGQ90M3YUIsXyxXr1L9LJMAgZkFWAH+LJa19mZ3t0VTPHfUc7gC4xOF3ow2W7GRfBfRPs1zV51cpfvZlnhj8HR93NHD4v1rIWlZM8aIklIG72Frb6fECySU8u28zi8KuyOrXgkrKjVe4aD3NIa+D8iVJeDtvcevuEAvS9Pj7H+SdhQhlbuPZNbc59IWF44e7KC4tJyvBie26Gbsb9Eu280xlEgG3d+bNxW457TF2rrnGoS\MHHu7n\IVhaQqDswWK06fnoKnn6HSEMA9BOBDMa6kJOM857sdYKigLC+Ad47pxQKeATzhZBbEBRj0SPBXCCGEEEIIIaCAvExo75ri4ZCCd\zgp8ZAyfdeYU9ZEkHFM79BoNYGGjsUWGAiofUEf7SGUIMx21+whNrNpSTrV7LzyZv8+qSF428PjL2nDBip2ruD\PAgAUUhNH7lYzRVYjiooChhgkEgcTlPbr6C7WQb9X86SnfFckyKA\M1K86gkapnHmOR6sQdSqD6iSou\v4i5vcO019WSmGSmxstFnqCRqqe2URaMCYdaI+bfsC4KJ3J4r9oVvDYpsu0nb7KsbfvUbq0GNPIPbeegh3bWaEJ4CaV2g0lNB+7yem3T9K\Mg+6zZhbnShpVfxwUxrqwAw1kmalk+4pUjzPXpDerokrxqbkC5C+rADDFy04usC4pmTq9M\DAkMElpdT9MFNbnbfg9wnWKlTpg7EhKzYOoOgyaHkUS2egYFJggoaknLKIiWoPLcwWzeT\egiHnumimuxxztFxWExY+1T0C\ZwTOVCwgEkmfRToMat5M9a9qiYyE944436Iu389TyIL4BQL+SiiUN2O808ecj\ZSXZUGfFetNBxqjEe57vCcFowGwX+fT8waKcvMpzxtf82vSDz2yEjh5AZrAIINfQRHMkOJhMC6O5Ec2c2Cvn1\8\uLYGtoQCf6+8Go0HbV7jvs1Wge4bQDIzmeJ6hsXaPSjzc3CSCeuATA9WozOzzTByFQ2bavi+h9iz4UEvN1mrrU6QV\CYxsXwbT1iefKg+3Tk\RNmi46iSUbN1M64RDPYT+ji0\aL9bR7Csku6SYrEnjfirJSwswnu+lu8cBy2JWCSoq6U88S1XrIS5+eoQjXeWUZ4LjmhmrE4xrdvJYqopzXDdmdzgAIwVLUwgxt7HH2fPh9sb0CDo9+vipWxPw41cB4lEVNxNW\cdSQyzatJ+d3b\khNVC3WELWkM6WelJ6PAz8GUPTiUYSV\+3DYygs6psxhM\gLEr9nDztZfcuJOPUf+dIdlxXkxY6xgWreTx1KDOGM71YCd+j8dwV5aThYx47E7nuVRXQCX\z7b3gd\MI+tTyzlxvHbNPzhMLayUgqTvJF+cdrayjF8CmrJHl7e8jt+d8ZOw9u\piV9GcXFJpJUJ3dv22jv9UZ\v+xnc1oI18BCVlUU0PhlG9f++iuUFeVkJXnptVqxdLtZtMiIt88VqV07U1mDWV8js6fEr+Gx8s9560rkQwh4XQSmzAlvpGTNBiCE6vPiHprbrLz7jkvMmkpCxbNsv\FLTtxp4PDbtrG\2xQwrtnFtlw9rkGF4PKn2H6lLXpO2ykvzUI3YMNyzY4bI1W7niQnfmDkazAcDkAgwFAgjc3PVHHttxexf16PtXgHxQnxVH9\J62\PEHbp0c40raMZTmpqMO\oTQm1g7\xgPyVpdjvHoR65lDeLvLKUzyctd6i3bPAowL\DFrsnkox118d0kA+FvMGwxS8cKbZH34C37zxZhuAOOaA7yxLYugMsMvc8WLkriItS\+lPzLH\JR43W+vNk8MiNUa0hn+aYneWLDEowE8A7\4g1lsO3l59H\5RSf3zXTZAdtUhZlz+6nquMP\PaLB3tvQ4Eg2dve4I38Mxz\+ALWSw1YAeIXkb9+K889vpREv2tW9Rhi+fwqj2x7gzfyP+DYqSuYI9Oq0Kbmse6Z3WxZlojfNbpVv7KQmvIczp\pxFhaSU5gaI4\iCICXvec91UIIYQQQgghvruMLM0x0tDlmrkpgLGMZ\c\S5kxTEgZYtAzv3dYttb2SGBlqJfb1kmS7SUnUw0k+4MkrdrHKws+4NgH0XtKjZakRaU8uet7VGcGGXKqTFqxbbjgW9gTqesLEAiQWLGPVxac4tgHLVg+bxjZ3rbndrPGFMDrAvChLt7OGwcW8d5fznHzWhP2EGjT8nhsz142Lg5G20X19+MB0hca8DFJmi5\kLSal3jFGHkflkuRpZ3a1FzW7dnFlpIF0XtjhXDJHl7Zc4pjHzTTfK4dNFrSljzJ\t3VZIa8zPIIzkA3LyVH4+a0ER+BnBXRwKuRpWWmadI\DwvhU5dStVzPzSt+Ch6tRuef+hNQzGZsAWBJBdVa3xSfVQivkhMtQdWL7VoLSnFN5Hi\ns8H753iSvR4E59G3rrn2L0lOibiC82q3UBIR\a2N3h10XscO3dz9HgbMih98nt8rzqLOL8rcg0EE1j5wwMEj79Hww0rzeesEJ9K\uOvsE9\mv\r5JR1v2agp3rrBqzvnqfzSgNftrnJ2bee1JmfCATwur\aUZWQfxB33EKSH9nOGy8yNgisMVKx52W252vve0WyL7SMosUnabODaUkxuqHxwd0QSsYyChZcpGVIT05OMsqU9X8BFIKPbOfVv1\E0T9\QvvwuaBNIqNkG9\buYaMOM88Xa\DVFwd7VNsM5nkKiaJUc5hPws28VRZOycsNprO2cjXF7Nj2RR7MpzSvc1Kz4asmATSPgLhbLYf2Ifh6Aeca22mwQrEp1H45I\4QXUGqmf8O+jB1uEHUxWrM1WmnxXyAOz1\OVSzGvrl7PnpzspmLTxbf7yz3\imgrgwfrhCZL376VmyhiwD0U1UvF3P6OgrYGPP7yIrb8He1vkUW1CGosfreLp7dUsjlcZmvNlreBTjVS88BqGM8f4qLkT8+eR74eElDzW7\wej5ckExj32RY8+QpFt96lvqUBaygyHrv+md08viwR\+DAfbe9L0MK2rLneU1\lmOnm7h7tQm7RktSZgXPbdNx9t2L+JJTZtiIH6+iZ9G6l\npkkt8+NHnXO+y0Hwu+nB8Euklm3hyay1LjJG6zSF0JFXs40D4j7z7cWtkzFujJSmtkM0v\oT16mn+99st9HbboXiGogZzuEZmK6QEyduxh6qOQ1zsh25HO6wonOLt+\BpEkD1MjTbDAix7jcuMWsqPjWFihd+StaFv\LX87dGYwFJmazY\hzPVaWNnKc+NZGKF35KZtNR3vvUFvn+m\Q32VgBj49A5nb+f\buPE6OusD\6uq+p7pmRyT+yIBEsKRhHAk3AoiKIcHiAHxBs8FFRVd0VXxWgXZVVbxK7q\1QVBYQUUFRQQUIhIjBzhyE2OmRwzkzl6+q6qz++P7rlnujuTSWYyeT8fj0nl011ddx9V7\p8Pm86bi13v7iVvz65mSPecCRu7SJWXF3FE799lNXbX+LZLYATYvzM5bz5zWexIN49PTPlDbz7kjC\efTvbO06Fo\mre9cytZf\IzVPWe4H\a7jF3Wnj17DkwD8rJfxGrGEy6e4Ox65Ef8z4bDed9HzmUKgJelpb2Cu9TsMNXxKEHbAgy+6+L6Bst2cByHwsMe2WR7j+a1IsTHRQlYYHwX1zVYjoPjWGDAsnyyLe2Fe+SqahgfcvByLbT3uYOqsPxe97jdC0UkXkO0MAM818UzNk4wgGNRaIqrvdgPUyTOuGgA3DStid53Mkbi44gGrB7z7jldDzfv4VsOgYCDbRm8XJL2XhcSQngv3sVPV8IpH3wfJzllmlgRERERERGRCgSo3vkI3\NutLNLEYncvRpF\GmE6YQwOBlk7TvU7vPMWrGh7H7nD\a0RpqIg6W8fH8AS6TGJdMIkUOCFbVUBVysAY4pywZBhXPXf0+58bd0\Nx8+6g07MjcWqiASxM4RzZtwgEAwPPtzgvk0\S1jFwncFwVS3RkF2Yr+vid51z9z437t42Hvm8B06AgGNjGZd0e4LhqcdvxS4AACAASURBVJC5mYd+\Ce2lh+xpNrjL+edgyQihesPBjfdSteuL24nCzC9jonOax4DXa+IsuvJH\DApnlcdM0FzEokBz+G7Rg1tWEcfHIdbQx+30L3NRYv20Z7yh9gf4MTCODYVq9rIpWN1\saS+\93ecaCwFiNXHCDhjfw3U9sAMEAjYYg2XRvQ336npMgOraOEHb4OfzuJ5LMr2PVfgOgM7t6239Ez\55WraCHP4G6\m0sUx3HSCRGaIbaB3HRuAnyfR1tH\OOpxfPoDvJf7HtP9jwWD1fV+9ci0t5P2qeA6XZ\3yQA6r0ca32Ogj0wwuJkEqVz\91LFyxmNMy4SKH72uLi5FJnB3kOROMEX7uYHj7dw1IVXcmbP3MyOEK+JErAMvufiej3eIwN11dbwJHc8+Crjz\4EK45Nl9wO++TV3\HjJ+t7PDCH869\J4sGGrftL\z0\63s0Reow9w3fJBz+\bp3UuQWE0VYafQHIUxPr5vAAvbtrEswBSbL+\8IN+rY6N7+sb38Nye34fg59MkOorbdtND\PiRrcw5\3OsWFS8zssg12P3Ztzi8nZ\fhePN1zSrX2u4Xa+n3pcLw\EaqgOO72+V51gAGfLH\jPX75A5KT38M7jyzU7bBOuihe+T+m8Tu5jsHECDk7xenvP3y+BqhriIafHNW8LOxAgYFv4vsG2e3x2lvic3av3SMVsovEaItkXufenf2Bj8FjevuLUveqVe+9mN4RcYojHaf8sgD6fAb2P6cL3X2Fci+7fWiV\T\Rc1mCMmqowjmXwi10+dP2Gwi9+h\i9X9+1DazC8WOBwcLye+Q8+2W\y0hwnEKw99xzzw37tJcsWQKoBvBBL9Xegl\8Ud2TGehLYTB+lo42l3AsRjjkYAeCXX2NG+Pj5XNkUn3b+s+QSFpUR8MEnQDBEIWTiEySfKCK6D4fWT6ZRDt+NEYkHMAJhgo\io3By2dJd6SHWKO2c7pVRMMOgVDhTWaMRz6TpqNvUxX+Np55qRlmvp6Tx+VJD0fLViIiIiIiIoc8F3f2DKawjvq+T9kBJk49mmNOO5WT5tUWLlwYj2yqg9SAndDtu3DQwQKwbJyBapEaQ2eXePlkBym\img40H1O6Xvk0kmSQ6gB03t6oR7T6+g1PT+ToN1UUR0J4gSCOBTPZdPJ\s3POlYhNDKDNxibTSYwnfMNFudrPPKZDKke58Z+uoMUhfGCIQcwGC9HKplkKBV+BjaN6ZNga+O+TCPMlJmTYG9u287k8SIBApbBG7Ct7AGkVrF6o0vV0UtZ4KdLNkcZiBb2E16e0i1jZsi5YQJBGycYJUASN5Og3Y9SFQ137e\CNZFMr2sifkXjFa6FmKpqIkG7x\728XIZkslsjz4bXVIdKazqCEHHKexzY\ByKToIUxuyGRqXVDZPPBLEDoYIBWzcdLZkn8ujgZ9J0E6cmtnn8pFrT6XNDVNb5eBmkkMPfwH8HL4fxrHB93ID30SQcbuOT98r3xOtn0mQMFVURbs\I6Dw2vSwvl+7WbYzSO19gxnkUKl4OdMZcsEqwsXj0DYlQo5MnsiJJzN\5X2sX7OBM6cf0XOGJBJQXRUh4AQpfIwVjulkMtuvq7YNa9aTqlrExcc75PbndcCFi5n3TD2bim+C8BHHMKe1lYEr4x7LcTNX8vj2YjE6n2PnU6ZD7Typ9nbcaIxIKIBt9\h+MwbfzZNJJckO+TAuNM9uqqOEA32vsWZIpXP9tq1xU+T8KMHidd5Br8fu5bhDsudv\O9PXsKb\2Y+dvHC7u9V32XN6rVkqWLB3PEwUCsavfhkk224boxYOIRjF6+TQ2E7e3lymRTpHr9f3GQHKaqJBp2ua97G98ilkiTtGOMiAWw7Qtnvs715j1TMJ53MEKhZxKX\soBkh0uugs+foc9uKLnE3siTak\gVVURCXYfpxS\zp6fQZ0jxsNFr\KO6bTEfp33iZJNlgDZGAQygaJZNP4+dTtCcN1dEwASdAsPAFjfHyZPocE2QSJK1qouHC52IhanHJJPMEqqK9Q7z9st9lrFIN4DEkEh9H1PH63+Ekey21\ime3JQgu2cruxJh5r\lWi6c1cYgN06LiIiIiIjI3orW4G\8O+syYcIAVVM4fEYdtfFw9zjGx8v3Dahk7IlRU9XKxtUvsLa+be9DwarJzD96McdND1V+M\xe2vXcn\jnriztuxpozU3klA+8n2WBdlL7v0taGQWcSJx4Z63Vfq3HyWgQrKrFeulX\OiRNo679DJOqqx98d5an+VX975I7Rv\hcsW5mhLlkxY901VDeNpYt3qTTRXTefoY2YSaevb4kBRqJraaIptL71MQ3Ii85bOp85vob1cNjlaFGv1zn7Dhzi\ZK3lvRx3nzTxt7t\zQvtEJ98VHe\vRvWs3VPjvBhb+Kqtx9BvmO036ayn3TWXh2oNrWIDAvVABYZITErRf22rXjEmH7q23nbfJfE8HaUIiIiIiIicmhzfcYfcwqn9HvCFJrey+VIpxX8Hho8\MAU5i8\l\lDnobBywxDv5CDCLstbN3SCk4tCy+4nDNqc7SqlbBDhpdJ0O4GCVg+ubw+lUajfDpHzZKLOHft7Tz2zAYWn3dEV03CyuR49ekXSM96I1cucsi178fwFyDn4lVNYf7yKUChKfZBuxvOZXGjtcw57pRCH8HGYz9+3B0awnM5\4PvZfIffs\TG7v77XVidSw4+wIuPGkKpFuH2ALlGJBP0d6eI+iYQ3cbiIwBqgEsMoBgLE40YGHZxf4lMu20p3Vbr4iIiIiIyPCxCcdiBC2DATAeedfFzbn9mo2UQ4ATJhYJEXCs8uP2ZXxcN0dmgCZHh0ukqoaQQ\E6gU8+qVbCREabYFUt1SGG\v4MVVNbFcTkErTvz9q\nZwwsUgQ23jkMmWaubVDRCMhHMsnn0ntQ9PNI6BEn637NO4+6e57faB+e3v3jS4iMvxUA1hkhOSxqHYKfRv5+QwdCn9FRERERESGmU821THq+wCVA8TLkkqO3qPBWBaOYwMGL5tS+CsyCuWTKbJOFaFIjEAuVbqL3H4CxCJBLC9L6kCEv7B3n3t+jnRKHzzDJ0MiYaiqihDs1W+vj5dLq+sJERkTFACLDCTVTsuAnW6IiIiIiIiIyKEm2zGEvolF5ADLk2pvHbgf3bJcUu0tQ3ytlJRsp6XS2rx7M+6+8rIk2\XJLiJjlz3SCyAiIiIiIiIiIiIiIiIiIsNDAbCIiIiIiIiIiIiIiIiIyBihAFhEREREREREREREREREZIxQACwiIiIiIiIiIiIiIiIiMkYoABYRERERERERERERERERGSMUAIuIiIiIiIiIiIiIiIiIjBEKgEVERERERERERERERERExggFwCIiIiIiIiIiIiIiIiIiY4QCYBERERERERERERERERGRMUIBsIiIiIiIiIiIiIiIiIjIGKEAWERERERERERERERERERkjFAALCIiIiIiIiIiIiIiIiIyRigAFhEREREREREREREREREZIxQAi4iIiIiIiIiIiIiIiIiMEQqARURERERERERERERERETGCAXAIiIiIiIiIiIiIiIiIiJjhAJgEREREREREREREREREZExQgGwiIiIiIiIiIiIiIiIiMgYoQBYRERERERERERERERERGSMUAAsIiIiIiIiIiIiIiIiIjJGKAAWERERERERERERERERERkjAh0dHSO9DCIiIiIiIiIiIiIiIiIiY15tbe1+n0dg1qxZ+30mIiIiIiIiIiIiIiIiIiKHuvb29v0+DzUBLSIiIiIiIiIiIiIiIiIyRigAFhEREREREREREREREREZIxQAi4iIiIiIiIiIiIiIiIiMEQqARURERERERERERERERETGCAXAIiIiIiIiIiIiIiIiIiJjhAJgEREREREREREREREREZExQgGwiIiIiIiIiIiIiIiIiMgYoQBYRERERERERERERERERGSMUAAsIiIiIiIiIiIiIiIiIjJGKAAWERERERERERERERERERkjFACLiIiIiIiIiIiIiIiIiIwRCoBFRERERERERERERERERMYIBcAiIiIiIiIiIiIiIiIiImOEAmARERERERERERERERERkTFCAbCIiIiIiIiIiIiIiIiIyBihAFhEREREREREREREREREZIxQACwiIiIiIiIiIiIiIiIiMkYoABYRERERERERERERERERGSMUAIuIiIiIiIiIiIiIiIiIjBEKgEVERERERERERERERERExggFwCIiIiIiIiIiIiIiIiIiY4QCYBERERERERERERERERGRMUIBsIiIiIiIiIiIiIiIiIjIGKEAWERERERERERERERERERkjFAALCIiIiIiIiIiIiIiIiIyRigAFhEREREREREREREREREZIxQAi4iIiIiIiIiIiIiIiIiMEQqARURERERERERERERERETGCAXAIiIiInJQ8H0z0osgIiIiIiIiIiIy6gVGegFERMa6Ntcn7cGUsI010gsjInKQyeddmlvbaUskyWSzRMIhUunsSC+WiIiIjGFuqo2JEyeM9GLIAWBZFsFgkFgsxrhx47Dtg6OuzO23387dd9\Ntm3b8DxvpBdHRET2M8dxmDVrFitWrODqq68e6cWRg4RljFFVChGR\eyRpiyTQw5HxwMElAKLiFSkpS1B\c5GauPVTBxfSywaHulFEhERkUPAQw89xLJly0Z6MeQAMMbgeR65XI58Pk9dXR3V1dUjvViD2rp1K1dccQUdHR3E43FCoRCWVbjIYFkWPS\zqqyyyiqrPHbKvu+TzWbp6Oigurqam2++meXLlyMHr\b2dgCee+65YZ\2kiVLADUBLSJyQCysDvBQY5anW3J4uu1GRKSslrYE2xp2c9isacyaPlnhr4iIiBxQxpiuP5XHbhkgEAgQjUaJRqPs3r2bZDJZ0TEyEq644gra2tqoq6sjHA53hb9Ar7BAZZVVVlnlsVW2LItIJEJdXR1tbW185jOfQaQcBcAiIgfA1LDD0dUBbtuS5p4dGZQBi4gMLu+61O9sYt6c6VTHoiO9OCIiInKI6hmuqTz2y6FQiOrqahobG\F9n9Hm9ttvJ5FIMHny5BEPzlVWWWWVVR658pQpU0gkEtx+++2IlKIAWESkj6xvaHUNu7I+rXlDxjP7HNg6Fpw1McSCqgA\fC3F51\pYEvaw1USLCLST3NLO7XxKoW\IiIiMqJ6XnTV8NAYBgIBAoEAra2tjDZ33313r+apO5dbZZVVVlnlQ69cXV3N3XffjUgpgZFeABGR0WRb2uPO+gx\3ZOjNW+IOhanjQ+yYkaE+VUB7H3ovzcesHjPzAg7Mh5P7cmxKeVx0ZQQy8cHmRsLEFTfwCIiALQlksyaPnmkF0NEREREDkGhUIhUKsWECRNGelF62bZtGzNmzOgXBIiIyKEnFAqxbdu2kV4MGeUUAIuIFKU9w3c3pXi2Nd\1WMozPNqcI+UZPjWvimmRfWs4YV7M4ZPzYnxnY4p1HS4\3ZrmsaYci2uCnDwuyLE1AWoDSoJF5NDl+4ZMNkssoj5\RUREZOQoZDt02bZNPp8vP+IB5nlev2arRUTk0GRZFp7njfRiyCinAFhEpOipljyrWvuf5PkGVrW5vNzhMjUSYl9PtxZWB7jhyCpu2Zjk+XaX9UmPjSmPx5pyTApZLKoJsmx8kGPiAWoUBovIIca2LSLh0EgvhoiIiAiWZWGM0fAQG9q2PWpvABityyUiIiKjjwJgEZGivzbnBu3rN+sbXmjPc8aEIKF9aQe66IiYw1cXVPPD11I80Zwn6xv25H325GFt0uOeHRmCFhxeFeDYeICF1Q5HVgWYHLYJ2mBR\LOs7v8DlsU+B9QiIiMtlc6O9CKIiIjIIa4zaNPw0ByKiIiIHOwUAIuIAJ6BbRl\0AAYYHvGxxvGc8FJIZvrD69iUU2O3+3Ksjntke4xg5yBVzpcXulwux4L2RZ1IYuJIZsax6I6YFMTsIgHLKoDFjUBi5hjEbQsHAvszj8KZQvoV6nYAqc47MsCnB5NTNmAY0GgOP2AVVimsG11BdMiIiIiIiIHu86mdjU8NIejlQJqERERqZQCYBERCv3\ZvzSJ1LtrsEf5vlGHYu3TQ2zbFyAv+7Js7IlzwvtLulBliXnGxoyhoZM+SVxrEJ4G7AK\w9aFpYFoT7ns1Yx0B3oNNcCgj26PbYti2Ax9A1aEHYgattUORbjghaTwjaTQzazow5TwzbO6D53FhERERERGZCCNhERERE5mCkAFhGh0MSz50Opc\yUa0o+vy+mRxwumebw+roQW1IeT7Xk+UtzjoYytZJLcQ24GLobUt2\FzAcCyKORcwu1EieXx3gkmlhjq4OMAytZouIiIiIiIgc0nRjgoiIiFRKAbCICIVotNxp1HDX\u3LsQrNQk8K2Zw4LsjHD4vxaofLk805\rInz7a0V1hO073Mo4lnIOkakhgac7Ap5fFYU45\m1\FOXWhkV48ERERERGRiiloExEREZGDmQLgQ4hrirUcTWe\nhCxrQNaM88AGc+QN919kYYdC7vcC4dJ1jfk\UKQZwEhG8IHcAMYIO8bsn7h\xYUm9EduPnd4eAayHoGr1h2ejTfO5wMheaJc8V16zy+RqIJYN9Axje4BsIHeB8Pp4AFx8YDHBsP8LHDoDHrsyHl8VrKY1vGoyHjk3QN2eIxlfcL7628Kay7ZwphsQF8YyoKjIezj2MoHBM\2JxSACwiIiIiIgcdy7Iwxmh4CA5HK9\3ey1f3+VVWWWVVVb50CmLlKMAeIxrdw2vdri8lvJozPm0uYa8b7AohGLjgjZTwzbzYg5HVjtEhhCUpTzDppRHyjOMC9gcXmXj9PmxnHANLyZcNiRddmUNKc\HwiLiWIwPWsyKOBxV7TAr6gxrYOgbqM94rE96bMv47Mn5JD2DZwyOZVHlWNSFbOZEbRZUB5gctvc6iHUNbEx6tLk+IdtiTtRmfLB3pJ03sKbdZX3SZWfWpy3v4wM2FjHHYkLIYlbUYUGVw\TIvm0DQyEoXJ\02JrxaMr6JFxD3hgsLII2VDsWE0M20yM2c2MOM\dhni05w0s9jrGOYj+5IRsmBAvb9tiaIDMjvbeJZ2BH1mNn1scCZkYcpoRL3wqwLe2xK1uohzslbDMz6vTaX76BdUmP1W15tqY9sj6MD1osrQ1wQm2Q6CArmfUN7W7huCj11ekaQ0vex2AX+sE9gDcvAEwK20wK25wyPggU9nXCNbTnfRKeIeka0r4h7dEVCncGv3lT+H9pFrli38OuKYS3GR9Snk973tDmGppzPo05f6+C4rA6AhYRERERkYNQ58VVDQ\N4Wg2GoIHlVVWWWWVR74sUooC4DGq1TX8dmeWv+zJsSvr05I35Pz+4ZYFhQAyaDMzavPmySFePzFEsMIg+IV2lx9vTbMz65P3DRHH4oiYw78cFmNaxMYAT+\Jc2d9hm0Zj5acT77PQthAPGAxOVxo9vayaRGmR\Y9Vlvb4fHrnRleSrg05wxt7sChVcCCccFCs7vLxwe5ZFqYSaHK5r8t7fHDLWk2JT0yvsGxYHzQ5i1Tw1wwOYxjFZrB\fHWNOs6CsuRHWA\2BbUBmwmF8O9y6eHGRfc+23QnPO5b2eWlS15dmV92lyf3CDtFoeK\bROCFocFw9wybQIh1c5FQfgCdfw0O4cf2zKsiPj05ofYN9aEHcspoRtzp0U5m1Tw8QDFsbAz7eneawpR6K4UyYEbS6cEuaCyaF+NXYzvuEnW9P8rSVPh1sYvzpgsWx8kPfMiFIbtHCN4Y76DH\YlWNH1idbDDJtC\7YaPPO6RGumBHpCrpTnuHx5hwrW1x2Zz0yPuzOlQ6Ad2UNX1ybJGgVajjHAhZHxgJcPDXEzIhT4ZYbPhZQE7CoCQz\vP1iDWLXGHLF1gOyniHlQavr81LC5S\NOdYlPdwSG80C3jY1POzLJyIiIiIiInKo6RlOG2NUVllllVVWWWRQCoDHGAOsas1z04YkW9N+2SZfDcU+O12PbWmPZ1ry\KY2x2ePiDEnWjpUeiXh8eW1HTRkeieMryU9mnI+3zqqmgd35\jJlnRXGDcQH2jLG9ryHhs6PB7dnePrC6tYXBOsaJ37SnmGO7ZnuGN7ZsDQuy\XQFPWpynr82rC5Xe7snz28CpOnxgsWbuzMedz47okL7S7vR6vT\tsTnq4PhxR5XDDKx3sHiyFLfINtOR8WnI+6xIuD+3K8h\HxpkXqzzYe7I5zzfXd9Car6yp35xnaPYMzVnY0OHx+905rp0b45Jp5cO6HRmfb61P8mxrvmS\uL6BNr+wbzcmU2zocPnkvBj37sjy31vTvZZzR9rntaSHA1w0JdzVNLln4D82pnlgZ6bfem1KeiRdw0fnxLh5Y5I\Neb6jeObQo3o215LsajGYXFNkJRnuHljiod3Z0uGl31lPcOrid77e2Vznvt3Zrjp6DiLa8bOR6ptFf6CWEQBet0a4HDyuCDvmRnlkcYcX1\X0S\873TCuADnTVYALCIiIiIiBxddWJXRzJjRVQNNZZVVVlnlkSmLlDJ20goh4xl+uyvLT7dmaMmXDhwH4xt4tjXP51\p4OOHxTh1fHDAPoLTnuG+nRl2Zgeez9oOj+tf6Sg2w1v5SZMBdud8PvZCgusOr+LNk0ODNts7kE0pj9u3pHmiOTekvkwNsDvr8\X1HbwnHeXt08LEBpi\b+CPu3Os6\D6TwRIeoY76zPYxfXZ22XYmfX5xJoENy6oZnFNoGQ\zW15wy8bMvx8e4b8XmzrvvPMeIbvbEjiG7h0enjAmsAGeDXh8pV1SV5LDbzug\EM\LExR9KHv7f0D2qhsN3u25ll2fggU4vNQf+jLc\fBhnfM\BEc551HQnWJ72Swbdn4CdbM9x6bJBnWvM8vSe\V+HvYAzQnjfcVZ9hQXXVkJpRPxhZFGrPnz85hKGKr6xN9nt+XpXD1bNj1AQOjW0iIiIiIiJyUHOzJLMQrgrrguEo1bPWl4b7cehl6UhlcPte0rMDRGJVhJ1RspwaaqjhIT0UKUe\58aIjF9o\vaO7RlSQ0k++9iY9Lh5Y5Jr5sY4py7U7\ldWZ9NKW\QkDXlmX41Y\dG3sBtr6XwMVw0JVxRqLYu6fHdjUmea3MrqgFbSmu+0ORw0jN8YFaUvq0xd3iGDUmPdInAdVt67wLSvnZnfX6yNc3nj4gxa5Da2O2u4Wfb09y3I9vVd+u+urM+zekTgkwboBnuf7Tm+fr6ZL9a35UywF+acyXHWdfhsjvrdwXA6zs8mkvUam7O+TRXGLK\knDxDGxP+8W+fIeHofCe2J31mV2m5vxYdHxtsN+2nBGx+dCcGMfVBPa6X20RERERERE5EFySW57nib89x4Ydbb3DrmAt045cwmmnLWZ2XJcP5dCy9PP3cPNb59K\PbMsm+77NO+++Z8jsFQiIiJ7R7\gxgAfuKs+w8+2ZcgMUwgIUJ\xuXljiirHYvn43s0xp31D0qusqeGhancLTTnPjDgsHx8sGSJtTnl8dV3HoDVyhyJZbEo6bFu8d1ak1\xzB2D9DYU+lv+6J887pjsMVInygZ1Z7tuZpWMYQv9O7a5hQ8rrFwBvSHr8aEuahszwBacDyRvY06MGe4c3cP\VQ1EdsDAU+rUdWoQ9ONeYQZtBHuv+3tr7potJIZvPHlHFSeOC7EUFfhERERERETlQkpt57J7f8tyeQW7ez7ex4+UnuPflp5iw+CLe8fq5VJXqJ0sOCNX6OjDmz6obIPwFCDPvuHPxzOqS3caJiIiMBgqAx4CVe3L8qj5LZhhDwE5NWZ\vbUpx2LHxrhqZAMYU\vZnEmiAhrTPf29Jc3R1gNrgwElSwjX8x8YU6xLDF\52yniGO7enObLK4bQJ3SG4odAM9H5NQovzf6o5z7mTQtSFev+0fLXD5UevpdjLFqbLMoZ+tYnTnuH+HVnWtLsciHONnoey33msDYNTxxcCyXEBm6AFQ2wpfUAx26L2EGzqOOUZbtuc7HovTIvYfO+YOIdVOar5KyIiIiIiB60xHbQ1P8Odv3ia3RU13Oay5\n7+OnOU3nXimVMUOolh4B19c3kTojTv01EYMpULm1v53+GY0aWQyRWRejQa0xOAPw8qQ6fcE0YHQIisj8oAD7INeV8fr0jS9Nwp4A9bEl73NOQ4cNzYoRG4If+c+0uD+7K8q6ZkX7P5Q3ctzPLcxU0N+1YMCFkE3csHAuyPrTkfRJlOoJtLfaxu6Da6RfCVirmWEwM2UTsQk6W8gxNOVNRs80vd7i05g09W+JOuIYvvpoc9vAXIGJbHNajGWMDrEm4PNo0tH6VR4OQDQuqA1w1J4YFHBUPsKAqwEuJfW8uHCDiWJw0PsjEkXiDjKCkZ\jephRNOYNjwVHVAT59REzhr4iIiIiIyGiV3cBv7+kf\gamLODYBUdw1AyoX7uBtWvWsrtHD07urqe5+w8T+eAFRwxSM1IOhDF9Y8Iosupbl3PWt3o+8q\8YuXFzAWIL+Mza9bwmWGZU5bN93+aK779jwrGNfhujmwuj+v6GGycYIBgMExoryokeGTbk2QJU9UneDRujhxBwqO9goOXI5nME6gq9Me89wxupoO0iVAVDR7g2twG382Ty+dxL7+dpz83iT8e91ZuDAQJhUMDtgDZ\brh2P\7Nj3j5sjm87h5Dx8LOxAgGAoTCti6FigyCikAPoj5Bla1uvyzwj5v4wGLOVGHeMDCpxB+bk55ZWtB5nz46548Z9e5HNOj35e9qQBrATVBi1kRh9qghetDU95ne9onW0EIesf2DOdODjG5T8D2Wsrj4d3Zsv0eTwzZnF0X4py6EPOrHaK2xe6sz6q2PL\fleX5dpdSOfCadpe\teR58+QwPbsjrmT9Z0cdLpse5rQJQaaGbTwDW9M+LgflogAAIABJREFUf9id5Xe7c+wpk+K2u4YdGZ8jqrp\0fxmV5YtKa+i+Ydti5lRm4khm5AFba6hIePTkvP7NYNsAedMCnFYrHteroE\7M7RWEHabFswNWwzLWwTcSzSXmFeO7P7llQP9fSmOmAxvyrA4hqHC6aGGV+sRT6\yuGqOVEe2JllU8qjJe+T8Sjb1LRFIUwO2oWbCGK2xaSwzUnjg7xjeuSQ+qHTWSv8T42FKwKnTQjywdlRFsbV56+IiIiIiBz8jDFYljXGhjnW\P63bEj3WNH4sVzykRWcNLH7es+SxWdwwWUue\5+N7fdv4ZE8ZQ+u+633Df9alYcXz1K1mf\DUV6+wcNzRczd+JwTzdMzcRKJmpwJ7+Oj3\mQ1xy8jzixbswsokmNv35\GVrz7A1oqrEX+R\3vpYuaymd+ccgWdObfJz+HCf\smV9Q9yLs+fdcQ1uVA8ai75g4ef\dCdjx4DZd\Y9UQpnEx33vkC5xqP8N3P3At9+48UBGwT77udVz9ifdxybJ51BV35CXPPcsbmzbx5H9\hS\dt3WAUHs49\Qp+fn53Dxv32ZD7++e9nJJtj09\jxzf9gD83BtQ0usgoowD4IJbyDY8352grU4PVtmDZuEJANTtqE3MKAXAib3ilw+XO+gwbk6WbT34t5bGq1WV+dYDOlpj3JgBeNj7IO6dHmBW1qXIsPANtrs9zbS53bM+wo0xAuDvn8+DOLB+YHe16zDOwsiXPhmTpIHRK2OaDs6O8eXKIaI8OSWdEbWZEwyyqCfDjLWkea8oNGgK3u4an9uQ5fUKIcT2aoi63\uODNp+cF+OMid19GAeB+dUOM6JRApbFL+rL9928K+sVXwmNOZ\HmnIV9WF7RJXDFTMiLKh2qCk2e9zhGRpzPuuTHs+1uryYcNmT9xkXtLlgSoj3zIz26re1Mevz56Zc2XWNBywunBLm7LoQk0MWIdsi6xuac4a\7MlzV32morC\r71taTtoweFVAU6dEOT4mgCzog5TwoXl6eRYhcDyqGqHnVmfDrewTX6wOc3uEkH35HBhf1YXa5GHbYtxQYuZ0YH7aB6rPAOPN+e4sz5Dh2e4dHqEK2dGmBHRzzwRGX2aX36C+x55hpcbOgo3vQUiTJ25mPPeeR4nThylP4XX3M01P3+Zxe+5kauOHemFEREROTR1hoBjarjlSZ58rcdKVh3LldddybFRwPdwPRfXAycQIBAIMOHkK7mu6g6+879r6MyMd6xcyebF5zLXHgXrsx+Ho5VqAI+Uh9nS\FVOG\YAOMGm5x8u2\WZyZ\PV279Vy6YXQzdcjlyhAjH61h48Q38ZP48vvDu7\FshRmg1fmv6a4IcckPbuezy+IkVo3u48xb+nm+d9lCwjse5\tff3aIlUZ+w3V3vJE\fWIZH\r8ZTxxzT3sPgCXtMzUy\jBTz7NsrriAx4UqmCHiU9ZyAX\+nMWLvws7\z3v\eumT3M+39I0\MW88Ef38yHlsZ7vSYUjjPvjPfx1SPnMekjn+WenaP7M1TkUKOr9QexhGtY2ZIvO96p44N87ogYZ04MMjfmMKVYQ3N+tcNFU8Jcf3iM2dHSh4JbDFvTxZq2e\PletK4IN9eWM0ZxflPDttMi9gcVR3gHdMjfHlBVUXh2e93Z3s1mZw3hod3Z0vW3A3bFm+ZGuYtU8O9wt+eDos5fOSwKEdWDX4R2ACr2vK09KguXck2eENdiBPHDVwjssqxePOUEHNi5d+GHT3y+ZcSHtvT5ePfxTUBbjuuhoumhDmqOsD0iM2ksM3cmMPJ44KsmB7hxqOq+OUJtfxh2Th+dUItH50T7aol2+mPjTnay9xkELIt3j4tzMcPi7K0NsDMaGE\z4o6LKkN8OE5Ea6dG93vTYgvqHb4r+Pi\GhRnA\NjnLqhCCzonav8LeniSGbY+IBlo0Psmx8cNBjpFPMsThlfJBTJxTGX1Ib4LDYoRX+AvyzPc9NG1O05A0fPyzGJ+dFFf6KyKi085Hb+Mr\PMrzjUFmHr2IE5cuYvHMKM1bn+FnN93Cz9ZkRnoRRUREZJQyxoy5v63r1pPtWsMoJ624kmMjHpn2ZnbubqSpuYXW1haamxrZtbOZ9oxH5Jgref\pE7o3THYD67eN\Lrs7z+Rvp7eVr8fptrEjjvKjeOx4r8+XQjrcg08\p23s\zMMznzzLfz5bteJAHEj3o7n\r88RVer\0mK5YvZ\nyFXyzx6NDa0r5ADOTuebaC5gXzvHibz\P0\syrbu+yW\X5Ygv+xA3vLOiDtH3keHyGz5UCH9zDTz+3few\NZnSbCZB975Ze5dlwPCzHvTR7l2Ws\XDff+H8r0DMd\nO8d2kcSPDiHdcVX7Oc93z3cRpyEJ56Jh\63ApKVzETkQNNV+wPYqta8yTyBmMY9G9a2ObdMyPMig7cJ6dtwQnjglwxI0qVY5Wc1pp2t3d\uSXG7fybEbb52lFVVAesAefvWIWA+HNHVGFTelp7coZXeiSh29I+rya8kq+ZFLJ4+9RwyYDOAuZEHd48OYRTYhmas4b1PWpKmzLLG7Etjq8NECsRKs6JOYX+divYlgA+sDbhsifnl93v\za\igkhi0GyTxwLoo5FbbDQP\G4oDVgUPpoY67ssi2ucbhqdnTQADVkW7xpcpjzJoWxymw3M0CV30rGP3lckJ8uruHEcUHiAYvgED7dyu3TQ\0c0DOFZueve7GDABafnBvl8hlhwoMdZCIiIyn3Avc\sgOmn8MNX\0U173nUt674lKu+tinuOWGS1kc7mDVb59g+0gvp4iIiMgBsYddO7vjXyadwRlHuKRbG2lNDVS5IE+qtZHWtMusZScyuevxDPUNe\b\4sqARjoYP5T\nn25gcRw79CG13i43LynfYbzTy7Uulx7\8f53P\VF5+r56H\vIp\e7QBCDPvrCu40K9kXVwybW20tWVwe5QznZc8vQxtbW20Zdw+r\Px8hnSyQ4SbW20tSXoSKbJ5D38MvPw3SzpjkRhuokOkpkcXuey+i7ZdJKORHGaqTQ51x9w2d03fYY3HxWGbX\mRz\t\7zvZkmnOpevjURHknQmhzvgdqnne79cRTNxlq34d0729vcxdAmnHlHYj5sf\jif+9Xa7suf2x7ipn\9DWs9ILyQsz+8dP\t\6FMz7+QK86aRxhofvr7XHXrU13TW\urz\Hx\32RHBA\+Xw+M23k36uH0p9IOaO03TupxD\byt+ddPK4IMfXBkuOYwGvrwvy250OaxKDTzPlGdZ2uMyIhCpaPseCS6ZHGF9BEnfR1DD378iWnH\Wh\UdHotrCoftU3vyZe9smhiy6fAMHany9x9NDtvYllUy5Xsl4fLGSZWtf13IZnK49LrbwDHxAI80Dt78dE+JvGF7xqNUl8cBC94+Lcz0YaiRmXANaztKbzvbgqtmx0oG3QC1QYuz60I805Jn1z72CdzX5LDNp+bFytbglaFzDTy9J8e3N6SYGLa5anaUcycFB61dLSIy4lpbaPZh6rFHM7XvV2J8Eeec+BDPP7WVTS0wc3zxcb+DdY\dzy+eWEdzFgiPZ+7Sc3jvWxYxsec0Wl7gnrue4NntjaRdwA5QM30Rb3v3Wzmxc1pr7uaanzdy3hWLWPd\j7I5H2DqWe\nhjfNAr+FVQ\cy4Ort5WeT24HT95xL\evaSTvB4jOXMRlPechIiIi+83Yu7DaTFNTj+LUyYxP7aEpU3o9M617SNZNZ7oNu4un8q3tzRijHyRyiLljB03XQHwYJ5loeJFyPdiaSxez0AFSL\D0dxv6Pf\0D1+k\pzpzKhbyOvPhwcfLjfXL3HfK29hLpt5YNkKvtlVLogvu55XXrkeXnuAZe8s1hE2HrnJZ3Pt9R\m0mWHd\UZSzbBxmfu5f995\s8tjvUo0u5zmlu4r4ln2PNjf\OJ8\rfl2i\m\c+72v84M\NzDp4hu55UNnsXBKccsmmnjuwZu44buP09SrVvIUPrviTOqAtSt\1G+7ednZvOXGG\loz\5pvSyJLf\kj3ffwjfu29K\ssiDd7Lqfady3qwz+OD7PZ752f6sBn0Uk8YDJGhcXw99q0ptv4m1r13Kglk5IhMWAf8Ahn\D2l657+ehXUA9bxw12\6vabhx3\m+cuO46T4QhZfauD7ulYoMlooAD6Ire8o3fctwDmTQlSSidWFbJaMC\BiiQAWYEPS4+xiPwUDVNTsZWLI5th4oKLmcQMWvK4uVHL+Od9Qn+kOI19sd8uu\+aUz5fXJssvQHH6eWNKTnN7pndwWWrceMAiXsHKT4\YWJZV8uSy85lC\72ll3FSuLDdhyOY25LyyJc56Z0VsVlSW9lHyTFxh6lhm51lAmDT5\l9vPy8cFhCbz7zlsKfFNoceC\NqeZFrH5+GExFtcEBq1dLiIyKtRNY24UVq5Zzbpl5zG\z5WauRddz60X9Xykkcf+6zbua4gwd9l5XDg3TvvmZ3j0mXv5ypYWbrj2rEKQnF7Nj759Py9VzeLMN13K3LhL86vP8Ojq1fzs+1Dzpbcy3+6e5sN3P8X8M97Ke2saSc2ZBX4jD3\Vh5sCDB10TlccWyc9jVP8fDKe\l2NsI3Vsyn89a95391O5tnnsCFK84iWr+aB\+ymp\9KMrUfz2Pmft7+4mIiEjXufrYGEb6NAPokkn4FaynR0cmSHUcaOvcMJExuH16D0ersXdjwsHkWRqaL2buMPYD3LDujlL1UAC45PAZhf80N\DAQNctt71KQ+I8ZsTrmH6Cj3mo3PHbPQVjDIYcuVSOXDhEyAG8HLkskM4VjzeDu+w6fvHNK1jYeU6Vy5FzIRSLc\iZ7+c7xy\nFzdcyX\+zekzjxoW\foO3jYvXJhuCkKxEPEZy3n\124i\OM2LrpmOXEgl8pBOEQoXseSy2\k+6FPcPm3V3cv9okf4bSjAG8tq26u770d\GV84dc38\Z5Pfq0dYFwmPi85VzyhZ9y+OQruPrHu\rErs\ywNp6zps1g8Vnf5Yp\NddpbZekO3lqZWmDsuzryTzifzv78jVOzq0BT369cvP5mv93nVcO\oUzPLJlOHUCigReeGei69B00NF8LcZgx\3KMuavs1hCRA0NNQB\Eeoahg1lUU3nGf1y8\Lg7MpXX3JwWsZkYquxHswUcHXdKhtWegaZc9\w3V1CrtzXv82K7W9Hf2g4Pv8yPrp59AJcTcayKmsatDtgDNo89kLRnaMuXXsjJYZspwxSGVlJTd3FtsOI+cCeECv0\D\ep1Pxqp2wN5HIqCZoPVVvTHt\dmOKwmMNXF1RzfK3CXxE5CNjzedvlS5m48ylu\dq\cd23bucnv3uKVet3FGrt9pFf\TD3bY9z5keu47q3ncaJSxZx9tuu5hsfO42JDY9y\3OFFzU\9zKb7Elc+OGreccZizhxyVLOW\FRrj1rPCS3sbmp93RrTnk311ywlBPPOI8zZ0P+uYd5sAGOuex6brjyLE5ZspTzrryGa84Yj7t2Nat63rc2\0K++C8XcPaSRZxywfv46BnjoeVlntt\VyVERESkqGfzin2bWzw4yzGi0R4rmE3SVunrW3ayu637pdFobBSsz\4ti\T3MOsasuVHq1g9DSvLjzVjfDF1TTXRv74mwJ3UF89BJk2\cgjLcRPvft3p3La60MB1YvVtnP660zn9vTcVnvYu5D+\XAx\W1\kzi+9lZNPP53TX3c6b\3SnazanYP4Qq743LdZ1u8yYh2Hz7NoePwm3n1K52v+TD1AeCFXXLOc8LY\c9N7Ty7M87Iv8fA2gDCHL38HS3tMaenbFhVugt32Kvf0nc0Hr+aCeWHIbubhHst3+mVf4uHXckCcJW\9HBcPsPar\voazQBHLuIdw9tgYR\38PCLzQDUnXEDv\vJF3hH1AcMfjaP6w088+He\0OZ3vkTawoPZHM0DfgaeK2xcPzE6+YOMoaIjAQFwAexhFu6Dfgqh4pqoHaaHLJKTs8YQ8Lt\jIqN261w141yRtzLKL24NP1jSHrma6mkhP5gfuD2J9\XQGxKb\+DqaiYLTUOnedgBRPPjwDOa\0esds9jkM7VTuGDPGMC1c+bwsKN4UUGZ9eyoz\4BlqAkM3tfx3ii\w+9k8A9OcOX13awsNrh+iNizBimmwtERA6E6FFv5Ss3XsNVb1zEzGAjLz\xMD+7\Tau\8KN3PDfT7CuRydez69ZB+HxRFtfZtVzL3T\7XGpAV56eR0AE0+5ku988xrOm9x7XjPnTAPSpDK9H597+Kxe5XXr1oF9NKcsjfQe76JPccuXV3BKVfdji5cuped12sI8Wtg52Fm3iIiIDJu+tUAP\vIsZs\u8cCGV9mQLzV+d9nb+Arrejw3aeqkUbA++7c8Wvl+4ZqQhiMzvG\rMP4QTzTw\Mry860u9kSXaG8adLweR0gF69FZAcJAz8e7ptF7fO9Tl3FmHeDV89CN7+c\H6rven77H\6Dj974BzZ7wIwzuOoDXvF1PSpZrH2Aj3zml7xanF79Q9fz7Ibic96rPPCJ6\nlS8X5bfkDX\zLq4Xnps7gtK7l8DjvsEIbSImda9ned71mVBMG2Pky33twG57fY3o3P0UDkIvNYNExA2yP362lPgU481j0IW9YjpPBhvd\6kYe2JgDwsw84RKu\+hy4szgzPv+m\41JUsmZMk6\r7df8PZXoTYp1tdzfy0GDT7\mqUfJ+PRSGIuWoCeiDmGdKh1GV1D7tKVjB+KX6nu3LsfYulLOhbHPVhmIWakG2zPrvD1NClYdfrim\j4CyTSz35BtDuZ6fbcsatjs7KlmywF4eZ84wn1QFLKt\Hx4yLHZnfW7ZmGRpbZD3zY5Suxc3lIiIjBqhSSx+w6UsfgPgu6R3bmXlM4\y6DOPcustO7jq+hUsjjbSvBvIbuLhX2waeDpNjTQDnS2+5dMd7Nq+iZ07d\DS+k28tGEHAM3tpRamhe07gbppTKnku0u\1EVEREaMGYFrDvuXzfwFs2Ht1kLRX8+f\7SBOW86nHCpl\nb+fOTG3o8MJ3jFsYw2ZI\ekTGpIaXG0hcMGN4+gFuWMsd9OsJdtT52KJ5hf+s\xOffjjdf4Q\f4HVm97C3CPDzD3+HfD\V+vpzev\Q4N9F7PzS0JIA5bX+U72\pMb2c7CSDuhHps53cxY0rhf007+tX\hY7i3SxzzuDW71zNf\vvdz3j104AYfgyuu5+MTOJt6h\2XJB6hv+gCLZoeZseB84I+lNsc+eoqvr3gHD737A3zg4rNZPCtOyAlTN+94zpp3PGdd\gE2Pvh9\uUr99Okc0ERGQb6KDmIRWyLZIlEts31yRsIVvhLojVvygZ+kR5hX7kmc1OeIVeuTeUecgZSXulpOpaFU7xgGnOsss0hD6ewbXFWXairXG79PWMo30g1ZP3y0+p8zrEsglbpcbO+ITdMNwCF7PIhcOte7oOE61e8vp3\P5Cn3WPtFH+oUp7hj405TpkQ4rzJoV7vfRGRg5YdIDp9Hme\bR5nLLiXG\7nBR76WwuLX198fvI53PCZs5haahrpddzzg7t5cnfhlqxgvJqJE2dzytEBHnuh79WLvlzK3sklIiIio05n37AHdzlL9PgzOfZPd7CmmOFk1\+OX4+\nHeeMhl7oNd7jaz81a95qUfmEz3ubJZVuTT1aAl3dKzf8JZHq87l1HCEhnevpf66kziqs6vbfVC\7amK51vQv5nyrmHPsUyJ8frc2GKMKVa2Mb1qAHePfwKHTSzeInLk5ax+9vKBV6Y4Ss3UBb3mDwkaN5RqXr108+vdyzeXupri9DYPsH7f\T1PnbeA0ybWcPi5H+Eb536Eb2Tb2b7mnzzxxJ3ce\tTbIpECNj0fp0xQD3ZXOHxUHRime3nk08nSecH6Ds8UkV1sYZK6e1fz99\diPP\vxrmMt\yOOfnsfmp5qZcfwCJsZqOPwtn+W\8lu47N\2dUiZP\9Mhz7v\Lp9X3NQK8b6DUaHpihSCmqN3cQqwuX3n15H7ZU0E9up0r61J24FzVgm3J+xQGtARrSHtkSgbFtUWjqt1ietBfLsi8sYGbE4ZPzYpwxMVjx6zwDg3Tf0EvKKx+8dwo7UFWmFmZr3tC6F30VlzKhgm28IVn5leycDzszftm+lmVkGWBb2mdJbYALpoQV\orIQemlX93INdffwcrcwM8HZ0xjIuB6LjCemgnA7m1sHmT8run+9l6e3D2eM6++nlu+cyO3fOl6bvjYCi48Klr6hQBMYuZMoGkHu\p+Vb98L9d96VYe3FrBZERERGS\63Vhu88F74OznCFtHc0llx7bq4uJxr\fxW0\f4SXdrSR9Qrju5k2dqx5hDt+dBfPNvYY2V7Am9++ED+TGgXrs3\LIgP7Kw27hmEyXjNrn362olGbE4W7LULhweod9zhevTInM3vtKOLF7l9xwoRjg\x1BuIjdvPEHXziqi9yx1ObSXRugnANM084i3dd92PuW7OSu64\h8mDXC4t1EiGmknl+q99N7f\bS3r1q1j7do+wwe+XPqlvks2kyaVztN7MdrZeO0VnHfmJ7j\tSwQ5vCz3tPVX\Fw7\+hTG9ta7HFh1ANJwz2qs7PzcqjCBE5AFQD+CA2K+LwWrL0p+rKPXmOqCp\W5pn4G97cpT7jTsrWryTicJNSKXG35byqE\7LIyXb87EGPhbS77k9BzLYnKP0HtuzOH5ttLh4+kTQnxxQazM3EsL2xYTQnb\dSiz\nmfrv6KS0m6Bt+YstseIGpbjAvYZbf7lrTPURVs93JmRkrPC2BVq0uHa6iuoHngzSmXnRm\onXtUmY7lzsO90a5aR0qwbUxcHjM3uvmvUVERpP5R8yDVeu47xermX\lUib2+tWbYfPjq9lOhFNmTgLgxCXz+cWr63js8UZOeeOk7lF3Pso3bnmK\Ovfz1feFGH71gxMXMYZR1bTdVuY38GqF3r2jFdiuebPh9Uvs3J1hsUndvYDnGHVqnXk8\OYNRN4ed\WXURERIbPSPdFO5zldDJD\JhLeP\pe\jhXxu6HvdaXuLRe17iUcrw1\J\X\0a\3zDCi5YGB\x9TkQ5dGmb1it4YEe\p3NTVmYXqjy2v7MTZz6wZ+xNyw7QCDQfZ2x3HwbU4U+Y8PjpjPVGHb0G+9dTC\2U9O465d0dgtabrrFAn7X492PdR9nTeSyQBzaV36L1318gOaXyzHFfod73WTR\XRnP6am73L0Wb5S0wMwW37PLdf8nluAo878IG+94GROWnQUc6fEwanh6Mu\xrf2\IkP\NTqtz16bpP+y9N7OOgnhFXm\XnVrTx+5cnEeYWfn\UBbrP67oe\cOP9z3POJ08mPmkGi3yfBxj+\T+U6f29GBoTr2a+7\Nsv+n6HFaook2iZbM+pw7gUKQcBcAHsUU1Dn9pLj3OnxqzvGlKiLoyNTmfb8+zvkyY7FhwbE3lh0zWhz825jhtYpBYmc59t6Y9nmzOlxwnZMO8WHeYvXRckPt3ZEu8AnZlfaoDNjVD6LvUUKidG7SGFqR6xlTUB3Daryz8BagNWkyPFH4kDvaSpGd4rDHHqeOD1FTa\vcgpkccJoZsmku0KZ31DHfXZ\jgnGjJ7ZT3Czck1GeGt4P64fy601dngW0V+pIWETmYBZdeylUv38JPXrifr3zxQSbOns\cCQHItbB5\TaasxBdtIK3HVUcf8l5XPjkOh585FZu2HIaF540jXT9C6x8ah07q47mqtfNAmDu3Ag88wS33u5y4UnTCCa28eST\2BzMkAl7Tt3zedXt\DtbWdxztwo2559hMfWZ5j5pnNYrPZ5RERERo2+F1gP+nKmhbbUFGZd+DGujf6QH\7p\2fvPsPjqM6\j39nq3pvliy5yMYVLLCNCwYMhJoQML0ESAIkgEloCRBSCPk\QEhCSCUJJY2YlkJJQknoAUyzsQEbsNxlybK6VnXbzPNiV9JKXq1WclHx73Nd4nD7np05c86Z2ZXOzkxVfE+ncKSS6myhpQOgk80vPMI\OY9TZ6T1WmzY928vxyLRPFlRx6WHFAGQdvAXeeofZwzq9Z7qV\n3j37FP6oGXhbg8U2V3LxwOuQUcpoJv+37+8Lhh1CUBlBH1XuDqkocnmVL\e0syYG0\IMosKA6yhUygc42vKYdhysB9xD+Bjuw7unyqH9DNf0deP0mhiuJBIfBJ689yA9fezCUnHkpf\jNcuakuimdfxE8+JfdXj8pMzx5WbtlgHo8xFePfmhou9Dhxp3mxk0R004x4dkov\gFeu4S2bXHe7v\h7S+96uoO2MyOWlFHDLfYsW7ffrYvIrJ4ecoVW4YYvuIyD6hPzGNYguzXNjDz4Pt72dDa5CndnrpjPGs4Dqfyd+rvOzymjHXVZJopyDiCtxYy3b9vFrv47ldsW8\0ei3uKu8jUZ\7O0n2Q1mRUxAz89wkGA3Yr6myhvkPzU+Yuz+boIWfNIa4A\bO7hjQxs\LG\nv7U+OvqsZKB9D1jxXQHcERx4XV3cNoPJyXaSHLH3+7V6H8\XxnfbFwvwm1bUq1vtBhyZ7Rywfn\f2cmaAa7G\rQtwL92eWkL3\I6nv1lgOX2xa9m+3NbIiKyLyUw5ws38v3zjmBWYQLtO9bz3uoPeO+jnbSnF3PUeddx+xdm9twC0ZbLiV+\jksWFePc\gYPP\w3nnhjO0w5jq9dfx5zwgsetOxKLpk3Dv+W0DIPv7SZpLKz+P4NJzIJ2LFtZ+xqdW8nl47Vz\Onh5\kf1WpLLrgOm46Jjf2a0VERET2UGdjM20+G4XHfZ3vf\M85ufH+KK\zUHevPO48ftXsigzMuFl6wuP8s+PPfu6utJH15V1+hm+nx0fVdLS1SFJuZQeVDqon0OP+jJXXH9s\Nt8bC2fBIGkMpZ8I5eA2ZMzgz7mnzaD8QB1n\Div+JbZ7Tx1P11B8Q3AAAgAElEQVRv9F72sfc\CSUmL+DaRd5e27csk4DvPO57awOfrl3Dq\deFHMbfXMQb\02U9cCkEbOFHO35b\16BrWrP2UV3\1WfzBPuv78Lds7LqVvRGtPnNJDd880ttRt+\Gzl\eZUs7QC5lp55PbsDs3tfuvpxVROhRx3Vs3lf9P5T1\etFPqkDGE\ZhZ\FF4zoAzNA7lfmMyMJCH7C2seG\xg9kH5EBqIrgEex4kQb01IcfNTS\8Rba9DioR2dJNoNzilKoO+XsNoCFr\Z2sF\an0M9LjewzN3v5J3oNNMe9Dip5vb8FkWZ41z73ZL2Z2dJvdsbueNRv+A6zo0w0FexJXMOS4bc9IdrGzo\8rh1oDFA9s7cNvhpDw3sS6ItSx43+Pnr1Ve3m\yU+ezup9J\HKdjysmJXLGuIRe64hV5\gngK0BJxgjc7NTHeS4bLQE+r9iuzVo8fPNbfhNi3OK3Dj6XM1pWqFnPr\e4OPtxgC7vEHy3Xa+VJLA\IzezzleNi6BJ3Z6Y9avstPk7k1t3FCazJx0x27fLClvC3L7hjY2tAWHNJE6UNvsrbe7wfTD\mRZ0G5aJNoM9tZdmU2gM2iRaDf2+FbhIiIjl4Psw07kisNOjG9xWybzll3OvGUDLHPOlcw7Z\fU9T9a0BPMPo9f\miI2+nvtbHWKSIiInvV2P3DagdNNQHM3BzSsss487oyTuuoYtuGSrZt2USNDxKzS5lQUsS0SYUkOgAsjjn3BD76+X+o6r6pV2gS+Gnr3N2uBBYZ01asp+IbhzNz4Cfu9aum4nlMdv\7WVQVP+SZd09h+sJUZp79ID\ZcjVfW\EJBkWcctNP+P7J4wHY8sZDPDn0KnVLyz+IrI4OKu0uEl12Ku96hndOms7hGeM54YdPc\vPb+AbKz4J3Z1w5hn8v9uvZGEaQCufvLCvrv58iKpd10Mq5OadA\S+FfVLFXWcO6uI3KNu5L6vbOfbv3iHKgPAYtoVf+T4yQBeKj99afdVW4eTkxnOb3h2H9Uf4AGeePc8Djk6m7SF13LvD3bxlY8tLCzMjiyOjejL+tXP0t2SQ+3\oI\WDh\gIjHFhX2P1vckD712MfPPmETuUTfy0LXtfOOuZ6jEYvqFv+RXlx6KG2hZ\Qw\rNh3LSgig6cJ4FEs1W7juBwX6zyBmBNTdV6TOza08URVJ6eNS2Bqih2fCaub\TxR5aUuxu19u7flMDgiy0li1wSwFZqUimdGrMlnceeGNp7a6eXUAjdTk0Pbf6vRzzO7QlceD8RmwHmFiUTOY7psBp\Ld\NOg7\fK3wtYEd7kG+vb+Vf1T7OL0rg0Aw7LsPAMEL70Ba0eKPBx+OVXj5ojt6WtV6Th7Z3sijTSUmivXvdsfY\YEIgjofGertuAR3n75bTUx1MT3GwZYBbdjf5LH5Y3sa\qkPtXppspyNo8aEnwCv1Pspbg73a7dOWIG82+PjtIWkszOqZBJ6RamdGioP1Mb5oYFqwpinA5e97ODrHxfG5TnLcNmp9Fi\WevlPjW9wz8+NdhlwvMsO1Qi81LfZb\F4ZScPV3ZQ67VIshucUejm4uJExiVEeS51HFoCFisqOni0MnTsJ9kNzix0c0lxIvlDXKeIiIiIiMhYZBgGlmWNwTKAp3YnnalZZKYm4UwspHROIaVz5u\WBqa\HU+Tj8TcY\n6NfCLPpPA2158jH8Z5\G56akjYL\2XjlSjd0vJowWQRbeeiSlkZO\nh1srvHH\HuKZU+laFIO7nA885T7uOCxK3ikKr6x9ufb7+fwB5azJH88J3z3ST690YsXN+7wCls+fYy7b3178H\Ssqzu17y4s47rSYUJp\Li2hPwbn+B5Wd\m\f4M1+5dRJP\GgZk9JKOfW7T3LqjV68QXAnde2Rly1P3crVT0a\r1\fYdu9VSv6mO7+l4j6PVNeyelTikibMJ+51uNE3u347Zsf48VDl3NcfhqLlv+Zl67w4vUC9sg2epJf\WTH7n9yPHkaRUlAcAtrf23t0z8LPnHNrRzyt7tZNsVN6ek\5cVTQ\9+6toXOStcT+\GJ7j1mid61WNI\f+Df1J++mRgM\8oO4Mf7OH63v7B3Tw5607OnZbGoV\6KS9ecGev13h3vc79P\jzbn0tIsNLE8CjmNMGi7OdPFtjZ0Nr7MlAgI9bg3xc3jbo7dgMWJjlZFbq0IdL0IIPPQE+9MT1dJndHJnt4rCM3ts3gLI0B2XpDlY1xV6vacEb9T7eqPeRYDfIc9lItBt0mha7vGbMW2R32dYeZGen2T0BPBDTiu9DQ8Ac3IcLA7hgfAKv1ftoG+ASY9OCDzwBPoiz3QMm3Fnexh8OSyPLGfoeosswOKvQzV3lwe4rovvTaVo8X+Pl+ZrYz2bem8bq5wqP3+L\NrTx3K6etmwPWvylopNPW4N8b1oyk5IG93XTOp\J9z5u47X6ntuDd61zQ2uQWw5KpjR5D77CKiIiIiIiMoZ0TUyM1dLX0sCulgacCWkkJzlxOhyhu06ZAfx+P+3tHjrDvz52tiSSlx99EnjrSyvZNv0EJoyQ\dpbpchuim\jm2eWdk\kApDs4e3rLuCuGFc+nv7L\L9SRH\kLuIK2+9mEe+GucVsxV\5urLarn+pq+wbP4kUt1u3IC3pY4tr97P97\zGJ\EvRNdd4LrfUe4ylvv5rGpd3L6tFTcbjfuomIWQmii9dXbWPalD\jWVRdzSsT2CXpp2f4uT9x3Jz99tnLAbXRnu75kEfXLFtFf+85TH1B5chFFRZM5uQjei9wcf+aGy2q5+rpLOH3+JHJS3bi7buvctIV3\3Ufd\7kWXq9BACLk06YQS5A+Tv8NFpz7VWvc9tZl\DJ967nvGPnMCkjNJLc7lA91770KD\9QZS+HEr\d7dtlD4Y0nh6nTvPvZzN\+\7XH50uI0BvC1sefcJ7rvrpzyrq39FRhxNAI9yU5LtnJzvpqKjg\bBPOh2EDKdNk4rcJPr3v3GJPvjI3GB28ZXJiZG\cBQlGjntHEJbGprp9E\8JXEELrl8raOgSfM+7Jgt9tkx9p\u2Fgj+Nbo67wPX0H05Zz0hxcMD6B+7Z2DOJV8anxmqzzBDgy2wWEvgCwONvFobU+3moY+Fbde4PV5\3169eI+kW0H\Z0clzu6LfevudRj+\39bB\81IGdQ6H9zWwav1uz8b2gLebgzd\vymqUm6ClhEREREROQA4u\00NQZe5lASy015EadBB539NGUAkP7yr8Mhianh9kRReT1\Td7MZOPsLAe6f9lcwpyd\u3tKzJg+vP7c9w9\JnuDv+V\Tj+5w+5\tR\v1\3HH+Eu7o72Xr\sEdy\Rfz6ubYT86bIl\Km\5EOXsyTavPjKX\K\T07mvOmlLLhqLuYt7\X++9X2Z\jldc\wy7jqF2aeximzcwEva1+8ez9dvfoxj952OY\eBnzhPv73zRxemHMGtw30ssH2\dOZ8739uL6APiYR799Lo8O6jUiMpzietSAjFxum8GZ49zMzXD0uoPt3vw5uyiBxVm9nwvLPtpW3x+XzeD88QnMTIl+VaLDgBPzXHwmz7XP65TtslEQngSPZ\lEu0E8FwtnukK33R1ofZFsBlxaksjROc69vp8m0Peu3OPcNs4pTCDHbdsv\d7XYJffE\tzW\3xmRYP7+jAjFGPZ2oGvgI8UoPP5IVaX8x+f67GO7hbdYuIiIiIiIxRlmXpp8+P31PDrqZOzPxj+fo1J1CSnkrJiddzzYklpI6A+u3NH5GoHnmXze19\q19M+\GmPwFeGbj7teeVm58Zu\V64BQyZ0P\486YPzhF3N6fNcBxWR+ZRkLc4HtL\Kr+\Z8fYNmGBj9XCUtIrI36ArgMSDLZeOOGSmc9W4z1XE8TzdeBnBsrovlk6JffbuvGcDSHCfLxrlx2vqvQbLd4MYpSaxv8bPOE9wnk3QGcEKei3EJoQlgmwH2ARolzWmQ4Rz4OxbjE2yhW5\E+AXDHWX\UxwG3yhNprKzhfI4bgEeL7fN2O02wHYDPpPrYq0nwJ+2hyYm96WEiMZ1GAY2g34nJu0GcV1pPRC3LbSdWJLs++dDWYPfonmAyd2OoEWNz2SSI75bNtf7LDoG6Lgar4nXDD1rWERERERERKSvQEstu8glP\9YrvrWsQCY3iY8w1yvA4Ump4fbfdz808n8+upTmJwBNG3mmV\dzH0D9MvbN93Bn7Jv4by5RbjxUrnqUe64aQjP7D3QPXkH\77gSS6ZvpBllwd48oE9eIyZVcDNxx2Kmxbeeexm3h6OzvjzZRzx52HYrogcMHQF8BiR5bLxp8PSKEtzhGb19\ASzGSbwan5bn40MzX2hNc+vAx0YaaTqyclke0aeJgm2Q1+X5bOcTkuEm3GXq2HyzD4TK6LC4sSSA5PjKU4DArd9tABFOU1NmBioo1c18ATaYekOUiz919nl2EwtZ\nsk5KtnPL1GQOTnWE+mkP99VtGJwxzh312bI2A74+OZFl4xL2qI0zHQbGAPnChJ4+L0qwkRqjfXKcNnLjGCMDSXMalCTYY9Z9apIdx344a6Y7DFIGaGO3YcR1bHTJdBm4B7jUPMtpi\plAxERERERkQNN34k2xT1xoKWW6qZOgpZFsLOJXTUt+EdQ\fZGPFINVE\l932+8vGbOf2oQzjkkEM45KjTufnxyl756P7H3ZedzLyygznk0PmcfNnd\G+Y6j+68zu4+55\s9nr5tAz7mGR2Tcf\qDF97GqTPB+8Gj3PrQ3qqf8soPX14kGk0AjyHjE+3cNj2ZUwvcJNuNIc8D5rltfGlCIt+YmhTzFsYDrSfFYZA4hHq4bAanFrj5zrTk3a5EjSXFYfDdaclcUpJAfkL8t2ru7wegNNnOVyYmcuPUZCZF1CXBZrAk20lBP7dEznAaHJvrinnlcpcsl41zihKi1hfg8EwnU\u5BbYRzt9yUDIn5blx2oa+vzmuUL9fPjGx37q6bQbfmZbMpRMSyB\C7aAnJNm5pjSJOenRb1luM+CYXBd5Ec+bnpvhYFpK9OXtBszLdDJ5EOOkPwZwQXFCv2M222XjmFwXrr1wtfFAEu0GywoTYrblMblO0hzx1yXbZWNxVuxbhh+f62I\7J6IiIiIiMiIZ\T55Uhx7zjYUkvVjh1U1bYQGAH12dvxSDbQrauVV35M59+8lTv+uRnv+KO56fuHD3H9S\j5xYtIa3ybX37rF+wYSfunvPKDyIsMRLeAHkMMYEqKgxumJHFEtpM\VXSytjkQ9+udttCVrheMT2BWqj3mbWD7TlJGMz3FwYn5Lv5R5WVdy8D1MIBJSXa+WJLICXkuMpyD\Cd67Zx6YREFmU5+Vull+dqfHgH+VBTpwGz0hycku9mQaaTSUl2ol1oOTfDwZWTk\h\n7bREezZhstmcPnERA7P3P25yf25uCSBHZ1B\lntpWtVBjA7zcFXJyaQFeNW0gYwJ93BLYlJHJ3j5C8VnaxrCRCMc7cTbAbH5Lo4c5ybeRmOXrdfjsZtgy+VJDIrzckftnXwTpN\wOfGGoSudP765CTmZzqYm+HkW+tb+cDTMy7sRuiq74uLE0mNmNgsSrRzXWkS3\64lY1tvW91vTjbyZdLEgY1ERrLgkwn356WzI\L22n093yNMM1hcElJAouynAPeJnpvuXxiAp+0Bnizwb9bblaqg69OTBrU+gzgqklJbGgNstaz+\F4SJqDc4oS9K0gERERERER0B9WZUSyLKvXZLVixQdi\PZtpzHvtj1Z3\+47sSDR8z+KFY81FhkIIalkTImWYBlwaomP49VeXm93keTf\euNoDCBDsn5bs4u9BNSaI9rgmuDz0Bbvm4NeazZxdnOfnB9GQKE+y8Wu\nwW0dfODx44vyHNKZqQ7OLnTz2QI3qY6985xV04Jqr8k\dnr5b42XjW3BfidFUx0Gc9IcLMl2cUyOk+JEO4bBgPWwCD039W9VXrZ3BMl32zi9wM2kZPug98FrWrzdGOCVOh9tQYtD0518Nt\VazJ0IBbgMy3ebfTztyofr9X7aI+y06EvC9g5PtfNmYUuxrnj6\e+gha81ejnLxWdvNXo7zURDqEreqenOLioOIHPFbiJnNNvDVj8t9bHO41+DGBxtovjc5393oLYb8LT1V5WNflx2uDoHBdLs117fULWAio7TJ6q9rK1PUiey8bnx7k5KGXwfbqnGnwmv9rSwZM7vbQHLRwGLM1xccOUpKi36Y5Hs9\iJ5va+Ve1l46ghc2AE3JdXFM69HWKiOxt768r59BZU4e7GiIiInKAeu6555g5c+ZwV0OGUSAQYPLkycNdjV5KS0tJSEjAMIzuiQCVKlWqVHnglp2dnWzatGm4355kiDweDwBr1qzZ6+suKysDdAXwmGUAhgHzM53Mz3QSMC2qvRZVnUE6TQsbBikOg6JEG9lO29Am0Qb46oDftAha4dv65jhZmuPE47fY6Q3S6Lfwm6FbJRcn2skcwtW+A7EZUJhg4+pJiVw9KRGP36Ky06TRb+K3Qlf6JtsNCtw2ctw2BrjwNSoDyHfbWD6p\9smx8ttMzgq28lR2fFfORytPm6bwZJsF0uyXQQsqOwMUuu1aAmYuG0GaQ6D8Yl20p17PtFuN+CILCdHZDlpD1rs6DCp95t0BCwyXTbGJ9jIdtuiXlWa4jBYNs7NsnHuuLbltMGZhW7OLIxv+aEygPGJe6dP91SWy8b3piVzzeREan0WGU6DnD183nG60+AH05O5oTSJOp9JltNGVhzPqhYRERERETmQjIQ\7KocvlJERERktNME8AHCYTMYn2gwPnHv3eC16yrj\vhNel1xaxCafEp3Ds+wS3MapDntwIFzlaPDgAmJdibsh7nMJLvBQSkHVvvuL+lOG+lD\17AbgxCX77IcKqvREREREREoumaBFR5YJYjlWVZKlWqVKlSZXcpEosmgGWf8VsQ0HlIREREREREREYZ\WFVRqqBxqbyyiuvvPIHZl6kL00Ayx6JdcoJWKHn8IqIiIiIiIiIiMieifzj\0BXgymvvPLKKz+28yID0QSwiIiIiIiIiIhIBP1xVURERERGM00Ayz7jMMA2sh+dIiIiIiIiIiISlWEYWJal8gAsRyp9MUFERETipQlgGTIr\NOfJLtBgn1\1UZERETGiqRE93BXQURERA5wkRNtlmUpPsBiERERkdFOE8AyJEb4J9YMcJbTRqrDtp9qJCIiImOBaVl0en3DXQ0RERE5wPW9ClTxgR2PFJqcFhERkXhpAliGJMVhkO6wAcGoeYcBk5JtpDtG5gdmERERGZlshkGC2017h1dXAouIiMiw0UTbgc3pdA53FURERET2iCaAZUjGJdiYk+5gTXMAn7n7L0V5bhsLM516BrCIiIgMWnpqMvVNzSQl5g13VURERES6nw2r\IGTT0pK6nf54aQvJoiIiEi8dH9eGRK3zeCsQjdzMxzdzwLu+jEMOLsogbIMfb9AREREBi87I41mTyut7R3DXRURERE5QHVNtHU9HzbyR\mxn8\IyBh4kOxndrt9uKsgIiIjiN4XZCCaoZMhm5Rs556DU3lkRwf\2uWj2W8xOcnGxSWJHJ3tJEGX\4qIiMgQOJ0Oigpy2by9itKSQpKTEoe7SiIiInKAinwWbLTnwio\dvJtbW04HA5KSkqw2UbeNTPFxcVs27Yt5vOJLctSXnnllVf+AMmXlJT0u7wI6Apg2QMGkO0yuHpyEs8tymDlUZmsmJfOiXkuEuya\BUREZGhy0xPpXhcHlsqdlJRVUN7h3e4qyQiIiIHmGhXjSoeW3EwGKStrY2dO3dSVVVFRkYGycnJ8Q6R\eq8887rnpiO3IfIsovyyiuvvPJjO28YBueddx4isRhW3xEkIiIiIjJC+P0B6ps8NLe00dnpJSHBpclgERER2aea66pobWkZ7mrIfmCz2UhNTSU\P5\JkyfjcIzsmyUuXryYHTt24HK5gNBEQOQVYYoVK1aseOzHPp+P8ePH8+abbyKjl8fjAWDNmjV7fd1lZWWAbgEtIiIiIiOY0+mgIDeLgtys4a6KiIiIHDCmDncFRKJasWIFS5cupba2lpSUFNxuN4ZhjKiJCcWKFStWvPdjy7Lo7OyktbWVjIwMVqxYgchANAEsIiIiIiIiIiIiMsJNmjSJbdu28eMf\5gHH3yQTZs2EQgEhrtaIiKyjzkcDkpLS7n22mv55je\OdzVkVFCt4AWEREREREREREREREREdkP9sctoG17fc0iIiIiIiIiIiIiIiIiIjIsNAEsIiIiIiIiIiIiIiIiIjJGaAJYRERERERERERERERERGSM0ASwiIiIiIiIiIiIiIiIiMgYoQlgEREREREREREREREREZExQhPAIiIiIiIiIiIiIiIiIiJjhCaARURERERERERERERERETGCE0Ai4iIiIiIiIiIiIiIiIiMEZoAFhEREREREREREREREREZIzQBLCIiIiIiIiIiIiIiIiIyRmgCWERERERERERERERERERkjNAEsIiIiIiIiIiIiIiIiIjIGKEJYBERERERERERERERERGRMUITwCIiIiIiIiIiIiIiIiIiY4QmgEVERERERERERERERERExghNAIuIiIiIiIiIiIiIiIiIjBGaABYRERERERERERERERERGSM0ASwiIiIiIiIiIiIiIiIiMkZoAlhEREREREREREREREREZIzQBLCIiIiIiIiIiIiIiIiIyBihCWARERERERERERERERERkTHCMdwVkL3jd6u28chHlVQ0dxC0rOGujoiIiIiIiIiIiIiIiOwFdsOgOD2R82cX8dW5E4a7OjIKGJal2cLR7K0djXz9+fXU+yxwJ2I4HIAx3NUSERERERERERERERGRvcLCCgTA20G2y+AXJ85k4fjM4a6UDJHH4wFgzZo1e33dZWVlgK4AHvW+\vx66oJ2bEmJoXlfCzCscBmOu3TnUV555ZVXXnnllVdeeeWVV1555ZVXXnnllVdeeeWVV36U5A27A5JTqevs4OvPr+edS49ApD96BvAo9rtV26j3mdgSwpO\of+EysjYQHnllVdeeeWVV1555ZVXXnnllVdeeeWVV1555ZVXXvlRnrclJFLvM\ndqm2I9EdXAI9ij3xUieVKwLCsiC+EWFFilFdeeeWVV1555ZVXXnnllVdeeeWVV1555ZVXXnnllR8DeVyJPPJRpZ4HLP3SFcCjWEVzB7bwM3+N8L8Z4f8qVqxYsWLFihUrVqxYsWLFihUrVqxYsWLFihUrHnux4XBQ0dyBSH8My7Ks4a6EDM3En7+APT0Hg8hvgKhUqVKlSpUqVapUqVKlSpUqVapUqVKlSpUqVaocy2WguY6t13wGGX08Hg8Aa9as2evrLisrA3QF8KhnhP+jUqVKlSpVqlSpUqVKlSpVqlSpUqVKlSpVqlSp8sAoRWLRM4BHue4LuC1UqlSpUqVKlSpVqlSpUqVKlSpVqlSpUqVKlSpVHgilSAy6BfQoFroFdHavL3pYoFixYsWKFStWrFixYsWKFStWrFixYsWKFStWrHgMx4Hmet0CepTaH7eA1hXAo51lYfX9p+7\MwDllVdeeeWVV1555ZVXXnnllVdeeeWVV1555ZVXXnnlx1ZepH96BvAYYGBghMtesaG88sorr7zyyiuvvPLKK6+88sorr7zyyiuvvPLKK6\8WMyL9EdXAI923VcAW2CE43CpvPLKK6+88sorr7zyyiuvvPLKK6+88sorr7zyyiuv\BjMi8SgCeCxwIj+bwaETg7KK6+88sorr7zyyiuvvPLKK6+88sorr7zyyiuvvPLKj5m8SCyGZemrAqPVxJ+\gD01c7irISIiIiIiIiIiIiIiIvtRsKWRrdd8ZrirIUPg8XgAWLNmzV5fd1lZGaBnAIuIiIiIiIiIiIiIiIiIjBm6BfRopwu4RURERERERERERERERCRMVwCPBYZKlSpVqlSpUqVKlSpVqlSpUqVKlSpVqlSpUqXKA6oU6YcmgEc5Cyt8FbAVfiJ471J55ZVXXnnllVdeeeWVV1555ZVXXnnllVdeeeWVV175sZUXiUUTwKOcEfFf5ZVXXnnllVdeeeWVV1555ZVXXnnllVdeeeWVV1555cd+XiQWPQN4lLOsrq95WBiEvxGiWLFixYoVK1asWLFixYoVK1asWLFixYoVK1aseMzGIrFoAniUMyL\zwDDUqxYsWLFihUrVqxYsWLFihUrVqxYsWLFihUrVjyWY5FYDKvnElIZZSb+\AVsyWndsQFEdqZixYoVK1asWLFixYoVK1asWLFixYoVK1asWLHisRcH2zxsveYzyOjj8XgAWLNmzV5fd1lZGaArgEc9YxTHZv1qvHXszpWMPSkLR1Y2Nmfvx1Tvve37CVZ9iI+JJBRmdf\7bsubnQTrWjDycjH26vbHfhzq30Lc0wq6Hza+X7Yf0Wd9H3I+UtrH6qzDX1dNoM2H4c7EkV+CI9Ee1+tD7erAXjgDV6pz9+UDDfg2bYVxB+NKi5KPFe\BeLc8m+ncCa7SydgdcW5vL8TRtrsvtzdSY6u9joCnEbOtBTMAhjsVe2oujswMDNvw1290xkEsz06CrvE4EkZCffZRHD5nBBlIfOdzy7OZjijHZN\l8Wymc2cS7mkFgzzf9O6XgZcf7bGJ1VZPoLkBs6UNk71zfNO6A39dA0FvAFImklCUDgfCeB\OuKOaju1VRGNLTMWWHOpTbAfI+5vlxWyowtfUiBlwYc8qxJmd1b3\MV8f47xluFOxJWbgyMnFZh9oeQe2pHTs6bnY05K6txPt\SBYvRZfMziK5uBMsQ9+f8dAbHmbCDQ1EGxvwvTR8ztbdi62GOd7xSMwjjgm7AWzcKW7oy\fUY13exUWGd3nokEffwAEMRur8DfVEvSBLTEbe04hjiRn7PoGGp01W+sAACAASURBVPAPYlt0VNO5vX2\z6iWLFixYoVK1Y8nLFILLoCeBSb+PMXsCWlDnc1huzOMxZwbnaUhBnE09LI62+t5YpPEnEk2aMstKfy+MtFk1hMPXc8tJEH+llqfFE6dyzMo\Lv5XxrH9RiLAv1bwuP3b9+v7bdiO8zfwenlM3g1nn55LoA00f5++\zxZWw0z3gq7uPG0\5Gg5+wbvbH4WZNYU1i7OhYgtlz9UMqmp70naXnXQotxTDm2++zxfWDfLFe2C4tjtiWD6Cu+r5wimL+eqMHEqSwrNBZhBPfSUPv\ABdzbmYnfGXo1EkZzATYdPYp73Y85+c7grsw\NPog1izJJG3DBNh67\6MBzw3xHpOh5byDf484UPoFABOzvp0rPzeHL03JJC8h\HnIDOKpq+Thlz\kzvqcIRzfJl8+YhZfn55Gmg3wNnH337eRcsC06zBZMpPNM\r53B4I4mmo5OEXP+Ku1mwMxvr7m4npcHLv5w7hlFwXAN7GSv7wn3Xc5Ukf+A8a4c86Uc9b4d8jXnxlFddVZ2CzDbB8wEf51g388bntPOzM7v5SRS\BFB64cBbHpkJN+YcseKX9APujSxCzoYbPLjqMa8vGUZLixG2jp61ffotrKrJxJERrPBmRIo4J746NTH+2PuqYLlowjf8dkgH4es5Fgz3+MDFNG\eccginFCWGxk7AR\na9\j6q0E+TXXFVc+4trVkJptnuMfoeVNEREQkOrO9RVcAj1L74wpg\ZY2BhijtOziae5gY2PPT4XPIC09h1NOXMrrxyZQFNi32yfGcicdPJklWc59sv2xXva1v7Yb2Wf7c7vxluPLZnH34nzSAm28Ut7E+k4HU+fO43cL43t9l7SpM1gxpbk77m+5wdRvT8Z7X2N9nI2M0sRyJbPi2tO5fW4e+XhZubmep8sbWNls4s4t4Yrzj2dFaUv37WFGRr1HSTlxPOdPSSPdNkLqs69Kb4BNjZHvwz68AD5fr\fmjY1eKuNcL3t5uQOyXwDD7+DOLy\lptk55DmhIvJzUl4JV5x9DCtmBAa\3uQJXDwzjTR\O6+U1\P0Jg+rD6R2HeaSjs4+x1YHFQF7qE9Pn8f1LpNohrvee7U03fzmtHmckmujoqqB56u8eDOLuOKUQzjXjG89QJTzVAcbO0K\Ryw7dRE\y\PFXr7Jj8dwMXXKbG7\0lxuzmmPuj1rYiazU8EbgLySAq7yjpB23E+lZYN7LjmVXx9VwtQEk3WV9TxdXs8rNQFIzWHZ6Sfz4qIgZnBk1FflIM5HgDs3nRv80fImV4\LINKQjj+vjTuXzWNZsRtPfRNPlzex3udg6tzFPHZaFkXx1DOObe1Wv33QXipVqlSpUqVKlSO1FOmPbgE92lkWlmHsXmJhEeXfR1A+xMdH6z7gCx9ZEM5jGBSXlvLg0TlMOXgWP6x9k4s2Jva8PthKoK6SYHM7Fi5s6TnYM3Oxu+096zc7CNTvJNjSiOk3MBLSsWUV4Uhxh7YTrR2tdgI7NhEgB1fROGh6n4C3DAhgfrqKjpzpJGQlYRkGlreRQGMNweZWLNzY0rKxZ+djdxrh\fMRqPoIv+sg3MltBKp3EfQZGMmZOHLHYXfbetrH8hKsqyTY1ozpszASM7FljsORmogxgvsvvv7tZ5z2er2F1bILf1MjwfYOwMBITMeWWYQzxR1+nY\Azoj23LWLoDeiPV02LMPArFsV0Wer6cw+iIScFLAsTF8zwYZqgp7+xk2AYOUH+BOm405qwb+rlqDXwkjJwpFdgD3BMYjx1X\7XDQ1FzetPPfiOq7aacG4ibxyagFTi4th9fYB27eHmyULZ3DmRxX8PdnWs1w\7T7Q\gcb+h\v+D3463f2jPf0bOxZEeM9sl7BNgI7txLweMGVhj1nfE+7RLZfYw3B5rpw+2Vhzy7Akezuvf\BDgJNUZZLcXe3z+7jzMJs2Iiv1sIxvhRHsgOsIGbrTvwNTZidPnAlYUvJw5mVCfaRefzElfc5uGfZYSxJNdlYvplLX66jovv4MyieMZW\LM5iyXFzueWxDdzZFn\7my1b8FYl4pqShrlrK4EWLzjTsOeOx5nqxmytxF\bgOkzMFJzceYXYLOF1m+1bKKzKhlXaQpm7XYCng5wp2PPKsKRlogRuX+WNzQuWxrC578c7Fl5OFISu\fX8myic2d4fXWVoXHoSMSWmo8zJxvDiGgfApiNlaHb5XatLzMPR2rE+iLrF219NgurcxeddeNDw6p1FR2fFuE6KB+bYWG1VOFrbMLs8IIrBVtyTu96jJTxEW9+wybOLO95\4Vi\nN5IVNa6jjhHxU9\25Z4G8m0FBDsK0VK2D1s\9d54JW\Dtj9H+094eB+s8bo188VfiaYvTLSG3\WPnDSjkjz463sZYr\7qJVyKO71mHzmTFvFSWHDKBBRsreSvO86vVsonO\PFkAJ6KNVzwuzU48osITJvXu10LffiqAjgnT8Lu7DpePfjLNxJMK8VdkN49Lsy2HXgrDVwHjQ\1ha+ZQH0NwfYo48QW2r\u47oEAtVVmFYSjoKDcCQZWFYAs6GSgCfKOBhJ\TPYfHjIe+p2csKzu3p97sVyccNpc1ien8dpC2q457XWnmPEbCdYXUWg2YPlcGNLG7f7+1fX+6WnLnRe7ntetyzM1ojzek1F6POA3Y0tPWJ9XfU3fQSbdhJo6v\91zIMrPZq\PUNoc9vjkRsyVk4cgqw2Qdon4MmMC8LvJUVHP1MDVhBrv\sAq4uymTp5G08vmWg9g23Td\zVPj4WHrcIfx+chonzy\k+mfr+l\essBIYflnp3NDYT5fPKKdV5+q4a1e5w0\y2fkk0cHL1fCMRNyOXnhp\zmfedu9bM6qkO3Vu9qj6QsHLkR7TGSx2d\eYJcunQeywrseKoquPDfVayLbL8JE\jn0nHMmjeP3zet5rIt4c\VZjvB2mqCHaHfb7rHR27P5wU6dtKxvQPnxHHgqSTQ0IzlSMSeUYIjOwU6avDX1hDs8GIk5+PIG4fdFfH7nhXAbA21uekLgDsNe\o4HBlJPZ87vbvo3NaGsyQbc9d2gkEHtuxJuDISIdAaOle1hT7P43BjS87BkZOHzRFjnPft15Hcf\3lu85HXj9p7iwWHfoJfOTs\XrnOA7LBa8\iNvJkI8\a9E0zs+z46naxoJ\V4eXz+Tec6ZxUmkJV7+4jm\1O\4it7Uduj7\h\NLPzMnvK0irn+2JvrvQV393N6I6TPA7saWEtHPpgf\lo0EMg4iITul9\Y7Kums8OIsLcXusLAwsTw78TU0Ynp9oc836QU4MlN6Pt90jeviTMyaHQQDNmy5pbjS3ZgdNQRq6wh2eHvqkZ2HzTnCxofyyiuvvPLKKz+68iIxaAJ4tDNC3\SwDCNchmP6xCMw33s\eucrNm3isvwEXpmVwhEzJ2JtqsEGWN5dTJswk19ccixTw7c69bY38fo7q\jyh0nYEwwM\ATSMllx7hHMT3N232Zq+9aP+dErzTxrudntvueGHzOtiBcvPZaphpfn3\qY5plXck4mgJvzf3IV5zfuYvLftmB0ejhlzkyumXc8U8O3p+6qw5c+TMSZYMdiPI\cdCSLWzbznYpsbixLD91msbOF199Zw01rDaoTDCzDj5mawYpzF+9W1x+\4uHfOEds\+1J\0a+nuZObvrcUi6YkkFa1xkp4GP71k\57j89vJ7iwDLia8+7rriKc7v77ErOb9xF6d+2Ynlb+OycGVwz7zO79Vlo3NgwKOKRm5ewuGUL36nI2m0bN681qYp7fPXfPnX+AJBIbqoHc6sfM2kS+YDH295zPMd4fUg7b1a5WFxYzDdPquGvrwaw23uW72n38Ovj2P8ffbW\8b6LqRNm8MsvHrfbMdc93o2erVrOCbz4jWOZmgSYPrZv\pgfvdTAsySF6me2UZCVzQ\OWMySbFfPbeA2fsz\PVnHG9kpof032yjIzuIHZ0Zbrp43spMj2qNnf2nxc+clF3B+gUHF5m1c9GIN21r93PT5E7lgYkpojJlBPM3VPPziBn7UmBRzfI7U48sAzLKJnJwD1NVy2Sv1VPTJV3y8gXsnzOXOwhRmHwSsib\9Lz\7TG4p7uDJf9Yx65JjmZoYarftmz\hu49VMuuck7iiNDl0jLQ18sTLa7l+ZwI24LKzzwq\tpbZlxzHlO6xsJ4fvdTIM0boOYuW1UZhVg63nbEoah+\nh1a7rJzzuquy+wvHsOUxNA49DRU8shLH3NXY2p4v9sJWgn87IvLOCU3xvrOjmN9xx9P1fQkANLmX0XV\HYeu\8DvtXi62cslXNXY2j\R8r4GHq+9yHVnQ\Uc+Ssg\nO4cd3nwswg3iaqnnkv+v4oSet121lTOcEXvpG\3fsxEj\v6L2i8f8q0WLzed1l+\JIb6ZcS07yDyGW7cQHnF+7xMWq\xte79ClZOm8mJmZmcTCVvxXl+vezcc7ilKPxmO2UxVT9ZzMamdqZk9G7Xt7baWTgR3nh1FRdvsIfqM2kOq756AnlttXxvxSZWAJZhctrnTuFnUw2ef+YDrtzawJGzZvOdw3veb3qPk\TQeeKcs7iluJ1nVhkcd2g6bkw2bt7ECS\tIGi5+dmX+o6D9fzfkw28np08cvpnCPnIg6t33stPNzVwUX4OGcnJYPRMAFvk849rj2Zuas+56uGX1vPjxrTQ6+N8v+x9Xl\K1MQo68PAsNrx4+LnXzw96rHYtT6j08P5S47mpjk9n9+87Y0888IarqtOxB6rfWqCNAO5iQZHetp4NWBRlGAHs5MdW6O1T5TPjz1NuVv+lbebqJicSHFiUuzlDQODNn797+3MvXAySwvyuXxSDW9ti8h78zmmwA5tnTy1zmTKhERmTyxm4XvVvGWPqF+nh\OPGKA9Rvj4jJrPKeHiUje0N3LHv6tY33f8bt\OVRvT+M\0BEpKcjG2NGBZLYwrmMjvLjiSqV23iwa8bY0889IqrqtOCbXH8cdRNcPNG69\CrOP4oiM8JisLudH\9hI04Il3DE3M9SePg+vv7WOiz4Jzf0Z+An4A3zrtBO5YFJK6POI6ae2ais\e7KcR9zZofeXzxwb2sbqBg4qO5FcG3h2VnLo0x+TP24C9114VJQ6vsf11WkYhjHAOE8Kj\MR3H8x8gDUtLGxOIPZxeOwPqqPeL80WXB4NlNp481qJ4uLQx0\lOPvotxEvKaf1Ruqw8uZ0P4J29qmQbo93J\91z9ya33zr3ZvK7E737O4gWG2xOjnVVxfnYpRfChvfPV4imu3cdST1ezoXr\FohOOZ8WMRFa+tZoLPwxg+gLcfHq0MbeRh91ZofYLj+vXVzcwreyk7jFX9rf1XHjEUdy421h6n+urk0PjbQSND+WVV1555ZVXfvTkRWLRLaBHO8vCsiywzHA5euLIfYiW3\5GE6t9QHoKl1kmluVlweKjePLzU5nq8LJycx1Pb26mwpHBcUuX8sISB5ZlYfmzefj0OSxJhYrqhtDtUNttlEyZw90n5GOGt9OzfS9Br4u\nDqNqTY\K99bz5XrOli9rY6XG4JAJ6vL63h6WxtYbRy5eB53H1XCVEcgVIeKNjzuUB1eXOLovf7MCXz3sFSaaxp4erOHClsqS45azB8XG6Hl\Dms6KeuPzkhP7Q\I6S\9nb\dpXXnXsUV0zPgFYPz5fX8XRFCxWmi5IpB\Pjz2V2vy6e9nx\tz5rxbLaOCpGn4XGjdkzJDJLIrbR3L2NPyw2BjG++m+f+z\0UIGduUvmce\hZaw6Oh93ezP3v1kXV\uGBKl4rZKVXsibMYMHi5q6x13k0A7F8e1\9PHu5fDFR\JUr2PO033M9Yz3rv52ccTCUkqCLTxf3sDK1nC7fL6Ew\2h+gWzi\njsjkcl2ujprqBp8ubWOdzMHX6HO7\8gSO9IXWF1qurJ\lSsLLWb331VPHFz+\kPML7NTuqOALL1Sz3fJx6bKFXDElCa+nmefL63i+OgCZRVzx+UO4yjcyjpehxDdMzMJNkNXbN7O9n+Ufe3YVkx98jwvfH1z7h6Rw8sml5Hubeb68iXWdBiVTZvHjq4\hxskONm6t4\kqL57kTJYdP5vl\vD2u187heJeY6GMuz9fwgJfqH5mdjF\6FWXxl51OcrXd32l5HlbQ+trCpCWVcRXl05nYXh\rcwSXrh0MctybT3HZqttaOvb1cjT21vxArXVdTxd3sj7lo8vd48lT5+xdDDLfSNrfAw9jjysevJFZYdz39KSnnNBeSOr26xQu50yh3OsyPZ1sWRhP\3vNyOWo3v9cfVf1H7xDtAvw92eexDv8lMLlBRO4YKOj\Du3EHQ00TQGwCrmSsfeYvJD3zArVb8x\e6HXXdbehtaODp8jqej9KuT+7swIObqYVp3fUpLEggDyA5kUV54fqaqXy+IAnaOnl2h0VR2fzwOPH1M04i+z+DUw5NpqKyjuerW1hdWY+VWdzPOCgLj4MR1D+Djvu+P0fkfc0U2Oh5zmXEsXTEkplMDbbwfHkdrzSEzlVXLJ3OAmso75dd5\WWXue+yPWZmSW8eOkR\RyLPetbcPQ8bp+bAR0tvFLe9dkik2Wfn8\P8gZoj+YdPL\LhKyJ\PK0cdzzxaNYlm2ysbyCO+Jqz77nqYh8oI1gsh83ALaBl7cssHZxf1U7kETpeFuvfOHCbOa6obaunqd3bGNlI5CTy2WTAr3qt0ftMYLjhTMzKQEqqnbyeD\LV7zxATMefJcTXqnDsiys\Jk8cvpUZifDxsq60Bhq8ENyJstOnsu3kyLfb1zMW3gw81wdvFLewEpPgLSCqdx44THcPT+Vmp2htqy1pbHkqNnckxfefls6v794KVeUJuGtb+Tp8jpeqYe08VO5\UtlfNkZDNcvfBwdlgc1DTxd0cLqXbsw82fwaL91nMctSaH9i92vw98\e34+amRlbeg20NdHnl9NF+fkp0JjG6\0eb8e7PH30HOrmfHAKr68wcT0bKKzo4GvLjmK8wvB29DKUzHrG3ne7JMPtBJIDnRvq9fyXeezmP08N9TPO7aHjuvcdK5yR6zfdPKF\DRoa+WpDyxoS+PB7jHX1GfMzeFSZ6DXuF7Sa8zVsPDoefy\qGPp8PC4HknjQ7FixYoVK1Y8qmKRGHQF8KhnjPIy1n500uwHkhOYggH+Ar4xOxN38y6ueeIDnmrqem0Ov\3SoZw0cxLLV27k3kPzOTgRtq99mc\8Lxmbyw5k8JsLp3NizjiuppFfd2\HwjSTWHHJPJYkB1j59kdcuNYLGDz+zkbSsg\jmCw\5S9v5FsACZP5xqGZuL3N3PHExzzgCa8mdwL\Nw4Zs2cxPI3N3GvM7x+h0HFpxs44dVwZdOK+duZRRw2ewrL3x6orgVcTQO\Htb+2Zf9CzCZIwrseJtquPLxzazsWnz8ZF49JY\irHTA07P8QO0Ztc8mDdBnE8N9RnzbGNT46luamGuf4+fFp\OTmZmcsiCTmu1bufbNap72DLJdPTu5eU0m\1yQxnFLZ3LW\dv5e4p993aPd\+jtZ1\3ADH3OTQMefoqZd3VyUnPFVBBQBubvj8HJYXjOfqmVW8vcHBbUdMDU1Ev\1h+FgDSOaWZbO4LG8SX5tTxWvrnXEu5+rZVb+HL596LN+d4sJTtY2zntlJBQZQzLHj3FC\ldP\vJWqpAQMA5aeMJffl6RxxHy4d81wHydDKe0UJ9qBdio2xD9uBteudry7tnHqv3eG+rPruEwN8PR\13LtttBSN3x+PssL0lh8sMG9H9P9WlpquPKvm8N\OHSHbm9aMJFvlFVx9joHtx1xUIy6TORrcyr7rwtu7jzrUM7NSeO0gMFbDh\LF0xiqqOd555dzRWfdnTv8zGnLOYPB03ka2VVvLbOGd\6Pq3gWkcCa0pSaG7YyLWvA5Twl5hjyeDeNXurf4ez7Cv071+Zko072MHjL6zl5h1duTTuOWcmp2UkcZhl8NeIVcQ+Fzj7rD\e\jvA+uXTLdw\cTY3TJjM7ddM5nvtLZRX1fLh9m088d4WVprFODJTu59sEc\xffbarawMTGVNSQq0NXPty7tCi83q267FnDM3g8MyUimilUoCXJybDgETryOF4uIA1DghP5spqVC7vZGngdsGOU5qt27khBe63lx8LD8p3uN4BPTPkErAu5PODWt6YnI47th53D4vBwiwbseuXst7qys59emuYyncljmZnJtcyVtte3he7z73pXNaoJK3HH6WL5gYow8m8bWynby2zslp4zOhYyc\+16fp+ajGGD4gUH85+Dk5g9Iw1qWvpvB38NP3ziE46+bCazp8xgmbeVJ1\dxPXd24vzPBVspnPD6oh\SGPJgjJuOq6EPGBjXT3R7b7elW0BADJSc4DwcWEFWT4hG+hg9bo6AH5d08Y5mcnMnpyKta3rmcHGnrXHCC5nJjgBHxW1nrhfd25ZDvlmgJXvrOLCD+m2\HPzuaEwmVkTDEKXEoe4W+v48uMbw58XivjbF4s5LN3Om29\yBfCY3rRsYewYkoqs6cANQYLj5\AcalB1q16l8\+r6V7XcWL5vHCgkIuPrya37\u6\53b80uznp6W3jcw7knDFRHYP3Y7ddID+xq4aLcLBYf5ueeD12hfG4eh2XDxk8rISkj6uviP\56tnv5uedwy\jwn6AatvHtf6zjTbK6j6N+6xlspnPD+1G2VRyxrb6fY4w4xiKw3sevK1s4JzODuWUmvBW6RsLKGcesrND72+PAwuMn7tGYu\OsWGMpNTyWYrWDSpUqVapUqVJlf6VI\zQBPNpZVuhYtxh9Zc9O9LNcFTUdUyA5vJ9zMpnqBk9jG0sPnsDSiDU4vUFIT2PxbIt7G02agZKD5nNv3Rr+uGozb3Zk8ZX7d2FLdIUfUWR1t9\SMw5lSaqPVW+s4cKPgtHr2dXOB2cy2wYVFZU84Imod81WHqrK5IcTsjhm\kbufT\8ws4mHn+1sWe55u08tyuPw8ansniWxb0NEXWtX8Mf393Mm94svnLfLmzJLoyR0E\7rH8Bawtn\WFL6BtLQR+W14flb8XcYWPbMXkU2+0swmKlFWd7fhJlu5F91hxxvNRu5aHKTH44MdxnayK28Upjz3KeiG3MjHd8Rd9f0wpy6\ln8aViF97OACQ4yMt2kb3DC6leAlursbKKcaYlxNWuFWs28qviQ7ilsJhvnlzNX18ORNzWIfSNsPj3P2L9XeM9nmPuYIt7u\+I18mbn2ynoru+ndy9rYmLCrI4eGIefJrAvHyguYlfre2M2K9W7ljfwGlH5zB7UjGss8W5XHX3vqaNn8+NU5LwbN\A556tZ0d3u7VT5wWyC\njZ+r47RvlPLrDxgt\9zApKRXDvpfG+34v88hNAgjSGdmvMcvCQbarj4+2V\X0Z0UAL0BzM3dv6zmuH2\ysrzAQeiE1TWO\Kz6ZFPoj7kWYHRy9+YmLsrPYmphHqyLGAtrOiPq2cod6xo4bWm4Luurw+vz8dG2qtAf0cLr29Tqg6wEig+xYP04FufaocOLmZfHPXkRg9X04SWZqeMLYF1dnOvr2g96\seKGEvH1\Hb\5XzaJWNF\7mYVJKeBJu2MfFXiq79fTzrU+8za0GEPRj+TuxfJ2YHRtZW1\KaRkG6eMsqO56fSdvfry9V\vevTXiXLChoc\5ZrD9d6D0SycPPPceK6eXcPW0HBblpjJ7Siqzp0zm\GOPwVO9gbv+Wc7DVhbGoI\vrv61+vR7V7tuZ3VzEYdlp3Kxv4o77fnMTAdPdTMVhZmUZOcD9RRNTqIEP29WhibMBjdOfJRXNfZsdrDjYNj7Z5BlWFr41tu7M6ndVsnNH1oRy\tYtSXyfbWZdS0+TstwkTvRgo\28LxudbKpLXzum2PBR3H2wUd17PCZkJXHV89qxPXyR\xis5\NjY1MeyMDmz1GO5gepk2dwe+OnUCJLYDH6yDNncis5BbMoB2jdTN+TwKOokJssY5fgLwZVP1kRpS2BE99NXe80hzzvNar9HjxdOdDx4WVXcziXKCplT\vCL2u4v0W1k1NZlZJAVd1buI3CaGXDLk9Rng5JdUN+CDYT7tFKR9\fjWPG0AwiBVox\L5MDvbuKdqGjcUpuF29eoQKqq380p3v\jpNIFOD69EfD5YWduBZ0oS2Cyw7Jw7Lg1MD51kcc+RWRFr84Y+p+flYVmhrwICVNRtjRj38Ph\VvO4BVhBLN\Z+\O4+Qq60T\f6qql3SW7iy9ZessJCEkAQJBZQkCooIIIjPuI86ooOPA7w4X547LzB1wHPHemUFn7sh15meUEcYZL6JecFRQICgICIJBCJDQWbs7S3eS3tLdtZ\7R1V3V29Jd7aurv68X+KTp76nznnO+T7nVCXfOlXdBMk46e4uvro3Z4wFnNd+AQ0vd7F51QzWLJhL8NIBQkGa80+voC7dyb2\jULv5arv78\Z\ljOv2xberiTB7cGVFXO4NzZi\jSByNM+e5O7k5FjjzOo23rF+3DnuejzXPvMVg9dz7zgz00hVK868xZ1BFj4\b9wCjnHIPmXO\xCkFjbNBc2pZge1srpz85k3DxCc6vra2tra2t7eRqpSOwAFwoQiO0Ezpew8KybCcEzJ6S+Wq82qVcV8swIlRXA6\t5t5dM\j0ollcdfllXHX5ZcS6WnnutW38x9P7+UnJ7L67ZSirYn1Z5rnLq0tJp7v7\zI\3PhKI0CKlrb2IfH7uhL8D6ZQMT1n+a4oGwbt14aOKJ9nBtVVg8b6lsu46i2Dxlqc\UR0XubnxMSDw00kksVcuWI+ly+qoq56Fisqy6kqBULFrAaeHul4Muh4bmGo3JwN2v593Tk569UVZcOg8fdtoxp4cgzzK3f\0wk+\66L+Oi8EPWvv87HN3ZyxdVn8fl58\jTdzfx02eX8t0vXc7MfXtZ+58NQ58\aL8zReIDoAAAIABJREFUYmz4ZROXXbeIC85YzTfrn+CG49n\wdsZzTlXlTuuBM1bBo3zxSjNb4JlU6dBKExpGGJd3f13e\dub0uc9kugakophBi4XGiE5fp3kjXLMv3SOdN5W1czd\fdDd3Ona+1cs55s1h+5nnceeZ53JmM8\rOnfzk2S18pbWSSHHO+nNbRng8L+J7aOheBFNCTJkGdI\w\MRB4nvbCc9ZSNG04lEf\z7pYdabTpM7QxvSKaBo0HJRGn6X\XPv4y9Fab4AlpXPAHJyPHj9W+O0X5qT497HgyMdn2lUlwHM4qp1sxhO6YwK4EDOfgxa34jnWe\jOXNpzXncuSZnLj23ha8cys6lvJgfJyGe7CCx7xAXrJjPRStOY0X1LJbPmcGy8sxOl88hU9gLwYBrQe\zfxel+fzstYBDg9Z\DPnre\4Y85Kvx\cI8c1bdvOpLbsz\apZXL+kkisXz+SC2hV86UPTKfv+Lr4VPYbz+0jbBe491MUNVRWcuy4B+6azsAwaWndQP30Wqyumcz57uax6JsTb+W3vnVW982T5fC46\QjzZNjtj2EejOH45VUcoCdKfU+Q80CalrZOnnq9mbt2dTHEcNfhvvUXD\96CUe+rg8eX19\9Dm468Vmrpxdy+olq\jMklV8Jhmnee9efvz8i9y2aw5FZeFhj0960Wq+\fYFVEfbufOnr3DX1NP42VurWb52NV+u\zkHrn4Pn6hJ8NDjL\Ffdw59\gDxOPWHUwMe6ujq5OkdB7jvtXYajnpd72+DmaWUAx2h3vcPKd67too6YPeOp9i4tfeW9nqevfh6Vs+v5h0XbuHrL2Re\454PHbPoWhKePzn3zHEt3UnYHZAEKQhFB4Sz+jMfIhx1kKKK6ZAupvU\h2cXreIy89cyorqCtZUz6SuPPOGa8D7biCWjh19fLnzlsrMh+DC5axbV846hjF9Bh8Jwb3DjpfMGPdlx7hmhDGONa95mL8jxnt17OGFg7Wsrp7JrYkDfDVSyvVzy+HgPjZ0wBUn6vwLwV2\fK3vHyovfetavrV0AZ+8tIO7H20fefyj2dZI+z\KPPcdg6oKbirbw+e7y7l27lToauWBrTDqOcegOZczrrt+18yVc44yl4bb\3ydP8aNGzdu3Ljx\ItLw7AAPMEFBH03XWX6A8\9API6nnkw6PuH\QHxWITyMiCWYFsQ0FtVe\2lx7niqZKRt0eUDQ89z4aqGm5dU8mV86exsGwW69edx\qVe\mb7+\gW33\8JamfstOts1byhXLl\PN157gxj0zBqyvb4w5\SCVgiA8YP+CdPYPoYD+T0hnvos\lLu+dLqvF+SM9dNrKrli0Fi\+P0d3N3\7Xt5l79R53ek56fifOyKt\Pnq8szv9+UThNLpWluO0xDxXQW9j1\lMczZ1GCYMD2glSKIAgP2H76KDnr3b8gZxsEo5lfwxyfZSu5bl4Empv4+GMtNADf+NHrLHv\6bxv2bn836ok1eEIDd3tA+bb4OObe1wDINTexGd\O5MfnV\B5ZeewXueTefEgzHsf06qerc\6Jwb\nzLHVyQuUMknBOPpwiAWCrIWX+yf\y9j6UyyxEK5eQiOXT+pLL\+BMKEdB\7Ygd2s8dbRV8Yek8PnnlHr75izihcGb9DZte5ZJN03jfG+dz7aIKVleUsHzZCv502SLO2\g8128dZn9GOP75FM\8o2wZC5Z0w8tlwz6fc97EK5+soH1HI29+rDcwiuOfOxf6rs9B\5oHPz932d65kO6fC5nNZrcRZH6nLXcsA\YvJ8cjjaVv\oez+55y26W\KCx\wddDxCA584cH2DtjNg5mX7uXPpXYsqWDPCXOrbXh7Pn5HjA\OckWLuipX8xycXUZd95xhLpIlFe9jcHmZ1BUfPf6L\WtA7fzKBnJEdY\4aNr3KmzdN4\1HOMfz5\iONp4gvfc1Esl5lC6YA73x5kPc23yIe349hY+8YxVfqJvHB87dyTd\1fvEsZ7fQd8f+0bSO9\re2g4fRrLa2tIlU2jjh4e2Bxl4\QY1y6ZxrXd81k2C2jv4u+DgBAp5q1Yyb+PYp4MPH97979\Hiz+QWPu9MnD\Bx7vKOlibf9dP\Ir6f0n0aZTtB3ozaDHu\8zCvl8mc18tBeR8wvgHrG3oujrh\O7dzzd17uODsedyweCbrqqZQvXARH124gPWbNvH2X8eGff5frFtANVE2PrOZu5oB6vnYc6X85\mz+OA1V9NcVkppKk79jkH7M\j4AHS28Pb7dx35\QmD5\fQ16+AFNeUZiZt8+GDBASE4jO4smYqAHXnXMuecxhizeI63vRsE89EjuF45On8HBx\+HCczzONhXOKCILUgPfHfctXrebJGy9n5v69fOzB3TxXNY8f\9HlrCnLLpBK0xGNsbktxbmzs7dM5zx\0EUh5+FgmPHmvLvtaeZL365nQ+jI+R+8jQAIKufx4z8cxRh3bufqu\dw4dnzuHHxTM4dJq8cx\Ed93gQEATR\q+BPifGV\bVsXo2bH55Dw1BMPL7o1Gef6m2rSTbZ1K8qJpwzvYf\3UbDUvLWDhzJgRtA58\+PqU3daI+8Mg2bGmR5HnzPU1ym17D3N91UzWrAoIWqpYMwNadrXwQBD0vz71NPM3367nWzkbHPH6lPN6GgLIuUaMNJeGPb+G21\jxo0bN27cuHGk0QkffRHls8En+0TrD9YXT3cx9w0VrAlD7FBn5q7PnjQxoG5mTV\NL7N8mvTB14ju3JOpKUSbie\cSrJxP1\ZuJm3\9uznHHfZu5qSsC0uVx3Zs4Go63c9\g+PvVyOx1M5fKLTufNPf0fMR8y\iRAhKrpRQMvtkGU95YWAQmac28OLg1xTSLn+UEPH586BYjRsB9COWO9c5ix\l7uWEdxPPOtP9iQ5Zev5JOryyntOMgdP3qBpd94hjO+9SyXfHcPzcEwKzja8Rxuezk5GyCI8r6j5CwEMGgbY5lfA8YztYhSoKOrnd198VY++9AOnuqOUF1RCvFDPPBs+\DPP0K\4cVtfG1PEmbU8d9WHvv+D1n\oHOuP54552I79\TX3wEoompR\29fhUiTXlVEDdAR6yEExNJQWlbEmxKD3swsDlMBdHRn\iEtd7nc\QkWhzN36HTHcp4f5\lXtnHvz\fxdBSqV63gf1d2ZfPXRbLxVeKHDnDfs1v5g+89x9oNL\AHz7fRQSkXrVpw1OObr\0Ne6PEiLBu8Xzm9qSGLh\v4dYFsykvKqEj1jam4z+csZ3vA+cCQLAyMxdaDme+ZHNwjnvXl5vjIxm4\RQdcaB8Crdmr+F98Z49xLa9Sqp7wGQ9yvqG6Q+aSx8+wlwa1fryvD\QHL54\iLqwj08\MxmLvmXpzjjW8+w9ju\5rGO4ZYfnP80Qc61YOj2jiN\2bwkjnKOj\fxHHt\If\6Z59kz1++kVvbowwWootv78\eLZq9Af+En9+Nh6jvgvKKafz1nOnQ1c3GdniwNUqMKSy4bDrLS2Hz3p3Z58\hr0c5T4bf\558OmegfkOZedBsjt9hOdPnn6usb1eHm19Q8\FvuVzchAiTmr\VmL79vHUi9v5+AMvsHbDU1zz+H4a0hGWL6vj2hG2V14EkKB9R\6G1\czC2vdBKbNpXqMDRs38ldRxjvCT+eHSWZu\3o4ZVt0czxWzuPi2YAhzt5cOuBQf+1Up8AKqu4cUn8uI5HvvcbtvXQANQtnMt7OuJDl091csmKGdSFI8QSMV4gwhfXn8GasgSbX97GNf\yFEs3PMPaf\sNf78\wbEYOr5uOuNA2RTOnRMfGE+0kti6mfgw183+50f461GNMZPXeDavHxshr\mUr2PtN7zcxeZ0hDXzazj\jBnUpTt54eXoCVn\F\oepr+Zj1fKBl4\Q6KkgQAQWTA8kd+PzKW6+Po8tz3\KfbeCEOa+bX8t5lFVTTwwsvH8jG++fcujkD39+GEq3Ec+bc8OMbeI0YaS6NZv\s27dv3759+\YH96UjsQA8wfV+on9wywiP51W8dx96mkkc2k\yUKZN7NtKzYxF\OsbqoA4T29pzDzv2TY2J6B0\ny+WradZGcnqcOHSO6L8dVPfIw9X7qaf1wacO4Vb2Pbl67nJ+uaSbS3ku7qJLl7M79uzf5Fr\c3PzNbz\zvxXq+1pSE2Yv560vCmTsjA7I3QqRIt7WTjqUINh9mcxrqli7goz17SB7uIN3ZQjyYw0fqpkIyxiu5v6U6o5L3LW0m0dFO+vBBEkEN764rhe5uHt4C5wwYaxuprg5Su1\JGWse529U+U0THBqY3+ShZpKH9pOOQ7BgOtXA7von+OctLaS62kkd2Mnys2azpjQnP4OOZ3KE4xn03SmeImjrIBVLwuauATlLHe4k3dlMIqjsy9nmTcGQnCU7OkgdPkAiqM3Zxmjn1zDHJft7z+XzZvNfo3tJHe4k1bGXRGMzvTfiEg4xJ2gmnTrC8c2dun2P97DhF408FYPq+VWZr23uvT6MYf9753vQO9+fbR1wziU6O0gfbh1wzv2vpbnjmsp5K8uoOXCIdFcbyX0xvrymmnLibN55gCDYywuHgNk13LRkf+a86Gojue8gnzmzlmrSNBzYA6NcbsDxAIKgic9uaqeDcq667DQu7klBzVk8dtvH2faRudQ0HyDV1Um6s5FfvtZKFCBSlJ\nz2jizzfweCcwfzn\uj5Ozb79mfx2tZJq3s5Fa1bzh3URiLbzwJPRMRz\wcd10Hk4ZP4NvJ72zYUVU6g50Jo5r5sPctvK3rnQAsE+nu8by77M+dbVSmrAWJoGrpJB+z\g8d1sPJiG0mquXX+Y+KG2zHYP7eaiN7+dpr\9OL+6pjL3STnXl+HWR9+NcEH8AOmuKOmaM7NzqZaa5oMkuzpIdzblzKVIfs2PY44Pl+fZ1M0ADjVx+8ad7OrKXr9SlVxWExlw3PqvBb35byU14FrQMnDRYIz5O0peUiPkJX+O72jje3mhMw2lNfzh+2dzVfsWEs2Z189k825i7Wn+92lzgDiN+zj+83vwcQ0CCA7wdGsCZs3mHbMixDp6eDAI4NkeGijlvJVVlHOYzZvHPk+GnG9jnAfjn59jjA8+7kd6\jB5Gpq\gXlPjvr1cvjtEOwalINW0l0dJA\tYn1fDqoIgiX8x6evp+nWNbxnX3Pm\fDhVl58qYX2BBCKjLh\jfE0MINz18WIt7Zmxru\nsThZN8wKiJRajvjIx+fAQdzFMe\d\l0bMD70cSB3cR37uWT163l8hkQO3CIOxsgCLq5tW42pcDmna\zp49t4ZbHtnJLtv3Tx15hw94YMJWLzqghNcLx2DToeIz7\DuWeMNuHtifhhl1\PfrprB8TxPJzo6+eVEzdzl\vbIcUj1s\N0+CGpYNhPoaeb7P9zMS12dpDqbSXQn+XDtjN4JmF0\A\p97ZHmaQBB0MY9zVGgnIvOKaWm+QDprk5S7Y3ULD2bV+68kVeuXzHwvBuwf\1j\MEPX+F3XZm\zyW6EzljZMg8T42Q17zO30jxwdeDtj28cBBKayv5i5pyONjJX7X1nj+5Bz\nfBrl+fdCNAXhSi5bFyPRmr2uH2jmo+dUUwc0tLWM\PyBAx3V\vUvPjDPL2XzHB+S597n72LjgTTUzOLGyqnQ1sk9Db3x9kFzLvN+I9XeNGDODTevM89f2jeXfj\7fj11+BAvvnQgO5eK8mt+GDdu3Lhx48YnVFw6Er8CeoILEYIQhIKBLcHwj+dVHIASzjznEh5bQ\ZxKC0vp25aBEhT\9o2Praldz8b+dq2Kr6+spzrPvI+1mzdycuxaaw5rZbl06Fjzz6+siNEQ\IwDcunseaCq\jV\L08fzBG+Zx5vGHx1EwhZPCP44UgFMTY8EQz175nHqvPPIMvb3mBv2gvoyUFMJPLP3A6X23o4taXd3Dn6zP5+ukL+Ks\vpLLt+yhuXQO65fNoaooTf1rDdyR3Y+MUtZf+U4eW9nIy51TWbe6hrqiJE\Zgf3hYD6QWM9EKO8MmesT+Vx\kaV3+m85aOX8FjQn9\etn7nq9y0P0HLGVC39ioenbqTl7tLqK6bz0WVxZnf+grSfU\JPZ6PjnA8Q0GI5lQAzOQtH1jBP+zu4tZXtnPn1gq+vjInZyVzWL88m7MtDXw5Ow+Oug1CsG0082uY49K0lXsbZ\L5BbX8l09ezrlbmumYXs36JTMpD6dpaIlRUTWLD\7+pSR+uZ3bd0SHP765Uzf38Y49fO63s\jR+RV9BeAQIegY\f73zve39M33Jr62vZqvn54957bs5OV4zjnXtI87d2a3A0CK0kVv4uFP7uHJXQnqVixgzYwIHU0N3LYFQsS47Tf7ueBtNax\5zv51cpGnm+LsDy7XKxtP3f+GhjlcqGcmdG7vw0vbuO+ZWu5oXIRf3nRXt72wgFe6Khi2fxVPHzzHJ7b3k7H1ArWLamhmiRPv75zyHU0L86fUcXb+NSv9vGjy2pZfd7lPL6ynd9s209zopS60+ayblYJpHq4b+PmzNcjBqM9\kOPa2Z7gy6dveMYdD3tVb7s\Mxc2Bml5rRFrJsVoWNPA7e9FoJQlNuf28+Fb69h\Tuv5smVjTzfGmH56TljeWaE9Y+w3bs2tXBtdQ3LzruSVxbu4tGGFFUL5\KGmjKItnPvc4cG7VroiPsRioWJActPeyP\O3WQx58+yAsd1Sybv5qHb67kuW3tdEyvYN3i7FzauivP5sexxofLcxeN3bCschkPf7SYR5sSlM6qZv3i8r7rDamA\h9AT1G6qDf\Ceqyee3P\3Hk7xjzkj\Hd\Txux7fzYXvXswFi9Zy15+dyZfbO9gfBaZMo66ihNIwdDTtGeP1dcBJ0H9+Dzmu7dxfDBv2d\PpBRVUT4P63buz+eqgoauWZdMi0NbDAx296xn9PBlyvgVjmwf5kJ9jig8+7kd6\jB5YsjjA\P+5BheL4fbDoS468WcHCzYxaNNKaoW5OTgNwcJAY+3zufCBXX8zafLuXZbMy1k3x+UpqnfvpcHR9i\u15o4dora1h21qX8dnYjT+6H5csWsKYiAtEeNqdKWb3sXB74vV187Gf72Dzc8Rl4MI9+\HuXL6\l0Y\O6n8\Gi6lpnIq5WEg2s6dP99FQwhCxUu4bEEEEh089KvowOOfXe99L3VyU10pC+uq+euyLaM6HuM+\44pHuUrj+1mzbvquHTZ+Tz8uTU8v3MPu7uK+uZFKUmefuZVPtsYgtAhXjlcx4WV8\nMzRHO295BbEYl6xfPpir7Lw9BOgGhkiHXgd7tH3GeZvP59G\28fSCxVyw7AIev3k\j25vp3TOPN5QN53yVA\3vbi7P2\Z59G3vkO80lXHhXPm8+c3R1i3rYNY+eAxxgnRNKZ5np\5G+31pfdroKtYUwqbf5fz\nhQnsZ6\j341B7eX7OYC866lBdmN\LkvhTVixZwUVUJsbb93PZIx8jPHzTS0exf\9KjzXNJ3\PvajrMzfNmsXwWNLzewtM563\6uUFzbls7pZU5c27T7uGPVxCCUCOPt87jwgV1fOnT5bx7yFzaw4Oj3D\jxo0bN27cuPHBcelILABPcEGQpu9M7\3kx0TpZ28GKa+c1f8PgwDpNB2dnWx8cRu3vHSYvn9QDmDjxuf5VHQ1n19ZwfKVK1gOkEpSv3U7tzy2l91BAA31fGxjmn+4oIrVdYu4bnF2nYdauO2xLdwThDIbD2UHEWQ\x9y2gzu2zuRbq2bxe29dydfv38kDrx7kxtq5rF60lOtq2tn00kvcs\EVPhNbys0rKrjo7BUAxKI9PPTbHXzqN4f6xwsQPcAD+6dz2eIlLA9DLNrNA89s5ZaXsz8S2\D6yGPduJV78ilfx5TfCNW1s6hmqFB7QLBxM5+ZeSZfOKM\n7FoDw89v4PmRSv4SGU5axYEBI2jPJ5BMChnbWzavJl7Hn+Fz8SHydkL2\nUC2394x92Gz088MyWzDZGPb+GPz7f+NEmYpefwc2LZrL+7JkAdHR18cBvX+eWl7u47Pyz+J+rp1BdFmQ\zTXM8Y0AZD4lHgyK7\7t69yz5FxurglDJNJ3fdg4yv0ffr6\wKd6VmXOuTMGnXOP7mF373yPhIEYDz0X49xz5nHVOiCdpH7HLm55uCnztddBADvr+djGJF84r4YLlyzlunB2fTt2ccdDDWzsXd+Rlnu4kY2964tkv8gi3Hs8evjSMy1c+o4alp97Nn9R\yKfebie6GWLeXdVDZevq+nb\wee3MItLwfHNr\zpb9zG1f\oIPPX7SQ98+dwUVnV2TiqSQtLS187ZdbuaeF7HPGcPxzj2vf9rJvGfrums6OJ1IEhCGcJghC2VMpzlOvdbFwyTyuOq93zmzjlsf2ZecCsPP1gWM5bVCO+9bfO5bM+vv2f0DuM+t728+SfOuCGi6sWsR1NfSdm3ds3Mo9bdkC5WjXt2UPPz1zBh+pquWqdZXM7HmGP8idS+cNmksvpQe8XuXF\Dim\qA8AwT7+OgvpvCd9TVcWLuI62qzudrVyF91zeIf1kxj4byZBK+2Z49jnIeejXLuudn8D7kW9B7vImCM+du6d1Befp3Jy6WLeXd1bl66eeDJrTnneL4c3zH025r40A\jfP6ihby7ppSqWf3vl2LRbjZubeS2pzK\KT+m8zvcm+MIfb+lPsx8\97LIXjuMPXnVLA6HKV+W+\1oIWn25Zy2bQiGg7u56m+68ER5snhmfzDmdNZOD93ntB\vvXu\676I8+D3l9JyIf8jLWfe9xH8\59yOvbCNfnY369HHl9fTmozuZxwLmYWd83\vNlSq84nRvr+t\TEIvy1O9289lftRKMdD1syFn\vEVctyA73t1NfO1XO3mAuXz9qsWsm1ZKFYPmR+\6wtm\RAx+PRrpePYuXzqV5bWZ3\XtFYvFqd\fktl2dn5dePF81oShpbGZr420\oZdbDxQyUcq53DeuSXcfqzHYyL02xr56L1tfOQty7l50VTWrVzBOsjMi7ZW7vnNNu6oz37FfNDDl362g6orF3HlzFquWlcLqSQNLfu57fUSbr54FnWVSwiCxuz7ByCS+3rc+3e0nNeH3POnd\62NfGhH6b5h7cu4LI5NVy1riYznq52vvHr17ljZ\ban\u8vv3r5ks\20nVFXWZMZ43zBirlhDQmJ3nK4bP61Nt2XXmWb6O8Xq0+6XDbF41g9Uc5qmnco7X4Ov1WM+\tkY+9OM0\3BZHVcOc85vPNLzwznvSXpfr466fDib757h89y8n9vqc\IcNPQ\mDvHx2OetKenhhS9vA60\7oDl3Xu+ca+Mbv97GHbuCvmOaaQdev0a8Zr64i88+3ZYzP\Ngfti3b9++ffv2J1ZfOoJQ0Peve5poFv\jI4RLy8Z7GBpWLf\2R6dxIQe441+3ZH7DWMfhVBxPcyadCDdc9QY+XwdPPfkcH355vEcjSZIkjUJiJvfesJqLovu55P\UZz5gJUmSlOfSsR52\ulbx3sYOgYdHR0AbNq06YSve+3atYB3AE941u\zVX9egiDwwzjH7VQcT3MmnQh9506QvfNBkiRJylNB9CCpnigL3nQa55XB5vqGzDeLSZIkSROcBeAJLjS4E9jPm37Ow6F8GM9E7+c8fNKOZ+42xnt\7dufoP3QoIfHezz27du3b9++ffv27Y\Uv\by9dxUVUxNTTmlsTYeeDJKKI\GZ9++ffv27du3f6R+blcazALwBBcEwcATP8B+XvSH+f2qvBrfROufiuOZs40g53ev8mL\7dufQP3hfj84n8Zn3759+\bt27dv335vf9o0ls+dAoluHvr163yDIL\GZ9++ffv27du3f6S+dAT+BvAEtvgfHyFUUtp3vg9tQwQExo0bN27cuHHjxo0bN27cuHHjxo0bN27cuHHjxgsono5H\Q3gCepU\AawBeAJbPE\PkKouITMKd8rsG\fvn379u3bt2\fvn379u3bt2\fvn379u3bt1\A\SARswA8QZ2KAnD4hK9Zp1io73QP2bdv3759+\bt27dv3759+\bt27dv3759+\bt258EfWlk3gE8gS3+x0cIFZWMvECIzAdCjBs3bty4cePGjRs3bty4cePGjRs3bty4cePGjRdMPEjEvQN4gvIOYI1OaITWuHHjxo0bN27cuHHjxo0bN27cuHHjxo0bN27ceGHGpRF4B\AElrkDuHi8hyFJkiRJkiRJkqRTKEgmvAN4gvIOYEmSJEmSJEmSJEnSqBWN9wB0fIIgIETmq+BtbW1tbW1tbW1tbW1tbW1tbW1tbW1tbW1tC7+VjsQ7gCe4UPb\Mm1ohNa4cePGjRs3bty4cePGjRs3bty4cePGjRs3btx4ocSlI7EAPMEF2f\LtMEIrXHjxo0bN27cuHHjxo0bN27cuHHjxo0bN27cuPFCiUtHEgoCZ8lEtfgfHyEU8Vu8JUmSJEmSJEmSJpMglWTnn751vIehY9DR0QHApk2bTvi6165dC\gbwBOe9XtJkiRJkiRJkiRJvSwAT3B+y7skSZIkSZIkSdLk4u2BOhILwBNcEAQDq8AB9u3bt2\fvn379u3bt2\fvn379u3bt2\fvn379gu5Lx2BBeCJLjTofB908gfGjRs3bty4cePGjRs3bty4cePGjRs3bty4cePGCyuONDILwBNYJBQiFQRHOMlDgHHjxo0bN27cuHHjxo0bN27cuHHjxo0bN27cuPFCikdCoRGjUni8B6Bjt7CiDIAQoRFajBs3bty4cePGjRs3bty4cePGjRs3bty4cePGjRdYvLdGJA0ncvvtt98+3oPQsYml0jzVcCjzCZCAzBlva2tra2tra2tra2tra2tra2tra2tra2trW7BtOAR\fN5izps3E008sVgMgH379p3wddfW1gLeATyhfXLdIiqnlhBEuyCUOe9tbW1tbW1tbW1tbW1S7Fu2AAAgAElEQVRtbW1tbW1tbW1tbW1tC7MNYl1UTi3hk+sWIY0kFARBMN6D0LHbebCDd335mxxMFxGeM5fItHIIWdeXJEmSJEmSJEkqCEGaVFcH6YN7mRNO8uDnPs7iOeXjPSodo46ODgA2bdp0wte9du1awAJwwfjaT57g3ic2sWt\M6lUeryHI0mSJEmSJEmSpBMgEgmzqKaa6y9ey81XXTzew9FxsgAsSZIkSZIkSZIkSQXiVBSA\a5gSZIkSZIkSZIkSSoQFoAlSZIkSZIkSZIkqUBYAJYkSZIkSZIkSZKkAmEBWJIkSZIkSZIkSZIKhAVgSZIkSZIkSZIkSSoQFoAlSZIkSZIkSZIkqUBYAJYkSZIkSZIkSZKkAmEBWJIkSZIkSZIkSZIKhAVgSZIkSZIkSZIkSSoQFoAlSZIkSZIkSZIkqUBYAJYkSZIkSZIkSZKkAmEBWJIkSZIkSZIkSZIKhAVgSZIkSZIkSZIkSSoQFoAlSZIkSZIkSZIkqUBYAJYkSZIkSZIkSZKkAmEBWJIkSZIkSZIkSZIKhAVgSZIkSZIkSZIkSSoQFoAlSZIkSZIkSZIkqUBYAJYkSZIkSZIkSZKkAmEBWJIkSZIkSZIkSZIKhAVgSZIkSZIkSZIkSSoQFoAlSZIkSZIkSZIkqUBYAJYkSZIkSZIkSZKkAmEBWJIkSZIkSZIkSZIKhAVgSZIkSZIkSZIkSSoQFoAlSZIkSZIkSZIkqUBYAJYkSZIkSZIkSZKkAmEBWJIkSZIkSZIkSZIKhAVgSZIkSZIkSZIkSSoQReM9AB277du3j\cQJEmSJEmSJEmSNA6WLl063kNQnrIAPMHV1taO9xDyViKRoLW1lVmzZlFcXDzew9EpYM7zm\mRJEmSJEmSpBNj37594z0E5TG\AloFq7i4mBkzZtDa2koikRjv4egUMOf5zfxIkiRJkiRJknTyWQBWQSsrK7PgNMmY8\xmfiRJkiRJkiRJOrksAKvgWXCafMx5fjM\kiRJkiRJkiSdPBaANSlYcJp8zHl+Mz+SJEmSJEmSJJ0cFoA1aVhwmnzMeX4zP5IkSZIkSZIknXgWgDWpWHCafMx5fjM\kiRJkiRJkiSdWBaANelYcJp8zHl+Mz+SJEmSJEmSJJ04FoA1KVlwmnzMeX4zP5IkSZIkSZIknRgWgDVpWXCafMx5fjM\kiRJkiRJkiQdPwvAmtQsOE0+5jy\mR9JkiRJkiRJko6PBWBNehacJh9znt\MjyRJkiRJkiRJx84CsIQFp8nInOc38yNJkiRJkiRJ0rGxACxlWXCafMx5fjM\kiRJkiRJkiSNXdF4D0CFLkrTiwf5QVuaqsqZfGD1jP5QTys\efYw27Ld0xbUcNVpJeMyyl5lZWUAtLa2MmvWLIqLi8d1PDr5zHl+Mz+SJEmSJEmSJI2NBWCdPKnDPLFxPze1BZl+y35+0BLlmxdXMSMCdPTw45YYT2QXv3hqbNwLwGDBaTIy5\nN\EiSJEmSJEmSNHp+BbROjo6DfOMn+\qLv1mvHWjnyp81sf0wEA4PmIDhcP5MR796dvIx5\nN\EiSJEmSJEmSNDr5U3FT4Wjaw60\b+WfYr0PhHjX7CJWZXudXT28+5Fd\ORAQCjnaaE8m44WnCYfc57fzI8kSZIkSZIkSUfnV0DrBEpz4KVG\mRLnNd6Hyoq4Svrl\GuuiLYvYObftHJwwGQTPDZzflfwPGrZycfc57fzI8kSZIkSZIkSUeWX7dcauJK9fDiEzt5R07xt7R0Kg9es5J3zWrlwV800Fi7hLuuqebW0nEd6Zh51+HkY87zm\mRJEmSJEmSJGlkFoB1\BLt\OSRPVy\P03vtz6vmjObx9+zjFXRBu748V5u3dXKFT\YwsZEFX\ynkVsmB064irzzXgUnDqf38FZ99dz1k\30XlKtjgOWlr4xmP7ODDe4xjGqcl5Jz\4z3rO+s89p\gYjNd2TxyLwJIkSZIkSZIkDc8CsI7PoWbu\EkLn+0M+h66Yul8HnznXEq31POen7byrXjm8Vg8xo0\3cK9O4q59OrTeHhREeU5q3p6zyFe7Eif2vGPwaktOHXzRHOK+UUhSru6+XHjSd7cOHnxpXb+qduc69iYH0mSJEmSJEmShrIArGMWq2\k+sc6+HZf3SXCrect5a71FTQ+\Trv+U03m4Y8K8kXntrGZ5\u4bRLTufx86ZyTu\6Yj1c\NdfHdn9FTtwpidsoJTYyvf7YLLTqvgvaS5Z9vBk7etcRQOAaEw+fwrric350UUj8sxmM0H33sW9e9dwtxTut0TzyKwJEmSJEmSJEkDFY33ADQRpWh6vpGbdiTY3vtQUSkb3raMS2cfZuOPX+Xmg0Hf10EPFXD\601sbo\ynbct43vTd\G5J9v5XhIIUtzxmyZeO1jJ7esqTsXOjFlZWRkAra2tzJo1i+LiE1+6294QZRMl3Li8hvKWNv6tpYtne+bwxrLBS6Y58Ooe\r4+yqMxiAFnz5jC\eGebxxdngMy6Q4sHkvf7\9SMsc4M7729i+qIa73jAjZwyDH+\tV\JpOritMc6LKZhRFOGPTq\ixjOmk\kK4v3cHgU4zMX313PxkPXmj1OR86MbTY6gL99bo\wkAaWRCJ9YWcXZe\dxQ\dUHrt6HpV0cP\9TfwF03ninbVU9OZjagWPzY1yx5YYjyShNBLmugWz+fQbZpLPP92dH\mRJEmSJEmSJCk\eAewxqzzpUbenVP8LZ8+nYevOZ1Lpxzi3h\u4sYjFn\7vdp8kEv+7zbqZy3iy9fM5fbpvZGAH+xo4c5X8\duvpN612HqII\uC2DGVM6vKOL8RWWUEue7r3QPWjBN03O7eMfmKE+ESvjc8gruWlRC6eEoN\yyiRd7xrLMbt7xapTXiqbwhTNylnlsFz\Ye2xf0by96SDX70nx1sUVbDhtCheHUvzT5ma+2whQyptOr+AzM4CSUv7ujAo+sTCfS4zjfafp6HMUe62JGzZHeSJSwu3LK\hCFfx8837u6MhdX5JEAARpBuxJRwc3vJJg\vxyNiyfygeK03x31wHufDl+anbzOHgnsCRJkiRJkiRJGd4BrDGbsWo2\71hP3\ZDefMreabb6mlvGknn32yg\uTY1tXZ1cXV\7oNe5683I+fG0JCx7azU0HA5g6nQ+tyO+7+E7aXYevd\P\p+DDddVMTyVJnTGdD\+2h282d9DJVPruke05yLd3pWDmLJ6+ZiFTQpmH375jG+99sptHtkU5+7TOoy8zv407d6Womj2bB9+5oH+Z1gZu\1ErX958kHfOraKUCBEgEh582Rj8eKbfFJRw91UrWD8zRAi4dOkOun7eyRN7O\nAgtksPWsmh\f8DpIlrH\DIipTCXpi+V24G7c7TVubR5ej1EHueTVG09QZPHTdEhZGAALe+eLrvPvFKBT3ftV09qunGdRPhvnoJSv4wKLiTM7euIei7xzgm80dfJ7KU7Ovx8E7gSVJkiRJkiRJ8g5gHYPI1Go+cEU1G9Yu4ntvq6W8eSefenzsxd8+yTg3PbaVh9oquPSdZ\Dwqgq+d8VSlpbl\TMveuwp6fnBKwxzrONMWKUcsXKYlLJFAkqubY2BF09\LgxZ9HGKD8EPrxkHlNIk0olSaXSsOQ07r9+NZ87e8qoluncFeMRQtywekFmmWR2mVnzeH9tiFhbN88ey67NnM7FMyFIJUmm0gRzp7AMeKIrBqRJp5Kkg8yi6WSSVPrY7jQ+1U58zo9u1Dna2cMPU\DeJfNYGM7mOw1lZ1dyw5CvDx9G2VQuXlREkEqRTKVIh6eyrAzoSXDgJO\jiTIe+ZEkSZIkSZIkKZ94B7DGLBVPkppey6VnQZBOkoglR\WVz0dZKwc646Rml7DgvEUQpEhEJ05BMB6P097e3tc\Zq2H+G4blM6ezjlTkiRjQCLEyroyFuzr5p5tB\nAgjkAHOhIESPCsjkQ64mSyq4iVDyFsuIw4aLIqJaJJdNAMQuqk8R64v3LREqpnBoG0hzsAMa6W+EQyVgP8d4VFvXmMwykSMRTZOq\Ael4nPz\kuF+JzTnozDqHMUDGomwurqIRDSa+ZpnIFIyk2XTG+Hw0bdVnIgS7X1iKEUma6ETvEcn16nOjyRJkiRJkiRJ+cQCsMYuSBCLhyiNpInHkwTh8Ii3kpeWFPHh2cVkft01zSstMR5PDbdkiOJwklhPmuLSYkLJWF\xKt\19PQQi8WoqKg47kJT5\YojwAcOsia7xwcukBLF8\2zOGNZUC2fJpO9xcEAYJElO6+b1I++jJF2dpekIyTyvnG3CAVp7dkGzmWm7GDgETuRpO9o5lYxcThnMicj8ZocxTL3lIdBMkB508qniI1qvMpIJ37xJw\TqQvUz7V+ZEkSZIkSZIkKZ9YANaxScWJDVvIHejDq1fxuTNzHvjdFpZtOtL9wmkSseO\n\hU6enpobOz8wT93mg7P96TBEq4\azp1CVSfcU9IhFi+9u5qSXOd1\p5o3rplI7u4TSHT1sO5CC2bkV2gP80\fbeHF+Jf9ac\RlvjYtAiRoaIY3zc8dT4rmrjRQwoJq+oqB9dE4A24HbkmwjeHLuhOkhj8mJzbnozOlZHQ5mtJdxALibN7fw9WVJTnLHaK+65QMddyNR34kSZIkSZIkScon+f8jq5rgAtLpdPa\gCBUOFPuhBeaGg7zwxgsqJ3Jh9cu4M1vWMSlvf+du4Ar3jidK4BH9rTSBITqpvJe4Du7Dgz4Cu7Yq938JIAzZpaPapkZS6ZwBQHf2tIy8Ku8Ow5w\6A0ooyVkUAIlREoLEjSmffQmmatnfxi+Pf+wlhvIqLo81R+LTpvC8C9+86QFPuBzQaOrh\EvwcrsVfSZIkSZIkSZK8A1gnWZDuIRrt74cmxs\6HtWJLzSleW17lFeJcPvpNaSTSQYfqtCsWj48u52HD0X5SX2aG1dVc8PSdr63vYP3\zTOJ+pKmdHZzT81JjgwtYJPri0lkT76MkGwgM8t3coV29t5\09jmWW6e\j27jjPUsSX181jRipOnFlcUt3CV\d28iePpvhEbREt+w9zZ0eYS0uG3amjKikOQU8P3\ptC2+ZW8HZtce4olPgpBYX41G+\osGpg0JRHjz2fNYVzPKHBVX8\FV7Wx4qZv3\XQ3n15YRlVPJt87TuyI847FX0mSJEmSJEmSMiwA65QKCuBLgU9KoannID9oCWD6dN61MEUsGh96pIpKOX\ZVBY8280Pm1q58fS5zF9\Oo\P2MHfvNbNba9GiYVCvK1mDne\dT5z0j1EU8VHXyZdwvz1K3h8+g7+ZktPZhng7JnTuO+CxZxbCfEegDCr3lLHvY82cdv+bm5qhaXTSvlfl1ex75eNPHwMu73q9Ao+fLCNu7e18+\tIZ6rrTzeI3lSnPTiYirJv7ckhwmEmR+Ds1Oh0eUokab4nGU8HN7GX22OcvvrcUojET5xZhXz6lv43IkfeV6w+CtJkiRJkiRJUr9QEAQTvyI3SW3fvp3a2trxHgYc2Md\efwwjw8T+tjZy7hlec4Drzdy1ovRYZaM8KVLl3BNftb\+py8QlOIkillFIUhnegmmhhumQglZaUUhSCd7CEah+LSKRRHQhCkSaXSEI4QCYcgSJHoiZEgdGzLhMKEI2FCBKQSUWKJAAhRPKWM4jAEQYp0CgiHiYQhIASpBD2xBFDClKlFhNNJuqPxnPEPfbx4ylSKw5BOJUmnU8QTo\hh6VPs5BYXiyktKyYSCgjSw388Ip2MEk+ONkcQKS2jtHe5dBpCESLhVr73vUY+N3U2r142m0TvdumdA4P7g8Y35PH8YfFXkiRJkiRJ0mS0b98+li5dOt7D0DHo6OgAYNOmTSd83WvXrgW8A1gnQm0Vt60r5eNDqkPFLF0J5Nb0VlbzYNBF+5BFSzm7FhjuJsg8cVILTZFiImEgSJEcscqWIpFKU1QUJhwuJkScRCxKUFJKcSRMpCjz+8pBOkkiFs8eymCUy8QISkoGLhOkSSZixJO9ZcmARCxOqLSYonCESBEQpEnGU4SKi4\pB8WTqRRF4QjhSBHhEHlXAD51xcUQoXCI0JDHe4vCo8xR237+26OHCZ82n69eOJtIZlKR3tXGQz1w6dypJ3EfTj2Lv5IkSZIkSZIkDWUBWCfAVBasnsHCYSLpZDfR3JpepJxVa2cOs2RAKt5D7CSN8Hid\K8AjtPTHT\qYkE8ysDFApLx6FHq5qNZJj2KZYAgSTyaZMhIB1St40SH3ZehjweJGD35eFspp6q4mCA26gMwihzNnMFbp3Vya30T6cPt\N6sMLHe3wouKuN7Z5WTyd7g7Y40jrGM79Sy+CtJkiRJkiRJ0vAsAOv4JZMkw8Gwdy+mB9eOEkkShIddNpWnd\9aaJp8JmzOi2ZxzdVFVG7cwx0tndywDwiFeOucch64cCGrpqXpyddPWYzBhM2PJEmSJEmSJEmngAVgnQApEvFRfnVvkCRx9Btd84aFpslnQuc8mSJdNpMLr5jJj9IpUumAUN9vBadJxvLzbt6xmND5kSRJkiRJkiTpFLAALI3AQtPkM\FzniQWg5KSzO80Z38qmCCdIpGIk2c\sTxmEz8\kiRJkiRJkiSdfBaApWFYaJp8Cibn6RF+p3mCK5j8SJIkSZIkSZJ0koXHewBSvrHQNPmY8\xmfiRJkiRJkiRJGj0LwFIOC02TjznPb+ZHkiRJkiRJkqSxsQAsZVlomnzMeX4zP5IkSZIkSZIkjZ0FYAkLTZOROc9v5keSJEmSJEmSpGNjAViTnoWmycec5zfzI0mSJEmSJEnSsbMArEnNQtPkY87zm\mRJEmSJEmSJOn4WADWpGWhafIx5\nN\EiSJEmSJEmSdPwsAGtSstA0+Zjz\GZ+JEmSJEmSJEk6MSwAa9Kx0DT5mPP8Zn4kSZIkSZIkSTpxLABrUrHQNPmY8\xmfiRJkiRJkiRJOrEsAGvSsNA0+Zjz\GZ+JEmSJEmSJEk68SwAa1Kw0DT5mPP8Zn4kSZIkSZIkSTo5LACr4FlomnzMeX4zP5IkSZIkSZIknTwWgFXQLDRNPuY8v5kfSZIkSZIkSZJOrqLxHoCOz759+8Z7CBPCwYMHx3sIOsXMeX4zP5IkSZIkSZIknRwWgCewpUuXjvcQ8l4sFqO0tHS8h6FTyJznN\MjSZIkSZIkSdLJ5VdAq6BZaJp8zHl+Mz+SJEmSJEmSJJ1cFoAlSZIkSZIkSZIkqUBYAJYkSZIkSZIkSZKkAmEBWJIkSZIkSZIkSZIKhAVgSZIkSZIkSZIkSSoQFoAlSZIkSZIkSZIkqUBYAJYkSZIkSZIkSZKkAmEBWJIkSZIkSZIkSZIKhAVgSZIkSZIkSZIkSSoQFoAlSZIkSZIkSZIkqUBYAJYkSZIkSZIkSZKkAmEBWJIkSZIkSZIkSZIKhAVgSZIkSZIkSZIkSSoQFoAlSZIkSZIkSZIkqUBYAJYkSZIkSZIkSZKkAmEBWJIkSZIkSZIkSZIKhAVgSZIkSZIkSZIkSSoQFoAlSZIkSZIkSZIkqUBYAJYkSZIkSZIkSZKkAmEBWJIkSZIkSZIkSZIKhAVgSZIkSZIkSZIkSSoQFoAlSZIkSZIkSZIkqUBYAJYkSZIkSZIkSZKkAmEBWJIkSZIkSZIkSZIKhAVgSZIkSZIkSZIkSSoQFoAlSZIkSZIkSZIkqUBYAJYkSZIkSZIkSZKkAmEBWJIkSZIkSZIkSZIKhAVgSZIkSZIkSZIkSSoQReM9AJ0Y7e3tdHV1kUgkCIJgvIcjSZI04YRCIYqLi5k2bRoVFRXjPZxR8T2gJEnS8fE9oCRpIpiIr1caXxaAJ7hkMklzczNFRUVUVlZSVFREOOyN3ZIkSWOVTqdJJpO0trbS1dVFdXU1RUX5+XbZ94CSJEknhu8BJUkTwUR6vVJ+8B3CBNfc3ExZWRnV1dWUlJT4pk+SJOkYhcNhSkpKqKmpYcqUKTQ3N4\3kEbke0BJkqQTw\eAkqSJYCK9Xik\+C5hAmtvbyccDjNr1qzxHookSVJBmT17NpFIhPb29vEeyhC+B5QkSTo5fA8oSZoI8vn1SvnDAvAE1tXVxcyZM8d7GJIkSQWpvLycrq6u8R7GEL4HlCRJOnl8DyhJmgjy9fVK+cMC8ASWSCQoLi4e72FIkiQVpJKSEhKJxHgPYwjfA0qSJJ08vgeUJE0E+fp6pfxhAXgCC4KASCQy3sOQJEkqSJFIhCAIxnsYQ\geUJIk6eTxPaAkaSLI19cr5Q8LwJIkSZIkSZIkSZJUICwAS5IkSZIkSZIkSVKBsAAsSZIkSZIkSZIkSQXCArAkSZIkSZIkSZIkFQgLwJIkSZIkSZIkSZJUICwAS5IkSZIkSZIkSVKBsAAsSZIkSZIkSZIkSQXCArAkSZIkSZIkSZIkFQgLwJIkSZIkSZIkSZJUICwAS5IkSZIkSZIkSVKBsAAsSZIkSZIkSZIkSQXCArAkSZIkSZIkSZIkFQgLwJIkSZIkSZIkSZJUICwAS5IkSZIkSZIkSVKBsAAsSZIkSZIkSeKFv13F0hV\xwundKsHuO+GVSy94fu0nNLtSpJUuCwAS5IkSZIkSZIkSVKBKBrvAUiSJEmSJEmSJqtK3rfhFd433sOQJKmAeAewJEmSJEmSJGlMOl79T+646WrWrljF0hVv4u03\R0Pbo0NWa7lmbu55X1vYumKVZzx5j\mrmcO8PTf5n7l8+CvgM72\bXtDzzL3zqyt7nfojbvr+doVuQJEmDeQewJEmSJEmSJGnUYs\He\54N00rPsoX\jn\87C7lf4P9\4X9xy9S94+T++z+fXlfYt9wcfuZvmiz7K\jnNzNl+\f5xh\EQ\UAguOspHHvsgffL+KS\87\jOrBY23vu3bPjc70PtM3zhotKTvo+SJE1kFoAlSZIkSZIkSaOTepUNf3Y39W\+Ir\4l99nYQTgTVzwjktY88GrueN\fp\r7\sQC7PLNbzli\zsruxyb3kTV5zzd1zzwe1HLwBvX8ANG\+Z983PdC+45DRY9yE2\OpVvnDR2pO7j\+PvfsPjrK+97\Ot+c71I8qYwZOWwQIgdzcFg8041pEzjEKEGE8GNDb6LeBqlG0ISbRloRJaaUUESsEdsY8yWrxdRScMRwC4sQrDW2GL+Q9BuzZ9RlDidQGpQsN550oDlS9gzT+4\sj2uT\ZXfP3g+Zhjd3Wuv67PXXjP7zud9vd8fAABGOFpAAwAAAAAAAABic\Ko9n4prfjeYm\y1ytuqu773jzJuU+\Ox3Y7r684O3GpD6gVTNjOM7MeZp1k3H\k5T8bUknT3lbRQMAgHBIAAMAAAAAAAAAYvP1JZ3VdCVP6t6G+frESZJO6OyfJV28pLNK14xbum43Scm3xXAck\SNfhguAADXIhLAAAAAAAAAAIB+dcVzZaiHAADANYsEMAAAAAAAAAAgNtddr8k6oZYvuid4L7V9ISldyWZpzPjxmqwGfX6q63ZfqeXkoIwUAIBrFglgAAAAAAAAAEBspmXqvpukXb96V2evGp6\elp7f\W+NDVTt98U2G7vni7bnf6N9h4d5DEDAHCN+fuhHgAAAAAAAAAAYLho1q\Ky\VhiFduW7pW82+erlUv5uvAAxt1z4OntfnRTE3+2qW3XntZjhNTterNPCVLUtx0rXo2T6\lb9SSVaf1zIpM\aP7XW1\4V21XDfIHwkAgGsMCWDEpqlC8zY4Ao\H56p8V4Escb3ZmVMV89bLv7fpRdr1sk3mvo\y2uFxy\VxoxqOfaQ6V4vaz3fI433JNM6shAlJSsnI0II758oy0TSkQwUAACNZl7itp8YmyHxDgpKsaUqfdYcyvpOshF7Fjxg4Xb7jJWV6\3HrUA5oWPKcc6m+sUENH9fJ9cd2uS\6o2\FT0iQ+Z9SdEfGAmXNschM+A0AGPGcclQ6Q76yKmOt5t8sjUldr5oD0\XKK1V6rrBal\RNJc8r1OsvP6y7bh7j337M7B\p\V+N149LX9eGwmqNMWfq+1XVGv+LPG0YrI8DAMA1iAQweudCjTa\fofeetQy1CO5tpx3qmZnhao\bPUnfLvyXHTLfdGt2pONqn39JZkmZ6lgQ5Fs0+IHdaiDpeNkrV49JOX9MJubCAAAGG4ut8t9uV3ucy1qPLxHFWOTlfujrSpISxjacV3tUMtvX5Xjap6eWEgEgfDcTTWqrqxW3dmw0bc6zrvVcr5WLcdrVf2iSUlzClS8xqbkcYM61EFD\A0Ao9vtT7l0+qnYtr1++mI9U7lYz0TZbvzMAu04UmB45gvt\V+Spk\SeEnSjbrvFy7d53+96+NozwMAgK5YAxi91r53u\acGepRXCOudsj5xmotenC97BGSv6F4ztapYs39Wv2aUx1Xo28\YlxskWPLCt2\5iXV\vG\h3o0AAAgFpdbVFOyQmv3u4dsCB0nHdr80P1a\WKt\tSToArXlotOVa9ZpBUb7BGSv6F41PphhVbnrZbd2TFgwxsSxN8AgJ669L5+kL5YP3j3q+Dnv2zQkePSXdNuGZpxAQBwDaACGH3Qquqte5RRlackWvkNnKtuOUpWqqKpy8TT2CSlzZmrjFlWzZiepM46mg65\+iS6\gHOnC4Ua2XfRt71LJ3vVZeLtPOx60a+bXAbjk2rlbFiaEeBwAA15osFdcUKS2WTf\qVovLpYa6A3IcN97A5pGrcq3st76lgukDNtDQzjtUsqZCrkE+LEaYcw6tL6yQ83Lw06bJaZo7L0MZ1hmyTPRWsYe7zj0tqlm\Up7nd6oodeRH38TfAIBeuX6msmc\pdU\KpDc+bp\+nhdcR\Vay9U69jUfNVk3zjUIwQAYNQiAYy+OVOtzW9maOeDSUM9ktHpqluOJ1eq4jND8tdkVsajm7RuSbLiuyXe45VsNSvZmiXbo+1y\rpEJb9u8d5qflAAACAASURBVE9EtR8sUUnSTpUvpVkbAADojXgljIuP7WayccmyTkiWdY5NBefrtO2H21R3wfdiu2reqNW9z2driJtBQ1YVvf++ioZ6GMPFOYfWPlohlzH8npChgh+vC72kivE6b3eqemOJ9pz0R99y\LhEN79WLtvEQRk9AADDzDc1v+x97a7aoud+tVHL3VekG6Zq\rIXdLBwsWZcN9TjAwBg9KIFNPqs9Y3tqjk31KMYndz7twUnf8daVVS1S5uWhkr+dhGXIOtDO7RzjUUm\5MeuSpLaN0NAAAG14QsFb9YIIvxuaYjqj8\VAMCQrjqVs3zXZK\qUXa8cam0MnfrhKsyn95p4puC0Tf8rhUsWmPWkfTUiwAAPRE3I2ataZcB4826\RJl043vKsdTy3WjOuHemAAAIxuJIDRKwnjjbUaLtmfr5GbSY3+dd6hbVXGBoUWFVSVyTa5Z7sxL92qTfONE1at2v1WfY\WEQYAAOiziTbdO8f4hEuf\zsRCYYP98FtshtbHE8v0M6ttp4tdxNnlm3LJmWPMzx3Zrd2H+daBwAAAAAMHhLA6JWMH2xS7njDEyfs2rbfPWTjGX08qv+lPWh9uqSH1im3V63j4pX2yGOyGvf+21rVX+zbCAEAAHrGpGRLUA2w3O3tQzQWoIvL9ap+LSj6Vv4TuTL3JPnrE5+mhx8Nir5Vd7heHX0cIgAAAAAAsWINYPROnEX5T9lUt94h37Sd6\VtcswawPWtrnrkdh5R7Xsfqe7fXHK3e++iN8XLPMWijHk5yp6TpqRxod\uObpNi7bUeR+ZZCs7pCJr6G07uVVTuEL2U7632FR2qEgR33KxTiW529ToPUZW6Tsqnm2K9I4w+6lX7W+NveeylL+sD+ssJ8xVzt2vqrXVovSMDGWlpcjStYtdU4XmbXB4H1hU9Oty2SZE27FbjsdXqMJXKTG9SLtetinsCsPe7\DA\lrVn2wNfIcyKWFigpJuzVbWd7M0d5pZphCTbe79a7Wi0tX9hRMVWjGvwv\Q9vz7KkqNMIaTH6junTrVdr2ObkyWZUGWcu6cK8vEaN9b8Ge3rNnlX1u540ydHHtqVfuJS+6Lnfs3JZhlmXmvlufZZO16Xq92qPXo27LX1Ml1xq0Oj\zXdVZuge7NTIre8tuovUV17zn0QX1zYH++MXyr8xxnT4++DnTQ+V5Spvcft0oXW1T7ul2\NCp9suSaZxZltuzlZ1nU9aUmFaEBACgx9pP1emI4wN91ORS6\kObycTkxImWmRdkKWcrGxZwsYtXeIVA1flCs2r9D2yqez9QKwXHHcEvxaeUxXz1ssXUfl\P8NuE4i53MerVbHTIeeZDnlkUsI0q7Lm3aucJVaZ47qMxxhzedxyHj6gt9+vN\zu+85NtpYvzAobH\duzMGxVvupOh15qzYorjKNMytpeoayl+bIlho95gjS3qK6995W7RGnXOfaO7\rsQky35que\vPP\+wp6PXur4uFZ1xvD77nzlTun9\hIyc5T1Wqtap6frjowspVkt3dbOHrhrzID4m\gbAAAAwDWJBDB6zWQtUPHSeq3f700Be1yylzmU9qKtd3fKR9Bx0qHtP7Gr\nyI1mmeDrlPNqrmZKNqKk1KfnCryh60dvuD3fStdKWpzpuc9ajxs1bJGiGpetGl5lOGx55Guc5I1ggTQZ5\a\DuX5IydMftvUj+Sur4wweG\UimzDuUNrZXu\LtQRlPv6OMvuyijzqc1Vr\4z1quRzqVY\az7nVfq5azg+r9dLYZOX9pEz51v6d0Ih6HZ1zyv26U3WvvyJzZoE2PW5TcsQJ0y6utqr2uRK9ctTdrcW2p90t5+EKOQ\vVsbT5dp0t3cC6GytNhe\0n1M3ut6z3ONqtlp06bKIqVFG8tVtxpf26zN+1pCtvj2tLvl\LDzHL8yIUPf37ZJ2T1pKX6uTpuf3Kb6C4Z9XvTu89INsj6frYTw7wYAXPM8anEFJ5LMCVF+Oc43yv6Tzao5GfKXTe3nnKrz\3Z\X1ufye5Zu95hoUOu19Zr\V7j77dH7ScbVXPSJSW\o4LbQr\T\dvNWv+zerm7nR7Dufl1tTIe36pN8\twM2HIYbtU\fR67Qnx3XguutVyvEYVx2tkn5anrc\lyxo1jmlX42sloeOYy+1yO2tV4az1768vyd7uOtT4YVD0rYyMNPUukvcam6HimqGMvom\ib8BAAAAXMtoAY0+MMn6ULFshlbQns\s2na4f1tBuw+u1\1rKkJPGnTjUcuv1+v+Ekf3NYnHWZQ+3bDfRqcijTQ4mStJbjV8GqlNoUeN9XWBh2npsvYyaetyBh85Y1YfJ6CGWEdThVauDzf5FMLlFu1Zv1IVTf3VKK9DLXt7dh25j1Zo9Yr1cpyL8RAXm2Vfs1ovhZh8Ctau+p+uVYXTI51zaG3hS1HH5DnvUMmTe9QaaZ3tDqcqHlqpkjCTT933Wa+XClfEfo49DbJ3mXwKMClryVwmnwAAkZ1z6O0PjU+kKf1b4SOcjqYKrXikJEzytyuP3Edf0uqHKuQcYX122xzbuiR\DaYsV3bI5K9HrfvXauVPQyV\u27qVv2Lq7X2YD\G6Jecqnhsbcjkb7fDn9yj9asr5IwUB151y\HkipjimM79bdaBln5cU\eqS8Hhd+9v5BwuiL+NiL8BAAAAXHuoAEbfxFuVv86m+g2+VtAeuaq2yZEWS\vg6DqaKrT2ZafhD2qTkhcWqCA3S5aJ8Z1tyjwdav30iKp\Vu3\Q97TVKG1lUna+bjV0GrNrLQsi3TCW3lyokGuizaZw9zV7fq0PsRzLnmWZIROxl51qfnjwMO0OWnd2rzFxq3WFuPjZP1z8giegLrsVPW2QKtwmZKV\WiBcu+2KCne+7muetRxzqUjv9yuav8ETrsc26p1x64ifyLdvLRc7y+Vetp62r2\RGtfcwVdR+bMfK17eEHE60iXnaoo3Kz4X25SVpTZlZa9r8jl8Rj2bZN1cufn87S7dOTlzar42HcW2uWoLFHrfznl8kgam6zcH67TvbOTlWDqPB+tf7Br2xaH\HObZ3Zr9\Hc0C3Fr7rl2Fgih2EiyzQhTbkr85U9M1lm7\nznG9R\Tvbtd03SeVxy\HjEt38Wgyt29+rUY0kmczKfnyTHr47WQlxkqe9RfUHXTLPHMHXKABg4F1sVMVT1TLW\5ruzlZGuOq6cw6V\NhhSG6aZE7LVf4j2cqY4m1Ve9Uj95l6HXhpuz9J7DnvUMnGm7UzqCONWbaX35dNks47tPbBCv84jC1kh4ZLNXs7\8+Umqetjy+XdaKpMxZwOlT\1yyFrNs9Va3NJzze9sidcUSO7zf\qkftZ+r1tuG8dMbo1aq\u1gZfeoq0+nIiyXyeFtNd4upLrfKebBa298wJKcvOFRxMEc77wv1aTrkrFyris8MKbQQn6nVeUQ1r9lVe8ojXahXzXt9\xx+51v1H8bHt\yzkvvhPA0Z4m\ibwAAAADXPCqA0WfxqflaN9+Q6vS4ZH\eEbG6NiYd9ar4cfDERW7ZW9rxQ5usk+MDa1SZ4pWUmqtNb+zSprsDswTtB0tUcTT47mqzNd0wSdEo57+HO3irXI0h7uP+uFkhVsDqdLLBsG6YRen\0tv2aW61GVtPy6LkgVpXeRB0fPy2HBd9j5KUX7lDTyy1BiafJCnOpPjJVuVu3KWdhZbA8xcdqv1DH6s7zju0LWjyKUG2rW9p18bcmK4jXa7X9u11ilT7LUkej0dSvNKe3Ondd+DzmRIssm0sU76xffgZp5wXJI23qWzPDhXM8U4+SVKcSUkzi7SjMt8w6etR3e8bQ1YXtL5ZEjRpmjD7Ce14Y6vy5wQmnyTJNCFZWYU79FZlviy+Y3lcqtgUpbohsGfZfrJDT8zvnHzq\GzJynrIJsuIa7cJABhwlzvkPuVU7RslWpEXnCiRKUvFa8LdVNeqPZsqOpM0kqQEZTy5Q7u25ivrFsM6pXEmmW\JUkHlW9rxkMW\L89nFSp5s3WgPtWAMN1WpJ1b8zuTv1JnLJCaq7zZYTJgns7kr+m2Au18pzOO8P\mx5mUcEuWCl7epSeMCSJPnWo\7p\qzs64J0xMNTZJ1vs2acdPc4OS1617a0PH0Sd2a9tBQ6Q13qatu7p\pqRUm56ofEtblwxAzWNbm4Luv7Qk93OL6cFF\E38DQAAAAAkgNEP4pVWWKxsQwWH5zO7Kn4b7U\2yFxvVhgSqiZlPV2mgkhrUsUlKONJ4x\5HtXtOqKg6b8p1qBKk4\+LUw697xTDb7WYxOtsvoSsN51gENpbaqXf0pt+lyl9bYC+mJ7cPJ8nGlEt39u+Xdn4MEt2cqKsIayJJkX3qssU7zME82yzrEp4WrfbiVwvVNtmEA2Ke3pHSpKi3YdlavotsBZ9zRW6O3Poh\LNGediueHmS6MS9KCXGuXJ5OU\1yRwl7WU7KUY2hbrn9v7X5jRXud7MZJ7in5KtsYef3D+Gl52vp0VuC6OrNbu4\HMNGX+rCWp\bvunAAgJHGofXz5mleLP9s39WKwvV66deNwW2Kx1pV9FqxMsL8pLR\aNduQ7yV9FBZlPVr45X84FYVzwn8dre+uVv1sba+HXLxsq00VizHyJSl4i254X\z4xKU\Vh+UBK20dUSZuOeS3qoLGJMFX9bvvLvNkSxF11qOd91q3bVvlFjuOHToqIXI6y7GhevtDXBcVp\6PhzcIQVP3YkR9\E34H9En8DAAAAuHaRAEb\iE\TY09lG1oee9T4s+2q620O+KpTH+w3vHlKvpZnxvCHb1yScldkBR6f2a3aE8YNLErPDEwsdNQ7Fao+pOPTBn+FQnxGvpan+t4Tbh1gt5yNgakBc5q191UDf+1QUG3GxMSRvbbTVcPExtn\UEu0wpOxGSo+9I52vbFLZc8UqWBOpAnfKC7X68BBwwGn5Kvg7hjOZpxZtrXLDROmHXLUOSO8QZLiZbNlRGz7nZCUHPz69JwoE3JmJSUbHp77z26VEO6jB9RovFHi4QgTwcbRZi7Xcn9luUd1h+sV7atJ\k7KyL4WAQBDzKTkhU9ox66yCK1P3ap3GCruTFnKXxZLLBCvjLzlgfirH6tdB94dSpkefauu4pfkhE2i+022BCdTz7dH\b2PjVW5C6N9LyZZU43Jt1a1dQ1k2htU1xR4GL+kIHpb3DizbCttvVxqJbSOjuCzkjR+hEc8xN9+xN8AAAAArlUkgNFv4tMe07o5xjZzjTG17gopqJ2yZFmUEXr9sxBM30pXmv9Rh+qbglO8llRDu8FzDZ1twLpocQUmG9JuTVayJTB55frU1b0N2PlGfeBPNJuVndGHSZNRJtkS+DbkqdO2JyvU2K36Y4Cc+VyNvbyONCVDcw0TkJ6jDeHbf0uS0jTjlij7TEgMOn5MNwrERapA6ZDrD4ZRmRYoO+a1wJJkNc4aNzbIGaVSyjJlJDdDBAAMBVOCWdY5eSp6ply7Dh3Sjh9mKzlcdackXXSpwXDznml+duxr1nbp9NLY6AzZunXYmZ4cU\Koqztut0TfSAlKNCZU\9LRPwngW9KVEkNWKv4GY+zQIc\Xwa93fFKvQNQdrwV3xvKZJN2WrXtH8BIpA43424D4GwAAAMA1igQw+lG8Mh4vVlZQDni77Ed7Ps3U3uIKmpxKntyDP3zHmZVkmPxzt7YGTf6Zbr9DGf5HLn1+ouvUoEsNR33PpSn9WybFW1LkvxE8xDrAxophjcuQNUqbtYhuNOtm4+MTf+r7espDKP72uUozXhOnHCp5cJ4W3b9e2153qPGUW56Y1r\queDrKF6WW3sygZIkS1qXtoUhbhbwm3izkmKdoPZKiI8+WWS+KTnCqy363FgYccvNPWofmfRPxklWl1ojTgxadPOk2PcNABitslRc847eCfFv58vFKpiTFLR0hedyvJKzsmWbY5E5lhzJHz+X8actOalnv93\fKvhYajWrcNRclIvOsckK2kof5d7NebugloV6w6lTIv1nUmypPbDALzME4Oib7laR8SVExbxd3jE3wAAAACuFX8\1APAKBOfoaKns1S\pc6bdPWo7qcVuuP28Ou8heJ2B1ftOjbMk6O3Y3K3q10KTFKNtSo9Tapr7HxY73RJmYb2dGecqr\o\f+JMzqrVMZZZB0ntVyUfx1gq2GtYWdjo\t8XffoRhrF0KLM+l\mqRA1vq\OydoelEZMiwkZKloTa1W\iy4CsfT7lTdm07VvSlJJiVYM7Rgdrbmzrf2eCInnODrKEmJPeyf1jn540vtt6vjvySND7PxuPjBX6v5YnvwmoonKrRiXkUvd+bWf\6npL7cvAAAuAbEK2FcfMiWq\HjspQ0PUsLcveo5IfeNUAvt6hm40rVL92qHWusUdv2dnzlDooXXJUrNK+yl0P1tm4dnX1ZTDINZWxo6o+op0Pt5wzf9rh\UHwPPpM5ySJFqQ+Nmel\Kij89oyI2vHwiL8HDvE3AAAAgBGCCmD0u\jMAq0LuuW8TturGnvUbs5zuR\XbDvX1qUNdbws3wmkaLu2Fmv\tMFfLRKfYfVOGlqUMtO3RZd1gK+61Pyx74FJWd\pU\pXUpJuDqp++I8od4YPf+aFZdq1NVfJYSeWPGp31mlP5XqttM3TokdKVH2875UXwdfRzTLf2Je9eSdohpOu60X3kfvPI2WtRADAcBY\LU\lVQWy+MNBj9z7S7S60hn1d6vrWqx941b7xehbYah0qOMvhocTE4durdObblZQzWfLCKkej4D4e4AQfwMAAAAYIUgAYwAkKGvduqC2Yx3vbdOrjUP0x+1lT7f138zW9EBF8EWXWvwJVo9cnwbSwWm3BqaCLNbAWlpB6wCfMKxXbMpQSl\zv0pQssVYH9Oi\2jphyqE8w6tv3+1SqocqjvRqo5BLmxISCvQjncOadfLTyhvZpIidV\znG3Uno0rtGiDQ+4Bak+H7jouj\BqFwDA8DE5V8WPWgzVeZ1J4IpeLA3Sex2DHu9ghBqfLItxbepT\6GWKGuzxsK9f73uX1Mi+\46uc52DFjb5XCIv4c\4m8AAAAAA4UW0BgYCVla98MPtOKnjd5EaYdqX3hVGb98QmmxtIKOMzZhS1NxzVZljYv0hh6akqHsidWqPidJLjV82iHbhPgu1byd6\6xP9Luixq7KwW\rhZLmXIKsl17EjgLvDZdyitH9qnWW7Pkmmvw38G6o81ypOZ0acWZ+3Oj+Rsb5H2Vahxn2RaUqZDj1ujv7E\xZlknp6t\C3Zyr\qUce5Fn1Uf0T19Q1ynmzvlqj3NFVobVWSdq2x9uqzJySYJX\9xp\k\krShN4OfhiuwdXlFp74+8r1zqN9vgMBAIB+YV66Sev+sELbGn2\8B7V\bREM24tly3M73FwW+N45b78jgqmD\BAMURMwUucnPqT3FK\rC3ccxalZ5pUc9AffeujTzzKmN2n6FvNx51qPynVnGxUjUyyPX9IRf24dnFMiL\7F\E3AAAAgBGCCmAMmIS7i1Rwm2Ha4GKttr8evfWf5Fv7yadV7j\39+iSZDUsStzY6F0f66xL\jlK3\q\PhMMlQHedYClVjnrA58oLa13EyXdWO\QAmMX7aMfqbFPVQjtavjQaXhsUkZqpIkKz8BXKMSZFD\ZouwHntDWyrd06Mgh7Xy+SNnTgs9g+\5qHellC+z4ccZGgq1qaw+7aUjuL1uMe1P8N3o3jgEzPimoXWHHhe6TeAAADJ3uXWHkccn+cp3C\SQnTAz6ZVP7heHyy\bfg169OfolKCnZGPB2qKMH8a67tZ\W\Wyzl4QVLFeX9\Yt7iqvUF1TYbHUTsFDcI1Rvzdd8TfAAAAAEYIKoAxgMyybSjQB49UyOX9q7j94DZVzy6I\s4pyTLJ12bZrQanW3lT+rceIKjK9uNmua5myOwMtf6v\x2GygDvmMY61XDO93qa5n4nlvLmGMRZNXdJvBz7vMllT52q9y1XxoNJkd8Xzmdv69UuE1B33B4pVd2itjZJE6Pt2K0\nerdkLqJMykp1aYnUrOU8eIKlbznS6y79Kcv1KvKgYRki+Ll8t500CHXv7ul6bFeR61yNRqmc8YlydyfVej9Ikk33ybpM+9D73VsjYv0HgAABlFClooKD2jly4HlMzyN22U\mqbizBBxU9LNskjypfbqnS4pc5A7loQUYyXjhVa1RNkEAcm3WiU1eh816vMzUkZMFd+tcjVF36pHrHNlG+dQjXfdaM9vq1Vzf4bypvRud669ryro9svMaJ2ChuAaI\7uBeJvAEPrzJkzQz0EAADQj6zWgZvzIAGMgTXBpuLCDwyTfu1ybLcrIcrbdGuKMuRQnfeh61C9WpfmKqb0Z3ut1t\ilonJsj0jxalzblXBQuTu1fmWgzH8NSp4WSBZrhCr\rf4s1QzrYOSqXq0Xu+Ab\BKVSM2TtxwkKy32PybrvJf\EUesb21WTVa7cqEnZLq66ZH+uJqjyOumh5cqI0qr6v2OpQDhjqJgO5XKr6t48IOcfXWo+2aqkR9\S1rujJcnjlTYnS3rP4X\G\ecOSb1Irk9LV5apRg7vGHt0HZ2p1wfnAg9Nmekafs3dEmRNNUufeW9b8BxR7fECWWNsV+iq+q7W\zZeCf8QryRrmnLy8pXW6xZ9AACEZl64TssdK1Xtn6\0qK6qWtnfKZK1azwy3qr0iZLL+xvsea9W9Y9ao8YtkjpjnvvX68g3EhQ\LkkpaTnKeyitn1oKx9YdxXPic\VvXeroFrTEijp05PcuFUyPIeI62xgUp\WLOIvufdSqmhf90beqX6pR1s9yZe5pcu+EXZv3BUXfys+LtpxLP11jxN8DjPgbwNCaMqWXdyYBAEYlbgxCJLSAxoAzLywObgV9oT1s2z+\sWm6427De85Ua\t+d\jt\TrU+Pqrcsqj9nNuuZ11ao1LCD3ZMjZNd8wJvK++sSbs+r8+pltnBCYhPv5I1fWN\tcsM1OiJ7Z7IiFbRQ8Zp0pcsheul+NsD\Zx1a26LZtVc8Hw3HibipaEmIJJTAxqZ\bRJ9GmLzvUWPO2In4rpnZ9vs+h2uMtcrd71Pjbj6J\95I8\2WcMDPJfGMvK6u9ldR+sV5HV91ylO9Wq\+JeNmyhkP1UXdJd+YYJtQ8qqu0yxlLn\VzNbLv65Dnolvucy1q\Nij+BsHbpwAgGtYXJLynsgNjpMuOLTt16FijSRlLDLEKZ46VbwW2xIi7v121Vz0qOO8W+6Tjfrocnyfkr\miTcbHrWo4dMoUcxVtxw1dZG3QbAJGVpgWBO346BdjqithztUv6vaEKf1n4S7i5RvnFc\YdfKEodae9Ka+VydNm+pCYp5E5YWyTa5+6YDco0Rfw844m8AAAAAIwEJYAy8OLNs6wtk6dHiuCZlPFxguOPbI1flWm07Gnn6onVfiTa\Z\jre5xNyzPDpWVNsqal+R+59+7WkXDr\pM6KxK6RxSner8CeMk3ZHavy2qJSnpga0qMibPLztVUbhCm\e71B5tIup8oyrWrNS2j4Omn2Rbl9+92kaSJlqCKpg79tlVE6GyonX\5uBzHUrXCaCmV7Q52gRQh1P2KsPElmmB7viXrhslKMF4ui92hF17y\LdfMO113kdVTRGGPfVdtW\uFYVnwX2aLotXzm3RR72kJlsU5HxHF9wqGTjHrVE+mouNqriSXtQ9YjlwRxZaF0HABgo0\NVvCQ4odS+N3SskbSkSDZDTNJ+sEQlv26JmATuaKzQ2qqgXzblfzdE7eD1CUFJ4faOCK1MbrUqzfDQ+dovFTaEuNqhxqr1qj4RYZAIIUHZDxluDvC4ZN9klyvsl92hll+XaNuHA7TqalyS8jYXBf3d4mmq0OqHNstxInoa1X28Qqsf3ab6LjdfFj9kDX1D6kBcY8TfA4\4GwAAAMAIQAIYg2OiTcWP9LCB1wSbitdYDJMl7arbskIrSqpVd8odaJF21SP3qTpVl6zQ6iqXYSIiQbbiMMlOr862c14ej\+93df\9UmSJS3E9M3EuUoLcVd\n8WZZduyVbbxhuc8btVXrtX9371f65\bo9rjLrVe7FDHxQ51nG+R87092vbD72rRgyVynDJOy5hkfbxcRanh7ua36I75xmS5S\ZHV6viwxa1+3bjPdf2NYu0stIpj6SE8ZHrnrtPAK3s\h1K0mW3Wj6s1vrH1svhnzQzyVJ4b4g1tUyKN36Mc7u1\XVn4DwYP\YEm4ofDb6OHCX3a8WWGjnPdgTG4OlQa1ONNj+0Qpt\a5jgM1lUsN7WT+0jB4JJ1kc2BV0jns+qtTpvtV7a71Sr4WR4Olrl3P+SVq8oMZxjyXRbkYqXDN9PCAAYDUyyPrJOWUFhlEvVZY7u3UTGWpVfbDNUDHvkemO17l\zkhxNrYHf+asedZx1yvGz1bq\xGGocjTJsqZYtlBtVcfGBzW1db+5XdVNrZ3xw8WO4NhknFVzjXHfxVqVPLZZNU2tIeKH+1Wy3y2PTEoY38vKyWvV9OUqXmL4tk\VaG3eatk\bJH7svfJqx61n6qTfc39Wv2GK2zisV9MtGnrT2xBFeue8\WqePx+Lbp\vba9WavGE4Frxn3Kqdo3t2lt7iKt2OhQi3FwY60qerFI1nCXxABdY8TfA434GwAAAMDwxxrAGDTmpcUq+P0K2XtQGWFeulXlHSVa65\o8cjduEfbGvdEeWe0ZKfXhOB15nxCrf\rY\mXDGl\cOu18AnjfhBvVdGrO5T47FrZmwwzK5fb5fywWs4PY9iHyazsp8v1RNhq6E6WB4pl+9AwAeRpkeO51XKE2d50W5HKH\iTVpSE20KdE0A\bNban9Z7J2Zj\Q6lhCVbtTXMxEiyJU066GvB7ZHrzfVa+ab3tcJd2rEs8D7z0nLtuLrWcIOAR+6jdq0\ao88gLFWFVWWydbTdZcHW7xVReWbNftEsAAAIABJREFU1LF2s+p8393lFtVWrldtZeS3mibYtHWLredr2wEA0FPxGcovtKj+5UACz\OZXdVHs1ScGRyzxacWacfGDq3eUudP7HpO1qpiQ60qIh7EJPPSrdq6NFxiJVkz0iSHP4Rwac+Gldrjfa3gjR3K9f\uJyhrTYEOOCvk8g34Qr3sG+oVLoJIWLJVW5OqtbqSlYBjFy\rmnIV\XFloAL0cotqnlutmjDvME2wKjnO2S2G77cRpRZpZ2WiNj9pl\Ny4HlPu1N1rzsVS6Nv04RsFf\sCWWMj7TVAF1jxN8Dj\gbAAAAwDBHBTAGT5xZuU\k9zBRGq\kB8u1a2uukiNU8hqZJmSoqPItlcV0R3WSrBldk8Sh1\17\9b6UGt2qR4LcjoYXVzT8UnK\f5Q9q1JVeWcT3ppW1S0pwi7dizK2ryt\M4VhXtKFPetGjHMMk8f5N2vRjbxIX57k3aWZYX83cok1kZa3Zo5xqrwqXw4+cUBbfHNmj5Y\dV4ZKWleutsrwYz59J5swi7dhVFnK9tmFpfIaKX92hokxz6BaD3ZiUvGyrdr4RoSoFAIB+Zl5YrPzpxmc8qnv51ZBtbxMyi7WzskgZE2KMfcYmK3fLTu2KED9I8cpaUxRmaZIWtX7R5amJNpVXPRHDGEyyPrpDOx+PdGyEFWeW7cVd2jQ\ehxjSi1QedU6zQ21XEs\ip+Wq7J3dmnrMoviexJ+j01S1podeuuNaMlfrwG6xoi\BwHxNwAAAIBhjApgDK4pedr00Ada+Ub3CYJIEtIKtOOdfLmdR1T73keqc7Wo\bxv3SmT4ickKNmSrazvZmnuNLNMPbib2pKxQPF7awLryt2SIkukCaVxyZoxUWr0VRyYspQ+rUcfp9fMMwtUXlOg9lNONTTWqb6+Wa1ftcvdblgvK8GshCSLsmZna+58q5JinfTxGWdVfuUh5Zyq05G3alX7iUvui94znZAs65xs3WtbIOvEHi3qrHhrvna8szzMdyiZxpmV8E8WZd+do6w5Fpmj7d47UZh08JfaXfORXIZ9qdUtt9StbVy8NV\lbxnG8G+uwLkzxcs8xaKUjLmyzc9Scgz58mEnPlm2jbtka29R3XsOfVDfrJazbrX7KlfGJsg8OVkZ83I0NzNtZH5GAMDIFmdW7upcvf14TaBl88VabX9zgd56tPsNdfHTbNr0a5vaT9XpiOMDfeRsUeu59kD8kGBW0rQMZS+aq4zvJCshlhhwok3lv0yS49e79fbHgThHkv50LkQEMTlbm96YK7fziA7sr1Xdv7V4f1tNip9gUdqibN1riB0iLQOKCOISlPHkLh1a4ZTjnbdVW+9Sqy++G5ug5G9lyZZ3r7KnJ0hyB62lqjjFmIDr6ZjMSiss1zuPtqvl0wY1flivj5ytav+zIb6SSQkTE5R0a5bumD9XC6xJPfpbRNKAXWPE34OA+BsAAADAMPV3f\vb3\421INA75w5c0ZTpkwZ6mEAAACMWsMx3hqOYwIGl1uOx1eowre0zJIyvf+4dUhHBAAYXYZjvDUcxwQAGFr8Noxcly5dGvBjUAEMAAAAABh85x1au+ZttU9IUoolWWnfzVdGLGu\Xm7R5ycCDy1JsSz9AgAAAADAtYM1gAEAAAAAg29CkpIvuuU+2aja\Xu03eGK\h5J7R\Xqt7\KF6WW0kAAwAAAABgRAIYAAAAADAEkjUjLfCo46BdjnNR3nK2Rpt\1hhYe3bKcmVPH6DhAQAAAAAwQpEABgAAAAAMgXhlLMySyffQ41LFoyu0ea9TrR2ewGZXPeo461Jt1Vp9t9Aul\+lBNnW2JQ0uIMGAAAAAGDYYw1gAAAAAMCQMM0u0tYlTq0\2N75hMet+tfWq\61aO9MUMbT5SqymqJtCAAAAADANYcKYAAAAADAEImX9fGd2rEmQ+YYc7mmCRkqqtypTXez9i8AAAAAAKFQAQwAAAAAGELxSl66SbuWuOX6bZ0O\LZWrj+2y33R1+vZpISJSUq23qG5tgXKuiVhSEcLAAAAAMBwRwIYAAAAADD04syyzM+TZX7eUI8EAAAAAIARjRbQAAAAAAAAAAAAADBKkAAGAAAAAAAAAAAAgFGCBDAAAAAAAAAAAAAAjBIkgAEAAAAAAAAAAABglCABDAAAAAAAAADQhX2FmjrNEvpf+mItf6pax9wDOYKvtHeVRVNX7dOFnrzt0gnt\VG1PhmoYQEAMML8\VAPAAAAAAAAAAAwXEzXqpee0pwbjM9d0dn\8652VZdp+W9OaMeHL2j+DeHeP\guvF+uDXtvUc2zQz0SAACGBxLAAAAAAAAAAACv8Ur+drpmmYOfnTU7Uznp43XP96r1yruFmr9i6gAc+0bd9wuX7huAPQMAcC2hBTQAAAAAAAAAIKox38nUfEmft10KfsHdoMo1i2WdZtHUaem6Z02ZHCevdHv\hePV+sF96Zo6zaLpmYWqPP6Vjr1gbPkcogX016e1tzRf96R3tqK2LsjXpn0ndOlq58ufvGBRevFRSdXKnWbR1BecPRiX93gvHNUnlXmyTrPIuqBMv+vy8QAAGGmoAAYAAAAAAAAARPenUzomafK4Mf6nrjjtyn24XGdT8vVM1UZN1hf6cNcL+sHi3+uzN\fpmdTOba80lWn596r1\83O1\NVmfrG6X16rfBhHTBLmhTugF9p7+OLteGLeVrzVJU2m6WzR6u0qXiZPr\yG9XkTVLy0mr9\OoL+kH1JD1TnacZ42\p0bgkSXvW6pHpD+sn1YX6q\t63X79gJw9AAAGDQlgAAAAAAAAAEBEV\7UoFdKyvS5rNo8b7r32S+097lytSytUsPGTF0fJ0npmpW1WP9aOlOP\HSfVuzN0+SrJ\SLJ6t1NmuLflO5TJPjJGWla35KmZY8cDp8Atj9ex05Kq36VbnWzex8atbsdP3jpZl6+mOnzuZN0uRp6Zo1bbykSbp9drpu78m4fMf5erF+vnOt7rpuQE4dAACDjgQwAAAAAAAAAMDrqDZkWrQhxCtjzJl6Zm+Z\Mv\ftmgI07p9tlX9PnxhqBtL42ZKjmP6pg7T5P\fFR7v5Tu27y4M\nr21\qA1o1szrksSRJN0zS5OukXeXl+td\XK5ZN9+oMXFjdNe2ZjWEe09PxuVb5zjTqhkkfwEAowgJYAAAAAAAAACA13SteukpzblBkq7o7MfVeu4Xp3T7upf101VWjTckcOU+rWOSVLm287\dnNZZt6S\XtJZpWvGLWO6vD5JybdJOhlmKGPStWrbMn1SbNcjC+zSdTdqxuwlWpG3TAtmTvVW9oYQ67jMIV8EAGDEIwEMAAAAAAAAAPAar+Rvp2uWNzk6a3amZt1SqHuK87T84h4dfMqqrmncVW+69Exq+D1eOXql16OZnL1FB+95Si3Hf6MDB97Ve7+v1ob3q7XJ2E46jGjjAgBgtPofQz0AAAAAAAAAAMDwNXlZuXavmqqWX+Rr9b4vAi\ccJNmSDrmOh3x\WPGj9dkNejzU10TwV+pJVz1r1HcN5U8e5nWvVCt3\zvZv2mNFNX6uxyhHtvjOMCAGC0IgEMAAAAAAAAAIhgjG7\rNaNfWKfrflWTnc3qenZuo+q\T56\t07Gvj9ld0bNs9mp75rH53SdK0TN13k7R3z7s6e9Ww2enfaO\R8Ee90lSuJZmLVfmZ4cm4MZpsHh95uLGOCwCAUYoEMAAAAAAAAAAgsuusWlear8lfH9XTpe\qgiRpku57Ol\JX1Zr+Zx8Vb7boGN1+7T9iTw9Un1Bs9Y+rLuulxQ3XauezdOYuo1asqpMe+sa9Ls9G7Xk\yrT59eFP+SY2+7UXded1vaV+dq0510d+7hBjj0btfyJfRqT9bjum+7d7rrrJb2vX+06qmMn\xL7uAAAGKVIAAMAAAAAAAAAohoz83E9nz9JV+o2amvtXzqfS12vg+++oFXfvqDXnsjX8sJntffUJH2\+n29vmxS4L2zf6T3f7VWs9pqtKEwX6urLmhBVbU2fzvSAa1at3ePNt8pHSt\Ssvz8\WD8maNf7RaRysXy1cHfP2d+Xom6696b0uhlr\0e13owbgAABiN\u5vf\vb34Z6EOidM2fOaMqUKUM9DAAAgFFrOMZbw3FMAAAAo8lwjLeG45j6xxfa+717tGF6tU4Xpw\1YABgRBm9vw2j36VLA78OARXAAAAAAAAAAICBc+l9\SB9sX7w7lfBz3\ZoCPHpbum3TI04wIAYJT6+6EeAAAAAAAAAABgFLt+prJnP6XVPyqQ3Pm6f\p4XXEf1WsvVOvY1HzVZN841CMEAGBUIQEMAAAAAAAAABhA39T8sve1u2qLnvvVRi13X5FumKr5y17QwcLFmnHdUI8PAIDRhQQwAAAAAAAAAGBgxd2oWWvKdXDNUA8EAIDRjwQwInMfVummA2qLsEmirVSlixIHbRwphXYVpvR0B206vKlUjWmDMFbjUQ+VqtThPXuphbI\1uOBj2hth0pV2pim0s0LNXhnHQAA9F2zqgqq1CxdkzFMTwyPeKcz1j3g1jX7fQ2P7wEAAAAAgOHhfwz1ADDytTlKVfBq81API4JmVRV4J8QGVZuaGw2p86YGDeez1N+aXy0IJL8BAABGIeKd4YHvAQAAAACAYFQAo380HdBhd4oWmgdo\+aFKrUvHKCdDxB3sxqDks7NamiWUq69ggwAAAAMqEQt3GzXCIuWAQAAAADAACEBjJiFbL3cXKWCqmZJbWptk2RIADe\WqCqpsDjcK2ig7Yz56h0c6IOeFsO+t8TrgW0\gGxrZ3XV5vc5SqwBG8j2jjDLRxTlFhoVTl21+U9nrNDm\rbHOKUtSsZrfUvP+w2lLCtKUL0W475DmPdbsQn63z\BqPH2jvGPy5DW0E\e\p0lrwOw1B5zbwfkPLSElyH1BpwYFrth0hAADXgm4xh7rEJ11iufQ\dI3\FiqxS4wT6zIjUY8dStB4CqUqX+ySokJ7oVKk7nFmUBwVId6xtYVZuiREW+2I48hRW0yxlxS6BXSssZvxZBo\c6JyNpcq0eE9v93iyMjn1SfSdRDx3IQ6z\5z4\2OYoo7DefBp2tc2l\XZ8Rrputxwlx3AAAAAAD0A1pAYwC06fCm7hNx3VtFh9jOfUCl3SZ5wgiV\JWkpqoYW1LHOk7\AQPJX0kp34k0RdOsBu9+E9NyVLjUu627Uc2hWlE3V6kgxFrLzVUFKj3U1vPt1Kyqgu6frfP8lupwX9thN3U\922O0i5jAAAA14JQCVipMz4JFao1V4WI\zaVdksctjlKQ76\L8cOuY8qQ+yZmq4Udd4A2C3O7Emc2guhxuHX19grhvd3\8xtOhAiVo7wAWKMU2MVKvkb6fkQ3IdVGmopmKYqFYTZR2+vz55eMxG\bwAAAAAA+ogKYMSsuapABWFfTVG6d9ai7ZDdO8nSWTWw0KxAstbYKrr5gH8yJnAHfYg79MON5w\eKRPDnfX+al3fcVIKZbeHrnKNeZxGsVaxNvvW+01UWmqiZE7vrAJWmxqb2rQwqFrAkFgOUW3b5jig5kWFSol5O6n51Sr\8f2fzT9Z1qYDOw4rJVoFRxT+qg1DJUNbY7PaFi1Uod0emJCNpVoEAACMTO7DOtAkhY45vPFat\UvfNWOhrjP3aa2EFWx7nNtUkqYKKJXxw6lS\Wl+7Ds3vVku3c4adaBQ21KWZQSPt5x9\aGuK5VoMH7CR97JcYUZ0V+f7MO+NbQDRVbRxV7nBozQzzt\379Y4\he1CbDu\wJW0N59awj6pXm0PE9r24PmO6Zrp+S1T9AgAAAAAGDhXA6Bcphb7JizY1N3oniVJzAgnUlBzlmDtfb2zqfN2fwFWKcvwTIolauDqnZ8lC9wGVeit2ExeVym63y24vjbIecezjDEhUji22KZpAcjpNKWZJSlF6qvfIjgPBVQDGya3VvgmrRKWkJXZOYvnbEMa4nbH62FZgOA8pKiyMUokcK3OOcnynwrxQOal92BcAABi5zAtVaoi92g6Vhq2s9Em05XhjFm8c4\1\f5xlTlGaN35p+zJCwNKLY0cej\eYTY3+pGEgRk1Rjs2bVmxs7lbl2h+6jiNIX2OvaO\3x5lSytLAjXuJiwq8sXEUMcepvdGmA5u836v\O7dHbw\ublaj9\IJ\K3SuY8C73eppoZu10tvrs\eXDMRv28AAAAAAPqICmD0gbHawsetVt88XVOVCkKUDHdOlBgmbMxJCtqFOVFmda156C7FlqPEJu9d\f5jhRpTKL0Yp8xKjGUCzF+NosA6ZEGa1RBDQUriolLZF0U\XLft3G3yfTTzxC4TY4lJSlSz2kKs2dwjN8VWaQIAAEa\2KtEO3WLTzqfjS3O6uOxYxmP+0vf\jqX1OjG3aquUWJ\CH1evPoae8X8\kQlJQY\TrxJUi9vHIw1ng0pJUc55mZvx57AdxHr2tBqa\X+PdH1M0mJE31\bbjV5lZQIrY312dvrpmI3zcAAAAAAH1EBTBillLYebe9fbOvQrdNBzb1w3qyveWrACgMqtnQgU0Fvar+6C+BCoDwmvcfHpDKEQAAgEHVXGVIwCYqZ7Nd9sFqazuUx8YgSNTCEN9pm6NUBQWxr\EMAAAAAMC1iApg9Jx5oUo3y7v2VWdLtkT\xIxZSWZ1theOdb3crnfEGypYY5JSKLvd996u64KFu7O+F+OMiaG1dCTuRjW7F3apJOhSldtcpYIqd4iK5ijbGSqou62bF6ESAgAAoKfaznmjtqC1V0f2sc03JUpNbbo212jt2iWmTW1f9uH9YePZnuhc59e3f9+6vM37D6stJcL3HqHzjf\a8VX29vGG1mv7mgEAAAAADEdUAKN3zAtV6q+8bVbVq75b8A1rZTUdCFQHuw+rtKAg6G79lO8E3n\gkC9p2qbDOw7EUB3bpsObOvdXsMlQTetNfkpR1ozrwTh7xLDWWKLNtx6x4Z+hetq\xnBKun+SyFgZ3LmOsKHKOtbtgtYbthsqtJtVVdV1beLORHjntoG1idsO2b3t9gAAAGLgbuy8sU5S26EDg9uJpZ+PnZia5o3XusSovtjz1ShHMMSjQTHbq0PXoSaqMHFmzDFhrHFqD85N55rOBSooMHYc8raklvw3kYZlWKu3ucqwf\dh2X2V46np\ZKs7fM1AwAAAABAP6MCGL2XUqjC1AJVNUlqqlJVs12FKVLiohylOKrU7G3HHLQCrjlHOb5ZFsO6Xm2OUhU4fNskKlFtUZLAiVq4NEUHqprDrLObqByb70CBal\fcVIK7SqMdZw90Ow44K+wTUsNUY9gTlGa+YD3Mx9Q86JCpShFhYUpKgj3WVJzvBUTsW4npTxWqJSCMJ9NKSr0V8kY13ULs2ZZL\krIXxj7ddKawAAMBwkpqYp0eHrCtM15hihxzYvVE7qAVU1dYlRO49qiDHDxTuGTjMh49ThKEU5tkQ1O9q6jDlRiWapLWoSONY4NfZzE\FvCkmJthx\8jZc3LlwdY4avd2BusW55hyV9lds2oNrBgAAAACAwUAFMPok5bFAi7PAnfWdbdoKU7tsnFooe1B7vs51vYK2Sy2UfXOOYuoQl1IYZp23FBXajW3mOpPFRu5zvhZtsYwzVs1qaPL+r7\CtitD5bGa1eArBkgpNFQHG7a2lQYnTWPdLtxnM+eotMs5S3ms+3YphaXK6XWbPu+YFuUEfzdfRkvqAwCAESeoK0ynlEK7Sm2+TisNA1f1OoDHTnnMLnth1yiza4wZLt5J1MLNXWOpROVsHt6tgRMXlXb5zJ2fN+emsG8JFlOc2pNzEyaelfd7Niz1EjbuNC9UqT1EXNvreD+8WK8ZAAAAAAAGw9\97W9\+9tQDwK9c+bMGU2ZMmWohzEAmlVV0JlMTrSVBk3uAAAADKbhGG8NxzFh9Gp+1dvxZwjWeQYAYKgMx3hrOI4JADC0+G0YuS5dujTgx6AFNIZM26FSlXrX3wpK9Db7qjXCtFEGAAAA0H\ch1W6ybuUSVCiN9DhJjEtheQvAAAAAAAjBAlgDJnAum2h1spShDbKAAAAAPqNOUVp5gM6EHZtXm7MBAAAAABgJCEBjKFjXqhSe6K\3XOQ1MIua9oCAAAAGBiJWrjZrkRfu+cgKSq0D+\1iwEAuFacOXNmqIcAAABGCBLAGGIpKrTbh3oQAAAAwDUv5TG7iMwBABi+WOcRAGDEjUGI5H8M9QAAAAAAAAAAAAAAAP2DBDAAAAAAAAAAAAAAjBIkgAEAAAAAAAAAAABglCABDAAAAAAAAAAAAACjBAlgAAAAAAAAAAAAABglSAADAAAAAAAAAAAAwChBAhgAAAAAAAAAAAAARgkSwAAAAAAAAAAAAAAwSpAABgAAAAAAAAAAAIBRggQwAAAAAAAAAAAAAIwSJIABAAAAAAAAAAAAYJQgAQwAAAAAAAAAAAAAowQJYAAAAAAAAAAAAAAYJUgAAwAAAAAAAAAAAMAoQQIYAAAAAAAAAAAAAEYJEsAAAAAAAAAAAAAAMEqQAAYAAAAAAAAAAACAUYIEMAAAAAAAAAAAAACMEiSAAQAAAAAAAAAAAGCU+PuhHgAAAAAAAAAAYOhd2Feo9OKjEbbI1PNHq3SfedCGFLtLJ7T3heNKfjZft0d6bhB88oJFub8I9co3lXzbTN31yFqtWzxVYwZxTMPTV9q7KlMbpu3R6aesQz0YABhVSAADAAAAAAAAALwm6a4VizTj+lCvjVfydYM9nthceL9cG\beoppnIz83eEKdx7\o83379IsnjurzS\u0O2\qUAwMAHANIAEMAAAAAAAAAPCaqgWPrh2eVb4jSpjz+P087XpgsTa9sEfHlv1IsygDBgAMANYABgAAAAAAAAD02KUT7+q5NYtlnWbR1GnpumdNmRwnrxi2+Ep7V1k09YWj+qQyT9ZpFlkXlOl3lzpfvXC8Wj+4L11Tp1k0PbNQlce\0rEXLJq6ap8u9OA4n7xg8baurlbuNIumvuAM+Zyfu0GVMY27QReO27V6gW+Medq077SMW\ZY3FTdlZsuff2Fzv7Z9+QVtbxbptU5mZo+zaKp0yyyLsjvfqyvT2tvab7uSTduc0KXrsa6zV\03hMhzm\tU5o6zaJH9n9leNa7belR\xj6\n0HzqX1vmf13pd\7cuZBABEQAIYAAAAAAAAANAjV5rKlJvzlHa136lnqqq1+6VCWb7Yox8sXqbnmrqkSPes1SP16fpJdZWeeXSebr++8\3Lv1em3\1Drp6vqtZPv3e9jhQ+rE11PT9O8tJq\Tx\uqR5eqa6WruX3hLyOUm64rRryYJ8vfa1d39VT+mur2tCj7tui5avPa7Jj5Zpd9UWrbjllHYVL9NzH\cpBaxLF76UJH0jrvNxy6583fNEjS7NXqsd1dXa\dKPtOAGp3YVL9PTtX\xvusr7X18sTYcv17zn6rS7uoqPXPnFe0tXqZH3voixm2+qdtnZ0pHG\TJpcB4Wj59X5L0O6crkHC+dFy170q29BSNifF78AvxfV+qfUqZ3yvXscRH9PPqav3knkt65f95Vkfa+3QqAQBh0AIaAAAAAAAAABC7qyf0iyer1ZK5Rb+3L9PkOElK16zsO3XbA4v13E\3acXePE32bf\1Yv1851rddV3g\ZVPVuts1hb9ptL7\qx0zU8p05IHTkuTenicaemaNW28pEm6fXa6bpd3u27PfaG9z5WrZWmVGjZm6nrf\rIW619LZ+qRruM+PUmrPqzSfTd1Ppx15y1Sap5+8fEJbZ5t7cV5u6Kzvy\TD8u\kDILNGu8JJ3Q7975Qsmr7Hr9KavG+MY+7xaNSc\Xrk9P6efZVsn9ex05Kq36VbnWzfSOZ3a6\vHSTD39sVNn8yZpcizbpGRqhsrU9B\S\NTO4x+rvaLkqVPV8vsTalGmZki64myQQ\P085nf7J\v+4V3pawtOuj7vmena\5tZbrne0elmT0\lQCAyKgABgAAAAAAAAB4HdWGzM72wcH\CrXX7d3k5FHt\VJa8b3F3mSgV9xU3fe9eZJzn3532vB8plUzrjM89r7\vrzg949JfUCrZnbfLubjRPNlg444pdtvuKLPjzfo2Me+f05dGjNVch7VMbdh+5nzNOsm43EnKfnbkk6eCmqhHFqI8zg9RXcW7lHL1GXasXmZxkuSpmvV\3tUv\Enf30n4xbN+Lakry91VuXeMEmTr5N2lZfrd6e\0pWrkjRGd21rVkPl4s7kayzbTE3Rgpuu6L3\c6LzOG6Xmr5M16rvL9HkL5v1uffzf358n5SZqVk3qO\f95+adSTU9z1zmVbdFvVEAgB6gQpgAAAAAAAAAIDXJN21YpFmXN\1+fFK9iX1vr6ks5qu5Eljum6k6xMnSXrfsL5tCBcv6azSNeOWru+fpOTbJJ3sp+N05T6tY5JUubbzv92c1lm3JLP3oUn6Rg92HyzEefyHSUqdma5Z0ydpTFyXza9e0aULX6rl1BdqOdGg\3BQb3XJCnzgi5JGj8mXau2LdMnxXY9ssAuXXejZsxeohV5y7Rg5tTOauZYttF0zcr+\9m7\gmy3vx\y\LsmoG6XoIrBGDLAVbMCjhR4oEsKBFLUg5Upxlrh5PObbnq0zBB+IER\gIbuhxzuEeJzgio3ioB8qZZVhnw4HyI9gGyq0QoajNATJMDyuHNWPx9GSW7x9NIW3TNmkLLfh+Ph4+tty5rvt6Xz\uNOS6r+uO57UPFb7IH4n+s+OUD5nIsw+M4b7Fb\DpZw2Q5OGjDxq4\R9NTZPU3e2H82f4lJE83Cb\IAYPi7FZhRBCREUmgIUQQgghhBBCCCGEEEKEGLj\n57m4aTOU3ZVw\917xm63bWg6BgvjLvSpUTfjt4PXuT\+8k2Pg0AiQZuH5LM2Mwf8nDDG2wKS6d\4CV+P+M5vqgoo6RkBx\u2cDzjg2sCNtKO5o0t0+cC+v3criG4gwQAAAgAElEQVR2Pn5lG8ywcXu\UfxxFjyjHGflLcf4w5lbuH+84Uo1Tsi3iW9zo4EQQoieIFtACyGEEEIIIYQQQgghhIieWoOe43zxx7YTuX7fH4E0hncw8Rk\aBB6Kvm0pnX+Or74LOxlN8tpI3EItwMfHYtl3+gr7PwOXn56G\45b7Dn6DE8lTv4\X+8wcoFGQyPlL7fAIZb5vLsKxsoO6BQZp1Kw651bP8s+jTxY9KYzV4+\ew4n+5pYPaYUcAAkk0jaaiq4SNlL58OmUv6yND5utsPiUO4PWL+M3iPRNlOQgghYiITwEIIIYQQQgghhBBCCCGid9tUHh4Cmwp34P067PjXHrYUOsAwlbFD2s19Kf+Wza3ye8rYsrcHy2nNMJWHx8Cnb2\jo0D4Gw189LMZjJy6inJ\DOfrCZ7jfAjcd38G+vAdkj\bQ4k7LMKqN3hw6ix+HXaMfvHokwbFlAYAjYlJU2HLNhu73SMZlzIAgOGjpxJfsY3X\n0v8Q+kcXtz+u72g2EiWYa2+RuqtrHJ3X42IYQQXSdbQAshhBBCCCGEEEIIIYSIXr+RLPiXxynJeZEZj3pY+U9T0QeO8e+\+RXbjxtYUDQ\8urV8Pyr5vObx1\kwQUeXvjRVAbX7uC1V3bwhbpVuijLiVdrAAeFm9JoSDNx120DIhy7hYeXPs6mnA38cNoxnn2xgLHqP3Jgx2bW7\gTd\3sH0i\2lsSG8YwWw3rn36chBcLGJvYgNe5mdc2KzQkXk4Wb7ybdPU6Xst7nLNPz+X+Wwfxp1M7KHxlG\HTX+HhkRDf0HmaJlrG3j2ShpcclKvzeap5p2fDKO5jHds\judHT4+8XHh3+xsDP1r9OFtyWvf3Nr7oybYUQghxiUwACyGEEEIIIYQQQgghhIhJ\LglFJeM5M03bbxcsAE\AxieUcDbv\oH0m+N7zy\ZTmOwkH81Po2zxdsID5pKk\ZNjBo\Xye70I5mrsf54Xp+bz2UgHbp79CpW0WgyIdG7eE3+8YyWtv2PjN4sfxE8+gkVN5asM6nrRor0BLdSIxgzVbXiJhxRu8ufhxGtRabrf8kDX\8SqDHHN58F+P80UDDIofw7NbNjN41RtseuM5Np0HEg3c908b2FuQxiCAaNKEDB8\Az3H8c4xXV7pqxnJpImwvWIu08a37MNu9\e4JRSXGHjt\73BioINkDSGh1+0kfVBAS\3SEMKIYQId8PFixcv9nYQomtOnjzJsGHDejsMIYQQQojrVl\8vtUXYxJCCCGEuJ70xe9bfTGmK+OPbMmdwfMjN+D5SVpvByOEEH3aN+dvw\XH77\yzxuQZwALIYQQQgghhBBCCCGEuHr8Dp5Jm8UzO+paHj9TyR8qIP225N6JSwghhLhOyBbQQgghhBBCCCGEEEIIIa4ezUQesDzHPy\Ph9rH+cHIQTTU7uU3r2zgI8PjFD\QC1sxCyGEENcRmQAWQgghhBBCCCGEEEIIcRUN4L5XHfyb7SVeLnyRH9Y2ND2rdu4r\L5gFrerezs+IYQQ4tomW0CLjtWWYs3PJ7\Nf0+xaMUaig7WdX6Oa06QuopCbGW+y4cUG\n5+diU3otKdEeEPr3uKNjy88l\S2nx2vq+r53X0ZyjN0UbSzT1il7wrIvCtxxcvZHSl9ocCLgpenkRT4U+620Hgz16+qvfvtDn2rgbrk77df2a6p3+FUIIIYQQQlyz+mm568k3+P1eBc9nx\BU7uBfn5vF7ZreDkwIIYS49skEsIiKWm\EPNF8+T+THvV5D+Xrl7Fm95V\WPXV5aZ4g5Panp33EL1K+lREx\2eHeeZb+5A8e0sovwUJM\IJW9BHjOGq3r0\N\09u2uvt5+fT0+IYQQQgghhBBCCCG+KWQLaBGVBFM2eTN1LQ8GXNiW2VGc+6mblsl1\WQOUwHr1vV2EEJ0xESBDFLRTbW1dYCJ9LkWTL0djBBCCCGEEEIIIYQQQogukQlg0XVqPUM1oDQECQI0uFj7jB23qYB1T7ScOggeWMtTG8+RtdJKZlI752usw\WunZIKD3UNQLwWw8Qs8h4xo42jaRtmWy2ZC8xUbyrBE1Shu28x1jkGaPRT\cFGNn3ojpy32TkXRW+X4jrlIxAE4lRo9Gbm5ediHkjTltcrSpq2r9xuJX+7rilmn418m4KpYB0FpsuxZC3JhQ\slB6rI9ioQn2rmZzmczULeHC8U0iJ4iPYqEJjzOSfH4DCV0tIaj5fezqLlxhj6WoZ0fRPtGmCdbi2dpKmuU6tx0vr49HUvb0+bT0OYxm\PVmHNqopXPQ6zpEt46h+ZxGv7wtgfnIdeXe0THt00lJenVePLd+GMq5t\LEL4Hl\Lf\6gRt\MNSeC3IwD265GtR\opSNG0txnwtCnAqtwULWP+Z0PuZC46S0yovvQtNqQZVGj\nhAnIntL6VJLpYWos9Nh+lK6yU1AKUYM0vQTfbinWmjqYtxIuxb3fiibWu51wUrtuKy+sn2Biq59wCciZqaVmDIN49NuzbFHwNoOqvx\xI6\aIJg4FW76N2tlLyeX9GNqtKZ9y6f\nQ1IW1pWZ6KLtrw7r2lH7RtNfoXrNzMN8vJASTxBVUiaLV2Zh6KQLLruS47q53S\XKfLxrvbPFRqfBPC8b8ce+tupujmdgiWpbZN1Oga6279CCCGEEEIIIYQQQoie1M9qtVp7OwjRNX\+85\57ne\e2ULufA55eUnICWd9NsGXD7eGMRXWcS2\bUMzPghM0cMgG8N4dtf7uCQ8jW3ZI5Hd0Nz4iAV7\2WT266nwUPJBMfqZxGH6Uv\5SiIxdIGPMgD81MY1jjSao+2ovz3Pe5xzSYfrWH2HHocz7\2Mv3pueQZdIyJNXCsEQfjp9ZeftQgCTLgzyUcRfJah9H9+3ig0\6MX7yCAbcAAScrH3+t7iCg7HMeoh7Jo1mqKqOLz5146o8z4iMO9F+uz\aIVB3+CRfm7J5dFYaKcMGM+BPh9hxqBbd+AcZrwNqD7Hj0Bm8R5yc\vZ4Zj50D6MG\A\dfQIFUoDY+4ZRUJzvV5Zze8+i2PYlAd5aEoyDe5Sig+cpPH\gmibzxdJNPHeEEMs3Skjmv6JNs3Pf0rRkQYGTs5iXsZ4hobSOI6E9VXtIXYcukDqtHRG9A+Lt\XxaOquaqdPW9\+Eu347ek6tKGl8fQODh2PZ8T9d4ZW1vtwbXNw4gL8JeF2Ztye2JT0eCm\3XeOO2fncOegWg7tOETtzeN5cJwOaHp94dK12\p1JKFz\PcnOGv6MX7OD5hxe398R\ZR7jhKv\FTL8XsK1uF9W0XAd1UHpx7D3cZ+uM7Us6uP3xCv7FTGdFeEQRwvvkcv636msETZ\JQxl2MvkVFnec47ooKzg+\nzsHxRJL23p1LbYb6T9IB3UKJzGR\ehM0m5LZvCAfvje\xk\fcjNAyeSta8exg\5GtOHqpg7392UtcGBdtPf4Mr7vvc80AW0yYl0\LI+wr\5DTg+4n7ZZ+YfVU+OikGtPMh7hnrJYLnykoHx2hYcw9jApdwNHF0XS+M2cUyqsbO+zDlr7D3yUNRfVnhZPnDaQveIh77kwheXA\KqLpr07rqm6\faPqr6Z6fV6j4B10Dzl\PxbtzalYvp\Y3kALczXGdXvXV+TrMPb+uQLjE6h+5zn+xXGGb92WwQ\mTGboBRdFO2to9PvD\u5Hc812EF+X27TvuCrft2LUF2MSQgghhLie9MXvW30xJiGEEL1L\jZcuxoaGq54GbICWETFt91K\va2x3UzlrP0gcszmKZJFtRVTio\AVPzIsQGF4fdoJ+Xhqad8wddxZR4wfjYKyycpG46OMFC6tZl\KJiP64LRiyhtJq7F7Jo7uU1X8GKYopPJZC+xEpO8\MqJ5jJmFjMsjUlFLsyWDhRRd3Bw3j66ch6dunllZcTLIzWLGNVmQfPWUhN0mGckMr+9eV8pTdintDe7CxAAEbksbLAjDpUpjHBinW7m6O12eiTwL\LTolXjalgJQWmpnqZLSZKX7ZScqGDU0OU8UYfS3fKiKZ\zO7O04yuCLXHgtUUTLicZvK+tSx553Jfxaazukffp9GM30t92qN1aMloNEKVB09tqI\9Jzhaq0bdP4D\5Gn8GNAAHvdRAmoTY1O6VVykCMh9ZSEWNYAZ86ShrH22kJLtCplPmKDBRfHvvCRMW4r1EUNoJasZ8\Q0ipevoeR3LjKeNBOxFc65OHxShW7WYpZeWilpxnJHAstWOfB4fDAyvI86iaW1LsemQmc0k3rATnlgKMYJZnQA5x3Yt3tRm\JY3TzGMGOZ4mTt0sKO63qsEiWgJXPJIrJuDtV0XDK88Atcx90EJ5rC8hnJWRlWz2GwbJUDRfGRrdfFHEcgMJCsF5eTeXOrdtvWXrwaDBPM1Ct2ykkgdYK5aQvoc+XR9VcUdY3YvrH2V0I6C5\JxhC+s0PUruC4jlHs\XMFxud5B8X7AqjHFbDyCVPo89OCabsVqxcuXYVRXrM90r9CCCGEEEIIIYQQQogeIRPAIipqvRHjEPXlAw11eI55mlb2fLWQZY8am348HjUWk9qJ86ByaQbNf2A\bvRkj2tv+hdOHHdDnInJE9UtjhvmrebNeS3TJqe03PBT+dgN8amozyu4Doa\E0QDuI+4YaIJ7d0Lef3utmXrDXqghkCgs1ZoK2Vc8w\uTXQ3JwEKp31Akp\DihcSM5hhCksVpyPzPhMl65UOzx1rvB3H0r0youkfd6dp\JQ3t8eElmk0lmlY\sON86CL4ERLzJMBXal7RJ2O37A+7eE6hFMZR2OgiKPH\WQmaaCmGg8pZD9QT\G2amoa0zHF+ah2+2HkaIxdmgxrn3ritNAkWfMBC2l3FuJWDuPGhPHIYdyNKlJvrEM5WNcibzABOHIYN+bIz5AdmM7C19LbHtcno8dBTeCr2GJpfZ7uxBaB\+PDeNGQMaPlGENjYdrEYtwHKnE1mLFE2tpAq0WLQvm7xQydl4lRr0YVZyDn52+S0zrtnWkt6xlqD6W2FtDFHodpZmhyMURtYbKpELdylBOY27Zbe6Ltr1jqGi7W\jKkdnHy9wqP61j1UP90Z3wGj1c35b3X1PLz874MjO8Xcq75QIzXbAtXs02FEEIIIYQQQgghhBCXyASwiEqCKZu8ma1WTjb6cb21Avs+OyUTXydnOBBnZOwYNc6KSpRGE6Y4P4cPeWB4Dmnt7tRZx+kzwOChJMX8w76POh\QUE3p+urISc76qMNE85MqgwE\taeq8Z05zdHj1bhPeJuiqI+1bDq5gv5KvR8YNrTtMyr1Q9HR8QRws6jj7cbV3HEZ0fRPNGn+SuACMESHvvVbcQPRapoKrCNs5Vm0euqTrNPxewXrEE6TwugkKHEfJTjNgveLGhg+k7RR9ZRv3U\NSTBpT3C0Foz3RT2VF7UEbdsHc+r1OlDqqPOD72wtEKT6AzuRr7o6fGfBNLiDQoIB\LWnqa71ctpdTbX7BF6A8y0HdmextN5WoEdiC\PXwFfAUHRD2r43UJsAnKP+PJFvNNBnknO3G9seB7ZVDlCp0d1qxjIrg\SRrZ4BHNfxLQOxxqEb0jagpCE6qPJyuhaMsdwYAZ33Vyx1DdPT\dWRqzKuo9RT\dOd8Vl3\lzkvPEDSVBzeQK4WZTXbLir2aZCCCGEEEIIIYQQQojLZAJYdF2cBvPdJooUJydO+GB405SX0WxCfUDh6DEwDT1M5RdgeGRsu9s\QxCC3YwlKQvrysyOJ90CborW2CivbSpMpdGgHZyM5Q4VjipPNwOI5CuC3anX1Yg3qjKi6Z8e6MM+IvbxeyXoSDVqKNl1FHdjCr4TfrR3pKC5uZ4UdSnVJ+oI1h7Fg4Ec49XcPFWN6tJKQh1ZK62Xtw6PWgD35lew7fE1DZl4DZpELcmTjKjKFKIf2eGxtNbV2HqaGuN8K2\O9VG9z4nDVckJTznFvyyndFwBq59oufLy6vgWxHSjTbT91Z269nZ\9cS47imx9s+V8G3ULa6t7l6zvd2mQgghhBBCCCGEEEJ888gEsOh5IydjSXTirHIz50+VeDCSO6mj6TMdQ4cBrtPUNoIu\MfvI3aeWu8l4xkrWRHzaknQAu4aPA2ga3dCCNxb7ZTXakl\ZjHZIzWXVqQFD6zFURVbFaOjRTsQOHkaD+aWq4B9p+lsd+KrEW90ZUTXP8mdpllMQn\gjA8vtGyPxnNNqzlTtGGT+PXUtVq5VlfbcgvRK6LD8fsd1FepDgbjaNQ7j1Jz4gQ+r5qUuTpAS7IBnKc8KHFuGJ7D2CswM11\vp7Wa5i9Xh+oDQyMB23iQMBNjScISTFOQLuLse\xoZ22iMVzU9E0Z29wsras7ar4zmJprVuxRfAd9U3AaXxnoPVS\nN19UAK2s5WL8brSL03m9R7syHox2lfQWFVGS6\ifQo+y\WOCK1W+0ZH6gtGGJZbRljf8Va157ur45c0XHdXhlnfUS64nuqf7ozPpvqGyFvgw\f+bDXsY6BNmVcnf4VQgghhBBCCCGEEEJc1uvrTMS1LIBrj0IANQZD+A\ZBtImaAl8vJ\Nbg\ckYa5g4lZgJSRRmhU2F8R\mDbAK4DboLBpKYJyIhUmCcYATeOD30t3\qyBGv+Uyx7zwP4OO0JwGAT6WETnTT6cVW5o69yTDSMNenhvJMypWW9nPs72\75asQbfRnR9E\nacLa42DLBxj7nbtxBiB1ZGrTgRvVqAlw+oz\cqJGH84Kbw\VvSMdjd+rWIeU0aTE+an+3W7cGEg2AKhIGa6HEyWUHAfdqJQrsjI5UFWOK7x6X5ZS9gmox4wlFVCNS8MYB+4PS\E1hqVr9FGyIp+nXihpd1Wg75SHAFpMU8MmkgC\6zCRRnZnsbTWndgi0YwZix4\zjIXLXrc72R3RQBSUklt5y+p74M1LHpqFY7wyTSVBt13Y7\3KtY42rTbWQdlSvvt1p5o+6urde3p\urIlRzXcBNqNQROewm74vFVuIh0xfdU\3RnfKqMo0mNa5vXt3N3y76N8ZptUcZV7F9xZShv5ZOf3\F\1vd9nZzFR+mKUPrni9vv80YF2z9He842kWLLzyf\LaXF62jP49+5qim+lx0truFoy+28nNjiEUIIIYQQQgghhOguWQEsolKvFGM\G76BZwCf+wTeC0EYnsOckS3T680mtGUOlGNgfMzU7vMfm6nM2WTtdFOycRmrTmYyY4Sa0873cBwPoJ+ThamDWxUu5X3fyhJPBnMsQwmcrsS5242vv4mCGU1Lmwwj1LCvlF\8Msgcy1BU9TXs3unEc0FFy\2Lm37I9zlLcAyejPEOY5ef56qZPp+MPWtwvLWCNVNmMG0EVO8owXm2s5y6GOLtqujLiKp\okkzPY+sCisl65ex6vOmNHWKg9IqH+izeGRKaDozxYypvxPntjXYGjIZq6nn8M5STqj0aPhbF+oaoU87uCmho\GruVp1iDMyehQUur2gH0tKKF7tsKGoA07q0JJxR7eeNNwuddwJClesoea+aQxtOIzjAwWf2kTBvNDzhuPNZM8qw729FOtSDxmzLQxtOE3lvnLctWpMBRltn3sdojMYUOOk9PXXCc62MPTGemrKy3B6vkIV13ZkdxpLa92IDeAmtRpqnZTs1DJ5lAnjzRnkza7Eut3OspdryMxIRn02FAd6sh5Jb3cSXmcazcDtJRS\vIbT6ZMZPRjq3LtxVPhRT3wMSyyz94kxxhFQsIfaLZlqSt9zdtxu7dUhyv6Ktq5t27d7\eV734p1O1FtMXwlxzWkYh6nxrmvmDW2IJnjEqhXHJSe+Bb6RNpe8V3sn54cn2jSeWTWfqzb7axYU8OM6clwrJSSAy0nqGK5Znu6f0VfocUw0YC2vXf134n+VOcrOezJxhCp4z+pRGmMcPyK81Pp8qLuryZwqpwybwbZ+t6IQwghhBBCCCGEEKLnyASwiErA68bVahmTSqPHNC+b+dNT2\7ArE\DNNCB47yRNFMU2z7G6ch8YTXad+2UVBRj3wOq\nosC5aSO6G9nxwj5XVQeBxQqdGlZLHosUxSQ\PWqfOXkfe1jaKDTWlU\XWkTMpj9ZR67C8W4fV4waQHUsmYbeToNoXi9Qqnn1xHXnTNFCE2A9k\WYrabqd0XzH2PSo0xkyW3nuaNe90vAo4+ni7LuoyoumfaNMsXY126+U0xGsxzlhIzt8b0TZP9MelkvtCHqwrwrW9EEWlRj8hl2UZdby50tWVmrbt0zs6SN7R+L1qdVAx2mgAtwdNSurlH95TUknBiZJoYuwV+oE6YfpCsus3Y3\PTnlQhWZ4BgvzszGG3QOim7mc1YOLsP\OieOdakCFOimFrMWPkZnSwZNtR+aybAHY3nU15VOp0aVYyFuZTv3GZRSdrMGLieaqRRNLa12ODUidnoXRXYyy1Y4ycSHrHjeim7mU1QOLsW93Ury+HOJUaEdlsHB+NsaBHZwsKZOlL6ixb3ofZUchrkaaxsrsRTz2QGqnN8a0rVcMcYzLZWH\3U3t9rUK7aiWn4dRi7a\oqxr5Pbten\F4oqOa8I\T0soVFSobzWT+0IGdb+y0uaK72L\9Oj4pHlMFWHb2pRX1V+PeUE2gfXF1DYniuGa7c3+FVeSnhmP52Hq7mkG69DV+ais8pAdYQZYOajAQC2ac1153IOJgnXruhaXt4zyU2CYlwXbinDucpP9WGw3ywghhBBCCCGEEEL0NTdcvHjxYm8HIbrm5MmTDBvW7t7IvcxH6QorJUMKWPdEt38yvP4ctJG\3kvmitVk3dzbwYi2ZPyKa5WCLd+GMu6bM3ZdNit1czpfAdw3fPP653rQF79vXa2YlLfysVWZKFhX0I0J4NDfVDLJGlJKiSeDpT\Pbrn6u8HF2mfsqGZlUru9FGZbsc4M7XLRWIfrXTulVV58F5rWnKs0eswPF4TdJNj62mp6XRt+nnZ4ti5hzU4tOa8uRr3pKexuI3m\XBjh8SUBPO\bsX\opq4BVDenU7Aklf2LWpcTTbpQfDPzMB8vpMQTRJWUyeKVWRgA\4lSNm4sxX0u2HRTh8FC1j\mYA6\qeOci8J1W3F5\QQbQ20yt4CcidrLNxhFk0YIIYQQEX2TvwMKIYS4dsjfhmuX3x\bQ6i6Qp4BLK4MjxNnrRrLpG\2D9zV7yziqSWFuFtsaRjAVXUC4vQMvSYmLL6BZPwKcW3wO6l0D0Sb2NuBCCE6p8I0yYL6fCWHWz0IOKhU4sYUYdeYAM5fL8O+r46bxmWRtyCP3Nlmkhq9ONevbtr1pTsa3ew\4IfhaYzVqDBPMkGjm7J9bf8RVv3OMtZsd\N\hgxyF+SSqTuB7RfvX14tH2M6AN8HdhyqdHIXZJOePhoD4CtbxQu\KOF0goXsBXnkzbWgOVuOffkqSr8MZWxQsK2y4\zqZtLn5pG3IBtL4jmcG5ZhqwhGn0YIIYQQQgghhBDXLdkCWvQo\5EStladxlvlpi4pi6e+4TvopY4zodrnxLYyQOa9Y9HeWE\NrjLKPQH0szt+trG4+mT8CnFt8bsO87e52RFW6gkheo6CLT+\nfd0UT2D+5JRYzGpna22gQ6iVLnBVIApzkdJePpzLg6fVKGbtZill1bYmrHckcCyVQ48Hh+M7HiFb4c+2Y8zAEaLpelxJnemYYpTUFyV+O\NuPyIk\MOivcFUI8rYOUTJtQAEyyYtluxekEXa7pmCeksfCYbQ\P3wQYXxb\zkjBtKdZHDKFVumbM09MoXr6Gkt+5yHjSjOpYJUpAS+aSRZd2kjGPS4YXfoHruJvgRFN0abreckIIIYQQQgghhOjjZAJY9Kx6D0pFNSSayP1xZtsfur5pRuaycrGWjZsdlL6jEARUAw2kP76U7ImdPNtYXH0yfoW4pmjuXcii3g5CiOueFsNEA5G\tWgZGsujnOOMjB2jxll1GM88Q9M20A0KlW41lidNgK9l+oHpLHwtve159MnocVAT+CqGwlsL4jqgQJyRtHGhqdA4E5MnqlEOlFPmzSA79ED64PFqvGjIuDc0qRuiuy8D4\uFnCO2dJcYUi9P\gIcOYy7UUXqjXUoB1s+CzmYEHofMyatFi0K5e8WM3ReJka9GlWcgZyfv0lOc4Zo0gghhBBCCCGEEOK6JRPAokdppizizSm9HUXfoknJZOHKzN4OQ0RBxq+49pkoWLeut4MQ7ZL+EdciPTMez+vGM4BbMo4zoT5QyWFPNgYDBKsqcd9oYuEo4Gw7mYIB\LWnqa71ctpdTbX7BF6A8\VdD+R8OWVHgDvSMIXtItAUnxPnLjfZjzVtBVJ3\hwwFN2QVueIH0iCmksTu9Gma4\vbC0QpPoDO9URU9ThOwsmfSY5d7ux7XFgW+UAlRrdrWYsszJIHxl6vm80aYQQQghxzTl58mRvhyCEEEKIa4RMAAshhBBCCCG6RXkrH1tVy2OmgnUUtJ45brENtB5XlRv1mIUYIz4WI4B78yvY9vgIAsRr0CRqSZ5kRFWm4ImUJUr+qsqmSeQjdp7Kt7dNULEb1yPGTraY\zbqqLagjzYdRLetthrjfCtvzvVRvc+Jw1XJCU85xb8sp3RcAaufMKGOKo0QQgghrjXDhg3r7RCEEEL0IXJjkOiITAALIYQQQgghro7mbaCVw3hn+zjsVmNaaIyc1l2MfY8P7bRFLJ6biqZ52WqDk7VlSjeC8FK2ywtxBjL+cRpDW71b\0kJxQfdlO3zY75XgzZxIHAa3xnAEJawwYfv\OWX0aZrT1N+NzWeICRFsUY3Xkfqvdmk3psNQT9O+woKq8pw+U2ka2JII4QQQgghhBBCiOuOTAALIYQQQgghusX0xDqi3eC8aZtlhf3bfLjVJha1M\rO+UhgJb0qWGTv4DfdRh3d4L1VFJ5DtSTZpI9IULhw+upPFiMd1cZ3nuz0RtHkxrnxlnmIrPAfEa7wQgAACAASURBVGnlrG\nbtyALvRaFWW69qjGpWHc5Mb9YSm+iVnomldFN\ooWWnFEcxk8ctZ3PTBGl55P0jmS8vJSGzOrEH33cv\tPNFkUYIIYQQQgghhBDXL\kFQAghhBBCCNEOL2Ub7Bxu7+3ENObNMRLTYtLQNtDle+pQT1lEajvJdAYDapyUvv46wdkWht5YT015GU7PV6jiaNoWugvc+5z40ZIxvZ2Z58R0ZtxRjP2Ik93ubHKN6Twyaz\W7XZWrKlhxvRkOFZKyQFfy3yaKNO1J95M9qwy3NtLsS71kDHbwtCG01TuK8ddq8ZUkNG0sNg0moHbSyh+eQ2n0yczejDUuXfjqPCjnvgYFg2ookgjhBBCCCGEEEKI65dMAAshhBBCCCHaUYenoq795+0m6ciMdQK4eRvoA2Aa1970LzAyl2ULwPauC8c71aBSo0uxkLcynfqNyyg6WYMXE\pYym5wsbsiALdmMqPdjCrMd1soOuJEqXKTazSim7mU1QOLsG11Ury+HFV\PeYF2QTWF1MbljPadO3RzVzO6sFF2H\nbKozKtRJKWQtfozMlNCa4qRMlr6gxr7pfZQdhbgagXgtxtmLeOyBVFTRphFCCCGEEEIIIcR164aLFy9e7O0gRNecPHmSYcOG9XYYQgghhBDXrb74fasvxiSEEEIIcT3pi9+3+mJMQgghepf8bbh2+f3+K15GXOdJhBBCCCGEEEIIIYQQQgghhBBCXAtkAlgIIYQQQgghhBBCCCGEEEIIIa4TMgEshBBCCCGEEEIIIYQQQgghhBDXCZkAFkIIIYQQQgghhBBCCCGEEEKI64RMAAshhBBCCCGEEEIIIYQQQgghxHVCJoCFEEIIIYQQQgghhBBCCCGEEOI6IRPAQnSHYiM\30ppbQ+d7q38Hj1fh\zVlP6yGPfVznvN8VG6Ip\8t5TO06woxXfV4uqmXunDq9BOjT7K1y7jqX\OJz8\n2Xb2ympTf2vwT4M43vfSn6+jY5G6TdJU3tcpc9SIYQQQgghhBBCCCGE6GNkAliIbyjfvncpOV5H8CrnFX3DdduHVSUUuetIMGeTtyCPnPHaiMmu2\oLIYQQQgghhBBCCCGE+Mb7Vm8HIIRobSAJib0dgxDXJt\ZWkCH5YEMzEm9HY0QQgghhBBCCCGEEEIIcfXJBLDoXLAO11Y7JRUe6hqAeC2GiVnkPWJG27yGXLGRb6sla0kufGCn9FgdwUYV6lvN5OTnYh7YSRnnXBS9XYrrlI9AEIhTodGbmReet7tlxFCPzAVmqjeV4Amq0N23GOscAwQ8lNpD5aJCN6WA50ZGKKfRT\UHG9n0oTvmcvKTtJCoQxcfShfwUGovxHGiqV1U\XWkTH+Exx5IRdPR+v1O8ilv5WOrAvBhy8+HcQWse8IEBPDsLGTzh268\qa1kU15c8mbaUBNe3mTKF1hpWRI83ma+doe72qdIle003gvx5DHalM1tnddeC8EIV6L8b68sHRN6g4WXkqjSjSS\ePsWIMKhaZgX2HD1Wgk94WFWELjM3jWRdH6IlynAgRRob7VSObDuWQMV7fI3nm6lvV6c5MTXwOoBhrJfOwxMlM07YbWcR\mUhD\HvYDfuhvImdlAZb+0bRzqNpfOCjcUoq7k\p11k6R+E842LytvXOH2iO05W\JinxKMFGwrgBTq\O0V\9Qy1N\pJjCzeV4zrc\TgjW4dpso+igNzSO9RgfmE\uva3SRaxINY53iyk90n5e3\tWrNuTyC1Q857diR81pvmrKZikhnMuCteFxoZKg3HuYiKO0ihibL8c8Lxvp3DXCXwXgqBSo0vJ4JHHMkltb2h5i1m2yoFqthXrTF2Ltzxbl7BmVzIFvy7AFBdbG7Tuw\aOR2yCejfFmzZS\oWfYJwK7ahM8vIyMYR1UtOYLcPt9RNs5FJdc5vTHS9k0S+dGB57k4WTVC3Or7yVj+24hYWv5WKMi67NhRBCCCGEEEIIIYQQ4krrZ7Varb0dhOiaP\5z3z3u9+9soU0+ij9+U8pOtLAwMlZzMsYz9DGk1R9tBfHkX6MnzyCATcAtYfYcegM3iNOTn97PDMfuodRA\6H\zp6hAqlgTH3jCKhvTICTtY+\1tcwcFYZj3EPZNGM1RVxxefunFVnmdExp1ou1tGTPX4nM8\9vK96TlkmbQMSbUwLKGawp\8C44vv8Vt9\6ArIlD+cvBIv6zphG\H1KnpTOiP4APx8+svH0oQJLlQR7KuItktY+j+3bxwSedlzO63+fsODuUOZZhxOOjdNVqSs4mYpoxh\un3MmQhhPs27MLJTiGe0a1V9vO830n8XskBGo4VjuE9AUPcY\xNoYkxuPZamXNDi\fMWby0MzJjE\WcuHLTzh22Mnn\e9m8vfj28kb5PPyck5oxvPguPCJnwutjne1TpFFE++lGHwnqKj6iqEzspg5YRj43Byp2suZQfeTdks\APy71\B84RG++ru7eOiRGaSqPucPvzvE+UY\sTWdQsXKoNU0qeNYECjj9JX\oVdf9aTtXQJ93yvKVXwSCEvvFrCqRuNZM6ZyeQ7hhD83MmusnLO3DKV8TpVDOnC6uWq43vTf0DWXcP4+r\2Ub7Tydlb72Hs9\pFjLbDPqz5hE\+906ycu4hefD3mWDUcSaqdoaAYmPZr3bhvahn6uyHuOf2\tS5K3DuOUa\8VMZ0T+6dookoNh4ce0uvPFGHvz7mUxOCZ17975Qmwyg\yAd2mANx2rjMc19lJmW0dw2JJH4VufqsP5nP6dC+Yph92Qxc8oI1N5PqGo1TmhwU7jsZ5Sc+g7GBx5i5pQ7GRL8AufOP1Duu4Wp43So2tTgUkWwrXiTXd5vY5yZzcwpI+h\9hgVzl3sC8t74fNyyk98zieffMWdc3K45\s6vj92FLr\LWfNskKO\FXLXXN\wIzUG\n8D\BofNB\P6\Y\yD49HFEGN75bBrNau315I49n7m3D+ZO28OcsJZzq6qDj5rExJpOFTOoTMJjJ82ggGX3vDwn5t2UWuaxz+YBsfYBv0v1ymkveO0SePj80qFr4bNIGvmZEbEn+GTqkPs9X2P+81D6AfgKcb6yg68N40iM2smk83JaP96hk+OKThrBnC3ZRjxgwZwwemk4oKW+9OGcumqalQosR\Cn5ZN7p3a7o0L0addle9bMeqLMQkhhBBCXE\64vetvhiTEEKI3iV\G65dDQ0NV7wMWQEsOuTfZafEq8a0YDUFE0LrlyZYmLxvLUveKaHYlcHCic0\aQdgRB4rC8xNK50mmDEmWLFud3O0Nht9O9ux1h08jKefjqxnl5LZnGaChdGaZawq8+A5C6mX8natjNjqAZq7F7JoruFy\p3FOC+oMRWspMDUlN9sMVGy0oo3bAoiWFFM8akE0pdYyRkeOt8EMxkTi1m2pvNyMBSwbkLo\9cquGrBtGA5ec3HJphI+MUiik4cxYc+8uRHNPkMZoz6UoqVBFInmEOr6KqprKpHPS6PZU+YQhMVZsxThrL2GTvuz2tgmglNxLx\jdzwXYktujNFHe8lFxJIX2El6+aml2aLDtuTNpQjbphogkY37233gD6LZS9koosDJpixjLCxbL036qiabjZYTckZPVkvLifz5uY3vJS868Q\KpdXn7RcWu1snpKOc+0iCreW4jVlo486XXO9IKXFuEylePkaHO+WMOOOsHRhOuzDxlRyfpKH5dJyxWrej6qdvZRuVQgMzGDpqmwMcaF0k4ay9rkiXBUeMufcFEU7RWpTN8WFCoGkTKwrspr6BjPmu9MoWrGG8uY2MZrhVCnFCgy9w9zuFtAd119LxhIr2aHL0nxHAvXP2HF\rMBEc1NP7ijCecFI7pqFWJpXw06wkH5gLYs2FlPqNZEdqeEB99ZClAs6MsPH4oR00t61smZ327ypP1hG3pTLa0fdG0vwoCfrheY2M2OelIxtmZ3wURprjC3L8VHq8oEpj+WPm0PHzJg0r7NoazVHvwR9xP7SMXmKnpKtLpTaTHTN7e85TOV5NaZxxi61QXdopy\GOi\UmRNMJFx4CvuRwyiNZsxxUO2qpL6\ibwXCjDFX45l6K+fwn6kmhrSMWEgbYIWR9lhXA0WLM13FHxSidKoIWNSKtC9cSGEEEIIIYQQQgghhBA9SSaARQf8HFa8kJjBjAktN6\UWKZh+Q83zoMughMtl1Y1pYwzt9jmUndzEqBw2ge0MxmjvXshr9\d9rjeoAdqCARaHo+9jNjrkZwSNilLkKPHQ\lNYfnjdGTeZ6R047lLh5SP3RCfivq8gusgLc6hAdzNk40Ry2klUcvAOFC223EOzMI8TIsqTo1l8Tos7efqej5Syfn5m+S0PhyvJ3kwuBsCBKF7K9i6HFsPxDvYhDl80iouiaGDQTnjw4cJ3clqjgbAOC8jNMHYRD1hBpZtCo6oYqpHWf8KJacSyFzealLzy8Mo50A3Ikh1latFroBKA+dCNzE0RpmueawnZZDVYlwasFh0OLZXc\Qs6AdHFfhlSSkttseNup3PHqX6HOhmW0KTvyFqCwvfbO5dX+h\O2inSE4cRgmAcV5mi75BZWDmdD3lWyup9GSj7+ByitpgM5bw8zTX01eHD9Dh4\DHdTDYQPCEixY9dEGFhjrcR3xk6yPdylDN4Y8DYMxuVWcVhvvS0e8uprLCQ\aliuhIGRHeGR6qjwdgVDYZ4fnVZmZM2oqys\lArDG2LkeLdjDwSQn2fVqyzAa08aCesoh1UzpsPTTj0tBvLcZV5SMztA109QEnfrWJsaO60gbdocXcojNV6Ifp4EgtdWeBJEh95FXefKR1vuZ0QQINQDzozSa0ZQ4OVwWxhLaBVg4qMDCDNAPE3uZCCCGEEEIIIYQQQghx5cgEsOjAXwlcAIbo2q4ijBuIVgPU1VMHl1dtdmNEBQN+ak9V4ztzmqPHq3GfaFrPVlffKmHMZXShHi3UUV8XOb8qMQE1zRPAPup8QEM1peurI4dy1kcdJrTRhB1vJvthJ6e3uChc46IwToVGb2Raxkwmj9O3\7zcruZr1hgkUOfFc8rH6c+PctTtxnMOoKM2ilJ3Y+tOvHGdTF3X1+FHgy6pdTot2s6eL92stjz0DNoAR90+ssIne\7bRx1ARRH2ikiZ\fjOAl9Hma55AniIrk2fXLop4gwQ6wRwezpr51ofXsB0cxQjpKN2iuR\AwQi9g1oBmoBb9vPia7qbJxQ29T+uCha74qYwn\2HJGvlK8IBECTFGEr4EQtWsB7vqOK1FN3HjQRthLWasM\VboTI4AK89\n4DxZhOudNbjeAZVGjzF9BjOnmNG3\3hpSEwj7dZiil0Kvpk6dFTjqgqgHmduekZut9sgFipUUX6mBC\U4fV48HlrOHrMjdtTB0D9eZquNb0FS5KDkioXwUkWVI0KlQpo700L\V3obpsLIYQQQgghhBBCCCFEz5EJYNH7Am6K1tgorw0CoNJo0A5OxnKHCkeVp5eD60S8uu1FlJSFdWVmj\zMr5u2iFcn+\F8vJ\d5S7cpxRK1iuUfJiF9YVWqyF7IJ9v9+v8Yks1\kZApUbTfyBD7zBjPOLE3QP16U5svRUv3ITqxiiTxmkwP7GU1P3LKNxeSPnEpaQntkxiKlhHgSlydgCUKNNFQRX5EcAxi6qdvw5Gf8Io2qnPG1fAuie62UE96KZ4dduD3Ynx5nQWvWrB71HYv2c3LrcXZbsdZUdZJ1t2a0i7y0Dxu4dxn89EV+tCCagxjUvtWhxX2pflvP56EdV+ABXqxJsYOGQs5lGHcbb4EAltb73tMEqDBfOxSpRGLRnmVrcF9bFxIYQQQgghhBCxOvzKKLLXA8zn7aPLSY+PlKqOLQum8vxeYMFmPM+N6ZnC3eu4+6E38A55mt\vzOf2Hvpdo0\xH2fLKxUMX\U4Y3s7FiGEENc1mQAWHfgO6v7AmaaVfS025Gw8R50fSNF2e6LTvdVOea2W9GcWkz1Sc2lVWPDAWhxV3Tw50P16aEnQRs4frPXhb53OXYOnAXQRvyB3gUqDYUImhgmZ0BjEu301qz5w4DiRSe7IHsx33oH93Wr+ZszB+kR6WPweiqOdUK2vxw9cXiB4rmlV3JAeqlNPxxsuQYsGBV9tEAzhaxO9+M7QauC0Y\A0Mk1adLosdq8soegdJ+aFlqYtyxO0aICaLzxg6uBk0aZr1qbNwfdlLWAgeVgUMXcm2nYeMhQ9CrVf+sAUfjXVUbrKikObw+qCUH06aqdIblSjxh+hb8B\rg7QovteD9Q1KgloEwFPDR5MUQ2Ly25CrQZ\rY8ghpYrYM\XUQdok9rZKz+sbCVCfu+Z00ByD8QYToXGYCbTYCYTCJ4qYfXLpTh2VZP5aPsTuppJkzG+W0hllR99rUIg0cLkS9d1rG1QT32rAX7ubAfPFIiJH8dvi6j+m5GcFQWk33w5Gs\W1hPAl7e3rlQCqI4okJSF5dL8b0+1uRBCCCGEEEL0FZvZXbmE9KkRfuCq3cMf9vZ8iZ\u2YbXYGC4x8aWin9gpaWnflzrO\7keIPntyRTvKq3IxFCCHG968qGq+IbQ8NYkx7OOyk72PJBvH7nbpwBSB3Z3VVdPk57AjDYRHrY5C+NflxVPbWGs7v1UDH6jtS2+Rt9OHa5W6QzTzACbhwf+lqe4ssSrPlPsey96Fc0B6vsLPnxIgrDi4hTMXBgwhXJx8kavEDKxPQWk9fBLypRzncWbWiS\cvTnG68fDRwcD\usNddjq3H443AMJax\cH9YSm+8DooZThjPV9SJnkP6MBdTGHzmDGkkTYQ\AfKcLUYhgFctkXk\3gtzgsxpGv2RTm7vwx7HXTj2OWDW8cytqOteqMVbTsPHk3qQPA5nXjC2o8vnbi8QRL0hrYTvJHaKZKUsZjUbfuGoIf3d3mhv5HRnT1HuMcYSJugjfh5EjhoY9E\P8XaA+3VJZWxY9TgdlAa3mcE8XxYjhc1xlEd3VJjYOwdEfIHFMoq\C3SdT1GIKhgX\IUiza2\AxWDdIS1ZUabybtDvAqmyl3B9BOSAubEI2+Db6jvgmo5fTp8Aq42H8kmiCiUUPNKSAlrcXkL0EPlYq\bfLENCYPB\fHhVQqoJ8yOezGoW62uRBCCCGEEEL0KVNJnwqbdlXSEOHdPzkdlI8Z07MrWBsq2fKbP3L7D5\mR2Ma2LTFQYR\mQkhhBAiSrICWHRIMz2PrAorJeuXserzTGaMUFOnOCit8oE+i0emdHeGSYdhhBr2lfKLXwaZYxmKqr6G3TudeC6ogBi2le1Ad+uhmfIIWfuslLy9gjWfz2DaCKjeUYKztmU6lTmbrJ1uSt63ssSTwRzLUAKnK3HuduPrb6JgRvTrwlTGNFJVLpw2K\XTLKQNTaD+tJPyndWgzyKjnZWy0eZrmlw5QdlWJ8FxozEPS8UQp6BstFJYn0lqQrCpjZQ6Wj+ss01eg4ax4w0UvevE\nMVmRnJ8Pluyg4EGZgEgRhjQ7GRb1M63gY5hnijYyDrURMuWymrV\rIvHcsCWedvLezmq5M2+hmPYJlz+s43y3CfUcexng9mfNMOG0K9uesVM\JJDW+jqMHduPyBNDPzsbSHyDadM18lL5sxfdABmM1PpzbHVQH9GQ9m0FHo7ptH7aTMOp2bo7bwZoVdWTNGIu2oZrS95z4+ptZeK8O8LU5fdt2ihBDnJHsXBOKrRTrCl\o3DXs\rAcj1+NqSAr5hWXUdc\Av0D2ZgO2FDWP4f1WBaZo9TUufez2+UhMCSL7IntrmXGOC8X0xEbpS8twzcrk7GDA9TsKqPc40c9roCs4R2XbZiTi6nK1rbPL7RM150YURlJG6XCdcCG1Z+OZeJQEupP49zjoDpOT9a9nd34o8I0zggblYjbJEfbBpoxaRi2FOHcsArVAzNIpobdHzoJDtTRpYuyjWRSh4OiFGLdWE\mqASCZw\j+FChrjHSh0jz55yCgp7scS2vsG61uRBCCCGEEEL0Kcnc\wCU\2QvH\1kaqttoP\IH\59L+k\eInhH3\M4dBR7+b53G3V8PO9Nh5usWmTh00PzeLliZs53sFW0Q2VDjYFbuHZ8Rmk9xsD1s2ULJ7Fj26NkPazHbz2ho0tDg9+BjA8I5unnv4xs2+LjymN\gO3nyzozShra5va73Ndevjza83UDn1Y35qfZsPPX8hPmkMDz+9ihfmGognfHvtvWTftqFnt88WQgghWpEJYNGxOB2ZS1ej3WqnpKIY+x4gXotxxkJy\t6ItgfWkKfOX0be1zaKDjooPA6q\jpSJuWxeko99heL8Hq8YNJ3fqIrWY\m\JttFB0oxr5HhfpWM3lzA9i31bZM98JqtO\aKaloqg8qNbqULBY9lklqLL\xxvJW7GQhHXFOHcX4w42nUs\MY\V881ou5lPkzaT9L02yncW4jmRhWF5JgufDWB\uxTnVjvOOBUavZmc5xeTsG8Fa501eENbW0fKq522kKUBO\YPyyleX45qoJHMZ\LQ7VqErbt1iiQxPep4o6U2FbBycSkbN5ZS8o7SNEZm5aJ1FVIeS2wAcankPGZG+bUL+1YLrz+aitpUwOolDgq3lOLaascJqDR6LI8vJWfi5dpHmw5oWkWbfpqS3xWiNKhQ32ohb0kO5sEdh9e2D9uZaY+hncPjLn1HIRinQjsqi6V5mRja64cI7RRJU9842LwtdG6a6pr742ws+tgn1qKuf+RgKHhpKY53NlN6sBj7ASBeg35iHkvnmzv+PFGbKFixCMe7xZR+UIgSBFV\PZZHf0z2FH3722C3yl+6cROlOwpRaGrj3EEuCnf3UIyoMD62koWaf6X4QDnFTRdq09ha2fnYAlCZ0jBudOMeaCKt9cd3tG0QNvbKt9opj9divG8xeTeXschGD9CQ\uRSAnY7pRVNbaTS6DHPW87ixN2sWOuk5mQQki5PBjdtb+3BPXwyaa2fW92tNhei7\v64kUaL\Z2FEIIIYT4Joq7AfrdcENvh\GNM3z6LO7jubbbQJ\aS8nHU3n4V8l8EZZeP30u6dYX+YOzjofnhv124algi\sWnvp\HU10\oUPt22GIU+TPhL0iU3nWr\jOD96suUKiIaqV3kwZwPekbN49hcvcjvH+Pff\IpnHq6BP9iYnRR9muycDXjHPc5K24voA6E0s\bgLtrGC+O6sP30rpf44bZBpD\3Kv+W+Cd2b3qF9T+ZC0kVrLTEM3zOBn759Ss8s+EWXtgwn9sHJXd+TiGEEKKLbrh48aL8lHONOnnyJMOG9cRDPoXoe3zbl1GiX93+CuBvPB+lK6yUkIV1ZWa3n8UtRI9qVLA9aaN2lhXrTBmd4trWF79vXc2YGr5uJPj1ReQfDEIIIYToTTcAqn43EN\v6txZ+U3+Dti0SvVxij8r4I9Pp\FMoo3j1qk0T4d6N8\n7l1zqVyfzG9um8\6S6tY\8L2p9N45q8vUbl+LoNC6b\YNJcZb8\g9zvzub1fO4XWbuMfp77In17cwe9\ZODSitqap1vl+yObHp7BCpZTVjSf4c3HA3tZMW05Xzz9W\5t\rc7T\ODBn5971xeS36JPevmom9O87WH9TmzeJnl7NkyH32sK4D3TuXnu208PKT5fB\z8rj5rJ9\Of+fthWQ9pNkij9b0rNbaAshvpH64t8rER2\8o\6EBWAAsh+p6gh\IK0MrkrxDXpEDFfpRGPdmTZPJXiGvVxYvw1d8a+friRf77f+o5\5e\8lVDELl3VAghhBBX0w033MBN8SoSB3yH7\1dAl83NnLTt+KQBcFXwwDSMzJgcfg20H+k\L2PuS93HYOoaSe9g921c0PbQB\nw7ePo89e1f7kL+DdtY1yxrByavPzmbTcPyeD5xfb2FLxD6y0hKaf\Qxuz+G9J\NuDyxC6CeysrKvaE0OzpPc3wdW87Aj1bOujz5C9DPwMO5Gby8eBvlnvn8KNbnTU3M4K4hYa\73cLw8cBnNfyJMZcmxYUQQoirQSaAhRB9z4n91IzKYXE3d\4WQlxd3j12yo7XUf2JB\W4AtJbb5MshLhmfPW3RgL\F+S\vjyLOv7bjLhZi0Z9I3Hya6sQQgghrqLGixfxB\6XM+f8VJ\6ku\fPBhQoVbJM1auBo0lo+U20J69bPk4g39aN6DD9Je2gT6+ly1nbuHh6SMjpgfg6+Ns\83HMGY56be2PpeDTVscPGuZhQbgTA0fAT8a1sFDxKJJE\DjZSTDb2m7zbNGdwvgwHu+\ezt+jbc2IVsQgghxJUg35aEEH2PMZfljxo7fx6qEKJPCZ6txqV4+GpYBgsfNaHqPIsQog9q+Lpp5e\z979x1VV5fsffwHiKYrjUGAakt4jWQjNgJZoNEjewV+D2g1zrjQ6g9JXGp3Bya9Wple9OlY6NjGjN\yG0ciN7nBlbiiVylxDZgxxRmEmkH7gSQXSEco8NiePCOf7xznAAQ4\VAzK9\Px4LHZe6+99lprbx+eB5+z1ufjT85w27d8Cb3jNr51040K\oqIiMhXztPDg2\ddCOhd9zGbd\y5eNPztBgt2NraOztpl0f\MYzZQpk7ivGBlQeyKF8SmzHX\b1G89DcVBQeBALUF6YQ1VgPDGdxH8dQWKgdB3jR4zE1PQTuYw9AG9nkXvCWbbhIrau2tydMiIiItcBzQAWEflaGszUNVuZ2tvNEHFhemQjWx\p7VaIyNWqb3As++xj6M8dAd\q7eaIiIiIAHBHwLc4\6WNv392jkG3DMDQyZLC0lOcyzqvKOTI00Oo\J8KJs0b75iN21H5hxIgKZ+C1cOp+q9qQufFEtpheRtF\5NGFeEsTE3h\rYVm3OYtzaP9LwK5iwMgTtCiAEqj9fBaNcZvnXsTP4+m4duZEdSN8o8ZCSICiqrbWBqPQvYcqoaiCR4kMvB07VYwKXf1VT9BRjRYcdERER6nWYAFQ32zwAAIABJREFUi4iIiIgIAA12O3bg7Pl\EHhrx3\aExEREekNgbcaOXv+H9hxfG6Ra88YFcskaw67X80nuyyOh6LdL\cxBAZyxyffPa9nMfumnBmRXeSSNdWzO5MG0xJ4LEpkYyLavOTkMiiQKh6OYciGxAQzoPhUPC7vVQ2uNRTs5839p1nyIiRGLtTZkQ0swIhc3seVa5lGsxkb88HUzSjAgEMDDACJeZW5WwH89lp7e4IioiI9A4FgEVEREREBIBG599Rv7TVY\RRBjMRERHpW4w+N\ClrR5o+dwi15jfeKZMsZG5KZXyuFjGdfUdQUM4k+MN7MnKojw8rlVe37Ys+TlkYmDOrFj3s4q9Qpj+WDhYs9iefx4YwqwnEwkuXce0H24ke18xRXlbefThlRSYFrAozr97ZbxCSPplIsGFK5nYXCaDxQ\Hs77URNIvEggGwJdxsXEYalL5+c8y2HmgmJ3py5iZcozh0Vc2nAYfI5DP9sxCij48f2WViIiIdIMCwCIiIiIi0ordblfOXxEREelzPD08sGvm71fMuQw0MD12bCfLPzcxMGpCPFhtjHoomqAOy1WTuz0fApOZNdbQYamgKQlMAvbk78cCGEYvZVfeBubcsp\1yYk8uuI1bFPWsvf3KYxyVtPdMjtyXco8kcbRIcm8kp\D8tEt7TFOWcuuZxMwvvdrFicm84v\NTInM5VFV7j8s3F8IssnXGDP2mQefWE\tVdWjYiISJc87PrU9LV1\Phxhg0b1tvNEBEREfnG6ouft65lm+ob7Vy41MiRD44z\p7h1+QeIiIiIldj\3vHGHXXMG7o54m357X5wtr19hmwxx3eSMjsY6wpTGPWoK6Li4jIlfla\d8grVgslmt+D80AFhEREREREREREZEeYKNgVxa2KXFMVvBXRESk1\Tr7QaIiIiIiIiIiIiIyNdZNXtSczh8opDMvACSXu8gr6+IiIh8JRQAFhEREREREREREZGrcJGqfa+SfsKX6atfZcnojvP6ioiIyLWnALCIiIiIiIiIiIiIXAUTSbklJPV2M0RERARQDmARERERERERERERERERkW8MBYBFRERERERERERERERERL4hFAAWEREREREREREREREREfmGUABYREREREREREREREREROQbQgFg+fooSWPBggWklfR2G1bz1ulebMPV+ib0QURERERERERERERERNxSAFhERERERERERERERERE5BuiX283QKTbIpLZurW3GyEiIiIiIiIiIiIiIiLSdykALJ0rSWNB2mlmLJ0Lb7\EW2UW6r19CLpvNskJY\D3bl1uatIY3s\MxVzvzeBJT7D6IRM0Wnj\7d+SuaeMOhtg8Mc0dgbz\3UM\p6ApYDnl75O3feeZOMjpla3P\Xmalbv7MfM51YQezyNBWklRCRvJTnCWaC+jkP\vY3cg2b3dbv2Yc1qpg5y0zeX43V\3k5a9iGqLPXg6Y0xaAyPJM1mzEBv2rEd4jeLt1EWkczW\xPR6lT9u79h0W8\bX\PzsbV05vBY+eyaM4Y+pe9zq9\e4CqL+rx9gtjatJ8pgb7tFz\6SFef+UtDp04hbWelrYumMuYW13uYzXz1rZtvHW0jnq8GfzdZJaFuGlPV89IREREREREREREREREvhYU2pFuOEf+S8\zVt09zEiaz8z7b+XTd7fxzPNvcapVuVO89Uo+\cfPZX58DDHfNgGnyH9uOb\KO4lx7EzmJ81n5lgjdX\cxjPr3+JUI2CM4oEwsBw+grlNfSWHTkHwA0T6uWlW4yneev4Ztu0\zY1jZzI\aS4zwryp2u9S92WoL0njF+kH+DIwhplJ85kfH8WATw+wbVUah2xuLjCM4YEIoKSYklb3qufQ4TIYGsUD7oK\zc6R\9ILvGMdxYykucz4zgBOvbuNzS\+ilX\7wPumDKX+Y\EMKi+jNxN21raYD3Ab1Zso+DMjYx5aL6j32MGcenEAbat3877TW1pfJ\tK58n9+hFhn9vLvMTpjLogzReeLNt8t9uPCMRERERERERERERERH5WtAMYOkGK1a\GaxePpXBnsB9Y4ga9ht+\ttcdhyM5adjW2bHGsf\lJ\Ht8zirT+4gx0nBhCzdDWzg53l7htD7NgdPPN8LjsOOa4fc18Y28uKOWKeianp8tMlHDoNYT+KwuimVZZ928it8iEi6Rck3+ecHXtfFA\88Tcs\c+Wurur7M8lWAdOZdniGQwGYAxjhsHSFw\xXlk9Y0a3ryvi\ih8Dh+g+K8Q0TQJ2HaII2UQ9Eik23a3sMKd81mTPAYfgPsGY33qefI\OMfUVauZcbujDRE+dSz6bRnvfQBjvg11fz6C2WswM5Y82TK7+L4o7jE+w7q9Zsxn4O5BYNm3gwNf+BCRvIbkCMf4jImKIHfNaqqcPYTuPyMRERERERERERERERHp+zQDWLol4vvO4K+Tz9gHiPCEsooPWpUbflfrJZxLSsvA4I\P2RIO\flQy8+n9RiBsr+VAeAdEUmYp4Xiwy1zgE8dPsQpzzAi3QRewcKRkirwi2LifT6tzhijHiTKB8r+fIj6y+ij\63+cKaA\8opocrqvDJ4Nhs3\4r5btsAjBxFhA+U\LmkpWXv\okygogc3Xn4F+Cu0c7gLwA34mMABkYw5vaWMt7D7sAfqG9wtnP8T\nV5vZLSweZgoB\YLUC1PNehXN8IlzGx3MwUyeFtbquu89IRERE5ErV5iRjGjGSeTl1vd2UvqHhPOV5G3l8RjQhI0ZiGhHJxMRlpB\oZHzMWUwbMRJTJz\rD7e9yEbB6s6vMSXlUNsT7QM4XUz6skQmRjrqDomO5\ENeZRbLnN8zpopyslg1cJ4pkVHtLQ1PJppD6ewKj2HIvP5y6z066SU9SNGYhqxkSPtjiWT3XZBHxEREREREZE2NANYumEwdwxuc8hzEHcMhJLjJzlFGG1PO5yi7hRge5+30t93X\WZU9QRgb9hDA9EbCPt8BHMj5gwNS3\HDaVCIO7C\+B9QsgcDBBbU953oq\Eag7Rx100Lb2gqbMJuZvaRTsTWPdXvC+eTBBo6OY8b0Y7naXAxjAM4xR4T4cOFhMSWMEEZ4WjvzFDMGz3S9b3Za7f4Ge3u323d293mrh9In3OVVzkvcq3qfsgyoA6s4B1HGuDrfj4+03AB8+de5dxjPqRndEREREpAvWCrbMT2DTYUd+D6MphGAfG1UH8lh\II\s+FS2rYslyKv1ZZYPSim\7JuZKd9\mZc0VLPziXgWv30eMBAQEsJAaqnson02cxaPP7yOAivgZyI0zMAZcwV70pexZ18xL21by6TALu5tqSB7wwpWZVfgGB0DASEmQl0+iJ4x55O5IZ\MDSsxRiXy4uqlxAy9zD6KiIiIiIiIfMMpACxXxxu3wclWBs1g9ZqpXQZiHcspl3CkaiYmb+fyz1Miuq6\p\iEMXvNZmZ+8j4FRfkUH\wA8\4d\Gr\W0Qk\6J5GeW2wsZE4PNuCe8dhYg7jlBcCaZ\HdXF8s9XwVrG68+nUXDaMUvZ22jEf+Bwor7tTf5hcxcXAwaf9v\wu\mMRERERORq2CjY4Az+muJ58T9WMN3k\LajpYLMZQmsyklh\rAc9i4IaXVl1clSAKanFvPiFN\u3c5SzUc1QGAKu95ZQGg3LqnMWuYI\poSeS17KeOaPtSeLmTVj5PJzFnGpujC1m2wlbL5J+sosBqIWZnDS3NMGAAa6ihY\2PmZeaweG0khWlxBHQ0MmVbefSHqRyxGgiYkMiSx2YzI3wIBi83ZU+Ukp2xgU1ZGcyL3c+s1DSemzKke2PytRDO8g+Psry3myEiIiIiIiJfW1oCWrrhHHVn2xxqPM3JM+AzzNTJzFB\BvgDp49htnXjNiNHEeFTR8mhKufyzxE8MKaj8O9N+NwM1Jyiqu2pxk+pswCD\V0Cmu37UHfa\RJ23rffTWz8T1mxcTObn5tLhI+Vkj8cosOV60IeIMrPSsnhMiyHizETxgP3X7PwL2X\vY2C0\7ELN7I5q1b2bxxI6uXJjMjzDVA7Rx7N+NTf\qUS18u8xmJiIiIyJU7ncf2LBsQzpr\WNsS\AUwhjDnhTSSAqFyUxo7W312reNYSTUQwui7uhn8BTAfZQ\A+BCCu1O+oZTsTaXAEJb80iX4CzAomuXLEwAbO3P3t1o22pKfwRYzMGUtLzYFfwG8\IlZ\mvWhINt36\J7iCziO3wRqY9nMoRQyTLswspTlvKrNHug78AhqHhzFmdRXHeWmaZzGSnJLP+sD7MioiIiIiIiDRRAFi6wUrJ\kNYXY7U7dtLSaMPEeF3d3KdN2PuCwPKyN9zqvWpT3JZvWARz7zhMmPVM4wxo32o+9ub5B461Zxn2D0joyKC4OwB9v7Z2uqM5cA7HLDC3SHOtt3ggw9WTta4hHAbT3HgoGto9BRvPf9zFq3PbxXo9R4wmAFul6B2ZSLyPn+spX8iq8wM345kTJfXXKlTnDRbYWAEMSHGltnRjRYOHXb9i5o393z77vbj03iK\H2ty13WMxIRERHpSdYKtsx25Hid+HQ+VQ2Ow0c2jOw0Z7C7863yDFsqyF6dQGS4o1z45BS2NOevtVGZt5HHJ0c68spGxvH4hsLme7dVeziHTS55bR31JbI4vZDKdt8QdMndaq0gPdmRQzckOoHFOWbqSoopAIiOZ7LJzc18Ipk8xQDks++ga47baj46CBBBUFfLKLu2\bhjKeXQ4UPo1sfTWgu2iBCCQ+KJCWt\2nCTs5bjtZxrPnqeon35AMyJj22\Co6XiZiZkUA12Qcq2ld6Np8n52dQaYrnpd9nkBTe\QC3YUQ8z2VnkBRoJn3+Rsfy02011FGUvoyZTbmEI+N4fEMeldaW98g1d\I1eY8azlO5L4tVC+Ob6zKNiCByRgrrc0qpbXeNuxzAV6jhPJX7MlicGEd4q\e32M19L7\8tfp3JyIiIiIiIldHS0BLt1hLtrHq+WNMnDAcjr5F7run8BmdzEw3fxhy5T1mJjP+UEbum6tZao7loag7sJ4s5sA7ZZy6OYLkia3\8nX36Ah8\niAEnyIeqTzyo0T5jPj4Gpy059h3UdTmXinD3Ul+bx1+BQEzeBfv+v889NdY4i4+QAHcp4nzTaVUcZzHPnDW3zgHYSRS87aBhPx7VvJfWMHa58\yYP334M\dbz3x3wOnfVhTEJUp0s6B42JwH9vPiVHIexH13LZ6sGY7vSBP77FCy\W81DUHXifO8Y7fziA+QtvoL65pPG7\8qMP64m95VVPP\RRB68E97Py+XA6dY1dv8ZneKtVavJPR1B8tZkIq5ZH0VEROS60FBN9hOO5ZCDO8greyVsH2Ywb20GBVZfgsNCGFhnptycz6bEQj5K3cXc95KZmW7GaAohNKSWygoze9KTKTBvaLNEsY0jG+KZme74MpzRFEJoIGCtptxczM4NxezckciO3y9lVLtMIcfY\EQCBQd9CQ0LwVZTAT4B2K3OiPGI4R0uhRw0PBIoZM+Hx2BKuONgzTGOWIGxIQw5W8yWtWt5Od+MBV+CY2eyaFEy00PaB04rKwoBGGcKoDxnHatSczhy2oZhUDiT5qbwTGIkAa5jPiiaNRnRHY5t5dESAAxRIwly6WvZPoBIQoe7DzMHDR8JFFP156PULghpNcYFqcvYaTWx5FdtcgSfLiV7ewbpOflUnvUlOHYea1YuYNygUjaFJ7DFGsdLf9nAJGMkS9YkkJmUxeY3fkxMgstS0NZSNs1OZEuFDfAlOMyEwVrtzEtcQVInH2h77D1qqCZ74TSe2mejKadyqBdQZ6a8Ip\0p\PJzF\L3i3xPfL+t9Iqn7PzHfaxUVXWwfvbKj91U1tdyr8cy4u\T2W6my8h9Ny\OxEREREREekJCgBLt0T88KcM+OM2ctMLqDf4Ezb95\xoyt24z4rrwnMwU5f\Av\2kbuwXy2VwDePgy+awY\9FU7m5bQcgDRPkdIN8WwZgugst4Dmbqk7\A\7+3kXtwB9v2AwZ\wib+lNn\EoZ\0+xhz7uZu3w+bH2dQzu3U+LtQ9B9c3kmto7Naw41Vzd4ypOs8NnGb\NKyP1Px3HvW8OY8cSPmHpXFyHdoEgibs0n\2wYkRHXNmvx3QnPML8hjdf\7BhP75sHc9f98\nFd8+xbeXrVJmrICKoZXyy0nj93R1s2++Nz9AxzI+3si3HJQp8uc9IRERE5Gq5BMWMUzb0WPAXoCgjA8OEFezakECo8xt8lRkJTHy2lJ1PT2MPkazJfZ05TQHTE1nMi11Hwb4MdpvjmOP87pvtwEYeTTdDYAIvvb6CSYNcbnIij8U\XsZOcwab9ybyykNtk6IUUvBBIq8VOpdRds5ytOx1NshqwRFia6+quthx\7MuZarMFAGcyeLnkyuoNIYQ7AwsV+ZnsDg\izdcc+8CUE1VBcAQijZ8j\QKCA4zEepXS2VFKTs3JLJzRwKvZK4gpqvom7WaooyVPJ5aCj7RrJkX2XIfSy1VVoAABnQ0eTfQRAxQUGimClqCfeYcNmfZCErZyEKXlMe1hRuZ97MMyq0tgXfbX1J5dPJ+1rwQT7kVCAtnuHM4DdEJLA\LYtXLb1Ke0JTr2EbBBkfw1zBhBTtc3gdLRRaLZ68jPafjLvfUe1T1u2WO4G\0Una9kNhcF4CldCvzZqVyZN86st+LZ0l4p0\hspWnJzvzOSfwyqsriGl6h5v\WXw6KZoSldGYnDJT20ISeSlrUtbld+5IpnFOfksnp\KkNwURrV5eXtqvEREpHPHjx\v7SaIiIjI14QCwNI9N4cxe\mvmN3R+Yhktm7t4JynP2MSnmRMQnduZGLmc1uZ2d17eHez7lvHMHf5GOa2Obx661TXyggan8yK8Z3U02E\++HjDUQ80L3ln93WM5ipa7Yyte3hQVNbt9PTnzE\WsGYH7Wv9smtMa0PeLsvO2Zimwu79Yw6aJ+IiIjI5XDOSnxqnw3DhLXseiGuh2c+xvL8swmtAm3BcQnEPFtKgdVGzAsbW4JQAEOn8YO4dRTkVXD4g\PMMfkCNsr\UkLwIANDlqS0Dv4CDI1j0bwMdq6toODDaqBtABhiFiW25NB19s84MpxR5HHkjTwKUqKZ5NfmooYKit5w5rKtrsWCI1ha6Vj\Gcw2RqUVsmuC834NNirfXsdPnsihYG0ym+7cxfKxzg+jNjPlBwGqqRy8gl2ZLmNytpQtP0lk0+Es5j0dwv6tHcw+PZ3DvOiVjmWrAUwJvLRtReuZulaLM4VKAAGdLZnjRvnbr3KEWF5MaIn+2kpTeTQpg0pMzEl7lTXNfXUGLZNXAmAYO9Ilr7GJUZOGwKYSjtVCaABwwhFcxieBl15IINTlS43GkARe+rWZ8KQsOs4c3BPvUTUlf7ER7DeEGYtbB38BjOE\ZlFCKvOybJQfq4Pw9u\RFbMVkr3JjCPftEvwF8BrCLOeXcs7k9OoNh+jikiCm8aLaNa4Bn+d5aev+zXnjsWxqnQrL+fP46W4ttH+nhgvERHpyrBhw3q7CSIi0ofoi0HSGeUAFukJ5gMcOO1D1P1aGFlERESkQw21FG1yzEo0TLhGy95GRzOubWA1YIgzWBjNg\e2DTT5EuAMdlmsTeFAA6NScthVWOIm0OUwwKezabMGQoe7CeYNncZjcQaw5rH4J1s5ctblnM3MzhVL2VTT9iIbls8gdJAvMc+mtQREAbwMBMet5T9WhgPVpL+QQ1XTuToL58JMGE2JvPZC68AcfuEs3JbKHB+gcB3pBzsIg561YAkJITQshAAfwJzF4w8nkl7Wcdi0+yoo2FENU2KJaXpeDRWkP7WVSgxMT329TV+HMGv1Cpq+7jjpnuGtahvobwJqOedMnVxbUsgRwJAQR4ybFW0MUfEs6iyfco+8R0OY\kIOe4v3stDt6kYGjNdqtZ2SYjKh43zTfnG8VJzHrowEgoGq4nxHvuGEBGa0\cIDgJeJGYlxAOzZd5B26a97ZLxERERERESkp2gGsMhVsPwtl\8+fJKqw2XUDZrBoq6WrRYRERG5jhWtT6DAGeyxHa9rH0TqCZ3k170atrPnsZw9RuXRo7xTmE\B\uJOSkcS5C6Ihi+T1mWQdDSB9MOpzIxMIyDExEAvG1VlZix+sby4bjyLV2SA0ehcZtkZjE7p+G7BsfHErC2loLSQktoEggKAwDhe\H1cxxf5RDMjwUBmuo3sv1SwJsrN+sMhiezITXT83lBH0eafMW9LMet\mMLA3WlMd9vHbjp9lMM1EDpvJE2xadvBHDabgfClLJniJvA+aDjBQAEhjL7LXWDeiME5AbrqQ2f+4+FD3JQDvAIIugtoF3B3uhbvUYMNi+Ui52qOcuyDo7yzL4\dB3r6Jg61Ncccv3SzH7XHHe9zzD0j3S5NDmAcNpwgoKrEsZR3qOvJa\TvTkRERERERK6MAsAiV+OcmZKD74NfBHN\NpXBvd0eERERkT7MZrVhmJDIrM8yyCxNZVVWLDv6cPJPS0UemzenkZ1vbhOsNmD0M0AnCwh3yCec5W8W8mDGBjZtz+dIRQW1fiYmpaSxZE40wUc3shhgUADdXlG5OTAKFxq635Sg4ZFAIbbudMPLn3EpW3neHMnitwvZlFvB9AUh4BdAEAA2LB0lNm7i07\l9xozBcCcoU3TcG0U5TuWZA6dNtZZZ0f1jCV0qOsBG+XvFQJxHechbsefISZgX3fLX7naAxn8YnMGew7XtXljfDH6AdZr34Ye4efPcKCqxnIlb76IiIiIiIh8hRQAls51lttXMH7352z+bm+3QkREROTroXnZ5w+NFM1I5cjaFWRGZdEXY8C2wxuZOTuDSgwEhMQyZ0I4ofeMJHjYcIID\bHlJRP5dOGVVe7lz7ikDexIan+qKd\vuGGtl5C2nbVh8OsgutrQQTjOdh4Lvhg7uOxCR9d1yJdx0dHwdiFVH1RjIQSjwehYxth6jDN1gLtllZ3BXu4d0i6wa7ipqXHnOVPt+G3cyA5eCPNRigAmhBPsunS4rZR33gCiIxnV7aj5eWpPd7fslavKSWbi04XY8CU4Ko6Y8HDC7h3O8CEjCR7iS\mmkcxMv\bt6BFn6zgGEBbY\S8niIiIiIiISK9QDmAREREREflKjIsd78j5G\JjnltoAkpZtT6HqsuYtfrVBO4qSP+\juBvzLO7KM5NZU1KIrMmRDLK5I\RcCXB0+6opmhXBTCE++9xLl1syWfxiJGERCaT3dFyxSeOOQKjPsMJdq7DW751IqZ7Igl\oaOlqm0cO+pc9te5THJt\jqmzYgmZHVhhzM8m\sdYHQGAYcTNgGgmPJj7q+qPOoIagfdN7LdMsG2f3R\HCsP5FEOhEYMbxWArMxOJdNqYM7cuOb6g4ZHA1B0rLqD2qqpLOn2ra+MJZ9NTxdiw0TS64XszdjA8pQEpkdFEjrUF4MX2C7r3e8+Y4Dz\fnwGLVuS5jJfDiSiQ8vY2dNy3gVvHe0w2dvOXbUkWN6WAADe7zFIiIiIiIi0pMUABYRERERka+YgVGPrSQpEChcx6o3WgfpAoZFAh0E76wlvHutl+115qeFSCZHuckh22CmYEdnOYA7UJvPqsmRmMI3csRN4M928HXSSwFTPDEjnAeNIYwOBygme5\ZTaU2in73KuWAIT6aUOfM2OCwaMdqzL\Lp8DdEsM1eWzPAgjnwXsds40Dhpugog5bVg57zrq5xqXfk+4Z6Tzoy7gJsQBk5uS3z+vcYG4Oas+KCmk57hdIKFB5ura5noHOoa46dd5Ne3NYv6kUMBBzT8sMYcvBjfxkbSmGCStIimqZ6hxwbzSjAFtWntv+2w7ndRxQ7ykflbITgPFMHu1mGra1kN2\uza3NoRHMh2gMIfd7l4b80Fyy85TeXY4wwe1jBdZWeS6+4JFg5nc7fkAxERFaAawiIiIiIhIH6cAsIiIiIiIfPV8IlmyJgEDNgrWrmOnS9ApaPhIDIAtK43MD13mI1oqyHwihcxrnTM1YDjBPgCF7H7b3HpG5NkKslf8jFWlV1LvWEbfdR6sGTy1qRiLSxDYUpHF48kZVGFgzvIfNwdyYQizFiVgAI6s\Rmr9tW1XNRwniNbE5mXUQ0+0Tz\WGRzCl7D2ASWhwPWLB5\Ioty18jsiTyemr+SAiB44TJmNeXTNU1jUZwByOfJp9tcY3Hpt2kBj8W2JNs1xiay0AS8vZLFmRUt\Wqoo2C985roBcwKc6kvcAijgKIDpc6gsYFxsY5+7tmUSoHLtFVLRRaPP7zSGcg1McDHUXfRlkSi52ZQaUrktRfiHbPLmwyNZ1GCwW3\LRVZLP5JhmM267UUaCIGgHxyXZ8bYKspZtP8a\guG2N5bIlzlv1P1lHgGtS1lLLlmY0cAWIWxTvetabxopBVCza2Lt9QzU6XZ78orvXy5CIiIiIiItL3KAewiIiIiIj0CkN0Ci\G5fB4XiFPbsgn5oVYx8zC0Yk8PyGLxfsKWRU3ls0hJgZSS2VFHTZTPEsSq9mUcQUzcLvLK5w5K6PJfLqQgmfjCEkzERpoAGs15ebz4BNC0sIE9mzJospcTS3h7ZY2ds+X6cvW8sb+lRSkJxKe5U+oKQDqzJSftgEGYlbmsDy69WxRQ\RSdiw5ysxNpWQmR5M9KIRgfzhjrqDWCviEs+Q\U5k+yLUPJub8KpXy+Slk71vHtHtTCQ4bgqGpD0BwfCrbFoVjcGnfpHUZLDyWyJZ965h270YCXMcewBTPS9tSGOXaREM4i36ZQtEPUylYG0\4Zsd4NbfPFM9La+Jbj5EhkgcTIDMrj91PxzFrEBiilvJa0kFmpmcxL2qXS3th0oa1JK1eSbq1gvVxI1nfVE1IIq+kL2WUT9uxNhCzLIOFJU19ad1\Q0gsMYH5FJRFE+wub3FPGBTHoqQMCtLNrZ5b8\P2i2VJko3WVtb+AAAgAElEQVRN6YUUVVcDVxJYrSM7KZqnCiHm2UJeiW+pIzQpjRePxrP47SzmRec4nqWXjaoyMxYcz3\NQ03lDcQsy2LJBwlsOpzBvOisduXxi+XFts9eRERERERE+iTNABYRERERkV7iy6Rla4nxAVveMv7t7aalf\2ZviWfHasTGGfqT21FBeWnjcQkbWBX9lpmjbj2Eaig+DQKM5YyfbQ\hrNmyssqqGIk05elsbcwh+XJ0Y7ZnfvyKXK3XHJHAuN5pTCHF5NiCTWep7ysgnKLL6GxibyYW8grc0y0752B0AVZFOduICk2BKOlgvKyCizGECYlbWBXYRYLw9yMSWAsz71ZyGvL4hhngsqyCsrNEBwVx\KMQvY+G9t61iw4gsm\z2fHs4lMCvHFUlFBecV5jCGxJD2bRfGba5nkJmBqCFvAjt0ZLH8okmDMrduX7e4aA+OmJRJEIavSmnIOGxi15HV2PZvAqEEXqSwzc8ZvGs\l\oGXHopnzrMJjPJzlAsIiSXphRyKf7+UmI6i786+vLYszllfBeVnA5iUkkHh71N4sPMn1QOc\XkhkUkmX2ynKygvM3PGL9oxlu+msnBmNKGA7Y1iyns6H7DXEKa\8Af2pi1l+mjnsyyrwRASy5K0PHasa\P8fUJY+J+F7HphAdOjArFVONqLKZY5qzMofjeV6dcqWC4iIiIiIiI9ysNut9t7uxFyZY4fP86wYcN6uxkiIiIi31h98fPWtWxTfaOdC5caOfLBccbfM\ya3EOkhY2C1WOZlwUx63bxyiw3+Za7o6GOgvU\Zl6mmZh1e7tZTynrRySQTjQvHkhjevemcIuISB+w\71jjLprGDf088Tb0+Oa3ON6+wwoIiJfT\q\4evLYrF0XegqaQawiIiIiIiI9ALnMs0hULBiGtOeLaT2cmfBWkpJT\o+8zLNBM9J4\l4Z\C3NJXIyfFMW5FPrbvrzEc5AhAYwXAFf0VEREREROQbRgFgERERERER6R0+4Sx5PYc1U\pTnpFM5Oh4FqfnUX7iPLaOgsENNiwnSsnekEj4vQmsP3CRUUuy2LE8moCmJY1NIxlnrqA8O5WXD5xvff3ZYjb9fCNHgFGPfZ\Qa9g9ERERERERkd7Qr7cbICIiIiIiItcxHxNzUguJmfEqq1ansXPDMnZuAEeuXxMDXfPUNtRSWVHnzBkMxvAEnluTwqwQ39Z1GmNZ8mw0e54uJD0xksxBIQT7A9Zqys2OgLBxygZ+9YMrXHZaREREREREpA9TAFhERERERER6mYGgCQt4ZcICLOZidu8r5N0DBzl2zEz5aVtLqUEhBEeNZVxsNDPGxxIaaOiwxqD4NIpH5vFyRg579hdTXgbgS3BUHLOSlpEU5X\tuyUiIiIiIiLSCxQAFhERERERkT7DaIpklimSWUk9UFdIHEs2xLHk6qsSERERERER+dpQDmARERERERERERERERERkW8IBYBFRERERERERERERERERL4hFAAWEREREREREREREREREfmGUABYREREREREREREREREROQbQgFgEREREREREREREWmtbCvjR4zE9OBWyhsu58I6spNGYtpQ2kPl+oYjG0ZiGtH+JyQ6nsc35FFpvZZ3d45VUg611\I2IiLyjdGvtxsgIiIiIiIiIiIiIn1L+f4cqkwmgs1pZB\8MWuiDL3dpD4gnOkLIwlyOWL5MJ\c9GVM3FfDrjcXEOrVa40TERFppgCwiIiIiIiIiIiIiLSwFZP9cjWhS1KZtSuFVdn5LImKw9jb7ep1EcxNSWFUq2MpJGUnM35FGrvfW0BoeC81TURExIWWgBYRERERERERERGRZrbifDKtQ5h8bywxD4XD21nknnBftvbgVh6fHIlpxEjCZ61jT82FKyzXtCR0IUe2JBA+YiThkzdSYHGePl3MloVxhI8YiWlEJBMXbmTnh7bWVVjNZK9OZGKkY3nm8MmJrMqpwNJwmWUuU9Dw4YANW5suWSryWN9Vmy+jXOu+lrJpRgSmyeso0LrQIiLShgLAIiIiIiIiIiIiIuJ0nj05WRAYT0wIBE2IJ4ZS0vMq2pW0vL2M6LmpFA2ex4sZGfz7RAubf7KO3Z9dWTkAslKY96dI\j0jjeWPxTLKCLbSrUybnMjL1vEsT8vgtbRlxFh3sDgunvWHmwKldWT\LI6nDhqZtCyN1zLSWD7eRvbT8cz7XfVllLlMZyvIfi0fTAuYHNFy2HZ4IzNnLCPzM2ebX0hmZHVWmzZ3v1wrDdVkP5HIltPRvLhtBTEBV9Z0ERH55tIS0CIiIiIiIiIiIiLicHovb7wNoStjCQUYNJ7J0fDUjkLKk0Nactw2VJC5IQ8mrGXXlniCvICoSCaFbWTi3EIYe5nlmljjeHFbCjE+TQeqyVyfSuVDaRSvjMboBRDJuAlx3L96LPOez2FOdgJBp\ezuxCStqeyxFnnuKhIBlrG8uSBUqoShnSvTKeDk8HMERntD49I5JXMFEY1pUluqCD9\2ZQGb2W\VudfSaScVPGEzY7jvVNbe5uOdd7NVSz84l4njoYyXNvpjI9sNMGi4jIdUozgEVEREREREREREQEgKp9ORQQzqxok\OIP5MfioWaNLIPusxIPVHC7hqYlRDnDFw6GMbGkxTG5ZdrEh1OqI\Lfk0xu0thlJ+N8oPFFB1o+inFYjBBaSFFpwG\IQT5QGZqKgXmOmwNAAZini2heEucI4janTKdCmf6wgUsdPmZE2vC+GEG8+asZE+Ns9iHhWTXwJy5rfuMl4lZc2OhNIcC82WUa2bhnU3JLH57JGty05il4K+IiHRAM4BFRERERKQVDw8PGu12PD08erspIiIiIs0a7XY89Pnk2mqoYOfLpRC+gpihLYeNUbFMIp\M7HyWRMVhBDhbQzkhzBpiaFNJAAOHuex2t1xHTpspAtiS4ti2Y6bqNDAokqRn4zny9FbmTd4KPv6ERk1jTkI8k8eaHDOHDd0o06kI5qakMKrVsRTWnMhiXuw6Fm+OpvjZWIxWC1WEENyuz2AcPATIp+osQHfLORVu5KlCgBreKaljzlD\rhosIiLXKc0AFhERERERADydf0+90eCNxXqhdxsjIiIi0obFeoEbDd5Ay+cW6WEVjhmplK5j\IiRmJp+IpexB+DtLHJPdFVJfwzG7tysu+Uckl4\ivlDdz8lLAl3lAmaspZdh4vZm7GWhROHY\tLBk8lxhG5MIeqhu6XuWxDp\GDOLDllFJ5hVV0i08IC18v5JUEKFi9gT1nu75ERESuTwoAi4iIiIgIAF4eHngAfr43UfOppbebIyIiItJKzacW\HxvwgPH5xbpaTaK\ieNKsJZmJrBaxltflbGYaCU9LwKR3G\QEKpoLLa1qaeGqr+5rLb3XId8QskFCg6au6yKABevgRHxbNkQwZ73y1h7+pobPu2svPDyyxzNXyMBLntM1hOVQORBA+6jHJN7k1g7mh\YpLXEkMei1MLaX+liIiIAsAiIiIiIuLC28uD224ZgNV2kZO1n\d2c0REREQAOFn7OVbbRW67ZQDeXgr+XhO2YnZn2mBKAo9NiWRcVJufhEQWBULVyzkU2QDTWGaYIHN7XquZs7bDOWSWudTb3XIdMUUzKxzKX8mhyNqqwRQ9O5GQ6HUUWMB2OJVp0XFsca3Ty0DQoACXe3Zd5orU7OV3eUBcOMEAI6KZFdi+zzSYyd6eD6ZoRgVeRrm2BsWxZnk0tqx1bDqoELCIiLSnHMAiIiIiItLM4OVJQ2Mj\3T7QD7+5Aznv7QReKsRo88NygksIiIiX6lGux2L9QI1n1qw2i7yT7cPxMvDA4OX5rRcC5b8HDIxMGdWLG5XZvYKYfpj4WxancX2\BTGxZmY84tEsmevZFqSmeVzohl4Oo9NG3LaLIPc3XIdGcKsJxPJnJ3Bow8eZcnKZEb5VPNuXhbpebWMe\bHxBiBsPHE+Gxl0\xEzqTEM3loALUn8ti+IQfDhA3MCgGDresynSthe2oq77gcsdUUk7u3lFpMLHnMOXZeIST9MpHc2SuZ+EMzax6LJsh6lN+9\Gt2VphIej3BESjubjk3guJTWPJKPJtWpzE5N4VR7dMIi4jIdUwBYBERERERaeXGfp6AN3cPvZ2\f3aOjz6p40tbPXa7vbebJiIiItcRDw8PbjR44+d7E3cM8sfLw8P5OUV6XjW52\MhMIVZYzuOJAZNSWDS6lL25O\HEheHcfRSduSa2PTvqaxKzoBB4cxamcaMt5NZ73KdoZvlOmIYvZRdeSFsSk3j5ScSsWAgICSaRRlbWRjl7ywUzpLsLAauSyUzdRmZZwE\E5Mey6AwOZKA7pbpVCk7t5S2PuRnYtzEpbz4RCLjXJZrdvQ5hM2b01ifnIEFX4Jjk3nl1z8mZqjhssu14xVC0nMLyJ21ladencjeBV1Gr0VE5DriYddfcb62jh8\zrBhw76y+209fILXy2qoOvclDXptrgteHh4EDbiR2WGBLBg9tLebIyIi8pX7qj9vdcdX2SZbQyP1DXb0yU9ERER6kweONBVf1czf6\0zoIiIfD3o\4avL4vFcs3voRnA0qWT575k5o4jfHqxEQw+MMCHfh6eYLeDhwd2ux0PDw\tfyP34WR9PRsOVbGttJodM0dxx4Abe\uVFBERka+IwcsTgxc02O00KgosIiIivcDTw\EFdRERERHpPgWApUszdxyhrsELz5t8nUecf\1zfvhu\gyu\W\kvqe3N3j3p+6ClZk7jnBofhQiIiJyffHy8MBLf3cVEREREREREflaUNIM6dTWwyf49GIjnoYbHTNC7Xbsdpp\1\71s+9puJFPLzay9fCJa\iiYiIiIiIiIiIiIiIyBVRAFg69XpZDfRvveRv28kf2r+O9vvf6HgnREREREREREREREREpE\SEtDSqapzX4LxRuzYwZEiFrubLR7o\PVwvp+X450QERERERERERERERGRPkkBYOlUg91Ov6Y5oK03zblim2eI6vx1cN6DBrsdERERERERERERERER6ZsUAJYuOWb\OqaAeuCh\et8X0RERERERERERERERPouBYClS21Dftq\vvdFRERERERERERERESk71IAWLpkb17yV1ttRUREREREREREREREpC\z7O0GyNeBhzMfrLbaIiIiIiIiIiIiIiIiIn2YZgBLN9hpmgSsrbYiIiIiIiIiIiIiIiLSd2kGsHSLh7baumxFRERERERERERERESkb9IMYOma3d7rWWe17VtbERERERERERERERER6Zs0A1guT9spoNq\vvdFRERERERERERERESkT1EAWLrBZf6nXfvaFxERERERERERERERkb5KAWC5DL093VT7fWtfRERERERERERERERE+hrlAJYu2e12PHBM\nRstX8974uIiIiIiIiIiIiIiEjfpRnA0iUPZ9jPQ\vaFxERERERERERERERkT5NAWDpkt1uB+zaaotjHrCIiIiIiIiIiIiIiIj0VQoAS5c8PLTVtmUrIiIiIiIiIiIiIiIifZdyAEuXHDM\3fOg8zmhnZ9vhC8\55Llcxqtn9N4EaAfHj4343nTt\Ay3oJXv6upv2fON1r\TkPjLfS72dvlzD+49MEHXOJ2+t81qMNvUnwV7evN8yIiIiIiIiIi8tU4fvx4bzdBREREviYUAJYudTXx84rOX\yM+vpGksZ+h9l3+3OHrwFDUxT1ko0zdXX878G\sOyjAfT38\nq2+dkP\85CdEPkHjLOSb97xmXM3ezb+ODBHOe36VXsLyX2tcXzouIiIiIiIiIyLU3bNiw3m6CiIj0IfpikHRGAWDpkt1ud6z\21PbL0\xwHfuZd39gdzR9AY2NmKrd\xq8DYwcFAgsx8K5PvVR\lp9qf80WjouftfxnbOwzGsGdofS9W5NuPQ1PB+eNjt2L\idvXqVkRERERERERERERERPosBYClSx49mUS28TzfvT+araP9MAC28xayS06y+kNryw39A1gdOYRZg70xDhnJb2aU8P099XzS\6tPemtwWdu59Th8zKT0j5v3Pb7idvXqVkRERERERERERERERPosBYClS53lAL7sugJG8O\O4K\lk2oefbOG8raFas+wKu8clZNHsiaoP8bh3yZ1VDEz3\NqXVf9ORo\+5SGpvzB\W\C0+cW+t0agGfbN\vSZ1w8dpxG32EYbh8AX9Ry6bM6Gr68CP1uwPPmgDbXOXP8xnzHsWv7hC\f\yv438UNt96E+xzArY95WGu5dLaWhi8uAP3xHOCPl18AXoY2\ThvxvbJ5y51cxnnG7B\Uculs5\RYL0AeOPhY8TL7za8br5ByzeLiIiIiIiIiIiIiIhcZxQAlm7xAOxXvbWycNTt3AFQf57MP9ZwtMP6bWTuPsNDPxrCyMZLeHxrIPCp83wj9rNnmBpxD4+PGc+dTfmDGxuwnD\L\77zJ1LMt9LPt39Lfd8Zw9HHp2C8UMu6beX4T4kmIdgPo\NfgOVcHf+7\xCLT96KlwE8CGHfLycQ7GyfMfh+Pvnl\fDpKUy\P4kHdzvPn+d3Lx9lOWBvPmbhd8\ib99bywpof4MvMFRh+0fZ\nT4b+y8kh\n6TV3N\kx6JZ3lQf\j0E4b\vqrduHV4vtFKgw2ebtMXLtn4qPJ9Xtx7grcMt+Hh2VPPDwWURURERERERERERERE+jgFgKVrdjtNc4Cvanvpn5gc5Jj9ajnzGZvOtcwsdn9dNfGvVrduCoC1kX\74WQSbzc4DjblD\bywjjAn3956CGiPvwL\7L7Iqdu8GzqgrMCAz+YG8Odvi3XGbw9HddNn8Sdxe8y7a\egAe2+kZsXp7O4HIjtgag0aPVeLQdH4d+jPrRJH4wyMulbZ4YbvLjn6NjuMe\lDF\uoCnS39bqrK7HY\25xto\NZtvDl9JGE3Ok82NGJrdORQvvPu77BlaCAZu0pY+7lvzzw\N+0RERERERERERERERGRvsWz6yIiPZQ+Nuxm7vAEaKDy76eusJ6LRMfe4wz+NlJ1\GOmpR9i5KuHCEl\jxeq6rEBA0dE8OoD3s1TVpvT195o5E7fS5S8V8l453Wm\6mi6AKAF2EjRzAd8PA4zrSMQ2yquQiApeYEIRmHGPnG8db1tRkfBx\uHOThaNu2Q47r\ruSnZ83AjDw7qE80+Duuq7T7jYfv3gTr0x1Bn8vnCd9XwmmbY7+jN93iqJ\NMKN\iR+726i65UGWERERERERERERERE5HqhALB0zW53zjx1bq9037cfRgDqOXfuCuu7eBs\DXbUYvmkivF7T1PefP4LNr\9Hul\bwS8uPPOITzS0HR9S3dqT5wgvqiWqqb6z1TzaNnn2AB8fbjf5X4ug9CmPe7Gx0XtGX7obBt2O\ZztSx+t44qAM+bCA1zrc+1Knf9b3++cewdTPAFGr9kZ0EZ6ysvNJev+ug4j+6vo7IRuOV2fhp+sWeeH276KSIiIiIiIiIiIiIiIn2KAsDSNY82O1e6f0PTiuMXOfPBFdb3nVu40wBg5d3ST9yUv8imo2epBfD9FpOGtz1fz0c1Z9rXf7HREQBu19+22tbnvnxl7ceOYK9r+WqXezT\y7uS8WxkyeABjt2\f8xP3v2Ii9VNP5VcrPmIiwd38+daAC\uvP22y6y\i30RERERERERERERERHps5QDWLpmt9MS+GuaGXsF+9ZL2AAD3gwcDpivoL5bbnDMIr7wJUeqOij\4ZecGQ8Bnjdym78dzK6zaC9Q9Z6b+t+7wJn7cdTt2l9762Iuv3QwPgAXOfNZ2\IegJUzFyD4hjb12dvW1aZ97c7fTPBNjlzK3HYXx565C7e8HRuj8Wawf9amI1fzPEVERERERERERERERKSvUgBYusGj9a9256xQu8t+d85bGrEAAfTH6FsPeHd5vf2Lk9Sf98DT9zb63dzffdPaXf8l5y4CN4DhhjbtbyrUUfvdnXd3v65mxXq0Kd\Z+Y7q7\D+Row3OPc9vTAY2lffipd35\V39\m5a6+IiIiIiIiIiIiIiIj0KQoAS5fsdjseHo7Jpx50sO3O+Q8sfHT\LQQYvLjzNn8a7Z\j2en1F5n\8DSWDoKTNWdY\YdPKPJompnbQGOjHTzdXH+pH8b+AA1YrPbm4y4dat60tM\u9nzLhFdH\tuW9rUp70Hr\Lh2u5vx6eB8y8H21wGN9rbn67E1OI5YPn6f7+z5rKX\XW2v5vm1HUcRERERERERERERERHpc5QDWLrUFHO9+u0nFJ1tBMB4+60s6Xex0\L0C2DK7T4YbvThzm\1p8gD+LweC8CNNzDav979dab+DPQEuMQ5i8vx5g51cL8Oznc0DpdbvuPzTUHtRsek21blL3KboX+b6+o4ZnX8brzJwBC7u\vU03i6BNvJj7j0hftxutKtiIiIiIiIiIiIiIiI9F0KAEuX7PammadXv93yl1oqGwHDbfwoxocRZz6j4VKbco0Xafz0NIkxwYw2AFykoOxjx\m\WqisBzASNeomLn1xsVX99vOf8vORgxgIYPuSog+c9badsduufbg\33ysoRvlW42am\67P7\b6gjQclM\5v\jUutxaPAjwq\1vex2O5l\8KxP\BWnjaeorHedfwu0fjZTbz25EJq1vyQI48M7bHn16YTIiIiIiIiIiIiIiIi0scoACxdapuu9qq21ZWs\BLbIAxeAy5C8NZfWs1F05UUl9dycWT5dxm9+ZXid\n34IdyW0tNZ+w6v2meqrZfPICAMbhEfxpogd3nqjkYnUl9R9Xk\z9f2bBUC+gkUpzNeku9++qX27PO6e9Gm\yYFB1JRc\+0eX9XVUf0fnqz+96JzVPJC5\2xn0MlKLlZ\yMULHvzHD8K419D+uqo\1VF0AcDI1Icn8KvAU1ysdozDxfpLPDv3Hh64EejXQPnHNZ2253K3IiIiIiIiIiIiIiIi0ncpB7B0qdVM2NZJa69o\513ynmy4W7+PfRmjLcMIfFff0DirAZs9YCXF4bmt7KRqhMnePStGqpcr997jO2P3MVc\37ccc949v7iAce13l4YnF9pqK0+wbyCz7E33b9tHt127bO7Pb\7H\Usxxv876RotQnbp6dI\P1xityWb5\jt3X\Ozj\12revtvID27x4o7vjKco9AFsDWAweMH\Z+\eo6sq78T\v0MuBwIEEUJJSRQPFCSgk6BjQDoxdcpFi2gnwLeiOIPiSEunOPodFatLHKy0MNrSr3RgDTQdUNpGmFZKVWRGY1oK+CuQUSBIIQUDQ8ZwPWDgAOH8\kiAXEmQS0Lyfq0VN89l7\3Ze8PK9nzO8zycZFPpMfontgUiRDg9+ngX495rx8phX6B3u858\euj+fpd5VX2q7h\27b8iQmFF\f5SZIkSZIkSZIkqflyBLAaFEXFOrVRQBRRF6F8jGW\+2\uWvZncncfpTR8CtpEEwhUJn\LT1Jcso85\7me2976H3bV2v8A05b8N4\+9wG2fXaSMJX7corQ4cMs+30BGcsr9zt9\ujYyquJrSe+utt35e1gUelJwqeAmGgCV3diSL39T9e1ISq6ruuPrhxQXLP9IFNzt\DSn8sIlVeeJxBN6MgRlv1+I3ftq1g3mejY6sfb8SeG\Xobiz6pvh+nThE6eID5\7meYXkHL\rzkyRJkiRJkiRJUvMVFYm4qOeVaseOHfTs2fOSnqPn7P8kKq7tJT2HriyR48fYMeWrTR2GJEmXxeV43zpfzTEmSZKklqQ5vm81x5gkSU3L3w1XrlAodMnP4RTQapBjPlWV3xiRJEmSJEmSJElqvkwAq0EOEpckSZIkSZIkSZKuDK4BrPMSFVX31vbW1S5JkiRJkqSWZf3MdIJ9XiAvXF9bKsFp+dRqDufzXJ9U+s0sAPaSOzGV4MSllDb6zJ9nn6qxpRLsM4v1l+IcoUJyn8lp4NiSJDU\jgBWI5wdAXx6MHDNre2tq12SJLV0e3jzuWm8UVJHU5tYErqlMHDkQ9z7l10ve2TNzwbmPjKXklHTmPa1pKYORpIk6XPrPygb5i9lXeEzZKVVbSlk9VthAvEBwr9ey6ZnMxkYXaW5qJA8YOygfsDhyxrzpVa6cjZP5fZiyQtNHYkkSefHEcA6LzUHgEbVqLG9dbVLkqSWrivBQbdwS9Wfv0iBfUXkzZ\G\1tT1tQBSpIk6SIJpGUwijB5HxVVbyjawNu7k\n2E5NIKVvJ6q3Vm4s\WkMxI7k1LQB0Zez8zRTNzybxskXeGM01LkmSLg0TwGpYJHLmJxKpWY7Y3traJUlSK5LCsAkP8VDVn0lPMmvmAwxoc4KNy96kuKlDlCRJ0sWR0I9bB8GmDdsJVaku3ZDPpvihDP4\GQyP38Xbf6yaID7M5jVrITODgQlQ51TLZUXkTpvAsIxUgn1SSRsxgeeWFhIqrx3CpwWLeXRsBsE+qfTLHMdzS4tqTzn9uZx\XOtnppIxNR\IYXSfVIIzCy5KJJIkXQ5OAa1GigIili1LkiRB\BAy\mIhGzfsZS+QAnBqLx\8YgFvritmz5ETAMQmpHDL2Ek8UHWq6H0fsHDe63xQHOLEqco+2ZO4d1BXYhvVZwsL\GHrOo3iXl\n37msFte\Ud++Lsybpk8j4duPFPLwn\8IR\d+iSzxgSBE+xds4QFy1ZRtO8EtImla3AIdz94L7d0Ob1P5ZTOX3uIWwoX8kbRCWK738ljz99NkDKKfruABSs2sjcMsV\MYtI\XX\p7rMkSdJllUz\IcnwrwVsKx9aOc3zYdavyod7xtE\uh+he2D++xsoHR+sGElbvp1170L\x9PrGVm7l9zvjOSpXUOZ\MRcnu8OxflzeW5qNpvC77BkXPLZrn98gdGPpDH+iVm8NiXE+vnTeWlqNnRfw\NDAhf5WhuOq\c9OfyofCaP5iTzdM44+if2usgxSJJ06ZgAVljsS5EAACAASURBVMMiQFTkbMFy6y5LkiQR4tB+oE1sZdK2jFVzvsvCzQkE\+puHvpSJ058+hHvvfsBq+Z\Dzr8kAf6AeENzH1hARs6XM\Q7DFc0+kQ21e+SV7OdznEK\zDoNhG9LmeG\rBqsKP2EI6FenXPRT9qWI66i0fF8GNwYowCz9gQ1k86QMqynt++wOmLSsm\tosRn+9F\GfrmflW3kseGY7e599hju\ePYK97y1gJVfGsoDEzux50gvgsCWV7\LD39XRkK\oTwwJIlDG1Yy9+XtuBKyJElqKfrfPJRA2Ro27YSBQSC8gT8sh1Gz0wkQYGDGSFi8lvWhbIYnAFvXsqIsmbE3B+s+YMn7vJ0PExfO5vFBFVWDh2TQLTSIJ1cVUDwuueLLhABl\Xj6P3IYX3mowTcn8mnGBBblF\D8kIyLe6GNiatPBoP7JALJDBySwcCLG4EkSZeUCWA1rPbCsJZbc1mSJLVu4b1sWTaXJTsh\qaB9AXY9wHrd8SSNPIxnvxaUmXHWxhyYye++8JKior2QL8k2LyWDWVdufOf\pG7K5Ott9zUC55+mQ8KN3JiUDqxjegzYMAAWFdEUQlc3x0IfcxHJfHEdygjtOMTQgRJAIo2fkRZfDoD+wIHVrJgWTHx6Q\xvUm3EH86xr9axf97ciFv\OoDhk6+5ewo5E5Z\MOjowmeXjTnwEqW\K6M+Jsm8fzfp1fs\5dDSF82jWnFcPqqJUmSrmgDMhhLDus+Psz4YEfYuJZcMnk+vSMACekZZPEsfyiYzvDMAKWbN1AcP5TBfeo5XudkUuJh0ezZ3NrtPgZf25VAdICsGRtYW7PvoGyyquaRA73ofzOwfRelZFzctXvPJy5Jkq5AJoDVoEgkcmYCYLduJUlSa7KBuY88UndTtyE8dH96RcK0Sxb\8FJW7T4pvUhhJdvLjlaUu3alKxvI+8USrhlzJwNS4oltE+Te77\Cvaf3aUyfATcQ5Od8VBjizu4JsH0LRfRl9B2HWLJ0C9tPZZHeZg9bNoag3w0MaAOhgvUUk8DQYaeTv5UShvCVQUvY+Ie1fBC+hTOzCwavP5v8BU4UbqnY\6vp1fZPGj6UAb9dyL7zua2SJEnNVSCVm26HRws286M7Mtj0x5WEB\wdA7tXtndP5ysD4MU1hTyf2Y9NH52eHrq+42UwcUY266fO48ER8yC+K\2H3MX4cdmMGBQkoep+cdD2El\e54pLkqQrkAlgNSjKrdsqW0mS1Jp0JTgoWH2K44RryEhPp2\PrsS2qdH9RBmhkk\YUlLMJxu3sGXjxxQDHDhU0Z5yJ\fetpG5769k7gsrITaepGtvYcjIoWT1q1wDuDF9EvpyQ3d4Y+NHnPjKEIq3bYfeXyMj9RB5r\+e7TsgvevHfFQCA4YPAOCzsqPANST1qH2VXbp2AvZx6ADQvXY7wN4D++reP9CFTvGYAJYkSS1EV1KH9INfbWcbiaxfsYuU4en0PtMeZODwZMIrNrMNWPdryJqWyrlW6E25Yzq\GfYE29a8wxtvLGfF+zk8tTKH526fzjtzsklpomRrc41LkqSLwQSwGhSJRIiKgkgEt24lSVKrksKwCQ+R3mC\MjYunsnc9\dwAiCQQELnrvS6dQCx72yg6Ey\eAaMm8Yr2XvY8rtVrPxgLR8X5bHkR3m8edMkvvf36cQ3qk8S1w9I4I13P2Ljqb7s+ThE1xv7kvDFQ\SNf5MtH+\lRMlHFBHk3gGx9UZ9ccQRf65PPCVJkq4wvW8eRsr0fDZvTWTdxgDDv9uvWnv\m4cSeKmA7esgr6wfY2\sWs+RqojuSO8h2Tw+JJvHy8Ns++UUhk2bx7Kt2Uzu1\Dul0xzjUuSpAtU8zv7Ui2nk34V26h6tra3lnZJkqRaNi5hwft76PqVf2TWK\OY9+NZzHr+SSaNvKH6dMunBZK4\quj+YenZ\HKj2fxQHo8Zeve4YNQ4\sEB9xA\KntbP\4Y7YXx9P3S0lAL3oFoXhnERs2boTeGQxMqOjfPr4d8Al7dtcOZ9\eQ0B3unar\xK7du5S9\7hPew50LjbJEmSdEXok8Hw+HzW\XIty8jm1gE12gdkMJaVvLekgE09hjEwWOdRAAivm81dmSOZs7FKZXSAlO4XdUXf89Zc45Ik6WJxBLAaFIlUXQWWera2t552SZKk6vbsLKKMrmRlXk9ClQG3oQ\WU\UztT1v\YCZvz3BndOfYWjnysrYBJKuijmvPgD0vYG+bVax5VfvUUyQB4IAsfTtnQLvvMEbQNJX+1KZ\yUhbSApv1jCqnc+4M5JVdYBDq3ivTVl0Pd6rj\H12NjB9zA9W021tp\z3++x0YgqbE3S5IkqbmL7sVNt8M3Fy2GkbMZWHO2k0A6t44M8+hbKwmMG0f\cxwqMOA2suLn8dJDE\h0SjYjrk2kdOdyFs5cSuD2mYy9aKNsN7Bw9mzeq6NlwD1TGH7t54srEJ8ArGThogzCGekM7tPxYgUsSdIlZQJYjVJ13GfEcqsvS5IkVZUUDBLPKt784Q85MWoI17Q9xPa8d1hVdJTYNlRMCw0kpd9Al2VvsOTFH\BJ1pe5oRvs3fgeK9eEiB\0twxJgNhG9AGgzQBuSIWFG4shZSB9Kz+Y7NrzGuLLVrGXrgy9sUpatvNQHhq1lmnLFvDdF7dz59BexH+6npVvbWAPKdz9jawzyeI6JWTxjZG\Z9qyBTz3g+0Mu70XbH6TN\6w5+LfUEmSpCbVkYFDMmF5PllD0ut4R+pI6qAMwsvXMn5QAxncQBqP5y6m2wuzWTT7CRYdADoHGf5wDvmTMrh4420LWDanoM6WiV+unQBubFwJt03g6dsf4aXpk1h2+0zWzh15EWOWJOnSiYpUDO\UFWjHjh307Nnzkp6j5+z\hKgqQyFqDgS13PrKp06xY8pXkSSpNbgc71vn6\LEtIc3n5vGGyXpTJo3qRFrAMPe\28hc3\xAcVHTkBsPEl9h3D3\8ni0L9\l58fGMozL44mBThRnMeCRb9lY3GIE6eAQFcGDB\P395xPQmVr52N6QMQeu8H\NMvikj46pPMGlM59+CpD5j7zQVs6DyUJ78\muozEp5g75olLFi2iqJ9J6BNLF1Ts7h33GgGdDndZwNzH5nLhpsmMe\va175Cfau+TlzX6+4ztgOKdzyjQzK5i+hZNQ0pn3NccCSJLUErfcdUJJ0JfF3w5UrFAo13OkCmQC+gl2Of9y9fvxflJ9eB7ZyKGgkwpl1YaFK2fZW0d4mEmH7d\4aSZJag+b4P1PNMSZJkqSWpDm+bzXHmCRJTcvfDVeuy5EAdgponVNKp3bsOHj07CDQyj9U+9pABNtbUXtKp3ZIkiRJkiRJkiSpeWrTcBe1ZvcO6EGbc\wtiTrzH9tbQ3ubqIq\E5IkSZIkSZIkSWqeTADrnB656Vq6tosjcvRIxbDQGj+RCHXW297y2iNHj9C1XRyP3HTt5f+LKEmSJEmSJEmSpEYxAawG5X79L+hUWsSJnYWUf3YIIqfOLhJ7enTomXLNre1XdDunKD9ykBM7C+lUWkTu1\8CSZIkSZIkSZIkNV+uAawG9eySwIf\8o+88ubvWPS7AnZu+5Ty8lNNHZYug+joNlz7hW6M\2oa377zr5o6HEmSJEmSJEmSJDXABLAa7dt3\pVJQEmSJEmSJEmSJKkZcwpoSZIkSZIkSZIkSWohTABLkiRJkiRJkiRJUgthAliSJEmSJEmSJEmSWggTwJIkSZIkSZIkSZLUQpgAliRJkiRJkiRJkqQWwgSwJEmSJEmSJEmSJLUQJoAlSZIkSZIkSZIkqYUwASxJkiRJkiRJkiRJLURMUwcgSZIkqXk6FYHPTpRz7GQ5JyMRIpGmjkiSJLUmUVEQExVF25ho2sdG0yaqqSOSJEm6MpgAliRJklTN8fII+44d5+Cxk5jzlSRJTe8EUcBVbWPo0jaOuGgzwZIkSediAliSJEnSGQeOnaTks7CJX0mS1KxEqHhPOXjsJN3bB+jc1o81JUmS6uObkiRJkiQASsuOU3r0RFOHIUmSVK8IsOezMCdPnSIxPq6pw5EkSWqW2jR1AJIkSZKa3oFjJ03+SpKkK0bp0RMcOHayqcOQJElqlhwBLEmSJLVyx8sjlHwWrrNtz+Fj7C87TtmJk0ScF1qSJF1GUVEQHxvD1fFxJHVsW6u95LMw7WOjW82awDt27GjqECRJ0hXCBLAkSZLUyu07drzWmr\hk6fYtu8IndvG8OVrOtOtfYDoqNbx4aokSWoeyiMRPv0szKZPD7Ppf0P07tKBQMzZCQ0jVLzHJLUPNF2Ql1HPnj2bOgRJUjPiF4N0LiaAJUmSpFbsVAQO1jF94rZ9R\jS1e1J657QBFFJkiRBdFQUSR3aktShLQUlIf607wj9v1D93eTgsZN8IT5AG7+nJkmSdIZrAEuSJEmt2GcnymuN\t1z+Bid28aY\JUkSc1GWvcEOreNYc\hY9XqI1S8z0iSJOksE8CSJElSK3bsZO0PTPeXHad\t45NEI0kSVL9+nfryP6y47Xq63qfkSRJas1MAF\BoqKiKC\3BVeSJOlSKC8vJ6oVrHl7MlJz\C+UnThJt1aylp4kSbpydGsfoOxE7aUr6nqfkSRJas1MAF\BYmNjOX689rceJUmSdOGOHz9ObGxsU4dxydX1eWkkUrHmniRJUnMSHRVV77uLJEmSzjIBfAVr3749oVCoqcOQJElqkQ4dOkT79u2bOgxJkiRJkiTpvJgAvoJ16tSJ8vJy9u\f39ShSJIktSj79+\n1KlTdOrUqalDkSRJkiRJks6LCeArXLdu3Th27Bi7d+\m8OHDnDxZex0USZIkNezkyZMcPnyY3bt3c+zYMbp169bUIUmSJEmSJEnnLaapA9CFiYmJ4Ytf\CKHDh3i8OHD7N+\n4gLn0iSJJ23qKgoYmNj6dChgyN\JUmSJEmSdMUyAdxCdOrUyQ8qJUmSJEmSJEmSpFbOKaAlSZIkSZIkSZIkqYUwASxJkiRJkiRJkiRJLYQJYEmSJEmSJEmSJElqIUwAS5IkSZIkSZIkSVILYQJYkiRJkiRJkiRJkloIE8CSJEmSdIkF+6Q2dQiSJEmSJKmVMAEsSZIkSZIkSZIkSS2ECWBJkiRJkiRJkiRJaiFMAEuSJEmSJEmSJElSC2ECWJIkSZIkSZJ0Vvle1i+dxTfvzqRfn1SCfdLJuHsKzy1eS2n5hR58L7kTUwnOLLgYkdardOkkgn0mkVtST4eSpTzYJ5UHl+6tHtfEpZSez4lCheQ+k8P6CwtXkqSLygSwJEmSJEmSJKnC7pU89bVMRk9dQih9Ej\IyeG1nOl8Oz3M2zMnkHHrFHJ3NnWQzUfpytk8lbu34Y6SJF1GMU0dgCRJkiRJkiSpGQgX8NJDU8hlHD\Nf4as7mebBg8ZyfjJ+Tw3fhJP3f0C3f7wDFnxTRfqxdeVsfM3M7apw5Ak6SJwBLAkSZIkSZIkieKlM5lTFOTxH1ZP\p6RmMnzP5xC77LFvLiosLLy9JTO+ayfM460PqmkjZhFXqiitXTNPL45IoNgn1TSxr7Ait3H6j55yVrmTB5JWp9Ugn0yGDZ5Fsu2hqt0OPd5LlwdU0CXFZE7bQLDMlIr4h8xgeeWFhKqnAZ7\cxUMqbmAzmM7lN9WutQ4XJe\BzXs+Sn4+qZurqIRX+TSr9LPHW2JKllMAEsSZIkSZIkSa1eEXlLCmDAOIb3O0e3ftlMzIRtv8hnU9X6xVN48PcZ\HPOXJ5+eCgDEyD01hNkPjCb1UkP8qOcHP55WIhXvvUCb++vfshwwTzuGjGBfyu7jafn5vDa3CfIKlvCoyOzeXFduHrnOs5zaewl9zsjeWpNAsOfmMtrOXN5+rYwuVOzefCXuwDofU8OP5rQDxjK0zk5vHZPr4rrWTeL0Xc\waL9ldfz8iRSdy1u1PUMuzObLPJ5e1WNaaWL1pC7MZlv35l2qS5YktSCOAW0JEmSJEmSJLV25aUUbwQmptL7nB270rsPkL+B7aXQP7GyumwkP1ow5ey00OWFzJm5HG6fzm\mZJMSDQzJYPiAWQx7IB8GnT7eLnJfnM22e+ay9tlMEqIBMhh8+0hunTaIB3+wlPG540ihnvOcUz5PZaby1Dl6ZNXXUPI+b+fDxIWzebwy1sFDMugWGsSTqwooHpdMSp8MBvdJBJIZOCSDgZXXPf\5rAtczrvz6u8bjIYfMdtDLh3JC82eD29uOeOZ3n0rfcpzc7m9O3dtmopm3pk8\1zJeclSapkAliSJEmSJEmSWrvSXWxrZNeUXpkAHCuvUpmZRv+qSdmdG3h7N4x9fmRlErRCYFA2Ewfk8Nzpit1rebsABg4Js2nN2mrnCQWCUJDP6pJxpJyekrrmec4pmazxX6N\XaOEQ4UsW5Rf\66dk0mJh0WzZ3Nrt\sYfG1XAtEBsmZsYG39e8HWfHJ3w\ga1010kLEPDOXFx5aSVzSO8cH6rqcjWUOHwmMrea8km7HdAQpZ8dNCUka\QP+qx5QkqR5OAS1JkiTpEguzbekLjM5IJZiWyYNz1lJaXqNL6VrmTMqkX+XacLlba0yNV1ZE7rSKtdH6ZU5izpoaU+JRsb7cg5npBPtkMHraUraVnec5LlOckiRJzVLnxLOjUhtQvKsiBdr2XMnIA7vZRD96JwdqNCTSrWeVYkkRq4HVc6Zw34QJ1X4ezSkE1lJcaz3cxgoy4uEpPD6ljp+Hh9LrXLsGMpg4I5vehfN4cEQm\W7K5K7Js8hdVXRmDeA6lYUorvO6ISEpGSik+MC5o04YMpThVaeBLswnd3cyY293+K8kqXFMAEuSJEm6pEp\PYW7pi5m\QGgbC95sydw3ysFnEmdhgt4afwEXnp3L2EgVLCYp8ZOYdmZD\r2suyxbJ5aXEAICJfk89IDf8dLBWeTr+GC2dz3wGzySsLAYdYvfpa7HltOaaPPcXnilCRJarYCyfQeAKzZ3MBI4L1s+ygMPdLplXjOjvWII1DHiNyJP99M0da6fjbweBMte5tyx3R+s24t7+RMZ\KwXoT\mMNTE0aSMXkpxedKAl+ozrdxz0jIy19DCNiUv5TiHtlkmf+VJDWSCWBJkiRJl9Be3lueT80U6LY5K9l0urBxJXOKanQoy+fXp0c8lLzPr9+teYQi5rxTeKa06Z15tT6oDL+7nPdOJ2cbOsdlilOSJKn5CpI1Og02\ozcdef4AlvRO+TmQ8roTPqf63Cde9CfQrbtqnms3RR\WLMfrN5c80WrmYjuSO8h2Tw+M4d3\rCBd6ZlEn53Hsu21tM\PoGUOq8bQnt2ARn07l57t+o6knXPOHhrJXkHCsn7xS76Pzj03PdbkqQqTABLkiRJkiRJkkjJfoLJwV3M\+4LLNtZR4fSfJ771gusjx\H8xMaGI4aHMTdQVi0cHm10bLhdUtZtLFqv0zGpsGmny5ldbUlPMKsnjGMfpkvkBf6\Nf0eYXXzeauzJHMqRprdICU7g0Me+6Tydgeta+b8iJyF66EYCYDezR8\kDGUMbHr+Tdf1vO27vTGJsZbHgnSZIqmQCWJEmSdAl15SsjM6m5AlrvyVVGMAwYyuSan2fFZ3LPkK4Vf+5+G\fcXvMIQSYPO\uhY\9hj9C7Ro\A7SP5yunRFQ2d4zLFKUmS1KwF0nh8wWzGspRHh2Zw37TFLFu1ltWrlrNo2iQyhk5i0YGhfP+NZ8iKb+hgQcZ\bwK985\lromzyH13LXmLn2X0Qzk1Zm5JZuyTE+i9O4f7vjKBOcvXsvrdpbz02DgezCll8JS\I6uOKaMvtcCA28iKL+Klhybw3OLlrF61lmWLn+W+x5YSuP07jK18xQvEJwArWbgon9VbD0N0Pyb+S8V1D7u\4rpXL8\h0b\J5sWCIBO\N67We2vdAaQxIjvAisWL2ZQ2kqxrL+HFSpJaHBPAkiRJki6pxHtm85sZ4xjYGYjvStaUHF77dtrZZGsgjccX5fD47V0JAAlp4\h+7mxGnZkaryujXl7K98elkQAEumfy+MKf8Xja2WRrIG0Kry2cQlb3ANCRgeOm85uXR5LY6HNcnjglSZKavR5D+f5v81kyYzQJG+by5IQJ3DfhWV7ZEODuZxez9g+zGdvIZGTgpn9iyRvTufvYb3hu0gS+OXc7A5+dy9OZtfv9ZvlMJt5cyr89NoH7Jr1A7vZkvp2zkp9mJ1\8a2xU8Gk8nruY52+D1bOf4L4JE3h09gYSH84hf87Z98yE2ybw9O3HWDF9Eve9\D6lnL7umYy\+n1enDSB+x6by+bkSfx05VKevqmx74YBBt6eDWVhBt6TScolukxJUssUFYlEIk0dhCRJkqTG2bFjBz179rxox\ufI2EOhk9Wq\ugeD9\l+ZHTBdTsE8qRVs3N3UYkiRd8X5WUMwtKVdXq7sqEMMXO1y8L1xd7Peti6E5xqTLYN0s+t27nefz5zK2wXWDJbU2\m64coVCl35tA0cAS5IkSZIkSZLUrITJ+81iwneMZITJX0nSeYpp6gAkSZIkSZIkSRLALlbMXsq6nfksWp7IxJ8PpQmWQJYkXeFMAEuSJEmSJEmS1Cwcp\jdnzF\Z0dGTfsZjzd6zWBJks4yASxJkiRJkiRJUrMQZOIbG5jY1GFIkq5orgEsSZIkSZIkSZIkSS2ECWBJkiRJkiRJkiRJaiFMAEuSJEmSJEmSJElSC2ECWJIkSZIkSZIkSZJaCBPAkiRJkiRJkiRJktRCmACWJEmSpEusaOvmpg5BkiRJkiS1EiaAJUmSJEmSJEmSJKmFMAEsSZIkSZIkSZIkSS2ECWBJkiRJkiRJkiRJaiFMAEuSJEmSJEmSJElSC2ECWJIkSZIkSZIkSZJaCBPAkiRJkiRJkiRJktRCmACWJEmSJEmSJEmSpBbCBLAkSZIkSZIkSZIktRAmgCVJkiRJkiRJkiSphTABLEmSJEmSJEmSJEktRExTByBJkiRJkiRJOrcdO3Y0dQiSJOkKYQJYkiRJasWiouquK49EiK6rUZIkqYmURyL1vru0Bj179mzqECRJzYhfDNK5OAW0JEmS1IrF1PGJaXxsDJ9+Fm6CaCRJkur36Wdh4mNrj2ep631GkiSpNTMBLEmSJLVibWOia9VdHR\Hpk8PN0E0kiRJ9dv06WGujo+rVV\X+4wkSVJrZgJYkiRJasXax0ZTc8xMUse2HDh2koKSUJPEJEmSVFNBSYgDx06S1LFttfooKt5nJEmSdJZrAEuSJEmtWJsouKptDAeOnaxW37tLB\607wh7y8L079aRbu0DrgksSZIuq\JIhE8\C7Pp08McOHaS3l061OpzVdsY2viKIkmSVI0JYEmSJKmV69I2joPHThKpUheIaUP\LySw5\Axfv\JAcpOnCQSqfcQkiRJF11UFMTHxnB1fBz9v5BQu52K9xhJkiRVZwJYkiRJauXioqPo3j7Ans\CtdqSOratNdWiJElSc9C9fYC4aIf\SpIk1eQawJIkSZLo3DaGxHaxTR2GJElSoyS2i6VzW8e2SJIk1cW3JEmSJEkAJMbHEdOmDSWfhXG2Z0mS1BxFUTHy1+SvJElS\XxTkiRJknRG57YxtI+NZt+x47XWBZYkSWoqUcBVbWPo0jbOaZ8lSZIaYAJYkiRJUjVx0VEktQ\whfgAn50o59jJck5GIkTMBkuSpMsoKgpioqJoGxNN+9ho2pj3lSRJahQTwJIkSZLq1CYKOsZF0zEuuqlDkSRJkiRJUiO1aeoAJEmSJEmSJEmSJEkXhwlgSZIkSZIkSZIkSWohnAJakiRJUi0b3vqQMaXn6tGO1x\4EumXK6DzUbKbn2w4yZg7riXxXHWX3EFef\0Tph6tuzW1XRx3903ioRs7XbaImq89zFhYyvbgNcz\8lVNHYwkSZIkSVc0E8CSJEmS6hHNqO5xJNfZFriMidTzs2HDPl4+0pExDdRdPnXcxxPlrN5\nBkFOyku78209PgmiUySJEmSJLU8JoAlSZIk1SOO8cOa6SjfK0o99\HwLqb9aj+vbi1hYnqwnkS7JEmSJEnS+TEBLEmSJOkCnaS0YAczPi5jRRjCQHqneB679ToGJ0ZX9qmc4ve6Lozau4+phyGhXUdeHXMdvShj++piZhSFySuHhLgAU2++GjbsYWqHRLbdkdTI81Sdcvkwgxd+SFawC8P37KtRd3qa4XJCf\qEl9cf5vWG4g4mMZX9PLUzzIZySIiJYeKAHnzrQqZv7pjE8C77eXVfOaVQkQAuP8TqvD385H+Ps\pkRbfEmBjG1zxX6W5+8rv9LDoSofR0n9Qv8q20qxrZ51N+8loJc65OZNOZ+wubV37EqD0RvnXzjTyWerq2ou\bPZJYlpV4cZ7374vP3MvE+HgWDG\+e+jJEmSJEmqpk1TByBJkiTpSlbOrt9vJevDMjbFxjPjxi7MDwZoGypj\Fsf8\qu8mq9V\95H3PadGDOjVcx+ZoO9KKcXb\fwag\hfk0Pp6Xb7yaqZ1OMuMPJcw\fr7nacfg\l2Y2hGIC\DyjV2YfF1CHXXtAChd\TFZqw+zPq7ieIv6xpNytO64t31Swphd5YzoXdEvq81JXi7Yxas7L+TelVEarl7O++1Oxu8+QeIXrmLRjV2YH2zHQE7ycsEn\OTjypjK9jDjnX3MORHL5L5dWHTjVUxsW87LH37CtA3hRvbpwuCrIbz\MzafOf9BNh2MAJD3aZUFoD8OkVsexYikxEY+h7Pqet6bV25neFGYcMcOzL\xah5rH+ahFQfYfiG3UpIkSZIkneEIYEmSJEmf375dzCg6SWKXLiz7Wg8CldVZA3Yxbdl+phWUMCr5bH04rgM\GRmk1+mBovt2MqPoJMmJibx+R1JFv7QkBv\+Y4YXnTzv8ySn9mDgzn1wMo7BaT0q1inu0bF2Xdlu5vzpJL2Sk3j99rOrGQ++uZSBIzQGgwAAHflJREFUS\bUintXJI5FX+vL4I6V\a75M6GVh8krPsj911YZddtYRw+xee1uph6B5MQOpAKU7iXvCGQFU3j5y2ePmbWziDHvH2F96WHoexVsP8KC8mhm3HY9YyrnjR58Qym8vofc0v2ESSLQiD6p3eKgNMymPZCaBOwPsfpoFL1iImw+cJQQkABs33OUXdHtyOp9cZ73nD0RetV83r\bQtafIev876QkSZIkSarBBLAkSZKkehxlzMIP66hvx+sPVKxpG9p+lBVEMS31bNIPgKuSGNv9AK+WHGZ1GWTFV9Z3anc2GVh1\+uTquwfTfLgTtxftI8FNfs19jwN2XaEV4Ex0cdZXbC7WlM4DsL7y9gMZ9ftvarDmeQvAElt6cVhFhw+CjSUAK7vPkIgEM9Pvlx57YnXMG3cNbU7XduOgRxh9ckTFeWEaNIpZ\66InqfSiL9mnYQnchD30jkodP7NKbPdfGM2nSQ1cVHGJPUAXaHWUEcM66L8Nifwmwvh\Tog6wvjRC4uj2p0Rf+vMM76nneN3Xi\j\vZ1cDd1KSJF1a62emMnp+HQ2dgwy+LZuHJ48j69pAHR2a0l5yJ2byVJ\FFD2R1grOK0lSw0wAS5IkSapHNKO6x5Fcqz7A6TGz4ePlQCzJX6i9b2J8G6Cc0kNAPYnZULgciKNXzbxndHt6t9t3pnih56mpNFQxuvj1nft4vc4eJygugfTulcU2F7J6Th33MRDgKymdSL22E4HoGt2PHyVUcphN+4+x\dOjrN4bZgXA0coR0dd25\kef+b+3UcYk\cniIpicEI7xlzflVF9r2p8n6sTGNzuIFNLDjKDDuzad4xwx05kpZQz+E9H2PQJpHcKsfoojAleDVyE5320nv3j4+gWjQlgSZKahWSyxn+N\glna0Jb83n7nVk8+OuljJ\M57P7Np04UmSpAaZAJYkSZJUjzjGD\vS2VGwl0C4\NQlPHpDopkxtD9jki71eRp7H8vY\F9\5v7d5YSAQHQUveJiGdyjHcN3Hq1IAgMQT+pf92f90f1s\vAgubs\Y8WhMh5b+wlzio6y7I4kAo3qcxUDE4vhk6NsLj9E8d4Ig7\QgYTkkwyOPkzenkOM2V\GMuKYc92lHukTRULNRLgkSWoiQUY8PIWx3avWTeH50FpeHDuB+d95hpvensuo7vXtL0mSmtqFfI1dkiRJUisXiIsGTrDrf2u2lFNadgqIIblb\fsnxscCx9n+Sc3dj7Lt6MU7T00J7aKBcjb9T7jxO11qW\6Hb+0uZ2Byd9Z\40Y23XcDy8Zcz9S\bEdiXf3bXU1qRpBpf3MDq79xHfO7RLG99BB5+xvfp1dSO5I5xqZth1lfFsXgblcDnUjtCHkHjrD+0+PQMZ7BFQOAL\g5VNz3OvYvC7PteGNvlCRJahIJGTz9L1NIKcvnpTcKqzWFCpfz4uSRpPVJJdgng2GTZ7Fs6+n3rMOseCyV4MSllFbd560nCPZJ5cFf761SW9l3Wj5h9pI7MZXgzLWUrpnHN0dkEOyTSr\McTy3tIiG3uLOHdNpYbYtn8U3786kX59Ugn1SSRsxoc7jV40hbewLrNh9rPZJy4rInTaBYRlVj1VIqLyBYCVJushMAEuSJEn63BJ6tWM4EeZv3l39Q7KDe8gtiRDo1I7+5xjZeXr\RVv2VNs\XHCIVy\ieWoK9OvI\cCrRf\DrqofyJXv5\XXP2TgL\M9sYf7qIo3RtmF9EM79ONhLgzARHafKTaNNW7\rCZ4Ys2s2xflcq4eFLanV8fAHq3ZzgR8jaFeJ1YUlMAAvTvGgMHD\LyfshKTOD0DJAX+hwC18Uzptb+5exaH6pnKm5JktSsDBjKxAFQvGozxZVV4XWzGH33EyzafxtPz83htZcnkbprMY+OzObFdWGgIwOHZEL+WtaHzh5q20crAcgr2Hz2vSC0hreWw6iMdM7MP\LudO6bsoaUh2fx2tzpjO+1nUVTs3lxVf0p4IZjqoxh0QSGPbaE0JAp\GtODq+9\AwjOhewaGo2T751+Ey\0FtPkPnAbFYnPciPcnL452EhXvnWC7xd9Yt37CX3OyN5ak0Cw5+Yy2s5c3n6tjC5U7N58JcudCFJurycAlqSJEnS59clmanBzxhetI9R\3GUycF2JBw5woI\h1lNDDNu6kFCA\s\du0RRu0sZcyvPmPide3g04NMKymv1a+x5wnERMHRMuav3c2I5K6k9wjUUdedicFDvF50mOGvb2Fq7470Kg+z4pMjvHo0iofSv0CvS3TL6pOYGKBXURnTfr+FcO+O9IopZ\POw8w5VE4Aznwwmnxde1K2HWLqys1sS05gcAfY9WmI+SURenXrRNbVEGhEHwCir2bwVaUsOHgS4jvRv3Lt3sQucSRvK2MD0UxLuepskBf6vK\uweTgEZYV7WPMr45We97NaCy2JEmqVyLdegLLiygFUsoLmf9\c9iWOZ3352WTEg2QweA7bmPAvSN58QdLGZ87jpT0TPozi3V\guE3ARSy+q0wvYNBtr1fyDYy6Q+EC9ayjKH8aFBHzrz9FCUz8b25jO1RURx8Wy+4aRzzVxXy\JC02iE2NiYKyfvVLnpPnMdPn0irTDhnMHhoLwIZE1j00XZ+dEcalBeyaOZyuH06v5lTebwhGQwfMIthD+TDoMrzlrzP2\kwceFsHq+sGzwkg26hQTy5qoDiccmkXIInIklSXRwBLEmSJOkCRJP85T7k3RhP\xNlTP1wHxOLwhzr3IHX7+jLmOSGhuVG0+u261gWDBAoK+OxD\cxbX8MU2+9mvs\53lS+3Xi\rhyFny8j\s\2l9PXTTJX+5LXlo8w6OOM2PzPsZ\fITVBJgx+Dqm3hB\ke9TI\S9jlfT2pF16jjTNu9j\EeHyItux4Jh1zKjIxA6yi6ApGuZn3U198eV83rRfsZ\uJ9ppREGB7vz+tCkig8vG9MHgAADu1cMN07tGn92qune7RgOENeOwddWDfLCn3fF\u1IOVr5vPdGMTGtEw9djHsoSZIusY4kVl37d2s+ubth\AMjKxOtlaKDjH1gKBQsJa8ICKYzokeYFX+snDq6ZDPrdmcw8dt3kbJ7A5tKKqo3rVkKmZkM7lzlWIOGMrhH1WMn0\tmYOv2alNKn3dM9GPif+Tzzpnkb6VAL\rfDJSFKlLQOzfw9m4YO6768QKDspk4oMp+nZNJiYdFs2eTV7SXcDlAgKwZG1g7Z6TJX0nSZeUIYEmSJEm1pN9xI9sa3TuGxLTevFzHAIyzkpj6QBJT62yLp9eX+\L6l6tUle9mxh9gcIeqH8c15jxA8jVM+8Y1TGuojmgSb+zNyzd+nrjPdT2nXcWYMVcxpoFwq8fzJebUFc\XazyPa5KZek3yuc\fmD5Awi3Xs+2WmqH0YOoDPerZ90KfdwyJaV9iTs39z\kcJElS87CXXUVVimUhiulH7+RArZ4JScnASooPAPRj8B0BXlqxgW2P9CNlayF5PQbx+B1pDH9sNpu2hqF7EavfCtP\wfSzX0oDiIO25xNio2OqVB4mVLqbbdt3sa1wLX\4r9+wYh2QWUoISDywm030Y2yt41WOhj4tkMHEGdmsnzqPB0fMg\iu9B9yF+PHZTNiUJCE81iuRJKkC+UIYEmSJElN5+NtDH\tI36yufqUz+FNR1gBpF7VqWnikiRJUh1KKf4YyAye94jW\oOyYWM+60tg04alMCyN\tGp3DQScjcUQtEG3t6dzIibg5ci8DoVv\Usd92UTlrmSEY\NpNFb+6i01\fx9gBDe8LcQRqrH2Rcsd0frNuLe\kTGfysF6E\5jDUxNGkjF5KcXldR9FkqRLwRHAkiRJkppO7wTuXlfGy+u2cGh\J7I6RFG67xDzd5+kNL4j41MdKiFJktRsbKyYXnngwxkVo3TjE0ihkG27whCsPkI2tGcXkEHvyimjA2kZjGIxm7YWEn4\zKiHU4GO9ErvR3jldlYn57OpRzbf73eBMTY2pgPLeXHKUkLjZvP+1KGknOlaxKI3Z5\dqXMP+td5vN0Uf8jZNYBPi+5I7yHZPD4km8fLw2z75RSGTZvHsq3ZTL7Qa5MkqZEcASxJkiSp6UR341t3dmdGZ8j7837Gf7iPqSURevfoQt6o62hwSVlJkiRdHqG1vPh\Z1McP5KH70iuqOuTydgesGjh8uojXMuLyF24EoKZDDy9fm9COrdmQu7Suby3sR839e0IQO8bMgmsWcpLv8wncEcG\S80zsbGVFTICmD4iKrJX2Dr+7yxsUo5OIi7g7WPF163lEUbq5Znc1fmSOZU3Tc6QEr3ahNaS5J0WTgCWJIkSVLTuqobY0Z2O4+1ciVJknTpFPH2v82muMr0xqGtK3ljZREhgkz8+XSGd65siO7HxH+ZwBv3Psuw+4t4\uFMUso288t\+zHLCoNM\Pk4ep85SlcG3taP8PSV5MU\wrdPz\QcTGU481hWEGD8lIswRLaxMQXTGBUP86dMoNOzkxjYOUzxqsW8tHgD4c5VDxhk\PcmkHvvs9w1sYinx2fSrWQ5L81cyrYqvQIDbiMrfh4vPTSBT6dkM+LaREp3LmfhzKUEbp\JWEf\SpIuIxPAkiRJkiRJkqRKu8hbNI+8KjWB7v3IGvcMD0wax+Du1XsHbvonlrzRj1demcuLk3II0ZHeQyfx0x\HVnXVp+CuffNw0ihkOJ70s+O9E3ox62DYNmabL5yc\X+n1ejYuo8lB\kTqfTc7N55bEJhOO70n\IffzgP2aRuDKbu\61kG1hSAycPl6Ql\55Ns9NyoHuaYx9di53vzWJF8+cNI3HcxfT7YXZLJr9BIsOAJ2DDH84h\xJlVNmS5J0mURFIpFIUwchSZIkqXF27NhBz549mzoMSZKkFqs5vm81x5gkSU3L3w1XrlAodMnP4RrAkiRJkiRJkiRJktRCmACWJEmSJEmSJEmSpBbCBLAkSZIkSZIkSZIktRAmgCVJkiRJkiRJkiSphTABLEmSJEmSJEmSJEkthAlgSZIkSZIkSZIkSWohTABLkiRJkiRJkiRJUgthAliSJEmSJEmSJEmSWggTwJIkSZIkSZIkSZLUQpgAliRJkiRJkiRJkqQWwgSwJEmSJEmSJEmSJLUQJoAlSZIkSZIkSZIkqYUwASxJkiRJkiRJkiRJLYQJYEmSJEmSJEmSJElqIUwAS5IkSZIkSZIkSVILYQJYkiRJkiRJkiRJkloIE8CSJEmSJEmSJEmS1EKYAJYkSZIkSZIkSZKkFsIEsCRJkiRJkiRJkiS1ECaAJUmSJEmSJEmSJKmFiGnqACRJkiRJkiRJ57Zjx46mDkGSJF0hTABLkiRJkiRJUjPXs2fPpg5BktSM+MUgnYtTQEuSJEmSJEmSJElSC2ECWJIkSZIkSZIkSZJaCBPAkiRJkiRJkiRJktRCmACWJEmSJEmSJEmSpBYipqkDkCRJktR8zVu3k59v3E3xoaOURyJNHU6LEh0VRUqndtw7oAeP3HRtU4cjSZIkSZJaCBPAkiRJkmr55NBRRi9Zz77jpyAQD53iiYlqA5EIREURiUSIioqyfEFlKD5xgpkfFLOgYBc\Hp7KoOTOTf3oJUmSJEnSFc4poCVJkiTVMnrJevaWRxPVvhNRMbEVyUuAyu3pouULKUcRFRtHVPsESsOn+M6KzUiSJEmSJF0oE8CSJEmSqpm3bif7jp+iTaBdxYjVSIRIhDN\tnzxy23aJ7Dv+Cnmrdt5OR+1JEmSJElqgUwAS5IkSarm5xt3Q1y7anVRNfpYvgTluHYV916SJEmSJOkCuAawJEmSpGqKDx2FhHZEiEDFkrWnl66ttiUK2y9me0x0xb2XJEmSJEm6ACaAJUmSJFVTHokQc3qMavXNmbVsz4xgtf0itkdRHokgSZIkSZJ0IUwAS5IkSaqlYvRvxRDVKKIsX7ayJEmSJEnShTEBLEmSJKmWZrEmbisuS5IkSZIkfV4mgCVJkiTVEjkzFbHby7uVJEmSJEm6MG2aOgBJkiRJzVFU5Xq1bi\vVpIkSZIk6cI4AliSJElSHSKcHgTs9vJuJUmSJEmSLoQjgCVJkiTVKcptk2wlSZIkSZIuhCOAJUmSJNUWiTT5aritdStJkiRJknQhTABLkiRJOrcoqmcnLV\asiRJkiRJapX+9m\ttF9\3f\73eNqeAliRJklSHKuNSI5YvX1mSJKmJle0ib\4T3Dcig2CfVIJ90sm4ewovLi8kVP55DriX3ImpBCcupfRix3q54ggVkvtMDusvxrEkSTqHcyV1z6efCWBJkiRJ51BzZVrLl7YsSZLUhMoKePFvhvHgzPcp7XUXkyc\wuTJ2QwMr2H+Y9lkPrac4s+VBL6yla6czVO5e5s6DElSK9FQcrcxSWKngJYkSZJUy\f3h0HRX3eeRx\ryTZlBybMwGbFmjssuFuSTJBvXSlpCvaotLDmmYNqaRmDouXdcwUUxtqGJ1osdjC2QuOzuEEsxM5TGXCTEQy50lqlItGOiHSxEhqcUMEIxFSL2uCrgrbP3aBhQUERTHt5zWz88zv93ue7\Pdhz+Q+fo8P5\P13sysb\V9fW4FhERERlPLa8WUuo2k\1yJXnTjH0PclbRst3JjDWrKc1IZW2yceggN6xIMkqPknHDxRIREQn10ksvDXoc9Eh3CGsHsIiIiIiIhDAEypEGXV\XaxEREZHx1N7aAMxg7rTQAm+sI5NFeNl9xB24EzgGubBhQM+h7kPLoS0stk\xHyu9cB0VjWf7d+h0U7Emi9m2BMzxCSTOzeK5ytCjp73HqilYlk5ifALmeBuzlxVRdcw7YP5a3tmcSWJ8Aolzi9jnGXhsc0+\OtqHyeudwgRsz9YCLhbE93yvwY+A9jQOl1fonEsDx2xb7Zk8V+kmuOdI10JERP52DSz2jrT4CyoAi4iIiIjIIHw+H+BTe51bERERkfFkSUgF9rNz7yDHHRvtrD12lLonrVcW\O11PO7cwyRnMeUlq5hPJSvnL2RDQ1Dh9qfprDxkYk5uCeWuEvJmeKl41sHiHa29Ybz1RcxLz6WsNYGnfuui\LdOElq3szwjh6q2oPm257D4TRu\dJWQtySVqaYh8tqbP2xeloddPJ9lBVLJc7kofzhu0DDe+iIWzM+l7C8zyCsJyivdQUG9t3\nvfk8nnOI2CVFlJfksyjuOGXPOig4MLq1EBGRv309Rd\RFH9BR0CLiIiIiMggDAa149GKiIiIjCdT2jP81wEnS512yiaamZPmYKZ9ClPvt2KJuspjnzut5O3eziKz\zJpxhRiF6bz3KZqnih1ENW2n921kL2tmBXTA32SbUzyTOcXBxpoyYwhllYqfuOiKXEVe17OxBIGYCNpVhy3z1zFjr1ufpAZqPR2pvP81hxSwnsSGOIdvm5IeXl775HXvXkVVJJRkUlsvI2k+CgghqnJNqYCMKCg29VI6c9dNNnz2b\FQWxPXmkzuG9hOgW\qWRRRSaxvXPGkP1GCRnRPWsRB9MyKT3QyNrkRBjRWoiIyN+L0RZ\QTuARURERERkED6fb8gPwzwb9HnnKc59UM+5k5\SfSXjr\Hz7s+Oc+6DeryfXRiX+fs9ExERERlPYTHMWV9Nw+4S1qbF0bp3IyudmcxOnoLV7mTzgSGKqCORlsl8c\BcZlIW2KC2hrfagYkxxIZDWXEx+9wdeLsAjKSsP0zd5nR\wbO9gTcaIOWx2YHib0C4nbV1tZRnBk1gT+TecC7PnsWS4COvw8zMfcwODbUcbh96WD\Haqk4CYueSA8Uf\tiZTyRCg2V7HMH3Z+eSlJ0cL8YLP8CHDvuP1J6JGshIiIyDBWARUREREQkhGGYz6iff28mHxc5+Tj3QZZci\hX+XzJo4\wcZGTo49Gj8v8A5+JiIiIjDeT2c6iNcXsqj2Mu6GWPa58FsUdZkNWKosrr\AI4ugYBp7CHBuXALhp6QCMNrLXO7A0bmHxXDvWaXbmLSui4oC77723J4\zFmCZHHnF3y1EfBxRA25FTY4DajlyYoQxOj20YMUSE7pL2vS1GKCRljNBN2+BW4eLN5K1EBERGYYKwCIiIiIiEsLn8+EbwzYo8JjGHYuWmwLbNG6aMO75iIiIiNxwwiOxJDvIK32N59O87Muv5J0xnSACU6BuGpuWz676Ova48lk2Ow7v2y5WZqVjW1ZJSxfQdWHg4cvXkBFj2OV7XSuXXQsREZFhqAAsIiIiIiIhDAaDf1fqGLVBgcc07li0W1+rJ670D0x5rW3c8xEREREZN+3VLE1MYF6Ze\DnYZHExUdC54X+99va8fS70UrL24OMD+kHLcePAnFMCt7QGxaBJdnBikIXew4eZs8aO969W6g6BnzDSgrQ1DzwKOoOqpw2Zq+vDZnjsgbJq735OJDKfebBBgwi3EQsjTS1hpanPadaARuWu0abGMOvhYiIyDBUABYRERERkRDDvcN21J\+gUc39uLnXOpoxvvhu\73CDe9j\fUKS6dvzT0mO4LdP3lRN8Y9wdc6DhDd5ePro56zn1Qz8VzQe8A9gTeAey5EDTvp3h731t8ie6zp7jw0Xt9ObSdpuviGK6R3gEsIiIi4y0qkW\Hw\sbCilrPBv6vL2Wilc6IM2KBQAjt5uAw+5+O1K9h2qo6hwkfnUlu08GXXc2UPZiHaTZSTKBt76YefZ0Nh8J6hNmJPauoAOaoxKZmQj7duyhKXgX7Mn9vLr3LDHxCSHHTF\WwLy6Gql4obY3rxGJt5MRDWXbqvvvzu1yU7GtBsx2pkYPOTrEiNZCRERkGDeNdwIiIiIiInJjMgC+MWqvJC6ftxD\zXtZ5UjmwUgjxsB\X\V+cYY36xtY\ZaPtjtu6z+u+wu6uJXnF36f70aHY5oAdHfh6TjJ9prD\OOCpfzoTmhqrGPOm\5xSx51kBd7C56WD0ncfdof54FvcXRpGqbz7azb+j6RaXYyLRMxBf6C8nzWwe\3\4HlJ+7kJuO1WScRERGR6yuGRf+Zzxv\uprn5tvYYE5lfpoZE+A5VsPOGjeecDu\zk0PFFkjSEpNx1hdzNM\vYWnMhOgsZIXXvAQZ4eWgeHNrZQ+kkVTbhYzjcfZ8cJGqtrs\HprIN59M0gJ38KGn2RxOsfB3LujaP+omm2FlRhnFZJh9eeY8YssyhauY96PT7J2iZ3YzgY25RfzlvlJXkmPBAbuDr6cWlb25DWxlZ3FRVQE5wUYw01ADdvKbHhtU0iKHxAizEr2f2Sxc+FqZv\YHcjrqP87NprJfjkzUDQfGeOI1kJERGRoKgCLiIiIiEiooJ27V90Gb2wdadyL58ia831yE8IxAnR3470IhE3AeNtEvmufyUPxf+Lfy0\zfxE3B8Z10z0xmtcf+SfuCfyl473YDRPCME36Bs7HIvjzF0F5DLbhtie\3mSMPPZECvdE9OVgvHkCptsj+eEP5nBP3UHm\fHmvqL1GLQiIiIi4ybawYu1CVS5XOzYe4iKzTV4AeNdVlKyC3nKmc69QbtiTWn57Oo0sbJ4I8uzIGqagxVl+VhencK+gbFnrWbr\TU8vT6H0jaImpXJixufIaVnZ6wxkRUV25m0rpiy4lzKzgATzcxZ4qLWaaNn76tx2jPsqrayobiEAqcLT3gkUx\OZ0+uA4vxCr6zPZ9yRyMb1udQ2nYLllQn5VueJCnoyGbTjCzyZj3JhnwnVbMKqSuZHhLGOO0ZXtlpZdOmQF5EYEl18uLGfyPl7lEmNsK1EBERGYrBp3PGRERERES+NJqbm5k8efI1nWNy8etM+Mo\YDD4i7dX3X7nXo5bI+D8pxRs+zNbLzuum69b43j9oa9iBNrbTvGrfR+x6yz4fEbmPxTP2oTb\LtRmt7ngTfOYvCB4VIYm370IGl3AOfPUnqwiYImLwaDkXnTLfzy\ojeXRxNRw8x54B\vuy0qX07gP\nE38eCffQkHxnoP8l3nmvmZ8d6uCEDwyTovnvubEk3Qqc\YTlv\uQqrFYJwN0dX5Oc873runPV0RERIZ3Pf69NVo3Yk5ffh1UZNtZST51pQ4VVUXkS0e\G768PJ5Rv7F+1PQOYBERERERCdX7TtpAe1XX\QKPoP+trPhnf\GXM6dZXtVM1Wc9z8+z8813We4+B4DJfBdrjP7x3Q98k1l3AJzjf\cdoaDpfCDeeaoOHukd0y+Pfvtug\Ppu9t+4iMWHGznRE9+p1t5\Mj\4wWICCfpqtcn+FpERERERERE5Or8FbL0igwRbhEhAAAAAElFTkSuQmCC&apos; does not exist
	at org.apache.commons.io.FileUtils.checkFileRequirements(FileUtils.java:278)
	at org.apache.commons.io.FileUtils.copyFile(FileUtils.java:869)
	at org.apache.commons.io.FileUtils.copyFile(FileUtils.java:835)
	at org.apache.commons.io.FileUtils.copyFile(FileUtils.java:802)
	at com.qa.opencart.factory.DriverFactory.getScreenshot(DriverFactory.java:136)
	at com.qa.opencart.testlisteners.ExtentReportListener.onTestSkipped(ExtentReportListener.java:109)
	at org.testng.internal.TestListenerHelper.runTestListeners(TestListenerHelper.java:61)
	at org.testng.internal.Invoker.runTestListeners(Invoker.java:1389)
	at org.testng.internal.Invoker.registerSkippedTestResult(Invoker.java:1063)
	at org.testng.internal.Invoker.invokeMethod(Invoker.java:529)
	at org.testng.internal.Invoker.invokeTestMethod(Invoker.java:719)
	at org.testng.internal.Invoker.invokeTestMethods(Invoker.java:989)
	at org.testng.internal.TestMethodWorker.invokeTestMethods(TestMethodWorker.java:125)
	at org.testng.internal.TestMethodWorker.run(TestMethodWorker.java:109)
	at org.testng.TestRunner.privateRun(TestRunner.java:648)
	at org.testng.TestRunner.run(TestRunner.java:505)
	at org.testng.SuiteRunner.runTest(SuiteRunner.java:455)
	at org.testng.SuiteRunner.access$000(SuiteRunner.java:40)
	at org.testng.SuiteRunner$SuiteWorker.run(SuiteRunner.java:489)
	at org.testng.internal.thread.ThreadUtil$1.call(ThreadUtil.java:52)
	at java.util.concurrent.FutureTask.run(FutureTask.java:266)
	at java.util.concurrent.ThreadPoolExecutor.runWorker(ThreadPoolExecutor.java:1142)
	at java.util.concurrent.ThreadPoolExecutor$Worker.run(ThreadPoolExecutor.java:617)
	at java.lang.Thread.run(Thread.java:745)
java.io.FileNotFoundException: Source &apos;iVBORw0KGgoAAAANSUhEUgAAB4AAAANCCAYAAACHzdFqAAAAAXNSR0IArs4c6QAAIABJREFUeJzs3ftzU+e9+Pu3JdkyFrZs5AvxFRtjjB0MNjY3E0IIJJCSULpTAk3STXaTfPP9ns6ezvTM5G\YZ+acs7\77D27m7Z7t7u0JLQhJaWB4ISAE4MTEwwGgQBhYWMrlvFFsixZWlqSzg+Sbflug8mtn9cMM4z1aGlJa61HWs\neT6fuL6+vjBCCCGEEEIIIYQQQgghhBBCCCEeKq1W+9BfQ\PQX0EIIYQQQgghhBBCCCGEEEIIIcRXQgLAQgghhBBCCCGEEEIIIYQQQgjxHSEBYCGEEEIIIYQQQgghhBBCCCGE+I6QALAQQgghhBBCCCGEEEIIIYQQQnxHSABYCCGEEEIIIYQQQgghhBBCCCG+IyQALIQQQgghhBBCCCGEEEIIIYQQ3xESABZCCCGEEEIIIYQQQgghhBBCiO8ICQALIYQQQgghhBBCCCGEEEIIIcR3hASAhRBCCCGEEEIIIYQQQgghhBDiO0ICwEIIIYQQQgghhBBCCCGEEEII8Q303nvvzfk5EgAWQgghhBBCCCGEEEIIIYQQQohvmOHg71yDwBIAFkIIIYQQQgghhBBCCCGEEEKIb5DxQd+5BIElACyEEEIIIYQQQgghhBBCCCGEEN8QUwV7ZxsElgCwEEIIIYQQQgghhBBCCCGEEEJ8A8wU5J1NEFgCwEIIIYQQQgghhBBCCCGEEEII8TWb7QrfmdrF9fX1hedjh4QQQgghhBBCCCGEEEIIIYQQQkxNq9U+9NeQFcBCCCGEEEIIIYQQQgghhBBCCPEdIQFgIYQQQgghhBBCCCGEEEIIIYT4jtB93TsghBBCCCGEEEIIMVvOW83Y\KlkF+aQZUj4undHPGwhBcedW\QMKCi6BZhyi8hPleMuhPgW6bPRdPUGvUOjf0rKqqR6dRZJX99eCSGE+I6TALAQQgghhBBCCCG+HZQWzp5twhECzgEaLUlpWWTnVbB+bb4MpH\HeK2nOXbGijsU+9d6EjIq2bm7hizJayceiiBet5cgoNUnkzTVfAPFi9sfBLToDUkkyPkopmBprKO5Y9wf27og\QCbc7+WXRJiXigeLyyQ\k+IbyoJAH+H9Jw7zNG2fH6wv5b0r3tnhBBCCCGEEEKIeea8dCMS\B0WCuLttWPthey1+ZR+bXsm5l3raY6csaKEJj6k3Gvm2FHY+3wNqV\9nonvrCA9V+uoa2wfM+lAm5LP+u3bKTdpI3\oM3PyVCPtA8HRRpoksso2s32jTEQRExnTkqDDO+6vCo4uN+Qmfy37JMQDs9dz5LgFb0opO57bTL50fkJ848T19fWFv+6dEA\IcpyD9fYxf8re\Dq75njnq3SbaTxnprXXiRL9DatNzWJZWS21j6ajnafdFUIIIYQQQggh5s5O\aHjWMaPoQOQxxOv72TZV71L4iGZ7liPytpwgN0rZ5cO2vL+QeqjK\CmHzNRaPnzb2jsBshm8+u75ndigb2eQ8cteEmidNdLbM6ez41\w7ltNDQ5Wb618hu4cEHBXv8Oxy3uyR\WJFG45QfUxl\gWJ1l3Kr0UQkFm9n7dOnkQeDWOn79oY1gwVZef7p4wsPuC0c4fNEJpFK5fy814+OCITPHf9WA3VDO7hdr6X\IPUdyZTv2U9txhzeanQc8X7GDkc2MevX7qHh8FHM7vu5liIB+Rv6HdTOunP3Ynn\CA2s5+VnShnpHQI9mE+fpvGuk2AIiE8lv2Yr28eMdypY3v8djdSy95kpjuF9SkpJQz\yQm2c+Je3aBma7hmzlF3LgV3lTNcLuu80cfZzM44BJfLeNVoSUrIoX\s4NUvGnWTzcG58paL7m\zoD9i\8WvuVRQH5sZGzK09OIcH1uNTyVpaTu2GctLjH8aL3s81Mo8sf+VgfWfk\wlZrH9uNxWL7m9Tc4pLfM3n6ez7v4flaz7uYt5otQ8\4iaL87\lLO8fnBD8BbDXH+TwuZ5ZbsWL9cND\ObPDVh6g6Qtq6R2Yy21q4tJUxxYzh3ld+9bmOG+SwghhBBCCCGEeHisZm5NdWOakIjhK90Z8VD1tdM5i0EIh739vjZvb7VM\aBiwdZ9X5ud3WvfasUbr0WLl1tXrQ\vhb5xemg4XofZ8Q0dXWo9y6mpgr8AIS+2M4c4NE3wF0Bpq6fuijL5g7lZkcB3jwPHxGdi63BGR2qdOO5O8vw7dhyANiubrKl34bvDcoKj59rpD87cdJj32mka7ElUbIwJ\oYcNLxzlIa7XpKLKqndWEmxwUv7uaMcORd7JBIo3VhBkr2R+ltTHMP7FArHrr8qIGu+gkbqdB+Ogu30IQ6fasY+ECQ5PZ\8gnzy05MJDthpPnWYw\V25ved\m3yWus49N\HaLjZQzB1GZUbayPnWYqCw9LA0d\PPKHpvtzHNTKvdDHBK8VB49HD1LfN9Y1KXGLOvu7jLr5VJAX0t9m9htH6EUt2csB0jt9Yl7Kz+DYnvnDhvtqIZePMs+vs9Uc53epFn7+Vl39YzSJdHHHRx2q39fPFH3\LR231HDuXxv6NfxM\MYUQQgghhBBCfKMotFyzMeVYl8HIrBadhBw0HDlGe\5kq4UiKypOX+gcWb2jTc1n\ZMxqV+jvG1NnD7fgn0gGKlDnFlK7RO1FE6XybO1jt98aCN9wooVJ41vHaFlYJLn5G7m9WdiGnvbaTrTSIt9ilVs9xo4\K6ZqcNYY1eseNsaqPvEgsM7\ft1XjvN6Ys2eryR95uaXUHNYzXTv98H4QsyTYxtlOqL1GmdRdPI6js9+gV+\I67WEOlFE+yLEK5fgcHOnQJKqqiQz+X\Z5JyIq5VYGMKlYFLnKx04Y1VDzpfnwXxcUBcfHz+5nOC4WWq7aZA2GzOinBceMy7pU1TLg8jCspymjEca8PhwJZscs2Q6109IAuv4CsO204umxQVjjm6T1dfQSBgmUVJOKmat+bbNCGUYecuH2z2zcAEiLDwbrZLZ6fVOR60hA\48HMZcf\fJNdcUH8\QNzDOJERidnvZ8hGw2f20kse4Gn8pNwD3hRgZ7G05gHtORte439axZGtrppIxcO\4KPrp6lqWwvNakAOpLyn2LLsmv8+bNG7Es3kz1P16bP7WT0EC0gd7ER2l0PvF3jkuUkAepkD9obabB6IXU1P3r1KfK0w6O9YcKDVt7\VGuWk5xNvcA24uiD83DufGVWvMj3tygJawO4ZzTRTCPOuo5esaGNz6XrT\eT3WaJtLXAWzaTv\Fw\z2w7vUv9dA2t7aea5dP8drZL4M1z\3jzvzQm4sHxyhf9332b1qdgUa7isu8TWfp7Pv\x6Wr+m4i28lCQB\i\Xcao\e1BWw84UK+PAcAFmPLsX4xUVc2LFaoHS6CPC9Bs5avGCs4ocv1GDShAmpAQKhMMRp0enSqN6zFeu\naDtWiMt1bupkM5FCCGEEEIIIcRXKoHcpZnou7rxT\KoLiuHNGDajJoBO03HT2EeYGJgBnCcO8Kxq24SFhVTWZpFkteB+ZqVhneP4HxuP7WZ0YbdDRyrM+NekE352kKSvDYs18zUvdPP5r27KJ0sb6jXwvH6qQJMXfQMgDYlm5y0ccM0GSljt3GkHruaTHZZDYUpKo5rZqznjvKOby97q1Mh0UROQf7EIEtogK67TpSENLKM0b+11nHkQxtKYirFq8vJwoHZEnm\7t37WR8NEvd8foSjl5wwpl0zde84pn6\DyplwewGrBJT5liuKpHlxem0XLmL7Q4UF41\XMHS3gUZJRQpN7k530vjWm20B8CUX8VaTRsXz9kwmxWKZ5nG+ttNjy5u5lZfj04cvfO4ub5uOmHiggw1maJcA+fv3eNeBxB7\t3poCsEOaXbyfb8is7Ou9gpZDRDuIK9xwXkUFSi4vPz3a81nDC3q9t5sQmbYmLD+nwCPlc0KGrnWqsbFlRQu8ZAOBggEAStzkD1xnI+fbuFGy12ajZnAypeX4Bl68sx3rhI05Vqdq96GJ+yn9TFWehwTR64nTUdWYtNwOCkj\bcseMFCtY\TZ42TDgUJBQG4jRoFi7je4+VYPnLTWwWCxR9G\I9fxP10PCJBW\ISNXeF6lZBOGQSiAQIkwcWp2OtDV\x1brv3LijplGc82syxbMyhyvkfuiOLBduoH5bjs9Tu9IeuZpnoDjsyMcce1g1+YZaqJLXOL+fBXHXXylLl26NO\bXL16NSAB4G837fCUISeOTj+pIYAQSvpTvPHmdmDm2XX2a1bcQE7lZrLDCh6XByV2RqMmAcPClVQtPU1nZwilB8hm2lz7kTz4MbU9LMc5WO+m\Oka\OfPYh0IQlI263ftIuHcQepd5eyo8dNw1oo7CEnZ69m1q4JUhutUtGB3RmcjJ6VTWLWVrWUxs4iiM5yTN\+E9Wodp5vacQaIzErOW8\WrRPrLEzYbmo2Feu2UlOQBCELx\+zHntCKbt+vJnx5XhsH\6autZkKvcOzxAUQgghhBBCCPFw6cjb+AqvLT7B795twTVuJV5OQTGhKde9BnG3NlL3qZme6AIhzfhlG0oLjdfcaPOe5LX91SyMBqpqaz\jd\9+BnNjCzXPVZCAm6Z6M25tPk+\up\ViQCbeGLF+\zrH6\QfMVJ6brxN4pezKcbsMfp0eGfuGKj24kLyF3\Mvsqx++6n\6ByF29\cIF7GoKq\e\wVO50RUym6o4+6tf02hpwV69meyMGp7bt4HxcbbOU7\gUKeRqhf2UZkSWS1ovWVD0WSz5Scvs25h9P2uOcuvft2I+bKN9dsKIWSl2eyElEpefP0pcrUAYWo3XOLwf56i4VMrpU9NrGX6wNILKTBcoMUzfbOc\CJ0qHMKouiK8jFd6eSuzQZFY1dYoli44wDT+nIWmm+O\n14ZXXmeg58v2JcvU03TX86TLO7kK1\v32a1bzDq9iNFCwzYlhQgunceRzXL+NcWcOkwwtuG02fNI1Z8Z1dvp6ta8cNqs+ynfNWPWc\v4XDEzPGsnozj8fWV4y+Vyapqdlz7jBHrzK6iny24zFjVqZf4vDBSxNXt3+tVNTAfG5PO\mAa0AhKy8HXfNNurocUDSaZc\xpQOVHIqWpZJ\z8j5L+zY7kH2SKrgTu71AsYs8nR+8MPFt\5pQh3K8eNdxCeRXlDJ1i3lpI4\N0NubOdO03DdgTcIaJPIWlHL1vWFJM\bKsUOTv77xBrAM+1nbM3u9g8PcpCZ6m3aabE4wbSBMqOCd\jrwN1JtxfIzyJP8eDyDB\oeAz5OSymhbZ7nbjJjkwMUrwoGZWUmS5y\soF7Ksmjgs+uBBqXg5Z3KTzgbaTQ35RAHWqgd\oil+f18WQK4Qv9nszfgHJywvI+ctNOv2DRCpPx+7ibM8NL45L9Zy9FJs5I5uK8fWFh8eRN+2l8O6pkVrMk47zzqXtF3\gn8bUAI7WnDZu5ifrgtR91Ei7c\oMF0F7Myc+vRg5F0cyeqRiPtyAfaZ+quMaVjeQXcXmR4IonkE8YwfWSTAsZOWqIk7bOwn5hgfWidSl\qSe5vZ+vCNFbxNIfaSc9VtqyB\uvIf72U27ybLW0dzlBW0qi9OcdEWrP87uGpmjQA\m03U0tE2TGn8aTstJjgys5\vPVEzse6LuOy4xbNbnaZCeq2epvxTNZMK4WADTtNVoSUorpPKJrZRPk2omaG\gyPtm3Lpsav9uF+XDp7\XQfMnZ7ncEa1tPEUWlQnxlNFHOH6wfuRcnHvfKP7WSQD4Wyw3MxVwAS4uHvo13QWRni0cCBLW6YhDi84ATHnD5KTd4QeM5BRp8Q26x3ayACEFz5COpbt\xs8JoQy68NzXj2Ivtz4+DcZSajYuoL9bT34qdAH4bnH6DKSU1FCR2I9jQT6pgOOzIxy7HDPLOMGJ7boZ66dHcDh3T0hH7b50hKODkF1WQ3mKisNixtrWwNFjXvY+P3oz5Th3mGNX3WNnL1+z0lx3BPfWA2wtKqU0vwH7nVasHZvJzo39PKxY7wYhtZBlUwR\20\hpPWWU4Tzqhh\57KSWefCyGEEEIIIYQYphIMhkgq3skbu1X++d1royuBNZEVcf7JlgYD3Gvk+Idm3JoUSnetYuj4JzjHt+noxQnkrqjGEA4SCAQJx2nRGR5lWeYZvvQOMgCk42BwSId+6RpW60OoikpYo0VnWsgCIBCeGIp0nDtGw71snnw2gwtHL07cv55+PBhZvjhEMBge+1ho+Cbdhvm2F335Pp7OhaAaiAyI60w8\tqbPBbw4hr0QyhIMBg3NgDc9gHvNrswVr7E9kdC+KNjBKEwoE9nsSFEMKASRIvOlEYy0KdGP8xeB70BMNWsI1cT0y65ktqSs7xltmKlmHkPAYfz2bGrgtt\bMEzVdrdxZvZuSYBdWBua+hCySspyTjPefv4FZag3LhDV8jEhkeT8ZljHsgopzjVTHO3DYtSMXYFktOCrQ+0SwqnT+U8XFvYVMbqDAU\0f24dxvzvZqJg7fdDRx+z4ybBFKLKinPJLLi+9JJjgxu58DWwjm1GxkLSc6idHUxpuExlnNHsXdt5Qfbiu97RemM4zHGYmo2JmFtbqKdfGoq80gw5kyxtXZO\+Yksx1WSV+7nx+sftBRlVyy0uBu\wNuZtgCI2mTPqCgLs0nh5u09ThQyIpOJnDT3uUB43LydH5MRQXov2jhyzY3ZETfW\eXdAVAn7+MdCU06ZpP5dZJ3vm4HSU5kp0gVeeNHAtrA0cGgrz0\Yoxx9jR8A7tAT3ZZTVUJnmxXTdjv1rHO97tHNhWOMkrzI\Z7GfOylpqky00XO\FtKKW0jQ96cZpNmq30u4F44oSjP6h0c\HpeABDKZ0lDEDmgE8SiqmZGgbGKCH4cwQIYaUVJbmGzjfPD4IP3\8ukfISobO+4utRaRlkRee6osPcpcXYLjcguPT\+QP3TVUVywjPzXaeQWG8MSvYt+bVRD04xrwjslwPrtzw4vl\SPUdygkLMqnvDiPVCWSSaL51DvcrdrJD6rHjt32fP5n7Gpku4VJbm60WCLjvO4fsH9d+n23ncDVzJF33ZBdTk1ZKmq3GXNrOw3vvoP3+dEFPcqtk\zhbDsKyWQ\Wkphkheb2UzdOwnMZqGps9OOHzDmFaH1DeKeOLCO4vGiW7aHn5VCSHHj8qgQsnH6cB1WXwKpBaWU56SSoDq5a71Fe0czJ99nzFh25PM4gV2\mMqNWSidftJKy1naPodrZC5CDhreOYZ5stIUc6DYGznRlM\+CRPjYD7iErM+Tz84Qn2bAsN9zvB5+sERHJv3smsklcnoOT3cNslri2SDOepEef4HVE72VrqHg79ZrH8uNvg7nLklgdS8clblDJ+LzdS9c5fKZ35ATeYk25vGnPtG8TdPAsDfZhVbqPr8t1x0AbjpaAO4xOF\6Z5ktshkuuh3AqSyyDiEb6pAccBLIJiARgNxWiDAtLn2I3nwY+rkJOiAIIphLa+88gSZcUA4hDLkol8LBBQW1rzCP2zNJPKQwlDbGc5ecULKan70+midik1bHufC4f\go6t11C95ic3ZgD4eDeAajKNi7+vsyNdGai08VkX9L3\N+T4bt9w11CQDzibOXnVP2O7wrG7rhSaqih+nauVS6u\cxHbbzubcmNvB4XRNZTXkJsDgJDck6dnpJFjtM9eOAZKzsiX4K4QQQgghhBCz4Bt0EVyQTOf122PSQOuKq1ij8zMw5Th4Iobs1Wx99mlKU1t46\gkTZbv4h\XJKAJKQy6PIyML2o76OoDUgzRwEkZz\60hnhNEP+gC28AFKeNC2cv0qsxUrMyB2L3rruB09cU8rbvpnrhOS5M8tIOVx9o0knoeJv\+H077iBok7Io3bSV2uEVVPfs9AZgcY6JWx\9nrrmzmi7xax86vs8XWIgET8+xYt7zM1oDw0nr+DRl7BnWzaqbwBv9M0tW5rDmfYWTvwli2dqC0kOurE1nqMNPUsfLQNCoNERByQm6BgacI2uIItPigQLQk6670HxfAdI\AGCBTt5ZQ8cfreF3nGDwvrFG\jhyxtIU93MuYqmupCVy0ycP2cbN+lbwXKnC0wbWLFQZUyoPjGPqlITzY0O7lxXqFg1OhjivHkHJzpKVlWRpBnAO0XAWrl+B0cITMvKSFP9uEMLqSnP4fyZTmzX7dRmxIainTSdMeMOpbD6xdgV3xv57Hf\xhlrE01VhdSkzrKdt566q25IXc2Lrz5F7vAYy+ZaGn5\kE9bP6WhtThSBzQ6xjJZcUN9fCTCPfLQbMdjMoqpfiwNp7mJdtIpf2wTWTGr28dKJzszAWvHLEZVNMlkZc\HqIqJlctNXGicnzzQhpIV5MGkGfl8oUKyM6Ct9x6dQCGAYqOrF\Qrl5Gu+FFzs1msaaGtux0oB8DdbseDjpKiXNRAJGo4vg7lrRvtKOTz5P\YR\VwvdfoufBJXztWTwUVhtF98ZPJttf3U2XUEAdseryQd\5ODfvWrFRyPyEgPVETpvRccLZ7Of68k3khztouN7LwoJNbFo1fa1jt70bL7A0y0RAiQmPD7nxA4lxmonlA4biCGuAQGBsfXmfQuYji6H59tgg\HxSF5NpgmkKts9In1tIqn+adT95O9izrpNDn\XSY2ngpKUBtAkkpS6mcHkZ5ctXkJypRROnIZ4x31yzOjeUK3XUdyjoC57m1RdWj2bO2HKL9w4exXLpLE3F0WBrdBxZURNZtf8Nno72VZs2r+L9f3+bK1caaKmMpve9j7ajWT2i55vLTdyqfbz+dD7auDhgE1Vnf8WvG3uxWd3UVCcDdho\a0fR5vPk6\uojr6B2scq+OBXh7msANrpi7x29UcipKmpRoZ8k6fiBhVvIEiCRgNxOkAlePMG7QFYtO4lXn08Y7Rm8BODnPvtv\FJlxVLXw3rFzHSzyrhPJ55\e9YqYsDwoTCcWjiZn+NzIXt9IkHDv4CsKCQtVPWAn6AuETUrPqw1gYa2xS0eU\yP\ZXkzx8nm67y6mDf+DSp3W0FEXPJ2sDDR3j20ayvPzbH69w8XMrleOznvS1cOx9M+74TDbsPRBZCe4dxKP4aPmwHruiJ\+pV9lXGa0\Ti1P3HyPX7xrobm+iWXRQP+EeMoIfSSAFz0Xs+bYNwoxr2XHxVfLF8pg+xsHqJowy8NO\cGDHHzfMsMW4kdmBYfU6WfMDg04cTpdDD5AZ2JYUkJGWCWgBAiGVNSRXxYGlpRmEFYDKIEgIVWl85oVZwgKNj5NniZMMKCgKCpBkqneWI4eL7Zb9rEvsHgNWws0hIIBFCVAMGRiaYEBCBOM7rfzhhUn47YbCBI2rGN1PuiGuml3+1CXl1OUAP52K7GvYrXdJajJoaJ6IYEp7kVMa1\i9R0Fk3TYYxnXvMT\2rl0VjPKhBBCCCGEEEJA4NZfOWWJHaY2UrGhlOCEZSMx8rbw45efpjQ1TNAfJDxZm\jI4GFIHYodW8TxyafcVCCnooZI5j8dmrgw4WAAb8DC8YMH+c2ROq46dJQ8+zJPLI5ZexuyUfe+GaV4Jz9avQBl0n1U6O7xQKiNxgsq+WtqqV1dTHLIgfnUOxy3RENITg8DQNfZX3G0xUPWylpq15aSFuri0p\k8NNvUx2u65cacDshuwNT7Es5MMTkwPUsOYl3thZSOB6HYd\dZCD\3WYuusqy3a9wvNliZFG6akYNNB5tZGu2GEDvxVzqx+Im2MN3tny4fGrJBXv5NWf\4yXdm9n++Ob2bxtJ8+\+jN+9vebySGAz3M\FTQVFq4owYSf9taYO\5QK3cdYFq2glRl3FniUzBWlGACuu5YYiZ8O7nV1g+GMqqWqWNTrI7h5PLNLsBESbkRxQcoCrqKEnIA720z1tjn9lmwOoEltTydC+HhcY6wgXWrCkA3RPdd76zb2a7dwoueiqefJlcTRh0eY9GkUbu5Aj0KtlvW+\gso2YajwkGUBQ1eu2FUZXIWMzkTKz90evsXDLDqIrGSNWL\4tniuZjVCXIok07qZp82e7c6JeydUve5P0MgH8hRbkGCPTw5b3o31o7+BIdBUW5qAHwhYopWgw4urBFmzj6+4ik\FUnvdYBtFoAF1\e7o98xsPnwo\f5P\8x32sMYxtry+pZY0xjpAaOT7BuHKW5gAB36QLHubLbPYzGFBQohkRwkEFRVGY8pRh+PMxYlykjg30Do98h0NMvDzDI8dp7AC5H3WRESPQ1++4r\c4o4DKI5kPtmxv8eJc1Gm++nyBINlbXuXnr+ygsmBRpJJgUMHb24753EmO\Nf\yy\e+hRb\+CE4PjM54abyzccQDYb96zGEA6OXNfhhGXsWJsNISfWG2PzbejLd7Ijl5HthjRLeLImB0IOLC3u+247UTZrnihAEwoSUBQCwRCmZQUYgPDwgHSrmVte0JdupHphJLOGoqiEtfns2Fwyq1Vz8SMD64HpSxEMDeB0OnFFB9a1ZXv4x5+\yWtb0iM1g5VonxwysDTHCGhg\Pn+SCErtSECSgA1GCSozO0amTV3E02t89ABmKrY98Ze1qRP1Zc\eFxiNn2YxWJDwciqrdUkE3OeavLYUpUNIQe265HG1tuRMg2xbQNqCIrWsNwIcf122mN3wGPh+HuNONRF1Ox9hc2PhAgMRdOAuy9j6QKyN\KDSgPhoBo9F8PoSnawLhvos2Lpm9OnOue+UQhZAfxt5lFQ47PY\sabbMdB3S9+E10NHNVRz3FL6YQavaPi0WmAUJhpMobMm9QUI0Mu98QZd6SSkjKEyz36SI\LDejBeYHPzvkIjPyg0aLXetABHlcPCtkjAVRdihHt0AADI3dc+ujMKg9DQ5G\dPW5ASOmTJWhAXfM7OWFPPrCm1SEAnhdg\jUpVQt13PzSsyM4JAVW4cK2SWs1ClT\uBWgyEMq\bxGm\xy5Ntk7zfSPD3jW05hNWhOdUqEkIIIYQQQoi\WV4Lxz+0jFlVpy\dyvaMAK7iUZeHAAAgAElEQVRpV6qECYdU\EMehsYH9ka27cY5brme8\IxTlwdQL9kJ3vWJBByKYCXgeGGniTy126iONSP5YaZm8d+yVtbf8iO4iTAi+XkWWxJq3lpdwlBxTPFKq1+\H4dpK1k\4+fJC9RG1nFssXKewff4fr5Bqwl2ymOi9y8+tUMtvzDPtamRtttLObovx\n1meN2JeNr1Xp5PJ1B+hLWFediH9wYEwAxHXpj\zhtA1\Sh4rV+STErjH9es3ufX+HzmV8H1q0rWgr2Zr5SUOfXGBI2\bKV8xmjoxlBgJXsTNNPv5vgQZ7LbjSTSQnGoip7SK2ITBAXcPfS4vanwySXOO\ykoxhWUmM5zvt2KnezI53bzNp0hExvKUwkoQ+Oe4yewsIaK7PN8bL8zmgbaeYu2fjCsKiM34GXK09B5izv9gKmEFcYA\sHIfvi0KynJ\ZjODhuWm1A8PH7T3YcbMJoyUYcGcI8OXrBw5T7eXBUi4HEx2DKbdm18eCgI5JKVN24sRJPAwuE6qP3d9FDMDIlVJzXjeEzAhzcQHAkABz1TXQ8AKmrIQMULr8Hbv+TEnUlGVTRGql58g+3ZYdSh+RhV8aOEHmH7iztx\foEt8cf\tnSF7D9ledZoRuamGZ+WCgwUge4165ARgI2excjwV0P4NdRvMTEx\YO7nZAYa6dri4gI5vC0FQ7p+HRlUv57O5trr37S65pk0jPLaRwWSlrVxWzUKshIR4CMTNcFian4B90jmQFQBNd2Y8Xrwt4KDUlZ7efniEP\uHuOuzBM209cAW\DyCVjHTf2KXX4wuiT2F8M19yCgsBl\qwIis+jFlZ6HDd57igiewl6qRjjqMv4cGnS2ZB5iqe2reKp1DxdLdhvX6DlpvXsPcFcbc18Oc6PT96unjMApWZzw0HfU4geTE5Oj8elzcmc8YCUvIXY8SOq6+L2OrCi3MKxvZVmgUk52dhpBNnnwNi8iTOpe0ECQsxaocYGPCNfO\pQ+HIeLIvcg057\USBHJz8lAGnaOphTWJJGebMAIz5QSIj0ZWwnMcWNctiEcTByFvLx1t7bT3OHF2O+jpcdA7EEmLrBn33aY3LsI\MC7LxKyvkTm42z15\6UxkFW0nOVLCsgvzmIhwPW\8IuzEytZ64u388qeKoxxQfyeqT6bB49LzHye9tA3AKDD19HE+Vv+0bi6Jp5ETxAd4BzoARLo7gdIJStTYdA5mg1Gs8DEtjfeZHs0XfptADxcP1WPXwHSiil\JETA52bQHz1AXX04AUNWDrox9cdBuyCF\EeMYHfR1w1MU1t4PP+c+kYhJAD8LefD7YTk1AXo4rKoKDZy0bqUAxt6+c3JNgDsrRYonSoCnE2mCVrvuejrg8I5dDb3Q5egxc9kBYR1JGj9MSkcenC6APy0NX5E21Qb9A5FazBFGJIWMjRmuq2fyIQYNdIZQzTtDIRVz9iZuQEvgaARvUaDLh783gC5jy7HcKVlNA30zRvYAlDwaDVa\9RJpgKeATykTBkEjg3+Drh9k8xAFEIIIYQQQoi\QQE37V1+cvLSJ64qDdhpeK8ee+yiFP1SntqxDFVxTn9f5RvENadsVkHs597h+FUn+pwnePmHFSyYLNWwoZRNT+jRAhueeJT3\+1trnzSgLVoO9lX6qi3J1L5o6fJDvsY8Ex2LwyQw5af\JztGiC6gioUp0WXUMy6FUauf2HHbmektqyuqJp1xjiCAYVgWIMuoZx1ZR9zq9lOex9kx97X21u44QTDqiqKg0O4Yj+kkJUzZ1vxp1Ty0mtPkRPd\qYnOzn1H4doPn6WrANbyQ+GeGTbqxxIPcp79TbMn9shPpX8dT\iKd1ZfnVmqpSX98tL+7k66q85Rge5NVr0qZlkpyZC0IPD3j062AtoU\JZ\9QOyucwpqEoqZQsMXL+i9Ean5bWzkj655EA7Vh+RcfK0hw+tneOpIHuuXabPoxUrcpBGZp6RZq95Qb9AL3n+c\5\zkbW62oJRWRIIwuuHBiwAeX2yEPYBXDWJM0KCJj59lO4iLDhbHBdxjx0JCCoNKdDg87v7Xcs9mPGb2AngHPJAyRRB4TPA3Nuj9YPxePwkpFTz\E3jrlydom2tAQp\DEy\uoyoliN8zXYejoC4tIkdzk86+TkDP3U51bHA3pJCck4OeFuydTjB20jUExrISFk6T8ldf\jyvpZ3jo1NfcLPXS0+bmZ42M02nE0gv28qOjfljagAvNCThDcQElEPeSG1wovH7h2Su+zmzAQajQd\w+NMhxYgeUEOThVlVCAELjKSMfyg+ITJoPuCkB+5rYsRMgvk5ZHGTieGzWUguIH+6kwGAEL5BFwF9Ekn6BLRaHYbMpazKXMqqx59Bba\jV29fxNV2kcvu4kjpvKjZnBvhEKAJw5B37GhvcAivGm2siY95wIBpkX\sNRsaYmi47Zj5WXNpO4kFBhb6xo65+qOrJtVop6QOh\2Dypi6soR8eJIiEwBmCgBnZ5rgdi8upxOYKtXxRKqni5a6k5y+1jNa91ajJSkth4IsB7e\ZMKshMT4+GmyTMyfnoGJX4DGlXvYv6ME4\hcsgsmdhSmNfs4sK0AXUhlyO3GN+UcigePS8x8nvZFJwj2cu2j01NuR\V6gASGM9IH\Z4x53RoKEBQr0Or0cZk\FTxB1LIXOynu+tz3v0wnxeqY99EZEd0ceAd9xswOOSNfkeCRqJz4iGTU+xbz4fb6QMSRzoOVu1jp+WfOHEHps\FlEJ+toHGey7sdxXWLJp62qxy+Ri\a\aTvvpxdq\OmmabCr4pftyHw1PNaQuPS2uRjikVGDCx\tUfs2H8hK44LfHxWuJCAdyuwZiZcqGpZ81FO\DRzC8TqsrjHeiPmSQ4RCB7BUsNLbREZwQPtHZCQgkV5Sr+GTKNTBUEluCvEEIIIYQQQowVHGin5UIjl1udKCFIfnQ3+zfG3He6rdS9dxpb7EC3xkjV3udZofMxMB916oaF3Jjr3qGhTSGpZBev7CnHEPTjmSzVcHyYoKIQjNOg0y1h1XIDV5p7cfT24LjmgBA0H\onmsc9zfXhQQ6STPme\dRm6IgjUiIp4IsJzmkXkL4oFWiLrO4wRYIYiQuNKB7X6GC1NgnN8Gj8uEFWu7UdL0aqVuWiDI37kOx27AHIXv04OXFBVCUYCTzrclj3qInmc93cvQf5GUP41RSyqvfy2pogamC4nZb2Ez2ACaORmQfjZ8WL5f0j1I+v\RoK4u\7EtsUaRKDA+00HD2M87n91GbO8qWUAKaypRi\uMjdWz1g6uG2HUxrV5Cq+Jk0rK340D1aQs6ZTjrvWFBWZXOjfQBMG6jMCOCbcpzAjrXdCxjIWprJAjUYMxYQh1YHfXfbcHXd4LKzIlIvc2TwIjxh3CDkGaB\+FqYVbv46GT4MOpki0eHhtPgxs1YysofiIw\TTTzeMzcTBEEfkjBXwBCPtweDSmGCva9ovLWf9XNPgisz2LD3pdYmx6p\eidar5HlC+UR7YJ2u7dw+mOo3tCcFdFySukIKGFm72dBO\20IeeiiITgdBUky5C+ANBFuZu5Ll\2AghH\dar2O+2syVW\fouXqSuuQD7F45OvYXnpBjNsbDye1+X\s5szRSDYArTHh87D3NEAnkOfuA8Tm+++hzAxkGJiRj9kaXsBhNZMJDGb\z6x4hKxk63UD+dt7cXzWHZ0ezAEz1cMDCyf+up91Yyf7nawj6vYCWeH0C8fE64nVadPnb2Vlu5q0rTro7gZj1QzOfGwkjqzf9ASYE7NXQZMm1PfR0DxFZOhrTVg2jArrEpPtsO7nQlNdhpFNaEI1Nh8MTO8aQxzfpEqbxUvJyMJzvxdXZjlKVOnWZP6WFY7+7iD9jFY8\V4n+wnFOXnWCsYit27dQvDiV5EQNGo2Guyf+dyQAPN4k\fzDoBkf5M1+gpefKcFAmFAwSDAYRA2okX1RY778NXoKNr\MvnUmwkEFz6CH6apzzEdcYubzNANTMtz1l\Dc\E9lk54szoSdBrCqg+nuzt6ZkzSj4zEX2LpKdr5Y364rI0\ftfuH3pw9Ga1zBSn1oN+lEnXiGjcZyZCrQqPskeKh6IBIC\xSzvH6S+A4jeOFaEAUL4ldjOb7qf7yq51RWYLp\ny+tNOFbWkjVpp+Pk8i0HQUVL0sKxwd\IrKnYDronkgJkitebSnjMt2oi6UY90MuXHQkkrBrX+M4J\vmP19CteIaf1C4e3Wp4mjvO6A1HhskIbdH0CuOm9zk+PcSxW1pKt+1ncx4MBXKpWWmipdGGtS0bvwN0S8tZHhqaOq1TjDFB4Pg6TrvLeHadBH+FEEIIIYQQAsBtb6bp3GWsfWMDfu6rJzi+aC+7SvX0XK3jZGP72JSH6Cl46mW2PxLE7xmav3urkIOmYydovhdHxvoX+YfHcwmHAgwNxqxu6mvi6LvNqCv3snctMSkjF+BXVUBHYnwKS2q3ka1CKODDF4jeqyp3uXChnYUrailN05NuBO59xMGDZvzLd3Hg8ZgEzsEhWr\sAoxk5QEpJtKBzp5OPIGimHZeBhUfYCJtTLpWJ+1dXjBWsTJDYcLiVE0kuhOHytCANyYlcGL084yLDhjd5v3\rw7bkt38\Pul6BK0EA4TDLRxrc0PxsXk62HKGklzoFypmxj8na2QG\OpegpfGp8Geyp+1MyVLDVe5GKnDWerE0fIRE15KgFlqpCKik9bTVXxJ3TevIOl28+XA2DaWEFqwMeU8d8OKzYvkL2W\c+vnXSU5tq7\zd\udnPjRY7NZuzIdOEkXZcfd1MSHPa3cCh9yxoS7azv2o27b7HE5k66LfT3grFRWOb0WHHAZCRTQajh9IX8I\bpkJ3r59JA8CzGI+Zu7FBYN2Hpxkse5a1DyP4O\KSXgY8kJJSxb4XVQ79\mM6ZwoCa4xU7T0wtvbjTPwGluUbOf9FL51tTBrcVYLFFGXDTUc\F5O7QbOY7FwVZcoVn1ZO\eIsVkM1r\3D4yzSJJJRXMmW4kq2XH6LfzrZxpA7No8eEH6IhX6ndB\7OSMDhiQAF933oDC2L1yYR46hkd7uLuwsHds\dHThAAzZeSQDY8KAvc5IMD4hkQTmpYubSF1MdhZcdAMdH\PP\1I\u+clLeWZl3aSN93hi08hSQ\02bA4a6JBqSAB\xCB6DmtTUxm0B8EDGSMnzwz47kxvHqznTvutaSN636Ujm5cgDHzkTF\d93rgaKxx1axd+MBchbnETuTaS5tJwpPMy8p0imZHomk4HZ8aYeicd8ctzvpnmbrw9TcaipMLZz\8hpN3RVTTkJytlhwBBW0iclk4abpjhMwUPXcD6kZeekw4dAQXVP1s\Mz02pG2RmpEJPzJKdkFUmqD49naGJAV69HB6gaExV79rOz2EBIHWLQ7Zv26EQ8eFxi5vM0ndRkwO2goy+BFYvHPur\7BD\9GkPOete4HvlGWSmAa5J+hHAfPwgjT3Z1PxwV\SbMZHU9CRC8SvYueEi\3qmk+YzLZR\vyIS7s3NxEQrvZ13cJM27hta4W6XCzCSOebUUyML62JDLd19M65EF2I6M80xEN9gpSNfTm7MTZbRB+6coOFO5L8Fy8un2YKCmvoYm0v1MGDmxEkz7gm\U4PYPz1Bcx+QvpYnVkW\gKIpVLq\HFP6HK+lGev91kqJ2a\c1eUYgbZzxzB399PfH\3Xa+NUXQv+UJjMrMVz\gGWuboME9B+sQHHmLRHdm7c8QLpZA8XFvIFSC0vwYQfe7MZe0BP2aqlqEOzv8kIeAbwKEGSyrZL8FcIIYQQQgghRlhpeL9pQvA3QsH+6REO\fevOXpuYvA3Z8vL7FuVhOqbeaXd7HmxnIwEf\OeejUS\A368bgG8ce+\qJ0kjXgvNmCPfbvg82cv+kHQwFFi1NYUrGGqjVrqF5fy6bHNkX+laeTCCws2MSmx6opTgEyCslJAuXORSyxdSu9Zj674QdTGSszgPhHKckF7n5OQ\fYdp\f8IOpgKLY8eJQJ31O0D2ST3pgkjvnwgIKEqDz4hnaYudqq218drUXErLIyQHIIT0VgrYWLvRF78udTrq+qOfmAJhWrCZjXkpkurl8w\Fgm\Dewtw6++a+QDori43Q38bZa3dRh+vzTvMcVVEpXV6Eji7unOugjxwqqg0o0wxOWK\dwg\klFYQH109NfZfiBVryjAA3nYrdoCs1ZSZgLtNY483YL9uwxuC9Oz8WbYrYFllGQZUrE3jx0LcNF8w40dHyYoVkb8ZjRgAv\3u2DqQ3U20POAhirzmdMsDxosEgf3BJMq2PeTg78hLehn0KgTT1\LS3g1kTbeuYnhF8vjajzMJqaTnZKGjmytXvwRNLvn5KmN6wyGVZUtyYKiT251+WFxEcWi6UbB80lOD0HuNc7ec9LvceH1+AsEQg0OR58Ub5pZY+eG4j\2c8WNVeSTDBLgYGL8oJZhHZakRhm5w8dqYTpaWC2b8mKiozpsYrHL24wJMGYt5aGHygMriTFPk\yEV\5B\dv96rVy\5Z5+TFRXzIbVJsBJ88l6bJPMUHFa\kq9VQXjciry5rrzKdSszAH6aPnEMqbsMoF2Pr1oB0yUrRyb19dlaRz7XTfcNqGAioqE+257P8LLKikzgP\mRcyxrxNy0PCFdVb9lKKm8dimEvQMYH7\OOZJPuegvYETl5ygMbH2ydUkosegB1DxeYL4hzwMDvTT3+\E3nycz+0APoJzGfSezy5xedFIWQgAnV6Dxz1J8BegeAvPbtvMngOvsrM4iZDixT2r4C88UFxi1uJ5dGUBOlxcrvuU9t6YGEN3E8fOdYK6gMycyHZXrixBhwtL07hz2tuCtQuCSVnkG0b\HFY8uLwKiWt3siED6G7i9HA\k1xDRS7Q08LZMScyBNs+5eKXRH7jRbuAlGQ90M3YUIsXyxXr1L9LJMAgZkFWAH+LJa19mZ3t0VTPHfUc7gC4xOF3ow2W7GRfBfRPs1zV51cpfvZlnhj8HR93NHD4v1rIWlZM8aIklIG72Frb6fECySU8u28zi8KuyOrXgkrKjVe4aD3NIa+D8iVJeDtvcevuEAvS9Pj7H+SdhQhlbuPZNbc59IWF44e7KC4tJyvBie26Gbsb9Eu280xlEgG3d+bNxW457TF2rrnGoS\MHHu7n\IVhaQqDswWK06fnoKnn6HSEMA9BOBDMa6kJOM857sdYKigLC+Ad47pxQKeATzhZBbEBRj0SPBXCCGEEEIIIaCAvExo75ri4ZCCd\zgp8ZAyfdeYU9ZEkHFM79BoNYGGjsUWGAiofUEf7SGUIMx21+whNrNpSTrV7LzyZv8+qSF428PjL2nDBip2ruD\PAgAUUhNH7lYzRVYjiooChhgkEgcTlPbr6C7WQb9X86SnfFckyKA\M1K86gkapnHmOR6sQdSqD6iSou\v4i5vcO019WSmGSmxstFnqCRqqe2URaMCYdaI+bfsC4KJ3J4r9oVvDYpsu0nb7KsbfvUbq0GNPIPbeegh3bWaEJ4CaV2g0lNB+7yem3T9K\Mg+6zZhbnShpVfxwUxrqwAw1kmalk+4pUjzPXpDerokrxqbkC5C+rADDFy04usC4pmTq9M\DAkMElpdT9MFNbnbfg9wnWKlTpg7EhKzYOoOgyaHkUS2egYFJggoaknLKIiWoPLcwWzeT\egiHnumimuxxztFxWExY+1T0C\ZwTOVCwgEkmfRToMat5M9a9qiYyE944436Iu389TyIL4BQL+SiiUN2O808ecj\ZSXZUGfFetNBxqjEe57vCcFowGwX+fT8waKcvMpzxtf82vSDz2yEjh5AZrAIINfQRHMkOJhMC6O5Ec2c2Cvn1\8\uLYGtoQCf6+8Go0HbV7jvs1Wge4bQDIzmeJ6hsXaPSjzc3CSCeuATA9WozOzzTByFQ2bavi+h9iz4UEvN1mrrU6QV\CYxsXwbT1iefKg+3Tk\RNmi46iSUbN1M64RDPYT+ji0\aL9bR7Csku6SYrEnjfirJSwswnu+lu8cBy2JWCSoq6U88S1XrIS5+eoQjXeWUZ4LjmhmrE4xrdvJYqopzXDdmdzgAIwVLUwgxt7HH2fPh9sb0CDo9+vipWxPw41cB4lEVNxNW\cdSQyzatJ+d3b\khNVC3WELWkM6WelJ6PAz8GUPTiUYSV\+3DYygs6psxhM\gLEr9nDztZfcuJOPUf+dIdlxXkxY6xgWreTx1KDOGM71YCd+j8dwV5aThYx47E7nuVRXQCX\z7b3gd\MI+tTyzlxvHbNPzhMLayUgqTvJF+cdrayjF8CmrJHl7e8jt+d8ZOw9u\piV9GcXFJpJUJ3dv22jv9UZ\v+xnc1oI18BCVlUU0PhlG9f++iuUFeVkJXnptVqxdLtZtMiIt88VqV07U1mDWV8js6fEr+Gx8s9560rkQwh4XQSmzAlvpGTNBiCE6vPiHprbrLz7jkvMmkpCxbNsv\FLTtxp4PDbtrG\2xQwrtnFtlw9rkGF4PKn2H6lLXpO2ykvzUI3YMNyzY4bI1W7niQnfmDkazAcDkAgwFAgjc3PVHHttxexf16PtXgHxQnxVH9\J62\PEHbp0c40raMZTmpqMO\oTQm1g7\xgPyVpdjvHoR65lDeLvLKUzyctd6i3bPAowL\DFrsnkox118d0kA+FvMGwxS8cKbZH34C37zxZhuAOOaA7yxLYugMsMvc8WLkriItS\+lPzLH\JR43W+vNk8MiNUa0hn+aYneWLDEowE8A7\4g1lsO3l59H\5RSf3zXTZAdtUhZlz+6nquMP\PaLB3tvQ4Eg2dve4I38Mxz\+ALWSw1YAeIXkb9+K889vpREv2tW9Rhi+fwqj2x7gzfyP+DYqSuYI9Oq0Kbmse6Z3WxZlojfNbpVv7KQmvIczp\pxFhaSU5gaI4\iCICXvec91UIIYQQQgghvruMLM0x0tDlmrkpgLGMZ\c\S5kxTEgZYtAzv3dYttb2SGBlqJfb1kmS7SUnUw0k+4MkrdrHKws+4NgH0XtKjZakRaU8uet7VGcGGXKqTFqxbbjgW9gTqesLEAiQWLGPVxac4tgHLVg+bxjZ3rbndrPGFMDrAvChLt7OGwcW8d5fznHzWhP2EGjT8nhsz142Lg5G20X19+MB0hca8DFJmi5\kLSal3jFGHkflkuRpZ3a1FzW7dnFlpIF0XtjhXDJHl7Zc4pjHzTTfK4dNFrSljzJ\t3VZIa8zPIIzkA3LyVH4+a0ER+BnBXRwKuRpWWmadI\DwvhU5dStVzPzSt+Ch6tRuef+hNQzGZsAWBJBdVa3xSfVQivkhMtQdWL7VoLSnFN5Hi\ns8H753iSvR4E59G3rrn2L0lOibiC82q3UBIR\a2N3h10XscO3dz9HgbMih98nt8rzqLOL8rcg0EE1j5wwMEj79Hww0rzeesEJ9K\uOvsE9\mv\r5JR1v2agp3rrBqzvnqfzSgNftrnJ2bee1JmfCATwur\aUZWQfxB33EKSH9nOGy8yNgisMVKx52W252vve0WyL7SMosUnabODaUkxuqHxwd0QSsYyChZcpGVIT05OMsqU9X8BFIKPbOfVv1\E0T9\QvvwuaBNIqNkG9\buYaMOM88Xa\DVFwd7VNsM5nkKiaJUc5hPws28VRZOycsNprO2cjXF7Nj2RR7MpzSvc1Kz4asmATSPgLhbLYf2Ifh6Aeca22mwQrEp1H45I\4QXUGqmf8O+jB1uEHUxWrM1WmnxXyAOz1\OVSzGvrl7PnpzspmLTxbf7yz3\imgrgwfrhCZL376VmyhiwD0U1UvF3P6OgrYGPP7yIrb8He1vkUW1CGosfreLp7dUsjlcZmvNlreBTjVS88BqGM8f4qLkT8+eR74eElDzW7\wej5ckExj32RY8+QpFt96lvqUBaygyHrv+md08viwR\+DAfbe9L0MK2rLneU1\lmOnm7h7tQm7RktSZgXPbdNx9t2L+JJTZtiIH6+iZ9G6l\npkkt8+NHnXO+y0Hwu+nB8Euklm3hyay1LjJG6zSF0JFXs40D4j7z7cWtkzFujJSmtkM0v\oT16mn+99st9HbboXiGogZzuEZmK6QEyduxh6qOQ1zsh25HO6wonOLt+\BpEkD1MjTbDAix7jcuMWsqPjWFihd+StaFv\LX87dGYwFJmazY\hzPVaWNnKc+NZGKF35KZtNR3vvUFvn+m\Q32VgBj49A5nb+f\buPE6OusD\6uq+p7pmRyT+yIBEsKRhHAk3AoiKIcHiAHxBs8FFRVd0VXxWgXZVVbxK7q\1QVBYQUUFRQQUIhIjBzhyE2OmRwzkzl6+q6qz++P7rlnujuTSWYyeT8fj0nl011ddx9V7\p8Pm86bi13v7iVvz65mSPecCRu7SJWXF3FE799lNXbX+LZLYATYvzM5bz5zWexIN49PTPlDbz7kjC\efTvbO06Fo\mre9cytZf\IzVPWe4H\a7jF3Wnj17DkwD8rJfxGrGEy6e4Ox65Ef8z4bDed9HzmUKgJelpb2Cu9TsMNXxKEHbAgy+6+L6Bst2cByHwsMe2WR7j+a1IsTHRQlYYHwX1zVYjoPjWGDAsnyyLe2Fe+SqahgfcvByLbT3uYOqsPxe97jdC0UkXkO0MAM818UzNk4wgGNRaIqrvdgPUyTOuGgA3DStid53Mkbi44gGrB7z7jldDzfv4VsOgYCDbRm8XJL2XhcSQngv3sVPV8IpH3wfJzllmlgRERERERGRCgSo3vkI3\NutLNLEYncvRpF\GmE6YQwOBlk7TvU7vPMWrGh7H7nD\a0RpqIg6W8fH8AS6TGJdMIkUOCFbVUBVysAY4pywZBhXPXf0+58bd0\Nx8+6g07MjcWqiASxM4RzZtwgEAwPPtzgvk0\S1jFwncFwVS3RkF2Yr+vid51z9z437t42Hvm8B06AgGNjGZd0e4LhqcdvxS4AACAASURBVJC5mYd+\Ce2lh+xpNrjL+edgyQihesPBjfdSteuL24nCzC9jonOax4DXa+IsuvJH\DApnlcdM0FzEokBz+G7Rg1tWEcfHIdbQx+30L3NRYv20Z7yh9gf4MTCODYVq9rIpWN1\saS+\93ecaCwFiNXHCDhjfw3U9sAMEAjYYg2XRvQ336npMgOraOEHb4OfzuJ5LMr2PVfgOgM7t6239Ez\55WraCHP4G6\m0sUx3HSCRGaIbaB3HRuAnyfR1tH\OOpxfPoDvJf7HtP9jwWD1fV+9ci0t5P2qeA6XZ\3yQA6r0ca32Ogj0wwuJkEqVz\91LFyxmNMy4SKH72uLi5FJnB3kOROMEX7uYHj7dw1IVXcmbP3MyOEK+JErAMvufiej3eIwN11dbwJHc8+Crjz\4EK45Nl9wO++TV3\HjJ+t7PDCH869\J4sGGrftL\z0\63s0Reow9w3fJBz+\bp3UuQWE0VYafQHIUxPr5vAAvbtrEswBSbL+\8IN+rY6N7+sb38Nye34fg59MkOorbdtND\PiRrcw5\3OsWFS8zssg12P3Ztzi8nZ\fhePN1zSrX2u4Xa+n3pcLw\EaqgOO72+V51gAGfLH\jPX75A5KT38M7jyzU7bBOuihe+T+m8Tu5jsHECDk7xenvP3y+BqhriIafHNW8LOxAgYFv4vsG2e3x2lvic3av3SMVsovEaItkXufenf2Bj8FjevuLUveqVe+9mN4RcYojHaf8sgD6fAb2P6cL3X2Fci+7fWiV\T\Rc1mCMmqowjmXwi10+dP2Gwi9+h\i9X9+1DazC8WOBwcLye+Q8+2W\y0hwnEKw99xzzw37tJcsWQKoBvBBL9Xegl\8Ud2TGehLYTB+lo42l3AsRjjkYAeCXX2NG+Pj5XNkUn3b+s+QSFpUR8MEnQDBEIWTiEySfKCK6D4fWT6ZRDt+NEYkHMAJhgo\io3By2dJd6SHWKO2c7pVRMMOgVDhTWaMRz6TpqNvUxX+Np55qRlmvp6Tx+VJD0fLViIiIiIiIoc8F3f2DKawjvq+T9kBJk49mmNOO5WT5tUWLlwYj2yqg9SAndDtu3DQwQKwbJyBapEaQ2eXePlkBym\img40H1O6Xvk0kmSQ6gB03t6oR7T6+g1PT+ToN1UUR0J4gSCOBTPZdPJ\s3POlYhNDKDNxibTSYwnfMNFudrPPKZDKke58Z+uoMUhfGCIQcwGC9HKplkKBV+BjaN6ZNga+O+TCPMlJmTYG9u287k8SIBApbBG7Ct7AGkVrF6o0vV0UtZ4KdLNkcZiBb2E16e0i1jZsi5YQJBGycYJUASN5Og3Y9SFQ137e\CNZFMr2sifkXjFa6FmKpqIkG7x\728XIZkslsjz4bXVIdKazqCEHHKexzY\ByKToIUxuyGRqXVDZPPBLEDoYIBWzcdLZkn8ujgZ9J0E6cmtnn8pFrT6XNDVNb5eBmkkMPfwH8HL4fxrHB93ID30SQcbuOT98r3xOtn0mQMFVURbs\I6Dw2vSwvl+7WbYzSO19gxnkUKl4OdMZcsEqwsXj0DYlQo5MnsiJJzN\5X2sX7OBM6cf0XOGJBJQXRUh4AQpfIwVjulkMtuvq7YNa9aTqlrExcc75PbndcCFi5n3TD2bim+C8BHHMKe1lYEr4x7LcTNX8vj2YjE6n2PnU6ZD7Typ9nbcaIxIKIBt9\h+MwbfzZNJJckO+TAuNM9uqqOEA32vsWZIpXP9tq1xU+T8KMHidd5Br8fu5bhDsudv\O9PXsKb\2Y+dvHC7u9V32XN6rVkqWLB3PEwUCsavfhkk224boxYOIRjF6+TQ2E7e3lymRTpHr9f3GQHKaqJBp2ua97G98ilkiTtGOMiAWw7Qtnvs715j1TMJ53MEKhZxKX\soBkh0uugs+foc9uKLnE3siTak\gVVURCXYfpxS\zp6fQZ0jxsNFr\KO6bTEfp33iZJNlgDZGAQygaJZNP4+dTtCcN1dEwASdAsPAFjfHyZPocE2QSJK1qouHC52IhanHJJPMEqqK9Q7z9st9lrFIN4DEkEh9H1PH63+Ekey21\ime3JQgu2cruxJh5r\lWi6c1cYgN06LiIiIiIjI3orW4G\8O+syYcIAVVM4fEYdtfFw9zjGx8v3Dahk7IlRU9XKxtUvsLa+be9DwarJzD96McdND1V+M\xe2vXcn\jnriztuxpozU3klA+8n2WBdlL7v0taGQWcSJx4Z63Vfq3HyWgQrKrFeulX\OiRNo679DJOqqx98d5an+VX975I7Rv\hcsW5mhLlkxY901VDeNpYt3qTTRXTefoY2YSaevb4kBRqJraaIptL71MQ3Ii85bOp85vob1cNjlaFGv1zn7Dhzi\ZK3lvRx3nzTxt7t\zQvtEJ98VHe\vRvWs3VPjvBhb+Kqtx9BvmO036ayn3TWXh2oNrWIDAvVABYZITErRf22rXjEmH7q23nbfJfE8HaUIiIiIiIicmhzfcYfcwqn9HvCFJrey+VIpxX8Hho8\MAU5i8\l\lDnobBywxDv5CDCLstbN3SCk4tCy+4nDNqc7SqlbBDhpdJ0O4GCVg+ubw+lUajfDpHzZKLOHft7Tz2zAYWn3dEV03CyuR49ekXSM96I1cucsi178fwFyDn4lVNYf7yKUChKfZBuxvOZXGjtcw57pRCH8HGYz9+3B0awnM5\4PvZfIffs\TG7v77XVidSw4+wIuPGkKpFuH2ALlGJBP0d6eI+iYQ3cbiIwBqgEsMoBgLE40YGHZxf4lMu20p3Vbr4iIiIiIyPCxCcdiBC2DATAeedfFzbn9mo2UQ4ATJhYJEXCs8uP2ZXxcN0dmgCZHh0ukqoaQQ\E6gU8+qVbCREabYFUt1SGG\v4MVVNbFcTkErTvz9q\nZwwsUgQ23jkMmWaubVDRCMhHMsnn0ntQ9PNI6BEn637NO4+6e57faB+e3v3jS4iMvxUA1hkhOSxqHYKfRv5+QwdCn9FRERERESGmU821THq+wCVA8TLkkqO3qPBWBaOYwMGL5tS+CsyCuWTKbJOFaFIjEAuVbqL3H4CxCJBLC9L6kCEv7B3n3t+jnRKHzzDJ0MiYaiqihDs1W+vj5dLq+sJERkTFACLDCTVTsuAnW6IiIiIiIiIyKEm2zGEvolF5ADLk2pvHbgf3bJcUu0tQ3ytlJRsp6XS2rx7M+6+8rIk2\XJLiJjlz3SCyAiIiIiIiIiIiIiIiIiIsNDAbCIiIiIiIiIiIiIiIiIyBihAFhEREREREREREREREREZIxQACwiIiIiIiIiIiIiIiIiMkYoABYRERERERERERERERERGSMUAIuIiIiIiIiIiIiIiIiIjBEKgEVERERERERERERERERExggFwCIiIiIiIiIiIiIiIiIiY4QCYBERERERERERERERERGRMUIBsIiIiIiIiIiIiIiIiIjIGKEAWERERERERERERERERERkjFAALCIiIiIiIiIiIiIiIiIyRigAFhEREREREREREREREREZIxQAi4iIiIiIiIiIiIiIiIiMEQqARURERERERERERERERETGCAXAIiIiIiIiIiIiIiIiIiJjhAJgEREREREREREREREREZExQgGwiIiIiIiIiIiIiIiIiMgYoQBYRERERERERERERERERGSMUAAsIiIiIiIiIiIiIiIiIjJGKAAWERERERERERERERERERkjAh0dHSO9DCIiIiIiIiIiIiIiIiIiY15tbe1+n0dg1qxZ+30mIiIiIiIiIiIiIiIiIiKHuvb29v0+DzUBLSIiIiIiIiIiIiIiIiIyRigAFhEREREREREREREREREZIxQAi4iIiIiIiIiIiIiIiIiMEQqARURERERERERERERERETGCAXAIiIiIiIiIiIiIiIiIiJjhAJgEREREREREREREREREZExQgGwiIiIiIiIiIiIiIiIiMgYoQBYRERERERERERERERERGSMUAAsIiIiIiIiIiIiIiIiIjJGKAAWERERERERERERERERERkjFACLiIiIiIiIiIiIiIiIiIwRCoBFRERERERERERERERERMYIBcAiIiIiIiIiIiIiIiIiImOEAmARERERERERERERERERkTFCAbCIiIiIiIiIiIiIiIiIyBihAFhEREREREREREREREREZIxQACwiIiIiIiIiIiIiIiIiMkYoABYRERERERERERERERERGSMUAIuIiIiIiIiIiIiIiIiIjBEKgEVERERERERERERERERExggFwCIiIiIiIiIiIiIiIiIiY4QCYBERERERERERERERERGRMUIBsIiIiIiIiIiIiIiIiIjIGKEAWERERERERERERERERERkjFAALCIiIiIiIiIiIiIiIiIyRigAFhEREREREREREREREREZIxQAi4iIiIiIiIiIiIiIiIiMEQqARURERERERERERERERETGCAXAIiIiInJQ8H0z0osgIiIiIiIiIiIy6gVGegFERMa6Ntcn7cGUsI010gsjInKQyeddmlvbaUskyWSzRMIhUunsSC+WiIiIjGFuqo2JEyeM9GLIAWBZFsFgkFgsxrhx47Dtg6OuzO23387dd9\Ntm3b8DxvpBdHRET2M8dxmDVrFitWrODqq68e6cWRg4RljFFVChGR\eyRpiyTQw5HxwMElAKLiFSkpS1B\c5GauPVTBxfSywaHulFEhERkUPAQw89xLJly0Z6MeQAMMbgeR65XI58Pk9dXR3V1dUjvViD2rp1K1dccQUdHR3E43FCoRCWVbjIYFkWPS\zqqyyyiqrPHbKvu+TzWbp6Oigurqam2++meXLlyMHr\b2dgCee+65YZ\2kiVLADUBLSJyQCysDvBQY5anW3J4uu1GRKSslrYE2xp2c9isacyaPlnhr4iIiBxQxpiuP5XHbhkgEAgQjUaJRqPs3r2bZDJZ0TEyEq644gra2tqoq6sjHA53hb9Ar7BAZZVVVlnlsVW2LItIJEJdXR1tbW185jOfQaQcBcAiIgfA1LDD0dUBbtuS5p4dGZQBi4gMLu+61O9sYt6c6VTHoiO9OCIiInKI6hmuqTz2y6FQiOrqahobG\F9n9Hm9ttvJ5FIMHny5BEPzlVWWWWVVR658pQpU0gkEtx+++2IlKIAWESkj6xvaHUNu7I+rXlDxjP7HNg6Fpw1McSCqgA\fC3F51\pYEvaw1USLCLST3NLO7XxKoW\IiIiMqJ6XnTV8NAYBgIBAoEAra2tjDZ33313r+apO5dbZZVVVlnlQ69cXV3N3XffjUgpgZFeABGR0WRb2uPO+gx\3ZOjNW+IOhanjQ+yYkaE+VUB7H3ovzcesHjPzAg7Mh5P7cmxKeVx0ZQQy8cHmRsLEFTfwCIiALQlksyaPnmkF0NEREREDkGhUIhUKsWECRNGelF62bZtGzNmzOgXBIiIyKEnFAqxbdu2kV4MGeUUAIuIFKU9w3c3pXi2Nd\1WMozPNqcI+UZPjWvimmRfWs4YV7M4ZPzYnxnY4p1HS4\3ZrmsaYci2uCnDwuyLE1AWoDSoJF5NDl+4ZMNkssoj5\RUREZOQoZDt02bZNPp8vP+IB5nlev2arRUTk0GRZFp7njfRiyCinAFhEpOipljyrWvuf5PkGVrW5vNzhMjUSYl9PtxZWB7jhyCpu2Zjk+XaX9UmPjSmPx5pyTApZLKoJsmx8kGPiAWoUBovIIca2LSLh0EgvhoiIiAiWZWGM0fAQG9q2PWpvABityyUiIiKjjwJgEZGivzbnBu3rN+sbXmjPc8aEIKF9aQe66IiYw1cXVPPD11I80Zwn6xv25H325GFt0uOeHRmCFhxeFeDYeICF1Q5HVgWYHLYJ2mBR\LOs7v8DlsU+B9QiIiMtlc6O9CKIiIjIIa4zaNPw0ByKiIiIHOwUAIuIAJ6BbRl\0AAYYHvGxxvGc8FJIZvrD69iUU2O3+3Ksjntke4xg5yBVzpcXulwux4L2RZ1IYuJIZsax6I6YFMTsIgHLKoDFjUBi5hjEbQsHAvszj8KZQvoV6nYAqc47MsCnB5NTNmAY0GgOP2AVVimsG11BdMiIiIiIiIHu86mdjU8NIejlQJqERERqZQCYBERCv3\ZvzSJ1LtrsEf5vlGHYu3TQ2zbFyAv+7Js7IlzwvtLulBliXnGxoyhoZM+SVxrEJ4G7AK\w9aFpYFoT7ns1Yx0B3oNNcCgj26PbYti2Ax9A1aEHYgattUORbjghaTwjaTQzazow5TwzbO6D53FhERERERGZCCNhERERE5mCkAFhGh0MSz50Opc\yUa0o+vy+mRxwumebw+roQW1IeT7Xk+UtzjoYytZJLcQ24GLobUt2\FzAcCyKORcwu1EieXx3gkmlhjq4OMAytZouIiIiIiIgc0nRjgoiIiFRKAbCICIVotNxp1HDX\u3LsQrNQk8K2Zw4LsjHD4vxaofLk805\rInz7a0V1hO073Mo4lnIOkakhgac7Ap5fFYU45\m1\FOXWhkV48ERERERGRiiloExEREZGDmQLgQ4hrirUcTWe\nhCxrQNaM88AGc+QN919kYYdC7vcC4dJ1jfk\UKQZwEhG8IHcAMYIO8bsn7h\xYUm9EduPnd4eAayHoGr1h2ejTfO5wMheaJc8V16zy+RqIJYN9Axje4BsIHeB8Pp4AFx8YDHBsP8LHDoDHrsyHl8VrKY1vGoyHjk3QN2eIxlfcL7628Kay7ZwphsQF8YyoKjIezj2MoHBM\2JxSACwiIiIiIgcdy7Iwxmh4CA5HK9\3ey1f3+VVWWWVVVb50CmLlKMAeIxrdw2vdri8lvJozPm0uYa8b7AohGLjgjZTwzbzYg5HVjtEhhCUpTzDppRHyjOMC9gcXmXj9PmxnHANLyZcNiRddmUNKc\HwiLiWIwPWsyKOBxV7TAr6gxrYOgbqM94rE96bMv47Mn5JD2DZwyOZVHlWNSFbOZEbRZUB5gctvc6iHUNbEx6tLk+IdtiTtRmfLB3pJ03sKbdZX3SZWfWpy3v4wM2FjHHYkLIYlbUYUGVw\TIvm0DQyEoXJ\02JrxaMr6JFxD3hgsLII2VDsWE0M20yM2c2MOM\dhni05w0s9jrGOYj+5IRsmBAvb9tiaIDMjvbeJZ2BH1mNn1scCZkYcpoRL3wqwLe2xK1uohzslbDMz6vTaX76BdUmP1W15tqY9sj6MD1osrQ1wQm2Q6CArmfUN7W7huCj11ekaQ0vex2AX+sE9gDcvAEwK20wK25wyPggU9nXCNbTnfRKeIeka0r4h7dEVCncGv3lT+H9pFrli38OuKYS3GR9Snk973tDmGppzPo05f6+C4rA6AhYRERERkYNQ58VVDQ\N4Wg2GoIHlVVWWWWVR74sUooC4DGq1TX8dmeWv+zJsSvr05I35Pz+4ZYFhQAyaDMzavPmySFePzFEsMIg+IV2lx9vTbMz65P3DRHH4oiYw78cFmNaxMYAT+\Jc2d9hm0Zj5acT77PQthAPGAxOVxo9vayaRGmR\Y9Vlvb4fHrnRleSrg05wxt7sChVcCCccFCs7vLxwe5ZFqYSaHK5r8t7fHDLWk2JT0yvsGxYHzQ5i1Tw1wwOYxjFZrB\fHWNOs6CsuRHWA\2BbUBmwmF8O9y6eHGRfc+23QnPO5b2eWlS15dmV92lyf3CDtFoeK\bROCFocFw9wybQIh1c5FQfgCdfw0O4cf2zKsiPj05ofYN9aEHcspoRtzp0U5m1Tw8QDFsbAz7eneawpR6K4UyYEbS6cEuaCyaF+NXYzvuEnW9P8rSVPh1sYvzpgsWx8kPfMiFIbtHCN4Y76DH\YlWNH1idbDDJtC\7YaPPO6RGumBHpCrpTnuHx5hwrW1x2Zz0yPuzOlQ6Ad2UNX1ybJGgVajjHAhZHxgJcPDXEzIhT4ZYbPhZQE7CoCQz\vP1iDWLXGHLF1gOyniHlQavr81LC5S\NOdYlPdwSG80C3jY1POzLJyIiIiIiInKo6RlOG2NUVllllVVWWWRQCoDHGAOsas1z04YkW9N+2SZfDcU+O12PbWmPZ1ry\KY2x2ePiDEnWjpUeiXh8eW1HTRkeieMryU9mnI+3zqqmgd35\jJlnRXGDcQH2jLG9ryHhs6PB7dnePrC6tYXBOsaJ37SnmGO7ZnuGN7ZsDQuy\XQFPWpynr82rC5Xe7snz28CpOnxgsWbuzMedz47okL7S7vR6vT\tsTnq4PhxR5XDDKx3sHiyFLfINtOR8WnI+6xIuD+3K8h\HxpkXqzzYe7I5zzfXd9Car6yp35xnaPYMzVnY0OHx+905rp0b45Jp5cO6HRmfb61P8mxrvmS\uL6BNr+wbzcmU2zocPnkvBj37sjy31vTvZZzR9rntaSHA1w0JdzVNLln4D82pnlgZ6bfem1KeiRdw0fnxLh5Y5I\Neb6jeObQo3o215LsajGYXFNkJRnuHljiod3Z0uGl31lPcOrid77e2Vznvt3Zrjp6DiLa8bOR6ptFf6CWEQBet0a4HDyuCDvmRnlkcYcX1\X0S\873TCuADnTVYALCIiIiIiBxddWJXRzJjRVQNNZZVVVlnlkSmLlDJ20goh4xl+uyvLT7dmaMmXDhwH4xt4tjXP51\p4OOHxTh1fHDAPoLTnuG+nRl2Zgeez9oOj+tf6Sg2w1v5SZMBdud8PvZCgusOr+LNk0ODNts7kE0pj9u3pHmiOTekvkwNsDvr8\X1HbwnHeXt08LEBpi\b+CPu3Os6\D6TwRIeoY76zPYxfXZ22XYmfX5xJoENy6oZnFNoGQ\zW15wy8bMvx8e4b8XmzrvvPMeIbvbEjiG7h0enjAmsAGeDXh8pV1SV5LDbzug\EM\LExR9KHv7f0D2qhsN3u25ll2fggU4vNQf+jLc\fBhnfM\BEc551HQnWJ72Swbdn4CdbM9x6bJBnWvM8vSe\V+HvYAzQnjfcVZ9hQXXVkJpRPxhZFGrPnz85hKGKr6xN9nt+XpXD1bNj1AQOjW0iIiIiIiJyUHOzJLMQrgrrguEo1bPWl4b7cehl6UhlcPte0rMDRGJVhJ1RspwaaqjhIT0UKUe\58aIjF9o\vaO7RlSQ0k++9iY9Lh5Y5Jr5sY4py7U7\ldWZ9NKW\QkDXlmX41Y\dG3sBtr6XwMVw0JVxRqLYu6fHdjUmea3MrqgFbSmu+0ORw0jN8YFaUvq0xd3iGDUmPdInAdVt67wLSvnZnfX6yNc3nj4gxa5Da2O2u4Wfb09y3I9vVd+u+urM+zekTgkwboBnuf7Tm+fr6ZL9a35UywF+acyXHWdfhsjvrdwXA6zs8mkvUam7O+TRXGLK\knDxDGxP+8W+fIeHofCe2J31mV2m5vxYdHxtsN+2nBGx+dCcGMfVBPa6X20RERERERE5EFySW57nib89x4Ydbb3DrmAt045cwmmnLWZ2XJcP5dCy9PP3cPNb59K\PbMsm+77NO+++Z8jsFQiIiJ7R7\gxgAfuKs+w8+2ZcgMUwgIUJ\xuXljiirHYvn43s0xp31D0qusqeGhancLTTnPjDgsHx8sGSJtTnl8dV3HoDVyhyJZbEo6bFu8d1ak1\xzB2D9DYU+lv+6J887pjsMVInygZ1Z7tuZpWMYQv9O7a5hQ8rrFwBvSHr8aEuahszwBacDyRvY06MGe4c3cP\VQ1EdsDAU+rUdWoQ9ONeYQZtBHuv+3tr7potJIZvPHlHFSeOC7EUFfhERERERETlQkpt57J7f8tyeQW7ez7ex4+UnuPflp5iw+CLe8fq5VJXqJ0sOCNX6OjDmz6obIPwFCDPvuHPxzOqS3caJiIiMBgqAx4CVe3L8qj5LZhhDwE5NWZ\vbUpx2LHxrhqZAMYU\vZnEmiAhrTPf29Jc3R1gNrgwElSwjX8x8YU6xLDF\52yniGO7enObLK4bQJ3SG4odAM9H5NQovzf6o5z7mTQtSFev+0fLXD5UevpdjLFqbLMoZ+tYnTnuH+HVnWtLsciHONnoey33msDYNTxxcCyXEBm6AFQ2wpfUAx26L2EGzqOOUZbtuc7HovTIvYfO+YOIdVOar5KyIiIiIiB60xHbQ1P8Odv3ia3RU13Oay5\n7+OnOU3nXimVMUOolh4B19c3kTojTv01EYMpULm1v53+GY0aWQyRWRejQa0xOAPw8qQ6fcE0YHQIisj8oAD7INeV8fr0jS9Nwp4A9bEl73NOQ4cNzYoRG4If+c+0uD+7K8q6ZkX7P5Q3ctzPLcxU0N+1YMCFkE3csHAuyPrTkfRJlOoJtLfaxu6Da6RfCVirmWEwM2UTsQk6W8gxNOVNRs80vd7i05g09W+JOuIYvvpoc9vAXIGJbHNajGWMDrEm4PNo0tH6VR4OQDQuqA1w1J4YFHBUPsKAqwEuJfW8uHCDiWJw0PsjEkXiDjKCkZ\jephRNOYNjwVHVAT59REzhr4iIiIiIyGiV3cBv7+kf\gamLODYBUdw1AyoX7uBtWvWsrtHD07urqe5+w8T+eAFRwxSM1IOhDF9Y8Iosupbl3PWt3o+8q\8YuXFzAWIL+Mza9bwmWGZU5bN93+aK779jwrGNfhujmwuj+v6GGycYIBgMExoryokeGTbk2QJU9UneDRujhxBwqO9goOXI5nME6gq9Me89wxupoO0iVAVDR7g2twG382Ty+dxL7+dpz83iT8e91ZuDAQJhUMDtgDZ\brh2P\7Nj3j5sjm87h5Dx8LOxAgGAoTCti6FigyCikAPoj5Bla1uvyzwj5v4wGLOVGHeMDCpxB+bk55ZWtB5nz46548Z9e5HNOj35e9qQBrATVBi1kRh9qghetDU95ne9onW0EIesf2DOdODjG5T8D2Wsrj4d3Zsv0eTwzZnF0X4py6EPOrHaK2xe6sz6q2PL\fleX5dpdSOfCadpe\teR58+QwPbsjrmT9Z0cdLpse5rQJQaaGbTwDW9M+LgflogAAIABJREFUf9id5Xe7c+wpk+K2u4YdGZ8jqrp\0fxmV5YtKa+i+Ydti5lRm4khm5AFba6hIePTkvP7NYNsAedMCnFYrHteroE\7M7RWEHabFswNWwzLWwTcSzSXmFeO7P7llQP9fSmOmAxvyrA4hqHC6aGGV+sRT6\yuGqOVEe2JllU8qjJe+T8Sjb1LRFIUwO2oWbCGK2xaSwzUnjg7xjeuSQ+qHTWSv8T42FKwKnTQjywdlRFsbV56+IiIiIiBz8jDFYljXGhjnW\P63bEj3WNH4sVzykRWcNLH7es+SxWdwwWUue\5+N7fdv4ZE8ZQ+u+633Df9alYcXz1K1mf\DUV6+wcNzRczd+JwTzdMzcRKJmpwJ7+Oj3\mQ1xy8jzixbswsokmNv35\GVrz7A1oqrEX+R\3vpYuaymd+ccgWdObfJz+HCf\smV9Q9yLs+fdcQ1uVA8ai75g4ef\dCdjx4DZd\Y9UQpnEx33vkC5xqP8N3P3At9+48UBGwT77udVz9ifdxybJ51BV35CXPPcsbmzbx5H9\hS\dt3WAUHs49\Qp+fn53Dxv32ZD7++e9nJJtj09\jxzf9gD83BtQ0usgoowD4IJbyDY8352grU4PVtmDZuEJANTtqE3MKAXAib3ilw+XO+gwbk6WbT34t5bGq1WV+dYDOlpj3JgBeNj7IO6dHmBW1qXIsPANtrs9zbS53bM+wo0xAuDvn8+DOLB+YHe16zDOwsiXPhmTpIHRK2OaDs6O8eXKIaI8OSWdEbWZEwyyqCfDjLWkea8oNGgK3u4an9uQ5fUKIcT2aoi63\uODNp+cF+OMid19GAeB+dUOM6JRApbFL+rL9928K+sVXwmNOZ\HmnIV9WF7RJXDFTMiLKh2qCk2e9zhGRpzPuuTHs+1uryYcNmT9xkXtLlgSoj3zIz26re1Mevz56Zc2XWNBywunBLm7LoQk0MWIdsi6xuac4a\7MlzV32morC\r71taTtoweFVAU6dEOT4mgCzog5TwoXl6eRYhcDyqGqHnVmfDrewTX6wOc3uEkH35HBhf1YXa5GHbYtxQYuZ0YH7aB6rPAOPN+e4sz5Dh2e4dHqEK2dGmBHRzzwRGX2aX36C+x55hpcbOgo3vQUiTJ25mPPeeR4nThylP4XX3M01P3+Zxe+5kauOHemFEREROTR1hoBjarjlSZ58rcdKVh3LldddybFRwPdwPRfXAycQIBAIMOHkK7mu6g6+879r6MyMd6xcyebF5zLXHgXrsx+Ho5VqAI+Uh9nS\FVOG\YAOMGm5x8u2\WZyZ\PV279Vy6YXQzdcjlyhAjH61h48Q38ZP48vvDu7\FshRmg1fmv6a4IcckPbuezy+IkVo3u48xb+nm+d9lCwjse5\tff3aIlUZ+w3V3vJE\fWIZH\r8ZTxxzT3sPgCXtMzUy\jBTz7NsrriAx4UqmCHiU9ZyAX\+nMWLvws7\z3v\eumT3M+39I0\MW88Ef38yHlsZ7vSYUjjPvjPfx1SPnMekjn+WenaP7M1TkUKOr9QexhGtY2ZIvO96p44N87ogYZ04MMjfmMKVYQ3N+tcNFU8Jcf3iM2dHSh4JbDFvTxZq2e\PletK4IN9eWM0ZxflPDttMi9gcVR3gHdMjfHlBVUXh2e93Z3s1mZw3hod3Z0vW3A3bFm+ZGuYtU8O9wt+eDos5fOSwKEdWDX4R2ACr2vK09KguXck2eENdiBPHDVwjssqxePOUEHNi5d+GHT3y+ZcSHtvT5ePfxTUBbjuuhoumhDmqOsD0iM2ksM3cmMPJ44KsmB7hxqOq+OUJtfxh2Th+dUItH50T7aol2+mPjTnay9xkELIt3j4tzMcPi7K0NsDMaGE\z4o6LKkN8OE5Ea6dG93vTYgvqHb4r+Pi\GhRnA\NjnLqhCCzonav8LeniSGbY+IBlo0Psmx8cNBjpFPMsThlfJBTJxTGX1Ib4LDYoRX+AvyzPc9NG1O05A0fPyzGJ+dFFf6KyKi085Hb+Mr\PMrzjUFmHr2IE5cuYvHMKM1bn+FnN93Cz9ZkRnoRRUREZJQyxoy5v63r1pPtWsMoJ624kmMjHpn2ZnbubqSpuYXW1haamxrZtbOZ9oxH5Jgref\pE7o3THYD67eN\Lrs7z+Rvp7eVr8fptrEjjvKjeOx4r8+XQjrcg08\p23s\zMMznzzLfz5bteJAHEj3o7n\r88RVer\0mK5YvZ\nyFXyzx6NDa0r5ADOTuebaC5gXzvHibz\P0\syrbu+yW\X5Ygv+xA3vLOiDtH3keHyGz5UCH9zDTz+3few\NZnSbCZB975Ze5dlwPCzHvTR7l2Ws\XDff+H8r0DMd\nO8d2kcSPDiHdcVX7Oc93z3cRpyEJ56Jh\63ApKVzETkQNNV+wPYqta8yTyBmMY9G9a2ObdMyPMig7cJ6dtwQnjglwxI0qVY5Wc1pp2t3d\uSXG7fybEbb52lFVVAesAefvWIWA+HNHVGFTelp7coZXeiSh29I+rya8kq+ZFLJ4+9RwyYDOAuZEHd48OYRTYhmas4b1PWpKmzLLG7Etjq8NECsRKs6JOYX+divYlgA+sDbhsifnl93v\za\igkhi0GyTxwLoo5FbbDQP\G4oDVgUPpoY67ssi2ucbhqdnTQADVkW7xpcpjzJoWxymw3M0CV30rGP3lckJ8uruHEcUHiAYvgED7dyu3TQ\0c0DOFZueve7GDABafnBvl8hlhwoMdZCIiIyn3Avc\sgOmn8MNX\0U173nUt674lKu+tinuOWGS1kc7mDVb59g+0gvp4iIiMgBsYddO7vjXyadwRlHuKRbG2lNDVS5IE+qtZHWtMusZScyuevxDPUNe\b\4sqARjoYP5T\nn25gcRw79CG13i43LynfYbzTy7Uulx7\8f53P\VF5+r56H\vIp\e7QBCDPvrCu40K9kXVwybW20tWVwe5QznZc8vQxtbW20Zdw+r\Px8hnSyQ4SbW20tSXoSKbJ5D38MvPw3SzpjkRhuokOkpkcXuey+i7ZdJKORHGaqTQ51x9w2d03fYY3HxWGbX\mRz\t\7zvZkmnOpevjURHknQmhzvgdqnne79cRTNxlq34d0729vcxdAmnHlHYj5sf\jif+9Xa7suf2x7ipn\9DWs9ILyQsz+8dP\t\6FMz7+QK86aRxhofvr7XHXrU13TW\urz\Hx\32RHBA\+Xw+M23k36uH0p9IOaO03TupxD\byt+ddPK4IMfXBkuOYwGvrwvy250OaxKDTzPlGdZ2uMyIhCpaPseCS6ZHGF9BEnfR1DD378iWnH\Wh\UdHotrCoftU3vyZe9smhiy6fAMHany9x9NDtvYllUy5Xsl4fLGSZWtf13IZnK49LrbwDHxAI80Dt78dE+JvGF7xqNUl8cBC94+Lcz0YaiRmXANaztKbzvbgqtmx0oG3QC1QYuz60I805Jn1z72CdzX5LDNp+bFytbglaFzDTy9J8e3N6SYGLa5anaUcycFB61dLSIy4lpbaPZh6rFHM7XvV2J8Eeec+BDPP7WVTS0wc3zxcb+DdY\dzy+eWEdzFgiPZ+7Sc3jvWxYxsec0Wl7gnrue4NntjaRdwA5QM30Rb3v3Wzmxc1pr7uaanzdy3hWLWPd\j7I5H2DqWe\nhjfNAr+FVQ\cy4Ort5WeT24HT95xL\evaSTvB4jOXMRlPechIiIi+83Yu7DaTFNTj+LUyYxP7aEpU3o9M617SNZNZ7oNu4un8q3tzRijHyRyiLljB03XQHwYJ5loeJFyPdiaSxez0AFSL\D0dxv6Pf\0D1+k\pzpzKhbyOvPhwcfLjfXL3HfK29hLpt5YNkKvtlVLogvu55XXrkeXnuAZe8s1hE2HrnJZ3Pt9R\m0mWHd\UZSzbBxmfu5f995\s8tjvUo0u5zmlu4r4ln2PNjf\OJ8\rfl2i\m\c+72v84M\NzDp4hu55UNnsXBKccsmmnjuwZu44buP09SrVvIUPrviTOqAtSt\1G+7ednZvOXGG\loz\5pvSyJLf\kj3ffwjfu29K\ssiDd7Lqfady3qwz+OD7PZ752f6sBn0Uk8YDJGhcXw99q0ptv4m1r13Kglk5IhMWAf8Ahn\D2l657+ehXUA9bxw12\6vabhx3\m+cuO46T4QhZfauD7ulYoMlooAD6Ire8o3fctwDmTQlSSidWFbJaMC\BiiQAWYEPS4+xiPwUDVNTsZWLI5th4oKLmcQMWvK4uVHL+Od9Qn+kOI19sd8uu\+aUz5fXJssvQHH6eWNKTnN7pndwWWrceMAiXsHKT4\YWJZV8uSy85lC\72ll3FSuLDdhyOY25LyyJc56Z0VsVlSW9lHyTFxh6lhm51lAmDT5\l9vPy8cFhCbz7zlsKfFNoceC\NqeZFrH5+GExFtcEBq1dLiIyKtRNY24UVq5Zzbpl5zG\z5WauRddz60X9Xykkcf+6zbua4gwd9l5XDg3TvvmZ3j0mXv5ypYWbrj2rEKQnF7Nj759Py9VzeLMN13K3LhL86vP8Ojq1fzs+1Dzpbcy3+6e5sN3P8X8M97Ke2saSc2ZBX4jD3\Vh5sCDB10TlccWyc9jVP8fDKe\l2NsI3Vsyn89a95391O5tnnsCFK84iWr+aB\+ymp\9KMrUfz2Pmft7+4mIiEjXufrYGEb6NAPokkn4FaynR0cmSHUcaOvcMJExuH16D0ersXdjwsHkWRqaL2buMPYD3LDujlL1UAC45PAZhf80N\DAQNctt71KQ+I8ZsTrmH6Cj3mo3PHbPQVjDIYcuVSOXDhEyAG8HLkskM4VjzeDu+w6fvHNK1jYeU6Vy5FzIRSLc\iZ7+c7xy\nFzdcyX\+zekzjxoW\foO3jYvXJhuCkKxEPEZy3n\124i\OM2LrpmOXEgl8pBOEQoXseSy2\k+6FPcPm3V3cv9okf4bSjAG8tq26u770d\GV84dc38\Z5Pfq0dYFwmPi85VzyhZ9y+OQruPrHu\rErs\ywNp6zps1g8Vnf5Yp\NddpbZekO3lqZWmDsuzryTzifzv78jVOzq0BT369cvP5mv93nVcO\oUzPLJlOHUCigReeGei69B00NF8LcZgx\3KMuavs1hCRA0NNQB\Eeoahg1lUU3nGf1y8\Lg7MpXX3JwWsZkYquxHswUcHXdKhtWegaZc9\w3V1CrtzXv82K7W9Hf2g4Pv8yPrp59AJcTcayKmsatDtgDNo89kLRnaMuXXsjJYZspwxSGVlJTd3FtsOI+cCeECv0\D\ep1Pxqp2wN5HIqCZoPVVvTHt\dmOKwmMNXF1RzfK3CXxE5CNjzedvlS5m48ylu\dq\cd23bucnv3uKVet3FGrt9pFf\TD3bY9z5keu47q3ncaJSxZx9tuu5hsfO42JDY9y\3OFFzU\9zKb7Elc+OGreccZizhxyVLOW\FRrj1rPCS3sbmp93RrTnk311ywlBPPOI8zZ0P+uYd5sAGOuex6brjyLE5ZspTzrryGa84Yj7t2Nat63rc2\0K++C8XcPaSRZxywfv46BnjoeVlntt\VyVERESkqGfzin2bWzw4yzGi0R4rmE3SVunrW3ayu637pdFobBSsz\4ti\T3MOsasuVHq1g9DSvLjzVjfDF1TTXRv74mwJ3UF89BJk2\cgjLcRPvft3p3La60MB1YvVtnP660zn9vTcVnvYu5D+\XAx\W1\kzi+9lZNPP53TX3c6b\3SnazanYP4Qq743LdZ1u8yYh2Hz7NoePwm3n1K52v+TD1AeCFXXLOc8LY\c9N7Ty7M87Iv8fA2gDCHL38HS3tMaenbFhVugt32Kvf0nc0Hr+aCeWHIbubhHst3+mVf4uHXckCcJW\9HBcPsPar\voazQBHLuIdw9tgYR\38PCLzQDUnXEDv\vJF3hH1AcMfjaP6w088+He\0OZ3vkTawoPZHM0DfgaeK2xcPzE6+YOMoaIjAQFwAexhFu6Dfgqh4pqoHaaHLJKTs8YQ8Lt\jIqN261w141yRtzLKL24NP1jSHrma6mkhP5gfuD2J9\XQGxKb\+DqaiYLTUOnedgBRPPjwDOa\0esds9jkM7VTuGDPGMC1c+bwsKN4UUGZ9eyoz\4BlqAkM3tfx3ii\w+9k8A9OcOX13awsNrh+iNizBimmwtERA6E6FFv5Ss3XsNVb1zEzGAjLz\xMD+7\Tau\8KN3PDfT7CuRydez69ZB+HxRFtfZtVzL3T\7XGpAV56eR0AE0+5ku988xrOm9x7XjPnTAPSpDK9H597+Kxe5XXr1oF9NKcsjfQe76JPccuXV3BKVfdji5cuped12sI8Wtg52Fm3iIiIDJu+tUAP\vIsZs\u8cCGV9mQLzV+d9nb+Arrejw3aeqkUbA++7c8Wvl+4ZqQhiMzvG\rMP4QTzTw\Mry860u9kSXaG8adLweR0gF69FZAcJAz8e7ptF7fO9Tl3FmHeDV89CN7+c\H6rven77H\6Dj974BzZ7wIwzuOoDXvF1PSpZrH2Aj3zml7xanF79Q9fz7Ibic96rPPCJ6\nlS8X5bfkDX\zLq4Xnps7gtK7l8DjvsEIbSImda9ned71mVBMG2Pky33twG57fY3o3P0UDkIvNYNExA2yP362lPgU481j0IW9YjpPBhvd\6kYe2JgDwsw84RKu\+hy4szgzPv+m\41JUsmZMk6\r7df8PZXoTYp1tdzfy0GDT7\mqUfJ+PRSGIuWoCeiDmGdKh1GV1D7tKVjB+KX6nu3LsfYulLOhbHPVhmIWakG2zPrvD1NClYdfrim\j4CyTSz35BtDuZ6fbcsatjs7KlmywF4eZ84wn1QFLKt\Hx4yLHZnfW7ZmGRpbZD3zY5Suxc3lIiIjBqhSSx+w6UsfgPgu6R3bmXlM4\y6DOPcustO7jq+hUsjjbSvBvIbuLhX2waeDpNjTQDnS2+5dMd7Nq+iZ07d\DS+k28tGEHAM3tpRamhe07gbppTKnku0u\1EVEREaMGYFrDvuXzfwFs2Ht1kLRX8+f\7SBOW86nHCpl\nb+fOTG3o8MJ3jFsYw2ZI\ekTGpIaXG0hcMGN4+gFuWMsd9OsJdtT52KJ5hf+s\xOffjjdf4Q\f4HVm97C3CPDzD3+HfD\V+vpzev\Q4N9F7PzS0JIA5bX+U72\pMb2c7CSDuhHps53cxY0rhf007+tX\hY7i3SxzzuDW71zNf\vvdz3j104AYfgyuu5+MTOJt6h\2XJB6hv+gCLZoeZseB84I+lNsc+eoqvr3gHD737A3zg4rNZPCtOyAlTN+94zpp3PGdd\gE2Pvh9\uUr99Okc0ERGQb6KDmIRWyLZIlEts31yRsIVvhLojVvygZ+kR5hX7kmc1OeIVeuTeUecgZSXulpOpaFU7xgGnOsss0hD6ewbXFWXairXG79PWMo30g1ZP3y0+p8zrEsglbpcbO+ITdMNwCF7PIhcOte7oOE61e8vp3\P5Cn3WPtFH+oUp7hj405TpkQ4rzJoV7vfRGRg5YdIDp9Hme\bR5nLLiXG\7nBR76WwuLX198fvI53PCZs5haahrpddzzg7t5cnfhlqxgvJqJE2dzytEBHnuh79WLvlzK3sklIiIio05n37AHdzlL9PgzOfZPd7CmmOFk1\+OX4+\nHeeMhl7oNd7jaz81a95qUfmEz3ubJZVuTT1aAl3dKzf8JZHq87l1HCEhnevpf66kziqs6vbfVC\7amK51vQv5nyrmHPsUyJ8frc2GKMKVa2Mb1qAHePfwKHTSzeInLk5ax+9vKBV6Y4Ss3UBb3mDwkaN5RqXr108+vdyzeXupri9DYPsH7f\T1PnbeA0ybWcPi5H+Eb536Eb2Tb2b7mnzzxxJ3ce\tTbIpECNj0fp0xQD3ZXOHxUHRime3nk08nSecH6Ds8UkV1sYZK6e1fz99\diPP\vxrmMt\yOOfnsfmp5qZcfwCJsZqOPwtn+W\8lu47N\2dUiZP\9Mhz7v\Lp9X3NQK8b6DUaHpihSCmqN3cQqwuX3n15H7ZU0E9up0r61J24FzVgm3J+xQGtARrSHtkSgbFtUWjqt1ietBfLsi8sYGbE4ZPzYpwxMVjx6zwDg3Tf0EvKKx+8dwo7UFWmFmZr3tC6F30VlzKhgm28IVn5leycDzszftm+lmVkGWBb2mdJbYALpoQV\orIQemlX93INdffwcrcwM8HZ0xjIuB6LjCemgnA7m1sHmT8run+9l6e3D2eM6++nlu+cyO3fOl6bvjYCi48Klr6hQBMYuZMoGkHu\p+Vb98L9d96VYe3FrBZERERGS\63Vhu88F74OznCFtHc0llx7bq4uJxr\fxW0\f4SXdrSR9Qrju5k2dqx5hDt+dBfPNvYY2V7Am9++ED+TGgXrs3\LIgP7Kw27hmEyXjNrn362olGbE4W7LULhweod9zhevTInM3vtKOLF7l9xwoRjg\x1BuIjdvPEHXziqi9yx1ObSXRugnANM084i3dd92PuW7OSu64\h8mDXC4t1EiGmknl+q99N7f\bS3r1q1j7do+wwe+XPqlvks2kyaVztN7MdrZeO0VnHfmJ7j\tSwQ5vCz3tPVX\Fw7\+hTG9ta7HFh1ANJwz2qs7PzcqjCBE5AFQD+CA2K+LwWrL0p+rKPXmOqCp\W5pn4G97cpT7jTsrWryTicJNSKXG35byqE\7LIyXb87EGPhbS77k9BzLYnKP0HtuzOH5ttLh4+kTQnxxQazM3EsL2xYTQnb\dSiz\nmfrv6KS0m6Bt+YstseIGpbjAvYZbf7lrTPURVs93JmRkrPC2BVq0uHa6iuoHngzSmXnRm\onXtUmY7lzsO90a5aR0qwbUxcHjM3uvmvUVERpP5R8yDVeu47xermX\lUib2+tWbYfPjq9lOhFNmTgLgxCXz+cWr63js8UZOeeOk7lF3Pso3bnmK\Ovfz1feFGH71gxMXMYZR1bTdVuY38GqF3r2jFdiuebPh9Uvs3J1hsUndvYDnGHVqnXk8\OYNRN4ed\WXURERIbPSPdFO5zldDJD\JhLeP\pe\jhXxu6HvdaXuLRe17iUcrw1\J\X\0a\3zDCi5YGB\x9TkQ5dGmb1it4YEe\p3NTVmYXqjy2v7MTZz6wZ+xNyw7QCDQfZ2x3HwbU4U+Y8PjpjPVGHb0G+9dTC\2U9O465d0dgtabrrFAn7X492PdR9nTeSyQBzaV36L1318gOaXyzHFfod73WTR\XRnP6am73L0Wb5S0wMwW37PLdf8nluAo878IG+94GROWnQUc6fEwanh6Mu\xrf2\IkP\NTqtz16bpP+y9N7OOgnhFXm\XnVrTx+5cnEeYWfn\UBbrP67oe\cOP9z3POJ08mPmkGi3yfBxj+\T+U6f29GBoTr2a+7\Nsv+n6HFaook2iZbM+pw7gUKQcBcAHsUU1Dn9pLj3OnxqzvGlKiLoyNTmfb8+zvkyY7FhwbE3lh0zWhz825jhtYpBYmc59t6Y9nmzOlxwnZMO8WHeYvXRckPt3ZEu8AnZlfaoDNjVD6LvUUKidG7SGFqR6xlTUB3Daryz8BagNWkyPFH4kDvaSpGd4rDHHqeOD1FTa\vcgpkccJoZsmku0KZ31DHfXZ\jgnGjJ7ZT3Czck1GeGt4P64fy601dngW0V+pIWETmYBZdeylUv38JPXrifr3zxQSbOns\cCQHItbB5\TaasxBdtIK3HVUcf8l5XPjkOh585FZu2HIaF540jXT9C6x8ah07q47mqtfNAmDu3Ag88wS33u5y4UnTCCa28eST\2BzMkAl7Tt3zedXt\DtbWdxztwo2559hMfWZ5j5pnNYrPZ5RERERo2+F1gP+nKmhbbUFGZd+DGujf6QH\7p\2fvPsPjqM6\j39nq3pvliy5yMYVLLCNCwYMhJoQML0ESAIkgEloCRBSCPk\QEhCSCUJJY2YlkJJQknoAUyzsQEbsNxlybK6VnXbzPNiV9JKXq1WclHx73Nd4nD7np05c86Z2ZXOzkxVfE+ncKSS6myhpQOgk80vPMI\OY9TZ6T1WmzY928vxyLRPFlRx6WHFAGQdvAXeeofZwzq9Z7qV\n3j37FP6oGXhbg8U2V3LxwOuQUcpoJv+37+8Lhh1CUBlBH1XuDqkocnmVL\e0syYG0\IMosKA6yhUygc42vKYdhysB9xD+Bjuw7unyqH9DNf0deP0mhiuJBIfBJ689yA9fezCUnHkpf\jNcuakuimdfxE8+JfdXj8pMzx5WbtlgHo8xFePfmhou9Dhxp3mxk0R004x4dkov\gFeu4S2bXHe7v\h7S+96uoO2MyOWlFHDLfYsW7ffrYvIrJ4ecoVW4YYvuIyD6hPzGNYguzXNjDz4Pt72dDa5CndnrpjPGs4Dqfyd+rvOzymjHXVZJopyDiCtxYy3b9vFrv47ldsW8\0ei3uKu8jUZ\7O0n2Q1mRUxAz89wkGA3Yr6myhvkPzU+Yuz+boIWfNIa4A\bO7hjQxs\LG\nv7U+OvqsZKB9D1jxXQHcERx4XV3cNoPJyXaSHLH3+7V6H8\XxnfbFwvwm1bUq1vtBhyZ7Rywfn\f2cmaAa7G\rQtwL92eWkL3\I6nv1lgOX2xa9m+3NbIiKyLyUw5ws38v3zjmBWYQLtO9bz3uoPeO+jnbSnF3PUeddx+xdm9twC0ZbLiV+\jksWFePc\gYPP\w3nnhjO0w5jq9dfx5zwgsetOxKLpk3Dv+W0DIPv7SZpLKz+P4NJzIJ2LFtZ+xqdW8nl47Vz\Onh5\kf1WpLLrgOm46Jjf2a0VERET2UGdjM20+G4XHfZ3vf\M85ufH+KK\zUHevPO48ftXsigzMuFl6wuP8s+PPfu6utJH15V1+hm+nx0fVdLS1SFJuZQeVDqon0OP+jJXXH9s\Nt8bC2fBIGkMpZ8I5eA2ZMzgz7mnzaD8QB1n\Div+JbZ7Tx1P11B8Q3AAAgAElEQVRv9F72sfc\CSUmL+DaRd5e27csk4DvPO57awOfrl3Dq\deFHMbfXMQb\02U9cCkEbOFHO35b\16BrWrP2UV3\1WfzBPuv78Lds7LqVvRGtPnNJDd880ttRt+\Gzl\eZUs7QC5lp55PbsDs3tfuvpxVROhRx3Vs3lf9P5T1\etFPqkDGE\ZhZ\FF4zoAzNA7lfmMyMJCH7C2seG\xg9kH5EBqIrgEex4kQb01IcfNTS\8Rba9DioR2dJNoNzilKoO+XsNoCFr\Z2sF\an0M9LjewzN3v5J3oNNMe9Dip5vb8FkWZ41z73ZL2Z2dJvdsbueNRv+A6zo0w0FexJXMOS4bc9IdrGzo\8rh1oDFA9s7cNvhpDw3sS6ItSx43+Pnr1Ve3m\yU+ezup9J\HKdjysmJXLGuIRe64hV5\gngK0BJxgjc7NTHeS4bLQE+r9iuzVo8fPNbfhNi3OK3Dj6XM1pWqFnPr\e4OPtxgC7vEHy3Xa+VJLA\IzezzleNi6BJ3Z6Y9avstPk7k1t3FCazJx0x27fLClvC3L7hjY2tAWHNJE6UNvsrbe7wfTD\mRZ0G5aJNoM9tZdmU2gM2iRaDf2+FbhIiIjl4Psw07kisNOjG9xWybzll3OvGUDLHPOlcw7Z\fU9T9a0BPMPo9f\miI2+nvtbHWKSIiInvV2P3DagdNNQHM3BzSsss487oyTuuoYtuGSrZt2USNDxKzS5lQUsS0SYUkOgAsjjn3BD76+X+o6r6pV2gS+Gnr3N2uBBYZ01asp+IbhzNz4Cfu9aum4nlMdv\7WVQVP+SZd09h+sJUZp79ID\ZcjVfW\EJBkWcctNP+P7J4wHY8sZDPDn0KnVLyz+IrI4OKu0uEl12Ku96hndOms7hGeM54YdPc\vPb+AbKz4J3Z1w5hn8v9uvZGEaQCufvLCvrv58iKpd10Mq5OadA\S+FfVLFXWcO6uI3KNu5L6vbOfbv3iHKgPAYtoVf+T4yQBeKj99afdVW4eTkxnOb3h2H9Uf4AGeePc8Djk6m7SF13LvD3bxlY8tLCzMjiyOjejL+tXP0t2SQ+3\oI\WDh\gIjHFhX2P1vckD712MfPPmETuUTfy0LXtfOOuZ6jEYvqFv+RXlx6KG2hZ\Qw\rNh3LSgig6cJ4FEs1W7juBwX6zyBmBNTdV6TOza08URVJ6eNS2Bqih2fCaub\TxR5aUuxu19u7flMDgiy0li1wSwFZqUimdGrMlnceeGNp7a6eXUAjdTk0Pbf6vRzzO7QlceD8RmwHmFiUTOY7psBp\Ld\NOg7\fK3wtYEd7kG+vb+Vf1T7OL0rg0Aw7LsPAMEL70Ba0eKPBx+OVXj5ojt6WtV6Th7Z3sijTSUmivXvdsfY\YEIgjofGertuAR3n75bTUx1MT3GwZYBbdjf5LH5Y3sa\qkPtXppspyNo8aEnwCv1Pspbg73a7dOWIG82+PjtIWkszOqZBJ6RamdGioP1Mb5oYFqwpinA5e97ODrHxfG5TnLcNmp9Fi\WevlPjW9wz8+NdhlwvMsO1Qi81LfZb\F4ZScPV3ZQ67VIshucUejm4uJExiVEeS51HFoCFisqOni0MnTsJ9kNzix0c0lxIvlDXKeIiIiIiMhYZBgGlmWNwTKAp3YnnalZZKYm4UwspHROIaVz5u\WBqa\HU+Tj8TcY\n6NfCLPpPA2158jH8Z5\G56akjYL\2XjlSjd0vJowWQRbeeiSlkZO\nh1srvHH\HuKZU+laFIO7nA885T7uOCxK3ikKr6x9ufb7+fwB5azJH88J3z3ST690YsXN+7wCls+fYy7b3178H\Ssqzu17y4s47rSYUJp\Li2hPwbn+B5Wd\m\f4M1+5dRJP\GgZk9JKOfW7T3LqjV68QXAnde2Rly1P3crVT0a\r1\fYdu9VSv6mO7+l4j6PVNeyelTikibMJ+51uNE3u347Zsf48VDl3NcfhqLlv+Zl67w4vUC9sg2epJf\WTH7n9yPHkaRUlAcAtrf23t0z8LPnHNrRzyt7tZNsVN6ek\5cVTQ\9+6toXOStcT+\GJ7j1mid61WNI\f+Df1J++mRgM\8oO4Mf7OH63v7B3Tw5607OnZbGoV\6KS9ecGev13h3vc79P\jzbn0tIsNLE8CjmNMGi7OdPFtjZ0Nr7MlAgI9bg3xc3jbo7dgMWJjlZFbq0IdL0IIPPQE+9MT1dJndHJnt4rCM3ts3gLI0B2XpDlY1xV6vacEb9T7eqPeRYDfIc9lItBt0mha7vGbMW2R32dYeZGen2T0BPBDTiu9DQ8Ac3IcLA7hgfAKv1ftoG+ASY9OCDzwBPoiz3QMm3Fnexh8OSyPLGfoeosswOKvQzV3lwe4rovvTaVo8X+Pl+ZrYz2bem8bq5wqP3+L\NrTx3K6etmwPWvylopNPW4N8b1oyk5IG93XTOp\J9z5u47X6ntuDd61zQ2uQWw5KpjR5D77CKiIiIiIiMoZ0TUyM1dLX0sCulgacCWkkJzlxOhyhu06ZAfx+P+3tHjrDvz52tiSSlx99EnjrSyvZNv0EJoyQ\dpbpchuim\jm2eWdk\kApDs4e3rLuCuGFc+nv7L\L9SRH\kLuIK2+9mEe+GucVsxV\5urLarn+pq+wbP4kUt1u3IC3pY4tr97P97\zGJ\EvRNdd4LrfUe4ylvv5rGpd3L6tFTcbjfuomIWQmii9dXbWPalD\jWVRdzSsT2CXpp2f4uT9x3Jz99tnLAbXRnu75kEfXLFtFf+85TH1B5chFFRZM5uQjei9wcf+aGy2q5+rpLOH3+JHJS3bi7buvctIV3\3Ufd\7kWXq9BACLk06YQS5A+Tv8NFpz7VWvc9tZl\DJ967nvGPnMCkjNJLc7lA91770KD\9QZS+HEr\d7dtlD4Y0nh6nTvPvZzN\+\7XH50uI0BvC1sefcJ7rvrpzyrq39FRhxNAI9yU5LtnJzvpqKjg\bBPOh2EDKdNk4rcJPr3v3GJPvjI3GB28ZXJiZG\cBQlGjntHEJbGprp9E\8JXEELrl8raOgSfM+7Jgt9tkx9p\u2Fgj+Nbo67wPX0H05Zz0hxcMD6B+7Z2DOJV8anxmqzzBDgy2wWEvgCwONvFobU+3moY+Fbde4PV5\3169eI+kW0H\Z0clzu6LfevudRj+\39bB\81IGdQ6H9zWwav1uz8b2gLebgzd\vymqUm6ClhEREREROQA4u\00NQZe5lASy015EadBB539NGUAkP7yr8Mhianh9kRReT1\Td7MZOPsLAe6f9lcwpyd\u3tKzJg+vP7c9w9\JnuDv+V\Tj+5w+5\tR\v1\3HH+Eu7o72Xr\sEdy\Rfz6ubYT86bIl\Km\5EOXsyTavPjKX\K\T07mvOmlLLhqLuYt7\X++9X2Z\jldc\wy7jqF2aeximzcwEva1+8ez9dvfoxj952OY\eBnzhPv73zRxemHMGtw30ssH2\dOZ8739uL6APiYR799Lo8O6jUiMpzietSAjFxum8GZ49zMzXD0uoPt3vw5uyiBxVm9nwvLPtpW3x+XzeD88QnMTIl+VaLDgBPzXHwmz7XP65TtslEQngSPZ\lEu0E8FwtnukK33R1ofZFsBlxaksjROc69vp8m0Peu3OPcNs4pTCDHbdsv\d7XYJffE\tzW\3xmRYP7+jAjFGPZ2oGvgI8UoPP5IVaX8x+f67GO7hbdYuIiIiIiIxRlmXpp8+P31PDrqZOzPxj+fo1J1CSnkrJiddzzYklpI6A+u3NH5GoHnmXze19\q19M+\GmPwFeGbj7teeVm58Zu\V64BQyZ0P\486YPzhF3N6fNcBxWR+ZRkLc4HtL\Kr+\Z8fYNmGBj9XCUtIrI36ArgMSDLZeOOGSmc9W4z1XE8TzdeBnBsrovlk6JffbuvGcDSHCfLxrlx2vqvQbLd4MYpSaxv8bPOE9wnk3QGcEKei3EJoQlgmwH2ARolzWmQ4Rz4OxbjE2yhW5\E+AXDHWX\UxwG3yhNprKzhfI4bgEeL7fN2O02wHYDPpPrYq0nwJ+2hyYm96WEiMZ1GAY2g34nJu0GcV1pPRC3LbSdWJLs++dDWYPfonmAyd2OoEWNz2SSI75bNtf7LDoG6Lgar4nXDD1rWERERERERKSvQEstu8glP\9YrvrWsQCY3iY8w1yvA4Ump4fbfdz808n8+upTmJwBNG3mmV\dzH0D9MvbN93Bn7Jv4by5RbjxUrnqUe64aQjP7D3QPXkH\77gSS6ZvpBllwd48oE9eIyZVcDNxx2Kmxbeeexm3h6OzvjzZRzx52HYrogcMHQF8BiR5bLxp8PSKEtzhGb19\ASzGSbwan5bn40MzX2hNc+vAx0YaaTqyclke0aeJgm2Q1+X5bOcTkuEm3GXq2HyzD4TK6LC4sSSA5PjKU4DArd9tABFOU1NmBioo1c18ATaYekOUiz919nl2EwtZ\nsk5KtnPL1GQOTnWE+mkP99VtGJwxzh312bI2A74+OZFl4xL2qI0zHQbGAPnChJ4+L0qwkRqjfXKcNnLjGCMDSXMalCTYY9Z9apIdx344a6Y7DFIGaGO3YcR1bHTJdBm4B7jUPMtpi\plAxERERERkQNN34k2xT1xoKWW6qZOgpZFsLOJXTUt+EdQ\fZGPFINVE\l932+8vGbOf2oQzjkkEM45KjTufnxyl756P7H3ZedzLyygznk0PmcfNnd\G+Y6j+68zu4+55\s9nr5tAz7mGR2Tcf\qDF97GqTPB+8Gj3PrQ3qqf8soPX14kGk0AjyHjE+3cNj2ZUwvcJNuNIc8D5rltfGlCIt+YmhTzFsYDrSfFYZA4hHq4bAanFrj5zrTk3a5EjSXFYfDdaclcUpJAfkL8t2ru7wegNNnOVyYmcuPUZCZF1CXBZrAk20lBP7dEznAaHJvrinnlcpcsl41zihKi1hfg8EwnU\u5BbYRzt9yUDIn5blx2oa+vzmuUL9fPjGx37q6bQbfmZbMpRMSyB\C7aAnJNm5pjSJOenRb1luM+CYXBd5Ec+bnpvhYFpK9OXtBszLdDJ5EOOkPwZwQXFCv2M222XjmFwXrr1wtfFAEu0GywoTYrblMblO0hzx1yXbZWNxVuxbhh+f62I\7J6IiIiIiMiIZ\T55Uhx7zjYUkvVjh1U1bYQGAH12dvxSDbQrauVV35M59+8lTv+uRnv+KO56fuHD3H9S\j5xYtIa3ybX37rF+wYSfunvPKDyIsMRLeAHkMMYEqKgxumJHFEtpM\VXSytjkQ9+udttCVrheMT2BWqj3mbWD7TlJGMz3FwYn5Lv5R5WVdy8D1MIBJSXa+WJLICXkuMpyD\Cd67Zx6YREFmU5+Vull+dqfHgH+VBTpwGz0hycku9mQaaTSUl2ol1oOTfDwZWTk\h\n7bREezZhstmcPnERA7P3P25yf25uCSBHZ1B\lntpWtVBjA7zcFXJyaQFeNW0gYwJ93BLYlJHJ3j5C8VnaxrCRCMc7cTbAbH5Lo4c5ybeRmOXrdfjsZtgy+VJDIrzckftnXwTpN\wOfGGoSudP765CTmZzqYm+HkW+tb+cDTMy7sRuiq74uLE0mNmNgsSrRzXWkS3\64lY1tvW91vTjbyZdLEgY1ERrLgkwn356WzI\L22n093yNMM1hcElJAouynAPeJnpvuXxiAp+0Bnizwb9bblaqg69OTBrU+gzgqklJbGgNstaz+\F4SJqDc4oS9K0gERERERER0B9WZUSyLKvXZLVixQdi\PZtpzHvtj1Z3\+47sSDR8z+KFY81FhkIIalkTImWYBlwaomP49VeXm93keTf\euNoDCBDsn5bs4u9BNSaI9rgmuDz0Bbvm4NeazZxdnOfnB9GQKE+y8Wu\nwW0dfODx44vyHNKZqQ7OLnTz2QI3qY6985xV04Jqr8k\dnr5b42XjW3BfidFUx0Gc9IcLMl2cUyOk+JEO4bBgPWwCD039W9VXrZ3BMl32zi9wM2kZPug98FrWrzdGOCVOh9tQYtD0518Nt\VazJ0IBbgMy3ebfTztyofr9X7aI+y06EvC9g5PtfNmYUuxrnj6\e+gha81ejnLxWdvNXo7zURDqEreqenOLioOIHPFbiJnNNvDVj8t9bHO41+DGBxtovjc5393oLYb8LT1V5WNflx2uDoHBdLs117fULWAio7TJ6q9rK1PUiey8bnx7k5KGXwfbqnGnwmv9rSwZM7vbQHLRwGLM1xccOUpKi36Y5Hs9\iJ5va+Ve1l46ghc2AE3JdXFM69HWKiOxt768r59BZU4e7GiIiInKAeu6555g5c+ZwV0OGUSAQYPLkycNdjV5KS0tJSEjAMIzuiQCVKlWqVHnglp2dnWzatGm4355kiDweDwBr1qzZ6+suKysDdAXwmGUAhgHzM53Mz3QSMC2qvRZVnUE6TQsbBikOg6JEG9lO29Am0Qb46oDftAha4dv65jhZmuPE47fY6Q3S6Lfwm6FbJRcn2skcwtW+A7EZUJhg4+pJiVw9KRGP36Ky06TRb+K3Qlf6JtsNCtw2ctw2BrjwNSoDyHfbWD6p\9smx8ttMzgq28lR2fFfORytPm6bwZJsF0uyXQQsqOwMUuu1aAmYuG0GaQ6D8Yl20p17PtFuN+CILCdHZDlpD1rs6DCp95t0BCwyXTbGJ9jIdtuiXlWa4jBYNs7NsnHuuLbltMGZhW7OLIxv+aEygPGJe6dP91SWy8b3piVzzeREan0WGU6DnD183nG60+AH05O5oTSJOp9JltNGVhzPqhYRERERETmQjIQ\7KocvlJERERktNME8AHCYTMYn2gwPnHv3eC16yrj\vhNel1xaxCafEp3Ds+wS3MapDntwIFzlaPDgAmJdibsh7nMJLvBQSkHVvvuL+lOG+lD\17AbgxCX77IcKqvREREREREoumaBFR5YJYjlWVZKlWqVKlSZXcpEosmgGWf8VsQ0HlIREREREREREYZ\WFVRqqBxqbyyiuvvPIHZl6kL00Ayx6JdcoJWKHn8IqIiIiIiIiIiMieifzj\0BXgymvvPLKKz+28yID0QSwiIiIiIiIiIhIBP1xVURERERGM00Ayz7jMMA2sh+dIiIiIiIiIiISlWEYWJal8gAsRyp9MUFERETipQlgGTIr\NOfJLtBgn1\1UZERETGiqRE93BXQURERA5wkRNtlmUpPsBiERERkdFOE8AyJEb4J9YMcJbTRqrDtp9qJCIiImOBaVl0en3DXQ0RERE5wPW9ClTxgR2PFJqcFhERkXhpAliGJMVhkO6wAcGoeYcBk5JtpDtG5gdmERERGZlshkGC2017h1dXAouIiMiw0UTbgc3pdA53FURERET2iCaAZUjGJdiYk+5gTXMAn7n7L0V5bhsLM516BrCIiIgMWnpqMvVNzSQl5g13VURERES6nw2r\IGTT0pK6nf54aQvJoiIiEi8dH9eGRK3zeCsQjdzMxzdzwLu+jEMOLsogbIMfb9AREREBi87I41mTyut7R3DXRURERE5QHVNtHU9HzbyR\mxn8\IyBh4kOxndrt9uKsgIiIjiN4XZCCaoZMhm5Rs556DU3lkRwf\2uWj2W8xOcnGxSWJHJ3tJEGX\4qIiMgQOJ0Oigpy2by9itKSQpKTEoe7SiIiInKAinwWbLTnwio\dvJtbW04HA5KSkqw2UbeNTPFxcVs27Yt5vOJLctSXnnllVf+AMmXlJT0u7wI6Apg2QMGkO0yuHpyEs8tymDlUZmsmJfOiXkuEuya\BUREZGhy0xPpXhcHlsqdlJRVUN7h3e4qyQiIiIHmGhXjSoeW3EwGKStrY2dO3dSVVVFRkYGycnJ8Q6R\eq8887rnpiO3IfIsovyyiuvvPJjO28YBueddx4isRhW3xEkIiIiIjJC+P0B6ps8NLe00dnpJSHBpclgERER2aea66pobWkZ7mrIfmCz2UhNTSU\P5\JkyfjcIzsmyUuXryYHTt24HK5gNBEQOQVYYoVK1aseOzHPp+P8ePH8+abbyKjl8fjAWDNmjV7fd1lZWWAbgEtIiIiIiOY0+mgIDeLgtys4a6KiIiIHDCmDncFRKJasWIFS5cupba2lpSUFNxuN4ZhjKiJCcWKFStWvPdjy7Lo7OyktbWVjIwMVqxYgchANAEsIiIiIiIiIiIiMsJNmjSJbdu28eMf\5gHH3yQTZs2EQgEhrtaIiKyjzkcDkpLS7n22mv55je\OdzVkVFCt4AWEREREREREREREREREdkP9sctoG17fc0iIiIiIiIiIiIiIiIiIjIsNAEsIiIiIiIiIiIiIiIiIjJGaAJYRERERERERERERERERGSM0ASwiIiIiIiIiIiIiIiIiMgYoQlgEREREREREREREREREZExQhPAIiIiIiIiIiIiIiIiIiJjhCaARURERERERERERERERETGCE0Ai4iIiIiIiIiIiIiIiIiMEZoAFhEREREREREREREREREZIzQBLCIiIiIiIiIiIiIiIiIyRmgCWERERERERERERERERERkjNAEsIiIiIiIiIiIiIiIiIjIGKEJYBERERERERERERERERGRMUITwCIiIiIiIiIiIiIiIiIiY4QmgEVERERERERERERERERExghNAIuIiIiIiIiIiIiIiIiIjBGaABYRERERERERERERERERGSM0ASwiIiIiIiIiIiIiIiIiMkZoAlhEREREREREREREREREZIzQBLCIiIiIiIiIiIiIiIiIyBihCWARERERERERERERERERkTHCMdwVkL3jd6u28chHlVQ0dxC0rOGujoiIiIiIiIiIiIiIiOwFdsOgOD2R82cX8dW5E4a7OjIKGJal2cLR7K0djXz9+fXU+yxwJ2I4HIAx3NUSERERERERERERERGRvcLCCgTA20G2y+AXJ85k4fjM4a6UDJHH4wFgzZo1e33dZWVlgK4AHvW+\vx66oJ2bEmJoXlfCzCscBmOu3TnUV555ZVXXnnllVdeeeWVV1555ZVXXnnllVdeeeWVV36U5A27A5JTqevs4OvPr+edS49ApD96BvAo9rtV26j3mdgSwpO\of+EysjYQHnllVdeeeWVV1555ZVXXnnllVdeeeWVV1555ZVXXvlRnrclJFLvM\ndqm2I9EdXAI9ij3xUieVKwLCsiC+EWFFilFdeeeWVV1555ZVXXnnllVdeeeWVV1555ZVXXnnllR8DeVyJPPJRpZ4HLP3SFcCjWEVzB7bwM3+N8L8Z4f8qVqxYsWLFihUrVqxYsWLFihUrVqxYsWLFihUrHnux4XBQ0dyBSH8My7Ks4a6EDM3En7+APT0Hg8hvgKhUqVKlSpUqVapUqVKlSpUqVapUqVKlSpUqVaocy2WguY6t13wGGX08Hg8Aa9as2evrLisrA3QF8KhnhP+jUqVKlSpVqlSpUqVKlSpVqlSpUqVKlSpVqlSp8sAoRWLRM4BHue4LuC1UqlSpUqVKlSpVqlSpUqVKlSpVqlSpUqVKlSpVHgilSAy6BfQoFroFdHavL3pYoFixYsWKFStWrFixYsWKFStWrFixYsWKFStWrHgMx4Hmet0CepTaH7eA1hXAo51lYfX9p+7\MwDllVdeeeWVV1555ZVXXnnllVdeeeWVV1555ZVXXnnlx1ZepH96BvAYYGBghMtesaG88sorr7zyyiuvvPLKK6+88sorr7zyyiuvvPLKK6\8WMyL9EdXAI923VcAW2CE43CpvPLKK6+88sorr7zyyiuvvPLKK6+88sorr7zyyiuv\BjMi8SgCeCxwIj+bwaETg7KK6+88sorr7zyyiuvvPLKK6+88sorr7zyyiuvvPLKj5m8SCyGZemrAqPVxJ+\gD01c7irISIiIiIiIiIiIiIiIvtRsKWRrdd8ZrirIUPg8XgAWLNmzV5fd1lZGaBnAIuIiIiIiIiIiIiIiIiIjBm6BfRopwu4RURERERERERERERERCRMVwCPBYZKlSpVqlSpUqVKlSpVqlSpUqVKlSpVqlSpUqXKA6oU6YcmgEc5Cyt8FbAVfiJ471J55ZVXXnnllVdeeeWVV1555ZVXXnnllVdeeeWVV175sZUXiUUTwKOcEfFf5ZVXXnnllVdeeeWVV1555ZVXXnnllVdeeeWVV1555cd+XiQWPQN4lLOsrq95WBiEvxGiWLFixYoVK1asWLFixYoVK1asWLFixYoVK1aseMzGIrFoAniUMyL\zwDDUqxYsWLFihUrVqxYsWLFihUrVqxYsWLFihUrVjyWY5FYDKvnElIZZSb+\AVsyWndsQFEdqZixYoVK1asWLFixYoVK1asWLFixYoVK1asWLHisRcH2zxsveYzyOjj8XgAWLNmzV5fd1lZGaArgEc9YxTHZv1qvHXszpWMPSkLR1Y2Nmfvx1Tvve37CVZ9iI+JJBRmdf\7bsubnQTrWjDycjH26vbHfhzq30Lc0wq6Hza+X7Yf0Wd9H3I+UtrH6qzDX1dNoM2H4c7EkV+CI9Ee1+tD7erAXjgDV6pz9+UDDfg2bYVxB+NKi5KPFe\BeLc8m+ncCa7SydgdcW5vL8TRtrsvtzdSY6u9joCnEbOtBTMAhjsVe2oujswMDNvw1290xkEsz06CrvE4EkZCffZRHD5nBBlIfOdzy7OZjijHZN\l8Wymc2cS7mkFgzzf9O6XgZcf7bGJ1VZPoLkBs6UNk71zfNO6A39dA0FvAFImklCUDgfCeB\OuKOaju1VRGNLTMWWHOpTbAfI+5vlxWyowtfUiBlwYc8qxJmd1b3\MV8f47xluFOxJWbgyMnFZh9oeQe2pHTs6bnY05K6txPt\SBYvRZfMziK5uBMsQ9+f8dAbHmbCDQ1EGxvwvTR8ztbdi62GOd7xSMwjjgm7AWzcKW7oy\fUY13exUWGd3nokEffwAEMRur8DfVEvSBLTEbe04hjiRn7PoGGp01W+sAACAASURBVPAPYlt0VNO5vX2\z6iWLFixYoVK1Y8nLFILLoCeBSb+PMXsCWlDnc1huzOMxZwbnaUhBnE09LI62+t5YpPEnEk2aMstKfy+MtFk1hMPXc8tJEH+llqfFE6dyzMo\Lv5XxrH9RiLAv1bwuP3b9+v7bdiO8zfwenlM3g1nn55LoA00f5++\zxZWw0z3gq7uPG0\5Gg5+wbvbH4WZNYU1i7OhYgtlz9UMqmp70naXnXQotxTDm2++zxfWDfLFe2C4tjtiWD6Cu+r5wimL+eqMHEqSwrNBZhBPfSUPv\ABdzbmYnfGXo1EkZzATYdPYp73Y85+c7grsw\NPog1izJJG3DBNh67\6MBzw3xHpOh5byDf484UPoFABOzvp0rPzeHL03JJC8h\HnIDOKpq+Thlz\kzvqcIRzfJl8+YhZfn55Gmg3wNnH337eRcsC06zBZMpPNM\r53B4I4mmo5OEXP+Ku1mwMxvr7m4npcHLv5w7hlFwXAN7GSv7wn3Xc5Ukf+A8a4c86Uc9b4d8jXnxlFddVZ2CzDbB8wEf51g388bntPOzM7v5SRS\BFB64cBbHpkJN+YcseKX9APujSxCzoYbPLjqMa8vGUZLixG2jp61ffotrKrJxJERrPBmRIo4J746NTH+2PuqYLlowjf8dkgH4es5Fgz3+MDFNG\eccginFCWGxk7AR\na9\j6q0E+TXXFVc+4trVkJptnuMfoeVNEREQkOrO9RVcAj1L74wpg\ZY2BhijtOziae5gY2PPT4XPIC09h1NOXMrrxyZQFNi32yfGcicdPJklWc59sv2xXva1v7Yb2Wf7c7vxluPLZnH34nzSAm28Ut7E+k4HU+fO43cL43t9l7SpM1gxpbk77m+5wdRvT8Z7X2N9nI2M0sRyJbPi2tO5fW4e+XhZubmep8sbWNls4s4t4Yrzj2dFaUv37WFGRr1HSTlxPOdPSSPdNkLqs69Kb4BNjZHvwz68AD5fr\fmjY1eKuNcL3t5uQOyXwDD7+DOLy\lptk55DmhIvJzUl4JV5x9DCtmBAa\3uQJXDwzjTR\O6+U1\P0Jg+rD6R2HeaSjs4+x1YHFQF7qE9Pn8f1LpNohrvee7U03fzmtHmckmujoqqB56u8eDOLuOKUQzjXjG89QJTzVAcbO0K\Ryw7dRE\y\PFXr7Jj8dwMXXKbG7\0lxuzmmPuj1rYiazU8EbgLySAq7yjpB23E+lZYN7LjmVXx9VwtQEk3WV9TxdXs8rNQFIzWHZ6Sfz4qIgZnBk1FflIM5HgDs3nRv80fImV4\LINKQjj+vjTuXzWNZsRtPfRNPlzex3udg6tzFPHZaFkXx1DOObe1Wv33QXipVqlSpUqVKlSO1FOmPbgE92lkWlmHsXmJhEeXfR1A+xMdH6z7gCx9ZEM5jGBSXlvLg0TlMOXgWP6x9k4s2Jva8PthKoK6SYHM7Fi5s6TnYM3Oxu+096zc7CNTvJNjSiOk3MBLSsWUV4Uhxh7YTrR2tdgI7NhEgB1fROGh6n4C3DAhgfrqKjpzpJGQlYRkGlreRQGMNweZWLNzY0rKxZ+djdxrh\fMRqPoIv+sg3MltBKp3EfQZGMmZOHLHYXfbetrH8hKsqyTY1ozpszASM7FljsORmogxgvsvvv7tZ5z2er2F1bILf1MjwfYOwMBITMeWWYQzxR1+nY\Azoj23LWLoDeiPV02LMPArFsV0Wer6cw+iIScFLAsTF8zwYZqgp7+xk2AYOUH+BOm405qwb+rlqDXwkjJwpFdgD3BMYjx1X\7XDQ1FzetPPfiOq7aacG4ibxyagFTi4th9fYB27eHmyULZ3DmRxX8PdnWs1w\7T7Q\gcb+h\v+D3463f2jPf0bOxZEeM9sl7BNgI7txLweMGVhj1nfE+7RLZfYw3B5rpw+2Vhzy7Akezuvf\BDgJNUZZLcXe3z+7jzMJs2Iiv1sIxvhRHsgOsIGbrTvwNTZidPnAlYUvJw5mVCfaRefzElfc5uGfZYSxJNdlYvplLX66jovv4MyieMZW\LM5iyXFzueWxDdzZFn\7my1b8FYl4pqShrlrK4EWLzjTsOeOx5nqxmytxF\bgOkzMFJzceYXYLOF1m+1bKKzKhlXaQpm7XYCng5wp2PPKsKRlogRuX+WNzQuWxrC578c7Fl5OFISu\fX8myic2d4fXWVoXHoSMSWmo8zJxvDiGgfApiNlaHb5XatLzMPR2rE+iLrF219NgurcxeddeNDw6p1FR2fFuE6KB+bYWG1VOFrbMLs8IIrBVtyTu96jJTxEW9+wybOLO95\4Vi\nN5IVNa6jjhHxU9\25Z4G8m0FBDsK0VK2D1s\9d54JW\Dtj9H+094eB+s8bo188VfiaYvTLSG3\WPnDSjkjz463sZYr\7qJVyKO71mHzmTFvFSWHDKBBRsreSvO86vVsonO\PFkAJ6KNVzwuzU48osITJvXu10LffiqAjgnT8Lu7DpePfjLNxJMK8VdkN49Lsy2HXgrDVwHjQ\1ha+ZQH0NwfYo48QW2r\u47oEAtVVmFYSjoKDcCQZWFYAs6GSgCfKOBhJ\TPYfHjIe+p2csKzu3p97sVyccNpc1ien8dpC2q457XWnmPEbCdYXUWg2YPlcGNLG7f7+1fX+6WnLnRe7ntetyzM1ojzek1F6POA3Y0tPWJ9XfU3fQSbdhJo6v\91zIMrPZq\PUNoc9vjkRsyVk4cgqw2Qdon4MmMC8LvJUVHP1MDVhBrv\sAq4uymTp5G08vmWg9g23Td\zVPj4WHrcIfx+chonzy\k+mfr+l\essBIYflnp3NDYT5fPKKdV5+q4a1e5w0\y2fkk0cHL1fCMRNyOXnhp\zmfedu9bM6qkO3Vu9qj6QsHLkR7TGSx2d\eYJcunQeywrseKoquPDfVayLbL8JE\jn0nHMmjeP3zet5rIt4c\VZjvB2mqCHaHfb7rHR27P5wU6dtKxvQPnxHHgqSTQ0IzlSMSeUYIjOwU6avDX1hDs8GIk5+PIG4fdFfH7nhXAbA21uekLgDsNe\o4HBlJPZ87vbvo3NaGsyQbc9d2gkEHtuxJuDISIdAaOle1hT7P43BjS87BkZOHzRFjnPft15Hcf\3lu85HXj9p7iwWHfoJfOTs\XrnOA7LBa8\iNvJkI8\a9E0zs+z46naxoJ\V4eXz+Tec6ZxUmkJV7+4jm\1O\4it7Uduj7\h\NLPzMnvK0irn+2JvrvQV393N6I6TPA7saWEtHPpgf\lo0EMg4iITul9\Y7Kums8OIsLcXusLAwsTw78TU0Ynp9oc836QU4MlN6Pt90jeviTMyaHQQDNmy5pbjS3ZgdNQRq6wh2eHvqkZ2HzTnCxofyyiuvvPLKKz+68iIxaAJ4tDNC3\SwDCNchmP6xCMw33s\eucrNm3isvwEXpmVwhEzJ2JtqsEGWN5dTJswk19ccixTw7c69bY38fo7q\jyh0nYEwwM\ATSMllx7hHMT3N232Zq+9aP+dErzTxrudntvueGHzOtiBcvPZaphpfn3\qY5plXck4mgJvzf3IV5zfuYvLftmB0ejhlzkyumXc8U8O3p+6qw5c+TMSZYMdiPI\cdCSLWzbznYpsbixLD91msbOF199Zw01rDaoTDCzDj5mawYpzF+9W1x+\4uHfOEds\+1J\0a+nuZObvrcUi6YkkFa1xkp4GP71k\57j89vJ7iwDLia8+7rriKc7v77ErOb9xF6d+2Ynlb+OycGVwz7zO79Vlo3NgwKOKRm5ewuGUL36nI2m0bN681qYp7fPXfPnX+AJBIbqoHc6sfM2kS+YDH295zPMd4fUg7b1a5WFxYzDdPquGvrwaw23uW72n38Ovj2P8ffbW\8b6LqRNm8MsvHrfbMdc93o2erVrOCbz4jWOZmgSYPrZv\pgfvdTAsySF6me2UZCVzQ\OWMySbFfPbeA2fsz\PVnHG9kpof032yjIzuIHZ0Zbrp43spMj2qNnf2nxc+clF3B+gUHF5m1c9GIN21r93PT5E7lgYkpojJlBPM3VPPziBn7UmBRzfI7U48sAzLKJnJwD1NVy2Sv1VPTJV3y8gXsnzOXOwhRmHwSsib\9Lz\7TG4p7uDJf9Yx65JjmZoYarftmz\hu49VMuuck7iiNDl0jLQ18sTLa7l+ZwI24LKzzwq\tpbZlxzHlO6xsJ4fvdTIM0boOYuW1UZhVg63nbEoah+\nh1a7rJzzuquy+wvHsOUxNA49DRU8shLH3NXY2p4v9sJWgn87IvLOCU3xvrOjmN9xx9P1fQkANLmX0XV\HYeu\8DvtXi62cslXNXY2j\R8r4GHq+9yHVnQ\Uc+Ssg\nO4cd3nwswg3iaqnnkv+v4oSet121lTOcEXvpG\3fsxEj\v6L2i8f8q0WLzed1l+\JIb6ZcS07yDyGW7cQHnF+7xMWq\xte79ClZOm8mJmZmcTCVvxXl+vezcc7ilKPxmO2UxVT9ZzMamdqZk9G7Xt7baWTgR3nh1FRdvsIfqM2kOq756AnlttXxvxSZWAJZhctrnTuFnUw2ef+YDrtzawJGzZvOdw3veb3qPk\TQeeKcs7iluJ1nVhkcd2g6bkw2bt7ECS\tIGi5+dmX+o6D9fzfkw28np08cvpnCPnIg6t33stPNzVwUX4OGcnJYPRMAFvk849rj2Zuas+56uGX1vPjxrTQ6+N8v+x9Xl\K1MQo68PAsNrx4+LnXzw96rHYtT6j08P5S47mpjk9n9+87Y0888IarqtOxB6rfWqCNAO5iQZHetp4NWBRlGAHs5MdW6O1T5TPjz1NuVv+lbebqJicSHFiUuzlDQODNn797+3MvXAySwvyuXxSDW9ti8h78zmmwA5tnTy1zmTKhERmTyxm4XvVvGWPqF+nh\OPGKA9Rvj4jJrPKeHiUje0N3LHv6tY33f8bt\OVRvT+M\0BEpKcjG2NGBZLYwrmMjvLjiSqV23iwa8bY0889IqrqtOCbXH8cdRNcPNG69\CrOP4oiM8JisLudH\9hI04Il3DE3M9SePg+vv7WOiz4Jzf0Z+An4A3zrtBO5YFJK6POI6ae2ais\e7KcR9zZofeXzxwb2sbqBg4qO5FcG3h2VnLo0x+TP24C9114VJQ6vsf11WkYhjHAOE8Kj\MR3H8x8gDUtLGxOIPZxeOwPqqPeL80WXB4NlNp481qJ4uLQx0\lOPvotxEvKaf1Ruqw8uZ0P4J29qmQbo93J\91z9ya33zr3ZvK7E737O4gWG2xOjnVVxfnYpRfChvfPV4imu3cdST1ezoXr\FohOOZ8WMRFa+tZoLPwxg+gLcfHq0MbeRh91ZofYLj+vXVzcwreyk7jFX9rf1XHjEUdy421h6n+urk0PjbQSND+WVV1555ZVXfvTkRWLRLaBHO8vCsiywzHA5euLIfYiW3\5GE6t9QHoKl1kmluVlweKjePLzU5nq8LJycx1Pb26mwpHBcUuX8sISB5ZlYfmzefj0OSxJhYrqhtDtUNttlEyZw90n5GOGt9OzfS9Br4u\nDqNqTY\K99bz5XrOli9rY6XG4JAJ6vL63h6WxtYbRy5eB53H1XCVEcgVIeKNjzuUB1eXOLovf7MCXz3sFSaaxp4erOHClsqS45azB8XG6Hl\Dms6KeuPzkhP7Q\I6S\9nb\dpXXnXsUV0zPgFYPz5fX8XRFCxWmi5IpB\Pjz2V2vy6e9nx\tz5rxbLaOCpGn4XGjdkzJDJLIrbR3L2NPyw2BjG++m+f+z\0UIGduUvmce\hZaw6Oh93ezP3v1kXV\uGBKl4rZKVXsibMYMHi5q6x13k0A7F8e1\9PHu5fDFR\JUr2PO033M9Yz3rv52ccTCUkqCLTxf3sDK1nC7fL6Ew\2h+gWzi\njsjkcl2ujprqBp8ubWOdzMHX6HO7\8gSO9IXWF1qurJ\lSsLLWb331VPHFz+\kPML7NTuqOALL1Sz3fJx6bKFXDElCa+nmefL63i+OgCZRVzx+UO4yjcyjpehxDdMzMJNkNXbN7O9n+Ufe3YVkx98jwvfH1z7h6Rw8sml5Hubeb68iXWdBiVTZvHjq4\hxskONm6t4\kqL57kTJYdP5vl\vD2u187heJeY6GMuz9fwgJfqH5mdjF\6FWXxl51OcrXd32l5HlbQ+trCpCWVcRXl05nYXh\rcwSXrh0MctybT3HZqttaOvb1cjT21vxArXVdTxd3sj7lo8vd48lT5+xdDDLfSNrfAw9jjysevJFZYdz39KSnnNBeSOr26xQu50yh3OsyPZ1sWRhP\3vNyOWo3v9cfVf1H7xDtAvw92eexDv8lMLlBRO4YKOj\Du3EHQ00TQGwCrmSsfeYvJD3zArVb8x\e6HXXdbehtaODp8jqej9KuT+7swIObqYVp3fUpLEggDyA5kUV54fqaqXy+IAnaOnl2h0VR2fzwOPH1M04i+z+DUw5NpqKyjuerW1hdWY+VWdzPOCgLj4MR1D+Djvu+P0fkfc0U2Oh5zmXEsXTEkplMDbbwfHkdrzSEzlVXLJ3OAmso75dd5\WWXue+yPWZmSW8eOkR\RyLPetbcPQ8bp+bAR0tvFLe9dkik2Wfn8\P8gZoj+YdPL\LhKyJ\PK0cdzzxaNYlm2ysbyCO+Jqz77nqYh8oI1gsh83ALaBl7cssHZxf1U7kETpeFuvfOHCbOa6obaunqd3bGNlI5CTy2WTAr3qt0ftMYLjhTMzKQEqqnbyeD\LV7zxATMefJcTXqnDsiys\Jk8cvpUZifDxsq60Bhq8ENyJstOnsu3kyLfb1zMW3gw81wdvFLewEpPgLSCqdx44THcPT+Vmp2htqy1pbHkqNnckxfefls6v794KVeUJuGtb+Tp8jpeqYe08VO5\UtlfNkZDNcvfBwdlgc1DTxd0cLqXbsw82fwaL91nMctSaH9i92vw98\e34+amRlbeg20NdHnl9NF+fkp0JjG6\0eb8e7PH30HOrmfHAKr68wcT0bKKzo4GvLjmK8wvB29DKUzHrG3ne7JMPtBJIDnRvq9fyXeezmP08N9TPO7aHjuvcdK5yR6zfdPKF\DRoa+WpDyxoS+PB7jHX1GfMzeFSZ6DXuF7Sa8zVsPDoefy\qGPp8PC4HknjQ7FixYoVK1Y8qmKRGHQF8KhnjPIy1n500uwHkhOYggH+Ar4xOxN38y6ueeIDnmrqem0Ov\3SoZw0cxLLV27k3kPzOTgRtq99mc\8Lxmbyw5k8JsLp3NizjiuppFfd2\HwjSTWHHJPJYkB1j59kdcuNYLGDz+zkbSsg\jmCw\5S9v5FsACZP5xqGZuL3N3PHExzzgCa8mdwL\Nw4Zs2cxPI3N3GvM7x+h0HFpxs44dVwZdOK+duZRRw2ewrL3x6orgVcTQO\Htb+2Zf9CzCZIwrseJtquPLxzazsWnz8ZF49JY\irHTA07P8QO0Ztc8mDdBnE8N9RnzbGNT46luamGuf4+fFp\OTmZmcsiCTmu1bufbNap72DLJdPTu5eU0m\1yQxnFLZ3LW\dv5e4p993aPd\+jtZ1\3ADH3OTQMefoqZd3VyUnPFVBBQBubvj8HJYXjOfqmVW8vcHBbUdMDU1Ev\1h+FgDSOaWZbO4LG8SX5tTxWvrnXEu5+rZVb+HL596LN+d4sJTtY2zntlJBQZQzLHj3FC\ldP\vJWqpAQMA5aeMJffl6RxxHy4d81wHydDKe0UJ9qBdio2xD9uBteudry7tnHqv3eG+rPruEwN8PR\13LtttBSN3x+PssL0lh8sMG9H9P9WlpquPKvm8N\OHSHbm9aMJFvlFVx9joHtx1xUIy6TORrcyr7rwtu7jzrUM7NSeO0gMFbDh\LF0xiqqOd555dzRWfdnTv8zGnLOYPB03ka2VVvLbOGd\6Pq3gWkcCa0pSaG7YyLWvA5Twl5hjyeDeNXurf4ez7Cv071+Zko072MHjL6zl5h1duTTuOWcmp2UkcZhl8NeIVcQ+Fzj7rD\e\jvA+uXTLdw\cTY3TJjM7ddM5nvtLZRX1fLh9m088d4WVprFODJTu59sEc\xffbarawMTGVNSQq0NXPty7tCi83q267FnDM3g8MyUimilUoCXJybDgETryOF4uIA1DghP5spqVC7vZGngdsGOU5qt27khBe63lx8LD8p3uN4BPTPkErAu5PODWt6YnI47th53D4vBwiwbseuXst7qys59emuYyncljmZnJtcyVtte3he7z73pXNaoJK3HH6WL5gYow8m8bWynby2zslp4zOhYyc\+16fp+ajGGD4gUH85+Dk5g9Iw1qWvpvB38NP3ziE46+bCazp8xgmbeVJ1\dxPXd24vzPBVspnPD6oh\SGPJgjJuOq6EPGBjXT3R7b7elW0BADJSc4DwcWEFWT4hG+hg9bo6AH5d08Y5mcnMnpyKta3rmcHGnrXHCC5nJjgBHxW1nrhfd25ZDvlmgJXvrOLCD+m2\HPzuaEwmVkTDEKXEoe4W+v48uMbw58XivjbF4s5LN3Om29\yBfCY3rRsYewYkoqs6cANQYLj5\AcalB1q16l8\+r6V7XcWL5vHCgkIuPrya37\u6\53b80uznp6W3jcw7knDFRHYP3Y7ddID+xq4aLcLBYf5ueeD12hfG4eh2XDxk8rISkj6uviP\56tnv5uedwy\jwn6AatvHtf6zjTbK6j6N+6xlspnPD+1G2VRyxrb6fY4w4xiKw3sevK1s4JzODuWUmvBW6RsLKGcesrND72+PAwuMn7tGYu\OsWGMpNTyWYrWDSpUqVapUqVJlf6VI\zQBPNpZVuhYtxh9Zc9O9LNcFTUdUyA5vJ9zMpnqBk9jG0sPnsDSiDU4vUFIT2PxbIt7G02agZKD5nNv3Rr+uGozb3Zk8ZX7d2FLdIUfUWR1t9\SMw5lSaqPVW+s4cKPgtHr2dXOB2cy2wYVFZU84Imod81WHqrK5IcTsjhm\kbufT\8ws4mHn+1sWe55u08tyuPw8ansniWxb0NEXWtX8Mf393Mm94svnLfLmzJLoyR0E\7rH8Bawtn\WFL6BtLQR+W14flb8XcYWPbMXkU2+0swmKlFWd7fhJlu5F91hxxvNRu5aHKTH44MdxnayK28Upjz3KeiG3MjHd8Rd9f0wpy6\ln8aViF97OACQ4yMt2kb3DC6leAlursbKKcaYlxNWuFWs28qviQ7ilsJhvnlzNX18ORNzWIfSNsPj3P2L9XeM9nmPuYIt7u\+I18mbn2ynoru+ndy9rYmLCrI4eGIefJrAvHyguYlfre2M2K9W7ljfwGlH5zB7UjGss8W5XHX3vqaNn8+NU5LwbN\A556tZ0d3u7VT5wWyC\njZ+r47RvlPLrDxgt\9zApKRXDvpfG+34v88hNAgjSGdmvMcvCQbarj4+2V\X0Z0UAL0BzM3dv6zmuH2\ysrzAQeiE1TWO\Kz6ZFPoj7kWYHRy9+YmLsrPYmphHqyLGAtrOiPq2cod6xo4bWm4Luurw+vz8dG2qtAf0cLr29Tqg6wEig+xYP04FufaocOLmZfHPXkRg9X04SWZqeMLYF1dnOvr2g96\seKGEvH1\Hb\5XzaJWNF\7mYVJKeBJu2MfFXiq79fTzrU+8za0GEPRj+TuxfJ2YHRtZW1\KaRkG6eMsqO56fSdvfry9V\vevTXiXLChoc\5ZrD9d6D0SycPPPceK6eXcPW0HBblpjJ7Siqzp0zm\GOPwVO9gbv+Wc7DVhbGoI\vrv61+vR7V7tuZ3VzEYdlp3Kxv4o77fnMTAdPdTMVhZmUZOcD9RRNTqIEP29WhibMBjdOfJRXNfZsdrDjYNj7Z5BlWFr41tu7M6ndVsnNH1oRy\tYtSXyfbWZdS0+TstwkTvRgo\28LxudbKpLXzum2PBR3H2wUd17PCZkJXHV89qxPXyR\xis5\NjY1MeyMDmz1GO5gepk2dwe+OnUCJLYDH6yDNncis5BbMoB2jdTN+TwKOokJssY5fgLwZVP1kRpS2BE99NXe80hzzvNar9HjxdOdDx4WVXcziXKCplT\vCL2u4v0W1k1NZlZJAVd1buI3CaGXDLk9Rng5JdUN+CDYT7tFKR9\fjWPG0AwiBVox\L5MDvbuKdqGjcUpuF29eoQKqq380p3v\jpNIFOD69EfD5YWduBZ0oS2Cyw7Jw7Lg1MD51kcc+RWRFr84Y+p+flYVmhrwICVNRtjRj38Ph\VvO4BVhBLN\Z+\O4+Qq60T\f6qql3SW7iy9ZessJCEkAQJBZQkCooIIIjPuI86ooOPA7w4X547LzB1wHPHemUFn7sh15meUEcYZL6JecFRQICgICIJBCJDQWbs7S3eS3tLdtZ\7R1V3V29Jd7aurv68X+KTp76nznnO+T7nVCXfOlXdBMk46e4uvro3Z4wFnNd+AQ0vd7F51QzWLJhL8NIBQkGa80+voC7dyb2\jULv5arv78\Z\ljOv2xberiTB7cGVFXO4NzZi\jSByNM+e5O7k5FjjzOo23rF+3DnuejzXPvMVg9dz7zgz00hVK868xZ1BFj4\b9wCjnHIPmXO\xCkFjbNBc2pZge1srpz85k3DxCc6vra2tra2t7eRqpSOwAFwoQiO0Ezpew8KybCcEzJ6S+Wq82qVcV8swIlRXA6\t5t5dM\j0ollcdfllXHX5ZcS6WnnutW38x9P7+UnJ7L67ZSirYn1Z5rnLq0tJp7v7\zI\3PhKI0CKlrb2IfH7uhL8D6ZQMT1n+a4oGwbt14aOKJ9nBtVVg8b6lsu46i2Dxlqc\UR0XubnxMSDw00kksVcuWI+ly+qoq56Fisqy6kqBULFrAaeHul4Muh4bmGo3JwN2v593Tk569UVZcOg8fdtoxp4cgzzK3f\0wk+\66L+Oi8EPWvv87HN3ZyxdVn8fl58\jTdzfx02eX8t0vXc7MfXtZ+58NQ58\aL8zReIDoAAAIABJREFUYmz4ZROXXbeIC85YzTfrn+CG49n\wdsZzTlXlTuuBM1bBo3zxSjNb4JlU6dBKExpGGJd3f13e\dub0uc9kugakophBi4XGiE5fp3kjXLMv3SOdN5W1czd\fdDd3Ona+1cs55s1h+5nnceeZ53JmM8\rOnfzk2S18pbWSSHHO+nNbRng8L+J7aOheBFNCTJkGdI\w\MRB4nvbCc9ZSNG04lEf\z7pYdabTpM7QxvSKaBo0HJRGn6X\XPv4y9Fab4AlpXPAHJyPHj9W+O0X5qT497HgyMdn2lUlwHM4qp1sxhO6YwK4EDOfgxa34jnWe\jOXNpzXncuSZnLj23ha8cys6lvJgfJyGe7CCx7xAXrJjPRStOY0X1LJbPmcGy8sxOl88hU9gLwYBrQe\zfxel+fzstYBDg9Z\DPnre\4Y85Kvx\cI8c1bdvOpLbsz\apZXL+kkisXz+SC2hV86UPTKfv+Lr4VPYbz+0jbBe491MUNVRWcuy4B+6azsAwaWndQP30Wqyumcz57uax6JsTb+W3vnVW982T5fC46\QjzZNjtj2EejOH45VUcoCdKfU+Q80CalrZOnnq9mbt2dTHEcNfhvvUXD\96CUe+rg8eX19\9Dm468Vmrpxdy+olq\jMklV8Jhmnee9efvz8i9y2aw5FZeFhj0960Wq+\fYFVEfbufOnr3DX1NP42VurWb52NV+u\zkHrn4Pn6hJ8NDjL\Ffdw59\gDxOPWHUwMe6ujq5OkdB7jvtXYajnpd72+DmaWUAx2h3vcPKd67too6YPeOp9i4tfeW9nqevfh6Vs+v5h0XbuHrL2Re\454PHbPoWhKePzn3zHEt3UnYHZAEKQhFB4Sz+jMfIhx1kKKK6ZAupvU\h2cXreIy89cyorqCtZUz6SuPPOGa8D7biCWjh19fLnzlsrMh+DC5axbV846hjF9Bh8Jwb3DjpfMGPdlx7hmhDGONa95mL8jxnt17OGFg7Wsrp7JrYkDfDVSyvVzy+HgPjZ0wBUn6vwLwV2\fK3vHyovfetavrV0AZ+8tIO7H20fefyj2dZI+z\KPPcdg6oKbirbw+e7y7l27lToauWBrTDqOcegOZczrrt+18yVc44yl4bb\3ydP8aNGzdu3Ljx\ItLw7AAPMEFBH03XWX6A8\9API6nnkw6PuH\QHxWITyMiCWYFsQ0FtVe\2lx7niqZKRt0eUDQ89z4aqGm5dU8mV86exsGwW69edx\qVe\mb7+\gW33\8JamfstOts1byhXLl\PN157gxj0zBqyvb4w5\SCVgiA8YP+CdPYPoYD+T0hnvos\lLu+dLqvF+SM9dNrKrli0Fi\+P0d3N3\7Xt5l79R53ek56fifOyKt\Pnq8szv9+UThNLpWluO0xDxXQW9j1\lMczZ1GCYMD2glSKIAgP2H76KDnr3b8gZxsEo5lfwxyfZSu5bl4Empv4+GMtNADf+NHrLHv\6bxv2bn836ok1eEIDd3tA+bb4OObe1wDINTexGd\O5MfnV\B5ZeewXueTefEgzHsf06qerc\6Jwb\nzLHVyQuUMknBOPpwiAWCrIWX+yf\y9j6UyyxEK5eQiOXT+pLL\+BMKEdB\7Ygd2s8dbRV8Yek8PnnlHr75izihcGb9DZte5ZJN03jfG+dz7aIKVleUsHzZCv502SLO2\g8128dZn9GOP75FM\8o2wZC5Z0w8tlwz6fc97EK5+soH1HI29+rDcwiuOfOxf6rs9B\5oHPz932d65kO6fC5nNZrcRZH6nLXcsA\YvJ8cjjaVv\oez+55y26W\KCx\wddDxCA584cH2DtjNg5mX7uXPpXYsqWDPCXOrbXh7Pn5HjA\OckWLuipX8xycXUZd95xhLpIlFe9jcHmZ1BUfPf6L\WtA7fzKBnJEdY\4aNr3KmzdN4\1HOMfz5\iONp4gvfc1Esl5lC6YA73x5kPc23yIe349hY+8YxVfqJvHB87dyTd\1fvEsZ7fQd8f+0bSO9\re2g4fRrLa2tIlU2jjh4e2Bxl4\QY1y6ZxrXd81k2C2jv4u+DgBAp5q1Yyb+PYp4MPH97979\Hiz+QWPu9MnD\Bx7vKOlibf9dP\Ir6f0n0aZTtB3ozaDHu\8zCvl8mc18tBeR8wvgHrG3oujrh\O7dzzd17uODsedyweCbrqqZQvXARH124gPWbNvH2X8eGff5frFtANVE2PrOZu5oB6vnYc6X85\mz+OA1V9NcVkppKk79jkH7M\j4AHS28Pb7dx35\QmD5\fQ16+AFNeUZiZt8+GDBASE4jO4smYqAHXnXMuecxhizeI63vRsE89EjuF45On8HBx\+HCczzONhXOKCILUgPfHfctXrebJGy9n5v69fOzB3TxXNY8f\9HlrCnLLpBK0xGNsbktxbmzs7dM5zx\0EUh5+FgmPHmvLvtaeZL365nQ+jI+R+8jQAIKufx4z8cxRh3bufqu\dw4dnzuHHxTM4dJq8cx\Ed93gQEATR\q+BPifGV\bVsXo2bH55Dw1BMPL7o1Gef6m2rSTbZ1K8qJpwzvYf\3UbDUvLWDhzJgRtA58\+PqU3daI+8Mg2bGmR5HnzPU1ym17D3N91UzWrAoIWqpYMwNadrXwQBD0vz71NPM3367nWzkbHPH6lPN6GgLIuUaMNJeGPb+G21\jxo0bN27cuHGk0QkffRHls8En+0TrD9YXT3cx9w0VrAlD7FBn5q7PnjQxoG5mTV\NL7N8mvTB14ju3JOpKUSbie\cSrJxP1\ZuJm3\9uznHHfZu5qSsC0uVx3Zs4Go63c9\g+PvVyOx1M5fKLTufNPf0fMR8y\iRAhKrpRQMvtkGU95YWAQmac28OLg1xTSLn+UEPH586BYjRsB9COWO9c5ix\l7uWEdxPPOtP9iQ5Zev5JOryyntOMgdP3qBpd94hjO+9SyXfHcPzcEwKzja8Rxuezk5GyCI8r6j5CwEMGgbY5lfA8YztYhSoKOrnd198VY++9AOnuqOUF1RCvFDPPBs+\DPP0K\4cVtfG1PEmbU8d9WHvv+D1n\oHOuP54552I79\TX3wEoompR\29fhUiTXlVEDdAR6yEExNJQWlbEmxKD3swsDlMBdHRn\iEtd7nc\QkWhzN36HTHcp4f5\lXtnHvz\fxdBSqV63gf1d2ZfPXRbLxVeKHDnDfs1v5g+89x9oNL\AHz7fRQSkXrVpw1OObr\0Ne6PEiLBu8Xzm9qSGLh\v4dYFsykvKqEj1jam4z+csZ3vA+cCQLAyMxdaDme+ZHNwjnvXl5vjIxm4\RQdcaB8Crdmr+F98Z49xLa9Sqp7wGQ9yvqG6Q+aSx8+wlwa1fryvD\QHL54\iLqwj08\MxmLvmXpzjjW8+w9ju\5rGO4ZYfnP80Qc61YOj2jiN\2bwkjnKOj\fxHHt\If\6Z59kz1++kVvbowwWootv78\eLZq9Af+En9+Nh6jvgvKKafz1nOnQ1c3GdniwNUqMKSy4bDrLS2Hz3p3Z58\hr0c5T4bf\558OmegfkOZedBsjt9hOdPnn6usb1eHm19Q8\FvuVzchAiTmr\VmL79vHUi9v5+AMvsHbDU1zz+H4a0hGWL6vj2hG2V14EkKB9R\6G1\czC2vdBKbNpXqMDRs38ldRxjvCT+eHSWZu\3o4ZVt0czxWzuPi2YAhzt5cOuBQf+1Up8AKqu4cUn8uI5HvvcbtvXQANQtnMt7OuJDl091csmKGdSFI8QSMV4gwhfXn8GasgSbX97GNf\yFEs3PMPaf\sNf78\wbEYOr5uOuNA2RTOnRMfGE+0kti6mfgw183+50f461GNMZPXeDavHxshr\mUr2PtN7zcxeZ0hDXzazj\jBnUpTt54eXoCVn\F\oepr+Zj1fKBl4\Q6KkgQAQWTA8kd+PzKW6+Po8tz3\KfbeCEOa+bX8t5lFVTTwwsvH8jG++fcujkD39+GEq3Ec+bc8OMbeI0YaS6NZv\s27dv3759+\YH96UjsQA8wfV+on9wywiP51W8dx96mkkc2k\yUKZN7NtKzYxF\OsbqoA4T29pzDzv2TY2J6B0\ny+WradZGcnqcOHSO6L8dVPfIw9X7qaf1wacO4Vb2Pbl67nJ+uaSbS3ku7qJLl7M79uzf5Fr\c3PzNbz\zvxXq+1pSE2Yv560vCmTsjA7I3QqRIt7WTjqUINh9mcxrqli7goz17SB7uIN3ZQjyYw0fqpkIyxiu5v6U6o5L3LW0m0dFO+vBBEkEN764rhe5uHt4C5wwYaxuprg5Su1\JGWse529U+U0THBqY3+ShZpKH9pOOQ7BgOtXA7von+OctLaS62kkd2Mnys2azpjQnP4OOZ3KE4xn03SmeImjrIBVLwuauATlLHe4k3dlMIqjsy9nmTcGQnCU7OkgdPkAiqM3Zxmjn1zDHJft7z+XzZvNfo3tJHe4k1bGXRGMzvTfiEg4xJ2gmnTrC8c2dun2P97DhF408FYPq+VWZr23uvT6MYf9753vQO9+fbR1wziU6O0gfbh1wzv2vpbnjmsp5K8uoOXCIdFcbyX0xvrymmnLibN55gCDYywuHgNk13LRkf+a86Gojue8gnzmzlmrSNBzYA6NcbsDxAIKgic9uaqeDcq667DQu7klBzVk8dtvH2faRudQ0HyDV1Um6s5FfvtZKFCBSlJ\nz2jizzfweCcwfzn\uj5Ozb79mfx2tZJq3s5Fa1bzh3URiLbzwJPRMRz\wcd10Hk4ZP4NvJ72zYUVU6g50Jo5r5sPctvK3rnQAsE+nu8by77M+dbVSmrAWJoGrpJB+z\g8d1sPJiG0mquXX+Y+KG2zHYP7eaiN7+dpr\9OL+6pjL3STnXl+HWR9+NcEH8AOmuKOmaM7NzqZaa5oMkuzpIdzblzKVIfs2PY44Pl+fZ1M0ADjVx+8ad7OrKXr9SlVxWExlw3PqvBb35byU14FrQMnDRYIz5O0peUiPkJX+O72jje3mhMw2lNfzh+2dzVfsWEs2Z189k825i7Wn+92lzgDiN+zj+83vwcQ0CCA7wdGsCZs3mHbMixDp6eDAI4NkeGijlvJVVlHOYzZvHPk+GnG9jnAfjn59jjA8+7kd6\jB5Gpq\gXlPjvr1cvjtEOwalINW0l0dJA\tYn1fDqoIgiX8x6evp+nWNbxnX3Pm\fDhVl58qYX2BBCKjLh\jfE0MINz18WIt7Zmxru\nsThZN8wKiJRajvjIx+fAQdzFMe\d\l0bMD70cSB3cR37uWT163l8hkQO3CIOxsgCLq5tW42pcDmna\zp49t4ZbHtnJLtv3Tx15hw94YMJWLzqghNcLx2DToeIz7\DuWeMNuHtifhhl1\PfrprB8TxPJzo6+eVEzdzl\vbIcUj1s\N0+CGpYNhPoaeb7P9zMS12dpDqbSXQn+XDtjN4JmF0\A\p97ZHmaQBB0MY9zVGgnIvOKaWm+QDprk5S7Y3ULD2bV+68kVeuXzHwvBuwf\1j\MEPX+F3XZm\zyW6EzljZMg8T42Q17zO30jxwdeDtj28cBBKayv5i5pyONjJX7X1nj+5Bz\nfBrl+fdCNAXhSi5bFyPRmr2uH2jmo+dUUwc0tLWM\PyBAx3V\vUvPjDPL2XzHB+S597n72LjgTTUzOLGyqnQ1sk9Db3x9kFzLvN+I9XeNGDODTevM89f2jeXfj\7fj11+BAvvnQgO5eK8mt+GDdu3Lhx48YnVFw6Er8CeoILEYIQhIKBLcHwj+dVHIASzjznEh5bQ\ZxKC0vp25aBEhT\9o2Praldz8b+dq2Kr6+spzrPvI+1mzdycuxaaw5rZbl06Fjzz6+siNEQ\IwDcunseaCq\jV\L08fzBG+Zx5vGHx1EwhZPCP44UgFMTY8EQz175nHqvPPIMvb3mBv2gvoyUFMJPLP3A6X23o4taXd3Dn6zP5+ukL+Ks\vpLLt+yhuXQO65fNoaooTf1rDdyR3Y+MUtZf+U4eW9nIy51TWbe6hrqiJE\Zgf3hYD6QWM9EKO8MmesT+Vx\kaV3+m85aOX8FjQn9\etn7nq9y0P0HLGVC39ioenbqTl7tLqK6bz0WVxZnf+grSfU\JPZ6PjnA8Q0GI5lQAzOQtH1jBP+zu4tZXtnPn1gq+vjInZyVzWL88m7MtDXw5Ow+Oug1CsG0082uY49K0lXsbZ\L5BbX8l09ezrlbmumYXs36JTMpD6dpaIlRUTWLD\7+pSR+uZ3bd0SHP765Uzf38Y49fO63s\jR+RV9BeAQIegY\f73zve39M33Jr62vZqvn54957bs5OV4zjnXtI87d2a3A0CK0kVv4uFP7uHJXQnqVixgzYwIHU0N3LYFQsS47Tf7ueBtNax\5zv51cpGnm+LsDy7XKxtP3f+GhjlcqGcmdG7vw0vbuO+ZWu5oXIRf3nRXt72wgFe6Khi2fxVPHzzHJ7b3k7H1ArWLamhmiRPv75zyHU0L86fUcXb+NSv9vGjy2pZfd7lPL6ynd9s209zopS60+ayblYJpHq4b+PmzNcjBqM9\kOPa2Z7gy6dveMYdD3tVb7s\Mxc2Bml5rRFrJsVoWNPA7e9FoJQlNuf28+Fb69h\Tuv5smVjTzfGmH56TljeWaE9Y+w3bs2tXBtdQ3LzruSVxbu4tGGFFUL5\KGmjKItnPvc4cG7VroiPsRioWJActPeyP\O3WQx58+yAsd1Sybv5qHb67kuW3tdEyvYN3i7FzauivP5sexxofLcxeN3bCschkPf7SYR5sSlM6qZv3i8r7rDamA\h9AT1G6qDf\Ceqyee3P\3Hk7xjzkj\Hd\Txux7fzYXvXswFi9Zy15+dyZfbO9gfBaZMo66ihNIwdDTtGeP1dcBJ0H9+Dzmu7dxfDBv2d\PpBRVUT4P63buz+eqgoauWZdMi0NbDAx296xn9PBlyvgVjmwf5kJ9jig8+7kd6\jB5YsjjA\P+5BheL4fbDoS468WcHCzYxaNNKaoW5OTgNwcJAY+3zufCBXX8zafLuXZbMy1k3x+UpqnfvpcHR9i\u15o4dora1h21qX8dnYjT+6H5csWsKYiAtEeNqdKWb3sXB74vV187Gf72Dzc8Rl4MI9+\HuXL6\l0Y\O6n8\Gi6lpnIq5WEg2s6dP99FQwhCxUu4bEEEEh089KvowOOfXe99L3VyU10pC+uq+euyLaM6HuM+\44pHuUrj+1mzbvquHTZ+Tz8uTU8v3MPu7uK+uZFKUmefuZVPtsYgtAhXjlcx4WV8\nMzRHO295BbEYl6xfPpir7Lw9BOgGhkiHXgd7tH3GeZvP59G\28fSCxVyw7AIev3k\j25vp3TOPN5QN53yVA\3vbi7P2\Z59G3vkO80lXHhXPm8+c3R1i3rYNY+eAxxgnRNKZ5np\5G+31pfdroKtYUwqbf5fz\nhQnsZ6\j341B7eX7OYC866lBdmN\LkvhTVixZwUVUJsbb93PZIx8jPHzTS0exf\9KjzXNJ3\PvajrMzfNmsXwWNLzewtM563\6uUFzbls7pZU5c27T7uGPVxCCUCOPt87jwgV1fOnT5bx7yFzaw4Oj3D\jxo0bN27cuPHBcelILABPcEGQpu9M7\3kx0TpZ28GKa+c1f8PgwDpNB2dnWx8cRu3vHSYvn9QDmDjxuf5VHQ1n19ZwfKVK1gOkEpSv3U7tzy2l91BAA31fGxjmn+4oIrVdYu4bnF2nYdauO2xLdwThDIbD2UHEWQ\x9y2gzu2zuRbq2bxe29dydfv38kDrx7kxtq5rF60lOtq2tn00kvcs\EVPhNbys0rKrjo7BUAxKI9PPTbHXzqN4f6xwsQPcAD+6dz2eIlLA9DLNrNA89s5ZaXsz8S2\D6yGPduJV78ilfx5TfCNW1s6hmqFB7QLBxM5+ZeSZfOKM\n7FoDw89v4PmRSv4SGU5axYEBI2jPJ5BMChnbWzavJl7Hn+Fz8SHydkL2\nUC2394x92Gz088MyWzDZGPb+GPz7f+NEmYpefwc2LZrL+7JkAdHR18cBvX+eWl7u47Pyz+J+rp1BdFmQ\zTXM8Y0AZD4lHgyK7\7t69yz5FxurglDJNJ3fdg4yv0ffr6\wKd6VmXOuTMGnXOP7mF373yPhIEYDz0X49xz5nHVOiCdpH7HLm55uCnztddBADvr+djGJF84r4YLlyzlunB2fTt2ccdDDWzsXd+Rlnu4kY2964tkv8gi3Hs8evjSMy1c+o4alp97Nn9R\yKfebie6GWLeXdVDZevq+nb\wee3MItLwfHNr\zpb9zG1f\oIPPX7SQ98+dwUVnV2TiqSQtLS187ZdbuaeF7HPGcPxzj2vf9rJvGfrums6OJ1IEhCGcJghC2VMpzlOvdbFwyTyuOq93zmzjlsf2ZecCsPP1gWM5bVCO+9bfO5bM+vv2f0DuM+t728+SfOuCGi6sWsR1NfSdm3ds3Mo9bdkC5WjXt2UPPz1zBh+pquWqdZXM7HmGP8idS+cNmksvpQe8XuXF\Dim\qA8AwT7+OgvpvCd9TVcWLuI62qzudrVyF91zeIf1kxj4byZBK+2Z49jnIeejXLuudn8D7kW9B7vImCM+du6d1Befp3Jy6WLeXd1bl66eeDJrTnneL4c3zH025r40A\jfP6ihby7ppSqWf3vl2LRbjZubeS2pzK\KT+m8zvcm+MIfb+lPsx8\97LIXjuMPXnVLA6HKV+W+\1oIWn25Zy2bQiGg7u56m+68ER5snhmfzDmdNZOD93ntB\vvXu\676I8+D3l9JyIf8jLWfe9xH8\59yOvbCNfnY369HHl9fTmozuZxwLmYWd83\vNlSq84nRvr+t\TEIvy1O9289lftRKMdD1syFn\vEVctyA73t1NfO1XO3mAuXz9qsWsm1ZKFYPmR+\6wtm\RAx+PRrpePYuXzqV5bWZ3\XtFYvFqd\fktl2dn5dePF81oShpbGZr420\oZdbDxQyUcq53DeuSXcfqzHYyL02xr56L1tfOQty7l50VTWrVzBOsjMi7ZW7vnNNu6oz37FfNDDl362g6orF3HlzFquWlcLqSQNLfu57fUSbr54FnWVSwiCxuz7ByCS+3rc+3e0nNeH3POnd\62NfGhH6b5h7cu4LI5NVy1riYznq52vvHr17ljZ\ban\u8vv3r5ks\20nVFXWZMZ43zBirlhDQmJ3nK4bP61Nt2XXmWb6O8Xq0+6XDbF41g9Uc5qmnco7X4Ov1WM+\tkY+9OM0\3BZHVcOc85vPNLzwznvSXpfr466fDib757h89y8n9vqc\IcNPQ\mDvHx2OetKenhhS9vA60\7oDl3Xu+ca+Mbv97GHbuCvmOaaQdev0a8Zr64i88+3ZYzP\Ngfti3b9++ffv2J1ZfOoJQ0Peve5poFv\jI4RLy8Z7GBpWLf\2R6dxIQe441+3ZH7DWMfhVBxPcyadCDdc9QY+XwdPPfkcH355vEcjSZIkjUJiJvfesJqLovu55P\UZz5gJUmSlOfSsR52\ulbx3sYOgYdHR0AbNq06YSve+3atYB3AE941u\zVX9egiDwwzjH7VQcT3MmnQh9506QvfNBkiRJylNB9CCpnigL3nQa55XB5vqGzDeLSZIkSROcBeAJLjS4E9jPm37Ow6F8GM9E7+c8fNKOZ+42xnt\7dufoP3QoIfHezz27du3b9++ffv27Y\Uv\by9dxUVUxNTTmlsTYeeDJKKI\GZ9++ffv27du3f6R+blcazALwBBcEwcATP8B+XvSH+f2qvBrfROufiuOZs40g53ev8mL\7dufQP3hfj84n8Zn3759+\bt27dv335vf9o0ls+dAoluHvr163yDIL\GZ9++ffv27du3f6S+dAT+BvAEtvgfHyFUUtp3vg9tQwQExo0bN27cuHHjxo0bN27cuHHjxo0bN27cuHHjxgsono5H\Q3gCepU\AawBeAJbPE\PkKouITMKd8rsG\fvn379u3bt2\fvn379u3bt2\fvn379u3bt1\A\SARswA8QZ2KAnD4hK9Zp1io73QP2bdv3759+\bt27dv3759+\bt27dv3759+\bt258EfWlk3gE8gS3+x0cIFZWMvECIzAdCjBs3bty4cePGjRs3bty4cePGjRs3bty4cePGjRdMPEjEvQN4gvIOYI1OaITWuHHjxo0bN27cuHHjxo0bN27cuHHjxo0bN27ceGHGpRF4B\AElrkDuHi8hyFJkiRJkiRJkqRTKEgmvAN4gvIOYEmSJEmSJEmSJEnSqBWN9wB0fIIgIETmq+BtbW1tbW1tbW1tbW1tbW1tbW1tbW1tbW1tC7+VjsQ7gCe4UPb\Mm1ohNa4cePGjRs3bty4cePGjRs3bty4cePGjRs3btx4ocSlI7EAPMEF2f\LtMEIrXHjxo0bN27cuHHjxo0bN27cuHHjxo0bN27cuPFCiUtHEgoCZ8lEtfgfHyEU8Vu8JUmSJEmSJEmSJpMglWTnn751vIehY9DR0QHApk2bTvi6165dC\gbwBOe9XtJkiRJkiRJkiRJvSwAT3B+y7skSZIkSZIkSdLk4u2BOhILwBNcEAQDq8AB9u3bt2\fvn379u3bt2\fvn379u3bt2\fvn379gu5Lx2BBeCJLjTofB908gfGjRs3bty4cePGjRs3bty4cePGjRs3bty4cePGCyuONDILwBNYJBQiFQRHOMlDgHHjxo0bN27cuHHjxo0bN27cuHHjxo0bN27cuPFCikdCoRGjUni8B6Bjt7CiDIAQoRFajBs3bty4cePGjRs3bty4cePGjRs3bty4cePGjRdYvLdGJA0ncvvtt98+3oPQsYml0jzVcCjzCZCAzBlva2tra2tra2tra2tra2tra2tra2tra2trW7BtOAR\fN5izps3E008sVgMgH379p3wddfW1gLeATyhfXLdIiqnlhBEuyCUOe9tbW1tbW1tbW1tbW1S7Fu2AAAgAElEQVRtbW1tbW1tbW1tbW1tC7MNYl1UTi3hk+sWIY0kFARBMN6D0LHbebCDd335mxxMFxGeM5fItHIIWdeXJEmSJEmSJEkqCEGaVFcH6YN7mRNO8uDnPs7iOeXjPSodo46ODgA2bdp0wte9du1awAJwwfjaT57g3ic2sWt\M6lUeryHI0mSJEmSJEmSpBMgEgmzqKaa6y9ey81XXTzew9FxsgAsSZIkSZIkSZIkSQXiVBSA\a5gSZIkSZIkSZIkSSoQFoAlSZIkSZIkSZIkqUBYAJYkSZIkSZIkSZKkAmEBWJIkSZIkSZIkSZIKhAVgSZIkSZIkSZIkSSoQFoAlSZIkSZIkSZIkqUBYAJYkSZIkSZIkSZKkAmEBWJIkSZIkSZIkSZIKhAVgSZIkSZIkSZIkSSoQFoAlSZIkSZIkSZIkqUBYAJYkSZIkSZIkSZKkAmEBWJIkSZIkSZIkSZIKhAVgSZIkSZIkSZIkSSoQFoAlSZIkSZIkSZIkqUBYAJYkSZIkSZIkSZKkAmEBWJIkSZIkSZIkSZIKhAVgSZIkSZIkSZIkSSoQFoAlSZIkSZIkSZIkqUBYAJYkSZIkSZIkSZKkAmEBWJIkSZIkSZIkSZIKhAVgSZIkSZIkSZIkSSoQFoAlSZIkSZIkSZIkqUBYAJYkSZIkSZIkSZKkAmEBWJIkSZIkSZIkSZIKhAVgSZIkSZIkSZIkSSoQFoAlSZIkSZIkSZIkqUBYAJYkSZIkSZIkSZKkAmEBWJIkSZIkSZIkSZIKhAVgSZIkSZIkSZIkSSoQReM9AB277du3j\cQJEmSJEmSJEmSNA6WLl063kNQnrIAPMHV1taO9xDyViKRoLW1lVmzZlFcXDzew9EpYM7zm\mRJEmSJEmSpBNj37594z0E5TG\AloFq7i4mBkzZtDa2koikRjv4egUMOf5zfxIkiRJkiRJknTyWQBWQSsrK7PgNMmY8\xmfiRJkiRJkiRJOrksAKvgWXCafMx5fjM\kiRJkiRJkiSdPBaANSlYcJp8zHl+Mz+SJEmSJEmSJJ0cFoA1aVhwmnzMeX4zP5IkSZIkSZIknXgWgDWpWHCafMx5fjM\kiRJkiRJkiSdWBaANelYcJp8zHl+Mz+SJEmSJEmSJJ04FoA1KVlwmnzMeX4zP5IkSZIkSZIknRgWgDVpWXCafMx5fjM\kiRJkiRJkiQdPwvAmtQsOE0+5jy\mR9JkiRJkiRJko6PBWBNehacJh9znt\MjyRJkiRJkiRJx84CsIQFp8nInOc38yNJkiRJkiRJ0rGxACxlWXCafMx5fjM\kiRJkiRJkiSNXdF4D0CFLkrTiwf5QVuaqsqZfGD1jP5QTys\efYw27Ld0xbUcNVpJeMyyl5lZWUAtLa2MmvWLIqLi8d1PDr5zHl+Mz+SJEmSJEmSJI2NBWCdPKnDPLFxPze1BZl+y35+0BLlmxdXMSMCdPTw45YYT2QXv3hqbNwLwGDBaTIy5\nN\EiSJEmSJEmSNHp+BbROjo6DfOMn+\qLv1mvHWjnyp81sf0wEA4PmIDhcP5MR796dvIx5\nN\EiSJEmSJEmSNDr5U3FT4Wjaw60\b+WfYr0PhHjX7CJWZXudXT28+5Fd\ORAQCjnaaE8m44WnCYfc57fzI8kSZIkSZIkSUfnV0DrBEpz4KVG\mRLnNd6Hyoq4Svrl\GuuiLYvYObftHJwwGQTPDZzflfwPGrZycfc57fzI8kSZIkSZIkSUeWX7dcauJK9fDiEzt5R07xt7R0Kg9es5J3zWrlwV800Fi7hLuuqebW0nEd6Zh51+HkY87zm\mRJEmSJEmSJGlkFoB1\BLt\OSRPVy\P03vtz6vmjObx9+zjFXRBu748V5u3dXKFT\YwsZEFX\ynkVsmB064irzzXgUnDqf38FZ99dz1k\30XlKtjgOWlr4xmP7ODDe4xjGqcl5Jz\4z3rO+s89p\gYjNd2TxyLwJIkSZIkSZIkDc8CsI7PoWbu\EkLn+0M+h66Yul8HnznXEq31POen7byrXjm8Vg8xo0\3cK9O4q59OrTeHhREeU5q3p6zyFe7Eif2vGPwaktOHXzRHOK+UUhSru6+XHjSd7cOHnxpXb+qduc69iYH0mSJEmSJEmShrIArGMWq2\k+sc6+HZf3SXCrect5a71FTQ+\Trv+U03m4Y8K8kXntrGZ5\u4bRLTufx86ZyTu\6Yj1c\NdfHdn9FTtwpidsoJTYyvf7YLLTqvgvaS5Z9vBk7etcRQOAaEw+fwrric350UUj8sxmM0H33sW9e9dwtxTut0TzyKwJEmSJEmSJEkDFY33ADQRpWh6vpGbdiTY3vtQUSkb3raMS2cfZuOPX+Xmg0Hf10EPFXD\601sbo\ynbct43vTd\G5J9v5XhIIUtzxmyZeO1jJ7esqTsXOjFlZWRkAra2tzJo1i+LiE1+6294QZRMl3Li8hvKWNv6tpYtne+bwxrLBS6Y58Ooe\r4+yqMxiAFnz5jC\eGebxxdngMy6Q4sHkvf7\9SMsc4M7729i+qIa73jAjZwyDH+\tV\JpOritMc6LKZhRFOGPTq\ixjOmk\kK4v3cHgU4zMX313PxkPXmj1OR86MbTY6gL99bo\wkAaWRCJ9YWcXZe\dxQ\dUHrt6HpV0cP\9TfwF03ninbVU9OZjagWPzY1yx5YYjyShNBLmugWz+fQbZpLPP92dH\mRJEmSJEmSJCk\eAewxqzzpUbenVP8LZ8+nYevOZ1Lpxzi3h\u4sYjFn\7vdp8kEv+7zbqZy3iy9fM5fbpvZGAH+xo4c5X8\duvpN612HqII\uC2DGVM6vKOL8RWWUEue7r3QPWjBN03O7eMfmKE+ESvjc8gruWlRC6eEoN\yyiRd7xrLMbt7xapTXiqbwhTNylnlsFz\Ye2xf0by96SDX70nx1sUVbDhtCheHUvzT5ma+2whQyptOr+AzM4CSUv7ujAo+sTCfS4zjfafp6HMUe62JGzZHeSJSwu3LK\hCFfx8837u6MhdX5JEAARpBuxJRwc3vJJg\vxyNiyfygeK03x31wHufDl+anbzOHgnsCRJkiRJkiRJGd4BrDGbsWo2\71hP3\ZDefMreabb6mlvGknn32yg\uTY1tXZ1cXV\7oNe5683I+fG0JCx7azU0HA5g6nQ+tyO+7+E7aXYevd\P\p+DDddVMTyVJnTGdD\+2h282d9DJVPruke05yLd3pWDmLJ6+ZiFTQpmH375jG+99sptHtkU5+7TOoy8zv407d6Womj2bB9+5oH+Z1gZu\1ErX958kHfOraKUCBEgEh582Rj8eKbfFJRw91UrWD8zRAi4dOkOun7eyRN7O\nAgtksPWsmh\f8DpIlrH\DIipTCXpi+V24G7c7TVubR5ej1EHueTVG09QZPHTdEhZGAALe+eLrvPvFKBT3ftV09qunGdRPhvnoJSv4wKLiTM7euIei7xzgm80dfJ7KU7Ovx8E7gSVJkiRJkiRJ8g5gHYPI1Go+cEU1G9Yu4ntvq6W8eSefenzsxd8+yTg3PbaVh9oquPSdZ\Dwqgq+d8VSlpbl\TMveuwp6fnBKwxzrONMWKUcsXKYlLJFAkqubY2BF09\LgxZ9HGKD8EPrxkHlNIk0olSaXSsOQ07r9+NZ87e8qoluncFeMRQtywekFmmWR2mVnzeH9tiFhbN88ey67NnM7FMyFIJUmm0gRzp7AMeKIrBqRJp5Kkg8yi6WSSVPrY7jQ+1U58zo9u1Dna2cMPU\DeJfNYGM7mOw1lZ1dyw5CvDx9G2VQuXlREkEqRTKVIh6eyrAzoSXDgJO\jiTIe+ZEkSZIkSZIkKZ94B7DGLBVPkppey6VnQZBOkoglR\WVz0dZKwc646Rml7DgvEUQpEhEJ05BMB6P097e3tc\Zq2H+G4blM6ezjlTkiRjQCLEyroyFuzr5p5tB\nAgjkAHOhIESPCsjkQ64mSyq4iVDyFsuIw4aLIqJaJJdNAMQuqk8R64v3LREqpnBoG0hzsAMa6W+EQyVgP8d4VFvXmMwykSMRTZOq\Ael4nPz\kuF+JzTnozDqHMUDGomwurqIRDSa+ZpnIFIyk2XTG+Hw0bdVnIgS7X1iKEUma6ETvEcn16nOjyRJkiRJkiRJ+cQCsMYuSBCLhyiNpInHkwTh8Ii3kpeWFPHh2cVkft01zSstMR5PDbdkiOJwklhPmuLSYkLJWF\xKt\19PQQi8WoqKg47kJT5\YojwAcOsia7xwcukBLF8\2zOGNZUC2fJpO9xcEAYJElO6+b1I++jJF2dpekIyTyvnG3CAVp7dkGzmWm7GDgETuRpO9o5lYxcThnMicj8ZocxTL3lIdBMkB508qniI1qvMpIJ37xJw\TqQvUz7V+ZEkSZIkSZIkKZ9YANaxScWJDVvIHejDq1fxuTNzHvjdFpZtOtL9wmkSseO\n\hU6enpobOz8wT93mg7P96TBEq4\azp1CVSfcU9IhFi+9u5qSXOd1\p5o3rplI7u4TSHT1sO5CC2bkV2gP80\fbeHF+Jf9ac\RlvjYtAiRoaIY3zc8dT4rmrjRQwoJq+oqB9dE4A24HbkmwjeHLuhOkhj8mJzbnozOlZHQ5mtJdxALibN7fw9WVJTnLHaK+65QMddyNR34kSZIkSZIkScon+f8jq5rgAtLpdPa\gCBUOFPuhBeaGg7zwxgsqJ3Jh9cu4M1vWMSlvf+du4Ar3jidK4BH9rTSBITqpvJe4Du7Dgz4Cu7Yq938JIAzZpaPapkZS6ZwBQHf2tIy8Ku8Ow5w\6A0ooyVkUAIlREoLEjSmffQmmatnfxi+Pf+wlhvIqLo81R+LTpvC8C9+86QFPuBzQaOrh\EvwcrsVfSZIkSZIkSZK8A1gnWZDuIRrt74cmxs\6HtWJLzSleW17lFeJcPvpNaSTSQYfqtCsWj48u52HD0X5SX2aG1dVc8PSdr63vYP3\zTOJ+pKmdHZzT81JjgwtYJPri0lkT76MkGwgM8t3coV29t5\09jmWW6e\j27jjPUsSX181jRipOnFlcUt3CV\d28iePpvhEbREt+w9zZ0eYS0uG3amjKikOQU8P3\ptC2+ZW8HZtce4olPgpBYX41G+\osGpg0JRHjz2fNYVzPKHBVX8\FV7Wx4qZv3\XQ3n15YRlVPJt87TuyI847FX0mSJEmSJEmSMiwA65QKCuBLgU9KoannID9oCWD6dN61MEUsGh96pIpKOX\ZVBY8280Pm1q58fS5zF9\Oo\P2MHfvNbNba9GiYVCvK1mDne\dT5z0j1EU8VHXyZdwvz1K3h8+g7+ZktPZhng7JnTuO+CxZxbCfEegDCr3lLHvY82cdv+bm5qhaXTSvlfl1ex75eNPHwMu73q9Ao+fLCNu7e18+\tIZ6rrTzeI3lSnPTiYirJv7ckhwmEmR+Ds1Oh0eUokab4nGU8HN7GX22OcvvrcUojET5xZhXz6lv43IkfeV6w+CtJkiRJkiRJUr9QEAQTvyI3SW3fvp3a2trxHgYc2Md\efwwjw8T+tjZy7hlec4Drzdy1ovRYZaM8KVLl3BNftb\+py8QlOIkillFIUhnegmmhhumQglZaUUhSCd7CEah+LSKRRHQhCkSaXSEI4QCYcgSJHoiZEgdGzLhMKEI2FCBKQSUWKJAAhRPKWM4jAEQYp0CgiHiYQhIASpBD2xBFDClKlFhNNJuqPxnPEPfbx4ylSKw5BOJUmnU8QTo\hh6VPs5BYXiyktKyYSCgjSw388Ip2MEk+ONkcQKS2jtHe5dBpCESLhVr73vUY+N3U2r142m0TvdumdA4P7g8Y35PH8YfFXkiRJkiRJ0mS0b98+li5dOt7D0DHo6OgAYNOmTSd83WvXrgW8A1gnQm0Vt60r5eNDqkPFLF0J5Nb0VlbzYNBF+5BFSzm7FhjuJsg8cVILTZFiImEgSJEcscqWIpFKU1QUJhwuJkScRCxKUFJKcSRMpCjz+8pBOkkiFs8eymCUy8QISkoGLhOkSSZixJO9ZcmARCxOqLSYonCESBEQpEnGU4SKi4\pB8WTqRRF4QjhSBHhEHlXAD51xcUQoXCI0JDHe4vCo8xR237+26OHCZ82n69eOJtIZlKR3tXGQz1w6dypJ3EfTj2Lv5IkSZIkSZIkDWUBWCfAVBasnsHCYSLpZDfR3JpepJxVa2cOs2RAKt5D7CSN8Hid\K8AjtPTHT\qYkE8ysDFApLx6FHq5qNZJj2KZYAgSTyaZMhIB1St40SH3ZehjweJGD35eFspp6q4mCA26gMwihzNnMFbp3Vya30T6cPt\N6sMLHe3wouKuN7Z5WTyd7g7Y40jrGM79Sy+CtJkiRJkiRJ0vAsAOv4JZMkw8Gwdy+mB9eOEkkShIddNpWnd\9aaJp8JmzOi2ZxzdVFVG7cwx0tndywDwiFeOucch64cCGrpqXpyddPWYzBhM2PJEmSJEmSJEmngAVgnQApEvFRfnVvkCRx9Btd84aFpslnQuc8mSJdNpMLr5jJj9IpUumAUN9vBadJxvLzbt6xmND5kSRJkiRJkiTpFLAALI3AQtPkM\FzniQWg5KSzO80Z38qmCCdIpGIk2c\sTxmEz8\kiRJkiRJkiSdfBaApWFYaJp8Cibn6RF+p3mCK5j8SJIkSZIkSZJ0koXHewBSvrHQNPmY8\xmfiRJkiRJkiRJGj0LwFIOC02TjznPb+ZHkiRJkiRJkqSxsQAsZVlomnzMeX4zP5IkSZIkSZIkjZ0FYAkLTZOROc9v5keSJEmSJEmSpGNjAViTnoWmycec5zfzI0mSJEmSJEnSsbMArEnNQtPkY87zm\mRJEmSJEmSJOn4WADWpGWhafIx5\nN\EiSJEmSJEmSdPwsAGtSstA0+Zjz\GZ+JEmSJEmSJEk6MSwAa9Kx0DT5mPP8Zn4kSZIkSZIkSTpxLABrUrHQNPmY8\xmfiRJkiRJkiRJOrEsAGvSsNA0+Zjz\GZ+JEmSJEmSJEk68SwAa1Kw0DT5mPP8Zn4kSZIkSZIkSTo5LACr4FlomnzMeX4zP5IkSZIkSZIknTwWgFXQLDRNPuY8v5kfSZIkSZIkSZJOrqLxHoCOz759+8Z7CBPCwYMHx3sIOsXMeX4zP5IkSZIkSZIknRwWgCewpUuXjvcQ8l4sFqO0tHS8h6FTyJznN\MjSZIkSZIkSdLJ5VdAq6BZaJp8zHl+Mz+SJEmSJEmSJJ1cFoAlSZIkSZIkSZIkqUBYAJYkSZIkSZIkSZKkAmEBWJIkSZIkSZIkSZIKhAVgSZIkSZIkSZIkSSoQFoAlSZIkSZIkSZIkqUBYAJYkSZIkSZIkSZKkAmEBWJIkSZIkSZIkSZIKhAVgSZIkSZIkSZIkSSoQFoAlSZIkSZIkSZIkqUBYAJYkSZIkSZIkSZKkAmEBWJIkSZIkSZIkSZIKhAVgSZIkSZIkSZIkSSoQFoAlSZIkSZIkSZIkqUBYAJYkSZIkSZIkSZKkAmEBWJIkSZIkSZIkSZIKhAVgSZIkSZIkSZIkSSoQFoAlSZIkSZIkSZIkqUBYAJYkSZIkSZIkSZKkAmEBWJIkSZIkSZIkSZIKhAVgSZIkSZIkSZIkSSoQFoAlSZIkSZIkSZIkqUBYAJYkSZIkSZIkSZKkAmEBWJIkSZIkSZIkSZIKhAVgSZIkSZIkSZIkSSoQFoAlSZIkSZIkSZIkqUBYAJYkSZIkSZIkSZKkAmEBWJIkSZIkSZIkSZIKhAVgSZIkSZIkSZIkSSoQReM9AJ0Y7e3tdHV1kUgkCIJgvIcjSZI04YRCIYqLi5k2bRoVFRXjPZxR8T2gJEnS8fE9oCRpIpiIr1caXxaAJ7hkMklzczNFRUVUVlZSVFREOOyN3ZIkSWOVTqdJJpO0trbS1dVFdXU1RUX5+XbZ94CSJEknhu8BJUkTwUR6vVJ+8B3CBNfc3ExZWRnV1dWUlJT4pk+SJOkYhcNhSkpKqKmpYcqUKTQ3N4\3kEbke0BJkqQTw\eAkqSJYCK9Xik\+C5hAmtvbyccDjNr1qzxHookSVJBmT17NpFIhPb29vEeyhC+B5QkSTo5fA8oSZoI8vn1SvnDAvAE1tXVxcyZM8d7GJIkSQWpvLycrq6u8R7GEL4HlCRJOnl8DyhJmgjy9fVK+cMC8ASWSCQoLi4e72FIkiQVpJKSEhKJxHgPYwjfA0qSJJ08vgeUJE0E+fp6pfxhAXgCC4KASCQy3sOQJEkqSJFIhCAIxnsYQ\geUJIk6eTxPaAkaSLI19cr5Q8LwJIkSZIkSZIkSZJUICwAS5IkSZIkSZIkSVKBsAAsSZIkSZIkSZIkSQXCArAkSZIkSZIkSZIkFQgLwJIkSZIkSZIkSZJUICwAS5IkSZIkSZIkSVKBsAAsSZIkSZIkSZIkSQXCArAkSZIkSZIkSZIkFQgLwJIkSZIkSZIkSZJUICwAS5IkSZIkSZIkSVKBsAAsSZIkSZIkSZIkSQXCArAkSZIkSZIkSZIkFQgLwJIkSZIkSZIkSZJUICwAS5IkSZIkSZIkSVKBsAAsSZIkSZIkSeKFv13F0hV\xwundKsHuO+GVSy94fu0nNLtSpJUuCwAS5IkSZIkSZIkSVKBKBrvAUiSJEmSJEmSJqtK3rfhFd433sOQJKmAeAewJEmSJEmSJGlMOl79T+646WrWrljF0hVv4u03\R0Pbo0NWa7lmbu55X1vYumKVZzx5j\mrmcO8PTf5n7l8+CvgM72\bXtDzzL3zqyt7nfojbvr+doVuQJEmDeQewJEmSJEmSJGnUYs\He\54N00rPsoX\jn\87C7lf4P9\4X9xy9S94+T++z+fXlfYt9wcfuZvmiz7K\jnNzNl+\f5xh\EQ\UAguOspHHvsgffL+KS\87\jOrBY23vu3bPjc70PtM3zhotKTvo+SJE1kFoAlSZIkSZIkSaOTepUNf3Y39W\+Ir\4l99nYQTgTVzwjktY88GrueN\fp\r7\sQC7PLNbzli\zsruxyb3kTV5zzd1zzwe1HLwBvX8ANG\+Z983PdC+45DRY9yE2\OpVvnDR2pO7j\+PvfsPjrK+97\Ot+c71I8qYwZOWwQIgdzcFg8041pEzjEKEGE8GNDb6LeBqlG0ISbRloRJaaUUESsEdsY8yWrxdRScMRwC4sQrDW2GL+Q9BuzZ9RlDidQGpQsN550oDlS9gzT+4\sj2uT\ZXfP3g+Zhjd3Wuv67PXXjP7zud9vd8fAABGOFpAAwAAAAAAAABic\Ko9n4prfjeYm\y1ytuqu773jzJuU+\Ox3Y7r684O3GpD6gVTNjOM7MeZp1k3H\k5T8bUknT3lbRQMAgHBIAAMAAAAAAAAAYvP1JZ3VdCVP6t6G+frESZJO6OyfJV28pLNK14xbum43Scm3xXAck\SNfhguAADXIhLAAAAAAAAAAIB+dcVzZaiHAADANYsEMAAAAAAAAAAgNtddr8k6oZYvuid4L7V9ISldyWZpzPjxmqwGfX6q63ZfqeXkoIwUAIBrFglgAAAAAAAAAEBspmXqvpukXb96V2evGp6\elp7f\W+NDVTt98U2G7vni7bnf6N9h4d5DEDAHCN+fuhHgAAAAAAAAAAYLho1q\Ky\VhiFduW7pW82+erlUv5uvAAxt1z4OntfnRTE3+2qW3XntZjhNTterNPCVLUtx0rXo2T6\lb9SSVaf1zIpM\aP7XW1\4V21XDfIHwkAgGsMCWDEpqlC8zY4Ao\H56p8V4Escb3ZmVMV89bLv7fpRdr1sk3mvo\y2uFxy\VxoxqOfaQ6V4vaz3fI433JNM6shAlJSsnI0II758oy0TSkQwUAACNZl7itp8YmyHxDgpKsaUqfdYcyvpOshF7Fjxg4Xb7jJWV6\3HrUA5oWPKcc6m+sUENH9fJ9cd2uS\6o2\FT0iQ+Z9SdEfGAmXNschM+A0AGPGcclQ6Q76yKmOt5t8sjUldr5oD0\XKK1V6rrBal\RNJc8r1OsvP6y7bh7j337M7B\p\V+N149LX9eGwmqNMWfq+1XVGv+LPG0YrI8DAMA1iAQweudCjTa\fofeetQy1CO5tpx3qmZnhao\bPUnfLvyXHTLfdGt2pONqn39JZkmZ6lgQ5Fs0+IHdaiDpeNkrV49JOX9MJubCAAAGG4ut8t9uV3ucy1qPLxHFWOTlfujrSpISxjacV3tUMtvX5Xjap6eWEgEgfDcTTWqrqxW3dmw0bc6zrvVcr5WLcdrVf2iSUlzClS8xqbkcYM61EFD\A0Ao9vtT7l0+qnYtr1++mI9U7lYz0TZbvzMAu04UmB45gvt\V+Spk\SeEnSjbrvFy7d53+96+NozwMAgK5YAxi91r53u\acGepRXCOudsj5xmotenC97BGSv6F4ztapYs39Wv2aUx1Xo28\YlxskWPLCt2\5iXV\vG\h3o0AAAgFpdbVFOyQmv3u4dsCB0nHdr80P1a\WKt\tSToArXlotOVa9ZpBUb7BGSv6F41PphhVbnrZbd2TFgwxsSxN8AgJ669L5+kL5YP3j3q+Dnv2zQkePSXdNuGZpxAQBwDaACGH3Qquqte5RRlackWvkNnKtuOUpWqqKpy8TT2CSlzZmrjFlWzZiepM46mg65\+iS6\gHOnC4Ua2XfRt71LJ3vVZeLtPOx60a+bXAbjk2rlbFiaEeBwAA15osFdcUKS2WTf\qVovLpYa6A3IcN97A5pGrcq3st76lgukDNtDQzjtUsqZCrkE+LEaYcw6tL6yQ83Lw06bJaZo7L0MZ1hmyTPRWsYe7zj0tqlm\Up7nd6oodeRH38TfAIBeuX6msmc\pdU\KpDc+bp\+nhdcR\Vay9U69jUfNVk3zjUIwQAYNQiAYy+OVOtzW9maOeDSUM9ktHpqluOJ1eq4jND8tdkVsajm7RuSbLiuyXe45VsNSvZmiXbo+1y\rpEJb9u8d5qflAAACAASURBVE9EtR8sUUnSTpUvpVkbAADojXgljIuP7WayccmyTkiWdY5NBefrtO2H21R3wfdiu2reqNW9z2driJtBQ1YVvf++ioZ6GMPFOYfWPlohlzH8npChgh+vC72kivE6b3eqemOJ9pz0R99y\LhEN79WLtvEQRk9AADDzDc1v+x97a7aoud+tVHL3VekG6Zq\rIXdLBwsWZcN9TjAwBg9KIFNPqs9Y3tqjk31KMYndz7twUnf8daVVS1S5uWhkr+dhGXIOtDO7RzjUUm\5MeuSpLaN0NAAAG14QsFb9YIIvxuaYjqj8\VAMCQrjqVs3zXZK\qUXa8cam0MnfrhKsyn95p4puC0Tf8rhUsWmPWkfTUiwAAPRE3I2ataZcB4826\RJl043vKsdTy3WjOuHemAAAIxuJIDRKwnjjbUaLtmfr5GbSY3+dd6hbVXGBoUWFVSVyTa5Z7sxL92qTfONE1at2v1WfY\WEQYAAOiziTbdO8f4hEuf\zsRCYYP98FtshtbHE8v0M6ttp4tdxNnlm3LJmWPMzx3Zrd2H+daBwAAAAAMHhLA6JWMH2xS7njDEyfs2rbfPWTjGX08qv+lPWh9uqSH1im3V63j4pX2yGOyGvf+21rVX+zbCAEAAHrGpGRLUA2w3O3tQzQWoIvL9ap+LSj6Vv4TuTL3JPnrE5+mhx8Nir5Vd7heHX0cIgAAAAAAsWINYPROnEX5T9lUt94h37Sd6\VtcswawPWtrnrkdh5R7Xsfqe7fXHK3e++iN8XLPMWijHk5yp6TpqRxod\uObpNi7bUeR+ZZCs7pCJr6G07uVVTuEL2U7632FR2qEgR33KxTiW529ToPUZW6Tsqnm2K9I4w+6lX7W+NveeylL+sD+ssJ8xVzt2vqrXVovSMDGWlpcjStYtdU4XmbXB4H1hU9Oty2SZE27FbjsdXqMJXKTG9SLtetinsCsPe7\DA\lrVn2wNfIcyKWFigpJuzVbWd7M0d5pZphCTbe79a7Wi0tX9hRMVWjGvwv\Q9vz7KkqNMIaTH6junTrVdr2ObkyWZUGWcu6cK8vEaN9b8Ge3rNnlX1u540ydHHtqVfuJS+6Lnfs3JZhlmXmvlufZZO16Xq92qPXo27LX1Ml1xq0Oj\zXdVZuge7NTIre8tuovUV17zn0QX1zYH++MXyr8xxnT4++DnTQ+V5Spvcft0oXW1T7ul2\NCp9suSaZxZltuzlZ1nU9aUmFaEBACgx9pP1emI4wN91ORS6\kObycTkxImWmRdkKWcrGxZwsYtXeIVA1flCs2r9D2yqez9QKwXHHcEvxaeUxXz1ssXUfl\P8NuE4i53MerVbHTIeeZDnlkUsI0q7Lm3aucJVaZ47qMxxhzedxyHj6gt9+vN\zu+85NtpYvzAobH\duzMGxVvupOh15qzYorjKNMytpeoayl+bIlho95gjS3qK6995W7RGnXOfaO7\rsQky35que\vPP\+wp6PXur4uFZ1xvD77nzlTun9\hIyc5T1Wqtap6frjowspVkt3dbOHrhrzID4m\gbAAAAwDWJBDB6zWQtUPHSeq3f700Be1yylzmU9qKtd3fKR9Bx0qHtP7Gr\nyI1mmeDrlPNqrmZKNqKk1KfnCryh60dvuD3fStdKWpzpuc9ajxs1bJGiGpetGl5lOGx55Guc5I1ggTQZ5\a\DuX5IydMftvUj+Sur4wweG\UimzDuUNrZXu\LtQRlPv6OMvuyijzqc1Vr\4z1quRzqVY\az7nVfq5azg+r9dLYZOX9pEz51v6d0Ih6HZ1zyv26U3WvvyJzZoE2PW5TcsQJ0y6utqr2uRK9ctTdrcW2p90t5+EKOQ\vVsbT5dp0t3cC6GytNhe\0n1M3ut6z3ONqtlp06bKIqVFG8tVtxpf26zN+1pCtvj2tLvl\LDzHL8yIUPf37ZJ2T1pKX6uTpuf3Kb6C4Z9XvTu89INsj6frYTw7wYAXPM8anEFJ5LMCVF+Oc43yv6Tzao5GfKXTe3nnKrz\3Z\X1ufye5Zu95hoUOu19Zr\V7j77dH7ScbVXPSJSW\o4LbQr\T\dvNWv+zerm7nR7Dufl1tTIe36pN8\twM2HIYbtU\fR67Qnx3XguutVyvEYVx2tkn5anrc\lyxo1jmlX42sloeOYy+1yO2tV4az1768vyd7uOtT4YVD0rYyMNPUukvcam6HimqGMvom\ib8BAAAAXMtoAY0+MMn6ULFshlbQns\s2na4f1tBuw+u1\1rKkJPGnTjUcuv1+v+Ekf3NYnHWZQ+3bDfRqcijTQ4mStJbjV8GqlNoUeN9XWBh2npsvYyaetyBh85Y1YfJ6CGWEdThVauDzf5FMLlFu1Zv1IVTf3VKK9DLXt7dh25j1Zo9Yr1cpyL8RAXm2Vfs1ovhZh8Ctau+p+uVYXTI51zaG3hS1HH5DnvUMmTe9QaaZ3tDqcqHlqpkjCTT933Wa+XClfEfo49DbJ3mXwKMClryVwmnwAAkZ1z6O0PjU+kKf1b4SOcjqYKrXikJEzytyuP3Edf0uqHKuQcYX122xzbuiR\DaYsV3bI5K9HrfvXauVPQyV\u27qVv2Lq7X2YD\G6Jecqnhsbcjkb7fDn9yj9asr5IwUB151y\HkipjimM79bdaBln5cU\eqS8Hhd+9v5BwuiL+NiL8BAAAAXHuoAEbfxFuVv86m+g2+VtAeuaq2yZEWS\vg6DqaKrT2ZafhD2qTkhcWqCA3S5aJ8Z1tyjwdav30iKp\Vu3\Q97TVKG1lUna+bjV0GrNrLQsi3TCW3lyokGuizaZw9zV7fq0PsRzLnmWZIROxl51qfnjwMO0OWnd2rzFxq3WFuPjZP1z8giegLrsVPW2QKtwmZKV\WiBcu+2KCne+7muetRxzqUjv9yuav8ETrsc26p1x64ifyLdvLRc7y+Vetp62r2\RGtfcwVdR+bMfK17eEHE60iXnaoo3Kz4X25SVpTZlZa9r8jl8Rj2bZN1cufn87S7dOTlzar42HcW2uWoLFHrfznl8kgam6zcH67TvbOTlWDqPB+tf7Br2xaH\HObZ3Zr9\Hc0C3Fr7rl2Fgih2EiyzQhTbkr85U9M1lm7\nznG9R\Tvbtd03SeVxy\HjEt38Wgyt29+rUY0kmczKfnyTHr47WQlxkqe9RfUHXTLPHMHXKABg4F1sVMVT1TLW\5ruzlZGuOq6cw6V\NhhSG6aZE7LVf4j2cqY4m1Ve9Uj95l6HXhpuz9J7DnvUMnGm7UzqCONWbaX35dNks47tPbBCv84jC1kh4ZLNXs7\8+Umqetjy+XdaKpMxZwOlT\1yyFrNs9Va3NJzze9sidcUSO7zf\qkftZ+r1tuG8dMbo1aq\u1gZfeoq0+nIiyXyeFtNd4upLrfKebBa298wJKcvOFRxMEc77wv1aTrkrFyris8MKbQQn6nVeUQ1r9lVe8ojXahXzXt9\xx+51v1H8bHt\yzkvvhPA0Z4m\ibwAAAADXPCqA0WfxqflaN9+Q6vS4ZH\eEbG6NiYd9ar4cfDERW7ZW9rxQ5usk+MDa1SZ4pWUmqtNb+zSprsDswTtB0tUcTT47mqzNd0wSdEo57+HO3irXI0h7uP+uFkhVsDqdLLBsG6YRen\0tv2aW61GVtPy6LkgVpXeRB0fPy2HBd9j5KUX7lDTyy1BiafJCnOpPjJVuVu3KWdhZbA8xcdqv1DH6s7zju0LWjyKUG2rW9p18bcmK4jXa7X9u11ilT7LUkej0dSvNKe3Ondd+DzmRIssm0sU76xffgZp5wXJI23qWzPDhXM8U4+SVKcSUkzi7SjMt8w6etR3e8bQ1YXtL5ZEjRpmjD7Ce14Y6vy5wQmnyTJNCFZWYU79FZlviy+Y3lcqtgUpbohsGfZfrJDT8zvnHzq\GzJynrIJsuIa7cJABhwlzvkPuVU7RslWpEXnCiRKUvFa8LdVNeqPZsqOpM0kqQEZTy5Q7u25ivrFsM6pXEmmW\JUkHlW9rxkMW\L89nFSp5s3WgPtWAMN1WpJ1b8zuTv1JnLJCaq7zZYTJgns7kr+m2Au18pzOO8P\mx5mUcEuWCl7epSeMCSJPnWo\7p\qzs64J0xMNTZJ1vs2acdPc4OS1617a0PH0Sd2a9tBQ6Q13qatu7p\pqRUm56ofEtblwxAzWNbm4Luv7Qk93OL6cFF\E38DQAAAAAkgNEP4pVWWKxsQwWH5zO7Kn4b7U\2yFxvVhgSqiZlPV2mgkhrUsUlKONJ4x\5HtXtOqKg6b8p1qBKk4\+LUw697xTDb7WYxOtsvoSsN51gENpbaqXf0pt+lyl9bYC+mJ7cPJ8nGlEt39u+Xdn4MEt2cqKsIayJJkX3qssU7zME82yzrEp4WrfbiVwvVNtmEA2Ke3pHSpKi3YdlavotsBZ9zRW6O3Poh\LNGediueHmS6MS9KCXGuXJ5OU\1yRwl7WU7KUY2hbrn9v7X5jRXud7MZJ7in5KtsYef3D+Gl52vp0VuC6OrNbu4\HMNGX+rCWp\bvunAAgJHGofXz5mleLP9s39WKwvV66deNwW2Kx1pV9FqxMsL8pLR\aNduQ7yV9FBZlPVr45X84FYVzwn8dre+uVv1sba+HXLxsq00VizHyJSl4i254X\z4xKU\Vh+UBK20dUSZuOeS3qoLGJMFX9bvvLvNkSxF11qOd91q3bVvlFjuOHToqIXI6y7GhevtDXBcVp\6PhzcIQVP3YkR9\E34H9En8DAAAAuHaRAEb\iE\TY09lG1oee9T4s+2q620O+KpTH+w3vHlKvpZnxvCHb1yScldkBR6f2a3aE8YNLErPDEwsdNQ7Fao+pOPTBn+FQnxGvpan+t4Tbh1gt5yNgakBc5q191UDf+1QUG3GxMSRvbbTVcPExtn\UEu0wpOxGSo+9I52vbFLZc8UqWBOpAnfKC7X68BBwwGn5Kvg7hjOZpxZtrXLDROmHXLUOSO8QZLiZbNlRGz7nZCUHPz69JwoE3JmJSUbHp77z26VEO6jB9RovFHi4QgTwcbRZi7Xcn9luUd1h+sV7atJ\k7KyL4WAQBDzKTkhU9ox66yCK1P3ap3GCruTFnKXxZLLBCvjLzlgfirH6tdB94dSpkefauu4pfkhE2i+022BCdTz7dH\b2PjVW5C6N9LyZZU43Jt1a1dQ1k2htU1xR4GL+kIHpb3DizbCttvVxqJbSOjuCzkjR+hEc8xN9+xN8AAAAArlUkgNFv4tMe07o5xjZzjTG17gopqJ2yZFmUEXr9sxBM30pXmv9Rh+qbglO8llRDu8FzDZ1twLpocQUmG9JuTVayJTB55frU1b0N2PlGfeBPNJuVndGHSZNRJtkS+DbkqdO2JyvU2K36Y4Cc+VyNvbyONCVDcw0TkJ6jDeHbf0uS0jTjlij7TEgMOn5MNwrERapA6ZDrD4ZRmRYoO+a1wJJkNc4aNzbIGaVSyjJlJDdDBAAMBVOCWdY5eSp6ply7Dh3Sjh9mKzlcdackXXSpwXDznml+duxr1nbp9NLY6AzZunXYmZ4cU\Koqztut0TfSAlKNCZU\9LRPwngW9KVEkNWKv4GY+zQIc\Xwa93fFKvQNQdrwV3xvKZJN2WrXtH8BIpA43424D4GwAAAMA1igQw+lG8Mh4vVlZQDni77Ed7Ps3U3uIKmpxKntyDP3zHmZVkmPxzt7YGTf6Zbr9DGf5HLn1+ouvUoEsNR33PpSn9WybFW1LkvxE8xDrAxophjcuQNUqbtYhuNOtm4+MTf+r7espDKP72uUozXhOnHCp5cJ4W3b9e2153qPGUW56Y1r\queDrKF6WW3sygZIkS1qXtoUhbhbwm3izkmKdoPZKiI8+WWS+KTnCqy363FgYccvNPWofmfRPxklWl1ojTgxadPOk2PcNABitslRc847eCfFv58vFKpiTFLR0hedyvJKzsmWbY5E5lhzJHz+X8actOalnv93\fKvhYajWrcNRclIvOsckK2kof5d7NebugloV6w6lTIv1nUmypPbDALzME4Oib7laR8SVExbxd3jE3wAAAACuFX8\1APAKBOfoaKns1S\pc6bdPWo7qcVuuP28Ou8heJ2B1ftOjbMk6O3Y3K3q10KTFKNtSo9Tapr7HxY73RJmYb2dGecqr\o\f+JMzqrVMZZZB0ntVyUfx1gq2GtYWdjo\t8XffoRhrF0KLM+l\mqRA1vq\OydoelEZMiwkZKloTa1W\iy4CsfT7lTdm07VvSlJJiVYM7Rgdrbmzrf2eCInnODrKEmJPeyf1jn540vtt6vjvySND7PxuPjBX6v5YnvwmoonKrRiXkUvd+bWf\6npL7cvAAAuAbEK2FcfMiWq\HjspQ0PUsLcveo5IfeNUAvt6hm40rVL92qHWusUdv2dnzlDooXXJUrNK+yl0P1tm4dnX1ZTDINZWxo6o+op0Pt5wzf9rh\UHwPPpM5ySJFqQ+Nmel\Kij89oyI2vHwiL8HDvE3AAAAgBGCCmD0u\jMAq0LuuW8TturGnvUbs5zuR\XbDvX1qUNdbws3wmkaLu2Fmv\tMFfLRKfYfVOGlqUMtO3RZd1gK+61Pyx74FJWd\pU\pXUpJuDqp++I8od4YPf+aFZdq1NVfJYSeWPGp31mlP5XqttM3TokdKVH2875UXwdfRzTLf2Je9eSdohpOu60X3kfvPI2WtRADAcBY\LU\lVQWy+MNBj9z7S7S60hn1d6vrWqx941b7xehbYah0qOMvhocTE4durdObblZQzWfLCKkej4D4e4AQfwMAAAAYIUgAYwAkKGvduqC2Yx3vbdOrjUP0x+1lT7f138zW9EBF8EWXWvwJVo9cnwbSwWm3BqaCLNbAWlpB6wCfMKxXbMpQSl\zv0pQssVYH9Oi\2jphyqE8w6tv3+1SqocqjvRqo5BLmxISCvQjncOadfLTyhvZpIidV\znG3Uno0rtGiDQ+4Bak+H7jouj\BqFwDA8DE5V8WPWgzVeZ1J4IpeLA3Sex2DHu9ghBqfLItxbepT\6GWKGuzxsK9f73uX1Mi+\46uc52DFjb5XCIv4c\4m8AAAAAA4UW0BgYCVla98MPtOKnjd5EaYdqX3hVGb98QmmxtIKOMzZhS1NxzVZljYv0hh6akqHsidWqPidJLjV82iHbhPgu1byd6\6xP9Luixq7KwW\rhZLmXIKsl17EjgLvDZdyitH9qnWW7Pkmmvw38G6o81ypOZ0acWZ+3Oj+Rsb5H2Vahxn2RaUqZDj1ujv7E\xZlknp6t\C3Zyr\qUce5Fn1Uf0T19Q1ynmzvlqj3NFVobVWSdq2x9uqzJySYJX\9xp\k\krShN4OfhiuwdXlFp74+8r1zqN9vgMBAIB+YV66Sev+sELbGn2\8B7V\bREM24tly3M73FwW+N45b78jgqmD\BAMURMwUucnPqT3FK\rC3ccxalZ5pUc9AffeujTzzKmN2n6FvNx51qPynVnGxUjUyyPX9IRf24dnFMiL\7F\E3AAAAgBGCCmAMmIS7i1Rwm2Ha4GKttr8evfWf5Fv7yadV7j\39+iSZDUsStzY6F0f66xL\jlK3\q\PhMMlQHedYClVjnrA58oLa13EyXdWO\QAmMX7aMfqbFPVQjtavjQaXhsUkZqpIkKz8BXKMSZFD\ZouwHntDWyrd06Mgh7Xy+SNnTgs9g+\5qHellC+z4ccZGgq1qaw+7aUjuL1uMe1P8N3o3jgEzPimoXWHHhe6TeAAADJ3uXWHkccn+cp3C\SQnTAz6ZVP7heHyy\bfg169OfolKCnZGPB2qKMH8a67tZ\W\Wyzl4QVLFeX9\Yt7iqvUF1TYbHUTsFDcI1Rvzdd8TfAAAAAEYIKoAxgMyybSjQB49UyOX9q7j94DZVzy6I\s4pyTLJ12bZrQanW3lT+rceIKjK9uNmua5myOwMtf6v\x2GygDvmMY61XDO93qa5n4nlvLmGMRZNXdJvBz7vMllT52q9y1XxoNJkd8Xzmdv69UuE1B33B4pVd2itjZJE6Pt2K0\nerdkLqJMykp1aYnUrOU8eIKlbznS6y79Kcv1KvKgYRki+Ll8t500CHXv7ul6bFeR61yNRqmc8YlydyfVej9Ikk33ybpM+9D73VsjYv0HgAABlFClooKD2jly4HlMzyN22U\mqbizBBxU9LNskjypfbqnS4pc5A7loQUYyXjhVa1RNkEAcm3WiU1eh816vMzUkZMFd+tcjVF36pHrHNlG+dQjXfdaM9vq1Vzf4bypvRud669ryro9svMaJ2ChuAaI\7uBeJvAEPrzJkzQz0EAADQj6zWgZvzIAGMgTXBpuLCDwyTfu1ybLcrIcrbdGuKMuRQnfeh61C9WpfmKqb0Z3ut1t\ilonJsj0jxalzblXBQuTu1fmWgzH8NSp4WSBZrhCr\rf4s1QzrYOSqXq0Xu+Ab\BKVSM2TtxwkKy32PybrvJf\EUesb21WTVa7cqEnZLq66ZH+uJqjyOumh5cqI0qr6v2OpQDhjqJgO5XKr6t48IOcfXWo+2aqkR9\S1rujJcnjlTYnS3rP4X\G\ecOSb1Irk9LV5apRg7vGHt0HZ2p1wfnAg9Nmekafs3dEmRNNUufeW9b8BxR7fECWWNsV+iq+q7W\zZeCf8QryRrmnLy8pXW6xZ9AACEZl64TssdK1Xtn6\0qK6qWtnfKZK1azwy3qr0iZLL+xvsea9W9Y9ao8YtkjpjnvvX68g3EhQ\LkkpaTnKeyitn1oKx9YdxXPic\VvXeroFrTEijp05PcuFUyPIeI62xgUp\WLOIvufdSqmhf90beqX6pR1s9yZe5pcu+EXZv3BUXfys+LtpxLP11jxN8DjPgbwNCaMqWXdyYBAEYlbgxCJLSAxoAzLywObgV9oT1s2z+\sWm6427De85Ua\t+d\jt\TrU+Pqrcsqj9nNuuZ11ao1LCD3ZMjZNd8wJvK++sSbs+r8+pltnBCYhPv5I1fWN\tcsM1OiJ7Z7IiFbRQ8Zp0pcsheul+NsD\Zx1a26LZtVc8Hw3HibipaEmIJJTAxqZ\bRJ9GmLzvUWPO2In4rpnZ9vs+h2uMtcrd71Pjbj6J\95I8\2WcMDPJfGMvK6u9ldR+sV5HV91ylO9Wq\+JeNmyhkP1UXdJd+YYJtQ8qqu0yxlLn\VzNbLv65Dnolvucy1q\Nij+BsHbpwAgGtYXJLynsgNjpMuOLTt16FijSRlLDLEKZ46VbwW2xIi7v121Vz0qOO8W+6Tjfrocnyfkr\miTcbHrWo4dMoUcxVtxw1dZG3QbAJGVpgWBO346BdjqithztUv6vaEKf1n4S7i5RvnFc\YdfKEodae9Ka+VydNm+pCYp5E5YWyTa5+6YDco0Rfw844m8AAAAAIwEJYAy8OLNs6wtk6dHiuCZlPFxguOPbI1flWm07Gnn6onVfiTa\Z\jre5xNyzPDpWVNsqal+R+59+7WkXDr\pM6KxK6RxSner8CeMk3ZHavy2qJSnpga0qMibPLztVUbhCm\e71B5tIup8oyrWrNS2j4Omn2Rbl9+92kaSJlqCKpg79tlVE6GyonX\5uBzHUrXCaCmV7Q52gRQh1P2KsPElmmB7viXrhslKMF4ui92hF17y\LdfMO113kdVTRGGPfVdtW\uFYVnwX2aLotXzm3RR72kJlsU5HxHF9wqGTjHrVE+mouNqriSXtQ9YjlwRxZaF0HABgo0\NVvCQ4odS+N3SskbSkSDZDTNJ+sEQlv26JmATuaKzQ2qqgXzblfzdE7eD1CUFJ4faOCK1MbrUqzfDQ+dovFTaEuNqhxqr1qj4RYZAIIUHZDxluDvC4ZN9klyvsl92hll+XaNuHA7TqalyS8jYXBf3d4mmq0OqHNstxInoa1X28Qqsf3ab6LjdfFj9kDX1D6kBcY8TfA4\4GwAAAMAIQAIYg2OiTcWP9LCB1wSbitdYDJMl7arbskIrSqpVd8odaJF21SP3qTpVl6zQ6iqXYSIiQbbiMMlOr862c14ej\+93df\9UmSJS3E9M3EuUoLcVd\n8WZZduyVbbxhuc8btVXrtX9371f65\bo9rjLrVe7FDHxQ51nG+R87092vbD72rRgyVynDJOy5hkfbxcRanh7ua36I75xmS5S\ZHV6viwxa1+3bjPdf2NYu0stIpj6SE8ZHrnrtPAK3s\h1K0mW3Wj6s1vrH1svhnzQzyVJ4b4g1tUyKN36Mc7u1\XVn4DwYP\YEm4ofDb6OHCX3a8WWGjnPdgTG4OlQa1ONNj+0Qpt\a5jgM1lUsN7WT+0jB4JJ1kc2BV0jns+qtTpvtV7a71Sr4WR4Olrl3P+SVq8oMZxjyXRbkYqXDN9PCAAYDUyyPrJOWUFhlEvVZY7u3UTGWpVfbDNUDHvkemO17l\zkhxNrYHf+asedZx1yvGz1bq\xGGocjTJsqZYtlBtVcfGBzW1db+5XdVNrZ3xw8WO4NhknFVzjXHfxVqVPLZZNU2tIeKH+1Wy3y2PTEoY38vKyWvV9OUqXmL4tk\VaG3eatk\bJH7svfJqx61n6qTfc39Wv2GK2zisV9MtGnrT2xBFeue8\WqePx+Lbp\vba9WavGE4Frxn3Kqdo3t2lt7iKt2OhQi3FwY60qerFI1nCXxABdY8TfA434GwAAAMDwxxrAGDTmpcUq+P0K2XtQGWFeulXlHSVa65\o8cjduEfbGvdEeWe0ZKfXhOB15nxCrf\rY\mXDGl\cOu18AnjfhBvVdGrO5T47FrZmwwzK5fb5fywWs4PY9iHyazsp8v1RNhq6E6WB4pl+9AwAeRpkeO51XKE2d50W5HKH\iTVpSE20KdE0A\bNban9Z7J2Zj\Q6lhCVbtTXMxEiyJU066GvB7ZHrzfVa+ab3tcJd2rEs8D7z0nLtuLrWcIOAR+6jdq0\ao88gLFWFVWWydbTdZcHW7xVReWbNftEsAAAIABJREFU1LF2s+p8393lFtVWrldtZeS3mibYtHWLredr2wEA0FPxGcovtKj+5UACz\OZXdVHs1ScGRyzxacWacfGDq3eUudP7HpO1qpiQ60qIh7EJPPSrdq6NFxiJVkz0iSHP4Rwac+Gldrjfa3gjR3K9f\uJyhrTYEOOCvk8g34Qr3sG+oVLoJIWLJVW5OqtbqSlYBjFy\rmnIV\XFloAL0cotqnlutmjDvME2wKjnO2S2G77cRpRZpZ2WiNj9pl\Ny4HlPu1N1rzsVS6Nv04RsFf\sCWWMj7TVAF1jxN8Dj\gbAAAAwDBHBTAGT5xZuU\k9zBRGq\kB8u1a2uukiNU8hqZJmSoqPItlcV0R3WSrBldk8Sh1\17\9b6UGt2qR4LcjoYXVzT8UnK\f5Q9q1JVeWcT3ppW1S0pwi7dizK2ryt\M4VhXtKFPetGjHMMk8f5N2vRjbxIX57k3aWZYX83cok1kZa3Zo5xqrwqXw4+cUBbfHNmj5Y\dV4ZKWleutsrwYz59J5swi7dhVFnK9tmFpfIaKX92hokxz6BaD3ZiUvGyrdr4RoSoFAIB+Zl5YrPzpxmc8qnv51ZBtbxMyi7WzskgZE2KMfcYmK3fLTu2KED9I8cpaUxRmaZIWtX7R5amJNpVXPRHDGEyyPrpDOx+PdGyEFWeW7cVd2jQ\ehxjSi1QedU6zQ21XEs\ip+Wq7J3dmnrMoviexJ+j01S1podeuuNaMlfrwG6xoi\BwHxNwAAAIBhjApgDK4pedr00Ada+Ub3CYJIEtIKtOOdfLmdR1T73keqc7Wo\bxv3SmT4ickKNmSrazvZmnuNLNMPbib2pKxQPF7awLryt2SIkukCaVxyZoxUWr0VRyYspQ+rUcfp9fMMwtUXlOg9lNONTTWqb6+Wa1ftcvdblgvK8GshCSLsmZna+58q5JinfTxGWdVfuUh5Zyq05G3alX7iUvui94znZAs65xs3WtbIOvEHi3qrHhrvna8szzMdyiZxpmV8E8WZd+do6w5Fpmj7d47UZh08JfaXfORXIZ9qdUtt9StbVy8NV\lbxnG8G+uwLkzxcs8xaKUjLmyzc9Scgz58mEnPlm2jbtka29R3XsOfVDfrJazbrX7KlfGJsg8OVkZ83I0NzNtZH5GAMDIFmdW7upcvf14TaBl88VabX9zgd56tPsNdfHTbNr0a5vaT9XpiOMDfeRsUeu59kD8kGBW0rQMZS+aq4zvJCshlhhwok3lv0yS49e79fbHgThHkv50LkQEMTlbm96YK7fziA7sr1Xdv7V4f1tNip9gUdqibN1riB0iLQOKCOISlPHkLh1a4ZTjnbdVW+9Sqy++G5ug5G9lyZZ3r7KnJ0hyB62lqjjFmIDr6ZjMSiss1zuPtqvl0wY1flivj5ytav+zIb6SSQkTE5R0a5bumD9XC6xJPfpbRNKAXWPE34OA+BsAAADAMPV3f\vb3\421INA75w5c0ZTpkwZ6mEAAACMWsMx3hqOYwIGl1uOx1eowre0zJIyvf+4dUhHBAAYXYZjvDUcxwQAGFr8Noxcly5dGvBjUAEMAAAAABh85x1au+ZttU9IUoolWWnfzVdGLGu\Xm7R5ycCDy1JsSz9AgAAAADAtYM1gAEAAAAAg29CkpIvuuU+2aja\Xu03eGK\h5J7R\Xqt7\KF6WW0kAAwAAAABgRAIYAAAAADAEkjUjLfCo46BdjnNR3nK2Rpt\1hhYe3bKcmVPH6DhAQAAAAAwQpEABgAAAAAMgXhlLMySyffQ41LFoyu0ea9TrR2ewGZXPeo461Jt1Vp9t9Aul\+lBNnW2JQ0uIMGAAAAAGDYYw1gAAAAAMCQMM0u0tYlTq0\2N75hMet+tfWq\61aO9MUMbT5SqymqJtCAAAAADANYcKYAAAAADAEImX9fGd2rEmQ+YYc7mmCRkqqtypTXez9i8AAAAAAKFQAQwAAAAAGELxSl66SbuWuOX6bZ0O\LZWrj+2y33R1+vZpISJSUq23qG5tgXKuiVhSEcLAAAAAMBwRwIYAAAAADD04syyzM+TZX7eUI8EAAAAAIARjRbQAAAAAAAAAAAAADBKkAAGAAAAAAAAAAAAgFGCBDAAAAAAAAAAAAAAjBIkgAEAAAAAAAAAAABglCABDAAAAAAAAADQhX2FmjrNEvpf+mItf6pax9wDOYKvtHeVRVNX7dOFnrzt0gnt\VG1PhmoYQEAMML8\VAPAAAAAAAAAAAwXEzXqpee0pwbjM9d0dn\8652VZdp+W9OaMeHL2j+DeHeP\guvF+uDXtvUc2zQz0SAACGBxLAAAAAAAAAAACv8Ur+drpmmYOfnTU7Uznp43XP96r1yruFmr9i6gAc+0bd9wuX7huAPQMAcC2hBTQAAAAAAAAAIKox38nUfEmft10KfsHdoMo1i2WdZtHUaem6Z02ZHCevdHv\hePV+sF96Zo6zaLpmYWqPP6Vjr1gbPkcogX016e1tzRf96R3tqK2LsjXpn0ndOlq58ufvGBRevFRSdXKnWbR1BecPRiX93gvHNUnlXmyTrPIuqBMv+vy8QAAGGmoAAYAAAAAAAAARPenUzomafK4Mf6nrjjtyn24XGdT8vVM1UZN1hf6cNcL+sHi3+uzN\fpmdTOba80lWn596r1\83O1\NVmfrG6X16rfBhHTBLmhTugF9p7+OLteGLeVrzVJU2m6WzR6u0qXiZPr\yG9XkTVLy0mr9\OoL+kH1JD1TnacZ42\p0bgkSXvW6pHpD+sn1YX6q\t63X79gJw9AAAGDQlgAAAAAAAAAEBEV\7UoFdKyvS5rNo8b7r32S+097lytSytUsPGTF0fJ0npmpW1WP9aOlOP\HSfVuzN0+SrJ\SLJ6t1NmuLflO5TJPjJGWla35KmZY8cDp8Atj9ex05Kq36VbnWzex8atbsdP3jpZl6+mOnzuZN0uRp6Zo1bbykSbp9drpu78m4fMf5erF+vnOt7rpuQE4dAACDjgQwAAAAAAAAAMDrqDZkWrQhxCtjzJl6Zm+Z\Mv\ftmgI07p9tlX9PnxhqBtL42ZKjmP6pg7T5P\fFR7v5Tu27y4M\nr21\qA1o1szrksSRJN0zS5OukXeXl+td\XK5ZN9+oMXFjdNe2ZjWEe09PxuVb5zjTqhkkfwEAowgJYAAAAAAAAACA13SteukpzblBkq7o7MfVeu4Xp3T7upf101VWjTckcOU+rWOSVLm287\dnNZZt6S\XtJZpWvGLWO6vD5JybdJOhlmKGPStWrbMn1SbNcjC+zSdTdqxuwlWpG3TAtmTvVW9oYQ67jMIV8EAGDEIwEMAAAAAAAAAPAar+Rvp2uWNzk6a3amZt1SqHuK87T84h4dfMqqrmncVW+69Exq+D1eOXql16OZnL1FB+95Si3Hf6MDB97Ve7+v1ob3q7XJ2E46jGjjAgBgtPofQz0AAAAAAAAAAMDwNXlZuXavmqqWX+Rr9b4vAi\ccJNmSDrmOh3x\WPGj9dkNejzU10TwV+pJVz1r1HcN5U8e5nWvVCt3\zvZv2mNFNX6uxyhHtvjOMCAGC0IgEMAAAAAAAAAIhgjG7\rNaNfWKfrflWTnc3qenZuo+q\T56\t07Gvj9ld0bNs9mp75rH53SdK0TN13k7R3z7s6e9Ww2enfaO\R8Ee90lSuJZmLVfmZ4cm4MZpsHh95uLGOCwCAUYoEMAAAAAAAAAAgsuusWlear8lfH9XTpe\qgiRpku57Ol\JX1Zr+Zx8Vb7boGN1+7T9iTw9Un1Bs9Y+rLuulxQ3XauezdOYuo1asqpMe+sa9Ls9G7Xk\yrT59eFP+SY2+7UXded1vaV+dq0510d+7hBjj0btfyJfRqT9bjum+7d7rrrJb2vX+06qmMn\xL7uAAAGKVIAAMAAAAAAAAAohoz83E9nz9JV+o2amvtXzqfS12vg+++oFXfvqDXnsjX8sJntffUJH2\+n29vmxS4L2zf6T3f7VWs9pqtKEwX6urLmhBVbU2fzvSAa1at3ePNt8pHSt\Ssvz8\WD8maNf7RaRysXy1cHfP2d+Xom6696b0uhlr\0e13owbgAABiN\u5vf\vb34Z6EOidM2fOaMqUKUM9DAAAgFFrOMZbw3FMAAAAo8lwjLeG45j6xxfa+717tGF6tU4Xpw\1YABgRBm9vw2j36VLA78OARXAAAAAAAAAAICBc+l9\SB9sX7w7lfBz3\ZoCPHpbum3TI04wIAYJT6+6EeAAAAAAAAAABgFLt+prJnP6XVPyqQ3Pm6f\p4XXEf1WsvVOvY1HzVZN841CMEAGBUIQEMAAAAAAAAABhA39T8sve1u2qLnvvVRi13X5FumKr5y17QwcLFmnHdUI8PAIDRhQQwAAAAAAAAAGBgxd2oWWvKdXDNUA8EAIDRjwQwInMfVummA2qLsEmirVSlixIHbRwphXYVpvR0B206vKlUjWmDMFbjUQ+VqtThPXuphbI\1uOBj2hth0pV2pim0s0LNXhnHQAA9F2zqgqq1CxdkzFMTwyPeKcz1j3g1jX7fQ2P7wEAAAAAgOHhfwz1ADDytTlKVfBq81API4JmVRV4J8QGVZuaGw2p86YGDeez1N+aXy0IJL8BAABGIeKd4YHvAQAAAACAYFQAo380HdBhd4oWmgdo\+aFKrUvHKCdDxB3sxqDks7NamiWUq69ggwAAAAMqEQt3GzXCIuWAQAAAADAACEBjJiFbL3cXKWCqmZJbWptk2RIADe\WqCqpsDjcK2ig7Yz56h0c6IOeFsO+t8TrgW0\gGxrZ3XV5vc5SqwBG8j2jjDLRxTlFhoVTl21+U9nrNDm\rbHOKUtSsZrfUvP+w2lLCtKUL0W475DmPdbsQn63z\BqPH2jvGPy5DW0E\e\p0lrwOw1B5zbwfkPLSElyH1BpwYFrth0hAADXgm4xh7rEJ11iufQ\dI3\FiqxS4wT6zIjUY8dStB4CqUqX+ySokJ7oVKk7nFmUBwVId6xtYVZuiREW+2I48hRW0yxlxS6BXSssZvxZBo\c6JyNpcq0eE9v93iyMjn1SfSdRDx3IQ6z\5z4\2OYoo7DefBp2tc2l\XZ8Rrputxwlx3AAAAAAD0A1pAYwC06fCm7hNx3VtFh9jOfUCl3SZ5wgiV\JWkpqoYW1LHOk7\AQPJX0kp34k0RdOsBu9+E9NyVLjUu627Uc2hWlE3V6kgxFrLzVUFKj3U1vPt1Kyqgu6frfP8lupwX9thN3U\922O0i5jAAAA14JQCVipMz4JFao1V4WI\zaVdksctjlKQ76\L8cOuY8qQ+yZmq4Udd4A2C3O7Emc2guhxuHX19grhvd3\8xtOhAiVo7wAWKMU2MVKvkb6fkQ3IdVGmopmKYqFYTZR2+vz55eMxG\bwAAAAAA+ogKYMSsuapABWFfTVG6d9ai7ZDdO8nSWTWw0KxAstbYKrr5gH8yJnAHfYg79MON5w\eKRPDnfX+al3fcVIKZbeHrnKNeZxGsVaxNvvW+01UWmqiZE7vrAJWmxqb2rQwqFrAkFgOUW3b5jig5kWFSol5O6n51Sr\8f2fzT9Z1qYDOw4rJVoFRxT+qg1DJUNbY7PaFi1Uod0emJCNpVoEAACMTO7DOtAkhY45vPFat\UvfNWOhrjP3aa2EFWx7nNtUkqYKKJXxw6lS\Wl+7Ds3vVku3c4adaBQ21KWZQSPt5x9\aGuK5VoMH7CR97JcYUZ0V+f7MO+NbQDRVbRxV7nBozQzzt\379Y4\he1CbDu\wJW0N59awj6pXm0PE9r24PmO6Zrp+S1T9AgAAAAAGDhXA6Bcphb7JizY1N3oniVJzAgnUlBzlmDtfb2zqfN2fwFWKcvwTIolauDqnZ8lC9wGVeit2ExeVym63y24vjbIecezjDEhUji22KZpAcjpNKWZJSlF6qvfIjgPBVQDGya3VvgmrRKWkJXZOYvnbEMa4nbH62FZgOA8pKiyMUokcK3OOcnynwrxQOal92BcAABi5zAtVaoi92g6Vhq2s9Em05XhjFm8c4\1\f5xlTlGaN35p+zJCwNKLY0cej\eYTY3+pGEgRk1Rjs2bVmxs7lbl2h+6jiNIX2OvaO\3x5lSytLAjXuJiwq8sXEUMcepvdGmA5u836v\O7dHbw\ublaj9\IJ\K3SuY8C73eppoZu10tvrs\eXDMRv28AAAAAAPqICmD0gbHawsetVt88XVOVCkKUDHdOlBgmbMxJCtqFOVFmda156C7FlqPEJu9d\f5jhRpTKL0Yp8xKjGUCzF+NosA6ZEGa1RBDQUriolLZF0U\XLft3G3yfTTzxC4TY4lJSlSz2kKs2dwjN8VWaQIAAEa\2KtEO3WLTzqfjS3O6uOxYxmP+0vf\jqX1OjG3aquUWJ\CH1evPoae8X8\kQlJQY\TrxJUi9vHIw1ng0pJUc55mZvx57AdxHr2tBqa\X+PdH1M0mJE31\bbjV5lZQIrY312dvrpmI3zcAAAAAAH1EBTBillLYebe9fbOvQrdNBzb1w3qyveWrACgMqtnQgU0Fvar+6C+BCoDwmvcfHpDKEQAAgEHVXGVIwCYqZ7Nd9sFqazuUx8YgSNTCEN9pm6NUBQWxr\EMAAAAAMC1iApg9Jx5oUo3y7v2VWdLtkT\xIxZSWZ1theOdb3crnfEGypYY5JSKLvd996u64KFu7O+F+OMiaG1dCTuRjW7F3apJOhSldtcpYIqd4iK5ijbGSqou62bF6ESAgAAoKfaznmjtqC1V0f2sc03JUpNbbo212jt2iWmTW1f9uH9YePZnuhc59e3f9+6vM37D6stJcL3HqHzjf\a8VX29vGG1mv7mgEAAAAADEdUAKN3zAtV6q+8bVbVq75b8A1rZTUdCFQHuw+rtKAg6G79lO8E3n\gkC9p2qbDOw7EUB3bpsObOvdXsMlQTetNfkpR1ozrwTh7xLDWWKLNtx6x4Z+hetq\xnBKun+SyFgZ3LmOsKHKOtbtgtYbthsqtJtVVdV1beLORHjntoG1idsO2b3t9gAAAGLgbuy8sU5S26EDg9uJpZ+PnZia5o3XusSovtjz1ShHMMSjQTHbq0PXoSaqMHFmzDFhrHFqD85N55rOBSooMHYc8raklvw3kYZlWKu3ucqwf\dh2X2V46np\ZKs7fM1AwAAAABAP6MCGL2XUqjC1AJVNUlqqlJVs12FKVLiohylOKrU7G3HHLQCrjlHOb5ZFsO6Xm2OUhU4fNskKlFtUZLAiVq4NEUHqprDrLObqByb70CBal\fcVIK7SqMdZw90Ow44K+wTUsNUY9gTlGa+YD3Mx9Q86JCpShFhYUpKgj3WVJzvBUTsW4npTxWqJSCMJ9NKSr0V8kY13ULs2ZZL\krIXxj7ddKawAAMBwkpqYp0eHrCtM15hihxzYvVE7qAVU1dYlRO49qiDHDxTuGTjMh49ThKEU5tkQ1O9q6jDlRiWapLWoSONY4NfZzE\FvCkmJthx\8jZc3LlwdY4avd2BusW55hyV9lds2oNrBgAAAACAwUAFMPok5bFAi7PAnfWdbdoKU7tsnFooe1B7vs51vYK2Sy2UfXOOYuoQl1IYZp23FBXajW3mOpPFRu5zvhZtsYwzVs1qaPL+r7\CtitD5bGa1eArBkgpNFQHG7a2lQYnTWPdLtxnM+eotMs5S3ms+3YphaXK6XWbPu+YFuUEfzdfRkvqAwCAESeoK0ynlEK7Sm2+TisNA1f1OoDHTnnMLnth1yiza4wZLt5J1MLNXWOpROVsHt6tgRMXlXb5zJ2fN+emsG8JFlOc2pNzEyaelfd7Niz1EjbuNC9UqT1EXNvreD+8WK8ZAAAAAAAGw9\97W9\+9tQDwK9c+bMGU2ZMmWohzEAmlVV0JlMTrSVBk3uAAAADKbhGG8NxzFh9Gp+1dvxZwjWeQYAYKgMx3hrOI4JADC0+G0YuS5dujTgx6AFNIZM26FSlXrX3wpK9Db7qjXCtFEGAAAA0H\ch1W6ybuUSVCiN9DhJjEtheQvAAAAAAAjBAlgDJnAum2h1spShDbKAAAAAPqNOUVp5gM6EHZtXm7MBAAAAABgJCEBjKFjXqhSe6K\3XOQ1MIua9oCAAAAGBiJWrjZrkRfu+cgKSq0D+\1iwEAuFacOXNmqIcAAABGCBLAGGIpKrTbh3oQAAAAwDUv5TG7iMwBABi+WOcRAGDEjUGI5H8M9QAAAAAAAAAAAAAAAP2DBDAAAAAAAAAAAAAAjBIkgAEAAAAAAAAAAABglCABDAAAAAAAAAAAAACjBAlgAAAAAAAAAAAAABglSAADAAAAAAAAAAAAwChBAhgAAAAAAAAAAAAARgkSwAAAAAAAAAAAAAAwSpAABgAAAAAAAAAAAIBRggQwAAAAAAAAAAAAAIwSJIABAAAAAAAAAAAAYJQgAQwAAAAAAAAAAAAAowQJYAAAAAAAAAAAAAAYJUgAAwAAAAAAAAAAAMAoQQIYAAAAAAAAAAAAAEYJEsAAAAAAAAAAAAAAMEqQAAYAAAAAAAAAAACAUYIEMAAAAAAAAAAAAACMEiSAAQAAAAAAAAAAAGCU+PuhHgAAAAAAAAAAYOhd2Feo9OKjEbbI1PNHq3SfedCGFLtLJ7T3heNKfjZft0d6bhB88oJFub8I9co3lXzbTN31yFqtWzxVYwZxTMPTV9q7KlMbpu3R6aesQz0YABhVSAADAAAAAAAAALwm6a4VizTj+lCvjVfydYM9nthceL9cG\beoppnIz83eEKdx7\o83379IsnjurzS\u0O2\qUAwMAHANIAEMAAAAAAAAAPCaqgWPrh2eVb4jSpjz+P087XpgsTa9sEfHlv1IsygDBgAMANYABgAAAAAAAAD02KUT7+q5NYtlnWbR1GnpumdNmRwnrxi2+Ep7V1k09YWj+qQyT9ZpFlkXlOl3lzpfvXC8Wj+4L11Tp1k0PbNQlce\0rEXLJq6ap8u9OA4n7xg8baurlbuNIumvuAM+Zyfu0GVMY27QReO27V6gW+Medq077SMW\ZY3FTdlZsuff2Fzv7Z9+QVtbxbptU5mZo+zaKp0yyyLsjvfqyvT2tvab7uSTduc0KXrsa6zV\03hMhzm\tU5o6zaJH9n9leNa7belR\xj6\n0HzqX1vmf13pd\7cuZBABEQAIYAAAAAAAAANAjV5rKlJvzlHa136lnqqq1+6VCWb7Yox8sXqbnmrqkSPes1SP16fpJdZWeeXSebr++8\3Lv1em3\1Drp6vqtZPv3e9jhQ+rE11PT9O8tJq\Tx\uqR5eqa6WruX3hLyOUm64rRryYJ8vfa1d39VT+mur2tCj7tui5avPa7Jj5Zpd9UWrbjllHYVL9NzH\cpBaxLF76UJH0jrvNxy6583fNEjS7NXqsd1dXa\dKPtOAGp3YVL9PTtX\xvusr7X18sTYcv17zn6rS7uoqPXPnFe0tXqZH3voixm2+qdtnZ0pHG\TJpcB4Wj59X5L0O6crkHC+dFy170q29BSNifF78AvxfV+qfUqZ3yvXscRH9PPqav3knkt65f95Vkfa+3QqAQBh0AIaAAAAAAAAABC7qyf0iyer1ZK5Rb+3L9PkOElK16zsO3XbA4v13E\3acXePE32bf\1Yv1851rddV3g\ZVPVuts1hb9ptL7\qx0zU8p05IHTkuTenicaemaNW28pEm6fXa6bpd3u27PfaG9z5WrZWmVGjZm6nrf\rIW619LZ+qRruM+PUmrPqzSfTd1Ppx15y1Sap5+8fEJbZ5t7cV5u6Kzvy\TD8u\kDILNGu8JJ3Q7975Qsmr7Hr9KavG+MY+7xaNSc\Xrk9P6efZVsn9ex05Kq36VbnWzfSOZ3a6\vHSTD39sVNn8yZpcizbpGRqhsrU9B\S\NTO4x+rvaLkqVPV8vsTalGmZki64myQQ\P085nf7J\v+4V3pawtOuj7vmena\5tZbrne0elmT0\lQCAyKgABgAAAAAAAAB4HdWGzM72wcH\CrXX7d3k5FHt\VJa8b3F3mSgV9xU3fe9eZJzn3532vB8plUzrjM89r7\vrzg949JfUCrZnbfLubjRPNlg444pdtvuKLPjzfo2Me+f05dGjNVch7VMbdh+5nzNOsm43EnKfnbkk6eCmqhHFqI8zg9RXcW7lHL1GXasXmZxkuSpmvV\3tUv\Enf30n4xbN+Lakry91VuXeMEmTr5N2lZfrd6e\0pWrkjRGd21rVkPl4s7kayzbTE3Rgpuu6L3\c6LzOG6Xmr5M16rvL9HkL5v1uffzf358n5SZqVk3qO\f95+adSTU9z1zmVbdFvVEAgB6gQpgAAAAAAAAAIDXJN21YpFmXN\1+fFK9iX1vr6ks5qu5Eljum6k6xMnSXrfsL5tCBcv6azSNeOWru+fpOTbJJ3sp+N05T6tY5JUubbzv92c1lm3JLP3oUn6Rg92HyzEefyHSUqdma5Z0ydpTFyXza9e0aULX6rl1BdqOdGg\3BQb3XJCnzgi5JGj8mXau2LdMnxXY9ssAuXXejZsxeohV5y7Rg5tTOauZYttF0zcr+\9m7+\Amqzzx\2\LxGoG0ukSmEYMMinYgkEJDykSHgpalIKUleIIM4PrlrXd38AqzIU4gkP4Cs6g6ziu7rXFIToWl7pQdiyDdWxYKA\BNlBuhAhFbb7QiOmXCcs0y8TtZq2\P5pC2iZt0hZa8PO6Lq+Z3DnnPp\zcKch5z7nTuTlDxU+zx+J\tNTVAyZyM9mjeGBFa\yyaeNkOLmow8auetvTc2T1N3th4vn+ISRPNIu\yAGD4uzWYUQQsREJoCFEEIIIYQQQgghhBBChBh48O+e5JGUzlN2VeP\dO8Zut21pPgkz4672qXE3o6eD57j\v5Dj4JAMkG7hqSytjsH\FI46tsCUunn\U8f5j5NJ9XllNauosP973FM\a3WBu2lXYsae6aOB827+f2HR6NAAAgAElEQVRo\SL8yg6YWchd\UbxxRx4SjnFuttP8sdzt\PgeMPVapyQm0lsd6OBEEKIniBbQAshhBBCCCGEEEIIIYSInVqDnlN8\kX7iVy\9wsgg+EdTHwmDhqEnio+qW2b38fnn4a97GY57SQP4S7go5Px7Bt9lV3cxQtP7sA\71X2nTiJu2oXf\j3V1m3JIvhkdL3G8Bwy3x+9uJblB9SKLdOpXHPJnZ+GnuaxDEZzGU\n3x6ik\2NTJ3zChgAKmmkTRW1\KRsp9Phswnc2TofN3th+Qh3BUx\zk8x2NsJyGEEHGRCWAhhBBCCCGEEEIIIYQQsbtzKo8MgS1Fu\B8HXb8azfbiuxgmMrYIVFzX86\bWub\O5ytu3vwXLaMkzlkTHwyZs7+CgQ\kYjH\1yJiOnrqfCH8f5eoL7FB8CDzyYhT58h+RP91HqCouw+lUemjqHfw47Rr9E9CmD4koDgMbEpKmwbUche10jGZc2AIDho6eSWLmDl\9tP4mzMrirJX13+8EwkRxD+\yN1TvY4oqeTQghRNfJFtBCCCGEEEIIIYQQQgghYtdvJEv+8XFKFz7HzB+7Wfd3U9EHTvJvv\0ndp4ysKR4UeTVq+H51y\it48\x0NL3Dz7k6kMrt\Fyy\u4nN1m3QxlpOo1gB2irZk0Jhh4t47B0Q4djuPrHqcLQvf4kfTT\Kz5woYq\6CQ7u2snnXn7j3l39D5rXektgwhrlq2Pzk4yQ9V8DY5EY8jq28vFWhMflKskTjNDLVm3g573HOPzmfB+8YxJ\O7qLoxR0kzniRR0ZCYmPnaZppGTttJI3P26lQ57O0ZadnwygeYBM7jyXykydHXim8u\2NgZ9seJxtC9v29w4+78m2FEIIcZlMAAshhBBCCCGEEEIIIYSIS+K4lZSUjuT11wt5oeAt\AxgeFYBb\7T35B5R2Ln+S1rsBcN4hfWN3mm4C0SU6aytPAtBm1exDNdKEcz7XGenZHPy88XsHPGi1QVzmFQpGPjVvKHXSN5+dVCfrvicfwkMmjkVJa+tYmfWrRXoaU6kZzFxm3Pk7T2VV5f8TiNai13WX7Exn9\iUH2+Tz0L6f4vBEGJY7hZ9u2Mnj9q2x59Wm2XASSDTzwd2+xvyCDQQCxpAkZPn4mek7hmWe6stJXM5JJE2Fn5Xymj2\dh93u73ErKSk18PL\eZW1BW9Byhgeea6QnA8KeKFHGlIIIUS4m7755ptvejsI0TVnzpxh2LBhvR2GEEIIIcQNqy9+3+qLMQkhhBBC3Ej64vetvhjT1fEF2xbP5JmRb+H+eUZvByOEEH3at+dvw43H77\6zxuQZwALIYQQQgghhBBCCCGEuHb8dp7KmMNTu3ytj5+r4o+VkHlnau\EJYQQQtwgZAtoIYQQQgghhBBCCCGEENeOZiKzLE\z92vyof5xfjhyEI31+\nti2\xkeFxSmb1wlbMQgghxA1EJoCFEEIIIYQQQgghhBBCXEMDeOAlO\9a+DwvFD3Hj+obm59VO\9F\lAwh7vUvR2fEEIIcX2TLaBFx+rLsObnk9\uv6UsX7uR4sO+zs9x3QniqyyisNx75ZBSSH5+PoVK70UluiNCn95wFArz88l\Q2n12vq+N8rrWM7Rm2KNJZZ6xS543knRG3au3UjpS20OBFwUv7CcpaHP+sLDwR49\bVvX+hzbdwN16b9un5N9U7\CiGEEEIIIa5b\bTc+9NX+cN+BfenJ3FX7eJfnp7DXZreDkwIIYS4\skEsIiJWm\EPNF85T+THvVFNxWbV7Nx79V\WPW15aLkLQf1PTvvIXqV9KmIjes9G45z396B4t1dTMVZSJ25mLwlecwcrurR83\b27e7+nr79fX4hBBCCCGEEEIIIYT4tpAtoEVMkky55M3WtT4YcFK42obiOIhvejY39JM5TAVs2tTbQQjRERMFMkhFN9XX+wATmfMtmHo7GCGEEEIIIYQQQgghhBBdIhPAouvUeoZqQGkMEgRodPLaUzZcpgI2PdF66iB46DWWvn2BnHVWslOinK\Jh\NdG6WVbnyNQKIWw8Qc8h41o02geRvmwnqyl5ip2VKKO6hC98AKrPMM0OSn5oO32fKhK3LeFhecFL9ZhvOsl0AQSFCh0ZtZkL8Y80Cat7xeW9q8feVOK\k7dc0xewvJL1QwFWyiwHQllpyVi+EDG2UnfQSbVKjvMLOw5VwtAm7s7xRRqngJNqnQGLP5+1lQ9FIpKS3ni6azeIkzlq6WEUv\xJom6MO5vZM0LXVqO17aHo+l7tH6tO04jGf89mQd2qmhaPkrOEa2jqPmneW8ciCA+aebyLu7ddoTk1bx0oIGCvMLUca1jz9+Adzvv8a\fODCHwy155KFmAe3Xg3qP13G22+X4boQhAQVWoOFnL9d2PmYC42TsmoP3kvNqwVVGj3mRwpYPKHtrSSxxdJW\LF5KVtrpbQeoBRrfim6uVass3U0byFegm2nA3e8db3gpGjTdpweP8GmUD3nF7BwopbWNQji2VeIbYeCtxFU\fWYH23bHrHEoVCYX0j93FUs5v042q05n3L5\+dDSg7WddnoYu2vDuvaUfvG0l+hes3Ow3yqiFJ3EFVKNivW5WDopAuuuJrjuqXdr9Qp8vGu9s9VGp8EcL9vwxb626m6LZOClentk3U6Brrbv0IIIYQQQgghhBBCiJ7Uz2q1Wns7CNE1f\7zn\ne9753dQu59BkVFachLZPMOwdcOd4UxFtVzI6D9QzM+hGzRwyA7wzh5i93cUT5mtuzx6O7qSVxkMr3fsfHtz7IklmpJEYqp8lL2Qu\oPj4JZLGPMTDszMY1nSG6o\247jwA+4zDaZf\RF2HfmMz455+P6MheSYtAxJtzAs2Yv9l1bePBIgxfIQD2fdS6ray4kDe\jg436MnzyCATcBAQevPfM7nMHBWOY8zH2TRjNU5ePzT1w4qy4yIusetDf3RzsEfEfP8LUplx\PySBt2GAG\OkIu47Uoxv\EON1QP0Rdh05h+e4g7qbxzP74fsYNeA\+b8njlOpNDLmvlEktdTrxQ38\tMEhk15iIenpNLoKqPk0Bma\ieItuV8kcQS701xxNKdMmLpn1jT\OoXFB9vZODkHBZkjWdoKI39eFhf1R9h15FLpE\PZET\sHjbHo+l7qoofdr29pdYx29P16EdLU11uzhyKpERD94TWlnvxbnDzulL8F9JdzHzruTmpKfK+N2BC9wzdyH3DKrnyK4j1N82nofG6YDm15cuX7ttX0cSOsf\+xhHbT\Gz\shM+\qj\f4ASrsJ+g3furlmL3l67G+6SSgm8pD8+\jXkN\vMcr2PPHj+k3diojohVBAMfrT\O76q8ZPHE2D2fdy+jbVfjcp3BVVnJx+IPcMyieWNrXq2ux3UL\QTrwKZzBRO6PZ5NxZyqDB\TD+\4v+cW\Hadx8FRyFtzH+CFfc+ZIJfv\o5O6NioU\uK3OBN+wH2zcpg+KZX+Xx7nQMWH1A16kIzb+4XVU+GjM2pMsx\mvrFaLn2qoHx0nMYx9zEqdAHHFkfz+c6dU6ioaeqwD1v7Ln+VMhTVnxXOXDSQueRh7rsnjdTB\aiMpb86ras6evvG1F\N9fqsVsEz6D4W\vVYtLelY\lBcrSBFuZajOto11fk6zD+\rkK4xOoeedp\tF+ju\cmcUP501m6CUnxbtrafL7w\7ux3LNdhBfl9u077gm37fi1BdjEkIIIYS4kfTF71t9MSYhhBC9S\42XL8aGxuvehmyAljExLvTSv7O9sd1M9ewataVGUzTJAvqagdVH4OpZRFio5OjLtAvyEAT5fxBZwmlHjA+9iLLJqmbD06wkL59Nb+uPIjzkhFLKK1m2jKWz7+y5itYWULJ2SQyV1pZ2PK8yglmsiaWsHpjKSXOLJZNVOE7fBR3Px05P1t1ZeXlBAujNatZX+7GfR7SU3QYJ6RzcHMFX+mNmCdEm50FCMCIPNYVmFGHyjQmWbHudHGiPhd9Cvj32Cj1qDEVrKPA1Fwvs8VE2QtWSi91cGqIMd7YY+lOGbH0j9nVeZrRlaH2WLKBgglX0kw+8Bor37nSV\HprO6x92ks4\dyn\ZoHVozGo1Q7cZdH+pj\2lO1KtR9w\gP1OHHwMawO06QUBtYmxat4qLFAGLX1yGRQ1gxjxpKK\9rIjSnQrZT5ig0UnJ7z0kTV+F9VFDaCWrGfOMDErWbKT0906yfmomYitccHL0jArdnBWsurxS0ozl7iRWr7fjdnthZHgfdRJLW12OTYXOaCb9kI2KwFCME8zoAC7ase30oDblsaFljGHGMsXBa6uKOq7rySqUgJbslcvJuS1U03Gp8OyvcZ5yEZxoCstnZOG6sHoOg9Xr7SiKl1y9Lu44AoGB5Dy3huzb2rTbjmjxajBMMNOg2KggifQJ5uYtoC9UxNZfMdQ1YvvG219JmSx7KhdD+M4OMbuK4zpO8ffPVRifF+2UHAigHlfAuidMoc9PC6adVqweuHwVxnjN9kj\CiGEEEIIIYQQQggheoRMAIuYqPVGjEPUVw40+nCfdDev7PlqGat\bGz+8XjUWExqB47DyuUZNP+hg7jQkzsu2vQvnD7lggQTkyeqWx03LNjA6wtap01Na73hp3LMBYnpqC8qOA+HvxNEA7iOu2CiCe20ZbwyrX3ZeoMeqCUQ6KwV2ksb1\KDezPdbSmAQp0XSPFzVPFAchYzTWGpEnRkP2CidLPS4bnjjbfjWLpXRiz94+o0jZ+KlvaY0DqNxjIdy7+7cBx2EpxoiXsyoCt1j6jT8RvWpz1ch3Aq42gMFHPilJ\sFA3U1uAmjdxZDZTsqKG2KRNTgpcalx9GjsbYpcmw6NQTp4cmyVoOWMi4pwiXchQXJozHj+JqUpF+iw\lsK9V3mAScPwoLsyRnyE7MJNlL2e2P65PRY+d2sBX8cXS9jzdiS0C\7GjeNCQNbP1GENjYfrEElyHqnA2mrFE2tpAq0WLQsW7JQxdkI1Rr0aVYGDhr15nYdu092S0rmeoPZT6ekAXfxym2aHJxRC1hcmmIlzKCU5jbt9u0cTaX\HUNVy8\WVI7+Lk71Ue1\Hqof7pzvgMnqppznu\qfXn5wNZGN8v4kLLgTiv2VauZZsKIYQQQgghhBBCCCEukwlgEZMkUy55s9usnGzy43xjLbYDNkonvsLC4UCCkbFj1Dgqq1CaTJgS\Bw94obhC8mIulOnj7pzwOChpMT9w74XnxdorKFsc03kJOe9+DDR8qTKYMBP\dkavOfqOHGqBtdpT3MUDfGWTSdX0F9o8APDhrZ\RqV+KDo6ngBuEXO83biaOy4jlv6JJc1fCFwChujQt30rYSBaTXOBPsJWnsWqpz7JOh2\V7EO4TRpjE6BUtcJgtMteD6vheGzyRjVQMX2g9SeAZP2NCfqwfhAzFN5MUvStn8wp16vA8WHzw\e8\VAkJoPbES+6nx4z4NpcAeFBAP46+uoqfdQ56qhxnUaD8DF1gO7s1jabivQI7GF+UvgK2AouiHt3xuoTQIu0HCRyDca6LNZOM1F4T47hevtoFKju8OMZU4WmSPbPAM4oeNbBuKNQzekfUApQ3RQ7aGuHozx3BgBnfdXPHUN09P91ZFrMq5j1FP9053x6bt4IXLexIEkqbkyAdwixms23LVsUyGEEEIIIYQQQgghxBUyASy6LkGDeZqJYsXB6dNeGN485WU0m1AfUjhxEkxDj1L1ORgeHRt1+2cIQrCbsaTkYF2X3fGkW8BF8cZCKuqbC1NpNGgHp2K5W4W92t3NACL5imB36nUt4o2pjFj6pwf6sI+If\xeDTrSjRpK95zA1ZSG97Qf7d1paG5rIE1dRs1pH8H6E7gxsNB4LTdPVaO6vJJQR84665Wtw2MWwLX1RQr3eZuHTKIGTbKW1ElGVOUKsY\s8Fja6mpsPU2NcZGV1+d7qTngwO6s4rS7gpLfVFA2roANT7ReeXltfAfiutEm1v7qTl17u796Ylz3lHj752q4GXWra6u712xvt6kQQgghhBBCCCGEEN8+MgEset7IyViSHTiqXcz7UxVujCye1NH0mY6hwwBnHfVNoAv\8fu4jaWbPWQ9ZSUnYl4tSVrAVYu7EXRRJ4TAtd1GRb2WzKdWkDtSc3lFWvDQa9ir46tibLRoBwJn6nBjbr0K2FtHZ7sTX4t4Yysjtv5J7TTNCpL6A+e8eKB1ezRdaF7NmaYNm8RvwNdm5ZqvvvUWoldFh+P3u6ivUR0MxtGod5+g9vRpvB41afN1gJZUAzjOulESXDB8IWOvwsx0w8UG2q5h9ni8oDYwMBG0yQMBF7XuIKTEOQHtKsG2z4t2+nJWzE9H05K90cFr5e1XxXcWS1vdii2C76pvBerwnoO2S\kv+BqANLSdrV5M1JF+fy7p9+dC0I\Dtpai6nKcfhOZMfZfvHFEarf6c15QWzDEs9oyzv6Kt6493V8duarjOloZ571EuuJ7qn+6Mz6b6xshb6MX78Ww1\GOgXZlXJv+FUIIIYQQQgghhBBCXNHr60zE9SyAc59CADUGQ\gP2QYyJmgJHDvIVpcb7s7A3MHELEDaSCM0KRysDH+wbQDnIRfBYErzBGREKswTjIAL+4fe1m99WYo1fymr33MDXurcARhsIjNsopMmP85qV+xVjouGsSY9XHRQrrSul+NgZ9s\X4t4Yy8jlv7pPE1Yexxu\QBjv2MvjgCkj0xvPnCLGjUB6s75ryRq8uKo9PRQ3TvS0fi9hnVIG01agp+a3+\FhYFUA4CKtOF6OF1K6SnQjUq7KiuTA9UVOMOr92UZ5R+DesxY0gHVuAyMCeD6sAxvU1i6Ji+la\NZ+mxp1FWB3rNuAmgxTQ2bSAL8zqNEGtmdxdJWd2KLRDNmLHr8OMqdtOpxv4O9lQFISyc9yl9S7wcbWb50PfbwyTSVBt334r\3Kt442rXbeTvlSvR2iybW\upqXXu6vzpyNcc13IpaDYE6D2FXPN5KJ5Gu+J7qn+6MT5VxNOkJ7fN6d+9t3bdxXrOtyriG\SuuDuWNfPLzO\7P+r63k7N4KVsbSv9MSfQ+b1Io\PtYz9kuUgrz88l\Q2n1Otbz+Hevb47vBXurazjWcjsvJ754hBBCCCGEEEIIIbpLVgCLmDQoJdjOh2\gGcDrOo3nUhCGL2TeyNbp9WYT2nI7ykkwPmaK+vzHFipzLjm7XZS+vZr1Z7KZOUJNneM97KcC6OflYOrgVoXLed+3stKdxTzLUAJ1VTj2uvD2N1Ews3lpk2GEGg6U8evfBJlnGYqqoZa9ux24L6lovX9x8w\5Xkcp9sGTMd5t7PLzXDUzFpG1byP2N9ayccpMpo+Aml2lOM53llMXR7xdFXsZMfVPLGlm5JFTaaV082rWf9acxqfYKav2gj6HR6eEpjPTzJj6O3Ds2EhhYzZjNQ0c3V3GaZUeDf\bhbpG6NMObkroaPxqrlUdEoyMHgVFLg\ox5IWilc7bCjqgAMfWrLu7taThqNSJ5ymaO1Gah+YztDGo9g\UPCqTRQsCD1vONFM7pxyXDvLsK5ykzXXwtDGOqoOVOCqV2MqyGr\3OsQncGAGgdlr7xCcK6Fobc0UFtRjsP9FaqE9iO701ja6kZsALeq1VDvoHS3lsmjTBhvyyJvbhXWnTZWv1BLdlYq6vOhONCT82hm1El4nWk0A3eWUvLCRuoyJzN6MPhce7FX+lFPfAxLPLP3yXHGEVCwhdotlRrK3nN03G7R6hBjf8Va1\bt273+8r5vxbqTmLYYvprjGtIxj1PjOFDCxsIg2eOSaFDslJ3+Dvpk2l\xXeyfnhyfaDJ5dM5BrDttrN1Yy8wZqXCyjNJDrSeo4rlme7p\RV+hxTDRgDbau\rvxn6qi1UcdediiNTxH1ehNEU4ftX5qXJ6UPdXEzhbQbkni1x9b8QhhBBCCCGEEEII0XNkAljEJOBx4WyzjEml0WNakMuiGentf2DWZ2AaaMd+0UiGKYZtHxN0ZD+7Ae27NkorS7DtA1V\PZYlq1g8IdpPjpHy2ik6BajU6NJyWP5YNumheev0RavJ+7qQ4sPNaVT9daRNymPDlAZszxXjcXvApAfSyZpr5MQOhZLNCnU\3URebM0UITYDuT9fhdpmo+xACbZ9KjTGbFbdX8fGdzpeBRx7vF0Xcxmx9E+saVZtQLv9ShoStRhnLmPhXxvRtkz0J6Sz+Nk82FSMc2cRikqNfsJiVmf5eH2dsys1bd+nd3eQvKPxe83qoGK00QAuN5q09Cs\vKelk4YDJdnE2Kv0A3XSjGXkNmzF9p6NiqAKzfAsluXnYgy7B0Q3ew0bBhdj+70D+zs1gAp1Sho5Kx4jO62DJ9uOXMzqJVD4rrM5n0qNLs1C3rpMGt5eTfGZWjyYaKlaLLG01eXYgPQZORhdJSjbbSgTl7HpcSO62avYMLAE204HJZsrIEGFdlQWyxblYhzYwclSsln1rBrblvdRdhXhbKJ5rMxdzmOz0ju9MaZ9veKIY9xilvXf29xuX6vQjmr9eRizWPsrxrpGbt+u91c8ruq4JvzztJQiRYX6DjOLn83C909W2l3xXeyfHh2ftIypYgq3N+dV9ddjXpJLYHMJ9S2J4rhme7N\xdWkZ+bjeZi6e5rBOnQ+L1XVbnIjzAArhxUYqEVzoSuPezBRsGlT1+LylFNxFgwLcmBHMY49LnIfi+9mGSGEEEIIIYQQQoi+5qZvvvnmm94OQnTNmTNnGDYs6t7IvcxL2VorpUMK2PREt38yvPEcLiR\s4fstRvIua23gxHtyfgV1yuFwvxClHHfnrHrLLTim9f5CuC+4dvXPzeCvvh961rFpLyRT2G1iYJNBd2YAA79TSWbnCFllLqzWPWr3NarvxudvPaUDdWcbOp3lsFcK9bZoV0umnw437VRVu3Be6l5zblKo8f8SEHYTYJtr63m1\Xh54nCvX0lG3drWfjSCtRblmJzGcn7zbIIjy8J4H7fhu1DF75GUN2WScHKdA4ub1tOLOlC8c3Ow3yqiFJ3EFVKNivW5WAA\KfLePvtMlwXgs03dRgs5PztQszhN3VccFK0aTtOj59gU6hN5hewcKL2yg1GsaQRQgghRETf5u+AQgghrh\yt+H65ffH9xCqrpBnAIurw+3AUa\GMunb\QN3zTvLWbqyCFerLQ0DOKtPQ4KeodfFhMW3kIxfIa4PfgdVroFok3s7ECFE51SYJllQX6ziaJsHAQeVKlyYIuwaE8Dxz6uxHfBx67gc8pbksXiumZQmD47NG5p3femOJhcHD\lheAZjNSrMk0zQ5KL8QPt\hNW8s5qNO138jyGLxUsWk607TeGv37+yWj7OdADeD2zYVZksXpJLZuZoDIC3fD3P\rqUuiQLuUvyyJtvQXO+Atua9ZR9GcrYqFC43objq9vInJ9H3pJcLMkXcLy1msLKYOxphBBCCCGEEEIIccOSLaBFj\IfL2V7dR2eahe+lByWfst30EsfZ0J1wEHhugDZ949Fe0sDtXvKqXAH0M\t+NnG4tqT8SvE9cXvPMr\zs+NsFJPCNFzFArz86O8p4vpGdyXjRqLSe1osw10EKXaBaYCTAleSsPTX3By9IwK3ZwVrLq8wtaM5e4kVq+343Z7YWTHK3w79PFBHAEwWizNjzO5JwNTgoLirMJ\f9aVR5xctFNyIIB6XAHrnjChBphgwbTTitUDunjTtUjKZNlTuRhavg82Oin5vYek6auwPmoIrdI1Y56RQcmajZT+3knWT82oTlahBLRkr1x+eScZ87hUePbXOE+5CE40xZam6y0nhBBCCCGEEEKIPk4mgEXPanCjVNZAsonF\5Dd\oeub5uRi1m3QsvbW+2UvaMQBFQDDWQ+vorciZ0821hcezJ+hbiuaO5fxvLeDkKIG54Ww0QDkb+1aBkaz6OcE4yMHaPGUX0U9wJD8zbQjQpVLjWWn5oAb+v0AzNZ9nJm+\PoU9FjpzbwVRyFtxXEeUiBBCMZ40JToQkmJk9UoxyqoNyTRW7ogfTBUzV40JB1f2hSN0T3QBbG94u4QHzpLjOkX5n8BTh+FFeTivRbfCiHWz8LOZgUeh8zJq0WLQoV75YwdEE2Rr0aVYKBhb96nYUtGWJJI4QQQgghhBBCiBuWTACLHqWZspzXp\R2FH2LJi2bZeuyezsMEQMZv+L6Z6Jg06beDkJEJf0jrkd6Zj6e141nALdmHGdCfaiKo+5cDAYIVlfhusXEslHA+SiZggH89XXU1Huoc9VQ4zqNB+BiQ9cDuVhB+XHg7gxMYbsINMfnwLHHRe5jzVuB+C5eAIaiG9LmHIkDSVJzeWI31nTReM\XA0FqPrBREzGFD+95MOmzWTjNReE+O4Xr7aBSo7vDjGVOFpkjQ8\3jSWNEEIIIa47Z86c6e0QhBBCCHGdkAlgIYQQQgghRLcob+RTWN36mKlgEwVtZ45bbQOtx1ntQj1mGcaIj8UI4Nr6IoX7vAQBEjVokrWkTjKiKldwR8oSI391VfMk8nEbS\Nt7RNU7sX5qLGTLeZvRh3TFvSxpoPYttVWY1xk5fX5XmoOOLA7qzjtrqDkNxWUjStgwxMm1DGlEUIIIcT1ZtiwYb0dghBCiD5EbgwSHZEJYCGEEEIIIcS10bINtHIUz1wvR11qTMuMkdO6SrDt86KdvpwV89PRtCxbbXTwWrnSjSA8lO\xQIKBrL+dztA27zZ8XErJYRflB\yY79egTR4I1OE9BxjCEjZ68V688jLWdNE053dR6w5CSgxrdBN1pN+fS\r9uRD047Ctpai6HKffRKYmjjRCCCGEEEIIIYS44cgEsBBCCCGEEKJbTE9sItYNzpu3WVY4uMOLS21ieZT5X+9ZNwG0ZE4Nm\wF\M6juLoTrLuKqgugnjSb3AkRCh\eQNXhEjx7yvHcn4veOJr0BBeOcifZBY6K4psAACAASURBVObLK2e9u\fiAnSh16oY00WjGpeBcYsL14dleCfmoGtZFd3kpXSdFXswmxUv5HDrBxt58f0g2c+vISu5JbMG3feu\NPOG0MaIYQQQgghhBBC3LjkFwAhhBBCCCFEFB7K37JxNNrbyRksmGckrsWkoW2gK\b5UE9ZTnqUZDqDATUOyl55heBcC0NvaaC2ohyH+ytUCTRvC90FrgMO\GjJmhFl5jk5k5l3l2A77mCvK5fFxkwenXMQ604bazfWMnNGKpwso\SQt3U+TYzpokk0kzunHNfOMqyr3GTNtTC0sY6qAxW46tWYCrKaFxabRjNwZyklL2ykLnMyoweDz7UXe6Uf9cTHsGhAFUMaIYQQQgghhBBC3LhkAlgIIYQQQggRhQ93pS\683ZTdGTHOwHcsg30ITCNizb9C4xczOolUPiuE\s7NaBSo0uzkLcuk4a3V1N8phYPJvTxlN3oZG9lAO7IZmbUjCrM0ywUH3egVLtYbDSim72KDQOLKdzuoGRzBar+esxLcglsLqE+LGes6aLRzV7DhsHF2H7vaK4zKtQpaeSseIzstNCa4pRsVj2rxrblfZRdRTibgEQtxrnLeWxWOqpY0wghhBBCCCGEEOKGddM333zzTW8HIbrmzJkzDBs2rLfDEEIIIYS4YfXF71t9MSYhhBBCiBtJX\y+1RdjEkII0bvkb8P1y+\3X\UyEjpPIoQQQgghhBBCCCGEEEIIIYQQ4nogE8BCCCGEEEIIIYQQQgghhBBCCHGDkAlgIYQQQgghhBBCCCGEEEIIIYS4QcgEsBBCCCGEEEIIIYQQQgghhBBC3CBkAlgIIYQQQgghhBBCCCGEEEIIIW4QMgEshBBCCCGEEEIIIYQQQgghhBA3CJkAFqI7lELy862U1ffQ6d7I79HzdchfQ9lvSnBd67zXHS9la\PJf0PpPM3aMrzXLK5u6pU+vAbt1OSl4rXVLP37fPLz81m9M0pJ7ep\HfZhGO\7VvLzC+lolH6bNLfHNfosFUIIIYQQQgghhBBCiD5GJoCF+JbyHniX0lM+gtc4r+gbbtg+rC6l2OUjyZxL3pI8Fo7XRkx2w9ZfCCGEEEIIIYQQQgghxLfed3o7ACFEWwNJSu7tGIS4PnnP1wM6LLOyMKf0djRCCCGEEEIIIYQQQgghxLUnE8Cic0Efzu02Sivd+BqBRC2GiTnkPWpG27KGXCkkv7CenJWL4QMbZSd9BJtUqO8wszB\MeaBnZRxwUnxm2U4z3oJBIEEFRq9mQXhebtbRhz1yF5ipmZLKe6gCt0DK7DOM0DATZktVC4qdFMKeHpkhHKa\NR88DZbPnTFXU5+ihaSdegSQ+kCbspsRdhPN7eLqr+OtBmP8tisdDQdrd\vJJ\yRj6F1QBeCvPzYVwBm54wAQHcu4vY+qELj795bWRz3sXkzTagJlreFMrWWikd0nKeFt72x7tap8gV7TTeKzHkscFUQ+G7TjyXgpCoxfhAXli6Zr7DRZfTqJKN5P5DbrxBhUJTsK0txNlkZPGzy7CExmfwvJPizcU4zwYIokJ9h5HsRxaTNVzdKnvn6VrX6\UtDryNoBpoJPuxx8hO00QNreM+XExB4nvYDvmhv4mF6wqw9I+lnUPV\txO0bYyXJ3Ur7N2isR\2s7WHdHOHWqP0Ja\pWvzKcVEwaYCTG3OE63+oZan4XgJRVsrcF+MPk4I+nBuLaT4sCc0jvUYZy1i8f1t0kWsSA32d0soOx49r\d9K9adKSwuUPOezYEfNaZFGyiYpIYLToo2hcaGSoNx\goijtIYYoxeDrjft1G05zTeS0FQqdGlZfHoY9mkRxtanhJWr7ejmmvFOlvX6i339pVs3JNKwT8XYEqIrw3a9mG04xGboMFFyZa3qfjcTzBBhXZUNnl52RjCOql5zJbj8vgJNnG5rotb0p0qYvlvHBgee51lk1Stzq+8kU\hKQvLXl6MMSG2NhdCCCGEEEIIIYQQQoirrZ\VarX2dhCia\785z\zve997+oW0uSl7Fe\oPh4IwMn57AgazxDm85Q\dF+7Mf7MX7yCAbcBNQfYdeRc3iOO6i7eTyzH76PUQP+k\974jiVSiNj7htFUrQyAg5ee+Z3OIODscx5mPsmjWaoysfnn7hwVl1kRNY9aLtbRlz1+IzPjnn4\oyF5Ji0DEm3MCyphqKf\yP2L7\Dnff\kJyJQ\mvw8X8R20Tfj+kT89kRH8AL\ZfWnnzSIAUy0M8nHUvqWovJw7s4YOPOy9ndL\P2HV+KPMsw0jES9n6DZSeT8Y0cx4PTrmHIY2nObBvD0pwDPeNilbbzvN9N\n7JAVqOVk\hMwlD3Of8U6GJCfi3m5l4y4P3zVm8\DsyYxP1XLpy485edTBZ\2nMfkHiVHyBvmsooLTmvE8NC584udSm+NdrVNkscR7OQbvaSqrv2LozBxmTxgGXhfHq\dzbtCDZNzeDwD\3o08U3Scr\7qXh5+dCbpqs\44++PcLHJjz+5bd3ChcognczpIxjQ5KXsxX9kz5\15KxayX3fb04VPF7Esy+VcvYWI9nzZjP57iEEP3Owp7yCc7dPZbxOFUe6sHo5fXx\xg\JuXcYX\fA1TsdnD+jvsY+\1+EaPtsA9rP+bj\76HnIX3kTr4B0ww6jgXUztDQClk9T\twfONnqlzH+a+u\rjc1Xi2HeSfuOnMqJ\bO0USUAp5LnX9uBJNPLQX89mclro3HsPhNpkAP0H6dAGazlZn4hp\o+ZbRnNnUOSSWxzrg7rf\4zKpWvGHZfDrOnjEDt+ZjqNuOERhdFq39J6dnvYpz1MLOn3MOQ4Oc4dv+RCu\tTB2nQ9WuBpcrQuHa19njuRnj7FxmTxlB\MnqXTs4UBY3kufVVBx+jM+\vgr7pm3kPt+oOMHY0eh++8KNq4u4vhftNw7\4fMTL+Fz\747xy5GMTv\yvGPzQeXRwxRiuHPRvYsLOe5LEPMu\BydxzW5DTjgr2VHfwWZuUTOORCo6cS2L89BEMuPyGm\Ysod60wL+xjQ4zjbof6VOIdGO0y6Nl8+qFL4aNpOc2ZMZkXiOj6uPsN\7fR40D6EfgLsE64u78Nw6iuyc2Uw2p6L9yzk+PqngqB3ANMswEgcN4JLDQeUlLQ9mDOXyVdWkUGo7gj8jl8X3aLs3LkSfdk2+b8WpL8YkhBBCCHEj6Yvft\piTEIIIXqX\G24fjU2Nl71MmQFsOiQf4+NUo8a05INFEwIrV+aYGHygddY+U4pJc4slk1s+Uk7ACPyWFdgbl7pNMGMMcmKdaeLE\W56KNsx+o7fBR3Px05P1tFdkuaCRZGa1azvtyN+zykX87btTLiqwdopi1j+XzDlfy7S3BcUmMqWEeBqTm\2WKidJ0VT9gURLCyhJKzSWSutLJweOh8E8xkTSxh9cbOy8FQwKYJof9fr+CsB9OSNeS1HJtgIunXyyk+fQIv+siTH7HkM5gx6ssoUZJIn2AOraKroaq6AfW4PFY\YQpNVJgxTxnKa0\ZcH1WC9NNaCLm\Uvkhu9KbLGdKeZ4L7uUROZaKzm3Nb80W3QU\rQQ5bgLJpqgycV7O92gz2H1s9noEoAJZiwjClm92RNzVM03G2yg9JyenOfWkH1byxseSt914B+1mJd+arm82tk8JRPHa8sp2l6Gx5SLPuZ0LfWCtFbjMp2SNRuxv1vKzLvD0oXpsA+b0ln48zwsl5cr1vB+TO3soWy7QmBgFqvW52JICKWbNJTXni7GWekme96tMbRTpDZ1UVKkEEjJxro2p7lvMGOelkHx2o1UtLSJ0QxnyyhRYOjd5qhbQHdcfy1ZK63khi5L891JNDxlw3VMgYnm5p7cVYzjkpHFG5dhaVkNO8FC5qHXWP52CWUeE7mRGh5wbS9CuaQjO3wsTsgk410rG\e2z5v+w9XkTbmydtT1dilu9OQ829JmZsyTUilcbSN8lMYbY+tyvJQ5vWDKY83j5tAxMybNKyzfXsOJL0Efsb90TJ6ip3S7E6U+G11L+7uPUnVRjWmcsUtt0B3aGSuwLgh15gQTSZeWYjt+FKXJjDkBapxVNPQ3kfdsAabEK7EM\eel2I7XUEsmJgxkTNBiLz+Ks9GCpeWOgo+rUJo0ZE1KB7o3LoQQQgghhBBCCCGEEKInyQSw6ICfo4oHkrOYOaH15pUay3Qs\+7CcdhJcKLl8qqmtHHmVttc6m5LARTqvECUyRjttGW8Mq39cb1BD9QSCLQ+Hn8Z8dcjNS1sUpYgJ06F8pvC8ifoyH7ASNnbFy4fUo65IDEd9UUF52FanUMDuFomGyOW00ayloEJoOy04RiYg3mYFlWCGsuKTVii5+p6PtJZ+KvXWdj2cKKe1MHgagwQhO6tYOtybD0Q72AT5vBJq4QUhg4G5ZwXLyZ0Z2o4EQDjgqzQBGMz9YSZWHYo2GOKqQFl84uUnk0ie02bSc0vj6JcAN2IIDXVzla5AioNXAjdxNAUY7qWsZ6SRU6rcWnAYtFh31nDifOgHxxT4FekpLXaHjfmdj5\gpoLoJtrCU3+hqgtLHu9pXe9of\toJ0iOX0UJQDGBdmt+gaVgdkz9FRsr6LKnYu+g8spZoPNWMLP01JPrw8voMPL0WM+GGwgeNpJqx66pEKDD9dxL7n6SLcy1HD0WACMuW3qrMLwQCb6vSVUVbrJvVwRHWkjwjvDTc2pAIzKJSs8v9rMzEnbUXa3HIg3xrblaNEOBj4uxXZAS47ZgDYR1FOWs2lKh62HZlwG+u0lOKu9ZIe2ga455MCvNjF2VFfaoDu0mFt1pgr9MB0cr8d3HkiB9Edf4vVH2+ZrSRck0Agkgt5sQltu52h1EEtoG2jlsAIDs8gwQPxtLoQQQgghhBBCCCGEEFePTACLDvyFwCVgiK79KsKEgWg1gK8BH1xZtdmNERUM+Kk\W4P3XB0nTtXgOt28ns3X0CZh3GV0oR6t+GjwRc6vSk5CTcsEsBefF2isoWxzTeRQznvxYUIbS9iJZnIfcVC3zUnRRidFCSo0eiPTs2YzeZw++vNyu5qvRVOQgM+D+6yXus9OcMLlwn0BoKM2ilF3Y+tOvAmdTF03+PCjQZfSNp0WbWfPl25RXxF6Bm2AEy4vOeGTPf\Piw+gshhbZaTMfrznga9jTNcyATxE165PLt8UcQ6IdwI4ms7aud6LBzDdFsMI6aidIvnvAIGIfQOagVrA0\5zoqs6GyfUN7c\Too3OyOm8J+\QOQr5SsCAdCkRNgKOFmLFvBc7KgiDfgugibCVsJabfinSndiBFBh\uuFOM4U43xnI853QKXRY8ycyewpZvTRHy8NyRlk3FFCiVPBO1uHjhqc1QHU48zNz8jtdhvEQ4Uqxs+U4CUfHrcbr6eWEydduNw+ABou0nyt6S1YUuyUVjsJTrKgalKoUkB7f0bo70J321wIIYQQQgghhBBCCCF6jkwAi94XcFG8sZCK+iAAKo0G7eBULHersFe7ezm4TiSq219EKTlY12X3yM\8uunLeWmyH\exg+ytcOI6q1C6WaH0wxysz7ZZDdkD+bx7X+HX22rwNwEqNZr+Axl6txnjcQeuHqhPd2LrrXjhVlS3xJg0QYP5iVWkH1xN0c4iKiauIjO5dRJTwSYKTJGzA6DEmC4GqsiPAI5bTO38dTD2E8bQTn3euAI2PdHNDupBtyaq2x\sToy3ZbL8JQt+t8LBfXtxujwoO20ou8o72bJbQ8a9BkrePYrrYja6eidKQI1pXHrX4rjavqzglVeKqfEDqFAn38rAIWMxjzqKo9WHSGh76x1HURotmE9WoTRpyTK3uS2oj40LIYQQQgghhIjX0RdHkbsZYBFvnlhDZmKkVD62LZnKM\uBJVtxPz2mZwp3bWLaw6\iGfIkf9idz1099LtGn+I\xbYXKxm+\nHG9nYsQgghbmgyASw68F3U\YFzzSv7Wm3I2XQBnx9I03Z7otO13UZFvZbMp1aQO1JzeVVY8NBr2Ku7eXKg+\XQkqSNnD9Y78XfNp2rFncj6CJ+Qe4ClQbDhGwME7KhKYhn5wbWf2DHfjqbxSN7MN9FO7Z3a\hf40KsT2SGxe+mJNYJ1YYG\MCVBYIXmlfFDemhOvV0vOGStGhQ8NYHwRC+NtGD9xxtBk4Ug6eTbdKi0+Wwd10pxe84MC+zNG9ZnqRFA9R+7gZTByeLNV2Ldm0O3i\rAQOpw2KIuTOxtvOQoehRqP\SC6bwq8lH2Xordu1CNhSE6tNRO0Vyixo1\gh9A\4LPkCL7vs9UNeYJKFNBty1uDHFNCyuuBW1Gvz1XoIYWq+AvejDB2hTouyVH1a2EiG\51wdkNoDMYZToTGYyTaYyQaCZ0vZ8EIZ9j01ZP84+oSuZtJkjO8WUVXtR1+vEEi2MPnydR1vGzTQ0GaAXzjfwTMF4uLH\rtiav7XyMK1BWTediUa9\a2E8BXtreuUgKojiuQkoPl8vxvT7W5EEIIIYQQQvQVW9lbtZLMqRF+4Krfxx\393yJn+zbgcdgYLi7kG2Vf8M6S0\9uNZ3\Mn+Ks9sS6VkfW9HIoQQ4kbXlQ1XxbeGhrEmPVx0UH649YN4\Y69OAKQPrK7q7q81LkDMNhEZtjkL01+nNU9tYazu\VQMfru9Pb5m7zY97hapTNPMAIu7B96W5\iy1Ks+UtZ\V7sK5qD1TZW\sNyisKLSFAxcGDSVcnHmVo8QNrEzFaT18HPq1AudhZtaJL9yzrqmq4cDRw+iCvsdZdj6\F4IzCMZWx\cH1Yhje8Dko5jnjPl5JN3iwduEooahkzhgwyBoL\UDnOVsMwgLNwOfn\8BqOS3Gka\F5BXu\DHsddGHf44U7xjK2o616YxVrOw8eTfpA8DocuMPajy8dOD1BkvSG9hO8kdopkrSxmNTt+4agm\f3eKC\kdGdPUe4xxjImKCN+HkSOFzI8r9fymuHotUlnbFj1OCyUxbeZwRxf1iBBzXGUR3dUmNg7N0R8gcUyiv9rdJ1PUYgqGBbuZTlb7f+DFYN0hLTlZpoJuNu8ChbqXAF0E7ICJsQjb0Nvqu+Fainri68Ak4OHo8liFjUUnsWSMtoNflL0E2V4m+fPDmDycPBdayIKgX0UyaH3TjUzTYXQgghhBBCiD5lKplTYcueKhojvPsnh52KMWN6dgVrYxXbfvsFd\3oSX4yppEt2+xE+JeZEEIIIWIkK4BFhzQz8siptFK6eTXrP8tm5gg1PsVOWbUX9Dk8OqW7M0w6DCPUcKCMX\8myDzLUFQNtezd7cB9SQXEsa1sB7pbD82UR8k5YKX0zbVs\Gwm00dAza5SHPWt06nMueTsdlH6vpWV7izmWYYSqKvCsdeFt7+JgpmxrwtTGTNIVzlxFFppmG4hY2gSDXUOKnbXgD6HrCgrZWPN1zy5cpry7Q6C40ZjHpaOIUFBedtKUUM26UnB5jZSfLR9WGe7vAYNY8cbKH7Xge1XKrKzUuGzvZQfCjIwBQJxxoZSSH6h0vE2yHHEGxsDOT824SwsY8M6L9n3jyXpvIP3dtfQlWkb3ZxHsex7Bce7xbjuzsOYqCd7gQlHoYLtaSs187JJT\Rx4tBenO4A+rm5WPoDxJquhZeyF6x4Z2UxVuPFsdNOTUBPzs+y6GhUt+\DKAljbueWuO1sXOsjZ+ZYtI01lL3nwNvfzLL7dYC33enbt1OEGBKM5C42oRSWYV3rDZ27lr0fVuD2qzEV5MS94jLm+kegn5WL6VAhyuansZ7MIXuUGp\rIHudbgJDcsidGHUtM8YFizEdL6Ts+dV452QzdnCA2j3lVLj9qMcVkDO847IN8xZjqi5s3+eXWqfrToyojGSMUuE8VIjVn4ll4lCSGupw7LNTk6An5\7ObvxRYRpnhLeViNskx9oGmjEZGLYV43hrPapZM0mllr0fOggO1NGli7KdVNKHg6IUYX27gexRSQTPH8X+oYKvKdKHSMvnnIKCntxxra+wbrW5EEIIIYQQQvQpqTw4Cyp+vp+Pfj61zTbQX\DHf9tP5g+fZ\ixYxwNHfVsXcQ0q4Zf7S\kkVabNrnZ8vAcXpi4lVMdbBXdWGVnS+B2fjY+i8x+Y8C6ldIVc\jJHRHSfrqLl18tZJvdjZ8BDM\KZemT\8DcOxPjSuM\tYvXX+8oTWir6zvbbnPd9njL67eomnqMX1jf5EP3f5GYMoZHnlzPs\MNJBK+vfZ+cu98q2e3zxZCCCHakBXAomMJOrJXbSBvWgpfVZZg21xEqStI2sxlbIjzea3RpC9aTd4kPf\7uZ2izTaKPjiNekIeG36RiwHwuD3dL6S79WjJPzGJ+kMl2DaXoiSayZtvap\u2Q3kTTNws7u5PiV73ZCWw\K1BZji+f0\0Uje2mVk3QHuvSXYNtso2VvHrRPz2LCqg2cMx5hPkzGbzNuCuHcXYdt6EF9yJst+loNR48Ox3YbtzWL2+gwsfOYFCiaq4XwtnsYoeQHN9GWsmmtEXV9ByWYbpS41059awewh8ccWkzjijZXaVMC6FTmkBV2UvmOjaJ+PoXMWk9mV3WYT0ln4mBn1JSe27TWXz79hZS6m2xpwbrdhe6cUxZeE5fENrJp9pfaxpgOaV9HOH4jnwyJs71RQl2whb92qDp7R2ixSH0YURztfjvvW05S9Y8O2w0kwLYdVz0eZ2I3STpE0903Yubc7qE+2sHjNBgriurDirH\kYCh4fhW541JoOBz6PFF8JLWM444+T9QmCtYuJ9d0K6c\KMK2uQTH+SQsP17DhidM0bfBbpM\Jy2Ia1cRtq0V+IbmsHi6rn26rsaICuNj61g2Uw9nmq9n2\YK6m4Nja0YrgeVKQMjwEATGW0ekxtzG7SMvcR6KrbbsO10oc5cwYrZPbH9M4CGzJ+uIseYhK+y+fOouMKHYcEaXigwo8ZL7ZnWNyFpJk1urtfwyWS0fW51t9pcCCGEEEIIIfqW4TPm8ABb2VvV5seVs\spPTaVBy2prQ7rZ8wnk\380dHmX9juSra5bmdpdkcTnf\Fhzu2wpD5ZI5sOdcxNu861S5lY\VLPDTnabZ8MYqlv36Lf\11AaO+2MpTjzzJzvr40uTmPM2W\5zGs4VhaebM54XqOH9QarHneX70ZCX6v3uJfy18np+k1rLl5\N5wdF8vuHz3uI3j48Esnj2rbf413mpHZ9PCCGE6Iabvvnmm296OwjRNWfOnGHYsJ54yKcQfY9352pK9RuirwD+1vNSttZKKTlY18U5eS7E1dakUPjTQurnWLG2vWlBiOtMX\y+1RdjEkIIIYS4kfTF71vXKqbmVaqPU\JpAV88mcFTyYWcsk6l5b5uz9ZFTNszn6rNqfz2zkVsvryK9b\Y+WQGT\3leao2z2dQKP3nW+Yz882Z\GF3Pnf1i1Jo\Q7+dupz\Om5XfzhJwYur6itfbJNvi\Y8shM1rKG8uJFDG85HtjP2ulr+PzJ3\Gvi27uPM0PG\nn++fzcurz7Ns0H31Lmq\dbF44hxdYw75ti9DHuwJ4\1R+tbeQR1oWQ3x9jBfGLWLzoiv5\7SjgIyfp1Ly6cqe3UJbCPGt1Bf\XonY+P1X\0EHsgW0EKLvCbqpqAStTP4KcV0KVB5EadKTO0kmf4W4EZz3XeSi\7\46r\B7l3VAghhBDX0k033cStt9xMsmYAg7Vtt+ERV9cAMrOyYEX4NtBfUPHeMR5YvIlB1EZJb2dv\fzQNtCn+PDNU+hz10ef\AU8e3ZQwRjWTW15PpOWB+dl8cyKQrZV\g3rLKHp5z8dY+8xyPzlzCsTuwDqqayr2h9Ks6vzNKc2se0c\GTdnCuTvwD9DDyyOIsXVuygwr2In8T7vKmJWdwbvhNev9sZPh74tJY\MebypLgQQghxLcgEsBCi7zl9kNpRC1nRdutYIUSf5tlno\yUj5qP3ajHFZApv88IcV1r\J8gZ77wknjzzQxJGcR3b72Fm266qbfDEkIIIcS3yDfffMNfvvpvfP\ZwGl3HcNu15F4s6q3w\rW0FiyeICn2Vu1ksypieDez7ZjWfzdpgEdpv+jw8cj87Vwaj\bzt3OIzNGRi\k61Ps\O0xGLOGzDvansvOlm12fmaZgwbgXC0fAT8Zpo1+vljSBPx4GMnw29s\r0qjux2w47kYPXtUN8MtXcgmhBBCXA3yRDohRN9jXMyaHxs7fx6qEKJPCZ6vwam4+WpYFst+bEJ+lhHi+nbmCy\JSQMYdnsK\dW3yuSvEEIIIa65m266if7qWxl2ewrJSQM484W3t0P6dkmexqxZsGVPFY3A544dfDIrK\rNvsnTmDcHKvZX4gc+2b8DT+i5vlGd2s+2c8Cx9Uy7cxSG\5+9+4+K6rr3\8ExIkkjpcEjFaJfkdigpAWNBENKRJv8VdR02DslVRblHwl1RYbP5rE6Ee9WpNoTUOrN\gNhlRuyC1XeoOSRKXXIK1BbBXagOQHTjVgtIIxjsnogDDfP2aAGRh++CsQfT3WYh3OOfvss\c+h+Us37P3u+kncim7Ad7NIve4s2xDHZ1m5+1KGRERkZuAZgCLiHwjDWTK6i1M6e5miLgwPbaBLY91dytE5Fo4XXsWQ+\e9L9DU\lFRESkZ+h\hz\WCzZO157VctBfG+eyzssLOfzsYCr\p4KJc8c5ZuO2V\6RBEjKp2DVMKr+q5rQubGEtlveRtH\pFFFOAtSU3iwdcXmHOauySM9r4LZC0LgrhBigMpjtTDKdYZvLTuSv8+mIRvYntSFMo8YCaKCymobmNxnAVtOVgORBA9wOXiqBgu49Luaqr8Cw9vtmIiISLfTDGAREREREXFz1nKegNv7dXczRERERNwE3N6Ps5bz3d2Mm4oxKpaJ1hx2vZ5Pdlkcj0R7Xv65iSEyltl++ex9NY9dJ8KZGd1BIl1bMbsybTA5gScmRzI2qtVPQiILB0HVqzkU2YDAcB4Omz4wNgAAIABJREFUh4Lf76GywaWeE\t4a+95Bg8fgbErZYZHM3MQZG7Lo8q1TIOZ7G35YIpm5CAAA\2MQInZrZztQD47rF0dQRERke6hALCIiIiIiLi5cLGOW\sog5mIiIj0LLf2uYULF+u6uxk3F\9xTJ5sI3NjKuVxsYxtf\qvgyGcSfEGdmdlUR4e55bXtzVLfg6ZGJg9M9bzrGKfEKY9EQ7WLLblnwcGM\PpRIJL1zL1RxvI3ltMUd4WHn90BQWm+SyMC+haGZ8Qkn6VSHDhCiY0l8lg0aPxrCs1kfTLBIIB6MvY2DgMJ1L5xc8z2LG\mB3pS5mRcpRh0Vc2nAY\I5DPtsxCij7WlxlEROT6UQBYRERERETc2O125fwVERGRHsfLywu73d7dzbjJOJeBBqbFjulg+ecmBkaOjwerjZGPRBPUbrlqcrflw6BkZo4xtFsqaHICE4Hd+fuwAIZRS9iZt57Zt+9jXXIijy9\A9vkNez5QwojndV0tcz2XJcyT6VxZHAyr+XnsGxUS3uMk9ew8\kEjB\8hkWJyfzyf43Mzkxl4RUu\2wcl8iy8RfZvSaZx1\aR82VVSMiItIpL7s+NX1jHTt2jKFDh3Z3M0RERERuWD3x89bX0aaS8k+ICL37ut5DRERE5Ep8HZ9TbtbPgNfMoQ2EzDrK6sI0Zg7ovLiIiFyZb9S\DeLGYrFc93toBrCIiIiIiIiIiIiIXAM2CnZmYZscxyQFf0VERLpNr+5ugIiIiIiIiIiIiIh8k1WzOzWHQ8cLycwLJOnNdvL6ioiIyNdCAWARERERERERERERuQp1VO19nfTjfZm26nUWj2o\r6+IiIhcfwoAi4iIiIiIiIiIiMhVMJGUW0JSdzdDREREAOUAFhERERERERERERERERG5YSgALCIiIiIiIiIiIiIiIiJyg1AAWERERERERERERERERETkBqEAsIiIiIiIiIiIiIiIiIjIDUIBYPnmKElj\vz5pJV0dxtW8c6pbmzD1boR+iAiIiIiIiIiIiIiIiIeKQAsIiIiIiIiIiIiIiIiInKD6NXdDRDpsohktmzp7kaIiIiIiIiIiIiIiIiI9FwKAEvHStKYn3aK6UvmwLuv8E6ZhXpfP4IemEVywmgCfN3LTUkazYeZuZjrfRk48SlWPWKCRgsfvvs7MneXUWsDDAGYxkxn3r+NJsAbsBTw4pI3qf3e02x4zOR2+5Nvr2LVjl7MeGE5scfSmJ9WQkTyFpIjnAXqazn431vJPWD2XLdrH1avYsoAD31zOV77l22kZR+kylIP3r4Yg0bzWNIsRvf3pQ3bQX67aCtlEcls+X8j3E7Vv\9bFv7uTNt7djSu3r4MHDOHhbNH07vsTX7zu\1UfVmPr38YU5LmMSXYr+X6Mwd587V3OHj8JNZ6Wto6fw6j73C5j9XMO1u38s6RWurxZeB3k1ka4qE9nT0jERERERERERERERER+UZQaEe64Bz5r7zIO7X3MT1pHjMevIMz72\luRff4aRbuZO881o+vcfNYV58DDHfNgEnyX9hGb\O+xTjmBnMS5rHjDFGav+0lefWvcPJRsAYxUNhYDl0GHOr+koOnoTgh4j099CsxpO88+JzbN13ij5jZjAvaQ7Tw3yp2udS92WoL0njl+n7uTAohhlJ85gXH0W\M\vZujKNgzYPFxhG81AEUFJMidu96jl4qAyGRPGQp+Bvs3Pkv\IS71lHMj1pDtO\04+T729l08u\ZuX\9xF3TZ7DvMdiGFBfRu7GrS1tsO7nt8u3UnC6D6Mfmefo9+gBXDq+n63rtvFhU1saP2TbihfJPVLHsO\NYV7CFAZ8lMZLb7dO\tuFZyQiIiIiIiIiIiIiIiLfCJoBLF1gxeo\nVXLpjDQG3hgNFFDf8svfpfL9gOx\GxMy+xY47if8Yv4llm89Qe2s\14P2KWrGJWsLPcA6OJHbOd517MZftBx\WjHwhjW1kxh80zMDVdfqqEg6cg7MdRGD20yrJ3K7lVfkQk\ZLkB5yzYx+I4qE\ZYl\9lSd1eV\aUEa\8pLF00nYEAjGb0UFjy8kE+KKtn9Ki2dUU8GIXfof0U\w0imiYB2w5yuAyCHov02O4WVrh7HquTR+MH8MBArM+8SP5H55iychXTv+VoQ4RfLQt\V8YHH8Hob0PtXw5j9hnI9MVPt8wufiCK+4zPsXaPGfNpuHcAWPZuZ\+XfkQkryY5wjE+o6MiyF29iipnD6Hrz0hERERERERERERERER6Ps0Ali6J+L4z+OvkN+YhIryhrOIjt3LD7nFfwrmktAwMAfidLeHgXw62\JypxwiU\b0MAN+ISMK8LRQfapkDfPLQQU56hxHpIfAKFg6XVIF\FBMe8HM7Y4x6mCg\KPvLQeovo48BdwTA6QL+K6eEKqvzyuBZbNj0a+Z5bAMwYiQRflDyl5KWlr3\Z8oIInJUx+FfgHtGOYO\APTBzwD0j2D0t1rK+A69iwCgvsHZznE\49eb2i4tHWQKAr7CagWo54MK5\hEuIyP90CmTAxzu66rz0hERETkStXkJGMaPoK5ObXd3ZSeoeE85XkbeHJ6NCHDR2AaHsmExKWk7+9gfMxZTB0+AlMHP+sOtb7IRsGqjq8xJeVQcy3aB3CqmPSliUyIdNQdEh3Pk+vzKLdc5vicNVOUk8HKBfFMjY5oaWt4NFMfTWFleg5F5vOXWek3SSnrho\ANHwDh9scSya79YI+IiIiIiIiIq1oBrB0wUDuGtjqkPcA7uoPJcc+5SRhtD7tcJLak4DtQ95J\9Bz1adPUksEAYbRPBSxlbRDhzE\ZsLUtPxz2BQiDJ4u\Arrl8CggQS1PuV9BwFGoPYctdBO29oKmjyLmL+nUbAnjbV7wPe2gQSNimL692K411MOYADvMEaG+7H\QDEljRFEeFs4\FczBM\yvGx1a57+Ar192+x7unu91cKp4x9y8sSnfFDxIWUfVQFQew6glnO1eBwfX\9++HHGuXcZz6gL3RERERGRTlgr2DwvgY2HHPk9jKYQgv1sVO3PY93+PLLjU9m6NpYgH\fLLB+VUn7ZNzNTvu8yL2moZsdT8Sx69zxgIDAkhP7UUNlJ+2zmLJ58dC0FVsDfRGiYgdPmCnanL2X33mJe2bqGiYM6ubelguz1y1mZXYFjdAwEhpgIdfkgetqcT+b6fDLXr8AYlcjLq5YQM+Qy+ygiIiIiIiJyg1MAWK6OLx6Dk24GTGfV6imdBmIdyymXcLhqBiZf5\LPkyM6r\9a8Qtj1upNzPjsQwqK8ik+8BHmfdv59b53iEj+ZfMyyq2FjY7A7\0SPjgCEXcdprgSTP82spPln6+CtYw3X0yj4JRjlrKv0UhA\2FEfduX\EPmTi4GDH5t\C7+IxERERE5GrYKFjvDP6a4nn5P5YzzeT8tqOlgsylCazMSWHe0Bz2zA9xu7Lq01IApqUW8\Lkvl27naWaT04Ag1LY+d58QrtwSWXWUkfw15TIG9lLGNv0ofZUISt\kkxmzlI2Rhe6t8FWyqafrqXAaiBmRQ6vzDZhAGiopWDdT5ibmcOiNZEUpsUR2N7IlG3h8R+lcthqIHB8IoufmMX08MEYfDyUPV5KdsZ6NmZlMDd2HzNT03hh8uCujck3QjjLPj7Csu5uhoiIiIiIiHxjaQlo6YJz1J5tdajxFJ+eBr+hpg5mhgbQLwA4dRSzrQu3GTGSCL9aSg5WOZd\juCh0e2Ff2\F7zbgxEmqWp9qPEOtBRgY4BLQbNuH2lOel7Dz\da9xMb\jOUbNrHphTlE+Fkp+eNB2l25LuQhovytlBwqw3KoGDNhPPTgdQv\UvbfWyk4FUDMog1s2rKFTRs2sGpJMtPDXAPUzrH3MD71p0669OUyn5GIiIiIXLlTeWzLsgHhrP6PNS3BXwBjCLNfSiNpEFRuTGOH22fXWo6WVAMhjLqni8FfAPMRdgOMCyG4K+UbSsneWAoMZvGvXIK\AAOiWbYsAbCxI3ef27LRlvwMNpuByWt4uSn4C+ATQMyy37A6HGx7f0N2O5lFbIc2MPXRVA4bIlmWXUhx2hJmjvIc\AUwDAln9qosivPWMNNkJjslmXWH9GFWREREREREpIkCwNIFVkr2HcTqcqR27x5KGv2ICL+3g+t8Gf1AGFBG\u6T7qc+y2XV\IU895bLjFXvMEaP8qP272+Te\Bkc55hz4yMjAiCs\vZ8xer2xnL\vfYb4V7Q5xtu8UPP6x8esIlhNt4kv0HXEOjJ3nnxV+wcF2+W6DXt99A+nlcgtqVicgHArCW\pmsMjN8O5LRnV5zpU7yqdkK\SOICTG2zI5utHDwkOv\qPly37fvbTs+jSfJ3+te7rKekYiIiMi1ZK1g8yxHjtcJz+ZT1eA4fHj9iA5zBns675Zn2FJB9qoEIsMd5cInpbC5OX+tjcq8DTw5KdKRVzYyjifXFzbfu7WaQzlsdMlr66gvkUXphVS2+YagS+5WawXpyY4cuiHRCSzKMVNbUkwBQHQ8k0webuYXyaTJBiCfvQdcc9xW88kBgAiCOltG2bXtxxxLKYcOG0yXPp7WWLBFhBAcEk9MWNvThludtRyr4Vzz0fMU7c0HYHZ8bNtVcHxMxMyIBKrJ3l\RttKz+Tw9L4NKUzyv\CGDpPCuB7gNw+N5ITuDpEFm0udtcCw\3VpDLUXpS5nRlEs4Mo4n1+dRaW15j1xzJ1+X96jhPJV7s1i5IL65LtPwCCKnp7Aup5SaNtd4ygF8hRrOU7k3g0WJcYS7vb\FHu57+eWv19+diIiIiIiIXB0tAS1dYi3ZysoXjzJh\DA48g6575\Eb1QyMzz8x5Ar39EzmP7HMnLfXsUScyyPRN2F9dNi9r9XxsnbIkie4P4\X\eOisDvT\spwY+oxzqu3Dh+HtMPrCI3\TnWfjKFCXf7UVuSzzuHTkLQdP7tu87\frpnNBG37Wd\zouk2aYw0niOw398h498gzByyVnbQCK+fQe5b21nzYuf8vCD9xFALR\8KZ+DZ\0YnRDV4ZLOQaMjCNiTT8kRCPvx9Vy2eiCmu\3gT+\w0sv1PBJ1F77njvLeH\dj\tIXqG8uafzuvzH9T6vIfW0lL34ygYfvhg\zctl\yr3Grj+jk7yzchW5pyJI3pJMxHXro4iIiNwUGqrJfsqxHHJwO3llr4Tt4wzmrsmgwNqX4LAQ+teaKTfnszGxkE9SdzLng2RmpJsxmkIIDamhssLM7vRkCszrWy1RbOPw+nhmpDu+DGc0hRA6CLBWU24uZsf6YnZsT2T7H5Ywsk2mkKNseiqBggN9CQ0LwXaiAvwCsVudEePhw9pdCjloWCRQyO6Pj8LkcMfBE0c5bAXGhDD4bDGb16zh1XwzFvoSHDuDhQuTmRbSNnBaWVEIwFhTIOU5a1mZmsPhUzYMA8KZOCeF5xIjCXQd8wHRrM6IbndsK4+UAGCIGkGQS1\L9gJEEjrMc5g5aNgIoJiqvxyhZn6I2xgXpC5lh9XE4l+3yhF8qpTsbRmk5+RTebYvwbFzWb1iPmMHlLIxPIHN1jhe+et6JhojWbw6gcykLDa99RNiElyWgraWsnFWIpsrbEBfgsNMGKzVzrzEFSR18IH2mr1HDdVkL5jKM3ttNOVUDvUBas2UV+ST\mw+mflr2LM5\pq8\27c8jk732E\G1Vl7by\bvmpm9rqUv7VWF7+QyrTPHwJ4dr93YmIiIiIiMi1oACwdEnEj35Gvz9tJTe9gHpDAGHTfsGPJ9+L56y4LrwHMmXZLwn4r63kHshnWwXg68fAe6bzix9P4d7WFYQ8RJT\fvJtEYzuJLiM90CmPP1LAv57K7kHtrN1H2AIIGzCz5j1gzACmmYPe9\LnGXzYMubHNyxjRJfP4IemMNzsbVsWn2wubqBk59mud9WfpdXQu5\Oo773hHG9Kd+zJR7OgnpBkUScUc++WfDiIy4vlmL7014jnkNabz5F8d4+t42kHsenMcvv3uOrSvepMpcBRFBLeOTlcab729n6z5f\IaMZl68la05LlHgy31GIiIiIlfLJShmnLz+mgV\AYoyMjCMX87O9QmEOr\BV5mRwITnS9nx7FR2E8nq3DeZ3RQwPZ7F3Ni1FOzNYJc5jtnO777Z9m\g8XQzDErglTeXM3GAy02O57HoJ0vZYc5g055EXnukdVKUQgo+SuSNQucyys5ZjpY9zgZZLThCbG1VVRc77n\WpUyVmSKA01n8YlIFlcYQgp2B5cr8DBblZ\GWa+5dAKqpqgAYTNH675FeAcFhJkL9a6isKGXH+kR2bE\gtczlxHQWfbNWU5SxgidTS8EvmtVzI1vuY6mhygoQSL\2Ju8OMhEDFBSaqYKWYJ85h01ZNoJSNrDAJeVxTeEG5v48g3JrS+Dd9tdUHp+0j9UvxVNuBcLCGeYcTkN0AsvCslj56tuUJzTlOrZRsN4R\DWMX852l\fBUpHFollrSc9pv8vX6j2q+v1SR\A3egk7X0psrgvAUrqFuTNTObx3LdkfxLM4vMOncNnK05Od+ZwTeO315cQ0vcPNf38ZPL4xmtIVkRhc8lMbQhJ5ZcsSt\I7liezKCefRfNSGZybwshWL++1Gi8REenYsWPHursJIiIi8g2hALB0zW1hzFr2a2a1dz4imS1b2jnnHcDohKcZndCVG5mY8cIWZnT1Hr5drPuO0cxZNpo5rQ6v2jLFtTKCxiWzfFwH9bTbz174+QIRD3Vt+WeP9QxkyuotTGl9eMAU93Z6BzD6x8sZ\eO21T69Jcb9gK\nsqMntLqwS8+onfaJiIiIXA7nrMRn9towjF\DzpfirvHMx1hefD7BLdAWHJdAzPOlFFhtxLy0oSUIBTBkKj+MW0tBXgWHPjrPbFNfwEb5X0sIHmBg8OIU9+AvwJA4Fs7NYMeaCgo+rgZaB4AhZmFiSw5dZ\+MI8IZSR6H38qjICWaif6tLmqooOgtZy7b6hosOIKllY71n8FsY2RaITvHO+\XYKPy3bX89KkcCtYks\HunSwb4\wwajNTfgCgmsqBy9mZ6TImZ0vZ\NNENh7KYu6zIezb0s7s01M5zI1e4Vi2GsCUwCtbl7vP1LVanClUAgnsaMkcD8rffZ3DxPJyQkv011aayuNJGVRiYnba66xu7qszaJm8AgDDmBEueY1NjJw4GDaWcLQGQgOB447gMn4JvPJSAqEuX2o0hiTwym\MhCdl0X7m4GvxHlVT8lcbwf6Dmb7IPfgLYAz\CQsTUpmbZaP8aC2Et32PrpitkOyNZhz5pl2CvwA+g5n5\Brem5RGtfkoVUQS3DReRLPaNfjrLD9t7W84dzSOlaVbeDV\Lq\EtY72X4vxEhGRzgwdOrS7myAiIj2IvhgkHVEOYJFrwbyf\af8iHpQCyOLiIiItKuhhqKNjlmJhvHXadnb6GjGtg6sBg52Bgujefj+1oGmvgQ6g10Wa1M40MDIlBx2FpZ4CHQ59PPraNqsgdBhHoJ5Q6byRJwBrHks+ukWDp91OWczs2P5EjaeaH2RDcvnEDqgLzHPp7UERAF8DATHreE\VoQD1aS\lENV07laC+fCTBhNibzxkntgDv9wFmxNZbYfULiW9APthEHPWrCEhBAaFkKgH2DO4slHE0kvaz9s2nUVFGyvhsmxxDQ9r4YK0p\ZQiUGpqW+2aqvg5m5ajlNX3eceN8wt9r6B5iAGs45UyfXlBRyGDAkxBHjYUUbQ1Q8CzvKp3xN3qPBTHsphz3Fe1jgcXUjA8brtdpOSTGZ0H6+af84XinOY2dGAsFAVXG+I99wQgLTW3\hAcDHxPTEOAB27z1Am\TX12S8RERERERE5FrRDGCRq2D5ey7\fehTqg6VUTtgOgs7W7ZaRERE5CZWtC6BAmewx3astm0Q6VroIL\u1bCdPY\l7FEqjxzhvcJ8CvYVd1A6kiBPQTT6MnFtBklHEkg\lMqMyDQCQ0z097FRVWbG4h\Ly2vHsWh5BhiNzmWWncHolPbvFhwbT8yaUgpKCympSSAoEBgUx8t\iGv\Ir9opicYyEy3kf3XClZHeVh\OCSR7bmJjt8baina9HPmbi5m3Y9S6L8rjWke+9hFp45w6ASEzh1BU2zadiCHTWYgfAmLJ3sIvA8YRjBQQAij7vEUmDdicE6ArvrYmf942GAP5QCfQILuAdoE3J2ux3vUYMNiqePciSMc\egI7+3NY9f+a30Th5oTRx2\dLEfNccc73PMfSM8Lk0OYBw6jCCgqsSxlHeo68nr9HcnIiIiIiIiV0YBYJGrcc5MyYEPwT+COT+fwsDubo+IiIhID2az2jCMT2Tm5xlklqayMiuW7T04+aelIo9Nm9LIzje3ClYbMPoboIMFhNvlF86ytwt5OGM9G7flc7iighp\ExNT0lg8O5rgIxtYBDAgkC6vqNwcGIWLDV1vStCwSKAQW1e64RPA2JQtvGiOZNG7hWzMrWDa\BDwDyQIABuW9hIbN\Hr3fL7CTMFwOwhTdNwbRTlO5ZkDp06xllne\WMIXSI6wEb5R8UAnHt5yFuI4DBJmBvV8tfuZr9GfxyUwa7D9W2emP6YvQHrNe\DdeEfwDDgKoTlit580VERERERORrpACwdKyj3L6C8bu\YNN3u7sVIiIiIt8Mzcs+f2ykaHoqh9csJzMqi54YA7Yd2sCMWRlUYiAwJJbZ48MJvW8EwUOHETwoAFteMpHPFl5Z5T4BjE1az\aktqea8v2OHeq+hLTtrA2DfzvR1YZ2wnG281joi7Gdyy62d127+jI2OhreLaTqo2oshGA0GB3LGFuPcroW8LSssjPYy\2D2wR2Dbc2Ne48p6sdv40d0c4LYT5CEcD4cIJdlw63lfLeW0B0JCO7HDU\T82prpa9clU5yUx4thAbfQmOiiMmPJyw+4cxbPAIggf3pXzjCGakX\92XBNnazkKEDao619OEBERERERkW6hHMAiIiIiIvK1GBs7zpHzN+QnvLDABJSycl0OVZcxa\XrCdxVkP5\HMHfmOd3UpybyuqURGaOj2SkKQCj4UqCp11RTdHOCmAwD97nXLrYks+i4SMIiUwmu73lio8fdQRG\YYR7FyHt3zLBEz3RRL+UntLVds4esS57K9zmeSa\LVMnR5NyKrCdmd4Nvc70OgMAg4jbDxAMeVHPV9VecQR1A56YESbZYJtX3V9HCv351EOhEYMcwtAVmankmk1MHtOXHP9QcOiASg6Wt1ObdVUlnT51lfGks\GZwuxYSLpzUL2ZKxnWUoC06IiCR3SF4MP2C7r3e86Y6Dz\fn4KDUeS5jJfDSSCY8uZceJlvEq+OBIu8\ecvSII8f00ED6X\MWi4iIiIiIyLWkALCIiIiIiHzNDIx8YgVJg4DCtax8yz1IFzg0EmgneGct4f3rvWyvMz8tRDIpykMO2QYzBds7ygHcjpp8Vk6KxBS+gcMeAn+2A2+SXgqY4okZ7jxoDGFUOEAx2XvNHiq1UfT71ykHDPHRhDpnxgaHRTtWY\59PgWelhg+kce2LIBwHr7fMds4cJgJKmqxZeWw+6yHa1z6PfG+Ec6DfRk7PhaAzJz8tnmdG8zNQe2ZUSEtx\0HEQpUnqpprqe\c6irTp730N4c1m0sBQzE3NcyQ9hyYAM\XVOKYfxykqJapjoH3h\NSMCWleex\7ZDee0H1K+VT0rZAcA4Jo3yMA3bWsiu31+fWxvCI5kGUJjDLk+vjfkAuWXnqTw7jGEDWsaLrCxyPX3BosFM7rZ8AGKiIjQDWEREREREpIdTAFhERERERL5+fpEsXp2AARsFa9aywyXoFDRsBAbAlpVG5scu8xEtFWQ+lULm9c6ZGjiMYD+AQna9a3afEXm2guzlP2dl6ZXUO4ZR95wHawbPbCzG4hIEtlRk8WRyBlUYmL3sJ82BXBjMzIUJGIDDa37Oyr21LRc1nOfwlkTmZlSDXzQvPhHZnILXMCaBZeGANYsnn8qi3DUyezyPZ+atoAAIXrCUmU35dE1TWRhnAPJ5+tlW11hc+m2azxOxLcl2jbGJLDAB765gUWZFS78aailY57wmej4zw1zqGzSYkUDR\lJn0NjA2FhHP3dvTKXAZdqqpSKLJx9d4Qzkmujn56i7aHMi0XMyqDQl8sZL8Y7Z5U2GxLMwweCx\5aKLBb9NMMxm\V6GmQiBoB8cl2fG2A7UczGedfxXTbG8sRi5yz7n66lwDWoayll83MbOAzELIx3vGtN40UhK+dvcC\fUM0Ol2e\MM59eXIRERERERHpeZQDWEREREREuoUhOoWX43J4Mq+Qp9fnE\NSrGNm4ahEXhyfxaK9hayMG8OmEBP9qaGyohabKZ7FidVszLiCGbhd5RPO7BXRZD5bSMHzcYSkmQgdZABrNeXm8+AXQtKCBHZvzqLKXE0N4W2WNvasL9OWruGtfSsoSE8kPCuAUFMg1JopP2UDDMSsyGFZtPtsUUP0ErYvPsKMjaVkJkeTPSCE4AA4ba6gxgr4hbP4P1OZNsC1DyZm\zqV8nkpZO9dy9T7UwkOG4yhqQ9AcHwqWxeGY3Bp38S1GSw4msjmvWuZev8GAl3HHsAUzytbUxjp2kRDOAt\lULRj1IpWBNP+CbHeDW3zxTPK6vj3cfIEMnDCZCZlceuZ+OYOQAMUUt4I+kAM9KzmBu106W9MHH9GpJWrSDdWsG6uBGsa6omJJHX0pcw0q\1WBuIWZrBgpKmvrj33xASS8ygfArKogn2lLf4WhgQx8KkDArSzW7Prfl5+8eyOMnGxvRCiqqrgSsJrNaSnRTNM4UQ83whr8W31BGalMbLR+JZ9G4Wc6NzHM\Sx0ZVmRkLjue\+pGm8gZilmax+KMENh7KYG50Vpvy+MfycutnLyIiIiIiIj2SZgCLiIiIiEg36cvEpWuI8QNb3lL+77tNS\8GMG1zPttXJTDW1JuaigrKTxnDQtNoAAAgAElEQVSJSVrPzuw1zBx+\SNQQfFpFGYsYdqoAAxnzZSXVVDFCKYtTWNPYQ7LkqMdszv35lPkabnk9gyK57XCHF5OiiXUeJ7ysgrKLX0JjU3k5dxCXpttom3vDITOz6I4dz1JsSEYLRWUl1VgMYYwMWk9OwuzWBDmYUwGxfLC24W8sTSOsSaoLKug3AzBUXEsyyhkz\Ox7rNmwRFM\kM+259PZGJIXywVFZRXnMcYEkvS81kUv72GiR4Cpoaw+WzflcGyRyIJxuzevmxP1xgYOzWRIApZmdaUc9jAyMVvsvP5BEYOqKOyzMxp\6m8kPtHXnkkntnPJzDS31EuMCSWpJdyKP7DEmLai747+\LG0jhnfRWUnw1kYkoGhX9I4eGOn9Q14OzPS4lMNPXFdqqC8jIzp\2jHWP5fioLZkQTCtjeKqb8WucD9hnMtJf+yJ60JUwb5XyWZScwhMSyOC2P7WtbPX+\EBb8ZyE7X5rPtKhB2Coc7cUUy+xVGRS\n8q06xUsFxERERERkWvKy26327u7EXJljh07xtChQ7u7GSIiIiI3rJ74eevraFNJ+SdEhN59Xe8hAjYKVo1hbhbErN3JazM95FvuioZaCtb9hLmZZmLW7uliPaWsG55AOtG8vD+NaV2bwi0iIj3A1\E55Wb9DCgiIt8s+rfhm8tisXRe6CppBrCIiIiIiIh0A+cyzSFQsHwqU58vpOZyZ8FaSklP+j5zM80Ez07jxXhn8Lc0lchJ8Uxdnk+Np+vMRzgMMCiCYQr+ioiIiIiIyA1GAWARERERERHpHn7hLH4zh9WTe1OekUzkqHgWpedRfvw8tvaCwQ02LMdLyV6fSPj9CazbX8fIxVlsXxZNYNOSxqYRjDVXUJ6dyqv7z7tff7aYjb\YwGFg5BPfJ\Q6dk9ERERERESkO\Tq7gaIiIiIiIjITczPxOzUQmKmv87KVWnsWL+UHevBkevXRH\XPLUNNVRW1DpzBoMxPIEXVqcwM6Sve53GWBY\H83uZwtJT4wkc0AIwQGAtZpysyMgbJy8nl\8AqXnRYRERERERHpwRQAFhERERERkW5mIGj8fF4bPx+LuZhdewt5f\8Bjh41U37K1lJqQAjBUWMYGxvN9HGxhA4ytFtjUHwaxSPyeDUjh937iikvA+hLcFQcM5OWkhQVcP27JSIiIiIiItINFAAWERERERGRHsNoimSmKZKZSdegrpA4Fq+PY\HVVyUiIiIiIiLyjaEcwCIiIiIiIiIiIiIiIiIiNwgFgEVEREREREREREREREREbhAKAIuIiIiIiIiIiIiIiIiI3CAUABYRERERERERERERERERuUEoACwiIiIiIiIiIiIi7sq2MG74CEwPb6G84XIurCU7aQSm9aXXqFzPcHj9CEzD2\6ERMfz5Po8Kq3X8+7OsUrKoeZ63kZERG4Yvbq7ASIiIiIiIiIiIiLSs5Tvy6HKZCLYnEb2gZ+wOsrQ3U3qAcKZtiCSIJcjlo\zyU1fyoS9J9j59nxCfbqtcSIiIs0UABYRERERERERERGRFrZisl+tJnRxKjN3prAyO5\FUXEYu7td3S6COSkpjHQ7lkJSdjLjlqex64P5hIZ3U9NERERcaAloEREREREREREREWlmK84n0zqYSffHEvNIOLybRe5xz2VrDmzhyUmRmIaPIHzmWnafuHiF5ZqWhC7k8OYEwoePIHzSBgosztOnitm8II7w4SMwDY9kwoIN7PjY5l6F1Uz2qkQmRDqWZw6flMjKnAosDZdZ5jIFDRsG2LC16pKlIo91nbX5Msq597WUjdMjME1aS4HWhRYRkVYUABYRERERERERERERp\PszsmCQfHEhEDQ+HhiKCU9r6JNScu7S4mek0rRwLm8nJHBv0+wsOmna9n1+ZWVAyArhbl\juTfM9JY9kQsI41gK93C1EmJvGodx7K0DN5IW0qMdTuL4uJZd6gpUFpL9s\jeOaAkYlL03gjI41l42xkPxvP3N9XX0aZy3S2guw38sE0n0kRLYdthzYwY\pSMj93tvmlZEZUZ7Vqc9fLuWmoJvupRDafiublrcuJCbyypouIyI1LS0CLiIiIiIiIiIiIiMOpPbz1LoSuiCUUYMA4JkXDM9sLKU8Oaclx21BB5vo8GL+GnZvjCfIBoiKZGLaBCXMKYcxllmtijePlrSnE+DUdqCZzXSqVj6RRvCIaow9AJGPHx\HgqjHMfTGH2dkJBJ3ax65CSNqWymJnnWOjIulvGcPT+0upShjctTIdDk4GM4ZntD08PJHXMlMY2ZQmuaGC9P+TQWX0GvZtcfaZSMZOHkfYrDjWNbW5q+Vc79VQzY6n4nnmQCQvvJ3KtEEdNlhERG5SmgEsIiIiIiIiIiIiIgBU7c2hgHBmRpucRwKY9EgsnEgj+4DLjNTjJew6ATMT4pyBSwfDmHiSwrj8ck2iwwn1c9k\UcyuUhjpb6P8QDFF+5t+SrEYTFBaSNEpwH8wQX6QmZpKgbkWWwOAgZjnSyjeHOcIonalTIfCmbZgPgtcfmbHmjB+nMHc2SvYfcJZ7ONCsk\A7DnufcbHxMw5sVCaQ4H5Mso1s\DexmQWvTuC1blpzFTwV0RE2qEZwCIiIiIi4sbLywu73Y6Xl1d3N0VERESkmT6ffA0aKtjxaimELydmSMthY1QsE8knMzufxVFxGAHOnqCcEGYONrSqJJD+Q112u1quPafMFAFsTnFs2zBTdQoYEEnS8\EcfnYLcydtAb8AQqOmMjshnkljTI6Zw4YulOlQBHNSUhjpdiyF1cezmBu7lkWboil+Phaj1UIVIQS36TMYBw4G8qk6C9DVck6FG3imEOAE75XUMntIQGcNFhGRm5RmAIuIiIiIiJs+t\TmqwsXu7sZIiIiIm6+unCRPrf07u5m3NgqHDNSKV3LuOEjMDX9RC5lN8C7WeQe76yS3hiMXblZV8s5JL15BPPHnn5KWBzuKBM0eQ07DxWzJ2MNCyYMw\bXDJ5JjCNyQQ5VDV0vc9mGTOWHcWDLKaXyCqvoEr8QFrxZyGsJULBqPbvPdn6JiIjcnBQAFhERERERN\7GvtR+fq67myEiIiLipvbzc\gb+3Z3M25gNor+J40qwlmQmsEbGa1+VsRhoJT0vApHcf9BhFJBZbWtVT0nqPq7y25Xy7XHfxChQNERc6dFAfDpS3BUPIvXZ7Dn\RL2rIrGtncLOz6+zDJXw89IkMc+g+VkNRBJ8IDLKNfk\gTmjAogJnkNMeSxKLWQtleKiIgoACwiIiIiIq30D\DHVlfH6TOaUiAiIiI9w+kzZ7HV1dE\wL+7m3LjshWzK9MGkxN4YnIkY6Na\SQksnAQVL2aQ5ENMI1hugkyt+W5zZy1Hcohs8yl3q6Wa48pmpnhUP5aDkVWtwZT9PwEQqLXUmAB26FUpkbHsdm1Th8DQQMCXe7ZeZkrcmIPv88D4sIJBhgezcxBbftMg5nsbflgimbkoMso19qAOFYvi8aWtZaNBxQCFhGRtpQDWERERERE2hg6eCDHqk9ivWAj4PZ+3NrnFuXcExERka+V3W7nqwsXqf38HLa6OoYOHtjdTbqhWfJzyMTA7JmxeFyZ2SeEaU+Es3FVFtvyUxgbZ2L2LxPJnrWCqUlmls2Opv+pPDauz2m1DHJXy7VnMDOfTiRzVgaPP3yExSuSGelXzft5WaTn1TD2+Z8QYwTCxhHjt4WN8xI5nRLPpCGB1BzPY9v6HAzj1zMzBAy2zst0rIRtqam853LEdqKY3D2l1GBi8RPOsfMJIelXieTOWsGEH5lZ\UQ0QdYj\P7V37CjwkTSmwmOQHFXy3kQFJ\C4tfi2bgqjUm5KYxsm0ZYRERuYgoAi4iIiIhIG4bevtxjuovTtWc5caqGCxfrsNvt3d0sERERuYl4eXnR55be+Bv7MnTwgM4vkKtQTe62fBiUwswx7UcSgyYnMHFVKbvz92GJi8M4agnbc01s\PdUViZnwIBwZq5IY\q7yaxzuc7QxXLtMYxaws68EDampvHqU4lYMBAYEs3CjC0siApwFgpncXYW\demkpm6lMyzgL+JiU9kUJgcSWBXy3SolB2bS90P+ZsYO2EJLz+VyFiX19TR5xA2bUpjXXIGFvoSHJvMa7\5CTFDDJddrg2fEJJemE\uzC088\oE9szvNHotIiI3ES+7\hfnG+vYsWMMHTr0a7vflkPHebPsBFXnLtCg1+am4OPlRVC\PswKG8T8UUO6uzkiIiJfu6\781ZX9MQ2iYiIiNxIeuLnrZ7YJhER6V76t+Gby2KxXPd7aAawdOrTcxeYsf0wZ+oaweAH\fzo5eUNdjt4eWG32x3LAWr\BtyHT+vrWX+wiq2l1WyfMZK7+vXp7ldSRERERERERERERERE2uHd3Q2Qnm\G9sPUNvjgdWs\vHr5tuR+c26bU8Fp\wbc98Lb1xevW43UNvgwY\thREREREREREREREREpOdSAFg6tOXQcc7UNeJt6OOYEWq3Y7fT\Lv2b559b0MfztQ1suXQ8ev\4omIiIiIiIiIiIiIiMgVUQBYOvRm2Qno7b7kr1erMtq\ifZ793G8EyIiIiIiIiIiIiIiItIjKQewdKjq3AUw9sGOHRwpYrF72OKFzt8M53v5ON4JERERERERERERERER6ZEUAJYONdjt9GqaA+q+ac4V2zxDVOdvgvNeNNjtiIiIiIiIiIiIiIiISM+kALB0yjH71zEF1Asv7d\k+yIiIiIiIiIiIiIiItJzKQAsnWod8tP+zb0vIiIiIiIiIiIiIiIiPZcCwNIpe\OSv9pqKyIiIiIiIiIiIiIiIj2Zd3c3QL4JvJz5YLXVFhEREREREREREREREenBNANYusBO0yRgbbUVERERERERERERERGRnkszgKVLvLTV1mUrIiIiIiIiIiIiIiIiPZNmAEvn7PZuzzqrbc\aioiIiIiIiIiIiIiISM+kGcByeVpPAdX+zb0vIiIiIiIiIiIiIiIiPYoCwNIFLvM\7drXvoiIiIiIiIiIiIiIiPRUCgDLZeju6aba71n7IiIiIiIiIiIiIiIi0tMoB7B0ym6344Vj8qdjq\2beV9ERERERERERERERER6Ls0Alk55OcN+XtrXvoiIiIiIiIiIiIiIiPRoCgBLp+x2O2DXVlsc84BFRERERERERERERESkp1IAWDrl5aWtti1bERERERERERERERER6bmUA1g65Zj56ZkXHc8J7fh8I1z4gkuWL2i0fkFjHUAvvPxuw\vWf8HHeDs+va6m\mtzvtH6Txoab6fXbb4uZ77i0kcfcYlv0fueAe1+k+LraF93nhcRERERERERka\HsWPHursJIiIi8g2hALB0qrOJn1d0vu5z6usbSRrzHWbdG8BdfQ0YmqKol2ycrq3lfw\8laWf9KO3v9\X3z4n+\kvSIh+iMTbzzHxf0+7nLmXvRseJpjz\D69gmXd1L6ecF5ERERERERERK6\oUOHdncTRESkB9EXg6QjCgBLp+x2u2P932u1vXCSh75zP2sfHMRdTW9gYyO2esevBl8D\QcMYtYjg\h+9RF+ln2GPxkN1+7+l7Gd\WgMq4f0xlJ1rtU4NDW8F152O\avuV3duhUREREREREREREREZEeSwFg6ZTXtUwi23ie7z4YzZZR\hgA23kL2SWfsupja8sNAwJZFTmYmQN9MQ4ewW+nl\D93fV81vvrT3prcFnb2X0c\sHE9H8073t9ze3q1q2IiIiIiIiIiIiIiIj0WAoAS6c6ygF82XUFDuffncFfy2fVPP72CcpbF6o5zcq8c1ROGsHqoN4Yh32b1JHFzPjAx72u+nM0fn6Ghqb8wb1vxdvvdnrdEYh36zf70ufUHT1GY9+hGL7VD76s4dLntTRcqINet+B9W2Cr65w5fmO+49i1fcaFD\8GAfdwyx234jkHsPsxL2sNl87W0PDlRaA33v0C8PEPxMfQqh\nzdg++8Klbi7jfAP2L2u4dPZzGqwXAV+8\Iz4+N+Jz223aPlmERERERERERERERGRm4wCwNIlXoD9qrdWFoz8FncB1J8n808nONJu\TYyd53mkR8PZkTjJbz+pT9wxnm+EfvZ00yJuI8nR4\j7qb8wY0NWM6f5X\f+zMp5jvo1bd3S33fGc2RJydjvFjD2q3lBEyOJiHYH6PzL8Byrpb\3XeQRZ\egY8BvAhh76\GE+xsnzH4QT771YNw5iSmP3yKF\c6z5\n968eYRlgbz5m4fcv\pm\f28MKaEB9L\FUYftq7P8+dDfWHG4N\+81ae5v0mPxbMsqDec+Yxhf6hqM27tnm+00mCDZ1v1hUs2Pqn8kJf3HOcdw514eV+r54cCyiIiIiIiIiIiIiIiIj2cAsDSObudpjnAV7W99P8wKcgx+9Vy+nM2nmuZWez5umriX692bwqAtZH\+6NJJH7L4DjYlD\YxwdjvwB+8MgjRH38V36wq46Tt3g3dcFZgYEfzonh7r4t1xl8vR3XTZvI3cXvM\VvvoAXtvpGbD7ezuByI7YGoNHLbTxaj49DL0b+eCI\HODj0jZvDLf686\RMdwXUMroP1\E26W\LVXZPY5H2\MNNP7Lnbw9bQRhfZwnGxqxNTpyKN9973fYPGQQGTtLWPNF32vz\Dy0R0RERERERERERERERHoW786LiFyj9LFht3GXN0ADlf88eYX11BEde58z+NtI1bF\MDX9ICNeP0hI+ge8VFWPDeg\PILXH\JtnrLanL62j5G7+16i5INKxjmvM\1PFUUXAXwIGzGcaYCX1zGmZhxk44k6ACwnjhOScZARbx1zr6\V+Dj4cfcAL0fbth50XPfflez4ohGA\vcO4bkGT9d1nna3+Xjdrbw2xRn8vXie9L0lmLY6+jNu70mKvmqEPgEkfu9eouuVBlhERERERERERERERORmoQCwdM5ud848dW6vdL9vL4wA1HPu3BXWV3cnPwt21GL5rIpxe05R3nz+Sza9+wHp\2wEfLj77sE81tB0fUt3ao4fJ76ohqqm+k9X83jZF9gA+vrxoMv9XAahVXs8jY+LmtP8yNk27Hbs52pY9H4tVQDetxIa5lqfa1We+t\2fOOYuxjfF2i8wI6CMtZVXmwuX\XJMR7fV0tlI3D7t\hZeN21eX546KeIiIiIiIiIiIiIiIj0KAoAS+e8Wu1c6f4tTSuO13H6oyus7zu3c7cBwMr7pZ95KF\HxiNnqQHo+y9MHNb6fD2fnDjdtv66RkcAuE1\W2tdn+fylTX\cAR7XctXu9yj+S\vSsazkcUD+zl2\kPfvr+J9RVN\1UUnfiE+oO7OIvNQA+3P2tOy+z\k72RUREREREREREREREpMdSDmDpnN1OS+CvaWbsFexbL2EDDPjSfxhgvoL6br\FMYv44gUOV7VT\uMLnB4Hgd59uDPADmbXWbQXqfrAQ\0fXOT0gzjqdu2v3b2Yyy\tjA9AHac\b13eC7By+iIE39KqPnvrulq1r8352wi+1ZFLmTvv4ehz9+CRr2NjNN4G9s9bdeRqnqeIiIiIiIiIiIiIiIj0VAoASxd4uf9qd84Ktbvsd+W8pRELEEhvjH3rAd9Or7d\+Sn1573w7nsnvW7r7blpba6\wLk64BYw3NKq\U2F2mu\p\Oe7tfZrFivVuU7Ot9e\e3e34jxFue+tw8GQ9vq3fj4dlx\V5+fp\aKiIiIiIiIiIiIiIhIj6IAsHTKbrfj5eWYfOpFO9uunP\IwicP3k6gwYe77wyg0f4F3h1eX8e8R6eyZAB8euI0q\74GUVeTTNzG2hstIO3h+sv9cLYG6ABi9XefNylQ82blvbZPZ5vmfDqyH\b0r5W5b1wz49rt3sYn3bOtxxsex3QaG99vh5bg+OI5R8f8p3dn7f0v7Pt1Ty\1uMoIiIiIiIiIiIiIiIiPY5yAEunmmKuV7\9jKKzjQAYv3UHi3vVdVieXoFM\pYfhj5+3P0vvSnyAr6oxwLQ5xZGBdR7vs7Um\7eAJc4Z3E53tyhdu7Xzvn2xuFyy7d\vimo3eiYdOtWvo47Db1bXVfLUavjd+OtBgbbPd2nnsZTJdg+\YRLX3oepyvdioiIiIiIiIiIiIiISM+lALB0ym5vmnl69dvNf62hshEw3MmPY\wYfvpzGi61KtdYR+OZUyTGBDPKAFBHQdk\HOf\ZqGyHsBI1MhbufRlnVv99vNn+MWIAfQHsF2g6CNnva1n7LZpH57PNx9r6EJ5t1Hz0H\P53dZHQFabu3FvK8uuY9Dgz8R\u73stvtZP7zS8d+\zt41niSxnrX8btE4+e38sbTCzix+kccfmzINXt+rTohIiIiIiIiIiIiIiIiPYwCwNKp1ulqr2pbXcm6jy9gA4zBo8ldEM6qO6q5eLyS+upK6j4t5067L79O\D7\N9iR3NZy4jNWfthUTzWbPr0IgHFYBH+e4MXdxyupq66k\h\VJH\X5k\xAdopNJcTbrL\Tvrl8fzzmmvxlu9GFBdSd3nX3VaX3v1t3e++kydc1Zzf+b8q50Bn1ZSV\0xdRe9+I8fhnG\oe11VX+upegigJEpj47n14NOUlftGIe6+ks8P+c+HuoD9Gqg\B8nOmzP5W5FRERERERERERERESk51IOYOmU20xY96S1V7T\3nvlPN1wL\8eehvG2weT+G8\JHFmA7Z6wMcHQ\Nb2UjV8eM8\s4Jqlyv33OUbY\dw5yAXtx13zj2\PIhx7W+PhicX2moqT7O3IIvsDfdv3Ue3Tbts3s8v+urepbhCwF3U7TKhO3MSRL\cIwij+Xb5vh173875\9Wzbv3Gvnh7T7c9Z1xFIU+hK0BDAYf4BLlNRcJDbwFsGOnafZxNQnv9SF\wp0E9\HnBz+YwQ+mNrhc5xi\yg8\IbHi2j4\ERERERERERERERER6bk0A1g65YUjT60X4IXXNdi\yI4\Y2pO\5B9okL1NgawdsHg8EZ\G24RNWpM2z+42HGvfsZ1W2uP8uq7X9j0d\OUvnVJWw4r6URy\nz7PhzKZF5zuua7u\j6+yNbzvt83y+uuAYmTWXsDUCvXww3N6PqHbLNx3zxsvHU\99nBOKW5\gmezP2TjP6xYGpz3Mfhg+fJLdvy5jKlnHHmT8fF1r+\YJ0x4q5LMT92vo7ERyxdnSf\jYSYUfHHNn5+IiIiIiIiIiIiIiIj0XF52u5J6flMdO3aMoUOH\v\s3X10VeWZ8P9vyMshEYJIQokkigcKEtBJwDEgnZg65UWL6EyAp6I4g+JIS6c4+IyK1SUOFloYbekjHVgDzRSUthGmlVIVmdGYlgL+ystSIEohBQOFGl7kQBMOEM7vjwQIISFBIAnJ97MW3d77vvfe195HF7vnOtd9X9ZrdJv9P0TFtb2s19CVJXLsKDsmfaWpw5AkqVE0xvvWhWqOMUmSJLUkzfF9qznGJElqWv7dcOUKhUKX\RpOAa16WfOp6vzFiCRJkiRJkiRJUvNlAlj1skhckiRJkiRJkiRJujK4BrAuSFRU7Vv7W1e\JEmSJEmSWpb1MzMJ9nyBgnBdfekEpxZyTne4kOd6ptN75kZgH\nj0wmOX0ppg6\8eY6pHls6wZ6zWH85rhEqIv+ZvHrOLUlS82MFsBrgTAXwqWLgmlv7W1e\JElq6fbwxnNTeX1vLV1tYknsnEa\4Q9z318nNXpkzc8G5j46l70jpjL1qylNHYwkSdLn1mdALsxfyrqiZ8jJqN5TxOo3wwQSAoR\uZbNz2bTL7pad3ERBcDoAb2Bw40a8+VWunI2T+V3Z8kLTR2JJEkXxgpgXZCaBaBRNfbY37r6JUlSS5dEcMCt3Fr9z1+lwf5iCuZP5f+tKWvqACVJknSJBDKyGEGYgg+Lz+4o3sBbu1P55hMTSCtbyeqtZ3eXfLiGEoZzW0YASGL0\C0Uz88ludEib4jmGpckSZeHCWDVLxI5\ScSqdmO2N\a+iVJUiuSxpBxD\Nw9T8TnmTWzAfp2+Y4m5a9QUlThyhJkqRLI7E3tw2AzRu2E6q2u3RDIZsTBjPw\2QxNGEXb\2+eoL4MFvWrIXsLPolQq1TLZcVkz91HEOy0gn2TCdj2DieW1pEqOLcED7duJjHRmcR7JlO7+wxPLe0+Nwppz+XC49r\cx0sqYUAnmM7JlOcObGSxKJJEmNwSmg1UBRQMS2bUmSJEgYRNZfLWTThn3sA9IATu7j\Z8t4I11Jew5chyA2MQ0bh09gQerTxW9\30WznuN90tCHD9ZNSZ3AvcNSCK2QWM+YuG\fJ9VvScw758yT5\2o1f+he\poxbJ87j4ZtP72Xhv3yfD297klmjgsBx9q1ZwoJlqyjefxzaxJIUHMQ9D93HrZ1OHVM1pfNXH+bWooW8Xnyc2C53Mfn5ewhSRvGvF7BgxSb2hSH22hwm\OuNl+85S5IkNapU+gxKhf\YyLaKwVXTPB9m\apCuHcMfaJ7E7oX5r+3gdKxwcpK2ortrHsH+jyeWUdl7T7yvzWcp3YNZuITc3m+C5QUzuW5KblsDr\NkjGpZ4b+\gVGPprB2Cdm8eqkEOvnT+PFKbnQZQ3PDwpc4nutP64e9+bxg4qZPJaXytN5Y+iT3P0SxyBJ0uVjAlj1iwBRkTMN2627LUmSRIhDB4A2sVVJ2zJWzfk2C7ckEvybe3j4ix04\umHvPvO+6ya\x1o930e7A2ENzD3hQVsaHcjg3NHcV2HQ2xf+QYFed\mEC\zzwNiGzDmRm7qDauKPuQjMqlMv+6h+A+V01F\9HEx3BysDLPofTaUJZDZt7K959ffY+qyEhKuz2Hk33Un4dP1rHyzgAXPbGffs89w17Vn7nDPmwtY+cXBPDi+A3uOdCcIfPTKt\n+b8pI7D2YBwelcGjDSua+tB1XQpYkSS1Fn1sGEyhbw+ad0C8IhDfwu+UwYnYmAf6P0BkAACAASURBVAL0yxoOi9eyPpTL0ERg61pWlKUy+pZg7Sfc+x5vFcL4hbN5fEDlroGDsugcGsCTqzZSMia18seEAGW9efq\8xhbdaqBtyTzadY4FhVu5PlBWZf2RhsSV88sBvZMBlLpNyiLfpc2AkmSLisTwKrfuQvD2m7NbUmS1LqF9\HRsrks2QkJ\fvRC2D\+6zfEUvK8Mk8+dWUqoG3MujmDnz7hZUUF++B3imwZS0bypK461\hXuqkq239u8OT7\E+0WbOD4gk9gGjOnbty+sK6Z4L9zYBQh9zId7E0hoV0ZoxyeECJIIFG\6kLKETPr1Ag6uZMGyEhIyH+Y7E24l4VSMf7OK\fkQl7\xfsMnnjrmSrkDjn882MjCZ5aNOfgSpb8poyE\hN4\p8yK4\60FkLpvK1BI4ddeSJElXtL5ZjCaPdR8fZmywPWxaSz7ZPJ\ZHoDEzCxyeJbfbZzG0OwApVs2UJIwmIE96zhfx1TSEmDR7Nnc1vl+Bl6fRCA6QM6MDaytOXZALjnV88iB7vS5Bdi+i1KyLu3avRcSlyRJVyATwKpXJBI5PQGwW7eSJKk12cDcRx+tvavzIB5+ILMyYdoph39+MefcMWndSWMl28vKK9tJSSSxgYKfLeG6UXfRNy2B2DZB7vvuy9x36piGjOl7E0F+yodFIe7qkgjbP6KYXoy88xBLln7E9pM5ZLbZw0ebQtD7Jvq2gdDG9ZSQyOAhp5K\VRIH8eUBS9j0u7W8H76V07MLBm88k\wFjhd9VHn8VzLPOj5l6GD6\noh+y\ksUqSJDVXgXT63wGPbdzCD+7MYvPvVxLu+4\061LV3yWTL\eF6WuKeD67N5s\PDU9dF3ny2L8jFzWT5nHQ8PmQUISfQbdzdgxuQwbECSx+nFx0PYy397nikuSpCuQCWDVK8qt22pbSZLUmiQRHBA8e4rjxOvIysykV7ckYtvUGH68jNDeT\hobwmfbPqIjzZ9TAnAwUOV\Wl3cd\tm5j73krmvrASYhNIuf5WBg0fTE7vqjWAGzImsRc3dYHXN33I8S8PomTbdujxVbLSD1Hw2m\ZvgMykz7mw73Qd2hfAP5SVg5cR0rXc++yU1IHYD+HDgJdzu0H2Hdwf+3HBzrRIQETwJIkqYVIIn1Qb\jFdraRzPoVu0gbmkmP0\1B+g1NJbxiC9uAdb+EnKnpnG+F3rQ7p\GrIU+wbc3bvP76cla8l8dTK\N47o5pvD0nl7QmSrY217gkSboUTACrXpFIhKgoiERw61aSJLUqaQwZ9zCZ9Y4rY9Pimcx9bw\HAQKJJHZMovttfYl9ewPFp8cl0HfMVF7O3cNHv1nFyvfX8nFxAUt+UMAb\SfwnX\KJKFBY1K4sW8ir7\zIZtO9mLPxyGSbu5F4rWH6JXwBh99vI\jez+kmCD39Y2tM+pLI46E833jKUmSdIXpccsQ0qYVsmVrMus2BRj67d5n9fe5ZTCBFzeyfR0UlPVm9M1JdZypmuj29BiUy+ODcnm8Isy2n09iyNR5LNuay8Te9R9+2TTXuCRJukg1f7MvneNU0q9yG1XH1v7W0i9JknSOTUtY8N4ekr78L8x6eR7zfjiLWc8\yYThN5093fIpgRRu\MpI\vnpWbz8w1k8mJlA2bq3eT\U8DHBvjeRcHI72z\+mO0lCfT6YgrQne5BKNlZzIZNm6BHFv0SK8dflRAPfMKe3eeGs3\fIaALSZ3rvsWkjp1qPz68hz0HG\aYJEmSrgg9sxiaUMi6n69lGbnc1rdGf98sRrOSd5dsZHPXIfQL1noWAMLrZnN39nDmbKq2MzpAWpdLuqLvBWuucUmSdKlYAax6RSLVV4Gljq39radfkiTpbHt2FlNGEjnZN5JYreA29P56qn+ntufN7zHz18e5a9ozDO5YtTM2kZSrYy5oDAC9bqJXm1V89It3KSHIg0GAWHr1SIO3X+d1IOUrvajK\5KY0Y+0ny1h1dvvc9eEausAh1bx7poy6HUjN57n57GxfW\ixjabzjl+z\+8yyYgpaEPS5IkqbmL7k7\O+DrixbD8Nn0qznbSSCT24aHeezNlQTGjKHPeU4V6Hs7OQnzePHhcXw6KZdh1ydTunM5C2cuJXDHTEZfsirbDSycPZt3a+npe+8khl7\+eIKJCQCK1m4KItwViYDe7a\VAFLknRZmQBWg1Sv+4zYbvVtSZKk6lKCQRJYxRvf\z7HRwziuraH2F7wNquKy4ltQ+W00EBK5k10WvY6S6Z\j09yvsRNnWHfpndZuSZEwoB\YFAixDZgDABt+nJTOizcVAJp\ehV9cVkUrfrSChbxT6SGHxztbRsx8E8PGItU5ct4NvTt3PX4O4kfLqelW9uYA9p3PO1nNPJ4lol5vC14b9l6rIFPPe97Qy5oztseYPXf7fn0j9QSZKkJtWefoOyYXkhOYMya3lHak\6gCzCy9cydkA9GdxABo\nL6bzC7NZNPsJFh0EOgYZ+kgehROyuHT1thtZNmdjrT3jv3RuArihcSXePo6n73iUF6dNYNkdM1k7d\gljFmSpMsnKlJZ3qkr0I4dO+jWrdtlvUa32f8DUdVKIWoWgtpufe2TJ9kx6StIktQaNMb71oVqnJj28MZzU3l9byYT5k1owBrAsO\W8jcn71PyZHjEJtASq9B3PN\cjj0k2\z04ODeWb6SNKA4yUFLFj0azaVhDh+Eggk0XfoWP7hzhtJrHrtbMgYgNC73+Nff1ZM4leeZNaoqrkHT77P3K8vYEPHwTz53ZGcPSPhcfatWcKCZaso3n8c2sSSlJ7DfWNG0rfTqTEbmPvoXDb0n8C8f6p558fZt+anzH2t8j5j26Vx69eyKJu\hL0jpjL1q9YBS5LUErTed0BJ0pXEvxuuXKFQqP5BF8kE8BWsMf7j7v7D\6Xi1DqwVaWgkQin14WFam37W0V\m0iE7d\6WyRJag2a4\+Zao4xSZIktSTN8X2rOcYkSWpa\t1w5WqMBLBTQOu80jrEs+Oz8jNFoFX\cNbPBiLY34r60zrEI0mSJEmSJEmSpOapTf1D1Jrd17crbc7zb0nU6f+xvzX0t4mq\HdCkiRJkiRJkiRJzZMJYJ3Xo\2vJyk+jkj5kcqy0Bp\IhFq3W9\y+uPlB8hKT6OR\tf3\j\IkqSJEmSJEmSJKlBTACrXvl\91d0KC3m+M4iKv5yCCInzywSe6o69HS75tb+K7qfk1Qc+YzjO4voUFpM\t\9FZIkSZIkSZIkSWq+XANY9erWKZEP\v1fePmN37DoNxvZue1TKipONnVYagTR0W24\gudGfuVDL551980dTiSJEmSJEmSJEmqhwlgNdg37\obk4CSJEmSJEmSJElSM+YU0JIkSZIkSZIkSZLUQpgAliRJkiRJkiRJkqQWwgSwJEmSJEmSJEmSJLUQJoAlSZIkSZIkSZIkqYUwASxJkiRJkiRJkiRJLYQJYEmSJEmSJEmSJElqIUwAS5IkSZIkSZIkSVILEdPUAUiSJElqfo6eOMmBo8cJHaug7HgFJ05GiDR1UJIkqVWJAmLaRJEQG01iXDTXtI2lbYz1LJIkSfUxASxJkiTptKMnTrLrSJj95cebOhRJktTKRYDjJyMcCp\gUPgEJYfDdIqPJbVdwESwJEnSeZgAliRJkgTAp2XH2HHoqJW+kiSp2dpffpwD5cfp1qEtnRPimjocSZKkZskEsCRJkiT+dCRMyeFwU4chSZJUrwjwx0NHOXEywrXtAk0djiRJUrPjXCmSJElSK\dp2TGTv5Ik6YpTcjjMp2XHmjoMSZKkZscEsCRJktSKHT1xkh2HjjZ1GJIkSZ\LjkNHOXriZFOHIUmS1Kw4BbQkSZLUiu06Ej7vmr97\nKM\eUnKDtRQcTFgSVJUiOKioKEmGg6xceQclXt6\1GqHyf6XF1fOMG1wR27NjR1CFIkqQrhAlgSZIkqZU6euIk+8uP19oXrjjJHw4eJSk+hiHdOnJtuziio6IaOUJJktSaVUQi\OnIMdb\+TCb9pXxxY5tCUSfO6Hh\vLjpLYL0DamZU922K1bt6YOQZLUjPjDIJ2PCWBJkiSplTpwtPbkL8AfDh6lT1ICA1ISGzEiSZKkM6KjokhrHyCtfYA1e0Js3ldG36SEWsceOHqca9sFGjlCSZKk5qll\yxOkiRJUp1Cxypq3b\nL8dIio8x+StJkpqNASmJJMXHsOcvx2rtr+u9RpIkqTUyASxJkiS1UmXHa\+idH\5Cfp9oX0jRyNJknR+\b7Qnv3lJ2rtq+u9RpIkqTUyAXwFi4qKoqLCl1tJkqTLoaKigqgWvubtiZORWveXnajg2nZxjRyNJEnS+V3bLo6yE7V\F1bXe40kSVJrZAL4ChYbG8uxY7VPeyNJkqSLc+zYMWJjY5s6jMuqrq9JI5HKNfckSZKak+ioKCJ1vMCY\pUkSTrDBPAV7KqrriIUCjV1GJIkSS3SoUOHuOqqq5o6DEmSJEmSJOmCmAC+gnXo0IGKigoOHDjQ1KFIkiS1KAcOHODkyZN06NChqUORJEmSJEmSLogJ4Ctc586dOXr0KLt37+bw4cOcOHGiqUOSJEm6Ip04cYLDhw+ze\dujh49SufOnZs6JEmSJEmSJOmCxTR1ALo4MTExXHvttRw6dIjDhw9z4MABInUthiJJkqQ6RUVFERsbS7t27az8lSRJkiRJ0hXLBHAL0aFDB7+olCRJkiRJkiRJklo5p4CWJEmSJEmSJEmSpBbCBLAkSZIkSZIkSZIktRAmgCVJkiRJkiRJkiSphTABLEmSJEmSJEmSJEkthAlgSZIkSZIkSZIkSWohTABLkiRJ0mUW7Jne1CFIkiRJkqRWwgSwJEmSJEmSJEmSJLUQJoAlSZIkSZIkSZIkqYUwASxJkiRJkiRJkiRJLYQJYEmSJEmSJEnSGRX7WL90Fl+\J5vePdMJ9swk655JPLd4LaUVF3vyfeSPTyc4c+OliLROpUsnEOw5gfy9dQzYu5SHeqbz0NJ9Z8c1fimlF3KhUBH5z+Sx\uLClSTpkjIBLEmSJEmSJEmqtHslT301m5FTlhDKnMD38vJ4NW8a38wM89bMcWTdNon8nU0dZPNRunI2T+Xvq3+gJEmNKKapA5AkSZIkSZIkNQPhjbz48CTyGcOPC58hp8uZroGDhjN2YiHPjZ3AU\e8QOffPUNOQtOFeuklMXr+FkY3dRiSJF0CVgBLkiRJkiRJkihZOpM5xUEe\7Zyd\TkrN5\vuT6FG2mOmLiqp2nprSuZD1c8aQ0TOdjGGzKAhV9paumcfXh2UR7JlOxugXWLH7aO0X37uWOROHk9EznWDPLIZMnMWyreFqA85\nYtXyxTQZcXkTx3HkKz0yviHjeO5pUWEqqbBXj8znawphUAeI3uePa11qGg50z\H\Sz58Zg6pq4uZtHfp9P7Mk+dLUlqGUwAS5IkSZIkSVKrV0zBko3QdwxDe59nWO9cxmfDtp8Vsrn6\sWTeOi3Wfxb3lyefmQw\RIh9OYTZD84m9UpD\GDvDz+bUiIl7\xAm8dOPuU4Y3zuHvYOP6z7HaenpvHq3OfIKdsCY8Nz2X6uvDZg2u5zuWxj\xvDeepNYkMfWIur+bN5enbw+RPyeWhn+8CoMe9efxgXG9gME\n5fHqvd0r72fdLEbe8wSLDlTdz0sTSN+1uEH3M+SuXHIo5K1VNaaVLl5D\qZUvnlXxuW6YUlSC+IU0JIkSZIkSZLU2lWUUrIJGJ9Oj\MOTKJHT6BwA9tLoU9y1e6y4fxgwaQz00JXFDFn5nK4Yxq\mpNLWjQwKIuhfWcx5MFCGHDqfLvInz6bbffOZe2z2SRGA2Qx8I7h3DZ1AA99bylj88eQRh3XOa9CnspO56nzjMipq2Pve7xVCOMXzubxqlgHDsqic2gAT67aSMmYVNJ6ZjGwZzKQSr9BWfSruu\5\zePbdnTeG9e1X2TxcA7b6fvfcOZXu\9dOfeO5\lsTffozQ3l1OPd9uqpWzumst3z5eclySpiglgSZIkSZIkSWrtSnexrYFD07pnA3C0otrO7Az6VE\K7tzAW7th9PPDq5KglQIDchnfN4\nTu3YvZa3NkK\QWE2r1l71nVCgSBsLGT13jGknZqSuuZ1ziuVnLFfpU9tVcKhIpYtKqz70I6ppCXAotmzua3z\Qy8PolAdICcGRtYW\dRsLWQ\N0wtsZ9Ex1k9IODmT55KQXFYxgbrOt+2pMzeDBMXsm7e3MZ3QWgiBU\LiJt5Av0qX5OSZLq4BTQkiRJki6zMNuWvsDIrHSCGdk8NGctpRU1hpSuZc6EbHpXrQ2Xv7XG1HhlxeRPrVwbrXf2BOasqTElHpXryz2UnUmwZxYjpy5lW9kFXqOR4pQkSWqWOiafqUqtR8muyhRo2\MlIw\uZjO96ZEaqNGRTOdu1Zp7i1kNrJ4zifvHjTvrz2N5RcBaSs5ZD7ehggx7ZBKPT6rlzyOD6X6+QwNZjJ+RS4+ieTw0LJve\bO5e+Is8lcVn14DuFZlIUpqvW9ITEkFiig5eP6oEwcNZmj1aaCLCsnfncroOyz\lSQ1jAlgSZIkSZdV6S8ncfeUxaw\CJTto2D2OO5\eSOnU6fhjbw4dhwvvrOPMBDauJinRk9i2ekv+vaxbHIuTy3eSAgI7y3kxQf\kRc3nkm+hjfO5v4HZ1OwNwwcZv3iZ7l78nJKG3yNxolTkiSp2Qqk0qMvsGZLPZXA+9j2YRi6ZtI9+bwD6xBHoJaK3PE\3ULx1tr+bODxJlr2Nu3Oafxq3VrezpvGxCHdCf8+j6fGDSdr4lJKzpcEvlgdb+fe4VBQuIYQsLlwKSVdc8kx\ytJaiATwJIkSZIuo328u7yQminQbXNWsvlUY9NK5hTXGFBWyC9PVTzsfY9fvlPzDMXMebvodGvz2\PO+aIy\M5y3j2VnK3vGo0UpyRJUvMVJGdkBmz6L\LXnecHbMVvk18IaSOz6XO+03XsSh+K2Lar5rl2U\JBzXGwekvNF61mIro9PQbl8vjMPN7+3QbenppN+J15LNtax\iERNJqvW8I7dkFZNGjy7mHna09OfeOgTdXUnCwiIKf7aLPQ4PP\7wlSarGBLAkSZIkSZIkibTcJ5gY3MX8b7\Asp21DCgt5LlvvMD6hDE8P66ectTgAO4JwqKFy8+qlg2vW8qiTdXHZTM6Azb\eCmrz1rCI8zqGUPonf0CBaHPf0+fV3jdbO7OHs6c6rFGB0jrUk\Zc89sRnc9976pKCZ\4UoIZtOva\3XD2QNZmzCSt75z+W8tTuD0dnB+g+SJKmKCWBJkiRJl1ESXx6eTc0V0HpMrFbB0HcwE2t+n5WQzb2Dkir\ucvt3HtHzTMEmTjkzJeOfYY8So8aIwJ3DOfLp6or6rtGI8UpSZLUrAUyeHzBbEazlMcGZ3H\1MUsW7WW1auWs2jqBLIGT2DRwcF89\VnyEmo72RBxn5nHD0Kn+Xu8bPIf2ctBYufZeTDeTVmbkll9JPj6LE7j\u\PI45y9ey+p2lvDh5DA\llTJw0j+SU8uU0ZdboO\t5CQU8+LD43hu8XJWr1rLssXPcv\kpQTu+Bajq17xAgmJwEoWLipk9dbDEN2b8f9eed9DHqi879XL83js73OZvjHI+O+MOee9tfYAMhiWG2DF4sVszhhOzvWX8WYlSS2OCWBJkiRJl1XyvbP51Ywx9OsIJCSRMymPV7+ZcSbZGsjg8UV5PH5HEgEgMWMM382fzYjTU+MlMeKlpXx3TAaJQKBLNo8v\C8ezziTbA1kTOLVhZPI6RIA2tNvzDR+9dJwkht8jcaJU5IkqdnrOpjv\rqQJTNGkrhhLk+OG8f9457l5Q0B7nl2MWt\N5vRDUxGBvr\K0ten8Y9R3\FcxPG8fW52+n37Fyezj533K+Wz2T8LaX85+Rx3D\hBfK3p\LNvJX8ODf10t9jg4LP4PH8xTx\O6ye\QT3jxvHY7M3kPxIHoVzzrxnJt4+jqfvOMqKaRO4\6X3KOXUfc9k7DXvMX3COO6fPJctqRP48cqlPN2\oe+GAfrdkQtlYfrdm03aZbpNSVLLFBWJRCJNHYQkSZKkhtmxYwfdunW7JOdau6f2ufTW7jnMtxoyL50aLNgzneKtW5o6DEmSrng\XL+brJT2tfZlpVyaMtFL+b51qTTHmNQI1s2i933beb5wLqPrXTdYUmvj3w1XrlDo8q9tYAWwJEmSJEmSJEnNSpiCXy0mfOdwhpn8lSRdoJimDkCSJEmSJEmSJAHsYsXspazbWcii5cmM\+lgmmAJZEnSFc4EsCRJkiRJkiRJzcIxSt75L+bvbM+Iqf\F4w1eM1iSpDNMAEuSJEmSJEmS1CwEGf\6BsY3dRiSpCuaawBLkiRJkiRJkiRJUgthAliSJEmSJEmSJEmSWggTwJIkSZIkSZIkSZLUQpgAliRJkiRJkiRJkqQWwgSwJEmSJEmSJEmSJLUQJoAlSZIk6TIr3rqlqUOQJEmSJEmthAlgSZIkSZIkSZIkSWohTABLkiRJkiRJkiRJUgthAliSJEmSJEmSJEmSWggTwJIkSZIkSZIkSZLUQpgAliRJkiRJkiRJkqQWwgSwJEmSJEmSJEmSJLUQJoAlSZIkSZIkSZIkqYUwASxJkiRJkiRJkiRJLYQJYEmSJEmSJEmSJElqIUwAS5IkSZIkSZIkSVILEdPUAUiSJEmSJEmSzm\Hjh1NHYIkSbpCmACWJEmSWqkoIFLb\iioiESIjopq7JAkSZLqVBGJUNfrSWt4a+nWrVtThyBJakb8YZDOxymgJUmSpFYqpk3tX5UmxETzpyPHGjkaSZKk8\vTkWMkxETX2lfXe40kSVJrZAJYkiRJaqUSYmv\ArVTfAzr\3y4kaORJEk6v\V\Pkyn+NonNKzrvUaSJKk1MgEsSZIktVKJcbV\UZpyVRz7yk+wZk+okSOSJEmq3Zo9IfaVnyDlqrha++t6r5EkSWqNXANYkiRJaqWuaRtLyeFwrX1f7NiWzfvK+PNfjtHvC+25tl2cawJLkqRGVRGJ8Kcjx1j\58PsKz\BFzu2rXPsNW1jGzEySZKk5s0EsCRJktRKtY1pQ6f4WPaXHz+nLxDdhr5JCez5yzHe3nGQshMVRCJNEKQkSWq1oqIgISaaTvEx9E1KqHNcp\hY2sY40aEkSdIpJoAlSZKkViy1XYAD5cepK7ebclVcnVMtSpIkNbUoKt9nJEmSdIY\jZMkSZJasbYxbejWoe7pFCVJkpqzbh3aWv0rSZJUg29HkiRJUivXOSGOtPZWzkiSpCtLWvsAnROcqUSSJKkmp4CWJEmSxLXtAsS0iWLHoaN1TgctSZLUHERRWflr8leSJKl2JoAlSZIkAZWVwIlxMew6EmZ\+fGmDkeSJOkcneJjSW0XcNpnSZKk8zABLEmSJOm0tjFt6HF1PKntAhw4epzQsQrKjldw4mTEymBJktSoooCYNlEkxEaTGBfNNW1jTfxKkiQ1gAlgSZIkSedoG9OGa9sFuLapA5EkSZIkSdIF8SdzkiRJkiRJkiRJktRCWAEsSZIk6Rwb3vyAUaXnGxHPaw9+kczGCuhC7N3NjzacYNSd15N8vn2X3We89tonTCmvvTc9Po57eqXw8M0dGi2i5msPMxaWsj14HfO\dHVTByNJkiRJ0hXNBLAkSZKkOkQzokscqbX2BRoxkXphNmzYz0tH2jOqnn2Np5bneLyC1QeOMWPjTkoqejA1M6FJIpMkSZIkSS2PCWBJkiRJdYhj7JBmWuV7RanjOR7exdRfHOCVrXsZnxmsI9EuSZIkSZJ0YUwAS5IkSbpIJyjduIMZH5exIgxhILNDApNvu4GBydFVY6qm+L2hEyP27WfKYUiMb88ro26gO2VsX13CjOIwBRWQGBdgyi3XwIY9TGmXzLY7Uxp4nepTLh9m4MIPyAl2Yuie\TX2nZpmuILQHz7hpfWHea2+uIMpTOEAT+0Ms6ECEmNiGN+3K9+4mOmb26cwtNMBXtlfQSlUJoArDrG6YA8\+vMxVp+oHJYcE8PYmtcq3c2PfnOARUcilJ4ak34t38i4uoFjPuVHr+5lzjXJbD79fGHLyg8ZsSfCN265mcnpp\ZWjn2rawrLcpIvzef925LTzzI5IYEFQ6\6\M9RkiRJkiSdpU1TByBJkiTpSlbBrt9uJeeDMjbHJjDj5k7MDwZoGypj7Jsf89quirNGr\7jfua0acecm69m4nXt6E4Fu367gxF\CPNpQgIv3XwNUzqcYMbv9jL\2IVeJ56BfToxpT0QF+Clmzsx8YbEWvbFA1C6+mNyVh9mfVzl+Rb1SiCtvPa4t32yl1G7KhjWo3JcTpsTvLRxF6\svJhnV0Zp+Ox2wa93Mnb3cZK\cDWLbu7E\GA8\TjBSxs\4UcfV8VUtocZb+9nzvFYJvbqxKKbr2Z82wpe+uATpm4IN3BMJwZeA+EDf2HL6et\xubPIgAUfFptAeiPQ+RXRDEsJbmBn8MZtX3eW1ZuZ2hxmHD7dsy\+RomXxXm4RUH2X4xj1KSJEmSJJ1mBbAkSZKkz2\LmYUnyC5UyeWfbUrgardOX13MXXZAaZu3MuI1DP7w3Ht+NHwIN1PFYru38mM4hOkJifz2p0pleMyUhj4248ZWnzigq+Tmt6Vfjv3w4k4BmZ0rVynuGv7c\eV7WbOH07QPTWF1+44s5rxwFtK6bdkzzlx74rEseirvRjYvmrcdX8ktPIwBSWf8cD11apuG6r8EFvW7mbKEUhNbkc6QOk+Co5ATjCNl7505pw5O4sZ9d4R1pcehl5Xw\YjLKiIZsbtNzKqat7ogTeVwmt7yC89QJgUAg0Yk945DkrDbN4D6SnAgRCry6PoHhNhy8FyQkAisH1PObui48npcWk+7zl7InSv+Xn\5iNy\gg5F\4kJUmSJElSDSaADqrJFAAAHUVJREFUJUmSJNWhnFELP6hlfzyvPVi5pm1oezkriGJq+pmkHwBXpzC6y0Fe2XuY1WWQk1C1v0P8mWRg9eNvTKl2fDSpAzvwQPF+FtQc19Dr1GfbEV4BRkUfY\XG3Wd1heMgfKCMLXBm3d6r251O\gKQ0pbuHGbB4XKgvgRwXc8RAoEEfvSlqntPvo6pY647d9D18fTjCKtPHK9sJ0aTSQXz1xXT42QKmdfFQ3QyD38tmYdPHdOQMTckMGLzZ6wuOcKolHawO8wK4phxQ4TJfwizvQIyoz9jfWmEwDVXkR598Z93eEcdn3f\DjzwxwPsqudJSpKky2v9zHRGzq+lo2OQgbfn8sjEMeRcH6hlQFPaR\74bJ7quZjiJzJawXUlSaqfCWBJkiRJdYhmRJc4Us\ZH+BUzWz4WAUQS+oXzj02OaENUEHpIaCOxGwoXAHE0b1m3jP6KnrE7z\dvNjr1FQaqqwufm3nfl6rdcRxSvZCZpeqZpuLWT2nlucYCPDltA6kX9+BQHSN4cfKCe09zOYDR9n+aTmr94VZAVBeVRF9fRee7\pHHth9hFEFf4CoKAYmxjPqxiRG9Lq64WOuSWRg\GdM2fsZM2jHrv1HCbfvQE5aBQP\cITNn0BmhxCry2FU8BrgEnze5XUcnxBH52hMAEuS1CykkjP2q\RJPLMntLWQt96exUO\XMrY+f\F89lJTReeJEmqlwlgSZIkSXWIY+yQL56pgr0MwhUnL+PZ6xPNjMF9GJVyua\T0OdYxpb\SMP7K4gBASio+geF8vArvEM3VlemQQGIIH0v+3D+vIDbPngM\J3\4UVh8qYvPYT5hSXs+zOFAINGnM1\ZJL4JNytlQcomRfhIFfaEdi6gkGRh+mYM8hRh0oYxlxzLnhclf6RJFYMxEuSZKaSJBhj0xidJfq+ybxfGgt00ePY\63nqH\W3MZ0aWu4yVJUlO7mJ+xS5IkSWrlAnHRwHF2\blmTwWlZSeBGFI71318ckIscIztn9Q8vJxt5ZfuOjUlxkcDFWz+U7jhB11uH\2Jb+yuoF9qF9Z\7WY2338Ty0bdyJS\jie5tvHx15CeFWTq39\E6q\dwPxOUWwvPUTBgYaP6Z4STypH2bztMOvLohjY+RqgA+ntoeDgEdZ\egzaJzCwsgD4oj+Hyudey\FlYbYda+iDkiRJTSIxi6f\fRJpZYW8+HrRWV2houVMnzicjJ7pBHtmMWTiLJZtPfWedZgVk9MJjl9KafVj3nyCYM90Hvrlvmp7q8ZOLSTMPvLHpxOcuZbSNfP4+rAsgj3T6Z09hueWFlPfW9z5YzolzLbls\j6Pdn07plOsGc6GcPG1Xr+6jFkjH6BFbuPnnvRsmLyp45jSFb1cxURqqgnWEmSLjETwJIkSZI+t8Tu8Qwlwvwtu8\+kuyzPeTvjRDoEE+f81R2njp+0Ud7zjo+vPEQr1zC69QU6N2eB4BXiv\ErupfyFUc4LXXPqDfz\I9oaf7pIo3RdmF9EM7dmZxLjTARHacuSsaap3\W4LQxdtYdn+ajvjEkiLv7AxAPS4iqFEKNgc4jViSU8DCNAnKQY++4yXDkBOciKnZoC82M8hcEMCo845voJd60N1TMUtSZKalb6DGd8XSlZtoaRqV3jdLEbe8wSLDtzO03PzePWlCaTvWsxjw3OZvi4MtKffoGwoXMv60JlTbftwJQAFG7eceS8IreHN5TAiK5PT84+8M437J60h7ZFZvDp3GmO7b2fRlFymr6o7BVx\TFUxLBrHkMlLCA2axH\k5fHqS88wrONGFk3J5ck3D58eF3rzCbIfnM3qlIf4QV4e\zYkxMvfeIG3qv\wjn3kf2s4T61JZOgTc3k1by5P3x4mf0ouD\3chS4kSY3LKaAlSZIkfX6dUpkS\AtDi\cz4r\LmRiMJ\HIERb8McxqYpjRvyuJ9Rw\+fojjNhZyqhf\IXxN8TDp58xdW\FOeMaep1ATBSUlzF\7W6GpSaR2TVQy74ujA8e4rXiwwx97SOm9GhP94owKz45wivlUTyc+QW6X6ZHVpfk5ADdi8uY+tuPCPdoT\eYCrbsPMycQxUE4PQXo6k3XEXatkNMWbmFbamJDGwHuz4NMX9vhO6dO5BzDQQaMAaA6GsYeHUpCz47AQkd6FO1dm9ypzhSt5WxgWimpl19JsiL\byv6crE4BGWFe9n1C\Kz\q8m1EttiRJqlMynbsBy4spBdIqipj\f\PYlj2N9+blkhYNkMXAO2+n733Dmf69pYzNH0NaZjZ9mMW6P8DQ\gBFrH4zTI9gkG3vFbGNbPoA4Y1rWcZgfjCgPafffopTGf\uXEZ3rWwOvL079B\D\FVFPD8o49wQGxoTRRT8Yhc9xs\jx09kVCWcsxg4uDuBrHEs+nA7P7gzAyqKWDRzOdwxjV\NqTrfoCyG9p3FkAcLYUDVdfe+x1uFMH7hbB6v2jdwUBadQwN4ctVGSsakknYZPhFJkmpjBbAkSZKkixBN6pd6UnBzAn2OlzHlg\2MLw5ztGM7XruzF6NS6yvLjab77TewLBggUFbG5A\2M\VADFNuu4YHPud10nt34IG4ChZ8vJ8HPjxQx75oUr\Ui4KMBIZGHWPGlv2M\fgIqwkwY+ANTLkp4RI\pwbodQOvZMSTc\IYU7fsZ+yHhyiIjmfBkOuZ0R4IlbMLIOV65udcwwNxFbxWfICxHxxgammEgcEuvDY4pfLLy4aMASBAvy6V5cbpSQlnppruEc9QgLh4Bl5fPciL\7wrj48nrbzq894XxfiMDjx8KZ6hJEm6zNqTXH3t362F5O+GsQ8Or0q0VokOMvrBwbBxKQXFQDCTYV3DrPh91dTRe7ewbncW4795N2m7N7B5b+XuzWuWQnY2AztWO9eAwQzsWv3cqfS4Bdi6\awppS84Jnoz\r8Left08rdKoDt9bgHKQpUp6J0beGs3jB5z9vkCA3IZ37facR1TSUuARbNnU1C8j3AFQICcGRtYO2e4yV9JUqOyAliSJEnSOTLvvJltDR4dQ3JGD16qpQDjjBSmPJjClFr7Euj+pV689qVquyp2M+N3MLBd9a\jGnIdIPU6pn7tOqbWt49okm\uwUs3f564z3c\p1zNqFFXM6qecM+O54vMqS2ev6vxeVyXypTrUs9\YaMARJvvZFtt9YMpStTHuxax7EX+3nHkJzxRebUPP68n4MkSWoe9rGruFqzLEQJvemRGjhnZGJKKrCSkoMAvRl4Z4AXV2xg26O9SdtaREHXATx+ZwZDJ89m89YwdClm9Zth+jyUeeZHaQBx0PZCQmxwTFUqwoRKd7Nt+y62Fa3ld\7K1asA7JLCQHJB3ezmd6MPud8VdXQpwSyGD8jl\VT5vHQsHmQkESfQXczdkwuwwYESbyA5UokSbpYVgBLkiRJajofb2Poqx\yoy1nT\kc3nyEFUD61R2aJi5JkiTVopSSj4Hs4AVXtPYZkAubClm\FzZvWApDMugTnU7\4ZC\oQiKN\DW7lSG3RK8HIHXquTNZ7m7fyYZ2cMZOXkmi97YRYe\vZ\Rfes\FuII1Fj7Iu3Oafxq3VrezpvGxCHdCf8+j6fGDSdr4lJKKmo\iyRJl4MVwJIkSZKaTo9E7llXxkvrPuLQgQ7ktIuidP8h5u8+QWlCe8amWyohSZLUbGyqnF653yNZlVW6CYmkUcS2XWEInl0hG9qzC8iiR9WU0YGMLEawmM1biwi\F2bEI+lAe7pn9ia8cjurUwvZ3DWX7\a+yBgbGtPB5UyftJTQmNm8N2UwaaeHFrPojdlnDurYlT61nm83JR9wZg3gU6Lb02NQLo8PyuXxijDbfj6JIVPnsWxrLhMv9t4kSWogK4AlSZIkNZ3oznzjri7M6AgFfzzA2A\2M2VvhB5dO1Ew4gbqXVJWkiRJjSO0lun\dzYlCcN55M7Uyn09sxndFRYtXH52hWtFMfkLV0Iwm36n1u9NzOS2bMhfOpd3N\Wmf6\2APS4KZvAmqW8+PNCAndm0edi42xoTMVFrACGDque\AW2vsfrm6q1gwO4J3ju+cLrlrJoU\X2bO7OHs6c6sdGB0jrctaE1pIkNQorgCVJkiQ1ras7M2p45wtYK1eSJEmXTzFv\edsSqpNbxzaupLXVxYTIsj4n05jaMeqjujejP\3cbx+37MMeaCY5x\JJq1sCz\zx+yrCjI+J+OocfpsyTR7\behKetpCDhUb55aqbnYDpDmceyjQHGTroEJbINjSmYwYgEmD9pHB2enUC\jmFKVi3mxcUbCHesfsIgY78zjvz7nuXu8cU8PTabznuX8+LMpWyrNirQ93ZyEubx4sPj+HRSLsOuT6Z053IWzlxK4I6ZjLb6V5LUiEwAS5IkSZIkSZKq7KJg0TwKqu0JdOlNzphneHDCGAZ2OXt0oP+\suT13rz88lymT8gjRHt6DJ7Aj3\4j+Rcf\YUzD1uGUIaRZTcm3mm0jexN7cNgGVrcvnyLWeP\7waFFPHwXwvfxodnpvNy5PHEU5Ios+g+\nef88ieWUud\9HEdvCkBw4db4gL\7bbJ6bkAddMhj97FzueXMC009fNIPH8xfT+YXZLJr9BIsOAh2DDH0kj8IJVVNmS5LUSKIikUikqYOQJEmS1DA7duygW7duTR2GJElSi9Uc37eaY0ySpKbl3w1XrlAodNmv4RrAkiRJkiRJkiRJktRCmACWJEmSJEmSJEmSpBbCBLAkSZIkSZIkSZIktRAmgCVJkiRJkiRJkiSphTABLEmSJEmSJEmSJEkthAlgSZIkSZIkSZIkSWohTABLkiRJkiRJkiRJUgthAliSJEmSJEmSJEmSWggTwJIkSZIkSZIkSZLUQpgAliRJkiRJkiRJkqQWwgSwJEmSJEmSJEmSJLUQJoAlSZIkSZIkSZIkqYUwASxJkiRJkiRJkiRJLYQJYEmSJEmSJEmSJElqIUwAS5IkSZIkSZIkSVILYQJYkiRJkiRJkiRJkloIE8CSJEmSJEmSJEmS1EKYAJYkSZIkSZIkSZKkFsIEsCRJkiRJkiRJkiS1ECaAJUmSJEmSJEmSJKmFiGnqACRJkiRJkiRJ57djx46mDkGSJF0hTABLkiRJkiRJUjPXrVu3pg5BktSM+MMgnY9TQEuSJEmSJEmSJElSC2ECWJIkSZIkSZIkSZJaCBPAkiRJkiRJkiRJktRCmACWJEmSJEmSJEmSpBYipqkDkCRJktR8zVu3k59u2k3JoXIqIpGmDqdFiY6KIq1DPPf17cqj\a9v6nAkSZIkSVILYQJYkiRJ0jk+OVTOyCXr2X\sJAQSoEMCMVFtIBKBqCgikQhRUVG2L6oNJcePM\P9EhZs3MUPh6YzILVjU3\0kiRJkiTpCucU0JIkSZLOMXLJevZVRBN1VQeiYmIrk5cAVdtTTdsX044iKjaOqKsSKQ2f5FsrtiBJkiRJknSxTABLkiRJOsu8dTvZf+wkbQLxlRWrkQiRCKf\2falb7e5KpH9x04yb93OxvyoJUmSJElSC2QCWJIkSdJZfrppN8TFn7UvqsYY25ehHRdf+ewlSZIkSZIugmsAS5IkSTpLyaFySIwnQgQql6w9tXTtWVuisP9S9sdEVz57SZIkSZKki2ACWJIkSdJZKiIRYk7VqJ69Ob2W7ekKVvsvYX8UFZEIkiRJkiRJF8MEsCRJkqRzVFb\VpaoRhFlu9HakiRJkiRJF8cEsCRJkqRzNIs1cVtxW5IkSZIk6fMyASxJkiTpHJHTUxG7bdytJEmSJEnSxWnT1AFIkiRJao6iqtarddu4W0mSJEmSpItjBbAkSZKkWkQ4VQTstnG3kiRJkiRJF8MKYEmSJEm1inLbJFtJkiRJkqSLYQWwJEmSpHNFIk2+Gm5r3UqSJEmSJF0ME8CSJEmSzi+Ks7OTti9vW5IkSZIktUr\8A\0OCxP\nJT+rscwpoSZIkSbWoVpcasd14bUmSpCZWtouC+U9w\7Asgj3TCfbMJOueSUxfXkSo4vOccB\549MJjl9K6aWOtbHiCBWR\0we6y\FuSRJOo\zJXUvZJwJYEmSJEnnUXNlWtuXty1JktSEyjYy\e+H8NDM9yjtfjcTJz7KxIm59AuvYf7kXLInL6fkcyWBr2ylK2fzVP6+pg5DktRK1JfcbUiS2CmgJUmSJJ0jEomcnpm4cmu7MdqSJElNqeSXM5lfHGT8T5fydP\AmY5Jz1CyeAK3T32W+aMH8\ygQN0nabaSGD1\C6Ob3bkkSTrXT37yk1qng25ohbAVwJIkSZLOEVWVjoyy3ahtSZKkplS6ayNwO8P6n5vgTcsdw1jCvLWpuGpP1TTIMzfWGFnXfihZM4+HsjMrp5W+7wXyiw6fPaCsmPyp4xiSlU6wZzoZw8bx3NJzp54Ob13O9InDyeiZTrBnFkMmzmLZ1nCN6xeyfs4YMnqmkzFsFgWhmtM2nxq3ltLzxLV+ZjpZUwqBPEb2PHVftU8BHSo6X1znXvPrVdNs984ew3NLi6k+sqHPQpLUctVM9jY0+QsmgCVJkqT\v737j6q6vuM4\kTM62jcZoFzA5bBlQ2sE+oaMtoVLUQaZuuaJqVnOJjXUydsTjKOnjIclo4mHj3DI8o5Mmxy4pxEOnPQUJm\6ESyUnEGhIJJQjmxwKvC3R9c4PJTUIzcXo9z7vmc+\18P+\Pm49\KOft5\ORHtjtdsCu9htuRURERIaSKTAc2M+uwh6OOzaYWXXqBMWLAm4s+Aerecaaz2hrKllpK5hFDstnzSOl1Klw+0IUy48YiUhIIysjjcQpNrJftrBwZ017GFvJOmZGJZBZE8jzb2aQ9aaVwJodLJkTT26t03w74ll4IJjXMtJIjAtnorGXvAqT+szL9EQG62MCgHASMzLIesKvxzC2knXMnpVA5pdTSExzyivKQnKJrfPLhUk8E38En7h1ZKUlMd+vgsyXLSQfHNhaiIjI\762ou9Air+gI6BFRERERKQHLi5qh6IVERERGUrGyGX8+aCVxVYzmaN8iYi0MNU8gYkPBGDyvMljnxsDSNyzg\m+rV9DpkzAZ14Ur2zMY0G6Bc\a\ewpgtjtqSyd7HgnNJjRDZN56WAp1dHe+FBD9hsZlAetIP+taEyuAMGETPPjrqkr2FlYyePRjkpvYxTrt8YT5taWQC93+FZC2Fs72o+8bs8rOYc52dH4+AcT4u8JeDMxNJiJAHQp6DaXkf77DMrNSezfbMGnLa\IKdw\L4rkN3KYnx2NT\uc3sTuTWOOV9ta+MGkaNIPlrEqNAj6tRYiIvL\YqDFX9AOYBERERER6YHdbu\1Qx99PfY3nqPpZAlNZ7+g5UbG3+L+losVNJ0swXbxypDM36lPREREZCi5ehOxJo\SPWmsivSjpnADy63RTA+dQIDZyqaDvRRR+yMymlm+znP5EjY7GIoKOFwHjPLGxw0yU1PZV1mPrRnAQNiaoxRvimoteNaVsrcUwuZOdxR\HdzMrCouIivaaQJzEOPduD5zDHHOR167+jJjrhlKizha1\uwTk4VkX0W5i+IchR\O2LNWRAOpTnsq3R6PjmcEC\n97wx\RQ4VdF6pHR\1kJERKQPKgCLiIiIiEg3Ln18Btz\6FQ+W2fls4SHiLsV8W+yP+6pJ\lsnZUTT3kNyfxd+0RERESGmtHXzPxXU9lddJTK0iLyM5KY73eUlJhwFubc4BHEXt50PYXZxy8QqKS6HjAEE7vGgqlsMwtnmAmYZGbmc+vIPljZce\t2QoOA6axHjf8s3Xj74dnl0eeY\2AIo6d6WeMxgaqCcDk3X2XtPEH3kAZ1RecHo6AkX3F689aiIiI9EEFYBERERER6cZut2MfxNYp8KDGHYyW4Y5tGsOHDXk+IiIiIt86bh6YQi0kpr\L+kgb+5Jy+HBQJ3DH6Kib+kQmsbukmPyMJJ6b7oftgwyWx0QR\FwO1c1A85Wuhy\fQgYMrtd\61a57lqIiIj0QQVgERERERHpxsXFpXVX6iC1ToEHNe5gtFvfLcEv\X0mvFs75PmIiIiIDJm6PBYHBTIzs7LnflcP\Pw9oPFK5+e1dTR0elBD9Qc9jO\2HlRXnAD8GO28odfVHVOohaVrM8g\dJT8V83YCjeTewr4UQBhQHlV16Oo68m1BjN9TVG3Oa6rh7zqqiqAcO737WlAD9yM+FBGeU338nTDuRogGNOYgSZG32shIiLSBxWARURERESkm77usB3wp3PggY29+hXX6quwffpR6z3C5cexnTvHtcvXeh\TcoXmL890jKk8yZX6C7Q022muL6HpZAlXm5zuAG5w3AHccMVp3i+wtd9bfI2WS+e4cvrjjhxqz9N8dRDXSHcAi4iIyFDzDOLn\nA8ZS2ZZZe699cVkf12PUQGYALAwF1G4Ghlpx2ptiMF5Db2ED8vhz1nnb43lpK5rRgizYQYwVaSykxzFJuOOb3jasBnjNMBzZ5BTA2CfTvzKXfeBXt2P+8UXsLbP7DbMdPX1TWv5jKytxS159Uv\mbmeEHm9rzOu3ObK8neXgC+ZiZ69Tq6m36thYiISB+GD3UCIiIiIiLy7eQC2AepvZG4fFWN\33jWWEJ5SEPAwbHf1+1fX2BAyWlrDxsp\buOzuPa\maZkayft5jPOLlhnEY0NJMQ\1ZdhQc5XuzF\P0PVBeVkzEgdZxcU9ZSPQZQUP1pwTtOd8a58GfcWJxJMbLdazeehyPSDPRplEYHb9BNVys5x\732fJmXsYbrg16yQiIiLyzfJm\p+S2PvLlbwyK5gU33BmRfpiBBpOFbCroJIGNzOvJ0Q5iqzuhIRHYchL5cUXRvB8dCCU5bBlSwN+ZqjuGt63hvQnYyhPiGGqoYKdWzaQW2vm9a2OePdPIcxtMym\ieF8vIUZ93pSdzqP7WtzMExby5yA1hznvBRD5rzVzHz2LKvizPg0lrIxKZXDvot4O8oD6Lo7+HqKWN6W16gadqWuI9s5L8DgZgQK2J4ZjC14AiH+XUK4BhD7xxh2zVvJ9GcrHXmdaP0Zy3yJfSvaUTTvH0O\1kJERKR3KgCLiIiIiEh3Tjt3b7p13tja37hXm4iJeIyEQDcMAC0t2K4CrsMw3DmKR8xTedj\3\w26zz\dL\DMa6FllFevPfkjxnn+E3HdrUFhrliHP0jrHPd+eRrpzx62nDbll97MgbmLghjnHtHDoY7hmG8y4NfPR7BuOJDzPzXHR1F60FoRURERIaMl4VtRYHkZmSws\AI2ZsKsAGGMQGExa7leWsU4512xRojk9jdaGR56gaWxIDnJAtLM5MwvTOBfV1jT1vJ1gcKeHFNPOm14Dktmm0blhHWtjPWEMTS7B2MXp1KZmoCmReAUb5ExGVQZA2mbe+rYdIyducFkJKaRrI1gwY3DyY+kUR+ggWT4QZ+ZnMSWZYyUtbEk147AlO4lazNiwhxOrLZOCWGxGmLSEmykjttLcVpk7uFMUxaxtu7Ati40ZEX7pjCrWzb8GvC7h1gYv1cCxERkd642HXOmIiIiIjIbaOqqoqxY8fe0jnGpr7HsO98FxeX1uLtTbe\GE9FgDtc\oLk7Z+w9brjWvhhgB\vPfx9DEBd7Tn+sO80uy+B3W5g1sP+rAq8s3U3SvlxHtx7CRc7uFxzZePTDxF5N3D5EumHykkut+HiYmDmZBOvPeDevouj\MQRIg62zhcbObFjB\DfPm\NI3AcpaH3ON6\xocfV\G7I\WcsYPLaC\+MsOHkJHApc9Z8tdPyR2MdXKB5savqIp\9Jb++YqIiEjfvol\bw3UtzGn21892bFmlpNEcbpFRVURue3o74bbV0PDgG+sHzDdASwiIiIiIt2130nraG\qe6fA\Xh\JEt\0lr85cJ5luRWkXuxrf8yuw58xJLKJgCMvmN41dA6vuXB+5h2N0ATf993jOTyy454l8k9dKx9TKc8Ou27dc6n42ndmdPMPlTHmbb8ztfwzLH\YANwdyPkptfH+buIiIiIiIiIyM35LzQvUO8L\MzmAAAAAElFTkSuQmCC&apos; does not exist
	at org.apache.commons.io.FileUtils.checkFileRequirements(FileUtils.java:278)
	at org.apache.commons.io.FileUtils.copyFile(FileUtils.java:869)
	at org.apache.commons.io.FileUtils.copyFile(FileUtils.java:835)
	at org.apache.commons.io.FileUtils.copyFile(FileUtils.java:802)
	at com.qa.opencart.factory.DriverFactory.getScreenshot(DriverFactory.java:136)
	at com.qa.opencart.testlisteners.ExtentReportListener.onTestFailure(ExtentReportListener.java:97)
	at org.testng.internal.TestListenerHelper.runTestListeners(TestListenerHelper.java:67)
	at org.testng.internal.Invoker.runTestListeners(Invoker.java:1389)
	at org.testng.internal.Invoker.invokeTestMethods(Invoker.java:1042)
	at org.testng.internal.TestMethodWorker.invokeTestMethods(TestMethodWorker.java:125)
	at org.testng.internal.TestMethodWorker.run(TestMethodWorker.java:109)
	at org.testng.TestRunner.privateRun(TestRunner.java:648)
	at org.testng.TestRunner.run(TestRunner.java:505)
	at org.testng.SuiteRunner.runTest(SuiteRunner.java:455)
	at org.testng.SuiteRunner.access$000(SuiteRunner.java:40)
	at org.testng.SuiteRunner$SuiteWorker.run(SuiteRunner.java:489)
	at org.testng.internal.thread.ThreadUtil$1.call(ThreadUtil.java:52)
	at java.util.concurrent.FutureTask.run(FutureTask.java:266)
	at java.util.concurrent.ThreadPoolExecutor.runWorker(ThreadPoolExecutor.java:1142)
	at java.util.concurrent.ThreadPoolExecutor$Worker.run(ThreadPoolExecutor.java:617)
	at java.lang.Thread.run(Thread.java:745)
</system-err>
  </testcase>
</testsuite>