<?xml version="1.0" encoding="UTF-8"?>
<!-- Generated by org.testng.reporters.JUnitReportReporter -->
<testsuite hostname="LAPTOP-FE8I8AGL" failures="0" tests="3" name="com.qa.opencart.tests.LoginPageTest" time="7.933" errors="0" timestamp="2021-09-08T11:42:24 IST" skipped="0">
  <testcase classname="com.qa.opencart.tests.LoginPageTest" name="LoginPageTitleTest" time="0.930"/>
  <system-out/>
  <testcase classname="com.qa.opencart.tests.LoginPageTest" name="LoginTest" time="6.962"/>
  <system-out/>
  <testcase classname="com.qa.opencart.tests.LoginPageTest" name="isForgotPwdLinkExist" time="0.041"/>
  <system-out/>
</testsuite> <!-- com.qa.opencart.tests.LoginPageTest -->
