<?xml version="1.0" encoding="UTF-8"?>
<!-- Generated by org.testng.reporters.JUnitReportReporter -->
<testsuite hostname="LAPTOP-FE8I8AGL" failures="0" tests="8" name="com.qa.opencart.tests.AccountsPageTest" time="24.077" errors="0" timestamp="2021-10-02T20:34:10 IST" skipped="0">
  <testcase classname="com.qa.opencart.tests.AccountsPageTest" name="accountsPageTitleTest" time="0.616"/>
  <system-out/>
  <testcase classname="com.qa.opencart.tests.AccountsPageTest" name="verifyAccountsPageHeaderTest" time="2.657"/>
  <system-out/>
  <testcase classname="com.qa.opencart.tests.AccountsPageTest" name="verifyAccountsPageSectionsTest" time="0.050"/>
  <system-out/>
  <testcase classname="com.qa.opencart.tests.AccountsPageTest" name="verifyAccountsSectionListTest" time="0.139"/>
  <system-out/>
  <testcase classname="com.qa.opencart.tests.AccountsPageTest" name="searchTest" time="4.522"/>
  <system-out/>
  <testcase classname="com.qa.opencart.tests.AccountsPageTest" name="searchTest" time="4.631"/>
  <system-out/>
  <testcase classname="com.qa.opencart.tests.AccountsPageTest" name="searchTest" time="4.305"/>
  <system-out/>
  <testcase classname="com.qa.opencart.tests.AccountsPageTest" name="verifyProductResultsTest" time="7.157"/>
  <system-out/>
</testsuite> <!-- com.qa.opencart.tests.AccountsPageTest -->
