<?xml version="1.0" encoding="UTF-8"?>
<!-- Generated by org.testng.reporters.JUnitReportReporter -->
<testsuite hostname="LAPTOP-FE8I8AGL" failures="0" tests="1" name="com.qa.opencart.tests.RegisterPageTest" time="0.000" errors="0" timestamp="2021-09-08T12:02:11 IST" skipped="1">
  <testcase classname="com.qa.opencart.tests.RegisterPageTest" name="userRegsiterationTest" time="0.000">
    <skipped/>
  </testcase> <!-- userRegsiterationTest -->
  <system-out/>
</testsuite> <!-- com.qa.opencart.tests.RegisterPageTest -->
